[2021-04-01 10:01:44] generateOTP.INFO: test [] []
[2021-04-01 10:01:44] generateOTP.INFO: test [] []
[2021-04-01 10:01:58] generateOTP.INFO: test [] []
[2021-04-01 10:11:17] generateOTP.INFO: test [] []
[2021-04-01 10:16:08] generateOTP.INFO: test [] []
[2021-04-01 10:16:08] generateOTP.INFO: test [] []
[2021-04-01 10:16:31] generateOTP.INFO: test [] []
[2021-04-01 10:16:37] generateOTP.INFO: test [] []
[2021-04-01 10:16:40] generateOTP.INFO: test [] []
[2021-04-01 10:17:07] generateOTP.INFO: test [] []
[2021-04-01 10:17:14] generateOTP.INFO: test [] []
[2021-04-01 10:43:34] generateOTP.INFO: test [] []
[2021-04-01 10:43:34] generateOTP.INFO: test [] []
[2021-04-01 10:45:09] generateOTP.INFO: test [] []
[2021-04-01 10:45:10] generateOTP.INFO: test [] []
[2021-04-01 10:45:10] generateOTP.INFO: test [] []
[2021-04-01 10:45:11] generateOTP.INFO: test [] []
[2021-04-01 10:45:11] generateOTP.INFO: test [] []
[2021-04-01 10:45:12] generateOTP.INFO: test [] []
[2021-04-01 10:45:12] generateOTP.INFO: test [] []
[2021-04-01 10:45:16] generateOTP.INFO: test [] []
[2021-04-01 10:45:16] generateOTP.INFO: test [] []
[2021-04-01 10:45:16] generateOTP.INFO: test [] []
[2021-04-01 10:45:16] generateOTP.INFO: test [] []
[2021-04-01 10:45:32] generateOTP.INFO: test [] []
[2021-04-01 10:45:33] generateOTP.INFO: test [] []
[2021-04-01 10:45:46] generateOTP.INFO: test [] []
[2021-04-01 10:45:47] generateOTP.INFO: test [] []
[2021-04-01 10:47:50] generateOTP.INFO: test [] []
[2021-04-01 10:47:50] generateOTP.INFO: test [] []
[2021-04-01 10:47:50] generateOTP.INFO: test [] []
[2021-04-01 10:47:50] generateOTP.INFO: test [] []
[2021-04-01 10:47:50] generateOTP.INFO: test [] []
[2021-04-01 10:49:07] generateOTP.INFO: test [] []
[2021-04-01 10:49:07] generateOTP.INFO: test [] []
[2021-04-01 10:49:07] generateOTP.INFO: test [] []
[2021-04-01 10:49:07] generateOTP.INFO: test [] []
[2021-04-01 10:49:08] generateOTP.INFO: test [] []
[2021-04-01 10:53:44] generateOTP.INFO: test [] []
[2021-04-01 10:53:45] generateOTP.INFO: test [] []
[2021-04-01 10:53:54] generateOTP.INFO: test [] []
[2021-04-01 10:53:57] generateOTP.INFO: test [] []
[2021-04-01 10:55:46] generateOTP.INFO: test [] []
[2021-04-01 10:55:47] generateOTP.INFO: test [] []
[2021-04-01 10:56:00] generateOTP.INFO: test [] []
[2021-04-01 10:56:00] generateOTP.INFO: test [] []
[2021-04-01 10:56:02] generateOTP.INFO: test [] []
[2021-04-01 10:56:02] generateOTP.INFO: test [] []
[2021-04-01 10:56:05] generateOTP.INFO: test [] []
[2021-04-01 10:56:05] generateOTP.INFO: test [] []
[2021-04-01 10:56:05] generateOTP.INFO: test [] []
[2021-04-01 10:56:05] generateOTP.INFO: test [] []
[2021-04-01 10:56:14] generateOTP.INFO: test [] []
[2021-04-01 10:56:14] generateOTP.INFO: test [] []
[2021-04-01 10:56:30] generateOTP.INFO: test [] []
[2021-04-01 10:56:32] generateOTP.INFO: test [] []
[2021-04-01 10:57:41] generateOTP.INFO: test [] []
[2021-04-01 10:57:41] generateOTP.INFO: test [] []
[2021-04-01 10:57:41] generateOTP.INFO: test [] []
[2021-04-01 10:57:41] generateOTP.INFO: test [] []
[2021-04-01 10:57:41] generateOTP.INFO: test [] []
[2021-04-01 11:04:21] generateOTP.INFO: test [] []
[2021-04-01 11:04:21] generateOTP.INFO: test [] []
[2021-04-01 11:04:32] generateOTP.INFO: test [] []
[2021-04-01 11:04:32] generateOTP.INFO: test [] []
[2021-04-01 11:04:34] generateOTP.INFO: test [] []
[2021-04-01 11:04:34] generateOTP.INFO: test [] []
[2021-04-01 11:04:37] generateOTP.INFO: test [] []
[2021-04-01 11:04:37] generateOTP.INFO: test [] []
[2021-04-01 11:04:37] generateOTP.INFO: test [] []
[2021-04-01 11:04:37] generateOTP.INFO: test [] []
[2021-04-01 11:04:40] generateOTP.INFO: test [] []
[2021-04-01 11:04:41] generateOTP.INFO: test [] []
[2021-04-01 11:04:54] generateOTP.INFO: test [] []
[2021-04-01 11:04:55] generateOTP.INFO: test [] []
[2021-04-01 11:06:06] generateOTP.INFO: test [] []
[2021-04-01 11:06:06] generateOTP.INFO: test [] []
[2021-04-01 11:06:06] generateOTP.INFO: test [] []
[2021-04-01 11:06:06] generateOTP.INFO: test [] []
[2021-04-01 11:06:06] generateOTP.INFO: test [] []
[2021-04-01 11:07:07] generateOTP.INFO: test [] []
[2021-04-01 11:07:40] generateOTP.INFO: test [] []
[2021-04-01 11:07:41] generateOTP.INFO: test [] []
[2021-04-01 11:09:18] generateOTP.INFO: test [] []
[2021-04-01 11:21:40] generateOTP.INFO: test [] []
[2021-04-01 11:21:41] generateOTP.INFO: test [] []
[2021-04-01 11:21:42] generateOTP.INFO: test [] []
[2021-04-01 11:21:59] generateOTP.INFO: test [] []
[2021-04-01 11:22:00] generateOTP.INFO: test [] []
[2021-04-01 11:22:02] generateOTP.INFO: test [] []
[2021-04-01 11:22:03] generateOTP.INFO: test [] []
[2021-04-01 11:22:05] generateOTP.INFO: test [] []
[2021-04-01 11:22:05] generateOTP.INFO: test [] []
[2021-04-01 11:22:05] generateOTP.INFO: test [] []
[2021-04-01 11:22:06] generateOTP.INFO: test [] []
[2021-04-01 11:22:19] generateOTP.INFO: test [] []
[2021-04-01 11:22:20] generateOTP.INFO: test [] []
[2021-04-01 11:22:32] generateOTP.INFO: test [] []
[2021-04-01 11:22:33] generateOTP.INFO: test [] []
[2021-04-01 11:24:16] generateOTP.INFO: test [] []
[2021-04-01 11:24:16] generateOTP.INFO: test [] []
[2021-04-01 11:24:17] generateOTP.INFO: test [] []
[2021-04-01 11:24:17] generateOTP.INFO: test [] []
[2021-04-01 11:24:18] generateOTP.INFO: test [] []
[2021-04-01 11:32:45] generateOTP.INFO: test [] []
[2021-04-01 11:32:47] generateOTP.INFO: test [] []
[2021-04-01 11:32:54] generateOTP.INFO: test [] []
[2021-04-01 11:42:48] generateOTP.INFO: test [] []
[2021-04-01 11:42:49] generateOTP.INFO: test [] []
[2021-04-01 11:43:02] generateOTP.INFO: test [] []
[2021-04-01 11:43:02] generateOTP.INFO: test [] []
[2021-04-01 11:43:04] generateOTP.INFO: test [] []
[2021-04-01 11:43:05] generateOTP.INFO: test [] []
[2021-04-01 11:43:07] generateOTP.INFO: test [] []
[2021-04-01 11:43:07] generateOTP.INFO: test [] []
[2021-04-01 11:43:07] generateOTP.INFO: test [] []
[2021-04-01 11:43:07] generateOTP.INFO: test [] []
[2021-04-01 11:43:17] generateOTP.INFO: test [] []
[2021-04-01 11:43:17] generateOTP.INFO: test [] []
[2021-04-01 11:43:33] generateOTP.INFO: test [] []
[2021-04-01 11:43:34] generateOTP.INFO: test [] []
[2021-04-01 11:45:13] generateOTP.INFO: test [] []
[2021-04-01 11:45:13] generateOTP.INFO: test [] []
[2021-04-01 11:45:13] generateOTP.INFO: test [] []
[2021-04-01 11:45:13] generateOTP.INFO: test [] []
[2021-04-01 11:45:14] generateOTP.INFO: test [] []
[2021-04-01 11:46:09] generateOTP.INFO: test [] []
[2021-04-01 11:46:10] generateOTP.INFO: test [] []
[2021-04-01 11:46:19] generateOTP.INFO: test [] []
[2021-04-01 11:46:19] generateOTP.INFO: test [] []
[2021-04-01 11:46:21] generateOTP.INFO: test [] []
[2021-04-01 11:46:21] generateOTP.INFO: test [] []
[2021-04-01 11:46:22] generateOTP.INFO: test [] []
[2021-04-01 11:46:22] generateOTP.INFO: test [] []
[2021-04-01 11:46:22] generateOTP.INFO: test [] []
[2021-04-01 11:46:23] generateOTP.INFO: test [] []
[2021-04-01 11:46:31] generateOTP.INFO: test [] []
[2021-04-01 11:46:31] generateOTP.INFO: test [] []
[2021-04-01 11:46:40] generateOTP.INFO: test [] []
[2021-04-01 11:46:40] generateOTP.INFO: test [] []
[2021-04-01 11:47:53] generateOTP.INFO: test [] []
[2021-04-01 11:47:53] generateOTP.INFO: test [] []
[2021-04-01 11:47:54] generateOTP.INFO: test [] []
[2021-04-01 11:47:54] generateOTP.INFO: test [] []
[2021-04-01 11:47:54] generateOTP.INFO: test [] []
[2021-04-01 12:26:11] generateOTP.INFO: test [] []
[2021-04-01 12:26:12] generateOTP.INFO: test [] []
[2021-04-01 12:26:34] generateOTP.INFO: test [] []
[2021-04-01 12:26:34] generateOTP.INFO: test [] []
[2021-04-01 12:26:36] generateOTP.INFO: test [] []
[2021-04-01 12:26:36] generateOTP.INFO: test [] []
[2021-04-01 12:26:38] generateOTP.INFO: test [] []
[2021-04-01 12:26:38] generateOTP.INFO: test [] []
[2021-04-01 12:26:38] generateOTP.INFO: test [] []
[2021-04-01 12:26:38] generateOTP.INFO: test [] []
[2021-04-01 12:28:42] generateOTP.INFO: test [] []
[2021-04-01 12:28:42] generateOTP.INFO: test [] []
[2021-04-01 12:28:51] generateOTP.INFO: test [] []
[2021-04-01 12:28:52] generateOTP.INFO: test [] []
[2021-04-01 12:32:30] generateOTP.INFO: test [] []
[2021-04-01 12:32:30] generateOTP.INFO: test [] []
[2021-04-01 12:32:30] generateOTP.INFO: test [] []
[2021-04-01 12:32:31] generateOTP.INFO: test [] []
[2021-04-01 12:32:31] generateOTP.INFO: test [] []
[2021-04-01 12:32:34] generateOTP.INFO: test [] []
[2021-04-01 12:33:12] generateOTP.INFO: test [] []
[2021-04-01 12:33:24] generateOTP.INFO: test [] []
[2021-04-01 12:33:24] generateOTP.INFO: test [] []
[2021-04-01 12:33:29] generateOTP.INFO: test [] []
[2021-04-01 12:33:32] generateOTP.INFO: test [] []
[2021-04-01 12:33:32] generateOTP.INFO: test [] []
[2021-04-01 12:33:35] generateOTP.INFO: test [] []
[2021-04-01 12:33:35] generateOTP.INFO: test [] []
[2021-04-01 12:34:24] generateOTP.INFO: test [] []
[2021-04-01 12:34:25] generateOTP.INFO: test [] []
[2021-04-01 12:34:27] generateOTP.INFO: test [] []
[2021-04-01 12:34:33] generateOTP.INFO: test [] []
[2021-04-01 12:34:43] generateOTP.INFO: test [] []
[2021-04-01 12:34:43] generateOTP.INFO: test [] []
[2021-04-01 12:34:47] generateOTP.INFO: test [] []
[2021-04-01 12:34:47] generateOTP.INFO: test [] []
[2021-04-01 12:43:45] generateOTP.INFO: test [] []
[2021-04-01 12:43:48] generateOTP.INFO: test [] []
[2021-04-01 12:43:48] generateOTP.INFO: test [] []
[2021-04-01 12:43:49] generateOTP.INFO: test [] []
[2021-04-01 12:43:49] generateOTP.INFO: test [] []
[2021-04-01 12:43:49] generateOTP.INFO: test [] []
[2021-04-01 12:43:51] generateOTP.INFO: test [] []
[2021-04-01 12:43:52] generateOTP.INFO: test [] []
[2021-04-01 12:45:26] generateOTP.INFO: test [] []
[2021-04-01 12:50:34] generateOTP.INFO: test [] []
[2021-04-01 12:50:34] generateOTP.INFO: test [] []
[2021-04-01 12:50:35] generateOTP.INFO: test [] []
[2021-04-01 12:50:39] generateOTP.INFO: test [] []
[2021-04-01 12:50:39] generateOTP.INFO: test [] []
[2021-04-01 12:50:39] generateOTP.INFO: test [] []
[2021-04-01 12:50:40] generateOTP.INFO: test [] []
[2021-04-01 12:50:40] generateOTP.INFO: test [] []
[2021-04-01 12:51:16] generateOTP.INFO: test [] []
[2021-04-01 12:51:17] generateOTP.INFO: test [] []
[2021-04-01 12:51:17] generateOTP.INFO: test [] []
[2021-04-01 12:51:18] generateOTP.INFO: test [] []
[2021-04-01 12:51:18] generateOTP.INFO: test [] []
[2021-04-01 12:51:18] generateOTP.INFO: test [] []
[2021-04-01 12:51:20] generateOTP.INFO: test [] []
[2021-04-01 12:51:20] generateOTP.INFO: test [] []
[2021-04-01 12:52:08] generateOTP.INFO: test [] []
[2021-04-01 12:52:37] generateOTP.INFO: test [] []
[2021-04-01 12:52:51] generateOTP.INFO: test [] []
[2021-04-01 12:52:51] generateOTP.INFO: test [] []
[2021-04-01 12:52:52] generateOTP.INFO: test [] []
[2021-04-01 12:52:54] generateOTP.INFO: test [] []
[2021-04-01 12:52:55] generateOTP.INFO: test [] []
[2021-04-01 12:52:55] generateOTP.INFO: test [] []
[2021-04-01 12:52:57] generateOTP.INFO: test [] []
[2021-04-01 12:52:59] generateOTP.INFO: test [] []
[2021-04-01 12:53:09] generateOTP.INFO: test [] []
[2021-04-01 12:53:14] generateOTP.INFO: test [] []
[2021-04-01 12:53:14] generateOTP.INFO: test [] []
[2021-04-01 12:53:24] generateOTP.INFO: test [] []
[2021-04-01 12:53:24] generateOTP.INFO: test [] []
[2021-04-01 12:53:26] generateOTP.INFO: test [] []
[2021-04-01 12:53:26] generateOTP.INFO: test [] []
[2021-04-01 12:53:28] generateOTP.INFO: test [] []
[2021-04-01 12:53:28] generateOTP.INFO: test [] []
[2021-04-01 12:53:28] generateOTP.INFO: test [] []
[2021-04-01 12:53:28] generateOTP.INFO: test [] []
[2021-04-01 12:53:35] generateOTP.INFO: test [] []
[2021-04-01 12:53:35] generateOTP.INFO: test [] []
[2021-04-01 12:53:48] generateOTP.INFO: test [] []
[2021-04-01 12:53:48] generateOTP.INFO: test [] []
[2021-04-01 12:54:21] generateOTP.INFO: test [] []
[2021-04-01 12:55:16] generateOTP.INFO: test [] []
[2021-04-01 12:55:16] generateOTP.INFO: test [] []
[2021-04-01 12:55:16] generateOTP.INFO: test [] []
[2021-04-01 12:55:17] generateOTP.INFO: test [] []
[2021-04-01 12:55:17] generateOTP.INFO: test [] []
[2021-04-01 12:55:17] generateOTP.INFO: test [] []
[2021-04-01 12:55:17] generateOTP.INFO: test [] []
[2021-04-01 12:55:17] generateOTP.INFO: test [] []
[2021-04-01 12:55:17] generateOTP.INFO: test [] []
[2021-04-01 12:55:17] generateOTP.INFO: test [] []
[2021-04-01 12:55:18] generateOTP.INFO: test [] []
[2021-04-01 12:55:19] generateOTP.INFO: test [] []
[2021-04-01 12:55:20] generateOTP.INFO: test [] []
[2021-04-01 12:58:11] generateOTP.INFO: test [] []
[2021-04-01 12:58:11] generateOTP.INFO: test [] []
[2021-04-01 12:58:13] generateOTP.INFO: test [] []
[2021-04-01 12:58:14] generateOTP.INFO: test [] []
[2021-04-01 12:58:14] generateOTP.INFO: test [] []
[2021-04-01 12:58:14] generateOTP.INFO: test [] []
[2021-04-01 12:58:16] generateOTP.INFO: test [] []
[2021-04-01 12:58:16] generateOTP.INFO: test [] []
[2021-04-01 13:00:30] generateOTP.INFO: test [] []
[2021-04-01 13:00:33] generateOTP.INFO: test [] []
[2021-04-01 13:00:33] generateOTP.INFO: test [] []
[2021-04-01 13:00:34] generateOTP.INFO: test [] []
[2021-04-01 13:00:35] generateOTP.INFO: test [] []
[2021-04-01 13:00:35] generateOTP.INFO: test [] []
[2021-04-01 13:00:37] generateOTP.INFO: test [] []
[2021-04-01 13:00:37] generateOTP.INFO: test [] []
[2021-04-01 13:00:56] generateOTP.INFO: test [] []
[2021-04-01 13:00:58] generateOTP.INFO: test [] []
[2021-04-01 13:00:58] generateOTP.INFO: test [] []
[2021-04-01 13:00:58] generateOTP.INFO: test [] []
[2021-04-01 13:00:58] generateOTP.INFO: test [] []
[2021-04-01 13:00:58] generateOTP.INFO: test [] []
[2021-04-01 13:00:59] generateOTP.INFO: test [] []
[2021-04-01 13:00:59] generateOTP.INFO: test [] []
[2021-04-01 13:01:25] generateOTP.INFO: test [] []
[2021-04-01 13:04:05] generateOTP.INFO: test [] []
[2021-04-01 13:04:05] generateOTP.INFO: test [] []
[2021-04-01 13:04:05] generateOTP.INFO: test [] []
[2021-04-01 13:04:05] generateOTP.INFO: test [] []
[2021-04-01 13:04:05] generateOTP.INFO: test [] []
[2021-04-01 13:04:05] generateOTP.INFO: test [] []
[2021-04-01 13:04:06] generateOTP.INFO: test [] []
[2021-04-01 13:04:06] generateOTP.INFO: test [] []
[2021-04-01 13:04:20] generateOTP.INFO: test [] []
[2021-04-01 13:04:20] generateOTP.INFO: test [] []
[2021-04-01 13:04:20] generateOTP.INFO: test [] []
[2021-04-01 13:04:20] generateOTP.INFO: test [] []
[2021-04-01 13:04:21] generateOTP.INFO: test [] []
[2021-04-01 13:04:21] generateOTP.INFO: test [] []
[2021-04-01 13:04:21] generateOTP.INFO: test [] []
[2021-04-01 13:04:21] generateOTP.INFO: test [] []
[2021-04-01 15:18:29] generateOTP.INFO: test [] []
[2021-04-01 15:18:30] generateOTP.INFO: test [] []
[2021-04-01 15:18:30] generateOTP.INFO: test [] []
[2021-04-01 15:18:30] generateOTP.INFO: test [] []
[2021-04-01 15:18:31] generateOTP.INFO: test [] []
[2021-04-01 15:18:31] generateOTP.INFO: test [] []
[2021-04-01 15:18:32] generateOTP.INFO: test [] []
[2021-04-01 15:18:32] generateOTP.INFO: test [] []
[2021-04-01 15:19:01] generateOTP.INFO: test [] []
[2021-04-01 15:19:01] generateOTP.INFO: test [] []
[2021-04-01 15:19:01] generateOTP.INFO: test [] []
[2021-04-01 15:19:02] generateOTP.INFO: test [] []
[2021-04-01 15:19:02] generateOTP.INFO: test [] []
[2021-04-01 15:19:03] generateOTP.INFO: test [] []
[2021-04-01 15:19:03] generateOTP.INFO: test [] []
[2021-04-01 15:19:20] generateOTP.INFO: test [] []
[2021-04-01 15:19:23] generateOTP.INFO: test [] []
[2021-04-01 15:19:26] generateOTP.INFO: test [] []
[2021-04-01 15:19:49] generateOTP.INFO: test [] []
[2021-04-01 15:19:50] generateOTP.INFO: test [] []
[2021-04-01 15:21:00] generateOTP.INFO: test [] []
[2021-04-01 15:21:01] generateOTP.INFO: test [] []
[2021-04-01 15:21:01] generateOTP.INFO: test [] []
[2021-04-01 15:21:01] generateOTP.INFO: test [] []
[2021-04-01 15:21:02] generateOTP.INFO: test [] []
[2021-04-01 15:21:02] generateOTP.INFO: test [] []
[2021-04-01 15:21:03] generateOTP.INFO: test [] []
[2021-04-01 15:21:03] generateOTP.INFO: test [] []
[2021-04-01 15:22:37] generateOTP.INFO: test [] []
[2021-04-01 15:22:38] generateOTP.INFO: test [] []
[2021-04-01 15:22:38] generateOTP.INFO: test [] []
[2021-04-01 15:22:40] generateOTP.INFO: test [] []
[2021-04-01 15:22:40] generateOTP.INFO: test [] []
[2021-04-01 15:22:40] generateOTP.INFO: test [] []
[2021-04-01 15:22:42] generateOTP.INFO: test [] []
[2021-04-01 15:22:42] generateOTP.INFO: test [] []
[2021-04-01 15:24:13] generateOTP.INFO: test [] []
[2021-04-01 15:24:15] generateOTP.INFO: test [] []
[2021-04-01 15:24:25] generateOTP.INFO: test [] []
[2021-04-01 15:24:51] generateOTP.INFO: test [] []
[2021-04-01 15:24:51] generateOTP.INFO: test [] []
[2021-04-01 15:24:52] generateOTP.INFO: test [] []
[2021-04-01 15:24:53] generateOTP.INFO: test [] []
[2021-04-01 15:24:53] generateOTP.INFO: test [] []
[2021-04-01 15:24:59] generateOTP.INFO: test [] []
[2021-04-01 15:25:08] generateOTP.INFO: test [] []
[2021-04-01 15:25:11] generateOTP.INFO: test [] []
[2021-04-01 15:25:14] generateOTP.INFO: test [] []
[2021-04-01 15:25:14] generateOTP.INFO: test [] []
[2021-04-01 15:25:16] generateOTP.INFO: test [] []
[2021-04-01 15:25:16] generateOTP.INFO: test [] []
[2021-04-01 15:25:16] generateOTP.INFO: test [] []
[2021-04-01 15:25:17] generateOTP.INFO: test [] []
[2021-04-01 15:25:45] generateOTP.INFO: test [] []
[2021-04-01 15:26:47] generateOTP.INFO: test [] []
[2021-04-01 15:26:48] generateOTP.INFO: test [] []
[2021-04-01 15:26:49] generateOTP.INFO: test [] []
[2021-04-01 15:27:01] generateOTP.INFO: test [] []
[2021-04-01 15:28:17] generateOTP.INFO: test [] []
[2021-04-01 15:28:18] generateOTP.INFO: test [] []
[2021-04-01 15:28:20] generateOTP.INFO: test [] []
[2021-04-01 15:28:23] generateOTP.INFO: test [] []
[2021-04-01 15:28:24] generateOTP.INFO: test [] []
[2021-04-01 15:28:24] generateOTP.INFO: test [] []
[2021-04-01 15:28:26] generateOTP.INFO: test [] []
[2021-04-01 15:28:44] generateOTP.INFO: test [] []
[2021-04-01 15:29:04] generateOTP.INFO: test [] []
[2021-04-01 15:29:05] generateOTP.INFO: test [] []
[2021-04-01 15:29:05] generateOTP.INFO: test [] []
[2021-04-01 15:29:06] generateOTP.INFO: test [] []
[2021-04-01 15:29:06] generateOTP.INFO: test [] []
[2021-04-01 15:29:06] generateOTP.INFO: test [] []
[2021-04-01 15:29:06] generateOTP.INFO: test [] []
[2021-04-01 15:29:06] generateOTP.INFO: test [] []
[2021-04-01 15:32:02] generateOTP.INFO: test [] []
[2021-04-01 15:32:03] generateOTP.INFO: test [] []
[2021-04-01 15:32:04] generateOTP.INFO: test [] []
[2021-04-01 15:32:04] generateOTP.INFO: test [] []
[2021-04-01 15:32:05] generateOTP.INFO: test [] []
[2021-04-01 15:32:05] generateOTP.INFO: test [] []
[2021-04-01 15:32:06] generateOTP.INFO: test [] []
[2021-04-01 15:32:07] generateOTP.INFO: test [] []
[2021-04-01 15:45:44] generateOTP.INFO: test [] []
[2021-04-01 15:45:46] generateOTP.INFO: test [] []
[2021-04-01 15:45:57] generateOTP.INFO: test [] []
[2021-04-01 16:05:05] generateOTP.INFO: test [] []
[2021-04-01 16:05:06] generateOTP.INFO: test [] []
[2021-04-01 16:05:06] generateOTP.INFO: test [] []
[2021-04-01 16:05:06] generateOTP.INFO: test [] []
[2021-04-01 16:05:07] generateOTP.INFO: test [] []
[2021-04-01 16:05:07] generateOTP.INFO: test [] []
[2021-04-01 16:05:07] generateOTP.INFO: test [] []
[2021-04-01 16:05:07] generateOTP.INFO: test [] []
[2021-04-01 16:06:39] generateOTP.INFO: test [] []
[2021-04-01 16:06:39] generateOTP.INFO: test [] []
[2021-04-01 16:06:39] generateOTP.INFO: test [] []
[2021-04-01 16:06:39] generateOTP.INFO: test [] []
[2021-04-01 16:06:39] generateOTP.INFO: test [] []
[2021-04-01 16:06:39] generateOTP.INFO: test [] []
[2021-04-01 16:06:39] generateOTP.INFO: test [] []
[2021-04-01 16:06:39] generateOTP.INFO: test [] []
[2021-04-01 16:10:14] generateOTP.INFO: test [] []
[2021-04-01 16:10:14] generateOTP.INFO: test [] []
[2021-04-01 16:10:14] generateOTP.INFO: test [] []
[2021-04-01 16:10:14] generateOTP.INFO: test [] []
[2021-04-01 16:10:14] generateOTP.INFO: test [] []
[2021-04-01 16:10:14] generateOTP.INFO: test [] []
[2021-04-01 16:10:14] generateOTP.INFO: test [] []
[2021-04-01 16:10:16] generateOTP.INFO: test [] []
[2021-04-01 16:11:52] generateOTP.INFO: test [] []
[2021-04-01 16:11:53] generateOTP.INFO: test [] []
[2021-04-01 16:11:53] generateOTP.INFO: test [] []
[2021-04-01 16:11:53] generateOTP.INFO: test [] []
[2021-04-01 16:11:53] generateOTP.INFO: test [] []
[2021-04-01 16:11:53] generateOTP.INFO: test [] []
[2021-04-01 16:11:54] generateOTP.INFO: test [] []
[2021-04-01 16:11:54] generateOTP.INFO: test [] []
[2021-04-01 16:18:47] generateOTP.INFO: test [] []
[2021-04-01 16:18:48] generateOTP.INFO: test [] []
[2021-04-01 16:18:49] generateOTP.INFO: test [] []
[2021-04-01 16:18:51] generateOTP.INFO: test [] []
[2021-04-01 16:18:52] generateOTP.INFO: test [] []
[2021-04-01 16:18:52] generateOTP.INFO: test [] []
[2021-04-01 16:18:57] generateOTP.INFO: test [] []
[2021-04-01 16:18:57] generateOTP.INFO: test [] []
[2021-04-01 16:19:45] generateOTP.INFO: test [] []
[2021-04-01 16:19:45] generateOTP.INFO: test [] []
[2021-04-01 16:19:45] generateOTP.INFO: test [] []
[2021-04-01 16:19:46] generateOTP.INFO: test [] []
[2021-04-01 16:19:46] generateOTP.INFO: test [] []
[2021-04-01 16:19:46] generateOTP.INFO: test [] []
[2021-04-01 16:19:46] generateOTP.INFO: test [] []
[2021-04-01 16:19:47] generateOTP.INFO: test [] []
[2021-04-01 16:26:57] generateOTP.INFO: test [] []
[2021-04-01 16:26:57] generateOTP.INFO: test [] []
[2021-04-01 16:26:57] generateOTP.INFO: test [] []
[2021-04-01 16:26:58] generateOTP.INFO: test [] []
[2021-04-01 16:26:58] generateOTP.INFO: test [] []
[2021-04-01 16:26:58] generateOTP.INFO: test [] []
[2021-04-01 16:26:58] generateOTP.INFO: test [] []
[2021-04-01 16:29:02] generateOTP.INFO: test [] []
[2021-04-01 16:29:02] generateOTP.INFO: test [] []
[2021-04-01 16:29:18] generateOTP.INFO: {"salutation":"1","firstname":"test","lastname":"BANKING","dob":"19-12-1988","mob_no":"7010444138","panCard":"XXXXXX456A","email":"jack@gmail.com","ref1":"1","ref2":"1","comAdd":"Om hrad ntalatiof, holOmshre, talathioficeeachol, OmshreeSada9talathi","city":"MUMBAI","state":"MAHARASHTRA","pin_code":"622103","ISNRI":"N","update_emp_id":"eExUSlVKeFFHRGFyMlVRbk5DanlXQT09","edit":"0","policy_no":"392,393","subtype_text":"1","sum_insure":"500000","anuual_income":"","familyConstruct":"1A","family_members_id":"0","family_gender":"Male","first_name":"test","last_name":"BANKING","family_date_birth":"19-12-1988","age":"32","age_type":" years","tenure":"1 Year","family_id":"","s_date":"","marriage_date":"","premium":"8800","policyNo":"392,393","familyDataType":"undefined","empId":"eExUSlVKeFFHRGFyMlVRbk5DanlXQT09","product":"iWL65dcd54d9c5a65","declare":"[]","gender":"Male","gci_options":"Yes"} [] []
[2021-04-01 16:29:35] documentsSave.INFO: {"ops_type":"[]","ids":"1549,1550"} [] []
[2021-04-01 16:29:35] documentsSaveFiles.INFO: [] [] []
[2021-04-01 16:29:42] generateOTP.INFO: test [] []
[2021-04-01 16:30:49] generateOTP.INFO: test [] []
[2021-04-01 16:30:58] generateOTP.INFO: {"salutation":"1","firstname":"test","lastname":"BANKING","dob":"19-12-1988","mob_no":"7010444138","panCard":"XXXXXX456A","email":"jack@gmail.com","ref1":"1","ref2":"1","comAdd":"Om hrad ntalatiof, holOmshre, talathioficeeachol, OmshreeSada9talathi","city":"MUMBAI","state":"MAHARASHTRA","pin_code":"622103","ISNRI":"N","update_emp_id":"VWJMYWdaUHlDVmpPbGJNdVhCSmVzQT09","edit":"0","policy_no":"392,393","subtype_text":"1","sum_insure":"500000","anuual_income":"","familyConstruct":"1A","family_members_id":"0","family_gender":"Male","first_name":"test","last_name":"BANKING","family_date_birth":"19-12-1988","age":"32","age_type":" years","tenure":"1 Year","family_id":"","s_date":"","marriage_date":"","premium":"8800","policyNo":"392,393","familyDataType":"undefined","empId":"VWJMYWdaUHlDVmpPbGJNdVhCSmVzQT09","product":"iWL65dcd54d9c5a65","declare":"[]","gender":"Male","gci_options":"Yes"} [] []
[2021-04-01 16:31:12] documentsSave.INFO: {"ops_type":"[]","ids":"1551,1552"} [] []
[2021-04-01 16:31:12] documentsSaveFiles.INFO: [] [] []
[2021-04-01 16:31:19] generateOTP.INFO: test [] []
[2021-04-01 16:32:05] generateOTP.INFO: test [] []
[2021-04-01 16:32:17] full_quote_request1.INFO: {"ClientCreation":{"Member_Customer_ID":"20214177","salutation":"Mr","firstName":"test","middleName":"","lastName":"BANKING","dateofBirth":"12\/19\/1988","gender":"M","educationalQualification":null,"pinCode":"622103","uidNo":"5478-2589-3688","maritalStatus":null,"nationality":"Indian","occupation":"O553","primaryEmailID":"jack@gmail.com","contactMobileNo":"7010444138","stdLandlineNo":null,"panNo":null,"passportNumber":null,"contactPerson":null,"annualIncome":null,"remarks":null,"startDate":"2021-04-01","endDate":null,"IdProof":"Adhaar Card","residenceProof":null,"ageProof":null,"others":null,"homeAddressLine1":"Om hrad ntalatiof, holOmshre, talathioficeeachol, OmshreeSada9talathi","homeAddressLine2":null,"homeAddressLine3":null,"homePinCode":"622103","homeArea":null,"homeContactMobileNo":null,"homeContactMobileNo2":null,"homeSTDLandlineNo":null,"homeFaxNo":null,"sameAsHomeAddress":"1","mailingAddressLine1":null,"mailingAddressLine2":null,"mailingAddressLine3":null,"mailingPinCode":null,"mailingArea":null,"mailingContactMobileNo":null,"mailingContactMobileNo2":null,"mailingSTDLandlineNo":null,"mailingSTDLandlineNo2":null,"mailingFaxNo":null,"bankAccountType":null,"bankAccountNo":null,"ifscCode":null,"GSTIN":null,"GSTRegistrationStatus":"Consumers","IsEIAavailable":"0","ApplyEIA":"0","EIAAccountNo":null,"EIAWith":"0","AccountType":null,"AddressProof":null,"DOBProof":null,"IdentityProof":null},"PolicyCreationRequest":{"Quotation_Number":"","MasterPolicyNumber":"71-20-00030-00-00","GroupID":"GRP001","Product_Code":"4211","SumInsured_Type":null,"Policy_Tanure":"1","Member_Type_Code":"M209","intermediaryCode":"2106233","AutoRenewal":"0","intermediaryBranchCode":"10MHMUM01","agentSignatureDate":null,"Customer_Signature_Date":null,"businessSourceChannel":null,"AssignPolicy":"0","AssigneeName":null,"leadID":"20214177","Source_Name":"AXIS_PL_GHI","SPID":"1","TCN":null,"CRTNO":null,"RefCode1":"1","RefCode2":"2478","Employee_Number":"625141","enumIsEmployeeDiscount":null,"QuoteDate":null,"IsPayment":"0","PaymentMode":null,"PolicyproductComponents":[{"PlanCode":"4211","SumInsured":"500000","SchemeCode":"4112000003"}]},"MemObj":{"Member":[{"MemberNo":1,"Salutation":"Mr","First_Name":"test","Middle_Name":null,"Last_Name":"BANKING","Gender":"M","DateOfBirth":"12\/19\/1988","Relation_Code":"R001","Marital_Status":null,"height":"0.00","weight":"0","occupation":"O553","PrimaryMember":"Y","MemberproductComponents":[{"PlanCode":"4211","MemberQuestionDetails":[{"QuestionCode":null,"Answer":null,"Remarks":null}]}],"MemberPED":[{"PEDCode":null,"Remarks":null}],"exactDiagnosis":null,"dateOfDiagnosis":null,"lastDateConsultation":null,"detailsOfTreatmentGiven":null,"doctorName":null,"hospitalName":null,"phoneNumberHosital":null,"Nominee_First_Name":"sdf","Nominee_Last_Name":"sdfs","Nominee_Contact_Number":"3454555555","Nominee_Home_Address":null,"Nominee_Relationship_Code":"R002"}]},"ReceiptCreation":{"officeLocation":"","modeOfEntry":"","cdAcNo":null,"expiryDate":null,"payerType":"","payerCode":null,"paymentBy":"","paymentByName":null,"paymentByRelationship":null,"collectionAmount":"","collectionRcvdDate":null,"collectionMode":"","remarks":null,"instrumentNumber":null,"instrumentDate":null,"bankName":null,"branchName":null,"bankLocation":null,"micrNo":null,"chequeType":null,"ifscCode":"","PaymentGatewayName":"","TerminalID":"","CardNo":null}} [] []
[2021-04-01 16:32:19] full_quote_reponse1.INFO: "<ns0:GHI_Res xmlns:ns0=\"http:\/\/ABHICL_NBP_QuickQuote_Schemas.GHI_Response\"><errorObj><ErrorNumber>00<\/ErrorNumber><ErrorMessage>Success<\/ErrorMessage><\/errorObj><policyDtls><TransactionReferenceNumber><\/TransactionReferenceNumber><QuotationNumber>AG100779185<\/QuotationNumber><CertificateNumber><\/CertificateNumber><LetterURL><\/LetterURL><ClientID><\/ClientID><ProductName>Group Activ Health<\/ProductName><ProductCode>4211<\/ProductCode><LineOfBusiness>42<\/LineOfBusiness><startDate><\/startDate><EndDate><\/EndDate><PolicyNumber>71-20-00030-00-00<\/PolicyNumber><ProposalNumber><\/ProposalNumber><PolicyStatus>PQ1<\/PolicyStatus><Tenure>1<\/Tenure><stpFlag>0<\/stpFlag><MemberCustomerID>20214177<\/MemberCustomerID><\/policyDtls><premium><BasePremium>7457.63<\/BasePremium><NetPremium>7457.63<\/NetPremium><GST>1342.37<\/GST><GrossPremium>8800.00<\/GrossPremium><\/premium><receiptObj><ReceiptNumber \/><ReceiptAmount \/><ExcessAmount \/><\/receiptObj><\/ns0:GHI_Res>" [] []
[2021-04-01 16:32:19] full_quote_request1.INFO: {"ClientCreation":{"Member_Customer_ID":"20214177GPR03","salutation":"Mr","firstName":"test","middleName":"","lastName":"BANKING","dateofBirth":"12\/19\/1988","gender":"M","educationalQualification":null,"pinCode":"622103","uidNo":"5478-2589-3688","maritalStatus":null,"nationality":"Indian","occupation":"O553","primaryEmailID":"jack@gmail.com","contactMobileNo":"7010444138","stdLandlineNo":null,"panNo":null,"passportNumber":null,"contactPerson":null,"annualIncome":null,"remarks":null,"startDate":"2021-04-01","endDate":null,"IdProof":"Adhaar Card","residenceProof":null,"ageProof":null,"others":null,"homeAddressLine1":"Om hrad ntalatiof, holOmshre, talathioficeeachol, OmshreeSada9talathi","homeAddressLine2":null,"homeAddressLine3":null,"homePinCode":"622103","homeArea":null,"homeContactMobileNo":null,"homeContactMobileNo2":null,"homeSTDLandlineNo":null,"homeFaxNo":null,"sameAsHomeAddress":"1","mailingAddressLine1":null,"mailingAddressLine2":null,"mailingAddressLine3":null,"mailingPinCode":null,"mailingArea":null,"mailingContactMobileNo":null,"mailingContactMobileNo2":null,"mailingSTDLandlineNo":null,"mailingSTDLandlineNo2":null,"mailingFaxNo":null,"bankAccountType":null,"bankAccountNo":null,"ifscCode":null,"GSTIN":null,"GSTRegistrationStatus":"Consumers","IsEIAavailable":"0","ApplyEIA":"0","EIAAccountNo":null,"EIAWith":"0","AccountType":null,"AddressProof":null,"DOBProof":null,"IdentityProof":null},"PolicyCreationRequest":{"Quotation_Number":"","MasterPolicyNumber":"74-20-00018-00-00","GroupID":"GRP001","Product_Code":"4224","SumInsured_Type":null,"Policy_Tanure":"1","Member_Type_Code":"M209","intermediaryCode":"2106233","AutoRenewal":"0","intermediaryBranchCode":"10MHMUM01","agentSignatureDate":null,"Customer_Signature_Date":null,"businessSourceChannel":null,"AssignPolicy":"0","AssigneeName":null,"leadID":"20214177","Source_Name":"AXIS_PL_GP","SPID":"1","TCN":null,"CRTNO":null,"RefCode1":"1","RefCode2":"2478","Employee_Number":"625141","enumIsEmployeeDiscount":null,"QuoteDate":null,"IsPayment":"0","PaymentMode":null,"PolicyproductComponents":[{"PlanCode":"4224","SumInsured":"500000","SchemeCode":"4112000003"}]},"MemObj":{"Member":[{"MemberNo":1,"Salutation":"Mr","First_Name":"test","Middle_Name":null,"Last_Name":"BANKING","Gender":"M","DateOfBirth":"12\/19\/1988","Relation_Code":"R001","Marital_Status":null,"height":"0.00","weight":"0","occupation":"O553","PrimaryMember":"Y","MemberproductComponents":[{"PlanCode":"4224","MemberQuestionDetails":[{"QuestionCode":null,"Answer":null,"Remarks":null}]}],"MemberPED":[{"PEDCode":null,"Remarks":null}],"exactDiagnosis":null,"dateOfDiagnosis":null,"lastDateConsultation":null,"detailsOfTreatmentGiven":null,"doctorName":null,"hospitalName":null,"phoneNumberHosital":null,"Nominee_First_Name":"sdf","Nominee_Last_Name":"sdfs","Nominee_Contact_Number":"3454555555","Nominee_Home_Address":null,"Nominee_Relationship_Code":"R002"}]},"ReceiptCreation":{"officeLocation":"","modeOfEntry":"","cdAcNo":null,"expiryDate":null,"payerType":"","payerCode":null,"paymentBy":"","paymentByName":null,"paymentByRelationship":null,"collectionAmount":"","collectionRcvdDate":null,"collectionMode":"","remarks":null,"instrumentNumber":null,"instrumentDate":null,"bankName":null,"branchName":null,"bankLocation":null,"micrNo":null,"chequeType":null,"ifscCode":"","PaymentGatewayName":"","TerminalID":"","CardNo":null}} [] []
[2021-04-01 16:32:21] full_quote_reponse1.INFO: "<ns0:GroupProtectRes xmlns:ns0=\"http:\/\/ABHICL_NBP_QuickQuote_Schemas.GroupProtectResponse\"><errorObj><ErrorNumber>00<\/ErrorNumber><ErrorMessage>Success<\/ErrorMessage><\/errorObj><policyDtls><TransactionReferenceNumber><\/TransactionReferenceNumber><QuotationNumber>AL100779186<\/QuotationNumber><CertificateNumber><\/CertificateNumber><LetterURL><\/LetterURL><ClientID><\/ClientID><ProductName>Group Protect<\/ProductName><ProductCode>4224<\/ProductCode><LineOfBusiness>42<\/LineOfBusiness><startDate><\/startDate><EndDate><\/EndDate><PolicyNumber>74-20-00018-00-00<\/PolicyNumber><ProposalNumber><\/ProposalNumber><PolicyStatus>PQ1<\/PolicyStatus><Tenure>1<\/Tenure><stpFlag>0<\/stpFlag><MemberCustomerID>20214177GPR03<\/MemberCustomerID><\/policyDtls><premium><BasePremium>761.86<\/BasePremium><NetPremium>761.86<\/NetPremium><GST>137.13<\/GST><GrossPremium>899.00<\/GrossPremium><\/premium><receiptObj><ReceiptNumber \/><ReceiptAmount \/><ExcessAmount \/><\/receiptObj><\/ns0:GroupProtectRes>" [] []
[2021-04-01 16:46:18] generateOTP.INFO: test [] []
[2021-04-01 16:46:22] generateOTP.INFO: test [] []
[2021-04-01 16:47:16] generateOTP.INFO: test [] []
[2021-04-01 16:49:13] generateOTP.INFO: test [] []
[2021-04-01 16:49:44] generateOTP.INFO: test [] []
[2021-04-01 16:50:04] generateOTP.INFO: test [] []
[2021-04-01 16:50:08] generateOTP.INFO: test [] []
[2021-04-01 16:55:29] generateOTP.INFO: test [] []
[2021-04-01 16:57:15] generateOTP.INFO: test [] []
[2021-04-01 16:58:09] generateOTP.INFO: test [] []
[2021-04-01 16:58:59] generateOTP.INFO: test [] []
[2021-04-01 17:02:32] generateOTP.INFO: test [] []
[2021-04-01 17:04:43] generateOTP.INFO: test [] []
[2021-04-01 17:04:46] generateOTP.INFO: test [] []
[2021-04-01 17:04:53] generateOTP.INFO: test [] []
[2021-04-01 17:05:00] generateOTP.INFO: test [] []
[2021-04-01 17:08:31] generateOTP.INFO: test [] []
[2021-04-01 17:08:31] generateOTP.INFO: test [] []
[2021-04-01 17:08:32] generateOTP.INFO: test [] []
[2021-04-01 17:09:07] generateOTP.INFO: test [] []
[2021-04-01 17:11:55] generateOTP.INFO: test [] []
[2021-04-01 17:12:44] generateOTP.INFO: test [] []
[2021-04-01 17:18:35] generateOTP.INFO: test [] []
[2021-04-01 17:19:02] generateOTP.INFO: test [] []
[2021-04-01 17:19:04] generateOTP.INFO: test [] []
[2021-04-01 17:20:33] generateOTP.INFO: test [] []
[2021-04-01 17:20:33] generateOTP.INFO: test [] []
[2021-04-01 17:20:42] generateOTP.INFO: test [] []
[2021-04-01 17:20:48] generateOTP.INFO: test [] []
[2021-04-01 17:21:03] generateOTP.INFO: test [] []
[2021-04-01 17:21:08] generateOTP.INFO: test [] []
[2021-04-01 17:21:24] generateOTP.INFO: test [] []
[2021-04-01 17:22:04] generateOTP.INFO: test [] []
[2021-04-01 17:24:53] generateOTP.INFO: test [] []
[2021-04-01 17:24:54] generateOTP.INFO: test [] []
[2021-04-01 17:25:02] generateOTP.INFO: test [] []
[2021-04-01 17:26:06] generateOTP.INFO: test [] []
[2021-04-01 17:26:17] generateOTP.INFO: test [] []
[2021-04-01 17:27:07] generateOTP.INFO: test [] []
[2021-04-01 17:27:19] generateOTP.INFO: test [] []
[2021-04-01 17:29:35] generateOTP.INFO: test [] []
[2021-04-01 17:29:36] generateOTP.INFO: test [] []
[2021-04-01 17:29:36] generateOTP.INFO: test [] []
[2021-04-01 17:29:53] generateOTP.INFO: test [] []
[2021-04-01 17:29:54] generateOTP.INFO: test [] []
[2021-04-01 17:30:52] generateOTP.INFO: test [] []
[2021-04-01 17:31:28] generateOTP.INFO: test [] []
[2021-04-01 17:31:55] generateOTP.INFO: test [] []
[2021-04-01 17:31:55] generateOTP.INFO: test [] []
[2021-04-01 17:33:43] generateOTP.INFO: test [] []
[2021-04-01 17:33:46] generateOTP.INFO: test [] []
[2021-04-01 17:34:01] generateOTP.INFO: test [] []
[2021-04-01 17:39:08] generateOTP.INFO: test [] []
[2021-04-01 17:39:57] generateOTP.INFO: test [] []
[2021-04-01 17:40:40] generateOTP.INFO: test [] []
[2021-04-01 17:41:00] generateOTP.INFO: test [] []
[2021-04-01 17:42:48] generateOTP.INFO: test [] []
[2021-04-01 17:42:48] generateOTP.INFO: test [] []
[2021-04-01 17:43:10] generateOTP.INFO: test [] []
[2021-04-01 17:43:35] generateOTP.INFO: test [] []
[2021-04-01 17:45:49] generateOTP.INFO: test [] []
[2021-04-01 17:47:58] generateOTP.INFO: test [] []
[2021-04-01 17:47:59] generateOTP.INFO: test [] []
[2021-04-01 17:48:22] generateOTP.INFO: test [] []
[2021-04-01 17:52:25] generateOTP.INFO: test [] []
[2021-04-01 17:52:26] generateOTP.INFO: test [] []
[2021-04-01 17:52:35] generateOTP.INFO: test [] []
[2021-04-01 17:53:25] generateOTP.INFO: test [] []
[2021-04-01 17:53:48] generateOTP.INFO: test [] []
[2021-04-01 17:54:21] generateOTP.INFO: test [] []
[2021-04-01 17:55:24] generateOTP.INFO: test [] []
[2021-04-01 17:55:34] generateOTP.INFO: test [] []
[2021-04-01 17:55:44] generateOTP.INFO: test [] []
[2021-04-01 18:01:57] generateOTP.INFO: test [] []
[2021-04-01 18:01:57] generateOTP.INFO: test [] []
[2021-04-01 18:01:57] generateOTP.INFO: test [] []
[2021-04-01 18:02:05] generateOTP.INFO: test [] []
[2021-04-01 18:02:17] generateOTP.INFO: test [] []
[2021-04-01 18:04:34] generateOTP.INFO: test [] []
[2021-04-01 18:04:35] generateOTP.INFO: test [] []
[2021-04-01 18:05:12] generateOTP.INFO: test [] []
[2021-04-01 18:05:25] generateOTP.INFO: test [] []
[2021-04-01 18:05:26] generateOTP.INFO: test [] []
[2021-04-01 18:05:37] generateOTP.INFO: test [] []
[2021-04-01 18:06:52] generateOTP.INFO: test [] []
[2021-04-01 18:06:53] generateOTP.INFO: test [] []
[2021-04-01 18:07:04] generateOTP.INFO: test [] []
[2021-04-01 18:13:49] generateOTP.INFO: test [] []
[2021-04-01 18:14:53] generateOTP.INFO: test [] []
[2021-04-01 18:17:35] generateOTP.INFO: test [] []
[2021-04-01 18:40:50] generateOTP.INFO: test [] []
[2021-04-01 18:48:19] generateOTP.INFO: test [] []
[2021-04-01 18:48:20] generateOTP.INFO: test [] []
[2021-04-01 18:48:26] generateOTP.INFO: test [] []
[2021-04-01 18:48:31] generateOTP.INFO: test [] []
[2021-04-01 18:48:31] generateOTP.INFO: test [] []
[2021-04-01 18:48:33] generateOTP.INFO: test [] []
[2021-04-01 18:48:33] generateOTP.INFO: test [] []
[2021-04-01 18:54:49] generateOTP.INFO: test [] []
[2021-04-01 18:54:54] generateOTP.INFO: test [] []
[2021-04-01 19:02:42] generateOTP.INFO: test [] []
[2021-04-01 19:07:45] generateOTP.INFO: test [] []
[2021-04-01 19:07:46] generateOTP.INFO: test [] []
[2021-04-01 19:08:11] generateOTP.INFO: test [] []
[2021-04-01 19:09:09] generateOTP.INFO: test [] []
[2021-04-01 19:09:25] generateOTP.INFO: test [] []
[2021-04-01 19:09:40] generateOTP.INFO: test [] []
[2021-04-01 19:13:49] generateOTP.INFO: test [] []
[2021-04-01 19:20:37] generateOTP.INFO: test [] []
[2021-04-01 19:22:11] generateOTP.INFO: test [] []
