[2020-01-01 10:34:49] generateOTP.INFO: test [] []
[2020-01-01 10:34:51] generateOTP.INFO: test [] []
[2020-01-01 10:35:02] generateOTP.INFO: test [] []
[2020-01-01 10:35:02] generateOTP.INFO: test [] []
[2020-01-01 10:35:02] generateOTP.INFO: test [] []
[2020-01-01 10:35:02] generateOTP.INFO: test [] []
[2020-01-01 10:35:13] generateOTP.INFO: test [] []
[2020-01-01 10:35:13] generateOTP.INFO: test [] []
[2020-01-01 10:35:13] generateOTP.INFO: test [] []
[2020-01-01 10:35:13] generateOTP.INFO: test [] []
[2020-01-01 10:35:17] generateOTP.INFO: test [] []
[2020-01-01 10:35:18] generateOTP.INFO: test [] []
[2020-01-01 10:35:27] generateOTP.INFO: test [] []
[2020-01-01 10:35:27] generateOTP.INFO: test [] []
[2020-01-01 10:35:27] generateOTP.INFO: test [] []
[2020-01-01 10:35:27] generateOTP.INFO: test [] []
[2020-01-01 10:36:41] generateOTP.INFO: test [] []
[2020-01-01 10:36:51] generateOTP.INFO: test [] []
[2020-01-01 10:37:15] generateOTP.INFO: test [] []
[2020-01-01 10:37:21] generateOTP.INFO: test [] []
[2020-01-01 10:37:21] generateOTP.INFO: test [] []
[2020-01-01 10:37:21] generateOTP.INFO: test [] []
[2020-01-01 10:37:21] generateOTP.INFO: test [] []
[2020-01-01 10:37:43] generateOTP.INFO: test [] []
[2020-01-01 10:38:26] generateOTP.INFO: test [] []
[2020-01-01 10:41:24] generateOTP.INFO: test [] []
[2020-01-01 10:41:25] generateOTP.INFO: test [] []
[2020-01-01 10:41:49] generateOTP.INFO: test [] []
[2020-01-01 10:41:51] generateOTP.INFO: test [] []
[2020-01-01 10:41:51] generateOTP.INFO: test [] []
[2020-01-01 10:41:51] generateOTP.INFO: test [] []
[2020-01-01 10:42:12] generateOTP.INFO: test [] []
[2020-01-01 10:42:22] generateOTP.INFO: test [] []
[2020-01-01 10:42:26] generateOTP.INFO: test [] []
[2020-01-01 10:42:30] generateOTP.INFO: test [] []
[2020-01-01 10:42:57] generateOTP.INFO: test [] []
[2020-01-01 10:42:57] generateOTP.INFO: test [] []
[2020-01-01 10:42:57] generateOTP.INFO: test [] []
[2020-01-01 10:42:57] generateOTP.INFO: test [] []
[2020-01-01 10:43:18] generateOTP.INFO: test [] []
[2020-01-01 10:43:26] generateOTP.INFO: test [] []
[2020-01-01 10:43:54] generateOTP.INFO: test [] []
[2020-01-01 10:46:04] generateOTP.INFO: test [] []
[2020-01-01 10:57:01] generateOTP.INFO: {"edit":"0","policy_no":"378","subtype_text":"1","sum_insure":"800000","familyConstruct":"1A","tenure":"1 Year","family_members_id":"0","family_gender":"Female","first_name":"Savita","middle_name":"df","last_name":"mohan","family_date_birth":"07-07-1975","age":"44","age_type":"years","family_id":"","s_date":"","marriage_date":"","premium_parent":"","contri_parent":"","premium":"5799","policyNo":"378","familyDataType":"undefined","empId":"619829","product":"QBTv5db9151ad1c21","declare":"[]"} [] []
[2020-01-01 10:58:10] documentsSave.INFO: {"ops_type":"[\"Enrollment form\",\"Cheque Copy\"]","ext0":"undefined","ext1":"undefined","ids":"7","update_datas":"undefined"} [] []
[2020-01-01 10:58:10] documentsSaveFiles.INFO: [{"name":"COI_1A-2K-Cancer Secure.pdf","type":"application\/pdf","tmp_name":"\/tmp\/phpz6eFCa","error":0,"size":1345534},{"name":"COI_1A-1K-Cancer Secure.pdf","type":"application\/pdf","tmp_name":"\/tmp\/phpGDbAEy","error":0,"size":1345494}] [] []
[2020-01-01 10:58:29] generateOTP.INFO: test [] []
[2020-01-01 10:58:49] generateOTP.INFO: test [] []
[2020-01-01 10:58:49] generateOTP.INFO: test [] []
[2020-01-01 10:58:50] generateOTP.INFO: test [] []
[2020-01-01 10:58:50] generateOTP.INFO: test [] []
[2020-01-01 11:00:17] generateOTP.INFO: {"edit":"0","policy_no":"378","subtype_text":"1","sum_insure":"2000000","familyConstruct":"1A","tenure":"1 Year","family_members_id":"0","family_gender":"Female","first_name":"Shruthi","middle_name":"Mohan","last_name":"Nair","family_date_birth":"05-05-1993","age":"26","age_type":"years","family_id":"","s_date":"","marriage_date":"","premium_parent":"","contri_parent":"","premium":"6299","policyNo":"378","familyDataType":"undefined","empId":"619830","product":"QBTv5db9151ad1c21","declare":"[]"} [] []
[2020-01-01 11:00:24] generateOTP.INFO: {"edit":"0","subtype_text":"3","policy_no":"379","sum_insure":"500000","familyConstruct":"1A","tenure":"1 Year","family_members_id":"0","family_gender":"Female","first_name":"Shruthi","middle_name":"Mohan","last_name":"Nair","family_date_birth":"05-05-1993","age":"26","age_type":"years","family_id":"","s_date":"","marriage_date":"","premium_parent":"","contri_parent":"","premium":"2099","policyNo":"379","familyDataType":"family_construct","product":"QBTv5db9151ad1c21","empId":"619830"} [] []
[2020-01-01 11:01:24] documentsSave.INFO: {"ops_type":"[\"Enrollment form\",\"Cheque Copy\"]","ext0":"undefined","ext1":"undefined","ids":"8,9","update_datas":"undefined"} [] []
[2020-01-01 11:01:24] documentsSaveFiles.INFO: [{"name":"COI-1A-CS.pdf","type":"application\/pdf","tmp_name":"\/tmp\/phpZn45SJ","error":0,"size":1345480},{"name":"COI_1A-1K-Cancer Secure.pdf","type":"application\/pdf","tmp_name":"\/tmp\/phplpTP9G","error":0,"size":1345494}] [] []
[2020-01-01 11:01:38] generateOTP.INFO: test [] []
[2020-01-01 11:02:02] generateOTP.INFO: test [] []
[2020-01-01 11:02:02] generateOTP.INFO: test [] []
[2020-01-01 11:02:02] generateOTP.INFO: test [] []
[2020-01-01 11:02:02] generateOTP.INFO: test [] []
[2020-01-01 11:02:06] generateOTP.INFO: test [] []
[2020-01-01 11:02:24] generateOTP.INFO: test [] []
[2020-01-01 11:02:25] generateOTP.INFO: test [] []
[2020-01-01 11:02:42] generateOTP.INFO: test [] []
[2020-01-01 11:03:50] generateOTP.INFO: test [] []
[2020-01-01 11:05:07] generateOTP.INFO: test [] []
[2020-01-01 11:27:19] generateOTP.INFO: test [] []
[2020-01-01 11:27:21] generateOTP.INFO: test [] []
[2020-01-01 11:27:46] generateOTP.INFO: test [] []
[2020-01-01 11:27:50] generateOTP.INFO: test [] []
[2020-01-01 11:28:28] generateOTP.INFO: test [] []
[2020-01-01 11:28:29] generateOTP.INFO: test [] []
[2020-01-01 11:28:42] generateOTP.INFO: test [] []
[2020-01-01 11:29:20] generateOTP.INFO: test [] []
[2020-01-01 11:29:41] generateOTP.INFO: test [] []
[2020-01-01 11:29:45] generateOTP.INFO: test [] []
[2020-01-01 11:29:49] generateOTP.INFO: test [] []
[2020-01-01 11:29:49] generateOTP.INFO: test [] []
[2020-01-01 11:29:50] generateOTP.INFO: test [] []
[2020-01-01 11:29:50] generateOTP.INFO: test [] []
[2020-01-01 11:29:53] generateOTP.INFO: test [] []
[2020-01-01 11:29:53] generateOTP.INFO: test [] []
[2020-01-01 11:29:54] generateOTP.INFO: test [] []
[2020-01-01 11:29:54] generateOTP.INFO: test [] []
[2020-01-01 11:30:03] generateOTP.INFO: test [] []
[2020-01-01 11:30:22] generateOTP.INFO: test [] []
[2020-01-01 11:30:22] generateOTP.INFO: test [] []
[2020-01-01 11:32:58] generateOTP.INFO: test [] []
[2020-01-01 11:32:58] generateOTP.INFO: test [] []
[2020-01-01 11:32:59] generateOTP.INFO: test [] []
[2020-01-01 11:32:59] generateOTP.INFO: test [] []
[2020-01-01 11:34:42] generateOTP.INFO: test [] []
[2020-01-01 11:35:06] generateOTP.INFO: {"edit":"0","policy_no":"378","subtype_text":"1","sum_insure":"800000","familyConstruct":"1A","tenure":"1 Year","family_members_id":"0","family_gender":"Male","first_name":"Sidd","middle_name":"dfdsf","last_name":"dsfdsf","family_date_birth":"06-03-1985","age":"34","age_type":"years","family_id":"","s_date":"","marriage_date":"","premium_parent":"","contri_parent":"","premium":"5799","policyNo":"378","familyDataType":"undefined","empId":"619831","product":"QBTv5db9151ad1c21","declare":"[]"} [] []
[2020-01-01 11:35:29] generateOTP.INFO: {"edit":"0","subtype_text":"3","policy_no":"379","sum_insure":"1000000","familyConstruct":"1A","tenure":"1 Year","family_members_id":"0","family_gender":"Male","first_name":"Sidd","middle_name":"dfdsf","last_name":"dsfdsf","family_date_birth":"06-03-1985","age":"34","age_type":"years","family_id":"","s_date":"","marriage_date":"","premium_parent":"","contri_parent":"","premium":"4198","policyNo":"379","familyDataType":"family_construct","product":"QBTv5db9151ad1c21","empId":"619831"} [] []
[2020-01-01 11:37:50] documentsSave.INFO: {"ops_type":"[\"Enrollment form\",\"Cheque Copy\"]","ext0":"undefined","ext1":"undefined","ids":"10,11","update_datas":"undefined"} [] []
[2020-01-01 11:37:50] documentsSaveFiles.INFO: [{"name":"COI-1A-CS.pdf","type":"application\/pdf","tmp_name":"\/tmp\/phpQgp184","error":0,"size":1345480},{"name":"COI_1A-1K-Cancer Secure.pdf","type":"application\/pdf","tmp_name":"\/tmp\/phpM1N1In","error":0,"size":1345494}] [] []
[2020-01-01 11:37:54] generateOTP.INFO: test [] []
[2020-01-01 11:38:12] generateOTP.INFO: test [] []
[2020-01-01 11:38:19] generateOTP.INFO: test [] []
[2020-01-01 11:38:20] generateOTP.INFO: test [] []
[2020-01-01 11:38:24] generateOTP.INFO: test [] []
[2020-01-01 11:38:32] generateOTP.INFO: test [] []
[2020-01-01 11:38:38] generateOTP.INFO: test [] []
[2020-01-01 11:38:42] generateOTP.INFO: test [] []
[2020-01-01 11:38:43] generateOTP.INFO: test [] []
[2020-01-01 11:38:54] generateOTP.INFO: test [] []
[2020-01-01 11:38:57] generateOTP.INFO: test [] []
[2020-01-01 11:40:01] generateOTP.INFO: test [] []
[2020-01-01 11:40:24] generateOTP.INFO: test [] []
[2020-01-01 11:42:47] generateOTP.INFO: test [] []
[2020-01-01 11:43:38] generateOTP.INFO: test [] []
[2020-01-01 11:43:56] generateOTP.INFO: test [] []
[2020-01-01 11:44:23] generateOTP.INFO: test [] []
[2020-01-01 11:44:31] generateOTP.INFO: test [] []
[2020-01-01 11:45:06] generateOTP.INFO: test [] []
[2020-01-01 11:47:13] generateOTP.INFO: test [] []
[2020-01-01 11:51:38] generateOTP.INFO: test [] []
[2020-01-01 11:51:41] generateOTP.INFO: test [] []
[2020-01-01 11:52:27] generateOTP.INFO: test [] []
[2020-01-01 11:52:28] generateOTP.INFO: test [] []
[2020-01-01 11:52:44] generateOTP.INFO: test [] []
[2020-01-01 11:53:37] generateOTP.INFO: test [] []
[2020-01-01 11:53:38] generateOTP.INFO: test [] []
[2020-01-01 11:53:38] generateOTP.INFO: test [] []
[2020-01-01 11:53:38] generateOTP.INFO: test [] []
[2020-01-01 11:53:40] generateOTP.INFO: test [] []
[2020-01-01 11:53:46] generateOTP.INFO: test [] []
[2020-01-01 11:53:47] generateOTP.INFO: test [] []
[2020-01-01 11:53:54] generateOTP.INFO: test [] []
[2020-01-01 11:53:54] generateOTP.INFO: test [] []
[2020-01-01 11:53:54] generateOTP.INFO: test [] []
[2020-01-01 11:53:54] generateOTP.INFO: test [] []
[2020-01-01 11:53:57] generateOTP.INFO: test [] []
[2020-01-01 11:53:57] generateOTP.INFO: test [] []
[2020-01-01 11:54:05] generateOTP.INFO: test [] []
[2020-01-01 11:54:05] generateOTP.INFO: test [] []
[2020-01-01 11:54:05] generateOTP.INFO: test [] []
[2020-01-01 11:54:05] generateOTP.INFO: test [] []
[2020-01-01 11:54:19] generateOTP.INFO: test [] []
[2020-01-01 11:54:24] generateOTP.INFO: test [] []
[2020-01-01 11:54:27] generateOTP.INFO: test [] []
[2020-01-01 11:55:19] generateOTP.INFO: test [] []
[2020-01-01 11:55:19] generateOTP.INFO: test [] []
[2020-01-01 11:55:19] generateOTP.INFO: test [] []
[2020-01-01 11:55:19] generateOTP.INFO: test [] []
[2020-01-01 11:56:02] generateOTP.INFO: test [] []
[2020-01-01 11:59:48] generateOTP.INFO: test [] []
[2020-01-01 12:00:57] generateOTP.INFO: test [] []
[2020-01-01 12:01:15] generateOTP.INFO: test [] []
[2020-01-01 12:01:21] generateOTP.INFO: test [] []
[2020-01-01 12:01:21] generateOTP.INFO: test [] []
[2020-01-01 12:01:39] generateOTP.INFO: test [] []
[2020-01-01 12:01:40] generateOTP.INFO: test [] []
[2020-01-01 12:01:40] generateOTP.INFO: test [] []
[2020-01-01 12:01:40] generateOTP.INFO: test [] []
[2020-01-01 12:01:44] generateOTP.INFO: test [] []
[2020-01-01 12:02:25] generateOTP.INFO: test [] []
[2020-01-01 12:03:16] generateOTP.INFO: test [] []
[2020-01-01 12:03:23] generateOTP.INFO: test [] []
[2020-01-01 12:03:26] generateOTP.INFO: test [] []
[2020-01-01 12:03:27] generateOTP.INFO: test [] []
[2020-01-01 12:03:42] generateOTP.INFO: test [] []
[2020-01-01 12:03:46] generateOTP.INFO: test [] []
[2020-01-01 12:04:16] generateOTP.INFO: test [] []
[2020-01-01 12:04:18] generateOTP.INFO: test [] []
[2020-01-01 12:04:18] generateOTP.INFO: test [] []
[2020-01-01 12:04:19] generateOTP.INFO: test [] []
[2020-01-01 12:04:19] generateOTP.INFO: test [] []
[2020-01-01 12:04:29] generateOTP.INFO: test [] []
[2020-01-01 12:04:38] generateOTP.INFO: test [] []
[2020-01-01 12:04:56] generateOTP.INFO: test [] []
[2020-01-01 12:05:11] generateOTP.INFO: test [] []
[2020-01-01 12:05:18] generateOTP.INFO: test [] []
[2020-01-01 12:08:38] generateOTP.INFO: test [] []
[2020-01-01 12:09:58] generateOTP.INFO: test [] []
[2020-01-01 12:10:15] generateOTP.INFO: test [] []
[2020-01-01 12:11:32] generateOTP.INFO: test [] []
[2020-01-01 12:12:34] generateOTP.INFO: test [] []
[2020-01-01 12:12:56] generateOTP.INFO: test [] []
[2020-01-01 12:13:22] documentsSave.INFO: {"ops_type":"[\"Enrollment form\",\"Cheque Copy\"]","ext0":"undefined","ext1":"undefined","ids":"10,11","update_datas":"update"} [] []
[2020-01-01 12:13:22] documentsSaveFiles.INFO: [{"name":"COI-1A-CS.pdf","type":"application\/pdf","tmp_name":"\/tmp\/phpKAReZr","error":0,"size":1345480},{"name":"COI_1A-1K-Cancer Secure.pdf","type":"application\/pdf","tmp_name":"\/tmp\/phpNWU7j7","error":0,"size":1345494}] [] []
[2020-01-01 12:13:26] generateOTP.INFO: test [] []
[2020-01-01 12:13:34] generateOTP.INFO: test [] []
[2020-01-01 12:13:43] generateOTP.INFO: test [] []
[2020-01-01 12:14:16] generateOTP.INFO: test [] []
[2020-01-01 12:14:35] generateOTP.INFO: test [] []
[2020-01-01 12:14:54] generateOTP.INFO: test [] []
[2020-01-01 12:15:25] generateOTP.INFO: test [] []
[2020-01-01 12:15:26] generateOTP.INFO: test [] []
[2020-01-01 12:15:37] generateOTP.INFO: test [] []
[2020-01-01 12:15:38] generateOTP.INFO: test [] []
[2020-01-01 12:15:53] generateOTP.INFO: test [] []
[2020-01-01 12:16:01] generateOTP.INFO: test [] []
[2020-01-01 12:16:05] generateOTP.INFO: test [] []
[2020-01-01 12:16:22] generateOTP.INFO: test [] []
[2020-01-01 12:16:24] generateOTP.INFO: test [] []
[2020-01-01 12:16:24] generateOTP.INFO: test [] []
[2020-01-01 12:16:25] generateOTP.INFO: test [] []
[2020-01-01 12:16:25] generateOTP.INFO: test [] []
[2020-01-01 12:16:25] generateOTP.INFO: test [] []
[2020-01-01 12:16:25] generateOTP.INFO: test [] []
[2020-01-01 12:16:28] generateOTP.INFO: test [] []
[2020-01-01 12:16:28] generateOTP.INFO: test [] []
[2020-01-01 12:16:28] generateOTP.INFO: test [] []
[2020-01-01 12:16:30] generateOTP.INFO: test [] []
[2020-01-01 12:16:30] generateOTP.INFO: test [] []
[2020-01-01 12:16:30] generateOTP.INFO: test [] []
[2020-01-01 12:16:30] generateOTP.INFO: test [] []
[2020-01-01 12:16:31] generateOTP.INFO: test [] []
[2020-01-01 12:16:31] generateOTP.INFO: test [] []
[2020-01-01 12:16:31] generateOTP.INFO: test [] []
[2020-01-01 12:16:31] generateOTP.INFO: test [] []
[2020-01-01 12:16:31] generateOTP.INFO: test [] []
[2020-01-01 12:16:39] generateOTP.INFO: test [] []
[2020-01-01 12:16:40] generateOTP.INFO: test [] []
[2020-01-01 12:16:40] generateOTP.INFO: test [] []
[2020-01-01 12:16:40] generateOTP.INFO: test [] []
[2020-01-01 12:16:41] generateOTP.INFO: test [] []
[2020-01-01 12:16:41] generateOTP.INFO: test [] []
[2020-01-01 12:16:41] generateOTP.INFO: test [] []
[2020-01-01 12:16:47] generateOTP.INFO: test [] []
[2020-01-01 12:16:48] generateOTP.INFO: test [] []
[2020-01-01 12:16:49] generateOTP.INFO: test [] []
[2020-01-01 12:16:50] generateOTP.INFO: test [] []
[2020-01-01 12:16:50] generateOTP.INFO: test [] []
[2020-01-01 12:16:50] generateOTP.INFO: test [] []
[2020-01-01 12:17:32] generateOTP.INFO: test [] []
[2020-01-01 12:17:33] generateOTP.INFO: test [] []
[2020-01-01 12:17:33] generateOTP.INFO: test [] []
[2020-01-01 12:17:33] generateOTP.INFO: test [] []
[2020-01-01 12:17:33] generateOTP.INFO: test [] []
[2020-01-01 12:17:40] generateOTP.INFO: test [] []
[2020-01-01 12:17:40] generateOTP.INFO: test [] []
[2020-01-01 12:17:40] generateOTP.INFO: test [] []
[2020-01-01 12:17:40] generateOTP.INFO: test [] []
[2020-01-01 12:17:41] generateOTP.INFO: test [] []
[2020-01-01 12:17:41] generateOTP.INFO: test [] []
[2020-01-01 12:17:41] generateOTP.INFO: test [] []
[2020-01-01 12:17:41] generateOTP.INFO: test [] []
[2020-01-01 12:17:41] generateOTP.INFO: test [] []
[2020-01-01 12:18:16] generateOTP.INFO: test [] []
[2020-01-01 12:19:02] generateOTP.INFO: test [] []
[2020-01-01 12:19:10] generateOTP.INFO: test [] []
[2020-01-01 12:24:44] generateOTP.INFO: test [] []
[2020-01-01 12:24:45] generateOTP.INFO: test [] []
[2020-01-01 12:24:45] generateOTP.INFO: test [] []
[2020-01-01 12:24:45] generateOTP.INFO: test [] []
[2020-01-01 12:25:55] generateOTP.INFO: {"edit":"0","policy_no":"378","subtype_text":"1","sum_insure":"1000000","familyConstruct":"2A","tenure":"1 Year","family_members_id":"0","family_gender":"Female","first_name":"Asha","middle_name":"jkhgkyg","last_name":"jguyguyguyg","family_date_birth":"23-06-1983","age":"36","age_type":"years","family_id":"","s_date":"","marriage_date":"","premium_parent":"","contri_parent":"","premium":"6899","policyNo":"378","familyDataType":"undefined","empId":"619832","product":"QBTv5db9151ad1c21","declare":"[]"} [] []
[2020-01-01 12:26:10] generateOTP.INFO: {"edit":"0","policy_no":"378","subtype_text":"1","sum_insure":"1000000","familyConstruct":"2A","tenure":"1 Year","family_members_id":"1","family_gender":"Male","first_name":"aser","middle_name":"dfdfdf","last_name":"dsfdf","family_date_birth":"17-05-1990","age":"29","age_type":"years","family_id":"","s_date":"","marriage_date":"","premium_parent":"","contri_parent":"","premium":"6899","policyNo":"378","familyDataType":"undefined","empId":"619832","product":"QBTv5db9151ad1c21","declare":"[]"} [] []
[2020-01-01 12:26:55] documentsSave.INFO: {"ops_type":"[\"Enrollment form\",\"Cheque Copy\"]","ext0":"undefined","ext1":"undefined","ids":"12","update_datas":"undefined"} [] []
[2020-01-01 12:26:55] documentsSaveFiles.INFO: [{"name":"COI_1A-2K-Cancer Secure.pdf","type":"application\/pdf","tmp_name":"\/tmp\/php3nGfbM","error":0,"size":1345534},{"name":"COI_1A-1K-Cancer Secure.pdf","type":"application\/pdf","tmp_name":"\/tmp\/phpZXzcML","error":0,"size":1345494}] [] []
[2020-01-01 12:26:58] generateOTP.INFO: test [] []
[2020-01-01 12:27:33] generateOTP.INFO: test [] []
[2020-01-01 12:27:35] generateOTP.INFO: test [] []
[2020-01-01 12:27:47] generateOTP.INFO: test [] []
[2020-01-01 12:27:48] generateOTP.INFO: test [] []
[2020-01-01 12:27:56] generateOTP.INFO: test [] []
[2020-01-01 12:27:56] generateOTP.INFO: test [] []
[2020-01-01 12:27:57] generateOTP.INFO: test [] []
[2020-01-01 12:27:57] generateOTP.INFO: test [] []
[2020-01-01 12:29:08] generateOTP.INFO: {"edit":"0","subtype_text":"3","policy_no":"379","sum_insure":"1000000","familyConstruct":"1A","tenure":"1 Year","family_members_id":"0","family_gender":"Male","first_name":"Raj","middle_name":"jhgkjhg","last_name":"hjhkjghjj","family_date_birth":"14-05-1987","age":"32","age_type":"years","family_id":"","s_date":"","marriage_date":"","premium_parent":"","contri_parent":"","premium":"4198","policyNo":"379","familyDataType":"family_construct","product":"QBTv5db9151ad1c21","empId":"619833"} [] []
[2020-01-01 12:29:56] documentsSave.INFO: {"ops_type":"[\"Enrollment form\",\"Cheque Copy\"]","ext0":"undefined","ext1":"undefined","ids":"13","update_datas":"undefined"} [] []
[2020-01-01 12:29:56] documentsSaveFiles.INFO: [{"name":"COI_1A-1K-Cancer Secure.pdf","type":"application\/pdf","tmp_name":"\/tmp\/php8x2ytE","error":0,"size":1345494},{"name":"COI_1A-2K-Cancer Secure.pdf","type":"application\/pdf","tmp_name":"\/tmp\/phpsp0mhw","error":0,"size":1345534}] [] []
[2020-01-01 12:29:59] generateOTP.INFO: test [] []
[2020-01-01 12:30:34] generateOTP.INFO: test [] []
[2020-01-01 12:30:35] generateOTP.INFO: test [] []
[2020-01-01 12:30:51] generateOTP.INFO: test [] []
[2020-01-01 12:30:58] generateOTP.INFO: test [] []
[2020-01-01 12:30:58] generateOTP.INFO: test [] []
[2020-01-01 12:30:58] generateOTP.INFO: test [] []
[2020-01-01 12:30:58] generateOTP.INFO: test [] []
[2020-01-01 12:32:22] generateOTP.INFO: test [] []
[2020-01-01 12:32:38] generateOTP.INFO: test [] []
[2020-01-01 12:34:08] generateOTP.INFO: test [] []
[2020-01-01 12:34:28] generateOTP.INFO: test [] []
[2020-01-01 12:35:34] generateOTP.INFO: test [] []
[2020-01-01 12:35:46] generateOTP.INFO: test [] []
[2020-01-01 12:36:02] generateOTP.INFO: test [] []
[2020-01-01 12:36:21] generateOTP.INFO: test [] []
[2020-01-01 12:37:07] generateOTP.INFO: test [] []
[2020-01-01 12:37:08] generateOTP.INFO: test [] []
[2020-01-01 12:37:25] generateOTP.INFO: test [] []
[2020-01-01 12:37:38] generateOTP.INFO: test [] []
[2020-01-01 12:38:05] generateOTP.INFO: test [] []
[2020-01-01 12:38:27] generateOTP.INFO: test [] []
[2020-01-01 12:38:48] generateOTP.INFO: test [] []
[2020-01-01 12:38:59] generateOTP.INFO: test [] []
[2020-01-01 12:39:00] generateOTP.INFO: test [] []
[2020-01-01 12:39:04] generateOTP.INFO: test [] []
[2020-01-01 12:39:13] generateOTP.INFO: test [] []
[2020-01-01 12:39:14] generateOTP.INFO: test [] []
[2020-01-01 12:39:14] generateOTP.INFO: test [] []
[2020-01-01 12:39:14] generateOTP.INFO: test [] []
[2020-01-01 12:39:24] generateOTP.INFO: test [] []
[2020-01-01 12:39:34] generateOTP.INFO: test [] []
[2020-01-01 12:40:08] generateOTP.INFO: test [] []
[2020-01-01 12:40:50] generateOTP.INFO: test [] []
[2020-01-01 12:41:27] generateOTP.INFO: test [] []
[2020-01-01 12:41:28] generateOTP.INFO: test [] []
[2020-01-01 12:41:29] generateOTP.INFO: test [] []
[2020-01-01 12:41:36] generateOTP.INFO: test [] []
[2020-01-01 12:41:45] generateOTP.INFO: test [] []
[2020-01-01 12:41:53] generateOTP.INFO: test [] []
[2020-01-01 12:41:57] generateOTP.INFO: test [] []
[2020-01-01 12:42:05] generateOTP.INFO: test [] []
[2020-01-01 12:43:13] generateOTP.INFO: test [] []
[2020-01-01 12:43:31] generateOTP.INFO: test [] []
[2020-01-01 12:45:04] generateOTP.INFO: test [] []
[2020-01-01 12:45:07] generateOTP.INFO: test [] []
[2020-01-01 12:45:07] generateOTP.INFO: test [] []
[2020-01-01 12:45:07] generateOTP.INFO: test [] []
[2020-01-01 12:45:07] generateOTP.INFO: test [] []
[2020-01-01 12:45:07] generateOTP.INFO: test [] []
[2020-01-01 12:45:08] generateOTP.INFO: test [] []
[2020-01-01 12:45:08] generateOTP.INFO: test [] []
[2020-01-01 12:45:19] generateOTP.INFO: test [] []
[2020-01-01 12:45:30] generateOTP.INFO: test [] []
[2020-01-01 12:45:30] generateOTP.INFO: test [] []
[2020-01-01 12:45:30] generateOTP.INFO: test [] []
[2020-01-01 12:45:30] generateOTP.INFO: test [] []
[2020-01-01 12:52:09] generateOTP.INFO: test [] []
[2020-01-01 12:52:09] generateOTP.INFO: test [] []
[2020-01-01 12:52:09] generateOTP.INFO: test [] []
[2020-01-01 12:52:09] generateOTP.INFO: test [] []
[2020-01-01 12:54:19] generateOTP.INFO: test [] []
[2020-01-01 12:56:41] generateOTP.INFO: test [] []
[2020-01-01 12:56:41] generateOTP.INFO: test [] []
[2020-01-01 12:56:41] generateOTP.INFO: test [] []
[2020-01-01 12:56:41] generateOTP.INFO: test [] []
[2020-01-01 13:04:51] generateOTP.INFO: test [] []
[2020-01-01 13:04:55] generateOTP.INFO: test [] []
[2020-01-01 13:04:56] generateOTP.INFO: test [] []
[2020-01-01 13:04:58] generateOTP.INFO: test [] []
[2020-01-01 13:05:00] generateOTP.INFO: test [] []
[2020-01-01 13:05:01] generateOTP.INFO: test [] []
[2020-01-01 13:05:09] generateOTP.INFO: test [] []
[2020-01-01 13:05:16] generateOTP.INFO: test [] []
[2020-01-01 13:05:16] generateOTP.INFO: test [] []
[2020-01-01 13:05:16] generateOTP.INFO: test [] []
[2020-01-01 13:05:18] generateOTP.INFO: test [] []
[2020-01-01 13:05:24] generateOTP.INFO: test [] []
[2020-01-01 13:05:45] generateOTP.INFO: test [] []
[2020-01-01 13:05:46] generateOTP.INFO: test [] []
[2020-01-01 13:05:49] generateOTP.INFO: test [] []
[2020-01-01 13:05:52] generateOTP.INFO: test [] []
[2020-01-01 13:06:39] generateOTP.INFO: test [] []
[2020-01-01 13:06:56] generateOTP.INFO: test [] []
[2020-01-01 13:08:03] generateOTP.INFO: test [] []
[2020-01-01 13:08:07] generateOTP.INFO: test [] []
[2020-01-01 13:08:10] generateOTP.INFO: test [] []
[2020-01-01 13:08:15] generateOTP.INFO: test [] []
[2020-01-01 13:08:37] generateOTP.INFO: test [] []
[2020-01-01 13:09:29] generateOTP.INFO: test [] []
[2020-01-01 13:11:11] generateOTP.INFO: test [] []
[2020-01-01 13:11:12] generateOTP.INFO: test [] []
[2020-01-01 13:11:28] generateOTP.INFO: test [] []
[2020-01-01 13:11:28] generateOTP.INFO: test [] []
[2020-01-01 13:11:28] generateOTP.INFO: test [] []
[2020-01-01 13:11:28] generateOTP.INFO: test [] []
[2020-01-01 13:11:33] generateOTP.INFO: test [] []
[2020-01-01 13:11:52] generateOTP.INFO: test [] []
[2020-01-01 13:11:52] generateOTP.INFO: test [] []
[2020-01-01 13:11:52] generateOTP.INFO: test [] []
[2020-01-01 13:11:52] generateOTP.INFO: test [] []
[2020-01-01 13:12:19] generateOTP.INFO: test [] []
[2020-01-01 13:12:33] generateOTP.INFO: test [] []
[2020-01-01 13:12:38] generateOTP.INFO: test [] []
[2020-01-01 13:13:49] generateOTP.INFO: test [] []
[2020-01-01 13:13:51] generateOTP.INFO: test [] []
[2020-01-01 13:13:57] generateOTP.INFO: test [] []
[2020-01-01 13:14:01] generateOTP.INFO: test [] []
[2020-01-01 13:14:02] generateOTP.INFO: test [] []
[2020-01-01 13:14:03] generateOTP.INFO: test [] []
[2020-01-01 13:14:13] generateOTP.INFO: test [] []
[2020-01-01 13:14:13] generateOTP.INFO: test [] []
[2020-01-01 13:14:13] generateOTP.INFO: test [] []
[2020-01-01 13:14:13] generateOTP.INFO: test [] []
[2020-01-01 13:14:21] generateOTP.INFO: test [] []
[2020-01-01 13:14:29] generateOTP.INFO: test [] []
[2020-01-01 13:14:31] generateOTP.INFO: test [] []
[2020-01-01 13:14:37] generateOTP.INFO: test [] []
[2020-01-01 13:15:00] generateOTP.INFO: test [] []
[2020-01-01 13:15:19] generateOTP.INFO: test [] []
[2020-01-01 13:15:25] generateOTP.INFO: test [] []
[2020-01-01 13:15:38] generateOTP.INFO: test [] []
[2020-01-01 13:15:44] generateOTP.INFO: test [] []
[2020-01-01 13:16:44] generateOTP.INFO: test [] []
[2020-01-01 13:18:05] generateOTP.INFO: test [] []
[2020-01-01 13:18:56] generateOTP.INFO: test [] []
[2020-01-01 13:19:11] generateOTP.INFO: test [] []
[2020-01-01 13:19:13] generateOTP.INFO: test [] []
[2020-01-01 13:19:28] generateOTP.INFO: test [] []
[2020-01-01 13:19:28] generateOTP.INFO: test [] []
[2020-01-01 13:19:28] generateOTP.INFO: test [] []
[2020-01-01 13:19:28] generateOTP.INFO: test [] []
[2020-01-01 13:19:47] generateOTP.INFO: test [] []
[2020-01-01 13:19:58] generateOTP.INFO: test [] []
[2020-01-01 13:20:02] generateOTP.INFO: test [] []
[2020-01-01 13:20:10] generateOTP.INFO: test [] []
[2020-01-01 13:20:39] generateOTP.INFO: test [] []
[2020-01-01 13:20:58] generateOTP.INFO: test [] []
[2020-01-01 13:21:10] generateOTP.INFO: test [] []
[2020-01-01 13:22:19] generateOTP.INFO: test [] []
[2020-01-01 13:23:14] generateOTP.INFO: test [] []
[2020-01-01 13:23:19] generateOTP.INFO: test [] []
[2020-01-01 13:23:39] generateOTP.INFO: test [] []
[2020-01-01 13:23:39] generateOTP.INFO: test [] []
[2020-01-01 13:23:40] generateOTP.INFO: test [] []
[2020-01-01 13:23:40] generateOTP.INFO: test [] []
[2020-01-01 13:23:57] generateOTP.INFO: test [] []
[2020-01-01 13:24:02] generateOTP.INFO: test [] []
[2020-01-01 13:24:02] generateOTP.INFO: test [] []
[2020-01-01 13:24:03] generateOTP.INFO: test [] []
[2020-01-01 13:24:03] generateOTP.INFO: test [] []
[2020-01-01 13:25:05] generateOTP.INFO: test [] []
[2020-01-01 13:25:06] generateOTP.INFO: test [] []
[2020-01-01 13:25:06] generateOTP.INFO: test [] []
[2020-01-01 13:25:06] generateOTP.INFO: test [] []
[2020-01-01 13:25:25] generateOTP.INFO: test [] []
[2020-01-01 13:25:35] generateOTP.INFO: test [] []
[2020-01-01 13:26:06] generateOTP.INFO: test [] []
[2020-01-01 13:26:30] generateOTP.INFO: test [] []
[2020-01-01 13:27:07] generateOTP.INFO: test [] []
[2020-01-01 13:31:00] generateOTP.INFO: test [] []
[2020-01-01 13:31:00] generateOTP.INFO: test [] []
[2020-01-01 13:31:01] generateOTP.INFO: test [] []
[2020-01-01 13:31:01] generateOTP.INFO: test [] []
[2020-01-01 13:36:14] generateOTP.INFO: test [] []
[2020-01-01 13:36:47] generateOTP.INFO: test [] []
[2020-01-01 13:38:25] generateOTP.INFO: test [] []
[2020-01-01 13:38:34] generateOTP.INFO: test [] []
[2020-01-01 13:38:34] generateOTP.INFO: test [] []
[2020-01-01 13:38:35] generateOTP.INFO: test [] []
[2020-01-01 13:38:35] generateOTP.INFO: test [] []
[2020-01-01 13:38:45] generateOTP.INFO: test [] []
[2020-01-01 13:38:57] generateOTP.INFO: test [] []
[2020-01-01 13:38:57] generateOTP.INFO: test [] []
[2020-01-01 13:38:58] generateOTP.INFO: test [] []
[2020-01-01 13:38:58] generateOTP.INFO: test [] []
[2020-01-01 13:39:09] generateOTP.INFO: test [] []
[2020-01-01 13:39:17] generateOTP.INFO: test [] []
[2020-01-01 13:39:21] generateOTP.INFO: test [] []
[2020-01-01 13:39:42] generateOTP.INFO: test [] []
[2020-01-01 13:39:45] generateOTP.INFO: test [] []
[2020-01-01 13:39:52] generateOTP.INFO: test [] []
[2020-01-01 13:40:25] generateOTP.INFO: test [] []
[2020-01-01 13:40:25] generateOTP.INFO: test [] []
[2020-01-01 13:40:26] generateOTP.INFO: test [] []
[2020-01-01 13:40:26] generateOTP.INFO: test [] []
[2020-01-01 13:40:44] generateOTP.INFO: test [] []
[2020-01-01 13:41:09] generateOTP.INFO: test [] []
[2020-01-01 13:41:12] generateOTP.INFO: test [] []
[2020-01-01 13:41:12] generateOTP.INFO: test [] []
[2020-01-01 13:41:13] generateOTP.INFO: test [] []
[2020-01-01 13:41:13] generateOTP.INFO: test [] []
[2020-01-01 13:41:38] generateOTP.INFO: test [] []
[2020-01-01 13:41:43] generateOTP.INFO: test [] []
[2020-01-01 13:41:50] generateOTP.INFO: test [] []
[2020-01-01 13:41:54] generateOTP.INFO: test [] []
[2020-01-01 13:41:57] generateOTP.INFO: test [] []
[2020-01-01 13:42:00] generateOTP.INFO: test [] []
[2020-01-01 13:42:20] generateOTP.INFO: test [] []
[2020-01-01 13:42:20] generateOTP.INFO: test [] []
[2020-01-01 13:42:20] generateOTP.INFO: test [] []
[2020-01-01 13:42:20] generateOTP.INFO: test [] []
[2020-01-01 13:42:42] generateOTP.INFO: test [] []
[2020-01-01 13:42:51] generateOTP.INFO: test [] []
[2020-01-01 13:42:56] generateOTP.INFO: test [] []
[2020-01-01 13:42:56] generateOTP.INFO: test [] []
[2020-01-01 13:42:56] generateOTP.INFO: test [] []
[2020-01-01 13:42:56] generateOTP.INFO: test [] []
[2020-01-01 13:43:16] generateOTP.INFO: test [] []
[2020-01-01 13:43:19] generateOTP.INFO: test [] []
[2020-01-01 13:44:01] generateOTP.INFO: test [] []
[2020-01-01 13:44:01] generateOTP.INFO: test [] []
[2020-01-01 13:44:01] generateOTP.INFO: test [] []
[2020-01-01 13:44:01] generateOTP.INFO: test [] []
[2020-01-01 13:44:08] generateOTP.INFO: test [] []
[2020-01-01 13:44:09] generateOTP.INFO: test [] []
[2020-01-01 13:44:31] generateOTP.INFO: test [] []
[2020-01-01 13:44:31] generateOTP.INFO: test [] []
[2020-01-01 13:44:32] generateOTP.INFO: test [] []
[2020-01-01 13:44:32] generateOTP.INFO: test [] []
[2020-01-01 13:45:39] generateOTP.INFO: test [] []
[2020-01-01 13:45:39] generateOTP.INFO: test [] []
[2020-01-01 13:45:39] generateOTP.INFO: test [] []
[2020-01-01 13:45:39] generateOTP.INFO: test [] []
[2020-01-01 13:46:26] generateOTP.INFO: test [] []
[2020-01-01 13:46:26] generateOTP.INFO: test [] []
[2020-01-01 13:46:26] generateOTP.INFO: test [] []
[2020-01-01 13:46:26] generateOTP.INFO: test [] []
[2020-01-01 13:46:31] generateOTP.INFO: test [] []
[2020-01-01 13:46:50] generateOTP.INFO: test [] []
[2020-01-01 13:47:03] generateOTP.INFO: test [] []
[2020-01-01 13:47:03] generateOTP.INFO: test [] []
[2020-01-01 13:47:03] generateOTP.INFO: test [] []
[2020-01-01 13:47:03] generateOTP.INFO: test [] []
[2020-01-01 13:47:07] generateOTP.INFO: test [] []
[2020-01-01 13:47:11] generateOTP.INFO: test [] []
[2020-01-01 13:47:11] generateOTP.INFO: test [] []
[2020-01-01 13:47:11] generateOTP.INFO: test [] []
[2020-01-01 13:47:11] generateOTP.INFO: test [] []
[2020-01-01 13:47:25] generateOTP.INFO: test [] []
[2020-01-01 13:48:37] generateOTP.INFO: test [] []
[2020-01-01 13:48:43] generateOTP.INFO: test [] []
[2020-01-01 13:49:36] generateOTP.INFO: test [] []
[2020-01-01 13:49:40] generateOTP.INFO: test [] []
[2020-01-01 13:51:37] generateOTP.INFO: test [] []
[2020-01-01 13:51:49] generateOTP.INFO: test [] []
[2020-01-01 13:51:59] generateOTP.INFO: test [] []
[2020-01-01 13:52:05] generateOTP.INFO: test [] []
[2020-01-01 13:52:05] generateOTP.INFO: test [] []
[2020-01-01 13:52:05] generateOTP.INFO: test [] []
[2020-01-01 13:52:05] generateOTP.INFO: test [] []
[2020-01-01 13:52:11] generateOTP.INFO: test [] []
[2020-01-01 13:52:13] generateOTP.INFO: test [] []
[2020-01-01 13:52:16] generateOTP.INFO: test [] []
[2020-01-01 13:52:16] generateOTP.INFO: test [] []
[2020-01-01 13:52:16] generateOTP.INFO: test [] []
[2020-01-01 13:52:16] generateOTP.INFO: test [] []
[2020-01-01 13:57:40] generateOTP.INFO: test [] []
[2020-01-01 13:57:47] generateOTP.INFO: test [] []
[2020-01-01 13:57:59] generateOTP.INFO: test [] []
[2020-01-01 13:58:01] generateOTP.INFO: test [] []
[2020-01-01 13:58:10] generateOTP.INFO: test [] []
[2020-01-01 13:58:10] generateOTP.INFO: test [] []
[2020-01-01 13:58:11] generateOTP.INFO: test [] []
[2020-01-01 13:58:12] generateOTP.INFO: test [] []
[2020-01-01 13:58:22] generateOTP.INFO: test [] []
[2020-01-01 13:58:22] generateOTP.INFO: test [] []
[2020-01-01 13:58:22] generateOTP.INFO: test [] []
[2020-01-01 13:58:22] generateOTP.INFO: test [] []
[2020-01-01 13:58:40] generateOTP.INFO: test [] []
[2020-01-01 13:58:41] generateOTP.INFO: test [] []
[2020-01-01 13:58:53] generateOTP.INFO: test [] []
[2020-01-01 13:58:53] generateOTP.INFO: test [] []
[2020-01-01 13:58:54] generateOTP.INFO: test [] []
[2020-01-01 13:58:54] generateOTP.INFO: test [] []
[2020-01-01 14:00:15] generateOTP.INFO: test [] []
[2020-01-01 14:00:23] generateOTP.INFO: test [] []
[2020-01-01 14:00:27] generateOTP.INFO: test [] []
[2020-01-01 14:02:45] generateOTP.INFO: test [] []
[2020-01-01 14:02:55] generateOTP.INFO: test [] []
[2020-01-01 14:04:34] generateOTP.INFO: test [] []
[2020-01-01 14:04:34] generateOTP.INFO: test [] []
[2020-01-01 14:04:34] generateOTP.INFO: test [] []
[2020-01-01 14:04:34] generateOTP.INFO: test [] []
[2020-01-01 14:05:57] generateOTP.INFO: test [] []
[2020-01-01 14:05:57] generateOTP.INFO: test [] []
[2020-01-01 14:05:57] generateOTP.INFO: test [] []
[2020-01-01 14:05:57] generateOTP.INFO: test [] []
[2020-01-01 14:06:24] generateOTP.INFO: test [] []
[2020-01-01 14:06:43] generateOTP.INFO: test [] []
[2020-01-01 14:06:43] generateOTP.INFO: test [] []
[2020-01-01 14:06:43] generateOTP.INFO: test [] []
[2020-01-01 14:06:43] generateOTP.INFO: test [] []
[2020-01-01 14:07:41] generateOTP.INFO: test [] []
[2020-01-01 14:07:41] generateOTP.INFO: test [] []
[2020-01-01 14:07:41] generateOTP.INFO: test [] []
[2020-01-01 14:07:41] generateOTP.INFO: test [] []
[2020-01-01 14:07:57] generateOTP.INFO: test [] []
[2020-01-01 14:07:57] generateOTP.INFO: test [] []
[2020-01-01 14:07:58] generateOTP.INFO: test [] []
[2020-01-01 14:07:58] generateOTP.INFO: test [] []
[2020-01-01 14:08:17] generateOTP.INFO: test [] []
[2020-01-01 14:10:48] generateOTP.INFO: test [] []
[2020-01-01 14:10:48] generateOTP.INFO: test [] []
[2020-01-01 14:10:48] generateOTP.INFO: test [] []
[2020-01-01 14:10:48] generateOTP.INFO: test [] []
[2020-01-01 14:10:55] generateOTP.INFO: test [] []
[2020-01-01 14:10:55] generateOTP.INFO: test [] []
[2020-01-01 14:10:55] generateOTP.INFO: test [] []
[2020-01-01 14:10:55] generateOTP.INFO: test [] []
[2020-01-01 14:11:03] generateOTP.INFO: test [] []
[2020-01-01 14:11:03] generateOTP.INFO: test [] []
[2020-01-01 14:11:03] generateOTP.INFO: test [] []
[2020-01-01 14:11:03] generateOTP.INFO: test [] []
[2020-01-01 14:11:15] generateOTP.INFO: test [] []
[2020-01-01 14:11:16] generateOTP.INFO: test [] []
[2020-01-01 14:11:16] generateOTP.INFO: test [] []
[2020-01-01 14:11:16] generateOTP.INFO: test [] []
[2020-01-01 14:11:47] generateOTP.INFO: test [] []
[2020-01-01 14:11:48] generateOTP.INFO: test [] []
[2020-01-01 14:11:49] generateOTP.INFO: test [] []
[2020-01-01 14:12:05] generateOTP.INFO: test [] []
[2020-01-01 14:12:05] generateOTP.INFO: test [] []
[2020-01-01 14:12:05] generateOTP.INFO: test [] []
[2020-01-01 14:12:05] generateOTP.INFO: test [] []
[2020-01-01 14:17:26] generateOTP.INFO: test [] []
[2020-01-01 14:39:34] generateOTP.INFO: test [] []
[2020-01-01 14:39:35] generateOTP.INFO: test [] []
[2020-01-01 14:39:52] generateOTP.INFO: test [] []
[2020-01-01 14:39:52] generateOTP.INFO: test [] []
[2020-01-01 14:39:52] generateOTP.INFO: test [] []
[2020-01-01 14:39:52] generateOTP.INFO: test [] []
[2020-01-01 14:41:11] generateOTP.INFO: {"edit":"0","policy_no":"378","subtype_text":"1","sum_insure":"800000","familyConstruct":"1A","tenure":"1 Year","family_members_id":"0","family_gender":"Male","first_name":"Sathian","middle_name":"dgdfgdf","last_name":"fgfdgfdgfdg","family_date_birth":"12-08-1980","age":"39","age_type":"years","family_id":"","s_date":"","marriage_date":"","premium_parent":"","contri_parent":"","premium":"5799","policyNo":"378","familyDataType":"undefined","empId":"619834","product":"QBTv5db9151ad1c21","declare":"[]"} [] []
[2020-01-01 14:41:20] generateOTP.INFO: {"edit":"0","subtype_text":"3","policy_no":"379","sum_insure":"1000000","familyConstruct":"2A","tenure":"1 Year","family_members_id":"0","family_gender":"Male","first_name":"Sathian","middle_name":"dgdfgdf","last_name":"fgfdgfdgfdg","family_date_birth":"12-08-1980","age":"39","age_type":"years","family_id":"","s_date":"","marriage_date":"","premium_parent":"","contri_parent":"","premium":"8395","policyNo":"379","familyDataType":"family_construct","product":"QBTv5db9151ad1c21","empId":"619834"} [] []
[2020-01-01 14:41:34] generateOTP.INFO: {"edit":"0","subtype_text":"3","policy_no":"379","sum_insure":"1000000","familyConstruct":"2A","tenure":"1 Year","family_members_id":"1","family_gender":"Female","first_name":"dfdd","middle_name":"fdsfdf","last_name":"dfdfd","family_date_birth":"16-08-1990","age":"29","age_type":"years","family_id":"","s_date":"","marriage_date":"","premium_parent":"","contri_parent":"","premium":"8395","policyNo":"379","familyDataType":"family_construct","product":"QBTv5db9151ad1c21","empId":"619834"} [] []
[2020-01-01 14:43:15] documentsSave.INFO: {"ops_type":"[\"Enrollment form\",\"Cheque Copy\"]","ext0":"undefined","ext1":"undefined","ids":"14,15","update_datas":"undefined"} [] []
[2020-01-01 14:43:15] documentsSaveFiles.INFO: [{"name":"COI_1A-2K-Cancer Secure.pdf","type":"application\/pdf","tmp_name":"\/tmp\/phpMVTyBd","error":0,"size":1345534},{"name":"COI_1A-1K-Cancer Secure.pdf","type":"application\/pdf","tmp_name":"\/tmp\/php4qb1DE","error":0,"size":1345494}] [] []
[2020-01-01 14:43:20] generateOTP.INFO: test [] []
[2020-01-01 14:43:34] generateOTP.INFO: test [] []
[2020-01-01 15:19:21] generateOTP.INFO: test [] []
[2020-01-01 15:19:22] generateOTP.INFO: test [] []
[2020-01-01 15:19:37] generateOTP.INFO: test [] []
[2020-01-01 15:19:37] generateOTP.INFO: test [] []
[2020-01-01 15:19:37] generateOTP.INFO: test [] []
[2020-01-01 15:19:37] generateOTP.INFO: test [] []
[2020-01-01 15:19:41] generateOTP.INFO: test [] []
[2020-01-01 15:21:12] generateOTP.INFO: test [] []
[2020-01-01 15:21:12] generateOTP.INFO: test [] []
[2020-01-01 15:21:12] generateOTP.INFO: test [] []
[2020-01-01 15:21:12] generateOTP.INFO: test [] []
[2020-01-01 15:22:16] generateOTP.INFO: test [] []
[2020-01-01 15:22:16] generateOTP.INFO: test [] []
[2020-01-01 15:22:16] generateOTP.INFO: test [] []
[2020-01-01 15:22:16] generateOTP.INFO: test [] []
[2020-01-01 15:22:47] generateOTP.INFO: test [] []
[2020-01-01 15:22:47] generateOTP.INFO: test [] []
[2020-01-01 15:22:47] generateOTP.INFO: test [] []
[2020-01-01 15:22:47] generateOTP.INFO: test [] []
[2020-01-01 15:23:03] generateOTP.INFO: test [] []
[2020-01-01 15:23:03] generateOTP.INFO: test [] []
[2020-01-01 15:23:03] generateOTP.INFO: test [] []
[2020-01-01 15:23:03] generateOTP.INFO: test [] []
[2020-01-01 15:23:31] generateOTP.INFO: test [] []
[2020-01-01 15:23:31] generateOTP.INFO: test [] []
[2020-01-01 15:23:32] generateOTP.INFO: test [] []
[2020-01-01 15:23:32] generateOTP.INFO: test [] []
[2020-01-01 15:25:11] generateOTP.INFO: test [] []
[2020-01-01 15:25:11] generateOTP.INFO: test [] []
[2020-01-01 15:25:11] generateOTP.INFO: test [] []
[2020-01-01 15:25:12] generateOTP.INFO: test [] []
[2020-01-01 15:26:01] generateOTP.INFO: test [] []
[2020-01-01 15:26:01] generateOTP.INFO: test [] []
[2020-01-01 15:26:01] generateOTP.INFO: test [] []
[2020-01-01 15:26:01] generateOTP.INFO: test [] []
[2020-01-01 15:27:30] generateOTP.INFO: test [] []
[2020-01-01 15:27:30] generateOTP.INFO: test [] []
[2020-01-01 15:27:30] generateOTP.INFO: test [] []
[2020-01-01 15:27:30] generateOTP.INFO: test [] []
[2020-01-01 15:27:51] generateOTP.INFO: test [] []
[2020-01-01 15:27:55] generateOTP.INFO: test [] []
[2020-01-01 15:27:55] generateOTP.INFO: test [] []
[2020-01-01 15:27:55] generateOTP.INFO: test [] []
[2020-01-01 15:27:55] generateOTP.INFO: test [] []
[2020-01-01 15:29:39] generateOTP.INFO: test [] []
[2020-01-01 15:29:40] generateOTP.INFO: test [] []
[2020-01-01 15:30:17] generateOTP.INFO: test [] []
[2020-01-01 15:30:17] generateOTP.INFO: test [] []
[2020-01-01 15:30:17] generateOTP.INFO: test [] []
[2020-01-01 15:30:17] generateOTP.INFO: test [] []
[2020-01-01 15:30:21] generateOTP.INFO: test [] []
[2020-01-01 15:30:21] generateOTP.INFO: test [] []
[2020-01-01 15:30:21] generateOTP.INFO: test [] []
[2020-01-01 15:30:21] generateOTP.INFO: test [] []
[2020-01-01 15:30:24] generateOTP.INFO: test [] []
[2020-01-01 15:30:52] generateOTP.INFO: test [] []
[2020-01-01 15:30:53] generateOTP.INFO: test [] []
[2020-01-01 15:30:54] generateOTP.INFO: test [] []
[2020-01-01 15:31:00] generateOTP.INFO: test [] []
[2020-01-01 15:31:00] generateOTP.INFO: test [] []
[2020-01-01 15:31:00] generateOTP.INFO: test [] []
[2020-01-01 15:31:00] generateOTP.INFO: test [] []
[2020-01-01 15:31:10] generateOTP.INFO: test [] []
[2020-01-01 15:34:28] generateOTP.INFO: test [] []
[2020-01-01 15:35:32] generateOTP.INFO: test [] []
[2020-01-01 15:35:33] generateOTP.INFO: test [] []
[2020-01-01 15:35:40] generateOTP.INFO: test [] []
[2020-01-01 15:36:05] generateOTP.INFO: test [] []
[2020-01-01 15:36:15] generateOTP.INFO: test [] []
[2020-01-01 15:36:16] generateOTP.INFO: test [] []
[2020-01-01 15:36:31] generateOTP.INFO: test [] []
[2020-01-01 15:36:31] generateOTP.INFO: test [] []
[2020-01-01 15:36:31] generateOTP.INFO: test [] []
[2020-01-01 15:36:31] generateOTP.INFO: test [] []
[2020-01-01 15:36:37] generateOTP.INFO: test [] []
[2020-01-01 15:37:28] generateOTP.INFO: test [] []
[2020-01-01 15:38:02] generateOTP.INFO: test [] []
[2020-01-01 15:38:10] generateOTP.INFO: test [] []
[2020-01-01 15:39:32] generateOTP.INFO: test [] []
[2020-01-01 15:39:40] generateOTP.INFO: test [] []
[2020-01-01 15:40:24] generateOTP.INFO: test [] []
[2020-01-01 15:40:25] generateOTP.INFO: test [] []
[2020-01-01 15:40:56] generateOTP.INFO: test [] []
[2020-01-01 15:40:56] generateOTP.INFO: test [] []
[2020-01-01 15:40:56] generateOTP.INFO: test [] []
[2020-01-01 15:40:56] generateOTP.INFO: test [] []
[2020-01-01 15:41:01] generateOTP.INFO: test [] []
[2020-01-01 15:41:55] generateOTP.INFO: test [] []
[2020-01-01 15:41:56] generateOTP.INFO: test [] []
[2020-01-01 15:42:18] generateOTP.INFO: test [] []
[2020-01-01 15:42:18] generateOTP.INFO: test [] []
[2020-01-01 15:42:18] generateOTP.INFO: test [] []
[2020-01-01 15:42:18] generateOTP.INFO: test [] []
[2020-01-01 15:42:22] generateOTP.INFO: test [] []
[2020-01-01 15:44:10] generateOTP.INFO: test [] []
[2020-01-01 15:44:18] generateOTP.INFO: test [] []
[2020-01-01 15:44:29] generateOTP.INFO: test [] []
[2020-01-01 15:44:34] generateOTP.INFO: test [] []
[2020-01-01 15:46:54] generateOTP.INFO: test [] []
[2020-01-01 15:47:01] generateOTP.INFO: test [] []
[2020-01-01 15:47:02] generateOTP.INFO: test [] []
[2020-01-01 15:47:10] generateOTP.INFO: test [] []
[2020-01-01 15:47:10] generateOTP.INFO: test [] []
[2020-01-01 15:47:10] generateOTP.INFO: test [] []
[2020-01-01 15:47:10] generateOTP.INFO: test [] []
[2020-01-01 15:47:13] generateOTP.INFO: test [] []
[2020-01-01 15:48:11] generateOTP.INFO: test [] []
[2020-01-01 15:48:17] generateOTP.INFO: test [] []
[2020-01-01 15:48:22] generateOTP.INFO: test [] []
[2020-01-01 15:50:36] generateOTP.INFO: test [] []
[2020-01-01 15:51:06] generateOTP.INFO: test [] []
[2020-01-01 15:51:16] generateOTP.INFO: test [] []
[2020-01-01 15:51:25] generateOTP.INFO: test [] []
[2020-01-01 15:54:19] generateOTP.INFO: test [] []
[2020-01-01 15:54:20] generateOTP.INFO: test [] []
[2020-01-01 15:54:25] generateOTP.INFO: test [] []
[2020-01-01 15:54:29] generateOTP.INFO: test [] []
[2020-01-01 15:54:43] generateOTP.INFO: test [] []
[2020-01-01 15:54:47] generateOTP.INFO: test [] []
[2020-01-01 15:54:56] generateOTP.INFO: test [] []
[2020-01-01 15:56:05] generateOTP.INFO: test [] []
[2020-01-01 15:56:05] generateOTP.INFO: test [] []
[2020-01-01 15:56:47] generateOTP.INFO: test [] []
[2020-01-01 15:56:47] generateOTP.INFO: test [] []
[2020-01-01 15:56:47] generateOTP.INFO: test [] []
[2020-01-01 15:56:47] generateOTP.INFO: test [] []
[2020-01-01 15:56:52] generateOTP.INFO: test [] []
[2020-01-01 15:57:22] generateOTP.INFO: test [] []
[2020-01-01 15:57:23] generateOTP.INFO: test [] []
[2020-01-01 15:58:08] generateOTP.INFO: test [] []
[2020-01-01 15:58:08] generateOTP.INFO: test [] []
[2020-01-01 15:58:08] generateOTP.INFO: test [] []
[2020-01-01 15:58:08] generateOTP.INFO: test [] []
[2020-01-01 15:58:14] generateOTP.INFO: test [] []
[2020-01-01 15:58:22] generateOTP.INFO: test [] []
[2020-01-01 15:59:05] generateOTP.INFO: test [] []
[2020-01-01 15:59:10] generateOTP.INFO: test [] []
[2020-01-01 15:59:10] generateOTP.INFO: test [] []
[2020-01-01 15:59:10] generateOTP.INFO: test [] []
[2020-01-01 15:59:10] generateOTP.INFO: test [] []
[2020-01-01 16:04:54] generateOTP.INFO: test [] []
[2020-01-01 16:08:21] generateOTP.INFO: test [] []
[2020-01-01 16:08:43] generateOTP.INFO: test [] []
[2020-01-01 16:09:15] generateOTP.INFO: test [] []
[2020-01-01 16:09:17] generateOTP.INFO: test [] []
[2020-01-01 16:09:18] generateOTP.INFO: test [] []
[2020-01-01 16:09:40] generateOTP.INFO: test [] []
[2020-01-01 16:10:17] generateOTP.INFO: test [] []
[2020-01-01 16:10:39] generateOTP.INFO: test [] []
[2020-01-01 16:12:02] generateOTP.INFO: test [] []
[2020-01-01 16:12:15] generateOTP.INFO: test [] []
[2020-01-01 16:17:01] generateOTP.INFO: test [] []
[2020-01-01 16:17:10] generateOTP.INFO: test [] []
[2020-01-01 16:18:19] generateOTP.INFO: test [] []
[2020-01-01 16:18:45] generateOTP.INFO: test [] []
[2020-01-01 16:20:55] generateOTP.INFO: test [] []
[2020-01-01 16:21:19] generateOTP.INFO: test [] []
[2020-01-01 16:21:29] generateOTP.INFO: test [] []
[2020-01-01 16:24:02] generateOTP.INFO: test [] []
[2020-01-01 16:24:06] generateOTP.INFO: test [] []
[2020-01-01 16:24:52] generateOTP.INFO: test [] []
[2020-01-01 16:24:54] generateOTP.INFO: test [] []
[2020-01-01 16:25:05] generateOTP.INFO: test [] []
[2020-01-01 16:26:10] generateOTP.INFO: test [] []
[2020-01-01 16:26:30] generateOTP.INFO: test [] []
[2020-01-01 16:28:54] generateOTP.INFO: test [] []
[2020-01-01 16:29:04] generateOTP.INFO: test [] []
[2020-01-01 16:31:04] generateOTP.INFO: test [] []
[2020-01-01 16:32:14] generateOTP.INFO: test [] []
[2020-01-01 16:32:24] generateOTP.INFO: test [] []
[2020-01-01 16:34:02] generateOTP.INFO: test [] []
[2020-01-01 16:34:14] generateOTP.INFO: test [] []
[2020-01-01 16:34:20] generateOTP.INFO: test [] []
[2020-01-01 16:36:17] generateOTP.INFO: test [] []
[2020-01-01 16:37:00] generateOTP.INFO: test [] []
[2020-01-01 16:37:24] generateOTP.INFO: test [] []
[2020-01-01 16:38:47] generateOTP.INFO: test [] []
[2020-01-01 16:39:05] generateOTP.INFO: test [] []
[2020-01-01 16:39:07] generateOTP.INFO: test [] []
[2020-01-01 16:40:03] generateOTP.INFO: test [] []
[2020-01-01 16:40:31] generateOTP.INFO: test [] []
[2020-01-01 16:41:58] generateOTP.INFO: test [] []
[2020-01-01 16:42:07] generateOTP.INFO: test [] []
[2020-01-01 16:42:08] generateOTP.INFO: test [] []
[2020-01-01 16:42:11] generateOTP.INFO: test [] []
[2020-01-01 16:42:22] generateOTP.INFO: test [] []
[2020-01-01 16:42:22] generateOTP.INFO: test [] []
[2020-01-01 16:42:22] generateOTP.INFO: test [] []
[2020-01-01 16:42:22] generateOTP.INFO: test [] []
[2020-01-01 16:42:26] generateOTP.INFO: test [] []
[2020-01-01 16:42:36] generateOTP.INFO: test [] []
[2020-01-01 16:43:03] generateOTP.INFO: test [] []
[2020-01-01 16:44:08] generateOTP.INFO: test [] []
[2020-01-01 16:45:03] generateOTP.INFO: test [] []
[2020-01-01 16:45:16] generateOTP.INFO: {"edit":"0","policy_no":"378","subtype_text":"1","sum_insure":"800000","familyConstruct":"1A","tenure":"1 Year","family_members_id":"0","family_gender":"Male","first_name":"Anirudh","middle_name":"K","last_name":"Sharma","family_date_birth":"26-08-1988","age":"31","age_type":"years","family_id":"","s_date":"","marriage_date":"","premium_parent":"","contri_parent":"","premium":"5799","policyNo":"378","familyDataType":"undefined","empId":"619835","product":"QBTv5db9151ad1c21","declare":"[]"} [] []
[2020-01-01 16:47:24] documentsSave.INFO: {"ops_type":"[\"Enrollment form\",\"Cheque Copy\"]","ext0":"undefined","ext1":"undefined","ids":"16","update_datas":"undefined"} [] []
[2020-01-01 16:47:24] documentsSaveFiles.INFO: [{"name":"COI_1A-2K-Cancer Secure.pdf","type":"application\/pdf","tmp_name":"\/tmp\/phpbziuqO","error":0,"size":1345534},{"name":"COI-1A-CS.pdf","type":"application\/pdf","tmp_name":"\/tmp\/php83AW4P","error":0,"size":1345480}] [] []
[2020-01-01 16:47:31] generateOTP.INFO: test [] []
[2020-01-01 16:47:49] generateOTP.INFO: test [] []
[2020-01-01 16:48:34] generateOTP.INFO: test [] []
[2020-01-01 16:48:45] generateOTP.INFO: test [] []
[2020-01-01 16:48:45] generateOTP.INFO: test [] []
[2020-01-01 16:48:45] generateOTP.INFO: test [] []
[2020-01-01 16:48:45] generateOTP.INFO: test [] []
[2020-01-01 16:49:10] generateOTP.INFO: test [] []
[2020-01-01 16:49:32] generateOTP.INFO: test [] []
[2020-01-01 16:49:33] generateOTP.INFO: test [] []
[2020-01-01 16:49:51] generateOTP.INFO: test [] []
[2020-01-01 16:50:19] generateOTP.INFO: test [] []
[2020-01-01 16:51:27] generateOTP.INFO: test [] []
[2020-01-01 16:51:48] generateOTP.INFO: test [] []
[2020-01-01 16:51:58] generateOTP.INFO: test [] []
[2020-01-01 16:52:11] generateOTP.INFO: test [] []
[2020-01-01 16:52:35] generateOTP.INFO: test [] []
[2020-01-01 16:58:04] generateOTP.INFO: test [] []
[2020-01-01 17:00:13] generateOTP.INFO: test [] []
[2020-01-01 17:00:14] generateOTP.INFO: test [] []
[2020-01-01 17:00:17] generateOTP.INFO: test [] []
[2020-01-01 17:00:17] generateOTP.INFO: test [] []
[2020-01-01 17:00:22] generateOTP.INFO: test [] []
[2020-01-01 17:00:22] generateOTP.INFO: test [] []
[2020-01-01 17:00:22] generateOTP.INFO: test [] []
[2020-01-01 17:00:22] generateOTP.INFO: test [] []
[2020-01-01 17:00:26] generateOTP.INFO: test [] []
[2020-01-01 17:00:33] generateOTP.INFO: test [] []
[2020-01-01 17:00:51] generateOTP.INFO: test [] []
[2020-01-01 17:03:41] generateOTP.INFO: test [] []
[2020-01-01 17:04:14] generateOTP.INFO: test [] []
[2020-01-01 17:05:10] generateOTP.INFO: test [] []
[2020-01-01 17:06:52] generateOTP.INFO: test [] []
[2020-01-01 17:07:20] generateOTP.INFO: test [] []
[2020-01-01 17:07:46] generateOTP.INFO: test [] []
[2020-01-01 17:10:38] generateOTP.INFO: test [] []
[2020-01-01 17:11:21] generateOTP.INFO: test [] []
[2020-01-01 17:11:37] generateOTP.INFO: test [] []
[2020-01-01 17:11:38] generateOTP.INFO: test [] []
[2020-01-01 17:12:04] generateOTP.INFO: test [] []
[2020-01-01 17:12:05] generateOTP.INFO: test [] []
[2020-01-01 17:12:05] generateOTP.INFO: test [] []
[2020-01-01 17:12:05] generateOTP.INFO: test [] []
[2020-01-01 17:12:11] generateOTP.INFO: test [] []
[2020-01-01 17:12:19] generateOTP.INFO: test [] []
[2020-01-01 17:12:25] generateOTP.INFO: test [] []
[2020-01-01 17:13:28] generateOTP.INFO: test [] []
[2020-01-01 17:13:32] generateOTP.INFO: test [] []
[2020-01-01 17:13:55] generateOTP.INFO: {"edit":"0","policy_no":"378","subtype_text":"1","sum_insure":"2000000","familyConstruct":"1A","tenure":"1 Year","family_members_id":"0","family_gender":"Female","first_name":"Priya","middle_name":"K","last_name":"Nair","family_date_birth":"02-08-1984","age":"35","age_type":"years","family_id":"","s_date":"","marriage_date":"","premium_parent":"","contri_parent":"","premium":"6299","policyNo":"378","familyDataType":"undefined","empId":"619836","product":"QBTv5db9151ad1c21","declare":"[]"} [] []
[2020-01-01 17:14:26] generateOTP.INFO: test [] []
[2020-01-01 17:14:42] generateOTP.INFO: test [] []
[2020-01-01 17:17:12] documentsSave.INFO: {"ops_type":"[\"Enrollment form\",\"Cheque Copy\"]","ext0":"undefined","ext1":"undefined","ids":"17","update_datas":"undefined"} [] []
[2020-01-01 17:17:12] documentsSaveFiles.INFO: [{"name":"COI_1A-1K-Cancer Secure.pdf","type":"application\/pdf","tmp_name":"\/tmp\/phpY9rvpn","error":0,"size":1345494},{"name":"COI-1A-CS.pdf","type":"application\/pdf","tmp_name":"\/tmp\/phpVBIbbY","error":0,"size":1345480}] [] []
[2020-01-01 17:17:17] generateOTP.INFO: test [] []
[2020-01-01 17:17:46] generateOTP.INFO: test [] []
[2020-01-01 17:18:12] generateOTP.INFO: test [] []
[2020-01-01 17:20:18] generateOTP.INFO: test [] []
[2020-01-01 17:20:49] generateOTP.INFO: test [] []
[2020-01-01 17:21:16] generateOTP.INFO: test [] []
[2020-01-01 17:21:59] generateOTP.INFO: test [] []
[2020-01-01 17:21:59] generateOTP.INFO: test [] []
[2020-01-01 17:22:00] generateOTP.INFO: test [] []
[2020-01-01 17:22:00] generateOTP.INFO: test [] []
[2020-01-01 17:22:45] generateOTP.INFO: test [] []
[2020-01-01 17:24:47] generateOTP.INFO: test [] []
[2020-01-01 17:24:47] generateOTP.INFO: test [] []
[2020-01-01 17:24:48] generateOTP.INFO: test [] []
[2020-01-01 17:24:48] generateOTP.INFO: test [] []
[2020-01-01 17:26:43] generateOTP.INFO: test [] []
[2020-01-01 17:26:43] generateOTP.INFO: test [] []
[2020-01-01 17:26:43] generateOTP.INFO: test [] []
[2020-01-01 17:26:43] generateOTP.INFO: test [] []
[2020-01-01 17:27:32] generateOTP.INFO: {"edit":"0","policy_no":"378","subtype_text":"1","sum_insure":"800000","familyConstruct":"2A+1K","tenure":"1 Year","family_members_id":"0","family_gender":"Male","first_name":"dsfdsf","middle_name":"dsf","last_name":"dsfdsf","family_date_birth":"09-04-1974","age":"45","age_type":"years","family_id":"","s_date":"","marriage_date":"","premium_parent":"","contri_parent":"","premium":"7099","policyNo":"378","familyDataType":"undefined","empId":"619837","product":"QBTv5db9151ad1c21","declare":"[]"} [] []
[2020-01-01 17:27:47] generateOTP.INFO: {"edit":"0","policy_no":"378","subtype_text":"1","sum_insure":"800000","familyConstruct":"2A+1K","tenure":"1 Year","family_members_id":"1","family_gender":"Female","first_name":"fhggf","middle_name":"hfghfgh","last_name":"fghgfh","family_date_birth":"16-04-1992","age":"27","age_type":"years","family_id":"","s_date":"","marriage_date":"","premium_parent":"","contri_parent":"","premium":"7099","policyNo":"378","familyDataType":"undefined","empId":"619837","product":"QBTv5db9151ad1c21","declare":"[]"} [] []
[2020-01-01 17:27:57] generateOTP.INFO: {"edit":"0","policy_no":"378","subtype_text":"1","sum_insure":"800000","familyConstruct":"2A+1K","tenure":"1 Year","family_members_id":"2","family_gender":"Male","first_name":"fhgf","middle_name":"yhgfhgfh","last_name":"gfhgfh","family_date_birth":"26-01-2017","age":"2","age_type":"years","family_id":"","s_date":"","marriage_date":"","premium_parent":"","contri_parent":"","premium":"7099","policyNo":"378","familyDataType":"undefined","empId":"619837","product":"QBTv5db9151ad1c21","declare":"[]"} [] []
[2020-01-01 17:28:23] generateOTP.INFO: {"edit":"0","subtype_text":"3","policy_no":"379","sum_insure":"750000","familyConstruct":"2A","tenure":"1 Year","family_members_id":"1","family_gender":"Female","first_name":"fhggf","middle_name":"hfghfgh","last_name":"fghgfh","family_date_birth":"16-04-1992","age":"27","age_type":"years","family_id":"","s_date":"","marriage_date":"","premium_parent":"","contri_parent":"","premium":"6296","policyNo":"379","familyDataType":"family_construct","product":"QBTv5db9151ad1c21","empId":"619837"} [] []
[2020-01-01 17:29:05] generateOTP.INFO: {"edit":"0","subtype_text":"3","policy_no":"379","sum_insure":"750000","familyConstruct":"2A","tenure":"1 Year","family_members_id":"1","family_gender":"Female","first_name":"fhggf","middle_name":"hfghfgh","last_name":"fghgfh","family_date_birth":"16-04-1992","age":"27","age_type":"years","family_id":"","s_date":"","marriage_date":"","premium_parent":"","contri_parent":"","premium":"6296","policyNo":"379","familyDataType":"family_construct","product":"QBTv5db9151ad1c21","empId":"619837"} [] []
[2020-01-01 17:30:52] generateOTP.INFO: {"edit":"0","subtype_text":"3","policy_no":"379","sum_insure":"750000","familyConstruct":"2A","tenure":"1 Year","family_members_id":"0","family_gender":"Male","first_name":"dsfdsf","middle_name":"dsf","last_name":"dsfdsf","family_date_birth":"09-04-1974","age":"45","age_type":"years","family_id":"","s_date":"","marriage_date":"","premium_parent":"","contri_parent":"","premium":"6296","policyNo":"379","familyDataType":"family_construct","product":"QBTv5db9151ad1c21","empId":"619837"} [] []
[2020-01-01 17:30:58] documentsSave.INFO: {"ops_type":"[\"Enrollment form\",\"Cheque Copy\"]","ext0":"undefined","ext1":"undefined","ids":"19,20","update_datas":"undefined"} [] []
[2020-01-01 17:30:58] documentsSaveFiles.INFO: [{"name":"COI_1A-1K-Cancer Secure.pdf","type":"application\/pdf","tmp_name":"\/tmp\/phpfKJy8q","error":0,"size":1345494},{"name":"COI-1A-CS.pdf","type":"application\/pdf","tmp_name":"\/tmp\/phpBzrYA5","error":0,"size":1345480}] [] []
[2020-01-01 17:31:09] generateOTP.INFO: test [] []
[2020-01-01 17:31:14] generateOTP.INFO: test [] []
[2020-01-01 17:31:14] generateOTP.INFO: test [] []
[2020-01-01 17:31:14] generateOTP.INFO: test [] []
[2020-01-01 17:31:14] generateOTP.INFO: test [] []
[2020-01-01 17:32:51] generateOTP.INFO: test [] []
[2020-01-01 17:32:58] generateOTP.INFO: test [] []
[2020-01-01 17:33:08] generateOTP.INFO: test [] []
[2020-01-01 17:33:09] generateOTP.INFO: test [] []
[2020-01-01 17:33:09] generateOTP.INFO: test [] []
[2020-01-01 17:33:09] generateOTP.INFO: test [] []
[2020-01-01 17:35:12] documentsSave.INFO: {"ops_type":"[\"Enrollment form\",\"Cheque Copy\"]","ext0":"undefined","ext1":"undefined","ids":"17","update_datas":"update"} [] []
[2020-01-01 17:35:12] documentsSaveFiles.INFO: [{"name":"COI-1A-CS.pdf","type":"application\/pdf","tmp_name":"\/tmp\/php13JtHj","error":0,"size":1345480},{"name":"COI-1A-CS.pdf","type":"application\/pdf","tmp_name":"\/tmp\/phpl1R7PQ","error":0,"size":1345480}] [] []
[2020-01-01 17:35:24] generateOTP.INFO: test [] []
[2020-01-01 17:36:22] generateOTP.INFO: test [] []
[2020-01-01 17:36:26] generateOTP.INFO: test [] []
[2020-01-01 17:36:31] generateOTP.INFO: test [] []
[2020-01-01 17:36:33] generateOTP.INFO: test [] []
[2020-01-01 17:36:40] generateOTP.INFO: test [] []
[2020-01-01 17:36:47] generateOTP.INFO: test [] []
[2020-01-01 17:36:56] generateOTP.INFO: test [] []
[2020-01-01 17:37:16] generateOTP.INFO: test [] []
[2020-01-01 17:37:51] generateOTP.INFO: test [] []
[2020-01-01 17:38:14] generateOTP.INFO: test [] []
[2020-01-01 17:38:35] generateOTP.INFO: test [] []
[2020-01-01 17:38:48] generateOTP.INFO: test [] []
[2020-01-01 17:40:24] generateOTP.INFO: test [] []
[2020-01-01 17:40:25] generateOTP.INFO: test [] []
[2020-01-01 17:41:17] generateOTP.INFO: test [] []
[2020-01-01 17:42:38] generateOTP.INFO: test [] []
[2020-01-01 17:42:44] generateOTP.INFO: test [] []
[2020-01-01 17:44:30] generateOTP.INFO: test [] []
[2020-01-01 17:44:34] generateOTP.INFO: test [] []
[2020-01-01 17:55:18] generateOTP.INFO: test [] []
[2020-01-01 17:55:55] generateOTP.INFO: test [] []
[2020-01-01 17:56:34] generateOTP.INFO: test [] []
[2020-01-01 18:00:11] generateOTP.INFO: test [] []
[2020-01-01 18:00:49] generateOTP.INFO: test [] []
[2020-01-01 18:01:10] generateOTP.INFO: test [] []
[2020-01-01 18:01:43] generateOTP.INFO: test [] []
[2020-01-01 18:02:04] generateOTP.INFO: test [] []
[2020-01-01 18:02:32] generateOTP.INFO: test [] []
[2020-01-01 18:02:38] generateOTP.INFO: test [] []
[2020-01-01 18:02:50] generateOTP.INFO: test [] []
[2020-01-01 18:05:14] generateOTP.INFO: test [] []
[2020-01-01 18:05:16] generateOTP.INFO: test [] []
[2020-01-01 18:09:09] generateOTP.INFO: test [] []
[2020-01-01 18:09:09] generateOTP.INFO: test [] []
[2020-01-01 18:09:09] generateOTP.INFO: test [] []
[2020-01-01 18:09:39] generateOTP.INFO: test [] []
[2020-01-01 18:09:41] generateOTP.INFO: test [] []
[2020-01-01 18:09:46] generateOTP.INFO: test [] []
[2020-01-01 18:10:41] generateOTP.INFO: test [] []
[2020-01-01 18:13:32] generateOTP.INFO: test [] []
[2020-01-01 18:14:55] generateOTP.INFO: test [] []
[2020-01-01 18:19:45] generateOTP.INFO: test [] []
[2020-01-01 18:19:50] generateOTP.INFO: test [] []
[2020-01-01 18:20:53] generateOTP.INFO: test [] []
[2020-01-01 18:21:15] generateOTP.INFO: test [] []
[2020-01-01 18:21:49] generateOTP.INFO: test [] []
[2020-01-01 18:23:31] generateOTP.INFO: test [] []
[2020-01-01 18:25:23] generateOTP.INFO: test [] []
[2020-01-01 18:26:16] generateOTP.INFO: test [] []
[2020-01-01 18:26:21] generateOTP.INFO: test [] []
[2020-01-01 18:29:02] generateOTP.INFO: test [] []
[2020-01-01 18:30:54] generateOTP.INFO: test [] []
[2020-01-01 18:31:39] generateOTP.INFO: test [] []
[2020-01-01 18:37:16] generateOTP.INFO: test [] []
[2020-01-01 18:39:39] generateOTP.INFO: test [] []
[2020-01-01 18:40:43] generateOTP.INFO: test [] []
[2020-01-01 18:41:37] generateOTP.INFO: test [] []
[2020-01-01 18:43:10] generateOTP.INFO: test [] []
[2020-01-01 18:49:34] generateOTP.INFO: test [] []
[2020-01-01 18:49:43] generateOTP.INFO: test [] []
[2020-01-01 18:50:30] generateOTP.INFO: test [] []
[2020-01-01 18:50:47] generateOTP.INFO: test [] []
[2020-01-01 18:55:01] generateOTP.INFO: test [] []
[2020-01-01 18:55:06] generateOTP.INFO: test [] []
[2020-01-01 18:56:50] generateOTP.INFO: test [] []
[2020-01-01 19:04:40] generateOTP.INFO: test [] []
[2020-01-01 19:04:41] generateOTP.INFO: test [] []
[2020-01-01 19:04:48] generateOTP.INFO: test [] []
[2020-01-01 19:04:48] generateOTP.INFO: test [] []
[2020-01-01 19:04:48] generateOTP.INFO: test [] []
[2020-01-01 19:04:48] generateOTP.INFO: test [] []
[2020-01-01 19:04:53] generateOTP.INFO: test [] []
[2020-01-01 19:05:23] generateOTP.INFO: test [] []
[2020-01-01 19:05:24] generateOTP.INFO: test [] []
[2020-01-01 19:05:30] generateOTP.INFO: test [] []
[2020-01-01 19:05:39] generateOTP.INFO: test [] []
[2020-01-01 19:06:02] generateOTP.INFO: test [] []
[2020-01-01 19:08:38] generateOTP.INFO: test [] []
[2020-01-01 19:09:06] generateOTP.INFO: test [] []
[2020-01-01 19:09:20] generateOTP.INFO: test [] []
[2020-01-01 19:09:46] generateOTP.INFO: test [] []
[2020-01-01 19:09:59] generateOTP.INFO: test [] []
