[2020-10-01 11:46:32] generateOTP.INFO: test [] []
[2020-10-01 11:46:35] generateOTP.INFO: test [] []
[2020-10-01 11:51:08] generateOTP.INFO: test [] []
[2020-10-01 11:51:17] generateOTP.INFO: test [] []
[2020-10-01 11:51:21] generateOTP.INFO: test [] []
[2020-10-01 11:51:31] generateOTP.INFO: test [] []
[2020-10-01 11:51:43] generateOTP.INFO: test [] []
[2020-10-01 12:11:49] generateOTP.INFO: test [] []
[2020-10-01 12:11:50] generateOTP.INFO: test [] []
[2020-10-01 12:12:03] generateOTP.INFO: test [] []
[2020-10-01 12:25:38] generateOTP.INFO: test [] []
[2020-10-01 12:28:14] generateOTP.INFO: test [] []
[2020-10-01 12:28:14] generateOTP.INFO: test [] []
[2020-10-01 14:44:20] generateOTP.INFO: test [] []
[2020-10-01 14:59:16] generateOTP.INFO: test [] []
[2020-10-01 14:59:20] generateOTP.INFO: test [] []
[2020-10-01 14:59:22] generateOTP.INFO: test [] []
[2020-10-01 15:02:48] generateOTP.INFO: test [] []
[2020-10-01 15:03:26] generateOTP.INFO: test [] []
[2020-10-01 15:03:26] generateOTP.INFO: test [] []
[2020-10-01 15:03:29] generateOTP.INFO: test [] []
[2020-10-01 15:05:26] generateOTP.INFO: test [] []
[2020-10-01 15:05:29] generateOTP.INFO: test [] []
[2020-10-01 15:05:30] generateOTP.INFO: test [] []
[2020-10-01 15:10:18] generateOTP.INFO: test [] []
[2020-10-01 15:10:20] generateOTP.INFO: test [] []
[2020-10-01 15:11:18] generateOTP.INFO: test [] []
[2020-10-01 15:11:25] generateOTP.INFO: test [] []
[2020-10-01 15:15:59] generateOTP.INFO: test [] []
[2020-10-01 15:17:00] generateOTP.INFO: test [] []
[2020-10-01 15:18:50] generateOTP.INFO: test [] []
[2020-10-01 15:21:55] generateOTP.INFO: test [] []
[2020-10-01 15:22:39] generateOTP.INFO: test [] []
[2020-10-01 15:23:15] generateOTP.INFO: test [] []
[2020-10-01 15:23:23] generateOTP.INFO: test [] []
[2020-10-01 15:23:56] generateOTP.INFO: test [] []
[2020-10-01 15:23:59] generateOTP.INFO: test [] []
[2020-10-01 15:24:41] generateOTP.INFO: test [] []
[2020-10-01 15:25:47] generateOTP.INFO: test [] []
[2020-10-01 15:31:56] generateOTP.INFO: test [] []
[2020-10-01 15:31:57] generateOTP.INFO: test [] []
[2020-10-01 15:32:36] generateOTP.INFO: test [] []
[2020-10-01 15:37:28] generateOTP.INFO: test [] []
[2020-10-01 15:37:29] generateOTP.INFO: test [] []
[2020-10-01 15:37:39] generateOTP.INFO: test [] []
[2020-10-01 15:38:16] generateOTP.INFO: test [] []
[2020-10-01 15:40:00] generateOTP.INFO: test [] []
[2020-10-01 15:41:28] generateOTP.INFO: test [] []
[2020-10-01 15:42:52] generateOTP.INFO: test [] []
[2020-10-01 15:46:14] generateOTP.INFO: test [] []
[2020-10-01 15:50:26] generateOTP.INFO: test [] []
[2020-10-01 15:52:01] generateOTP.INFO: test [] []
[2020-10-01 15:52:26] generateOTP.INFO: test [] []
[2020-10-01 15:52:33] generateOTP.INFO: test [] []
[2020-10-01 15:53:10] generateOTP.INFO: test [] []
[2020-10-01 15:53:28] generateOTP.INFO: test [] []
[2020-10-01 15:53:47] generateOTP.INFO: test [] []
[2020-10-01 15:53:56] generateOTP.INFO: test [] []
[2020-10-01 15:54:56] generateOTP.INFO: test [] []
[2020-10-01 15:57:31] generateOTP.INFO: test [] []
[2020-10-01 15:58:48] generateOTP.INFO: test [] []
[2020-10-01 15:58:50] generateOTP.INFO: test [] []
[2020-10-01 15:58:52] generateOTP.INFO: test [] []
[2020-10-01 15:59:04] generateOTP.INFO: test [] []
[2020-10-01 15:59:28] generateOTP.INFO: test [] []
[2020-10-01 15:59:38] generateOTP.INFO: test [] []
[2020-10-01 16:00:58] generateOTP.INFO: test [] []
[2020-10-01 16:01:00] generateOTP.INFO: test [] []
[2020-10-01 16:01:04] generateOTP.INFO: test [] []
[2020-10-01 16:02:25] generateOTP.INFO: test [] []
[2020-10-01 16:02:37] generateOTP.INFO: {"salutation":"1","firstname":"test","lastname":"BANKING","dob":"19-12-1988","mob_no":"7010444138","panCard":"XXXXXX456A","email":"jack@gmail.com","ref1":"1","ref2":"1","comAdd":"Om hrad ntalatiof, holOmshre, talathioficeeachol, OmshreeSada9talathi","city":"MUMBAI","state":"MAHARASHTRA","pin_code":"622103","ISNRI":"N","update_emp_id":"623402","edit":"0","policy_no":"392,393","subtype_text":"1","sum_insure":"500000","anuual_income":"","familyConstruct":"1A","family_members_id":"0","family_gender":"Male","first_name":"test","last_name":"BANKING","family_date_birth":"19-12-1988","age":"31","age_type":" years","tenure":"1 Year","family_id":"","s_date":"","marriage_date":"","premium":"8399.9952","policyNo":"392,393","familyDataType":"undefined","empId":"623402","product":"iWL65dcd54d9c5a65","declare":"[]","gender":"Male","gci_options":"Yes"} [] []
[2020-10-01 16:03:29] documentsSave.INFO: {"ops_type":"[]","ids":"146,147"} [] []
[2020-10-01 16:03:29] documentsSaveFiles.INFO: [] [] []
[2020-10-01 16:03:38] generateOTP.INFO: test [] []
[2020-10-01 16:03:57] full_quote_request1.INFO: {"ClientCreation":{"Member_Customer_ID":"2608884GHIR03","salutation":"Mr","firstName":"test","middleName":"","lastName":"BANKING","dateofBirth":"12\/19\/1988","gender":"M","educationalQualification":null,"pinCode":"622103","uidNo":"5478-2589-3688","maritalStatus":null,"nationality":"Indian","occupation":"O553","primaryEmailID":"jack@gmail.com","contactMobileNo":"7010444138","stdLandlineNo":null,"panNo":null,"passportNumber":null,"contactPerson":null,"annualIncome":null,"remarks":null,"startDate":"2020-10-01","endDate":null,"IdProof":"Adhaar Card","residenceProof":null,"ageProof":null,"others":null,"homeAddressLine1":"Om hrad ntalatiof, holOmshre, talathioficeeachol, OmshreeSada9talathi","homeAddressLine2":null,"homeAddressLine3":null,"homePinCode":"622103","homeArea":null,"homeContactMobileNo":null,"homeContactMobileNo2":null,"homeSTDLandlineNo":null,"homeFaxNo":null,"sameAsHomeAddress":"1","mailingAddressLine1":null,"mailingAddressLine2":null,"mailingAddressLine3":null,"mailingPinCode":null,"mailingArea":null,"mailingContactMobileNo":null,"mailingContactMobileNo2":null,"mailingSTDLandlineNo":null,"mailingSTDLandlineNo2":null,"mailingFaxNo":null,"bankAccountType":null,"bankAccountNo":null,"ifscCode":null,"GSTIN":null,"GSTRegistrationStatus":"Consumers","IsEIAavailable":"0","ApplyEIA":"0","EIAAccountNo":null,"EIAWith":"0","AccountType":null,"AddressProof":null,"DOBProof":null,"IdentityProof":null},"PolicyCreationRequest":{"Quotation_Number":"","MasterPolicyNumber":"61-20-00032-00-00","GroupID":"GRP001","Product_Code":"4211","SumInsured_Type":null,"Policy_Tanure":"1","Member_Type_Code":"M209","intermediaryCode":"2104794","AutoRenewal":"Y","intermediaryBranchCode":"10MHMUM01","agentSignatureDate":null,"Customer_Signature_Date":null,"businessSourceChannel":null,"AssignPolicy":"0","AssigneeName":null,"leadID":"2079001","Source_Name":"AXIS_GHI","SPID":"1","TCN":null,"CRTNO":null,"RefCode1":"1","RefCode2":"051","Employee_Number":"623402","enumIsEmployeeDiscount":null,"QuoteDate":null,"IsPayment":"0","PaymentMode":null,"PolicyproductComponents":{"PlanCode":"4211","SumInsured":"500000","SchemeCode":"4112000003"}},"MemObj":{"Member":[{"MemberNo":1,"Salutation":"Mr","First_Name":"test","Middle_Name":null,"Last_Name":"BANKING","Gender":"M","DateOfBirth":"12\/19\/1988","Relation_Code":"R001","Marital_Status":null,"height":"0.00","weight":"0","occupation":"O553","PrimaryMember":"Y","MemberproductComponents":{"PlanCode":"4211","MemberQuestionDetails":[{"QuestionCode":null,"Answer":null,"Remarks":null}]},"MemberPED":[{"PEDCode":null,"Remarks":null}],"exactDiagnosis":null,"dateOfDiagnosis":null,"lastDateConsultation":null,"detailsOfTreatmentGiven":null,"doctorName":null,"hospitalName":null,"phoneNumberHosital":null,"Nominee_First_Name":"fvf","Nominee_Last_Name":"ghjhnhj","Nominee_Contact_Number":"8978888888","Nominee_Home_Address":null,"Nominee_Relationship_Code":"R002"}]},"ReceiptCreation":{"officeLocation":"","modeOfEntry":"","cdAcNo":null,"expiryDate":null,"payerType":"","payerCode":null,"paymentBy":"","paymentByName":null,"paymentByRelationship":null,"collectionAmount":"","collectionRcvdDate":null,"collectionMode":"","remarks":null,"instrumentNumber":null,"instrumentDate":null,"bankName":null,"branchName":null,"bankLocation":null,"micrNo":null,"chequeType":null,"ifscCode":"","PaymentGatewayName":"","TerminalID":"","CardNo":null}} [] []
[2020-10-01 16:04:02] full_quote_reponse1.INFO: "<ns0:GHI_Res xmlns:ns0=\"http:\/\/ABHICL_NBP_QuickQuote_Schemas.GHI_Response\"><errorObj><ErrorNumber>00<\/ErrorNumber><ErrorMessage>Success<\/ErrorMessage><\/errorObj><policyDtls><TransactionReferenceNumber><\/TransactionReferenceNumber><QuotationNumber>IPB100109287<\/QuotationNumber><CertificateNumber><\/CertificateNumber><LetterURL><\/LetterURL><ClientID><\/ClientID><ProductName>Group Activ Health<\/ProductName><ProductCode>4211<\/ProductCode><LineOfBusiness>42<\/LineOfBusiness><startDate><\/startDate><EndDate><\/EndDate><PolicyNumber>61-20-00032-00-00<\/PolicyNumber><ProposalNumber><\/ProposalNumber><PolicyStatus>PQ1<\/PolicyStatus><Tenure>1<\/Tenure><stpFlag>0<\/stpFlag><COIUrl>https:\/\/uat_abpb.adityabirlahealth.com\/pdf\/OpenPDFFile.aspx?Path=c211e513-73ac-4dbe-9b0b-310670025860<\/COIUrl><\/policyDtls><premium><BasePremium>7118.64<\/BasePremium><NetPremium>7118.64<\/NetPremium><GST>1281.36<\/GST><GrossPremium>8400.00<\/GrossPremium><\/premium><receiptObj><ReceiptNumber><\/ReceiptNumber><ReceiptAmount><\/ReceiptAmount><ExcessAmount><\/ExcessAmount><\/receiptObj><\/ns0:GHI_Res>" [] []
[2020-10-01 16:04:02] full_quote_request1.INFO: {"ClientCreation":{"Member_Customer_ID":"2608884GP1","salutation":"Mr","firstName":"test","middleName":"","lastName":"BANKING","dateofBirth":"12\/19\/1988","gender":"M","educationalQualification":null,"pinCode":"622103","uidNo":"5478-2589-3688","maritalStatus":null,"nationality":"Indian","occupation":"O553","primaryEmailID":"jack@gmail.com","contactMobileNo":"7010444138","stdLandlineNo":null,"panNo":null,"passportNumber":null,"contactPerson":null,"annualIncome":null,"remarks":null,"startDate":"2020-10-01","endDate":null,"IdProof":"Adhaar Card","residenceProof":null,"ageProof":null,"others":null,"homeAddressLine1":"Om hrad ntalatiof, holOmshre, talathioficeeachol, OmshreeSada9talathi","homeAddressLine2":null,"homeAddressLine3":null,"homePinCode":"622103","homeArea":null,"homeContactMobileNo":null,"homeContactMobileNo2":null,"homeSTDLandlineNo":null,"homeFaxNo":null,"sameAsHomeAddress":"1","mailingAddressLine1":null,"mailingAddressLine2":null,"mailingAddressLine3":null,"mailingPinCode":null,"mailingArea":null,"mailingContactMobileNo":null,"mailingContactMobileNo2":null,"mailingSTDLandlineNo":null,"mailingSTDLandlineNo2":null,"mailingFaxNo":null,"bankAccountType":null,"bankAccountNo":null,"ifscCode":null,"GSTIN":null,"GSTRegistrationStatus":"Consumers","IsEIAavailable":"0","ApplyEIA":"0","EIAAccountNo":null,"EIAWith":"0","AccountType":null,"AddressProof":null,"DOBProof":null,"IdentityProof":null},"PolicyCreationRequest":{"Quotation_Number":"","MasterPolicyNumber":"64-20-00011-00-00","GroupID":"GRP001","Product_Code":"4224","SumInsured_Type":null,"Policy_Tanure":"1","Member_Type_Code":"M209","intermediaryCode":"2104794","AutoRenewal":"Y","intermediaryBranchCode":"10MHMUM01","agentSignatureDate":null,"Customer_Signature_Date":null,"businessSourceChannel":null,"AssignPolicy":"0","AssigneeName":null,"leadID":"2079001","Source_Name":"Group_Protect","SPID":"1","TCN":null,"CRTNO":null,"RefCode1":"1","RefCode2":"051","Employee_Number":"623402","enumIsEmployeeDiscount":null,"QuoteDate":null,"IsPayment":"0","PaymentMode":null,"PolicyproductComponents":{"PlanCode":"4224","SumInsured":"500000","SchemeCode":"4112000003"}},"MemObj":{"Member":[{"MemberNo":1,"Salutation":"Mr","First_Name":"test","Middle_Name":null,"Last_Name":"BANKING","Gender":"M","DateOfBirth":"12\/19\/1988","Relation_Code":"R001","Marital_Status":null,"height":"0.00","weight":"0","occupation":"O553","PrimaryMember":"Y","MemberproductComponents":{"PlanCode":"4224","MemberQuestionDetails":[{"QuestionCode":null,"Answer":null,"Remarks":null}]},"MemberPED":[{"PEDCode":null,"Remarks":null}],"exactDiagnosis":null,"dateOfDiagnosis":null,"lastDateConsultation":null,"detailsOfTreatmentGiven":null,"doctorName":null,"hospitalName":null,"phoneNumberHosital":null,"Nominee_First_Name":"fvf","Nominee_Last_Name":"ghjhnhj","Nominee_Contact_Number":"8978888888","Nominee_Home_Address":null,"Nominee_Relationship_Code":"R002"}]},"ReceiptCreation":{"officeLocation":"","modeOfEntry":"","cdAcNo":null,"expiryDate":null,"payerType":"","payerCode":null,"paymentBy":"","paymentByName":null,"paymentByRelationship":null,"collectionAmount":"","collectionRcvdDate":null,"collectionMode":"","remarks":null,"instrumentNumber":null,"instrumentDate":null,"bankName":null,"branchName":null,"bankLocation":null,"micrNo":null,"chequeType":null,"ifscCode":"","PaymentGatewayName":"","TerminalID":"","CardNo":null}} [] []
[2020-10-01 16:04:09] full_quote_reponse1.INFO: "<ns0:GroupProtectRes xmlns:ns0=\"http:\/\/ABHICL_NBP_QuickQuote_Schemas.GroupProtectResponse\"><errorObj><ErrorNumber>00<\/ErrorNumber><ErrorMessage>Success<\/ErrorMessage><\/errorObj><policyDtls><TransactionReferenceNumber><\/TransactionReferenceNumber><QuotationNumber>GRP100109288<\/QuotationNumber><CertificateNumber><\/CertificateNumber><LetterURL><\/LetterURL><ClientID><\/ClientID><ProductName>Group Protect<\/ProductName><ProductCode>4224<\/ProductCode><LineOfBusiness>42<\/LineOfBusiness><startDate>1\/1\/1900 12:00:00 AM<\/startDate><EndDate>1\/1\/1900 12:00:00 AM<\/EndDate><PolicyNumber>64-20-00011-00-00<\/PolicyNumber><ProposalNumber><\/ProposalNumber><PolicyStatus>PQ1<\/PolicyStatus><Tenure>1<\/Tenure><stpFlag>0<\/stpFlag><MemberCustomerID>2608884GP1<\/MemberCustomerID><COIUrl>https:\/\/uat_abpb.adityabirlahealth.com\/pdf\/OpenPDFFile.aspx?Path=455d2b49-a6b1-4342-bc70-58adcf027ce3<\/COIUrl><\/policyDtls><premium><BasePremium>507.63<\/BasePremium><NetPremium>507.63<\/NetPremium><GST>91.37<\/GST><GrossPremium>599.00<\/GrossPremium><\/premium><receiptObj><ReceiptNumber><\/ReceiptNumber><ReceiptAmount><\/ReceiptAmount><ExcessAmount><\/ExcessAmount><\/receiptObj><\/ns0:GroupProtectRes>" [] []
[2020-10-01 16:05:24] generateOTP.INFO: test [] []
[2020-10-01 16:05:25] generateOTP.INFO: test [] []
[2020-10-01 16:05:27] generateOTP.INFO: test [] []
[2020-10-01 16:05:34] generateOTP.INFO: test [] []
[2020-10-01 16:05:41] generateOTP.INFO: test [] []
[2020-10-01 16:06:03] generateOTP.INFO: test [] []
[2020-10-01 16:06:05] generateOTP.INFO: test [] []
[2020-10-01 16:06:11] generateOTP.INFO: test [] []
[2020-10-01 16:06:18] generateOTP.INFO: test [] []
[2020-10-01 16:07:19] generateOTP.INFO: test [] []
[2020-10-01 16:07:19] generateOTP.INFO: test [] []
[2020-10-01 16:13:49] generateOTP.INFO: test [] []
[2020-10-01 16:13:51] generateOTP.INFO: test [] []
[2020-10-01 16:14:40] generateOTP.INFO: test [] []
[2020-10-01 16:17:18] generateOTP.INFO: test [] []
[2020-10-01 16:17:53] generateOTP.INFO: test [] []
[2020-10-01 16:17:54] generateOTP.INFO: test [] []
[2020-10-01 16:18:31] generateOTP.INFO: test [] []
[2020-10-01 16:20:13] generateOTP.INFO: test [] []
[2020-10-01 16:20:32] generateOTP.INFO: test [] []
[2020-10-01 16:21:14] full_quote_request2.INFO: {"ClientCreation":{"Member_Customer_ID":"2608884GHIR03","salutation":"Mr","firstName":"test","middleName":"","lastName":"BANKING","dateofBirth":"12\/19\/1988","gender":"M","educationalQualification":null,"pinCode":"622103","uidNo":"5478-2589-3688","maritalStatus":null,"nationality":"Indian","occupation":"O553","primaryEmailID":"jack@gmail.com","contactMobileNo":"7010444138","stdLandlineNo":null,"panNo":null,"passportNumber":null,"contactPerson":null,"annualIncome":null,"remarks":null,"startDate":"2020-10-01","endDate":null,"IdProof":"Adhaar Card","residenceProof":null,"ageProof":null,"others":null,"homeAddressLine1":"Om hrad ntalatiof, holOmshre, talathioficeeachol, OmshreeSada9talathi","homeAddressLine2":null,"homeAddressLine3":null,"homePinCode":"622103","homeArea":null,"homeContactMobileNo":null,"homeContactMobileNo2":null,"homeSTDLandlineNo":null,"homeFaxNo":null,"sameAsHomeAddress":"1","mailingAddressLine1":null,"mailingAddressLine2":null,"mailingAddressLine3":null,"mailingPinCode":null,"mailingArea":null,"mailingContactMobileNo":null,"mailingContactMobileNo2":null,"mailingSTDLandlineNo":null,"mailingSTDLandlineNo2":null,"mailingFaxNo":null,"bankAccountType":null,"bankAccountNo":null,"ifscCode":null,"GSTIN":null,"GSTRegistrationStatus":"Consumers","IsEIAavailable":"0","ApplyEIA":"0","EIAAccountNo":null,"EIAWith":"0","AccountType":null,"AddressProof":null,"DOBProof":null,"IdentityProof":null},"PolicyCreationRequest":{"Quotation_Number":"IPB100109287","MasterPolicyNumber":"61-20-00032-00-00","GroupID":"GRP001","Product_Code":"4211","SumInsured_Type":null,"Policy_Tanure":"1","Member_Type_Code":"M209","intermediaryCode":"2104794","AutoRenewal":"Y","intermediaryBranchCode":"10MHMUM01","agentSignatureDate":null,"Customer_Signature_Date":null,"businessSourceChannel":null,"AssignPolicy":"0","AssigneeName":null,"leadID":"2079001","Source_Name":"AXIS_GHI","SPID":"1","TCN":null,"CRTNO":null,"RefCode1":"1","RefCode2":"051","Employee_Number":"623402","enumIsEmployeeDiscount":null,"QuoteDate":null,"IsPayment":"1","PaymentMode":null,"PolicyproductComponents":{"PlanCode":"4211","SumInsured":"500000","SchemeCode":"4112000003"}},"MemObj":{"Member":[{"MemberNo":1,"Salutation":"Mr","First_Name":"test","Middle_Name":null,"Last_Name":"BANKING","Gender":"M","DateOfBirth":"12\/19\/1988","Relation_Code":"R001","Marital_Status":null,"height":"0.00","weight":"0","occupation":"O553","PrimaryMember":"Y","MemberproductComponents":{"PlanCode":"4211","MemberQuestionDetails":[{"QuestionCode":null,"Answer":null,"Remarks":null}]},"MemberPED":[{"PEDCode":null,"Remarks":null}],"exactDiagnosis":null,"dateOfDiagnosis":null,"lastDateConsultation":null,"detailsOfTreatmentGiven":null,"doctorName":null,"hospitalName":null,"phoneNumberHosital":null,"Nominee_First_Name":"fvf","Nominee_Last_Name":"ghjhnhj","Nominee_Contact_Number":"8978888888","Nominee_Home_Address":null,"Nominee_Relationship_Code":"R002"}]},"ReceiptCreation":{"officeLocation":"Mumbai","modeOfEntry":"Direct","cdAcNo":null,"expiryDate":null,"payerType":"Customer","payerCode":null,"paymentBy":"Customer","paymentByName":null,"paymentByRelationship":null,"collectionAmount":8999,"collectionRcvdDate":"2020-10-01","collectionMode":"online","remarks":null,"instrumentNumber":"pay_FjbdSd5WYQXl84","instrumentDate":"2020-10-01","bankName":"AXIS BANK","branchName":false,"bankLocation":null,"micrNo":null,"chequeType":null,"ifscCode":"UTIB0000016","PaymentGatewayName":"AXIS_GHI","TerminalID":"76006448","CardNo":null}} [] []
[2020-10-01 16:21:18] full_quote_reponse2.INFO: "<ns0:GHI_Res xmlns:ns0=\"http:\/\/ABHICL_NBP_QuickQuote_Schemas.GHI_Response\"><errorObj><ErrorNumber>00<\/ErrorNumber><ErrorMessage>Success<\/ErrorMessage><\/errorObj><policyDtls><TransactionReferenceNumber><\/TransactionReferenceNumber><QuotationNumber>IPB100109321<\/QuotationNumber><CertificateNumber>GHI-20-2000523<\/CertificateNumber><LetterURL>https:\/\/abpb.adityabirlahealth.com\/hbletter\/viewletter.aspx?ABH=123626&amp;TRM=GHI-20-2000523<\/LetterURL><ClientID>1297982<\/ClientID><ProductName>Group Activ Health<\/ProductName><ProductCode>4211<\/ProductCode><LineOfBusiness>42<\/LineOfBusiness><startDate>10\/1\/2020 12:00:00 AM<\/startDate><EndDate>9\/30\/2021 12:00:00 AM<\/EndDate><PolicyNumber>61-20-00032-00-00<\/PolicyNumber><ProposalNumber>IPB100109321<\/ProposalNumber><PolicyStatus>IF<\/PolicyStatus><Tenure>1<\/Tenure><stpFlag>0<\/stpFlag><COIUrl>https:\/\/uat_abpb.adityabirlahealth.com\/pdf\/OpenPDFFile.aspx?Path=dc7f60a4-6162-4863-a617-a2017ec37413<\/COIUrl><\/policyDtls><premium><BasePremium>7118.64<\/BasePremium><NetPremium>7118.64<\/NetPremium><GST>1281.36<\/GST><GrossPremium>8400.00<\/GrossPremium><\/premium><receiptObj><ReceiptNumber>R100197203<\/ReceiptNumber><ReceiptAmount>8999.00<\/ReceiptAmount><ExcessAmount>599.00<\/ExcessAmount><\/receiptObj><\/ns0:GHI_Res>" [] []
[2020-10-01 16:21:18] api_insert.INFO: {"emp_id":"623402","client_id":"1297982","certificate_number":"GHI-20-2000523","quotation_no":"IPB100109321","proposal_no":"IPB100109321","policy_no":"61-20-00032-00-00","gross_premium":"8400.00","status":"Success","start_date":"10\/1\/2020 12:00:00 AM","end_date":"9\/30\/2021 12:00:00 AM","created_date":"2020-10-01 16:21:18","proposal_no_lead":"P-1679345223635180","PolicyStatus":"IF","letter_url":"https:\/\/abpb.adityabirlahealth.com\/hbletter\/viewletter.aspx?ABH=123626&TRM=GHI-20-2000523","CustomerID":null,"MemberCustomerID":null} [] []
[2020-10-01 16:21:19] full_quote_request2.INFO: {"ClientCreation":{"Member_Customer_ID":"2608884GP1","salutation":"Mr","firstName":"test","middleName":"","lastName":"BANKING","dateofBirth":"12\/19\/1988","gender":"M","educationalQualification":null,"pinCode":"622103","uidNo":"5478-2589-3688","maritalStatus":null,"nationality":"Indian","occupation":"O553","primaryEmailID":"jack@gmail.com","contactMobileNo":"7010444138","stdLandlineNo":null,"panNo":null,"passportNumber":null,"contactPerson":null,"annualIncome":null,"remarks":null,"startDate":"2020-10-01","endDate":null,"IdProof":"Adhaar Card","residenceProof":null,"ageProof":null,"others":null,"homeAddressLine1":"Om hrad ntalatiof, holOmshre, talathioficeeachol, OmshreeSada9talathi","homeAddressLine2":null,"homeAddressLine3":null,"homePinCode":"622103","homeArea":null,"homeContactMobileNo":null,"homeContactMobileNo2":null,"homeSTDLandlineNo":null,"homeFaxNo":null,"sameAsHomeAddress":"1","mailingAddressLine1":null,"mailingAddressLine2":null,"mailingAddressLine3":null,"mailingPinCode":null,"mailingArea":null,"mailingContactMobileNo":null,"mailingContactMobileNo2":null,"mailingSTDLandlineNo":null,"mailingSTDLandlineNo2":null,"mailingFaxNo":null,"bankAccountType":null,"bankAccountNo":null,"ifscCode":null,"GSTIN":null,"GSTRegistrationStatus":"Consumers","IsEIAavailable":"0","ApplyEIA":"0","EIAAccountNo":null,"EIAWith":"0","AccountType":null,"AddressProof":null,"DOBProof":null,"IdentityProof":null},"PolicyCreationRequest":{"Quotation_Number":"GRP100109288","MasterPolicyNumber":"64-20-00011-00-00","GroupID":"GRP001","Product_Code":"4224","SumInsured_Type":null,"Policy_Tanure":"1","Member_Type_Code":"M209","intermediaryCode":"2104794","AutoRenewal":"Y","intermediaryBranchCode":"10MHMUM01","agentSignatureDate":null,"Customer_Signature_Date":null,"businessSourceChannel":null,"AssignPolicy":"0","AssigneeName":null,"leadID":"2079001","Source_Name":"Group_Protect","SPID":"1","TCN":null,"CRTNO":null,"RefCode1":"1","RefCode2":"051","Employee_Number":"623402","enumIsEmployeeDiscount":null,"QuoteDate":null,"IsPayment":"1","PaymentMode":null,"PolicyproductComponents":{"PlanCode":"4224","SumInsured":"500000","SchemeCode":"4112000003"}},"MemObj":{"Member":[{"MemberNo":1,"Salutation":"Mr","First_Name":"test","Middle_Name":null,"Last_Name":"BANKING","Gender":"M","DateOfBirth":"12\/19\/1988","Relation_Code":"R001","Marital_Status":null,"height":"0.00","weight":"0","occupation":"O553","PrimaryMember":"Y","MemberproductComponents":{"PlanCode":"4224","MemberQuestionDetails":[{"QuestionCode":null,"Answer":null,"Remarks":null}]},"MemberPED":[{"PEDCode":null,"Remarks":null}],"exactDiagnosis":null,"dateOfDiagnosis":null,"lastDateConsultation":null,"detailsOfTreatmentGiven":null,"doctorName":null,"hospitalName":null,"phoneNumberHosital":null,"Nominee_First_Name":"fvf","Nominee_Last_Name":"ghjhnhj","Nominee_Contact_Number":"8978888888","Nominee_Home_Address":null,"Nominee_Relationship_Code":"R002"}]},"ReceiptCreation":{"officeLocation":"Mumbai","modeOfEntry":"Direct","cdAcNo":null,"expiryDate":null,"payerType":"Customer","payerCode":null,"paymentBy":"Customer","paymentByName":null,"paymentByRelationship":null,"collectionAmount":599,"collectionRcvdDate":"2020-10-01","collectionMode":"online","remarks":null,"instrumentNumber":"pay_FjbdSd5WYQXl84","instrumentDate":"2020-10-01","bankName":"AXIS BANK","branchName":false,"bankLocation":null,"micrNo":null,"chequeType":null,"ifscCode":"UTIB0000016","PaymentGatewayName":"Group_Protect","TerminalID":"76006448","CardNo":null}} [] []
[2020-10-01 16:21:23] full_quote_reponse2.INFO: "<ns0:GroupProtectRes xmlns:ns0=\"http:\/\/ABHICL_NBP_QuickQuote_Schemas.GroupProtectResponse\"><errorObj><ErrorNumber>00<\/ErrorNumber><ErrorMessage>Success<\/ErrorMessage><\/errorObj><policyDtls><TransactionReferenceNumber><\/TransactionReferenceNumber><QuotationNumber>GRP100109322<\/QuotationNumber><CertificateNumber>GP-20-2000450<\/CertificateNumber><LetterURL>https:\/\/uat_abpb.adityabirlahealth.com\/hbletter\/viewletter.aspx?ABH=123627&amp;TRM=GP-20-2000450<\/LetterURL><ClientID>1297983<\/ClientID><ProductName>Group Protect<\/ProductName><ProductCode>4224<\/ProductCode><LineOfBusiness>42<\/LineOfBusiness><startDate>10\/1\/2020 12:00:00 AM<\/startDate><EndDate>9\/30\/2021 12:00:00 AM<\/EndDate><PolicyNumber>64-20-00011-00-00<\/PolicyNumber><ProposalNumber>GRP100109322<\/ProposalNumber><PolicyStatus>IF<\/PolicyStatus><Tenure>1<\/Tenure><stpFlag>0<\/stpFlag><MemberCustomerID>2608884GP1<\/MemberCustomerID><COIUrl>https:\/\/uat_abpb.adityabirlahealth.com\/pdf\/OpenPDFFile.aspx?Path=0c90279f-c593-4ca3-a5f2-da137cce0e90<\/COIUrl><\/policyDtls><premium><BasePremium>507.63<\/BasePremium><NetPremium>507.63<\/NetPremium><GST>91.37<\/GST><GrossPremium>599.00<\/GrossPremium><\/premium><receiptObj><ReceiptNumber>R100197204<\/ReceiptNumber><ReceiptAmount>599.00<\/ReceiptAmount><ExcessAmount>0.00<\/ExcessAmount><\/receiptObj><\/ns0:GroupProtectRes>" [] []
[2020-10-01 16:21:24] api_insert.INFO: {"emp_id":"623402","client_id":"1297983","certificate_number":"GP-20-2000450","quotation_no":"GRP100109322","proposal_no":"GRP100109322","policy_no":"64-20-00011-00-00","gross_premium":"599.00","status":"Success","start_date":"10\/1\/2020 12:00:00 AM","end_date":"9\/30\/2021 12:00:00 AM","created_date":"2020-10-01 16:21:23","proposal_no_lead":"P-1679345224179174","PolicyStatus":"IF","letter_url":"https:\/\/uat_abpb.adityabirlahealth.com\/hbletter\/viewletter.aspx?ABH=123627&TRM=GP-20-2000450","CustomerID":"2608884GP1","MemberCustomerID":"2608884GP1"} [] []
[2020-10-01 16:21:26] generateOTP.INFO: test [] []
[2020-10-01 16:24:15] generateOTP.INFO: test [] []
[2020-10-01 16:24:24] generateOTP.INFO: test [] []
[2020-10-01 16:24:28] generateOTP.INFO: test [] []
[2020-10-01 16:24:42] generateOTP.INFO: test [] []
[2020-10-01 16:24:43] generateOTP.INFO: test [] []
[2020-10-01 16:24:52] generateOTP.INFO: test [] []
[2020-10-01 16:24:55] generateOTP.INFO: test [] []
[2020-10-01 16:25:03] generateOTP.INFO: test [] []
[2020-10-01 16:25:05] generateOTP.INFO: test [] []
[2020-10-01 16:25:22] generateOTP.INFO: test [] []
[2020-10-01 16:25:37] generateOTP.INFO: test [] []
[2020-10-01 16:26:01] generateOTP.INFO: test [] []
[2020-10-01 16:26:49] generateOTP.INFO: test [] []
[2020-10-01 16:26:53] generateOTP.INFO: test [] []
[2020-10-01 16:26:54] generateOTP.INFO: test [] []
[2020-10-01 16:27:19] generateOTP.INFO: test [] []
[2020-10-01 17:04:09] generateOTP.INFO: test [] []
[2020-10-01 17:07:43] generateOTP.INFO: test [] []
[2020-10-01 17:07:44] generateOTP.INFO: test [] []
[2020-10-01 17:08:01] generateOTP.INFO: test [] []
[2020-10-01 17:08:01] generateOTP.INFO: test [] []
[2020-10-01 17:08:08] generateOTP.INFO: test [] []
[2020-10-01 17:09:01] generateOTP.INFO: test [] []
[2020-10-01 17:09:02] generateOTP.INFO: test [] []
[2020-10-01 17:09:06] generateOTP.INFO: test [] []
[2020-10-01 17:09:06] generateOTP.INFO: test [] []
[2020-10-01 17:09:06] generateOTP.INFO: test [] []
[2020-10-01 17:09:06] generateOTP.INFO: test [] []
[2020-10-01 17:10:12] generateOTP.INFO: test [] []
[2020-10-01 17:10:12] generateOTP.INFO: test [] []
[2020-10-01 17:10:12] generateOTP.INFO: test [] []
[2020-10-01 17:10:13] generateOTP.INFO: test [] []
[2020-10-01 17:10:41] generateOTP.INFO: test [] []
[2020-10-01 17:10:42] generateOTP.INFO: test [] []
[2020-10-01 17:10:54] generateOTP.INFO: test [] []
[2020-10-01 17:10:55] generateOTP.INFO: test [] []
[2020-10-01 17:14:25] generateOTP.INFO: test [] []
[2020-10-01 17:15:18] generateOTP.INFO: test [] []
[2020-10-01 17:17:07] generateOTP.INFO: test [] []
[2020-10-01 17:18:12] generateOTP.INFO: test [] []
[2020-10-01 17:23:05] generateOTP.INFO: test [] []
[2020-10-01 17:23:05] generateOTP.INFO: test [] []
[2020-10-01 17:23:31] generateOTP.INFO: test [] []
[2020-10-01 17:23:35] generateOTP.INFO: test [] []
[2020-10-01 17:23:35] generateOTP.INFO: test [] []
[2020-10-01 17:25:00] generateOTP.INFO: test [] []
[2020-10-01 17:26:25] generateOTP.INFO: test [] []
[2020-10-01 17:28:02] generateOTP.INFO: test [] []
[2020-10-01 17:29:40] generateOTP.INFO: test [] []
[2020-10-01 17:31:04] generateOTP.INFO: test [] []
[2020-10-01 17:32:39] generateOTP.INFO: test [] []
[2020-10-01 17:34:06] generateOTP.INFO: test [] []
[2020-10-01 17:35:11] generateOTP.INFO: test [] []
[2020-10-01 17:41:48] generateOTP.INFO: test [] []
[2020-10-01 17:41:50] generateOTP.INFO: test [] []
[2020-10-01 17:41:51] generateOTP.INFO: test [] []
[2020-10-01 17:43:08] generateOTP.INFO: test [] []
[2020-10-01 17:43:08] generateOTP.INFO: test [] []
[2020-10-01 17:45:17] generateOTP.INFO: test [] []
[2020-10-01 17:45:18] generateOTP.INFO: test [] []
[2020-10-01 17:45:38] generateOTP.INFO: test [] []
[2020-10-01 17:45:38] generateOTP.INFO: test [] []
[2020-10-01 17:50:06] generateOTP.INFO: test [] []
[2020-10-01 17:50:07] generateOTP.INFO: test [] []
[2020-10-01 17:50:43] generateOTP.INFO: test [] []
[2020-10-01 17:50:44] generateOTP.INFO: test [] []
[2020-10-01 17:51:44] generateOTP.INFO: test [] []
[2020-10-01 17:52:03] generateOTP.INFO: test [] []
[2020-10-01 17:52:19] generateOTP.INFO: test [] []
[2020-10-01 17:52:38] generateOTP.INFO: test [] []
[2020-10-01 17:52:38] generateOTP.INFO: test [] []
[2020-10-01 17:52:59] generateOTP.INFO: test [] []
[2020-10-01 17:53:59] generateOTP.INFO: test [] []
[2020-10-01 17:57:55] generateOTP.INFO: test [] []
[2020-10-01 17:57:56] generateOTP.INFO: test [] []
[2020-10-01 17:57:59] generateOTP.INFO: test [] []
[2020-10-01 17:57:59] generateOTP.INFO: test [] []
[2020-10-01 17:58:02] generateOTP.INFO: test [] []
[2020-10-01 17:58:02] generateOTP.INFO: test [] []
[2020-10-01 17:58:07] generateOTP.INFO: test [] []
[2020-10-01 17:58:08] generateOTP.INFO: test [] []
[2020-10-01 17:58:09] generateOTP.INFO: test [] []
[2020-10-01 17:58:10] generateOTP.INFO: test [] []
[2020-10-01 17:58:12] generateOTP.INFO: test [] []
[2020-10-01 17:58:12] generateOTP.INFO: test [] []
[2020-10-01 17:58:30] generateOTP.INFO: test [] []
[2020-10-01 17:58:33] generateOTP.INFO: test [] []
[2020-10-01 17:58:33] generateOTP.INFO: test [] []
[2020-10-01 17:58:46] generateOTP.INFO: test [] []
[2020-10-01 17:58:46] generateOTP.INFO: test [] []
[2020-10-01 17:58:53] generateOTP.INFO: test [] []
[2020-10-01 17:58:54] generateOTP.INFO: test [] []
[2020-10-01 18:00:22] generateOTP.INFO: test [] []
[2020-10-01 18:00:54] generateOTP.INFO: test [] []
[2020-10-01 18:00:58] generateOTP.INFO: test [] []
[2020-10-01 18:04:58] generateOTP.INFO: test [] []
[2020-10-01 18:05:04] generateOTP.INFO: test [] []
[2020-10-01 18:05:17] generateOTP.INFO: test [] []
[2020-10-01 18:05:17] generateOTP.INFO: test [] []
[2020-10-01 18:05:17] generateOTP.INFO: test [] []
[2020-10-01 18:05:18] generateOTP.INFO: test [] []
[2020-10-01 18:06:12] generateOTP.INFO: test [] []
[2020-10-01 18:06:13] generateOTP.INFO: test [] []
[2020-10-01 18:06:13] generateOTP.INFO: test [] []
[2020-10-01 18:06:16] generateOTP.INFO: test [] []
[2020-10-01 18:07:09] generateOTP.INFO: test [] []
[2020-10-01 18:07:12] generateOTP.INFO: test [] []
[2020-10-01 18:07:58] generateOTP.INFO: test [] []
[2020-10-01 18:07:59] generateOTP.INFO: test [] []
[2020-10-01 18:08:23] generateOTP.INFO: test [] []
[2020-10-01 18:08:26] generateOTP.INFO: test [] []
[2020-10-01 18:09:07] generateOTP.INFO: test [] []
[2020-10-01 18:09:07] generateOTP.INFO: test [] []
[2020-10-01 18:09:08] generateOTP.INFO: test [] []
[2020-10-01 18:09:19] generateOTP.INFO: test [] []
[2020-10-01 18:11:34] generateOTP.INFO: test [] []
[2020-10-01 18:13:47] generateOTP.INFO: test [] []
[2020-10-01 18:14:15] generateOTP.INFO: test [] []
[2020-10-01 18:18:53] generateOTP.INFO: test [] []
[2020-10-01 18:19:24] generateOTP.INFO: test [] []
[2020-10-01 18:20:43] generateOTP.INFO: test [] []
[2020-10-01 18:20:46] generateOTP.INFO: test [] []
[2020-10-01 18:21:09] generateOTP.INFO: test [] []
[2020-10-01 18:23:00] generateOTP.INFO: test [] []
[2020-10-01 18:23:03] generateOTP.INFO: test [] []
[2020-10-01 18:23:32] generateOTP.INFO: test [] []
[2020-10-01 18:23:54] generateOTP.INFO: test [] []
[2020-10-01 18:24:53] generateOTP.INFO: test [] []
[2020-10-01 18:29:43] generateOTP.INFO: test [] []
[2020-10-01 18:29:45] generateOTP.INFO: test [] []
[2020-10-01 18:30:41] generateOTP.INFO: test [] []
[2020-10-01 18:30:42] generateOTP.INFO: test [] []
[2020-10-01 18:31:17] generateOTP.INFO: test [] []
[2020-10-01 18:31:24] generateOTP.INFO: test [] []
[2020-10-01 18:31:27] generateOTP.INFO: test [] []
[2020-10-01 18:31:29] generateOTP.INFO: test [] []
[2020-10-01 18:32:27] generateOTP.INFO: test [] []
[2020-10-01 18:32:30] generateOTP.INFO: test [] []
[2020-10-01 18:32:35] generateOTP.INFO: test [] []
[2020-10-01 18:32:36] generateOTP.INFO: test [] []
[2020-10-01 18:32:58] generateOTP.INFO: test [] []
[2020-10-01 18:33:00] generateOTP.INFO: test [] []
[2020-10-01 18:36:24] generateOTP.INFO: test [] []
[2020-10-01 18:46:35] generateOTP.INFO: test [] []
[2020-10-01 21:43:28] generateOTP.INFO: test [] []
