[2021-11-01 01:16:13] generateOTP.INFO: test [] []
[2021-11-01 01:16:14] generateOTP.INFO: test [] []
[2021-11-01 01:16:16] generateOTP.INFO: test [] []
[2021-11-01 02:00:35] generateOTP.INFO: test [] []
[2021-11-01 02:00:36] generateOTP.INFO: test [] []
[2021-11-01 02:00:38] generateOTP.INFO: test [] []
[2021-11-01 02:40:05] generateOTP.INFO: test [] []
[2021-11-01 02:40:06] generateOTP.INFO: test [] []
[2021-11-01 07:50:00] generateOTP.INFO: test [] []
[2021-11-01 07:50:12] generateOTP.INFO: test [] []
[2021-11-01 07:50:14] generateOTP.INFO: test [] []
[2021-11-01 08:42:20] generateOTP.INFO: test [] []
[2021-11-01 10:49:07] generateOTP.INFO: test [] []
[2021-11-01 10:50:17] generateOTP.INFO: test [] []
[2021-11-01 10:51:22] generateOTP.INFO: test [] []
[2021-11-01 10:51:26] generateOTP.INFO: test [] []
[2021-11-01 10:51:48] generateOTP.INFO: {"salutation":"1","firstname":"ankita","lastname":"shetty","dob":"14-11-1990","mob_no":"7898888888","panCard":"","email":"ankita.shetty@gmail.com","ref1":"0","ref2":"0","comAdd":"test  address","city":"Panvel","state":"MAHARASHTRA","pin_code":"410218","ISNRI":"N","update_emp_id":"eFExY1Rzajc5Z1pEVkFldEl2MXdvQT09","edit":"0","policy_no":"470","subtype_text":"1","sum_insure":"5000000","familyConstruct":"1A","occupation":"2","anuual_income":"900000","family_members_id":"0","family_gender":"Male","first_name":"ankita","last_name":"shetty","family_date_birth":"14-11-1990","age":"30","age_type":" years","tenure":"1 Year","mem_mob":"7898888888","mem_email":"ankita.shetty@gmail.com","family_id":"","s_date":"","marriage_date":"","premium":"12199","policyNo":"470","familyDataType":"undefined","empId":"eFExY1Rzajc5Z1pEVkFldEl2MXdvQT09","product":"test123abc","declare":"[]","gender":"Male","gci_options":"undefined","gpa_options":"Yes","hidden_policy_id":"470,471","hidden_deductable":"0"} [] []
[2021-11-01 10:52:06] documentsSave.INFO: {"ops_type":"[]","ids":"3285,3286"} [] []
[2021-11-01 10:52:06] documentsSaveFiles.INFO: [] [] []
[2021-11-01 10:52:11] generateOTP.INFO: test [] []
[2021-11-01 10:52:11] generateOTP.INFO: test [] []
[2021-11-01 10:53:13] generateOTP.INFO: test [] []
[2021-11-01 10:53:14] generateOTP.INFO: test [] []
[2021-11-01 10:54:31] full_quote_request1.INFO: {"ClientCreation":{"Member_Customer_ID":"1635744075GHIR11","salutation":"Mr","firstName":"ankita","middleName":"","lastName":"shetty","dateofBirth":"11\/14\/1990","gender":"M","educationalQualification":null,"pinCode":"410218","uidNo":"0","maritalStatus":null,"nationality":"Indian","occupation":"O002","primaryEmailID":"ankita.shetty@gmail.com","contactMobileNo":"7898888888","stdLandlineNo":null,"panNo":null,"passportNumber":null,"contactPerson":null,"annualIncome":"900000","remarks":null,"startDate":"2021-11-01","endDate":null,"IdProof":"Adhaar Card","residenceProof":null,"ageProof":null,"others":null,"homeAddressLine1":"test  address","homeAddressLine2":null,"homeAddressLine3":null,"homePinCode":"410218","homeArea":null,"homeContactMobileNo":null,"homeContactMobileNo2":null,"homeSTDLandlineNo":null,"homeFaxNo":null,"sameAsHomeAddress":"1","mailingAddressLine1":null,"mailingAddressLine2":null,"mailingAddressLine3":null,"mailingPinCode":null,"mailingArea":null,"mailingContactMobileNo":null,"mailingContactMobileNo2":null,"mailingSTDLandlineNo":null,"mailingSTDLandlineNo2":null,"mailingFaxNo":null,"bankAccountType":null,"bankAccountNo":null,"ifscCode":null,"GSTIN":null,"GSTRegistrationStatus":"Consumers","IsEIAavailable":"0","ApplyEIA":"0","EIAAccountNo":null,"EIAWith":"0","AccountType":null,"AddressProof":null,"DOBProof":null,"IdentityProof":null},"PolicyCreationRequest":{"Quotation_Number":"","MasterPolicyNumber":"71-20-00045-00-00","GroupID":"GRP001","Product_Code":"4211","SumInsured_Type":null,"Policy_Tanure":"1","Member_Type_Code":"M209","intermediaryCode":"008848","AutoRenewal":"0","AutoDebit":"0","intermediaryBranchCode":"10MHMUM01","agentSignatureDate":null,"Customer_Signature_Date":null,"businessSourceChannel":null,"AssignPolicy":"0","AssigneeName":null,"leadID":"SL1635744075","Source_Name":"AXIS_GHIEW_XL","SPID":"0","TCN":null,"CRTNO":null,"RefCode1":"0","RefCode2":"051","Employee_Number":"627120","enumIsEmployeeDiscount":null,"QuoteDate":null,"IsPayment":"0","PaymentMode":null,"PolicyproductComponents":[{"PlanCode":"4211","SumInsured":"5000000","SchemeCode":"4112000003"}]},"MemObj":{"Member":[{"MemberNo":1,"Salutation":"Mr","First_Name":"ankita","Middle_Name":null,"Last_Name":"shetty","Gender":"M","DateOfBirth":"11\/14\/1990","Relation_Code":"R001","Marital_Status":null,"height":"0.00","weight":"0","occupation":"O002","PrimaryMember":"Y","MemberproductComponents":[{"PlanCode":"4211","MemberQuestionDetails":[{"QuestionCode":null,"Answer":null,"Remarks":null}]}],"MemberPED":[{"PEDCode":null,"Remarks":null}],"exactDiagnosis":null,"dateOfDiagnosis":null,"lastDateConsultation":null,"detailsOfTreatmentGiven":null,"doctorName":null,"hospitalName":null,"phoneNumberHosital":null,"Nominee_First_Name":"TEST","Nominee_Last_Name":"SPOUSE","Nominee_Contact_Number":"7878787878","Nominee_Home_Address":null,"Nominee_Relationship_Code":"R002"}]},"ReceiptCreation":{"officeLocation":"","modeOfEntry":"","cdAcNo":null,"expiryDate":null,"payerType":"","payerCode":null,"paymentBy":"","paymentByName":null,"paymentByRelationship":null,"collectionAmount":"","collectionRcvdDate":null,"collectionMode":"","remarks":null,"instrumentNumber":null,"instrumentDate":null,"bankName":null,"branchName":null,"bankLocation":null,"micrNo":null,"chequeType":null,"ifscCode":"","PaymentGatewayName":"","TerminalID":"","CardNo":null}} [] []
[2021-11-01 10:54:34] full_quote_reponse1.INFO: "<ns0:GHI_Res xmlns:ns0=\"http:\/\/ABHICL_NBP_QuickQuote_Schemas.GHI_Response\"><errorObj><ErrorNumber>00<\/ErrorNumber><ErrorMessage>Success<\/ErrorMessage><\/errorObj><policyDtls><TransactionReferenceNumber><\/TransactionReferenceNumber><QuotationNumber>XL100900493<\/QuotationNumber><CertificateNumber><\/CertificateNumber><LetterURL><\/LetterURL><ClientID><\/ClientID><ProductName>Group Activ Health<\/ProductName><ProductCode>4211<\/ProductCode><LineOfBusiness>42<\/LineOfBusiness><startDate><\/startDate><EndDate><\/EndDate><PolicyNumber>71-20-00045-00-00<\/PolicyNumber><ProposalNumber><\/ProposalNumber><PolicyStatus>PQ1<\/PolicyStatus><Tenure>1<\/Tenure><stpFlag>0<\/stpFlag><MemberCustomerID>1635744075GHIR11<\/MemberCustomerID><\/policyDtls><premium><BasePremium>10338.00<\/BasePremium><NetPremium>10338.00<\/NetPremium><GST>1860.84<\/GST><GrossPremium>12199.00<\/GrossPremium><\/premium><receiptObj><ReceiptNumber \/><ReceiptAmount \/><ExcessAmount \/><\/receiptObj><\/ns0:GHI_Res>" [] []
[2021-11-01 10:54:35] full_quote_request1.INFO: {"ClientCreation":{"Member_Customer_ID":"1635744075GPA1","salutation":"Mr","firstName":"ankita","middleName":"","lastName":"shetty","dateofBirth":"11\/14\/1990","gender":"M","educationalQualification":null,"pinCode":"410218","uidNo":"0","maritalStatus":null,"nationality":"Indian","occupation":"O002","primaryEmailID":"ankita.shetty@gmail.com","contactMobileNo":"7898888888","stdLandlineNo":null,"panNo":null,"passportNumber":null,"contactPerson":null,"annualIncome":"900000","remarks":null,"startDate":"2021-11-01","endDate":null,"IdProof":"Adhaar Card","residenceProof":null,"ageProof":null,"others":null,"homeAddressLine1":"test  address","homeAddressLine2":null,"homeAddressLine3":null,"homePinCode":"410218","homeArea":null,"homeContactMobileNo":null,"homeContactMobileNo2":null,"homeSTDLandlineNo":null,"homeFaxNo":null,"sameAsHomeAddress":"1","mailingAddressLine1":null,"mailingAddressLine2":null,"mailingAddressLine3":null,"mailingPinCode":null,"mailingArea":null,"mailingContactMobileNo":null,"mailingContactMobileNo2":null,"mailingSTDLandlineNo":null,"mailingSTDLandlineNo2":null,"mailingFaxNo":null,"bankAccountType":null,"bankAccountNo":null,"ifscCode":null,"GSTIN":null,"GSTRegistrationStatus":"Consumers","IsEIAavailable":"0","ApplyEIA":"0","EIAAccountNo":null,"EIAWith":"0","AccountType":null,"AddressProof":null,"DOBProof":null,"IdentityProof":null},"PolicyCreationRequest":{"Quotation_Number":"","MasterPolicyNumber":"62-20-00065-00-00","GroupID":"GRP001","Product_Code":"4112","SumInsured_Type":null,"Policy_Tanure":"1","Member_Type_Code":"M209","intermediaryCode":"008848","AutoRenewal":"0","AutoDebit":"0","intermediaryBranchCode":"10MHMUM01","agentSignatureDate":null,"Customer_Signature_Date":null,"businessSourceChannel":null,"AssignPolicy":"0","AssigneeName":null,"leadID":"SL1635744075","Source_Name":"AXIS_GFBEW_XL","SPID":"0","TCN":null,"CRTNO":null,"RefCode1":"0","RefCode2":"051","Employee_Number":"627120","enumIsEmployeeDiscount":null,"QuoteDate":null,"IsPayment":"0","PaymentMode":null,"PolicyproductComponents":[{"PlanCode":"4112","SumInsured":"5000000","SchemeCode":"4112000003"}]},"MemObj":{"Member":[{"MemberNo":1,"Salutation":"Mr","First_Name":"ankita","Middle_Name":null,"Last_Name":"shetty","Gender":"M","DateOfBirth":"11\/14\/1990","Relation_Code":"R001","Marital_Status":null,"height":"0.00","weight":"0","occupation":"O002","PrimaryMember":"Y","MemberproductComponents":[{"PlanCode":"4112","MemberQuestionDetails":[{"QuestionCode":null,"Answer":null,"Remarks":null}]}],"MemberPED":[{"PEDCode":null,"Remarks":null}],"exactDiagnosis":null,"dateOfDiagnosis":null,"lastDateConsultation":null,"detailsOfTreatmentGiven":null,"doctorName":null,"hospitalName":null,"phoneNumberHosital":null,"Nominee_First_Name":"TEST","Nominee_Last_Name":"SPOUSE","Nominee_Contact_Number":"7878787878","Nominee_Home_Address":null,"Nominee_Relationship_Code":"R002"}]},"ReceiptCreation":{"officeLocation":"","modeOfEntry":"","cdAcNo":null,"expiryDate":null,"payerType":"","payerCode":null,"paymentBy":"","paymentByName":null,"paymentByRelationship":null,"collectionAmount":"","collectionRcvdDate":null,"collectionMode":"","remarks":null,"instrumentNumber":null,"instrumentDate":null,"bankName":null,"branchName":null,"bankLocation":null,"micrNo":null,"chequeType":null,"ifscCode":"","PaymentGatewayName":"","TerminalID":"","CardNo":null}} [] []
[2021-11-01 10:54:38] full_quote_reponse1.INFO: "<ns0:GFB_Res xmlns:ns0=\"http:\/\/ABHICL_NBP_QuickQuote_Schemas.GFB_Response\"><errorObj><ErrorNumber>00<\/ErrorNumber><ErrorMessage>Success<\/ErrorMessage><\/errorObj><policyDtls><TransactionReferenceNumber><\/TransactionReferenceNumber><QuotationNumber>XL100900494<\/QuotationNumber><CertificateNumber><\/CertificateNumber><LetterURL><\/LetterURL><ClientID><\/ClientID><ProductName>Group Activ Secure - Personal Accident<\/ProductName><ProductCode>4112<\/ProductCode><LineOfBusiness>41<\/LineOfBusiness><startDate><\/startDate><EndDate><\/EndDate><PolicyNumber>62-20-00065-00-00<\/PolicyNumber><ProposalNumber><\/ProposalNumber><PolicyStatus>PQ1<\/PolicyStatus><Tenure>1<\/Tenure><stpFlag>0<\/stpFlag><MemberCustomerID>1635744075GPA1<\/MemberCustomerID><\/policyDtls><premium><BasePremium>1695.00<\/BasePremium><NetPremium>1695.00<\/NetPremium><GST>305.10<\/GST><GrossPremium>2000.00<\/GrossPremium><\/premium><receiptObj><ReceiptNumber \/><ReceiptAmount \/><ExcessAmount \/><\/receiptObj><\/ns0:GFB_Res>" [] []
[2021-11-01 10:58:22] generateOTP.INFO: test [] []
[2021-11-01 10:58:22] generateOTP.INFO: test [] []
[2021-11-01 11:00:30] generateOTP.INFO: test [] []
[2021-11-01 11:00:30] generateOTP.INFO: test [] []
[2021-11-01 11:00:33] full_quote_request2.INFO: {"ClientCreation":{"Member_Customer_ID":"1635744075GHIR11","salutation":"Mr","firstName":"ankita","middleName":"","lastName":"shetty","dateofBirth":"11\/14\/1990","gender":"M","educationalQualification":null,"pinCode":"410218","uidNo":"0","maritalStatus":null,"nationality":"Indian","occupation":"O002","primaryEmailID":"ankita.shetty@gmail.com","contactMobileNo":"7898888888","stdLandlineNo":null,"panNo":null,"passportNumber":null,"contactPerson":null,"annualIncome":"900000","remarks":null,"startDate":"2021-11-01","endDate":null,"IdProof":"Adhaar Card","residenceProof":null,"ageProof":null,"others":null,"homeAddressLine1":"test  address","homeAddressLine2":null,"homeAddressLine3":null,"homePinCode":"410218","homeArea":null,"homeContactMobileNo":null,"homeContactMobileNo2":null,"homeSTDLandlineNo":null,"homeFaxNo":null,"sameAsHomeAddress":"1","mailingAddressLine1":null,"mailingAddressLine2":null,"mailingAddressLine3":null,"mailingPinCode":null,"mailingArea":null,"mailingContactMobileNo":null,"mailingContactMobileNo2":null,"mailingSTDLandlineNo":null,"mailingSTDLandlineNo2":null,"mailingFaxNo":null,"bankAccountType":null,"bankAccountNo":null,"ifscCode":null,"GSTIN":null,"GSTRegistrationStatus":"Consumers","IsEIAavailable":"0","ApplyEIA":"0","EIAAccountNo":null,"EIAWith":"0","AccountType":null,"AddressProof":null,"DOBProof":null,"IdentityProof":null},"PolicyCreationRequest":{"Quotation_Number":"XL100900493","MasterPolicyNumber":"71-20-00045-00-00","GroupID":"GRP001","Product_Code":"4211","SumInsured_Type":null,"Policy_Tanure":"1","Member_Type_Code":"M209","intermediaryCode":"008848","AutoRenewal":"0","AutoDebit":"0","intermediaryBranchCode":"10MHMUM01","agentSignatureDate":null,"Customer_Signature_Date":null,"businessSourceChannel":null,"AssignPolicy":"0","AssigneeName":null,"leadID":"SL1635744075","Source_Name":"AXIS_GHIEW_XL","SPID":"0","TCN":null,"CRTNO":null,"RefCode1":"0","RefCode2":"051","Employee_Number":"627120","enumIsEmployeeDiscount":null,"QuoteDate":null,"IsPayment":"1","PaymentMode":null,"PolicyproductComponents":[{"PlanCode":"4211","SumInsured":"5000000","SchemeCode":"4112000003"}]},"MemObj":{"Member":[{"MemberNo":1,"Salutation":"Mr","First_Name":"ankita","Middle_Name":null,"Last_Name":"shetty","Gender":"M","DateOfBirth":"11\/14\/1990","Relation_Code":"R001","Marital_Status":null,"height":"0.00","weight":"0","occupation":"O002","PrimaryMember":"Y","MemberproductComponents":[{"PlanCode":"4211","MemberQuestionDetails":[{"QuestionCode":null,"Answer":null,"Remarks":null}]}],"MemberPED":[{"PEDCode":null,"Remarks":null}],"exactDiagnosis":null,"dateOfDiagnosis":null,"lastDateConsultation":null,"detailsOfTreatmentGiven":null,"doctorName":null,"hospitalName":null,"phoneNumberHosital":null,"Nominee_First_Name":"TEST","Nominee_Last_Name":"SPOUSE","Nominee_Contact_Number":"7878787878","Nominee_Home_Address":null,"Nominee_Relationship_Code":"R002"}]},"ReceiptCreation":{"officeLocation":"Mumbai","modeOfEntry":"Direct","cdAcNo":null,"expiryDate":null,"payerType":"Customer","payerCode":null,"paymentBy":"Customer","paymentByName":null,"paymentByRelationship":null,"collectionAmount":12199,"collectionRcvdDate":"2021-11-01","collectionMode":"online","remarks":null,"instrumentNumber":"pay_IGDxZrCvKDbsIQ","instrumentDate":"2021-11-01","bankName":"Axis Bank Ltd","branchName":"","bankLocation":null,"micrNo":null,"chequeType":null,"ifscCode":"","PaymentGatewayName":"AXIS_GHIEW_XL","TerminalID":"76006448","CardNo":null},"CombiCreation":{"Combi_flag":"1","Combi_identifier":"leadid","Combi_value":"SL1635744075","Combi_code":"AXIS_GHIEW_XL","Combi_Count":2,"Combi_product_count":1}} [] []
[2021-11-01 11:00:40] full_quote_reponse2.INFO: "<ns0:GHI_Res xmlns:ns0=\"http:\/\/ABHICL_NBP_QuickQuote_Schemas.GHI_Response\"><errorObj><ErrorNumber>00<\/ErrorNumber><ErrorMessage>Success<\/ErrorMessage><\/errorObj><policyDtls><TransactionReferenceNumber><\/TransactionReferenceNumber><QuotationNumber>XL100900493<\/QuotationNumber><CertificateNumber>GHI-XL-21-2000433<\/CertificateNumber><LetterURL>https:\/\/abpb.adityabirlahealth.com\/hbletter\/viewletter.aspx?ABH=1045044&amp;TRM=GHI-XL-21-2000433<\/LetterURL><ClientID>0001538143<\/ClientID><ProductName>Group Activ Health<\/ProductName><ProductCode>4211<\/ProductCode><LineOfBusiness>42<\/LineOfBusiness><startDate>11\/1\/2021 12:00:00 AM<\/startDate><EndDate>10\/31\/2022 11:59:00 PM<\/EndDate><PolicyNumber>71-20-00045-00-00<\/PolicyNumber><ProposalNumber>XL100900493<\/ProposalNumber><PolicyStatus>IF<\/PolicyStatus><Tenure>1<\/Tenure><stpFlag>0<\/stpFlag><MemberCustomerID>1635744075GHIR11<\/MemberCustomerID><\/policyDtls><premium><BasePremium>10338.00<\/BasePremium><NetPremium>10338.00<\/NetPremium><GST>1860.84<\/GST><GrossPremium>12199.00<\/GrossPremium><\/premium><receiptObj><ReceiptNumber>R70157565<\/ReceiptNumber><ReceiptAmount>12199.00<\/ReceiptAmount><ExcessAmount>0.00<\/ExcessAmount><\/receiptObj><\/ns0:GHI_Res>" [] []
[2021-11-01 11:00:40] api_insert.INFO: {"emp_id":"627120","proposal_id":"3285","member_fr_id":"","client_id":"0001538143","certificate_number":"GHI-XL-21-2000433","quotation_no":"XL100900493","proposal_no":"XL100900493","policy_no":"71-20-00045-00-00","gross_premium":"12199.00","status":"Success","start_date":"11\/1\/2021 12:00:00 AM","end_date":"10\/31\/2022 11:59:00 PM","created_date":"2021-11-01 11:00:40","proposal_no_lead":"P-1715202031324710","PolicyStatus":"IF","letter_url":"https:\/\/abpb.adityabirlahealth.com\/hbletter\/viewletter.aspx?ABH=1045044&TRM=GHI-XL-21-2000433","CustomerID":"1635744075GHIR11","MemberCustomerID":"1635744075GHIR11","create_policy_type":0,"ReceiptNumber":"R70157565"} [] []
[2021-11-01 11:00:41] full_quote_request2.INFO: {"ClientCreation":{"Member_Customer_ID":"1635744075GPA1","salutation":"Mr","firstName":"ankita","middleName":"","lastName":"shetty","dateofBirth":"11\/14\/1990","gender":"M","educationalQualification":null,"pinCode":"410218","uidNo":"0","maritalStatus":null,"nationality":"Indian","occupation":"O002","primaryEmailID":"ankita.shetty@gmail.com","contactMobileNo":"7898888888","stdLandlineNo":null,"panNo":null,"passportNumber":null,"contactPerson":null,"annualIncome":"900000","remarks":null,"startDate":"2021-11-01","endDate":null,"IdProof":"Adhaar Card","residenceProof":null,"ageProof":null,"others":null,"homeAddressLine1":"test  address","homeAddressLine2":null,"homeAddressLine3":null,"homePinCode":"410218","homeArea":null,"homeContactMobileNo":null,"homeContactMobileNo2":null,"homeSTDLandlineNo":null,"homeFaxNo":null,"sameAsHomeAddress":"1","mailingAddressLine1":null,"mailingAddressLine2":null,"mailingAddressLine3":null,"mailingPinCode":null,"mailingArea":null,"mailingContactMobileNo":null,"mailingContactMobileNo2":null,"mailingSTDLandlineNo":null,"mailingSTDLandlineNo2":null,"mailingFaxNo":null,"bankAccountType":null,"bankAccountNo":null,"ifscCode":null,"GSTIN":null,"GSTRegistrationStatus":"Consumers","IsEIAavailable":"0","ApplyEIA":"0","EIAAccountNo":null,"EIAWith":"0","AccountType":null,"AddressProof":null,"DOBProof":null,"IdentityProof":null},"PolicyCreationRequest":{"Quotation_Number":"XL100900494","MasterPolicyNumber":"62-20-00065-00-00","GroupID":"GRP001","Product_Code":"4112","SumInsured_Type":null,"Policy_Tanure":"1","Member_Type_Code":"M209","intermediaryCode":"008848","AutoRenewal":"0","AutoDebit":"0","intermediaryBranchCode":"10MHMUM01","agentSignatureDate":null,"Customer_Signature_Date":null,"businessSourceChannel":null,"AssignPolicy":"0","AssigneeName":null,"leadID":"SL1635744075","Source_Name":"AXIS_GFBEW_XL","SPID":"0","TCN":null,"CRTNO":null,"RefCode1":"0","RefCode2":"051","Employee_Number":"627120","enumIsEmployeeDiscount":null,"QuoteDate":null,"IsPayment":"1","PaymentMode":null,"PolicyproductComponents":[{"PlanCode":"4112","SumInsured":"5000000","SchemeCode":"4112000003"}]},"MemObj":{"Member":[{"MemberNo":1,"Salutation":"Mr","First_Name":"ankita","Middle_Name":null,"Last_Name":"shetty","Gender":"M","DateOfBirth":"11\/14\/1990","Relation_Code":"R001","Marital_Status":null,"height":"0.00","weight":"0","occupation":"O002","PrimaryMember":"Y","MemberproductComponents":[{"PlanCode":"4112","MemberQuestionDetails":[{"QuestionCode":null,"Answer":null,"Remarks":null}]}],"MemberPED":[{"PEDCode":null,"Remarks":null}],"exactDiagnosis":null,"dateOfDiagnosis":null,"lastDateConsultation":null,"detailsOfTreatmentGiven":null,"doctorName":null,"hospitalName":null,"phoneNumberHosital":null,"Nominee_First_Name":"TEST","Nominee_Last_Name":"SPOUSE","Nominee_Contact_Number":"7878787878","Nominee_Home_Address":null,"Nominee_Relationship_Code":"R002"}]},"ReceiptCreation":{"officeLocation":"Mumbai","modeOfEntry":"Direct","cdAcNo":null,"expiryDate":null,"payerType":"Customer","payerCode":null,"paymentBy":"Customer","paymentByName":null,"paymentByRelationship":null,"collectionAmount":2001,"collectionRcvdDate":"2021-11-01","collectionMode":"online","remarks":null,"instrumentNumber":"pay_IGDxZrCvKDbsIQ","instrumentDate":"2021-11-01","bankName":"Axis Bank Ltd","branchName":"","bankLocation":null,"micrNo":null,"chequeType":null,"ifscCode":"","PaymentGatewayName":"AXIS_GFBEW_XL","TerminalID":"76006448","CardNo":null},"CombiCreation":{"Combi_flag":"1","Combi_identifier":"leadid","Combi_value":"SL1635744075","Combi_code":"AXIS_GFBEW_XL","Combi_Count":2,"Combi_product_count":1}} [] []
[2021-11-01 11:00:57] full_quote_reponse2.INFO: "<ns0:GFB_Res xmlns:ns0=\"http:\/\/ABHICL_NBP_QuickQuote_Schemas.GFB_Response\"><errorObj><ErrorNumber>00<\/ErrorNumber><ErrorMessage>Success<\/ErrorMessage><\/errorObj><policyDtls><TransactionReferenceNumber><\/TransactionReferenceNumber><QuotationNumber>XL100900494<\/QuotationNumber><CertificateNumber>GPA-XL-21-2000317<\/CertificateNumber><LetterURL>https:\/\/abpb.adityabirlahealth.com\/hbletter\/viewletter.aspx?ABH=1045045&amp;TRM=GPA-XL-21-2000317<\/LetterURL><ClientID>0001538144<\/ClientID><ProductName>Group Activ Secure<\/ProductName><ProductCode>4000<\/ProductCode><LineOfBusiness>40<\/LineOfBusiness><startDate>11\/1\/2021 12:00:00 AM<\/startDate><EndDate>10\/31\/2022 11:59:00 PM<\/EndDate><PolicyNumber>62-20-00065-00-00<\/PolicyNumber><ProposalNumber>XL100900494<\/ProposalNumber><PolicyStatus>IF<\/PolicyStatus><Tenure>1<\/Tenure><stpFlag>0<\/stpFlag><MemberCustomerID>1635744075GPA1<\/MemberCustomerID><\/policyDtls><premium><BasePremium>1695.00<\/BasePremium><NetPremium>1695.00<\/NetPremium><GST>305.10<\/GST><GrossPremium>2000.00<\/GrossPremium><\/premium><receiptObj><ReceiptNumber>R70157566<\/ReceiptNumber><ReceiptAmount>2001.00<\/ReceiptAmount><ExcessAmount>1.00<\/ExcessAmount><\/receiptObj><\/ns0:GFB_Res>" [] []
[2021-11-01 11:00:57] api_insert.INFO: {"emp_id":"627120","proposal_id":"3286","member_fr_id":"0","client_id":"0001538144","certificate_number":"GPA-XL-21-2000317","quotation_no":"XL100900494","proposal_no":"XL100900494","policy_no":"62-20-00065-00-00","gross_premium":"2000.00","status":"Success","start_date":"11\/1\/2021 12:00:00 AM","end_date":"10\/31\/2022 11:59:00 PM","created_date":"2021-11-01 11:00:57","proposal_no_lead":"P-1715202032373727","PolicyStatus":"IF","letter_url":"https:\/\/abpb.adityabirlahealth.com\/hbletter\/viewletter.aspx?ABH=1045045&TRM=GPA-XL-21-2000317","CustomerID":"1635744075GPA1","MemberCustomerID":"1635744075GPA1","create_policy_type":0,"ReceiptNumber":"R70157566"} [] []
[2021-11-01 11:00:59] generateOTP.INFO: test [] []
[2021-11-01 11:01:00] generateOTP.INFO: test [] []
[2021-11-01 11:25:18] generateOTP.INFO: test [] []
[2021-11-01 11:29:36] generateOTP.INFO: test [] []
[2021-11-01 11:29:37] generateOTP.INFO: test [] []
[2021-11-01 11:29:50] generateOTP.INFO: test [] []
[2021-11-01 11:30:40] generateOTP.INFO: test [] []
[2021-11-01 11:30:55] generateOTP.INFO: test [] []
[2021-11-01 11:31:01] generateOTP.INFO: test [] []
[2021-11-01 11:31:01] generateOTP.INFO: test [] []
[2021-11-01 11:31:01] generateOTP.INFO: test [] []
[2021-11-01 11:31:01] generateOTP.INFO: test [] []
[2021-11-01 11:31:01] generateOTP.INFO: test [] []
[2021-11-01 11:31:01] generateOTP.INFO: test [] []
[2021-11-01 11:31:01] generateOTP.INFO: test [] []
[2021-11-01 11:31:03] generateOTP.INFO: test [] []
[2021-11-01 11:31:04] generateOTP.INFO: test [] []
[2021-11-01 11:31:06] generateOTP.INFO: test [] []
[2021-11-01 11:31:10] generateOTP.INFO: test [] []
[2021-11-01 11:31:10] generateOTP.INFO: test [] []
[2021-11-01 11:31:10] generateOTP.INFO: test [] []
[2021-11-01 11:31:10] generateOTP.INFO: test [] []
[2021-11-01 11:31:18] generateOTP.INFO: test [] []
[2021-11-01 11:31:18] generateOTP.INFO: test [] []
[2021-11-01 11:31:19] generateOTP.INFO: test [] []
[2021-11-01 11:31:19] generateOTP.INFO: test [] []
[2021-11-01 11:32:56] generateOTP.INFO: test [] []
[2021-11-01 11:32:56] generateOTP.INFO: test [] []
[2021-11-01 11:32:56] generateOTP.INFO: test [] []
[2021-11-01 11:32:56] generateOTP.INFO: test [] []
[2021-11-01 11:33:59] generateOTP.INFO: test [] []
[2021-11-01 11:34:03] generateOTP.INFO: test [] []
[2021-11-01 11:34:03] generateOTP.INFO: test [] []
[2021-11-01 11:35:54] generateOTP.INFO: test [] []
[2021-11-01 11:38:54] generateOTP.INFO: test [] []
[2021-11-01 11:39:14] generateOTP.INFO: test [] []
[2021-11-01 11:42:05] generateOTP.INFO: test [] []
[2021-11-01 11:44:23] generateOTP.INFO: test [] []
[2021-11-01 11:45:49] generateOTP.INFO: test [] []
[2021-11-01 11:47:16] generateOTP.INFO: test [] []
[2021-11-01 11:47:16] generateOTP.INFO: test [] []
[2021-11-01 11:47:16] generateOTP.INFO: test [] []
[2021-11-01 11:47:20] generateOTP.INFO: test [] []
[2021-11-01 11:47:20] generateOTP.INFO: test [] []
[2021-11-01 11:47:21] generateOTP.INFO: test [] []
[2021-11-01 11:47:21] generateOTP.INFO: test [] []
[2021-11-01 11:47:26] generateOTP.INFO: test [] []
[2021-11-01 11:47:26] generateOTP.INFO: test [] []
[2021-11-01 11:47:26] generateOTP.INFO: test [] []
[2021-11-01 11:47:26] generateOTP.INFO: test [] []
[2021-11-01 11:47:27] generateOTP.INFO: test [] []
[2021-11-01 11:47:30] generateOTP.INFO: test [] []
[2021-11-01 11:47:31] generateOTP.INFO: test [] []
[2021-11-01 11:47:31] generateOTP.INFO: test [] []
[2021-11-01 11:47:31] generateOTP.INFO: test [] []
[2021-11-01 11:47:44] generateOTP.INFO: test [] []
[2021-11-01 11:47:44] generateOTP.INFO: test [] []
[2021-11-01 11:47:44] generateOTP.INFO: test [] []
[2021-11-01 11:47:44] generateOTP.INFO: test [] []
[2021-11-01 11:48:10] generateOTP.INFO: test [] []
[2021-11-01 11:48:10] generateOTP.INFO: test [] []
[2021-11-01 11:48:10] generateOTP.INFO: test [] []
[2021-11-01 11:48:10] generateOTP.INFO: test [] []
[2021-11-01 11:51:24] generateOTP.INFO: test [] []
[2021-11-01 11:51:24] generateOTP.INFO: test [] []
[2021-11-01 11:51:24] generateOTP.INFO: test [] []
[2021-11-01 11:51:25] generateOTP.INFO: test [] []
[2021-11-01 11:51:29] generateOTP.INFO: test [] []
[2021-11-01 11:51:30] generateOTP.INFO: test [] []
[2021-11-01 11:51:30] generateOTP.INFO: test [] []
[2021-11-01 11:51:31] generateOTP.INFO: test [] []
[2021-11-01 11:51:31] generateOTP.INFO: test [] []
[2021-11-01 11:51:31] generateOTP.INFO: test [] []
[2021-11-01 11:51:40] generateOTP.INFO: test [] []
[2021-11-01 11:51:46] generateOTP.INFO: test [] []
[2021-11-01 11:51:46] generateOTP.INFO: test [] []
[2021-11-01 11:51:55] generateOTP.INFO: test [] []
[2021-11-01 11:53:23] generateOTP.INFO: test [] []
[2021-11-01 11:53:51] generateOTP.INFO: test [] []
[2021-11-01 11:54:30] generateOTP.INFO: test [] []
[2021-11-01 11:54:32] generateOTP.INFO: test [] []
[2021-11-01 11:54:33] generateOTP.INFO: test [] []
[2021-11-01 11:54:41] generateOTP.INFO: test [] []
[2021-11-01 11:54:45] generateOTP.INFO: test [] []
[2021-11-01 11:55:01] generateOTP.INFO: test [] []
[2021-11-01 11:55:01] generateOTP.INFO: test [] []
[2021-11-01 11:55:01] generateOTP.INFO: test [] []
[2021-11-01 11:57:36] generateOTP.INFO: test [] []
[2021-11-01 11:57:36] generateOTP.INFO: test [] []
[2021-11-01 11:57:36] generateOTP.INFO: test [] []
[2021-11-01 11:57:36] generateOTP.INFO: test [] []
[2021-11-01 11:59:51] generateOTP.INFO: test [] []
[2021-11-01 12:00:01] generateOTP.INFO: test [] []
[2021-11-01 12:00:22] generateOTP.INFO: test [] []
[2021-11-01 12:00:37] generateOTP.INFO: test [] []
[2021-11-01 12:01:13] generateOTP.INFO: test [] []
[2021-11-01 12:01:13] generateOTP.INFO: test [] []
[2021-11-01 12:01:13] generateOTP.INFO: test [] []
[2021-11-01 12:01:37] generateOTP.INFO: test [] []
[2021-11-01 12:02:54] generateOTP.INFO: test [] []
[2021-11-01 12:02:54] generateOTP.INFO: test [] []
[2021-11-01 12:03:15] generateOTP.INFO: test [] []
[2021-11-01 12:03:18] generateOTP.INFO: test [] []
[2021-11-01 12:08:31] generateOTP.INFO: test [] []
[2021-11-01 12:08:39] generateOTP.INFO: test [] []
[2021-11-01 12:08:40] generateOTP.INFO: test [] []
[2021-11-01 12:09:08] generateOTP.INFO: test [] []
[2021-11-01 12:10:19] generateOTP.INFO: test [] []
[2021-11-01 12:10:25] generateOTP.INFO: test [] []
[2021-11-01 12:10:32] generateOTP.INFO: test [] []
[2021-11-01 12:14:15] generateOTP.INFO: test [] []
[2021-11-01 12:14:30] generateOTP.INFO: test [] []
[2021-11-01 12:14:56] generateOTP.INFO: test [] []
[2021-11-01 12:15:01] generateOTP.INFO: test [] []
[2021-11-01 12:15:06] generateOTP.INFO: test [] []
[2021-11-01 12:15:12] generateOTP.INFO: test [] []
[2021-11-01 12:15:13] generateOTP.INFO: test [] []
[2021-11-01 12:15:25] generateOTP.INFO: test [] []
[2021-11-01 12:16:13] generateOTP.INFO: test [] []
[2021-11-01 12:18:58] generateOTP.INFO: test [] []
[2021-11-01 12:19:44] generateOTP.INFO: test [] []
[2021-11-01 12:19:47] generateOTP.INFO: test [] []
[2021-11-01 12:20:16] generateOTP.INFO: test [] []
[2021-11-01 12:20:24] generateOTP.INFO: test [] []
[2021-11-01 12:20:32] generateOTP.INFO: test [] []
[2021-11-01 12:20:36] generateOTP.INFO: test [] []
[2021-11-01 12:24:18] generateOTP.INFO: test [] []
[2021-11-01 12:47:50] generateOTP.INFO: test [] []
[2021-11-01 12:47:55] generateOTP.INFO: test [] []
[2021-11-01 12:48:47] generateOTP.INFO: test [] []
[2021-11-01 12:48:48] generateOTP.INFO: test [] []
[2021-11-01 12:49:02] generateOTP.INFO: test [] []
[2021-11-01 12:50:36] generateOTP.INFO: test [] []
[2021-11-01 12:52:13] generateOTP.INFO: test [] []
[2021-11-01 12:52:15] generateOTP.INFO: test [] []
[2021-11-01 12:52:38] generateOTP.INFO: test [] []
[2021-11-01 12:58:42] generateOTP.INFO: test [] []
[2021-11-01 12:58:42] generateOTP.INFO: test [] []
[2021-11-01 12:58:42] generateOTP.INFO: test [] []
[2021-11-01 12:58:42] generateOTP.INFO: test [] []
[2021-11-01 12:58:42] generateOTP.INFO: test [] []
[2021-11-01 12:58:55] generateOTP.INFO: test [] []
[2021-11-01 13:00:03] generateOTP.INFO: test [] []
[2021-11-01 13:00:03] generateOTP.INFO: test [] []
[2021-11-01 13:00:03] generateOTP.INFO: test [] []
[2021-11-01 13:00:05] generateOTP.INFO: test [] []
[2021-11-01 13:00:05] generateOTP.INFO: test [] []
[2021-11-01 13:00:05] generateOTP.INFO: test [] []
[2021-11-01 13:00:14] generateOTP.INFO: test [] []
[2021-11-01 13:02:41] generateOTP.INFO: test [] []
[2021-11-01 13:08:08] generateOTP.INFO: test [] []
[2021-11-01 13:08:24] generateOTP.INFO: test [] []
[2021-11-01 13:08:59] generateOTP.INFO: test [] []
[2021-11-01 13:09:01] generateOTP.INFO: test [] []
[2021-11-01 13:09:03] generateOTP.INFO: test [] []
[2021-11-01 13:09:43] generateOTP.INFO: test [] []
[2021-11-01 13:09:59] generateOTP.INFO: test [] []
[2021-11-01 13:10:03] generateOTP.INFO: test [] []
[2021-11-01 13:10:28] generateOTP.INFO: test [] []
[2021-11-01 13:10:51] generateOTP.INFO: test [] []
[2021-11-01 13:11:27] generateOTP.INFO: test [] []
[2021-11-01 13:12:14] generateOTP.INFO: test [] []
[2021-11-01 13:13:09] generateOTP.INFO: test [] []
[2021-11-01 13:14:34] generateOTP.INFO: test [] []
[2021-11-01 13:19:54] generateOTP.INFO: test [] []
[2021-11-01 13:19:57] generateOTP.INFO: test [] []
[2021-11-01 13:20:01] generateOTP.INFO: test [] []
[2021-11-01 13:20:19] generateOTP.INFO: test [] []
[2021-11-01 13:31:28] generateOTP.INFO: test [] []
[2021-11-01 13:34:03] generateOTP.INFO: test [] []
[2021-11-01 13:34:25] generateOTP.INFO: test [] []
[2021-11-01 13:34:25] generateOTP.INFO: test [] []
[2021-11-01 13:34:25] generateOTP.INFO: test [] []
[2021-11-01 13:34:32] generateOTP.INFO: test [] []
[2021-11-01 13:34:36] generateOTP.INFO: test [] []
[2021-11-01 13:34:36] generateOTP.INFO: test [] []
[2021-11-01 13:34:43] generateOTP.INFO: test [] []
[2021-11-01 13:34:46] generateOTP.INFO: test [] []
[2021-11-01 13:36:02] generateOTP.INFO: test [] []
[2021-11-01 13:38:43] generateOTP.INFO: test [] []
[2021-11-01 13:38:43] generateOTP.INFO: test [] []
[2021-11-01 13:39:11] generateOTP.INFO: test [] []
[2021-11-01 13:39:22] generateOTP.INFO: test [] []
[2021-11-01 13:40:02] generateOTP.INFO: test [] []
[2021-11-01 13:40:02] generateOTP.INFO: test [] []
[2021-11-01 13:40:22] generateOTP.INFO: test [] []
[2021-11-01 13:40:27] generateOTP.INFO: test [] []
[2021-11-01 13:40:48] generateOTP.INFO: test [] []
[2021-11-01 13:41:19] generateOTP.INFO: test [] []
[2021-11-01 13:42:45] generateOTP.INFO: test [] []
[2021-11-01 13:43:40] generateOTP.INFO: test [] []
[2021-11-01 13:45:38] generateOTP.INFO: test [] []
[2021-11-01 14:09:27] generateOTP.INFO: test [] []
[2021-11-01 14:10:12] generateOTP.INFO: test [] []
[2021-11-01 14:10:14] generateOTP.INFO: test [] []
[2021-11-01 14:10:16] generateOTP.INFO: test [] []
[2021-11-01 14:10:38] generateOTP.INFO: test [] []
[2021-11-01 14:31:14] generateOTP.INFO: test [] []
[2021-11-01 14:31:40] generateOTP.INFO: test [] []
[2021-11-01 14:46:09] generateOTP.INFO: test [] []
[2021-11-01 14:51:44] generateOTP.INFO: test [] []
[2021-11-01 14:51:52] generateOTP.INFO: test [] []
[2021-11-01 14:51:54] generateOTP.INFO: test [] []
[2021-11-01 14:53:01] generateOTP.INFO: test [] []
[2021-11-01 14:55:55] generateOTP.INFO: test [] []
[2021-11-01 15:05:41] generateOTP.INFO: test [] []
[2021-11-01 15:05:50] generateOTP.INFO: test [] []
[2021-11-01 15:05:51] generateOTP.INFO: test [] []
[2021-11-01 15:06:21] generateOTP.INFO: test [] []
[2021-11-01 15:06:25] generateOTP.INFO: test [] []
[2021-11-01 15:09:36] generateOTP.INFO: test [] []
[2021-11-01 15:09:36] generateOTP.INFO: test [] []
[2021-11-01 15:10:18] generateOTP.INFO: test [] []
[2021-11-01 15:10:31] generateOTP.INFO: test [] []
[2021-11-01 15:11:09] generateOTP.INFO: test [] []
[2021-11-01 15:11:28] generateOTP.INFO: test [] []
[2021-11-01 15:12:50] generateOTP.INFO: test [] []
[2021-11-01 15:13:16] generateOTP.INFO: test [] []
[2021-11-01 15:22:03] generateOTP.INFO: test [] []
[2021-11-01 15:22:30] generateOTP.INFO: test [] []
[2021-11-01 15:22:57] generateOTP.INFO: test [] []
[2021-11-01 15:23:15] generateOTP.INFO: test [] []
[2021-11-01 15:23:52] generateOTP.INFO: test [] []
[2021-11-01 15:23:59] generateOTP.INFO: test [] []
[2021-11-01 15:24:02] generateOTP.INFO: test [] []
[2021-11-01 15:24:03] generateOTP.INFO: test [] []
[2021-11-01 15:24:19] generateOTP.INFO: test [] []
[2021-11-01 15:26:03] generateOTP.INFO: test [] []
[2021-11-01 15:26:03] generateOTP.INFO: test [] []
[2021-11-01 15:26:04] generateOTP.INFO: test [] []
[2021-11-01 15:26:26] generateOTP.INFO: test [] []
[2021-11-01 15:27:33] generateOTP.INFO: test [] []
[2021-11-01 15:27:43] generateOTP.INFO: test [] []
[2021-11-01 15:35:54] generateOTP.INFO: test [] []
[2021-11-01 15:35:54] generateOTP.INFO: test [] []
[2021-11-01 15:37:40] generateOTP.INFO: test [] []
[2021-11-01 15:38:08] generateOTP.INFO: test [] []
[2021-11-01 15:38:10] generateOTP.INFO: test [] []
[2021-11-01 15:38:11] generateOTP.INFO: test [] []
[2021-11-01 15:38:11] generateOTP.INFO: test [] []
[2021-11-01 15:38:12] generateOTP.INFO: test [] []
[2021-11-01 15:38:12] generateOTP.INFO: test [] []
[2021-11-01 15:38:12] generateOTP.INFO: test [] []
[2021-11-01 15:38:12] generateOTP.INFO: test [] []
[2021-11-01 15:38:13] generateOTP.INFO: test [] []
[2021-11-01 15:38:13] generateOTP.INFO: test [] []
[2021-11-01 15:38:13] generateOTP.INFO: test [] []
[2021-11-01 15:38:14] generateOTP.INFO: test [] []
[2021-11-01 15:38:14] generateOTP.INFO: test [] []
[2021-11-01 15:38:51] generateOTP.INFO: test [] []
[2021-11-01 15:44:32] generateOTP.INFO: test [] []
[2021-11-01 15:44:32] generateOTP.INFO: test [] []
[2021-11-01 15:45:08] generateOTP.INFO: test [] []
[2021-11-01 15:46:44] generateOTP.INFO: test [] []
[2021-11-01 15:50:29] generateOTP.INFO: test [] []
[2021-11-01 15:50:29] generateOTP.INFO: test [] []
[2021-11-01 15:50:29] generateOTP.INFO: test [] []
[2021-11-01 15:50:51] generateOTP.INFO: test [] []
[2021-11-01 15:54:46] generateOTP.INFO: test [] []
[2021-11-01 15:57:01] generateOTP.INFO: test [] []
[2021-11-01 15:58:22] generateOTP.INFO: test [] []
[2021-11-01 16:01:55] generateOTP.INFO: test [] []
[2021-11-01 16:07:37] generateOTP.INFO: test [] []
[2021-11-01 16:07:37] generateOTP.INFO: test [] []
[2021-11-01 16:07:37] generateOTP.INFO: test [] []
[2021-11-01 16:07:54] generateOTP.INFO: test [] []
[2021-11-01 16:08:02] generateOTP.INFO: test [] []
[2021-11-01 16:08:03] generateOTP.INFO: test [] []
[2021-11-01 16:08:11] generateOTP.INFO: test [] []
[2021-11-01 16:08:13] generateOTP.INFO: test [] []
[2021-11-01 16:08:27] generateOTP.INFO: test [] []
[2021-11-01 16:09:36] generateOTP.INFO: test [] []
[2021-11-01 16:09:44] generateOTP.INFO: test [] []
[2021-11-01 16:10:32] generateOTP.INFO: test [] []
[2021-11-01 16:10:32] generateOTP.INFO: test [] []
[2021-11-01 16:18:44] generateOTP.INFO: test [] []
[2021-11-01 16:18:47] generateOTP.INFO: test [] []
[2021-11-01 16:18:59] generateOTP.INFO: test [] []
[2021-11-01 16:19:07] generateOTP.INFO: test [] []
[2021-11-01 16:19:24] generateOTP.INFO: test [] []
[2021-11-01 16:23:20] generateOTP.INFO: test [] []
[2021-11-01 16:23:23] generateOTP.INFO: test [] []
[2021-11-01 16:23:23] generateOTP.INFO: test [] []
[2021-11-01 16:23:44] generateOTP.INFO: test [] []
[2021-11-01 16:30:05] generateOTP.INFO: test [] []
[2021-11-01 16:30:08] generateOTP.INFO: test [] []
[2021-11-01 17:00:36] generateOTP.INFO: test [] []
[2021-11-01 17:03:42] generateOTP.INFO: test [] []
[2021-11-01 17:04:04] generateOTP.INFO: test [] []
[2021-11-01 17:04:18] generateOTP.INFO: test [] []
[2021-11-01 17:17:44] generateOTP.INFO: test [] []
[2021-11-01 17:17:45] generateOTP.INFO: test [] []
[2021-11-01 17:17:45] generateOTP.INFO: test [] []
[2021-11-01 17:29:57] generateOTP.INFO: test [] []
[2021-11-01 17:29:59] generateOTP.INFO: test [] []
[2021-11-01 17:30:00] generateOTP.INFO: test [] []
[2021-11-01 17:34:34] generateOTP.INFO: test [] []
[2021-11-01 17:34:35] generateOTP.INFO: test [] []
[2021-11-01 17:35:41] generateOTP.INFO: test [] []
[2021-11-01 17:35:42] generateOTP.INFO: test [] []
[2021-11-01 19:04:49] generateOTP.INFO: test [] []
[2021-11-01 19:04:52] generateOTP.INFO: test [] []
[2021-11-01 19:04:53] generateOTP.INFO: test [] []
[2021-11-01 19:04:58] generateOTP.INFO: test [] []
[2021-11-01 19:04:59] generateOTP.INFO: test [] []
[2021-11-01 19:07:07] generateOTP.INFO: test [] []
[2021-11-01 19:07:08] generateOTP.INFO: test [] []
[2021-11-01 19:07:09] generateOTP.INFO: test [] []
[2021-11-01 19:07:11] generateOTP.INFO: test [] []
[2021-11-01 19:07:11] generateOTP.INFO: test [] []
[2021-11-01 19:18:26] generateOTP.INFO: test [] []
[2021-11-01 19:18:32] generateOTP.INFO: test [] []
[2021-11-01 19:23:25] generateOTP.INFO: test [] []
[2021-11-01 19:25:03] generateOTP.INFO: test [] []
[2021-11-01 19:25:05] generateOTP.INFO: test [] []
[2021-11-01 20:53:16] generateOTP.INFO: test [] []
[2021-11-01 21:12:21] generateOTP.INFO: test [] []
[2021-11-01 21:12:21] generateOTP.INFO: test [] []
[2021-11-01 21:12:21] generateOTP.INFO: test [] []
[2021-11-01 21:12:21] generateOTP.INFO: test [] []
[2021-11-01 21:12:21] generateOTP.INFO: test [] []
[2021-11-01 21:12:21] generateOTP.INFO: test [] []
[2021-11-01 21:12:21] generateOTP.INFO: test [] []
[2021-11-01 21:12:22] generateOTP.INFO: test [] []
[2021-11-01 21:12:22] generateOTP.INFO: test [] []
[2021-11-01 21:12:22] generateOTP.INFO: test [] []
[2021-11-01 21:12:22] generateOTP.INFO: test [] []
[2021-11-01 21:12:22] generateOTP.INFO: test [] []
[2021-11-01 21:12:22] generateOTP.INFO: test [] []
[2021-11-01 21:12:22] generateOTP.INFO: test [] []
[2021-11-01 21:12:22] generateOTP.INFO: test [] []
[2021-11-01 21:12:22] generateOTP.INFO: test [] []
[2021-11-01 21:12:22] generateOTP.INFO: test [] []
[2021-11-01 21:12:33] generateOTP.INFO: test [] []
[2021-11-01 21:20:05] generateOTP.INFO: test [] []
[2021-11-01 21:26:35] generateOTP.INFO: test [] []
[2021-11-01 21:26:37] generateOTP.INFO: test [] []
[2021-11-01 21:26:39] generateOTP.INFO: test [] []
[2021-11-01 22:21:32] generateOTP.INFO: test [] []
[2021-11-01 22:21:33] generateOTP.INFO: test [] []
[2021-11-01 22:21:34] generateOTP.INFO: test [] []
[2021-11-01 23:23:02] generateOTP.INFO: test [] []
[2021-11-01 23:23:03] generateOTP.INFO: test [] []
[2021-11-01 23:23:04] generateOTP.INFO: test [] []
[2021-11-01 23:37:16] generateOTP.INFO: test [] []
[2021-11-01 23:37:16] generateOTP.INFO: test [] []
