[2020-12-01 10:39:52] generateOTP.INFO: test [] []
[2020-12-01 10:51:52] generateOTP.INFO: test [] []
[2020-12-01 10:54:44] generateOTP.INFO: test [] []
[2020-12-01 10:54:46] generateOTP.INFO: test [] []
[2020-12-01 12:55:33] generateOTP.INFO: test [] []
[2020-12-01 12:56:12] generateOTP.INFO: test [] []
[2020-12-01 12:56:20] generateOTP.INFO: test [] []
[2020-12-01 12:57:03] generateOTP.INFO: test [] []
[2020-12-01 12:57:04] generateOTP.INFO: test [] []
[2020-12-01 12:58:03] generateOTP.INFO: test [] []
[2020-12-01 12:58:04] generateOTP.INFO: test [] []
[2020-12-01 13:03:38] generateOTP.INFO: test [] []
[2020-12-01 13:03:57] generateOTP.INFO: test [] []
[2020-12-01 13:04:57] generateOTP.INFO: test [] []
[2020-12-01 13:08:26] generateOTP.INFO: test [] []
[2020-12-01 13:16:30] generateOTP.INFO: test [] []
[2020-12-01 13:18:56] generateOTP.INFO: test [] []
[2020-12-01 13:31:55] generateOTP.INFO: test [] []
[2020-12-01 13:31:55] generateOTP.INFO: test [] []
[2020-12-01 13:31:56] generateOTP.INFO: test [] []
[2020-12-01 13:32:05] generateOTP.INFO: test [] []
[2020-12-01 13:32:14] generateOTP.INFO: test [] []
[2020-12-01 13:32:20] generateOTP.INFO: test [] []
[2020-12-01 13:34:09] generateOTP.INFO: test [] []
[2020-12-01 13:34:18] generateOTP.INFO: test [] []
[2020-12-01 13:34:21] generateOTP.INFO: test [] []
[2020-12-01 13:37:12] generateOTP.INFO: test [] []
[2020-12-01 13:48:17] generateOTP.INFO: test [] []
[2020-12-01 13:48:30] generateOTP.INFO: test [] []
[2020-12-01 14:05:40] generateOTP.INFO: test [] []
[2020-12-01 14:05:42] generateOTP.INFO: test [] []
[2020-12-01 14:05:45] generateOTP.INFO: test [] []
[2020-12-01 14:05:53] generateOTP.INFO: test [] []
[2020-12-01 14:06:06] generateOTP.INFO: {"salutation":"1","firstname":"test","lastname":"BANKING","dob":"19-12-1988","mob_no":"7010444138","panCard":"XXXXXX456A","email":"jack@gmail.com","ref1":"1","ref2":"1","comAdd":"Om hrad ntalatiof, holOmshre, talathioficeeachol, OmshreeSada9talathi","city":"MUMBAI","state":"MAHARASHTRA","pin_code":"622103","ISNRI":"N","update_emp_id":"623753","edit":"0","policy_no":"454,455","subtype_text":"1","sum_insure":"500000","anuual_income":"","occupation":"1","familyConstruct":"1A","family_members_id":"0","family_gender":"Male","first_name":"test","last_name":"BANKING","family_date_birth":"19-12-1988","age":"31","age_type":" years","tenure":"1 Year","family_id":"","s_date":"","marriage_date":"","premium":"8000","policyNo":"454,455","familyDataType":"undefined","empId":"623753","product":"RMxC5efb5c5a320e7","declare":"[]","gender":"Male","gci_options":"Yes"} [] []
[2020-12-01 14:06:53] documentsSave.INFO: {"ops_type":"[]","ids":"376,377,378"} [] []
[2020-12-01 14:06:53] documentsSaveFiles.INFO: [] [] []
[2020-12-01 14:07:51] generateOTP.INFO: test [] []
[2020-12-01 14:10:50] generateOTP.INFO: test [] []
[2020-12-01 14:11:42] generateOTP.INFO: test [] []
[2020-12-01 14:12:28] generateOTP.INFO: test [] []
[2020-12-01 14:12:52] generateOTP.INFO: test [] []
[2020-12-01 14:15:39] generateOTP.INFO: test [] []
[2020-12-01 14:15:48] generateOTP.INFO: test [] []
[2020-12-01 14:18:45] generateOTP.INFO: test [] []
[2020-12-01 14:19:21] generateOTP.INFO: test [] []
[2020-12-01 14:21:00] generateOTP.INFO: test [] []
[2020-12-01 14:21:27] generateOTP.INFO: test [] []
[2020-12-01 14:21:28] generateOTP.INFO: test [] []
[2020-12-01 14:21:34] generateOTP.INFO: test [] []
[2020-12-01 14:21:52] generateOTP.INFO: test [] []
[2020-12-01 14:22:10] generateOTP.INFO: test [] []
[2020-12-01 14:22:25] generateOTP.INFO: test [] []
[2020-12-01 14:23:06] generateOTP.INFO: test [] []
[2020-12-01 14:23:06] generateOTP.INFO: test [] []
[2020-12-01 14:23:06] generateOTP.INFO: test [] []
[2020-12-01 14:23:19] generateOTP.INFO: test [] []
[2020-12-01 14:23:37] generateOTP.INFO: test [] []
[2020-12-01 14:26:04] generateOTP.INFO: test [] []
[2020-12-01 14:26:11] generateOTP.INFO: test [] []
[2020-12-01 14:26:17] generateOTP.INFO: test [] []
[2020-12-01 14:26:28] generateOTP.INFO: test [] []
[2020-12-01 14:48:17] generateOTP.INFO: test [] []
[2020-12-01 14:48:25] generateOTP.INFO: test [] []
[2020-12-01 14:48:35] generateOTP.INFO: test [] []
[2020-12-01 14:48:37] generateOTP.INFO: test [] []
[2020-12-01 14:48:52] generateOTP.INFO: test [] []
[2020-12-01 14:49:19] generateOTP.INFO: test [] []
[2020-12-01 14:49:26] generateOTP.INFO: test [] []
[2020-12-01 14:49:29] generateOTP.INFO: test [] []
[2020-12-01 14:49:55] generateOTP.INFO: test [] []
[2020-12-01 14:50:01] generateOTP.INFO: test [] []
[2020-12-01 14:50:02] generateOTP.INFO: test [] []
[2020-12-01 14:50:09] generateOTP.INFO: test [] []
[2020-12-01 14:51:46] generateOTP.INFO: test [] []
[2020-12-01 14:52:01] generateOTP.INFO: test [] []
[2020-12-01 14:52:31] generateOTP.INFO: test [] []
[2020-12-01 14:52:38] generateOTP.INFO: test [] []
[2020-12-01 14:53:15] generateOTP.INFO: test [] []
[2020-12-01 14:58:41] generateOTP.INFO: test [] []
[2020-12-01 15:06:06] generateOTP.INFO: test [] []
[2020-12-01 15:07:34] generateOTP.INFO: test [] []
[2020-12-01 15:08:24] generateOTP.INFO: test [] []
[2020-12-01 15:08:40] generateOTP.INFO: test [] []
[2020-12-01 15:08:46] generateOTP.INFO: test [] []
[2020-12-01 15:09:32] generateOTP.INFO: test [] []
[2020-12-01 15:09:46] generateOTP.INFO: test [] []
[2020-12-01 15:10:49] generateOTP.INFO: test [] []
[2020-12-01 15:12:42] generateOTP.INFO: test [] []
[2020-12-01 15:13:26] generateOTP.INFO: test [] []
[2020-12-01 15:15:48] generateOTP.INFO: test [] []
[2020-12-01 15:17:11] generateOTP.INFO: test [] []
[2020-12-01 15:20:21] generateOTP.INFO: test [] []
[2020-12-01 15:20:45] generateOTP.INFO: test [] []
[2020-12-01 15:20:46] generateOTP.INFO: test [] []
[2020-12-01 15:20:55] generateOTP.INFO: test [] []
[2020-12-01 15:21:10] generateOTP.INFO: test [] []
[2020-12-01 15:21:12] generateOTP.INFO: test [] []
[2020-12-01 15:21:25] generateOTP.INFO: test [] []
[2020-12-01 15:24:38] generateOTP.INFO: test [] []
[2020-12-01 15:25:28] generateOTP.INFO: test [] []
[2020-12-01 15:26:22] generateOTP.INFO: test [] []
[2020-12-01 15:34:07] generateOTP.INFO: test [] []
[2020-12-01 15:34:07] generateOTP.INFO: test [] []
[2020-12-01 15:34:08] generateOTP.INFO: test [] []
[2020-12-01 15:34:15] generateOTP.INFO: test [] []
[2020-12-01 15:44:36] generateOTP.INFO: test [] []
[2020-12-01 15:44:37] generateOTP.INFO: test [] []
[2020-12-01 15:44:41] generateOTP.INFO: test [] []
[2020-12-01 15:44:53] generateOTP.INFO: test [] []
[2020-12-01 15:45:50] generateOTP.INFO: test [] []
[2020-12-01 15:47:56] generateOTP.INFO: test [] []
[2020-12-01 16:04:20] generateOTP.INFO: test [] []
[2020-12-01 16:06:49] generateOTP.INFO: test [] []
[2020-12-01 16:08:50] generateOTP.INFO: test [] []
[2020-12-01 16:08:52] generateOTP.INFO: test [] []
[2020-12-01 16:09:01] generateOTP.INFO: test [] []
[2020-12-01 16:10:34] generateOTP.INFO: test [] []
[2020-12-01 16:21:24] generateOTP.INFO: test [] []
[2020-12-01 16:25:12] generateOTP.INFO: test [] []
[2020-12-01 16:31:51] generateOTP.INFO: test [] []
[2020-12-01 16:31:51] generateOTP.INFO: test [] []
[2020-12-01 16:31:52] generateOTP.INFO: test [] []
[2020-12-01 16:32:04] generateOTP.INFO: test [] []
[2020-12-01 16:32:17] generateOTP.INFO: test [] []
[2020-12-01 16:40:15] generateOTP.INFO: test [] []
[2020-12-01 16:40:41] generateOTP.INFO: test [] []
[2020-12-01 16:41:00] generateOTP.INFO: test [] []
[2020-12-01 16:41:16] generateOTP.INFO: test [] []
[2020-12-01 16:44:12] generateOTP.INFO: test [] []
[2020-12-01 16:45:52] generateOTP.INFO: test [] []
[2020-12-01 16:46:17] generateOTP.INFO: test [] []
[2020-12-01 16:46:35] generateOTP.INFO: test [] []
[2020-12-01 16:47:25] generateOTP.INFO: test [] []
[2020-12-01 16:47:58] generateOTP.INFO: test [] []
[2020-12-01 16:48:58] generateOTP.INFO: test [] []
[2020-12-01 16:48:59] generateOTP.INFO: test [] []
[2020-12-01 16:49:07] generateOTP.INFO: test [] []
[2020-12-01 16:49:27] generateOTP.INFO: test [] []
[2020-12-01 16:52:54] generateOTP.INFO: test [] []
[2020-12-01 16:54:28] generateOTP.INFO: test [] []
[2020-12-01 16:56:38] generateOTP.INFO: test [] []
[2020-12-01 16:56:49] generateOTP.INFO: test [] []
[2020-12-01 16:58:27] generateOTP.INFO: test [] []
[2020-12-01 16:58:28] generateOTP.INFO: test [] []
[2020-12-01 16:58:36] generateOTP.INFO: test [] []
[2020-12-01 16:58:53] generateOTP.INFO: test [] []
[2020-12-01 17:00:19] generateOTP.INFO: test [] []
[2020-12-01 17:01:14] generateOTP.INFO: test [] []
[2020-12-01 17:03:10] generateOTP.INFO: test [] []
[2020-12-01 17:06:06] generateOTP.INFO: test [] []
[2020-12-01 17:06:07] generateOTP.INFO: test [] []
[2020-12-01 17:06:15] generateOTP.INFO: test [] []
[2020-12-01 17:06:43] generateOTP.INFO: test [] []
[2020-12-01 17:06:43] generateOTP.INFO: test [] []
[2020-12-01 17:06:43] generateOTP.INFO: test [] []
[2020-12-01 17:07:21] generateOTP.INFO: test [] []
[2020-12-01 17:08:17] generateOTP.INFO: test [] []
[2020-12-01 17:09:16] generateOTP.INFO: test [] []
[2020-12-01 17:09:23] generateOTP.INFO: test [] []
[2020-12-01 17:09:36] generateOTP.INFO: test [] []
[2020-12-01 17:10:46] generateOTP.INFO: test [] []
[2020-12-01 17:10:53] generateOTP.INFO: test [] []
[2020-12-01 17:11:31] generateOTP.INFO: test [] []
[2020-12-01 17:11:31] generateOTP.INFO: test [] []
[2020-12-01 17:11:32] generateOTP.INFO: test [] []
[2020-12-01 17:11:33] generateOTP.INFO: test [] []
[2020-12-01 17:11:33] generateOTP.INFO: test [] []
[2020-12-01 17:11:33] generateOTP.INFO: test [] []
[2020-12-01 17:11:33] generateOTP.INFO: test [] []
[2020-12-01 17:11:33] generateOTP.INFO: test [] []
[2020-12-01 17:11:39] generateOTP.INFO: test [] []
[2020-12-01 17:13:20] generateOTP.INFO: test [] []
[2020-12-01 17:14:02] generateOTP.INFO: test [] []
[2020-12-01 17:21:51] generateOTP.INFO: test [] []
[2020-12-01 17:21:59] generateOTP.INFO: {"salutation":"1","firstname":"test","lastname":"BANKING","dob":"19-12-1988","mob_no":"7010444138","panCard":"XXXXXX456A","email":"jack@gmail.com","ref1":"1","ref2":"1","comAdd":"Om hrad ntalatiof, holOmshre, talathioficeeachol, OmshreeSada9talathi","city":"Illuppur","state":"TAMIL NADU","pin_code":"622103","ISNRI":"N","update_emp_id":"623558","edit":"0","policy_no":"454,455","subtype_text":"1","sum_insure":"500000","anuual_income":"","familyConstruct":"1A","family_members_id":"0","family_gender":"Male","first_name":"test","last_name":"BANKING","family_date_birth":"19-12-1988","age":"31","age_type":" years","tenure":"1 Year","family_id":"","s_date":"","marriage_date":"","premium":"8000","policyNo":"454,455","familyDataType":"undefined","empId":"623558","product":"RMxC5efb5c5a320e7","declare":"[]","gender":"Male","gci_options":"Yes"} [] []
[2020-12-01 17:22:26] documentsSave.INFO: {"ops_type":"[]","ids":"388,389"} [] []
[2020-12-01 17:22:26] documentsSaveFiles.INFO: [] [] []
[2020-12-01 17:22:32] generateOTP.INFO: test [] []
[2020-12-01 17:24:17] generateOTP.INFO: test [] []
[2020-12-01 17:24:47] generateOTP.INFO: {"salutation":"1","firstname":"test","lastname":"BANKING","dob":"19-12-1988","mob_no":"7010444138","panCard":"XXXXXX456A","email":"jack@gmail.com","ref1":"1","ref2":"1","comAdd":"Om hrad ntalatiof, holOmshre, talathioficeeachol, OmshreeSada9talathi","city":"MUMBAI","state":"MAHARASHTRA","pin_code":"622103","ISNRI":"N","update_emp_id":"623766","edit":"0","policy_no":"454,455","subtype_text":"1","sum_insure":"500000","anuual_income":"","occupation":"1","familyConstruct":"1A","family_members_id":"0","family_gender":"Male","first_name":"test","last_name":"BANKING","family_date_birth":"19-12-1988","age":"31","age_type":" years","tenure":"1 Year","family_id":"","s_date":"","marriage_date":"","premium":"8000","policyNo":"454,455","familyDataType":"undefined","empId":"623766","product":"RMxC5efb5c5a320e7","declare":"[]","gender":"Male","gci_options":"Yes"} [] []
[2020-12-01 17:25:09] documentsSave.INFO: {"ops_type":"[]","ids":"390,391,392"} [] []
[2020-12-01 17:25:09] documentsSaveFiles.INFO: [] [] []
[2020-12-01 17:25:14] generateOTP.INFO: test [] []
[2020-12-01 17:26:31] generateOTP.INFO: test [] []
[2020-12-01 17:26:46] generateOTP.INFO: test [] []
[2020-12-01 17:27:09] generateOTP.INFO: test [] []
[2020-12-01 17:28:04] full_quote_request1.INFO: {"ClientCreation":{"Member_Customer_ID":"435456546456GHI","salutation":"Mr","firstName":"test","middleName":"","lastName":"BANKING","dateofBirth":"12\/19\/1988","gender":"M","educationalQualification":null,"pinCode":"622103","uidNo":"5478-2589-3688","maritalStatus":null,"nationality":"Indian","occupation":"O553","primaryEmailID":"jack@gmail.com","contactMobileNo":"7010444138","stdLandlineNo":null,"panNo":null,"passportNumber":null,"contactPerson":null,"annualIncome":null,"remarks":null,"startDate":"2020-12-01","endDate":null,"IdProof":"Adhaar Card","residenceProof":null,"ageProof":null,"others":null,"homeAddressLine1":"Om hrad ntalatiof, holOmshre, talathioficeeachol, OmshreeSada9talathi","homeAddressLine2":null,"homeAddressLine3":null,"homePinCode":"622103","homeArea":null,"homeContactMobileNo":null,"homeContactMobileNo2":null,"homeSTDLandlineNo":null,"homeFaxNo":null,"sameAsHomeAddress":"1","mailingAddressLine1":null,"mailingAddressLine2":null,"mailingAddressLine3":null,"mailingPinCode":null,"mailingArea":null,"mailingContactMobileNo":null,"mailingContactMobileNo2":null,"mailingSTDLandlineNo":null,"mailingSTDLandlineNo2":null,"mailingFaxNo":null,"bankAccountType":null,"bankAccountNo":null,"ifscCode":null,"GSTIN":null,"GSTRegistrationStatus":"Consumers","IsEIAavailable":"0","ApplyEIA":"0","EIAAccountNo":null,"EIAWith":"0","AccountType":null,"AddressProof":null,"DOBProof":null,"IdentityProof":null},"PolicyCreationRequest":{"Quotation_Number":"","MasterPolicyNumber":"61-20-00026-00-00","GroupID":"GRP001","Product_Code":"4211","SumInsured_Type":null,"Policy_Tanure":"1","Member_Type_Code":"M209","intermediaryCode":"2106233","AutoRenewal":"Y","intermediaryBranchCode":"10MHMUM01","agentSignatureDate":null,"Customer_Signature_Date":null,"businessSourceChannel":null,"AssignPolicy":"0","AssigneeName":null,"leadID":"435456546456","Source_Name":"AXIS_COMBI_EW","SPID":"1","TCN":null,"CRTNO":null,"RefCode1":"1","RefCode2":"2478","Employee_Number":"623766","enumIsEmployeeDiscount":null,"QuoteDate":null,"IsPayment":"0","PaymentMode":null,"PolicyproductComponents":[{"PlanCode":"4211","SumInsured":"500000","SchemeCode":"4112000003"}]},"MemObj":{"Member":[{"MemberNo":1,"Salutation":"Mr","First_Name":"test","Middle_Name":null,"Last_Name":"BANKING","Gender":"M","DateOfBirth":"12\/19\/1988","Relation_Code":"R001","Marital_Status":null,"height":"0.00","weight":"0","occupation":"O553","PrimaryMember":"Y","MemberproductComponents":[{"PlanCode":"4211","MemberQuestionDetails":[{"QuestionCode":null,"Answer":null,"Remarks":null}]}],"MemberPED":[{"PEDCode":null,"Remarks":null}],"exactDiagnosis":null,"dateOfDiagnosis":null,"lastDateConsultation":null,"detailsOfTreatmentGiven":null,"doctorName":null,"hospitalName":null,"phoneNumberHosital":null,"Nominee_First_Name":"asdasd","Nominee_Last_Name":"asdasd","Nominee_Contact_Number":"5656756756","Nominee_Home_Address":null,"Nominee_Relationship_Code":"R002"}]},"ReceiptCreation":{"officeLocation":"","modeOfEntry":"","cdAcNo":null,"expiryDate":null,"payerType":"","payerCode":null,"paymentBy":"","paymentByName":null,"paymentByRelationship":null,"collectionAmount":"","collectionRcvdDate":null,"collectionMode":"","remarks":null,"instrumentNumber":null,"instrumentDate":null,"bankName":null,"branchName":null,"bankLocation":null,"micrNo":null,"chequeType":null,"ifscCode":"","PaymentGatewayName":"","TerminalID":"","CardNo":null}} [] []
[2020-12-01 17:28:06] full_quote_reponse1.INFO: "<ns0:GHI_Res xmlns:ns0=\"http:\/\/ABHICL_NBP_QuickQuote_Schemas.GHI_Response\"><errorObj><ErrorNumber>00<\/ErrorNumber><ErrorMessage>Success<\/ErrorMessage><\/errorObj><policyDtls><TransactionReferenceNumber><\/TransactionReferenceNumber><QuotationNumber>CM100600026<\/QuotationNumber><CertificateNumber><\/CertificateNumber><LetterURL><\/LetterURL><ClientID><\/ClientID><ProductName>Group Activ Health<\/ProductName><ProductCode>4211<\/ProductCode><LineOfBusiness>42<\/LineOfBusiness><startDate><\/startDate><EndDate><\/EndDate><PolicyNumber>61-20-00026-00-00<\/PolicyNumber><ProposalNumber><\/ProposalNumber><PolicyStatus>PQ1<\/PolicyStatus><Tenure>1<\/Tenure><stpFlag>0<\/stpFlag><MemberCustomerID>435456546456GHI<\/MemberCustomerID><\/policyDtls><premium><BasePremium>6779.66<\/BasePremium><NetPremium>6779.66<\/NetPremium><GST>1220.34<\/GST><GrossPremium>8000.00<\/GrossPremium><\/premium><receiptObj><ReceiptNumber \/><ReceiptAmount \/><ExcessAmount \/><\/receiptObj><\/ns0:GHI_Res>" [] []
[2020-12-01 17:28:06] full_quote_request1.INFO: {"ClientCreation":{"Member_Customer_ID":"435456546456GPA1","salutation":"Mr","firstName":"test","middleName":"","lastName":"BANKING","dateofBirth":"12\/19\/1988","gender":"M","educationalQualification":null,"pinCode":"622103","uidNo":"5478-2589-3688","maritalStatus":null,"nationality":"Indian","occupation":"O553","primaryEmailID":"jack@gmail.com","contactMobileNo":"7010444138","stdLandlineNo":null,"panNo":null,"passportNumber":null,"contactPerson":null,"annualIncome":null,"remarks":null,"startDate":"2020-12-01","endDate":null,"IdProof":"Adhaar Card","residenceProof":null,"ageProof":null,"others":null,"homeAddressLine1":"Om hrad ntalatiof, holOmshre, talathioficeeachol, OmshreeSada9talathi","homeAddressLine2":null,"homeAddressLine3":null,"homePinCode":"622103","homeArea":null,"homeContactMobileNo":null,"homeContactMobileNo2":null,"homeSTDLandlineNo":null,"homeFaxNo":null,"sameAsHomeAddress":"1","mailingAddressLine1":null,"mailingAddressLine2":null,"mailingAddressLine3":null,"mailingPinCode":null,"mailingArea":null,"mailingContactMobileNo":null,"mailingContactMobileNo2":null,"mailingSTDLandlineNo":null,"mailingSTDLandlineNo2":null,"mailingFaxNo":null,"bankAccountType":null,"bankAccountNo":null,"ifscCode":null,"GSTIN":null,"GSTRegistrationStatus":"Consumers","IsEIAavailable":"0","ApplyEIA":"0","EIAAccountNo":null,"EIAWith":"0","AccountType":null,"AddressProof":null,"DOBProof":null,"IdentityProof":null},"PolicyCreationRequest":{"Quotation_Number":"","MasterPolicyNumber":"62-20-00014-00-00","GroupID":"GRP001","Product_Code":"4112","SumInsured_Type":null,"Policy_Tanure":"1","Member_Type_Code":"M209","intermediaryCode":"2106233","AutoRenewal":"Y","intermediaryBranchCode":"10MHMUM01","agentSignatureDate":null,"Customer_Signature_Date":null,"businessSourceChannel":null,"AssignPolicy":"0","AssigneeName":null,"leadID":"435456546456","Source_Name":"AXIS_COMBI_EW","SPID":"1","TCN":null,"CRTNO":null,"RefCode1":"1","RefCode2":"2478","Employee_Number":"623766","enumIsEmployeeDiscount":null,"QuoteDate":null,"IsPayment":"0","PaymentMode":null,"PolicyproductComponents":[{"PlanCode":"4112","SumInsured":"500000","SchemeCode":"4112000003"}]},"MemObj":{"Member":[{"MemberNo":1,"Salutation":"Mr","First_Name":"test","Middle_Name":null,"Last_Name":"BANKING","Gender":"M","DateOfBirth":"12\/19\/1988","Relation_Code":"R001","Marital_Status":null,"height":"0.00","weight":"0","occupation":"O553","PrimaryMember":"Y","MemberproductComponents":[{"PlanCode":"4112","MemberQuestionDetails":[{"QuestionCode":null,"Answer":null,"Remarks":null}]}],"MemberPED":[{"PEDCode":null,"Remarks":null}],"exactDiagnosis":null,"dateOfDiagnosis":null,"lastDateConsultation":null,"detailsOfTreatmentGiven":null,"doctorName":null,"hospitalName":null,"phoneNumberHosital":null,"Nominee_First_Name":"asdasd","Nominee_Last_Name":"asdasd","Nominee_Contact_Number":"5656756756","Nominee_Home_Address":null,"Nominee_Relationship_Code":"R002"}]},"ReceiptCreation":{"officeLocation":"","modeOfEntry":"","cdAcNo":null,"expiryDate":null,"payerType":"","payerCode":null,"paymentBy":"","paymentByName":null,"paymentByRelationship":null,"collectionAmount":"","collectionRcvdDate":null,"collectionMode":"","remarks":null,"instrumentNumber":null,"instrumentDate":null,"bankName":null,"branchName":null,"bankLocation":null,"micrNo":null,"chequeType":null,"ifscCode":"","PaymentGatewayName":"","TerminalID":"","CardNo":null}} [] []
[2020-12-01 17:28:07] full_quote_reponse1.INFO: "<ns0:GFB_Res xmlns:ns0=\"http:\/\/ABHICL_NBP_QuickQuote_Schemas.GFB_Response\"><errorObj><ErrorNumber>00<\/ErrorNumber><ErrorMessage>Success<\/ErrorMessage><\/errorObj><policyDtls><TransactionReferenceNumber><\/TransactionReferenceNumber><QuotationNumber>CM100600027<\/QuotationNumber><CertificateNumber><\/CertificateNumber><LetterURL><\/LetterURL><ClientID><\/ClientID><ProductName>Group Activ Secure - Personal Accident<\/ProductName><ProductCode>4112<\/ProductCode><LineOfBusiness>41<\/LineOfBusiness><startDate><\/startDate><EndDate><\/EndDate><PolicyNumber>62-20-00014-00-00<\/PolicyNumber><ProposalNumber><\/ProposalNumber><PolicyStatus>PQ1<\/PolicyStatus><Tenure>1<\/Tenure><stpFlag>0<\/stpFlag><MemberCustomerID>435456546456GPA1<\/MemberCustomerID><\/policyDtls><premium><BasePremium>254.24<\/BasePremium><NetPremium>254.24<\/NetPremium><GST>45.76<\/GST><GrossPremium>300.00<\/GrossPremium><\/premium><receiptObj><ReceiptNumber \/><ReceiptAmount \/><ExcessAmount \/><\/receiptObj><\/ns0:GFB_Res>" [] []
[2020-12-01 17:28:08] full_quote_request1.INFO: {"ClientCreation":{"Member_Customer_ID":"435456546456GCI1","salutation":"Mr","firstName":"test","middleName":"","lastName":"BANKING","dateofBirth":"12\/19\/1988","gender":"M","educationalQualification":null,"pinCode":"622103","uidNo":"5478-2589-3688","maritalStatus":null,"nationality":"Indian","occupation":"O553","primaryEmailID":"jack@gmail.com","contactMobileNo":"7010444138","stdLandlineNo":null,"panNo":null,"passportNumber":null,"contactPerson":null,"annualIncome":null,"remarks":null,"startDate":"2020-12-01","endDate":null,"IdProof":"Adhaar Card","residenceProof":null,"ageProof":null,"others":null,"homeAddressLine1":"Om hrad ntalatiof, holOmshre, talathioficeeachol, OmshreeSada9talathi","homeAddressLine2":null,"homeAddressLine3":null,"homePinCode":"622103","homeArea":null,"homeContactMobileNo":null,"homeContactMobileNo2":null,"homeSTDLandlineNo":null,"homeFaxNo":null,"sameAsHomeAddress":"1","mailingAddressLine1":null,"mailingAddressLine2":null,"mailingAddressLine3":null,"mailingPinCode":null,"mailingArea":null,"mailingContactMobileNo":null,"mailingContactMobileNo2":null,"mailingSTDLandlineNo":null,"mailingSTDLandlineNo2":null,"mailingFaxNo":null,"bankAccountType":null,"bankAccountNo":null,"ifscCode":null,"GSTIN":null,"GSTRegistrationStatus":"Consumers","IsEIAavailable":"0","ApplyEIA":"0","EIAAccountNo":null,"EIAWith":"0","AccountType":null,"AddressProof":null,"DOBProof":null,"IdentityProof":null},"PolicyCreationRequest":{"Quotation_Number":"","MasterPolicyNumber":"62-20-00014-00-00","GroupID":"GRP001","Product_Code":"4216","SumInsured_Type":null,"Policy_Tanure":"1","Member_Type_Code":"M209","intermediaryCode":"2106233","AutoRenewal":"Y","intermediaryBranchCode":"10MHMUM01","agentSignatureDate":null,"Customer_Signature_Date":null,"businessSourceChannel":null,"AssignPolicy":"0","AssigneeName":null,"leadID":"435456546456","Source_Name":"AXIS_COMBI_EW","SPID":"1","TCN":null,"CRTNO":null,"RefCode1":"1","RefCode2":"2478","Employee_Number":"623766","enumIsEmployeeDiscount":null,"QuoteDate":null,"IsPayment":"0","PaymentMode":null,"PolicyproductComponents":[{"PlanCode":"4216","SumInsured":"500000","SchemeCode":"4112000003"}]},"MemObj":{"Member":[{"MemberNo":1,"Salutation":"Mr","First_Name":"test","Middle_Name":null,"Last_Name":"BANKING","Gender":"M","DateOfBirth":"12\/19\/1988","Relation_Code":"R001","Marital_Status":null,"height":"0.00","weight":"0","occupation":"O553","PrimaryMember":"Y","MemberproductComponents":[{"PlanCode":"4216","MemberQuestionDetails":[{"QuestionCode":null,"Answer":null,"Remarks":null}]}],"MemberPED":[{"PEDCode":null,"Remarks":null}],"exactDiagnosis":null,"dateOfDiagnosis":null,"lastDateConsultation":null,"detailsOfTreatmentGiven":null,"doctorName":null,"hospitalName":null,"phoneNumberHosital":null,"Nominee_First_Name":"asdasd","Nominee_Last_Name":"asdasd","Nominee_Contact_Number":"5656756756","Nominee_Home_Address":null,"Nominee_Relationship_Code":"R002"}]},"ReceiptCreation":{"officeLocation":"","modeOfEntry":"","cdAcNo":null,"expiryDate":null,"payerType":"","payerCode":null,"paymentBy":"","paymentByName":null,"paymentByRelationship":null,"collectionAmount":"","collectionRcvdDate":null,"collectionMode":"","remarks":null,"instrumentNumber":null,"instrumentDate":null,"bankName":null,"branchName":null,"bankLocation":null,"micrNo":null,"chequeType":null,"ifscCode":"","PaymentGatewayName":"","TerminalID":"","CardNo":null}} [] []
[2020-12-01 17:28:09] full_quote_reponse1.INFO: "<ns0:GFB_Res xmlns:ns0=\"http:\/\/ABHICL_NBP_QuickQuote_Schemas.GFB_Response\"><errorObj><ErrorNumber>00<\/ErrorNumber><ErrorMessage>Success<\/ErrorMessage><\/errorObj><policyDtls><TransactionReferenceNumber><\/TransactionReferenceNumber><QuotationNumber>CM100600028<\/QuotationNumber><CertificateNumber><\/CertificateNumber><LetterURL><\/LetterURL><ClientID><\/ClientID><ProductName>Group Activ Secure - Critical Illness<\/ProductName><ProductCode>4216<\/ProductCode><LineOfBusiness>42<\/LineOfBusiness><startDate><\/startDate><EndDate><\/EndDate><PolicyNumber>62-20-00014-00-00<\/PolicyNumber><ProposalNumber><\/ProposalNumber><PolicyStatus>PQ1<\/PolicyStatus><Tenure>1<\/Tenure><stpFlag>0<\/stpFlag><MemberCustomerID>435456546456GCI1<\/MemberCustomerID><\/policyDtls><premium><BasePremium>1440.68<\/BasePremium><NetPremium>1440.68<\/NetPremium><GST>259.32<\/GST><GrossPremium>1700.00<\/GrossPremium><\/premium><receiptObj><ReceiptNumber \/><ReceiptAmount \/><ExcessAmount \/><\/receiptObj><\/ns0:GFB_Res>" [] []
[2020-12-01 17:29:59] generateOTP.INFO: test [] []
[2020-12-01 17:29:59] generateOTP.INFO: test [] []
[2020-12-01 17:30:07] generateOTP.INFO: test [] []
[2020-12-01 17:36:11] generateOTP.INFO: test [] []
[2020-12-01 17:36:14] generateOTP.INFO: test [] []
[2020-12-01 17:36:20] generateOTP.INFO: test [] []
[2020-12-01 17:36:20] generateOTP.INFO: test [] []
[2020-12-01 17:37:44] generateOTP.INFO: test [] []
[2020-12-01 17:37:56] generateOTP.INFO: test [] []
[2020-12-01 17:39:14] generateOTP.INFO: test [] []
[2020-12-01 17:39:43] generateOTP.INFO: {"salutation":"1","firstname":"test","lastname":"BANKING","dob":"19-12-1988","mob_no":"7010444138","panCard":"XXXXXX456A","email":"jack@gmail.com","ref1":"1","ref2":"1","comAdd":"Om hrad ntalatiof, holOmshre, talathioficeeachol, OmshreeSada9talathi","city":"MUMBAI","state":"MAHARASHTRA","pin_code":"622103","ISNRI":"N","update_emp_id":"623768","edit":"0","policy_no":"454,455","subtype_text":"1","sum_insure":"500000","anuual_income":"","occupation":"2","familyConstruct":"1A","family_members_id":"0","family_gender":"Male","first_name":"test","last_name":"BANKING","family_date_birth":"19-12-1988","age":"31","age_type":" years","tenure":"1 Year","family_id":"","s_date":"","marriage_date":"","premium":"8000","policyNo":"454,455","familyDataType":"undefined","empId":"623768","product":"RMxC5efb5c5a320e7","declare":"[]","gender":"Male","gci_options":"Yes"} [] []
[2020-12-01 17:40:18] generateOTP.INFO: test [] []
[2020-12-01 17:40:33] generateOTP.INFO: test [] []
[2020-12-01 17:40:50] documentsSave.INFO: {"ops_type":"[]","ids":"394,395,396"} [] []
[2020-12-01 17:40:50] documentsSaveFiles.INFO: [] [] []
[2020-12-01 17:40:56] generateOTP.INFO: test [] []
[2020-12-01 17:41:47] generateOTP.INFO: test [] []
[2020-12-01 17:41:55] generateOTP.INFO: test [] []
[2020-12-01 17:41:57] generateOTP.INFO: test [] []
[2020-12-01 17:42:22] generateOTP.INFO: test [] []
[2020-12-01 17:42:22] generateOTP.INFO: test [] []
[2020-12-01 17:42:26] generateOTP.INFO: test [] []
[2020-12-01 17:42:42] generateOTP.INFO: test [] []
[2020-12-01 17:44:24] generateOTP.INFO: test [] []
[2020-12-01 17:47:20] generateOTP.INFO: test [] []
[2020-12-01 17:48:25] generateOTP.INFO: test [] []
[2020-12-01 17:48:56] generateOTP.INFO: test [] []
[2020-12-01 18:20:52] generateOTP.INFO: test [] []
[2020-12-01 18:28:10] generateOTP.INFO: test [] []
[2020-12-01 18:28:13] generateOTP.INFO: test [] []
[2020-12-01 18:28:13] generateOTP.INFO: test [] []
[2020-12-01 18:28:17] generateOTP.INFO: test [] []
[2020-12-01 18:28:31] generateOTP.INFO: test [] []
[2020-12-01 18:29:45] generateOTP.INFO: test [] []
[2020-12-01 18:42:24] generateOTP.INFO: test [] []
[2020-12-01 18:42:24] generateOTP.INFO: test [] []
[2020-12-01 18:42:25] generateOTP.INFO: test [] []
[2020-12-01 18:42:31] generateOTP.INFO: test [] []
[2020-12-01 18:42:46] generateOTP.INFO: test [] []
[2020-12-01 18:52:14] generateOTP.INFO: test [] []
[2020-12-01 18:52:15] generateOTP.INFO: test [] []
[2020-12-01 18:52:37] generateOTP.INFO: test [] []
[2020-12-01 18:52:52] generateOTP.INFO: test [] []
[2020-12-01 18:54:49] generateOTP.INFO: test [] []
[2020-12-01 18:56:11] generateOTP.INFO: test [] []
[2020-12-01 18:57:33] generateOTP.INFO: test [] []
[2020-12-01 18:58:55] generateOTP.INFO: test [] []
[2020-12-01 19:01:08] generateOTP.INFO: test [] []
[2020-12-01 19:04:00] generateOTP.INFO: test [] []
[2020-12-01 19:12:23] generateOTP.INFO: test [] []
[2020-12-01 19:12:23] generateOTP.INFO: test [] []
[2020-12-01 19:12:24] generateOTP.INFO: test [] []
[2020-12-01 19:12:28] generateOTP.INFO: test [] []
[2020-12-01 19:12:50] generateOTP.INFO: test [] []
[2020-12-01 19:15:02] generateOTP.INFO: test [] []
[2020-12-01 19:28:35] generateOTP.INFO: test [] []
[2020-12-01 19:31:56] generateOTP.INFO: test [] []
[2020-12-01 19:34:34] generateOTP.INFO: test [] []
[2020-12-01 19:35:42] generateOTP.INFO: test [] []
[2020-12-01 19:42:08] generateOTP.INFO: test [] []
[2020-12-01 19:42:11] generateOTP.INFO: test [] []
[2020-12-01 19:42:16] generateOTP.INFO: test [] []
[2020-12-01 19:47:43] generateOTP.INFO: test [] []
[2020-12-01 20:10:26] generateOTP.INFO: test [] []
[2020-12-01 20:12:10] generateOTP.INFO: test [] []
[2020-12-01 20:12:13] generateOTP.INFO: test [] []
[2020-12-01 20:12:18] generateOTP.INFO: test [] []
[2020-12-01 20:14:11] generateOTP.INFO: test [] []
[2020-12-01 20:15:12] generateOTP.INFO: test [] []
[2020-12-01 20:15:14] generateOTP.INFO: test [] []
[2020-12-01 20:15:22] generateOTP.INFO: test [] []
[2020-12-01 20:16:19] generateOTP.INFO: test [] []
[2020-12-01 20:17:50] generateOTP.INFO: test [] []
[2020-12-01 20:20:12] generateOTP.INFO: test [] []
[2020-12-01 20:20:49] generateOTP.INFO: test [] []
[2020-12-01 20:21:11] generateOTP.INFO: test [] []
[2020-12-01 20:21:29] generateOTP.INFO: test [] []
[2020-12-01 20:21:44] generateOTP.INFO: test [] []
[2020-12-01 20:22:26] generateOTP.INFO: test [] []
[2020-12-01 20:22:47] generateOTP.INFO: test [] []
[2020-12-01 20:23:30] generateOTP.INFO: test [] []
[2020-12-01 20:23:34] generateOTP.INFO: test [] []
[2020-12-01 20:23:58] generateOTP.INFO: test [] []
[2020-12-01 20:24:07] generateOTP.INFO: test [] []
[2020-12-01 20:24:09] generateOTP.INFO: test [] []
[2020-12-01 20:24:27] generateOTP.INFO: test [] []
[2020-12-01 20:26:20] generateOTP.INFO: test [] []
[2020-12-01 20:26:20] generateOTP.INFO: test [] []
[2020-12-01 20:37:21] generateOTP.INFO: test [] []
[2020-12-01 20:37:21] generateOTP.INFO: test [] []
[2020-12-01 20:37:22] generateOTP.INFO: test [] []
[2020-12-01 20:37:31] generateOTP.INFO: test [] []
[2020-12-01 20:37:46] generateOTP.INFO: test [] []
[2020-12-01 20:39:36] generateOTP.INFO: test [] []
[2020-12-01 20:40:10] generateOTP.INFO: test [] []
[2020-12-01 20:41:02] generateOTP.INFO: test [] []
[2020-12-01 20:41:27] generateOTP.INFO: test [] []
[2020-12-01 20:44:45] generateOTP.INFO: test [] []
[2020-12-01 20:48:17] generateOTP.INFO: test [] []
[2020-12-01 20:48:43] generateOTP.INFO: test [] []
[2020-12-01 20:49:41] generateOTP.INFO: test [] []
[2020-12-01 20:50:37] generateOTP.INFO: test [] []
[2020-12-01 20:51:47] generateOTP.INFO: test [] []
[2020-12-01 20:52:09] generateOTP.INFO: test [] []
[2020-12-01 20:52:45] generateOTP.INFO: test [] []
[2020-12-01 20:53:44] generateOTP.INFO: test [] []
[2020-12-01 20:54:23] generateOTP.INFO: test [] []
[2020-12-01 20:54:47] generateOTP.INFO: test [] []
[2020-12-01 20:55:16] generateOTP.INFO: test [] []
[2020-12-01 20:56:43] generateOTP.INFO: test [] []
[2020-12-01 20:56:57] generateOTP.INFO: test [] []
[2020-12-01 20:58:53] generateOTP.INFO: test [] []
[2020-12-01 20:59:54] generateOTP.INFO: test [] []
[2020-12-01 21:00:12] generateOTP.INFO: test [] []
[2020-12-01 21:04:03] generateOTP.INFO: test [] []
[2020-12-01 21:04:24] generateOTP.INFO: test [] []
[2020-12-01 21:04:52] generateOTP.INFO: test [] []
[2020-12-01 21:06:25] generateOTP.INFO: test [] []
[2020-12-01 21:07:38] generateOTP.INFO: test [] []
[2020-12-01 21:07:56] generateOTP.INFO: test [] []
[2020-12-01 21:08:36] generateOTP.INFO: test [] []
[2020-12-01 21:08:36] generateOTP.INFO: test [] []
[2020-12-01 21:08:37] generateOTP.INFO: test [] []
[2020-12-01 21:08:41] generateOTP.INFO: test [] []
[2020-12-01 21:08:55] generateOTP.INFO: test [] []
[2020-12-01 21:10:15] generateOTP.INFO: test [] []
[2020-12-01 21:10:25] generateOTP.INFO: test [] []
[2020-12-01 21:10:59] generateOTP.INFO: test [] []
[2020-12-01 21:11:49] generateOTP.INFO: test [] []
[2020-12-01 21:16:52] generateOTP.INFO: test [] []
[2020-12-01 21:18:03] generateOTP.INFO: test [] []
[2020-12-01 21:21:04] generateOTP.INFO: test [] []
[2020-12-01 21:21:35] generateOTP.INFO: test [] []
[2020-12-01 21:23:16] generateOTP.INFO: test [] []
[2020-12-01 21:24:16] generateOTP.INFO: test [] []
[2020-12-01 21:24:37] generateOTP.INFO: test [] []
[2020-12-01 21:27:00] generateOTP.INFO: test [] []
[2020-12-01 21:27:12] generateOTP.INFO: test [] []
[2020-12-01 21:27:36] generateOTP.INFO: test [] []
[2020-12-01 21:27:59] generateOTP.INFO: test [] []
[2020-12-01 21:29:13] generateOTP.INFO: test [] []
[2020-12-01 21:29:15] generateOTP.INFO: test [] []
[2020-12-01 21:29:25] generateOTP.INFO: test [] []
[2020-12-01 21:29:48] generateOTP.INFO: test [] []
[2020-12-01 21:40:10] generateOTP.INFO: test [] []
[2020-12-01 21:45:08] generateOTP.INFO: test [] []
[2020-12-01 21:45:11] generateOTP.INFO: test [] []
[2020-12-01 21:45:37] generateOTP.INFO: test [] []
[2020-12-01 21:46:12] generateOTP.INFO: test [] []
[2020-12-01 21:49:02] generateOTP.INFO: test [] []
[2020-12-01 21:50:36] generateOTP.INFO: test [] []
[2020-12-01 21:50:59] generateOTP.INFO: test [] []
[2020-12-01 21:52:00] generateOTP.INFO: test [] []
[2020-12-01 21:53:21] generateOTP.INFO: test [] []
[2020-12-01 21:54:08] generateOTP.INFO: test [] []
[2020-12-01 21:55:00] generateOTP.INFO: test [] []
[2020-12-01 21:55:44] generateOTP.INFO: test [] []
[2020-12-01 21:56:37] generateOTP.INFO: test [] []
[2020-12-01 21:57:36] generateOTP.INFO: test [] []
[2020-12-01 21:59:02] generateOTP.INFO: test [] []
[2020-12-01 22:02:29] generateOTP.INFO: test [] []
[2020-12-01 22:06:46] generateOTP.INFO: test [] []
[2020-12-01 22:07:16] generateOTP.INFO: test [] []
[2020-12-01 22:07:18] generateOTP.INFO: test [] []
[2020-12-01 22:08:23] generateOTP.INFO: test [] []
[2020-12-01 22:09:24] generateOTP.INFO: test [] []
[2020-12-01 22:12:10] generateOTP.INFO: test [] []
[2020-12-01 22:14:59] generateOTP.INFO: test [] []
[2020-12-01 22:15:15] generateOTP.INFO: {"salutation":"1","firstname":"test","lastname":"BANKING","dob":"19-12-1988","mob_no":"7010444138","panCard":"XXXXXX456A","email":"jack@gmail.com","ref1":"1","ref2":"1","comAdd":"Om hrad ntalatiof, holOmshre, talathioficeeachol, OmshreeSada9talathi","city":"MUMBAI","state":"MAHARASHTRA","pin_code":"622103","ISNRI":"N","update_emp_id":"623776","edit":"0","policy_no":"454,455","subtype_text":"1","sum_insure":"500000","anuual_income":"","occupation":"","familyConstruct":"1A","family_members_id":"0","family_gender":"Male","first_name":"test","last_name":"BANKING","family_date_birth":"19-12-1988","age":"31","age_type":" years","tenure":"1 Year","family_id":"","s_date":"","marriage_date":"","premium":"8000","policyNo":"454,455","familyDataType":"undefined","empId":"623776","product":"RMxC5efb5c5a320e7","declare":"[]","gender":"Male","gci_options":"Yes"} [] []
[2020-12-01 22:15:37] generateOTP.INFO: {"salutation":"1","firstname":"test","lastname":"BANKING","dob":"19-12-1988","mob_no":"7010444138","panCard":"XXXXXX456A","email":"jack@gmail.com","ref1":"1","ref2":"1","comAdd":"Om hrad ntalatiof, holOmshre, talathioficeeachol, OmshreeSada9talathi","city":"MUMBAI","state":"MAHARASHTRA","pin_code":"622103","ISNRI":"N","update_emp_id":"623776","edit":"0","policy_no":"454,455","subtype_text":"1","sum_insure":"500000","anuual_income":"0","occupation":"","familyConstruct":"2A","family_members_id":"1","family_gender":"Female","first_name":"sad","last_name":"dfd","family_date_birth":"06-12-2001","age":"18","age_type":" years","tenure":"1 Year","family_id":"","s_date":"","marriage_date":"","premium":"11500","policyNo":"454,455","familyDataType":"undefined","empId":"623776","product":"RMxC5efb5c5a320e7","declare":"[]","gender":"Male","gci_options":"Yes"} [] []
[2020-12-01 22:21:10] generateOTP.INFO: test [] []
[2020-12-01 22:22:49] generateOTP.INFO: test [] []
[2020-12-01 22:29:22] generateOTP.INFO: test [] []
[2020-12-01 22:29:55] generateOTP.INFO: test [] []
[2020-12-01 22:30:10] generateOTP.INFO: test [] []
[2020-12-01 22:30:32] generateOTP.INFO: test [] []
[2020-12-01 22:30:46] generateOTP.INFO: test [] []
[2020-12-01 22:34:06] generateOTP.INFO: test [] []
[2020-12-01 22:34:08] generateOTP.INFO: test [] []
[2020-12-01 22:34:20] generateOTP.INFO: test [] []
[2020-12-01 22:35:15] generateOTP.INFO: test [] []
[2020-12-01 22:35:41] generateOTP.INFO: test [] []
[2020-12-01 22:38:08] generateOTP.INFO: test [] []
[2020-12-01 22:38:43] generateOTP.INFO: test [] []
[2020-12-01 22:39:18] generateOTP.INFO: test [] []
[2020-12-01 22:39:55] generateOTP.INFO: test [] []
[2020-12-01 22:39:56] generateOTP.INFO: test [] []
[2020-12-01 22:40:18] generateOTP.INFO: test [] []
[2020-12-01 22:40:36] generateOTP.INFO: test [] []
[2020-12-01 22:41:57] generateOTP.INFO: test [] []
[2020-12-01 22:42:06] generateOTP.INFO: test [] []
[2020-12-01 22:42:21] generateOTP.INFO: test [] []
[2020-12-01 22:48:26] generateOTP.INFO: test [] []
[2020-12-01 22:48:40] generateOTP.INFO: test [] []
[2020-12-01 22:49:17] generateOTP.INFO: test [] []
[2020-12-01 22:50:01] generateOTP.INFO: test [] []
[2020-12-01 22:50:23] generateOTP.INFO: test [] []
[2020-12-01 22:50:23] generateOTP.INFO: test [] []
[2020-12-01 22:50:27] generateOTP.INFO: test [] []
[2020-12-01 22:50:41] generateOTP.INFO: test [] []
[2020-12-01 22:52:42] generateOTP.INFO: test [] []
[2020-12-01 22:53:12] generateOTP.INFO: test [] []
[2020-12-01 22:54:37] generateOTP.INFO: test [] []
[2020-12-01 22:55:44] generateOTP.INFO: test [] []
[2020-12-01 22:56:07] generateOTP.INFO: test [] []
[2020-12-01 22:56:41] generateOTP.INFO: test [] []
[2020-12-01 22:57:11] generateOTP.INFO: test [] []
[2020-12-01 22:57:30] generateOTP.INFO: test [] []
[2020-12-01 22:57:40] generateOTP.INFO: test [] []
[2020-12-01 22:58:03] generateOTP.INFO: test [] []
[2020-12-01 22:58:20] generateOTP.INFO: test [] []
[2020-12-01 22:58:52] generateOTP.INFO: test [] []
[2020-12-01 22:59:39] generateOTP.INFO: test [] []
[2020-12-01 23:00:12] generateOTP.INFO: test [] []
[2020-12-01 23:00:46] generateOTP.INFO: test [] []
[2020-12-01 23:01:08] generateOTP.INFO: test [] []
[2020-12-01 23:01:34] generateOTP.INFO: test [] []
[2020-12-01 23:01:48] generateOTP.INFO: test [] []
[2020-12-01 23:01:51] generateOTP.INFO: test [] []
[2020-12-01 23:02:07] generateOTP.INFO: test [] []
[2020-12-01 23:02:20] generateOTP.INFO: test [] []
[2020-12-01 23:05:33] generateOTP.INFO: test [] []
[2020-12-01 23:06:04] generateOTP.INFO: test [] []
[2020-12-01 23:07:16] generateOTP.INFO: test [] []
[2020-12-01 23:09:59] generateOTP.INFO: test [] []
[2020-12-01 23:10:22] generateOTP.INFO: test [] []
[2020-12-01 23:18:14] generateOTP.INFO: test [] []
