[2020-03-02 10:20:16] generateOTP.INFO: test [] []
[2020-03-02 10:20:16] generateOTP.INFO: test [] []
[2020-03-02 10:37:31] generateOTP.INFO: test [] []
[2020-03-02 10:37:32] generateOTP.INFO: test [] []
[2020-03-02 10:37:34] generateOTP.INFO: test [] []
[2020-03-02 10:37:48] generateOTP.INFO: test [] []
[2020-03-02 10:37:48] generateOTP.INFO: test [] []
[2020-03-02 11:23:58] generateOTP.INFO: test [] []
[2020-03-02 11:24:08] generateOTP.INFO: test [] []
[2020-03-02 11:24:09] generateOTP.INFO: test [] []
[2020-03-02 11:24:16] generateOTP.INFO: test [] []
[2020-03-02 11:24:16] generateOTP.INFO: test [] []
[2020-03-02 11:30:11] generateOTP.INFO: {"edit":"0","policy_no":"378","subtype_text":"1","sum_insure":"800000","familyConstruct":"2A+1K","tenure":"1 Year","family_members_id":"0","family_gender":"Male","first_name":"jhhhh","middle_name":"kjk","last_name":"jk","family_date_birth":"25-03-1993","age":"26","age_type":"years","family_id":"","s_date":"","marriage_date":"","premium_parent":"","contri_parent":"","premium":"7099","policyNo":"378","familyDataType":"family_construct","empId":"620094","product":"QBTv5db9151ad1c21","declare":"[]","abc":"2a+2k"} [] []
[2020-03-02 11:30:23] generateOTP.INFO: {"edit":"0","policy_no":"378","subtype_text":"1","familyConstruct":"2A+1K","tenure":"1 Year","family_members_id":"1","family_gender":"Female","first_name":"dfh","middle_name":"dsfh","last_name":"fhg","family_date_birth":"22-03-1995","age":"24","age_type":"years","family_id":"","s_date":"","marriage_date":"","premium_parent":"","contri_parent":"","premium":"7099","policyNo":"378","familyDataType":"family_construct","empId":"620094","product":"QBTv5db9151ad1c21","declare":"[]","abc":"2a+2k"} [] []
[2020-03-02 11:30:33] generateOTP.INFO: {"edit":"0","subtype_text":"3","policy_no":"379","sum_insure":"500000","familyConstruct":"2A","tenure":"1 Year","family_members_id":"0","family_gender":"Male","first_name":"jhhhh","middle_name":"kjk","last_name":"jk","family_date_birth":"25-03-1993","age":"26","age_type":"years","family_id":"","s_date":"","marriage_date":"","premium_parent":"","contri_parent":"","premium":"4198","policyNo":"379","familyDataType":"family_construct","product":"QBTv5db9151ad1c21","empId":"620094"} [] []
[2020-03-02 11:30:37] generateOTP.INFO: {"edit":"0","subtype_text":"3","policy_no":"379","sum_insure":"500000","familyConstruct":"2A","tenure":"1 Year","family_members_id":"1","family_gender":"Female","first_name":"dfh","middle_name":"dsfh","last_name":"fhg","family_date_birth":"22-03-1995","age":"24","age_type":"years","family_id":"","s_date":"","marriage_date":"","premium_parent":"","contri_parent":"","premium":"4198","policyNo":"379","familyDataType":"family_construct","product":"QBTv5db9151ad1c21","empId":"620094"} [] []
[2020-03-02 11:33:47] generateOTP.INFO: test [] []
[2020-03-02 11:33:47] generateOTP.INFO: test [] []
[2020-03-02 11:34:18] generateOTP.INFO: {"edit":"0","policy_no":"378","subtype_text":"1","sum_insure":"800000","familyConstruct":"2A+1K","tenure":"1 Year","family_members_id":"0","family_gender":"Male","first_name":"gdf","middle_name":"fg","last_name":"dfh","family_date_birth":"25-03-1976","age":"43","age_type":"years","family_id":"","s_date":"","marriage_date":"","premium_parent":"","contri_parent":"","premium":"7099","policyNo":"378","familyDataType":"family_construct","empId":"620095","product":"QBTv5db9151ad1c21","declare":"[]","abc":"2a+2k"} [] []
[2020-03-02 11:34:28] generateOTP.INFO: {"edit":"0","policy_no":"378","subtype_text":"1","sum_insure":"800000","familyConstruct":"2A+1K","tenure":"1 Year","family_members_id":"1","family_gender":"Female","first_name":"gdf","middle_name":"sdfg","last_name":"fhdh","family_date_birth":"25-03-1994","age":"25","age_type":"years","family_id":"","s_date":"","marriage_date":"","premium_parent":"","contri_parent":"","premium":"7099","policyNo":"378","familyDataType":"family_construct","empId":"620095","product":"QBTv5db9151ad1c21","declare":"[]","abc":"2a+2k"} [] []
[2020-03-02 11:34:42] generateOTP.INFO: {"edit":"0","policy_no":"378","subtype_text":"1","sum_insure":"800000","familyConstruct":"2A+1K","tenure":"1 Year","family_members_id":"2","family_gender":"Male","first_name":"dsg","middle_name":"fg","last_name":"gsg","family_date_birth":"14-03-1984","age":"35","age_type":"years","family_id":"","s_date":"","marriage_date":"","premium_parent":"","contri_parent":"","premium":"7099","policyNo":"378","familyDataType":"family_construct","empId":"620095","product":"QBTv5db9151ad1c21","declare":"[]","abc":"2a+2k"} [] []
[2020-03-02 11:34:51] generateOTP.INFO: {"edit":"0","policy_no":"378","subtype_text":"1","sum_insure":"800000","familyConstruct":"2A+1K","tenure":"1 Year","family_members_id":"2","family_gender":"Male","first_name":"dsg","middle_name":"fg","last_name":"gsg","family_date_birth":"18-03-2004","age":"15","age_type":"years","family_id":"","s_date":"","marriage_date":"","premium_parent":"","contri_parent":"","premium":"7099","policyNo":"378","familyDataType":"family_construct","empId":"620095","product":"QBTv5db9151ad1c21","declare":"[]","abc":"2a+2k"} [] []
[2020-03-02 11:36:51] generateOTP.INFO: {"edit":"0","subtype_text":"3","policy_no":"379","sum_insure":"750000","familyConstruct":"2A","tenure":"1 Year","family_members_id":"0","family_gender":"Male","first_name":"gdf","middle_name":"fg","last_name":"dfh","family_date_birth":"25-03-1976","age":"43","age_type":"years","family_id":"","s_date":"","marriage_date":"","premium_parent":"","contri_parent":"","premium":"6296","policyNo":"379","familyDataType":"family_construct","product":"QBTv5db9151ad1c21","empId":"620095"} [] []
[2020-03-02 11:36:59] generateOTP.INFO: {"edit":"0","subtype_text":"3","policy_no":"379","sum_insure":"750000","familyConstruct":"2A","tenure":"1 Year","family_members_id":"1","family_gender":"Female","first_name":"gdf","middle_name":"sdfg","last_name":"fhdh","family_date_birth":"25-03-1994","age":"25","age_type":"years","family_id":"","s_date":"","marriage_date":"","premium_parent":"","contri_parent":"","premium":"6296","policyNo":"379","familyDataType":"family_construct","product":"QBTv5db9151ad1c21","empId":"620095"} [] []
[2020-03-02 11:42:17] documentsSave.INFO: {"ops_type":"[\"Enrollment form\",\"Cheque Copy\",\"Document_issued_by_Central_Govt._with_age_mention_on_it\"]","ext0":"undefined","ext1":"undefined","ext2":"undefined","ids":"165,166","update_datas":"undefined","emp_id":"620095"} [] []
[2020-03-02 11:42:17] documentsSaveFiles.INFO: [{"name":"Lighthouse.jpg","type":"image\/jpeg","tmp_name":"\/tmp\/php2XE8io","error":0,"size":561276},{"name":"Tulips.jpg","type":"image\/jpeg","tmp_name":"\/tmp\/phpWZjZIW","error":0,"size":620888},{"name":"Chrysanthemum.jpg","type":"image\/jpeg","tmp_name":"\/tmp\/phpP2Yxuw","error":0,"size":879394}] [] []
[2020-03-02 11:42:21] generateOTP.INFO: test [] []
[2020-03-02 11:42:42] generateOTP.INFO: test [] []
[2020-03-02 11:45:01] generateOTP.INFO: test [] []
[2020-03-02 11:50:49] generateOTP.INFO: test [] []
[2020-03-02 11:53:46] generateOTP.INFO: test [] []
[2020-03-02 11:54:19] generateOTP.INFO: test [] []
[2020-03-02 11:54:58] generateOTP.INFO: test [] []
[2020-03-02 11:55:36] generateOTP.INFO: test [] []
[2020-03-02 11:55:42] generateOTP.INFO: test [] []
[2020-03-02 11:56:16] generateOTP.INFO: test [] []
[2020-03-02 12:01:18] generateOTP.INFO: test [] []
[2020-03-02 12:01:28] generateOTP.INFO: test [] []
[2020-03-02 12:02:06] generateOTP.INFO: test [] []
[2020-03-02 12:02:30] generateOTP.INFO: test [] []
[2020-03-02 12:02:49] generateOTP.INFO: test [] []
[2020-03-02 12:03:14] generateOTP.INFO: test [] []
[2020-03-02 12:04:33] generateOTP.INFO: test [] []
[2020-03-02 12:06:15] generateOTP.INFO: test [] []
[2020-03-02 12:06:43] generateOTP.INFO: test [] []
[2020-03-02 12:07:23] generateOTP.INFO: test [] []
[2020-03-02 12:09:01] generateOTP.INFO: test [] []
[2020-03-02 12:09:43] generateOTP.INFO: test [] []
[2020-03-02 12:09:43] generateOTP.INFO: test [] []
[2020-03-02 12:09:44] generateOTP.INFO: test [] []
[2020-03-02 12:09:49] generateOTP.INFO: test [] []
[2020-03-02 12:10:38] generateOTP.INFO: test [] []
[2020-03-02 12:11:47] generateOTP.INFO: test [] []
[2020-03-02 12:13:14] generateOTP.INFO: test [] []
[2020-03-02 12:18:23] generateOTP.INFO: test [] []
[2020-03-02 12:19:08] generateOTP.INFO: test [] []
[2020-03-02 12:24:11] generateOTP.INFO: test [] []
[2020-03-02 12:25:01] generateOTP.INFO: test [] []
[2020-03-02 12:25:03] generateOTP.INFO: test [] []
[2020-03-02 12:25:05] generateOTP.INFO: test [] []
[2020-03-02 12:25:12] generateOTP.INFO: test [] []
[2020-03-02 12:27:33] generateOTP.INFO: test [] []
[2020-03-02 12:32:58] generateOTP.INFO: test [] []
[2020-03-02 12:42:26] generateOTP.INFO: test [] []
[2020-03-02 12:43:05] generateOTP.INFO: test [] []
[2020-03-02 12:43:06] generateOTP.INFO: test [] []
[2020-03-02 12:43:06] generateOTP.INFO: test [] []
[2020-03-02 12:43:06] generateOTP.INFO: test [] []
[2020-03-02 12:43:06] generateOTP.INFO: test [] []
[2020-03-02 12:43:06] generateOTP.INFO: test [] []
[2020-03-02 12:43:06] generateOTP.INFO: test [] []
[2020-03-02 12:43:06] generateOTP.INFO: test [] []
[2020-03-02 12:43:06] generateOTP.INFO: test [] []
[2020-03-02 12:43:06] generateOTP.INFO: test [] []
[2020-03-02 12:45:00] generateOTP.INFO: test [] []
[2020-03-02 12:53:16] generateOTP.INFO: test [] []
[2020-03-02 13:07:19] generateOTP.INFO: test [] []
[2020-03-02 13:12:35] generateOTP.INFO: test [] []
[2020-03-02 13:55:29] generateOTP.INFO: test [] []
[2020-03-02 13:55:29] generateOTP.INFO: test [] []
[2020-03-02 13:55:36] generateOTP.INFO: test [] []
[2020-03-02 13:55:37] generateOTP.INFO: test [] []
[2020-03-02 14:12:41] generateOTP.INFO: test [] []
[2020-03-02 14:12:43] generateOTP.INFO: test [] []
[2020-03-02 14:12:44] generateOTP.INFO: test [] []
[2020-03-02 14:12:46] generateOTP.INFO: test [] []
[2020-03-02 14:12:47] generateOTP.INFO: test [] []
[2020-03-02 14:35:20] generateOTP.INFO: test [] []
[2020-03-02 14:35:22] generateOTP.INFO: test [] []
[2020-03-02 15:00:00] generateOTP.INFO: test [] []
[2020-03-02 15:00:01] generateOTP.INFO: test [] []
[2020-03-02 15:00:50] generateOTP.INFO: test [] []
[2020-03-02 15:00:50] generateOTP.INFO: test [] []
[2020-03-02 15:06:53] generateOTP.INFO: test [] []
[2020-03-02 15:06:54] generateOTP.INFO: test [] []
[2020-03-02 15:07:55] generateOTP.INFO: test [] []
[2020-03-02 15:10:41] generateOTP.INFO: test [] []
[2020-03-02 15:10:45] generateOTP.INFO: test [] []
[2020-03-02 15:11:45] generateOTP.INFO: test [] []
[2020-03-02 15:11:48] generateOTP.INFO: test [] []
[2020-03-02 15:12:04] generateOTP.INFO: test [] []
[2020-03-02 15:12:06] generateOTP.INFO: test [] []
[2020-03-02 15:12:10] generateOTP.INFO: test [] []
[2020-03-02 15:12:17] generateOTP.INFO: test [] []
[2020-03-02 15:12:17] generateOTP.INFO: test [] []
[2020-03-02 15:13:04] generateOTP.INFO: test [] []
[2020-03-02 15:13:10] generateOTP.INFO: test [] []
[2020-03-02 15:14:40] generateOTP.INFO: test [] []
[2020-03-02 15:27:29] generateOTP.INFO: test [] []
[2020-03-02 15:27:55] generateOTP.INFO: test [] []
[2020-03-02 15:28:03] generateOTP.INFO: test [] []
[2020-03-02 15:28:03] generateOTP.INFO: test [] []
[2020-03-02 15:28:25] generateOTP.INFO: test [] []
[2020-03-02 15:28:25] generateOTP.INFO: test [] []
[2020-03-02 15:28:43] generateOTP.INFO: test [] []
[2020-03-02 15:28:43] generateOTP.INFO: test [] []
[2020-03-02 15:28:51] generateOTP.INFO: test [] []
[2020-03-02 15:28:56] generateOTP.INFO: test [] []
[2020-03-02 15:28:57] generateOTP.INFO: test [] []
[2020-03-02 15:30:27] generateOTP.INFO: test [] []
[2020-03-02 15:30:59] generateOTP.INFO: test [] []
[2020-03-02 15:30:59] generateOTP.INFO: test [] []
[2020-03-02 15:33:26] generateOTP.INFO: test [] []
[2020-03-02 15:33:27] generateOTP.INFO: test [] []
[2020-03-02 15:33:33] generateOTP.INFO: test [] []
[2020-03-02 15:33:33] generateOTP.INFO: test [] []
[2020-03-02 15:33:41] generateOTP.INFO: test [] []
[2020-03-02 15:33:48] generateOTP.INFO: test [] []
[2020-03-02 15:33:48] generateOTP.INFO: test [] []
[2020-03-02 15:33:56] generateOTP.INFO: test [] []
[2020-03-02 15:33:56] generateOTP.INFO: test [] []
[2020-03-02 15:43:21] generateOTP.INFO: test [] []
[2020-03-02 15:43:21] generateOTP.INFO: test [] []
[2020-03-02 15:58:27] generateOTP.INFO: test [] []
[2020-03-02 15:58:39] generateOTP.INFO: test [] []
[2020-03-02 15:58:45] generateOTP.INFO: test [] []
[2020-03-02 15:58:45] generateOTP.INFO: test [] []
[2020-03-02 15:59:39] generateOTP.INFO: test [] []
[2020-03-02 16:01:05] generateOTP.INFO: test [] []
[2020-03-02 16:01:05] generateOTP.INFO: test [] []
[2020-03-02 16:35:44] generateOTP.INFO: test [] []
[2020-03-02 16:36:44] generateOTP.INFO: test [] []
[2020-03-02 16:36:51] generateOTP.INFO: test [] []
[2020-03-02 16:38:21] generateOTP.INFO: test [] []
[2020-03-02 16:38:40] generateOTP.INFO: test [] []
[2020-03-02 16:40:44] generateOTP.INFO: test [] []
[2020-03-02 16:41:52] generateOTP.INFO: test [] []
[2020-03-02 16:42:11] generateOTP.INFO: test [] []
[2020-03-02 16:44:48] generateOTP.INFO: test [] []
[2020-03-02 16:47:54] generateOTP.INFO: test [] []
[2020-03-02 16:50:12] generateOTP.INFO: test [] []
[2020-03-02 16:50:44] generateOTP.INFO: test [] []
[2020-03-02 16:53:32] generateOTP.INFO: test [] []
[2020-03-02 16:53:57] generateOTP.INFO: test [] []
[2020-03-02 16:54:09] generateOTP.INFO: test [] []
[2020-03-02 16:55:05] generateOTP.INFO: test [] []
[2020-03-02 16:55:05] generateOTP.INFO: test [] []
[2020-03-02 17:11:05] generateOTP.INFO: test [] []
[2020-03-02 17:11:10] generateOTP.INFO: test [] []
[2020-03-02 17:11:10] generateOTP.INFO: test [] []
[2020-03-02 17:20:12] generateOTP.INFO: test [] []
[2020-03-02 17:20:12] generateOTP.INFO: test [] []
[2020-03-02 17:21:13] generateOTP.INFO: test [] []
[2020-03-02 17:21:13] generateOTP.INFO: test [] []
[2020-03-02 17:21:31] generateOTP.INFO: test [] []
[2020-03-02 17:21:31] generateOTP.INFO: test [] []
[2020-03-02 17:21:44] generateOTP.INFO: test [] []
[2020-03-02 17:21:44] generateOTP.INFO: test [] []
[2020-03-02 17:24:05] generateOTP.INFO: test [] []
[2020-03-02 17:24:05] generateOTP.INFO: test [] []
[2020-03-02 17:24:23] generateOTP.INFO: test [] []
[2020-03-02 17:24:25] generateOTP.INFO: test [] []
[2020-03-02 17:24:35] generateOTP.INFO: test [] []
[2020-03-02 17:24:40] generateOTP.INFO: test [] []
[2020-03-02 17:24:54] generateOTP.INFO: test [] []
[2020-03-02 17:24:54] generateOTP.INFO: test [] []
[2020-03-02 17:25:40] generateOTP.INFO: test [] []
[2020-03-02 17:25:40] generateOTP.INFO: test [] []
[2020-03-02 17:25:51] generateOTP.INFO: test [] []
[2020-03-02 17:25:51] generateOTP.INFO: test [] []
[2020-03-02 17:25:57] generateOTP.INFO: test [] []
[2020-03-02 17:25:57] generateOTP.INFO: test [] []
[2020-03-02 17:26:07] generateOTP.INFO: test [] []
[2020-03-02 17:26:07] generateOTP.INFO: test [] []
[2020-03-02 17:26:26] generateOTP.INFO: test [] []
[2020-03-02 17:30:08] generateOTP.INFO: test [] []
[2020-03-02 17:30:16] generateOTP.INFO: test [] []
[2020-03-02 17:30:16] generateOTP.INFO: test [] []
[2020-03-02 17:30:40] generateOTP.INFO: test [] []
[2020-03-02 17:30:40] generateOTP.INFO: test [] []
[2020-03-02 17:30:43] generateOTP.INFO: test [] []
[2020-03-02 17:30:43] generateOTP.INFO: test [] []
[2020-03-02 17:30:46] generateOTP.INFO: test [] []
[2020-03-02 17:30:46] generateOTP.INFO: test [] []
[2020-03-02 17:35:43] generateOTP.INFO: test [] []
[2020-03-02 17:35:43] generateOTP.INFO: test [] []
[2020-03-02 17:37:29] generateOTP.INFO: test [] []
[2020-03-02 17:37:29] generateOTP.INFO: test [] []
[2020-03-02 17:39:19] generateOTP.INFO: test [] []
[2020-03-02 17:39:19] generateOTP.INFO: test [] []
[2020-03-02 17:39:36] generateOTP.INFO: test [] []
[2020-03-02 17:39:42] generateOTP.INFO: test [] []
[2020-03-02 17:39:42] generateOTP.INFO: test [] []
[2020-03-02 17:39:58] generateOTP.INFO: test [] []
[2020-03-02 17:40:01] generateOTP.INFO: test [] []
[2020-03-02 17:40:06] generateOTP.INFO: test [] []
[2020-03-02 17:40:06] generateOTP.INFO: test [] []
[2020-03-02 17:40:39] generateOTP.INFO: test [] []
[2020-03-02 17:40:39] generateOTP.INFO: test [] []
[2020-03-02 17:42:06] generateOTP.INFO: test [] []
[2020-03-02 17:42:06] generateOTP.INFO: test [] []
[2020-03-02 17:42:22] generateOTP.INFO: test [] []
[2020-03-02 17:42:22] generateOTP.INFO: test [] []
[2020-03-02 17:44:15] generateOTP.INFO: test [] []
[2020-03-02 17:44:33] generateOTP.INFO: test [] []
[2020-03-02 17:44:33] generateOTP.INFO: test [] []
[2020-03-02 17:45:12] generateOTP.INFO: test [] []
[2020-03-02 17:45:15] generateOTP.INFO: test [] []
[2020-03-02 17:45:15] generateOTP.INFO: test [] []
[2020-03-02 17:45:18] generateOTP.INFO: test [] []
[2020-03-02 17:45:20] generateOTP.INFO: test [] []
[2020-03-02 17:45:30] generateOTP.INFO: test [] []
[2020-03-02 17:45:30] generateOTP.INFO: test [] []
[2020-03-02 18:02:06] generateOTP.INFO: test [] []
[2020-03-02 18:02:26] generateOTP.INFO: test [] []
[2020-03-02 18:02:26] generateOTP.INFO: test [] []
[2020-03-02 18:02:45] generateOTP.INFO: test [] []
[2020-03-02 18:02:45] generateOTP.INFO: test [] []
[2020-03-02 18:09:46] generateOTP.INFO: test [] []
[2020-03-02 18:09:46] generateOTP.INFO: test [] []
[2020-03-02 18:09:54] generateOTP.INFO: test [] []
[2020-03-02 18:09:58] generateOTP.INFO: test [] []
[2020-03-02 18:10:03] generateOTP.INFO: test [] []
[2020-03-02 18:10:03] generateOTP.INFO: test [] []
[2020-03-02 18:10:47] generateOTP.INFO: test [] []
[2020-03-02 18:10:47] generateOTP.INFO: test [] []
[2020-03-02 18:10:48] generateOTP.INFO: test [] []
[2020-03-02 18:10:58] generateOTP.INFO: test [] []
[2020-03-02 18:11:08] generateOTP.INFO: test [] []
[2020-03-02 18:11:08] generateOTP.INFO: test [] []
[2020-03-02 18:14:51] generateOTP.INFO: test [] []
[2020-03-02 18:14:51] generateOTP.INFO: test [] []
[2020-03-02 18:15:00] generateOTP.INFO: test [] []
[2020-03-02 18:15:00] generateOTP.INFO: test [] []
[2020-03-02 18:15:15] generateOTP.INFO: test [] []
[2020-03-02 18:15:24] generateOTP.INFO: test [] []
[2020-03-02 18:15:47] generateOTP.INFO: test [] []
[2020-03-02 18:15:48] generateOTP.INFO: test [] []
[2020-03-02 18:15:53] generateOTP.INFO: test [] []
[2020-03-02 18:15:56] generateOTP.INFO: test [] []
[2020-03-02 18:16:05] generateOTP.INFO: test [] []
[2020-03-02 18:16:05] generateOTP.INFO: test [] []
[2020-03-02 18:21:21] generateOTP.INFO: test [] []
[2020-03-02 18:21:21] generateOTP.INFO: test [] []
[2020-03-02 18:21:41] documentsSave.INFO: {"ops_type":"[]","ids":"165,166","update_datas":"update","emp_id":"620095"} [] []
[2020-03-02 18:21:41] documentsSaveFiles.INFO: [] [] []
[2020-03-02 18:21:46] generateOTP.INFO: test [] []
[2020-03-02 18:21:53] generateOTP.INFO: test [] []
[2020-03-02 18:21:53] generateOTP.INFO: test [] []
[2020-03-02 18:22:04] generateOTP.INFO: test [] []
[2020-03-02 18:22:04] generateOTP.INFO: test [] []
[2020-03-02 18:22:45] generateOTP.INFO: test [] []
[2020-03-02 18:22:46] generateOTP.INFO: test [] []
[2020-03-02 18:22:56] generateOTP.INFO: test [] []
[2020-03-02 18:23:04] generateOTP.INFO: test [] []
[2020-03-02 18:23:20] generateOTP.INFO: test [] []
[2020-03-02 18:23:20] generateOTP.INFO: test [] []
[2020-03-02 18:24:20] documentsSave.INFO: {"ops_type":"[]","ids":"111","update_datas":"update","emp_id":"619987"} [] []
[2020-03-02 18:24:20] documentsSaveFiles.INFO: [] [] []
[2020-03-02 18:24:23] generateOTP.INFO: test [] []
[2020-03-02 18:24:31] generateOTP.INFO: test [] []
[2020-03-02 18:24:41] generateOTP.INFO: test [] []
[2020-03-02 18:24:41] generateOTP.INFO: test [] []
[2020-03-02 18:24:54] generateOTP.INFO: {"edit":"0","subtype_text":"3","policy_no":"379","sum_insure":"750000","familyConstruct":"","tenure":"1 Year","family_members_id":"0","family_gender":"Male","first_name":"gdf","middle_name":"fg","last_name":"dfh","family_date_birth":"25-03-1976","age":"43","age_type":"years","family_id":"","s_date":"25-03-1994","marriage_date":"","premium_parent":"","contri_parent":"","premium":"undefined","policyNo":"379","familyDataType":"family_construct","product":"QBTv5db9151ad1c21","empId":"620095"} [] []
[2020-03-02 18:26:37] generateOTP.INFO: test [] []
[2020-03-02 18:26:38] generateOTP.INFO: test [] []
[2020-03-02 18:26:57] generateOTP.INFO: test [] []
[2020-03-02 18:26:57] generateOTP.INFO: test [] []
[2020-03-02 18:28:11] generateOTP.INFO: test [] []
[2020-03-02 18:28:11] generateOTP.INFO: test [] []
[2020-03-02 18:28:47] generateOTP.INFO: test [] []
[2020-03-02 18:28:47] generateOTP.INFO: test [] []
[2020-03-02 18:32:20] generateOTP.INFO: {"edit":"0","policy_no":"378","subtype_text":"1","sum_insure":"800000","familyConstruct":"2A+1K","tenure":"1 Year","family_members_id":"0","family_gender":"Male","first_name":"gdf","middle_name":"fg","last_name":"dfh","family_date_birth":"25-03-1976","age":"43","age_type":"years","family_id":"","s_date":"25-03-1994","marriage_date":"","premium_parent":"","contri_parent":"","premium":"7099","policyNo":"378","familyDataType":"family_construct","empId":"620095","product":"QBTv5db9151ad1c21","declare":"[]","abc":"2a+2k"} [] []
[2020-03-02 18:32:25] generateOTP.INFO: test [] []
[2020-03-02 18:32:26] generateOTP.INFO: test [] []
[2020-03-02 18:32:37] generateOTP.INFO: test [] []
[2020-03-02 18:32:37] generateOTP.INFO: test [] []
[2020-03-02 18:34:51] generateOTP.INFO: test [] []
[2020-03-02 18:35:16] generateOTP.INFO: test [] []
[2020-03-02 18:35:16] generateOTP.INFO: test [] []
[2020-03-02 18:36:08] generateOTP.INFO: test [] []
[2020-03-02 18:36:08] generateOTP.INFO: test [] []
[2020-03-02 18:36:37] generateOTP.INFO: {"edit":"0","policy_no":"378","subtype_text":"1","sum_insure":"800000","familyConstruct":"","tenure":"1 Year","family_members_id":"1","family_gender":"Female","first_name":"dtgy","middle_name":"yrt","last_name":"try","family_date_birth":"19-03-1986","age":"33","age_type":"years","family_id":"","s_date":"25-03-1994","marriage_date":"","premium_parent":"","contri_parent":"","premium":"undefined","policyNo":"378","familyDataType":"family_construct","empId":"620095","product":"QBTv5db9151ad1c21","declare":"[]","abc":"2a+2k"} [] []
[2020-03-02 18:36:49] generateOTP.INFO: {"edit":"0","policy_no":"378","subtype_text":"1","sum_insure":"800000","familyConstruct":"","tenure":"1 Year","family_members_id":"2","family_gender":"Male","first_name":"tgh","middle_name":"fgh","last_name":"hgfh","family_date_birth":"18-03-2005","age":"14","age_type":"years","family_id":"","s_date":"25-03-1994","marriage_date":"","premium_parent":"","contri_parent":"","premium":"undefined","policyNo":"378","familyDataType":"family_construct","empId":"620095","product":"QBTv5db9151ad1c21","declare":"[]","abc":"2a+2k"} [] []
[2020-03-02 18:37:21] generateOTP.INFO: test [] []
[2020-03-02 18:37:21] generateOTP.INFO: test [] []
[2020-03-02 18:37:33] generateOTP.INFO: {"edit":"0","policy_no":"378","subtype_text":"1","sum_insure":"800000","familyConstruct":"","tenure":"1 Year","family_members_id":"1","family_gender":"Female","first_name":"ghj","middle_name":"jhg","last_name":"jghj","family_date_birth":"19-03-1992","age":"27","age_type":"years","family_id":"","s_date":"25-03-1994","marriage_date":"","premium_parent":"","contri_parent":"","premium":"undefined","policyNo":"378","familyDataType":"family_construct","empId":"620095","product":"QBTv5db9151ad1c21","declare":"[]","abc":"2a+2k"} [] []
[2020-03-02 18:37:46] generateOTP.INFO: {"edit":"0","policy_no":"378","subtype_text":"1","sum_insure":"800000","familyConstruct":"","tenure":"1 Year","family_members_id":"2","family_gender":"Male","first_name":"hgj","middle_name":"hgj","last_name":"jhg","family_date_birth":"16-03-1999","age":"20","age_type":"years","family_id":"","s_date":"25-03-1994","marriage_date":"","premium_parent":"","contri_parent":"","premium":"undefined","policyNo":"378","familyDataType":"family_construct","empId":"620095","product":"QBTv5db9151ad1c21","declare":"[]","abc":"2a+2k"} [] []
[2020-03-02 18:39:52] generateOTP.INFO: test [] []
[2020-03-02 18:39:52] generateOTP.INFO: test [] []
[2020-03-02 18:40:11] generateOTP.INFO: test [] []
[2020-03-02 18:40:11] generateOTP.INFO: test [] []
[2020-03-02 18:41:14] generateOTP.INFO: test [] []
[2020-03-02 18:41:16] generateOTP.INFO: test [] []
[2020-03-02 18:41:28] generateOTP.INFO: test [] []
[2020-03-02 18:41:47] generateOTP.INFO: test [] []
[2020-03-02 18:41:54] generateOTP.INFO: test [] []
[2020-03-02 18:41:55] generateOTP.INFO: test [] []
[2020-03-02 18:42:01] generateOTP.INFO: test [] []
[2020-03-02 18:42:26] generateOTP.INFO: test [] []
[2020-03-02 18:42:26] generateOTP.INFO: test [] []
[2020-03-02 18:42:31] generateOTP.INFO: test [] []
[2020-03-02 18:42:36] generateOTP.INFO: test [] []
[2020-03-02 18:42:36] generateOTP.INFO: test [] []
[2020-03-02 18:43:05] generateOTP.INFO: test [] []
[2020-03-02 18:43:06] generateOTP.INFO: test [] []
[2020-03-02 18:43:23] generateOTP.INFO: test [] []
[2020-03-02 18:43:23] generateOTP.INFO: test [] []
[2020-03-02 18:43:33] generateOTP.INFO: {"edit":"0","policy_no":"378","subtype_text":"1","sum_insure":"800000","familyConstruct":"","tenure":"1 Year","family_members_id":"1","family_gender":"Female","first_name":"jhf","middle_name":"ghj","last_name":"hj","family_date_birth":"24-03-2005","age":"14","age_type":"years","family_id":"","s_date":"25-03-1994","marriage_date":"","premium_parent":"","contri_parent":"","premium":"undefined","policyNo":"378","familyDataType":"family_construct","empId":"620095","product":"QBTv5db9151ad1c21","declare":"[]","abc":"2a+2k"} [] []
[2020-03-02 18:43:39] generateOTP.INFO: {"edit":"0","policy_no":"378","subtype_text":"1","sum_insure":"800000","familyConstruct":"","tenure":"1 Year","family_members_id":"1","family_gender":"Female","first_name":"jhf","middle_name":"ghj","last_name":"hj","family_date_birth":"24-03-1994","age":"25","age_type":"years","family_id":"","s_date":"25-03-1994","marriage_date":"","premium_parent":"","contri_parent":"","premium":"undefined","policyNo":"378","familyDataType":"family_construct","empId":"620095","product":"QBTv5db9151ad1c21","declare":"[]","abc":"2a+2k"} [] []
[2020-03-02 18:44:05] generateOTP.INFO: {"edit":"0","policy_no":"378","subtype_text":"1","sum_insure":"800000","familyConstruct":"","tenure":"1 Year","family_members_id":"1","family_gender":"Female","first_name":"hg","middle_name":"jghk","last_name":"jkh","family_date_birth":"25-03-1993","age":"26","age_type":"years","family_id":"","s_date":"25-03-1994","marriage_date":"","premium_parent":"","contri_parent":"","premium":"undefined","policyNo":"378","familyDataType":"family_construct","empId":"620095","product":"QBTv5db9151ad1c21","declare":"[]","abc":"2a+2k"} [] []
[2020-03-02 18:44:22] generateOTP.INFO: {"edit":"0","policy_no":"378","subtype_text":"1","sum_insure":"800000","familyConstruct":"","tenure":"1 Year","family_members_id":"2","family_gender":"Male","first_name":"jhk","middle_name":"jh","last_name":"jhk","family_date_birth":"23-03-2005","age":"14","age_type":"years","family_id":"","s_date":"25-03-1994","marriage_date":"","premium_parent":"","contri_parent":"","premium":"undefined","policyNo":"378","familyDataType":"family_construct","empId":"620095","product":"QBTv5db9151ad1c21","declare":"[]","abc":"2a+2k"} [] []
[2020-03-02 18:45:49] generateOTP.INFO: test [] []
[2020-03-02 18:45:49] generateOTP.INFO: test [] []
[2020-03-02 18:46:32] generateOTP.INFO: test [] []
[2020-03-02 18:46:32] generateOTP.INFO: test [] []
[2020-03-02 18:46:46] generateOTP.INFO: test [] []
[2020-03-02 18:46:46] generateOTP.INFO: test [] []
[2020-03-02 18:47:19] generateOTP.INFO: {"edit":"0","policy_no":"378","subtype_text":"1","sum_insure":"800000","familyConstruct":"2A+1K","tenure":"1 Year","family_members_id":"0","family_gender":"Male","first_name":"gdf","middle_name":"fg","last_name":"dfh","family_date_birth":"25-03-1976","age":"43","age_type":"years","family_id":"","s_date":"25-03-1994","marriage_date":"","premium_parent":"","contri_parent":"","premium":"7099","policyNo":"378","familyDataType":"family_construct","empId":"620095","product":"QBTv5db9151ad1c21","declare":"[]","abc":"2a+2k"} [] []
[2020-03-02 18:47:44] generateOTP.INFO: {"edit":"0","policy_no":"378","subtype_text":"1","sum_insure":"800000","familyConstruct":"2A+1K","tenure":"1 Year","family_members_id":"1","family_gender":"Female","first_name":"jkl","middle_name":"ljk","last_name":"jk","family_date_birth":"25-03-1993","age":"26","age_type":"years","family_id":"","s_date":"25-03-1994","marriage_date":"","premium_parent":"","contri_parent":"","premium":"7099","policyNo":"378","familyDataType":"family_construct","empId":"620095","product":"QBTv5db9151ad1c21","declare":"[]","abc":"2a+2k"} [] []
[2020-03-02 18:48:54] generateOTP.INFO: test [] []
[2020-03-02 18:48:54] generateOTP.INFO: test [] []
[2020-03-02 18:50:45] generateOTP.INFO: test [] []
[2020-03-02 18:50:45] generateOTP.INFO: test [] []
[2020-03-02 18:52:01] generateOTP.INFO: test [] []
[2020-03-02 18:52:01] generateOTP.INFO: test [] []
[2020-03-02 18:52:10] generateOTP.INFO: test [] []
[2020-03-02 18:52:10] generateOTP.INFO: test [] []
[2020-03-02 18:54:45] generateOTP.INFO: {"edit":"777","policy_no":"378","subtype_text":"1","sum_insure":"800000","familyConstruct":"2A+1K","tenure":"1 Year","family_members_id":"1","family_gender":"Female","first_name":"jkl","middle_name":"ljk","last_name":"jk","family_date_birth":"25-03-1993","age":"26","age_type":"years","family_id":"","s_date":"25-03-1994","marriage_date":"","premium_parent":"","contri_parent":"","premium":"7099","policyNo":"378","familyDataType":"family_construct","empId":"620095","product":"QBTv5db9151ad1c21","declare":"[]","abc":"2a+2k"} [] []
[2020-03-02 18:55:24] generateOTP.INFO: test [] []
[2020-03-02 18:55:24] generateOTP.INFO: test [] []
[2020-03-02 18:56:32] generateOTP.INFO: {"edit":"777","policy_no":"378","subtype_text":"1","sum_insure":"800000","familyConstruct":"2A+1K","tenure":"1 Year","family_members_id":"1","family_gender":"Female","first_name":"jkl","middle_name":"ljk","last_name":"jk","family_date_birth":"25-03-1993","age":"26","age_type":"years","family_id":"","s_date":"25-03-1993","marriage_date":"","premium_parent":"","contri_parent":"","premium":"7099","policyNo":"378","familyDataType":"family_construct","empId":"620095","product":"QBTv5db9151ad1c21","declare":"[]","abc":"2a+2k"} [] []
[2020-03-02 18:56:58] generateOTP.INFO: test [] []
[2020-03-02 18:56:58] generateOTP.INFO: test [] []
[2020-03-02 18:59:23] generateOTP.INFO: test [] []
[2020-03-02 18:59:23] generateOTP.INFO: test [] []
[2020-03-02 19:00:44] generateOTP.INFO: test [] []
[2020-03-02 19:00:44] generateOTP.INFO: test [] []
[2020-03-02 19:00:51] generateOTP.INFO: test [] []
[2020-03-02 19:00:51] generateOTP.INFO: test [] []
[2020-03-02 19:01:17] generateOTP.INFO: test [] []
[2020-03-02 19:01:17] generateOTP.INFO: test [] []
[2020-03-02 19:02:51] generateOTP.INFO: {"edit":"777","policy_no":"378","subtype_text":"1","sum_insure":"800000","familyConstruct":"2A+1K","tenure":"1 Year","family_members_id":"1","family_gender":"Female","first_name":"jkl","middle_name":"ljk","last_name":"jk","family_date_birth":"25-03-1993","age":"26","age_type":"years","family_id":"","s_date":"25-03-1993","marriage_date":"","premium_parent":"","contri_parent":"","premium":"7099","policyNo":"378","familyDataType":"family_construct","empId":"620095","product":"QBTv5db9151ad1c21","declare":"[]","abc":"2a+2k"} [] []
[2020-03-02 19:03:27] generateOTP.INFO: test [] []
[2020-03-02 19:03:28] generateOTP.INFO: test [] []
