[2020-06-02 00:33:13] generateOTP.INFO: test [] []
[2020-06-02 10:05:02] generateOTP.INFO: test [] []
[2020-06-02 10:05:04] generateOTP.INFO: test [] []
[2020-06-02 10:05:14] generateOTP.INFO: test [] []
[2020-06-02 10:05:34] generateOTP.INFO: test [] []
[2020-06-02 10:06:15] generateOTP.INFO: test [] []
[2020-06-02 10:07:15] generateOTP.INFO: {"edit":"0","policy_no":"415","subtype_text":"1","sum_insure":"500000","familyConstruct":"1A","businessType":"New","family_members_id":"0","family_gender":"Male","first_name":"sdsd","last_name":"sdsd","family_date_birth":"01-06-2020","age":"0","age_type":"days","sub_type_check":["1"],"36":"Yes","myGHD":{"A":{"format":"A_No"},"B":{"remark":""},"D1":{"remark":""},"D2":{"remark":""},"D3":{"remark":""},"D4":{"remark":""},"E":{"remark":""}},"family_id":"","s_date":"","marriage_date":"","premium":"7605","policyNo":"415","familyDataType":"family_construct","declare":"[{\"question\":\"36\",\"format\":\"Yes\"}]"} [] []
[2020-06-02 10:07:20] generateOTP.INFO: {"edit":"0","policy_no":"415","subtype_text":"1","sum_insure":"500000","familyConstruct":"1A","businessType":"New","family_members_id":"0","family_gender":"Male","first_name":"sdsd","last_name":"sdsd","family_date_birth":"01-06-2020","age":"0","age_type":"days","sub_type_check":["1"],"36":"No","myGHD":{"A":{"format":"A_No"},"B":{"remark":""},"D1":{"remark":""},"D2":{"remark":""},"D3":{"remark":""},"D4":{"remark":""},"E":{"remark":""}},"family_id":"","s_date":"","marriage_date":"","premium":"7605","policyNo":"415","familyDataType":"family_construct","declare":"[{\"question\":\"36\",\"format\":\"No\"}]"} [] []
[2020-06-02 10:07:31] generateOTP.INFO: test [] []
[2020-06-02 10:07:40] generateOTP.INFO: test [] []
[2020-06-02 10:08:07] generateOTP.INFO: {"edit":"0","policy_no":"415","subtype_text":"1","sum_insure":"1000000","familyConstruct":"1A","businessType":"New","family_members_id":"0","family_gender":"Male","first_name":"DHANASHRI","last_name":"bbbbb","family_date_birth":"16-06-1994","age":"26","age_type":"years","myGHD":{"B":{"remark":""},"D1":{"remark":""},"D2":{"remark":""},"D3":{"remark":""},"D4":{"remark":""},"E":{"remark":""}},"family_id":"","s_date":"","marriage_date":"","premium":"9867","policyNo":"415","familyDataType":"family_construct","declare":"[]"} [] []
[2020-06-02 10:08:30] generateOTP.INFO: test [] []
[2020-06-02 10:08:39] generateOTP.INFO: test [] []
[2020-06-02 10:08:43] generateOTP.INFO: test [] []
[2020-06-02 10:53:23] generateOTP.INFO: test [] []
[2020-06-02 10:53:27] generateOTP.INFO: test [] []
[2020-06-02 10:53:27] generateOTP.INFO: test [] []
[2020-06-02 10:53:27] generateOTP.INFO: test [] []
[2020-06-02 10:53:27] generateOTP.INFO: test [] []
[2020-06-02 10:53:28] generateOTP.INFO: test [] []
[2020-06-02 10:53:28] generateOTP.INFO: test [] []
[2020-06-02 10:53:32] generateOTP.INFO: test [] []
[2020-06-02 10:53:36] generateOTP.INFO: test [] []
[2020-06-02 10:53:36] generateOTP.INFO: test [] []
[2020-06-02 10:53:40] generateOTP.INFO: test [] []
[2020-06-02 10:56:15] generateOTP.INFO: test [] []
[2020-06-02 10:56:25] generateOTP.INFO: test [] []
[2020-06-02 11:00:11] generateOTP.INFO: {"edit":"0","policy_no":"415","subtype_text":"1","sum_insure":"1000000","familyConstruct":"2A","businessType":"New","family_members_id":"0","family_gender":"Female","first_name":"DHANASHREE","last_name":"BBBB","family_date_birth":"06-06-1991","age":"29","age_type":"years","myGHD":{"A":{"format":"A_Yes"},"B":{"format":"B_Yes","remark":"test"},"D1":{"remark":""},"D2":{"remark":""},"D3":{"remark":""},"D4":{"remark":""},"E":{"remark":""}},"family_id":"","s_date":"","marriage_date":"","premium":"12799","policyNo":"415","familyDataType":"family_construct","declare":"[]"} [] []
[2020-06-02 11:00:29] generateOTP.INFO: {"edit":"0","policy_no":"415","subtype_text":"1","sum_insure":"1000000","familyConstruct":"2A","businessType":"New","family_members_id":"0","family_gender":"Female","first_name":"DHANASHREE","last_name":"BBBB","family_date_birth":"06-06-1991","age":"29","age_type":"years","myGHD":{"A":{"format":"A_Yes"},"B":{"format":"B_No","remark":"test"},"C1":{"format":"C1_Yes"},"D1":{"remark":""},"D2":{"remark":""},"D3":{"remark":""},"D4":{"remark":""},"E":{"remark":""}},"family_id":"","s_date":"","marriage_date":"","premium":"12799","policyNo":"415","familyDataType":"family_construct","declare":"[]"} [] []
[2020-06-02 11:00:37] generateOTP.INFO: {"edit":"0","policy_no":"415","subtype_text":"1","sum_insure":"1000000","familyConstruct":"2A","businessType":"New","family_members_id":"0","family_gender":"Female","first_name":"DHANASHREE","last_name":"BBBB","family_date_birth":"06-06-1991","age":"29","age_type":"years","myGHD":{"A":{"format":"A_Yes"},"B":{"format":"B_No","remark":"test"},"C1":{"format":"C1_Yes"},"C2":{"format":"C2_No"},"D1":{"remark":""},"D2":{"remark":""},"D3":{"remark":""},"D4":{"remark":""},"E":{"remark":""}},"family_id":"","s_date":"","marriage_date":"","premium":"12799","policyNo":"415","familyDataType":"family_construct","declare":"[]"} [] []
[2020-06-02 11:00:57] generateOTP.INFO: {"edit":"0","policy_no":"415","subtype_text":"1","sum_insure":"1000000","familyConstruct":"2A","businessType":"New","family_members_id":"0","family_gender":"Female","first_name":"DHANASHREE","last_name":"BBBB","family_date_birth":"06-06-1991","age":"29","age_type":"years","myGHD":{"A":{"format":"A_Yes"},"B":{"format":"B_No","remark":"test"},"C1":{"format":"C1_Yes"},"C2":{"format":"C2_Yes"},"D1":{"remark":""},"D2":{"remark":""},"D3":{"remark":""},"D4":{"remark":""},"E":{"remark":""}},"family_id":"","s_date":"","marriage_date":"","premium":"12799","policyNo":"415","familyDataType":"family_construct","declare":"[]"} [] []
[2020-06-02 11:01:02] generateOTP.INFO: {"edit":"0","policy_no":"415","subtype_text":"1","sum_insure":"1000000","familyConstruct":"2A","businessType":"New","family_members_id":"0","family_gender":"Female","first_name":"DHANASHREE","last_name":"BBBB","family_date_birth":"06-06-1991","age":"29","age_type":"years","myGHD":{"A":{"format":"A_Yes"},"B":{"format":"B_No","remark":"test"},"C1":{"format":"C1_No"},"C2":{"format":"C2_No"},"D1":{"remark":""},"D2":{"remark":""},"D3":{"remark":""},"D4":{"remark":""},"E":{"remark":""}},"family_id":"","s_date":"","marriage_date":"","premium":"12799","policyNo":"415","familyDataType":"family_construct","declare":"[]"} [] []
[2020-06-02 11:01:58] generateOTP.INFO: {"edit":"0","policy_no":"415","subtype_text":"1","sum_insure":"1000000","familyConstruct":"2A","businessType":"New","family_members_id":"2","family_gender":"Male","first_name":"fsdfsfsd","last_name":"sdfsf","family_date_birth":"22-06-2002","age":"18","age_type":"years","myGHD":{"B":{"remark":""},"D1":{"remark":""},"D2":{"remark":""},"D3":{"remark":""},"D4":{"remark":""},"E":{"remark":""}},"family_id":"","s_date":"","marriage_date":"","premium":"12799","policyNo":"415","familyDataType":"family_construct","declare":"[]"} [] []
[2020-06-02 11:02:16] generateOTP.INFO: {"edit":"0","policy_no":"415","subtype_text":"1","sum_insure":"1000000","familyConstruct":"2A","businessType":"New","family_members_id":"0","family_gender":"Female","first_name":"DHANASHREE","last_name":"BBBB","family_date_birth":"06-06-1991","age":"29","age_type":"years","myGHD":{"B":{"remark":""},"D1":{"remark":""},"D2":{"remark":""},"D3":{"remark":""},"D4":{"remark":""},"E":{"remark":""}},"family_id":"","s_date":"","marriage_date":"","premium":"12799","policyNo":"415","familyDataType":"family_construct","declare":"[]"} [] []
[2020-06-02 11:02:35] generateOTP.INFO: {"edit":"0","policy_no":"415","subtype_text":"1","sum_insure":"1000000","familyConstruct":"2A","businessType":"New","family_members_id":"1","family_gender":"Male","first_name":"fsdfsfs","last_name":"fsdff","family_date_birth":"01-06-1985","age":"35","age_type":"years","myGHD":{"B":{"remark":""},"D1":{"remark":""},"D2":{"remark":""},"D3":{"remark":""},"D4":{"remark":""},"E":{"remark":""}},"family_id":"","s_date":"","marriage_date":"","premium":"12799","policyNo":"415","familyDataType":"family_construct","declare":"[]"} [] []
[2020-06-02 11:03:45] generateOTP.INFO: test [] []
[2020-06-02 11:16:00] generateOTP.INFO: test [] []
[2020-06-02 11:23:12] generateOTP.INFO: test [] []
[2020-06-02 11:23:23] generateOTP.INFO: test [] []
[2020-06-02 11:27:28] generateOTP.INFO: test [] []
[2020-06-02 11:27:32] generateOTP.INFO: test [] []
[2020-06-02 11:27:32] generateOTP.INFO: test [] []
[2020-06-02 11:27:39] generateOTP.INFO: test [] []
[2020-06-02 11:27:42] generateOTP.INFO: test [] []
[2020-06-02 11:31:34] generateOTP.INFO: test [] []
[2020-06-02 11:41:58] generateOTP.INFO: test [] []
[2020-06-02 11:59:08] generateOTP.INFO: test [] []
[2020-06-02 11:59:44] generateOTP.INFO: test [] []
[2020-06-02 12:01:13] generateOTP.INFO: test [] []
[2020-06-02 12:06:21] generateOTP.INFO: test [] []
[2020-06-02 12:07:01] generateOTP.INFO: test [] []
[2020-06-02 12:10:08] generateOTP.INFO: test [] []
[2020-06-02 12:10:08] generateOTP.INFO: test [] []
[2020-06-02 12:10:11] generateOTP.INFO: test [] []
[2020-06-02 12:10:14] generateOTP.INFO: test [] []
[2020-06-02 12:13:42] generateOTP.INFO: test [] []
[2020-06-02 12:14:22] generateOTP.INFO: test [] []
[2020-06-02 12:14:22] generateOTP.INFO: test [] []
[2020-06-02 12:14:25] generateOTP.INFO: test [] []
[2020-06-02 12:14:46] generateOTP.INFO: test [] []
[2020-06-02 12:15:13] generateOTP.INFO: test [] []
[2020-06-02 12:20:52] generateOTP.INFO: test [] []
[2020-06-02 12:20:54] generateOTP.INFO: test [] []
[2020-06-02 12:21:42] generateOTP.INFO: test [] []
[2020-06-02 12:21:50] generateOTP.INFO: test [] []
[2020-06-02 12:22:08] generateOTP.INFO: test [] []
[2020-06-02 12:22:22] generateOTP.INFO: test [] []
[2020-06-02 12:22:55] generateOTP.INFO: test [] []
[2020-06-02 12:22:55] generateOTP.INFO: test [] []
[2020-06-02 12:22:55] generateOTP.INFO: test [] []
[2020-06-02 12:23:00] generateOTP.INFO: test [] []
[2020-06-02 12:23:05] generateOTP.INFO: test [] []
[2020-06-02 12:23:25] generateOTP.INFO: test [] []
[2020-06-02 12:23:25] generateOTP.INFO: test [] []
[2020-06-02 12:23:27] generateOTP.INFO: test [] []
[2020-06-02 12:23:35] generateOTP.INFO: test [] []
[2020-06-02 12:25:06] generateOTP.INFO: test [] []
[2020-06-02 12:25:08] generateOTP.INFO: test [] []
[2020-06-02 12:25:08] generateOTP.INFO: test [] []
[2020-06-02 12:25:13] generateOTP.INFO: test [] []
[2020-06-02 12:26:06] generateOTP.INFO: test [] []
[2020-06-02 12:26:07] generateOTP.INFO: test [] []
[2020-06-02 12:26:10] generateOTP.INFO: test [] []
[2020-06-02 12:26:25] generateOTP.INFO: test [] []
[2020-06-02 12:26:46] generateOTP.INFO: test [] []
[2020-06-02 12:27:21] generateOTP.INFO: test [] []
[2020-06-02 12:27:22] generateOTP.INFO: test [] []
[2020-06-02 12:33:47] generateOTP.INFO: test [] []
[2020-06-02 12:35:21] generateOTP.INFO: test [] []
[2020-06-02 12:36:22] generateOTP.INFO: test [] []
[2020-06-02 12:36:22] generateOTP.INFO: test [] []
[2020-06-02 12:36:22] generateOTP.INFO: test [] []
[2020-06-02 12:36:25] generateOTP.INFO: test [] []
[2020-06-02 12:36:27] generateOTP.INFO: test [] []
[2020-06-02 12:36:34] generateOTP.INFO: test [] []
[2020-06-02 12:36:38] generateOTP.INFO: test [] []
[2020-06-02 12:36:52] generateOTP.INFO: test [] []
[2020-06-02 12:36:58] generateOTP.INFO: test [] []
[2020-06-02 12:36:59] generateOTP.INFO: test [] []
[2020-06-02 12:37:13] generateOTP.INFO: test [] []
[2020-06-02 12:37:27] generateOTP.INFO: test [] []
[2020-06-02 12:37:27] generateOTP.INFO: test [] []
[2020-06-02 12:37:27] generateOTP.INFO: test [] []
[2020-06-02 12:37:31] generateOTP.INFO: test [] []
[2020-06-02 12:37:31] generateOTP.INFO: test [] []
[2020-06-02 12:37:35] generateOTP.INFO: test [] []
[2020-06-02 12:37:36] generateOTP.INFO: test [] []
[2020-06-02 12:37:39] generateOTP.INFO: test [] []
[2020-06-02 12:37:45] generateOTP.INFO: test [] []
[2020-06-02 12:37:49] generateOTP.INFO: test [] []
[2020-06-02 12:37:55] generateOTP.INFO: test [] []
[2020-06-02 12:37:56] generateOTP.INFO: test [] []
[2020-06-02 12:37:57] generateOTP.INFO: test [] []
[2020-06-02 12:37:57] generateOTP.INFO: test [] []
[2020-06-02 12:38:03] generateOTP.INFO: test [] []
[2020-06-02 12:38:08] generateOTP.INFO: test [] []
[2020-06-02 12:38:09] generateOTP.INFO: test [] []
[2020-06-02 12:38:21] generateOTP.INFO: test [] []
[2020-06-02 12:38:22] generateOTP.INFO: test [] []
[2020-06-02 12:38:22] generateOTP.INFO: test [] []
[2020-06-02 12:38:26] generateOTP.INFO: test [] []
[2020-06-02 12:38:26] generateOTP.INFO: test [] []
[2020-06-02 12:38:28] generateOTP.INFO: test [] []
[2020-06-02 12:38:29] generateOTP.INFO: test [] []
[2020-06-02 12:38:29] generateOTP.INFO: test [] []
[2020-06-02 12:38:30] generateOTP.INFO: test [] []
[2020-06-02 12:38:30] generateOTP.INFO: test [] []
[2020-06-02 12:38:33] generateOTP.INFO: test [] []
[2020-06-02 12:38:38] generateOTP.INFO: test [] []
[2020-06-02 12:38:41] generateOTP.INFO: test [] []
[2020-06-02 12:38:45] generateOTP.INFO: test [] []
[2020-06-02 12:38:45] generateOTP.INFO: test [] []
[2020-06-02 12:38:45] generateOTP.INFO: test [] []
[2020-06-02 12:38:49] generateOTP.INFO: test [] []
[2020-06-02 12:38:57] generateOTP.INFO: test [] []
[2020-06-02 12:38:58] generateOTP.INFO: test [] []
[2020-06-02 12:39:02] generateOTP.INFO: test [] []
[2020-06-02 12:39:04] generateOTP.INFO: test [] []
[2020-06-02 12:39:04] generateOTP.INFO: test [] []
[2020-06-02 12:39:05] generateOTP.INFO: test [] []
[2020-06-02 12:39:08] generateOTP.INFO: test [] []
[2020-06-02 12:39:12] generateOTP.INFO: test [] []
[2020-06-02 12:39:13] generateOTP.INFO: test [] []
[2020-06-02 12:39:13] generateOTP.INFO: test [] []
[2020-06-02 12:39:17] generateOTP.INFO: test [] []
[2020-06-02 12:39:27] generateOTP.INFO: test [] []
[2020-06-02 12:39:28] generateOTP.INFO: test [] []
[2020-06-02 12:39:31] generateOTP.INFO: test [] []
[2020-06-02 12:39:37] generateOTP.INFO: test [] []
[2020-06-02 12:39:48] generateOTP.INFO: test [] []
[2020-06-02 12:39:50] generateOTP.INFO: test [] []
[2020-06-02 12:39:58] generateOTP.INFO: test [] []
[2020-06-02 12:40:01] generateOTP.INFO: test [] []
[2020-06-02 12:40:08] generateOTP.INFO: test [] []
[2020-06-02 12:40:14] generateOTP.INFO: test [] []
[2020-06-02 12:40:25] generateOTP.INFO: test [] []
[2020-06-02 12:40:40] generateOTP.INFO: test [] []
[2020-06-02 12:40:51] generateOTP.INFO: test [] []
[2020-06-02 12:40:57] generateOTP.INFO: test [] []
[2020-06-02 12:41:00] generateOTP.INFO: test [] []
[2020-06-02 12:41:24] generateOTP.INFO: test [] []
[2020-06-02 12:41:24] generateOTP.INFO: test [] []
[2020-06-02 12:41:34] generateOTP.INFO: test [] []
[2020-06-02 12:41:39] generateOTP.INFO: test [] []
[2020-06-02 12:41:45] generateOTP.INFO: test [] []
[2020-06-02 12:41:46] generateOTP.INFO: test [] []
[2020-06-02 12:41:48] generateOTP.INFO: test [] []
[2020-06-02 12:42:45] generateOTP.INFO: test [] []
[2020-06-02 12:42:47] generateOTP.INFO: test [] []
[2020-06-02 12:42:48] generateOTP.INFO: test [] []
[2020-06-02 12:42:54] generateOTP.INFO: test [] []
[2020-06-02 12:43:07] generateOTP.INFO: test [] []
[2020-06-02 12:43:26] generateOTP.INFO: test [] []
[2020-06-02 12:43:35] generateOTP.INFO: test [] []
[2020-06-02 12:43:35] generateOTP.INFO: test [] []
[2020-06-02 12:43:35] generateOTP.INFO: test [] []
[2020-06-02 12:43:37] generateOTP.INFO: test [] []
[2020-06-02 12:44:08] generateOTP.INFO: test [] []
[2020-06-02 12:44:08] generateOTP.INFO: test [] []
[2020-06-02 12:47:43] generateOTP.INFO: test [] []
[2020-06-02 12:47:49] generateOTP.INFO: test [] []
[2020-06-02 12:47:54] generateOTP.INFO: test [] []
[2020-06-02 12:48:17] generateOTP.INFO: test [] []
[2020-06-02 12:48:47] generateOTP.INFO: test [] []
[2020-06-02 12:49:53] generateOTP.INFO: test [] []
[2020-06-02 12:50:16] generateOTP.INFO: test [] []
[2020-06-02 12:51:19] generateOTP.INFO: test [] []
[2020-06-02 12:53:20] generateOTP.INFO: test [] []
[2020-06-02 12:54:18] generateOTP.INFO: test [] []
[2020-06-02 12:56:01] generateOTP.INFO: test [] []
[2020-06-02 12:56:32] generateOTP.INFO: test [] []
[2020-06-02 12:58:09] generateOTP.INFO: test [] []
[2020-06-02 13:00:44] generateOTP.INFO: test [] []
[2020-06-02 13:00:53] generateOTP.INFO: test [] []
[2020-06-02 13:01:15] generateOTP.INFO: test [] []
[2020-06-02 13:04:16] generateOTP.INFO: test [] []
[2020-06-02 13:04:20] generateOTP.INFO: test [] []
[2020-06-02 13:07:11] generateOTP.INFO: test [] []
[2020-06-02 13:10:27] generateOTP.INFO: test [] []
[2020-06-02 13:28:35] generateOTP.INFO: test [] []
[2020-06-02 13:28:36] generateOTP.INFO: test [] []
[2020-06-02 13:40:30] generateOTP.INFO: test [] []
[2020-06-02 13:40:47] generateOTP.INFO: test [] []
[2020-06-02 13:40:48] generateOTP.INFO: test [] []
[2020-06-02 13:41:15] generateOTP.INFO: test [] []
[2020-06-02 13:42:11] generateOTP.INFO: test [] []
[2020-06-02 13:42:29] generateOTP.INFO: test [] []
[2020-06-02 13:43:46] generateOTP.INFO: test [] []
[2020-06-02 13:44:45] generateOTP.INFO: test [] []
[2020-06-02 13:45:02] generateOTP.INFO: test [] []
[2020-06-02 13:45:23] generateOTP.INFO: test [] []
[2020-06-02 13:55:32] generateOTP.INFO: test [] []
[2020-06-02 13:56:13] generateOTP.INFO: test [] []
[2020-06-02 13:56:19] generateOTP.INFO: test [] []
[2020-06-02 13:56:21] generateOTP.INFO: test [] []
[2020-06-02 13:56:22] generateOTP.INFO: test [] []
[2020-06-02 13:56:42] generateOTP.INFO: test [] []
[2020-06-02 13:56:43] generateOTP.INFO: test [] []
[2020-06-02 13:57:06] generateOTP.INFO: test [] []
[2020-06-02 13:58:09] generateOTP.INFO: test [] []
[2020-06-02 14:01:34] generateOTP.INFO: test [] []
[2020-06-02 14:02:17] generateOTP.INFO: test [] []
[2020-06-02 14:03:30] generateOTP.INFO: test [] []
[2020-06-02 14:03:39] generateOTP.INFO: test [] []
[2020-06-02 14:03:53] generateOTP.INFO: test [] []
[2020-06-02 14:05:32] generateOTP.INFO: test [] []
[2020-06-02 14:06:05] generateOTP.INFO: test [] []
[2020-06-02 14:06:20] generateOTP.INFO: test [] []
[2020-06-02 14:06:44] generateOTP.INFO: test [] []
[2020-06-02 14:10:45] generateOTP.INFO: test [] []
[2020-06-02 14:10:45] generateOTP.INFO: test [] []
[2020-06-02 14:10:46] generateOTP.INFO: test [] []
[2020-06-02 14:13:02] generateOTP.INFO: test [] []
[2020-06-02 14:13:04] generateOTP.INFO: test [] []
[2020-06-02 14:13:17] generateOTP.INFO: test [] []
[2020-06-02 14:13:18] generateOTP.INFO: test [] []
[2020-06-02 14:13:19] generateOTP.INFO: test [] []
[2020-06-02 14:13:41] generateOTP.INFO: test [] []
[2020-06-02 14:13:54] generateOTP.INFO: test [] []
[2020-06-02 14:13:56] generateOTP.INFO: test [] []
[2020-06-02 14:16:21] generateOTP.INFO: test [] []
[2020-06-02 14:17:33] generateOTP.INFO: test [] []
[2020-06-02 14:17:49] generateOTP.INFO: test [] []
[2020-06-02 14:18:31] generateOTP.INFO: test [] []
[2020-06-02 14:19:41] generateOTP.INFO: test [] []
[2020-06-02 14:43:50] generateOTP.INFO: test [] []
[2020-06-02 15:00:54] generateOTP.INFO: test [] []
[2020-06-02 15:01:17] generateOTP.INFO: test [] []
[2020-06-02 15:01:19] generateOTP.INFO: test [] []
[2020-06-02 15:02:02] generateOTP.INFO: test [] []
[2020-06-02 15:02:22] generateOTP.INFO: test [] []
[2020-06-02 15:02:22] generateOTP.INFO: test [] []
[2020-06-02 15:02:38] generateOTP.INFO: test [] []
[2020-06-02 15:02:59] generateOTP.INFO: test [] []
[2020-06-02 15:19:24] generateOTP.INFO: test [] []
[2020-06-02 15:19:44] generateOTP.INFO: test [] []
[2020-06-02 15:19:51] generateOTP.INFO: test [] []
[2020-06-02 15:19:52] generateOTP.INFO: test [] []
[2020-06-02 15:19:56] generateOTP.INFO: test [] []
[2020-06-02 15:20:09] generateOTP.INFO: test [] []
[2020-06-02 15:21:19] generateOTP.INFO: test [] []
[2020-06-02 15:22:40] generateOTP.INFO: test [] []
[2020-06-02 15:22:47] generateOTP.INFO: test [] []
[2020-06-02 15:23:57] generateOTP.INFO: test [] []
[2020-06-02 15:24:03] generateOTP.INFO: test [] []
[2020-06-02 15:26:17] generateOTP.INFO: {"edit":"0","policy_no":"415","subtype_text":"1","sum_insure":"1000000","familyConstruct":"2A","businessType":"New","family_members_id":"0","family_gender":"Female","first_name":"dhanashreed","last_name":"bhojane","family_date_birth":"21-06-1989","age":"31","age_type":"years","sub_type_check":["1"],"36":"No","myGHD":{"A":{"format":"A_No"},"B":{"remark":""},"D1":{"remark":""},"D2":{"remark":""},"D3":{"remark":""},"D4":{"remark":""},"E":{"remark":""}},"family_id":"","s_date":"","marriage_date":"","premium":"12799","policyNo":"415","familyDataType":"family_construct","declare":"[{\"question\":\"36\",\"format\":\"No\"}]"} [] []
[2020-06-02 15:26:52] generateOTP.INFO: {"edit":"0","policy_no":"415","subtype_text":"1","sum_insure":"1000000","familyConstruct":"2A","businessType":"New","family_members_id":"1","family_gender":"Male","first_name":"spousename","last_name":"userentry","family_date_birth":"21-06-1984","age":"36","age_type":"years","sub_type_check":["2"],"34":"No","35":"No","myGHD":{"B":{"remark":""},"D1":{"remark":""},"D2":{"remark":""},"D3":{"remark":""},"D4":{"remark":""},"E":{"remark":""}},"family_id":"","s_date":"","marriage_date":"","premium":"12799","policyNo":"415","familyDataType":"family_construct","declare":"[{\"question\":\"34\",\"format\":\"No\"},{\"question\":\"35\",\"format\":\"No\"}]"} [] []
[2020-06-02 15:27:14] generateOTP.INFO: {"edit":"0","policy_no":"415","subtype_text":"1","sum_insure":"1000000","familyConstruct":"2A","businessType":"New","family_members_id":"1","family_gender":"Male","first_name":"spousename","last_name":"userentry","family_date_birth":"21-06-1984","age":"36","age_type":"years","myGHD":{"B":{"remark":""},"D1":{"remark":""},"D2":{"remark":""},"D3":{"remark":""},"D4":{"remark":""},"E":{"remark":""}},"family_id":"","s_date":"","marriage_date":"","premium":"12799","policyNo":"415","familyDataType":"family_construct","declare":"[]"} [] []
[2020-06-02 15:29:36] generateOTP.INFO: test [] []
[2020-06-02 15:34:09] generateOTP.INFO: test [] []
[2020-06-02 15:35:19] generateOTP.INFO: test [] []
[2020-06-02 15:35:39] generateOTP.INFO: test [] []
[2020-06-02 15:48:35] generateOTP.INFO: test [] []
[2020-06-02 15:48:37] generateOTP.INFO: test [] []
[2020-06-02 15:48:38] generateOTP.INFO: test [] []
[2020-06-02 15:48:44] generateOTP.INFO: test [] []
[2020-06-02 15:48:51] generateOTP.INFO: test [] []
[2020-06-02 15:54:15] generateOTP.INFO: test [] []
[2020-06-02 15:54:17] generateOTP.INFO: test [] []
[2020-06-02 15:54:19] generateOTP.INFO: test [] []
[2020-06-02 15:54:47] generateOTP.INFO: test [] []
[2020-06-02 15:56:55] generateOTP.INFO: test [] []
[2020-06-02 15:56:58] generateOTP.INFO: test [] []
[2020-06-02 15:57:19] generateOTP.INFO: test [] []
[2020-06-02 15:57:20] generateOTP.INFO: test [] []
[2020-06-02 15:57:31] generateOTP.INFO: test [] []
[2020-06-02 15:57:39] generateOTP.INFO: test [] []
[2020-06-02 15:58:36] generateOTP.INFO: test [] []
[2020-06-02 15:58:49] generateOTP.INFO: test [] []
[2020-06-02 15:58:51] generateOTP.INFO: test [] []
[2020-06-02 15:59:15] generateOTP.INFO: test [] []
[2020-06-02 15:59:16] generateOTP.INFO: test [] []
[2020-06-02 15:59:17] generateOTP.INFO: test [] []
[2020-06-02 15:59:17] generateOTP.INFO: test [] []
[2020-06-02 15:59:40] generateOTP.INFO: test [] []
[2020-06-02 15:59:41] generateOTP.INFO: test [] []
[2020-06-02 15:59:42] generateOTP.INFO: test [] []
[2020-06-02 15:59:54] generateOTP.INFO: test [] []
[2020-06-02 15:59:55] generateOTP.INFO: test [] []
[2020-06-02 16:00:06] generateOTP.INFO: test [] []
[2020-06-02 16:00:25] generateOTP.INFO: test [] []
[2020-06-02 16:01:12] generateOTP.INFO: test [] []
[2020-06-02 16:01:13] generateOTP.INFO: test [] []
[2020-06-02 16:04:49] generateOTP.INFO: test [] []
[2020-06-02 16:05:26] generateOTP.INFO: test [] []
[2020-06-02 16:07:42] generateOTP.INFO: test [] []
[2020-06-02 16:09:34] generateOTP.INFO: test [] []
[2020-06-02 16:11:11] generateOTP.INFO: test [] []
[2020-06-02 16:11:17] generateOTP.INFO: test [] []
[2020-06-02 16:12:26] generateOTP.INFO: {"edit":"0","policy_no":"415","subtype_text":"1","sum_insure":"500000","familyConstruct":"1A","businessType":"New","family_members_id":"1","family_gender":"Female","first_name":"jhg","last_name":"yyutuy","family_date_birth":"01-06-2000","age":"20","age_type":"years","sub_type_check":["1"],"36":"No","myGHD":{"A":{"format":"A_No"},"B":{"remark":""},"C1":{"format":"C1_No"},"C2":{"format":"C2_No"},"D1":{"remark":""},"D2":{"remark":""},"D3":{"remark":""},"D4":{"remark":""},"E":{"remark":""}},"family_id":"","s_date":"","marriage_date":"","premium":"7605","policyNo":"415","familyDataType":"family_construct","declare":"[{\"question\":\"36\",\"format\":\"No\"}]"} [] []
[2020-06-02 16:16:26] generateOTP.INFO: test [] []
[2020-06-02 16:16:27] generateOTP.INFO: test [] []
[2020-06-02 16:16:44] generateOTP.INFO: test [] []
[2020-06-02 16:16:46] generateOTP.INFO: test [] []
[2020-06-02 16:17:09] generateOTP.INFO: test [] []
[2020-06-02 16:17:28] generateOTP.INFO: test [] []
[2020-06-02 16:17:30] generateOTP.INFO: test [] []
[2020-06-02 16:17:30] generateOTP.INFO: test [] []
[2020-06-02 16:17:43] generateOTP.INFO: test [] []
[2020-06-02 16:17:43] generateOTP.INFO: test [] []
[2020-06-02 16:17:44] generateOTP.INFO: test [] []
[2020-06-02 16:18:02] generateOTP.INFO: test [] []
[2020-06-02 16:18:03] generateOTP.INFO: test [] []
[2020-06-02 16:18:11] generateOTP.INFO: test [] []
[2020-06-02 16:18:41] generateOTP.INFO: test [] []
[2020-06-02 16:18:44] generateOTP.INFO: test [] []
[2020-06-02 16:19:06] generateOTP.INFO: test [] []
[2020-06-02 16:19:41] generateOTP.INFO: test [] []
[2020-06-02 16:20:16] generateOTP.INFO: test [] []
[2020-06-02 16:21:23] generateOTP.INFO: test [] []
[2020-06-02 16:22:51] generateOTP.INFO: test [] []
[2020-06-02 16:23:52] generateOTP.INFO: test [] []
[2020-06-02 16:24:09] generateOTP.INFO: test [] []
[2020-06-02 16:27:33] generateOTP.INFO: test [] []
[2020-06-02 16:27:51] generateOTP.INFO: test [] []
[2020-06-02 16:27:54] generateOTP.INFO: test [] []
[2020-06-02 16:28:29] generateOTP.INFO: test [] []
[2020-06-02 16:28:30] generateOTP.INFO: test [] []
[2020-06-02 16:29:14] generateOTP.INFO: test [] []
[2020-06-02 16:29:45] generateOTP.INFO: test [] []
[2020-06-02 16:30:05] generateOTP.INFO: test [] []
[2020-06-02 16:31:02] generateOTP.INFO: test [] []
[2020-06-02 16:31:18] generateOTP.INFO: test [] []
[2020-06-02 16:31:36] generateOTP.INFO: test [] []
[2020-06-02 16:33:14] generateOTP.INFO: test [] []
[2020-06-02 16:33:39] generateOTP.INFO: test [] []
[2020-06-02 16:35:22] generateOTP.INFO: test [] []
[2020-06-02 16:36:54] generateOTP.INFO: test [] []
[2020-06-02 16:37:06] generateOTP.INFO: test [] []
[2020-06-02 16:38:24] generateOTP.INFO: test [] []
[2020-06-02 16:39:02] generateOTP.INFO: test [] []
[2020-06-02 16:46:05] generateOTP.INFO: test [] []
[2020-06-02 16:46:07] generateOTP.INFO: test [] []
[2020-06-02 16:46:45] generateOTP.INFO: test [] []
[2020-06-02 17:02:13] generateOTP.INFO: test [] []
[2020-06-02 17:02:15] generateOTP.INFO: test [] []
[2020-06-02 17:02:23] generateOTP.INFO: test [] []
[2020-06-02 17:02:35] generateOTP.INFO: test [] []
[2020-06-02 17:05:00] generateOTP.INFO: test [] []
[2020-06-02 17:05:03] generateOTP.INFO: test [] []
[2020-06-02 17:21:07] generateOTP.INFO: test [] []
[2020-06-02 17:42:45] generateOTP.INFO: test [] []
[2020-06-02 18:44:11] generateOTP.INFO: test [] []
[2020-06-02 18:44:12] generateOTP.INFO: test [] []
[2020-06-02 18:44:28] generateOTP.INFO: test [] []
[2020-06-02 18:44:34] generateOTP.INFO: test [] []
[2020-06-02 19:08:38] generateOTP.INFO: test [] []
[2020-06-02 19:08:48] generateOTP.INFO: test [] []
[2020-06-02 19:09:51] generateOTP.INFO: test [] []
[2020-06-02 19:26:56] generateOTP.INFO: test [] []
[2020-06-02 19:27:02] generateOTP.INFO: test [] []
[2020-06-02 19:27:06] generateOTP.INFO: test [] []
[2020-06-02 19:27:23] generateOTP.INFO: test [] []
[2020-06-02 19:30:14] generateOTP.INFO: test [] []
[2020-06-02 19:30:14] generateOTP.INFO: test [] []
[2020-06-02 19:30:17] generateOTP.INFO: test [] []
[2020-06-02 19:30:22] generateOTP.INFO: test [] []
[2020-06-02 19:30:29] generateOTP.INFO: test [] []
[2020-06-02 19:31:39] generateOTP.INFO: test [] []
[2020-06-02 19:31:46] generateOTP.INFO: test [] []
