[2020-12-02 10:36:24] generateOTP.INFO: test [] []
[2020-12-02 10:47:22] generateOTP.INFO: test [] []
[2020-12-02 11:00:57] generateOTP.INFO: test [] []
[2020-12-02 11:04:34] generateOTP.INFO: test [] []
[2020-12-02 11:05:08] generateOTP.INFO: test [] []
[2020-12-02 11:23:39] generateOTP.INFO: test [] []
[2020-12-02 11:25:42] generateOTP.INFO: test [] []
[2020-12-02 11:27:08] generateOTP.INFO: test [] []
[2020-12-02 11:27:14] generateOTP.INFO: test [] []
[2020-12-02 11:27:17] generateOTP.INFO: test [] []
[2020-12-02 11:27:19] generateOTP.INFO: test [] []
[2020-12-02 11:27:23] generateOTP.INFO: test [] []
[2020-12-02 11:27:24] generateOTP.INFO: test [] []
[2020-12-02 11:27:34] generateOTP.INFO: test [] []
[2020-12-02 11:27:38] generateOTP.INFO: test [] []
[2020-12-02 11:27:41] generateOTP.INFO: test [] []
[2020-12-02 11:27:47] generateOTP.INFO: test [] []
[2020-12-02 11:27:50] generateOTP.INFO: test [] []
[2020-12-02 11:36:51] generateOTP.INFO: test [] []
[2020-12-02 11:36:59] generateOTP.INFO: test [] []
[2020-12-02 11:37:10] generateOTP.INFO: test [] []
[2020-12-02 11:37:51] generateOTP.INFO: test [] []
[2020-12-02 11:38:13] generateOTP.INFO: test [] []
[2020-12-02 11:39:05] generateOTP.INFO: test [] []
[2020-12-02 11:39:29] generateOTP.INFO: test [] []
[2020-12-02 11:59:12] generateOTP.INFO: test [] []
[2020-12-02 11:59:14] generateOTP.INFO: test [] []
[2020-12-02 11:59:35] generateOTP.INFO: test [] []
[2020-12-02 12:03:10] generateOTP.INFO: test [] []
[2020-12-02 12:03:11] generateOTP.INFO: test [] []
[2020-12-02 12:03:22] generateOTP.INFO: test [] []
[2020-12-02 12:03:44] generateOTP.INFO: test [] []
[2020-12-02 12:19:04] generateOTP.INFO: test [] []
[2020-12-02 12:19:42] generateOTP.INFO: test [] []
[2020-12-02 12:20:30] generateOTP.INFO: test [] []
[2020-12-02 12:22:54] generateOTP.INFO: test [] []
[2020-12-02 12:22:56] generateOTP.INFO: test [] []
[2020-12-02 12:23:19] generateOTP.INFO: test [] []
[2020-12-02 12:24:15] generateOTP.INFO: test [] []
[2020-12-02 12:29:42] generateOTP.INFO: test [] []
[2020-12-02 12:30:01] generateOTP.INFO: test [] []
[2020-12-02 12:30:14] generateOTP.INFO: test [] []
[2020-12-02 12:30:35] generateOTP.INFO: test [] []
[2020-12-02 12:42:58] generateOTP.INFO: test [] []
[2020-12-02 12:47:59] generateOTP.INFO: test [] []
[2020-12-02 12:48:55] generateOTP.INFO: test [] []
[2020-12-02 12:53:42] generateOTP.INFO: test [] []
[2020-12-02 12:57:05] generateOTP.INFO: test [] []
[2020-12-02 12:57:18] generateOTP.INFO: test [] []
[2020-12-02 12:58:32] generateOTP.INFO: test [] []
[2020-12-02 12:59:05] generateOTP.INFO: test [] []
[2020-12-02 13:00:24] generateOTP.INFO: test [] []
[2020-12-02 13:02:53] generateOTP.INFO: test [] []
[2020-12-02 13:03:58] generateOTP.INFO: test [] []
[2020-12-02 13:04:50] generateOTP.INFO: test [] []
[2020-12-02 13:11:20] generateOTP.INFO: test [] []
[2020-12-02 13:11:25] generateOTP.INFO: test [] []
[2020-12-02 13:11:31] generateOTP.INFO: test [] []
[2020-12-02 13:11:56] generateOTP.INFO: test [] []
[2020-12-02 13:12:31] generateOTP.INFO: test [] []
[2020-12-02 13:15:17] generateOTP.INFO: test [] []
[2020-12-02 13:15:29] generateOTP.INFO: test [] []
[2020-12-02 13:16:06] generateOTP.INFO: test [] []
[2020-12-02 13:20:08] generateOTP.INFO: test [] []
[2020-12-02 13:20:29] generateOTP.INFO: test [] []
[2020-12-02 13:20:34] generateOTP.INFO: test [] []
[2020-12-02 13:24:15] generateOTP.INFO: test [] []
[2020-12-02 13:24:18] generateOTP.INFO: test [] []
[2020-12-02 13:25:09] generateOTP.INFO: test [] []
[2020-12-02 13:25:44] generateOTP.INFO: test [] []
[2020-12-02 13:26:31] generateOTP.INFO: test [] []
[2020-12-02 13:26:49] generateOTP.INFO: test [] []
[2020-12-02 13:27:42] generateOTP.INFO: test [] []
[2020-12-02 13:27:52] generateOTP.INFO: test [] []
[2020-12-02 13:27:55] generateOTP.INFO: test [] []
[2020-12-02 13:28:39] generateOTP.INFO: test [] []
[2020-12-02 13:28:40] generateOTP.INFO: test [] []
[2020-12-02 13:28:58] generateOTP.INFO: test [] []
[2020-12-02 13:29:16] generateOTP.INFO: test [] []
[2020-12-02 13:29:18] generateOTP.INFO: test [] []
[2020-12-02 13:29:50] generateOTP.INFO: test [] []
[2020-12-02 13:29:51] generateOTP.INFO: test [] []
[2020-12-02 13:31:14] generateOTP.INFO: test [] []
[2020-12-02 13:32:33] generateOTP.INFO: test [] []
[2020-12-02 13:32:41] generateOTP.INFO: test [] []
[2020-12-02 13:33:02] generateOTP.INFO: test [] []
[2020-12-02 13:33:05] generateOTP.INFO: test [] []
[2020-12-02 13:33:29] generateOTP.INFO: test [] []
[2020-12-02 13:33:30] generateOTP.INFO: test [] []
[2020-12-02 13:33:34] generateOTP.INFO: test [] []
[2020-12-02 13:33:35] generateOTP.INFO: test [] []
[2020-12-02 13:33:37] generateOTP.INFO: test [] []
[2020-12-02 13:33:37] generateOTP.INFO: test [] []
[2020-12-02 13:33:37] generateOTP.INFO: test [] []
[2020-12-02 13:33:39] generateOTP.INFO: test [] []
[2020-12-02 13:37:52] generateOTP.INFO: test [] []
[2020-12-02 13:39:46] generateOTP.INFO: test [] []
[2020-12-02 13:39:48] generateOTP.INFO: test [] []
[2020-12-02 13:39:49] generateOTP.INFO: test [] []
[2020-12-02 13:41:14] generateOTP.INFO: test [] []
[2020-12-02 13:42:06] generateOTP.INFO: test [] []
[2020-12-02 13:44:03] generateOTP.INFO: test [] []
[2020-12-02 14:11:19] generateOTP.INFO: test [] []
[2020-12-02 14:12:32] generateOTP.INFO: test [] []
[2020-12-02 14:15:29] generateOTP.INFO: test [] []
[2020-12-02 14:16:00] generateOTP.INFO: test [] []
[2020-12-02 14:16:26] generateOTP.INFO: test [] []
[2020-12-02 14:17:36] generateOTP.INFO: test [] []
[2020-12-02 14:19:48] generateOTP.INFO: test [] []
[2020-12-02 14:21:38] generateOTP.INFO: test [] []
[2020-12-02 14:22:38] generateOTP.INFO: test [] []
[2020-12-02 14:22:38] generateOTP.INFO: test [] []
[2020-12-02 14:22:39] generateOTP.INFO: test [] []
[2020-12-02 14:22:51] generateOTP.INFO: test [] []
[2020-12-02 14:22:52] generateOTP.INFO: test [] []
[2020-12-02 14:23:31] generateOTP.INFO: test [] []
[2020-12-02 14:23:43] generateOTP.INFO: test [] []
[2020-12-02 14:23:44] generateOTP.INFO: test [] []
[2020-12-02 14:24:04] generateOTP.INFO: test [] []
[2020-12-02 14:24:06] generateOTP.INFO: test [] []
[2020-12-02 14:24:07] generateOTP.INFO: test [] []
[2020-12-02 14:24:16] generateOTP.INFO: test [] []
[2020-12-02 14:25:05] generateOTP.INFO: test [] []
[2020-12-02 14:25:08] generateOTP.INFO: test [] []
[2020-12-02 14:25:11] generateOTP.INFO: test [] []
[2020-12-02 14:28:11] generateOTP.INFO: test [] []
[2020-12-02 14:28:12] generateOTP.INFO: test [] []
[2020-12-02 14:28:27] generateOTP.INFO: test [] []
[2020-12-02 14:28:38] generateOTP.INFO: test [] []
[2020-12-02 14:29:09] generateOTP.INFO: test [] []
[2020-12-02 14:39:46] generateOTP.INFO: test [] []
[2020-12-02 14:39:47] generateOTP.INFO: test [] []
[2020-12-02 14:40:16] generateOTP.INFO: test [] []
[2020-12-02 14:40:28] generateOTP.INFO: test [] []
[2020-12-02 14:42:23] generateOTP.INFO: test [] []
[2020-12-02 14:45:59] generateOTP.INFO: test [] []
[2020-12-02 14:46:00] generateOTP.INFO: test [] []
[2020-12-02 14:53:00] generateOTP.INFO: test [] []
[2020-12-02 14:54:05] generateOTP.INFO: test [] []
[2020-12-02 14:54:06] generateOTP.INFO: test [] []
[2020-12-02 14:54:17] generateOTP.INFO: test [] []
[2020-12-02 14:54:41] generateOTP.INFO: test [] []
[2020-12-02 14:56:15] generateOTP.INFO: test [] []
[2020-12-02 15:03:11] generateOTP.INFO: test [] []
[2020-12-02 15:04:18] generateOTP.INFO: test [] []
[2020-12-02 15:04:42] generateOTP.INFO: test [] []
[2020-12-02 15:05:04] generateOTP.INFO: test [] []
[2020-12-02 15:05:23] generateOTP.INFO: test [] []
[2020-12-02 15:06:13] generateOTP.INFO: test [] []
[2020-12-02 15:06:19] generateOTP.INFO: test [] []
[2020-12-02 15:06:26] generateOTP.INFO: test [] []
[2020-12-02 15:06:35] generateOTP.INFO: test [] []
[2020-12-02 15:07:20] generateOTP.INFO: test [] []
[2020-12-02 15:07:49] generateOTP.INFO: test [] []
[2020-12-02 15:08:27] generateOTP.INFO: test [] []
[2020-12-02 15:08:28] generateOTP.INFO: test [] []
[2020-12-02 15:08:33] generateOTP.INFO: test [] []
[2020-12-02 15:09:09] generateOTP.INFO: test [] []
[2020-12-02 15:10:44] generateOTP.INFO: test [] []
[2020-12-02 15:10:47] generateOTP.INFO: test [] []
[2020-12-02 15:11:37] generateOTP.INFO: test [] []
[2020-12-02 15:17:24] generateOTP.INFO: test [] []
[2020-12-02 15:17:24] generateOTP.INFO: test [] []
[2020-12-02 15:17:25] generateOTP.INFO: test [] []
[2020-12-02 15:17:25] generateOTP.INFO: test [] []
[2020-12-02 15:17:25] generateOTP.INFO: test [] []
[2020-12-02 15:17:25] generateOTP.INFO: test [] []
[2020-12-02 15:17:25] generateOTP.INFO: test [] []
[2020-12-02 15:17:25] generateOTP.INFO: test [] []
[2020-12-02 15:17:25] generateOTP.INFO: test [] []
[2020-12-02 15:17:44] generateOTP.INFO: test [] []
[2020-12-02 15:19:23] generateOTP.INFO: test [] []
[2020-12-02 15:20:05] generateOTP.INFO: test [] []
[2020-12-02 15:20:33] generateOTP.INFO: test [] []
[2020-12-02 15:22:00] generateOTP.INFO: test [] []
[2020-12-02 15:22:09] generateOTP.INFO: test [] []
[2020-12-02 15:22:26] generateOTP.INFO: test [] []
[2020-12-02 15:22:27] generateOTP.INFO: test [] []
[2020-12-02 15:23:08] generateOTP.INFO: {"salutation":"1","firstname":"test","lastname":"BANKING","dob":"19-12-1988","mob_no":"7010444138","panCard":"XXXXXX456A","email":"jack@gmail.com","ref1":"1","ref2":"1","comAdd":"Om hrad ntalatiof, holOmshre, talathioficeeachol, OmshreeSada9talathi","city":"MUMBAI","state":"MAHARASHTRA","pin_code":"622103","ISNRI":"N","update_emp_id":"623787","edit":"0","policy_no":"454,455","subtype_text":"1","sum_insure":"500000","anuual_income":"","occupation":"1","familyConstruct":"1A","family_members_id":"0","family_gender":"Male","first_name":"test","last_name":"BANKING","family_date_birth":"19-12-1988","age":"31","age_type":" years","tenure":"1 Year","family_id":"","s_date":"","marriage_date":"","premium":"8000","policyNo":"454,455","familyDataType":"undefined","empId":"623787","product":"RMxC5efb5c5a320e7","declare":"[]","gender":"Male","gci_options":"Yes"} [] []
[2020-12-02 15:23:59] documentsSave.INFO: {"ops_type":"[\"0\",\"Y\"]","ids":"411,412,413"} [] []
[2020-12-02 15:23:59] documentsSaveFiles.INFO: [{"name":"download.png","type":"image\/png","tmp_name":"\/tmp\/phpYldxkN","error":0,"size":57862},{"name":"download.png","type":"image\/png","tmp_name":"\/tmp\/phpeVtsbv","error":0,"size":57862}] [] []
[2020-12-02 15:24:14] generateOTP.INFO: test [] []
[2020-12-02 15:24:28] generateOTP.INFO: test [] []
[2020-12-02 15:25:08] generateOTP.INFO: test [] []
[2020-12-02 15:25:32] generateOTP.INFO: test [] []
[2020-12-02 15:25:56] generateOTP.INFO: test [] []
[2020-12-02 15:26:36] generateOTP.INFO: test [] []
[2020-12-02 15:27:11] generateOTP.INFO: test [] []
[2020-12-02 15:27:27] generateOTP.INFO: test [] []
[2020-12-02 15:27:50] generateOTP.INFO: test [] []
[2020-12-02 15:27:59] generateOTP.INFO: test [] []
[2020-12-02 15:32:15] generateOTP.INFO: test [] []
[2020-12-02 15:32:17] generateOTP.INFO: test [] []
[2020-12-02 15:32:20] generateOTP.INFO: test [] []
[2020-12-02 15:34:35] generateOTP.INFO: test [] []
[2020-12-02 15:34:43] generateOTP.INFO: test [] []
[2020-12-02 15:35:06] generateOTP.INFO: test [] []
[2020-12-02 15:35:27] generateOTP.INFO: test [] []
[2020-12-02 15:36:21] generateOTP.INFO: {"salutation":"1","firstname":"test","lastname":"BANKING","dob":"19-12-1988","mob_no":"7010444138","panCard":"XXXXXX456A","email":"jack@gmail.com","ref1":"1","ref2":"1","comAdd":"Om hrad ntalatiof, holOmshre, talathioficeeachol, OmshreeSada9talathi","city":"MUMBAI","state":"MAHARASHTRA","pin_code":"622103","ISNRI":"N","update_emp_id":"623789","edit":"0","policy_no":"454,455","subtype_text":"1","sum_insure":"500000","anuual_income":"","occupation":"14","familyConstruct":"2A+2K","family_members_id":"0","family_gender":"Male","first_name":"test","last_name":"BANKING","family_date_birth":"19-12-1988","age":"31","age_type":" years","tenure":"1 Year","family_id":"","s_date":"","marriage_date":"","premium":"17000","policyNo":"454,455","familyDataType":"undefined","empId":"623789","product":"RMxC5efb5c5a320e7","declare":"[]","gender":"Male","gci_options":"Yes"} [] []
[2020-12-02 15:36:51] generateOTP.INFO: {"salutation":"1","firstname":"test","lastname":"BANKING","dob":"19-12-1988","mob_no":"7010444138","panCard":"XXXXXX456A","email":"jack@gmail.com","ref1":"1","ref2":"1","comAdd":"Om hrad ntalatiof, holOmshre, talathioficeeachol, OmshreeSada9talathi","city":"MUMBAI","state":"MAHARASHTRA","pin_code":"622103","ISNRI":"N","update_emp_id":"623789","edit":"0","policy_no":"454,455","subtype_text":"1","sum_insure":"500000","anuual_income":"","occupation":"14","familyConstruct":"2A+2K","family_members_id":"1","family_gender":"Female","first_name":"jaska","last_name":"sjajsa","family_date_birth":"20-12-2001","age":"18","age_type":" years","tenure":"1 Year","family_id":"","s_date":"","marriage_date":"","premium":"17000","policyNo":"454,455","familyDataType":"undefined","empId":"623789","product":"RMxC5efb5c5a320e7","declare":"[]","gender":"Male","gci_options":"Yes"} [] []
[2020-12-02 15:38:19] generateOTP.INFO: test [] []
[2020-12-02 15:38:19] generateOTP.INFO: test [] []
[2020-12-02 15:39:00] generateOTP.INFO: test [] []
[2020-12-02 15:39:08] generateOTP.INFO: {"salutation":"1","firstname":"test","lastname":"BANKING","dob":"17-12-1981","mob_no":"7010444138","panCard":"XXXXXX456A","email":"jack@gmail.com","ref1":"1","ref2":"1","comAdd":"Om hrad ntalatiof, holOmshre, talathioficeeachol, OmshreeSada9talathi","city":"MUMBAI","state":"MAHARASHTRA","pin_code":"622103","ISNRI":"N","update_emp_id":"623790","edit":"0","policy_no":"454,455","subtype_text":"1","sum_insure":"2000000","anuual_income":"400000","occupation":"14","familyConstruct":"2A+2K","family_members_id":"0","family_gender":"Male","first_name":"test","last_name":"BANKING","family_date_birth":"17-12-1981","age":"38","age_type":" years","tenure":"1 Year","family_id":"","s_date":"","marriage_date":"","premium":"30500","policyNo":"454,455","familyDataType":"undefined","empId":"623790","product":"RMxC5efb5c5a320e7","declare":"[]","gender":"Male","gci_options":"Yes"} [] []
[2020-12-02 15:40:12] generateOTP.INFO: {"salutation":"1","firstname":"test","lastname":"BANKING","dob":"17-12-1981","mob_no":"7010444138","panCard":"XXXXXX456A","email":"jack@gmail.com","ref1":"1","ref2":"1","comAdd":"Om hrad ntalatiof, holOmshre, talathioficeeachol, OmshreeSada9talathi","city":"MUMBAI","state":"MAHARASHTRA","pin_code":"622103","ISNRI":"N","update_emp_id":"623790","edit":"0","policy_no":"454,455","subtype_text":"1","sum_insure":"2000000","anuual_income":"400000","occupation":"14","familyConstruct":"2A+2K","family_members_id":"1","family_gender":"Female","first_name":"hdjshd","last_name":"xmnmzxz","family_date_birth":"20-12-2001","age":"18","age_type":" years","tenure":"1 Year","family_id":"","s_date":"","marriage_date":"","premium":"30500","policyNo":"454,455","familyDataType":"undefined","empId":"623790","product":"RMxC5efb5c5a320e7","declare":"[]","gender":"Male","gci_options":"Yes"} [] []
[2020-12-02 15:40:37] generateOTP.INFO: {"salutation":"1","firstname":"test","lastname":"BANKING","dob":"17-12-1981","mob_no":"7010444138","panCard":"XXXXXX456A","email":"jack@gmail.com","ref1":"1","ref2":"1","comAdd":"Om hrad ntalatiof, holOmshre, talathioficeeachol, OmshreeSada9talathi","city":"MUMBAI","state":"MAHARASHTRA","pin_code":"622103","ISNRI":"N","update_emp_id":"623790","edit":"0","policy_no":"454,455","subtype_text":"1","sum_insure":"2000000","anuual_income":"400000","occupation":"14","familyConstruct":"2A+2K","family_members_id":"2","family_gender":"Male","first_name":"kskas","last_name":"sjasja","family_date_birth":"20-12-2018","age":"1","age_type":" years","tenure":"1 Year","family_id":"","s_date":"","marriage_date":"","premium":"30500","policyNo":"454,455","familyDataType":"undefined","empId":"623790","product":"RMxC5efb5c5a320e7","declare":"[]","gender":"Male","gci_options":"Yes"} [] []
[2020-12-02 15:41:03] generateOTP.INFO: {"salutation":"1","firstname":"test","lastname":"BANKING","dob":"17-12-1981","mob_no":"7010444138","panCard":"XXXXXX456A","email":"jack@gmail.com","ref1":"1","ref2":"1","comAdd":"Om hrad ntalatiof, holOmshre, talathioficeeachol, OmshreeSada9talathi","city":"MUMBAI","state":"MAHARASHTRA","pin_code":"622103","ISNRI":"N","update_emp_id":"623790","edit":"0","policy_no":"454,455","subtype_text":"1","sum_insure":"2000000","anuual_income":"400000","occupation":"14","familyConstruct":"2A+2K","family_members_id":"3","family_gender":"Female","first_name":"aska","last_name":"djaksa","family_date_birth":"27-12-2019","age":"340","age_type":"days","tenure":"1 Year","family_id":"","s_date":"","marriage_date":"","premium":"30500","policyNo":"454,455","familyDataType":"undefined","empId":"623790","product":"RMxC5efb5c5a320e7","declare":"[]","gender":"Male","gci_options":"Yes"} [] []
[2020-12-02 15:45:37] generateOTP.INFO: test [] []
[2020-12-02 15:45:38] generateOTP.INFO: test [] []
[2020-12-02 15:47:47] generateOTP.INFO: test [] []
[2020-12-02 15:48:29] generateOTP.INFO: test [] []
[2020-12-02 15:48:52] generateOTP.INFO: test [] []
[2020-12-02 15:49:03] generateOTP.INFO: test [] []
[2020-12-02 15:49:16] generateOTP.INFO: test [] []
[2020-12-02 15:49:34] generateOTP.INFO: test [] []
[2020-12-02 15:53:40] generateOTP.INFO: test [] []
[2020-12-02 15:55:35] generateOTP.INFO: test [] []
[2020-12-02 15:57:33] generateOTP.INFO: test [] []
[2020-12-02 16:02:14] generateOTP.INFO: test [] []
[2020-12-02 16:02:51] generateOTP.INFO: test [] []
[2020-12-02 16:02:51] generateOTP.INFO: test [] []
[2020-12-02 16:02:57] generateOTP.INFO: test [] []
[2020-12-02 16:03:12] generateOTP.INFO: test [] []
[2020-12-02 16:04:03] generateOTP.INFO: test [] []
[2020-12-02 16:04:23] generateOTP.INFO: test [] []
[2020-12-02 16:06:23] generateOTP.INFO: test [] []
[2020-12-02 16:06:45] generateOTP.INFO: test [] []
[2020-12-02 16:06:49] generateOTP.INFO: test [] []
[2020-12-02 16:06:50] generateOTP.INFO: test [] []
[2020-12-02 16:06:55] generateOTP.INFO: test [] []
[2020-12-02 16:06:56] generateOTP.INFO: test [] []
[2020-12-02 16:07:05] generateOTP.INFO: test [] []
[2020-12-02 16:07:48] generateOTP.INFO: test [] []
[2020-12-02 16:07:49] generateOTP.INFO: test [] []
[2020-12-02 16:08:17] generateOTP.INFO: test [] []
[2020-12-02 16:08:17] generateOTP.INFO: test [] []
[2020-12-02 16:08:26] generateOTP.INFO: test [] []
[2020-12-02 16:08:27] generateOTP.INFO: test [] []
[2020-12-02 16:08:32] generateOTP.INFO: test [] []
[2020-12-02 16:08:36] generateOTP.INFO: test [] []
[2020-12-02 16:08:41] generateOTP.INFO: test [] []
[2020-12-02 16:08:51] generateOTP.INFO: test [] []
[2020-12-02 16:08:57] generateOTP.INFO: test [] []
[2020-12-02 16:09:15] generateOTP.INFO: test [] []
[2020-12-02 16:11:59] generateOTP.INFO: test [] []
[2020-12-02 16:12:13] generateOTP.INFO: test [] []
[2020-12-02 16:13:02] generateOTP.INFO: test [] []
[2020-12-02 16:13:03] generateOTP.INFO: test [] []
[2020-12-02 16:13:07] generateOTP.INFO: test [] []
[2020-12-02 16:13:07] generateOTP.INFO: test [] []
[2020-12-02 16:13:19] generateOTP.INFO: test [] []
[2020-12-02 16:13:22] generateOTP.INFO: test [] []
[2020-12-02 16:13:35] generateOTP.INFO: test [] []
[2020-12-02 16:14:24] generateOTP.INFO: test [] []
[2020-12-02 16:14:31] generateOTP.INFO: test [] []
[2020-12-02 16:14:50] generateOTP.INFO: test [] []
[2020-12-02 16:14:57] generateOTP.INFO: {"salutation":"1","firstname":"anuu","lastname":"test","dob":"19-12-1988","mob_no":"7010444138","panCard":"XXXXXX456A","email":"jack@gmail.com","ref1":"1","ref2":"1","comAdd":"Om hrad ntalatiof, holOmshre, talathioficeeachol, OmshreeSada9talathi","city":"MUMBAI","state":"MAHARASHTRA","pin_code":"622103","ISNRI":"N","update_emp_id":"623793","edit":"0","policy_no":"454,455","subtype_text":"1","sum_insure":"500000","anuual_income":"","occupation":"1","familyConstruct":"1A","family_members_id":"0","family_gender":"Male","first_name":"anuu","last_name":"test","family_date_birth":"19-12-1988","age":"31","age_type":" years","tenure":"1 Year","family_id":"","s_date":"","marriage_date":"","premium":"8000","policyNo":"454,455","familyDataType":"undefined","empId":"623793","product":"RMxC5efb5c5a320e7","declare":"[]","gender":"Male","gci_options":"Yes"} [] []
[2020-12-02 16:17:03] generateOTP.INFO: test [] []
[2020-12-02 16:17:05] generateOTP.INFO: test [] []
[2020-12-02 16:17:44] generateOTP.INFO: test [] []
[2020-12-02 16:18:14] generateOTP.INFO: test [] []
[2020-12-02 16:18:15] generateOTP.INFO: test [] []
[2020-12-02 16:18:39] generateOTP.INFO: test [] []
[2020-12-02 16:19:30] generateOTP.INFO: test [] []
[2020-12-02 16:23:45] generateOTP.INFO: test [] []
[2020-12-02 16:24:25] generateOTP.INFO: test [] []
[2020-12-02 16:24:33] generateOTP.INFO: test [] []
[2020-12-02 16:24:46] generateOTP.INFO: test [] []
[2020-12-02 16:28:22] generateOTP.INFO: test [] []
[2020-12-02 16:29:08] generateOTP.INFO: test [] []
[2020-12-02 16:29:17] generateOTP.INFO: test [] []
[2020-12-02 16:29:18] generateOTP.INFO: test [] []
[2020-12-02 16:29:24] generateOTP.INFO: test [] []
[2020-12-02 16:30:10] generateOTP.INFO: test [] []
[2020-12-02 16:31:14] generateOTP.INFO: test [] []
[2020-12-02 16:31:15] generateOTP.INFO: test [] []
[2020-12-02 16:31:22] generateOTP.INFO: test [] []
[2020-12-02 16:31:59] generateOTP.INFO: test [] []
[2020-12-02 16:34:02] generateOTP.INFO: {"salutation":"1","firstname":"test","lastname":"BANKING","dob":"19-12-1988","mob_no":"7010444138","panCard":"XXXXXX456A","email":"jack@gmail.com","ref1":"1","ref2":"1","comAdd":"Om hrad ntalatiof, holOmshre, talathioficeeachol, OmshreeSada9talathi","city":"MUMBAI","state":"MAHARASHTRA","pin_code":"622103","ISNRI":"N","update_emp_id":"623796","edit":"0","policy_no":"454,455","subtype_text":"1","sum_insure":"2500000","anuual_income":"400000","occupation":"14","familyConstruct":"2A+2K","family_members_id":"0","family_gender":"Male","first_name":"test","last_name":"BANKING","family_date_birth":"19-12-1988","age":"31","age_type":" years","tenure":"1 Year","family_id":"","s_date":"","marriage_date":"","premium":"34000","policyNo":"454,455","familyDataType":"undefined","empId":"623796","product":"RMxC5efb5c5a320e7","declare":"[]","gender":"Male","gci_options":"Yes"} [] []
[2020-12-02 16:34:06] generateOTP.INFO: test [] []
[2020-12-02 16:34:23] generateOTP.INFO: {"salutation":"1","firstname":"test","lastname":"BANKING","dob":"19-12-1988","mob_no":"7010444138","panCard":"XXXXXX456A","email":"jack@gmail.com","ref1":"1","ref2":"1","comAdd":"Om hrad ntalatiof, holOmshre, talathioficeeachol, OmshreeSada9talathi","city":"MUMBAI","state":"MAHARASHTRA","pin_code":"622103","ISNRI":"N","update_emp_id":"623796","edit":"0","policy_no":"454,455","subtype_text":"1","sum_insure":"2500000","anuual_income":"400000","occupation":"14","familyConstruct":"2A+2K","family_members_id":"1","family_gender":"Female","first_name":"dasjkda","last_name":"snajs","family_date_birth":"11-12-1990","age":"29","age_type":" years","tenure":"1 Year","family_id":"","s_date":"","marriage_date":"","premium":"34000","policyNo":"454,455","familyDataType":"undefined","empId":"623796","product":"RMxC5efb5c5a320e7","declare":"[]","gender":"Male","gci_options":"Yes"} [] []
[2020-12-02 16:34:25] generateOTP.INFO: test [] []
[2020-12-02 16:35:04] generateOTP.INFO: test [] []
[2020-12-02 16:35:18] generateOTP.INFO: test [] []
[2020-12-02 16:35:22] generateOTP.INFO: {"salutation":"1","firstname":"test","lastname":"BANKING","dob":"19-12-1988","mob_no":"7010444138","panCard":"XXXXXX456A","email":"jack@gmail.com","ref1":"1","ref2":"1","comAdd":"Om hrad ntalatiof, holOmshre, talathioficeeachol, OmshreeSada9talathi","city":"MUMBAI","state":"MAHARASHTRA","pin_code":"622103","ISNRI":"N","update_emp_id":"623796","edit":"0","policy_no":"454,455","subtype_text":"1","sum_insure":"2500000","anuual_income":"400000","occupation":"14","familyConstruct":"2A+2K","family_members_id":"2","family_gender":"Male","first_name":"sdnajsa","last_name":"jsasja","family_date_birth":"07-12-2018","age":"1","age_type":" years","tenure":"1 Year","family_id":"","s_date":"","marriage_date":"","premium":"34000","policyNo":"454,455","familyDataType":"undefined","empId":"623796","product":"RMxC5efb5c5a320e7","declare":"[]","gender":"Male","gci_options":"Yes"} [] []
[2020-12-02 16:35:53] generateOTP.INFO: test [] []
[2020-12-02 16:36:11] generateOTP.INFO: test [] []
[2020-12-02 16:36:38] generateOTP.INFO: {"salutation":"1","firstname":"test","lastname":"BANKING","dob":"19-12-1988","mob_no":"7010444138","panCard":"XXXXXX456A","email":"jack@gmail.com","ref1":"1","ref2":"1","comAdd":"Om hrad ntalatiof, holOmshre, talathioficeeachol, OmshreeSada9talathi","city":"MUMBAI","state":"MAHARASHTRA","pin_code":"622103","ISNRI":"N","update_emp_id":"623796","edit":"0","policy_no":"454,455","subtype_text":"1","sum_insure":"2500000","anuual_income":"400000","occupation":"14","familyConstruct":"2A+2K","family_members_id":"3","family_gender":"Female","first_name":"djsjds","last_name":"sjasja","family_date_birth":"12-12-2019","age":"355","age_type":"days","tenure":"1 Year","family_id":"","s_date":"","marriage_date":"","premium":"34000","policyNo":"454,455","familyDataType":"undefined","empId":"623796","product":"RMxC5efb5c5a320e7","declare":"[]","gender":"Male","gci_options":"Yes"} [] []
[2020-12-02 16:36:50] generateOTP.INFO: test [] []
[2020-12-02 16:36:51] generateOTP.INFO: test [] []
[2020-12-02 16:36:59] generateOTP.INFO: test [] []
[2020-12-02 16:37:00] generateOTP.INFO: test [] []
[2020-12-02 16:37:07] generateOTP.INFO: test [] []
[2020-12-02 16:39:14] generateOTP.INFO: test [] []
[2020-12-02 16:41:44] generateOTP.INFO: test [] []
[2020-12-02 16:46:04] generateOTP.INFO: test [] []
[2020-12-02 16:46:17] generateOTP.INFO: test [] []
[2020-12-02 16:46:19] generateOTP.INFO: test [] []
[2020-12-02 16:46:39] generateOTP.INFO: test [] []
[2020-12-02 16:47:06] generateOTP.INFO: test [] []
[2020-12-02 16:47:26] generateOTP.INFO: test [] []
[2020-12-02 16:49:51] documentsSave.INFO: {"ops_type":"[\"0\",\"Y\"]","ids":"415,416,417"} [] []
[2020-12-02 16:49:51] documentsSaveFiles.INFO: [{"name":"Full Forms.jpeg","type":"image\/jpeg","tmp_name":"\/tmp\/phpdo7YY0","error":0,"size":128214},{"name":"Full Forms.jpeg","type":"image\/jpeg","tmp_name":"\/tmp\/phpxE8zfX","error":0,"size":128214}] [] []
[2020-12-02 16:49:59] generateOTP.INFO: test [] []
[2020-12-02 16:51:51] generateOTP.INFO: test [] []
[2020-12-02 16:52:32] generateOTP.INFO: test [] []
[2020-12-02 16:53:11] generateOTP.INFO: test [] []
[2020-12-02 16:54:05] generateOTP.INFO: test [] []
[2020-12-02 16:56:14] generateOTP.INFO: test [] []
[2020-12-02 16:58:27] generateOTP.INFO: test [] []
[2020-12-02 16:58:28] generateOTP.INFO: test [] []
[2020-12-02 16:58:49] generateOTP.INFO: test [] []
[2020-12-02 16:58:55] generateOTP.INFO: test [] []
[2020-12-02 16:59:05] generateOTP.INFO: test [] []
[2020-12-02 17:12:25] generateOTP.INFO: test [] []
[2020-12-02 17:12:34] generateOTP.INFO: test [] []
[2020-12-02 17:13:32] generateOTP.INFO: test [] []
[2020-12-02 17:20:39] generateOTP.INFO: test [] []
[2020-12-02 17:22:17] generateOTP.INFO: test [] []
[2020-12-02 17:22:18] generateOTP.INFO: test [] []
[2020-12-02 17:22:20] generateOTP.INFO: test [] []
[2020-12-02 17:22:27] generateOTP.INFO: test [] []
[2020-12-02 17:23:00] generateOTP.INFO: test [] []
[2020-12-02 17:24:03] generateOTP.INFO: test [] []
[2020-12-02 17:24:51] generateOTP.INFO: test [] []
[2020-12-02 17:25:50] generateOTP.INFO: test [] []
[2020-12-02 17:25:56] generateOTP.INFO: test [] []
[2020-12-02 17:26:39] generateOTP.INFO: test [] []
[2020-12-02 17:28:06] generateOTP.INFO: test [] []
[2020-12-02 17:29:01] generateOTP.INFO: test [] []
[2020-12-02 17:29:10] generateOTP.INFO: test [] []
[2020-12-02 17:29:10] generateOTP.INFO: test [] []
[2020-12-02 17:29:11] generateOTP.INFO: test [] []
[2020-12-02 17:29:21] generateOTP.INFO: test [] []
[2020-12-02 17:29:26] generateOTP.INFO: test [] []
[2020-12-02 17:29:37] generateOTP.INFO: test [] []
[2020-12-02 17:29:55] generateOTP.INFO: test [] []
[2020-12-02 17:30:19] generateOTP.INFO: test [] []
[2020-12-02 17:30:37] generateOTP.INFO: test [] []
[2020-12-02 17:31:17] generateOTP.INFO: test [] []
[2020-12-02 17:32:22] generateOTP.INFO: test [] []
[2020-12-02 17:32:48] generateOTP.INFO: test [] []
[2020-12-02 17:32:50] generateOTP.INFO: test [] []
[2020-12-02 17:34:47] generateOTP.INFO: test [] []
[2020-12-02 17:34:59] generateOTP.INFO: test [] []
[2020-12-02 17:35:13] generateOTP.INFO: test [] []
[2020-12-02 17:35:15] generateOTP.INFO: test [] []
[2020-12-02 17:35:16] generateOTP.INFO: test [] []
[2020-12-02 17:35:20] generateOTP.INFO: test [] []
[2020-12-02 17:35:21] generateOTP.INFO: test [] []
[2020-12-02 17:35:27] generateOTP.INFO: test [] []
[2020-12-02 17:35:32] generateOTP.INFO: test [] []
[2020-12-02 17:36:06] generateOTP.INFO: test [] []
[2020-12-02 17:36:12] generateOTP.INFO: test [] []
[2020-12-02 17:36:32] generateOTP.INFO: test [] []
[2020-12-02 17:40:22] generateOTP.INFO: test [] []
[2020-12-02 17:40:23] generateOTP.INFO: test [] []
[2020-12-02 17:40:29] generateOTP.INFO: test [] []
[2020-12-02 17:40:45] generateOTP.INFO: test [] []
[2020-12-02 17:41:52] generateOTP.INFO: test [] []
[2020-12-02 17:42:28] generateOTP.INFO: test [] []
[2020-12-02 17:43:43] generateOTP.INFO: test [] []
[2020-12-02 17:45:57] generateOTP.INFO: test [] []
[2020-12-02 17:46:36] generateOTP.INFO: test [] []
[2020-12-02 17:47:03] generateOTP.INFO: test [] []
[2020-12-02 17:47:08] generateOTP.INFO: test [] []
[2020-12-02 17:48:09] generateOTP.INFO: test [] []
[2020-12-02 17:48:58] generateOTP.INFO: test [] []
[2020-12-02 17:54:25] generateOTP.INFO: test [] []
[2020-12-02 17:57:52] generateOTP.INFO: test [] []
[2020-12-02 17:58:03] generateOTP.INFO: test [] []
[2020-12-02 17:58:21] generateOTP.INFO: test [] []
[2020-12-02 18:00:13] generateOTP.INFO: test [] []
[2020-12-02 18:05:15] generateOTP.INFO: test [] []
[2020-12-02 18:05:16] generateOTP.INFO: test [] []
[2020-12-02 18:05:20] generateOTP.INFO: test [] []
[2020-12-02 18:05:20] generateOTP.INFO: test [] []
[2020-12-02 18:05:23] generateOTP.INFO: test [] []
[2020-12-02 18:05:23] generateOTP.INFO: test [] []
[2020-12-02 18:05:25] generateOTP.INFO: test [] []
[2020-12-02 18:05:30] generateOTP.INFO: test [] []
[2020-12-02 18:05:43] generateOTP.INFO: test [] []
[2020-12-02 18:05:44] generateOTP.INFO: test [] []
[2020-12-02 18:05:46] generateOTP.INFO: test [] []
[2020-12-02 18:09:30] generateOTP.INFO: test [] []
[2020-12-02 18:09:51] generateOTP.INFO: test [] []
[2020-12-02 18:09:56] generateOTP.INFO: {"salutation":"1","firstname":"test","lastname":"BANKING","dob":"19-12-1988","mob_no":"7010444138","panCard":"XXXXXX456A","email":"jack@gmail.com","ref1":"1","ref2":"1","comAdd":"Om hrad ntalatiof, holOmshre, talathioficeeachol, OmshreeSada9talathi","city":"MUMBAI","state":"MAHARASHTRA","pin_code":"622103","ISNRI":"N","update_emp_id":"623809","edit":"0","policy_no":"454,455","subtype_text":"1","sum_insure":"500000","anuual_income":"","occupation":"1","familyConstruct":"1A","family_members_id":"0","family_gender":"Male","first_name":"test","last_name":"BANKING","family_date_birth":"19-12-1988","age":"31","age_type":" years","tenure":"1 Year","family_id":"","s_date":"","marriage_date":"","premium":"8000","policyNo":"454,455","familyDataType":"undefined","empId":"623809","product":"RMxC5efb5c5a320e7","declare":"[]","gender":"Male","gci_options":"Yes"} [] []
[2020-12-02 18:10:49] documentsSave.INFO: {"ops_type":"[\"0\",\"Y\"]","ids":"424,425,426"} [] []
[2020-12-02 18:10:49] documentsSaveFiles.INFO: [{"name":"download.png","type":"image\/png","tmp_name":"\/tmp\/phpdlc5Cc","error":0,"size":57862},{"name":"download.png","type":"image\/png","tmp_name":"\/tmp\/phpeT27Pj","error":0,"size":57862}] [] []
[2020-12-02 18:11:03] generateOTP.INFO: test [] []
[2020-12-02 18:11:36] generateOTP.INFO: test [] []
[2020-12-02 18:11:38] generateOTP.INFO: test [] []
[2020-12-02 18:11:47] generateOTP.INFO: test [] []
[2020-12-02 18:11:57] generateOTP.INFO: test [] []
[2020-12-02 18:12:09] generateOTP.INFO: test [] []
[2020-12-02 18:12:51] generateOTP.INFO: test [] []
[2020-12-02 18:13:22] generateOTP.INFO: test [] []
[2020-12-02 18:13:53] generateOTP.INFO: test [] []
[2020-12-02 18:14:12] generateOTP.INFO: test [] []
[2020-12-02 18:14:12] generateOTP.INFO: test [] []
[2020-12-02 18:14:25] generateOTP.INFO: test [] []
[2020-12-02 18:17:58] generateOTP.INFO: test [] []
[2020-12-02 18:25:25] generateOTP.INFO: test [] []
[2020-12-02 18:28:14] generateOTP.INFO: test [] []
[2020-12-02 18:29:17] generateOTP.INFO: test [] []
[2020-12-02 18:50:46] generateOTP.INFO: test [] []
[2020-12-02 18:54:01] generateOTP.INFO: test [] []
[2020-12-02 18:54:02] generateOTP.INFO: test [] []
[2020-12-02 18:54:14] generateOTP.INFO: test [] []
[2020-12-02 18:54:36] generateOTP.INFO: test [] []
[2020-12-02 19:03:36] generateOTP.INFO: test [] []
[2020-12-02 19:05:00] generateOTP.INFO: test [] []
[2020-12-02 19:23:07] generateOTP.INFO: test [] []
[2020-12-02 19:23:07] generateOTP.INFO: test [] []
[2020-12-02 19:23:08] generateOTP.INFO: test [] []
[2020-12-02 19:23:24] generateOTP.INFO: test [] []
[2020-12-02 19:23:55] generateOTP.INFO: test [] []
[2020-12-02 19:25:37] generateOTP.INFO: test [] []
[2020-12-02 19:30:34] generateOTP.INFO: test [] []
[2020-12-02 19:37:05] generateOTP.INFO: test [] []
[2020-12-02 19:39:06] generateOTP.INFO: test [] []
[2020-12-02 19:42:06] generateOTP.INFO: test [] []
[2020-12-02 19:44:15] generateOTP.INFO: test [] []
[2020-12-02 20:26:51] generateOTP.INFO: test [] []
[2020-12-02 20:26:52] generateOTP.INFO: test [] []
[2020-12-02 20:26:55] generateOTP.INFO: test [] []
[2020-12-02 20:26:55] generateOTP.INFO: test [] []
[2020-12-02 20:27:04] generateOTP.INFO: test [] []
[2020-12-02 20:27:25] generateOTP.INFO: test [] []
[2020-12-02 20:46:45] generateOTP.INFO: test [] []
[2020-12-02 20:46:46] generateOTP.INFO: test [] []
[2020-12-02 20:47:00] generateOTP.INFO: test [] []
[2020-12-02 20:47:09] generateOTP.INFO: test [] []
[2020-12-02 20:47:43] generateOTP.INFO: test [] []
[2020-12-02 20:59:04] generateOTP.INFO: test [] []
[2020-12-02 20:59:19] generateOTP.INFO: {"salutation":"1","firstname":"ankita","lastname":"testing","dob":"19-12-1988","mob_no":"7010444138","panCard":"XXXXXX456A","email":"jack@gmail.com","ref1":"1","ref2":"1","comAdd":"Om hrad ntalatiof, holOmshre, talathioficeeachol, OmshreeSada9talathi","city":"MUMBAI","state":"MAHARASHTRA","pin_code":"622103","ISNRI":"N","update_emp_id":"623813","edit":"0","policy_no":"454,455","subtype_text":"1","sum_insure":"500000","anuual_income":"","occupation":"6","familyConstruct":"1A","family_members_id":"0","family_gender":"Male","first_name":"ankita","last_name":"testing","family_date_birth":"19-12-1988","age":"31","age_type":" years","tenure":"1 Year","family_id":"","s_date":"","marriage_date":"","premium":"8000","policyNo":"454,455","familyDataType":"undefined","empId":"623813","product":"RMxC5efb5c5a320e7","declare":"[]","gender":"Male","gci_options":"Yes"} [] []
[2020-12-02 21:00:04] documentsSave.INFO: {"ops_type":"[\"0\",\"Y\"]","ids":"427,428,429"} [] []
[2020-12-02 21:00:04] documentsSaveFiles.INFO: [{"name":"download.png","type":"image\/png","tmp_name":"\/tmp\/phpvjNCNj","error":0,"size":57862},{"name":"download.png","type":"image\/png","tmp_name":"\/tmp\/phpXHFQvz","error":0,"size":57862}] [] []
[2020-12-02 21:00:19] generateOTP.INFO: test [] []
[2020-12-02 21:00:28] generateOTP.INFO: test [] []
[2020-12-02 21:01:10] generateOTP.INFO: test [] []
[2020-12-02 21:03:45] generateOTP.INFO: test [] []
[2020-12-02 21:04:19] generateOTP.INFO: test [] []
[2020-12-02 21:07:22] generateOTP.INFO: test [] []
[2020-12-02 21:08:00] generateOTP.INFO: test [] []
[2020-12-02 21:08:49] generateOTP.INFO: test [] []
