[2020-11-02 10:25:41] generateOTP.INFO: test [] []
[2020-11-02 10:45:14] generateOTP.INFO: test [] []
[2020-11-02 10:45:28] generateOTP.INFO: test [] []
[2020-11-02 10:50:31] generateOTP.INFO: test [] []
[2020-11-02 10:56:24] generateOTP.INFO: test [] []
[2020-11-02 10:57:01] generateOTP.INFO: test [] []
[2020-11-02 11:14:35] generateOTP.INFO: test [] []
[2020-11-02 11:14:37] generateOTP.INFO: test [] []
[2020-11-02 11:17:13] generateOTP.INFO: test [] []
[2020-11-02 11:17:23] generateOTP.INFO: test [] []
[2020-11-02 11:35:29] generateOTP.INFO: test [] []
[2020-11-02 11:49:29] generateOTP.INFO: test [] []
[2020-11-02 11:49:32] generateOTP.INFO: test [] []
[2020-11-02 11:49:59] generateOTP.INFO: test [] []
[2020-11-02 11:49:59] generateOTP.INFO: test [] []
[2020-11-02 11:50:01] generateOTP.INFO: test [] []
[2020-11-02 11:50:09] generateOTP.INFO: test [] []
[2020-11-02 11:50:12] generateOTP.INFO: test [] []
[2020-11-02 11:50:12] generateOTP.INFO: test [] []
[2020-11-02 11:50:13] generateOTP.INFO: test [] []
[2020-11-02 11:50:13] generateOTP.INFO: test [] []
[2020-11-02 11:50:16] generateOTP.INFO: test [] []
[2020-11-02 11:50:17] generateOTP.INFO: test [] []
[2020-11-02 11:50:26] generateOTP.INFO: test [] []
[2020-11-02 11:50:27] generateOTP.INFO: test [] []
[2020-11-02 11:50:49] generateOTP.INFO: test [] []
[2020-11-02 11:56:04] generateOTP.INFO: test [] []
[2020-11-02 11:56:06] generateOTP.INFO: test [] []
[2020-11-02 11:56:57] generateOTP.INFO: test [] []
[2020-11-02 12:05:29] generateOTP.INFO: test [] []
[2020-11-02 12:05:32] generateOTP.INFO: test [] []
[2020-11-02 12:07:12] full_quote_request2.INFO: {"ClientCreation":{"Member_Customer_ID":"160429416211113GHI","salutation":"Mr","firstName":"Tete","middleName":"","lastName":"Tete","dateofBirth":"11\/06\/1985","gender":"M","educationalQualification":null,"pinCode":"410218","uidNo":"","maritalStatus":null,"nationality":"Indian","occupation":"O553","primaryEmailID":"admin@ex.inn","contactMobileNo":"8781234555","stdLandlineNo":null,"panNo":null,"passportNumber":null,"contactPerson":null,"annualIncome":null,"remarks":null,"startDate":"2020-11-02","endDate":null,"IdProof":"Adhaar Card","residenceProof":null,"ageProof":null,"others":null,"homeAddressLine1":"test address","homeAddressLine2":null,"homeAddressLine3":null,"homePinCode":"410218","homeArea":null,"homeContactMobileNo":null,"homeContactMobileNo2":null,"homeSTDLandlineNo":null,"homeFaxNo":null,"sameAsHomeAddress":"1","mailingAddressLine1":null,"mailingAddressLine2":null,"mailingAddressLine3":null,"mailingPinCode":null,"mailingArea":null,"mailingContactMobileNo":null,"mailingContactMobileNo2":null,"mailingSTDLandlineNo":null,"mailingSTDLandlineNo2":null,"mailingFaxNo":null,"bankAccountType":null,"bankAccountNo":null,"ifscCode":null,"GSTIN":null,"GSTRegistrationStatus":"Consumers","IsEIAavailable":"0","ApplyEIA":"0","EIAAccountNo":null,"EIAWith":"0","AccountType":null,"AddressProof":null,"DOBProof":null,"IdentityProof":null},"PolicyCreationRequest":{"Quotation_Number":"IPB100134725","MasterPolicyNumber":"61-20-00040-00-00","GroupID":"GRP001","Product_Code":"4211","SumInsured_Type":null,"Policy_Tanure":"1","Member_Type_Code":"M209","intermediaryCode":"2108233","AutoRenewal":"Y","intermediaryBranchCode":"10MHMUM01","agentSignatureDate":null,"Customer_Signature_Date":null,"businessSourceChannel":null,"AssignPolicy":"0","AssigneeName":null,"leadID":"1604297994","Source_Name":"ABC_GHI","SPID":"0","TCN":null,"CRTNO":null,"RefCode1":"0","RefCode2":null,"Employee_Number":"3453","enumIsEmployeeDiscount":null,"QuoteDate":null,"IsPayment":"1","PaymentMode":null,"PolicyproductComponents":[{"PlanCode":"4211","SumInsured":"500000","SchemeCode":"4112000003"}]},"MemObj":{"Member":[{"MemberNo":1,"Salutation":"Mr","First_Name":"Tete Tete","Middle_Name":null,"Last_Name":".","Gender":"M","DateOfBirth":"11\/06\/1985","Relation_Code":"R001","Marital_Status":null,"height":"0.00","weight":"0","occupation":"O553","PrimaryMember":"Y","MemberproductComponents":[{"PlanCode":"4211","MemberQuestionDetails":[{"QuestionCode":null,"Answer":null,"Remarks":null}]}],"MemberPED":[{"PEDCode":null,"Remarks":null}],"exactDiagnosis":null,"dateOfDiagnosis":null,"lastDateConsultation":null,"detailsOfTreatmentGiven":null,"doctorName":null,"hospitalName":null,"phoneNumberHosital":null,"Nominee_First_Name":"Tete","Nominee_Last_Name":"Tete","Nominee_Contact_Number":null,"Nominee_Home_Address":null,"Nominee_Relationship_Code":"R002"}]},"ReceiptCreation":{"officeLocation":"Mumbai","modeOfEntry":"Direct","cdAcNo":null,"expiryDate":null,"payerType":"Customer","payerCode":null,"paymentBy":"Customer","paymentByName":null,"paymentByRelationship":null,"collectionAmount":6489,"collectionRcvdDate":"2020-11-02","collectionMode":"online","remarks":null,"instrumentNumber":"pay_FwCfGdZecv7fa3","instrumentDate":"2020-11-02","bankName":"0","branchName":null,"bankLocation":null,"micrNo":null,"chequeType":null,"ifscCode":null,"PaymentGatewayName":"ABC_GHI","TerminalID":"EuxJCz8cZV9V63","CardNo":null}} [] []
[2020-11-02 12:07:16] full_quote_reponse2.INFO: "<ns0:GHI_Res xmlns:ns0=\"http:\/\/ABHICL_NBP_QuickQuote_Schemas.GHI_Response\"><errorObj><ErrorNumber>00<\/ErrorNumber><ErrorMessage>Success<\/ErrorMessage><\/errorObj><policyDtls><TransactionReferenceNumber><\/TransactionReferenceNumber><QuotationNumber>IPB100134725<\/QuotationNumber><CertificateNumber>GHI-20-2000015<\/CertificateNumber><LetterURL>https:\/\/abpb.adityabirlahealth.com\/hbletter\/viewletter.aspx?ABH=150011&amp;TRM=GHI-20-2000015<\/LetterURL><ClientID>1303244<\/ClientID><ProductName>Group Activ Health<\/ProductName><ProductCode>4211<\/ProductCode><LineOfBusiness>42<\/LineOfBusiness><startDate>11\/2\/2020 12:00:00 AM<\/startDate><EndDate>11\/1\/2021 12:00:00 AM<\/EndDate><PolicyNumber>61-20-00040-00-00<\/PolicyNumber><ProposalNumber>IPB100134725<\/ProposalNumber><PolicyStatus>IF<\/PolicyStatus><Tenure>1<\/Tenure><stpFlag>0<\/stpFlag><MemberCustomerID>160429416211113GHI<\/MemberCustomerID><\/policyDtls><premium><BasePremium>5499.00<\/BasePremium><NetPremium>5499.00<\/NetPremium><GST>989.82<\/GST><GrossPremium>6489.00<\/GrossPremium><\/premium><receiptObj><ReceiptNumber>R100203169<\/ReceiptNumber><ReceiptAmount>6489.00<\/ReceiptAmount><ExcessAmount>0.00<\/ExcessAmount><\/receiptObj><\/ns0:GHI_Res>" [] []
[2020-11-02 12:07:16] api_insert.INFO: {"emp_id":"3453","client_id":"1303244","certificate_number":"GHI-20-2000015","quotation_no":"IPB100134725","proposal_no":"IPB100134725","policy_no":"61-20-00040-00-00","gross_premium":"6489.00","status":"Success","start_date":"11\/2\/2020 12:00:00 AM","end_date":"11\/1\/2021 12:00:00 AM","created_date":"2020-11-02 12:07:16","proposal_no_lead":"P-202011020001","PolicyStatus":"IF","letter_url":"https:\/\/abpb.adityabirlahealth.com\/hbletter\/viewletter.aspx?ABH=150011&TRM=GHI-20-2000015","CustomerID":"160429416211113GHI","MemberCustomerID":"160429416211113GHI","relationship_code":"R001"} [] []
[2020-11-02 12:08:00] generateOTP.INFO: test [] []
[2020-11-02 12:08:00] generateOTP.INFO: test [] []
[2020-11-02 12:08:00] generateOTP.INFO: test [] []
[2020-11-02 12:08:00] generateOTP.INFO: test [] []
[2020-11-02 12:08:01] generateOTP.INFO: test [] []
[2020-11-02 12:14:41] generateOTP.INFO: test [] []
[2020-11-02 12:14:41] generateOTP.INFO: test [] []
[2020-11-02 12:15:45] generateOTP.INFO: test [] []
[2020-11-02 12:15:46] generateOTP.INFO: test [] []
[2020-11-02 12:15:47] generateOTP.INFO: test [] []
[2020-11-02 12:15:48] generateOTP.INFO: test [] []
[2020-11-02 12:15:56] generateOTP.INFO: test [] []
[2020-11-02 12:15:56] generateOTP.INFO: test [] []
[2020-11-02 12:15:56] generateOTP.INFO: test [] []
[2020-11-02 12:15:57] generateOTP.INFO: test [] []
[2020-11-02 12:16:03] generateOTP.INFO: test [] []
[2020-11-02 12:16:04] generateOTP.INFO: test [] []
[2020-11-02 12:16:19] generateOTP.INFO: test [] []
[2020-11-02 12:16:19] generateOTP.INFO: test [] []
[2020-11-02 12:17:55] full_quote_request2.INFO: {"ClientCreation":{"Member_Customer_ID":"160429416211115GHI","salutation":"Mr","firstName":"Tete","middleName":"","lastName":"Tete","dateofBirth":"11\/05\/1985","gender":"M","educationalQualification":null,"pinCode":"410218","uidNo":"","maritalStatus":null,"nationality":"Indian","occupation":"O553","primaryEmailID":"admin@ex.inn","contactMobileNo":"7667777777","stdLandlineNo":null,"panNo":null,"passportNumber":null,"contactPerson":null,"annualIncome":null,"remarks":null,"startDate":"2020-11-02","endDate":null,"IdProof":"Adhaar Card","residenceProof":null,"ageProof":null,"others":null,"homeAddressLine1":"test address","homeAddressLine2":null,"homeAddressLine3":null,"homePinCode":"410218","homeArea":null,"homeContactMobileNo":null,"homeContactMobileNo2":null,"homeSTDLandlineNo":null,"homeFaxNo":null,"sameAsHomeAddress":"1","mailingAddressLine1":null,"mailingAddressLine2":null,"mailingAddressLine3":null,"mailingPinCode":null,"mailingArea":null,"mailingContactMobileNo":null,"mailingContactMobileNo2":null,"mailingSTDLandlineNo":null,"mailingSTDLandlineNo2":null,"mailingFaxNo":null,"bankAccountType":null,"bankAccountNo":null,"ifscCode":null,"GSTIN":null,"GSTRegistrationStatus":"Consumers","IsEIAavailable":"0","ApplyEIA":"0","EIAAccountNo":null,"EIAWith":"0","AccountType":null,"AddressProof":null,"DOBProof":null,"IdentityProof":null},"PolicyCreationRequest":{"Quotation_Number":"IPB100134742","MasterPolicyNumber":"61-20-00040-00-00","GroupID":"GRP001","Product_Code":"4211","SumInsured_Type":null,"Policy_Tanure":"1","Member_Type_Code":"M209","intermediaryCode":"2108233","AutoRenewal":"Y","intermediaryBranchCode":"10MHMUM01","agentSignatureDate":null,"Customer_Signature_Date":null,"businessSourceChannel":null,"AssignPolicy":"0","AssigneeName":null,"leadID":"1604299538","Source_Name":"ABC_GHI","SPID":"0","TCN":null,"CRTNO":null,"RefCode1":"0","RefCode2":null,"Employee_Number":"3454","enumIsEmployeeDiscount":null,"QuoteDate":null,"IsPayment":"1","PaymentMode":null,"PolicyproductComponents":[{"PlanCode":"4211","SumInsured":"500000","SchemeCode":"4112000003"}]},"MemObj":{"Member":[{"MemberNo":1,"Salutation":"Mr","First_Name":"Tete Tete","Middle_Name":null,"Last_Name":".","Gender":"M","DateOfBirth":"11\/05\/1985","Relation_Code":"R001","Marital_Status":null,"height":"0.00","weight":"0","occupation":"O553","PrimaryMember":"Y","MemberproductComponents":[{"PlanCode":"4211","MemberQuestionDetails":[{"QuestionCode":null,"Answer":null,"Remarks":null}]}],"MemberPED":[{"PEDCode":null,"Remarks":null}],"exactDiagnosis":null,"dateOfDiagnosis":null,"lastDateConsultation":null,"detailsOfTreatmentGiven":null,"doctorName":null,"hospitalName":null,"phoneNumberHosital":null,"Nominee_First_Name":"Tete","Nominee_Last_Name":"Tete","Nominee_Contact_Number":null,"Nominee_Home_Address":null,"Nominee_Relationship_Code":"R002"}]},"ReceiptCreation":{"officeLocation":"Mumbai","modeOfEntry":"Direct","cdAcNo":null,"expiryDate":null,"payerType":"Customer","payerCode":null,"paymentBy":"Customer","paymentByName":null,"paymentByRelationship":null,"collectionAmount":6489,"collectionRcvdDate":"2020-11-02","collectionMode":"online","remarks":null,"instrumentNumber":"pay_FwCqYyVEYhPvTK","instrumentDate":"2020-11-02","bankName":"0","branchName":null,"bankLocation":null,"micrNo":null,"chequeType":null,"ifscCode":null,"PaymentGatewayName":"ABC_GHI","TerminalID":"EuxJCz8cZV9V63","CardNo":null}} [] []
[2020-11-02 12:17:58] full_quote_reponse2.INFO: "<ns0:GHI_Res xmlns:ns0=\"http:\/\/ABHICL_NBP_QuickQuote_Schemas.GHI_Response\"><errorObj><ErrorNumber>00<\/ErrorNumber><ErrorMessage>Success<\/ErrorMessage><\/errorObj><policyDtls><TransactionReferenceNumber><\/TransactionReferenceNumber><QuotationNumber>IPB100134742<\/QuotationNumber><CertificateNumber>GHI-20-2000016<\/CertificateNumber><LetterURL>https:\/\/abpb.adityabirlahealth.com\/hbletter\/viewletter.aspx?ABH=150030&amp;TRM=GHI-20-2000016<\/LetterURL><ClientID>1303248<\/ClientID><ProductName>Group Activ Health<\/ProductName><ProductCode>4211<\/ProductCode><LineOfBusiness>42<\/LineOfBusiness><startDate>11\/2\/2020 12:00:00 AM<\/startDate><EndDate>11\/1\/2021 12:00:00 AM<\/EndDate><PolicyNumber>61-20-00040-00-00<\/PolicyNumber><ProposalNumber>IPB100134742<\/ProposalNumber><PolicyStatus>IF<\/PolicyStatus><Tenure>1<\/Tenure><stpFlag>0<\/stpFlag><MemberCustomerID>160429416211115GHI<\/MemberCustomerID><\/policyDtls><premium><BasePremium>5499.00<\/BasePremium><NetPremium>5499.00<\/NetPremium><GST>989.82<\/GST><GrossPremium>6489.00<\/GrossPremium><\/premium><receiptObj><ReceiptNumber>R100203173<\/ReceiptNumber><ReceiptAmount>6489.00<\/ReceiptAmount><ExcessAmount>0.00<\/ExcessAmount><\/receiptObj><\/ns0:GHI_Res>" [] []
[2020-11-02 12:17:58] api_insert.INFO: {"emp_id":"3454","client_id":"1303248","certificate_number":"GHI-20-2000016","quotation_no":"IPB100134742","proposal_no":"IPB100134742","policy_no":"61-20-00040-00-00","gross_premium":"6489.00","status":"Success","start_date":"11\/2\/2020 12:00:00 AM","end_date":"11\/1\/2021 12:00:00 AM","created_date":"2020-11-02 12:17:58","proposal_no_lead":"P-202011020002","PolicyStatus":"IF","letter_url":"https:\/\/abpb.adityabirlahealth.com\/hbletter\/viewletter.aspx?ABH=150030&TRM=GHI-20-2000016","CustomerID":"160429416211115GHI","MemberCustomerID":"160429416211115GHI","relationship_code":"R001"} [] []
[2020-11-02 12:18:36] generateOTP.INFO: test [] []
[2020-11-02 12:18:36] generateOTP.INFO: test [] []
[2020-11-02 12:18:36] generateOTP.INFO: test [] []
[2020-11-02 12:18:36] generateOTP.INFO: test [] []
[2020-11-02 12:18:37] generateOTP.INFO: test [] []
[2020-11-02 12:26:06] generateOTP.INFO: test [] []
[2020-11-02 12:26:07] generateOTP.INFO: test [] []
[2020-11-02 12:26:17] generateOTP.INFO: test [] []
[2020-11-02 12:29:11] generateOTP.INFO: test [] []
[2020-11-02 12:29:11] generateOTP.INFO: test [] []
[2020-11-02 12:30:19] generateOTP.INFO: test [] []
[2020-11-02 12:30:19] generateOTP.INFO: test [] []
[2020-11-02 12:37:17] generateOTP.INFO: test [] []
[2020-11-02 12:37:17] generateOTP.INFO: test [] []
[2020-11-02 12:37:17] generateOTP.INFO: test [] []
[2020-11-02 12:37:17] generateOTP.INFO: test [] []
[2020-11-02 12:37:18] generateOTP.INFO: test [] []
[2020-11-02 12:38:16] generateOTP.INFO: test [] []
[2020-11-02 12:38:16] generateOTP.INFO: test [] []
[2020-11-02 12:40:40] generateOTP.INFO: test [] []
[2020-11-02 12:40:41] generateOTP.INFO: test [] []
[2020-11-02 12:42:51] generateOTP.INFO: test [] []
[2020-11-02 12:42:51] generateOTP.INFO: test [] []
[2020-11-02 12:42:58] generateOTP.INFO: test [] []
[2020-11-02 12:42:59] generateOTP.INFO: test [] []
[2020-11-02 12:44:11] generateOTP.INFO: test [] []
[2020-11-02 12:44:11] generateOTP.INFO: test [] []
[2020-11-02 12:44:11] generateOTP.INFO: test [] []
[2020-11-02 12:44:12] generateOTP.INFO: test [] []
[2020-11-02 12:44:22] generateOTP.INFO: test [] []
[2020-11-02 12:44:22] generateOTP.INFO: test [] []
[2020-11-02 12:44:27] generateOTP.INFO: test [] []
[2020-11-02 12:44:28] generateOTP.INFO: test [] []
[2020-11-02 12:47:19] full_quote_request2.INFO: {"ClientCreation":{"Member_Customer_ID":"160412273711151GPA1","salutation":"Mr","firstName":"firstnam","middleName":"","lastName":"lastname","dateofBirth":"11\/30\/1995","gender":"M","educationalQualification":null,"pinCode":"400709","uidNo":"","maritalStatus":null,"nationality":"Indian","occupation":"O553","primaryEmailID":"jitendra.gamit@fyntune.com","contactMobileNo":"9819943810","stdLandlineNo":null,"panNo":null,"passportNumber":null,"contactPerson":null,"annualIncome":null,"remarks":null,"startDate":"2020-11-02","endDate":null,"IdProof":"Adhaar Card","residenceProof":null,"ageProof":null,"others":null,"homeAddressLine1":"Anant niwas ,House :- 63, plot no B\/173,sector :-19 B,Hanuman mandir marg, kopar khairne,Navi Mumbai,pin:-400709","homeAddressLine2":null,"homeAddressLine3":null,"homePinCode":"400709","homeArea":null,"homeContactMobileNo":null,"homeContactMobileNo2":null,"homeSTDLandlineNo":null,"homeFaxNo":null,"sameAsHomeAddress":"1","mailingAddressLine1":null,"mailingAddressLine2":null,"mailingAddressLine3":null,"mailingPinCode":null,"mailingArea":null,"mailingContactMobileNo":null,"mailingContactMobileNo2":null,"mailingSTDLandlineNo":null,"mailingSTDLandlineNo2":null,"mailingFaxNo":null,"bankAccountType":null,"bankAccountNo":null,"ifscCode":null,"GSTIN":null,"GSTRegistrationStatus":"Consumers","IsEIAavailable":"0","ApplyEIA":"0","EIAAccountNo":null,"EIAWith":"0","AccountType":null,"AddressProof":null,"DOBProof":null,"IdentityProof":null},"PolicyCreationRequest":{"Quotation_Number":"IPB100134831","MasterPolicyNumber":"64-20-00004-00-00","GroupID":"GRP001","Product_Code":"4224","SumInsured_Type":null,"Policy_Tanure":"1","Member_Type_Code":"M209","intermediaryCode":"2108233","AutoRenewal":"Y","intermediaryBranchCode":"10MHMUM01","agentSignatureDate":null,"Customer_Signature_Date":null,"businessSourceChannel":null,"AssignPolicy":"0","AssigneeName":null,"leadID":"1604144766","Source_Name":"ABC_GFB","SPID":"0","TCN":null,"CRTNO":null,"RefCode1":"0","RefCode2":null,"Employee_Number":"3450","enumIsEmployeeDiscount":null,"QuoteDate":null,"IsPayment":"1","PaymentMode":null,"PolicyproductComponents":[{"PlanCode":"4224","SumInsured":"300000","SchemeCode":"4112000003"}]},"MemObj":{"Member":[{"MemberNo":1,"Salutation":"Mr","First_Name":"firstnam lastname","Middle_Name":null,"Last_Name":".","Gender":"M","DateOfBirth":"11\/30\/1995","Relation_Code":"R001","Marital_Status":null,"height":"0.00","weight":"0","occupation":"O553","PrimaryMember":"Y","MemberproductComponents":[{"PlanCode":"4224","MemberQuestionDetails":[{"QuestionCode":null,"Answer":null,"Remarks":null}]}],"MemberPED":[{"PEDCode":null,"Remarks":null}],"exactDiagnosis":null,"dateOfDiagnosis":null,"lastDateConsultation":null,"detailsOfTreatmentGiven":null,"doctorName":null,"hospitalName":null,"phoneNumberHosital":null,"Nominee_First_Name":"test","Nominee_Last_Name":".","Nominee_Contact_Number":null,"Nominee_Home_Address":null,"Nominee_Relationship_Code":"R003"}]},"ReceiptCreation":{"officeLocation":"Mumbai","modeOfEntry":"Direct","cdAcNo":null,"expiryDate":null,"payerType":"Customer","payerCode":null,"paymentBy":"Customer","paymentByName":null,"paymentByRelationship":null,"collectionAmount":173,"collectionRcvdDate":"2020-11-02","collectionMode":"online","remarks":null,"instrumentNumber":"pay_FwDLPv2FqV3FOL","instrumentDate":"2020-11-02","bankName":"0","branchName":null,"bankLocation":null,"micrNo":null,"chequeType":null,"ifscCode":null,"PaymentGatewayName":"ABC_GFB","TerminalID":"EuxJCz8cZV9V63","CardNo":null}} [] []
[2020-11-02 12:47:24] full_quote_reponse2.INFO: "<ns0:GroupProtectRes xmlns:ns0=\"http:\/\/ABHICL_NBP_QuickQuote_Schemas.GroupProtectResponse\"><errorObj><ErrorNumber>00<\/ErrorNumber><ErrorMessage>Success<\/ErrorMessage><\/errorObj><policyDtls><TransactionReferenceNumber><\/TransactionReferenceNumber><QuotationNumber>IPB100134831<\/QuotationNumber><CertificateNumber>GP-20-2000079<\/CertificateNumber><LetterURL>https:\/\/uat_abpb.adityabirlahealth.com\/hbletter\/viewletter.aspx?ABH=150126&amp;TRM=GP-20-2000079<\/LetterURL><ClientID>1303254<\/ClientID><ProductName>Group Protect<\/ProductName><ProductCode>4224<\/ProductCode><LineOfBusiness>42<\/LineOfBusiness><startDate>11\/2\/2020 12:00:00 AM<\/startDate><EndDate>11\/1\/2021 12:00:00 AM<\/EndDate><PolicyNumber>64-20-00004-00-00<\/PolicyNumber><ProposalNumber>IPB100134831<\/ProposalNumber><PolicyStatus>IF<\/PolicyStatus><Tenure>1<\/Tenure><stpFlag>0<\/stpFlag><MemberCustomerID>160412273711151GPA1<\/MemberCustomerID><\/policyDtls><premium><BasePremium>234.75<\/BasePremium><NetPremium>234.75<\/NetPremium><GST>42.26<\/GST><GrossPremium>277.00<\/GrossPremium><\/premium><receiptObj><ReceiptNumber>R100203182<\/ReceiptNumber><ReceiptAmount>173.00<\/ReceiptAmount><ExcessAmount>0.00<\/ExcessAmount><\/receiptObj><\/ns0:GroupProtectRes>" [] []
[2020-11-02 12:47:24] api_insert.INFO: {"emp_id":"3450","client_id":"1303254","certificate_number":"GP-20-2000079","quotation_no":"IPB100134831","proposal_no":"IPB100134831","policy_no":"64-20-00004-00-00","gross_premium":"277.00","status":"Success","start_date":"11\/2\/2020 12:00:00 AM","end_date":"11\/1\/2021 12:00:00 AM","created_date":"2020-11-02 12:47:24","proposal_no_lead":"P-202011020004","PolicyStatus":"IF","letter_url":"https:\/\/uat_abpb.adityabirlahealth.com\/hbletter\/viewletter.aspx?ABH=150126&TRM=GP-20-2000079","CustomerID":"160412273711151GPA1","MemberCustomerID":"160412273711151GPA1","relationship_code":"R001"} [] []
[2020-11-02 12:47:24] full_quote_request2.INFO: {"ClientCreation":{"Member_Customer_ID":"160412273711151GCI1","salutation":"Mr","firstName":"firstnam","middleName":"","lastName":"lastname","dateofBirth":"11\/30\/1995","gender":"M","educationalQualification":null,"pinCode":"400709","uidNo":"","maritalStatus":null,"nationality":"Indian","occupation":"O553","primaryEmailID":"jitendra.gamit@fyntune.com","contactMobileNo":"9819943810","stdLandlineNo":null,"panNo":null,"passportNumber":null,"contactPerson":null,"annualIncome":null,"remarks":null,"startDate":"2020-11-02","endDate":null,"IdProof":"Adhaar Card","residenceProof":null,"ageProof":null,"others":null,"homeAddressLine1":"Anant niwas ,House :- 63, plot no B\/173,sector :-19 B,Hanuman mandir marg, kopar khairne,Navi Mumbai,pin:-400709","homeAddressLine2":null,"homeAddressLine3":null,"homePinCode":"400709","homeArea":null,"homeContactMobileNo":null,"homeContactMobileNo2":null,"homeSTDLandlineNo":null,"homeFaxNo":null,"sameAsHomeAddress":"1","mailingAddressLine1":null,"mailingAddressLine2":null,"mailingAddressLine3":null,"mailingPinCode":null,"mailingArea":null,"mailingContactMobileNo":null,"mailingContactMobileNo2":null,"mailingSTDLandlineNo":null,"mailingSTDLandlineNo2":null,"mailingFaxNo":null,"bankAccountType":null,"bankAccountNo":null,"ifscCode":null,"GSTIN":null,"GSTRegistrationStatus":"Consumers","IsEIAavailable":"0","ApplyEIA":"0","EIAAccountNo":null,"EIAWith":"0","AccountType":null,"AddressProof":null,"DOBProof":null,"IdentityProof":null},"PolicyCreationRequest":{"Quotation_Number":"IPB100134831","MasterPolicyNumber":"64-20-00003-00-00","GroupID":"GRP002","Product_Code":"4224","SumInsured_Type":null,"Policy_Tanure":"1","Member_Type_Code":"M209","intermediaryCode":"2108233","AutoRenewal":"Y","intermediaryBranchCode":"10MHMUM01","agentSignatureDate":null,"Customer_Signature_Date":null,"businessSourceChannel":null,"AssignPolicy":"0","AssigneeName":null,"leadID":"1604144766","Source_Name":"ABC_GFB","SPID":"0","TCN":null,"CRTNO":null,"RefCode1":"0","RefCode2":null,"Employee_Number":"3450","enumIsEmployeeDiscount":null,"QuoteDate":null,"IsPayment":"1","PaymentMode":null,"PolicyproductComponents":[{"PlanCode":"4224","SumInsured":"500000","SchemeCode":"4112000003"}]},"MemObj":{"Member":[{"MemberNo":1,"Salutation":"Mr","First_Name":"firstnam lastname","Middle_Name":null,"Last_Name":".","Gender":"M","DateOfBirth":"11\/30\/1995","Relation_Code":"R001","Marital_Status":null,"height":"0.00","weight":"0","occupation":"O553","PrimaryMember":"Y","MemberproductComponents":[{"PlanCode":"4224","MemberQuestionDetails":[{"QuestionCode":null,"Answer":null,"Remarks":null}]}],"MemberPED":[{"PEDCode":null,"Remarks":null}],"exactDiagnosis":null,"dateOfDiagnosis":null,"lastDateConsultation":null,"detailsOfTreatmentGiven":null,"doctorName":null,"hospitalName":null,"phoneNumberHosital":null,"Nominee_First_Name":"test","Nominee_Last_Name":".","Nominee_Contact_Number":null,"Nominee_Home_Address":null,"Nominee_Relationship_Code":"R003"}]},"ReceiptCreation":{"officeLocation":"Mumbai","modeOfEntry":"Direct","cdAcNo":null,"expiryDate":null,"payerType":"Customer","payerCode":null,"paymentBy":"Customer","paymentByName":null,"paymentByRelationship":null,"collectionAmount":277,"collectionRcvdDate":"2020-11-02","collectionMode":"online","remarks":null,"instrumentNumber":"pay_FwDLPv2FqV3FOL","instrumentDate":"2020-11-02","bankName":"0","branchName":null,"bankLocation":null,"micrNo":null,"chequeType":null,"ifscCode":null,"PaymentGatewayName":"ABC_GFB","TerminalID":"EuxJCz8cZV9V63","CardNo":null}} [] []
[2020-11-02 12:47:27] full_quote_reponse2.INFO: "<ns0:GroupProtectRes xmlns:ns0=\"http:\/\/ABHICL_NBP_QuickQuote_Schemas.GroupProtectResponse\"><errorObj><ErrorNumber>00<\/ErrorNumber><ErrorMessage>Success<\/ErrorMessage><\/errorObj><policyDtls><TransactionReferenceNumber><\/TransactionReferenceNumber><QuotationNumber>IPB100134831<\/QuotationNumber><CertificateNumber>GP-20-2000080<\/CertificateNumber><LetterURL>https:\/\/uat_abpb.adityabirlahealth.com\/hbletter\/viewletter.aspx?ABH=150127&amp;TRM=GP-20-2000080<\/LetterURL><ClientID>1303255<\/ClientID><ProductName>Group Protect<\/ProductName><ProductCode>4224<\/ProductCode><LineOfBusiness>42<\/LineOfBusiness><startDate>11\/2\/2020 12:00:00 AM<\/startDate><EndDate>11\/1\/2021 12:00:00 AM<\/EndDate><PolicyNumber>64-20-00003-00-00<\/PolicyNumber><ProposalNumber>IPB100134831<\/ProposalNumber><PolicyStatus>IF<\/PolicyStatus><Tenure>1<\/Tenure><stpFlag>0<\/stpFlag><MemberCustomerID>160412273711151GCI1<\/MemberCustomerID><\/policyDtls><premium><BasePremium>234.75<\/BasePremium><NetPremium>234.75<\/NetPremium><GST>42.26<\/GST><GrossPremium>277.00<\/GrossPremium><\/premium><receiptObj><ReceiptNumber>R100203182<\/ReceiptNumber><ReceiptAmount>173.00<\/ReceiptAmount><ExcessAmount>0.00<\/ExcessAmount><\/receiptObj><\/ns0:GroupProtectRes>" [] []
[2020-11-02 12:47:27] api_insert.INFO: {"emp_id":"3450","client_id":"1303255","certificate_number":"GP-20-2000080","quotation_no":"IPB100134831","proposal_no":"IPB100134831","policy_no":"64-20-00003-00-00","gross_premium":"277.00","status":"Success","start_date":"11\/2\/2020 12:00:00 AM","end_date":"11\/1\/2021 12:00:00 AM","created_date":"2020-11-02 12:47:27","proposal_no_lead":"P-202011020003","PolicyStatus":"IF","letter_url":"https:\/\/uat_abpb.adityabirlahealth.com\/hbletter\/viewletter.aspx?ABH=150127&TRM=GP-20-2000080","CustomerID":"160412273711151GCI1","MemberCustomerID":"160412273711151GCI1","relationship_code":"R001"} [] []
[2020-11-02 12:48:04] generateOTP.INFO: test [] []
[2020-11-02 12:48:04] generateOTP.INFO: test [] []
[2020-11-02 12:48:04] generateOTP.INFO: test [] []
[2020-11-02 12:48:04] generateOTP.INFO: test [] []
[2020-11-02 12:48:04] generateOTP.INFO: test [] []
[2020-11-02 12:51:39] generateOTP.INFO: test [] []
[2020-11-02 12:55:20] generateOTP.INFO: test [] []
[2020-11-02 12:55:45] generateOTP.INFO: test [] []
[2020-11-02 13:03:08] generateOTP.INFO: test [] []
[2020-11-02 13:49:42] generateOTP.INFO: test [] []
[2020-11-02 13:49:47] generateOTP.INFO: test [] []
[2020-11-02 13:49:51] generateOTP.INFO: test [] []
[2020-11-02 13:50:06] generateOTP.INFO: test [] []
[2020-11-02 13:50:10] generateOTP.INFO: test [] []
[2020-11-02 13:50:14] generateOTP.INFO: test [] []
[2020-11-02 14:01:03] generateOTP.INFO: test [] []
[2020-11-02 14:01:03] generateOTP.INFO: test [] []
[2020-11-02 14:01:04] generateOTP.INFO: test [] []
[2020-11-02 14:01:17] generateOTP.INFO: test [] []
[2020-11-02 14:01:58] generateOTP.INFO: test [] []
[2020-11-02 14:03:46] generateOTP.INFO: test [] []
[2020-11-02 14:04:01] generateOTP.INFO: test [] []
[2020-11-02 14:09:19] generateOTP.INFO: test [] []
[2020-11-02 14:09:24] generateOTP.INFO: test [] []
[2020-11-02 14:12:46] generateOTP.INFO: test [] []
[2020-11-02 14:14:47] generateOTP.INFO: test [] []
[2020-11-02 14:20:33] generateOTP.INFO: test [] []
[2020-11-02 14:23:42] generateOTP.INFO: test [] []
[2020-11-02 14:32:14] generateOTP.INFO: test [] []
[2020-11-02 14:32:15] generateOTP.INFO: test [] []
[2020-11-02 14:32:20] generateOTP.INFO: test [] []
[2020-11-02 14:32:40] generateOTP.INFO: test [] []
[2020-11-02 14:39:20] generateOTP.INFO: test [] []
[2020-11-02 14:39:20] generateOTP.INFO: test [] []
[2020-11-02 14:39:25] generateOTP.INFO: test [] []
[2020-11-02 14:39:44] generateOTP.INFO: test [] []
[2020-11-02 14:42:43] generateOTP.INFO: test [] []
[2020-11-02 14:45:19] generateOTP.INFO: test [] []
[2020-11-02 14:49:55] generateOTP.INFO: test [] []
[2020-11-02 15:10:37] generateOTP.INFO: test [] []
[2020-11-02 15:10:40] generateOTP.INFO: test [] []
[2020-11-02 15:11:19] generateOTP.INFO: test [] []
[2020-11-02 15:11:19] generateOTP.INFO: test [] []
[2020-11-02 15:11:20] generateOTP.INFO: test [] []
[2020-11-02 15:11:51] generateOTP.INFO: test [] []
[2020-11-02 15:12:04] generateOTP.INFO: test [] []
[2020-11-02 15:16:14] generateOTP.INFO: test [] []
[2020-11-02 15:16:16] generateOTP.INFO: test [] []
[2020-11-02 15:17:13] generateOTP.INFO: test [] []
[2020-11-02 15:21:15] generateOTP.INFO: test [] []
[2020-11-02 15:30:25] generateOTP.INFO: test [] []
[2020-11-02 15:31:32] generateOTP.INFO: test [] []
[2020-11-02 15:34:34] generateOTP.INFO: test [] []
[2020-11-02 15:34:43] generateOTP.INFO: test [] []
[2020-11-02 15:40:25] generateOTP.INFO: test [] []
[2020-11-02 15:40:26] generateOTP.INFO: test [] []
[2020-11-02 15:40:29] generateOTP.INFO: test [] []
[2020-11-02 15:40:29] generateOTP.INFO: test [] []
[2020-11-02 15:43:53] generateOTP.INFO: test [] []
[2020-11-02 15:43:53] generateOTP.INFO: test [] []
[2020-11-02 15:43:54] generateOTP.INFO: test [] []
[2020-11-02 15:44:09] generateOTP.INFO: test [] []
[2020-11-02 15:44:33] generateOTP.INFO: test [] []
[2020-11-02 15:44:45] generateOTP.INFO: test [] []
[2020-11-02 15:44:50] generateOTP.INFO: test [] []
[2020-11-02 15:44:56] generateOTP.INFO: test [] []
[2020-11-02 15:44:56] generateOTP.INFO: test [] []
[2020-11-02 15:44:56] generateOTP.INFO: test [] []
[2020-11-02 15:44:57] generateOTP.INFO: test [] []
[2020-11-02 15:45:30] generateOTP.INFO: test [] []
[2020-11-02 15:45:46] generateOTP.INFO: test [] []
[2020-11-02 15:45:47] generateOTP.INFO: test [] []
[2020-11-02 15:45:52] generateOTP.INFO: test [] []
[2020-11-02 15:46:46] generateOTP.INFO: test [] []
[2020-11-02 15:46:48] generateOTP.INFO: test [] []
[2020-11-02 15:47:26] generateOTP.INFO: test [] []
[2020-11-02 15:47:47] generateOTP.INFO: test [] []
[2020-11-02 15:48:21] generateOTP.INFO: test [] []
[2020-11-02 15:49:56] generateOTP.INFO: test [] []
[2020-11-02 15:50:52] generateOTP.INFO: test [] []
[2020-11-02 15:51:06] generateOTP.INFO: test [] []
[2020-11-02 15:51:27] generateOTP.INFO: test [] []
[2020-11-02 15:51:27] generateOTP.INFO: test [] []
[2020-11-02 15:51:27] generateOTP.INFO: test [] []
[2020-11-02 15:51:28] generateOTP.INFO: test [] []
[2020-11-02 15:51:43] generateOTP.INFO: test [] []
[2020-11-02 15:52:35] generateOTP.INFO: test [] []
[2020-11-02 15:53:48] generateOTP.INFO: test [] []
[2020-11-02 15:57:03] generateOTP.INFO: test [] []
[2020-11-02 15:57:03] generateOTP.INFO: test [] []
[2020-11-02 15:57:03] generateOTP.INFO: test [] []
[2020-11-02 15:57:04] generateOTP.INFO: test [] []
[2020-11-02 15:57:09] generateOTP.INFO: test [] []
[2020-11-02 15:57:24] generateOTP.INFO: test [] []
[2020-11-02 15:57:24] generateOTP.INFO: test [] []
[2020-11-02 16:01:19] generateOTP.INFO: test [] []
[2020-11-02 16:02:01] generateOTP.INFO: test [] []
[2020-11-02 16:03:28] generateOTP.INFO: test [] []
[2020-11-02 16:03:28] generateOTP.INFO: test [] []
[2020-11-02 16:03:28] generateOTP.INFO: test [] []
[2020-11-02 16:03:29] generateOTP.INFO: test [] []
[2020-11-02 16:04:15] generateOTP.INFO: test [] []
[2020-11-02 16:08:37] generateOTP.INFO: test [] []
[2020-11-02 16:14:25] generateOTP.INFO: test [] []
[2020-11-02 16:15:10] generateOTP.INFO: test [] []
[2020-11-02 16:48:14] generateOTP.INFO: test [] []
[2020-11-02 16:48:15] generateOTP.INFO: test [] []
[2020-11-02 16:48:19] generateOTP.INFO: test [] []
[2020-11-02 16:48:44] generateOTP.INFO: test [] []
[2020-11-02 17:17:43] generateOTP.INFO: test [] []
[2020-11-02 17:17:53] generateOTP.INFO: test [] []
[2020-11-02 17:18:05] generateOTP.INFO: test [] []
[2020-11-02 17:28:32] generateOTP.INFO: test [] []
[2020-11-02 17:53:26] generateOTP.INFO: test [] []
[2020-11-02 17:53:32] generateOTP.INFO: test [] []
[2020-11-02 17:53:35] generateOTP.INFO: test [] []
[2020-11-02 17:53:57] generateOTP.INFO: test [] []
[2020-11-02 17:54:09] generateOTP.INFO: test [] []
[2020-11-02 17:59:37] generateOTP.INFO: test [] []
[2020-11-02 18:00:35] generateOTP.INFO: test [] []
[2020-11-02 18:01:52] generateOTP.INFO: test [] []
[2020-11-02 18:02:14] generateOTP.INFO: test [] []
[2020-11-02 18:03:22] generateOTP.INFO: test [] []
[2020-11-02 18:03:58] generateOTP.INFO: test [] []
[2020-11-02 18:04:12] generateOTP.INFO: test [] []
[2020-11-02 18:04:36] generateOTP.INFO: test [] []
[2020-11-02 18:04:37] generateOTP.INFO: test [] []
[2020-11-02 18:04:45] generateOTP.INFO: test [] []
[2020-11-02 18:04:55] generateOTP.INFO: test [] []
[2020-11-02 18:06:43] generateOTP.INFO: test [] []
[2020-11-02 18:06:43] generateOTP.INFO: test [] []
[2020-11-02 18:06:44] generateOTP.INFO: test [] []
[2020-11-02 18:06:50] generateOTP.INFO: test [] []
[2020-11-02 18:07:13] generateOTP.INFO: test [] []
[2020-11-02 18:07:13] generateOTP.INFO: test [] []
[2020-11-02 18:07:14] generateOTP.INFO: test [] []
[2020-11-02 18:07:16] generateOTP.INFO: test [] []
[2020-11-02 18:07:26] generateOTP.INFO: test [] []
[2020-11-02 18:07:31] generateOTP.INFO: test [] []
[2020-11-02 18:07:31] generateOTP.INFO: test [] []
[2020-11-02 18:07:53] generateOTP.INFO: test [] []
[2020-11-02 18:08:15] generateOTP.INFO: test [] []
[2020-11-02 18:08:19] generateOTP.INFO: test [] []
[2020-11-02 18:08:21] generateOTP.INFO: test [] []
[2020-11-02 18:08:45] generateOTP.INFO: test [] []
[2020-11-02 18:08:58] generateOTP.INFO: test [] []
[2020-11-02 18:09:11] generateOTP.INFO: test [] []
[2020-11-02 18:09:37] generateOTP.INFO: test [] []
[2020-11-02 18:09:42] generateOTP.INFO: test [] []
[2020-11-02 18:10:41] generateOTP.INFO: test [] []
[2020-11-02 18:11:43] generateOTP.INFO: test [] []
[2020-11-02 18:12:11] generateOTP.INFO: test [] []
[2020-11-02 18:15:05] generateOTP.INFO: test [] []
[2020-11-02 18:15:52] generateOTP.INFO: test [] []
[2020-11-02 18:16:42] generateOTP.INFO: test [] []
[2020-11-02 18:16:43] generateOTP.INFO: test [] []
[2020-11-02 18:17:18] generateOTP.INFO: test [] []
[2020-11-02 18:17:19] generateOTP.INFO: test [] []
[2020-11-02 18:19:26] generateOTP.INFO: test [] []
[2020-11-02 18:22:36] generateOTP.INFO: test [] []
[2020-11-02 18:22:37] generateOTP.INFO: test [] []
[2020-11-02 18:23:19] generateOTP.INFO: test [] []
[2020-11-02 18:23:39] generateOTP.INFO: test [] []
[2020-11-02 18:24:01] generateOTP.INFO: test [] []
[2020-11-02 18:24:02] generateOTP.INFO: test [] []
[2020-11-02 18:24:13] generateOTP.INFO: test [] []
[2020-11-02 18:24:24] generateOTP.INFO: test [] []
[2020-11-02 18:24:25] generateOTP.INFO: test [] []
[2020-11-02 18:24:33] generateOTP.INFO: test [] []
[2020-11-02 18:25:52] generateOTP.INFO: test [] []
[2020-11-02 18:26:11] generateOTP.INFO: test [] []
[2020-11-02 18:31:47] generateOTP.INFO: test [] []
[2020-11-02 18:40:24] generateOTP.INFO: test [] []
[2020-11-02 18:54:27] generateOTP.INFO: test [] []
[2020-11-02 18:54:28] generateOTP.INFO: test [] []
[2020-11-02 18:58:24] generateOTP.INFO: test [] []
[2020-11-02 18:58:25] generateOTP.INFO: test [] []
[2020-11-02 18:59:39] generateOTP.INFO: test [] []
[2020-11-02 18:59:48] generateOTP.INFO: test [] []
[2020-11-02 18:59:58] generateOTP.INFO: test [] []
[2020-11-02 18:59:59] generateOTP.INFO: test [] []
[2020-11-02 19:00:00] generateOTP.INFO: test [] []
[2020-11-02 19:00:04] generateOTP.INFO: test [] []
[2020-11-02 19:00:14] generateOTP.INFO: test [] []
[2020-11-02 19:00:39] generateOTP.INFO: test [] []
[2020-11-02 19:00:53] generateOTP.INFO: test [] []
[2020-11-02 19:01:04] generateOTP.INFO: test [] []
[2020-11-02 19:02:05] generateOTP.INFO: test [] []
[2020-11-02 19:03:46] generateOTP.INFO: test [] []
[2020-11-02 19:04:09] generateOTP.INFO: test [] []
[2020-11-02 19:06:25] generateOTP.INFO: test [] []
[2020-11-02 19:06:29] generateOTP.INFO: test [] []
[2020-11-02 19:06:31] generateOTP.INFO: test [] []
[2020-11-02 19:06:58] generateOTP.INFO: test [] []
[2020-11-02 19:07:00] generateOTP.INFO: test [] []
[2020-11-02 19:07:08] generateOTP.INFO: test [] []
[2020-11-02 19:07:16] generateOTP.INFO: test [] []
[2020-11-02 19:07:17] generateOTP.INFO: test [] []
[2020-11-02 19:07:22] generateOTP.INFO: test [] []
[2020-11-02 19:07:24] generateOTP.INFO: test [] []
[2020-11-02 19:07:35] generateOTP.INFO: test [] []
[2020-11-02 19:07:51] generateOTP.INFO: test [] []
[2020-11-02 19:07:53] generateOTP.INFO: test [] []
[2020-11-02 19:08:04] generateOTP.INFO: test [] []
[2020-11-02 19:08:16] generateOTP.INFO: test [] []
[2020-11-02 19:11:06] generateOTP.INFO: test [] []
[2020-11-02 19:11:44] generateOTP.INFO: test [] []
[2020-11-02 19:12:27] generateOTP.INFO: test [] []
[2020-11-02 19:12:53] generateOTP.INFO: test [] []
[2020-11-02 19:13:08] generateOTP.INFO: test [] []
[2020-11-02 19:13:34] generateOTP.INFO: test [] []
[2020-11-02 19:13:44] generateOTP.INFO: test [] []
[2020-11-02 19:13:57] generateOTP.INFO: test [] []
[2020-11-02 19:14:02] generateOTP.INFO: test [] []
[2020-11-02 19:14:29] generateOTP.INFO: test [] []
[2020-11-02 19:14:31] generateOTP.INFO: test [] []
[2020-11-02 19:14:43] generateOTP.INFO: test [] []
[2020-11-02 19:15:26] generateOTP.INFO: test [] []
[2020-11-02 19:16:01] generateOTP.INFO: test [] []
[2020-11-02 19:16:18] generateOTP.INFO: test [] []
[2020-11-02 19:17:34] generateOTP.INFO: test [] []
[2020-11-02 19:18:19] generateOTP.INFO: test [] []
[2020-11-02 19:24:18] generateOTP.INFO: test [] []
[2020-11-02 19:24:38] generateOTP.INFO: test [] []
[2020-11-02 19:32:53] generateOTP.INFO: test [] []
[2020-11-02 19:38:09] generateOTP.INFO: test [] []
[2020-11-02 19:38:13] generateOTP.INFO: test [] []
[2020-11-02 19:39:05] generateOTP.INFO: test [] []
[2020-11-02 19:43:21] generateOTP.INFO: test [] []
[2020-11-02 19:43:21] generateOTP.INFO: test [] []
[2020-11-02 19:43:21] generateOTP.INFO: test [] []
[2020-11-02 19:43:28] generateOTP.INFO: test [] []
[2020-11-02 19:43:48] generateOTP.INFO: test [] []
[2020-11-02 19:44:35] generateOTP.INFO: test [] []
[2020-11-02 19:44:35] generateOTP.INFO: test [] []
[2020-11-02 19:44:36] generateOTP.INFO: test [] []
[2020-11-02 19:44:49] generateOTP.INFO: test [] []
[2020-11-02 19:45:09] generateOTP.INFO: test [] []
[2020-11-02 19:45:13] generateOTP.INFO: test [] []
[2020-11-02 19:48:03] generateOTP.INFO: test [] []
[2020-11-02 19:48:05] generateOTP.INFO: test [] []
[2020-11-02 19:49:52] generateOTP.INFO: test [] []
[2020-11-02 19:49:56] generateOTP.INFO: test [] []
[2020-11-02 19:51:46] generateOTP.INFO: test [] []
[2020-11-02 19:51:50] generateOTP.INFO: test [] []
[2020-11-02 19:53:32] generateOTP.INFO: test [] []
[2020-11-02 19:57:35] generateOTP.INFO: test [] []
[2020-11-02 20:06:23] generateOTP.INFO: test [] []
[2020-11-02 20:07:22] generateOTP.INFO: test [] []
[2020-11-02 20:08:40] generateOTP.INFO: test [] []
[2020-11-02 20:11:17] generateOTP.INFO: test [] []
[2020-11-02 20:12:31] generateOTP.INFO: test [] []
[2020-11-02 20:12:36] generateOTP.INFO: test [] []
[2020-11-02 20:13:30] generateOTP.INFO: test [] []
[2020-11-02 20:13:33] generateOTP.INFO: test [] []
[2020-11-02 20:15:15] generateOTP.INFO: test [] []
[2020-11-02 20:23:52] generateOTP.INFO: test [] []
[2020-11-02 20:24:00] generateOTP.INFO: test [] []
[2020-11-02 20:27:07] generateOTP.INFO: test [] []
[2020-11-02 20:28:52] generateOTP.INFO: test [] []
[2020-11-02 20:28:54] generateOTP.INFO: test [] []
[2020-11-02 20:30:04] generateOTP.INFO: test [] []
[2020-11-02 21:12:53] generateOTP.INFO: test [] []
[2020-11-02 21:12:58] generateOTP.INFO: test [] []
[2020-11-02 21:13:11] generateOTP.INFO: test [] []
[2020-11-02 21:13:33] generateOTP.INFO: test [] []
[2020-11-02 21:15:07] generateOTP.INFO: test [] []
[2020-11-02 21:16:39] generateOTP.INFO: test [] []
[2020-11-02 21:20:22] generateOTP.INFO: test [] []
[2020-11-02 21:21:50] generateOTP.INFO: test [] []
[2020-11-02 21:23:26] generateOTP.INFO: test [] []
[2020-11-02 21:28:46] generateOTP.INFO: test [] []
[2020-11-02 21:28:52] generateOTP.INFO: test [] []
[2020-11-02 21:32:46] generateOTP.INFO: test [] []
[2020-11-02 21:36:17] generateOTP.INFO: test [] []
[2020-11-02 22:19:57] generateOTP.INFO: test [] []
[2020-11-02 22:20:00] generateOTP.INFO: test [] []
[2020-11-02 22:20:18] generateOTP.INFO: test [] []
[2020-11-02 22:20:41] generateOTP.INFO: test [] []
[2020-11-02 22:20:45] generateOTP.INFO: test [] []
[2020-11-02 22:20:52] generateOTP.INFO: test [] []
[2020-11-02 22:21:17] generateOTP.INFO: test [] []
[2020-11-02 22:21:20] generateOTP.INFO: test [] []
[2020-11-02 22:21:34] generateOTP.INFO: test [] []
[2020-11-02 22:21:46] generateOTP.INFO: test [] []
[2020-11-02 22:21:57] generateOTP.INFO: test [] []
[2020-11-02 22:22:19] generateOTP.INFO: test [] []
[2020-11-02 22:23:00] generateOTP.INFO: test [] []
[2020-11-02 22:30:47] generateOTP.INFO: test [] []
[2020-11-02 22:30:54] generateOTP.INFO: test [] []
[2020-11-02 22:32:46] generateOTP.INFO: test [] []
[2020-11-02 22:34:09] generateOTP.INFO: test [] []
[2020-11-02 22:34:12] generateOTP.INFO: test [] []
[2020-11-02 22:35:38] generateOTP.INFO: test [] []
[2020-11-02 22:35:45] generateOTP.INFO: test [] []
[2020-11-02 22:40:11] generateOTP.INFO: test [] []
[2020-11-02 22:52:15] generateOTP.INFO: test [] []
[2020-11-02 22:52:16] generateOTP.INFO: test [] []
[2020-11-02 22:52:17] generateOTP.INFO: test [] []
[2020-11-02 22:54:45] generateOTP.INFO: test [] []
[2020-11-02 22:54:45] generateOTP.INFO: test [] []
[2020-11-02 22:54:46] generateOTP.INFO: test [] []
[2020-11-02 22:54:51] generateOTP.INFO: test [] []
[2020-11-02 22:54:53] generateOTP.INFO: test [] []
[2020-11-02 22:56:57] generateOTP.INFO: test [] []
[2020-11-02 22:56:57] generateOTP.INFO: test [] []
[2020-11-02 22:56:57] generateOTP.INFO: test [] []
[2020-11-02 22:56:58] generateOTP.INFO: test [] []
[2020-11-02 22:57:25] generateOTP.INFO: test [] []
[2020-11-02 22:57:26] generateOTP.INFO: test [] []
[2020-11-02 22:57:48] generateOTP.INFO: test [] []
[2020-11-02 22:59:23] generateOTP.INFO: test [] []
[2020-11-02 23:10:48] generateOTP.INFO: test [] []
[2020-11-02 23:11:33] generateOTP.INFO: test [] []
[2020-11-02 23:11:35] generateOTP.INFO: test [] []
[2020-11-02 23:11:52] generateOTP.INFO: test [] []
[2020-11-02 23:12:28] generateOTP.INFO: test [] []
[2020-11-02 23:12:31] generateOTP.INFO: test [] []
[2020-11-02 23:16:17] generateOTP.INFO: test [] []
