[2020-06-03 10:29:02] generateOTP.INFO: test [] []
[2020-06-03 10:29:03] generateOTP.INFO: test [] []
[2020-06-03 10:35:42] generateOTP.INFO: test [] []
[2020-06-03 10:41:29] generateOTP.INFO: test [] []
[2020-06-03 10:41:31] generateOTP.INFO: test [] []
[2020-06-03 10:41:32] generateOTP.INFO: test [] []
[2020-06-03 10:41:45] generateOTP.INFO: test [] []
[2020-06-03 10:41:48] generateOTP.INFO: test [] []
[2020-06-03 10:44:02] generateOTP.INFO: test [] []
[2020-06-03 10:44:25] generateOTP.INFO: test [] []
[2020-06-03 10:45:02] generateOTP.INFO: test [] []
[2020-06-03 10:47:42] generateOTP.INFO: test [] []
[2020-06-03 10:47:42] generateOTP.INFO: test [] []
[2020-06-03 10:47:44] generateOTP.INFO: test [] []
[2020-06-03 10:47:52] generateOTP.INFO: test [] []
[2020-06-03 10:48:00] generateOTP.INFO: test [] []
[2020-06-03 10:49:32] generateOTP.INFO: test [] []
[2020-06-03 10:50:34] generateOTP.INFO: test [] []
[2020-06-03 10:51:07] generateOTP.INFO: test [] []
[2020-06-03 10:51:08] generateOTP.INFO: test [] []
[2020-06-03 10:51:09] generateOTP.INFO: test [] []
[2020-06-03 10:51:10] generateOTP.INFO: test [] []
[2020-06-03 10:51:17] generateOTP.INFO: test [] []
[2020-06-03 10:51:21] generateOTP.INFO: test [] []
[2020-06-03 10:51:47] generateOTP.INFO: test [] []
[2020-06-03 10:52:32] generateOTP.INFO: test [] []
[2020-06-03 11:26:00] generateOTP.INFO: test [] []
[2020-06-03 11:26:42] generateOTP.INFO: test [] []
[2020-06-03 11:26:45] generateOTP.INFO: test [] []
[2020-06-03 11:27:01] generateOTP.INFO: test [] []
[2020-06-03 11:27:09] generateOTP.INFO: test [] []
[2020-06-03 11:27:28] generateOTP.INFO: test [] []
[2020-06-03 11:27:56] generateOTP.INFO: test [] []
[2020-06-03 11:29:32] generateOTP.INFO: test [] []
[2020-06-03 11:33:20] generateOTP.INFO: test [] []
[2020-06-03 11:33:20] generateOTP.INFO: test [] []
[2020-06-03 11:33:21] generateOTP.INFO: test [] []
[2020-06-03 11:33:31] generateOTP.INFO: test [] []
[2020-06-03 11:34:25] generateOTP.INFO: test [] []
[2020-06-03 11:35:05] generateOTP.INFO: test [] []
[2020-06-03 11:35:28] generateOTP.INFO: test [] []
[2020-06-03 11:35:54] generateOTP.INFO: test [] []
[2020-06-03 11:38:05] generateOTP.INFO: {"edit":"0","policy_no":"415","subtype_text":"1","sum_insure":"500000","familyConstruct":"2A+1K","businessType":"New","family_members_id":"2","family_gender":"Male","first_name":"sadfaf f","last_name":"sd","family_date_birth":"25-06-2002","age":"18","age_type":"years","myGHD":{"A":{"format":"A_No"},"B":{"remark":""},"C1":{"format":"C1_Yes"},"C2":{"format":"C2_Yes"},"D1":{"remark":""},"D2":{"remark":""},"D3":{"remark":""},"D4":{"remark":""},"E":{"remark":""}},"family_id":"","s_date":"","marriage_date":"","premium":"12438","policyNo":"415","familyDataType":"family_construct","declare":"[]"} [] []
[2020-06-03 11:38:21] generateOTP.INFO: {"edit":"0","policy_no":"415","subtype_text":"1","sum_insure":"500000","familyConstruct":"2A+1K","businessType":"New","family_members_id":"2","family_gender":"Male","first_name":"sadfaf f","last_name":"sd","family_date_birth":"25-06-2002","age":"18","age_type":"years","myGHD":{"A":{"format":"A_No"},"B":{"remark":""},"C1":{"format":"C1_No"},"C2":{"format":"C2_No"},"D1":{"remark":""},"D2":{"remark":""},"D3":{"remark":""},"D4":{"remark":""},"E":{"remark":""}},"family_id":"","s_date":"","marriage_date":"","premium":"12438","policyNo":"415","familyDataType":"family_construct","declare":"[]"} [] []
[2020-06-03 11:38:32] generateOTP.INFO: {"edit":"0","policy_no":"415","subtype_text":"1","sum_insure":"500000","familyConstruct":"2A+1K","businessType":"New","family_members_id":"0","family_gender":"Female","first_name":"sahil","last_name":"sahil","family_date_birth":"01-06-1989","age":"31","age_type":"years","myGHD":{"B":{"remark":""},"D1":{"remark":""},"D2":{"remark":""},"D3":{"remark":""},"D4":{"remark":""},"E":{"remark":""}},"family_id":"","s_date":"","marriage_date":"","premium":"12438","policyNo":"415","familyDataType":"family_construct","declare":"[]"} [] []
[2020-06-03 11:38:46] generateOTP.INFO: {"edit":"0","policy_no":"415","subtype_text":"1","sum_insure":"500000","familyConstruct":"2A+1K","businessType":"New","family_members_id":"1","family_gender":"Male","first_name":"gdfgdsfg gsdf","last_name":"dgdfg","family_date_birth":"01-06-1973","age":"47","age_type":"years","myGHD":{"B":{"remark":""},"D1":{"remark":""},"D2":{"remark":""},"D3":{"remark":""},"D4":{"remark":""},"E":{"remark":""}},"family_id":"","s_date":"","marriage_date":"","premium":"12438","policyNo":"415","familyDataType":"family_construct","declare":"[]"} [] []
[2020-06-03 11:38:55] generateOTP.INFO: {"edit":"27","policy_no":"415","subtype_text":"1","sum_insure":"500000","familyConstruct":"2A+1K","businessType":"New","family_members_id":"1","family_gender":"Male","first_name":"sdfsad s","last_name":"dgdfg","family_date_birth":"01-06-1973","age":"47","age_type":"years","myGHD":{"B":{"remark":""},"D1":{"remark":""},"D2":{"remark":""},"D3":{"remark":""},"D4":{"remark":""},"E":{"remark":""}},"family_id":"","s_date":"","marriage_date":"","premium":"12438","policyNo":"415","familyDataType":"family_construct","declare":"[]"} [] []
[2020-06-03 11:39:15] generateOTP.INFO: test [] []
[2020-06-03 11:39:40] generateOTP.INFO: test [] []
[2020-06-03 11:39:59] generateOTP.INFO: test [] []
[2020-06-03 11:41:26] generateOTP.INFO: {"edit":"0","policy_no":"415","subtype_text":"1","sum_insure":"1000000","familyConstruct":"2A","businessType":"New","family_members_id":"0","family_gender":"Female","first_name":"asdff","last_name":"dsfas","family_date_birth":"01-06-1995","age":"25","age_type":"years","myGHD":{"A":{"format":"A_Yes"},"B":{"format":"B_No","remark":""},"D1":{"remark":""},"D2":{"remark":""},"D3":{"remark":""},"D4":{"remark":""},"E":{"remark":""}},"family_id":"","s_date":"","marriage_date":"","premium":"12799","policyNo":"415","familyDataType":"family_construct","declare":"[]"} [] []
[2020-06-03 11:41:40] generateOTP.INFO: {"edit":"0","policy_no":"415","subtype_text":"1","sum_insure":"1000000","familyConstruct":"2A","businessType":"New","family_members_id":"1","family_gender":"Male","first_name":"fsdf sadf","last_name":"sdfas fd","family_date_birth":"04-06-1994","age":"26","age_type":"years","myGHD":{"B":{"remark":""},"D1":{"remark":""},"D2":{"remark":""},"D3":{"remark":""},"D4":{"remark":""},"E":{"remark":""}},"family_id":"","s_date":"","marriage_date":"","premium":"12799","policyNo":"415","familyDataType":"family_construct","declare":"[]"} [] []
[2020-06-03 11:45:25] generateOTP.INFO: test [] []
[2020-06-03 11:45:28] generateOTP.INFO: test [] []
[2020-06-03 11:45:30] generateOTP.INFO: test [] []
[2020-06-03 11:45:31] generateOTP.INFO: test [] []
[2020-06-03 11:45:33] generateOTP.INFO: test [] []
[2020-06-03 11:45:33] generateOTP.INFO: test [] []
[2020-06-03 11:45:33] generateOTP.INFO: test [] []
[2020-06-03 11:45:42] generateOTP.INFO: test [] []
[2020-06-03 11:45:44] generateOTP.INFO: test [] []
[2020-06-03 11:46:23] generateOTP.INFO: test [] []
[2020-06-03 11:47:08] generateOTP.INFO: test [] []
[2020-06-03 11:47:24] generateOTP.INFO: test [] []
[2020-06-03 11:51:53] generateOTP.INFO: test [] []
[2020-06-03 11:54:56] generateOTP.INFO: test [] []
[2020-06-03 12:00:25] generateOTP.INFO: test [] []
[2020-06-03 12:00:25] generateOTP.INFO: test [] []
[2020-06-03 12:00:27] generateOTP.INFO: test [] []
[2020-06-03 12:00:35] generateOTP.INFO: test [] []
[2020-06-03 12:00:53] generateOTP.INFO: test [] []
[2020-06-03 12:03:47] generateOTP.INFO: test [] []
[2020-06-03 12:04:38] generateOTP.INFO: test [] []
[2020-06-03 12:04:38] generateOTP.INFO: test [] []
[2020-06-03 12:04:38] generateOTP.INFO: test [] []
[2020-06-03 12:04:42] generateOTP.INFO: test [] []
[2020-06-03 12:04:53] generateOTP.INFO: test [] []
[2020-06-03 12:05:24] generateOTP.INFO: test [] []
[2020-06-03 12:07:46] generateOTP.INFO: test [] []
[2020-06-03 12:07:46] generateOTP.INFO: test [] []
[2020-06-03 12:07:46] generateOTP.INFO: test [] []
[2020-06-03 12:07:50] generateOTP.INFO: test [] []
[2020-06-03 12:08:02] generateOTP.INFO: test [] []
[2020-06-03 12:08:15] generateOTP.INFO: test [] []
[2020-06-03 12:08:16] generateOTP.INFO: test [] []
[2020-06-03 12:08:16] generateOTP.INFO: test [] []
[2020-06-03 12:08:16] generateOTP.INFO: test [] []
[2020-06-03 12:08:19] generateOTP.INFO: test [] []
[2020-06-03 12:08:19] generateOTP.INFO: test [] []
[2020-06-03 12:08:19] generateOTP.INFO: test [] []
[2020-06-03 12:08:19] generateOTP.INFO: test [] []
[2020-06-03 12:08:19] generateOTP.INFO: test [] []
[2020-06-03 12:08:20] generateOTP.INFO: test [] []
[2020-06-03 12:08:22] generateOTP.INFO: test [] []
[2020-06-03 12:08:23] generateOTP.INFO: test [] []
[2020-06-03 12:08:35] generateOTP.INFO: test [] []
[2020-06-03 12:08:36] generateOTP.INFO: test [] []
[2020-06-03 12:08:56] generateOTP.INFO: test [] []
[2020-06-03 12:09:01] generateOTP.INFO: test [] []
[2020-06-03 12:09:01] generateOTP.INFO: test [] []
[2020-06-03 12:09:03] generateOTP.INFO: test [] []
[2020-06-03 12:09:05] generateOTP.INFO: test [] []
[2020-06-03 12:09:11] generateOTP.INFO: test [] []
[2020-06-03 12:09:30] generateOTP.INFO: test [] []
[2020-06-03 12:09:44] generateOTP.INFO: test [] []
[2020-06-03 12:09:47] generateOTP.INFO: test [] []
[2020-06-03 12:09:48] generateOTP.INFO: test [] []
[2020-06-03 12:10:00] generateOTP.INFO: test [] []
[2020-06-03 12:10:02] generateOTP.INFO: test [] []
[2020-06-03 12:10:03] generateOTP.INFO: test [] []
[2020-06-03 12:10:05] generateOTP.INFO: test [] []
[2020-06-03 12:10:05] generateOTP.INFO: test [] []
[2020-06-03 12:10:18] generateOTP.INFO: test [] []
[2020-06-03 12:10:22] generateOTP.INFO: test [] []
[2020-06-03 12:10:30] generateOTP.INFO: test [] []
[2020-06-03 12:10:32] generateOTP.INFO: test [] []
[2020-06-03 12:11:11] generateOTP.INFO: test [] []
[2020-06-03 12:11:21] generateOTP.INFO: test [] []
[2020-06-03 12:11:29] generateOTP.INFO: test [] []
[2020-06-03 12:11:29] generateOTP.INFO: test [] []
[2020-06-03 12:11:40] generateOTP.INFO: test [] []
[2020-06-03 12:12:02] generateOTP.INFO: test [] []
[2020-06-03 12:12:11] generateOTP.INFO: test [] []
[2020-06-03 12:12:13] generateOTP.INFO: test [] []
[2020-06-03 12:12:14] generateOTP.INFO: test [] []
[2020-06-03 12:12:18] generateOTP.INFO: test [] []
[2020-06-03 12:12:18] generateOTP.INFO: test [] []
[2020-06-03 12:12:18] generateOTP.INFO: test [] []
[2020-06-03 12:12:18] generateOTP.INFO: test [] []
[2020-06-03 12:12:18] generateOTP.INFO: test [] []
[2020-06-03 12:12:18] generateOTP.INFO: test [] []
[2020-06-03 12:12:18] generateOTP.INFO: test [] []
[2020-06-03 12:12:18] generateOTP.INFO: test [] []
[2020-06-03 12:12:23] generateOTP.INFO: test [] []
[2020-06-03 12:12:23] generateOTP.INFO: test [] []
[2020-06-03 12:12:25] generateOTP.INFO: test [] []
[2020-06-03 12:12:30] generateOTP.INFO: test [] []
[2020-06-03 12:13:22] generateOTP.INFO: test [] []
[2020-06-03 12:13:23] generateOTP.INFO: test [] []
[2020-06-03 12:13:35] generateOTP.INFO: test [] []
[2020-06-03 12:14:07] generateOTP.INFO: test [] []
[2020-06-03 12:14:34] generateOTP.INFO: {"edit":"0","policy_no":"415","subtype_text":"1","sum_insure":"500000","familyConstruct":"1A","businessType":"New","family_members_id":"0","family_gender":"Female","first_name":"internet","last_name":"test","family_date_birth":"26-06-1992","age":"28","age_type":"years","myGHD":{"B":{"remark":""},"D1":{"remark":""},"D2":{"remark":""},"D3":{"remark":""},"D4":{"remark":""},"E":{"remark":""}},"family_id":"","s_date":"","marriage_date":"","premium":"7605","policyNo":"415","familyDataType":"family_construct","declare":"[]"} [] []
[2020-06-03 12:15:09] generateOTP.INFO: test [] []
[2020-06-03 12:26:43] generateOTP.INFO: test [] []
[2020-06-03 12:26:43] generateOTP.INFO: test [] []
[2020-06-03 12:27:09] generateOTP.INFO: test [] []
[2020-06-03 12:27:10] generateOTP.INFO: test [] []
[2020-06-03 13:16:34] generateOTP.INFO: test [] []
[2020-06-03 13:16:36] generateOTP.INFO: test [] []
[2020-06-03 13:16:53] generateOTP.INFO: test [] []
[2020-06-03 13:16:58] generateOTP.INFO: test [] []
[2020-06-03 13:17:00] generateOTP.INFO: test [] []
[2020-06-03 13:17:02] generateOTP.INFO: test [] []
[2020-06-03 13:17:31] generateOTP.INFO: test [] []
[2020-06-03 13:17:33] generateOTP.INFO: test [] []
[2020-06-03 13:17:34] generateOTP.INFO: test [] []
[2020-06-03 13:17:40] generateOTP.INFO: test [] []
[2020-06-03 13:17:41] generateOTP.INFO: test [] []
[2020-06-03 13:17:45] generateOTP.INFO: test [] []
[2020-06-03 13:17:46] generateOTP.INFO: test [] []
[2020-06-03 13:17:47] generateOTP.INFO: test [] []
[2020-06-03 13:18:41] generateOTP.INFO: test [] []
[2020-06-03 13:18:47] generateOTP.INFO: test [] []
[2020-06-03 13:18:48] generateOTP.INFO: test [] []
[2020-06-03 13:18:49] generateOTP.INFO: test [] []
[2020-06-03 13:21:12] generateOTP.INFO: test [] []
[2020-06-03 13:21:16] generateOTP.INFO: test [] []
[2020-06-03 13:22:31] generateOTP.INFO: test [] []
[2020-06-03 13:22:33] generateOTP.INFO: test [] []
[2020-06-03 13:25:09] generateOTP.INFO: test [] []
[2020-06-03 13:25:12] generateOTP.INFO: test [] []
[2020-06-03 13:25:16] generateOTP.INFO: test [] []
[2020-06-03 13:25:17] generateOTP.INFO: test [] []
[2020-06-03 13:25:18] generateOTP.INFO: test [] []
[2020-06-03 13:25:20] generateOTP.INFO: test [] []
[2020-06-03 13:25:25] generateOTP.INFO: test [] []
[2020-06-03 13:25:30] generateOTP.INFO: test [] []
[2020-06-03 13:25:33] generateOTP.INFO: test [] []
[2020-06-03 13:25:38] generateOTP.INFO: test [] []
[2020-06-03 13:25:49] generateOTP.INFO: test [] []
[2020-06-03 13:25:56] generateOTP.INFO: test [] []
[2020-06-03 13:25:59] generateOTP.INFO: test [] []
[2020-06-03 13:27:00] generateOTP.INFO: test [] []
[2020-06-03 13:27:10] generateOTP.INFO: test [] []
[2020-06-03 13:27:11] generateOTP.INFO: test [] []
[2020-06-03 13:27:23] generateOTP.INFO: test [] []
[2020-06-03 13:27:27] generateOTP.INFO: test [] []
[2020-06-03 13:27:35] generateOTP.INFO: test [] []
[2020-06-03 13:27:55] generateOTP.INFO: test [] []
[2020-06-03 14:05:45] generateOTP.INFO: test [] []
[2020-06-03 14:05:49] generateOTP.INFO: test [] []
[2020-06-03 14:05:52] generateOTP.INFO: test [] []
[2020-06-03 14:05:53] generateOTP.INFO: test [] []
[2020-06-03 14:06:15] generateOTP.INFO: test [] []
[2020-06-03 14:06:47] generateOTP.INFO: test [] []
[2020-06-03 14:06:53] generateOTP.INFO: test [] []
[2020-06-03 14:06:59] generateOTP.INFO: test [] []
[2020-06-03 14:07:01] generateOTP.INFO: test [] []
[2020-06-03 14:14:19] generateOTP.INFO: test [] []
[2020-06-03 14:14:24] generateOTP.INFO: test [] []
[2020-06-03 14:14:25] generateOTP.INFO: test [] []
[2020-06-03 14:14:26] generateOTP.INFO: test [] []
[2020-06-03 14:14:28] generateOTP.INFO: test [] []
[2020-06-03 14:14:31] generateOTP.INFO: test [] []
[2020-06-03 14:14:32] generateOTP.INFO: test [] []
[2020-06-03 14:14:38] generateOTP.INFO: test [] []
[2020-06-03 14:14:59] generateOTP.INFO: test [] []
[2020-06-03 14:15:00] generateOTP.INFO: test [] []
[2020-06-03 14:15:40] generateOTP.INFO: test [] []
[2020-06-03 14:34:18] generateOTP.INFO: test [] []
[2020-06-03 14:34:59] generateOTP.INFO: test [] []
[2020-06-03 14:35:18] generateOTP.INFO: test [] []
[2020-06-03 14:35:19] generateOTP.INFO: test [] []
[2020-06-03 14:36:00] generateOTP.INFO: test [] []
[2020-06-03 14:36:33] generateOTP.INFO: test [] []
[2020-06-03 15:21:46] generateOTP.INFO: test [] []
[2020-06-03 15:21:52] generateOTP.INFO: test [] []
[2020-06-03 15:21:56] generateOTP.INFO: test [] []
[2020-06-03 15:24:09] generateOTP.INFO: test [] []
[2020-06-03 15:24:16] generateOTP.INFO: test [] []
[2020-06-03 15:24:17] generateOTP.INFO: test [] []
[2020-06-03 15:26:01] generateOTP.INFO: test [] []
[2020-06-03 16:07:04] generateOTP.INFO: test [] []
[2020-06-03 16:07:15] generateOTP.INFO: test [] []
[2020-06-03 16:07:16] generateOTP.INFO: test [] []
[2020-06-03 16:11:54] generateOTP.INFO: test [] []
[2020-06-03 16:12:16] generateOTP.INFO: test [] []
[2020-06-03 16:12:18] generateOTP.INFO: test [] []
[2020-06-03 16:15:46] generateOTP.INFO: test [] []
[2020-06-03 16:25:50] generateOTP.INFO: test [] []
[2020-06-03 16:34:04] generateOTP.INFO: test [] []
[2020-06-03 16:34:22] generateOTP.INFO: test [] []
[2020-06-03 16:34:24] generateOTP.INFO: test [] []
[2020-06-03 16:39:32] generateOTP.INFO: test [] []
[2020-06-03 18:00:57] generateOTP.INFO: test [] []
[2020-06-03 18:00:57] generateOTP.INFO: test [] []
[2020-06-03 18:00:57] generateOTP.INFO: test [] []
[2020-06-03 18:06:06] generateOTP.INFO: test [] []
[2020-06-03 18:06:08] generateOTP.INFO: test [] []
[2020-06-03 18:06:09] generateOTP.INFO: test [] []
[2020-06-03 18:24:40] generateOTP.INFO: test [] []
[2020-06-03 18:24:42] generateOTP.INFO: test [] []
[2020-06-03 18:25:56] generateOTP.INFO: test [] []
[2020-06-03 18:25:59] generateOTP.INFO: test [] []
[2020-06-03 19:59:54] generateOTP.INFO: test [] []
[2020-06-03 19:59:56] generateOTP.INFO: test [] []
[2020-06-03 20:00:04] generateOTP.INFO: test [] []
[2020-06-03 20:00:12] generateOTP.INFO: test [] []
[2020-06-03 20:00:28] generateOTP.INFO: test [] []
[2020-06-03 20:00:34] generateOTP.INFO: test [] []
[2020-06-03 20:00:44] generateOTP.INFO: test [] []
[2020-06-03 20:33:15] generateOTP.INFO: test [] []
[2020-06-03 20:33:16] generateOTP.INFO: test [] []
[2020-06-03 20:53:58] generateOTP.INFO: test [] []
[2020-06-03 20:54:02] generateOTP.INFO: test [] []
