[2020-08-03 09:25:31] generateOTP.INFO: test [] []
[2020-08-03 10:17:16] generateOTP.INFO: test [] []
[2020-08-03 10:18:18] generateOTP.INFO: {"salutation":"1","firstname":"test","lastname":"BANKING","dob":"19-12-1988","mob_no":"7010444138","panCard":"XXXXXX456A","email":"jack@gmail.com","ref1":"1","ref2":"1","comAdd":"Om hrad ntalatiof, holOmshre, talathioficeeachol, OmshreeSada9talathi","city":"MUMBAI","state":"MAHARASHTRA","pin_code":"622103","ISNRI":"N","update_emp_id":"622331","edit":"0","policy_no":"454,455","subtype_text":"1","sum_insure":"500000","anuual_income":"","occupation":"1","familyConstruct":"2A","family_members_id":"0","family_gender":"Male","first_name":"test","last_name":"BANKING","family_date_birth":"19-12-1988","age":"31","age_type":" years","tenure":"1 Year","family_id":"","s_date":"","marriage_date":"","premium":"11500","policyNo":"454,455","familyDataType":"undefined","empId":"622331","product":"RMxC5efb5c5a320e7","declare":"[]","gender":"Male","gci_options":"Yes"} [] []
[2020-08-03 10:18:58] generateOTP.INFO: {"salutation":"1","firstname":"test","lastname":"BANKING","dob":"19-12-1988","mob_no":"7010444138","panCard":"XXXXXX456A","email":"jack@gmail.com","ref1":"1","ref2":"1","comAdd":"Om hrad ntalatiof, holOmshre, talathioficeeachol, OmshreeSada9talathi","city":"MUMBAI","state":"MAHARASHTRA","pin_code":"622103","ISNRI":"N","update_emp_id":"622331","edit":"0","policy_no":"454,455","subtype_text":"1","sum_insure":"500000","anuual_income":"","occupation":"1","familyConstruct":"2A","family_members_id":"1","family_gender":"Female","first_name":"testf","last_name":"testf","family_date_birth":"07-08-1991","age":"28","age_type":" years","tenure":"1 Year","family_id":"","s_date":"","marriage_date":"","premium":"11500","policyNo":"454,455","familyDataType":"undefined","empId":"622331","product":"RMxC5efb5c5a320e7","declare":"[]","gender":"Male","gci_options":"Yes"} [] []
[2020-08-03 10:21:23] generateOTP.INFO: test [] []
[2020-08-03 11:08:28] generateOTP.INFO: test [] []
[2020-08-03 11:09:04] generateOTP.INFO: test [] []
[2020-08-03 11:09:07] generateOTP.INFO: test [] []
[2020-08-03 11:09:33] generateOTP.INFO: test [] []
[2020-08-03 11:09:43] generateOTP.INFO: test [] []
[2020-08-03 11:10:04] generateOTP.INFO: test [] []
[2020-08-03 11:10:32] generateOTP.INFO: test [] []
[2020-08-03 11:10:34] generateOTP.INFO: test [] []
[2020-08-03 11:15:15] generateOTP.INFO: test [] []
[2020-08-03 11:15:22] generateOTP.INFO: test [] []
[2020-08-03 11:16:34] generateOTP.INFO: test [] []
[2020-08-03 11:16:58] generateOTP.INFO: test [] []
[2020-08-03 11:17:18] generateOTP.INFO: test [] []
[2020-08-03 11:17:18] generateOTP.INFO: test [] []
[2020-08-03 11:17:30] generateOTP.INFO: test [] []
[2020-08-03 11:17:37] generateOTP.INFO: test [] []
[2020-08-03 11:25:28] generateOTP.INFO: test [] []
[2020-08-03 11:31:51] generateOTP.INFO: {"salutation":"2","firstname":"swatiiiiitest","lastname":"BANKING","dob":"19-12-1988","mob_no":"7010444138","panCard":"XXXXXX456A","email":"jack@gmail.com","ref1":"1","ref2":"1","comAdd":"Om hrad ntalatiof, holOmshre, talathioficeeachol, OmshreeSada9talathi","city":"MUMBAI","state":"MAHARASHTRA","pin_code":"622103","ISNRI":"N","update_emp_id":"622332","edit":"0","policy_no":"454,455","subtype_text":"1","sum_insure":"1500000","anuual_income":"200000","occupation":"4","familyConstruct":"2A+1K","family_members_id":"0","family_gender":"Female","first_name":"swatiiiiitest","last_name":"BANKING","family_date_birth":"19-12-1988","age":"31","age_type":" years","tenure":"1 Year","family_id":"","s_date":"","marriage_date":"","premium":"22000","policyNo":"454,455","familyDataType":"undefined","empId":"622332","product":"RMxC5efb5c5a320e7","declare":"[]","gender":"Female","gci_options":"Yes"} [] []
[2020-08-03 11:32:32] generateOTP.INFO: {"salutation":"2","firstname":"swatiiiiitest","lastname":"BANKING","dob":"19-12-1988","mob_no":"7010444138","panCard":"XXXXXX456A","email":"jack@gmail.com","ref1":"1","ref2":"1","comAdd":"Om hrad ntalatiof, holOmshre, talathioficeeachol, OmshreeSada9talathi","city":"MUMBAI","state":"MAHARASHTRA","pin_code":"622103","ISNRI":"N","update_emp_id":"622332","edit":"0","policy_no":"454,455","subtype_text":"1","sum_insure":"1500000","anuual_income":"200000","occupation":"4","familyConstruct":"2A+1K","family_members_id":"1","family_gender":"Male","first_name":"kkkk","last_name":"jjjj","family_date_birth":"23-08-1990","age":"29","age_type":" years","tenure":"1 Year","family_id":"","s_date":"","marriage_date":"","premium":"22000","policyNo":"454,455","familyDataType":"undefined","empId":"622332","product":"RMxC5efb5c5a320e7","declare":"[]","gender":"Female","gci_options":"Yes"} [] []
[2020-08-03 11:33:52] generateOTP.INFO: {"salutation":"2","firstname":"swatiiiiitest","lastname":"BANKING","dob":"19-12-1988","mob_no":"7010444138","panCard":"XXXXXX456A","email":"jack@gmail.com","ref1":"1","ref2":"1","comAdd":"Om hrad ntalatiof, holOmshre, talathioficeeachol, OmshreeSada9talathi","city":"MUMBAI","state":"MAHARASHTRA","pin_code":"622103","ISNRI":"N","update_emp_id":"622332","edit":"0","policy_no":"454,455","subtype_text":"1","sum_insure":"1500000","anuual_income":"200000","occupation":"4","familyConstruct":"2A+1K","family_members_id":"2","family_gender":"Male","first_name":"kkkkkkkkk","last_name":"iiiiiiii","family_date_birth":"12-08-2009","age":"10","age_type":" years","tenure":"1 Year","family_id":"","s_date":"","marriage_date":"","premium":"22000","policyNo":"454,455","familyDataType":"undefined","empId":"622332","product":"RMxC5efb5c5a320e7","declare":"[]","gender":"Female","gci_options":"Yes"} [] []
[2020-08-03 11:34:07] generateOTP.INFO: {"salutation":"2","firstname":"swatiiiiitest","lastname":"BANKING","dob":"19-12-1988","mob_no":"7010444138","panCard":"XXXXXX456A","email":"jack@gmail.com","ref1":"1","ref2":"1","comAdd":"Om hrad ntalatiof, holOmshre, talathioficeeachol, OmshreeSada9talathi","city":"MUMBAI","state":"MAHARASHTRA","pin_code":"622103","ISNRI":"N","update_emp_id":"622332","edit":"0","policy_no":"454,455","subtype_text":"1","sum_insure":"1500000","anuual_income":"200000","occupation":"4","familyConstruct":"2A+1K","family_members_id":"3","family_gender":"Female","first_name":"ggg","last_name":"kkk","family_date_birth":"10-08-2017","age":"2","age_type":" years","tenure":"1 Year","family_id":"","s_date":"","marriage_date":"","premium":"22000","policyNo":"454,455","familyDataType":"undefined","empId":"622332","product":"RMxC5efb5c5a320e7","declare":"[]","gender":"Female","gci_options":"Yes"} [] []
[2020-08-03 11:41:16] documentsSave.INFO: {"ops_type":"[\"0\",\"Y\"]","ids":"3,4,5"} [] []
[2020-08-03 11:41:16] documentsSaveFiles.INFO: [{"name":"Full Forms.jpeg","type":"image\/jpeg","tmp_name":"\/tmp\/phpGCROYo","error":0,"size":128214},{"name":"Full Forms.jpeg","type":"image\/jpeg","tmp_name":"\/tmp\/php44BEN0","error":0,"size":128214}] [] []
[2020-08-03 11:42:12] generateOTP.INFO: test [] []
[2020-08-03 11:42:40] generateOTP.INFO: test [] []
[2020-08-03 11:42:41] generateOTP.INFO: test [] []
[2020-08-03 11:44:18] generateOTP.INFO: test [] []
[2020-08-03 11:45:08] generateOTP.INFO: test [] []
[2020-08-03 11:45:31] generateOTP.INFO: test [] []
[2020-08-03 11:45:55] generateOTP.INFO: test [] []
[2020-08-03 11:46:14] generateOTP.INFO: test [] []
[2020-08-03 11:46:47] generateOTP.INFO: test [] []
[2020-08-03 11:47:01] generateOTP.INFO: test [] []
[2020-08-03 11:47:17] generateOTP.INFO: test [] []
[2020-08-03 11:48:16] generateOTP.INFO: test [] []
[2020-08-03 11:48:22] generateOTP.INFO: test [] []
[2020-08-03 11:48:23] generateOTP.INFO: test [] []
[2020-08-03 11:49:00] generateOTP.INFO: test [] []
[2020-08-03 11:49:19] generateOTP.INFO: test [] []
[2020-08-03 11:49:23] generateOTP.INFO: test [] []
[2020-08-03 11:49:44] generateOTP.INFO: test [] []
[2020-08-03 11:53:23] generateOTP.INFO: test [] []
[2020-08-03 11:58:45] generateOTP.INFO: test [] []
[2020-08-03 12:08:17] generateOTP.INFO: test [] []
[2020-08-03 12:08:28] generateOTP.INFO: test [] []
[2020-08-03 12:09:54] generateOTP.INFO: test [] []
[2020-08-03 12:10:06] generateOTP.INFO: test [] []
[2020-08-03 12:11:14] generateOTP.INFO: test [] []
[2020-08-03 12:14:16] generateOTP.INFO: test [] []
[2020-08-03 12:14:29] generateOTP.INFO: test [] []
[2020-08-03 12:14:34] generateOTP.INFO: test [] []
[2020-08-03 12:14:40] generateOTP.INFO: test [] []
[2020-08-03 12:14:54] generateOTP.INFO: test [] []
[2020-08-03 12:15:22] generateOTP.INFO: test [] []
[2020-08-03 12:17:03] generateOTP.INFO: test [] []
[2020-08-03 12:18:21] generateOTP.INFO: test [] []
[2020-08-03 12:19:34] generateOTP.INFO: test [] []
[2020-08-03 12:19:37] generateOTP.INFO: test [] []
[2020-08-03 12:40:03] generateOTP.INFO: test [] []
[2020-08-03 13:19:37] generateOTP.INFO: test [] []
[2020-08-03 13:20:02] generateOTP.INFO: {"salutation":"1","firstname":"test","lastname":"BANKING","dob":"19-12-1988","mob_no":"7010444138","panCard":"XXXXXX456A","email":"jack@gmail.com","ref1":"1","ref2":"1","comAdd":"Om hrad ntalatiof, holOmshre, talathioficeeachol, OmshreeSada9talathi","city":"MUMBAI","state":"MAHARASHTRA","pin_code":"622103","ISNRI":"N","update_emp_id":"622334","edit":"0","policy_no":"454,455","subtype_text":"1","sum_insure":"2000000","anuual_income":"20000000","occupation":"2","familyConstruct":"2A","family_members_id":"0","family_gender":"Male","first_name":"test","last_name":"BANKING","family_date_birth":"19-12-1988","age":"31","age_type":" years","tenure":"1 Year","family_id":"","s_date":"","marriage_date":"","premium":"20500","policyNo":"454,455","familyDataType":"undefined","empId":"622334","product":"RMxC5efb5c5a320e7","declare":"[]","gender":"Male","gci_options":"Yes"} [] []
[2020-08-03 13:20:16] generateOTP.INFO: {"salutation":"1","firstname":"test","lastname":"BANKING","dob":"19-12-1988","mob_no":"7010444138","panCard":"XXXXXX456A","email":"jack@gmail.com","ref1":"1","ref2":"1","comAdd":"Om hrad ntalatiof, holOmshre, talathioficeeachol, OmshreeSada9talathi","city":"MUMBAI","state":"MAHARASHTRA","pin_code":"622103","ISNRI":"N","update_emp_id":"622334","edit":"0","policy_no":"454,455","subtype_text":"1","sum_insure":"2000000","anuual_income":"20000000","occupation":"2","familyConstruct":"2A","family_members_id":"1","family_gender":"Female","first_name":"sdsd","last_name":"dsd","family_date_birth":"13-08-1998","age":"21","age_type":" years","tenure":"1 Year","family_id":"","s_date":"","marriage_date":"","premium":"20500","policyNo":"454,455","familyDataType":"undefined","empId":"622334","product":"RMxC5efb5c5a320e7","declare":"[]","gender":"Male","gci_options":"Yes"} [] []
[2020-08-03 13:21:31] generateOTP.INFO: {"salutation":"1","firstname":"test","lastname":"BANKING","dob":"19-12-1988","mob_no":"7010444138","panCard":"XXXXXX456A","email":"jack@gmail.com","ref1":"1","ref2":"1","comAdd":"Om hrad ntalatiof, holOmshre, talathioficeeachol, OmshreeSada9talathi","city":"MUMBAI","state":"MAHARASHTRA","pin_code":"622103","ISNRI":"N","update_emp_id":"622334","edit":"0","policy_no":"454,455","subtype_text":"1","sum_insure":"2000000","anuual_income":"20000000","occupation":"2","familyConstruct":"2A","family_members_id":"1","family_gender":"Female","first_name":"sddsdsd","last_name":"sdsd","family_date_birth":"23-08-1962","age":"57","age_type":" years","tenure":"1 Year","family_id":"","s_date":"","marriage_date":"","premium":"20500","policyNo":"454,455","familyDataType":"undefined","empId":"622334","product":"RMxC5efb5c5a320e7","declare":"[]","gender":"Male","gci_options":"Yes"} [] []
[2020-08-03 13:21:43] generateOTP.INFO: {"salutation":"1","firstname":"test","lastname":"BANKING","dob":"19-12-1988","mob_no":"7010444138","panCard":"XXXXXX456A","email":"jack@gmail.com","ref1":"1","ref2":"1","comAdd":"Om hrad ntalatiof, holOmshre, talathioficeeachol, OmshreeSada9talathi","city":"MUMBAI","state":"MAHARASHTRA","pin_code":"622103","ISNRI":"N","update_emp_id":"622334","edit":"0","policy_no":"454,455","subtype_text":"1","sum_insure":"2000000","anuual_income":"20000000","occupation":"2","familyConstruct":"2A","family_members_id":"1","family_gender":"Female","first_name":"sddsdsd","last_name":"sdsd","family_date_birth":"26-08-1964","age":"55","age_type":" years","tenure":"1 Year","family_id":"","s_date":"","marriage_date":"","premium":"20500","policyNo":"454,455","familyDataType":"undefined","empId":"622334","product":"RMxC5efb5c5a320e7","declare":"[]","gender":"Male","gci_options":"Yes"} [] []
[2020-08-03 15:08:46] generateOTP.INFO: test [] []
[2020-08-03 15:10:16] generateOTP.INFO: test [] []
[2020-08-03 15:10:19] generateOTP.INFO: test [] []
[2020-08-03 15:10:27] generateOTP.INFO: test [] []
[2020-08-03 15:10:36] generateOTP.INFO: test [] []
[2020-08-03 15:10:52] generateOTP.INFO: test [] []
[2020-08-03 15:15:22] generateOTP.INFO: test [] []
[2020-08-03 15:15:27] generateOTP.INFO: test [] []
[2020-08-03 15:15:47] generateOTP.INFO: test [] []
[2020-08-03 15:16:05] generateOTP.INFO: test [] []
[2020-08-03 15:16:08] generateOTP.INFO: test [] []
[2020-08-03 15:16:29] generateOTP.INFO: test [] []
[2020-08-03 15:17:08] generateOTP.INFO: test [] []
[2020-08-03 15:17:11] generateOTP.INFO: test [] []
[2020-08-03 15:22:27] generateOTP.INFO: test [] []
[2020-08-03 15:35:01] generateOTP.INFO: test [] []
[2020-08-03 15:35:06] generateOTP.INFO: test [] []
[2020-08-03 15:37:26] generateOTP.INFO: test [] []
[2020-08-03 15:37:42] generateOTP.INFO: test [] []
[2020-08-03 15:37:49] generateOTP.INFO: test [] []
[2020-08-03 15:37:56] generateOTP.INFO: test [] []
[2020-08-03 15:38:21] generateOTP.INFO: test [] []
[2020-08-03 15:38:50] generateOTP.INFO: test [] []
[2020-08-03 15:39:06] generateOTP.INFO: test [] []
[2020-08-03 15:55:02] generateOTP.INFO: test [] []
[2020-08-03 15:55:05] generateOTP.INFO: test [] []
[2020-08-03 16:22:47] generateOTP.INFO: test [] []
[2020-08-03 16:22:50] generateOTP.INFO: test [] []
[2020-08-03 16:22:54] generateOTP.INFO: test [] []
[2020-08-03 16:23:20] generateOTP.INFO: test [] []
[2020-08-03 16:26:21] generateOTP.INFO: test [] []
[2020-08-03 16:26:37] generateOTP.INFO: {"salutation":"1","firstname":"test1111","lastname":"BANKING1111","dob":"19-12-1988","mob_no":"7010444138","panCard":"XXXXXX456A","email":"jack@gmail.com","ref1":"1","ref2":"1","comAdd":"Om hrad ntalatiof, holOmshre, talathioficeeachol, OmshreeSada9talathi","city":"MUMBAI","state":"MAHARASHTRA","pin_code":"622103","ISNRI":"N","update_emp_id":"622336","edit":"0","policy_no":"392,393","subtype_text":"1","sum_insure":"500000","anuual_income":"","familyConstruct":"1A","family_members_id":"0","family_gender":"Male","first_name":"test1111","last_name":"BANKING1111","family_date_birth":"19-12-1988","age":"31","age_type":" years","tenure":"1 Year","family_id":"","s_date":"","marriage_date":"","premium":"8399.9952","policyNo":"392,393","familyDataType":"undefined","empId":"622336","product":"iWL65dcd54d9c5a65","declare":"[]","gender":"Male","gci_options":"Yes"} [] []
[2020-08-03 16:27:21] documentsSave.INFO: {"ops_type":"[\"0\",\"Y\"]","ids":"7,8"} [] []
[2020-08-03 16:27:21] documentsSaveFiles.INFO: [{"name":"CR-01 - First Name Validation.docx","type":"application\/octet-stream","tmp_name":"\/tmp\/phpQQwxeh","error":0,"size":8156},{"name":"CR-01 - First Name Validation.docx","type":"application\/octet-stream","tmp_name":"\/tmp\/phprvfIiK","error":0,"size":8156}] [] []
[2020-08-03 16:27:51] documentsSave.INFO: {"ops_type":"[\"0\",\"Y\"]","ids":"9,10"} [] []
[2020-08-03 16:27:51] documentsSaveFiles.INFO: [{"name":"Server Flow Diagram.pdf","type":"application\/pdf","tmp_name":"\/tmp\/phpbFzD3R","error":0,"size":13428},{"name":"Server Flow Diagram.pdf","type":"application\/pdf","tmp_name":"\/tmp\/php3cMVhW","error":0,"size":13428}] [] []
[2020-08-03 17:13:28] generateOTP.INFO: test [] []
[2020-08-03 17:13:30] generateOTP.INFO: test [] []
[2020-08-03 17:13:37] generateOTP.INFO: test [] []
[2020-08-03 17:13:41] generateOTP.INFO: test [] []
[2020-08-03 17:13:44] generateOTP.INFO: test [] []
[2020-08-03 17:13:45] generateOTP.INFO: test [] []
[2020-08-03 17:13:51] generateOTP.INFO: test [] []
[2020-08-03 17:14:30] generateOTP.INFO: test [] []
[2020-08-03 17:14:39] generateOTP.INFO: test [] []
[2020-08-03 17:14:50] generateOTP.INFO: test [] []
[2020-08-03 17:22:33] generateOTP.INFO: test [] []
[2020-08-03 17:23:03] generateOTP.INFO: test [] []
[2020-08-03 20:58:59] generateOTP.INFO: test [] []
