[2020-04-03 00:56:41] generateOTP.INFO: test [] []
[2020-04-03 00:57:49] generateOTP.INFO: test [] []
[2020-04-03 00:57:54] generateOTP.INFO: test [] []
[2020-04-03 00:58:43] generateOTP.INFO: test [] []
[2020-04-03 00:58:50] generateOTP.INFO: test [] []
[2020-04-03 01:02:06] generateOTP.INFO: test [] []
[2020-04-03 01:02:29] generateOTP.INFO: test [] []
[2020-04-03 01:02:50] generateOTP.INFO: test [] []
[2020-04-03 01:03:01] generateOTP.INFO: test [] []
[2020-04-03 01:03:45] generateOTP.INFO: test [] []
[2020-04-03 01:04:41] generateOTP.INFO: test [] []
[2020-04-03 01:04:51] generateOTP.INFO: test [] []
[2020-04-03 01:04:55] generateOTP.INFO: test [] []
[2020-04-03 01:06:18] generateOTP.INFO: test [] []
[2020-04-03 10:35:49] generateOTP.INFO: test [] []
[2020-04-03 10:42:12] generateOTP.INFO: test [] []
[2020-04-03 10:42:51] generateOTP.INFO: test [] []
[2020-04-03 10:42:53] generateOTP.INFO: test [] []
[2020-04-03 10:46:54] generateOTP.INFO: test [] []
[2020-04-03 10:46:56] generateOTP.INFO: test [] []
[2020-04-03 11:07:44] generateOTP.INFO: test [] []
[2020-04-03 11:08:04] generateOTP.INFO: test [] []
[2020-04-03 11:08:05] generateOTP.INFO: test [] []
[2020-04-03 11:18:12] generateOTP.INFO: test [] []
[2020-04-03 11:18:29] generateOTP.INFO: test [] []
[2020-04-03 11:18:30] generateOTP.INFO: test [] []
[2020-04-03 11:22:38] generateOTP.INFO: test [] []
[2020-04-03 11:22:38] generateOTP.INFO: test [] []
[2020-04-03 11:45:29] generateOTP.INFO: test [] []
[2020-04-03 11:45:30] generateOTP.INFO: test [] []
[2020-04-03 12:03:33] generateOTP.INFO: test [] []
[2020-04-03 12:03:51] generateOTP.INFO: test [] []
[2020-04-03 12:03:52] generateOTP.INFO: test [] []
[2020-04-03 12:06:28] generateOTP.INFO: test [] []
[2020-04-03 12:06:56] generateOTP.INFO: test [] []
[2020-04-03 12:08:49] generateOTP.INFO: test [] []
[2020-04-03 12:09:59] generateOTP.INFO: test [] []
[2020-04-03 12:10:04] generateOTP.INFO: test [] []
[2020-04-03 12:12:57] generateOTP.INFO: test [] []
[2020-04-03 12:17:52] generateOTP.INFO: test [] []
[2020-04-03 12:20:29] generateOTP.INFO: test [] []
[2020-04-03 12:21:09] generateOTP.INFO: test [] []
[2020-04-03 12:21:10] generateOTP.INFO: test [] []
[2020-04-03 12:21:15] generateOTP.INFO: test [] []
[2020-04-03 12:22:05] generateOTP.INFO: test [] []
[2020-04-03 12:23:13] generateOTP.INFO: test [] []
[2020-04-03 12:23:21] generateOTP.INFO: test [] []
[2020-04-03 12:23:23] generateOTP.INFO: test [] []
[2020-04-03 12:24:08] generateOTP.INFO: test [] []
[2020-04-03 12:24:09] generateOTP.INFO: test [] []
[2020-04-03 12:24:28] generateOTP.INFO: test [] []
[2020-04-03 12:24:35] generateOTP.INFO: test [] []
[2020-04-03 12:25:42] generateOTP.INFO: test [] []
[2020-04-03 12:25:51] generateOTP.INFO: test [] []
[2020-04-03 12:25:53] generateOTP.INFO: test [] []
[2020-04-03 12:25:56] generateOTP.INFO: test [] []
[2020-04-03 12:26:16] generateOTP.INFO: test [] []
[2020-04-03 12:26:17] generateOTP.INFO: test [] []
[2020-04-03 12:39:27] generateOTP.INFO: test [] []
[2020-04-03 12:40:05] generateOTP.INFO: test [] []
[2020-04-03 12:40:06] generateOTP.INFO: test [] []
[2020-04-03 12:40:30] generateOTP.INFO: test [] []
[2020-04-03 12:40:45] generateOTP.INFO: test [] []
[2020-04-03 12:40:46] generateOTP.INFO: test [] []
[2020-04-03 12:41:29] generateOTP.INFO: test [] []
[2020-04-03 12:41:54] generateOTP.INFO: test [] []
[2020-04-03 12:42:06] generateOTP.INFO: test [] []
[2020-04-03 12:42:07] generateOTP.INFO: test [] []
[2020-04-03 12:43:14] generateOTP.INFO: test [] []
[2020-04-03 12:43:25] generateOTP.INFO: test [] []
[2020-04-03 12:43:27] generateOTP.INFO: test [] []
[2020-04-03 12:43:32] generateOTP.INFO: test [] []
[2020-04-03 12:43:42] generateOTP.INFO: test [] []
[2020-04-03 12:44:02] generateOTP.INFO: test [] []
[2020-04-03 12:44:04] generateOTP.INFO: test [] []
[2020-04-03 12:44:07] generateOTP.INFO: test [] []
[2020-04-03 12:44:20] generateOTP.INFO: test [] []
[2020-04-03 12:44:21] generateOTP.INFO: test [] []
[2020-04-03 12:44:53] generateOTP.INFO: test [] []
[2020-04-03 12:46:21] generateOTP.INFO: test [] []
[2020-04-03 12:46:38] generateOTP.INFO: test [] []
[2020-04-03 12:46:39] generateOTP.INFO: test [] []
[2020-04-03 12:47:00] generateOTP.INFO: test [] []
[2020-04-03 12:47:33] generateOTP.INFO: test [] []
[2020-04-03 12:47:50] generateOTP.INFO: test [] []
[2020-04-03 12:47:51] generateOTP.INFO: test [] []
[2020-04-03 12:48:01] generateOTP.INFO: test [] []
[2020-04-03 12:48:29] generateOTP.INFO: test [] []
[2020-04-03 12:48:30] generateOTP.INFO: test [] []
[2020-04-03 13:06:16] generateOTP.INFO: test [] []
[2020-04-03 13:06:45] generateOTP.INFO: test [] []
[2020-04-03 13:06:46] generateOTP.INFO: test [] []
[2020-04-03 13:15:28] generateOTP.INFO: test [] []
[2020-04-03 13:15:45] generateOTP.INFO: test [] []
[2020-04-03 13:15:46] generateOTP.INFO: test [] []
[2020-04-03 13:16:04] generateOTP.INFO: test [] []
[2020-04-03 13:18:31] generateOTP.INFO: test [] []
[2020-04-03 13:19:19] generateOTP.INFO: test [] []
[2020-04-03 13:19:20] generateOTP.INFO: test [] []
[2020-04-03 13:19:22] generateOTP.INFO: test [] []
[2020-04-03 13:20:00] generateOTP.INFO: test [] []
[2020-04-03 13:20:14] generateOTP.INFO: test [] []
[2020-04-03 13:20:16] generateOTP.INFO: test [] []
[2020-04-03 13:20:22] generateOTP.INFO: test [] []
[2020-04-03 13:24:24] generateOTP.INFO: test [] []
[2020-04-03 13:24:57] generateOTP.INFO: test [] []
[2020-04-03 13:24:58] generateOTP.INFO: test [] []
[2020-04-03 13:35:31] generateOTP.INFO: test [] []
[2020-04-03 13:35:35] generateOTP.INFO: test [] []
[2020-04-03 13:36:14] generateOTP.INFO: test [] []
[2020-04-03 13:36:15] generateOTP.INFO: test [] []
[2020-04-03 13:37:02] generateOTP.INFO: test [] []
[2020-04-03 13:37:03] generateOTP.INFO: test [] []
[2020-04-03 13:38:05] generateOTP.INFO: test [] []
[2020-04-03 13:38:06] generateOTP.INFO: test [] []
[2020-04-03 13:39:13] generateOTP.INFO: test [] []
[2020-04-03 13:42:30] generateOTP.INFO: test [] []
[2020-04-03 13:42:47] generateOTP.INFO: test [] []
[2020-04-03 13:42:48] generateOTP.INFO: test [] []
[2020-04-03 13:42:59] generateOTP.INFO: test [] []
[2020-04-03 14:01:17] generateOTP.INFO: test [] []
[2020-04-03 14:01:28] generateOTP.INFO: test [] []
[2020-04-03 14:01:31] generateOTP.INFO: test [] []
[2020-04-03 14:01:34] generateOTP.INFO: test [] []
[2020-04-03 14:01:37] generateOTP.INFO: test [] []
[2020-04-03 14:01:42] generateOTP.INFO: test [] []
[2020-04-03 14:01:43] generateOTP.INFO: test [] []
[2020-04-03 14:01:45] generateOTP.INFO: test [] []
[2020-04-03 14:01:46] generateOTP.INFO: test [] []
[2020-04-03 14:16:55] generateOTP.INFO: test [] []
[2020-04-03 14:16:58] generateOTP.INFO: test [] []
[2020-04-03 14:17:23] generateOTP.INFO: test [] []
[2020-04-03 14:17:25] generateOTP.INFO: test [] []
[2020-04-03 14:18:54] generateOTP.INFO: test [] []
[2020-04-03 14:19:18] generateOTP.INFO: test [] []
[2020-04-03 14:19:19] generateOTP.INFO: test [] []
[2020-04-03 14:32:29] generateOTP.INFO: test [] []
[2020-04-03 14:33:42] generateOTP.INFO: test [] []
[2020-04-03 14:35:20] generateOTP.INFO: test [] []
[2020-04-03 14:36:05] generateOTP.INFO: test [] []
[2020-04-03 14:37:48] generateOTP.INFO: test [] []
[2020-04-03 14:42:00] generateOTP.INFO: test [] []
[2020-04-03 14:42:01] generateOTP.INFO: test [] []
[2020-04-03 14:42:31] generateOTP.INFO: test [] []
[2020-04-03 14:42:32] generateOTP.INFO: test [] []
[2020-04-03 14:45:15] generateOTP.INFO: test [] []
[2020-04-03 14:45:42] generateOTP.INFO: test [] []
[2020-04-03 14:46:41] generateOTP.INFO: test [] []
[2020-04-03 14:46:46] generateOTP.INFO: test [] []
[2020-04-03 14:48:07] generateOTP.INFO: {"edit":"109","policy_no":"392,393","subtype_text":"1","sum_insure":"500000","familyConstruct":"1A+1K","tenure":"1 Year","family_members_id":"2","family_gender":"Male","first_name":"gg","last_name":"gg","family_date_birth":"18-04-2007","age":"12","age_type":"years","family_id":"","s_date":"","marriage_date":"","premium_parent":"","contri_parent":"","premium":"14602","policyNo":"392,393","familyDataType":"undefined","empId":"620183","product":"iWL65dcd54d9c5a65","declare":"[]"} [] []
[2020-04-03 14:50:51] generateOTP.INFO: test [] []
[2020-04-03 14:50:52] generateOTP.INFO: test [] []
[2020-04-03 14:51:20] generateOTP.INFO: test [] []
[2020-04-03 14:53:44] generateOTP.INFO: test [] []
[2020-04-03 14:53:48] generateOTP.INFO: test [] []
[2020-04-03 14:53:51] generateOTP.INFO: test [] []
[2020-04-03 14:54:30] generateOTP.INFO: {"edit":"0","policy_no":"392,393","subtype_text":"1","sum_insure":"500000","familyConstruct":"2A","tenure":"1 Year","family_members_id":"0","family_gender":"Male","first_name":"test","last_name":"BANKING","family_date_birth":"19-12-1988","age":"31","age_type":"years","family_id":"","s_date":"","marriage_date":"","premium_parent":"","contri_parent":"","premium":"14605","policyNo":"392,393","familyDataType":"undefined","empId":"620183","product":"iWL65dcd54d9c5a65","declare":"[]"} [] []
[2020-04-03 14:54:48] generateOTP.INFO: test [] []
[2020-04-03 14:55:07] generateOTP.INFO: {"edit":"0","policy_no":"392,393","subtype_text":"1","sum_insure":"500000","familyConstruct":"2A","tenure":"1 Year","family_members_id":"1","family_gender":"Female","first_name":"ttt","last_name":"tt","family_date_birth":"10-04-1991","age":"28","age_type":"years","family_id":"","s_date":"","marriage_date":"","premium_parent":"","contri_parent":"","premium":"14605","policyNo":"392,393","familyDataType":"undefined","empId":"620183","product":"iWL65dcd54d9c5a65","declare":"[]"} [] []
[2020-04-03 14:55:08] generateOTP.INFO: test [] []
[2020-04-03 14:55:13] generateOTP.INFO: test [] []
[2020-04-03 14:55:15] generateOTP.INFO: test [] []
[2020-04-03 14:56:06] generateOTP.INFO: test [] []
[2020-04-03 14:56:34] generateOTP.INFO: test [] []
[2020-04-03 15:00:17] generateOTP.INFO: test [] []
[2020-04-03 15:00:17] generateOTP.INFO: test [] []
[2020-04-03 15:00:27] generateOTP.INFO: {"edit":"0","policy_no":"392,393","subtype_text":"1","sum_insure":"500000","familyConstruct":"2A","tenure":"1 Year","family_members_id":"1","family_gender":"Female","first_name":"ttt","last_name":"tt","family_date_birth":"10-04-1991","age":"28","age_type":"years","family_id":"","s_date":"","marriage_date":"","premium_parent":"","contri_parent":"","premium":"14605","policyNo":"392,393","familyDataType":"undefined","empId":"620183","product":"iWL65dcd54d9c5a65","declare":"[]"} [] []
[2020-04-03 15:01:04] generateOTP.INFO: test [] []
[2020-04-03 15:04:45] generateOTP.INFO: test [] []
[2020-04-03 15:04:45] generateOTP.INFO: test [] []
[2020-04-03 15:06:55] generateOTP.INFO: test [] []
[2020-04-03 15:06:56] generateOTP.INFO: test [] []
[2020-04-03 15:07:07] generateOTP.INFO: {"edit":"0","policy_no":"392,393","subtype_text":"1","sum_insure":"500000","familyConstruct":"2A","tenure":"1 Year","family_members_id":"1","family_gender":"Female","first_name":"rfff","last_name":"ff","family_date_birth":"12-04-1979","age":"40","age_type":"years","family_id":"","s_date":"10-04-1991","marriage_date":"","premium_parent":"","contri_parent":"","premium":"14605","policyNo":"392,393","familyDataType":"undefined","empId":"620183","product":"iWL65dcd54d9c5a65","declare":"[]"} [] []
[2020-04-03 15:17:21] generateOTP.INFO: test [] []
[2020-04-03 15:18:51] generateOTP.INFO: test [] []
[2020-04-03 15:22:39] generateOTP.INFO: test [] []
[2020-04-03 15:23:59] generateOTP.INFO: test [] []
[2020-04-03 15:25:04] generateOTP.INFO: test [] []
[2020-04-03 15:25:55] generateOTP.INFO: test [] []
[2020-04-03 15:26:48] generateOTP.INFO: test [] []
[2020-04-03 15:26:53] generateOTP.INFO: test [] []
[2020-04-03 15:26:55] generateOTP.INFO: test [] []
[2020-04-03 15:32:12] generateOTP.INFO: test [] []
[2020-04-03 15:32:32] generateOTP.INFO: test [] []
[2020-04-03 15:32:33] generateOTP.INFO: test [] []
[2020-04-03 15:33:12] generateOTP.INFO: test [] []
[2020-04-03 15:34:09] generateOTP.INFO: test [] []
[2020-04-03 15:35:23] generateOTP.INFO: test [] []
[2020-04-03 15:35:24] generateOTP.INFO: test [] []
[2020-04-03 15:35:45] generateOTP.INFO: test [] []
[2020-04-03 15:36:03] generateOTP.INFO: test [] []
[2020-04-03 15:36:04] generateOTP.INFO: test [] []
[2020-04-03 15:36:05] generateOTP.INFO: test [] []
[2020-04-03 15:36:11] generateOTP.INFO: test [] []
[2020-04-03 15:36:47] generateOTP.INFO: test [] []
[2020-04-03 15:40:47] generateOTP.INFO: test [] []
[2020-04-03 15:40:48] generateOTP.INFO: test [] []
[2020-04-03 15:56:03] generateOTP.INFO: test [] []
[2020-04-03 15:56:04] generateOTP.INFO: test [] []
[2020-04-03 15:57:35] generateOTP.INFO: test [] []
[2020-04-03 15:57:35] generateOTP.INFO: test [] []
[2020-04-03 15:59:03] generateOTP.INFO: test [] []
[2020-04-03 15:59:04] generateOTP.INFO: test [] []
[2020-04-03 16:01:42] generateOTP.INFO: test [] []
[2020-04-03 16:02:50] generateOTP.INFO: test [] []
[2020-04-03 16:02:50] generateOTP.INFO: test [] []
[2020-04-03 16:03:05] generateOTP.INFO: {"edit":"0","policy_no":"392,393","subtype_text":"1","sum_insure":"500000","familyConstruct":"2A","tenure":"1 Year","family_members_id":"0","family_gender":"Male","first_name":"test","last_name":"BANKING","family_date_birth":"19-12-1988","age":"31","age_type":"years","family_id":"","s_date":"","marriage_date":"","premium_parent":"","contri_parent":"","premium":"14605","policyNo":"392,393","familyDataType":"undefined","empId":"620230","product":"iWL65dcd54d9c5a65","declare":"[]"} [] []
[2020-04-03 16:03:16] generateOTP.INFO: {"edit":"0","policy_no":"392,393","subtype_text":"1","sum_insure":"500000","familyConstruct":"2A","tenure":"1 Year","family_members_id":"1","family_gender":"Female","first_name":"ggg","last_name":"gg","family_date_birth":"13-04-1988","age":"31","age_type":"years","family_id":"","s_date":"","marriage_date":"","premium_parent":"","contri_parent":"","premium":"14605","policyNo":"392,393","familyDataType":"undefined","empId":"620230","product":"iWL65dcd54d9c5a65","declare":"[]"} [] []
[2020-04-03 16:04:14] generateOTP.INFO: test [] []
[2020-04-03 16:04:32] generateOTP.INFO: test [] []
[2020-04-03 16:04:33] generateOTP.INFO: test [] []
[2020-04-03 16:04:34] generateOTP.INFO: test [] []
[2020-04-03 16:04:56] generateOTP.INFO: test [] []
[2020-04-03 16:04:56] generateOTP.INFO: test [] []
[2020-04-03 16:05:42] generateOTP.INFO: test [] []
[2020-04-03 16:05:49] generateOTP.INFO: test [] []
[2020-04-03 16:05:51] generateOTP.INFO: test [] []
[2020-04-03 16:05:53] generateOTP.INFO: test [] []
[2020-04-03 16:05:54] generateOTP.INFO: test [] []
[2020-04-03 16:08:50] generateOTP.INFO: test [] []
[2020-04-03 16:08:53] generateOTP.INFO: test [] []
[2020-04-03 16:10:18] generateOTP.INFO: test [] []
[2020-04-03 16:10:19] generateOTP.INFO: test [] []
[2020-04-03 16:13:25] generateOTP.INFO: test [] []
[2020-04-03 16:13:29] generateOTP.INFO: test [] []
[2020-04-03 16:13:38] generateOTP.INFO: test [] []
[2020-04-03 16:14:43] generateOTP.INFO: test [] []
[2020-04-03 16:14:43] generateOTP.INFO: test [] []
[2020-04-03 16:15:49] generateOTP.INFO: {"edit":"0","policy_no":"392,393","subtype_text":"1","sum_insure":"500000","familyConstruct":"2A","tenure":"1 Year","family_members_id":"0","family_gender":"Male","first_name":"test","last_name":"BANKING","family_date_birth":"19-12-1988","age":"31","age_type":"years","family_id":"","s_date":"","marriage_date":"","premium_parent":"","contri_parent":"","premium":"14605","policyNo":"392,393","familyDataType":"undefined","empId":"620231","product":"iWL65dcd54d9c5a65","declare":"[]"} [] []
[2020-04-03 16:16:00] generateOTP.INFO: {"edit":"0","policy_no":"392,393","subtype_text":"1","sum_insure":"500000","familyConstruct":"2A","tenure":"1 Year","family_members_id":"1","family_gender":"Female","first_name":"ff","last_name":"dd","family_date_birth":"26-04-1990","age":"29","age_type":"years","family_id":"","s_date":"","marriage_date":"","premium_parent":"","contri_parent":"","premium":"14605","policyNo":"392,393","familyDataType":"undefined","empId":"620231","product":"iWL65dcd54d9c5a65","declare":"[]"} [] []
[2020-04-03 16:16:38] documentsSave.INFO: {"ops_type":"[]","ids":"67,68"} [] []
[2020-04-03 16:16:38] documentsSaveFiles.INFO: [] [] []
[2020-04-03 16:16:49] generateOTP.INFO: test [] []
[2020-04-03 16:19:29] generateOTP.INFO: test [] []
[2020-04-03 16:19:32] generateOTP.INFO: test [] []
[2020-04-03 16:19:33] generateOTP.INFO: test [] []
[2020-04-03 16:19:35] generateOTP.INFO: test [] []
[2020-04-03 16:19:36] generateOTP.INFO: test [] []
[2020-04-03 16:19:44] generateOTP.INFO: test [] []
[2020-04-03 16:19:46] generateOTP.INFO: test [] []
[2020-04-03 16:19:47] generateOTP.INFO: test [] []
[2020-04-03 16:22:08] generateOTP.INFO: test [] []
[2020-04-03 16:22:09] generateOTP.INFO: test [] []
[2020-04-03 16:22:31] generateOTP.INFO: {"edit":"0","policy_no":"392,393","subtype_text":"1","sum_insure":"500000","familyConstruct":"2A","tenure":"1 Year","family_members_id":"0","family_gender":"Male","first_name":"test","last_name":"BANKING","family_date_birth":"19-12-1988","age":"31","age_type":"years","family_id":"","s_date":"","marriage_date":"","premium_parent":"","contri_parent":"","premium":"14605","policyNo":"392,393","familyDataType":"undefined","empId":"620232","product":"iWL65dcd54d9c5a65","declare":"[]"} [] []
[2020-04-03 16:22:55] generateOTP.INFO: {"edit":"0","policy_no":"392,393","subtype_text":"1","sum_insure":"500000","familyConstruct":"2A","tenure":"1 Year","family_members_id":"1","family_gender":"Female","first_name":"ef","last_name":"e","family_date_birth":"02-04-1992","age":"28","age_type":"years","family_id":"","s_date":"","marriage_date":"","premium_parent":"","contri_parent":"","premium":"14605","policyNo":"392,393","familyDataType":"undefined","empId":"620232","product":"iWL65dcd54d9c5a65","declare":"[]"} [] []
[2020-04-03 16:23:45] documentsSave.INFO: {"ops_type":"[\"0\",\"Y\"]","ids":"69,70"} [] []
[2020-04-03 16:23:45] documentsSaveFiles.INFO: [{"name":"Chrysanthemum.jpg","type":"image\/jpeg","tmp_name":"\/tmp\/phpMAoaeC","error":0,"size":879394},{"name":"Lighthouse.jpg","type":"image\/jpeg","tmp_name":"\/tmp\/phpfo6p8h","error":0,"size":561276}] [] []
[2020-04-03 16:30:48] generateOTP.INFO: test [] []
[2020-04-03 16:31:31] generateOTP.INFO: test [] []
[2020-04-03 16:32:47] generateOTP.INFO: test [] []
[2020-04-03 16:32:56] generateOTP.INFO: test [] []
[2020-04-03 16:32:56] generateOTP.INFO: test [] []
[2020-04-03 16:35:30] generateOTP.INFO: test [] []
[2020-04-03 16:35:31] generateOTP.INFO: test [] []
[2020-04-03 16:36:10] generateOTP.INFO: test [] []
[2020-04-03 16:36:11] generateOTP.INFO: test [] []
[2020-04-03 16:36:14] generateOTP.INFO: test [] []
[2020-04-03 16:36:19] generateOTP.INFO: test [] []
[2020-04-03 16:36:25] generateOTP.INFO: test [] []
[2020-04-03 16:36:38] generateOTP.INFO: test [] []
[2020-04-03 16:36:40] generateOTP.INFO: test [] []
[2020-04-03 16:36:59] generateOTP.INFO: {"edit":"0","policy_no":"392,393","subtype_text":"1","sum_insure":"500000","familyConstruct":"2A","tenure":"1 Year","family_members_id":"0","family_gender":"Male","first_name":"test","last_name":"BANKING","family_date_birth":"19-12-1988","age":"31","age_type":"years","family_id":"","s_date":"","marriage_date":"","premium_parent":"","contri_parent":"","premium":"14605","policyNo":"392,393","familyDataType":"undefined","empId":"620233","product":"iWL65dcd54d9c5a65","declare":"[]"} [] []
[2020-04-03 16:37:12] generateOTP.INFO: {"edit":"0","policy_no":"392,393","subtype_text":"1","sum_insure":"500000","familyConstruct":"2A","tenure":"1 Year","family_members_id":"1","family_gender":"Female","first_name":"fff","last_name":"ggg","family_date_birth":"27-04-1979","age":"40","age_type":"years","family_id":"","s_date":"","marriage_date":"","premium_parent":"","contri_parent":"","premium":"14605","policyNo":"392,393","familyDataType":"undefined","empId":"620233","product":"iWL65dcd54d9c5a65","declare":"[]"} [] []
[2020-04-03 16:39:21] generateOTP.INFO: test [] []
[2020-04-03 16:39:21] generateOTP.INFO: test [] []
[2020-04-03 16:39:31] generateOTP.INFO: {"edit":"0","policy_no":"392,393","subtype_text":"1","sum_insure":"500000","familyConstruct":"2A","tenure":"1 Year","family_members_id":"0","family_gender":"Male","first_name":"test","last_name":"BANKING","family_date_birth":"19-12-1988","age":"31","age_type":"years","family_id":"","s_date":"","marriage_date":"","premium_parent":"","contri_parent":"","premium":"14605","policyNo":"392,393","familyDataType":"undefined","empId":"620234","product":"iWL65dcd54d9c5a65","declare":"[]"} [] []
[2020-04-03 16:39:48] generateOTP.INFO: {"edit":"0","policy_no":"392,393","subtype_text":"1","sum_insure":"500000","familyConstruct":"2A","tenure":"1 Year","family_members_id":"1","family_gender":"Female","first_name":"gg","last_name":"tt","family_date_birth":"19-04-1991","age":"28","age_type":"years","family_id":"","s_date":"","marriage_date":"","premium_parent":"","contri_parent":"","premium":"14605","policyNo":"392,393","familyDataType":"undefined","empId":"620234","product":"iWL65dcd54d9c5a65","declare":"[]"} [] []
[2020-04-03 16:40:35] documentsSave.INFO: {"ops_type":"[\"0\",\"Y\"]","ids":"71,72"} [] []
[2020-04-03 16:40:35] documentsSaveFiles.INFO: [{"name":"Hydrangeas.jpg","type":"image\/jpeg","tmp_name":"\/tmp\/php56ZA5R","error":0,"size":595284},{"name":"Koala.jpg","type":"image\/jpeg","tmp_name":"\/tmp\/phphXpNgE","error":0,"size":780831}] [] []
[2020-04-03 16:40:40] generateOTP.INFO: test [] []
[2020-04-03 16:49:24] generateOTP.INFO: test [] []
[2020-04-03 16:49:25] generateOTP.INFO: test [] []
[2020-04-03 16:50:09] generateOTP.INFO: {"edit":"0","policy_no":"392,393","subtype_text":"1","sum_insure":"500000","familyConstruct":"2A","tenure":"1 Year","family_members_id":"0","family_gender":"Male","first_name":"test","last_name":"BANKING","family_date_birth":"19-12-1988","age":"31","age_type":"years","family_id":"","s_date":"","marriage_date":"","premium_parent":"","contri_parent":"","premium":"14605","policyNo":"392,393","familyDataType":"undefined","empId":"620235","product":"iWL65dcd54d9c5a65","declare":"[]"} [] []
[2020-04-03 16:50:22] generateOTP.INFO: {"edit":"0","policy_no":"392,393","subtype_text":"1","sum_insure":"500000","familyConstruct":"2A","tenure":"1 Year","family_members_id":"1","family_gender":"Female","first_name":"gg","last_name":"dd","family_date_birth":"12-04-1990","age":"29","age_type":"years","family_id":"","s_date":"","marriage_date":"","premium_parent":"","contri_parent":"","premium":"14605","policyNo":"392,393","familyDataType":"undefined","empId":"620235","product":"iWL65dcd54d9c5a65","declare":"[]"} [] []
[2020-04-03 16:52:34] generateOTP.INFO: test [] []
[2020-04-03 16:52:34] generateOTP.INFO: test [] []
[2020-04-03 16:54:25] generateOTP.INFO: test [] []
[2020-04-03 16:54:26] generateOTP.INFO: test [] []
[2020-04-03 16:55:04] generateOTP.INFO: test [] []
[2020-04-03 16:55:05] generateOTP.INFO: test [] []
[2020-04-03 16:57:48] generateOTP.INFO: {"edit":"0","policy_no":"392,393","subtype_text":"1","sum_insure":"500000","familyConstruct":"2A","tenure":"1 Year","family_members_id":"1","family_gender":"Female","first_name":"ff","last_name":"gg","family_date_birth":"11-04-1979","age":"40","age_type":"years","family_id":"","s_date":"12-04-1990","marriage_date":"","premium_parent":"","contri_parent":"","premium":"14605","policyNo":"392,393","familyDataType":"undefined","empId":"620235","product":"iWL65dcd54d9c5a65","declare":"[]"} [] []
[2020-04-03 17:05:10] generateOTP.INFO: test [] []
[2020-04-03 17:05:10] generateOTP.INFO: test [] []
[2020-04-03 17:05:19] generateOTP.INFO: {"edit":"0","policy_no":"392,393","subtype_text":"1","sum_insure":"500000","familyConstruct":"1A","tenure":"1 Year","family_members_id":"0","family_gender":"Male","first_name":"siddhi","last_name":"yendhe","family_date_birth":"19-12-1988","age":"31","age_type":"years","family_id":"","s_date":"","marriage_date":"","premium_parent":"","contri_parent":"","premium":"11102","policyNo":"392,393","familyDataType":"undefined","empId":"620236","product":"iWL65dcd54d9c5a65","declare":"[]"} [] []
[2020-04-03 17:06:58] documentsSave.INFO: {"ops_type":"[]","ids":"73,74"} [] []
[2020-04-03 17:06:58] documentsSaveFiles.INFO: [] [] []
[2020-04-03 17:07:12] generateOTP.INFO: test [] []
[2020-04-03 17:11:10] generateOTP.INFO: test [] []
[2020-04-03 17:11:14] generateOTP.INFO: test [] []
[2020-04-03 17:17:26] full_quote_request1.INFO: {"ClientCreation":{"Member_Customer_ID":"5678688899","salutation":"Mr","firstName":"siddhi","middleName":"","lastName":"yendhe","dateofBirth":"12\/19\/1988","gender":"M","educationalQualification":null,"pinCode":"622103","uidNo":"5478-2589-3688","maritalStatus":null,"nationality":"Indian","occupation":"O553","primaryEmailID":"jack@gmail.com","contactMobileNo":"7010444138","stdLandlineNo":null,"panNo":null,"passportNumber":null,"contactPerson":null,"annualIncome":null,"remarks":null,"startDate":"2020-04-03","endDate":null,"IdProof":"Adhaar Card","residenceProof":null,"ageProof":null,"others":null,"homeAddressLine1":"Om hrad ntalatiof, holOmshre, talathioficeeachol, OmshreeSada9talathi","homeAddressLine2":null,"homeAddressLine3":null,"homePinCode":"622103","homeArea":null,"homeContactMobileNo":null,"homeContactMobileNo2":null,"homeSTDLandlineNo":null,"homeFaxNo":null,"sameAsHomeAddress":"1","mailingAddressLine1":null,"mailingAddressLine2":null,"mailingAddressLine3":null,"mailingPinCode":null,"mailingArea":null,"mailingContactMobileNo":null,"mailingContactMobileNo2":null,"mailingSTDLandlineNo":null,"mailingSTDLandlineNo2":null,"mailingFaxNo":null,"bankAccountType":null,"bankAccountNo":null,"ifscCode":null,"GSTIN":null,"GSTRegistrationStatus":"Consumers","IsEIAavailable":"0","ApplyEIA":"0","EIAAccountNo":null,"EIAWith":"0","AccountType":null,"AddressProof":null,"DOBProof":null,"IdentityProof":null},"PolicyCreationRequest":{"Quotation_Number":"","MasterPolicyNumber":"61-19-00120-00-00","GroupID":"GRP001","Product_Code":"4211","intermediaryCode":"2104794","AutoRenewal":"Y","intermediaryBranchCode":"10MHMUM01","agentSignatureDate":null,"Customer_Signature_Date":null,"businessSourceChannel":null,"AssignPolicy":"0","AssigneeName":null,"leadID":"233435445","Source_Name":"AXIS_GHI","SPID":"1","TCN":null,"CRTNO":null,"RefCode1":"1","RefCode2":"051","Employee_Number":"620236","enumIsEmployeeDiscount":null,"QuoteDate":null,"IsPayment":"0","PaymentMode":null,"PolicyproductComponents":[{"PlanCode":"4211","SumInsured":"500000","SchemeCode":"4112000003"}]},"MemObj":{"Member":[{"MemberNo":1,"Salutation":"Mr","First_Name":"siddhi","Middle_Name":null,"Last_Name":"yendhe","Gender":"M","DateOfBirth":"12\/19\/1988","Relation_Code":"R001","Marital_Status":null,"height":"0.00","weight":"0","occupation":"O553","PrimaryMember":"Y","MemberproductComponents":[{"PlanCode":"4211","MemberQuestionDetails":[{"QuestionCode":null,"Answer":null,"Remarks":null}]}],"MemberPED":[{"PEDCode":null,"Remarks":null}],"exactDiagnosis":null,"dateOfDiagnosis":null,"lastDateConsultation":null,"detailsOfTreatmentGiven":null,"doctorName":null,"hospitalName":null,"phoneNumberHosital":null,"Nominee_First_Name":"ftght","Nominee_Last_Name":"bfgb","Nominee_Contact_Number":"8798976666","Nominee_Home_Address":null,"Nominee_Relationship_Code":"R004"}]},"ReceiptCreation":{"officeLocation":"","modeOfEntry":"","cdAcNo":null,"expiryDate":null,"payerType":"","payerCode":null,"paymentBy":"","paymentByName":null,"paymentByRelationship":null,"collectionAmount":"","collectionRcvdDate":null,"collectionMode":"","remarks":null,"instrumentNumber":null,"instrumentDate":null,"bankName":null,"branchName":null,"bankLocation":null,"micrNo":null,"chequeType":null,"ifscCode":"","PaymentGatewayName":"","TerminalID":"","CardNo":null}} [] []
[2020-04-03 17:17:29] full_quote_reponse1.INFO: "<ns0:GHI_Res xmlns:ns0=\"http:\/\/ABHICL_NBP_QuickQuote_Schemas.GHI_Response\"><errorObj><ErrorNumber>00<\/ErrorNumber><ErrorMessage>Success<\/ErrorMessage><\/errorObj><policyDtls><TransactionReferenceNumber><\/TransactionReferenceNumber><QuotationNumber>IPB100023615<\/QuotationNumber><CertificateNumber><\/CertificateNumber><LetterURL><\/LetterURL><ClientID><\/ClientID><ProductName>Group Activ Health<\/ProductName><ProductCode>4211<\/ProductCode><LineOfBusiness>42<\/LineOfBusiness><startDate><\/startDate><EndDate><\/EndDate><PolicyNumber>61-19-00120-00-00<\/PolicyNumber><ProposalNumber><\/ProposalNumber><PolicyStatus>PQ1<\/PolicyStatus><Tenure>1<\/Tenure><stpFlag>0<\/stpFlag><MemberCustomerID>5678688899<\/MemberCustomerID><\/policyDtls><premium><BasePremium>7118.64<\/BasePremium><NetPremium>7118.64<\/NetPremium><GST>1281.36<\/GST><GrossPremium>8400.00<\/GrossPremium><\/premium><receiptObj><ReceiptNumber \/><ReceiptAmount \/><ExcessAmount \/><\/receiptObj><\/ns0:GHI_Res>" [] []
[2020-04-03 17:24:45] generateOTP.INFO: test [] []
[2020-04-03 17:26:31] generateOTP.INFO: test [] []
[2020-04-03 17:26:32] generateOTP.INFO: test [] []
[2020-04-03 17:29:36] generateOTP.INFO: test [] []
[2020-04-03 17:29:37] generateOTP.INFO: test [] []
[2020-04-03 17:29:46] generateOTP.INFO: test [] []
[2020-04-03 17:29:52] generateOTP.INFO: test [] []
[2020-04-03 17:30:14] generateOTP.INFO: test [] []
[2020-04-03 17:30:18] generateOTP.INFO: test [] []
[2020-04-03 17:34:11] generateOTP.INFO: test [] []
[2020-04-03 17:34:22] generateOTP.INFO: test [] []
[2020-04-03 17:34:34] generateOTP.INFO: test [] []
[2020-04-03 17:34:48] generateOTP.INFO: test [] []
[2020-04-03 17:34:59] generateOTP.INFO: test [] []
[2020-04-03 17:35:01] generateOTP.INFO: test [] []
[2020-04-03 17:35:04] generateOTP.INFO: test [] []
[2020-04-03 17:35:06] generateOTP.INFO: test [] []
[2020-04-03 17:35:08] generateOTP.INFO: test [] []
[2020-04-03 17:35:18] generateOTP.INFO: test [] []
[2020-04-03 17:35:19] generateOTP.INFO: test [] []
[2020-04-03 17:35:20] generateOTP.INFO: test [] []
[2020-04-03 17:35:57] generateOTP.INFO: test [] []
[2020-04-03 17:36:02] generateOTP.INFO: test [] []
[2020-04-03 17:37:56] generateOTP.INFO: test [] []
[2020-04-03 17:38:02] generateOTP.INFO: test [] []
[2020-04-03 17:38:05] generateOTP.INFO: test [] []
[2020-04-03 17:38:07] generateOTP.INFO: test [] []
[2020-04-03 17:38:08] generateOTP.INFO: test [] []
[2020-04-03 17:38:15] generateOTP.INFO: test [] []
[2020-04-03 17:38:33] generateOTP.INFO: test [] []
[2020-04-03 17:38:36] generateOTP.INFO: test [] []
[2020-04-03 17:38:36] generateOTP.INFO: test [] []
[2020-04-03 17:38:37] generateOTP.INFO: test [] []
[2020-04-03 17:38:38] generateOTP.INFO: test [] []
[2020-04-03 17:39:46] generateOTP.INFO: test [] []
[2020-04-03 17:39:57] full_quote_request2.INFO: {"ClientCreation":{"Member_Customer_ID":"5678688899","salutation":"Mr","firstName":"siddhi","middleName":"","lastName":"yendhe","dateofBirth":"12\/19\/1988","gender":"M","educationalQualification":null,"pinCode":"622103","uidNo":"5478-2589-3688","maritalStatus":null,"nationality":"Indian","occupation":"O553","primaryEmailID":"jack@gmail.com","contactMobileNo":"7010444138","stdLandlineNo":null,"panNo":null,"passportNumber":null,"contactPerson":null,"annualIncome":null,"remarks":null,"startDate":"2020-04-03","endDate":null,"IdProof":"Adhaar Card","residenceProof":null,"ageProof":null,"others":null,"homeAddressLine1":"Om hrad ntalatiof, holOmshre, talathioficeeachol, OmshreeSada9talathi","homeAddressLine2":null,"homeAddressLine3":null,"homePinCode":"622103","homeArea":null,"homeContactMobileNo":null,"homeContactMobileNo2":null,"homeSTDLandlineNo":null,"homeFaxNo":null,"sameAsHomeAddress":"1","mailingAddressLine1":null,"mailingAddressLine2":null,"mailingAddressLine3":null,"mailingPinCode":null,"mailingArea":null,"mailingContactMobileNo":null,"mailingContactMobileNo2":null,"mailingSTDLandlineNo":null,"mailingSTDLandlineNo2":null,"mailingFaxNo":null,"bankAccountType":null,"bankAccountNo":null,"ifscCode":null,"GSTIN":null,"GSTRegistrationStatus":"Consumers","IsEIAavailable":"0","ApplyEIA":"0","EIAAccountNo":null,"EIAWith":"0","AccountType":null,"AddressProof":null,"DOBProof":null,"IdentityProof":null},"PolicyCreationRequest":{"Quotation_Number":"IPB100023615","MasterPolicyNumber":"61-19-00120-00-00","GroupID":"GRP001","Product_Code":"4211","intermediaryCode":"2104794","AutoRenewal":"Y","intermediaryBranchCode":"10MHMUM01","agentSignatureDate":null,"Customer_Signature_Date":null,"businessSourceChannel":null,"AssignPolicy":"0","AssigneeName":null,"leadID":"233435445","Source_Name":"AXIS_GHI","SPID":"1","TCN":null,"CRTNO":null,"RefCode1":"1","RefCode2":"051","Employee_Number":"620236","enumIsEmployeeDiscount":null,"QuoteDate":null,"IsPayment":"1","PaymentMode":null,"PolicyproductComponents":[{"PlanCode":"4211","SumInsured":"500000","SchemeCode":"4112000003"}]},"MemObj":{"Member":[{"MemberNo":1,"Salutation":"Mr","First_Name":"siddhi","Middle_Name":null,"Last_Name":"yendhe","Gender":"M","DateOfBirth":"12\/19\/1988","Relation_Code":"R001","Marital_Status":null,"height":"0.00","weight":"0","occupation":"O553","PrimaryMember":"Y","MemberproductComponents":[{"PlanCode":"4211","MemberQuestionDetails":[{"QuestionCode":null,"Answer":null,"Remarks":null}]}],"MemberPED":[{"PEDCode":null,"Remarks":null}],"exactDiagnosis":null,"dateOfDiagnosis":null,"lastDateConsultation":null,"detailsOfTreatmentGiven":null,"doctorName":null,"hospitalName":null,"phoneNumberHosital":null,"Nominee_First_Name":"ftght","Nominee_Last_Name":"bfgb","Nominee_Contact_Number":"8798976666","Nominee_Home_Address":null,"Nominee_Relationship_Code":"R004"}]},"ReceiptCreation":{"officeLocation":"Mumbai","modeOfEntry":"Direct","cdAcNo":null,"expiryDate":null,"payerType":"Customer","payerCode":null,"paymentBy":"Customer","paymentByName":null,"paymentByRelationship":null,"collectionAmount":"11102","collectionRcvdDate":"4\/3\/2020 5:38:36 PM","collectionMode":"online","remarks":null,"instrumentNumber":"403993715520809253","instrumentDate":"2020-04-03","bankName":"AXIS BANK","branchName":"ANNA NAGAR CHENNAI","bankLocation":null,"micrNo":null,"chequeType":null,"ifscCode":"UTIB0000016","PaymentGatewayName":"AXIS_NETB","TerminalID":"76010098","CardNo":null}} [] []
[2020-04-03 17:40:00] full_quote_reponse2.INFO: "<ns0:GHI_Res xmlns:ns0=\"http:\/\/ABHICL_NBP_QuickQuote_Schemas.GHI_Response\"><errorObj><ErrorNumber>00<\/ErrorNumber><ErrorMessage>Success<\/ErrorMessage><\/errorObj><policyDtls><TransactionReferenceNumber><\/TransactionReferenceNumber><QuotationNumber>IPB100023619<\/QuotationNumber><CertificateNumber>GHI-20-1000015<\/CertificateNumber><LetterURL>https:\/\/uat_abpb.adityabirlahealth.com\/hbletter\/viewletter.aspx?ABH=22580&amp;TRM=GHI-20-1000015<\/LetterURL><ClientID>1278450<\/ClientID><ProductName>Group Activ Health<\/ProductName><ProductCode>4211<\/ProductCode><LineOfBusiness>42<\/LineOfBusiness><startDate>4\/3\/2020 12:00:00 AM<\/startDate><EndDate>4\/2\/2021 12:00:00 AM<\/EndDate><PolicyNumber>61-19-00120-00-00<\/PolicyNumber><ProposalNumber>IPB100023619<\/ProposalNumber><PolicyStatus>IF<\/PolicyStatus><Tenure>1<\/Tenure><stpFlag>0<\/stpFlag><MemberCustomerID>5678688899<\/MemberCustomerID><\/policyDtls><premium><BasePremium>7118.64<\/BasePremium><NetPremium>7118.64<\/NetPremium><GST>1281.36<\/GST><GrossPremium>8400.00<\/GrossPremium><\/premium><receiptObj><ReceiptNumber>R100167475<\/ReceiptNumber><ReceiptAmount>11102.00<\/ReceiptAmount><ExcessAmount>2702.00<\/ExcessAmount><\/receiptObj><\/ns0:GHI_Res>" [] []
[2020-04-03 17:40:00] api_insert.INFO: {"emp_id":"620236","client_id":"1278450","certificate_number":"GHI-20-1000015","quotation_no":"IPB100023619","proposal_no":"IPB100023619","policy_no":"61-19-00120-00-00","gross_premium":null,"status":"Success","start_date":"4\/3\/2020 12:00:00 AM","end_date":"4\/2\/2021 12:00:00 AM","created_date":"2020-04-03 17:40:00","proposal_no_lead":"P-202004030010","CustomerID":"5678688899","PolicyStatus":"IF","MemberCustomerID":"5678688899","letter_url":"https:\/\/uat_abpb.adityabirlahealth.com\/hbletter\/viewletter.aspx?ABH=22580&TRM=GHI-20-1000015","type_login":"POS"} [] []
[2020-04-03 17:40:00] cancer_request.INFO: {"is_payment":"1","source":"API","system_name":"AXIS_UAT","user_name":"AXIS","authkey":"Axi$@1234","data":[{"ProposalData":{"is_policy_renew":"0","aadhar_number":"5478-2589-3688","any_pre_existing_disease":null,"customer_id":"5678688899","pre_customer_id":"","dob":"1988-12-19","email_address":"jack@gmail.com","field1":"233435445","field2":"data2","field3":"data3","field4":"data4","field5":"data5","first_name":"siddhi","gender":"Male","last_name":"yendhe","occupation":"TL","pan_number":"DDDDD6456A","payment_mode":"Cheque","phone_mobile":"7010444138","remarks":"TestingProposalviaapi","salutation":"Mr","source":"API","is_endorsed":"0"},"PolicyDetails":{"aggregate_deductible":"0","master_policy_no":"52-18-00016-00-00-AXIS","plan_type":"GCS","policy_tenure":"1","policy_type":"Self","start_date":"2019-11-14","sum_assured":"500000","total_premium":"1394"},"PaymentDetails":{"amount":"1394","bank_branch":"ANNA NAGAR CHENNAI","bank_ifsc_code":"UTIB0000016","bank_name":"AXIS BANK","bank_ref_code":"TRFGYGRF","payment_mode":"CC","remarks":"Success","status":"Success","sum_assured":"500000","transaction_id":"403993715520809253","transaction_date":"2020-04-03"},"MemberDetails":[],"AddressData":{"CorrespondenceAddress":{"address1":"Om hrad ntalatiof, holOmshre, talathioficeeachol, OmshreeSada9talathi","address2":"","address3":"","area_of_pincode":"622103","city":"MUMBAI","country":"India","state":"MAHARASHTRA"},"PermanentAddress":{"address1":"Om hrad ntalatiof, holOmshre, talathioficeeachol, OmshreeSada9talathi","address2":"","address3":"","area_of_pincode":"622103","city":"MUMBAI","country":"India","state":"MAHARASHTRA"}},"NominneeData":{"dob":"1990-01-11","gender":"Female","name":"ftght bfgb","relation":"Dependent Daughter","salutation":"Mrs"}}]} [] []
[2020-04-03 17:40:04] cancer_response.INFO: "{\"StatusCode\":\"300\",\"Status\":\"Failure\",\"RecordID\":\"\",\"ProposalNo\":\"\",\"COI_No\":\"\",\"Error\":{\"ErrorCode\":\"003\",\"ErrorMsg\":\"Master Policy Not Found\",\"ReferenceID\":1117},\"UserDefData\":{\"field1\":\"233435445\",\"field2\":\"data2\",\"field3\":\"data3\",\"field4\":\"data4\",\"field5\":\"data5\"},\"PDF_Path\":\"\"}" [] []
[2020-04-03 17:40:07] generateOTP.INFO: test [] []
[2020-04-03 17:40:08] generateOTP.INFO: test [] []
[2020-04-03 17:40:09] generateOTP.INFO: test [] []
[2020-04-03 17:40:36] generateOTP.INFO: test [] []
[2020-04-03 17:40:39] generateOTP.INFO: test [] []
[2020-04-03 17:40:42] generateOTP.INFO: test [] []
[2020-04-03 17:40:43] generateOTP.INFO: test [] []
[2020-04-03 17:40:45] generateOTP.INFO: test [] []
[2020-04-03 17:40:49] generateOTP.INFO: test [] []
[2020-04-03 17:41:05] generateOTP.INFO: test [] []
[2020-04-03 17:41:06] generateOTP.INFO: test [] []
[2020-04-03 17:44:11] generateOTP.INFO: test [] []
[2020-04-03 17:44:35] generateOTP.INFO: test [] []
[2020-04-03 17:44:37] generateOTP.INFO: test [] []
[2020-04-03 17:47:30] generateOTP.INFO: test [] []
[2020-04-03 17:47:38] generateOTP.INFO: test [] []
[2020-04-03 17:47:39] generateOTP.INFO: test [] []
[2020-04-03 17:48:07] generateOTP.INFO: test [] []
[2020-04-03 17:48:11] generateOTP.INFO: test [] []
[2020-04-03 17:48:13] generateOTP.INFO: test [] []
[2020-04-03 17:48:43] generateOTP.INFO: test [] []
[2020-04-03 17:48:48] generateOTP.INFO: test [] []
[2020-04-03 17:48:51] generateOTP.INFO: test [] []
[2020-04-03 17:48:53] generateOTP.INFO: test [] []
[2020-04-03 17:48:56] generateOTP.INFO: test [] []
[2020-04-03 17:49:00] generateOTP.INFO: test [] []
[2020-04-03 17:58:23] generateOTP.INFO: test [] []
[2020-04-03 17:58:24] generateOTP.INFO: test [] []
[2020-04-03 17:58:27] generateOTP.INFO: test [] []
[2020-04-03 18:00:26] generateOTP.INFO: test [] []
[2020-04-03 18:00:27] generateOTP.INFO: test [] []
[2020-04-03 18:01:37] generateOTP.INFO: test [] []
[2020-04-03 18:02:01] generateOTP.INFO: test [] []
[2020-04-03 18:02:39] generateOTP.INFO: test [] []
[2020-04-03 18:02:40] generateOTP.INFO: test [] []
[2020-04-03 18:02:45] generateOTP.INFO: test [] []
[2020-04-03 18:03:52] generateOTP.INFO: test [] []
[2020-04-03 18:04:15] generateOTP.INFO: test [] []
[2020-04-03 18:04:16] generateOTP.INFO: test [] []
[2020-04-03 18:06:10] generateOTP.INFO: test [] []
[2020-04-03 18:07:59] generateOTP.INFO: test [] []
[2020-04-03 18:08:00] generateOTP.INFO: test [] []
[2020-04-03 18:09:35] generateOTP.INFO: test [] []
[2020-04-03 18:10:05] generateOTP.INFO: test [] []
[2020-04-03 18:10:30] generateOTP.INFO: test [] []
[2020-04-03 18:10:31] generateOTP.INFO: test [] []
[2020-04-03 18:10:53] generateOTP.INFO: test [] []
[2020-04-03 18:10:55] generateOTP.INFO: test [] []
[2020-04-03 18:11:27] generateOTP.INFO: test [] []
[2020-04-03 18:11:59] generateOTP.INFO: test [] []
[2020-04-03 18:11:59] generateOTP.INFO: test [] []
[2020-04-03 18:12:01] generateOTP.INFO: test [] []
[2020-04-03 18:12:03] generateOTP.INFO: test [] []
[2020-04-03 18:12:04] generateOTP.INFO: test [] []
[2020-04-03 18:12:29] generateOTP.INFO: test [] []
[2020-04-03 18:12:30] generateOTP.INFO: test [] []
[2020-04-03 18:12:48] generateOTP.INFO: test [] []
[2020-04-03 18:13:04] generateOTP.INFO: test [] []
[2020-04-03 18:13:06] generateOTP.INFO: test [] []
[2020-04-03 18:13:06] generateOTP.INFO: test [] []
[2020-04-03 18:13:13] generateOTP.INFO: test [] []
[2020-04-03 18:13:14] generateOTP.INFO: test [] []
[2020-04-03 18:14:27] generateOTP.INFO: test [] []
[2020-04-03 18:14:39] generateOTP.INFO: test [] []
[2020-04-03 18:14:40] generateOTP.INFO: test [] []
[2020-04-03 18:14:50] generateOTP.INFO: test [] []
[2020-04-03 18:14:56] generateOTP.INFO: test [] []
[2020-04-03 18:15:06] generateOTP.INFO: test [] []
[2020-04-03 18:15:14] generateOTP.INFO: test [] []
[2020-04-03 18:15:15] generateOTP.INFO: test [] []
[2020-04-03 18:15:19] generateOTP.INFO: test [] []
[2020-04-03 18:15:23] generateOTP.INFO: test [] []
[2020-04-03 18:15:30] generateOTP.INFO: test [] []
[2020-04-03 18:15:48] generateOTP.INFO: test [] []
[2020-04-03 18:15:50] generateOTP.INFO: test [] []
[2020-04-03 18:15:57] generateOTP.INFO: test [] []
[2020-04-03 18:16:22] generateOTP.INFO: test [] []
[2020-04-03 18:16:25] generateOTP.INFO: test [] []
[2020-04-03 18:16:26] generateOTP.INFO: test [] []
[2020-04-03 18:16:26] generateOTP.INFO: test [] []
[2020-04-03 18:16:37] generateOTP.INFO: test [] []
[2020-04-03 18:16:37] generateOTP.INFO: test [] []
[2020-04-03 18:16:38] generateOTP.INFO: test [] []
[2020-04-03 18:16:44] generateOTP.INFO: test [] []
[2020-04-03 18:26:42] generateOTP.INFO: test [] []
[2020-04-03 18:35:54] generateOTP.INFO: test [] []
[2020-04-03 18:35:59] generateOTP.INFO: test [] []
[2020-04-03 18:36:00] generateOTP.INFO: test [] []
[2020-04-03 18:36:29] generateOTP.INFO: test [] []
[2020-04-03 18:36:45] generateOTP.INFO: test [] []
[2020-04-03 18:36:46] generateOTP.INFO: test [] []
[2020-04-03 18:37:35] generateOTP.INFO: test [] []
[2020-04-03 18:37:49] generateOTP.INFO: test [] []
[2020-04-03 18:37:49] generateOTP.INFO: test [] []
[2020-04-03 18:38:01] generateOTP.INFO: test [] []
[2020-04-03 18:38:03] generateOTP.INFO: test [] []
[2020-04-03 18:38:03] generateOTP.INFO: test [] []
[2020-04-03 18:38:10] generateOTP.INFO: test [] []
[2020-04-03 18:38:11] generateOTP.INFO: test [] []
[2020-04-03 18:38:19] generateOTP.INFO: test [] []
[2020-04-03 18:38:20] generateOTP.INFO: test [] []
[2020-04-03 18:39:07] generateOTP.INFO: test [] []
[2020-04-03 18:39:08] generateOTP.INFO: test [] []
[2020-04-03 18:39:15] generateOTP.INFO: test [] []
[2020-04-03 18:40:08] generateOTP.INFO: test [] []
[2020-04-03 18:40:09] generateOTP.INFO: test [] []
[2020-04-03 18:41:12] generateOTP.INFO: test [] []
[2020-04-03 18:43:02] generateOTP.INFO: test [] []
[2020-04-03 18:45:05] generateOTP.INFO: test [] []
[2020-04-03 18:47:04] generateOTP.INFO: test [] []
[2020-04-03 18:47:05] generateOTP.INFO: test [] []
[2020-04-03 18:47:47] generateOTP.INFO: test [] []
[2020-04-03 18:52:48] generateOTP.INFO: test [] []
[2020-04-03 18:52:49] generateOTP.INFO: test [] []
[2020-04-03 18:53:42] generateOTP.INFO: test [] []
[2020-04-03 18:53:58] generateOTP.INFO: test [] []
[2020-04-03 18:53:59] generateOTP.INFO: test [] []
[2020-04-03 18:54:36] generateOTP.INFO: test [] []
[2020-04-03 18:54:38] generateOTP.INFO: test [] []
[2020-04-03 18:57:29] generateOTP.INFO: test [] []
[2020-04-03 18:57:49] generateOTP.INFO: test [] []
[2020-04-03 18:57:50] generateOTP.INFO: test [] []
[2020-04-03 18:58:33] generateOTP.INFO: test [] []
[2020-04-03 18:59:32] generateOTP.INFO: test [] []
[2020-04-03 18:59:35] generateOTP.INFO: test [] []
[2020-04-03 19:02:10] generateOTP.INFO: test [] []
[2020-04-03 19:02:28] generateOTP.INFO: test [] []
[2020-04-03 19:02:29] generateOTP.INFO: test [] []
[2020-04-03 19:07:18] generateOTP.INFO: test [] []
[2020-04-03 19:07:39] generateOTP.INFO: test [] []
[2020-04-03 19:07:41] generateOTP.INFO: test [] []
[2020-04-03 19:08:44] generateOTP.INFO: test [] []
[2020-04-03 19:12:51] generateOTP.INFO: test [] []
[2020-04-03 19:13:35] generateOTP.INFO: test [] []
[2020-04-03 19:15:21] generateOTP.INFO: test [] []
[2020-04-03 19:15:30] generateOTP.INFO: test [] []
[2020-04-03 19:15:31] generateOTP.INFO: test [] []
[2020-04-03 19:17:27] generateOTP.INFO: test [] []
[2020-04-03 19:17:28] generateOTP.INFO: test [] []
[2020-04-03 19:17:38] generateOTP.INFO: test [] []
[2020-04-03 19:17:39] generateOTP.INFO: test [] []
[2020-04-03 19:17:47] generateOTP.INFO: test [] []
[2020-04-03 19:17:48] generateOTP.INFO: test [] []
[2020-04-03 19:18:10] generateOTP.INFO: test [] []
[2020-04-03 19:18:11] generateOTP.INFO: test [] []
[2020-04-03 19:18:16] generateOTP.INFO: test [] []
[2020-04-03 19:19:09] generateOTP.INFO: test [] []
[2020-04-03 19:19:10] generateOTP.INFO: test [] []
[2020-04-03 19:21:24] generateOTP.INFO: test [] []
[2020-04-03 19:21:41] generateOTP.INFO: test [] []
[2020-04-03 19:21:42] generateOTP.INFO: test [] []
[2020-04-03 19:23:27] generateOTP.INFO: test [] []
[2020-04-03 19:24:25] generateOTP.INFO: test [] []
[2020-04-03 19:24:27] generateOTP.INFO: test [] []
[2020-04-03 19:24:33] generateOTP.INFO: test [] []
[2020-04-03 19:24:49] generateOTP.INFO: test [] []
[2020-04-03 19:24:50] generateOTP.INFO: test [] []
[2020-04-03 19:33:47] generateOTP.INFO: test [] []
[2020-04-03 19:33:49] generateOTP.INFO: test [] []
[2020-04-03 20:15:54] generateOTP.INFO: test [] []
[2020-04-03 22:06:41] generateOTP.INFO: test [] []
[2020-04-03 22:06:41] generateOTP.INFO: test [] []
[2020-04-03 22:07:49] documentsSave.INFO: {"ops_type":"[\"0\",\"Y\"]","ids":"75,76"} [] []
[2020-04-03 22:07:49] documentsSaveFiles.INFO: [{"name":"Penguins.jpg","type":"image\/jpeg","tmp_name":"\/tmp\/phpQmyHKr","error":0,"size":777835},{"name":"Tulips.jpg","type":"image\/jpeg","tmp_name":"\/tmp\/phpf1dhjO","error":0,"size":620888}] [] []
