[2020-02-03 11:04:50] generateOTP.INFO: test [] []
[2020-02-03 11:04:51] generateOTP.INFO: test [] []
[2020-02-03 11:04:52] generateOTP.INFO: test [] []
[2020-02-03 11:05:05] generateOTP.INFO: test [] []
[2020-02-03 11:05:05] generateOTP.INFO: test [] []
[2020-02-03 11:05:05] generateOTP.INFO: test [] []
[2020-02-03 11:07:02] generateOTP.INFO: test [] []
[2020-02-03 11:07:04] generateOTP.INFO: test [] []
[2020-02-03 11:07:05] generateOTP.INFO: test [] []
[2020-02-03 11:08:34] generateOTP.INFO: test [] []
[2020-02-03 11:08:34] generateOTP.INFO: test [] []
[2020-02-03 11:08:34] generateOTP.INFO: test [] []
[2020-02-03 11:12:38] generateOTP.INFO: test [] []
[2020-02-03 11:12:49] generateOTP.INFO: test [] []
[2020-02-03 11:12:49] generateOTP.INFO: test [] []
[2020-02-03 11:12:49] generateOTP.INFO: test [] []
[2020-02-03 11:13:26] generateOTP.INFO: test [] []
[2020-02-03 11:13:26] generateOTP.INFO: test [] []
[2020-02-03 11:13:32] generateOTP.INFO: test [] []
[2020-02-03 11:13:36] generateOTP.INFO: test [] []
[2020-02-03 11:13:36] generateOTP.INFO: test [] []
[2020-02-03 11:13:40] generateOTP.INFO: test [] []
[2020-02-03 11:13:40] generateOTP.INFO: test [] []
[2020-02-03 11:13:40] generateOTP.INFO: test [] []
[2020-02-03 11:13:55] generateOTP.INFO: test [] []
[2020-02-03 11:13:55] generateOTP.INFO: test [] []
[2020-02-03 11:13:55] generateOTP.INFO: test [] []
[2020-02-03 11:14:05] generateOTP.INFO: test [] []
[2020-02-03 11:14:05] generateOTP.INFO: test [] []
[2020-02-03 11:14:05] generateOTP.INFO: test [] []
[2020-02-03 11:14:46] generateOTP.INFO: test [] []
[2020-02-03 11:14:46] generateOTP.INFO: test [] []
[2020-02-03 11:14:46] generateOTP.INFO: test [] []
[2020-02-03 11:15:21] generateOTP.INFO: test [] []
[2020-02-03 11:15:21] generateOTP.INFO: test [] []
[2020-02-03 11:15:21] generateOTP.INFO: test [] []
[2020-02-03 11:16:25] generateOTP.INFO: test [] []
[2020-02-03 11:16:25] generateOTP.INFO: test [] []
[2020-02-03 11:16:25] generateOTP.INFO: test [] []
[2020-02-03 11:16:35] generateOTP.INFO: test [] []
[2020-02-03 11:16:35] generateOTP.INFO: test [] []
[2020-02-03 11:16:35] generateOTP.INFO: test [] []
[2020-02-03 11:17:28] generateOTP.INFO: test [] []
[2020-02-03 11:17:28] generateOTP.INFO: test [] []
[2020-02-03 11:17:28] generateOTP.INFO: test [] []
[2020-02-03 11:17:47] generateOTP.INFO: test [] []
[2020-02-03 11:17:48] generateOTP.INFO: test [] []
[2020-02-03 11:17:48] generateOTP.INFO: test [] []
[2020-02-03 11:23:20] generateOTP.INFO: test [] []
[2020-02-03 11:23:20] generateOTP.INFO: test [] []
[2020-02-03 11:23:20] generateOTP.INFO: test [] []
[2020-02-03 11:25:48] generateOTP.INFO: test [] []
[2020-02-03 11:25:48] generateOTP.INFO: test [] []
[2020-02-03 11:25:48] generateOTP.INFO: test [] []
[2020-02-03 11:26:49] generateOTP.INFO: test [] []
[2020-02-03 11:26:50] generateOTP.INFO: test [] []
[2020-02-03 11:26:58] generateOTP.INFO: test [] []
[2020-02-03 11:26:58] generateOTP.INFO: test [] []
[2020-02-03 11:26:58] generateOTP.INFO: test [] []
[2020-02-03 11:27:34] generateOTP.INFO: test [] []
[2020-02-03 11:27:34] generateOTP.INFO: test [] []
[2020-02-03 11:27:34] generateOTP.INFO: test [] []
[2020-02-03 11:30:07] generateOTP.INFO: test [] []
[2020-02-03 11:30:07] generateOTP.INFO: test [] []
[2020-02-03 11:30:07] generateOTP.INFO: test [] []
[2020-02-03 11:31:09] generateOTP.INFO: test [] []
[2020-02-03 11:31:09] generateOTP.INFO: test [] []
[2020-02-03 11:31:09] generateOTP.INFO: test [] []
[2020-02-03 11:31:48] generateOTP.INFO: test [] []
[2020-02-03 11:31:48] generateOTP.INFO: test [] []
[2020-02-03 11:31:48] generateOTP.INFO: test [] []
[2020-02-03 11:35:54] generateOTP.INFO: test [] []
[2020-02-03 11:35:54] generateOTP.INFO: test [] []
[2020-02-03 11:35:54] generateOTP.INFO: test [] []
[2020-02-03 11:38:50] generateOTP.INFO: test [] []
[2020-02-03 11:38:50] generateOTP.INFO: test [] []
[2020-02-03 11:38:50] generateOTP.INFO: test [] []
[2020-02-03 11:49:28] generateOTP.INFO: test [] []
[2020-02-03 11:49:28] generateOTP.INFO: test [] []
[2020-02-03 11:49:28] generateOTP.INFO: test [] []
[2020-02-03 11:50:33] generateOTP.INFO: test [] []
[2020-02-03 11:50:34] generateOTP.INFO: test [] []
[2020-02-03 11:50:34] generateOTP.INFO: test [] []
[2020-02-03 11:50:39] generateOTP.INFO: test [] []
[2020-02-03 11:53:01] generateOTP.INFO: test [] []
[2020-02-03 11:53:01] generateOTP.INFO: test [] []
[2020-02-03 11:53:02] generateOTP.INFO: test [] []
[2020-02-03 11:55:22] generateOTP.INFO: test [] []
[2020-02-03 11:55:22] generateOTP.INFO: test [] []
[2020-02-03 11:55:22] generateOTP.INFO: test [] []
[2020-02-03 11:55:34] generateOTP.INFO: test [] []
[2020-02-03 11:55:40] generateOTP.INFO: test [] []
[2020-02-03 11:55:40] generateOTP.INFO: test [] []
[2020-02-03 11:55:40] generateOTP.INFO: test [] []
[2020-02-03 11:55:53] generateOTP.INFO: test [] []
[2020-02-03 11:55:53] generateOTP.INFO: test [] []
[2020-02-03 11:55:53] generateOTP.INFO: test [] []
[2020-02-03 11:57:47] generateOTP.INFO: test [] []
[2020-02-03 11:57:47] generateOTP.INFO: test [] []
[2020-02-03 11:57:47] generateOTP.INFO: test [] []
[2020-02-03 11:58:27] generateOTP.INFO: test [] []
[2020-02-03 11:58:27] generateOTP.INFO: test [] []
[2020-02-03 11:58:27] generateOTP.INFO: test [] []
[2020-02-03 11:58:43] generateOTP.INFO: test [] []
[2020-02-03 11:58:43] generateOTP.INFO: test [] []
[2020-02-03 11:58:43] generateOTP.INFO: test [] []
[2020-02-03 11:58:50] generateOTP.INFO: test [] []
[2020-02-03 11:58:50] generateOTP.INFO: test [] []
[2020-02-03 11:58:50] generateOTP.INFO: test [] []
[2020-02-03 11:59:15] generateOTP.INFO: test [] []
[2020-02-03 11:59:16] generateOTP.INFO: test [] []
[2020-02-03 11:59:16] generateOTP.INFO: test [] []
[2020-02-03 12:01:14] generateOTP.INFO: test [] []
[2020-02-03 12:01:14] generateOTP.INFO: test [] []
[2020-02-03 12:01:14] generateOTP.INFO: test [] []
[2020-02-03 12:02:21] generateOTP.INFO: test [] []
[2020-02-03 12:02:21] generateOTP.INFO: test [] []
[2020-02-03 12:02:21] generateOTP.INFO: test [] []
[2020-02-03 12:02:40] generateOTP.INFO: test [] []
[2020-02-03 12:02:40] generateOTP.INFO: test [] []
[2020-02-03 12:02:40] generateOTP.INFO: test [] []
[2020-02-03 12:03:10] generateOTP.INFO: test [] []
[2020-02-03 12:03:11] generateOTP.INFO: test [] []
[2020-02-03 12:03:11] generateOTP.INFO: test [] []
[2020-02-03 12:03:11] generateOTP.INFO: test [] []
[2020-02-03 12:03:12] generateOTP.INFO: test [] []
[2020-02-03 12:03:12] generateOTP.INFO: test [] []
[2020-02-03 12:03:13] generateOTP.INFO: test [] []
[2020-02-03 12:03:13] generateOTP.INFO: test [] []
[2020-02-03 12:03:13] generateOTP.INFO: test [] []
[2020-02-03 12:03:14] generateOTP.INFO: test [] []
[2020-02-03 12:03:15] generateOTP.INFO: test [] []
[2020-02-03 12:03:15] generateOTP.INFO: test [] []
[2020-02-03 12:03:15] generateOTP.INFO: test [] []
[2020-02-03 12:03:16] generateOTP.INFO: test [] []
[2020-02-03 12:03:22] generateOTP.INFO: test [] []
[2020-02-03 12:03:22] generateOTP.INFO: test [] []
[2020-02-03 12:03:22] generateOTP.INFO: test [] []
[2020-02-03 12:03:46] generateOTP.INFO: test [] []
[2020-02-03 12:03:46] generateOTP.INFO: test [] []
[2020-02-03 12:03:46] generateOTP.INFO: test [] []
[2020-02-03 12:26:22] generateOTP.INFO: test [] []
[2020-02-03 12:26:22] generateOTP.INFO: test [] []
[2020-02-03 12:39:56] generateOTP.INFO: test [] []
[2020-02-03 12:39:56] generateOTP.INFO: test [] []
[2020-02-03 12:39:56] generateOTP.INFO: test [] []
[2020-02-03 12:39:56] generateOTP.INFO: test [] []
[2020-02-03 12:39:56] generateOTP.INFO: test [] []
[2020-02-03 12:39:56] generateOTP.INFO: test [] []
[2020-02-03 12:39:56] generateOTP.INFO: test [] []
[2020-02-03 12:39:57] generateOTP.INFO: test [] []
[2020-02-03 12:40:06] generateOTP.INFO: test [] []
[2020-02-03 12:40:06] generateOTP.INFO: test [] []
[2020-02-03 12:40:27] generateOTP.INFO: test [] []
[2020-02-03 12:40:27] generateOTP.INFO: test [] []
[2020-02-03 12:46:37] generateOTP.INFO: test [] []
[2020-02-03 12:46:37] generateOTP.INFO: test [] []
[2020-02-03 12:53:51] generateOTP.INFO: test [] []
[2020-02-03 12:53:51] generateOTP.INFO: test [] []
[2020-02-03 12:54:04] generateOTP.INFO: test [] []
[2020-02-03 12:54:04] generateOTP.INFO: test [] []
[2020-02-03 12:54:07] generateOTP.INFO: test [] []
[2020-02-03 12:54:51] generateOTP.INFO: test [] []
[2020-02-03 12:55:21] generateOTP.INFO: test [] []
[2020-02-03 12:55:23] generateOTP.INFO: test [] []
[2020-02-03 12:55:24] generateOTP.INFO: test [] []
[2020-02-03 12:55:39] generateOTP.INFO: test [] []
[2020-02-03 12:55:39] generateOTP.INFO: test [] []
[2020-02-03 12:57:06] generateOTP.INFO: test [] []
[2020-02-03 12:57:06] generateOTP.INFO: test [] []
[2020-02-03 12:57:30] generateOTP.INFO: test [] []
[2020-02-03 12:57:31] generateOTP.INFO: test [] []
[2020-02-03 12:57:37] generateOTP.INFO: test [] []
[2020-02-03 12:57:38] generateOTP.INFO: test [] []
[2020-02-03 12:57:47] generateOTP.INFO: test [] []
[2020-02-03 12:57:47] generateOTP.INFO: test [] []
[2020-02-03 12:57:51] generateOTP.INFO: test [] []
[2020-02-03 12:57:56] generateOTP.INFO: test [] []
[2020-02-03 12:59:42] generateOTP.INFO: test [] []
[2020-02-03 12:59:42] generateOTP.INFO: test [] []
[2020-02-03 12:59:47] generateOTP.INFO: test [] []
[2020-02-03 13:00:09] generateOTP.INFO: test [] []
[2020-02-03 13:02:17] generateOTP.INFO: test [] []
[2020-02-03 13:02:17] generateOTP.INFO: test [] []
[2020-02-03 13:02:58] generateOTP.INFO: test [] []
[2020-02-03 13:02:58] generateOTP.INFO: test [] []
[2020-02-03 13:04:10] generateOTP.INFO: test [] []
[2020-02-03 13:04:10] generateOTP.INFO: test [] []
[2020-02-03 13:07:42] generateOTP.INFO: test [] []
[2020-02-03 13:07:43] generateOTP.INFO: test [] []
[2020-02-03 13:07:47] generateOTP.INFO: test [] []
[2020-02-03 13:07:47] generateOTP.INFO: test [] []
[2020-02-03 13:08:13] generateOTP.INFO: test [] []
[2020-02-03 13:08:13] generateOTP.INFO: test [] []
[2020-02-03 13:08:21] generateOTP.INFO: test [] []
[2020-02-03 13:08:21] generateOTP.INFO: test [] []
[2020-02-03 13:11:10] generateOTP.INFO: test [] []
[2020-02-03 13:11:10] generateOTP.INFO: test [] []
[2020-02-03 13:13:05] generateOTP.INFO: test [] []
[2020-02-03 13:13:06] generateOTP.INFO: test [] []
[2020-02-03 13:15:40] generateOTP.INFO: test [] []
[2020-02-03 13:15:40] generateOTP.INFO: test [] []
[2020-02-03 14:30:46] generateOTP.INFO: test [] []
[2020-02-03 14:30:46] generateOTP.INFO: test [] []
[2020-02-03 14:31:00] generateOTP.INFO: test [] []
[2020-02-03 14:31:00] generateOTP.INFO: test [] []
[2020-02-03 14:31:05] generateOTP.INFO: test [] []
[2020-02-03 14:31:24] generateOTP.INFO: test [] []
[2020-02-03 14:31:53] generateOTP.INFO: test [] []
[2020-02-03 14:32:06] generateOTP.INFO: test [] []
[2020-02-03 14:32:14] generateOTP.INFO: test [] []
[2020-02-03 14:34:44] generateOTP.INFO: test [] []
[2020-02-03 14:34:44] generateOTP.INFO: test [] []
[2020-02-03 14:47:00] generateOTP.INFO: test [] []
[2020-02-03 14:47:00] generateOTP.INFO: test [] []
[2020-02-03 14:47:08] generateOTP.INFO: test [] []
[2020-02-03 14:47:08] generateOTP.INFO: test [] []
[2020-02-03 14:47:11] generateOTP.INFO: test [] []
[2020-02-03 14:49:19] generateOTP.INFO: test [] []
[2020-02-03 14:49:20] generateOTP.INFO: test [] []
[2020-02-03 14:49:27] generateOTP.INFO: test [] []
[2020-02-03 14:49:27] generateOTP.INFO: test [] []
[2020-02-03 14:49:33] generateOTP.INFO: test [] []
[2020-02-03 15:06:13] generateOTP.INFO: test [] []
[2020-02-03 15:07:50] generateOTP.INFO: test [] []
[2020-02-03 15:10:17] generateOTP.INFO: test [] []
[2020-02-03 15:11:46] generateOTP.INFO: test [] []
[2020-02-03 15:12:29] generateOTP.INFO: test [] []
[2020-02-03 15:16:13] generateOTP.INFO: test [] []
[2020-02-03 15:16:25] generateOTP.INFO: test [] []
[2020-02-03 15:16:29] generateOTP.INFO: test [] []
[2020-02-03 15:16:32] generateOTP.INFO: test [] []
[2020-02-03 15:17:09] generateOTP.INFO: test [] []
[2020-02-03 15:17:40] generateOTP.INFO: test [] []
[2020-02-03 15:17:53] generateOTP.INFO: test [] []
[2020-02-03 15:19:20] generateOTP.INFO: test [] []
[2020-02-03 15:19:20] generateOTP.INFO: test [] []
[2020-02-03 15:21:31] generateOTP.INFO: test [] []
[2020-02-03 15:23:11] generateOTP.INFO: test [] []
[2020-02-03 15:23:11] generateOTP.INFO: test [] []
[2020-02-03 15:33:40] generateOTP.INFO: test [] []
[2020-02-03 16:00:39] generateOTP.INFO: test [] []
[2020-02-03 16:00:41] generateOTP.INFO: test [] []
[2020-02-03 16:01:03] generateOTP.INFO: test [] []
[2020-02-03 16:01:03] generateOTP.INFO: test [] []
[2020-02-03 16:11:10] generateOTP.INFO: test [] []
[2020-02-03 16:11:11] generateOTP.INFO: test [] []
[2020-02-03 16:11:40] generateOTP.INFO: test [] []
[2020-02-03 16:11:40] generateOTP.INFO: test [] []
[2020-02-03 16:12:31] generateOTP.INFO: {"edit":"0","policy_no":"378","subtype_text":"1","sum_insure":"800000","familyConstruct":"1A","tenure":"1 Year","family_members_id":"0","family_gender":"Male","first_name":"dfh","middle_name":"fg","last_name":"hdg","family_date_birth":"01-02-2002","age":"18","age_type":"years","family_id":"","s_date":"","marriage_date":"","premium_parent":"","contri_parent":"","premium":"5799","policyNo":"378","familyDataType":"undefined","empId":"620004","product":"QBTv5db9151ad1c21","declare":"[]"} [] []
[2020-02-03 16:12:37] generateOTP.INFO: {"edit":"0","subtype_text":"3","policy_no":"379","sum_insure":"500000","familyConstruct":"1A","tenure":"1 Year","family_members_id":"0","family_gender":"Male","first_name":"dfh","middle_name":"fg","last_name":"hdg","family_date_birth":"01-02-2002","age":"18","age_type":"years","family_id":"","s_date":"","marriage_date":"","premium_parent":"","contri_parent":"","premium":"2099","policyNo":"379","familyDataType":"family_construct","product":"QBTv5db9151ad1c21","empId":"620004"} [] []
[2020-02-03 16:13:53] documentsSave.INFO: {"ops_type":"[\"Enrollment form\",\"Cheque Copy\",\"1\"]","ext0":"undefined","ext1":"undefined","ext2":"undefined","ids":"123,124","update_datas":"undefined","emp_id":"620004"} [] []
[2020-02-03 16:13:53] documentsSaveFiles.INFO: [{"name":"Desert.jpg","type":"image\/jpeg","tmp_name":"\/tmp\/phpgzSQPE","error":0,"size":845941},{"name":"Tulips.jpg","type":"image\/jpeg","tmp_name":"\/tmp\/phpYxsJfe","error":0,"size":620888},{"name":"Koala.jpg","type":"image\/jpeg","tmp_name":"\/tmp\/phpvPxg3O","error":0,"size":780831}] [] []
[2020-02-03 16:22:34] generateOTP.INFO: test [] []
[2020-02-03 16:22:34] generateOTP.INFO: test [] []
[2020-02-03 16:23:28] generateOTP.INFO: {"edit":"0","policy_no":"378","subtype_text":"1","sum_insure":"800000","familyConstruct":"1A","tenure":"1 Year","family_members_id":"0","family_gender":"Female","first_name":"fdh","middle_name":"dhgs","last_name":"hdgh","family_date_birth":"01-02-2002","age":"18","age_type":"years","family_id":"","s_date":"","marriage_date":"","premium_parent":"","contri_parent":"","premium":"5799","policyNo":"378","familyDataType":"undefined","empId":"620005","product":"QBTv5db9151ad1c21","declare":"[]"} [] []
[2020-02-03 16:23:34] generateOTP.INFO: {"edit":"0","subtype_text":"3","policy_no":"379","sum_insure":"500000","familyConstruct":"1A","tenure":"1 Year","family_members_id":"0","family_gender":"Female","first_name":"fdh","middle_name":"dhgs","last_name":"hdgh","family_date_birth":"01-02-2002","age":"18","age_type":"years","family_id":"","s_date":"","marriage_date":"","premium_parent":"","contri_parent":"","premium":"2099","policyNo":"379","familyDataType":"family_construct","product":"QBTv5db9151ad1c21","empId":"620005"} [] []
[2020-02-03 16:24:14] documentsSave.INFO: {"ops_type":"[\"Enrollment form\",\"Cheque Copy\",\"Birth\"]","ext0":"undefined","ext1":"undefined","ext2":"undefined","ids":"125,126","update_datas":"undefined","emp_id":"620005"} [] []
[2020-02-03 16:24:14] documentsSaveFiles.INFO: [{"name":"Chrysanthemum.jpg","type":"image\/jpeg","tmp_name":"\/tmp\/phpn24g9w","error":0,"size":879394},{"name":"Tulips.jpg","type":"image\/jpeg","tmp_name":"\/tmp\/phpU6Z3JY","error":0,"size":620888},{"name":"Penguins.jpg","type":"image\/jpeg","tmp_name":"\/tmp\/phpbEdMos","error":0,"size":777835}] [] []
[2020-02-03 16:24:35] generateOTP.INFO: test [] []
[2020-02-03 16:24:35] generateOTP.INFO: test [] []
[2020-02-03 16:25:22] generateOTP.INFO: {"edit":"0","policy_no":"378","subtype_text":"1","sum_insure":"800000","familyConstruct":"1A","tenure":"1 Year","family_members_id":"0","family_gender":"Male","first_name":"ghj","middle_name":"dfh","last_name":"dgh","family_date_birth":"01-02-2002","age":"18","age_type":"years","family_id":"","s_date":"","marriage_date":"","premium_parent":"","contri_parent":"","premium":"5799","policyNo":"378","familyDataType":"undefined","empId":"620006","product":"QBTv5db9151ad1c21","declare":"[]"} [] []
[2020-02-03 16:25:28] generateOTP.INFO: {"edit":"0","subtype_text":"3","policy_no":"379","sum_insure":"500000","familyConstruct":"1A","tenure":"1 Year","family_members_id":"0","family_gender":"Male","first_name":"ghj","middle_name":"dfh","last_name":"dgh","family_date_birth":"01-02-2002","age":"18","age_type":"years","family_id":"","s_date":"","marriage_date":"","premium_parent":"","contri_parent":"","premium":"2099","policyNo":"379","familyDataType":"family_construct","product":"QBTv5db9151ad1c21","empId":"620006"} [] []
[2020-02-03 16:26:13] documentsSave.INFO: {"ops_type":"[\"Enrollment form\",\"Cheque Copy\",\"Document\"]","ext0":"undefined","ext1":"undefined","ext2":"undefined","ids":"127,128","update_datas":"undefined","emp_id":"620006"} [] []
[2020-02-03 16:26:13] documentsSaveFiles.INFO: [{"name":"Jellyfish.jpg","type":"image\/jpeg","tmp_name":"\/tmp\/phpMhN85n","error":0,"size":775702},{"name":"Tulips.jpg","type":"image\/jpeg","tmp_name":"\/tmp\/phpXNArrm","error":0,"size":620888},{"name":"Lighthouse.jpg","type":"image\/jpeg","tmp_name":"\/tmp\/phpy4p7Tm","error":0,"size":561276}] [] []
[2020-02-03 16:27:06] generateOTP.INFO: test [] []
[2020-02-03 16:27:06] generateOTP.INFO: test [] []
[2020-02-03 16:39:38] generateOTP.INFO: test [] []
[2020-02-03 16:39:38] generateOTP.INFO: test [] []
[2020-02-03 16:46:38] generateOTP.INFO: test [] []
[2020-02-03 16:46:39] generateOTP.INFO: test [] []
[2020-02-03 16:46:58] generateOTP.INFO: test [] []
[2020-02-03 16:46:58] generateOTP.INFO: test [] []
[2020-02-03 16:47:59] generateOTP.INFO: test [] []
[2020-02-03 16:47:59] generateOTP.INFO: test [] []
[2020-02-03 16:48:33] generateOTP.INFO: test [] []
[2020-02-03 16:48:33] generateOTP.INFO: test [] []
[2020-02-03 16:49:39] generateOTP.INFO: test [] []
[2020-02-03 16:49:39] generateOTP.INFO: test [] []
[2020-02-03 16:49:54] generateOTP.INFO: test [] []
[2020-02-03 16:49:54] generateOTP.INFO: test [] []
[2020-02-03 16:50:34] generateOTP.INFO: test [] []
[2020-02-03 16:50:34] generateOTP.INFO: test [] []
[2020-02-03 16:50:44] generateOTP.INFO: test [] []
[2020-02-03 16:50:44] generateOTP.INFO: test [] []
[2020-02-03 16:50:48] generateOTP.INFO: test [] []
[2020-02-03 16:50:48] generateOTP.INFO: test [] []
[2020-02-03 16:51:12] generateOTP.INFO: test [] []
[2020-02-03 16:51:12] generateOTP.INFO: test [] []
[2020-02-03 16:51:57] generateOTP.INFO: {"edit":"0","policy_no":"378","subtype_text":"1","sum_insure":"800000","familyConstruct":"1A","tenure":"1 Year","family_members_id":"0","family_gender":"Male","first_name":"gdh","middle_name":"dfh","last_name":"dhfh","family_date_birth":"01-02-2002","age":"18","age_type":"years","family_id":"","s_date":"","marriage_date":"","premium_parent":"","contri_parent":"","premium":"5799","policyNo":"378","familyDataType":"undefined","empId":"620007","product":"QBTv5db9151ad1c21","declare":"[]"} [] []
[2020-02-03 16:52:03] generateOTP.INFO: {"edit":"0","subtype_text":"3","policy_no":"379","sum_insure":"500000","familyConstruct":"1A","tenure":"1 Year","family_members_id":"0","family_gender":"Male","first_name":"gdh","middle_name":"dfh","last_name":"dhfh","family_date_birth":"01-02-2002","age":"18","age_type":"years","family_id":"","s_date":"","marriage_date":"","premium_parent":"","contri_parent":"","premium":"2099","policyNo":"379","familyDataType":"family_construct","product":"QBTv5db9151ad1c21","empId":"620007"} [] []
[2020-02-03 16:52:53] documentsSave.INFO: {"ops_type":"[\"Enrollment form\",\"Cheque Copy\",\"Document_issued_by_Central_Govt._with_age_mention_on_it\"]","ext0":"undefined","ext1":"undefined","ext2":"undefined","ids":"129,130","update_datas":"undefined","emp_id":"620007"} [] []
[2020-02-03 16:52:53] documentsSaveFiles.INFO: [{"name":"Hydrangeas.jpg","type":"image\/jpeg","tmp_name":"\/tmp\/phpTMLjko","error":0,"size":595284},{"name":"Tulips.jpg","type":"image\/jpeg","tmp_name":"\/tmp\/phpztyM5G","error":0,"size":620888},{"name":"Penguins.jpg","type":"image\/jpeg","tmp_name":"\/tmp\/phpiPm7A0","error":0,"size":777835}] [] []
[2020-02-03 16:53:20] generateOTP.INFO: test [] []
[2020-02-03 16:53:20] generateOTP.INFO: test [] []
[2020-02-03 16:55:41] generateOTP.INFO: {"edit":"0","policy_no":"378","subtype_text":"1","sum_insure":"800000","familyConstruct":"1A","tenure":"1 Year","family_members_id":"0","family_gender":"Male","first_name":"gfdh","middle_name":"dhg","last_name":"sh","family_date_birth":"03-02-2002","age":"18","age_type":"years","family_id":"","s_date":"","marriage_date":"","premium_parent":"","contri_parent":"","premium":"5799","policyNo":"378","familyDataType":"undefined","empId":"620008","product":"QBTv5db9151ad1c21","declare":"[]"} [] []
[2020-02-03 16:55:51] generateOTP.INFO: {"edit":"0","subtype_text":"3","policy_no":"379","sum_insure":"500000","familyConstruct":"1A","tenure":"1 Year","family_members_id":"0","family_gender":"Male","first_name":"gfdh","middle_name":"dhg","last_name":"sh","family_date_birth":"03-02-2002","age":"18","age_type":"years","family_id":"","s_date":"","marriage_date":"","premium_parent":"","contri_parent":"","premium":"2099","policyNo":"379","familyDataType":"family_construct","product":"QBTv5db9151ad1c21","empId":"620008"} [] []
[2020-02-03 16:56:46] documentsSave.INFO: {"ops_type":"[\"Enrollment form\",\"Cheque Copy\",\"Birth_Certificate\"]","ext0":"undefined","ext1":"undefined","ext2":"undefined","ids":"131,132","update_datas":"undefined","emp_id":"620008"} [] []
[2020-02-03 16:56:46] documentsSaveFiles.INFO: [{"name":"Desert.jpg","type":"image\/jpeg","tmp_name":"\/tmp\/phpBLVGV4","error":0,"size":845941},{"name":"Tulips.jpg","type":"image\/jpeg","tmp_name":"\/tmp\/phpeUK4j4","error":0,"size":620888},{"name":"Chrysanthemum.jpg","type":"image\/jpeg","tmp_name":"\/tmp\/php63QTi5","error":0,"size":879394}] [] []
[2020-02-03 16:57:31] generateOTP.INFO: test [] []
[2020-02-03 16:57:31] generateOTP.INFO: test [] []
[2020-02-03 16:58:14] generateOTP.INFO: test [] []
[2020-02-03 16:58:14] generateOTP.INFO: test [] []
[2020-02-03 16:58:39] generateOTP.INFO: test [] []
[2020-02-03 16:58:39] generateOTP.INFO: test [] []
[2020-02-03 17:06:02] generateOTP.INFO: test [] []
[2020-02-03 17:06:02] generateOTP.INFO: test [] []
[2020-02-03 17:07:31] generateOTP.INFO: test [] []
[2020-02-03 17:07:31] generateOTP.INFO: test [] []
[2020-02-03 17:08:21] generateOTP.INFO: {"edit":"0","policy_no":"378","subtype_text":"1","sum_insure":"800000","familyConstruct":"1A","tenure":"1 Year","family_members_id":"0","family_gender":"Male","first_name":"fsdh","middle_name":"dh","last_name":"dhfh","family_date_birth":"01-02-2002","age":"18","age_type":"years","family_id":"","s_date":"","marriage_date":"","premium_parent":"","contri_parent":"","premium":"5799","policyNo":"378","familyDataType":"undefined","empId":"620010","product":"QBTv5db9151ad1c21","declare":"[]"} [] []
[2020-02-03 17:08:28] generateOTP.INFO: {"edit":"0","subtype_text":"3","policy_no":"379","sum_insure":"500000","familyConstruct":"1A","tenure":"1 Year","family_members_id":"0","family_gender":"Male","first_name":"fsdh","middle_name":"dh","last_name":"dhfh","family_date_birth":"01-02-2002","age":"18","age_type":"years","family_id":"","s_date":"","marriage_date":"","premium_parent":"","contri_parent":"","premium":"2099","policyNo":"379","familyDataType":"family_construct","product":"QBTv5db9151ad1c21","empId":"620010"} [] []
[2020-02-03 17:09:17] documentsSave.INFO: {"ops_type":"[\"Enrollment form\",\"Cheque Copy\",\"Birth_Certificate\"]","ext0":"undefined","ext1":"undefined","ext2":"undefined","ids":"133,134","update_datas":"undefined","emp_id":"620010"} [] []
[2020-02-03 17:09:17] documentsSaveFiles.INFO: [{"name":"Hydrangeas.jpg","type":"image\/jpeg","tmp_name":"\/tmp\/phpFwoXI5","error":0,"size":595284},{"name":"Tulips.jpg","type":"image\/jpeg","tmp_name":"\/tmp\/phpG1jG55","error":0,"size":620888},{"name":"Lighthouse.jpg","type":"image\/jpeg","tmp_name":"\/tmp\/phpiPsh26","error":0,"size":561276}] [] []
[2020-02-03 17:14:51] generateOTP.INFO: test [] []
[2020-02-03 17:14:51] generateOTP.INFO: test [] []
[2020-02-03 17:16:29] generateOTP.INFO: {"edit":"0","policy_no":"378","subtype_text":"1","sum_insure":"800000","familyConstruct":"1A","tenure":"1 Year","family_members_id":"0","family_gender":"Male","first_name":"fd","middle_name":"gfd","last_name":"ggf","family_date_birth":"01-02-2002","age":"18","age_type":"years","family_id":"","s_date":"","marriage_date":"","premium_parent":"","contri_parent":"","premium":"5799","policyNo":"378","familyDataType":"undefined","empId":"620011","product":"QBTv5db9151ad1c21","declare":"[]"} [] []
[2020-02-03 17:16:38] generateOTP.INFO: {"edit":"0","subtype_text":"3","policy_no":"379","sum_insure":"500000","familyConstruct":"1A","tenure":"1 Year","family_members_id":"0","family_gender":"Male","first_name":"fd","middle_name":"gfd","last_name":"ggf","family_date_birth":"01-02-2002","age":"18","age_type":"years","family_id":"","s_date":"","marriage_date":"","premium_parent":"","contri_parent":"","premium":"2099","policyNo":"379","familyDataType":"family_construct","product":"QBTv5db9151ad1c21","empId":"620011"} [] []
[2020-02-03 17:17:55] documentsSave.INFO: {"ops_type":"[\"Enrollment form\",\"Cheque Copy\",\"Birth_Certificate\"]","ext0":"undefined","ext1":"undefined","ext2":"undefined","ids":"135,136","update_datas":"undefined","emp_id":"620011"} [] []
[2020-02-03 17:17:55] documentsSaveFiles.INFO: [{"name":"Chrysanthemum.jpg","type":"image\/jpeg","tmp_name":"\/tmp\/phpaaNCIk","error":0,"size":879394},{"name":"Tulips.jpg","type":"image\/jpeg","tmp_name":"\/tmp\/php4qBSRz","error":0,"size":620888},{"name":"Jellyfish.jpg","type":"image\/jpeg","tmp_name":"\/tmp\/phpiAwYCS","error":0,"size":775702}] [] []
[2020-02-03 17:42:54] generateOTP.INFO: test [] []
[2020-02-03 17:43:00] generateOTP.INFO: test [] []
[2020-02-03 17:43:20] generateOTP.INFO: test [] []
[2020-02-03 17:43:20] generateOTP.INFO: test [] []
[2020-02-03 17:43:40] documentsSave.INFO: {"ops_type":"[\"Enrollment form\",\"Cheque Copy\",\"Birth_Certificate\"]","ext0":"undefined","ext1":"undefined","ext2":"undefined","ids":"135,136","update_datas":"undefined","emp_id":"620011"} [] []
[2020-02-03 17:43:40] documentsSaveFiles.INFO: [{"name":"Chrysanthemum.jpg","type":"image\/jpeg","tmp_name":"\/tmp\/phpiXXjPF","error":0,"size":879394},{"name":"Tulips.jpg","type":"image\/jpeg","tmp_name":"\/tmp\/phpjnLfpg","error":0,"size":620888},{"name":"Jellyfish.jpg","type":"image\/jpeg","tmp_name":"\/tmp\/phpgDrGsS","error":0,"size":775702}] [] []
[2020-02-03 17:44:19] documentsSave.INFO: {"ops_type":"[\"Enrollment form\",\"Cheque Copy\",\"Birth_Certificate\"]","ext0":"undefined","ext1":"undefined","ext2":"undefined","ids":"135,136","update_datas":"undefined","emp_id":"620011"} [] []
[2020-02-03 17:44:19] documentsSaveFiles.INFO: [{"name":"Chrysanthemum.jpg","type":"image\/jpeg","tmp_name":"\/tmp\/phplSvAgN","error":0,"size":879394},{"name":"Tulips.jpg","type":"image\/jpeg","tmp_name":"\/tmp\/php2Sv6Zu","error":0,"size":620888},{"name":"Jellyfish.jpg","type":"image\/jpeg","tmp_name":"\/tmp\/php5qOdeg","error":0,"size":775702}] [] []
[2020-02-03 17:44:20] generateOTP.INFO: test [] []
[2020-02-03 17:44:24] generateOTP.INFO: test [] []
[2020-02-03 17:44:28] generateOTP.INFO: test [] []
[2020-02-03 17:44:47] documentsSave.INFO: {"ops_type":"[\"Enrollment form\",\"Cheque Copy\",\"Birth_Certificate\"]","ext0":"undefined","ext1":"undefined","ext2":"undefined","ids":"135,136","update_datas":"undefined","emp_id":"620011"} [] []
[2020-02-03 17:44:47] documentsSaveFiles.INFO: [{"name":"Chrysanthemum.jpg","type":"image\/jpeg","tmp_name":"\/tmp\/phpfPxkEi","error":0,"size":879394},{"name":"Tulips.jpg","type":"image\/jpeg","tmp_name":"\/tmp\/phpFFtoaz","error":0,"size":620888},{"name":"Jellyfish.jpg","type":"image\/jpeg","tmp_name":"\/tmp\/phpX81n9Q","error":0,"size":775702}] [] []
[2020-02-03 17:45:10] documentsSave.INFO: {"ops_type":"[\"Enrollment form\",\"Cheque Copy\",\"Birth_Certificate\"]","ext0":"undefined","ext1":"undefined","ext2":"undefined","ids":"135,136","update_datas":"undefined","emp_id":"620011"} [] []
[2020-02-03 17:45:10] documentsSaveFiles.INFO: [{"name":"Chrysanthemum.jpg","type":"image\/jpeg","tmp_name":"\/tmp\/phpks97dA","error":0,"size":879394},{"name":"Tulips.jpg","type":"image\/jpeg","tmp_name":"\/tmp\/phpKL5sF4","error":0,"size":620888},{"name":"Jellyfish.jpg","type":"image\/jpeg","tmp_name":"\/tmp\/phpghFDHD","error":0,"size":775702}] [] []
[2020-02-03 17:45:27] documentsSave.INFO: {"ops_type":"[\"Enrollment form\",\"Cheque Copy\",\"Birth_Certificate\"]","ext0":"undefined","ext1":"undefined","ext2":"undefined","ids":"135,136","update_datas":"undefined","emp_id":"620011"} [] []
[2020-02-03 17:45:27] documentsSaveFiles.INFO: [{"name":"Chrysanthemum.jpg","type":"image\/jpeg","tmp_name":"\/tmp\/phpN3Xjov","error":0,"size":879394},{"name":"Tulips.jpg","type":"image\/jpeg","tmp_name":"\/tmp\/phpI7gSrV","error":0,"size":620888},{"name":"Jellyfish.jpg","type":"image\/jpeg","tmp_name":"\/tmp\/phpGF1Qao","error":0,"size":775702}] [] []
[2020-02-03 17:45:51] documentsSave.INFO: {"ops_type":"[\"Enrollment form\",\"Cheque Copy\",\"Birth_Certificate\"]","ext0":"undefined","ext1":"undefined","ext2":"undefined","ids":"135,136","update_datas":"undefined","emp_id":"620011"} [] []
[2020-02-03 17:45:51] documentsSaveFiles.INFO: [{"name":"Chrysanthemum.jpg","type":"image\/jpeg","tmp_name":"\/tmp\/phpEDQkAy","error":0,"size":879394},{"name":"Tulips.jpg","type":"image\/jpeg","tmp_name":"\/tmp\/phpOaIOIh","error":0,"size":620888},{"name":"Jellyfish.jpg","type":"image\/jpeg","tmp_name":"\/tmp\/phpo0TOf2","error":0,"size":775702}] [] []
[2020-02-03 17:46:38] generateOTP.INFO: test [] []
[2020-02-03 17:46:38] generateOTP.INFO: test [] []
[2020-02-03 17:46:48] generateOTP.INFO: test [] []
[2020-02-03 17:46:48] generateOTP.INFO: test [] []
[2020-02-03 17:47:49] generateOTP.INFO: {"edit":"0","policy_no":"378","subtype_text":"1","sum_insure":"800000","familyConstruct":"1A","tenure":"1 Year","family_members_id":"0","family_gender":"Male","first_name":"ghj","middle_name":"fg","last_name":"jfg","family_date_birth":"01-02-2002","age":"18","age_type":"years","family_id":"","s_date":"","marriage_date":"","premium_parent":"","contri_parent":"","premium":"5799","policyNo":"378","familyDataType":"undefined","empId":"620012","product":"QBTv5db9151ad1c21","declare":"[]"} [] []
[2020-02-03 17:47:58] generateOTP.INFO: {"edit":"0","subtype_text":"3","policy_no":"379","sum_insure":"500000","familyConstruct":"1A","tenure":"1 Year","family_members_id":"0","family_gender":"Male","first_name":"ghj","middle_name":"fg","last_name":"jfg","family_date_birth":"01-02-2002","age":"18","age_type":"years","family_id":"","s_date":"","marriage_date":"","premium_parent":"","contri_parent":"","premium":"2099","policyNo":"379","familyDataType":"family_construct","product":"QBTv5db9151ad1c21","empId":"620012"} [] []
[2020-02-03 17:48:58] documentsSave.INFO: {"ops_type":"[\"Enrollment form\",\"Cheque Copy\",\"Birth_Certificate\"]","ext0":"undefined","ext1":"undefined","ext2":"undefined","ids":"137,138","update_datas":"undefined","emp_id":"620012"} [] []
[2020-02-03 17:48:58] documentsSaveFiles.INFO: [{"name":"Desert.jpg","type":"image\/jpeg","tmp_name":"\/tmp\/phpX1OLRa","error":0,"size":845941},{"name":"Tulips.jpg","type":"image\/jpeg","tmp_name":"\/tmp\/phpMDqyr8","error":0,"size":620888},{"name":"Desert.jpg","type":"image\/jpeg","tmp_name":"\/tmp\/php4mKT37","error":0,"size":845941}] [] []
[2020-02-03 17:49:02] generateOTP.INFO: test [] []
[2020-02-03 17:49:53] generateOTP.INFO: test [] []
[2020-02-03 17:49:58] generateOTP.INFO: test [] []
[2020-02-03 17:49:58] generateOTP.INFO: test [] []
[2020-02-03 17:50:44] generateOTP.INFO: {"edit":"0","policy_no":"378","subtype_text":"1","sum_insure":"800000","familyConstruct":"1A","tenure":"1 Year","family_members_id":"0","family_gender":"Male","first_name":"xb","middle_name":"bxv","last_name":"xb","family_date_birth":"01-02-2002","age":"18","age_type":"years","family_id":"","s_date":"","marriage_date":"","premium_parent":"","contri_parent":"","premium":"5799","policyNo":"378","familyDataType":"undefined","empId":"620013","product":"QBTv5db9151ad1c21","declare":"[]"} [] []
[2020-02-03 17:50:55] generateOTP.INFO: {"edit":"0","subtype_text":"3","policy_no":"379","sum_insure":"750000","familyConstruct":"1A","tenure":"1 Year","family_members_id":"0","family_gender":"Male","first_name":"xb","middle_name":"bxv","last_name":"xb","family_date_birth":"01-02-2002","age":"18","age_type":"years","family_id":"","s_date":"","marriage_date":"","premium_parent":"","contri_parent":"","premium":"3148","policyNo":"379","familyDataType":"family_construct","product":"QBTv5db9151ad1c21","empId":"620013"} [] []
[2020-02-03 17:51:39] documentsSave.INFO: {"ops_type":"[\"Enrollment form\",\"Cheque Copy\",\"Birth_Certificate\"]","ext0":"undefined","ext1":"undefined","ext2":"undefined","ids":"139,140","update_datas":"undefined","emp_id":"620013"} [] []
[2020-02-03 17:51:39] documentsSaveFiles.INFO: [{"name":"Desert.jpg","type":"image\/jpeg","tmp_name":"\/tmp\/phpL4Gn2y","error":0,"size":845941},{"name":"Hydrangeas.jpg","type":"image\/jpeg","tmp_name":"\/tmp\/phpcCCMti","error":0,"size":595284},{"name":"Jellyfish.jpg","type":"image\/jpeg","tmp_name":"\/tmp\/phpi642j5","error":0,"size":775702}] [] []
[2020-02-03 17:54:29] generateOTP.INFO: test [] []
[2020-02-03 17:54:29] generateOTP.INFO: test [] []
[2020-02-03 17:54:33] generateOTP.INFO: test [] []
[2020-02-03 17:54:33] generateOTP.INFO: test [] []
[2020-02-03 17:55:19] generateOTP.INFO: {"edit":"0","policy_no":"378","subtype_text":"1","sum_insure":"800000","familyConstruct":"1A","tenure":"1 Year","family_members_id":"0","family_gender":"Male","first_name":"jh","middle_name":"jgjh","last_name":"khg","family_date_birth":"01-02-2002","age":"18","age_type":"years","family_id":"","s_date":"","marriage_date":"","premium_parent":"","contri_parent":"","premium":"5799","policyNo":"378","familyDataType":"undefined","empId":"620014","product":"QBTv5db9151ad1c21","declare":"[]"} [] []
[2020-02-03 17:55:30] generateOTP.INFO: {"edit":"0","subtype_text":"3","policy_no":"379","sum_insure":"500000","familyConstruct":"1A","tenure":"1 Year","family_members_id":"0","family_gender":"Male","first_name":"jh","middle_name":"jgjh","last_name":"khg","family_date_birth":"01-02-2002","age":"18","age_type":"years","family_id":"","s_date":"","marriage_date":"","premium_parent":"","contri_parent":"","premium":"2099","policyNo":"379","familyDataType":"family_construct","product":"QBTv5db9151ad1c21","empId":"620014"} [] []
[2020-02-03 18:01:53] generateOTP.INFO: test [] []
[2020-02-03 18:08:54] generateOTP.INFO: test [] []
[2020-02-03 18:09:02] generateOTP.INFO: test [] []
[2020-02-03 18:09:03] generateOTP.INFO: test [] []
[2020-02-03 18:09:07] generateOTP.INFO: test [] []
[2020-02-03 18:09:48] generateOTP.INFO: test [] []
[2020-02-03 18:12:13] generateOTP.INFO: test [] []
[2020-02-03 18:12:14] generateOTP.INFO: test [] []
[2020-02-03 18:13:13] generateOTP.INFO: test [] []
[2020-02-03 18:13:13] generateOTP.INFO: test [] []
[2020-02-03 18:15:45] generateOTP.INFO: test [] []
[2020-02-03 18:25:26] generateOTP.INFO: test [] []
[2020-02-03 18:26:35] generateOTP.INFO: test [] []
[2020-02-03 18:26:54] generateOTP.INFO: test [] []
[2020-02-03 18:31:50] generateOTP.INFO: test [] []
[2020-02-03 18:38:28] generateOTP.INFO: test [] []
[2020-02-03 18:39:09] generateOTP.INFO: test [] []
[2020-02-03 18:39:47] generateOTP.INFO: test [] []
[2020-02-03 18:40:03] generateOTP.INFO: test [] []
[2020-02-03 18:40:16] generateOTP.INFO: test [] []
[2020-02-03 18:40:59] generateOTP.INFO: test [] []
[2020-02-03 18:44:17] generateOTP.INFO: test [] []
[2020-02-03 18:44:42] generateOTP.INFO: test [] []
[2020-02-03 18:45:07] generateOTP.INFO: test [] []
[2020-02-03 18:46:30] generateOTP.INFO: test [] []
[2020-02-03 18:47:14] generateOTP.INFO: test [] []
[2020-02-03 19:00:24] generateOTP.INFO: test [] []
[2020-02-03 19:01:02] generateOTP.INFO: test [] []
[2020-02-03 19:01:36] generateOTP.INFO: test [] []
[2020-02-03 19:01:52] generateOTP.INFO: test [] []
