[2020-09-03 00:23:53] generateOTP.INFO: test [] []
[2020-09-03 09:51:10] generateOTP.INFO: test [] []
[2020-09-03 09:53:05] generateOTP.INFO: {"salutation":"1","firstname":"test","lastname":"BANKING","dob":"19-12-1988","mob_no":"7010444138","panCard":"XXXXXX456A","email":"jack@gmail.com","ref1":"1","ref2":"1","comAdd":"Om hrad ntalatiof, holOmshre, talathioficeeachol, OmshreeSada9talathi","city":"MUMBAI","state":"MAHARASHTRA","pin_code":"622103","ISNRI":"N","update_emp_id":"622977","edit":"0","policy_no":"454,455","subtype_text":"1","sum_insure":"500000","anuual_income":"","occupation":"2","familyConstruct":"1A","family_members_id":"0","family_gender":"Male","first_name":"test","last_name":"BANKING","family_date_birth":"19-12-1988","age":"31","age_type":" years","tenure":"1 Year","family_id":"","s_date":"","marriage_date":"","premium":"8000","policyNo":"454,455","familyDataType":"undefined","empId":"622977","product":"RMxC5efb5c5a320e7","declare":"[]","gender":"Male","gci_options":"Yes"} [] []
[2020-09-03 09:54:15] generateOTP.INFO: {"salutation":"1","firstname":"test","lastname":"BANKING","dob":"19-12-1988","mob_no":"7010444138","panCard":"XXXXXX456A","email":"jack@gmail.com","ref1":"1","ref2":"1","comAdd":"Om hrad ntalatiof, holOmshre, talathioficeeachol, OmshreeSada9talathi","city":"MUMBAI","state":"MAHARASHTRA","pin_code":"622103","ISNRI":"N","update_emp_id":"622977","edit":"0","policy_no":"454,455","subtype_text":"1","sum_insure":"500000","anuual_income":"0","occupation":"2","familyConstruct":"2A","family_members_id":"1","family_gender":"Female","first_name":"rter","last_name":"erter","family_date_birth":"04-09-1990","age":"29","age_type":" years","tenure":"1 Year","family_id":"","s_date":"","marriage_date":"","premium":"11500","policyNo":"454,455","familyDataType":"undefined","empId":"622977","product":"RMxC5efb5c5a320e7","declare":"[]","gender":"Male","gci_options":"Yes"} [] []
[2020-09-03 10:32:28] generateOTP.INFO: test [] []
[2020-09-03 10:38:52] generateOTP.INFO: test [] []
[2020-09-03 10:41:38] generateOTP.INFO: test [] []
[2020-09-03 10:41:48] generateOTP.INFO: test [] []
[2020-09-03 10:41:48] generateOTP.INFO: test [] []
[2020-09-03 10:42:09] generateOTP.INFO: test [] []
[2020-09-03 10:42:09] generateOTP.INFO: test [] []
[2020-09-03 10:42:12] generateOTP.INFO: test [] []
[2020-09-03 10:42:13] generateOTP.INFO: test [] []
[2020-09-03 10:42:13] generateOTP.INFO: test [] []
[2020-09-03 10:42:14] generateOTP.INFO: test [] []
[2020-09-03 10:42:14] generateOTP.INFO: test [] []
[2020-09-03 10:42:16] generateOTP.INFO: test [] []
[2020-09-03 10:42:17] generateOTP.INFO: test [] []
[2020-09-03 10:42:17] generateOTP.INFO: test [] []
[2020-09-03 10:42:19] generateOTP.INFO: test [] []
[2020-09-03 10:42:20] generateOTP.INFO: test [] []
[2020-09-03 10:42:46] generateOTP.INFO: test [] []
[2020-09-03 10:43:01] generateOTP.INFO: {"salutation":"1","firstname":"test","lastname":"BANKING","dob":"19-12-1988","mob_no":"7010444138","panCard":"XXXXXX456A","email":"jack@gmail.com","ref1":"1","ref2":"1","comAdd":"Om hrad ntalatiof, holOmshre, talathioficeeachol, OmshreeSada9talathi","city":"Illuppur","state":"TAMIL NADU","pin_code":"622103","ISNRI":"N","update_emp_id":"622977","edit":"0","policy_no":"454,455","subtype_text":"1","sum_insure":"500000","anuual_income":"","occupation":"1","familyConstruct":"1A","family_members_id":"0","family_gender":"Male","first_name":"test","last_name":"BANKING","family_date_birth":"19-12-1988","age":"31","age_type":" years","tenure":"1 Year","family_id":"","s_date":"04-09-1990","marriage_date":"","premium":"8000","policyNo":"454,455","familyDataType":"undefined","empId":"622977","product":"RMxC5efb5c5a320e7","declare":"[]","gender":"Male","gci_options":"Yes"} [] []
[2020-09-03 10:43:28] generateOTP.INFO: test [] []
[2020-09-03 10:43:42] generateOTP.INFO: {"salutation":"1","firstname":"test","lastname":"BANKING","dob":"19-12-1988","mob_no":"7010444138","panCard":"XXXXXX456A","email":"jack@gmail.com","ref1":"1","ref2":"1","comAdd":"Om hrad ntalatiof, holOmshre, talathioficeeachol, OmshreeSada9talathi","city":"Illuppur","state":"TAMIL NADU","pin_code":"622103","ISNRI":"N","update_emp_id":"622977","edit":"0","policy_no":"454,455","subtype_text":"1","sum_insure":"500000","anuual_income":"","occupation":"1","familyConstruct":"1A","family_members_id":"0","family_gender":"Male","first_name":"test","last_name":"BANKING","family_date_birth":"19-12-1988","age":"31","age_type":" years","tenure":"1 Year","family_id":"","s_date":"04-09-1990","marriage_date":"","premium":"8000","policyNo":"454,455","familyDataType":"undefined","empId":"622977","product":"RMxC5efb5c5a320e7","declare":"[]","gender":"Male","gci_options":"Yes"} [] []
[2020-09-03 10:46:59] generateOTP.INFO: test [] []
[2020-09-03 10:47:56] generateOTP.INFO: test [] []
[2020-09-03 10:48:58] generateOTP.INFO: test [] []
[2020-09-03 10:49:00] generateOTP.INFO: test [] []
[2020-09-03 10:49:02] generateOTP.INFO: test [] []
[2020-09-03 10:49:40] generateOTP.INFO: {"salutation":"1","firstname":"test","lastname":"BANKING","dob":"19-12-1988","mob_no":"7010444138","panCard":"XXXXXX456A","email":"jack@gmail.com","ref1":"1","ref2":"1","comAdd":"Om hrad ntalatiof, holOmshre, talathioficeeachol, OmshreeSada9talathi","city":"MUMBAI","state":"MAHARASHTRA","pin_code":"622103","ISNRI":"N","update_emp_id":"622978","edit":"0","policy_no":"460,461","subtype_text":"1","sum_insure":"500000","anuual_income":"","occupation":"2","familyConstruct":"2A","family_members_id":"0","family_gender":"Male","first_name":"test","last_name":"BANKING","family_date_birth":"19-12-1988","age":"31","age_type":" years","tenure":"1 Year","premiumgci":"0","family_id":"","s_date":"","marriage_date":"","premium":"undefined","policyNo":"460,461","familyDataType":"undefined","empId":"622978","product":"YFsa5f4cb15ead28c","declare":"[]","gender":"Male","gci_options":"Yes"} [] []
[2020-09-03 10:50:18] generateOTP.INFO: {"salutation":"1","firstname":"test","lastname":"BANKING","dob":"19-12-1988","mob_no":"7010444138","panCard":"XXXXXX456A","email":"jack@gmail.com","ref1":"1","ref2":"1","comAdd":"Om hrad ntalatiof, holOmshre, talathioficeeachol, OmshreeSada9talathi","city":"MUMBAI","state":"MAHARASHTRA","pin_code":"622103","ISNRI":"N","update_emp_id":"622978","edit":"0","policy_no":"460,461","subtype_text":"1","sum_insure":"500000","anuual_income":"","occupation":"2","familyConstruct":"2A","family_members_id":"1","family_gender":"Female","first_name":"rttert","last_name":"ertert","family_date_birth":"10-09-1985","age":"34","age_type":" years","tenure":"1 Year","premiumgci":"2800","family_id":"","s_date":"","marriage_date":"","premium":"undefined","policyNo":"460,461","familyDataType":"undefined","empId":"622978","product":"YFsa5f4cb15ead28c","declare":"[]","gender":"Male","gci_options":"Yes"} [] []
[2020-09-03 10:50:46] documentsSave.INFO: {"ops_type":"[]","ids":"511,512"} [] []
[2020-09-03 10:50:46] documentsSaveFiles.INFO: [] [] []
[2020-09-03 10:51:21] generateOTP.INFO: test [] []
[2020-09-03 10:51:29] generateOTP.INFO: test [] []
[2020-09-03 10:51:32] generateOTP.INFO: test [] []
[2020-09-03 10:51:41] generateOTP.INFO: test [] []
[2020-09-03 10:54:41] generateOTP.INFO: test [] []
[2020-09-03 10:55:11] generateOTP.INFO: test [] []
[2020-09-03 10:55:13] generateOTP.INFO: test [] []
[2020-09-03 10:56:37] generateOTP.INFO: test [] []
[2020-09-03 10:56:37] generateOTP.INFO: test [] []
[2020-09-03 10:57:12] generateOTP.INFO: test [] []
[2020-09-03 10:57:38] generateOTP.INFO: test [] []
[2020-09-03 11:27:13] generateOTP.INFO: test [] []
[2020-09-03 11:27:39] generateOTP.INFO: test [] []
[2020-09-03 11:27:41] generateOTP.INFO: test [] []
[2020-09-03 11:30:48] generateOTP.INFO: test [] []
[2020-09-03 11:30:58] generateOTP.INFO: test [] []
[2020-09-03 11:58:10] generateOTP.INFO: test [] []
[2020-09-03 11:58:44] generateOTP.INFO: test [] []
[2020-09-03 12:34:06] generateOTP.INFO: test [] []
[2020-09-03 12:34:12] generateOTP.INFO: test [] []
[2020-09-03 12:34:22] generateOTP.INFO: test [] []
[2020-09-03 12:35:05] generateOTP.INFO: test [] []
[2020-09-03 12:35:20] generateOTP.INFO: test [] []
[2020-09-03 12:35:27] generateOTP.INFO: test [] []
[2020-09-03 12:39:40] generateOTP.INFO: test [] []
[2020-09-03 12:39:47] generateOTP.INFO: test [] []
[2020-09-03 13:17:53] generateOTP.INFO: test [] []
[2020-09-03 13:18:26] generateOTP.INFO: test [] []
[2020-09-03 13:18:28] generateOTP.INFO: test [] []
[2020-09-03 13:18:29] generateOTP.INFO: test [] []
[2020-09-03 13:19:19] generateOTP.INFO: test [] []
[2020-09-03 13:19:31] generateOTP.INFO: test [] []
[2020-09-03 13:33:30] generateOTP.INFO: test [] []
[2020-09-03 13:33:37] generateOTP.INFO: test [] []
[2020-09-03 13:36:17] generateOTP.INFO: test [] []
[2020-09-03 13:36:35] generateOTP.INFO: test [] []
[2020-09-03 13:38:08] generateOTP.INFO: test [] []
[2020-09-03 13:39:26] generateOTP.INFO: test [] []
[2020-09-03 13:39:53] generateOTP.INFO: test [] []
[2020-09-03 13:42:16] generateOTP.INFO: test [] []
[2020-09-03 13:43:25] generateOTP.INFO: {"salutation":"2","firstname":"swati","lastname":"shinde","dob":"19-12-1988","mob_no":"7010444138","panCard":"XXXXXX456A","email":"jack@gmail.com","ref1":"1","ref2":"1","comAdd":"Om hrad ntalatiof, holOmshre, talathioficeeachol, OmshreeSada9talathi","city":"MUMBAI","state":"MAHARASHTRA","pin_code":"410209","ISNRI":"N","update_emp_id":"622983","edit":"0","policy_no":"460,461","subtype_text":"1","sum_insure":"500000","anuual_income":"","occupation":"14","familyConstruct":"2A","family_members_id":"0","family_gender":"Female","first_name":"swati","last_name":"shinde","family_date_birth":"19-12-1988","age":"31","age_type":" years","tenure":"1 Year","premiumgci":"0","family_id":"","s_date":"","marriage_date":"","premium":"undefined","policyNo":"460,461","familyDataType":"undefined","empId":"622983","product":"YFsa5f4cb15ead28c","declare":"[]","gender":"Female","gci_options":"Yes"} [] []
[2020-09-03 13:44:09] generateOTP.INFO: {"salutation":"2","firstname":"swati","lastname":"shinde","dob":"19-12-1988","mob_no":"7010444138","panCard":"XXXXXX456A","email":"jack@gmail.com","ref1":"1","ref2":"1","comAdd":"Om hrad ntalatiof, holOmshre, talathioficeeachol, OmshreeSada9talathi","city":"MUMBAI","state":"MAHARASHTRA","pin_code":"410209","ISNRI":"N","update_emp_id":"622983","edit":"0","policy_no":"460,461","subtype_text":"1","sum_insure":"500000","anuual_income":"","occupation":"14","familyConstruct":"2A","family_members_id":"1","family_gender":"Male","first_name":"sg","last_name":"shinde","family_date_birth":"09-09-1987","age":"32","age_type":" years","tenure":"1 Year","premiumgci":"2800","family_id":"","s_date":"","marriage_date":"","premium":"undefined","policyNo":"460,461","familyDataType":"undefined","empId":"622983","product":"YFsa5f4cb15ead28c","declare":"[]","gender":"Female","gci_options":"Yes"} [] []
[2020-09-03 14:08:16] generateOTP.INFO: test [] []
[2020-09-03 14:09:19] generateOTP.INFO: test [] []
[2020-09-03 14:09:20] generateOTP.INFO: test [] []
[2020-09-03 14:09:27] generateOTP.INFO: test [] []
[2020-09-03 14:11:30] generateOTP.INFO: test [] []
[2020-09-03 14:11:33] generateOTP.INFO: test [] []
[2020-09-03 14:12:19] generateOTP.INFO: test [] []
[2020-09-03 14:12:20] generateOTP.INFO: test [] []
[2020-09-03 14:13:10] generateOTP.INFO: test [] []
[2020-09-03 14:13:11] generateOTP.INFO: test [] []
[2020-09-03 14:13:43] generateOTP.INFO: test [] []
[2020-09-03 14:24:15] generateOTP.INFO: test [] []
[2020-09-03 14:27:21] generateOTP.INFO: test [] []
[2020-09-03 14:27:56] generateOTP.INFO: {"salutation":"2","firstname":"swati","lastname":"shinde","dob":"19-12-1988","mob_no":"7010444138","panCard":"XXXXXX456A","email":"jack@gmail.com","ref1":"1","ref2":"1","comAdd":"Om hrad ntalatiof, holOmshre, talathioficeeachol, OmshreeSada9talathi","city":"Navi Mumbai","state":"MAHARASHTRA","pin_code":"410209","ISNRI":"N","update_emp_id":"622983","edit":"0","policy_no":"460,461","subtype_text":"1","sum_insure":"1000000","anuual_income":"0","occupation":"14","familyConstruct":"2A","family_members_id":"0","family_gender":"Female","first_name":"swati","last_name":"shinde","family_date_birth":"19-12-1988","age":"31","age_type":" years","tenure":"1 Year","premiumgci":"5600","family_id":"","s_date":"09-09-1987","marriage_date":"","premium":"undefined","policyNo":"460,461","familyDataType":"undefined","empId":"622983","product":"YFsa5f4cb15ead28c","declare":"[]","gender":"Female","gci_options":"Yes"} [] []
[2020-09-03 14:28:10] generateOTP.INFO: test [] []
[2020-09-03 14:28:11] generateOTP.INFO: test [] []
[2020-09-03 14:28:13] generateOTP.INFO: {"salutation":"2","firstname":"swati","lastname":"shinde","dob":"19-12-1988","mob_no":"7010444138","panCard":"XXXXXX456A","email":"jack@gmail.com","ref1":"1","ref2":"1","comAdd":"Om hrad ntalatiof, holOmshre, talathioficeeachol, OmshreeSada9talathi","city":"Navi Mumbai","state":"MAHARASHTRA","pin_code":"410209","ISNRI":"N","update_emp_id":"622983","edit":"0","policy_no":"460,461","subtype_text":"1","sum_insure":"1000000","anuual_income":"","occupation":"14","familyConstruct":"2A","family_members_id":"0","family_gender":"Female","first_name":"swati","last_name":"shinde","family_date_birth":"19-12-1988","age":"31","age_type":" years","tenure":"1 Year","premiumgci":"","family_id":"","s_date":"09-09-1987","marriage_date":"","premium":"undefined","policyNo":"460,461","familyDataType":"undefined","empId":"622983","product":"YFsa5f4cb15ead28c","declare":"[]","gender":"Female","gci_options":"Yes"} [] []
[2020-09-03 14:29:41] generateOTP.INFO: test [] []
[2020-09-03 14:30:06] generateOTP.INFO: test [] []
[2020-09-03 14:30:24] generateOTP.INFO: test [] []
[2020-09-03 14:30:26] generateOTP.INFO: test [] []
[2020-09-03 14:30:53] generateOTP.INFO: test [] []
[2020-09-03 14:31:53] generateOTP.INFO: test [] []
[2020-09-03 14:34:22] generateOTP.INFO: test [] []
[2020-09-03 14:34:53] generateOTP.INFO: test [] []
[2020-09-03 14:34:55] generateOTP.INFO: test [] []
[2020-09-03 14:36:31] generateOTP.INFO: {"salutation":"2","firstname":"swati","lastname":"shinde","dob":"19-12-1988","mob_no":"7010444138","panCard":"XXXXXX456A","email":"jack@gmail.com","ref1":"1","ref2":"1","comAdd":"Om hrad ntalatiof, holOmshre, talathioficeeachol, OmshreeSada9talathi","city":"Navi Mumbai","state":"MAHARASHTRA","pin_code":"410209","ISNRI":"N","update_emp_id":"622983","edit":"0","policy_no":"460,461","subtype_text":"1","sum_insure":"1000000","anuual_income":"","occupation":"14","familyConstruct":"2A","family_members_id":"0","family_gender":"Female","first_name":"swati","last_name":"shinde","family_date_birth":"19-12-1988","age":"31","age_type":" years","tenure":"1 Year","premiumgci":"","family_id":"","s_date":"09-09-1987","marriage_date":"","premium":"undefined","policyNo":"460,461","familyDataType":"undefined","empId":"622983","product":"YFsa5f4cb15ead28c","declare":"[]","gender":"Female","gci_options":"Yes"} [] []
[2020-09-03 14:37:13] generateOTP.INFO: {"salutation":"2","firstname":"swati","lastname":"shinde","dob":"19-12-1988","mob_no":"7010444138","panCard":"XXXXXX456A","email":"jack@gmail.com","ref1":"1","ref2":"1","comAdd":"Om hrad ntalatiof, holOmshre, talathioficeeachol, OmshreeSada9talathi","city":"Navi Mumbai","state":"MAHARASHTRA","pin_code":"410209","ISNRI":"N","update_emp_id":"622983","edit":"0","policy_no":"460,461","subtype_text":"1","sum_insure":"1000000","anuual_income":"","occupation":"14","familyConstruct":"2A","family_members_id":"1","family_gender":"Male","first_name":"sg","last_name":"shinde","family_date_birth":"13-09-1974","age":"45","age_type":" years","tenure":"1 Year","premiumgci":"4100","family_id":"","s_date":"09-09-1987","marriage_date":"","premium":"undefined","policyNo":"460,461","familyDataType":"undefined","empId":"622983","product":"YFsa5f4cb15ead28c","declare":"[]","gender":"Female","gci_options":"Yes"} [] []
[2020-09-03 14:37:38] generateOTP.INFO: test [] []
[2020-09-03 14:37:51] generateOTP.INFO: test [] []
[2020-09-03 14:39:13] generateOTP.INFO: {"salutation":"2","firstname":"swati","lastname":"shinde","dob":"19-12-1988","mob_no":"7010444138","panCard":"XXXXXX456A","email":"jack@gmail.com","ref1":"1","ref2":"1","comAdd":"Om hrad ntalatiof, holOmshre, talathioficeeachol, OmshreeSada9talathi","city":"Navi Mumbai","state":"MAHARASHTRA","pin_code":"410209","ISNRI":"N","update_emp_id":"622983","edit":"0","policy_no":"460,461","subtype_text":"1","sum_insure":"1500000","anuual_income":"400000","occupation":"14","familyConstruct":"2A","family_members_id":"0","family_gender":"Female","first_name":"swati","last_name":"shinde","family_date_birth":"19-12-1988","age":"31","age_type":" years","tenure":"1 Year","premiumgci":"","family_id":"","s_date":"09-09-1987","marriage_date":"","premium":"undefined","policyNo":"460,461","familyDataType":"undefined","empId":"622983","product":"YFsa5f4cb15ead28c","declare":"[]","gender":"Female","gci_options":"Yes"} [] []
[2020-09-03 14:39:44] generateOTP.INFO: {"salutation":"2","firstname":"swati","lastname":"shinde","dob":"19-12-1988","mob_no":"7010444138","panCard":"XXXXXX456A","email":"jack@gmail.com","ref1":"1","ref2":"1","comAdd":"Om hrad ntalatiof, holOmshre, talathioficeeachol, OmshreeSada9talathi","city":"Navi Mumbai","state":"MAHARASHTRA","pin_code":"410209","ISNRI":"N","update_emp_id":"622983","edit":"0","policy_no":"460,461","subtype_text":"1","sum_insure":"1500000","anuual_income":"400000","occupation":"14","familyConstruct":"2A","family_members_id":"1","family_gender":"Male","first_name":"sg","last_name":"sh","family_date_birth":"19-09-1974","age":"45","age_type":" years","tenure":"1 Year","premiumgci":"4400","family_id":"","s_date":"09-09-1987","marriage_date":"","premium":"undefined","policyNo":"460,461","familyDataType":"undefined","empId":"622983","product":"YFsa5f4cb15ead28c","declare":"[]","gender":"Female","gci_options":"Yes"} [] []
[2020-09-03 14:41:53] generateOTP.INFO: {"salutation":"2","firstname":"swati","lastname":"shinde","dob":"19-12-1988","mob_no":"7010444138","panCard":"XXXXXX456A","email":"jack@gmail.com","ref1":"1","ref2":"1","comAdd":"Om hrad ntalatiof, holOmshre, talathioficeeachol, OmshreeSada9talathi","city":"Navi Mumbai","state":"MAHARASHTRA","pin_code":"410209","ISNRI":"N","update_emp_id":"622983","edit":"0","policy_no":"460,461","subtype_text":"1","sum_insure":"2000000","anuual_income":"400000","occupation":"14","familyConstruct":"2A","family_members_id":"0","family_gender":"Female","first_name":"swati","last_name":"shinde","family_date_birth":"19-12-1988","age":"31","age_type":" years","tenure":"1 Year","premiumgci":"","family_id":"","s_date":"09-09-1987","marriage_date":"","premium":"undefined","policyNo":"460,461","familyDataType":"undefined","empId":"622983","product":"YFsa5f4cb15ead28c","declare":"[]","gender":"Female","gci_options":"Yes"} [] []
[2020-09-03 14:42:06] generateOTP.INFO: test [] []
[2020-09-03 14:42:15] generateOTP.INFO: test [] []
[2020-09-03 14:42:19] generateOTP.INFO: test [] []
[2020-09-03 14:42:31] generateOTP.INFO: test [] []
[2020-09-03 14:42:32] generateOTP.INFO: test [] []
[2020-09-03 14:42:34] generateOTP.INFO: {"salutation":"2","firstname":"swati","lastname":"shinde","dob":"19-12-1988","mob_no":"7010444138","panCard":"XXXXXX456A","email":"jack@gmail.com","ref1":"1","ref2":"1","comAdd":"Om hrad ntalatiof, holOmshre, talathioficeeachol, OmshreeSada9talathi","city":"Navi Mumbai","state":"MAHARASHTRA","pin_code":"410209","ISNRI":"N","update_emp_id":"622983","edit":"0","policy_no":"460,461","subtype_text":"1","sum_insure":"2000000","anuual_income":"400000","occupation":"14","familyConstruct":"2A","family_members_id":"1","family_gender":"Male","first_name":"sg","last_name":"sh","family_date_birth":"11-09-1992","age":"27","age_type":" years","tenure":"1 Year","premiumgci":"5700","family_id":"","s_date":"09-09-1987","marriage_date":"","premium":"undefined","policyNo":"460,461","familyDataType":"undefined","empId":"622983","product":"YFsa5f4cb15ead28c","declare":"[]","gender":"Female","gci_options":"Yes"} [] []
[2020-09-03 14:42:38] generateOTP.INFO: test [] []
[2020-09-03 14:43:02] generateOTP.INFO: test [] []
[2020-09-03 14:43:25] generateOTP.INFO: test [] []
[2020-09-03 14:43:56] generateOTP.INFO: test [] []
[2020-09-03 14:44:02] generateOTP.INFO: test [] []
[2020-09-03 14:44:31] generateOTP.INFO: {"salutation":"2","firstname":"swati","lastname":"shinde","dob":"19-12-1988","mob_no":"7010444138","panCard":"XXXXXX456A","email":"jack@gmail.com","ref1":"1","ref2":"1","comAdd":"Om hrad ntalatiof, holOmshre, talathioficeeachol, OmshreeSada9talathi","city":"Navi Mumbai","state":"MAHARASHTRA","pin_code":"410209","ISNRI":"N","update_emp_id":"622983","edit":"0","policy_no":"460,461","subtype_text":"1","sum_insure":"2500000","anuual_income":"400000","occupation":"14","familyConstruct":"2A","family_members_id":"0","family_gender":"Female","first_name":"swati","last_name":"shinde","family_date_birth":"19-12-1988","age":"31","age_type":" years","tenure":"1 Year","premiumgci":"","family_id":"","s_date":"09-09-1987","marriage_date":"","premium":"undefined","policyNo":"460,461","familyDataType":"undefined","empId":"622983","product":"YFsa5f4cb15ead28c","declare":"[]","gender":"Female","gci_options":"Yes"} [] []
[2020-09-03 14:45:09] generateOTP.INFO: {"salutation":"2","firstname":"swati","lastname":"shinde","dob":"19-12-1988","mob_no":"7010444138","panCard":"XXXXXX456A","email":"jack@gmail.com","ref1":"1","ref2":"1","comAdd":"Om hrad ntalatiof, holOmshre, talathioficeeachol, OmshreeSada9talathi","city":"Navi Mumbai","state":"MAHARASHTRA","pin_code":"410209","ISNRI":"N","update_emp_id":"622983","edit":"0","policy_no":"460,461","subtype_text":"1","sum_insure":"2500000","anuual_income":"400000","occupation":"14","familyConstruct":"2A","family_members_id":"1","family_gender":"Male","first_name":"sg","last_name":"sh","family_date_birth":"06-09-1984","age":"35","age_type":" years","tenure":"1 Year","premiumgci":"8500","family_id":"","s_date":"09-09-1987","marriage_date":"","premium":"undefined","policyNo":"460,461","familyDataType":"undefined","empId":"622983","product":"YFsa5f4cb15ead28c","declare":"[]","gender":"Female","gci_options":"Yes"} [] []
[2020-09-03 14:49:35] generateOTP.INFO: {"salutation":"2","firstname":"swati","lastname":"shinde","dob":"19-12-1988","mob_no":"7010444138","panCard":"XXXXXX456A","email":"jack@gmail.com","ref1":"1","ref2":"1","comAdd":"Om hrad ntalatiof, holOmshre, talathioficeeachol, OmshreeSada9talathi","city":"Navi Mumbai","state":"MAHARASHTRA","pin_code":"410209","ISNRI":"N","update_emp_id":"622983","edit":"0","policy_no":"460,461","subtype_text":"1","sum_insure":"5000000","anuual_income":"800000","occupation":"14","familyConstruct":"2A","family_members_id":"0","family_gender":"Female","first_name":"swati","last_name":"shinde","family_date_birth":"19-12-1988","age":"31","age_type":" years","tenure":"1 Year","premiumgci":"","family_id":"","s_date":"09-09-1987","marriage_date":"","premium":"undefined","policyNo":"460,461","familyDataType":"undefined","empId":"622983","product":"YFsa5f4cb15ead28c","declare":"[]","gender":"Female","gci_options":"Yes"} [] []
[2020-09-03 14:50:22] generateOTP.INFO: {"salutation":"2","firstname":"swati","lastname":"shinde","dob":"19-12-1988","mob_no":"7010444138","panCard":"XXXXXX456A","email":"jack@gmail.com","ref1":"1","ref2":"1","comAdd":"Om hrad ntalatiof, holOmshre, talathioficeeachol, OmshreeSada9talathi","city":"Navi Mumbai","state":"MAHARASHTRA","pin_code":"410209","ISNRI":"N","update_emp_id":"622983","edit":"0","policy_no":"460,461","subtype_text":"1","sum_insure":"5000000","anuual_income":"800000","occupation":"14","familyConstruct":"2A","family_members_id":"1","family_gender":"Male","first_name":"sg","last_name":"sh","family_date_birth":"06-09-1974","age":"45","age_type":" years","tenure":"1 Year","premiumgci":"14000","family_id":"","s_date":"09-09-1987","marriage_date":"","premium":"undefined","policyNo":"460,461","familyDataType":"undefined","empId":"622983","product":"YFsa5f4cb15ead28c","declare":"[]","gender":"Female","gci_options":"Yes"} [] []
[2020-09-03 14:51:56] generateOTP.INFO: test [] []
[2020-09-03 14:52:07] generateOTP.INFO: test [] []
[2020-09-03 14:52:30] generateOTP.INFO: test [] []
[2020-09-03 14:53:20] generateOTP.INFO: test [] []
[2020-09-03 14:54:33] generateOTP.INFO: {"salutation":"2","firstname":"swati","lastname":"shinde","dob":"19-12-1988","mob_no":"7010444138","panCard":"XXXXXX456A","email":"jack@gmail.com","ref1":"1","ref2":"1","comAdd":"Om hrad ntalatiof, holOmshre, talathioficeeachol, OmshreeSada9talathi","city":"Navi Mumbai","state":"MAHARASHTRA","pin_code":"410209","ISNRI":"N","update_emp_id":"622983","edit":"0","policy_no":"460,461","subtype_text":"1","sum_insure":"5000000","anuual_income":"800000","occupation":"14","familyConstruct":"2A","family_members_id":"0","family_gender":"Female","first_name":"swati","last_name":"shinde","family_date_birth":"19-12-1988","age":"31","age_type":" years","tenure":"1 Year","premiumgci":"","family_id":"","s_date":"09-09-1987","marriage_date":"","premium":"undefined","policyNo":"460,461","familyDataType":"undefined","empId":"622983","product":"YFsa5f4cb15ead28c","declare":"[]","gender":"Female","gci_options":"Yes"} [] []
[2020-09-03 14:55:32] generateOTP.INFO: {"salutation":"2","firstname":"swati","lastname":"shinde","dob":"19-12-1988","mob_no":"7010444138","panCard":"XXXXXX456A","email":"jack@gmail.com","ref1":"1","ref2":"1","comAdd":"Om hrad ntalatiof, holOmshre, talathioficeeachol, OmshreeSada9talathi","city":"Navi Mumbai","state":"MAHARASHTRA","pin_code":"410209","ISNRI":"N","update_emp_id":"622983","edit":"0","policy_no":"460,461","subtype_text":"1","sum_insure":"5000000","anuual_income":"800000","occupation":"14","familyConstruct":"2A","family_members_id":"1","family_gender":"Male","first_name":"sg","last_name":"shinde","family_date_birth":"12-09-1984","age":"35","age_type":" years","tenure":"1 Year","premiumgci":"14000","family_id":"","s_date":"09-09-1987","marriage_date":"","premium":"undefined","policyNo":"460,461","familyDataType":"undefined","empId":"622983","product":"YFsa5f4cb15ead28c","declare":"[]","gender":"Female","gci_options":"Yes"} [] []
[2020-09-03 14:55:35] generateOTP.INFO: test [] []
[2020-09-03 14:56:36] documentsSave.INFO: {"ops_type":"[\"0\",\"Y\"]","ids":"513,514"} [] []
[2020-09-03 14:56:36] documentsSaveFiles.INFO: [{"name":"Full Forms.jpeg","type":"image\/jpeg","tmp_name":"\/tmp\/phpzOeRxe","error":0,"size":128214},{"name":"Full Forms.jpeg","type":"image\/jpeg","tmp_name":"\/tmp\/php8Bauxk","error":0,"size":128214}] [] []
[2020-09-03 14:57:03] generateOTP.INFO: test [] []
[2020-09-03 14:58:44] generateOTP.INFO: test [] []
[2020-09-03 14:58:50] generateOTP.INFO: test [] []
[2020-09-03 14:59:29] generateOTP.INFO: test [] []
[2020-09-03 14:59:32] generateOTP.INFO: test [] []
[2020-09-03 15:00:02] generateOTP.INFO: test [] []
[2020-09-03 15:01:37] generateOTP.INFO: test [] []
[2020-09-03 15:02:18] generateOTP.INFO: {"salutation":"2","firstname":"swati","lastname":"shinde","dob":"19-06-1974","mob_no":"7010444138","panCard":"XXXXXX456A","email":"jack@gmail.com","ref1":"1","ref2":"1","comAdd":"Om hrad ntalatiof, holOmshre, talathioficeeachol, OmshreeSada9talathi","city":"MUMBAI","state":"MAHARASHTRA","pin_code":"410209","ISNRI":"N","update_emp_id":"622987","edit":"0","policy_no":"460,461","subtype_text":"1","sum_insure":"500000","anuual_income":"","occupation":"14","familyConstruct":"2A","family_members_id":"0","family_gender":"Female","first_name":"swati","last_name":"shinde","family_date_birth":"19-06-1974","age":"46","age_type":" years","tenure":"1 Year","premiumgci":"0","family_id":"","s_date":"","marriage_date":"","premium":"undefined","policyNo":"460,461","familyDataType":"undefined","empId":"622987","product":"YFsa5f4cb15ead28c","declare":"[]","gender":"Female","gci_options":"Yes"} [] []
[2020-09-03 15:03:29] generateOTP.INFO: {"salutation":"2","firstname":"swati","lastname":"shinde","dob":"19-06-1974","mob_no":"7010444138","panCard":"XXXXXX456A","email":"jack@gmail.com","ref1":"1","ref2":"1","comAdd":"Om hrad ntalatiof, holOmshre, talathioficeeachol, OmshreeSada9talathi","city":"MUMBAI","state":"MAHARASHTRA","pin_code":"410209","ISNRI":"N","update_emp_id":"622987","edit":"0","policy_no":"460,461","subtype_text":"1","sum_insure":"500000","anuual_income":"","occupation":"14","familyConstruct":"2A","family_members_id":"1","family_gender":"Male","first_name":"sg","last_name":"sh","family_date_birth":"26-09-1969","age":"50","age_type":" years","tenure":"1 Year","premiumgci":"2800","family_id":"","s_date":"","marriage_date":"","premium":"undefined","policyNo":"460,461","familyDataType":"undefined","empId":"622987","product":"YFsa5f4cb15ead28c","declare":"[]","gender":"Female","gci_options":"Yes"} [] []
[2020-09-03 15:07:21] generateOTP.INFO: {"salutation":"2","firstname":"swati","lastname":"shinde","dob":"19-06-1974","mob_no":"7010444138","panCard":"XXXXXX456A","email":"jack@gmail.com","ref1":"1","ref2":"1","comAdd":"Om hrad ntalatiof, holOmshre, talathioficeeachol, OmshreeSada9talathi","city":"MUMBAI","state":"MAHARASHTRA","pin_code":"410209","ISNRI":"N","update_emp_id":"622987","edit":"0","policy_no":"460,461","subtype_text":"1","sum_insure":"1000000","anuual_income":"","occupation":"14","familyConstruct":"2A","family_members_id":"0","family_gender":"Female","first_name":"swati","last_name":"shinde","family_date_birth":"19-06-1974","age":"46","age_type":" years","tenure":"1 Year","premiumgci":"","family_id":"","s_date":"","marriage_date":"","premium":"undefined","policyNo":"460,461","familyDataType":"undefined","empId":"622987","product":"YFsa5f4cb15ead28c","declare":"[]","gender":"Female","gci_options":"Yes"} [] []
[2020-09-03 15:07:55] generateOTP.INFO: {"salutation":"2","firstname":"swati","lastname":"shinde","dob":"19-06-1974","mob_no":"7010444138","panCard":"XXXXXX456A","email":"jack@gmail.com","ref1":"1","ref2":"1","comAdd":"Om hrad ntalatiof, holOmshre, talathioficeeachol, OmshreeSada9talathi","city":"MUMBAI","state":"MAHARASHTRA","pin_code":"410209","ISNRI":"N","update_emp_id":"622987","edit":"0","policy_no":"460,461","subtype_text":"1","sum_insure":"1000000","anuual_income":"","occupation":"14","familyConstruct":"2A","family_members_id":"1","family_gender":"Male","first_name":"sg","last_name":"sh","family_date_birth":"12-09-1974","age":"45","age_type":" years","tenure":"1 Year","premiumgci":"4100","family_id":"","s_date":"","marriage_date":"","premium":"undefined","policyNo":"460,461","familyDataType":"undefined","empId":"622987","product":"YFsa5f4cb15ead28c","declare":"[]","gender":"Female","gci_options":"Yes"} [] []
[2020-09-03 15:07:58] generateOTP.INFO: {"salutation":"2","firstname":"swati","lastname":"shinde","dob":"19-06-1974","mob_no":"7010444138","panCard":"XXXXXX456A","email":"jack@gmail.com","ref1":"1","ref2":"1","comAdd":"Om hrad ntalatiof, holOmshre, talathioficeeachol, OmshreeSada9talathi","city":"MUMBAI","state":"MAHARASHTRA","pin_code":"410209","ISNRI":"N","update_emp_id":"622987","edit":"0","policy_no":"460,461","subtype_text":"1","sum_insure":"1000000","anuual_income":"","occupation":"14","familyConstruct":"2A","family_members_id":"1","family_gender":"Male","first_name":"sg","last_name":"sh","family_date_birth":"12-09-1974","age":"45","age_type":" years","tenure":"1 Year","premiumgci":"4100","family_id":"","s_date":"","marriage_date":"","premium":"undefined","policyNo":"460,461","familyDataType":"undefined","empId":"622987","product":"YFsa5f4cb15ead28c","declare":"[]","gender":"Female","gci_options":"Yes"} [] []
[2020-09-03 15:08:01] generateOTP.INFO: {"salutation":"2","firstname":"swati","lastname":"shinde","dob":"19-06-1974","mob_no":"7010444138","panCard":"XXXXXX456A","email":"jack@gmail.com","ref1":"1","ref2":"1","comAdd":"Om hrad ntalatiof, holOmshre, talathioficeeachol, OmshreeSada9talathi","city":"MUMBAI","state":"MAHARASHTRA","pin_code":"410209","ISNRI":"N","update_emp_id":"622987","edit":"0","policy_no":"460,461","subtype_text":"1","sum_insure":"1000000","anuual_income":"","occupation":"14","familyConstruct":"2A","family_members_id":"1","family_gender":"Male","first_name":"sg","last_name":"sh","family_date_birth":"12-09-1974","age":"45","age_type":" years","tenure":"1 Year","premiumgci":"4100","family_id":"","s_date":"","marriage_date":"","premium":"undefined","policyNo":"460,461","familyDataType":"undefined","empId":"622987","product":"YFsa5f4cb15ead28c","declare":"[]","gender":"Female","gci_options":"Yes"} [] []
[2020-09-03 15:10:08] generateOTP.INFO: {"salutation":"2","firstname":"swati","lastname":"shinde","dob":"19-06-1974","mob_no":"7010444138","panCard":"XXXXXX456A","email":"jack@gmail.com","ref1":"1","ref2":"1","comAdd":"Om hrad ntalatiof, holOmshre, talathioficeeachol, OmshreeSada9talathi","city":"MUMBAI","state":"MAHARASHTRA","pin_code":"410209","ISNRI":"N","update_emp_id":"622987","edit":"0","policy_no":"460,461","subtype_text":"1","sum_insure":"1000000","anuual_income":"0","occupation":"14","familyConstruct":"2A","family_members_id":"1","family_gender":"Male","first_name":"sjaa","last_name":"shh","family_date_birth":"23-09-1971","age":"48","age_type":" years","tenure":"1 Year","premiumgci":"8200","family_id":"","s_date":"","marriage_date":"","premium":"undefined","policyNo":"460,461","familyDataType":"undefined","empId":"622987","product":"YFsa5f4cb15ead28c","declare":"[]","gender":"Female","gci_options":"Yes"} [] []
[2020-09-03 15:10:58] generateOTP.INFO: {"salutation":"2","firstname":"swati","lastname":"shinde","dob":"19-06-1974","mob_no":"7010444138","panCard":"XXXXXX456A","email":"jack@gmail.com","ref1":"1","ref2":"1","comAdd":"Om hrad ntalatiof, holOmshre, talathioficeeachol, OmshreeSada9talathi","city":"MUMBAI","state":"MAHARASHTRA","pin_code":"410209","ISNRI":"N","update_emp_id":"622987","edit":"0","policy_no":"460,461","subtype_text":"1","sum_insure":"1000000","anuual_income":"0","occupation":"14","familyConstruct":"2A","family_members_id":"1","family_gender":"Male","first_name":"sgg","last_name":"shh","family_date_birth":"10-09-1970","age":"49","age_type":" years","tenure":"1 Year","premiumgci":"8200","family_id":"","s_date":"","marriage_date":"","premium":"undefined","policyNo":"460,461","familyDataType":"undefined","empId":"622987","product":"YFsa5f4cb15ead28c","declare":"[]","gender":"Female","gci_options":"Yes"} [] []
[2020-09-03 15:14:00] generateOTP.INFO: {"salutation":"2","firstname":"swati","lastname":"shinde","dob":"19-06-1974","mob_no":"7010444138","panCard":"XXXXXX456A","email":"jack@gmail.com","ref1":"1","ref2":"1","comAdd":"Om hrad ntalatiof, holOmshre, talathioficeeachol, OmshreeSada9talathi","city":"MUMBAI","state":"MAHARASHTRA","pin_code":"410209","ISNRI":"N","update_emp_id":"622987","edit":"0","policy_no":"460,461","subtype_text":"1","sum_insure":"1500000","anuual_income":"400000","occupation":"14","familyConstruct":"2A","family_members_id":"0","family_gender":"Female","first_name":"swati","last_name":"shinde","family_date_birth":"19-06-1974","age":"46","age_type":" years","tenure":"1 Year","premiumgci":"","family_id":"","s_date":"","marriage_date":"","premium":"undefined","policyNo":"460,461","familyDataType":"undefined","empId":"622987","product":"YFsa5f4cb15ead28c","declare":"[]","gender":"Female","gci_options":"Yes"} [] []
[2020-09-03 15:14:35] generateOTP.INFO: {"salutation":"2","firstname":"swati","lastname":"shinde","dob":"19-06-1974","mob_no":"7010444138","panCard":"XXXXXX456A","email":"jack@gmail.com","ref1":"1","ref2":"1","comAdd":"Om hrad ntalatiof, holOmshre, talathioficeeachol, OmshreeSada9talathi","city":"MUMBAI","state":"MAHARASHTRA","pin_code":"410209","ISNRI":"N","update_emp_id":"622987","edit":"0","policy_no":"460,461","subtype_text":"1","sum_insure":"1500000","anuual_income":"400000","occupation":"14","familyConstruct":"2A","family_members_id":"1","family_gender":"Male","first_name":"sg","last_name":"sh","family_date_birth":"09-09-1971","age":"48","age_type":" years","tenure":"1 Year","premiumgci":"4400","family_id":"","s_date":"","marriage_date":"","premium":"undefined","policyNo":"460,461","familyDataType":"undefined","empId":"622987","product":"YFsa5f4cb15ead28c","declare":"[]","gender":"Female","gci_options":"Yes"} [] []
[2020-09-03 15:19:05] generateOTP.INFO: {"salutation":"2","firstname":"swati","lastname":"shinde","dob":"19-06-1974","mob_no":"7010444138","panCard":"XXXXXX456A","email":"jack@gmail.com","ref1":"1","ref2":"1","comAdd":"Om hrad ntalatiof, holOmshre, talathioficeeachol, OmshreeSada9talathi","city":"MUMBAI","state":"MAHARASHTRA","pin_code":"410209","ISNRI":"N","update_emp_id":"622987","edit":"0","policy_no":"460,461","subtype_text":"1","sum_insure":"2000000","anuual_income":"400000","occupation":"14","familyConstruct":"2A","family_members_id":"0","family_gender":"Female","first_name":"swati","last_name":"shinde","family_date_birth":"19-06-1974","age":"46","age_type":" years","tenure":"1 Year","premiumgci":"","family_id":"","s_date":"","marriage_date":"","premium":"undefined","policyNo":"460,461","familyDataType":"undefined","empId":"622987","product":"YFsa5f4cb15ead28c","declare":"[]","gender":"Female","gci_options":"Yes"} [] []
[2020-09-03 15:19:46] generateOTP.INFO: {"salutation":"2","firstname":"swati","lastname":"shinde","dob":"19-06-1974","mob_no":"7010444138","panCard":"XXXXXX456A","email":"jack@gmail.com","ref1":"1","ref2":"1","comAdd":"Om hrad ntalatiof, holOmshre, talathioficeeachol, OmshreeSada9talathi","city":"MUMBAI","state":"MAHARASHTRA","pin_code":"410209","ISNRI":"N","update_emp_id":"622987","edit":"0","policy_no":"460,461","subtype_text":"1","sum_insure":"2000000","anuual_income":"400000","occupation":"14","familyConstruct":"2A","family_members_id":"1","family_gender":"Male","first_name":"sg","last_name":"sh","family_date_birth":"14-09-1973","age":"46","age_type":" years","tenure":"1 Year","premiumgci":"5700","family_id":"","s_date":"","marriage_date":"","premium":"undefined","policyNo":"460,461","familyDataType":"undefined","empId":"622987","product":"YFsa5f4cb15ead28c","declare":"[]","gender":"Female","gci_options":"Yes"} [] []
[2020-09-03 15:21:15] generateOTP.INFO: {"salutation":"2","firstname":"swati","lastname":"shinde","dob":"19-06-1974","mob_no":"7010444138","panCard":"XXXXXX456A","email":"jack@gmail.com","ref1":"1","ref2":"1","comAdd":"Om hrad ntalatiof, holOmshre, talathioficeeachol, OmshreeSada9talathi","city":"MUMBAI","state":"MAHARASHTRA","pin_code":"410209","ISNRI":"N","update_emp_id":"622987","edit":"0","policy_no":"460,461","subtype_text":"1","sum_insure":"2500000","anuual_income":"400000","occupation":"14","familyConstruct":"2A","family_members_id":"0","family_gender":"Female","first_name":"swati","last_name":"shinde","family_date_birth":"19-06-1974","age":"46","age_type":" years","tenure":"1 Year","premiumgci":"","family_id":"","s_date":"","marriage_date":"","premium":"undefined","policyNo":"460,461","familyDataType":"undefined","empId":"622987","product":"YFsa5f4cb15ead28c","declare":"[]","gender":"Female","gci_options":"Yes"} [] []
[2020-09-03 15:22:06] generateOTP.INFO: {"salutation":"2","firstname":"swati","lastname":"shinde","dob":"19-06-1974","mob_no":"7010444138","panCard":"XXXXXX456A","email":"jack@gmail.com","ref1":"1","ref2":"1","comAdd":"Om hrad ntalatiof, holOmshre, talathioficeeachol, OmshreeSada9talathi","city":"MUMBAI","state":"MAHARASHTRA","pin_code":"410209","ISNRI":"N","update_emp_id":"622987","edit":"0","policy_no":"460,461","subtype_text":"1","sum_insure":"2500000","anuual_income":"400000","occupation":"14","familyConstruct":"2A","family_members_id":"1","family_gender":"Male","first_name":"sgg","last_name":"shh","family_date_birth":"03-09-1971","age":"49","age_type":" years","tenure":"1 Year","premiumgci":"8500","family_id":"","s_date":"","marriage_date":"","premium":"undefined","policyNo":"460,461","familyDataType":"undefined","empId":"622987","product":"YFsa5f4cb15ead28c","declare":"[]","gender":"Female","gci_options":"Yes"} [] []
[2020-09-03 15:26:13] generateOTP.INFO: {"salutation":"2","firstname":"swati","lastname":"shinde","dob":"19-06-1974","mob_no":"7010444138","panCard":"XXXXXX456A","email":"jack@gmail.com","ref1":"1","ref2":"1","comAdd":"Om hrad ntalatiof, holOmshre, talathioficeeachol, OmshreeSada9talathi","city":"MUMBAI","state":"MAHARASHTRA","pin_code":"410209","ISNRI":"N","update_emp_id":"622987","edit":"0","policy_no":"460,461","subtype_text":"1","sum_insure":"5000000","anuual_income":"800000","occupation":"14","familyConstruct":"2A","family_members_id":"0","family_gender":"Female","first_name":"swati","last_name":"shinde","family_date_birth":"19-06-1974","age":"46","age_type":" years","tenure":"1 Year","premiumgci":"","family_id":"","s_date":"","marriage_date":"","premium":"undefined","policyNo":"460,461","familyDataType":"undefined","empId":"622987","product":"YFsa5f4cb15ead28c","declare":"[]","gender":"Female","gci_options":"Yes"} [] []
[2020-09-03 15:27:43] generateOTP.INFO: {"salutation":"2","firstname":"swati","lastname":"shinde","dob":"19-06-1974","mob_no":"7010444138","panCard":"XXXXXX456A","email":"jack@gmail.com","ref1":"1","ref2":"1","comAdd":"Om hrad ntalatiof, holOmshre, talathioficeeachol, OmshreeSada9talathi","city":"MUMBAI","state":"MAHARASHTRA","pin_code":"410209","ISNRI":"N","update_emp_id":"622987","edit":"0","policy_no":"460,461","subtype_text":"1","sum_insure":"5000000","anuual_income":"800000","occupation":"14","familyConstruct":"2A","family_members_id":"1","family_gender":"Male","first_name":"sg","last_name":"sh","family_date_birth":"09-09-1971","age":"48","age_type":" years","tenure":"1 Year","premiumgci":"14000","family_id":"","s_date":"","marriage_date":"","premium":"undefined","policyNo":"460,461","familyDataType":"undefined","empId":"622987","product":"YFsa5f4cb15ead28c","declare":"[]","gender":"Female","gci_options":"Yes"} [] []
[2020-09-03 15:36:42] generateOTP.INFO: test [] []
[2020-09-03 15:38:39] documentsSave.INFO: {"ops_type":"[\"0\",\"Y\"]","ids":"515,516"} [] []
[2020-09-03 15:38:39] documentsSaveFiles.INFO: [{"name":"Full Forms.jpeg","type":"image\/jpeg","tmp_name":"\/tmp\/phpSAeIh8","error":0,"size":128214},{"name":"Full Forms.jpeg","type":"image\/jpeg","tmp_name":"\/tmp\/phph6Cy5z","error":0,"size":128214}] [] []
[2020-09-03 15:38:42] documentsSave.INFO: {"ops_type":"[\"0\",\"Y\"]","ids":"515,516"} [] []
[2020-09-03 15:38:42] documentsSaveFiles.INFO: [{"name":"Full Forms.jpeg","type":"image\/jpeg","tmp_name":"\/tmp\/phpwynmQZ","error":0,"size":128214},{"name":"Full Forms.jpeg","type":"image\/jpeg","tmp_name":"\/tmp\/phpY3p4yq","error":0,"size":128214}] [] []
[2020-09-03 15:39:08] generateOTP.INFO: test [] []
[2020-09-03 15:40:29] documentsSave.INFO: {"ops_type":"[\"0\",\"Y\"]"} [] []
[2020-09-03 15:40:29] documentsSaveFiles.INFO: [{"name":"Full Forms.jpeg","type":"","tmp_name":"","error":3,"size":0}] [] []
[2020-09-03 15:41:52] generateOTP.INFO: test [] []
[2020-09-03 15:43:20] generateOTP.INFO: test [] []
[2020-09-03 15:46:53] generateOTP.INFO: test [] []
[2020-09-03 15:46:55] generateOTP.INFO: test [] []
[2020-09-03 15:53:47] generateOTP.INFO: {"salutation":"2","firstname":"swati","lastname":"shinde","dob":"19-12-1988","mob_no":"7010444138","panCard":"XXXXXX456A","email":"jack@gmail.com","ref1":"1","ref2":"1","comAdd":"Om hrad ntalatiof, holOmshre, talathioficeeachol, OmshreeSada9talathi","city":"MUMBAI","state":"MAHARASHTRA","pin_code":"622103","ISNRI":"N","update_emp_id":"622988","edit":"0","policy_no":"460,461","subtype_text":"1","sum_insure":"500000","anuual_income":"","occupation":"14","familyConstruct":"1A","family_members_id":"0","family_gender":"Male","first_name":"swati","last_name":"shinde","family_date_birth":"19-12-1988","age":"31","age_type":" years","tenure":"1 Year","premiumgci":"0","family_id":"","s_date":"","marriage_date":"","premium":"undefined","policyNo":"460,461","familyDataType":"undefined","empId":"622988","product":"YFsa5f4cb15ead28c","declare":"[]","gender":"Male","gci_options":"Yes"} [] []
[2020-09-03 15:56:57] generateOTP.INFO: {"salutation":"2","firstname":"swati","lastname":"shinde","dob":"19-12-1988","mob_no":"7010444138","panCard":"XXXXXX456A","email":"jack@gmail.com","ref1":"1","ref2":"1","comAdd":"Om hrad ntalatiof, holOmshre, talathioficeeachol, OmshreeSada9talathi","city":"MUMBAI","state":"MAHARASHTRA","pin_code":"622103","ISNRI":"N","update_emp_id":"622988","edit":"0","policy_no":"460,461","subtype_text":"1","sum_insure":"1000000","anuual_income":"","occupation":"14","familyConstruct":"1A","family_members_id":"1","family_gender":"Female","first_name":"sg","last_name":"sh","family_date_birth":"27-09-1979","age":"40","age_type":" years","tenure":"1 Year","premiumgci":"","family_id":"","s_date":"","marriage_date":"","premium":"undefined","policyNo":"460,461","familyDataType":"undefined","empId":"622988","product":"YFsa5f4cb15ead28c","declare":"[]","gender":"Male","gci_options":"Yes"} [] []
[2020-09-03 15:58:15] generateOTP.INFO: {"salutation":"2","firstname":"swati","lastname":"shinde","dob":"19-12-1988","mob_no":"7010444138","panCard":"XXXXXX456A","email":"jack@gmail.com","ref1":"1","ref2":"1","comAdd":"Om hrad ntalatiof, holOmshre, talathioficeeachol, OmshreeSada9talathi","city":"MUMBAI","state":"MAHARASHTRA","pin_code":"622103","ISNRI":"N","update_emp_id":"622988","edit":"0","policy_no":"460,461","subtype_text":"1","sum_insure":"1500000","anuual_income":"400000","occupation":"14","familyConstruct":"1A","family_members_id":"0","family_gender":"Male","first_name":"swati","last_name":"shinde","family_date_birth":"19-12-1988","age":"31","age_type":" years","tenure":"1 Year","premiumgci":"","family_id":"","s_date":"","marriage_date":"","premium":"undefined","policyNo":"460,461","familyDataType":"undefined","empId":"622988","product":"YFsa5f4cb15ead28c","declare":"[]","gender":"Male","gci_options":"Yes"} [] []
[2020-09-03 15:59:44] generateOTP.INFO: {"salutation":"2","firstname":"swati","lastname":"shinde","dob":"19-12-1988","mob_no":"7010444138","panCard":"XXXXXX456A","email":"jack@gmail.com","ref1":"1","ref2":"1","comAdd":"Om hrad ntalatiof, holOmshre, talathioficeeachol, OmshreeSada9talathi","city":"MUMBAI","state":"MAHARASHTRA","pin_code":"622103","ISNRI":"N","update_emp_id":"622988","edit":"0","policy_no":"460,461","subtype_text":"1","sum_insure":"2000000","anuual_income":"400000","occupation":"14","familyConstruct":"1A","family_members_id":"1","family_gender":"Female","first_name":"sg","last_name":"sh","family_date_birth":"07-09-1978","age":"41","age_type":" years","tenure":"1 Year","premiumgci":"","family_id":"","s_date":"","marriage_date":"","premium":"undefined","policyNo":"460,461","familyDataType":"undefined","empId":"622988","product":"YFsa5f4cb15ead28c","declare":"[]","gender":"Male","gci_options":"Yes"} [] []
[2020-09-03 16:00:59] generateOTP.INFO: {"salutation":"2","firstname":"swati","lastname":"shinde","dob":"19-12-1988","mob_no":"7010444138","panCard":"XXXXXX456A","email":"jack@gmail.com","ref1":"1","ref2":"1","comAdd":"Om hrad ntalatiof, holOmshre, talathioficeeachol, OmshreeSada9talathi","city":"MUMBAI","state":"MAHARASHTRA","pin_code":"622103","ISNRI":"N","update_emp_id":"622988","edit":"0","policy_no":"460,461","subtype_text":"1","sum_insure":"2500000","anuual_income":"400000","occupation":"14","familyConstruct":"1A","family_members_id":"0","family_gender":"Male","first_name":"swati","last_name":"shinde","family_date_birth":"19-12-1988","age":"31","age_type":" years","tenure":"1 Year","premiumgci":"","family_id":"","s_date":"","marriage_date":"","premium":"undefined","policyNo":"460,461","familyDataType":"undefined","empId":"622988","product":"YFsa5f4cb15ead28c","declare":"[]","gender":"Male","gci_options":"Yes"} [] []
[2020-09-03 16:02:51] generateOTP.INFO: {"salutation":"2","firstname":"swati","lastname":"shinde","dob":"19-12-1988","mob_no":"7010444138","panCard":"XXXXXX456A","email":"jack@gmail.com","ref1":"1","ref2":"1","comAdd":"Om hrad ntalatiof, holOmshre, talathioficeeachol, OmshreeSada9talathi","city":"MUMBAI","state":"MAHARASHTRA","pin_code":"622103","ISNRI":"N","update_emp_id":"622988","edit":"0","policy_no":"460,461","subtype_text":"1","sum_insure":"5000000","anuual_income":"1600000","occupation":"14","familyConstruct":"1A","family_members_id":"1","family_gender":"Female","first_name":"sg","last_name":"sh","family_date_birth":"03-09-1975","age":"45","age_type":" years","tenure":"1 Year","premiumgci":"","family_id":"","s_date":"","marriage_date":"","premium":"undefined","policyNo":"460,461","familyDataType":"undefined","empId":"622988","product":"YFsa5f4cb15ead28c","declare":"[]","gender":"Male","gci_options":"Yes"} [] []
[2020-09-03 16:04:41] documentsSave.INFO: {"ops_type":"[\"0\",\"Y\"]","ids":"517,518"} [] []
[2020-09-03 16:04:41] documentsSaveFiles.INFO: [{"name":"Full Forms.jpeg","type":"image\/jpeg","tmp_name":"\/tmp\/phpiTs77d","error":0,"size":128214},{"name":"Full Forms.jpeg","type":"image\/jpeg","tmp_name":"\/tmp\/phpIGlc7h","error":0,"size":128214}] [] []
[2020-09-03 16:04:52] generateOTP.INFO: test [] []
[2020-09-03 16:06:48] generateOTP.INFO: test [] []
[2020-09-03 16:08:03] generateOTP.INFO: test [] []
[2020-09-03 16:08:22] generateOTP.INFO: test [] []
[2020-09-03 16:08:27] generateOTP.INFO: test [] []
[2020-09-03 16:08:36] generateOTP.INFO: test [] []
[2020-09-03 16:08:39] generateOTP.INFO: test [] []
[2020-09-03 16:08:44] generateOTP.INFO: test [] []
[2020-09-03 16:08:53] generateOTP.INFO: test [] []
[2020-09-03 16:09:27] generateOTP.INFO: test [] []
[2020-09-03 16:13:13] generateOTP.INFO: test [] []
[2020-09-03 16:13:24] generateOTP.INFO: test [] []
[2020-09-03 16:13:26] generateOTP.INFO: test [] []
[2020-09-03 16:13:31] generateOTP.INFO: test [] []
[2020-09-03 16:14:48] generateOTP.INFO: test [] []
[2020-09-03 16:15:53] generateOTP.INFO: test [] []
[2020-09-03 16:16:19] generateOTP.INFO: {"salutation":"2","firstname":"swati","lastname":"shinde","dob":"19-12-1970","mob_no":"7010444138","panCard":"XXXXXX456A","email":"jack@gmail.com","ref1":"1","ref2":"1","comAdd":"Om hrad ntalatiof, holOmshre, talathioficeeachol, OmshreeSada9talathi","city":"MUMBAI","state":"MAHARASHTRA","pin_code":"410209","ISNRI":"N","update_emp_id":"622990","edit":"0","policy_no":"460,461","subtype_text":"1","sum_insure":"500000","anuual_income":"","occupation":"14","familyConstruct":"1A","family_members_id":"0","family_gender":"Male","first_name":"swati","last_name":"shinde","family_date_birth":"19-12-1970","age":"49","age_type":" years","tenure":"1 Year","premiumgci":"0","family_id":"","s_date":"","marriage_date":"","premium":"undefined","policyNo":"460,461","familyDataType":"undefined","empId":"622990","product":"YFsa5f4cb15ead28c","declare":"[]","gender":"Male","gci_options":"Yes"} [] []
[2020-09-03 16:17:26] generateOTP.INFO: {"salutation":"2","firstname":"swati","lastname":"shinde","dob":"19-12-1970","mob_no":"7010444138","panCard":"XXXXXX456A","email":"jack@gmail.com","ref1":"1","ref2":"1","comAdd":"Om hrad ntalatiof, holOmshre, talathioficeeachol, OmshreeSada9talathi","city":"MUMBAI","state":"MAHARASHTRA","pin_code":"410209","ISNRI":"N","update_emp_id":"622990","edit":"0","policy_no":"460,461","subtype_text":"1","sum_insure":"1000000","anuual_income":"","occupation":"14","familyConstruct":"1A","family_members_id":"0","family_gender":"Male","first_name":"swati","last_name":"shinde","family_date_birth":"19-12-1970","age":"49","age_type":" years","tenure":"1 Year","premiumgci":"","family_id":"","s_date":"","marriage_date":"","premium":"undefined","policyNo":"460,461","familyDataType":"undefined","empId":"622990","product":"YFsa5f4cb15ead28c","declare":"[]","gender":"Male","gci_options":"Yes"} [] []
[2020-09-03 16:18:17] generateOTP.INFO: test [] []
[2020-09-03 16:18:50] generateOTP.INFO: {"salutation":"2","firstname":"swati","lastname":"shinde","dob":"19-12-1970","mob_no":"7010444138","panCard":"XXXXXX456A","email":"jack@gmail.com","ref1":"1","ref2":"1","comAdd":"Om hrad ntalatiof, holOmshre, talathioficeeachol, OmshreeSada9talathi","city":"MUMBAI","state":"MAHARASHTRA","pin_code":"410209","ISNRI":"N","update_emp_id":"622990","edit":"0","policy_no":"460,461","subtype_text":"1","sum_insure":"1500000","anuual_income":"400000","occupation":"14","familyConstruct":"1A","family_members_id":"1","family_gender":"Female","first_name":"sg","last_name":"sh","family_date_birth":"19-09-1973","age":"46","age_type":" years","tenure":"1 Year","premiumgci":"","family_id":"","s_date":"","marriage_date":"","premium":"undefined","policyNo":"460,461","familyDataType":"undefined","empId":"622990","product":"YFsa5f4cb15ead28c","declare":"[]","gender":"Male","gci_options":"Yes"} [] []
[2020-09-03 16:19:15] generateOTP.INFO: test [] []
[2020-09-03 16:19:45] generateOTP.INFO: {"salutation":"2","firstname":"swati","lastname":"shinde","dob":"19-12-1970","mob_no":"7010444138","panCard":"XXXXXX456A","email":"jack@gmail.com","ref1":"1","ref2":"1","comAdd":"Om hrad ntalatiof, holOmshre, talathioficeeachol, OmshreeSada9talathi","city":"MUMBAI","state":"MAHARASHTRA","pin_code":"410209","ISNRI":"N","update_emp_id":"622990","edit":"0","policy_no":"460,461","subtype_text":"1","sum_insure":"2000000","anuual_income":"400000","occupation":"14","familyConstruct":"1A","family_members_id":"0","family_gender":"Male","first_name":"swati","last_name":"shinde","family_date_birth":"19-12-1970","age":"49","age_type":" years","tenure":"1 Year","premiumgci":"4400","family_id":"","s_date":"","marriage_date":"","premium":"undefined","policyNo":"460,461","familyDataType":"undefined","empId":"622990","product":"YFsa5f4cb15ead28c","declare":"[]","gender":"Male","gci_options":"Yes"} [] []
[2020-09-03 16:20:01] generateOTP.INFO: {"salutation":"2","firstname":"swati","lastname":"shinde","dob":"19-12-1970","mob_no":"7010444138","panCard":"XXXXXX456A","email":"jack@gmail.com","ref1":"1","ref2":"1","comAdd":"Om hrad ntalatiof, holOmshre, talathioficeeachol, OmshreeSada9talathi","city":"MUMBAI","state":"MAHARASHTRA","pin_code":"410209","ISNRI":"N","update_emp_id":"622990","edit":"0","policy_no":"460,461","subtype_text":"1","sum_insure":"2000000","anuual_income":"400000","occupation":"14","familyConstruct":"1A","family_members_id":"0","family_gender":"Male","first_name":"swati","last_name":"shinde","family_date_birth":"19-12-1970","age":"49","age_type":" years","tenure":"1 Year","premiumgci":"","family_id":"","s_date":"","marriage_date":"","premium":"undefined","policyNo":"460,461","familyDataType":"undefined","empId":"622990","product":"YFsa5f4cb15ead28c","declare":"[]","gender":"Male","gci_options":"Yes"} [] []
[2020-09-03 16:20:58] generateOTP.INFO: {"salutation":"2","firstname":"swati","lastname":"shinde","dob":"19-12-1970","mob_no":"7010444138","panCard":"XXXXXX456A","email":"jack@gmail.com","ref1":"1","ref2":"1","comAdd":"Om hrad ntalatiof, holOmshre, talathioficeeachol, OmshreeSada9talathi","city":"MUMBAI","state":"MAHARASHTRA","pin_code":"410209","ISNRI":"N","update_emp_id":"622990","edit":"0","policy_no":"460,461","subtype_text":"1","sum_insure":"2500000","anuual_income":"400000","occupation":"14","familyConstruct":"1A","family_members_id":"0","family_gender":"Male","first_name":"swati","last_name":"shinde","family_date_birth":"19-12-1970","age":"49","age_type":" years","tenure":"1 Year","premiumgci":"5700","family_id":"","s_date":"","marriage_date":"","premium":"undefined","policyNo":"460,461","familyDataType":"undefined","empId":"622990","product":"YFsa5f4cb15ead28c","declare":"[]","gender":"Male","gci_options":"Yes"} [] []
[2020-09-03 16:21:21] generateOTP.INFO: {"salutation":"2","firstname":"swati","lastname":"shinde","dob":"19-12-1970","mob_no":"7010444138","panCard":"XXXXXX456A","email":"jack@gmail.com","ref1":"1","ref2":"1","comAdd":"Om hrad ntalatiof, holOmshre, talathioficeeachol, OmshreeSada9talathi","city":"MUMBAI","state":"MAHARASHTRA","pin_code":"410209","ISNRI":"N","update_emp_id":"622990","edit":"0","policy_no":"460,461","subtype_text":"1","sum_insure":"2500000","anuual_income":"400000","occupation":"14","familyConstruct":"1A","family_members_id":"0","family_gender":"Male","first_name":"swati","last_name":"shinde","family_date_birth":"19-12-1970","age":"49","age_type":" years","tenure":"1 Year","premiumgci":"","family_id":"","s_date":"","marriage_date":"","premium":"undefined","policyNo":"460,461","familyDataType":"undefined","empId":"622990","product":"YFsa5f4cb15ead28c","declare":"[]","gender":"Male","gci_options":"Yes"} [] []
[2020-09-03 16:22:29] generateOTP.INFO: {"salutation":"2","firstname":"swati","lastname":"shinde","dob":"19-12-1970","mob_no":"7010444138","panCard":"XXXXXX456A","email":"jack@gmail.com","ref1":"1","ref2":"1","comAdd":"Om hrad ntalatiof, holOmshre, talathioficeeachol, OmshreeSada9talathi","city":"MUMBAI","state":"MAHARASHTRA","pin_code":"410209","ISNRI":"N","update_emp_id":"622990","edit":"0","policy_no":"460,461","subtype_text":"1","sum_insure":"5000000","anuual_income":"1600000","occupation":"14","familyConstruct":"1A","family_members_id":"0","family_gender":"Male","first_name":"swati","last_name":"shinde","family_date_birth":"19-12-1970","age":"49","age_type":" years","tenure":"1 Year","premiumgci":"8500","family_id":"","s_date":"","marriage_date":"","premium":"undefined","policyNo":"460,461","familyDataType":"undefined","empId":"622990","product":"YFsa5f4cb15ead28c","declare":"[]","gender":"Male","gci_options":"Yes"} [] []
[2020-09-03 16:22:45] generateOTP.INFO: {"salutation":"2","firstname":"swati","lastname":"shinde","dob":"19-12-1970","mob_no":"7010444138","panCard":"XXXXXX456A","email":"jack@gmail.com","ref1":"1","ref2":"1","comAdd":"Om hrad ntalatiof, holOmshre, talathioficeeachol, OmshreeSada9talathi","city":"MUMBAI","state":"MAHARASHTRA","pin_code":"410209","ISNRI":"N","update_emp_id":"622990","edit":"0","policy_no":"460,461","subtype_text":"1","sum_insure":"5000000","anuual_income":"1600000","occupation":"14","familyConstruct":"1A","family_members_id":"0","family_gender":"Male","first_name":"swati","last_name":"shinde","family_date_birth":"19-12-1970","age":"49","age_type":" years","tenure":"1 Year","premiumgci":"","family_id":"","s_date":"","marriage_date":"","premium":"undefined","policyNo":"460,461","familyDataType":"undefined","empId":"622990","product":"YFsa5f4cb15ead28c","declare":"[]","gender":"Male","gci_options":"Yes"} [] []
[2020-09-03 16:24:34] generateOTP.INFO: test [] []
[2020-09-03 16:25:37] generateOTP.INFO: test [] []
[2020-09-03 16:26:09] generateOTP.INFO: {"salutation":"2","firstname":"swati","lastname":"shinde","dob":"19-12-1970","mob_no":"7010444138","panCard":"XXXXXX456A","email":"jack@gmail.com","ref1":"1","ref2":"1","comAdd":"Om hrad ntalatiof, holOmshre, talathioficeeachol, OmshreeSada9talathi","city":"MUMBAI","state":"MAHARASHTRA","pin_code":"410209","ISNRI":"N","update_emp_id":"622990","edit":"0","policy_no":"460,461","subtype_text":"1","sum_insure":"500000","anuual_income":"1600000","occupation":"14","familyConstruct":"2A","family_members_id":"0","family_gender":"Male","first_name":"swati","last_name":"shinde","family_date_birth":"19-12-1970","age":"49","age_type":" years","tenure":"1 Year","premiumgci":"14000","family_id":"","s_date":"","marriage_date":"","premium":"undefined","policyNo":"460,461","familyDataType":"undefined","empId":"622990","product":"YFsa5f4cb15ead28c","declare":"[]","gender":"Male","gci_options":"Yes"} [] []
[2020-09-03 16:26:16] generateOTP.INFO: test [] []
[2020-09-03 16:26:26] generateOTP.INFO: {"salutation":"2","firstname":"swati","lastname":"shinde","dob":"19-12-1970","mob_no":"7010444138","panCard":"XXXXXX456A","email":"jack@gmail.com","ref1":"1","ref2":"1","comAdd":"Om hrad ntalatiof, holOmshre, talathioficeeachol, OmshreeSada9talathi","city":"MUMBAI","state":"MAHARASHTRA","pin_code":"410209","ISNRI":"N","update_emp_id":"622990","edit":"0","policy_no":"460,461","subtype_text":"1","sum_insure":"500000","anuual_income":"","occupation":"14","familyConstruct":"2A","family_members_id":"0","family_gender":"Male","first_name":"swati","last_name":"shinde","family_date_birth":"19-12-1970","age":"49","age_type":" years","tenure":"1 Year","premiumgci":"","family_id":"","s_date":"","marriage_date":"","premium":"undefined","policyNo":"460,461","familyDataType":"undefined","empId":"622990","product":"YFsa5f4cb15ead28c","declare":"[]","gender":"Male","gci_options":"Yes"} [] []
[2020-09-03 16:27:12] generateOTP.INFO: {"salutation":"2","firstname":"swati","lastname":"shinde","dob":"19-12-1970","mob_no":"7010444138","panCard":"XXXXXX456A","email":"jack@gmail.com","ref1":"1","ref2":"1","comAdd":"Om hrad ntalatiof, holOmshre, talathioficeeachol, OmshreeSada9talathi","city":"MUMBAI","state":"MAHARASHTRA","pin_code":"410209","ISNRI":"N","update_emp_id":"622990","edit":"0","policy_no":"460,461","subtype_text":"1","sum_insure":"500000","anuual_income":"","occupation":"14","familyConstruct":"2A","family_members_id":"0","family_gender":"Female","first_name":"swati","last_name":"shinde","family_date_birth":"19-12-1970","age":"49","age_type":" years","tenure":"1 Year","premiumgci":"","family_id":"","s_date":"","marriage_date":"","premium":"undefined","policyNo":"460,461","familyDataType":"undefined","empId":"622990","product":"YFsa5f4cb15ead28c","declare":"[]","gender":"Female","gci_options":"Yes"} [] []
[2020-09-03 16:27:43] generateOTP.INFO: {"salutation":"2","firstname":"swati","lastname":"shinde","dob":"19-12-1970","mob_no":"7010444138","panCard":"XXXXXX456A","email":"jack@gmail.com","ref1":"1","ref2":"1","comAdd":"Om hrad ntalatiof, holOmshre, talathioficeeachol, OmshreeSada9talathi","city":"MUMBAI","state":"MAHARASHTRA","pin_code":"410209","ISNRI":"N","update_emp_id":"622990","edit":"0","policy_no":"460,461","subtype_text":"1","sum_insure":"500000","anuual_income":"","occupation":"14","familyConstruct":"2A","family_members_id":"1","family_gender":"Male","first_name":"jsda","last_name":"jdsjd","family_date_birth":"07-09-2000","age":"19","age_type":" years","tenure":"1 Year","premiumgci":"2800","family_id":"","s_date":"","marriage_date":"","premium":"undefined","policyNo":"460,461","familyDataType":"undefined","empId":"622990","product":"YFsa5f4cb15ead28c","declare":"[]","gender":"Female","gci_options":"Yes"} [] []
[2020-09-03 16:31:41] generateOTP.INFO: {"salutation":"2","firstname":"swati","lastname":"shinde","dob":"19-12-1970","mob_no":"7010444138","panCard":"XXXXXX456A","email":"jack@gmail.com","ref1":"1","ref2":"1","comAdd":"Om hrad ntalatiof, holOmshre, talathioficeeachol, OmshreeSada9talathi","city":"MUMBAI","state":"MAHARASHTRA","pin_code":"410209","ISNRI":"N","update_emp_id":"622990","edit":"0","policy_no":"460,461","subtype_text":"1","sum_insure":"1000000","anuual_income":"","occupation":"14","familyConstruct":"2A","family_members_id":"0","family_gender":"Female","first_name":"swati","last_name":"shinde","family_date_birth":"19-12-1970","age":"49","age_type":" years","tenure":"1 Year","premiumgci":"","family_id":"","s_date":"","marriage_date":"","premium":"undefined","policyNo":"460,461","familyDataType":"undefined","empId":"622990","product":"YFsa5f4cb15ead28c","declare":"[]","gender":"Female","gci_options":"Yes"} [] []
[2020-09-03 16:32:17] generateOTP.INFO: {"salutation":"2","firstname":"swati","lastname":"shinde","dob":"19-12-1970","mob_no":"7010444138","panCard":"XXXXXX456A","email":"jack@gmail.com","ref1":"1","ref2":"1","comAdd":"Om hrad ntalatiof, holOmshre, talathioficeeachol, OmshreeSada9talathi","city":"MUMBAI","state":"MAHARASHTRA","pin_code":"410209","ISNRI":"N","update_emp_id":"622990","edit":"0","policy_no":"460,461","subtype_text":"1","sum_insure":"1000000","anuual_income":"","occupation":"14","familyConstruct":"2A","family_members_id":"1","family_gender":"Male","first_name":"sg","last_name":"sh","family_date_birth":"16-09-1993","age":"26","age_type":" years","tenure":"1 Year","premiumgci":"4100","family_id":"","s_date":"","marriage_date":"","premium":"undefined","policyNo":"460,461","familyDataType":"undefined","empId":"622990","product":"YFsa5f4cb15ead28c","declare":"[]","gender":"Female","gci_options":"Yes"} [] []
[2020-09-03 16:33:21] generateOTP.INFO: {"salutation":"2","firstname":"swati","lastname":"shinde","dob":"19-12-1970","mob_no":"7010444138","panCard":"XXXXXX456A","email":"jack@gmail.com","ref1":"1","ref2":"1","comAdd":"Om hrad ntalatiof, holOmshre, talathioficeeachol, OmshreeSada9talathi","city":"MUMBAI","state":"MAHARASHTRA","pin_code":"410209","ISNRI":"N","update_emp_id":"622990","edit":"0","policy_no":"460,461","subtype_text":"1","sum_insure":"1500000","anuual_income":"400000","occupation":"14","familyConstruct":"2A","family_members_id":"0","family_gender":"Female","first_name":"swati","last_name":"shinde","family_date_birth":"19-12-1970","age":"49","age_type":" years","tenure":"1 Year","premiumgci":"","family_id":"","s_date":"","marriage_date":"","premium":"undefined","policyNo":"460,461","familyDataType":"undefined","empId":"622990","product":"YFsa5f4cb15ead28c","declare":"[]","gender":"Female","gci_options":"Yes"} [] []
[2020-09-03 16:33:37] generateOTP.INFO: test [] []
[2020-09-03 16:33:47] generateOTP.INFO: test [] []
[2020-09-03 16:33:47] generateOTP.INFO: {"salutation":"2","firstname":"swati","lastname":"shinde","dob":"19-12-1970","mob_no":"7010444138","panCard":"XXXXXX456A","email":"jack@gmail.com","ref1":"1","ref2":"1","comAdd":"Om hrad ntalatiof, holOmshre, talathioficeeachol, OmshreeSada9talathi","city":"MUMBAI","state":"MAHARASHTRA","pin_code":"410209","ISNRI":"N","update_emp_id":"622990","edit":"0","policy_no":"460,461","subtype_text":"1","sum_insure":"1500000","anuual_income":"400000","occupation":"14","familyConstruct":"2A","family_members_id":"1","family_gender":"Male","first_name":"sg","last_name":"shhh","family_date_birth":"18-09-1986","age":"33","age_type":" years","tenure":"1 Year","premiumgci":"4400","family_id":"","s_date":"","marriage_date":"","premium":"undefined","policyNo":"460,461","familyDataType":"undefined","empId":"622990","product":"YFsa5f4cb15ead28c","declare":"[]","gender":"Female","gci_options":"Yes"} [] []
[2020-09-03 16:33:51] generateOTP.INFO: test [] []
[2020-09-03 16:33:56] generateOTP.INFO: test [] []
[2020-09-03 16:34:04] generateOTP.INFO: test [] []
[2020-09-03 16:35:10] generateOTP.INFO: test [] []
[2020-09-03 16:35:11] generateOTP.INFO: test [] []
[2020-09-03 16:35:11] generateOTP.INFO: test [] []
[2020-09-03 16:35:11] generateOTP.INFO: test [] []
[2020-09-03 16:35:16] generateOTP.INFO: test [] []
[2020-09-03 16:35:32] generateOTP.INFO: {"salutation":"1","firstname":"test","lastname":"BANKING","dob":"19-12-1988","mob_no":"7010444138","panCard":"XXXXXX456A","email":"jack@gmail.com","ref1":"1","ref2":"1","comAdd":"Om hrad ntalatiof, holOmshre, talathioficeeachol, OmshreeSada9talathi","city":"MUMBAI","state":"MAHARASHTRA","pin_code":"622103","ISNRI":"N","update_emp_id":"622991","edit":"0","policy_no":"460,461","subtype_text":"1","sum_insure":"500000","anuual_income":"","occupation":"","familyConstruct":"1A","family_members_id":"0","family_gender":"Male","first_name":"test","last_name":"BANKING","family_date_birth":"19-12-1988","age":"31","age_type":" years","tenure":"1 Year","premiumgci":"0","family_id":"","s_date":"","marriage_date":"","premium":"undefined","policyNo":"460,461","familyDataType":"undefined","empId":"622991","product":"YFsa5f4cb15ead28c","declare":"[]","gender":"Male","gci_options":"Yes"} [] []
[2020-09-03 16:37:00] generateOTP.INFO: {"salutation":"1","firstname":"test","lastname":"BANKING","dob":"19-12-1988","mob_no":"7010444138","panCard":"XXXXXX456A","email":"jack@gmail.com","ref1":"1","ref2":"1","comAdd":"Om hrad ntalatiof, holOmshre, talathioficeeachol, OmshreeSada9talathi","city":"MUMBAI","state":"MAHARASHTRA","pin_code":"622103","ISNRI":"N","update_emp_id":"622991","edit":"0","policy_no":"460,461","subtype_text":"1","sum_insure":"500000","anuual_income":"0","occupation":"","familyConstruct":"2A","family_members_id":"1","family_gender":"Female","first_name":"Test","last_name":"Spouse","family_date_birth":"02-09-1999","age":"21","age_type":" years","tenure":"1 Year","premiumgci":"2800","family_id":"","s_date":"","marriage_date":"","premium":"undefined","policyNo":"460,461","familyDataType":"undefined","empId":"622991","product":"YFsa5f4cb15ead28c","declare":"[]","gender":"Male","gci_options":"Yes"} [] []
[2020-09-03 16:43:09] generateOTP.INFO: test [] []
[2020-09-03 16:43:18] generateOTP.INFO: test [] []
[2020-09-03 16:45:16] generateOTP.INFO: test [] []
[2020-09-03 16:45:28] generateOTP.INFO: test [] []
[2020-09-03 16:46:05] generateOTP.INFO: test [] []
[2020-09-03 16:48:16] generateOTP.INFO: {"salutation":"2","firstname":"swati","lastname":"shinde","dob":"19-12-1970","mob_no":"7010444138","panCard":"XXXXXX456A","email":"jack@gmail.com","ref1":"1","ref2":"1","comAdd":"Om hrad ntalatiof, holOmshre, talathioficeeachol, OmshreeSada9talathi","city":"Navi Mumbai","state":"MAHARASHTRA","pin_code":"410209","ISNRI":"N","update_emp_id":"622990","edit":"0","policy_no":"460,461","subtype_text":"1","sum_insure":"1500000","anuual_income":"400000","occupation":"14","familyConstruct":"2A","family_members_id":"0","family_gender":"Female","first_name":"swati","last_name":"shinde","family_date_birth":"19-12-1970","age":"49","age_type":" years","tenure":"1 Year","premiumgci":"","family_id":"","s_date":"19-09-1973","marriage_date":"","premium":"undefined","policyNo":"460,461","familyDataType":"undefined","empId":"622990","product":"YFsa5f4cb15ead28c","declare":"[]","gender":"Female","gci_options":"Yes"} [] []
[2020-09-03 16:48:46] generateOTP.INFO: {"salutation":"2","firstname":"swati","lastname":"shinde","dob":"19-12-1970","mob_no":"7010444138","panCard":"XXXXXX456A","email":"jack@gmail.com","ref1":"1","ref2":"1","comAdd":"Om hrad ntalatiof, holOmshre, talathioficeeachol, OmshreeSada9talathi","city":"Navi Mumbai","state":"MAHARASHTRA","pin_code":"410209","ISNRI":"N","update_emp_id":"622990","edit":"0","policy_no":"460,461","subtype_text":"1","sum_insure":"1500000","anuual_income":"400000","occupation":"14","familyConstruct":"2A","family_members_id":"1","family_gender":"Male","first_name":"sg","last_name":"shh","family_date_birth":"06-09-1990","age":"29","age_type":" years","tenure":"1 Year","premiumgci":"4400","family_id":"","s_date":"19-09-1973","marriage_date":"","premium":"undefined","policyNo":"460,461","familyDataType":"undefined","empId":"622990","product":"YFsa5f4cb15ead28c","declare":"[]","gender":"Female","gci_options":"Yes"} [] []
[2020-09-03 16:52:37] generateOTP.INFO: {"salutation":"2","firstname":"swati","lastname":"shinde","dob":"19-12-1970","mob_no":"7010444138","panCard":"XXXXXX456A","email":"jack@gmail.com","ref1":"1","ref2":"1","comAdd":"Om hrad ntalatiof, holOmshre, talathioficeeachol, OmshreeSada9talathi","city":"Navi Mumbai","state":"MAHARASHTRA","pin_code":"410209","ISNRI":"N","update_emp_id":"622990","edit":"0","policy_no":"460,461","subtype_text":"1","sum_insure":"2000000","anuual_income":"400000","occupation":"14","familyConstruct":"2A","family_members_id":"0","family_gender":"Female","first_name":"swati","last_name":"shinde","family_date_birth":"19-12-1970","age":"49","age_type":" years","tenure":"1 Year","premiumgci":"","family_id":"","s_date":"19-09-1973","marriage_date":"","premium":"undefined","policyNo":"460,461","familyDataType":"undefined","empId":"622990","product":"YFsa5f4cb15ead28c","declare":"[]","gender":"Female","gci_options":"Yes"} [] []
[2020-09-03 16:52:59] generateOTP.INFO: {"salutation":"2","firstname":"swati","lastname":"shinde","dob":"19-12-1970","mob_no":"7010444138","panCard":"XXXXXX456A","email":"jack@gmail.com","ref1":"1","ref2":"1","comAdd":"Om hrad ntalatiof, holOmshre, talathioficeeachol, OmshreeSada9talathi","city":"Navi Mumbai","state":"MAHARASHTRA","pin_code":"410209","ISNRI":"N","update_emp_id":"622990","edit":"0","policy_no":"460,461","subtype_text":"1","sum_insure":"2000000","anuual_income":"400000","occupation":"14","familyConstruct":"2A","family_members_id":"1","family_gender":"Male","first_name":"sg","last_name":"shhh","family_date_birth":"17-09-1987","age":"32","age_type":" years","tenure":"1 Year","premiumgci":"5700","family_id":"","s_date":"19-09-1973","marriage_date":"","premium":"undefined","policyNo":"460,461","familyDataType":"undefined","empId":"622990","product":"YFsa5f4cb15ead28c","declare":"[]","gender":"Female","gci_options":"Yes"} [] []
[2020-09-03 16:54:24] generateOTP.INFO: {"salutation":"2","firstname":"swati","lastname":"shinde","dob":"19-12-1970","mob_no":"7010444138","panCard":"XXXXXX456A","email":"jack@gmail.com","ref1":"1","ref2":"1","comAdd":"Om hrad ntalatiof, holOmshre, talathioficeeachol, OmshreeSada9talathi","city":"Navi Mumbai","state":"MAHARASHTRA","pin_code":"410209","ISNRI":"N","update_emp_id":"622990","edit":"0","policy_no":"460,461","subtype_text":"1","sum_insure":"2500000","anuual_income":"400000","occupation":"14","familyConstruct":"2A","family_members_id":"0","family_gender":"Female","first_name":"swati","last_name":"shinde","family_date_birth":"19-12-1970","age":"49","age_type":" years","tenure":"1 Year","premiumgci":"","family_id":"","s_date":"19-09-1973","marriage_date":"","premium":"undefined","policyNo":"460,461","familyDataType":"undefined","empId":"622990","product":"YFsa5f4cb15ead28c","declare":"[]","gender":"Female","gci_options":"Yes"} [] []
[2020-09-03 16:54:54] generateOTP.INFO: {"salutation":"2","firstname":"swati","lastname":"shinde","dob":"19-12-1970","mob_no":"7010444138","panCard":"XXXXXX456A","email":"jack@gmail.com","ref1":"1","ref2":"1","comAdd":"Om hrad ntalatiof, holOmshre, talathioficeeachol, OmshreeSada9talathi","city":"Navi Mumbai","state":"MAHARASHTRA","pin_code":"410209","ISNRI":"N","update_emp_id":"622990","edit":"0","policy_no":"460,461","subtype_text":"1","sum_insure":"2500000","anuual_income":"400000","occupation":"14","familyConstruct":"2A","family_members_id":"1","family_gender":"Male","first_name":"sggggggshhhhhhhhhh","last_name":"shghhh","family_date_birth":"15-09-1989","age":"30","age_type":" years","tenure":"1 Year","premiumgci":"8500","family_id":"","s_date":"19-09-1973","marriage_date":"","premium":"undefined","policyNo":"460,461","familyDataType":"undefined","empId":"622990","product":"YFsa5f4cb15ead28c","declare":"[]","gender":"Female","gci_options":"Yes"} [] []
[2020-09-03 16:56:19] generateOTP.INFO: {"salutation":"2","firstname":"swati","lastname":"shinde","dob":"19-12-1970","mob_no":"7010444138","panCard":"XXXXXX456A","email":"jack@gmail.com","ref1":"1","ref2":"1","comAdd":"Om hrad ntalatiof, holOmshre, talathioficeeachol, OmshreeSada9talathi","city":"Navi Mumbai","state":"MAHARASHTRA","pin_code":"410209","ISNRI":"N","update_emp_id":"622990","edit":"0","policy_no":"460,461","subtype_text":"1","sum_insure":"5000000","anuual_income":"1600000","occupation":"14","familyConstruct":"2A","family_members_id":"0","family_gender":"Female","first_name":"swati","last_name":"shinde","family_date_birth":"19-12-1970","age":"49","age_type":" years","tenure":"1 Year","premiumgci":"","family_id":"","s_date":"19-09-1973","marriage_date":"","premium":"undefined","policyNo":"460,461","familyDataType":"undefined","empId":"622990","product":"YFsa5f4cb15ead28c","declare":"[]","gender":"Female","gci_options":"Yes"} [] []
[2020-09-03 16:56:39] generateOTP.INFO: {"salutation":"2","firstname":"swati","lastname":"shinde","dob":"19-12-1970","mob_no":"7010444138","panCard":"XXXXXX456A","email":"jack@gmail.com","ref1":"1","ref2":"1","comAdd":"Om hrad ntalatiof, holOmshre, talathioficeeachol, OmshreeSada9talathi","city":"Navi Mumbai","state":"MAHARASHTRA","pin_code":"410209","ISNRI":"N","update_emp_id":"622990","edit":"0","policy_no":"460,461","subtype_text":"1","sum_insure":"5000000","anuual_income":"1600000","occupation":"14","familyConstruct":"2A","family_members_id":"1","family_gender":"Male","first_name":"sggg","last_name":"shhh","family_date_birth":"12-09-1985","age":"34","age_type":" years","tenure":"1 Year","premiumgci":"14000","family_id":"","s_date":"19-09-1973","marriage_date":"","premium":"undefined","policyNo":"460,461","familyDataType":"undefined","empId":"622990","product":"YFsa5f4cb15ead28c","declare":"[]","gender":"Female","gci_options":"Yes"} [] []
[2020-09-03 16:56:49] generateOTP.INFO: test [] []
[2020-09-03 16:57:31] generateOTP.INFO: test [] []
[2020-09-03 16:57:40] generateOTP.INFO: test [] []
[2020-09-03 17:03:06] generateOTP.INFO: test [] []
[2020-09-03 17:03:11] generateOTP.INFO: test [] []
[2020-09-03 17:03:16] generateOTP.INFO: test [] []
[2020-09-03 17:03:39] generateOTP.INFO: test [] []
[2020-09-03 17:04:30] generateOTP.INFO: test [] []
[2020-09-03 17:04:35] generateOTP.INFO: test [] []
[2020-09-03 17:05:55] generateOTP.INFO: test [] []
[2020-09-03 17:06:01] generateOTP.INFO: test [] []
[2020-09-03 17:06:47] generateOTP.INFO: test [] []
[2020-09-03 17:06:47] generateOTP.INFO: test [] []
[2020-09-03 17:06:48] generateOTP.INFO: test [] []
[2020-09-03 17:06:48] generateOTP.INFO: test [] []
[2020-09-03 17:06:48] generateOTP.INFO: test [] []
[2020-09-03 17:06:49] generateOTP.INFO: test [] []
[2020-09-03 17:06:49] generateOTP.INFO: test [] []
[2020-09-03 17:06:49] generateOTP.INFO: test [] []
[2020-09-03 17:06:49] generateOTP.INFO: test [] []
[2020-09-03 17:07:08] generateOTP.INFO: test [] []
[2020-09-03 17:07:11] generateOTP.INFO: test [] []
[2020-09-03 17:08:27] generateOTP.INFO: test [] []
[2020-09-03 17:08:29] generateOTP.INFO: test [] []
[2020-09-03 17:09:04] generateOTP.INFO: test [] []
[2020-09-03 17:09:37] generateOTP.INFO: test [] []
[2020-09-03 17:09:40] generateOTP.INFO: test [] []
[2020-09-03 17:10:38] generateOTP.INFO: test [] []
[2020-09-03 17:10:41] generateOTP.INFO: test [] []
[2020-09-03 17:12:50] generateOTP.INFO: test [] []
[2020-09-03 17:13:01] generateOTP.INFO: test [] []
[2020-09-03 17:13:42] generateOTP.INFO: test [] []
[2020-09-03 17:25:48] generateOTP.INFO: test [] []
[2020-09-03 17:26:43] generateOTP.INFO: test [] []
[2020-09-03 17:27:50] generateOTP.INFO: test [] []
[2020-09-03 17:28:59] generateOTP.INFO: test [] []
[2020-09-03 17:29:02] generateOTP.INFO: test [] []
[2020-09-03 17:29:06] generateOTP.INFO: test [] []
[2020-09-03 17:29:07] generateOTP.INFO: test [] []
[2020-09-03 17:29:13] generateOTP.INFO: test [] []
[2020-09-03 17:29:16] generateOTP.INFO: test [] []
[2020-09-03 17:29:18] generateOTP.INFO: test [] []
[2020-09-03 17:29:38] generateOTP.INFO: test [] []
[2020-09-03 17:30:03] generateOTP.INFO: test [] []
[2020-09-03 17:31:34] generateOTP.INFO: test [] []
[2020-09-03 17:33:35] generateOTP.INFO: test [] []
[2020-09-03 17:38:31] generateOTP.INFO: test [] []
[2020-09-03 17:40:03] generateOTP.INFO: test [] []
[2020-09-03 17:40:47] generateOTP.INFO: test [] []
[2020-09-03 17:42:42] generateOTP.INFO: test [] []
[2020-09-03 17:43:28] generateOTP.INFO: test [] []
[2020-09-03 17:44:24] generateOTP.INFO: test [] []
[2020-09-03 17:45:48] generateOTP.INFO: test [] []
[2020-09-03 17:46:53] generateOTP.INFO: test [] []
[2020-09-03 17:48:23] generateOTP.INFO: test [] []
[2020-09-03 17:48:45] generateOTP.INFO: test [] []
[2020-09-03 17:52:26] generateOTP.INFO: test [] []
[2020-09-03 18:01:44] generateOTP.INFO: test [] []
[2020-09-03 18:05:25] generateOTP.INFO: test [] []
[2020-09-03 18:12:36] generateOTP.INFO: test [] []
[2020-09-03 18:13:08] generateOTP.INFO: test [] []
[2020-09-03 18:17:08] generateOTP.INFO: test [] []
[2020-09-03 18:17:10] generateOTP.INFO: test [] []
[2020-09-03 18:26:28] generateOTP.INFO: {"salutation":"1","firstname":"test","lastname":"BANKING","dob":"19-12-1988","mob_no":"7010444138","panCard":"XXXXXX456A","email":"jack@gmail.com","ref1":"1","ref2":"1","comAdd":"Om hrad ntalatiof, holOmshre, talathioficeeachol, OmshreeSada9talathi","city":"Illuppur","state":"TAMIL NADU","pin_code":"622103","ISNRI":"N","update_emp_id":"622949","edit":"0","policy_no":"460,461","subtype_text":"1","sum_insure":"1000000","anuual_income":"","occupation":"","familyConstruct":"1A","family_members_id":"0","family_gender":"Male","first_name":"test","last_name":"BANKING","family_date_birth":"19-12-1988","age":"31","age_type":" years","tenure":"1 Year","premiumgci":"0","family_id":"","s_date":"13-09-1989","marriage_date":"","premium":"undefined","policyNo":"460,461","familyDataType":"undefined","empId":"622949","product":"YFsa5f4cb15ead28c","declare":"[]","gender":"Male","gci_options":"Yes"} [] []
[2020-09-03 18:28:04] generateOTP.INFO: test [] []
[2020-09-03 18:29:02] generateOTP.INFO: {"salutation":"1","firstname":"test","lastname":"BANKING","dob":"19-12-1988","mob_no":"7010444138","panCard":"XXXXXX456A","email":"jack@gmail.com","ref1":"1","ref2":"1","comAdd":"Om hrad ntalatiof, holOmshre, talathioficeeachol, OmshreeSada9talathi","city":"Illuppur","state":"TAMIL NADU","pin_code":"622103","ISNRI":"N","update_emp_id":"622949","edit":"0","policy_no":"460,461","subtype_text":"1","sum_insure":"1000000","anuual_income":"0","occupation":"1","familyConstruct":"2A","family_members_id":"1","family_gender":"Female","first_name":"ssf","last_name":"fsf","family_date_birth":"29-09-1983","age":"36","age_type":" years","tenure":"1 Year","premiumgci":"4100","family_id":"","s_date":"13-09-1989","marriage_date":"","premium":"undefined","policyNo":"460,461","familyDataType":"undefined","empId":"622949","product":"YFsa5f4cb15ead28c","declare":"[]","gender":"Male","gci_options":"Yes"} [] []
[2020-09-03 18:29:41] documentsSave.INFO: {"ops_type":"[]","ids":"519,520"} [] []
[2020-09-03 18:29:41] documentsSaveFiles.INFO: [] [] []
[2020-09-03 18:30:05] generateOTP.INFO: test [] []
[2020-09-03 18:34:28] generateOTP.INFO: test [] []
[2020-09-03 18:34:28] generateOTP.INFO: test [] []
[2020-09-03 18:37:42] generateOTP.INFO: test [] []
[2020-09-03 18:37:45] generateOTP.INFO: test [] []
[2020-09-03 18:37:51] generateOTP.INFO: test [] []
[2020-09-03 18:38:45] generateOTP.INFO: test [] []
[2020-09-03 18:43:18] generateOTP.INFO: test [] []
[2020-09-03 18:43:43] generateOTP.INFO: test [] []
[2020-09-03 18:44:12] generateOTP.INFO: test [] []
[2020-09-03 18:45:20] generateOTP.INFO: test [] []
[2020-09-03 18:45:50] generateOTP.INFO: test [] []
[2020-09-03 18:47:11] generateOTP.INFO: test [] []
[2020-09-03 18:53:23] generateOTP.INFO: {"salutation":"1","firstname":"test","lastname":"BANKING","dob":"19-12-1988","mob_no":"7010444138","panCard":"XXXXXX456A","email":"jack@gmail.com","ref1":"1","ref2":"1","comAdd":"Om hrad ntalatiof, holOmshre, talathioficeeachol, OmshreeSada9talathi","city":"MUMBAI","state":"MAHARASHTRA","pin_code":"622103","ISNRI":"N","update_emp_id":"622996","edit":"0","policy_no":"392,393","subtype_text":"1","sum_insure":"500000","anuual_income":"","familyConstruct":"1A","family_members_id":"0","family_gender":"Male","first_name":"test","last_name":"BANKING","family_date_birth":"19-12-1988","age":"31","age_type":" years","tenure":"1 Year","family_id":"","s_date":"","marriage_date":"","premium":"11799","policyNo":"392,393","familyDataType":"undefined","empId":"622996","product":"iWL65dcd54d9c5a65","declare":"[]","gender":"Male","gci_options":"Yes"} [] []
[2020-09-03 18:59:08] generateOTP.INFO: test [] []
[2020-09-03 19:01:35] generateOTP.INFO: test [] []
[2020-09-03 19:01:36] generateOTP.INFO: test [] []
[2020-09-03 19:01:51] generateOTP.INFO: test [] []
[2020-09-03 19:01:55] generateOTP.INFO: test [] []
[2020-09-03 19:04:02] generateOTP.INFO: test [] []
[2020-09-03 19:04:49] generateOTP.INFO: test [] []
[2020-09-03 19:05:42] generateOTP.INFO: test [] []
[2020-09-03 19:06:44] generateOTP.INFO: test [] []
[2020-09-03 19:08:37] generateOTP.INFO: test [] []
[2020-09-03 19:09:17] generateOTP.INFO: test [] []
[2020-09-03 19:09:51] generateOTP.INFO: test [] []
[2020-09-03 19:12:22] generateOTP.INFO: test [] []
[2020-09-03 19:18:22] generateOTP.INFO: test [] []
[2020-09-03 19:18:26] generateOTP.INFO: test [] []
[2020-09-03 19:19:02] generateOTP.INFO: test [] []
[2020-09-03 19:19:23] generateOTP.INFO: {"salutation":"1","firstname":"test","lastname":"BANKING","dob":"19-12-1988","mob_no":"7010444138","panCard":"XXXXXX456A","email":"jack@gmail.com","ref1":"1","ref2":"1","comAdd":"Om hrad ntalatiof, holOmshre, talathioficeeachol, OmshreeSada9talathi","city":"MUMBAI","state":"MAHARASHTRA","pin_code":"622103","ISNRI":"N","update_emp_id":"622997","edit":"0","policy_no":"460,461","subtype_text":"1","sum_insure":"500000","anuual_income":"","occupation":"1","familyConstruct":"2A","family_members_id":"0","family_gender":"Male","first_name":"test","last_name":"BANKING","family_date_birth":"19-12-1988","age":"31","age_type":" years","tenure":"1 Year","premiumgci":"0","family_id":"","s_date":"","marriage_date":"","premium":"undefined","policyNo":"460,461","familyDataType":"undefined","empId":"622997","product":"YFsa5f4cb15ead28c","declare":"[]","gender":"Male","gci_options":"Yes"} [] []
[2020-09-03 19:20:44] generateOTP.INFO: {"salutation":"1","firstname":"test","lastname":"BANKING","dob":"19-12-1988","mob_no":"7010444138","panCard":"XXXXXX456A","email":"jack@gmail.com","ref1":"1","ref2":"1","comAdd":"Om hrad ntalatiof, holOmshre, talathioficeeachol, OmshreeSada9talathi","city":"MUMBAI","state":"MAHARASHTRA","pin_code":"622103","ISNRI":"N","update_emp_id":"622998","edit":"0","policy_no":"454,455","subtype_text":"1","sum_insure":"500000","anuual_income":"","occupation":"1","familyConstruct":"1A","family_members_id":"0","family_gender":"Male","first_name":"test","last_name":"BANKING","family_date_birth":"19-12-1988","age":"31","age_type":" years","tenure":"1 Year","family_id":"","s_date":"","marriage_date":"","premium":"8000","policyNo":"454,455","familyDataType":"undefined","empId":"622998","product":"RMxC5efb5c5a320e7","declare":"[]","gender":"Male","gci_options":"Yes"} [] []
[2020-09-03 19:24:26] generateOTP.INFO: test [] []
[2020-09-03 19:26:29] generateOTP.INFO: test [] []
[2020-09-03 19:26:47] generateOTP.INFO: test [] []
[2020-09-03 19:28:22] generateOTP.INFO: test [] []
[2020-09-03 19:28:33] generateOTP.INFO: test [] []
[2020-09-03 19:29:01] generateOTP.INFO: test [] []
[2020-09-03 19:30:44] generateOTP.INFO: test [] []
[2020-09-03 19:31:24] generateOTP.INFO: test [] []
[2020-09-03 19:31:51] generateOTP.INFO: test [] []
[2020-09-03 19:32:46] generateOTP.INFO: test [] []
[2020-09-03 19:32:59] generateOTP.INFO: test [] []
[2020-09-03 19:36:28] generateOTP.INFO: test [] []
[2020-09-03 19:36:35] generateOTP.INFO: test [] []
[2020-09-03 19:36:54] generateOTP.INFO: test [] []
[2020-09-03 19:38:09] generateOTP.INFO: test [] []
[2020-09-03 19:39:32] generateOTP.INFO: test [] []
[2020-09-03 19:39:48] generateOTP.INFO: {"salutation":"1","firstname":"test","lastname":"BANKING","dob":"19-12-1988","mob_no":"7010444138","panCard":"XXXXXX456A","email":"jack@gmail.com","ref1":"1","ref2":"1","comAdd":"Om hrad ntalatiof, holOmshre, talathioficeeachol, OmshreeSada9talathi","city":"Illuppur","state":"TAMIL NADU","pin_code":"622103","ISNRI":"N","update_emp_id":"622997","edit":"0","policy_no":"460,461","subtype_text":"1","sum_insure":"500000","anuual_income":"","occupation":"2","familyConstruct":"1A","family_members_id":"0","family_gender":"Male","first_name":"test","last_name":"BANKING","family_date_birth":"19-12-1988","age":"31","age_type":" years","tenure":"1 Year","premiumgci":"0","family_id":"","s_date":"","marriage_date":"","premium":"undefined","policyNo":"460,461","familyDataType":"undefined","empId":"622997","product":"YFsa5f4cb15ead28c","declare":"[]","gender":"Male","gci_options":"Yes"} [] []
[2020-09-03 19:40:30] generateOTP.INFO: test [] []
[2020-09-03 19:41:56] generateOTP.INFO: test [] []
[2020-09-03 19:42:13] generateOTP.INFO: test [] []
[2020-09-03 19:43:18] generateOTP.INFO: test [] []
[2020-09-03 19:43:52] generateOTP.INFO: test [] []
[2020-09-03 19:44:02] generateOTP.INFO: {"salutation":"1","firstname":"test","lastname":"BANKING","dob":"19-12-1988","mob_no":"7010444138","panCard":"XXXXXX456A","email":"jack@gmail.com","ref1":"1","ref2":"1","comAdd":"Om hrad ntalatiof, holOmshre, talathioficeeachol, OmshreeSada9talathi","city":"Illuppur","state":"TAMIL NADU","pin_code":"622103","ISNRI":"N","update_emp_id":"622997","edit":"0","policy_no":"460,461","subtype_text":"1","sum_insure":"500000","anuual_income":"","occupation":"2","familyConstruct":"1A","family_members_id":"0","family_gender":"Male","first_name":"test","last_name":"BANKING","family_date_birth":"19-12-1988","age":"31","age_type":" years","tenure":"1 Year","premiumgci":"0","family_id":"","s_date":"","marriage_date":"","premium":"undefined","policyNo":"460,461","familyDataType":"undefined","empId":"622997","product":"YFsa5f4cb15ead28c","declare":"[]","gender":"Male","gci_options":"Yes"} [] []
[2020-09-03 19:49:00] generateOTP.INFO: test [] []
[2020-09-03 19:50:06] generateOTP.INFO: test [] []
[2020-09-03 19:51:30] generateOTP.INFO: test [] []
[2020-09-03 19:51:35] generateOTP.INFO: test [] []
[2020-09-03 19:52:24] generateOTP.INFO: test [] []
[2020-09-03 19:52:44] generateOTP.INFO: test [] []
[2020-09-03 19:53:04] generateOTP.INFO: test [] []
[2020-09-03 19:58:41] generateOTP.INFO: test [] []
[2020-09-03 20:01:56] generateOTP.INFO: test [] []
[2020-09-03 20:02:03] generateOTP.INFO: test [] []
[2020-09-03 20:02:17] generateOTP.INFO: test [] []
[2020-09-03 20:02:59] generateOTP.INFO: test [] []
[2020-09-03 20:03:09] generateOTP.INFO: test [] []
[2020-09-03 20:03:18] generateOTP.INFO: test [] []
[2020-09-03 20:03:22] generateOTP.INFO: test [] []
[2020-09-03 20:03:25] generateOTP.INFO: test [] []
[2020-09-03 20:03:38] generateOTP.INFO: test [] []
[2020-09-03 20:05:34] generateOTP.INFO: test [] []
[2020-09-03 20:05:40] generateOTP.INFO: test [] []
[2020-09-03 20:22:38] generateOTP.INFO: test [] []
[2020-09-03 20:22:48] generateOTP.INFO: test [] []
[2020-09-03 20:27:45] generateOTP.INFO: test [] []
[2020-09-03 20:27:49] generateOTP.INFO: test [] []
[2020-09-03 20:31:02] generateOTP.INFO: test [] []
[2020-09-03 20:31:07] generateOTP.INFO: test [] []
[2020-09-03 20:34:03] generateOTP.INFO: test [] []
[2020-09-03 20:34:08] generateOTP.INFO: test [] []
[2020-09-03 20:35:49] generateOTP.INFO: test [] []
[2020-09-03 20:35:54] generateOTP.INFO: test [] []
[2020-09-03 20:37:34] generateOTP.INFO: test [] []
[2020-09-03 20:37:40] generateOTP.INFO: test [] []
[2020-09-03 20:44:07] generateOTP.INFO: test [] []
[2020-09-03 20:44:12] generateOTP.INFO: test [] []
[2020-09-03 20:47:46] generateOTP.INFO: test [] []
[2020-09-03 20:47:51] generateOTP.INFO: test [] []
[2020-09-03 20:49:37] generateOTP.INFO: test [] []
[2020-09-03 20:49:42] generateOTP.INFO: test [] []
[2020-09-03 20:52:39] generateOTP.INFO: test [] []
[2020-09-03 20:52:44] generateOTP.INFO: test [] []
[2020-09-03 20:52:56] generateOTP.INFO: test [] []
[2020-09-03 20:59:43] generateOTP.INFO: test [] []
[2020-09-03 20:59:56] generateOTP.INFO: test [] []
[2020-09-03 21:01:31] generateOTP.INFO: test [] []
[2020-09-03 21:01:36] generateOTP.INFO: test [] []
[2020-09-03 21:03:59] generateOTP.INFO: test [] []
[2020-09-03 21:04:05] generateOTP.INFO: test [] []
[2020-09-03 21:04:51] generateOTP.INFO: test [] []
[2020-09-03 21:04:57] generateOTP.INFO: test [] []
[2020-09-03 21:06:50] generateOTP.INFO: test [] []
[2020-09-03 21:07:09] generateOTP.INFO: test [] []
[2020-09-03 21:16:53] generateOTP.INFO: test [] []
[2020-09-03 21:17:34] generateOTP.INFO: {"salutation":"2","firstname":"swatii","lastname":"shinde","dob":"19-12-1988","mob_no":"7010444138","panCard":"XXXXXX456A","email":"jack@gmail.com","ref1":"1","ref2":"1","comAdd":"Om hrad ntalatiof, holOmshre, talathioficeeachol, OmshreeSada9talathi","city":"MUMBAI","state":"MAHARASHTRA","pin_code":"410209","ISNRI":"N","update_emp_id":"623024","edit":"0","policy_no":"460,461","subtype_text":"1","sum_insure":"5000000","anuual_income":"1600000","occupation":"14","familyConstruct":"2A","family_members_id":"0","family_gender":"Female","first_name":"swatii","last_name":"shinde","family_date_birth":"19-12-1988","age":"31","age_type":" years","tenure":"1 Year","premiumgci":"0","family_id":"","s_date":"","marriage_date":"","premium":"undefined","policyNo":"460,461","familyDataType":"undefined","empId":"623024","product":"YFsa5f4cb15ead28c","declare":"[]","gender":"Female","gci_options":"Yes"} [] []
[2020-09-03 21:18:07] generateOTP.INFO: {"salutation":"2","firstname":"swatii","lastname":"shinde","dob":"19-12-1988","mob_no":"7010444138","panCard":"XXXXXX456A","email":"jack@gmail.com","ref1":"1","ref2":"1","comAdd":"Om hrad ntalatiof, holOmshre, talathioficeeachol, OmshreeSada9talathi","city":"MUMBAI","state":"MAHARASHTRA","pin_code":"410209","ISNRI":"N","update_emp_id":"623024","edit":"0","policy_no":"460,461","subtype_text":"1","sum_insure":"5000000","anuual_income":"1600000","occupation":"14","familyConstruct":"2A","family_members_id":"1","family_gender":"Male","first_name":"sgg","last_name":"shinde","family_date_birth":"10-09-1970","age":"49","age_type":" years","tenure":"1 Year","premiumgci":"14000","family_id":"","s_date":"","marriage_date":"","premium":"undefined","policyNo":"460,461","familyDataType":"undefined","empId":"623024","product":"YFsa5f4cb15ead28c","declare":"[]","gender":"Female","gci_options":"Yes"} [] []
[2020-09-03 21:23:17] generateOTP.INFO: {"salutation":"2","firstname":"swatii","lastname":"shinde","dob":"19-12-1988","mob_no":"7010444138","panCard":"XXXXXX456A","email":"jack@gmail.com","ref1":"1","ref2":"1","comAdd":"Om hrad ntalatiof, holOmshre, talathioficeeachol, OmshreeSada9talathi","city":"MUMBAI","state":"MAHARASHTRA","pin_code":"410209","ISNRI":"N","update_emp_id":"623024","edit":"0","policy_no":"460,461","subtype_text":"1","sum_insure":"2000000","anuual_income":"400000","occupation":"14","familyConstruct":"2A","family_members_id":"0","family_gender":"Female","first_name":"swatii","last_name":"shinde","family_date_birth":"19-12-1988","age":"31","age_type":" years","tenure":"1 Year","premiumgci":"","family_id":"","s_date":"","marriage_date":"","premium":"undefined","policyNo":"460,461","familyDataType":"undefined","empId":"623024","product":"YFsa5f4cb15ead28c","declare":"[]","gender":"Female","gci_options":"Yes"} [] []
[2020-09-03 21:23:37] generateOTP.INFO: {"salutation":"2","firstname":"swatii","lastname":"shinde","dob":"19-12-1988","mob_no":"7010444138","panCard":"XXXXXX456A","email":"jack@gmail.com","ref1":"1","ref2":"1","comAdd":"Om hrad ntalatiof, holOmshre, talathioficeeachol, OmshreeSada9talathi","city":"MUMBAI","state":"MAHARASHTRA","pin_code":"410209","ISNRI":"N","update_emp_id":"623024","edit":"0","policy_no":"460,461","subtype_text":"1","sum_insure":"2000000","anuual_income":"400000","occupation":"14","familyConstruct":"2A","family_members_id":"1","family_gender":"Male","first_name":"sg","last_name":"sh","family_date_birth":"13-09-1973","age":"46","age_type":" years","tenure":"1 Year","premiumgci":"5700","family_id":"","s_date":"","marriage_date":"","premium":"undefined","policyNo":"460,461","familyDataType":"undefined","empId":"623024","product":"YFsa5f4cb15ead28c","declare":"[]","gender":"Female","gci_options":"Yes"} [] []
[2020-09-03 21:25:54] generateOTP.INFO: test [] []
[2020-09-03 21:25:55] generateOTP.INFO: test [] []
[2020-09-03 21:26:02] generateOTP.INFO: test [] []
[2020-09-03 21:26:11] generateOTP.INFO: test [] []
[2020-09-03 21:26:18] generateOTP.INFO: test [] []
[2020-09-03 21:26:32] generateOTP.INFO: test [] []
[2020-09-03 21:26:55] generateOTP.INFO: test [] []
[2020-09-03 21:27:06] generateOTP.INFO: test [] []
[2020-09-03 21:27:16] generateOTP.INFO: test [] []
[2020-09-03 21:37:29] generateOTP.INFO: test [] []
[2020-09-03 21:38:11] generateOTP.INFO: test [] []
[2020-09-03 21:38:58] generateOTP.INFO: test [] []
[2020-09-03 21:39:25] generateOTP.INFO: test [] []
[2020-09-03 21:39:35] generateOTP.INFO: test [] []
[2020-09-03 21:40:04] generateOTP.INFO: test [] []
[2020-09-03 21:40:30] generateOTP.INFO: test [] []
[2020-09-03 21:40:39] generateOTP.INFO: test [] []
[2020-09-03 21:40:41] generateOTP.INFO: test [] []
[2020-09-03 21:40:52] generateOTP.INFO: test [] []
[2020-09-03 21:41:20] generateOTP.INFO: test [] []
[2020-09-03 21:42:11] documentsSave.INFO: {"ops_type":"[\"0\",\"Y\"]","ids":"522,523"} [] []
[2020-09-03 21:42:11] documentsSaveFiles.INFO: [{"name":"Full Forms.jpeg","type":"image\/jpeg","tmp_name":"\/tmp\/phpASTXoO","error":0,"size":128214},{"name":"Full Forms.jpeg","type":"image\/jpeg","tmp_name":"\/tmp\/phpgCSxm3","error":0,"size":128214}] [] []
[2020-09-03 21:45:02] generateOTP.INFO: test [] []
