[2020-08-04 10:10:18] generateOTP.INFO: test [] []
[2020-08-04 10:10:20] generateOTP.INFO: test [] []
[2020-08-04 10:10:34] generateOTP.INFO: test [] []
[2020-08-04 10:10:38] generateOTP.INFO: test [] []
[2020-08-04 10:12:20] generateOTP.INFO: test [] []
[2020-08-04 10:12:35] generateOTP.INFO: test [] []
[2020-08-04 10:12:43] generateOTP.INFO: test [] []
[2020-08-04 10:12:44] generateOTP.INFO: test [] []
[2020-08-04 10:12:54] generateOTP.INFO: test [] []
[2020-08-04 10:26:17] generateOTP.INFO: test [] []
[2020-08-04 10:26:17] generateOTP.INFO: test [] []
[2020-08-04 10:26:18] generateOTP.INFO: test [] []
[2020-08-04 10:26:18] generateOTP.INFO: test [] []
[2020-08-04 10:26:18] generateOTP.INFO: test [] []
[2020-08-04 10:26:18] generateOTP.INFO: test [] []
[2020-08-04 10:26:18] generateOTP.INFO: test [] []
[2020-08-04 10:26:19] generateOTP.INFO: test [] []
[2020-08-04 10:26:19] generateOTP.INFO: test [] []
[2020-08-04 10:27:03] generateOTP.INFO: test [] []
[2020-08-04 10:27:33] generateOTP.INFO: {"salutation":"1","firstname":"test","lastname":"BANKING","dob":"19-12-1988","mob_no":"7010444138","panCard":"XXXXXX456A","email":"jack@gmail.com","ref1":"1","ref2":"1","comAdd":"Om hrad ntalatiof, holOmshre, talathioficeeachol, OmshreeSada9talathi","city":"MUMBAI","state":"MAHARASHTRA","pin_code":"622103","ISNRI":"N","update_emp_id":"622338","edit":"0","policy_no":"454,455","subtype_text":"1","sum_insure":"1000000","anuual_income":"","occupation":"14","familyConstruct":"2A","family_members_id":"0","family_gender":"Male","first_name":"test","last_name":"BANKING","family_date_birth":"19-12-1988","age":"31","age_type":" years","tenure":"1 Year","family_id":"","s_date":"","marriage_date":"","premium":"14500","policyNo":"454,455","familyDataType":"undefined","empId":"622338","product":"RMxC5efb5c5a320e7","declare":"[]","gender":"Male","gci_options":"Yes"} [] []
[2020-08-04 10:28:04] generateOTP.INFO: {"salutation":"1","firstname":"test","lastname":"BANKING","dob":"19-12-1988","mob_no":"7010444138","panCard":"XXXXXX456A","email":"jack@gmail.com","ref1":"1","ref2":"1","comAdd":"Om hrad ntalatiof, holOmshre, talathioficeeachol, OmshreeSada9talathi","city":"MUMBAI","state":"MAHARASHTRA","pin_code":"622103","ISNRI":"N","update_emp_id":"622338","edit":"0","policy_no":"454,455","subtype_text":"1","sum_insure":"1000000","anuual_income":"","occupation":"14","familyConstruct":"2A","family_members_id":"1","family_gender":"Female","first_name":"ddjj","last_name":"llll","family_date_birth":"24-08-1989","age":"30","age_type":" years","tenure":"1 Year","family_id":"","s_date":"","marriage_date":"","premium":"14500","policyNo":"454,455","familyDataType":"undefined","empId":"622338","product":"RMxC5efb5c5a320e7","declare":"[]","gender":"Male","gci_options":"Yes"} [] []
[2020-08-04 10:29:32] documentsSave.INFO: {"ops_type":"[\"0\",\"Y\"]","ids":"11,12,13"} [] []
[2020-08-04 10:29:32] documentsSaveFiles.INFO: [{"name":"Full Forms.jpeg","type":"image\/jpeg","tmp_name":"\/tmp\/phpn90PXz","error":0,"size":128214},{"name":"Full Forms.jpeg","type":"image\/jpeg","tmp_name":"\/tmp\/phpBiC8MA","error":0,"size":128214}] [] []
[2020-08-04 10:29:55] generateOTP.INFO: test [] []
[2020-08-04 10:30:11] generateOTP.INFO: test [] []
[2020-08-04 10:30:12] generateOTP.INFO: test [] []
[2020-08-04 10:30:22] generateOTP.INFO: test [] []
[2020-08-04 10:30:28] generateOTP.INFO: test [] []
[2020-08-04 10:30:46] generateOTP.INFO: test [] []
[2020-08-04 10:31:14] generateOTP.INFO: test [] []
[2020-08-04 10:31:40] generateOTP.INFO: test [] []
[2020-08-04 10:54:29] generateOTP.INFO: test [] []
[2020-08-04 10:54:55] generateOTP.INFO: {"salutation":"1","firstname":"test","lastname":"BANKING","dob":"19-12-1988","mob_no":"7010444138","panCard":"XXXXXX456A","email":"jack@gmail.com","ref1":"1","ref2":"1","comAdd":"Om hrad ntalatiof, holOmshre, talathioficeeachol, OmshreeSada9talathi","city":"MUMBAI","state":"MAHARASHTRA","pin_code":"622103","ISNRI":"N","update_emp_id":"622339","edit":"0","policy_no":"454,455","subtype_text":"1","sum_insure":"500000","anuual_income":"","occupation":"1","familyConstruct":"1A","family_members_id":"0","family_gender":"Male","first_name":"test","last_name":"BANKING","family_date_birth":"19-12-1988","age":"31","age_type":" years","tenure":"1 Year","family_id":"","s_date":"","marriage_date":"","premium":"8000","policyNo":"454,455","familyDataType":"undefined","empId":"622339","product":"RMxC5efb5c5a320e7","declare":"[]","gender":"Male","gci_options":"Yes"} [] []
[2020-08-04 11:19:50] generateOTP.INFO: test [] []
[2020-08-04 11:25:53] generateOTP.INFO: test [] []
[2020-08-04 11:31:27] generateOTP.INFO: test [] []
[2020-08-04 11:38:29] generateOTP.INFO: test [] []
[2020-08-04 11:44:59] generateOTP.INFO: test [] []
[2020-08-04 11:45:30] generateOTP.INFO: test [] []
[2020-08-04 11:45:39] generateOTP.INFO: test [] []
[2020-08-04 11:52:22] generateOTP.INFO: test [] []
[2020-08-04 11:53:26] generateOTP.INFO: test [] []
[2020-08-04 11:55:42] generateOTP.INFO: test [] []
[2020-08-04 11:57:54] generateOTP.INFO: test [] []
[2020-08-04 12:01:47] generateOTP.INFO: test [] []
[2020-08-04 12:05:09] generateOTP.INFO: test [] []
[2020-08-04 12:06:03] generateOTP.INFO: test [] []
[2020-08-04 12:06:26] generateOTP.INFO: {"salutation":"1","firstname":"test","lastname":"BANKING","dob":"19-12-1988","mob_no":"7010444138","panCard":"XXXXXX456A","email":"jack@gmail.com","ref1":"1","ref2":"1","comAdd":"Om hrad ntalatiof, holOmshre, talathioficeeachol, OmshreeSada9talathi","city":"MUMBAI","state":"MAHARASHTRA","pin_code":"622103","ISNRI":"N","update_emp_id":"622344","edit":"0","policy_no":"454,455","subtype_text":"1","sum_insure":"500000","anuual_income":"","occupation":"1","familyConstruct":"1A","family_members_id":"0","family_gender":"Male","first_name":"test","last_name":"BANKING","family_date_birth":"19-12-1988","age":"31","age_type":" years","tenure":"1 Year","family_id":"","s_date":"","marriage_date":"","premium":"8000","policyNo":"454,455","familyDataType":"undefined","empId":"622344","product":"RMxC5efb5c5a320e7","declare":"[]","gender":"Male","gci_options":"Yes"} [] []
[2020-08-04 12:07:23] documentsSave.INFO: {"ops_type":"[]","ids":"14,15,16"} [] []
[2020-08-04 12:07:23] documentsSaveFiles.INFO: [] [] []
[2020-08-04 12:15:55] generateOTP.INFO: test [] []
[2020-08-04 12:19:31] generateOTP.INFO: test [] []
[2020-08-04 12:23:02] generateOTP.INFO: test [] []
[2020-08-04 12:23:13] generateOTP.INFO: test [] []
[2020-08-04 12:23:14] generateOTP.INFO: test [] []
[2020-08-04 12:37:46] generateOTP.INFO: test [] []
[2020-08-04 12:45:16] generateOTP.INFO: test [] []
[2020-08-04 12:52:26] generateOTP.INFO: test [] []
[2020-08-04 13:00:21] generateOTP.INFO: test [] []
[2020-08-04 13:04:28] generateOTP.INFO: test [] []
[2020-08-04 13:04:41] generateOTP.INFO: {"salutation":"1","firstname":"test","lastname":"BANKING","dob":"19-12-1988","mob_no":"7010444138","panCard":"XXXXXX456A","email":"jack@gmail.com","ref1":"1","ref2":"1","comAdd":"Om hrad ntalatiof, holOmshre, talathioficeeachol, OmshreeSada9talathi","city":"MUMBAI","state":"MAHARASHTRA","pin_code":"622103","ISNRI":"N","update_emp_id":"622347","edit":"0","policy_no":"454,455","subtype_text":"1","sum_insure":"500000","anuual_income":"","occupation":"1","familyConstruct":"1A","family_members_id":"0","family_gender":"Male","first_name":"test","last_name":"BANKING","family_date_birth":"19-12-1988","age":"31","age_type":" years","tenure":"1 Year","family_id":"","s_date":"","marriage_date":"","premium":"8000","policyNo":"454,455","familyDataType":"undefined","empId":"622347","product":"RMxC5efb5c5a320e7","declare":"[]","gender":"Male","gci_options":"Yes"} [] []
[2020-08-04 13:05:04] documentsSave.INFO: {"ops_type":"[]","ids":"17,18,19"} [] []
[2020-08-04 13:05:04] documentsSaveFiles.INFO: [] [] []
[2020-08-04 13:05:05] generateOTP.INFO: test [] []
[2020-08-04 13:08:29] generateOTP.INFO: test [] []
[2020-08-04 13:10:12] generateOTP.INFO: test [] []
[2020-08-04 13:10:54] generateOTP.INFO: {"salutation":"1","firstname":"test sona","lastname":"BANKING","dob":"19-12-1988","mob_no":"7010444138","panCard":"XXXXXX456A","email":"jack@gmail.com","ref1":"1","ref2":"1","comAdd":"Om hrad ntalatiof, holOmshre, talathioficeeachol, OmshreeSada9talathi","city":"MUMBAI","state":"MAHARASHTRA","pin_code":"622103","ISNRI":"N","update_emp_id":"622349","edit":"0","policy_no":"454,455","subtype_text":"1","sum_insure":"1000000","anuual_income":"","occupation":"6","familyConstruct":"1A+1K","family_members_id":"2","family_gender":"Male","first_name":"gagg","last_name":"hefdbz","family_date_birth":"10-08-2011","age":"8","age_type":" years","tenure":"1 Year","family_id":"","s_date":"","marriage_date":"","premium":"14500","policyNo":"454,455","familyDataType":"undefined","empId":"622349","product":"RMxC5efb5c5a320e7","declare":"[]","gender":"Male","gci_options":"Yes"} [] []
[2020-08-04 13:13:01] generateOTP.INFO: {"salutation":"1","firstname":"test sona","lastname":"BANKING","dob":"19-12-1988","mob_no":"7010444138","panCard":"XXXXXX456A","email":"jack@gmail.com","ref1":"1","ref2":"1","comAdd":"Om hrad ntalatiof, holOmshre, talathioficeeachol, OmshreeSada9talathi","city":"MUMBAI","state":"MAHARASHTRA","pin_code":"622103","ISNRI":"N","update_emp_id":"622349","edit":"0","policy_no":"454,455","subtype_text":"1","sum_insure":"1500000","anuual_income":"200000","occupation":"9","familyConstruct":"1A+1K","family_members_id":"0","family_gender":"Male","first_name":"test sona","last_name":"BANKING","family_date_birth":"19-12-1988","age":"31","age_type":" years","tenure":"1 Year","family_id":"","s_date":"","marriage_date":"","premium":"17500","policyNo":"454,455","familyDataType":"undefined","empId":"622349","product":"RMxC5efb5c5a320e7","declare":"[]","gender":"Male","gci_options":"Yes"} [] []
[2020-08-04 13:15:21] documentsSave.INFO: {"ops_type":"[\"0\",\"Y\"]","ids":"20,21,22"} [] []
[2020-08-04 13:15:21] documentsSaveFiles.INFO: [{"name":"Axis D2C_BRD2MAr (1).docx","type":"application\/vnd.openxmlformats-officedocument.wordprocessingml.document","tmp_name":"\/tmp\/phphN98KS","error":0,"size":1868812},{"name":"testing.txt","type":"text\/plain","tmp_name":"\/tmp\/phpTT64n7","error":0,"size":123}] [] []
[2020-08-04 13:17:43] generateOTP.INFO: test [] []
[2020-08-04 13:17:45] generateOTP.INFO: test [] []
[2020-08-04 13:17:46] generateOTP.INFO: test [] []
[2020-08-04 13:17:53] generateOTP.INFO: test [] []
[2020-08-04 13:17:57] generateOTP.INFO: test [] []
[2020-08-04 13:18:01] generateOTP.INFO: test [] []
[2020-08-04 13:22:55] documentsSave.INFO: {"ops_type":"[\"0\",\"Y\"]","ids":"23,24"} [] []
[2020-08-04 13:22:55] documentsSaveFiles.INFO: [{"name":"testing.pdf","type":"application\/pdf","tmp_name":"\/tmp\/php7AqqGK","error":0,"size":31140},{"name":"testing.pdf","type":"application\/pdf","tmp_name":"\/tmp\/phpBrigYJ","error":0,"size":31140}] [] []
[2020-08-04 13:29:49] generateOTP.INFO: test [] []
[2020-08-04 13:33:08] generateOTP.INFO: test [] []
[2020-08-04 13:34:22] generateOTP.INFO: test [] []
[2020-08-04 13:34:34] generateOTP.INFO: test [] []
[2020-08-04 13:34:34] generateOTP.INFO: test [] []
[2020-08-04 13:34:34] generateOTP.INFO: test [] []
[2020-08-04 13:34:35] generateOTP.INFO: test [] []
[2020-08-04 13:34:35] generateOTP.INFO: test [] []
[2020-08-04 13:34:35] generateOTP.INFO: test [] []
[2020-08-04 13:34:35] generateOTP.INFO: test [] []
[2020-08-04 13:34:35] generateOTP.INFO: test [] []
[2020-08-04 13:34:35] generateOTP.INFO: test [] []
[2020-08-04 13:34:57] generateOTP.INFO: test [] []
[2020-08-04 13:36:28] generateOTP.INFO: test [] []
[2020-08-04 13:36:39] generateOTP.INFO: test [] []
[2020-08-04 13:37:47] generateOTP.INFO: test [] []
[2020-08-04 13:37:48] generateOTP.INFO: test [] []
[2020-08-04 13:38:13] generateOTP.INFO: test [] []
[2020-08-04 13:40:15] generateOTP.INFO: test [] []
[2020-08-04 13:41:30] generateOTP.INFO: test [] []
[2020-08-04 13:58:38] generateOTP.INFO: test [] []
[2020-08-04 13:58:38] generateOTP.INFO: test [] []
[2020-08-04 13:58:38] generateOTP.INFO: test [] []
[2020-08-04 13:58:43] generateOTP.INFO: test [] []
[2020-08-04 14:02:12] generateOTP.INFO: test [] []
[2020-08-04 14:02:16] generateOTP.INFO: test [] []
[2020-08-04 14:02:25] generateOTP.INFO: test [] []
[2020-08-04 14:04:59] generateOTP.INFO: test [] []
[2020-08-04 14:05:21] generateOTP.INFO: test [] []
[2020-08-04 14:05:23] generateOTP.INFO: test [] []
[2020-08-04 14:07:35] generateOTP.INFO: test [] []
[2020-08-04 14:09:55] generateOTP.INFO: test [] []
[2020-08-04 14:09:55] generateOTP.INFO: test [] []
[2020-08-04 14:09:55] generateOTP.INFO: test [] []
[2020-08-04 14:10:01] generateOTP.INFO: test [] []
[2020-08-04 14:10:08] generateOTP.INFO: test [] []
[2020-08-04 14:10:13] generateOTP.INFO: test [] []
[2020-08-04 14:13:38] generateOTP.INFO: test [] []
[2020-08-04 14:19:47] generateOTP.INFO: test [] []
[2020-08-04 14:19:53] generateOTP.INFO: test [] []
[2020-08-04 14:29:43] generateOTP.INFO: test [] []
[2020-08-04 14:40:38] generateOTP.INFO: test [] []
[2020-08-04 14:49:50] generateOTP.INFO: test [] []
[2020-08-04 14:53:02] generateOTP.INFO: test [] []
[2020-08-04 14:53:07] generateOTP.INFO: test [] []
[2020-08-04 14:53:32] generateOTP.INFO: test [] []
[2020-08-04 14:54:02] generateOTP.INFO: test [] []
[2020-08-04 14:56:39] generateOTP.INFO: test [] []
[2020-08-04 14:56:57] generateOTP.INFO: test [] []
[2020-08-04 14:57:08] generateOTP.INFO: test [] []
[2020-08-04 14:57:19] generateOTP.INFO: test [] []
[2020-08-04 14:57:45] generateOTP.INFO: test [] []
[2020-08-04 14:58:01] generateOTP.INFO: test [] []
[2020-08-04 14:58:14] generateOTP.INFO: test [] []
[2020-08-04 14:58:27] generateOTP.INFO: test [] []
[2020-08-04 14:58:39] generateOTP.INFO: test [] []
[2020-08-04 14:58:49] generateOTP.INFO: test [] []
[2020-08-04 14:59:06] generateOTP.INFO: test [] []
[2020-08-04 14:59:38] generateOTP.INFO: {"salutation":"1","firstname":"test","lastname":"BANKING","dob":"19-12-1988","mob_no":"7010444138","panCard":"XXXXXX456A","email":"jack@gmail.com","ref1":"1","ref2":"1","comAdd":"Om hrad ntalatiof, holOmshre, talathioficeeachol, OmshreeSada9talathi","city":"MUMBAI","state":"MAHARASHTRA","pin_code":"622103","ISNRI":"N","update_emp_id":"622350","edit":"0","policy_no":"454,455","subtype_text":"1","sum_insure":"500000","anuual_income":"","occupation":"1","familyConstruct":"2A","family_members_id":"0","family_gender":"Male","first_name":"test","last_name":"BANKING","family_date_birth":"19-12-1988","age":"31","age_type":" years","tenure":"1 Year","family_id":"","s_date":"","marriage_date":"","premium":"11500","policyNo":"454,455","familyDataType":"undefined","empId":"622350","product":"RMxC5efb5c5a320e7","declare":"[]","gender":"Male","gci_options":"Yes"} [] []
[2020-08-04 15:08:47] generateOTP.INFO: {"salutation":"1","firstname":"test","lastname":"BANKING","dob":"19-12-1988","mob_no":"7010444138","panCard":"XXXXXX456A","email":"jack@gmail.com","ref1":"1","ref2":"1","comAdd":"Om hrad ntalatiof, holOmshre, talathioficeeachol, OmshreeSada9talathi","city":"MUMBAI","state":"MAHARASHTRA","pin_code":"622103","ISNRI":"N","update_emp_id":"622350","edit":"0","policy_no":"454,455","subtype_text":"1","sum_insure":"500000","anuual_income":"","occupation":"1","familyConstruct":"2A","family_members_id":"1","family_gender":"Female","first_name":"testf","last_name":"testl","family_date_birth":"15-08-2019","age":"354","age_type":"days","tenure":"1 Year","family_id":"","s_date":"","marriage_date":"","premium":"11500","policyNo":"454,455","familyDataType":"undefined","empId":"622350","product":"RMxC5efb5c5a320e7","declare":"[]","gender":"Male","gci_options":"Yes"} [] []
[2020-08-04 15:16:06] generateOTP.INFO: test [] []
[2020-08-04 15:16:14] generateOTP.INFO: test [] []
[2020-08-04 15:25:06] generateOTP.INFO: test [] []
[2020-08-04 15:27:22] generateOTP.INFO: test [] []
[2020-08-04 15:31:29] generateOTP.INFO: test [] []
[2020-08-04 15:31:30] generateOTP.INFO: test [] []
[2020-08-04 15:31:37] generateOTP.INFO: test [] []
[2020-08-04 15:31:39] generateOTP.INFO: test [] []
[2020-08-04 15:31:45] generateOTP.INFO: test [] []
[2020-08-04 15:33:06] generateOTP.INFO: test [] []
[2020-08-04 15:35:39] generateOTP.INFO: test [] []
[2020-08-04 15:35:48] generateOTP.INFO: test [] []
[2020-08-04 15:35:50] generateOTP.INFO: test [] []
[2020-08-04 15:36:17] generateOTP.INFO: test [] []
[2020-08-04 15:37:58] generateOTP.INFO: test [] []
[2020-08-04 15:38:07] generateOTP.INFO: test [] []
[2020-08-04 15:38:10] generateOTP.INFO: test [] []
[2020-08-04 15:38:18] generateOTP.INFO: test [] []
[2020-08-04 15:40:09] generateOTP.INFO: test [] []
[2020-08-04 15:43:45] generateOTP.INFO: test [] []
[2020-08-04 15:44:02] generateOTP.INFO: test [] []
[2020-08-04 15:48:08] generateOTP.INFO: test [] []
[2020-08-04 15:48:09] generateOTP.INFO: test [] []
[2020-08-04 15:48:18] generateOTP.INFO: test [] []
[2020-08-04 15:50:34] generateOTP.INFO: test [] []
[2020-08-04 15:50:36] generateOTP.INFO: test [] []
[2020-08-04 15:51:58] generateOTP.INFO: test [] []
[2020-08-04 15:52:16] generateOTP.INFO: test [] []
[2020-08-04 15:53:09] generateOTP.INFO: test [] []
[2020-08-04 15:56:48] generateOTP.INFO: test [] []
[2020-08-04 15:57:07] generateOTP.INFO: test [] []
[2020-08-04 15:57:07] generateOTP.INFO: test [] []
[2020-08-04 15:57:07] generateOTP.INFO: test [] []
[2020-08-04 15:57:15] generateOTP.INFO: test [] []
[2020-08-04 15:57:17] generateOTP.INFO: test [] []
[2020-08-04 15:57:17] generateOTP.INFO: test [] []
[2020-08-04 15:57:18] generateOTP.INFO: test [] []
[2020-08-04 15:57:34] generateOTP.INFO: test [] []
[2020-08-04 15:57:40] generateOTP.INFO: test [] []
[2020-08-04 15:58:30] generateOTP.INFO: test [] []
[2020-08-04 15:58:31] generateOTP.INFO: test [] []
[2020-08-04 15:58:38] generateOTP.INFO: test [] []
[2020-08-04 15:58:38] generateOTP.INFO: test [] []
[2020-08-04 15:58:39] generateOTP.INFO: test [] []
[2020-08-04 15:58:40] generateOTP.INFO: test [] []
[2020-08-04 15:58:45] generateOTP.INFO: test [] []
[2020-08-04 15:58:45] generateOTP.INFO: test [] []
[2020-08-04 15:58:45] generateOTP.INFO: test [] []
[2020-08-04 15:58:46] generateOTP.INFO: test [] []
[2020-08-04 15:59:00] generateOTP.INFO: test [] []
[2020-08-04 15:59:19] generateOTP.INFO: test [] []
[2020-08-04 15:59:27] generateOTP.INFO: test [] []
[2020-08-04 15:59:36] generateOTP.INFO: test [] []
[2020-08-04 15:59:49] generateOTP.INFO: test [] []
[2020-08-04 16:01:56] generateOTP.INFO: test [] []
[2020-08-04 16:05:01] generateOTP.INFO: test [] []
[2020-08-04 16:05:32] generateOTP.INFO: test [] []
[2020-08-04 16:05:40] generateOTP.INFO: test [] []
[2020-08-04 16:13:43] generateOTP.INFO: test [] []
[2020-08-04 16:13:46] generateOTP.INFO: test [] []
[2020-08-04 16:13:53] generateOTP.INFO: test [] []
[2020-08-04 16:13:56] generateOTP.INFO: test [] []
[2020-08-04 16:14:39] generateOTP.INFO: test [] []
[2020-08-04 16:14:42] generateOTP.INFO: test [] []
[2020-08-04 16:16:50] generateOTP.INFO: test [] []
[2020-08-04 16:16:51] generateOTP.INFO: test [] []
[2020-08-04 16:16:54] generateOTP.INFO: test [] []
[2020-08-04 16:18:42] generateOTP.INFO: test [] []
[2020-08-04 16:18:42] generateOTP.INFO: test [] []
[2020-08-04 16:22:05] generateOTP.INFO: test [] []
[2020-08-04 16:24:04] generateOTP.INFO: test [] []
[2020-08-04 16:24:04] generateOTP.INFO: test [] []
[2020-08-04 16:24:05] generateOTP.INFO: test [] []
[2020-08-04 16:24:13] generateOTP.INFO: test [] []
[2020-08-04 16:24:17] generateOTP.INFO: test [] []
[2020-08-04 16:24:27] generateOTP.INFO: test [] []
[2020-08-04 16:24:57] generateOTP.INFO: test [] []
[2020-08-04 16:26:07] generateOTP.INFO: test [] []
[2020-08-04 16:26:35] generateOTP.INFO: test [] []
[2020-08-04 16:26:57] generateOTP.INFO: test [] []
[2020-08-04 16:27:15] generateOTP.INFO: test [] []
[2020-08-04 16:28:30] generateOTP.INFO: test [] []
[2020-08-04 16:35:20] generateOTP.INFO: test [] []
[2020-08-04 16:35:46] generateOTP.INFO: test [] []
[2020-08-04 16:35:49] generateOTP.INFO: test [] []
[2020-08-04 16:36:05] generateOTP.INFO: test [] []
[2020-08-04 16:36:20] generateOTP.INFO: test [] []
[2020-08-04 16:36:22] generateOTP.INFO: test [] []
[2020-08-04 16:36:40] generateOTP.INFO: test [] []
[2020-08-04 16:36:53] generateOTP.INFO: test [] []
[2020-08-04 16:36:55] generateOTP.INFO: test [] []
[2020-08-04 16:39:20] generateOTP.INFO: test [] []
[2020-08-04 16:40:47] generateOTP.INFO: test [] []
[2020-08-04 16:43:04] generateOTP.INFO: test [] []
[2020-08-04 16:43:34] generateOTP.INFO: test [] []
[2020-08-04 16:43:52] generateOTP.INFO: test [] []
[2020-08-04 16:44:05] generateOTP.INFO: test [] []
[2020-08-04 16:44:06] generateOTP.INFO: test [] []
[2020-08-04 16:44:25] generateOTP.INFO: test [] []
[2020-08-04 16:44:29] generateOTP.INFO: test [] []
[2020-08-04 16:44:35] generateOTP.INFO: test [] []
[2020-08-04 16:44:47] generateOTP.INFO: test [] []
[2020-08-04 16:45:08] generateOTP.INFO: test [] []
[2020-08-04 16:45:12] generateOTP.INFO: test [] []
[2020-08-04 16:45:12] generateOTP.INFO: test [] []
[2020-08-04 16:46:45] generateOTP.INFO: test [] []
[2020-08-04 16:46:46] generateOTP.INFO: test [] []
[2020-08-04 16:47:09] generateOTP.INFO: test [] []
[2020-08-04 16:47:42] generateOTP.INFO: test [] []
[2020-08-04 16:48:08] generateOTP.INFO: test [] []
[2020-08-04 16:48:17] generateOTP.INFO: test [] []
[2020-08-04 16:48:20] generateOTP.INFO: test [] []
[2020-08-04 16:48:23] generateOTP.INFO: test [] []
[2020-08-04 16:48:47] generateOTP.INFO: test [] []
[2020-08-04 16:49:03] generateOTP.INFO: test [] []
[2020-08-04 16:49:13] generateOTP.INFO: test [] []
[2020-08-04 16:49:26] generateOTP.INFO: test [] []
[2020-08-04 16:49:44] generateOTP.INFO: test [] []
[2020-08-04 16:52:40] generateOTP.INFO: test [] []
[2020-08-04 16:52:41] generateOTP.INFO: test [] []
[2020-08-04 16:52:56] generateOTP.INFO: test [] []
[2020-08-04 16:52:57] generateOTP.INFO: test [] []
[2020-08-04 16:53:23] generateOTP.INFO: test [] []
[2020-08-04 16:53:25] generateOTP.INFO: test [] []
[2020-08-04 16:53:46] generateOTP.INFO: test [] []
[2020-08-04 16:54:57] generateOTP.INFO: test [] []
[2020-08-04 16:55:00] generateOTP.INFO: test [] []
[2020-08-04 16:59:21] generateOTP.INFO: test [] []
[2020-08-04 16:59:48] generateOTP.INFO: test [] []
[2020-08-04 16:59:50] generateOTP.INFO: test [] []
[2020-08-04 17:00:02] generateOTP.INFO: test [] []
[2020-08-04 17:00:26] generateOTP.INFO: test [] []
[2020-08-04 17:00:28] generateOTP.INFO: test [] []
[2020-08-04 17:02:49] generateOTP.INFO: test [] []
[2020-08-04 17:04:02] generateOTP.INFO: {"salutation":"3","firstname":"sona test","lastname":"BANKING","dob":"19-12-1988","mob_no":"7010444138","panCard":"XXXXXX456A","email":"jack@gmail.com","ref1":"1","ref2":"1","comAdd":"Om hrad ntalatiof, holOmshre, talathioficeeachol, OmshreeSada9talathi","city":"MUMBAI","state":"MAHARASHTRA","pin_code":"622103","ISNRI":"N","update_emp_id":"622354","edit":"0","policy_no":"392,393","subtype_text":"1","sum_insure":"500000","anuual_income":"","familyConstruct":"2A+1K","family_members_id":"1","family_gender":"Male","first_name":"fjgxghdx","last_name":"hhfgzsfx","family_date_birth":"13-08-1987","age":"32","age_type":" years","tenure":"1 Year","family_id":"","s_date":"","marriage_date":"","premium":"19599","policyNo":"392,393","familyDataType":"undefined","empId":"622354","product":"iWL65dcd54d9c5a65","declare":"[]","gender":"Female","gci_options":"Yes"} [] []
[2020-08-04 17:05:08] generateOTP.INFO: {"salutation":"3","firstname":"sona test","lastname":"BANKING","dob":"19-12-1988","mob_no":"7010444138","panCard":"XXXXXX456A","email":"jack@gmail.com","ref1":"1","ref2":"1","comAdd":"Om hrad ntalatiof, holOmshre, talathioficeeachol, OmshreeSada9talathi","city":"MUMBAI","state":"MAHARASHTRA","pin_code":"622103","ISNRI":"N","update_emp_id":"622354","edit":"0","policy_no":"392,393","subtype_text":"1","sum_insure":"500000","anuual_income":"","familyConstruct":"2A+1K","family_members_id":"3","family_gender":"Female","first_name":"jjdfhcx","last_name":"fsddg","family_date_birth":"13-12-1994","age":"25","age_type":" years","tenure":"1 Year","sub_type_check":["1"],"20":"No","family_id":"","s_date":"","marriage_date":"","premium":"19599","policyNo":"392,393","familyDataType":"undefined","empId":"622354","product":"iWL65dcd54d9c5a65","declare":"[{\"question\":\"20\",\"format\":\"No\"}]","gender":"Female","gci_options":"Yes"} [] []
[2020-08-04 17:06:50] generateOTP.INFO: test [] []
[2020-08-04 17:06:57] generateOTP.INFO: test [] []
[2020-08-04 17:07:06] generateOTP.INFO: test [] []
[2020-08-04 17:07:19] generateOTP.INFO: test [] []
[2020-08-04 17:07:44] generateOTP.INFO: test [] []
[2020-08-04 17:07:50] generateOTP.INFO: test [] []
[2020-08-04 17:08:41] generateOTP.INFO: test [] []
[2020-08-04 17:08:53] generateOTP.INFO: test [] []
[2020-08-04 17:09:11] generateOTP.INFO: test [] []
[2020-08-04 17:09:15] generateOTP.INFO: test [] []
[2020-08-04 17:09:24] generateOTP.INFO: test [] []
[2020-08-04 17:09:36] generateOTP.INFO: test [] []
[2020-08-04 17:09:44] generateOTP.INFO: test [] []
[2020-08-04 17:09:45] generateOTP.INFO: test [] []
[2020-08-04 17:09:49] generateOTP.INFO: test [] []
[2020-08-04 17:18:58] generateOTP.INFO: test [] []
[2020-08-04 17:20:19] generateOTP.INFO: test [] []
[2020-08-04 17:26:06] generateOTP.INFO: test [] []
[2020-08-04 17:26:06] generateOTP.INFO: test [] []
[2020-08-04 17:26:12] generateOTP.INFO: test [] []
[2020-08-04 17:26:17] generateOTP.INFO: test [] []
[2020-08-04 17:26:21] generateOTP.INFO: test [] []
[2020-08-04 17:26:40] generateOTP.INFO: test [] []
[2020-08-04 17:26:40] generateOTP.INFO: test [] []
[2020-08-04 17:26:45] generateOTP.INFO: test [] []
[2020-08-04 17:27:07] generateOTP.INFO: test [] []
[2020-08-04 17:27:38] generateOTP.INFO: test [] []
[2020-08-04 17:27:39] generateOTP.INFO: test [] []
[2020-08-04 17:28:03] generateOTP.INFO: test [] []
[2020-08-04 17:28:15] generateOTP.INFO: test [] []
[2020-08-04 17:28:16] generateOTP.INFO: test [] []
[2020-08-04 17:28:21] generateOTP.INFO: test [] []
[2020-08-04 17:28:25] generateOTP.INFO: test [] []
[2020-08-04 17:28:35] generateOTP.INFO: test [] []
[2020-08-04 17:28:56] generateOTP.INFO: test [] []
[2020-08-04 17:29:37] generateOTP.INFO: test [] []
[2020-08-04 17:30:07] generateOTP.INFO: test [] []
[2020-08-04 17:32:45] generateOTP.INFO: test [] []
[2020-08-04 17:33:56] generateOTP.INFO: test [] []
[2020-08-04 17:37:45] generateOTP.INFO: test [] []
[2020-08-04 17:38:24] generateOTP.INFO: test [] []
[2020-08-04 17:42:41] generateOTP.INFO: test [] []
[2020-08-04 17:42:53] generateOTP.INFO: test [] []
[2020-08-04 17:43:10] generateOTP.INFO: test [] []
[2020-08-04 17:43:24] generateOTP.INFO: test [] []
[2020-08-04 17:44:12] generateOTP.INFO: test [] []
[2020-08-04 17:45:41] generateOTP.INFO: test [] []
[2020-08-04 17:45:47] generateOTP.INFO: test [] []
[2020-08-04 17:46:31] generateOTP.INFO: test [] []
[2020-08-04 17:46:48] generateOTP.INFO: test [] []
[2020-08-04 17:47:12] generateOTP.INFO: test [] []
[2020-08-04 17:47:26] generateOTP.INFO: test [] []
[2020-08-04 17:47:46] generateOTP.INFO: test [] []
[2020-08-04 17:48:02] generateOTP.INFO: test [] []
[2020-08-04 17:48:48] generateOTP.INFO: test [] []
[2020-08-04 17:49:14] generateOTP.INFO: test [] []
[2020-08-04 17:49:24] generateOTP.INFO: test [] []
[2020-08-04 17:49:31] generateOTP.INFO: test [] []
[2020-08-04 17:49:34] generateOTP.INFO: test [] []
[2020-08-04 17:49:51] generateOTP.INFO: test [] []
[2020-08-04 17:50:14] generateOTP.INFO: test [] []
[2020-08-04 17:50:30] generateOTP.INFO: test [] []
[2020-08-04 17:50:37] generateOTP.INFO: test [] []
[2020-08-04 17:50:50] generateOTP.INFO: test [] []
[2020-08-04 17:51:36] generateOTP.INFO: test [] []
[2020-08-04 17:51:41] generateOTP.INFO: test [] []
[2020-08-04 17:52:35] generateOTP.INFO: test [] []
[2020-08-04 17:52:56] generateOTP.INFO: test [] []
[2020-08-04 17:53:00] generateOTP.INFO: test [] []
[2020-08-04 17:53:09] generateOTP.INFO: test [] []
[2020-08-04 17:56:33] generateOTP.INFO: test [] []
[2020-08-04 17:56:39] generateOTP.INFO: test [] []
[2020-08-04 17:57:20] generateOTP.INFO: test [] []
[2020-08-04 17:57:23] generateOTP.INFO: test [] []
[2020-08-04 17:58:42] generateOTP.INFO: test [] []
[2020-08-04 17:59:01] generateOTP.INFO: test [] []
[2020-08-04 17:59:09] generateOTP.INFO: test [] []
[2020-08-04 18:00:30] generateOTP.INFO: test [] []
[2020-08-04 18:01:29] generateOTP.INFO: test [] []
[2020-08-04 18:01:55] generateOTP.INFO: test [] []
[2020-08-04 18:03:15] generateOTP.INFO: test [] []
[2020-08-04 18:03:35] generateOTP.INFO: test [] []
[2020-08-04 18:04:28] generateOTP.INFO: test [] []
[2020-08-04 18:04:55] generateOTP.INFO: test [] []
[2020-08-04 18:04:57] generateOTP.INFO: test [] []
[2020-08-04 18:05:25] generateOTP.INFO: test [] []
[2020-08-04 18:06:18] generateOTP.INFO: test [] []
[2020-08-04 18:07:26] generateOTP.INFO: test [] []
[2020-08-04 18:08:17] generateOTP.INFO: test [] []
[2020-08-04 18:08:45] generateOTP.INFO: test [] []
[2020-08-04 18:08:49] generateOTP.INFO: test [] []
[2020-08-04 18:09:21] generateOTP.INFO: test [] []
[2020-08-04 18:09:24] generateOTP.INFO: test [] []
[2020-08-04 18:09:57] generateOTP.INFO: test [] []
[2020-08-04 18:11:10] generateOTP.INFO: test [] []
[2020-08-04 18:12:13] generateOTP.INFO: test [] []
[2020-08-04 18:12:19] generateOTP.INFO: test [] []
[2020-08-04 18:14:08] generateOTP.INFO: test [] []
[2020-08-04 18:14:11] generateOTP.INFO: test [] []
[2020-08-04 18:14:52] generateOTP.INFO: test [] []
[2020-08-04 18:16:31] generateOTP.INFO: test [] []
[2020-08-04 18:16:36] generateOTP.INFO: test [] []
[2020-08-04 18:18:40] generateOTP.INFO: test [] []
[2020-08-04 18:18:43] generateOTP.INFO: test [] []
[2020-08-04 18:18:59] generateOTP.INFO: test [] []
[2020-08-04 18:19:17] generateOTP.INFO: test [] []
[2020-08-04 18:19:34] generateOTP.INFO: test [] []
[2020-08-04 18:20:06] generateOTP.INFO: test [] []
[2020-08-04 18:21:35] generateOTP.INFO: test [] []
[2020-08-04 18:21:48] generateOTP.INFO: test [] []
[2020-08-04 18:22:07] generateOTP.INFO: test [] []
[2020-08-04 18:23:17] generateOTP.INFO: test [] []
[2020-08-04 18:23:21] generateOTP.INFO: test [] []
[2020-08-04 18:23:43] generateOTP.INFO: test [] []
[2020-08-04 18:24:55] generateOTP.INFO: test [] []
[2020-08-04 18:37:48] generateOTP.INFO: test [] []
[2020-08-04 18:37:48] generateOTP.INFO: test [] []
[2020-08-04 18:38:07] generateOTP.INFO: test [] []
[2020-08-04 18:38:11] generateOTP.INFO: test [] []
[2020-08-04 18:38:16] generateOTP.INFO: test [] []
[2020-08-04 18:38:21] generateOTP.INFO: test [] []
[2020-08-04 18:40:28] generateOTP.INFO: test [] []
[2020-08-04 18:40:56] generateOTP.INFO: test [] []
[2020-08-04 18:42:07] generateOTP.INFO: test [] []
[2020-08-04 18:42:22] generateOTP.INFO: test [] []
[2020-08-04 18:42:35] generateOTP.INFO: test [] []
[2020-08-04 18:44:51] generateOTP.INFO: test [] []
[2020-08-04 18:45:09] generateOTP.INFO: test [] []
[2020-08-04 18:45:41] generateOTP.INFO: test [] []
[2020-08-04 18:48:07] generateOTP.INFO: test [] []
[2020-08-04 18:48:37] generateOTP.INFO: test [] []
[2020-08-04 18:49:25] generateOTP.INFO: test [] []
[2020-08-04 18:57:31] generateOTP.INFO: test [] []
[2020-08-04 18:57:49] generateOTP.INFO: test [] []
[2020-08-04 18:59:31] generateOTP.INFO: test [] []
[2020-08-04 19:00:06] generateOTP.INFO: test [] []
[2020-08-04 19:00:11] generateOTP.INFO: test [] []
[2020-08-04 19:01:27] generateOTP.INFO: test [] []
[2020-08-04 19:01:39] generateOTP.INFO: test [] []
[2020-08-04 19:01:46] generateOTP.INFO: test [] []
[2020-08-04 19:03:03] generateOTP.INFO: test [] []
[2020-08-04 19:03:24] generateOTP.INFO: test [] []
[2020-08-04 19:04:41] generateOTP.INFO: test [] []
[2020-08-04 19:05:31] generateOTP.INFO: test [] []
[2020-08-04 19:05:32] generateOTP.INFO: test [] []
[2020-08-04 19:06:08] generateOTP.INFO: test [] []
[2020-08-04 19:06:40] generateOTP.INFO: test [] []
[2020-08-04 19:11:21] generateOTP.INFO: test [] []
[2020-08-04 19:11:57] generateOTP.INFO: test [] []
[2020-08-04 19:13:43] generateOTP.INFO: test [] []
[2020-08-04 19:15:23] generateOTP.INFO: test [] []
[2020-08-04 19:16:25] generateOTP.INFO: {"salutation":"1","firstname":"test","lastname":"BANKING","dob":"19-12-1988","mob_no":"7010444138","panCard":"XXXXXX456A","email":"jack@gmail.com","ref1":"1","ref2":"1","comAdd":"Om hrad ntalatiof, holOmshre, talathioficeeachol, OmshreeSada9talathi","city":"Illuppur","state":"TAMIL NADU","pin_code":"622103","ISNRI":"N","update_emp_id":"622350","edit":"0","policy_no":"454,455","subtype_text":"1","sum_insure":"500000","anuual_income":"0","occupation":"1","familyConstruct":"2A","family_members_id":"2","family_gender":"Male","first_name":"gfhgf","last_name":"fhfh","family_date_birth":"03-02-2020","age":"183","age_type":"days","tenure":"1 Year","family_id":"","s_date":"","marriage_date":"","premium":"11500","policyNo":"454,455","familyDataType":"combo_diff_construct","empId":"622350","product":"RMxC5efb5c5a320e7","declare":"[]","gender":"Male","gci_options":"Yes"} [] []
[2020-08-04 19:16:35] generateOTP.INFO: {"salutation":"1","firstname":"test","lastname":"BANKING","dob":"19-12-1988","mob_no":"7010444138","panCard":"XXXXXX456A","email":"jack@gmail.com","ref1":"1","ref2":"1","comAdd":"Om hrad ntalatiof, holOmshre, talathioficeeachol, OmshreeSada9talathi","city":"Illuppur","state":"TAMIL NADU","pin_code":"622103","ISNRI":"N","update_emp_id":"622350","edit":"0","policy_no":"454,455","subtype_text":"1","sum_insure":"500000","anuual_income":"0","occupation":"1","familyConstruct":"2A","family_members_id":"2","family_gender":"Male","first_name":"gfhgf","last_name":"fhfh","family_date_birth":"26-02-2003","age":"17","age_type":" years","tenure":"1 Year","family_id":"","s_date":"","marriage_date":"","premium":"11500","policyNo":"454,455","familyDataType":"combo_diff_construct","empId":"622350","product":"RMxC5efb5c5a320e7","declare":"[]","gender":"Male","gci_options":"Yes"} [] []
[2020-08-04 19:17:09] generateOTP.INFO: {"salutation":"1","firstname":"test","lastname":"BANKING","dob":"19-12-1988","mob_no":"7010444138","panCard":"XXXXXX456A","email":"jack@gmail.com","ref1":"1","ref2":"1","comAdd":"Om hrad ntalatiof, holOmshre, talathioficeeachol, OmshreeSada9talathi","city":"Illuppur","state":"TAMIL NADU","pin_code":"622103","ISNRI":"N","update_emp_id":"622350","edit":"0","policy_no":"454,455","subtype_text":"1","sum_insure":"500000","anuual_income":"0","occupation":"1","familyConstruct":"2A","family_members_id":"1","family_gender":"Female","first_name":"hgfhgfh","last_name":"hfjfj","family_date_birth":"07-08-1991","age":"28","age_type":" years","tenure":"1 Year","family_id":"","s_date":"","marriage_date":"","premium":"11500","policyNo":"454,455","familyDataType":"combo_diff_construct","empId":"622350","product":"RMxC5efb5c5a320e7","declare":"[]","gender":"Male","gci_options":"Yes"} [] []
[2020-08-04 19:20:30] generateOTP.INFO: test [] []
[2020-08-04 19:21:28] documentsSave.INFO: {"ops_type":"[\"0\",\"Y\"]","ids":"undefined"} [] []
[2020-08-04 19:21:28] documentsSaveFiles.INFO: [{"name":"download.png","type":"image\/png","tmp_name":"\/tmp\/phpmdCseM","error":0,"size":57862},{"name":"download.png","type":"image\/png","tmp_name":"\/tmp\/phpOuRtKQ","error":0,"size":57862}] [] []
[2020-08-04 19:21:42] documentsSave.INFO: {"ops_type":"[\"0\",\"Y\"]","ids":""} [] []
[2020-08-04 19:21:42] documentsSaveFiles.INFO: [{"name":"download.png","type":"image\/png","tmp_name":"\/tmp\/phpUUe8sz","error":0,"size":57862},{"name":"download.png","type":"image\/png","tmp_name":"\/tmp\/phppWZWCq","error":0,"size":57862}] [] []
[2020-08-04 19:22:52] generateOTP.INFO: test [] []
[2020-08-04 19:23:29] documentsSave.INFO: {"ops_type":"[\"0\",\"Y\"]","ids":"undefined"} [] []
[2020-08-04 19:23:29] documentsSaveFiles.INFO: [{"name":"download.png","type":"image\/png","tmp_name":"\/tmp\/phpP0KBVn","error":0,"size":57862},{"name":"download.png","type":"image\/png","tmp_name":"\/tmp\/phpP7J3v3","error":0,"size":57862}] [] []
[2020-08-04 19:23:58] documentsSave.INFO: {"ops_type":"[\"0\",\"Y\"]","ids":""} [] []
[2020-08-04 19:23:58] documentsSaveFiles.INFO: [{"name":"download.png","type":"image\/png","tmp_name":"\/tmp\/phpLcWphG","error":0,"size":57862},{"name":"download.png","type":"image\/png","tmp_name":"\/tmp\/phpTwtu7M","error":0,"size":57862}] [] []
[2020-08-04 19:50:19] generateOTP.INFO: test [] []
[2020-08-04 19:50:21] generateOTP.INFO: test [] []
[2020-08-04 19:50:27] generateOTP.INFO: test [] []
[2020-08-04 19:50:31] generateOTP.INFO: test [] []
[2020-08-04 19:50:36] generateOTP.INFO: test [] []
[2020-08-04 19:52:06] generateOTP.INFO: test [] []
[2020-08-04 19:52:48] generateOTP.INFO: test [] []
[2020-08-04 19:53:27] generateOTP.INFO: test [] []
