[2020-02-04 11:10:02] generateOTP.INFO: test [] []
[2020-02-04 11:10:03] generateOTP.INFO: test [] []
[2020-02-04 11:10:03] generateOTP.INFO: test [] []
[2020-02-04 11:10:03] generateOTP.INFO: test [] []
[2020-02-04 11:10:08] generateOTP.INFO: test [] []
[2020-02-04 11:10:08] generateOTP.INFO: test [] []
[2020-02-04 11:22:18] generateOTP.INFO: test [] []
[2020-02-04 11:29:58] generateOTP.INFO: test [] []
[2020-02-04 11:29:59] generateOTP.INFO: test [] []
[2020-02-04 11:30:03] generateOTP.INFO: test [] []
[2020-02-04 11:30:03] generateOTP.INFO: test [] []
[2020-02-04 11:35:36] generateOTP.INFO: test [] []
[2020-02-04 11:35:45] generateOTP.INFO: test [] []
[2020-02-04 11:37:59] generateOTP.INFO: test [] []
[2020-02-04 11:38:04] generateOTP.INFO: test [] []
[2020-02-04 11:41:57] generateOTP.INFO: test [] []
[2020-02-04 11:42:25] generateOTP.INFO: test [] []
[2020-02-04 11:42:25] generateOTP.INFO: test [] []
[2020-02-04 12:18:18] generateOTP.INFO: test [] []
[2020-02-04 12:25:25] generateOTP.INFO: test [] []
[2020-02-04 12:25:38] generateOTP.INFO: test [] []
[2020-02-04 12:31:57] generateOTP.INFO: test [] []
[2020-02-04 12:33:18] generateOTP.INFO: test [] []
[2020-02-04 12:33:18] generateOTP.INFO: test [] []
[2020-02-04 12:33:35] generateOTP.INFO: test [] []
[2020-02-04 12:34:14] generateOTP.INFO: test [] []
[2020-02-04 12:35:12] generateOTP.INFO: test [] []
[2020-02-04 12:36:09] generateOTP.INFO: {"edit":"0","policy_no":"378","subtype_text":"1","sum_insure":"800000","familyConstruct":"1A","tenure":"1 Year","family_members_id":"0","family_gender":"Male","first_name":"AAAAA","middle_name":"ffffff","last_name":"vvvvv","family_date_birth":"01-02-2002","age":"18","age_type":"years","family_id":"","s_date":"","marriage_date":"","premium_parent":"","contri_parent":"","premium":"5799","policyNo":"378","familyDataType":"undefined","empId":"620015","product":"QBTv5db9151ad1c21","declare":"[]"} [] []
[2020-02-04 12:45:31] generateOTP.INFO: test [] []
[2020-02-04 12:45:31] generateOTP.INFO: test [] []
[2020-02-04 12:47:15] generateOTP.INFO: test [] []
[2020-02-04 12:47:15] generateOTP.INFO: test [] []
[2020-02-04 14:27:06] generateOTP.INFO: test [] []
[2020-02-04 14:27:08] generateOTP.INFO: test [] []
[2020-02-04 14:27:18] generateOTP.INFO: test [] []
[2020-02-04 14:27:18] generateOTP.INFO: test [] []
[2020-02-04 14:28:00] generateOTP.INFO: test [] []
[2020-02-04 14:50:46] generateOTP.INFO: test [] []
[2020-02-04 14:51:07] generateOTP.INFO: test [] []
[2020-02-04 14:51:08] generateOTP.INFO: test [] []
[2020-02-04 14:51:19] generateOTP.INFO: test [] []
[2020-02-04 14:51:19] generateOTP.INFO: test [] []
[2020-02-04 14:51:26] generateOTP.INFO: test [] []
[2020-02-04 14:51:26] generateOTP.INFO: test [] []
[2020-02-04 14:51:33] generateOTP.INFO: test [] []
[2020-02-04 14:51:34] generateOTP.INFO: test [] []
[2020-02-04 14:51:39] generateOTP.INFO: test [] []
[2020-02-04 14:51:39] generateOTP.INFO: test [] []
[2020-02-04 14:51:49] generateOTP.INFO: test [] []
[2020-02-04 14:55:26] generateOTP.INFO: test [] []
[2020-02-04 14:55:35] generateOTP.INFO: test [] []
[2020-02-04 14:56:01] generateOTP.INFO: test [] []
[2020-02-04 15:19:24] generateOTP.INFO: test [] []
[2020-02-04 15:19:25] generateOTP.INFO: test [] []
[2020-02-04 15:19:31] generateOTP.INFO: test [] []
[2020-02-04 15:19:31] generateOTP.INFO: test [] []
[2020-02-04 15:21:06] generateOTP.INFO: test [] []
[2020-02-04 15:21:06] generateOTP.INFO: test [] []
[2020-02-04 15:21:14] generateOTP.INFO: test [] []
[2020-02-04 15:21:14] generateOTP.INFO: test [] []
[2020-02-04 15:21:17] generateOTP.INFO: test [] []
[2020-02-04 15:26:54] generateOTP.INFO: test [] []
[2020-02-04 15:41:27] generateOTP.INFO: test [] []
[2020-02-04 15:41:30] generateOTP.INFO: test [] []
[2020-02-04 15:41:30] generateOTP.INFO: test [] []
[2020-02-04 15:41:31] generateOTP.INFO: test [] []
[2020-02-04 15:41:35] generateOTP.INFO: test [] []
[2020-02-04 15:41:35] generateOTP.INFO: test [] []
[2020-02-04 15:41:45] generateOTP.INFO: test [] []
[2020-02-04 15:43:08] generateOTP.INFO: test [] []
[2020-02-04 15:43:10] generateOTP.INFO: test [] []
[2020-02-04 15:43:31] generateOTP.INFO: test [] []
[2020-02-04 15:43:32] generateOTP.INFO: test [] []
[2020-02-04 15:43:36] generateOTP.INFO: test [] []
[2020-02-04 15:43:36] generateOTP.INFO: test [] []
[2020-02-04 15:43:41] generateOTP.INFO: test [] []
[2020-02-04 15:45:57] generateOTP.INFO: test [] []
[2020-02-04 15:47:41] generateOTP.INFO: test [] []
[2020-02-04 15:49:04] generateOTP.INFO: test [] []
[2020-02-04 15:49:40] generateOTP.INFO: test [] []
[2020-02-04 15:51:21] generateOTP.INFO: test [] []
[2020-02-04 15:52:27] generateOTP.INFO: test [] []
[2020-02-04 15:53:16] generateOTP.INFO: test [] []
[2020-02-04 15:57:30] generateOTP.INFO: test [] []
[2020-02-04 16:01:41] generateOTP.INFO: test [] []
[2020-02-04 16:02:19] generateOTP.INFO: test [] []
[2020-02-04 16:03:16] generateOTP.INFO: test [] []
[2020-02-04 16:03:42] generateOTP.INFO: test [] []
[2020-02-04 16:14:22] generateOTP.INFO: test [] []
[2020-02-04 16:16:11] generateOTP.INFO: test [] []
[2020-02-04 16:16:41] generateOTP.INFO: test [] []
[2020-02-04 16:24:17] generateOTP.INFO: test [] []
[2020-02-04 16:24:25] generateOTP.INFO: test [] []
[2020-02-04 16:28:28] generateOTP.INFO: test [] []
[2020-02-04 16:31:25] generateOTP.INFO: test [] []
[2020-02-04 16:31:26] generateOTP.INFO: test [] []
[2020-02-04 16:31:59] generateOTP.INFO: test [] []
[2020-02-04 16:34:22] generateOTP.INFO: test [] []
[2020-02-04 16:34:24] generateOTP.INFO: test [] []
[2020-02-04 16:35:12] generateOTP.INFO: test [] []
[2020-02-04 16:35:12] generateOTP.INFO: test [] []
[2020-02-04 16:35:29] generateOTP.INFO: test [] []
[2020-02-04 16:36:12] generateOTP.INFO: test [] []
[2020-02-04 16:37:50] generateOTP.INFO: test [] []
[2020-02-04 16:53:27] generateOTP.INFO: test [] []
[2020-02-04 16:53:27] generateOTP.INFO: test [] []
[2020-02-04 16:53:52] generateOTP.INFO: test [] []
[2020-02-04 16:54:04] generateOTP.INFO: {"edit":"0","policy_no":"378","subtype_text":"1","sum_insure":"800000","familyConstruct":"1A","tenure":"1 Year","family_members_id":"0","family_gender":"Male","first_name":"hgj","middle_name":"kj","last_name":"hk","family_date_birth":"01-02-2002","age":"18","age_type":"years","family_id":"","s_date":"","marriage_date":"","premium_parent":"","contri_parent":"","premium":"5799","policyNo":"378","familyDataType":"undefined","empId":"620016","product":"QBTv5db9151ad1c21","declare":"[]"} [] []
[2020-02-04 16:55:00] documentsSave.INFO: {"ops_type":"[\"Enrollment form\",\"Cheque Copy\",\"Pensioner_Photo_Card\"]","ext0":"undefined","ext1":"undefined","ext2":"undefined","ids":"141","update_datas":"undefined","emp_id":"620016"} [] []
[2020-02-04 16:55:00] documentsSaveFiles.INFO: [{"name":"test.xlsx","type":"application\/vnd.openxmlformats-officedocument.spreadsheetml.sheet","tmp_name":"\/tmp\/phpNDivpu","error":0,"size":13010},{"name":"REST-Project-2-soapui-project.xml","type":"text\/xml","tmp_name":"\/tmp\/phpBVm9eg","error":0,"size":1175649},{"name":"GHI - HDFC PL Cross Sell API Query 1-1-20.docx","type":"application\/vnd.openxmlformats-officedocument.wordprocessingml.document","tmp_name":"\/tmp\/phplt1jn5","error":0,"size":28602}] [] []
[2020-02-04 16:56:05] generateOTP.INFO: test [] []
[2020-02-04 16:56:05] generateOTP.INFO: test [] []
[2020-02-04 16:56:31] generateOTP.INFO: test [] []
[2020-02-04 16:56:46] generateOTP.INFO: {"edit":"0","policy_no":"378","subtype_text":"1","sum_insure":"800000","familyConstruct":"1A","tenure":"1 Year","family_members_id":"0","family_gender":"Male","first_name":"h","middle_name":"fj","last_name":"fgj","family_date_birth":"01-02-2002","age":"18","age_type":"years","family_id":"","s_date":"","marriage_date":"","premium_parent":"","contri_parent":"","premium":"5799","policyNo":"378","familyDataType":"undefined","empId":"620017","product":"QBTv5db9151ad1c21","declare":"[]"} [] []
[2020-02-04 16:57:37] documentsSave.INFO: {"ops_type":"[\"Enrollment form\",\"Cheque Copy\",\"Birth_Certificate\"]","ext0":"undefined","ext1":"undefined","ext2":"undefined","ids":"142","update_datas":"undefined","emp_id":"620017"} [] []
[2020-02-04 16:57:37] documentsSaveFiles.INFO: [{"name":"REST-Project-1-soapui-project.xml","type":"text\/xml","tmp_name":"\/tmp\/phpHRcrNr","error":0,"size":5947},{"name":"GHI - HDFC PL Cross Sell API Query 1-1-20.docx","type":"application\/vnd.openxmlformats-officedocument.wordprocessingml.document","tmp_name":"\/tmp\/phprXipeO","error":0,"size":28602},{"name":"test.xlsx","type":"application\/vnd.openxmlformats-officedocument.spreadsheetml.sheet","tmp_name":"\/tmp\/phpOAMtGa","error":0,"size":13010}] [] []
[2020-02-04 16:57:45] generateOTP.INFO: test [] []
[2020-02-04 16:59:03] generateOTP.INFO: test [] []
[2020-02-04 16:59:19] documentsSave.INFO: {"ops_type":"[\"Enrollment form\",\"Cheque Copy\",\"Birth_Certificate\"]","ext0":"undefined","ext1":"undefined","ext2":"undefined","ids":"142","update_datas":"undefined","emp_id":"620017"} [] []
[2020-02-04 16:59:19] documentsSaveFiles.INFO: [{"name":"REST-Project-1-soapui-project.xml","type":"text\/xml","tmp_name":"\/tmp\/phpXGcHAF","error":0,"size":5947},{"name":"GHI - HDFC PL Cross Sell API Query 1-1-20.docx","type":"application\/vnd.openxmlformats-officedocument.wordprocessingml.document","tmp_name":"\/tmp\/phpx1tLBC","error":0,"size":28602},{"name":"test.xlsx","type":"application\/vnd.openxmlformats-officedocument.spreadsheetml.sheet","tmp_name":"\/tmp\/phpIsC1Ez","error":0,"size":13010}] [] []
[2020-02-04 16:59:48] generateOTP.INFO: test [] []
[2020-02-04 16:59:52] documentsSave.INFO: {"ops_type":"[\"Enrollment form\",\"Cheque Copy\",\"Birth_Certificate\"]","ext0":"undefined","ext1":"undefined","ext2":"undefined","ids":"142","update_datas":"undefined","emp_id":"620017"} [] []
[2020-02-04 16:59:52] documentsSaveFiles.INFO: [{"name":"REST-Project-1-soapui-project.xml","type":"text\/xml","tmp_name":"\/tmp\/phpzmxLls","error":0,"size":5947},{"name":"GHI - HDFC PL Cross Sell API Query 1-1-20.docx","type":"application\/vnd.openxmlformats-officedocument.wordprocessingml.document","tmp_name":"\/tmp\/phpwCHUdc","error":0,"size":28602},{"name":"test.xlsx","type":"application\/vnd.openxmlformats-officedocument.spreadsheetml.sheet","tmp_name":"\/tmp\/phpgg245V","error":0,"size":13010}] [] []
[2020-02-04 16:59:58] documentsSave.INFO: {"ops_type":"[\"Enrollment form\",\"Cheque Copy\",\"Birth_Certificate\"]","ext0":"undefined","ext1":"undefined","ext2":"undefined","ids":"143","update_datas":"undefined","emp_id":"620017"} [] []
[2020-02-04 16:59:58] documentsSaveFiles.INFO: [{"name":"REST-Project-1-soapui-project.xml","type":"text\/xml","tmp_name":"\/tmp\/phpBQchvL","error":0,"size":5947},{"name":"GHI - HDFC PL Cross Sell API Query 1-1-20.docx","type":"application\/vnd.openxmlformats-officedocument.wordprocessingml.document","tmp_name":"\/tmp\/phpsD3wqO","error":0,"size":28602},{"name":"test.xlsx","type":"application\/vnd.openxmlformats-officedocument.spreadsheetml.sheet","tmp_name":"\/tmp\/phpArq5mR","error":0,"size":13010}] [] []
[2020-02-04 17:00:07] documentsSave.INFO: {"ops_type":"[\"Enrollment form\",\"Cheque Copy\",\"Birth_Certificate\"]","ext0":"undefined","ext1":"undefined","ext2":"undefined","ids":"144","update_datas":"undefined","emp_id":"620017"} [] []
[2020-02-04 17:00:07] documentsSaveFiles.INFO: [{"name":"REST-Project-1-soapui-project.xml","type":"text\/xml","tmp_name":"\/tmp\/php443gKK","error":0,"size":5947},{"name":"GHI - HDFC PL Cross Sell API Query 1-1-20.docx","type":"application\/vnd.openxmlformats-officedocument.wordprocessingml.document","tmp_name":"\/tmp\/phpbUb6Ok","error":0,"size":28602},{"name":"test.xlsx","type":"application\/vnd.openxmlformats-officedocument.spreadsheetml.sheet","tmp_name":"\/tmp\/phpyMT9UU","error":0,"size":13010}] [] []
[2020-02-04 17:00:34] documentsSave.INFO: {"ops_type":"[\"Enrollment form\",\"Cheque Copy\",\"Birth_Certificate\"]","ext0":"undefined","ext1":"undefined","ext2":"undefined","ids":"145","update_datas":"undefined","emp_id":"620017"} [] []
[2020-02-04 17:00:34] documentsSaveFiles.INFO: [{"name":"Chrysanthemum.jpg","type":"image\/jpeg","tmp_name":"\/tmp\/phpJZURSE","error":0,"size":233834},{"name":"Hydrangeas.jpg","type":"image\/jpeg","tmp_name":"\/tmp\/phpeB6ZnB","error":0,"size":595284},{"name":"Koala.jpg","type":"image\/jpeg","tmp_name":"\/tmp\/phpHvjxJz","error":0,"size":780831}] [] []
[2020-02-04 17:00:38] generateOTP.INFO: test [] []
[2020-02-04 17:30:44] generateOTP.INFO: test [] []
[2020-02-04 17:30:48] generateOTP.INFO: test [] []
[2020-02-04 17:30:48] generateOTP.INFO: test [] []
[2020-02-04 17:31:36] generateOTP.INFO: {"edit":"0","policy_no":"378","subtype_text":"1","sum_insure":"800000","familyConstruct":"1A","tenure":"1 Year","family_members_id":"0","family_gender":"Male","first_name":"dfh","middle_name":"hdh","last_name":"hdf","family_date_birth":"01-02-2002","age":"18","age_type":"years","family_id":"","s_date":"","marriage_date":"","premium_parent":"","contri_parent":"","premium":"5799","policyNo":"378","familyDataType":"undefined","empId":"620018","product":"QBTv5db9151ad1c21","declare":"[]"} [] []
[2020-02-04 17:32:02] generateOTP.INFO: test [] []
[2020-02-04 17:32:29] generateOTP.INFO: test [] []
[2020-02-04 17:32:36] documentsSave.INFO: {"ops_type":"[\"Enrollment form\",\"Cheque Copy\",\"Birth_Certificate\"]","ext0":"undefined","ext1":"undefined","ext2":"undefined","ids":"146","update_datas":"undefined","emp_id":"620018"} [] []
[2020-02-04 17:32:36] documentsSaveFiles.INFO: [{"name":"REST-Project-1-soapui-project.xml","type":"text\/xml","tmp_name":"\/tmp\/phpGICFaO","error":0,"size":5947},{"name":"GHI - HDFC PL Cross Sell API Query 1-1-20.docx","type":"application\/vnd.openxmlformats-officedocument.wordprocessingml.document","tmp_name":"\/tmp\/phpngy1YK","error":0,"size":28602},{"name":"test.xlsx","type":"application\/vnd.openxmlformats-officedocument.spreadsheetml.sheet","tmp_name":"\/tmp\/phpT29COH","error":0,"size":13010}] [] []
[2020-02-04 17:32:59] generateOTP.INFO: test [] []
[2020-02-04 17:33:03] generateOTP.INFO: test [] []
[2020-02-04 17:33:03] generateOTP.INFO: test [] []
[2020-02-04 17:33:36] generateOTP.INFO: test [] []
[2020-02-04 17:33:45] generateOTP.INFO: {"edit":"0","policy_no":"378","subtype_text":"1","sum_insure":"800000","familyConstruct":"1A","tenure":"1 Year","family_members_id":"0","family_gender":"Female","first_name":"fg","middle_name":"j","last_name":"jh","family_date_birth":"04-02-2002","age":"18","age_type":"years","family_id":"","s_date":"","marriage_date":"","premium_parent":"","contri_parent":"","premium":"5799","policyNo":"378","familyDataType":"undefined","empId":"620019","product":"QBTv5db9151ad1c21","declare":"[]"} [] []
[2020-02-04 17:34:25] documentsSave.INFO: {"ops_type":"[\"Enrollment form\",\"Cheque Copy\",\"Birth_Certificate\"]","ext0":"undefined","ext1":"undefined","ext2":"undefined","ids":"147","update_datas":"undefined","emp_id":"620019"} [] []
[2020-02-04 17:34:25] documentsSaveFiles.INFO: [{"name":"test.xlsx","type":"application\/vnd.openxmlformats-officedocument.spreadsheetml.sheet","tmp_name":"\/tmp\/phpAhTuew","error":0,"size":13010},{"name":"GHI - HDFC PL Cross Sell API Query 1-1-20.docx","type":"application\/vnd.openxmlformats-officedocument.wordprocessingml.document","tmp_name":"\/tmp\/phpIMf9Sj","error":0,"size":28602},{"name":"REST-Project-2-soapui-project.xml","type":"text\/xml","tmp_name":"\/tmp\/phplx5My7","error":0,"size":1175649}] [] []
[2020-02-04 17:35:26] generateOTP.INFO: test [] []
[2020-02-04 17:35:43] generateOTP.INFO: test [] []
[2020-02-04 17:36:04] generateOTP.INFO: test [] []
[2020-02-04 17:36:16] generateOTP.INFO: test [] []
[2020-02-04 17:36:16] generateOTP.INFO: test [] []
[2020-02-04 17:36:34] generateOTP.INFO: test [] []
[2020-02-04 17:36:45] generateOTP.INFO: test [] []
[2020-02-04 17:36:45] generateOTP.INFO: test [] []
[2020-02-04 17:36:51] generateOTP.INFO: test [] []
[2020-02-04 17:37:34] generateOTP.INFO: test [] []
[2020-02-04 17:37:34] generateOTP.INFO: test [] []
[2020-02-04 17:37:59] generateOTP.INFO: test [] []
[2020-02-04 17:38:19] generateOTP.INFO: {"edit":"0","policy_no":"378","subtype_text":"1","sum_insure":"800000","familyConstruct":"1A","tenure":"1 Year","family_members_id":"0","family_gender":"Male","first_name":"hgj","middle_name":"gfj","last_name":"fgj","family_date_birth":"01-02-2002","age":"18","age_type":"years","family_id":"","s_date":"","marriage_date":"","premium_parent":"","contri_parent":"","premium":"5799","policyNo":"378","familyDataType":"undefined","empId":"620020","product":"QBTv5db9151ad1c21","declare":"[]"} [] []
[2020-02-04 17:39:06] documentsSave.INFO: {"ops_type":"[\"Enrollment form\",\"Cheque Copy\",\"Birth_Certificate\"]","ext0":"undefined","ext1":"undefined","ext2":"undefined","ids":"148","update_datas":"undefined","emp_id":"620020"} [] []
[2020-02-04 17:39:06] documentsSaveFiles.INFO: [{"name":"test.xlsx","type":"application\/vnd.openxmlformats-officedocument.spreadsheetml.sheet","tmp_name":"\/tmp\/phpFggdTR","error":0,"size":13010},{"name":"GHI - HDFC PL Cross Sell API Query 1-1-20.docx","type":"application\/vnd.openxmlformats-officedocument.wordprocessingml.document","tmp_name":"\/tmp\/php3BHqc1","error":0,"size":28602},{"name":"REST-Project-2-soapui-project.xml","type":"text\/xml","tmp_name":"\/tmp\/phpaUI1wa","error":0,"size":1175649}] [] []
[2020-02-04 17:40:43] generateOTP.INFO: test [] []
[2020-02-04 17:40:43] generateOTP.INFO: test [] []
[2020-02-04 17:41:23] generateOTP.INFO: {"edit":"0","policy_no":"378","subtype_text":"1","sum_insure":"800000","familyConstruct":"1A","tenure":"1 Year","family_members_id":"0","family_gender":"Male","first_name":"gvb","middle_name":"h","last_name":"hg","family_date_birth":"02-02-2002","age":"18","age_type":"years","family_id":"","s_date":"","marriage_date":"","premium_parent":"","contri_parent":"","premium":"5799","policyNo":"378","familyDataType":"undefined","empId":"620021","product":"QBTv5db9151ad1c21","declare":"[]"} [] []
[2020-02-04 17:41:51] generateOTP.INFO: test [] []
[2020-02-04 17:42:22] generateOTP.INFO: test [] []
[2020-02-04 17:43:08] generateOTP.INFO: test [] []
[2020-02-04 17:43:08] generateOTP.INFO: test [] []
[2020-02-04 17:43:14] generateOTP.INFO: test [] []
[2020-02-04 17:43:14] generateOTP.INFO: test [] []
[2020-02-04 17:43:46] generateOTP.INFO: test [] []
[2020-02-04 17:43:54] generateOTP.INFO: {"edit":"0","policy_no":"378","subtype_text":"1","sum_insure":"800000","familyConstruct":"1A","tenure":"1 Year","family_members_id":"0","family_gender":"Female","first_name":"jh","middle_name":"jh","last_name":"jh","family_date_birth":"04-02-2002","age":"18","age_type":"years","family_id":"","s_date":"","marriage_date":"","premium_parent":"","contri_parent":"","premium":"5799","policyNo":"378","familyDataType":"undefined","empId":"620022","product":"QBTv5db9151ad1c21","declare":"[]"} [] []
[2020-02-04 17:44:02] generateOTP.INFO: test [] []
[2020-02-04 17:44:25] generateOTP.INFO: test [] []
[2020-02-04 17:51:04] documentsSave.INFO: {"ops_type":"[\"Enrollment form\",\"Cheque Copy\",\"Document_issued_by_Central_Govt._with_age_mention_on_it\"]","ext0":"undefined","ext1":"undefined","ext2":"undefined","ids":"149","update_datas":"undefined","emp_id":"620022"} [] []
[2020-02-04 17:51:04] documentsSaveFiles.INFO: [{"name":"Chrysanthemum.jpg","type":"image\/jpeg","tmp_name":"\/tmp\/phpBxPBi4","error":0,"size":233834},{"name":"Koala.jpg","type":"image\/jpeg","tmp_name":"\/tmp\/phpjsjH7p","error":0,"size":780831},{"name":"Lighthouse.jpg","type":"image\/jpeg","tmp_name":"\/tmp\/phpIGQCwO","error":0,"size":561276}] [] []
[2020-02-04 17:58:50] generateOTP.INFO: test [] []
[2020-02-04 17:59:57] generateOTP.INFO: test [] []
[2020-02-04 18:04:32] generateOTP.INFO: test [] []
[2020-02-04 18:05:19] generateOTP.INFO: test [] []
[2020-02-04 18:06:24] generateOTP.INFO: test [] []
[2020-02-04 18:07:03] generateOTP.INFO: test [] []
[2020-02-04 18:09:06] generateOTP.INFO: test [] []
[2020-02-04 18:11:18] generateOTP.INFO: test [] []
[2020-02-04 18:11:19] generateOTP.INFO: test [] []
[2020-02-04 18:11:23] generateOTP.INFO: test [] []
[2020-02-04 18:11:23] generateOTP.INFO: test [] []
[2020-02-04 18:11:41] generateOTP.INFO: test [] []
[2020-02-04 18:11:42] generateOTP.INFO: test [] []
[2020-02-04 18:11:45] generateOTP.INFO: test [] []
[2020-02-04 18:13:34] generateOTP.INFO: test [] []
[2020-02-04 18:16:28] generateOTP.INFO: test [] []
[2020-02-04 18:16:47] generateOTP.INFO: test [] []
[2020-02-04 18:18:34] generateOTP.INFO: test [] []
[2020-02-04 18:21:02] generateOTP.INFO: test [] []
[2020-02-04 18:21:04] generateOTP.INFO: test [] []
[2020-02-04 18:21:18] generateOTP.INFO: test [] []
[2020-02-04 18:21:40] generateOTP.INFO: test [] []
[2020-02-04 18:21:59] generateOTP.INFO: test [] []
[2020-02-04 18:22:21] generateOTP.INFO: test [] []
[2020-02-04 18:22:54] generateOTP.INFO: test [] []
[2020-02-04 18:24:09] generateOTP.INFO: test [] []
[2020-02-04 18:25:26] generateOTP.INFO: test [] []
[2020-02-04 18:25:54] generateOTP.INFO: test [] []
[2020-02-04 18:26:18] generateOTP.INFO: test [] []
[2020-02-04 18:26:28] generateOTP.INFO: test [] []
[2020-02-04 18:26:41] generateOTP.INFO: test [] []
[2020-02-04 18:26:58] generateOTP.INFO: test [] []
[2020-02-04 18:28:03] generateOTP.INFO: test [] []
[2020-02-04 18:28:45] generateOTP.INFO: test [] []
[2020-02-04 18:31:59] generateOTP.INFO: test [] []
[2020-02-04 18:32:03] generateOTP.INFO: test [] []
[2020-02-04 18:32:20] generateOTP.INFO: test [] []
[2020-02-04 18:32:41] generateOTP.INFO: test [] []
[2020-02-04 18:34:24] generateOTP.INFO: test [] []
[2020-02-04 18:34:37] generateOTP.INFO: test [] []
[2020-02-04 18:35:00] generateOTP.INFO: test [] []
[2020-02-04 18:35:59] generateOTP.INFO: test [] []
[2020-02-04 18:36:21] generateOTP.INFO: test [] []
[2020-02-04 18:37:39] generateOTP.INFO: test [] []
[2020-02-04 18:38:53] generateOTP.INFO: test [] []
[2020-02-04 18:39:12] generateOTP.INFO: test [] []
[2020-02-04 18:41:18] generateOTP.INFO: test [] []
[2020-02-04 18:41:18] generateOTP.INFO: test [] []
[2020-02-04 18:41:18] generateOTP.INFO: test [] []
[2020-02-04 18:41:25] generateOTP.INFO: test [] []
[2020-02-04 18:41:25] generateOTP.INFO: test [] []
[2020-02-04 18:41:29] generateOTP.INFO: test [] []
[2020-02-04 18:41:33] generateOTP.INFO: test [] []
[2020-02-04 18:41:36] generateOTP.INFO: test [] []
[2020-02-04 18:41:40] generateOTP.INFO: test [] []
[2020-02-04 18:49:02] generateOTP.INFO: test [] []
[2020-02-04 18:49:05] generateOTP.INFO: test [] []
[2020-02-04 18:49:28] generateOTP.INFO: test [] []
[2020-02-04 18:50:31] generateOTP.INFO: test [] []
[2020-02-04 18:51:43] generateOTP.INFO: test [] []
[2020-02-04 18:52:41] generateOTP.INFO: test [] []
[2020-02-04 18:52:59] generateOTP.INFO: test [] []
[2020-02-04 18:54:15] generateOTP.INFO: test [] []
[2020-02-04 18:55:10] generateOTP.INFO: test [] []
[2020-02-04 18:57:02] generateOTP.INFO: test [] []
[2020-02-04 18:58:03] generateOTP.INFO: test [] []
[2020-02-04 18:59:21] generateOTP.INFO: test [] []
[2020-02-04 18:59:37] generateOTP.INFO: test [] []
[2020-02-04 18:59:46] generateOTP.INFO: test [] []
[2020-02-04 19:00:08] generateOTP.INFO: test [] []
[2020-02-04 19:00:23] generateOTP.INFO: test [] []
[2020-02-04 19:00:25] generateOTP.INFO: test [] []
[2020-02-04 19:00:25] generateOTP.INFO: test [] []
[2020-02-04 19:00:29] generateOTP.INFO: test [] []
[2020-02-04 19:00:29] generateOTP.INFO: test [] []
[2020-02-04 19:00:35] generateOTP.INFO: test [] []
[2020-02-04 19:00:49] generateOTP.INFO: test [] []
[2020-02-04 19:01:03] generateOTP.INFO: test [] []
[2020-02-04 19:01:41] generateOTP.INFO: test [] []
[2020-02-04 19:01:42] generateOTP.INFO: test [] []
[2020-02-04 19:01:46] generateOTP.INFO: test [] []
[2020-02-04 19:02:36] generateOTP.INFO: test [] []
[2020-02-04 19:03:40] generateOTP.INFO: test [] []
[2020-02-04 19:05:03] generateOTP.INFO: test [] []
[2020-02-04 19:05:21] generateOTP.INFO: test [] []
[2020-02-04 19:05:54] generateOTP.INFO: test [] []
[2020-02-04 19:06:35] generateOTP.INFO: test [] []
