[2020-12-04 10:19:04] generateOTP.INFO: test [] []
[2020-12-04 10:19:05] generateOTP.INFO: test [] []
[2020-12-04 10:19:08] generateOTP.INFO: test [] []
[2020-12-04 10:19:18] generateOTP.INFO: test [] []
[2020-12-04 10:20:07] generateOTP.INFO: test [] []
[2020-12-04 10:22:49] generateOTP.INFO: test [] []
[2020-12-04 10:23:11] generateOTP.INFO: test [] []
[2020-12-04 10:23:42] generateOTP.INFO: test [] []
[2020-12-04 10:23:44] generateOTP.INFO: test [] []
[2020-12-04 10:23:55] generateOTP.INFO: test [] []
[2020-12-04 10:24:05] generateOTP.INFO: test [] []
[2020-12-04 10:24:17] generateOTP.INFO: test [] []
[2020-12-04 10:25:03] generateOTP.INFO: test [] []
[2020-12-04 10:25:17] generateOTP.INFO: test [] []
[2020-12-04 10:26:15] generateOTP.INFO: test [] []
[2020-12-04 10:26:30] generateOTP.INFO: test [] []
[2020-12-04 10:29:43] generateOTP.INFO: test [] []
[2020-12-04 10:36:20] generateOTP.INFO: test [] []
[2020-12-04 10:40:19] generateOTP.INFO: test [] []
[2020-12-04 10:40:22] generateOTP.INFO: test [] []
[2020-12-04 10:40:29] generateOTP.INFO: test [] []
[2020-12-04 10:40:32] generateOTP.INFO: test [] []
[2020-12-04 10:40:33] generateOTP.INFO: test [] []
[2020-12-04 10:40:41] generateOTP.INFO: test [] []
[2020-12-04 10:40:47] generateOTP.INFO: test [] []
[2020-12-04 10:40:51] generateOTP.INFO: test [] []
[2020-12-04 10:40:59] generateOTP.INFO: test [] []
[2020-12-04 10:41:02] generateOTP.INFO: test [] []
[2020-12-04 10:41:03] generateOTP.INFO: test [] []
[2020-12-04 10:41:04] generateOTP.INFO: test [] []
[2020-12-04 10:41:16] generateOTP.INFO: test [] []
[2020-12-04 10:43:34] generateOTP.INFO: test [] []
[2020-12-04 10:45:02] generateOTP.INFO: test [] []
[2020-12-04 10:47:26] generateOTP.INFO: {"salutation":"1","firstname":"swati","lastname":"BANKING","dob":"19-12-1988","mob_no":"7010444138","panCard":"XXXXXX456A","email":"jack@gmail.com","ref1":"1","ref2":"1","comAdd":"Om hrad ntalatiof, holOmshre, talathioficeeachol, OmshreeSada9talathi","city":"MUMBAI","state":"MAHARASHTRA","pin_code":"622103","ISNRI":"N","update_emp_id":"623842","edit":"0","policy_no":"454,455","subtype_text":"1","sum_insure":"500000","anuual_income":"","occupation":"10","familyConstruct":"1A","family_members_id":"0","family_gender":"Male","first_name":"swati","last_name":"BANKING","family_date_birth":"19-12-1988","age":"31","age_type":" years","tenure":"1 Year","family_id":"","s_date":"","marriage_date":"","premium":"8000","policyNo":"454,455","familyDataType":"undefined","empId":"623842","product":"RMxC5efb5c5a320e7","declare":"[]","gender":"Male","gci_options":"Yes"} [] []
[2020-12-04 10:48:23] documentsSave.INFO: {"ops_type":"[\"0\",\"Y\"]","ids":"460,461,462"} [] []
[2020-12-04 10:48:23] documentsSaveFiles.INFO: [{"name":"download.png","type":"image\/png","tmp_name":"\/tmp\/phpI5ucmq","error":0,"size":57862},{"name":"download.png","type":"image\/png","tmp_name":"\/tmp\/phpr2xLiL","error":0,"size":57862}] [] []
[2020-12-04 10:48:31] generateOTP.INFO: test [] []
[2020-12-04 10:48:35] generateOTP.INFO: test [] []
[2020-12-04 10:48:38] generateOTP.INFO: test [] []
[2020-12-04 10:48:38] generateOTP.INFO: test [] []
[2020-12-04 10:48:38] generateOTP.INFO: test [] []
[2020-12-04 10:49:28] generateOTP.INFO: {"salutation":"1","firstname":"test","lastname":"BANKING","dob":"19-12-1988","mob_no":"7010444138","panCard":"XXXXXX456A","email":"jack@gmail.com","ref1":"1","ref2":"1","comAdd":"Om hrad ntalatiof, holOmshre, talathioficeeachol, OmshreeSada9talathi","city":"MUMBAI","state":"MAHARASHTRA","pin_code":"622103","ISNRI":"N","update_emp_id":"623843","edit":"0","policy_no":"454,455","subtype_text":"1","sum_insure":"500000","anuual_income":"","occupation":"1","familyConstruct":"2A","family_members_id":"0","family_gender":"Male","first_name":"test","last_name":"BANKING","family_date_birth":"19-12-1988","age":"31","age_type":" years","tenure":"1 Year","family_id":"","s_date":"","marriage_date":"","premium":"11500","policyNo":"454,455","familyDataType":"undefined","empId":"623843","product":"RMxC5efb5c5a320e7","declare":"[]","gender":"Male","gci_options":"Yes"} [] []
[2020-12-04 10:51:18] generateOTP.INFO: test [] []
[2020-12-04 10:51:53] generateOTP.INFO: test [] []
[2020-12-04 10:52:12] generateOTP.INFO: test [] []
[2020-12-04 10:54:34] generateOTP.INFO: test [] []
[2020-12-04 10:55:10] generateOTP.INFO: test [] []
[2020-12-04 10:56:04] generateOTP.INFO: test [] []
[2020-12-04 10:57:25] generateOTP.INFO: test [] []
[2020-12-04 10:57:35] generateOTP.INFO: test [] []
[2020-12-04 10:58:46] generateOTP.INFO: test [] []
[2020-12-04 10:59:29] generateOTP.INFO: test [] []
[2020-12-04 11:00:35] generateOTP.INFO: test [] []
[2020-12-04 11:30:31] generateOTP.INFO: test [] []
[2020-12-04 11:30:35] generateOTP.INFO: test [] []
[2020-12-04 11:30:37] generateOTP.INFO: test [] []
[2020-12-04 11:30:37] generateOTP.INFO: test [] []
[2020-12-04 11:30:40] generateOTP.INFO: test [] []
[2020-12-04 11:30:49] generateOTP.INFO: test [] []
[2020-12-04 11:30:50] generateOTP.INFO: test [] []
[2020-12-04 11:30:51] generateOTP.INFO: test [] []
[2020-12-04 11:30:51] generateOTP.INFO: test [] []
[2020-12-04 11:30:51] generateOTP.INFO: test [] []
[2020-12-04 11:30:52] generateOTP.INFO: test [] []
[2020-12-04 11:30:52] generateOTP.INFO: test [] []
[2020-12-04 11:30:52] generateOTP.INFO: test [] []
[2020-12-04 11:38:11] generateOTP.INFO: test [] []
[2020-12-04 11:38:14] generateOTP.INFO: test [] []
[2020-12-04 11:38:34] generateOTP.INFO: test [] []
[2020-12-04 11:39:46] generateOTP.INFO: test [] []
[2020-12-04 11:39:47] generateOTP.INFO: test [] []
[2020-12-04 11:40:04] generateOTP.INFO: test [] []
[2020-12-04 11:40:35] generateOTP.INFO: test [] []
[2020-12-04 11:40:37] generateOTP.INFO: test [] []
[2020-12-04 11:41:40] generateOTP.INFO: test [] []
[2020-12-04 11:41:47] generateOTP.INFO: test [] []
[2020-12-04 11:41:59] generateOTP.INFO: test [] []
[2020-12-04 11:42:03] generateOTP.INFO: test [] []
[2020-12-04 11:42:43] generateOTP.INFO: test [] []
[2020-12-04 11:44:23] generateOTP.INFO: test [] []
[2020-12-04 11:44:24] generateOTP.INFO: test [] []
[2020-12-04 11:44:30] generateOTP.INFO: test [] []
[2020-12-04 11:44:47] generateOTP.INFO: test [] []
[2020-12-04 11:45:08] generateOTP.INFO: test [] []
[2020-12-04 11:47:01] generateOTP.INFO: {"salutation":"1","firstname":"test","lastname":"BANKING","dob":"19-12-1988","mob_no":"7010444138","panCard":"XXXXXX456A","email":"jack@gmail.com","ref1":"1","ref2":"1","comAdd":"Om hrad ntalatiof, holOmshre, talathioficeeachol, OmshreeSada9talathi","city":"MUMBAI","state":"MAHARASHTRA","pin_code":"622103","ISNRI":"N","update_emp_id":"623845","edit":"0","policy_no":"454,455","subtype_text":"1","sum_insure":"500000","anuual_income":"","occupation":"14","familyConstruct":"2A+2K","family_members_id":"0","family_gender":"Male","first_name":"test","last_name":"BANKING","family_date_birth":"19-12-1988","age":"31","age_type":" years","tenure":"1 Year","family_id":"","s_date":"","marriage_date":"","premium":"17000","policyNo":"454,455","familyDataType":"undefined","empId":"623845","product":"RMxC5efb5c5a320e7","declare":"[]","gender":"Male","gci_options":"Yes"} [] []
[2020-12-04 11:47:26] generateOTP.INFO: {"salutation":"1","firstname":"test","lastname":"BANKING","dob":"19-12-1988","mob_no":"7010444138","panCard":"XXXXXX456A","email":"jack@gmail.com","ref1":"1","ref2":"1","comAdd":"Om hrad ntalatiof, holOmshre, talathioficeeachol, OmshreeSada9talathi","city":"MUMBAI","state":"MAHARASHTRA","pin_code":"622103","ISNRI":"N","update_emp_id":"623845","edit":"0","policy_no":"454,455","subtype_text":"1","sum_insure":"500000","anuual_income":"","occupation":"14","familyConstruct":"2A+2K","family_members_id":"1","family_gender":"Female","first_name":"djsnj","last_name":"djaj","family_date_birth":"20-12-1988","age":"31","age_type":" years","tenure":"1 Year","family_id":"","s_date":"","marriage_date":"","premium":"17000","policyNo":"454,455","familyDataType":"undefined","empId":"623845","product":"RMxC5efb5c5a320e7","declare":"[]","gender":"Male","gci_options":"Yes"} [] []
[2020-12-04 11:49:11] generateOTP.INFO: test [] []
[2020-12-04 11:49:30] generateOTP.INFO: test [] []
[2020-12-04 11:49:56] generateOTP.INFO: test [] []
[2020-12-04 11:50:10] generateOTP.INFO: test [] []
[2020-12-04 11:50:31] generateOTP.INFO: {"salutation":"1","firstname":"test","lastname":"BANKING","dob":"19-12-1988","mob_no":"7010444138","panCard":"XXXXXX456A","email":"jack@gmail.com","ref1":"1","ref2":"1","comAdd":"Om hrad ntalatiof, holOmshre, talathioficeeachol, OmshreeSada9talathi","city":"MUMBAI","state":"MAHARASHTRA","pin_code":"622103","ISNRI":"N","update_emp_id":"623845","edit":"0","policy_no":"454,455","subtype_text":"1","sum_insure":"500000","anuual_income":"","occupation":"14","familyConstruct":"2A+2K","family_members_id":"2","family_gender":"Male","first_name":"kdnak","last_name":"skajska","family_date_birth":"12-12-2018","age":"1","age_type":" years","tenure":"1 Year","family_id":"","s_date":"","marriage_date":"","premium":"17000","policyNo":"454,455","familyDataType":"undefined","empId":"623845","product":"RMxC5efb5c5a320e7","declare":"[]","gender":"Male","gci_options":"Yes"} [] []
[2020-12-04 11:50:44] generateOTP.INFO: test [] []
[2020-12-04 11:50:51] generateOTP.INFO: {"salutation":"1","firstname":"test","lastname":"BANKING","dob":"19-12-1988","mob_no":"7010444138","panCard":"XXXXXX456A","email":"jack@gmail.com","ref1":"1","ref2":"1","comAdd":"Om hrad ntalatiof, holOmshre, talathioficeeachol, OmshreeSada9talathi","city":"MUMBAI","state":"MAHARASHTRA","pin_code":"622103","ISNRI":"N","update_emp_id":"623845","edit":"0","policy_no":"454,455","subtype_text":"1","sum_insure":"500000","anuual_income":"","occupation":"14","familyConstruct":"2A+2K","family_members_id":"3","family_gender":"Female","first_name":"ksdak","last_name":"sjajs","family_date_birth":"12-12-2019","age":"357","age_type":"days","tenure":"1 Year","family_id":"","s_date":"","marriage_date":"","premium":"17000","policyNo":"454,455","familyDataType":"undefined","empId":"623845","product":"RMxC5efb5c5a320e7","declare":"[]","gender":"Male","gci_options":"Yes"} [] []
[2020-12-04 11:52:58] documentsSave.INFO: {"ops_type":"[]","ids":"463,464,465"} [] []
[2020-12-04 11:52:58] documentsSaveFiles.INFO: [] [] []
[2020-12-04 11:53:03] generateOTP.INFO: test [] []
[2020-12-04 11:53:27] generateOTP.INFO: test [] []
[2020-12-04 11:53:29] generateOTP.INFO: test [] []
[2020-12-04 11:53:30] generateOTP.INFO: test [] []
[2020-12-04 11:53:42] generateOTP.INFO: test [] []
[2020-12-04 11:53:47] generateOTP.INFO: test [] []
[2020-12-04 11:53:56] generateOTP.INFO: test [] []
[2020-12-04 11:56:01] generateOTP.INFO: test [] []
[2020-12-04 11:56:46] generateOTP.INFO: test [] []
[2020-12-04 11:57:00] generateOTP.INFO: test [] []
[2020-12-04 11:57:29] generateOTP.INFO: test [] []
[2020-12-04 11:58:31] generateOTP.INFO: test [] []
[2020-12-04 12:04:16] generateOTP.INFO: test [] []
[2020-12-04 12:04:21] generateOTP.INFO: test [] []
[2020-12-04 12:05:55] generateOTP.INFO: test [] []
[2020-12-04 12:06:00] generateOTP.INFO: test [] []
[2020-12-04 12:06:01] generateOTP.INFO: test [] []
[2020-12-04 12:06:13] generateOTP.INFO: test [] []
[2020-12-04 12:06:48] generateOTP.INFO: test [] []
[2020-12-04 12:08:45] generateOTP.INFO: test [] []
[2020-12-04 12:09:21] generateOTP.INFO: test [] []
[2020-12-04 12:09:22] generateOTP.INFO: test [] []
[2020-12-04 12:09:47] generateOTP.INFO: test [] []
[2020-12-04 12:12:02] generateOTP.INFO: test [] []
[2020-12-04 12:12:28] generateOTP.INFO: test [] []
[2020-12-04 12:13:38] generateOTP.INFO: test [] []
[2020-12-04 12:14:20] generateOTP.INFO: test [] []
[2020-12-04 12:19:22] generateOTP.INFO: test [] []
[2020-12-04 12:25:18] generateOTP.INFO: test [] []
[2020-12-04 12:25:26] generateOTP.INFO: test [] []
[2020-12-04 12:26:24] generateOTP.INFO: test [] []
[2020-12-04 12:27:00] generateOTP.INFO: test [] []
[2020-12-04 12:28:27] generateOTP.INFO: test [] []
[2020-12-04 12:28:27] generateOTP.INFO: test [] []
[2020-12-04 12:28:34] generateOTP.INFO: test [] []
[2020-12-04 12:28:34] generateOTP.INFO: test [] []
[2020-12-04 12:28:50] generateOTP.INFO: test [] []
[2020-12-04 12:28:59] generateOTP.INFO: test [] []
[2020-12-04 12:29:30] generateOTP.INFO: test [] []
[2020-12-04 12:29:53] generateOTP.INFO: test [] []
[2020-12-04 12:30:30] generateOTP.INFO: test [] []
[2020-12-04 12:30:59] generateOTP.INFO: test [] []
[2020-12-04 12:31:09] generateOTP.INFO: test [] []
[2020-12-04 12:31:24] generateOTP.INFO: test [] []
[2020-12-04 12:31:32] generateOTP.INFO: test [] []
[2020-12-04 12:32:34] generateOTP.INFO: test [] []
[2020-12-04 12:33:28] generateOTP.INFO: test [] []
[2020-12-04 12:33:58] generateOTP.INFO: test [] []
[2020-12-04 12:34:18] generateOTP.INFO: test [] []
[2020-12-04 12:34:20] generateOTP.INFO: test [] []
[2020-12-04 12:34:28] generateOTP.INFO: test [] []
[2020-12-04 12:35:25] generateOTP.INFO: test [] []
[2020-12-04 12:35:27] generateOTP.INFO: test [] []
[2020-12-04 12:36:09] generateOTP.INFO: test [] []
[2020-12-04 12:37:03] generateOTP.INFO: test [] []
[2020-12-04 12:37:15] generateOTP.INFO: test [] []
[2020-12-04 12:38:59] generateOTP.INFO: test [] []
[2020-12-04 12:38:59] generateOTP.INFO: test [] []
[2020-12-04 12:39:56] generateOTP.INFO: test [] []
[2020-12-04 12:45:22] generateOTP.INFO: test [] []
[2020-12-04 12:45:23] generateOTP.INFO: test [] []
[2020-12-04 12:45:42] generateOTP.INFO: test [] []
[2020-12-04 12:46:17] generateOTP.INFO: test [] []
[2020-12-04 12:48:17] generateOTP.INFO: test [] []
[2020-12-04 12:50:37] generateOTP.INFO: test [] []
[2020-12-04 12:52:07] generateOTP.INFO: test [] []
[2020-12-04 12:52:38] generateOTP.INFO: test [] []
[2020-12-04 12:53:04] generateOTP.INFO: test [] []
[2020-12-04 13:03:30] generateOTP.INFO: test [] []
[2020-12-04 13:03:30] generateOTP.INFO: test [] []
[2020-12-04 13:03:30] generateOTP.INFO: test [] []
[2020-12-04 13:06:14] generateOTP.INFO: test [] []
[2020-12-04 13:06:30] generateOTP.INFO: test [] []
[2020-12-04 13:10:07] generateOTP.INFO: test [] []
[2020-12-04 13:11:11] generateOTP.INFO: test [] []
[2020-12-04 13:11:45] generateOTP.INFO: test [] []
[2020-12-04 13:12:27] generateOTP.INFO: test [] []
[2020-12-04 13:17:00] generateOTP.INFO: test [] []
[2020-12-04 13:17:01] generateOTP.INFO: test [] []
[2020-12-04 13:17:04] generateOTP.INFO: test [] []
[2020-12-04 13:24:03] generateOTP.INFO: test [] []
[2020-12-04 13:24:03] generateOTP.INFO: test [] []
[2020-12-04 13:24:04] generateOTP.INFO: test [] []
[2020-12-04 13:24:04] generateOTP.INFO: test [] []
[2020-12-04 13:24:04] generateOTP.INFO: test [] []
[2020-12-04 13:24:04] generateOTP.INFO: test [] []
[2020-12-04 13:24:04] generateOTP.INFO: test [] []
[2020-12-04 13:24:04] generateOTP.INFO: test [] []
[2020-12-04 13:24:05] generateOTP.INFO: test [] []
[2020-12-04 13:24:36] generateOTP.INFO: test [] []
[2020-12-04 13:25:36] generateOTP.INFO: {"salutation":"1","firstname":"test","lastname":"BANKING","dob":"19-12-1988","mob_no":"7010444138","panCard":"XXXXXX456A","email":"jack@gmail.com","ref1":"1","ref2":"1","comAdd":"Om hrad ntalatiof, holOmshre, talathioficeeachol, OmshreeSada9talathi","city":"MUMBAI","state":"MAHARASHTRA","pin_code":"622103","ISNRI":"N","update_emp_id":"623854","edit":"0","policy_no":"454,455","subtype_text":"1","sum_insure":"1500000","anuual_income":"900000","occupation":"10","familyConstruct":"2A+2K","family_members_id":"0","family_gender":"Male","first_name":"test","last_name":"BANKING","family_date_birth":"19-12-1988","age":"31","age_type":" years","tenure":"1 Year","family_id":"","s_date":"","marriage_date":"","premium":"26500","policyNo":"454,455","familyDataType":"undefined","empId":"623854","product":"RMxC5efb5c5a320e7","declare":"[]","gender":"Male","gci_options":"Yes"} [] []
[2020-12-04 13:25:57] generateOTP.INFO: {"salutation":"1","firstname":"test","lastname":"BANKING","dob":"19-12-1988","mob_no":"7010444138","panCard":"XXXXXX456A","email":"jack@gmail.com","ref1":"1","ref2":"1","comAdd":"Om hrad ntalatiof, holOmshre, talathioficeeachol, OmshreeSada9talathi","city":"MUMBAI","state":"MAHARASHTRA","pin_code":"622103","ISNRI":"N","update_emp_id":"623854","edit":"0","policy_no":"454,455","subtype_text":"1","sum_insure":"1500000","anuual_income":"900000","occupation":"10","familyConstruct":"2A+2K","family_members_id":"1","family_gender":"Female","first_name":"Tete","last_name":"hgjhgj","family_date_birth":"01-12-1992","age":"28","age_type":" years","tenure":"1 Year","family_id":"","s_date":"","marriage_date":"","premium":"26500","policyNo":"454,455","familyDataType":"undefined","empId":"623854","product":"RMxC5efb5c5a320e7","declare":"[]","gender":"Male","gci_options":"Yes"} [] []
[2020-12-04 13:26:22] generateOTP.INFO: {"salutation":"1","firstname":"test","lastname":"BANKING","dob":"19-12-1988","mob_no":"7010444138","panCard":"XXXXXX456A","email":"jack@gmail.com","ref1":"1","ref2":"1","comAdd":"Om hrad ntalatiof, holOmshre, talathioficeeachol, OmshreeSada9talathi","city":"MUMBAI","state":"MAHARASHTRA","pin_code":"622103","ISNRI":"N","update_emp_id":"623854","edit":"0","policy_no":"454,455","subtype_text":"1","sum_insure":"1500000","anuual_income":"900000","occupation":"10","familyConstruct":"2A+2K","family_members_id":"2","family_gender":"Male","first_name":"Tete","last_name":"","family_date_birth":"01-12-2016","age":"4","age_type":" years","tenure":"1 Year","family_id":"","s_date":"","marriage_date":"","premium":"26500","policyNo":"454,455","familyDataType":"undefined","empId":"623854","product":"RMxC5efb5c5a320e7","declare":"[]","gender":"Male","gci_options":"Yes"} [] []
[2020-12-04 13:26:27] generateOTP.INFO: {"salutation":"1","firstname":"test","lastname":"BANKING","dob":"19-12-1988","mob_no":"7010444138","panCard":"XXXXXX456A","email":"jack@gmail.com","ref1":"1","ref2":"1","comAdd":"Om hrad ntalatiof, holOmshre, talathioficeeachol, OmshreeSada9talathi","city":"MUMBAI","state":"MAHARASHTRA","pin_code":"622103","ISNRI":"N","update_emp_id":"623854","edit":"0","policy_no":"454,455","subtype_text":"1","sum_insure":"1500000","anuual_income":"900000","occupation":"10","familyConstruct":"2A+2K","family_members_id":"2","family_gender":"Male","first_name":"Tete","last_name":"","family_date_birth":"01-12-2016","age":"4","age_type":" years","tenure":"1 Year","family_id":"","s_date":"","marriage_date":"","premium":"26500","policyNo":"454,455","familyDataType":"undefined","empId":"623854","product":"RMxC5efb5c5a320e7","declare":"[]","gender":"Male","gci_options":"Yes"} [] []
[2020-12-04 13:26:54] generateOTP.INFO: {"salutation":"1","firstname":"test","lastname":"BANKING","dob":"19-12-1988","mob_no":"7010444138","panCard":"XXXXXX456A","email":"jack@gmail.com","ref1":"1","ref2":"1","comAdd":"Om hrad ntalatiof, holOmshre, talathioficeeachol, OmshreeSada9talathi","city":"MUMBAI","state":"MAHARASHTRA","pin_code":"622103","ISNRI":"N","update_emp_id":"623854","edit":"0","policy_no":"454,455","subtype_text":"1","sum_insure":"1500000","anuual_income":"900000","occupation":"10","familyConstruct":"2A+2K","family_members_id":"3","family_gender":"Female","first_name":"TEEST","last_name":"","family_date_birth":"12-12-2018","age":"1","age_type":" years","tenure":"1 Year","family_id":"","s_date":"","marriage_date":"","premium":"26500","policyNo":"454,455","familyDataType":"undefined","empId":"623854","product":"RMxC5efb5c5a320e7","declare":"[]","gender":"Male","gci_options":"Yes"} [] []
[2020-12-04 13:29:43] documentsSave.INFO: {"ops_type":"[\"0\",\"Y\"]","ids":"469,470,471"} [] []
[2020-12-04 13:29:43] documentsSaveFiles.INFO: [{"name":"download.png","type":"image\/png","tmp_name":"\/tmp\/phpL6azxE","error":0,"size":57862},{"name":"download.png","type":"image\/png","tmp_name":"\/tmp\/php5j9OOe","error":0,"size":57862}] [] []
[2020-12-04 13:29:57] generateOTP.INFO: test [] []
[2020-12-04 13:29:58] generateOTP.INFO: test [] []
[2020-12-04 13:30:28] generateOTP.INFO: test [] []
[2020-12-04 13:31:19] generateOTP.INFO: test [] []
[2020-12-04 13:31:21] generateOTP.INFO: test [] []
[2020-12-04 13:31:27] generateOTP.INFO: test [] []
[2020-12-04 13:31:28] generateOTP.INFO: test [] []
[2020-12-04 13:31:54] generateOTP.INFO: test [] []
[2020-12-04 13:31:56] generateOTP.INFO: test [] []
[2020-12-04 13:32:53] generateOTP.INFO: test [] []
[2020-12-04 13:33:01] generateOTP.INFO: test [] []
[2020-12-04 13:33:10] generateOTP.INFO: test [] []
[2020-12-04 13:33:12] generateOTP.INFO: test [] []
[2020-12-04 13:33:12] generateOTP.INFO: test [] []
[2020-12-04 13:33:13] generateOTP.INFO: test [] []
[2020-12-04 13:33:26] generateOTP.INFO: test [] []
[2020-12-04 13:33:40] generateOTP.INFO: test [] []
[2020-12-04 13:34:10] generateOTP.INFO: test [] []
[2020-12-04 13:34:16] generateOTP.INFO: test [] []
[2020-12-04 13:35:24] generateOTP.INFO: test [] []
[2020-12-04 13:36:04] generateOTP.INFO: test [] []
[2020-12-04 13:36:24] generateOTP.INFO: test [] []
[2020-12-04 13:36:52] generateOTP.INFO: test [] []
[2020-12-04 13:36:53] generateOTP.INFO: test [] []
[2020-12-04 13:36:55] generateOTP.INFO: test [] []
[2020-12-04 13:37:07] generateOTP.INFO: test [] []
[2020-12-04 13:37:20] generateOTP.INFO: test [] []
[2020-12-04 13:37:21] generateOTP.INFO: test [] []
[2020-12-04 13:37:39] generateOTP.INFO: test [] []
[2020-12-04 13:37:39] generateOTP.INFO: test [] []
[2020-12-04 13:37:44] generateOTP.INFO: test [] []
[2020-12-04 13:37:53] generateOTP.INFO: test [] []
[2020-12-04 13:37:53] generateOTP.INFO: test [] []
[2020-12-04 13:37:54] generateOTP.INFO: test [] []
[2020-12-04 13:37:58] generateOTP.INFO: test [] []
[2020-12-04 13:38:05] generateOTP.INFO: test [] []
[2020-12-04 13:39:29] generateOTP.INFO: test [] []
[2020-12-04 13:39:34] generateOTP.INFO: test [] []
[2020-12-04 13:40:08] generateOTP.INFO: test [] []
[2020-12-04 13:41:06] generateOTP.INFO: test [] []
[2020-12-04 13:41:12] generateOTP.INFO: test [] []
[2020-12-04 13:41:14] generateOTP.INFO: test [] []
[2020-12-04 13:41:25] generateOTP.INFO: test [] []
[2020-12-04 13:41:35] generateOTP.INFO: test [] []
[2020-12-04 13:42:09] generateOTP.INFO: test [] []
[2020-12-04 13:42:11] generateOTP.INFO: test [] []
[2020-12-04 13:42:30] generateOTP.INFO: test [] []
[2020-12-04 13:42:57] generateOTP.INFO: test [] []
[2020-12-04 13:43:26] generateOTP.INFO: test [] []
[2020-12-04 13:43:26] generateOTP.INFO: test [] []
[2020-12-04 13:43:27] generateOTP.INFO: test [] []
[2020-12-04 13:44:21] generateOTP.INFO: test [] []
[2020-12-04 13:44:38] generateOTP.INFO: test [] []
[2020-12-04 13:45:17] generateOTP.INFO: test [] []
[2020-12-04 13:46:38] generateOTP.INFO: test [] []
[2020-12-04 13:48:31] generateOTP.INFO: test [] []
[2020-12-04 13:58:24] generateOTP.INFO: test [] []
[2020-12-04 13:58:26] generateOTP.INFO: test [] []
[2020-12-04 13:58:39] generateOTP.INFO: test [] []
[2020-12-04 13:59:18] generateOTP.INFO: test [] []
[2020-12-04 13:59:18] generateOTP.INFO: test [] []
[2020-12-04 13:59:32] generateOTP.INFO: test [] []
[2020-12-04 13:59:33] generateOTP.INFO: test [] []
[2020-12-04 13:59:40] generateOTP.INFO: test [] []
[2020-12-04 13:59:41] generateOTP.INFO: test [] []
[2020-12-04 13:59:52] generateOTP.INFO: test [] []
[2020-12-04 13:59:58] generateOTP.INFO: test [] []
[2020-12-04 14:00:19] generateOTP.INFO: test [] []
[2020-12-04 14:00:31] generateOTP.INFO: {"salutation":"1","firstname":"test","lastname":"BANKING","dob":"19-12-1988","mob_no":"7010444138","panCard":"XXXXXX456A","email":"jack@gmail.com","ref1":"1","ref2":"1","comAdd":"Om hrad ntalatiof, holOmshre, talathioficeeachol, OmshreeSada9talathi","city":"MUMBAI","state":"MAHARASHTRA","pin_code":"622103","ISNRI":"N","update_emp_id":"623857","edit":"0","policy_no":"392,393","subtype_text":"1","sum_insure":"500000","anuual_income":"","familyConstruct":"1A","family_members_id":"0","family_gender":"Male","first_name":"test","last_name":"BANKING","family_date_birth":"19-12-1988","age":"31","age_type":" years","tenure":"1 Year","family_id":"","s_date":"","marriage_date":"","premium":"8800","policyNo":"392,393","familyDataType":"undefined","empId":"623857","product":"iWL65dcd54d9c5a65","declare":"[]","gender":"Male","gci_options":"Yes"} [] []
[2020-12-04 14:01:01] documentsSave.INFO: {"ops_type":"[]","ids":"472,473"} [] []
[2020-12-04 14:01:01] documentsSaveFiles.INFO: [] [] []
[2020-12-04 14:01:06] generateOTP.INFO: test [] []
[2020-12-04 14:03:17] generateOTP.INFO: test [] []
[2020-12-04 14:03:34] generateOTP.INFO: test [] []
[2020-12-04 14:04:33] full_quote_request1.INFO: {"ClientCreation":{"Member_Customer_ID":"254444044GHIR03","salutation":"Mr","firstName":"test","middleName":"","lastName":"BANKING","dateofBirth":"12\/19\/1988","gender":"M","educationalQualification":null,"pinCode":"622103","uidNo":"5478-2589-3688","maritalStatus":null,"nationality":"Indian","occupation":"O553","primaryEmailID":"jack@gmail.com","contactMobileNo":"7010444138","stdLandlineNo":null,"panNo":null,"passportNumber":null,"contactPerson":null,"annualIncome":null,"remarks":null,"startDate":"2020-12-04","endDate":null,"IdProof":"Adhaar Card","residenceProof":null,"ageProof":null,"others":null,"homeAddressLine1":"Om hrad ntalatiof, holOmshre, talathioficeeachol, OmshreeSada9talathi","homeAddressLine2":null,"homeAddressLine3":null,"homePinCode":"622103","homeArea":null,"homeContactMobileNo":null,"homeContactMobileNo2":null,"homeSTDLandlineNo":null,"homeFaxNo":null,"sameAsHomeAddress":"1","mailingAddressLine1":null,"mailingAddressLine2":null,"mailingAddressLine3":null,"mailingPinCode":null,"mailingArea":null,"mailingContactMobileNo":null,"mailingContactMobileNo2":null,"mailingSTDLandlineNo":null,"mailingSTDLandlineNo2":null,"mailingFaxNo":null,"bankAccountType":null,"bankAccountNo":null,"ifscCode":null,"GSTIN":null,"GSTRegistrationStatus":"Consumers","IsEIAavailable":"0","ApplyEIA":"0","EIAAccountNo":null,"EIAWith":"0","AccountType":null,"AddressProof":null,"DOBProof":null,"IdentityProof":null},"PolicyCreationRequest":{"Quotation_Number":"","MasterPolicyNumber":"71-20-00030-00-00","GroupID":"GRP001","Product_Code":"4211","SumInsured_Type":null,"Policy_Tanure":"1","Member_Type_Code":"M209","intermediaryCode":"2104794","AutoRenewal":"Y","intermediaryBranchCode":"10MHMUM01","agentSignatureDate":null,"Customer_Signature_Date":null,"businessSourceChannel":null,"AssignPolicy":"0","AssigneeName":null,"leadID":"999991020","Source_Name":"AXIS_GHI","SPID":"1","TCN":null,"CRTNO":null,"RefCode1":"1","RefCode2":"051","Employee_Number":"623857","enumIsEmployeeDiscount":null,"QuoteDate":null,"IsPayment":"0","PaymentMode":null,"PolicyproductComponents":[{"PlanCode":"4211","SumInsured":"500000","SchemeCode":"4112000003"}]},"MemObj":{"Member":[{"MemberNo":1,"Salutation":"Mr","First_Name":"test","Middle_Name":null,"Last_Name":"BANKING","Gender":"M","DateOfBirth":"12\/19\/1988","Relation_Code":"R001","Marital_Status":null,"height":"0.00","weight":"0","occupation":"O553","PrimaryMember":"Y","MemberproductComponents":[{"PlanCode":"4211","MemberQuestionDetails":[{"QuestionCode":null,"Answer":null,"Remarks":null}]}],"MemberPED":[{"PEDCode":null,"Remarks":null}],"exactDiagnosis":null,"dateOfDiagnosis":null,"lastDateConsultation":null,"detailsOfTreatmentGiven":null,"doctorName":null,"hospitalName":null,"phoneNumberHosital":null,"Nominee_First_Name":"klij","Nominee_Last_Name":"jiliu","Nominee_Contact_Number":"8709777777","Nominee_Home_Address":null,"Nominee_Relationship_Code":"R002"}]},"ReceiptCreation":{"officeLocation":"","modeOfEntry":"","cdAcNo":null,"expiryDate":null,"payerType":"","payerCode":null,"paymentBy":"","paymentByName":null,"paymentByRelationship":null,"collectionAmount":"","collectionRcvdDate":null,"collectionMode":"","remarks":null,"instrumentNumber":null,"instrumentDate":null,"bankName":null,"branchName":null,"bankLocation":null,"micrNo":null,"chequeType":null,"ifscCode":"","PaymentGatewayName":"","TerminalID":"","CardNo":null}} [] []
[2020-12-04 14:04:38] full_quote_reponse1.INFO: "<ns0:GHI_Res xmlns:ns0=\"http:\/\/ABHICL_NBP_QuickQuote_Schemas.GHI_Response\"><errorObj><ErrorNumber>00<\/ErrorNumber><ErrorMessage>Success<\/ErrorMessage><\/errorObj><policyDtls><TransactionReferenceNumber><\/TransactionReferenceNumber><QuotationNumber>AX100699428<\/QuotationNumber><CertificateNumber><\/CertificateNumber><LetterURL><\/LetterURL><ClientID><\/ClientID><ProductName>Group Activ Health<\/ProductName><ProductCode>4211<\/ProductCode><LineOfBusiness>42<\/LineOfBusiness><startDate><\/startDate><EndDate><\/EndDate><PolicyNumber>71-20-00030-00-00<\/PolicyNumber><ProposalNumber><\/ProposalNumber><PolicyStatus>PQ1<\/PolicyStatus><Tenure>1<\/Tenure><stpFlag>0<\/stpFlag><MemberCustomerID>254444044GHIR03<\/MemberCustomerID><\/policyDtls><premium><BasePremium>7457.63<\/BasePremium><NetPremium>7457.63<\/NetPremium><GST>1342.37<\/GST><GrossPremium>8800.00<\/GrossPremium><\/premium><receiptObj><ReceiptNumber \/><ReceiptAmount \/><ExcessAmount \/><\/receiptObj><\/ns0:GHI_Res>" [] []
[2020-12-04 14:04:38] full_quote_request1.INFO: {"ClientCreation":{"Member_Customer_ID":"254444044GP1","salutation":"Mr","firstName":"test","middleName":"","lastName":"BANKING","dateofBirth":"12\/19\/1988","gender":"M","educationalQualification":null,"pinCode":"622103","uidNo":"5478-2589-3688","maritalStatus":null,"nationality":"Indian","occupation":"O553","primaryEmailID":"jack@gmail.com","contactMobileNo":"7010444138","stdLandlineNo":null,"panNo":null,"passportNumber":null,"contactPerson":null,"annualIncome":null,"remarks":null,"startDate":"2020-12-04","endDate":null,"IdProof":"Adhaar Card","residenceProof":null,"ageProof":null,"others":null,"homeAddressLine1":"Om hrad ntalatiof, holOmshre, talathioficeeachol, OmshreeSada9talathi","homeAddressLine2":null,"homeAddressLine3":null,"homePinCode":"622103","homeArea":null,"homeContactMobileNo":null,"homeContactMobileNo2":null,"homeSTDLandlineNo":null,"homeFaxNo":null,"sameAsHomeAddress":"1","mailingAddressLine1":null,"mailingAddressLine2":null,"mailingAddressLine3":null,"mailingPinCode":null,"mailingArea":null,"mailingContactMobileNo":null,"mailingContactMobileNo2":null,"mailingSTDLandlineNo":null,"mailingSTDLandlineNo2":null,"mailingFaxNo":null,"bankAccountType":null,"bankAccountNo":null,"ifscCode":null,"GSTIN":null,"GSTRegistrationStatus":"Consumers","IsEIAavailable":"0","ApplyEIA":"0","EIAAccountNo":null,"EIAWith":"0","AccountType":null,"AddressProof":null,"DOBProof":null,"IdentityProof":null},"PolicyCreationRequest":{"Quotation_Number":"","MasterPolicyNumber":"74-20-00018-00-00","GroupID":"GRP001","Product_Code":"4224","SumInsured_Type":null,"Policy_Tanure":"1","Member_Type_Code":"M209","intermediaryCode":"2104794","AutoRenewal":"Y","intermediaryBranchCode":"10MHMUM01","agentSignatureDate":null,"Customer_Signature_Date":null,"businessSourceChannel":null,"AssignPolicy":"0","AssigneeName":null,"leadID":"999991020","Source_Name":"AXIS_GP","SPID":"1","TCN":null,"CRTNO":null,"RefCode1":"1","RefCode2":"051","Employee_Number":"623857","enumIsEmployeeDiscount":null,"QuoteDate":null,"IsPayment":"0","PaymentMode":null,"PolicyproductComponents":[{"PlanCode":"4224","SumInsured":"500000","SchemeCode":"4112000003"}]},"MemObj":{"Member":[{"MemberNo":1,"Salutation":"Mr","First_Name":"test","Middle_Name":null,"Last_Name":"BANKING","Gender":"M","DateOfBirth":"12\/19\/1988","Relation_Code":"R001","Marital_Status":null,"height":"0.00","weight":"0","occupation":"O553","PrimaryMember":"Y","MemberproductComponents":[{"PlanCode":"4224","MemberQuestionDetails":[{"QuestionCode":null,"Answer":null,"Remarks":null}]}],"MemberPED":[{"PEDCode":null,"Remarks":null}],"exactDiagnosis":null,"dateOfDiagnosis":null,"lastDateConsultation":null,"detailsOfTreatmentGiven":null,"doctorName":null,"hospitalName":null,"phoneNumberHosital":null,"Nominee_First_Name":"klij","Nominee_Last_Name":"jiliu","Nominee_Contact_Number":"8709777777","Nominee_Home_Address":null,"Nominee_Relationship_Code":"R002"}]},"ReceiptCreation":{"officeLocation":"","modeOfEntry":"","cdAcNo":null,"expiryDate":null,"payerType":"","payerCode":null,"paymentBy":"","paymentByName":null,"paymentByRelationship":null,"collectionAmount":"","collectionRcvdDate":null,"collectionMode":"","remarks":null,"instrumentNumber":null,"instrumentDate":null,"bankName":null,"branchName":null,"bankLocation":null,"micrNo":null,"chequeType":null,"ifscCode":"","PaymentGatewayName":"","TerminalID":"","CardNo":null}} [] []
[2020-12-04 14:04:42] full_quote_reponse1.INFO: "<ns0:GroupProtectRes xmlns:ns0=\"http:\/\/ABHICL_NBP_QuickQuote_Schemas.GroupProtectResponse\"><errorObj><ErrorNumber>00<\/ErrorNumber><ErrorMessage>Success<\/ErrorMessage><\/errorObj><policyDtls><TransactionReferenceNumber><\/TransactionReferenceNumber><QuotationNumber>AP100699429<\/QuotationNumber><CertificateNumber><\/CertificateNumber><LetterURL><\/LetterURL><ClientID><\/ClientID><ProductName>Group Protect<\/ProductName><ProductCode>4224<\/ProductCode><LineOfBusiness>42<\/LineOfBusiness><startDate>1\/1\/1900 12:00:00 AM<\/startDate><EndDate>1\/1\/1900 12:00:00 AM<\/EndDate><PolicyNumber>74-20-00018-00-00<\/PolicyNumber><ProposalNumber><\/ProposalNumber><PolicyStatus>PQ1<\/PolicyStatus><Tenure>1<\/Tenure><stpFlag>0<\/stpFlag><MemberCustomerID>254444044GP1<\/MemberCustomerID><\/policyDtls><premium><BasePremium>761.86<\/BasePremium><NetPremium>761.86<\/NetPremium><GST>137.13<\/GST><GrossPremium>899.00<\/GrossPremium><\/premium><receiptObj><ReceiptNumber \/><ReceiptAmount \/><ExcessAmount \/><\/receiptObj><\/ns0:GroupProtectRes>" [] []
[2020-12-04 14:07:53] generateOTP.INFO: test [] []
[2020-12-04 14:07:55] generateOTP.INFO: test [] []
[2020-12-04 14:08:01] generateOTP.INFO: test [] []
[2020-12-04 14:08:02] generateOTP.INFO: test [] []
[2020-12-04 14:08:10] generateOTP.INFO: test [] []
[2020-12-04 14:09:53] generateOTP.INFO: test [] []
[2020-12-04 14:09:54] generateOTP.INFO: test [] []
[2020-12-04 14:09:56] generateOTP.INFO: test [] []
[2020-12-04 14:10:06] generateOTP.INFO: test [] []
[2020-12-04 14:10:44] generateOTP.INFO: test [] []
[2020-12-04 14:12:45] generateOTP.INFO: test [] []
[2020-12-04 14:12:45] generateOTP.INFO: test [] []
[2020-12-04 14:12:45] generateOTP.INFO: test [] []
[2020-12-04 14:17:11] generateOTP.INFO: test [] []
[2020-12-04 14:17:35] generateOTP.INFO: test [] []
[2020-12-04 14:18:35] generateOTP.INFO: test [] []
[2020-12-04 14:19:57] generateOTP.INFO: test [] []
[2020-12-04 14:22:11] generateOTP.INFO: test [] []
[2020-12-04 14:23:26] generateOTP.INFO: test [] []
[2020-12-04 14:23:27] generateOTP.INFO: test [] []
[2020-12-04 14:23:40] generateOTP.INFO: test [] []
[2020-12-04 14:23:58] generateOTP.INFO: test [] []
[2020-12-04 14:25:18] generateOTP.INFO: test [] []
[2020-12-04 14:26:59] generateOTP.INFO: test [] []
[2020-12-04 14:27:13] generateOTP.INFO: test [] []
[2020-12-04 14:27:42] generateOTP.INFO: test [] []
[2020-12-04 14:31:04] generateOTP.INFO: test [] []
[2020-12-04 14:31:20] generateOTP.INFO: test [] []
[2020-12-04 14:35:24] generateOTP.INFO: test [] []
[2020-12-04 14:42:28] generateOTP.INFO: test [] []
[2020-12-04 14:42:30] generateOTP.INFO: test [] []
[2020-12-04 14:44:14] generateOTP.INFO: test [] []
[2020-12-04 14:47:22] generateOTP.INFO: test [] []
[2020-12-04 14:48:54] generateOTP.INFO: test [] []
[2020-12-04 14:49:13] generateOTP.INFO: test [] []
[2020-12-04 14:49:13] generateOTP.INFO: test [] []
[2020-12-04 14:49:14] generateOTP.INFO: test [] []
[2020-12-04 14:49:21] generateOTP.INFO: test [] []
[2020-12-04 14:49:22] generateOTP.INFO: test [] []
[2020-12-04 14:49:37] generateOTP.INFO: test [] []
[2020-12-04 14:51:30] generateOTP.INFO: test [] []
[2020-12-04 14:55:31] generateOTP.INFO: test [] []
[2020-12-04 14:56:03] generateOTP.INFO: test [] []
[2020-12-04 15:01:08] generateOTP.INFO: test [] []
[2020-12-04 15:01:29] generateOTP.INFO: {"salutation":"1","firstname":"test","lastname":"BANKING","dob":"19-12-1988","mob_no":"7010444138","panCard":"XXXXXX456A","email":"jack@gmail.com","ref1":"1","ref2":"1","comAdd":"Om hrad ntalatiof, holOmshre, talathioficeeachol, OmshreeSada9talathi","city":"MUMBAI","state":"MAHARASHTRA","pin_code":"622103","ISNRI":"N","update_emp_id":"623853","edit":"0","policy_no":"454,455","subtype_text":"1","sum_insure":"500000","anuual_income":"","occupation":"1","familyConstruct":"1A","family_members_id":"0","family_gender":"Male","first_name":"test","last_name":"BANKING","family_date_birth":"19-12-1988","age":"31","age_type":" years","tenure":"1 Year","family_id":"","s_date":"","marriage_date":"","premium":"8000","policyNo":"454,455","familyDataType":"undefined","empId":"623853","product":"RMxC5efb5c5a320e7","declare":"[]","gender":"Male","gci_options":"Yes"} [] []
[2020-12-04 15:03:17] documentsSave.INFO: {"ops_type":"[]","ids":"474,475,476"} [] []
[2020-12-04 15:03:17] documentsSaveFiles.INFO: [] [] []
[2020-12-04 15:03:24] generateOTP.INFO: test [] []
[2020-12-04 15:04:49] generateOTP.INFO: test [] []
[2020-12-04 15:06:02] generateOTP.INFO: test [] []
[2020-12-04 15:07:15] generateOTP.INFO: test [] []
[2020-12-04 15:07:15] generateOTP.INFO: test [] []
[2020-12-04 15:07:16] generateOTP.INFO: test [] []
[2020-12-04 15:07:27] generateOTP.INFO: test [] []
[2020-12-04 15:07:39] generateOTP.INFO: test [] []
[2020-12-04 15:14:49] generateOTP.INFO: test [] []
[2020-12-04 15:17:01] generateOTP.INFO: test [] []
[2020-12-04 15:23:10] generateOTP.INFO: test [] []
[2020-12-04 15:23:10] generateOTP.INFO: test [] []
[2020-12-04 15:23:29] generateOTP.INFO: test [] []
[2020-12-04 15:23:39] generateOTP.INFO: test [] []
[2020-12-04 15:23:41] generateOTP.INFO: test [] []
[2020-12-04 15:24:15] generateOTP.INFO: test [] []
[2020-12-04 15:29:16] generateOTP.INFO: test [] []
[2020-12-04 15:34:01] generateOTP.INFO: test [] []
[2020-12-04 15:35:21] generateOTP.INFO: test [] []
[2020-12-04 15:35:41] generateOTP.INFO: test [] []
[2020-12-04 15:36:31] generateOTP.INFO: test [] []
[2020-12-04 15:42:05] generateOTP.INFO: test [] []
[2020-12-04 15:43:53] generateOTP.INFO: test [] []
[2020-12-04 15:45:31] generateOTP.INFO: test [] []
[2020-12-04 15:51:24] generateOTP.INFO: {"salutation":"1","firstname":"test","lastname":"BANKING","dob":"19-12-1988","mob_no":"7010444138","panCard":"XXXXXX456A","email":"jack@gmail.com","ref1":"1","ref2":"1","comAdd":"Om hrad ntalatiof, holOmshre, talathioficeeachol, OmshreeSada9talathi","city":"MUMBAI","state":"MAHARASHTRA","pin_code":"622103","ISNRI":"N","update_emp_id":"623853","edit":"0","policy_no":"454,455","subtype_text":"1","sum_insure":"500000","anuual_income":"","occupation":"1","familyConstruct":"1A","family_members_id":"0","family_gender":"Male","first_name":"test","last_name":"BANKING","family_date_birth":"19-12-1988","age":"31","age_type":" years","tenure":"1 Year","family_id":"","s_date":"","marriage_date":"","premium":"8000","policyNo":"454,455","familyDataType":"undefined","empId":"623853","product":"RMxC5efb5c5a320e7","declare":"[]","gender":"Male","gci_options":"Yes"} [] []
[2020-12-04 15:51:32] generateOTP.INFO: test [] []
[2020-12-04 15:52:35] generateOTP.INFO: test [] []
[2020-12-04 15:52:58] generateOTP.INFO: {"salutation":"1","firstname":"test","lastname":"BANKING","dob":"19-12-1988","mob_no":"7010444138","panCard":"XXXXXX456A","email":"jack@gmail.com","ref1":"1","ref2":"1","comAdd":"Om hrad ntalatiof, holOmshre, talathioficeeachol, OmshreeSada9talathi","city":"MUMBAI","state":"MAHARASHTRA","pin_code":"622103","ISNRI":"N","update_emp_id":"623867","edit":"0","policy_no":"454,455","subtype_text":"1","sum_insure":"500000","anuual_income":"","occupation":"1","familyConstruct":"1A","family_members_id":"0","family_gender":"Male","first_name":"test","last_name":"BANKING","family_date_birth":"19-12-1988","age":"31","age_type":" years","tenure":"1 Year","family_id":"","s_date":"","marriage_date":"","premium":"8000","policyNo":"454,455","familyDataType":"undefined","empId":"623867","product":"RMxC5efb5c5a320e7","declare":"[]","gender":"Male","gci_options":"Yes"} [] []
[2020-12-04 15:53:39] documentsSave.INFO: {"ops_type":"[]","ids":"477,478,479"} [] []
[2020-12-04 15:53:39] documentsSaveFiles.INFO: [] [] []
[2020-12-04 15:55:56] generateOTP.INFO: test [] []
[2020-12-04 15:55:56] generateOTP.INFO: test [] []
[2020-12-04 15:56:01] generateOTP.INFO: test [] []
[2020-12-04 15:56:30] generateOTP.INFO: test [] []
[2020-12-04 15:59:45] generateOTP.INFO: test [] []
[2020-12-04 15:59:46] generateOTP.INFO: test [] []
[2020-12-04 15:59:51] generateOTP.INFO: test [] []
[2020-12-04 16:00:08] generateOTP.INFO: test [] []
[2020-12-04 16:02:02] generateOTP.INFO: test [] []
[2020-12-04 16:04:03] generateOTP.INFO: test [] []
[2020-12-04 16:04:49] generateOTP.INFO: test [] []
[2020-12-04 16:07:10] generateOTP.INFO: test [] []
[2020-12-04 16:07:17] generateOTP.INFO: test [] []
[2020-12-04 16:11:06] generateOTP.INFO: test [] []
[2020-12-04 16:12:07] generateOTP.INFO: test [] []
[2020-12-04 16:18:49] generateOTP.INFO: test [] []
[2020-12-04 16:18:50] generateOTP.INFO: test [] []
[2020-12-04 16:18:50] generateOTP.INFO: test [] []
[2020-12-04 16:18:50] generateOTP.INFO: test [] []
[2020-12-04 16:18:50] generateOTP.INFO: test [] []
[2020-12-04 16:18:51] generateOTP.INFO: test [] []
[2020-12-04 16:18:51] generateOTP.INFO: test [] []
[2020-12-04 16:18:51] generateOTP.INFO: test [] []
[2020-12-04 16:18:51] generateOTP.INFO: test [] []
[2020-12-04 16:18:52] generateOTP.INFO: test [] []
[2020-12-04 16:18:52] generateOTP.INFO: test [] []
[2020-12-04 16:19:13] generateOTP.INFO: test [] []
[2020-12-04 16:19:36] generateOTP.INFO: {"salutation":"1","firstname":"test","lastname":"BANKING","dob":"19-12-1988","mob_no":"7010444138","panCard":"XXXXXX456A","email":"jack@gmail.com","ref1":"1","ref2":"1","comAdd":"Om hrad ntalatiof, holOmshre, talathioficeeachol, OmshreeSada9talathi","city":"MUMBAI","state":"MAHARASHTRA","pin_code":"622103","ISNRI":"N","update_emp_id":"623869","edit":"0","policy_no":"454,455","subtype_text":"1","sum_insure":"500000","anuual_income":"","occupation":"8","familyConstruct":"2A","family_members_id":"0","family_gender":"Male","first_name":"test","last_name":"BANKING","family_date_birth":"19-12-1988","age":"31","age_type":" years","tenure":"1 Year","family_id":"","s_date":"","marriage_date":"","premium":"11500","policyNo":"454,455","familyDataType":"undefined","empId":"623869","product":"RMxC5efb5c5a320e7","declare":"[]","gender":"Male","gci_options":"Yes"} [] []
[2020-12-04 16:20:09] generateOTP.INFO: {"salutation":"1","firstname":"test","lastname":"BANKING","dob":"19-12-1988","mob_no":"7010444138","panCard":"XXXXXX456A","email":"jack@gmail.com","ref1":"1","ref2":"1","comAdd":"Om hrad ntalatiof, holOmshre, talathioficeeachol, OmshreeSada9talathi","city":"MUMBAI","state":"MAHARASHTRA","pin_code":"622103","ISNRI":"N","update_emp_id":"623869","edit":"0","policy_no":"454,455","subtype_text":"1","sum_insure":"500000","anuual_income":"","occupation":"8","familyConstruct":"2A","family_members_id":"1","family_gender":"Female","first_name":"sads","last_name":"asdasd","family_date_birth":"09-12-1970","age":"49","age_type":" years","tenure":"1 Year","family_id":"","s_date":"","marriage_date":"","premium":"11500","policyNo":"454,455","familyDataType":"undefined","empId":"623869","product":"RMxC5efb5c5a320e7","declare":"[]","gender":"Male","gci_options":"Yes"} [] []
[2020-12-04 16:20:16] generateOTP.INFO: test [] []
[2020-12-04 16:20:16] generateOTP.INFO: test [] []
[2020-12-04 16:20:17] generateOTP.INFO: test [] []
[2020-12-04 16:20:22] generateOTP.INFO: test [] []
[2020-12-04 16:20:40] documentsSave.INFO: {"ops_type":"[\"0\",\"Y\"]","ids":"480,481,482"} [] []
[2020-12-04 16:20:40] documentsSaveFiles.INFO: [{"name":"download.png","type":"image\/png","tmp_name":"\/tmp\/phpIi23ow","error":0,"size":57862},{"name":"download.png","type":"image\/png","tmp_name":"\/tmp\/phpUz72AX","error":0,"size":57862}] [] []
[2020-12-04 16:20:41] generateOTP.INFO: test [] []
[2020-12-04 16:21:27] generateOTP.INFO: test [] []
[2020-12-04 16:22:29] generateOTP.INFO: test [] []
[2020-12-04 16:22:30] generateOTP.INFO: test [] []
[2020-12-04 16:22:40] generateOTP.INFO: {"salutation":"1","firstname":"test","lastname":"BANKING","dob":"19-12-1988","mob_no":"7010444138","panCard":"XXXXXX456A","email":"jack@gmail.com","ref1":"1","ref2":"1","comAdd":"Om hrad ntalatiof, holOmshre, talathioficeeachol, OmshreeSada9talathi","city":"MUMBAI","state":"MAHARASHTRA","pin_code":"622103","ISNRI":"N","update_emp_id":"623871","edit":"0","policy_no":"454,455","subtype_text":"1","sum_insure":"500000","anuual_income":"","occupation":"2","familyConstruct":"1A","family_members_id":"0","family_gender":"Male","first_name":"test","last_name":"BANKING","family_date_birth":"19-12-1988","age":"31","age_type":" years","tenure":"1 Year","family_id":"","s_date":"","marriage_date":"","premium":"8000","policyNo":"454,455","familyDataType":"undefined","empId":"623871","product":"RMxC5efb5c5a320e7","declare":"[]","gender":"Male","gci_options":"Yes"} [] []
[2020-12-04 16:23:11] documentsSave.INFO: {"ops_type":"[\"0\",\"Y\"]","ids":"483,484,485"} [] []
[2020-12-04 16:23:11] documentsSaveFiles.INFO: [{"name":"download.png","type":"image\/png","tmp_name":"\/tmp\/phpYDQv2L","error":0,"size":57862},{"name":"download.png","type":"image\/png","tmp_name":"\/tmp\/phpBqVr2s","error":0,"size":57862}] [] []
[2020-12-04 16:23:29] generateOTP.INFO: test [] []
[2020-12-04 16:23:37] generateOTP.INFO: test [] []
[2020-12-04 16:23:40] generateOTP.INFO: test [] []
[2020-12-04 16:23:43] generateOTP.INFO: test [] []
[2020-12-04 16:24:08] generateOTP.INFO: test [] []
[2020-12-04 16:24:25] generateOTP.INFO: test [] []
[2020-12-04 16:30:41] generateOTP.INFO: test [] []
[2020-12-04 16:30:42] generateOTP.INFO: test [] []
[2020-12-04 16:30:43] generateOTP.INFO: test [] []
[2020-12-04 16:30:57] generateOTP.INFO: test [] []
[2020-12-04 16:31:36] generateOTP.INFO: test [] []
[2020-12-04 16:33:36] generateOTP.INFO: test [] []
[2020-12-04 16:33:54] generateOTP.INFO: test [] []
[2020-12-04 16:39:05] generateOTP.INFO: test [] []
[2020-12-04 16:39:06] generateOTP.INFO: test [] []
[2020-12-04 16:39:15] generateOTP.INFO: test [] []
[2020-12-04 16:39:34] generateOTP.INFO: test [] []
[2020-12-04 16:41:49] generateOTP.INFO: test [] []
[2020-12-04 16:41:51] generateOTP.INFO: test [] []
[2020-12-04 16:41:52] generateOTP.INFO: test [] []
[2020-12-04 16:42:19] generateOTP.INFO: test [] []
[2020-12-04 16:43:16] generateOTP.INFO: test [] []
[2020-12-04 16:46:17] generateOTP.INFO: test [] []
[2020-12-04 16:46:17] generateOTP.INFO: test [] []
[2020-12-04 16:46:18] generateOTP.INFO: test [] []
[2020-12-04 16:46:25] generateOTP.INFO: test [] []
[2020-12-04 16:47:06] generateOTP.INFO: test [] []
[2020-12-04 16:47:07] generateOTP.INFO: test [] []
[2020-12-04 16:47:09] generateOTP.INFO: test [] []
[2020-12-04 16:47:35] generateOTP.INFO: test [] []
[2020-12-04 16:47:50] generateOTP.INFO: test [] []
[2020-12-04 16:48:18] generateOTP.INFO: test [] []
[2020-12-04 16:48:30] generateOTP.INFO: test [] []
[2020-12-04 16:48:31] generateOTP.INFO: test [] []
[2020-12-04 16:48:45] generateOTP.INFO: test [] []
[2020-12-04 16:49:07] generateOTP.INFO: test [] []
[2020-12-04 16:49:09] generateOTP.INFO: test [] []
[2020-12-04 16:54:09] generateOTP.INFO: test [] []
[2020-12-04 16:58:11] generateOTP.INFO: test [] []
[2020-12-04 17:10:59] generateOTP.INFO: test [] []
[2020-12-04 17:10:59] generateOTP.INFO: test [] []
[2020-12-04 17:11:00] generateOTP.INFO: test [] []
[2020-12-04 17:34:02] generateOTP.INFO: test [] []
[2020-12-04 17:34:06] generateOTP.INFO: test [] []
[2020-12-04 17:34:08] generateOTP.INFO: test [] []
[2020-12-04 17:34:25] generateOTP.INFO: test [] []
[2020-12-04 17:41:17] generateOTP.INFO: test [] []
[2020-12-04 17:44:17] generateOTP.INFO: test [] []
[2020-12-04 17:45:14] generateOTP.INFO: test [] []
[2020-12-04 17:49:40] generateOTP.INFO: test [] []
[2020-12-04 17:50:41] generateOTP.INFO: test [] []
[2020-12-04 17:50:47] generateOTP.INFO: test [] []
[2020-12-04 17:51:09] generateOTP.INFO: test [] []
[2020-12-04 17:55:27] generateOTP.INFO: test [] []
[2020-12-04 17:55:32] generateOTP.INFO: test [] []
[2020-12-04 17:56:16] generateOTP.INFO: test [] []
[2020-12-04 17:56:27] generateOTP.INFO: test [] []
[2020-12-04 17:56:51] generateOTP.INFO: test [] []
[2020-12-04 18:04:15] generateOTP.INFO: test [] []
[2020-12-04 18:05:40] generateOTP.INFO: test [] []
[2020-12-04 18:06:33] generateOTP.INFO: test [] []
[2020-12-04 18:08:45] generateOTP.INFO: test [] []
[2020-12-04 18:08:58] generateOTP.INFO: {"salutation":"1","firstname":"test","lastname":"BANKING","dob":"19-12-1988","mob_no":"7010444138","panCard":"XXXXXX456A","email":"jack@gmail.com","ref1":"1","ref2":"1","comAdd":"Om hrad ntalatiof, holOmshre, talathioficeeachol, OmshreeSada9talathi","city":"MUMBAI","state":"MAHARASHTRA","pin_code":"622103","ISNRI":"N","update_emp_id":"623879","edit":"0","policy_no":"454,455","subtype_text":"1","sum_insure":"500000","anuual_income":"","occupation":"1","familyConstruct":"1A","family_members_id":"0","family_gender":"Male","first_name":"test","last_name":"BANKING","family_date_birth":"19-12-1988","age":"31","age_type":" years","tenure":"1 Year","family_id":"","s_date":"","marriage_date":"","premium":"8000","policyNo":"454,455","familyDataType":"undefined","empId":"623879","product":"RMxC5efb5c5a320e7","declare":"[]","gender":"Male","gci_options":"Yes"} [] []
[2020-12-04 18:09:31] documentsSave.INFO: {"ops_type":"[]","ids":"486,487,488"} [] []
[2020-12-04 18:09:31] documentsSaveFiles.INFO: [] [] []
[2020-12-04 18:09:35] generateOTP.INFO: test [] []
[2020-12-04 18:09:56] generateOTP.INFO: test [] []
[2020-12-04 18:10:05] generateOTP.INFO: test [] []
[2020-12-04 18:11:55] generateOTP.INFO: test [] []
[2020-12-04 18:12:16] generateOTP.INFO: test [] []
[2020-12-04 18:12:20] generateOTP.INFO: test [] []
[2020-12-04 18:13:09] generateOTP.INFO: test [] []
[2020-12-04 18:13:14] generateOTP.INFO: test [] []
[2020-12-04 18:20:45] generateOTP.INFO: test [] []
[2020-12-04 18:24:23] generateOTP.INFO: test [] []
[2020-12-04 18:24:41] generateOTP.INFO: test [] []
[2020-12-04 18:24:44] generateOTP.INFO: test [] []
[2020-12-04 18:25:00] generateOTP.INFO: test [] []
[2020-12-04 18:28:23] generateOTP.INFO: test [] []
[2020-12-04 18:28:39] generateOTP.INFO: test [] []
[2020-12-04 18:29:18] generateOTP.INFO: test [] []
[2020-12-04 18:29:19] generateOTP.INFO: test [] []
[2020-12-04 18:29:23] generateOTP.INFO: test [] []
[2020-12-04 18:29:40] generateOTP.INFO: test [] []
[2020-12-04 18:31:21] generateOTP.INFO: test [] []
[2020-12-04 18:33:02] generateOTP.INFO: test [] []
[2020-12-04 18:33:27] generateOTP.INFO: test [] []
[2020-12-04 18:33:30] generateOTP.INFO: test [] []
[2020-12-04 18:33:59] generateOTP.INFO: test [] []
[2020-12-04 18:35:00] generateOTP.INFO: test [] []
[2020-12-04 18:37:37] generateOTP.INFO: test [] []
[2020-12-04 18:39:17] generateOTP.INFO: test [] []
[2020-12-04 18:46:34] generateOTP.INFO: test [] []
[2020-12-04 18:46:34] generateOTP.INFO: test [] []
[2020-12-04 18:46:40] generateOTP.INFO: test [] []
[2020-12-04 18:46:41] generateOTP.INFO: test [] []
[2020-12-04 18:51:21] generateOTP.INFO: test [] []
[2020-12-04 18:51:22] generateOTP.INFO: test [] []
[2020-12-04 18:52:00] generateOTP.INFO: test [] []
[2020-12-04 18:52:09] generateOTP.INFO: test [] []
[2020-12-04 18:52:37] generateOTP.INFO: test [] []
[2020-12-04 18:52:37] generateOTP.INFO: test [] []
[2020-12-04 18:52:38] generateOTP.INFO: test [] []
[2020-12-04 18:52:42] generateOTP.INFO: test [] []
[2020-12-04 18:52:42] generateOTP.INFO: test [] []
[2020-12-04 18:53:00] generateOTP.INFO: test [] []
[2020-12-04 18:53:12] generateOTP.INFO: test [] []
[2020-12-04 18:53:15] generateOTP.INFO: test [] []
[2020-12-04 18:53:43] generateOTP.INFO: test [] []
[2020-12-04 18:53:45] generateOTP.INFO: test [] []
[2020-12-04 18:53:47] generateOTP.INFO: test [] []
[2020-12-04 18:54:17] generateOTP.INFO: test [] []
[2020-12-04 19:04:26] generateOTP.INFO: test [] []
[2020-12-04 19:04:26] generateOTP.INFO: test [] []
[2020-12-04 19:04:27] generateOTP.INFO: test [] []
[2020-12-04 19:04:36] generateOTP.INFO: test [] []
[2020-12-04 19:04:51] generateOTP.INFO: test [] []
[2020-12-04 19:06:57] generateOTP.INFO: test [] []
[2020-12-04 19:07:31] generateOTP.INFO: test [] []
[2020-12-04 19:07:55] generateOTP.INFO: test [] []
[2020-12-04 19:12:37] generateOTP.INFO: test [] []
[2020-12-04 19:12:56] generateOTP.INFO: test [] []
[2020-12-04 19:15:13] generateOTP.INFO: test [] []
[2020-12-04 19:23:45] generateOTP.INFO: test [] []
[2020-12-04 19:23:47] generateOTP.INFO: test [] []
[2020-12-04 19:24:05] generateOTP.INFO: test [] []
[2020-12-04 19:25:00] generateOTP.INFO: test [] []
[2020-12-04 19:27:16] generateOTP.INFO: test [] []
[2020-12-04 19:28:09] generateOTP.INFO: test [] []
[2020-12-04 19:29:11] generateOTP.INFO: test [] []
[2020-12-04 19:35:48] generateOTP.INFO: test [] []
[2020-12-04 19:35:50] generateOTP.INFO: test [] []
[2020-12-04 19:35:50] generateOTP.INFO: test [] []
[2020-12-04 19:35:55] generateOTP.INFO: test [] []
[2020-12-04 19:35:55] generateOTP.INFO: test [] []
[2020-12-04 19:36:05] generateOTP.INFO: test [] []
[2020-12-04 19:36:27] generateOTP.INFO: test [] []
[2020-12-04 19:37:22] generateOTP.INFO: test [] []
[2020-12-04 19:37:29] generateOTP.INFO: test [] []
[2020-12-04 19:40:50] generateOTP.INFO: test [] []
[2020-12-04 19:40:56] generateOTP.INFO: test [] []
[2020-12-04 19:41:35] generateOTP.INFO: test [] []
[2020-12-04 19:44:33] generateOTP.INFO: test [] []
[2020-12-04 19:44:34] generateOTP.INFO: test [] []
[2020-12-04 19:44:37] generateOTP.INFO: test [] []
[2020-12-04 19:44:52] generateOTP.INFO: test [] []
[2020-12-04 19:44:57] generateOTP.INFO: test [] []
[2020-12-04 19:44:58] generateOTP.INFO: test [] []
[2020-12-04 19:45:04] generateOTP.INFO: test [] []
[2020-12-04 19:45:05] generateOTP.INFO: test [] []
[2020-12-04 19:45:08] generateOTP.INFO: test [] []
[2020-12-04 19:45:10] generateOTP.INFO: test [] []
[2020-12-04 19:45:12] generateOTP.INFO: test [] []
[2020-12-04 19:45:25] generateOTP.INFO: test [] []
[2020-12-04 19:45:25] generateOTP.INFO: test [] []
[2020-12-04 19:45:25] generateOTP.INFO: test [] []
[2020-12-04 19:45:33] generateOTP.INFO: test [] []
[2020-12-04 19:45:45] generateOTP.INFO: test [] []
[2020-12-04 19:46:32] generateOTP.INFO: test [] []
[2020-12-04 19:47:26] generateOTP.INFO: test [] []
[2020-12-04 19:47:47] generateOTP.INFO: test [] []
[2020-12-04 19:58:41] generateOTP.INFO: test [] []
[2020-12-04 19:58:42] generateOTP.INFO: test [] []
[2020-12-04 19:58:48] generateOTP.INFO: test [] []
[2020-12-04 19:59:35] generateOTP.INFO: test [] []
[2020-12-04 19:59:36] generateOTP.INFO: test [] []
[2020-12-04 19:59:38] generateOTP.INFO: test [] []
[2020-12-04 19:59:38] generateOTP.INFO: test [] []
[2020-12-04 20:06:11] generateOTP.INFO: test [] []
[2020-12-04 20:06:59] generateOTP.INFO: test [] []
[2020-12-04 20:10:31] generateOTP.INFO: test [] []
[2020-12-04 20:14:07] generateOTP.INFO: test [] []
[2020-12-04 20:14:08] generateOTP.INFO: test [] []
[2020-12-04 20:14:22] generateOTP.INFO: test [] []
[2020-12-04 20:14:23] generateOTP.INFO: test [] []
[2020-12-04 20:14:23] generateOTP.INFO: test [] []
[2020-12-04 20:14:28] generateOTP.INFO: test [] []
[2020-12-04 20:14:28] generateOTP.INFO: test [] []
[2020-12-04 20:16:09] generateOTP.INFO: test [] []
[2020-12-04 20:17:21] generateOTP.INFO: test [] []
[2020-12-04 20:17:27] generateOTP.INFO: test [] []
[2020-12-04 20:17:36] generateOTP.INFO: test [] []
[2020-12-04 20:17:49] generateOTP.INFO: test [] []
[2020-12-04 20:17:55] generateOTP.INFO: test [] []
[2020-12-04 20:18:06] generateOTP.INFO: test [] []
[2020-12-04 20:18:27] generateOTP.INFO: test [] []
[2020-12-04 20:18:40] generateOTP.INFO: test [] []
[2020-12-04 20:19:03] generateOTP.INFO: test [] []
[2020-12-04 20:19:04] generateOTP.INFO: test [] []
[2020-12-04 20:19:14] generateOTP.INFO: test [] []
[2020-12-04 20:19:20] generateOTP.INFO: test [] []
[2020-12-04 20:19:32] generateOTP.INFO: test [] []
[2020-12-04 20:27:09] generateOTP.INFO: test [] []
[2020-12-04 21:06:47] generateOTP.INFO: test [] []
[2020-12-04 21:11:01] generateOTP.INFO: test [] []
[2020-12-04 21:56:04] generateOTP.INFO: test [] []
[2020-12-04 21:56:06] generateOTP.INFO: test [] []
[2020-12-04 21:56:10] generateOTP.INFO: test [] []
[2020-12-04 21:56:36] generateOTP.INFO: test [] []
