[2020-03-05 10:30:35] generateOTP.INFO: test [] []
[2020-03-05 10:30:37] generateOTP.INFO: test [] []
[2020-03-05 10:30:43] generateOTP.INFO: test [] []
[2020-03-05 10:30:43] generateOTP.INFO: test [] []
[2020-03-05 10:31:56] generateOTP.INFO: {"edit":"0","policy_no":"378","subtype_text":"1","sum_insure":"800000","familyConstruct":"1A","tenure":"1 Year","family_members_id":"0","family_gender":"Male","first_name":"erg","middle_name":"rgtrgr","last_name":"fvvg","family_date_birth":"01-03-1990","age":"30","age_type":"years","family_id":"","s_date":"","marriage_date":"","premium_parent":"","contri_parent":"","premium":"5799","policyNo":"378","familyDataType":"family_construct","empId":"620138","product":"QBTv5db9151ad1c21","declare":"[]","abc":"2a+2k"} [] []
[2020-03-05 10:32:11] generateOTP.INFO: {"edit":"0","subtype_text":"3","policy_no":"379","sum_insure":"500000","familyConstruct":"1A","tenure":"1 Year","family_members_id":"0","family_gender":"Male","first_name":"erg","middle_name":"rgtrgr","last_name":"fvvg","family_date_birth":"01-03-1990","age":"30","age_type":"years","family_id":"","s_date":"","marriage_date":"","premium_parent":"","contri_parent":"","premium":"2099","policyNo":"379","familyDataType":"family_construct","product":"QBTv5db9151ad1c21","empId":"620138"} [] []
[2020-03-05 10:35:35] documentsSave.INFO: {"ops_type":"[\"Enrollment form\",\"Cheque Copy\",\"Birth_Certificate\"]","ext0":"undefined","ext1":"undefined","ext2":"undefined","ids":"25,26","update_datas":"undefined","emp_id":"620138"} [] []
[2020-03-05 10:35:35] documentsSaveFiles.INFO: [{"name":"Penguins.jpg","type":"image\/jpeg","tmp_name":"\/tmp\/phpkoi68m","error":0,"size":777835},{"name":"Penguins.jpg","type":"image\/jpeg","tmp_name":"\/tmp\/phpSbSie4","error":0,"size":777835},{"name":"Tulips.jpg","type":"image\/jpeg","tmp_name":"\/tmp\/phpX6SEmM","error":0,"size":620888}] [] []
[2020-03-05 10:35:38] generateOTP.INFO: test [] []
[2020-03-05 10:35:44] generateOTP.INFO: test [] []
[2020-03-05 10:35:44] generateOTP.INFO: test [] []
[2020-03-05 10:37:19] generateOTP.INFO: test [] []
[2020-03-05 10:37:19] generateOTP.INFO: test [] []
[2020-03-05 10:38:53] generateOTP.INFO: {"edit":"0","policy_no":"378","subtype_text":"1","sum_insure":"800000","familyConstruct":"2A","tenure":"1 Year","family_members_id":"1","family_gender":"Female","first_name":"hth","middle_name":"fdghbr","last_name":"rtthr","family_date_birth":"20-03-1969","age":"50","age_type":"years","family_id":"","s_date":"","marriage_date":"","premium_parent":"","contri_parent":"","premium":"6699","policyNo":"378","familyDataType":"family_construct","empId":"620139","product":"QBTv5db9151ad1c21","declare":"[]","abc":"2a+2k"} [] []
[2020-03-05 10:40:46] generateOTP.INFO: test [] []
[2020-03-05 10:41:45] generateOTP.INFO: test [] []
[2020-03-05 10:43:48] generateOTP.INFO: test [] []
[2020-03-05 10:43:51] generateOTP.INFO: test [] []
[2020-03-05 11:07:11] generateOTP.INFO: test [] []
[2020-03-05 11:07:16] generateOTP.INFO: test [] []
[2020-03-05 11:07:17] generateOTP.INFO: test [] []
[2020-03-05 11:07:52] generateOTP.INFO: test [] []
[2020-03-05 11:07:52] generateOTP.INFO: test [] []
[2020-03-05 11:08:00] generateOTP.INFO: test [] []
[2020-03-05 11:08:00] generateOTP.INFO: test [] []
[2020-03-05 11:08:11] generateOTP.INFO: test [] []
[2020-03-05 11:08:11] generateOTP.INFO: test [] []
[2020-03-05 11:08:24] generateOTP.INFO: test [] []
[2020-03-05 11:08:25] generateOTP.INFO: test [] []
[2020-03-05 11:10:34] generateOTP.INFO: test [] []
[2020-03-05 11:10:35] generateOTP.INFO: test [] []
[2020-03-05 11:11:15] generateOTP.INFO: test [] []
[2020-03-05 11:11:15] generateOTP.INFO: test [] []
[2020-03-05 11:11:18] generateOTP.INFO: test [] []
[2020-03-05 11:11:18] generateOTP.INFO: test [] []
[2020-03-05 11:13:18] generateOTP.INFO: {"edit":"0","policy_no":"378","subtype_text":"1","sum_insure":"800000","familyConstruct":"1A","tenure":"1 Year","family_members_id":"0","family_gender":"Male","first_name":"efeec","middle_name":"","last_name":"erfrfre","family_date_birth":"02-03-1983","age":"37","age_type":"years","family_id":"","s_date":"","marriage_date":"","premium_parent":"","contri_parent":"","premium":"5799","policyNo":"378","familyDataType":"family_construct","empId":"620141","product":"QBTv5db9151ad1c21","declare":"[]","abc":"2a+2k"} [] []
[2020-03-05 11:13:52] generateOTP.INFO: {"edit":"0","subtype_text":"3","policy_no":"379","sum_insure":"500000","familyConstruct":"2A","tenure":"1 Year","family_members_id":"1","family_gender":"Female","first_name":"guguyy","middle_name":"esdv","last_name":"egreg","family_date_birth":"07-03-1991","age":"28","age_type":"years","family_id":"","s_date":"","marriage_date":"","premium_parent":"","contri_parent":"","premium":"4198","policyNo":"379","familyDataType":"family_construct","product":"QBTv5db9151ad1c21","empId":"620141"} [] []
[2020-03-05 11:14:54] generateOTP.INFO: {"edit":"0","subtype_text":"3","policy_no":"379","sum_insure":"500000","familyConstruct":"2A","tenure":"1 Year","family_members_id":"0","family_gender":"Male","first_name":"efeec","middle_name":"","last_name":"erfrfre","family_date_birth":"02-03-1983","age":"37","age_type":"years","family_id":"","s_date":"","marriage_date":"","premium_parent":"","contri_parent":"","premium":"4198","policyNo":"379","familyDataType":"family_construct","product":"QBTv5db9151ad1c21","empId":"620141"} [] []
[2020-03-05 11:15:00] generateOTP.INFO: {"edit":"0","subtype_text":"3","policy_no":"379","sum_insure":"500000","familyConstruct":"2A","tenure":"1 Year","family_members_id":"0","family_gender":"Male","first_name":"efeec","middle_name":"","last_name":"erfrfre","family_date_birth":"02-03-1983","age":"37","age_type":"years","family_id":"","s_date":"","marriage_date":"","premium_parent":"","contri_parent":"","premium":"4198","policyNo":"379","familyDataType":"family_construct","product":"QBTv5db9151ad1c21","empId":"620141"} [] []
[2020-03-05 11:15:04] generateOTP.INFO: {"edit":"0","subtype_text":"3","policy_no":"379","sum_insure":"500000","familyConstruct":"2A","tenure":"1 Year","family_members_id":"1","family_gender":"Female","first_name":"guguyy","middle_name":"esdv","last_name":"egreg","family_date_birth":"07-03-1991","age":"28","age_type":"years","family_id":"","s_date":"","marriage_date":"","premium_parent":"","contri_parent":"","premium":"4198","policyNo":"379","familyDataType":"family_construct","product":"QBTv5db9151ad1c21","empId":"620141"} [] []
[2020-03-05 11:15:19] generateOTP.INFO: {"edit":"0","subtype_text":"3","policy_no":"379","sum_insure":"500000","familyConstruct":"1A","tenure":"1 Year","family_members_id":"0","family_gender":"Male","first_name":"efeec","middle_name":"","last_name":"erfrfre","family_date_birth":"02-03-1983","age":"37","age_type":"years","family_id":"","s_date":"","marriage_date":"","premium_parent":"","contri_parent":"","premium":"2099","policyNo":"379","familyDataType":"family_construct","product":"QBTv5db9151ad1c21","empId":"620141"} [] []
[2020-03-05 11:15:26] documentsSave.INFO: {"ops_type":"[\"Enrollment form\",\"Cheque Copy\"]","ext0":"undefined","ext1":"undefined","ids":"28,29","update_datas":"undefined","emp_id":"620141"} [] []
[2020-03-05 11:15:26] documentsSaveFiles.INFO: [{"name":"Penguins.jpg","type":"image\/jpeg","tmp_name":"\/tmp\/phpLvQUMP","error":0,"size":777835},{"name":"Penguins.jpg","type":"image\/jpeg","tmp_name":"\/tmp\/phpy1zeSZ","error":0,"size":777835}] [] []
[2020-03-05 11:15:45] generateOTP.INFO: test [] []
[2020-03-05 11:15:54] generateOTP.INFO: test [] []
[2020-03-05 11:15:57] generateOTP.INFO: test [] []
[2020-03-05 11:16:10] generateOTP.INFO: test [] []
[2020-03-05 11:16:13] generateOTP.INFO: test [] []
[2020-03-05 11:17:20] generateOTP.INFO: test [] []
[2020-03-05 11:17:20] generateOTP.INFO: test [] []
[2020-03-05 11:18:06] generateOTP.INFO: {"edit":"0","subtype_text":"3","policy_no":"379","sum_insure":"500000","familyConstruct":"1A","tenure":"1 Year","family_members_id":"0","family_gender":"Male","first_name":"jnhgbfvd","middle_name":"","last_name":"fgbdc","family_date_birth":"19-03-1986","age":"33","age_type":"years","family_id":"","s_date":"","marriage_date":"","premium_parent":"","contri_parent":"","premium":"2099","policyNo":"379","familyDataType":"family_construct","product":"QBTv5db9151ad1c21","empId":"620142"} [] []
[2020-03-05 11:18:47] documentsSave.INFO: {"ops_type":"[\"Enrollment form\",\"Cheque Copy\",\"Birth_Certificate\"]","ext0":"undefined","ext1":"undefined","ext2":"undefined","ids":"30","update_datas":"undefined","emp_id":"620142"} [] []
[2020-03-05 11:18:47] documentsSaveFiles.INFO: [{"name":"Tulips.jpg","type":"image\/jpeg","tmp_name":"\/tmp\/phpo5PAXO","error":0,"size":620888},{"name":"Tulips.jpg","type":"image\/jpeg","tmp_name":"\/tmp\/phpjc4OYW","error":0,"size":620888},{"name":"Tulips.jpg","type":"image\/jpeg","tmp_name":"\/tmp\/phpWYOrw6","error":0,"size":620888}] [] []
[2020-03-05 11:18:50] generateOTP.INFO: test [] []
[2020-03-05 11:18:56] generateOTP.INFO: test [] []
[2020-03-05 11:19:45] generateOTP.INFO: test [] []
[2020-03-05 11:20:17] generateOTP.INFO: test [] []
[2020-03-05 11:20:32] generateOTP.INFO: test [] []
[2020-03-05 11:20:38] generateOTP.INFO: test [] []
[2020-03-05 11:25:30] generateOTP.INFO: test [] []
[2020-03-05 11:27:31] generateOTP.INFO: test [] []
[2020-03-05 11:27:31] generateOTP.INFO: test [] []
[2020-03-05 11:30:42] generateOTP.INFO: test [] []
[2020-03-05 11:31:12] generateOTP.INFO: test [] []
[2020-03-05 11:31:26] generateOTP.INFO: test [] []
[2020-03-05 11:37:23] generateOTP.INFO: {"edit":"0","policy_no":"378","subtype_text":"1","sum_insure":"800000","familyConstruct":"2A+1K","tenure":"1 Year","family_members_id":"0","family_gender":"Male","first_name":"fgg","middle_name":"gh","last_name":"fg","family_date_birth":"18-03-1988","age":"31","age_type":"years","family_id":"","s_date":"","marriage_date":"","premium_parent":"","contri_parent":"","premium":"7099","policyNo":"378","familyDataType":"family_construct","empId":"620143","product":"QBTv5db9151ad1c21","declare":"[]","abc":"2a+2k"} [] []
[2020-03-05 11:37:48] generateOTP.INFO: {"edit":"0","policy_no":"378","subtype_text":"1","sum_insure":"800000","familyConstruct":"2A+1K","tenure":"1 Year","family_members_id":"1","family_gender":"Female","first_name":"tytr","middle_name":"yrt","last_name":"rt","family_date_birth":"29-03-2001","age":"18","age_type":"years","family_id":"","s_date":"","marriage_date":"","premium_parent":"","contri_parent":"","premium":"7099","policyNo":"378","familyDataType":"family_construct","empId":"620143","product":"QBTv5db9151ad1c21","declare":"[]","abc":"2a+2k"} [] []
[2020-03-05 11:38:52] generateOTP.INFO: test [] []
[2020-03-05 11:39:24] generateOTP.INFO: {"edit":"0","policy_no":"378","subtype_text":"1","sum_insure":"800000","familyConstruct":"2A+1K","tenure":"1 Year","family_members_id":"1","family_gender":"Female","first_name":"ff","middle_name":"adf","last_name":"fadf","family_date_birth":"24-03-1993","age":"26","age_type":"years","family_id":"","s_date":"","marriage_date":"","premium_parent":"","contri_parent":"","premium":"7099","policyNo":"378","familyDataType":"family_construct","empId":"620143","product":"QBTv5db9151ad1c21","declare":"[]","abc":"2a+2k"} [] []
[2020-03-05 11:39:37] generateOTP.INFO: {"edit":"0","policy_no":"378","subtype_text":"1","sum_insure":"800000","familyConstruct":"2A+1K","tenure":"1 Year","family_members_id":"2","family_gender":"Male","first_name":"df","middle_name":"adf","last_name":"asf","family_date_birth":"10-03-2005","age":"14","age_type":"years","family_id":"","s_date":"","marriage_date":"","premium_parent":"","contri_parent":"","premium":"7099","policyNo":"378","familyDataType":"family_construct","empId":"620143","product":"QBTv5db9151ad1c21","declare":"[]","abc":"2a+2k"} [] []
[2020-03-05 11:39:48] generateOTP.INFO: {"edit":"0","policy_no":"378","subtype_text":"1","sum_insure":"800000","familyConstruct":"2A+1K","tenure":"1 Year","family_members_id":"3","family_gender":"Female","first_name":"asf","middle_name":"asf","last_name":"asf","family_date_birth":"08-03-1995","age":"24","age_type":"years","family_id":"","s_date":"","marriage_date":"","premium_parent":"","contri_parent":"","premium":"7099","policyNo":"378","familyDataType":"family_construct","empId":"620143","product":"QBTv5db9151ad1c21","declare":"[]","abc":"2a+2k"} [] []
[2020-03-05 12:33:30] generateOTP.INFO: test [] []
[2020-03-05 12:33:30] generateOTP.INFO: test [] []
[2020-03-05 12:33:36] generateOTP.INFO: test [] []
[2020-03-05 12:33:36] generateOTP.INFO: test [] []
[2020-03-05 12:40:24] generateOTP.INFO: test [] []
[2020-03-05 12:41:11] generateOTP.INFO: test [] []
[2020-03-05 12:46:02] generateOTP.INFO: test [] []
[2020-03-05 12:46:06] generateOTP.INFO: test [] []
[2020-03-05 12:46:09] generateOTP.INFO: test [] []
[2020-03-05 12:46:09] generateOTP.INFO: test [] []
[2020-03-05 12:47:05] generateOTP.INFO: test [] []
[2020-03-05 14:49:27] generateOTP.INFO: test [] []
[2020-03-05 14:53:49] generateOTP.INFO: test [] []
[2020-03-05 14:53:52] generateOTP.INFO: test [] []
[2020-03-05 14:55:47] generateOTP.INFO: test [] []
[2020-03-05 14:55:47] generateOTP.INFO: test [] []
[2020-03-05 14:56:00] generateOTP.INFO: test [] []
[2020-03-05 14:56:01] generateOTP.INFO: test [] []
[2020-03-05 14:57:07] generateOTP.INFO: test [] []
[2020-03-05 14:57:07] generateOTP.INFO: test [] []
[2020-03-05 14:57:21] generateOTP.INFO: test [] []
[2020-03-05 15:03:21] generateOTP.INFO: test [] []
[2020-03-05 15:04:06] generateOTP.INFO: test [] []
[2020-03-05 15:04:14] generateOTP.INFO: test [] []
[2020-03-05 15:04:21] generateOTP.INFO: test [] []
[2020-03-05 15:05:11] generateOTP.INFO: test [] []
[2020-03-05 15:05:12] generateOTP.INFO: test [] []
[2020-03-05 15:05:14] generateOTP.INFO: test [] []
[2020-03-05 15:05:14] generateOTP.INFO: test [] []
[2020-03-05 15:06:04] generateOTP.INFO: test [] []
[2020-03-05 15:06:06] generateOTP.INFO: test [] []
[2020-03-05 15:25:19] generateOTP.INFO: test [] []
[2020-03-05 15:25:20] generateOTP.INFO: test [] []
[2020-03-05 15:28:44] generateOTP.INFO: test [] []
[2020-03-05 15:28:45] generateOTP.INFO: test [] []
[2020-03-05 15:28:52] generateOTP.INFO: test [] []
[2020-03-05 15:28:52] generateOTP.INFO: test [] []
[2020-03-05 15:28:59] generateOTP.INFO: test [] []
[2020-03-05 15:36:08] generateOTP.INFO: test [] []
[2020-03-05 15:36:09] generateOTP.INFO: test [] []
[2020-03-05 15:36:14] generateOTP.INFO: test [] []
[2020-03-05 15:36:14] generateOTP.INFO: test [] []
[2020-03-05 15:40:06] generateOTP.INFO: test [] []
[2020-03-05 15:40:07] generateOTP.INFO: test [] []
[2020-03-05 15:41:50] generateOTP.INFO: test [] []
[2020-03-05 15:41:59] generateOTP.INFO: test [] []
[2020-03-05 15:42:02] generateOTP.INFO: test [] []
[2020-03-05 15:42:03] generateOTP.INFO: test [] []
[2020-03-05 15:42:06] generateOTP.INFO: test [] []
[2020-03-05 15:42:10] generateOTP.INFO: test [] []
[2020-03-05 15:42:14] generateOTP.INFO: test [] []
[2020-03-05 15:42:19] generateOTP.INFO: test [] []
[2020-03-05 15:42:22] generateOTP.INFO: test [] []
[2020-03-05 15:42:23] generateOTP.INFO: test [] []
