[2020-09-05 10:07:05] generateOTP.INFO: test [] []
[2020-09-05 10:07:31] generateOTP.INFO: {"salutation":"1","firstname":"test","lastname":"BANKING","dob":"19-12-1988","mob_no":"7010444138","panCard":"XXXXXX456A","email":"jack@gmail.com","ref1":"1","ref2":"1","comAdd":"Om hrad ntalatiof, holOmshre, talathioficeeachol, OmshreeSada9talathi","city":"MUMBAI","state":"MAHARASHTRA","pin_code":"622103","ISNRI":"N","update_emp_id":"623132","edit":"0","policy_no":"392,393","subtype_text":"1","sum_insure":"500000","anuual_income":"","familyConstruct":"1A","family_members_id":"0","family_gender":"Male","first_name":"test","last_name":"BANKING","family_date_birth":"19-12-1988","age":"31","age_type":" years","tenure":"1 Year","family_id":"","s_date":"","marriage_date":"","premium":"8399.9952","policyNo":"392,393","familyDataType":"undefined","empId":"623132","product":"iWL65dcd54d9c5a65","declare":"[]","gender":"Male","gci_options":"Yes"} [] []
[2020-09-05 10:07:50] generateOTP.INFO: test [] []
[2020-09-05 10:08:47] generateOTP.INFO: test [] []
[2020-09-05 10:08:59] generateOTP.INFO: {"salutation":"1","firstname":"test","lastname":"BANKING","dob":"19-12-1988","mob_no":"7010444138","panCard":"XXXXXX456A","email":"jack@gmail.com","ref1":"1","ref2":"1","comAdd":"Om hrad ntalatiof, holOmshre, talathioficeeachol, OmshreeSada9talathi","city":"MUMBAI","state":"MAHARASHTRA","pin_code":"622103","ISNRI":"N","update_emp_id":"623133","edit":"0","policy_no":"460,461","subtype_text":"1","sum_insure":"500000","anuual_income":"","occupation":"1","familyConstruct":"1A","family_members_id":"0","family_gender":"Male","first_name":"test","last_name":"BANKING","family_date_birth":"19-12-1988","age":"31","age_type":" years","tenure":"1 Year","premiumgci":"0","family_id":"","s_date":"","marriage_date":"","premium":"undefined","policyNo":"460,461","familyDataType":"undefined","empId":"623133","product":"YFsa5f4cb15ead28c","declare":"[]","gender":"Male","gci_options":"Yes"} [] []
[2020-09-05 10:09:15] generateOTP.INFO: test [] []
[2020-09-05 10:09:39] generateOTP.INFO: test [] []
[2020-09-05 10:16:00] generateOTP.INFO: test [] []
[2020-09-05 10:16:14] generateOTP.INFO: test [] []
[2020-09-05 10:17:08] generateOTP.INFO: test [] []
[2020-09-05 10:17:22] generateOTP.INFO: {"salutation":"1","firstname":"test","lastname":"BANKING","dob":"19-12-1988","mob_no":"7010444138","panCard":"XXXXXX456A","email":"jack@gmail.com","ref1":"1","ref2":"1","comAdd":"Om hrad ntalatiof, holOmshre, talathioficeeachol, OmshreeSada9talathi","city":"MUMBAI","state":"MAHARASHTRA","pin_code":"622103","ISNRI":"N","update_emp_id":"623134","edit":"0","policy_no":"392,393","subtype_text":"1","sum_insure":"500000","anuual_income":"","familyConstruct":"1A","family_members_id":"0","family_gender":"Male","first_name":"test","last_name":"BANKING","family_date_birth":"19-12-1988","age":"31","age_type":" years","tenure":"1 Year","family_id":"","s_date":"","marriage_date":"","premium":"8399.9952","policyNo":"392,393","familyDataType":"undefined","empId":"623134","product":"iWL65dcd54d9c5a65","declare":"[]","gender":"Male","gci_options":"Yes"} [] []
[2020-09-05 10:17:31] generateOTP.INFO: test [] []
[2020-09-05 10:17:48] generateOTP.INFO: test [] []
[2020-09-05 10:18:17] generateOTP.INFO: test [] []
[2020-09-05 10:21:20] generateOTP.INFO: test [] []
[2020-09-05 10:21:53] generateOTP.INFO: {"salutation":"1","firstname":"test","lastname":"BANKING","dob":"19-12-1988","mob_no":"7010444138","panCard":"XXXXXX456A","email":"jack@gmail.com","ref1":"1","ref2":"1","comAdd":"Om hrad ntalatiof, holOmshre, talathioficeeachol, OmshreeSada9talathi","city":"MUMBAI","state":"MAHARASHTRA","pin_code":"622103","ISNRI":"N","update_emp_id":"623135","edit":"0","policy_no":"392,393","subtype_text":"1","sum_insure":"500000","anuual_income":"","familyConstruct":"1A","family_members_id":"0","family_gender":"Male","first_name":"test","last_name":"BANKING","family_date_birth":"19-12-1988","age":"31","age_type":" years","tenure":"1 Year","family_id":"","s_date":"","marriage_date":"","premium":"11799","policyNo":"392,393","familyDataType":"undefined","empId":"623135","product":"iWL65dcd54d9c5a65","declare":"[]","gender":"Male","gci_options":"Yes"} [] []
[2020-09-05 10:30:08] generateOTP.INFO: {"salutation":"1","firstname":"test","lastname":"BANKING","dob":"19-12-1988","mob_no":"7010444138","panCard":"XXXXXX456A","email":"jack@gmail.com","ref1":"1","ref2":"1","comAdd":"Om hrad ntalatiof, holOmshre, talathioficeeachol, OmshreeSada9talathi","city":"MUMBAI","state":"MAHARASHTRA","pin_code":"622103","ISNRI":"N","update_emp_id":"623135","edit":"0","policy_no":"392,393","subtype_text":"1","sum_insure":"500000","anuual_income":"","familyConstruct":"2A","family_members_id":"0","family_gender":"Male","first_name":"test","last_name":"BANKING","family_date_birth":"19-12-1988","age":"31","age_type":" years","tenure":"1 Year","family_id":"","s_date":"","marriage_date":"","premium":"15999","policyNo":"392,393","familyDataType":"undefined","empId":"623135","product":"iWL65dcd54d9c5a65","declare":"[]","gender":"Male","gci_options":"Yes"} [] []
[2020-09-05 10:30:45] generateOTP.INFO: test [] []
[2020-09-05 10:31:31] generateOTP.INFO: test [] []
[2020-09-05 10:35:07] generateOTP.INFO: test [] []
[2020-09-05 10:35:25] generateOTP.INFO: {"salutation":"1","firstname":"test","lastname":"BANKING","dob":"19-12-1988","mob_no":"7010444138","panCard":"XXXXXX456A","email":"jack@gmail.com","ref1":"1","ref2":"1","comAdd":"Om hrad ntalatiof, holOmshre, talathioficeeachol, OmshreeSada9talathi","city":"MUMBAI","state":"MAHARASHTRA","pin_code":"622103","ISNRI":"N","update_emp_id":"623137","edit":"0","policy_no":"392,393","subtype_text":"1","sum_insure":"1000000","anuual_income":"","familyConstruct":"1A","family_members_id":"0","family_gender":"Male","first_name":"test","last_name":"BANKING","family_date_birth":"19-12-1988","age":"31","age_type":" years","tenure":"1 Year","family_id":"","s_date":"","marriage_date":"","premium":"15699","policyNo":"392,393","familyDataType":"undefined","empId":"623137","product":"iWL65dcd54d9c5a65","declare":"[]","gender":"Male","gci_options":"Yes"} [] []
[2020-09-05 10:36:24] generateOTP.INFO: test [] []
[2020-09-05 10:36:39] generateOTP.INFO: {"salutation":"1","firstname":"test","lastname":"BANKING","dob":"19-12-1988","mob_no":"7010444138","panCard":"XXXXXX456A","email":"jack@gmail.com","ref1":"1","ref2":"1","comAdd":"Om hrad ntalatiof, holOmshre, talathioficeeachol, OmshreeSada9talathi","city":"MUMBAI","state":"MAHARASHTRA","pin_code":"622103","ISNRI":"N","update_emp_id":"623138","edit":"0","policy_no":"454,455","subtype_text":"1","sum_insure":"500000","anuual_income":"","occupation":"1","familyConstruct":"1A","family_members_id":"0","family_gender":"Male","first_name":"test","last_name":"BANKING","family_date_birth":"19-12-1988","age":"31","age_type":" years","tenure":"1 Year","family_id":"","s_date":"","marriage_date":"","premium":"8000","policyNo":"454,455","familyDataType":"undefined","empId":"623138","product":"RMxC5efb5c5a320e7","declare":"[]","gender":"Male","gci_options":"Yes"} [] []
[2020-09-05 10:37:17] generateOTP.INFO: test [] []
[2020-09-05 10:37:40] generateOTP.INFO: {"salutation":"2","firstname":"Swati","lastname":"Shinde","dob":"19-12-1988","mob_no":"7010444138","panCard":"XXXXXX456A","email":"jack@gmail.com","ref1":"1","ref2":"1","comAdd":"Om hrad ntalatiof, holOmshre, talathioficeeachol, OmshreeSada9talathi","city":"MUMBAI","state":"MAHARASHTRA","pin_code":"622103","ISNRI":"N","update_emp_id":"623139","edit":"0","policy_no":"392,393","subtype_text":"1","sum_insure":"1000000","anuual_income":"","familyConstruct":"2A","family_members_id":"0","family_gender":"Female","first_name":"Swati","last_name":"Shinde","family_date_birth":"19-12-1988","age":"31","age_type":" years","tenure":"1 Year","family_id":"","s_date":"","marriage_date":"","premium":"21499","policyNo":"392,393","familyDataType":"undefined","empId":"623139","product":"iWL65dcd54d9c5a65","declare":"[]","gender":"Female","gci_options":"Yes"} [] []
[2020-09-05 10:38:06] generateOTP.INFO: {"salutation":"2","firstname":"Swati","lastname":"Shinde","dob":"19-12-1988","mob_no":"7010444138","panCard":"XXXXXX456A","email":"jack@gmail.com","ref1":"1","ref2":"1","comAdd":"Om hrad ntalatiof, holOmshre, talathioficeeachol, OmshreeSada9talathi","city":"MUMBAI","state":"MAHARASHTRA","pin_code":"622103","ISNRI":"N","update_emp_id":"623139","edit":"0","policy_no":"392,393","subtype_text":"1","sum_insure":"1000000","anuual_income":"","familyConstruct":"2A","family_members_id":"1","family_gender":"Male","first_name":"kajsdkas","last_name":"ajdhajh","family_date_birth":"11-09-1987","age":"32","age_type":" years","tenure":"1 Year","family_id":"","s_date":"","marriage_date":"","premium":"21499","policyNo":"392,393","familyDataType":"undefined","empId":"623139","product":"iWL65dcd54d9c5a65","declare":"[]","gender":"Female","gci_options":"Yes"} [] []
[2020-09-05 10:39:56] generateOTP.INFO: test [] []
[2020-09-05 10:40:28] generateOTP.INFO: {"salutation":"1","firstname":"test","lastname":"BANKING","dob":"19-12-1988","mob_no":"7010444138","panCard":"XXXXXX456A","email":"jack@gmail.com","ref1":"1","ref2":"1","comAdd":"Om hrad ntalatiof, holOmshre, talathioficeeachol, OmshreeSada9talathi","city":"MUMBAI","state":"MAHARASHTRA","pin_code":"622103","ISNRI":"N","update_emp_id":"623140","edit":"0","policy_no":"454,455","subtype_text":"1","sum_insure":"1500000","anuual_income":"400000","occupation":"14","familyConstruct":"2A","family_members_id":"0","family_gender":"Male","first_name":"test","last_name":"BANKING","family_date_birth":"19-12-1988","age":"31","age_type":" years","tenure":"1 Year","family_id":"","s_date":"","marriage_date":"","premium":"17500","policyNo":"454,455","familyDataType":"undefined","empId":"623140","product":"RMxC5efb5c5a320e7","declare":"[]","gender":"Male","gci_options":"Yes"} [] []
[2020-09-05 10:40:55] generateOTP.INFO: {"salutation":"1","firstname":"test","lastname":"BANKING","dob":"19-12-1988","mob_no":"7010444138","panCard":"XXXXXX456A","email":"jack@gmail.com","ref1":"1","ref2":"1","comAdd":"Om hrad ntalatiof, holOmshre, talathioficeeachol, OmshreeSada9talathi","city":"MUMBAI","state":"MAHARASHTRA","pin_code":"622103","ISNRI":"N","update_emp_id":"623140","edit":"0","policy_no":"454,455","subtype_text":"1","sum_insure":"1500000","anuual_income":"400000","occupation":"14","familyConstruct":"2A","family_members_id":"1","family_gender":"Female","first_name":"aksjak","last_name":"ksjaksja","family_date_birth":"13-09-1991","age":"28","age_type":" years","tenure":"1 Year","family_id":"","s_date":"","marriage_date":"","premium":"17500","policyNo":"454,455","familyDataType":"undefined","empId":"623140","product":"RMxC5efb5c5a320e7","declare":"[]","gender":"Male","gci_options":"Yes"} [] []
[2020-09-05 10:43:07] generateOTP.INFO: test [] []
[2020-09-05 10:43:34] generateOTP.INFO: {"salutation":"1","firstname":"test","lastname":"BANKING","dob":"19-12-1988","mob_no":"7010444138","panCard":"XXXXXX456A","email":"jack@gmail.com","ref1":"1","ref2":"1","comAdd":"Om hrad ntalatiof, holOmshre, talathioficeeachol, OmshreeSada9talathi","city":"MUMBAI","state":"MAHARASHTRA","pin_code":"622103","ISNRI":"N","update_emp_id":"623141","edit":"0","policy_no":"460,461","subtype_text":"1","sum_insure":"2000000","anuual_income":"400000","occupation":"9","familyConstruct":"2A","family_members_id":"0","family_gender":"Male","first_name":"test","last_name":"BANKING","family_date_birth":"19-12-1988","age":"31","age_type":" years","tenure":"1 Year","premiumgci":"0","family_id":"","s_date":"","marriage_date":"","premium":"undefined","policyNo":"460,461","familyDataType":"undefined","empId":"623141","product":"YFsa5f4cb15ead28c","declare":"[]","gender":"Male","gci_options":"Yes"} [] []
[2020-09-05 10:43:40] generateOTP.INFO: test [] []
[2020-09-05 10:43:56] generateOTP.INFO: {"salutation":"1","firstname":"test","lastname":"BANKING","dob":"19-12-1988","mob_no":"7010444138","panCard":"XXXXXX456A","email":"jack@gmail.com","ref1":"1","ref2":"1","comAdd":"Om hrad ntalatiof, holOmshre, talathioficeeachol, OmshreeSada9talathi","city":"MUMBAI","state":"MAHARASHTRA","pin_code":"622103","ISNRI":"N","update_emp_id":"623142","edit":"0","policy_no":"460,461","subtype_text":"1","sum_insure":"500000","anuual_income":"","occupation":"2","familyConstruct":"1A","family_members_id":"0","family_gender":"Male","first_name":"test","last_name":"BANKING","family_date_birth":"19-12-1988","age":"31","age_type":" years","tenure":"1 Year","premiumgci":"0","family_id":"","s_date":"","marriage_date":"","premium":"undefined","policyNo":"460,461","familyDataType":"undefined","empId":"623142","product":"YFsa5f4cb15ead28c","declare":"[]","gender":"Male","gci_options":"Yes"} [] []
[2020-09-05 10:43:56] generateOTP.INFO: {"salutation":"1","firstname":"test","lastname":"BANKING","dob":"19-12-1988","mob_no":"7010444138","panCard":"XXXXXX456A","email":"jack@gmail.com","ref1":"1","ref2":"1","comAdd":"Om hrad ntalatiof, holOmshre, talathioficeeachol, OmshreeSada9talathi","city":"MUMBAI","state":"MAHARASHTRA","pin_code":"622103","ISNRI":"N","update_emp_id":"623141","edit":"0","policy_no":"460,461","subtype_text":"1","sum_insure":"2000000","anuual_income":"400000","occupation":"9","familyConstruct":"2A","family_members_id":"1","family_gender":"Female","first_name":"ksjaks","last_name":"jsahjdsa","family_date_birth":"17-09-1987","age":"32","age_type":" years","tenure":"1 Year","premiumgci":"5700","family_id":"","s_date":"","marriage_date":"","premium":"undefined","policyNo":"460,461","familyDataType":"undefined","empId":"623141","product":"YFsa5f4cb15ead28c","declare":"[]","gender":"Male","gci_options":"Yes"} [] []
[2020-09-05 10:51:39] generateOTP.INFO: test [] []
[2020-09-05 11:23:01] generateOTP.INFO: test [] []
[2020-09-05 11:24:41] generateOTP.INFO: test [] []
[2020-09-05 11:25:35] generateOTP.INFO: test [] []
[2020-09-05 11:25:38] generateOTP.INFO: test [] []
[2020-09-05 11:25:39] generateOTP.INFO: test [] []
[2020-09-05 11:25:49] generateOTP.INFO: test [] []
[2020-09-05 11:26:33] generateOTP.INFO: test [] []
[2020-09-05 11:30:17] generateOTP.INFO: test [] []
[2020-09-05 11:30:48] generateOTP.INFO: {"salutation":"1","firstname":"test","lastname":"BANKING","dob":"19-12-1970","mob_no":"7010444138","panCard":"XXXXXX456A","email":"jack@gmail.com","ref1":"1","ref2":"1","comAdd":"Om hrad ntalatiof, holOmshre, talathioficeeachol, OmshreeSada9talathi","city":"MUMBAI","state":"MAHARASHTRA","pin_code":"622103","ISNRI":"N","update_emp_id":"623146","edit":"0","policy_no":"403","subtype_text":"1","sum_insure":"1000000","anuual_income":"","familyConstruct":"2A","family_members_id":"0","family_gender":"Male","first_name":"test","last_name":"BANKING","family_date_birth":"19-12-1970","age":"49","age_type":" years","tenure":"1 Year","family_id":"","s_date":"","marriage_date":"","premium":"28000","policyNo":"403","familyDataType":"undefined","empId":"623146","product":"NUKc5dd5468e43707","declare":"[]","gender":"Male","gci_options":"Yes"} [] []
[2020-09-05 11:31:13] generateOTP.INFO: {"salutation":"1","firstname":"test","lastname":"BANKING","dob":"19-12-1970","mob_no":"7010444138","panCard":"XXXXXX456A","email":"jack@gmail.com","ref1":"1","ref2":"1","comAdd":"Om hrad ntalatiof, holOmshre, talathioficeeachol, OmshreeSada9talathi","city":"MUMBAI","state":"MAHARASHTRA","pin_code":"622103","ISNRI":"N","update_emp_id":"623146","edit":"0","policy_no":"403","subtype_text":"1","sum_insure":"1000000","anuual_income":"","familyConstruct":"2A","family_members_id":"1","family_gender":"Female","first_name":"ksjfdskf","last_name":"ajshajsh","family_date_birth":"07-09-1972","age":"47","age_type":" years","tenure":"1 Year","family_id":"","s_date":"","marriage_date":"","premium":"28000","policyNo":"403","familyDataType":"undefined","empId":"623146","product":"NUKc5dd5468e43707","declare":"[]","gender":"Male","gci_options":"Yes"} [] []
[2020-09-05 12:03:00] generateOTP.INFO: test [] []
[2020-09-05 12:03:44] generateOTP.INFO: test [] []
[2020-09-05 12:04:50] generateOTP.INFO: test [] []
[2020-09-05 12:07:36] generateOTP.INFO: test [] []
[2020-09-05 12:08:57] generateOTP.INFO: test [] []
[2020-09-05 12:09:20] generateOTP.INFO: test [] []
[2020-09-05 12:09:53] generateOTP.INFO: {"salutation":"1","firstname":"test","lastname":"BANKING","dob":"19-12-1988","mob_no":"7010444138","panCard":"XXXXXX456A","email":"jack@gmail.com","ref1":"1","ref2":"1","comAdd":"Om hrad ntalatiof, holOmshre, talathioficeeachol, OmshreeSada9talathi","city":"MUMBAI","state":"MAHARASHTRA","pin_code":"622103","ISNRI":"N","update_emp_id":"623149","edit":"0","policy_no":"392,393","subtype_text":"1","sum_insure":"500000","anuual_income":"","familyConstruct":"2A","family_members_id":"0","family_gender":"Male","first_name":"test","last_name":"BANKING","family_date_birth":"19-12-1988","age":"31","age_type":" years","tenure":"1 Year","family_id":"","s_date":"","marriage_date":"","premium":"15999","policyNo":"392,393","familyDataType":"undefined","empId":"623149","product":"iWL65dcd54d9c5a65","declare":"[]","gender":"Male","gci_options":"Yes"} [] []
[2020-09-05 12:10:14] generateOTP.INFO: {"salutation":"1","firstname":"test","lastname":"BANKING","dob":"19-12-1988","mob_no":"7010444138","panCard":"XXXXXX456A","email":"jack@gmail.com","ref1":"1","ref2":"1","comAdd":"Om hrad ntalatiof, holOmshre, talathioficeeachol, OmshreeSada9talathi","city":"MUMBAI","state":"MAHARASHTRA","pin_code":"622103","ISNRI":"N","update_emp_id":"623149","edit":"0","policy_no":"392,393","subtype_text":"1","sum_insure":"500000","anuual_income":"","familyConstruct":"2A","family_members_id":"1","family_gender":"Female","first_name":"akjsakjda","last_name":"ajshajs","family_date_birth":"25-09-1993","age":"26","age_type":" years","tenure":"1 Year","family_id":"","s_date":"","marriage_date":"","premium":"15999","policyNo":"392,393","familyDataType":"undefined","empId":"623149","product":"iWL65dcd54d9c5a65","declare":"[]","gender":"Male","gci_options":"Yes"} [] []
[2020-09-05 12:11:03] documentsSave.INFO: {"ops_type":"[\"0\",\"Y\"]","ids":"576,577"} [] []
[2020-09-05 12:11:03] documentsSaveFiles.INFO: [{"name":"Full Forms.jpeg","type":"image\/jpeg","tmp_name":"\/tmp\/phpDi2cH2","error":0,"size":128214},{"name":"Full Forms.jpeg","type":"image\/jpeg","tmp_name":"\/tmp\/phpMWqYU2","error":0,"size":128214}] [] []
[2020-09-05 12:13:12] generateOTP.INFO: test [] []
[2020-09-05 12:14:15] generateOTP.INFO: test [] []
[2020-09-05 12:14:37] generateOTP.INFO: {"salutation":"1","firstname":"test","lastname":"BANKING","dob":"19-12-1988","mob_no":"7010444138","panCard":"XXXXXX456A","email":"jack@gmail.com","ref1":"1","ref2":"1","comAdd":"Om hrad ntalatiof, holOmshre, talathioficeeachol, OmshreeSada9talathi","city":"MUMBAI","state":"MAHARASHTRA","pin_code":"622103","ISNRI":"N","update_emp_id":"623150","edit":"0","policy_no":"454,455","subtype_text":"1","sum_insure":"1000000","anuual_income":"","occupation":"5","familyConstruct":"2A","family_members_id":"0","family_gender":"Male","first_name":"test","last_name":"BANKING","family_date_birth":"19-12-1988","age":"31","age_type":" years","tenure":"1 Year","family_id":"","s_date":"","marriage_date":"","premium":"14500","policyNo":"454,455","familyDataType":"undefined","empId":"623150","product":"RMxC5efb5c5a320e7","declare":"[]","gender":"Male","gci_options":"Yes"} [] []
[2020-09-05 12:15:02] generateOTP.INFO: {"salutation":"1","firstname":"test","lastname":"BANKING","dob":"19-12-1988","mob_no":"7010444138","panCard":"XXXXXX456A","email":"jack@gmail.com","ref1":"1","ref2":"1","comAdd":"Om hrad ntalatiof, holOmshre, talathioficeeachol, OmshreeSada9talathi","city":"MUMBAI","state":"MAHARASHTRA","pin_code":"622103","ISNRI":"N","update_emp_id":"623150","edit":"0","policy_no":"454,455","subtype_text":"1","sum_insure":"1500000","anuual_income":"400000","occupation":"5","familyConstruct":"2A","family_members_id":"0","family_gender":"Male","first_name":"test","last_name":"BANKING","family_date_birth":"19-12-1988","age":"31","age_type":" years","tenure":"1 Year","family_id":"","s_date":"","marriage_date":"","premium":"17500","policyNo":"454,455","familyDataType":"undefined","empId":"623150","product":"RMxC5efb5c5a320e7","declare":"[]","gender":"Male","gci_options":"Yes"} [] []
[2020-09-05 12:15:22] generateOTP.INFO: {"salutation":"1","firstname":"test","lastname":"BANKING","dob":"19-12-1988","mob_no":"7010444138","panCard":"XXXXXX456A","email":"jack@gmail.com","ref1":"1","ref2":"1","comAdd":"Om hrad ntalatiof, holOmshre, talathioficeeachol, OmshreeSada9talathi","city":"MUMBAI","state":"MAHARASHTRA","pin_code":"622103","ISNRI":"N","update_emp_id":"623150","edit":"0","policy_no":"454,455","subtype_text":"1","sum_insure":"1500000","anuual_income":"400000","occupation":"5","familyConstruct":"2A","family_members_id":"1","family_gender":"Female","first_name":"lskjdlaskd","last_name":"ajdsakjds","family_date_birth":"03-09-1987","age":"33","age_type":" years","tenure":"1 Year","family_id":"","s_date":"","marriage_date":"","premium":"17500","policyNo":"454,455","familyDataType":"undefined","empId":"623150","product":"RMxC5efb5c5a320e7","declare":"[]","gender":"Male","gci_options":"Yes"} [] []
[2020-09-05 12:17:21] generateOTP.INFO: {"salutation":"1","firstname":"test","lastname":"BANKING","dob":"19-12-1988","mob_no":"7010444138","panCard":"XXXXXX456A","email":"jack@gmail.com","ref1":"1","ref2":"1","comAdd":"Om hrad ntalatiof, holOmshre, talathioficeeachol, OmshreeSada9talathi","city":"MUMBAI","state":"MAHARASHTRA","pin_code":"622103","ISNRI":"N","update_emp_id":"623150","edit":"0","policy_no":"454,455","subtype_text":"1","sum_insure":"2500000","anuual_income":"400000","occupation":"5","familyConstruct":"2A+1K","family_members_id":"2","family_gender":"Male","first_name":"kajsjka","last_name":"ajdhajd","family_date_birth":"11-09-2014","age":"5","age_type":" years","tenure":"1 Year","family_id":"","s_date":"","marriage_date":"","premium":"29000","policyNo":"454,455","familyDataType":"undefined","empId":"623150","product":"RMxC5efb5c5a320e7","declare":"[]","gender":"Male","gci_options":"Yes"} [] []
[2020-09-05 12:20:19] generateOTP.INFO: {"salutation":"1","firstname":"test","lastname":"BANKING","dob":"19-12-1988","mob_no":"7010444138","panCard":"XXXXXX456A","email":"jack@gmail.com","ref1":"1","ref2":"1","comAdd":"Om hrad ntalatiof, holOmshre, talathioficeeachol, OmshreeSada9talathi","city":"MUMBAI","state":"MAHARASHTRA","pin_code":"622103","ISNRI":"N","update_emp_id":"623150","edit":"0","policy_no":"454,455","subtype_text":"1","sum_insure":"2000000","anuual_income":"400000","occupation":"5","familyConstruct":"2A+1K","family_members_id":"2","family_gender":"Male","first_name":"ksadjak","last_name":"ajhsaj","family_date_birth":"17-09-2003","age":"16","age_type":" years","tenure":"1 Year","family_id":"","s_date":"","marriage_date":"","premium":"26000","policyNo":"454,455","familyDataType":"undefined","empId":"623150","product":"RMxC5efb5c5a320e7","declare":"[]","gender":"Male","gci_options":"Yes"} [] []
[2020-09-05 12:23:30] generateOTP.INFO: test [] []
[2020-09-05 12:24:46] generateOTP.INFO: test [] []
[2020-09-05 12:25:04] generateOTP.INFO: {"salutation":"1","firstname":"test","lastname":"BANKING","dob":"19-12-1988","mob_no":"7010444138","panCard":"XXXXXX456A","email":"jack@gmail.com","ref1":"1","ref2":"1","comAdd":"Om hrad ntalatiof, holOmshre, talathioficeeachol, OmshreeSada9talathi","city":"MUMBAI","state":"MAHARASHTRA","pin_code":"622103","ISNRI":"N","update_emp_id":"623151","edit":"0","policy_no":"392,393","subtype_text":"1","sum_insure":"500000","anuual_income":"","familyConstruct":"2A","family_members_id":"0","family_gender":"Male","first_name":"test","last_name":"BANKING","family_date_birth":"19-12-1988","age":"31","age_type":" years","tenure":"1 Year","family_id":"","s_date":"","marriage_date":"","premium":"15999","policyNo":"392,393","familyDataType":"undefined","empId":"623151","product":"iWL65dcd54d9c5a65","declare":"[]","gender":"Male","gci_options":"Yes"} [] []
[2020-09-05 12:25:29] generateOTP.INFO: {"salutation":"1","firstname":"test","lastname":"BANKING","dob":"19-12-1988","mob_no":"7010444138","panCard":"XXXXXX456A","email":"jack@gmail.com","ref1":"1","ref2":"1","comAdd":"Om hrad ntalatiof, holOmshre, talathioficeeachol, OmshreeSada9talathi","city":"MUMBAI","state":"MAHARASHTRA","pin_code":"622103","ISNRI":"N","update_emp_id":"623152","edit":"0","policy_no":"454,455","subtype_text":"1","sum_insure":"1000000","anuual_income":"","occupation":"11","familyConstruct":"2A","family_members_id":"0","family_gender":"Male","first_name":"test","last_name":"BANKING","family_date_birth":"19-12-1988","age":"31","age_type":" years","tenure":"1 Year","family_id":"","s_date":"","marriage_date":"","premium":"14500","policyNo":"454,455","familyDataType":"undefined","empId":"623152","product":"RMxC5efb5c5a320e7","declare":"[]","gender":"Male","gci_options":"Yes"} [] []
[2020-09-05 12:25:30] generateOTP.INFO: {"salutation":"1","firstname":"test","lastname":"BANKING","dob":"19-12-1988","mob_no":"7010444138","panCard":"XXXXXX456A","email":"jack@gmail.com","ref1":"1","ref2":"1","comAdd":"Om hrad ntalatiof, holOmshre, talathioficeeachol, OmshreeSada9talathi","city":"MUMBAI","state":"MAHARASHTRA","pin_code":"622103","ISNRI":"N","update_emp_id":"623152","edit":"0","policy_no":"454,455","subtype_text":"1","sum_insure":"1000000","anuual_income":"","occupation":"11","familyConstruct":"2A","family_members_id":"0","family_gender":"Male","first_name":"test","last_name":"BANKING","family_date_birth":"19-12-1988","age":"31","age_type":" years","tenure":"1 Year","family_id":"","s_date":"","marriage_date":"","premium":"14500","policyNo":"454,455","familyDataType":"undefined","empId":"623152","product":"RMxC5efb5c5a320e7","declare":"[]","gender":"Male","gci_options":"Yes"} [] []
[2020-09-05 12:26:02] generateOTP.INFO: {"salutation":"1","firstname":"test","lastname":"BANKING","dob":"19-12-1988","mob_no":"7010444138","panCard":"XXXXXX456A","email":"jack@gmail.com","ref1":"1","ref2":"1","comAdd":"Om hrad ntalatiof, holOmshre, talathioficeeachol, OmshreeSada9talathi","city":"MUMBAI","state":"MAHARASHTRA","pin_code":"622103","ISNRI":"N","update_emp_id":"623151","edit":"0","policy_no":"392,393","subtype_text":"1","sum_insure":"500000","anuual_income":"","familyConstruct":"2A","family_members_id":"1","family_gender":"Female","first_name":"kajsak","last_name":"ajshajs","family_date_birth":"04-09-1987","age":"33","age_type":" years","tenure":"1 Year","family_id":"","s_date":"","marriage_date":"","premium":"15999","policyNo":"392,393","familyDataType":"undefined","empId":"623151","product":"iWL65dcd54d9c5a65","declare":"[]","gender":"Male","gci_options":"Yes"} [] []
[2020-09-05 12:26:26] generateOTP.INFO: {"salutation":"1","firstname":"test","lastname":"BANKING","dob":"19-12-1988","mob_no":"7010444138","panCard":"XXXXXX456A","email":"jack@gmail.com","ref1":"1","ref2":"1","comAdd":"Om hrad ntalatiof, holOmshre, talathioficeeachol, OmshreeSada9talathi","city":"MUMBAI","state":"MAHARASHTRA","pin_code":"622103","ISNRI":"N","update_emp_id":"623152","edit":"0","policy_no":"454,455","subtype_text":"1","sum_insure":"1000000","anuual_income":"","occupation":"11","familyConstruct":"2A","family_members_id":"1","family_gender":"Female","first_name":"akjskas","last_name":"ahgsahs","family_date_birth":"27-09-2007","age":"12","age_type":" years","tenure":"1 Year","family_id":"","s_date":"","marriage_date":"","premium":"14500","policyNo":"454,455","familyDataType":"undefined","empId":"623152","product":"RMxC5efb5c5a320e7","declare":"[]","gender":"Male","gci_options":"Yes"} [] []
[2020-09-05 12:26:38] generateOTP.INFO: {"salutation":"1","firstname":"test","lastname":"BANKING","dob":"19-12-1988","mob_no":"7010444138","panCard":"XXXXXX456A","email":"jack@gmail.com","ref1":"1","ref2":"1","comAdd":"Om hrad ntalatiof, holOmshre, talathioficeeachol, OmshreeSada9talathi","city":"MUMBAI","state":"MAHARASHTRA","pin_code":"622103","ISNRI":"N","update_emp_id":"623152","edit":"0","policy_no":"454,455","subtype_text":"1","sum_insure":"1000000","anuual_income":"","occupation":"11","familyConstruct":"2A","family_members_id":"1","family_gender":"Female","first_name":"akjskas","last_name":"ahgsahs","family_date_birth":"22-09-1988","age":"31","age_type":" years","tenure":"1 Year","family_id":"","s_date":"","marriage_date":"","premium":"14500","policyNo":"454,455","familyDataType":"undefined","empId":"623152","product":"RMxC5efb5c5a320e7","declare":"[]","gender":"Male","gci_options":"Yes"} [] []
[2020-09-05 12:28:49] documentsSave.INFO: {"ops_type":"[\"0\",\"Y\"]","ids":"578,579"} [] []
[2020-09-05 12:28:49] documentsSaveFiles.INFO: [{"name":"Full Forms.jpeg","type":"image\/jpeg","tmp_name":"\/tmp\/phpsKeanf","error":0,"size":128214},{"name":"Full Forms.jpeg","type":"image\/jpeg","tmp_name":"\/tmp\/phpAyjffs","error":0,"size":128214}] [] []
[2020-09-05 12:29:04] generateOTP.INFO: test [] []
[2020-09-05 12:29:55] documentsSave.INFO: {"ops_type":"[\"0\",\"Y\"]","ids":"580,581,582"} [] []
[2020-09-05 12:29:55] documentsSaveFiles.INFO: [{"name":"Full Forms.jpeg","type":"image\/jpeg","tmp_name":"\/tmp\/phpA9zEzP","error":0,"size":128214},{"name":"Full Forms.jpeg","type":"image\/jpeg","tmp_name":"\/tmp\/phpXVkgNC","error":0,"size":128214}] [] []
[2020-09-05 12:30:01] generateOTP.INFO: test [] []
[2020-09-05 12:31:52] generateOTP.INFO: test [] []
[2020-09-05 12:32:25] generateOTP.INFO: {"salutation":"1","firstname":"test","lastname":"BANKING","dob":"19-12-1988","mob_no":"7010444138","panCard":"XXXXXX456A","email":"jack@gmail.com","ref1":"1","ref2":"1","comAdd":"Om hrad ntalatiof, holOmshre, talathioficeeachol, OmshreeSada9talathi","city":"MUMBAI","state":"MAHARASHTRA","pin_code":"622103","ISNRI":"N","update_emp_id":"623153","edit":"0","policy_no":"392,393","subtype_text":"1","sum_insure":"500000","anuual_income":"","familyConstruct":"2A","family_members_id":"0","family_gender":"Male","first_name":"test","last_name":"BANKING","family_date_birth":"19-12-1988","age":"31","age_type":" years","tenure":"1 Year","family_id":"","s_date":"","marriage_date":"","premium":"15999","policyNo":"392,393","familyDataType":"undefined","empId":"623153","product":"iWL65dcd54d9c5a65","declare":"[]","gender":"Male","gci_options":"Yes"} [] []
[2020-09-05 12:33:54] generateOTP.INFO: {"salutation":"1","firstname":"test","lastname":"BANKING","dob":"19-12-1988","mob_no":"7010444138","panCard":"XXXXXX456A","email":"jack@gmail.com","ref1":"1","ref2":"1","comAdd":"Om hrad ntalatiof, holOmshre, talathioficeeachol, OmshreeSada9talathi","city":"MUMBAI","state":"MAHARASHTRA","pin_code":"622103","ISNRI":"N","update_emp_id":"623153","edit":"0","policy_no":"392,393","subtype_text":"1","sum_insure":"500000","anuual_income":"","familyConstruct":"2A","family_members_id":"1","family_gender":"Female","first_name":"kasjaks","last_name":"ajhsdjah","family_date_birth":"17-09-1987","age":"32","age_type":" years","tenure":"1 Year","family_id":"","s_date":"","marriage_date":"","premium":"15999","policyNo":"392,393","familyDataType":"undefined","empId":"623153","product":"iWL65dcd54d9c5a65","declare":"[]","gender":"Male","gci_options":"Yes"} [] []
[2020-09-05 12:34:48] generateOTP.INFO: {"salutation":"1","firstname":"test","lastname":"BANKING","dob":"19-12-1988","mob_no":"7010444138","panCard":"XXXXXX456A","email":"jack@gmail.com","ref1":"1","ref2":"1","comAdd":"Om hrad ntalatiof, holOmshre, talathioficeeachol, OmshreeSada9talathi","city":"MUMBAI","state":"MAHARASHTRA","pin_code":"622103","ISNRI":"N","update_emp_id":"623153","edit":"0","policy_no":"392,393","subtype_text":"1","sum_insure":"500000","anuual_income":"","familyConstruct":"2A","family_members_id":"2","family_gender":"Male","first_name":"kjska","last_name":"ANSBANS","family_date_birth":"20-09-2013","age":"6","age_type":" years","tenure":"1 Year","family_id":"","s_date":"","marriage_date":"","premium":"15999","policyNo":"392,393","familyDataType":"undefined","empId":"623153","product":"iWL65dcd54d9c5a65","declare":"[]","gender":"Male","gci_options":"Yes"} [] []
[2020-09-05 12:34:56] generateOTP.INFO: {"salutation":"1","firstname":"test","lastname":"BANKING","dob":"19-12-1988","mob_no":"7010444138","panCard":"XXXXXX456A","email":"jack@gmail.com","ref1":"1","ref2":"1","comAdd":"Om hrad ntalatiof, holOmshre, talathioficeeachol, OmshreeSada9talathi","city":"MUMBAI","state":"MAHARASHTRA","pin_code":"622103","ISNRI":"N","update_emp_id":"623153","edit":"0","policy_no":"392,393","subtype_text":"1","sum_insure":"500000","anuual_income":"","familyConstruct":"1A+1K","family_members_id":"2","family_gender":"Male","first_name":"kjska","last_name":"ANSBANS","family_date_birth":"20-09-2013","age":"6","age_type":" years","tenure":"1 Year","family_id":"","s_date":"","marriage_date":"","premium":"15299","policyNo":"392,393","familyDataType":"undefined","empId":"623153","product":"iWL65dcd54d9c5a65","declare":"[]","gender":"Male","gci_options":"Yes"} [] []
[2020-09-05 12:36:29] documentsSave.INFO: {"ops_type":"[\"0\",\"Y\"]","ids":"583,584"} [] []
[2020-09-05 12:36:29] documentsSaveFiles.INFO: [{"name":"Full Forms.jpeg","type":"image\/jpeg","tmp_name":"\/tmp\/phpCNeVS3","error":0,"size":128214},{"name":"Full Forms.jpeg","type":"image\/jpeg","tmp_name":"\/tmp\/phpOf2Znl","error":0,"size":128214}] [] []
[2020-09-05 12:39:36] generateOTP.INFO: test [] []
[2020-09-05 12:40:38] generateOTP.INFO: test [] []
[2020-09-05 12:41:28] generateOTP.INFO: test [] []
[2020-09-05 12:41:30] generateOTP.INFO: test [] []
[2020-09-05 12:41:40] generateOTP.INFO: test [] []
[2020-09-05 12:41:41] generateOTP.INFO: test [] []
[2020-09-05 12:41:47] generateOTP.INFO: test [] []
[2020-09-05 12:42:20] generateOTP.INFO: test [] []
[2020-09-05 12:42:24] generateOTP.INFO: test [] []
[2020-09-05 12:42:25] generateOTP.INFO: test [] []
[2020-09-05 12:43:16] generateOTP.INFO: test [] []
[2020-09-05 12:44:12] generateOTP.INFO: test [] []
[2020-09-05 12:44:26] generateOTP.INFO: test [] []
[2020-09-05 12:44:27] generateOTP.INFO: test [] []
[2020-09-05 12:44:49] generateOTP.INFO: test [] []
[2020-09-05 12:45:30] generateOTP.INFO: test [] []
[2020-09-05 12:45:39] generateOTP.INFO: test [] []
[2020-09-05 12:45:40] generateOTP.INFO: test [] []
[2020-09-05 12:46:58] generateOTP.INFO: test [] []
[2020-09-05 12:47:03] generateOTP.INFO: test [] []
[2020-09-05 12:50:13] generateOTP.INFO: test [] []
[2020-09-05 12:50:14] generateOTP.INFO: test [] []
[2020-09-05 12:51:39] generateOTP.INFO: test [] []
[2020-09-05 12:51:41] generateOTP.INFO: test [] []
[2020-09-05 12:54:10] generateOTP.INFO: test [] []
[2020-09-05 12:54:11] generateOTP.INFO: test [] []
[2020-09-05 12:55:57] generateOTP.INFO: test [] []
[2020-09-05 12:55:58] generateOTP.INFO: test [] []
[2020-09-05 12:56:10] generateOTP.INFO: test [] []
[2020-09-05 12:56:11] generateOTP.INFO: test [] []
[2020-09-05 12:56:32] generateOTP.INFO: test [] []
[2020-09-05 12:56:34] generateOTP.INFO: test [] []
[2020-09-05 12:56:51] generateOTP.INFO: test [] []
[2020-09-05 12:56:52] generateOTP.INFO: test [] []
[2020-09-05 12:57:54] generateOTP.INFO: test [] []
[2020-09-05 12:57:55] generateOTP.INFO: test [] []
[2020-09-05 12:58:42] generateOTP.INFO: test [] []
[2020-09-05 12:58:43] generateOTP.INFO: test [] []
[2020-09-05 13:00:12] generateOTP.INFO: test [] []
[2020-09-05 13:00:32] generateOTP.INFO: {"salutation":"1","firstname":"test","lastname":"BANKING","dob":"19-12-1988","mob_no":"7010444138","panCard":"XXXXXX456A","email":"jack@gmail.com","ref1":"1","ref2":"1","comAdd":"Om hrad ntalatiof, holOmshre, talathioficeeachol, OmshreeSada9talathi","city":"MUMBAI","state":"MAHARASHTRA","pin_code":"622103","ISNRI":"N","update_emp_id":"623155","edit":"0","policy_no":"460,461","subtype_text":"1","sum_insure":"500000","anuual_income":"","occupation":"2","familyConstruct":"1A","family_members_id":"0","family_gender":"Male","first_name":"test","last_name":"BANKING","family_date_birth":"19-12-1988","age":"31","age_type":" years","tenure":"1 Year","premiumgci":"0","family_id":"","s_date":"","marriage_date":"","premium":"undefined","policyNo":"460,461","familyDataType":"undefined","empId":"623155","product":"YFsa5f4cb15ead28c","declare":"[]","gender":"Male","gci_options":"Yes"} [] []
[2020-09-05 13:00:58] generateOTP.INFO: test [] []
[2020-09-05 13:02:47] generateOTP.INFO: test [] []
[2020-09-05 13:06:14] generateOTP.INFO: test [] []
[2020-09-05 13:08:01] generateOTP.INFO: test [] []
[2020-09-05 13:16:37] generateOTP.INFO: test [] []
[2020-09-05 13:16:51] generateOTP.INFO: test [] []
[2020-09-05 13:19:46] generateOTP.INFO: test [] []
[2020-09-05 13:20:07] generateOTP.INFO: {"salutation":"1","firstname":"test","lastname":"BANKING","dob":"19-12-1988","mob_no":"7010444138","panCard":"XXXXXX456A","email":"jack@gmail.com","ref1":"1","ref2":"1","comAdd":"Om hrad ntalatiof, holOmshre, talathioficeeachol, OmshreeSada9talathi","city":"MUMBAI","state":"MAHARASHTRA","pin_code":"622103","ISNRI":"N","update_emp_id":"623157","edit":"0","policy_no":"392,393","subtype_text":"1","sum_insure":"1000000","anuual_income":"","familyConstruct":"2A","family_members_id":"0","family_gender":"Male","first_name":"test","last_name":"BANKING","family_date_birth":"19-12-1988","age":"31","age_type":" years","tenure":"1 Year","family_id":"","s_date":"","marriage_date":"","premium":"21499","policyNo":"392,393","familyDataType":"undefined","empId":"623157","product":"iWL65dcd54d9c5a65","declare":"[]","gender":"Male","gci_options":"Yes"} [] []
[2020-09-05 13:20:31] generateOTP.INFO: {"salutation":"1","firstname":"test","lastname":"BANKING","dob":"19-12-1988","mob_no":"7010444138","panCard":"XXXXXX456A","email":"jack@gmail.com","ref1":"1","ref2":"1","comAdd":"Om hrad ntalatiof, holOmshre, talathioficeeachol, OmshreeSada9talathi","city":"MUMBAI","state":"MAHARASHTRA","pin_code":"622103","ISNRI":"N","update_emp_id":"623157","edit":"0","policy_no":"392,393","subtype_text":"1","sum_insure":"1000000","anuual_income":"","familyConstruct":"2A","family_members_id":"1","family_gender":"Female","first_name":"AJSHAJS","last_name":"ASAKJS","family_date_birth":"07-09-1989","age":"30","age_type":" years","tenure":"1 Year","family_id":"","s_date":"","marriage_date":"","premium":"21499","policyNo":"392,393","familyDataType":"undefined","empId":"623157","product":"iWL65dcd54d9c5a65","declare":"[]","gender":"Male","gci_options":"Yes"} [] []
[2020-09-05 13:20:50] generateOTP.INFO: test [] []
[2020-09-05 13:20:56] generateOTP.INFO: test [] []
[2020-09-05 13:21:09] documentsSave.INFO: {"ops_type":"[\"0\",\"Y\"]","ids":"585,586"} [] []
[2020-09-05 13:21:09] documentsSaveFiles.INFO: [{"name":"Full Forms.jpeg","type":"image\/jpeg","tmp_name":"\/tmp\/phptYUwMC","error":0,"size":128214},{"name":"Full Forms.jpeg","type":"image\/jpeg","tmp_name":"\/tmp\/phpR3x8bd","error":0,"size":128214}] [] []
[2020-09-05 13:21:26] generateOTP.INFO: test [] []
[2020-09-05 13:21:59] generateOTP.INFO: test [] []
[2020-09-05 13:22:05] generateOTP.INFO: test [] []
[2020-09-05 13:23:06] generateOTP.INFO: test [] []
[2020-09-05 13:23:25] generateOTP.INFO: {"salutation":"1","firstname":"test","lastname":"BANKING","dob":"19-12-1988","mob_no":"7010444138","panCard":"XXXXXX456A","email":"jack@gmail.com","ref1":"1","ref2":"1","comAdd":"Om hrad ntalatiof, holOmshre, talathioficeeachol, OmshreeSada9talathi","city":"MUMBAI","state":"MAHARASHTRA","pin_code":"622103","ISNRI":"N","update_emp_id":"623158","edit":"0","policy_no":"454,455","subtype_text":"1","sum_insure":"1000000","anuual_income":"","occupation":"4","familyConstruct":"2A","family_members_id":"0","family_gender":"Male","first_name":"test","last_name":"BANKING","family_date_birth":"19-12-1988","age":"31","age_type":" years","tenure":"1 Year","family_id":"","s_date":"","marriage_date":"","premium":"14500","policyNo":"454,455","familyDataType":"undefined","empId":"623158","product":"RMxC5efb5c5a320e7","declare":"[]","gender":"Male","gci_options":"Yes"} [] []
[2020-09-05 13:23:49] generateOTP.INFO: {"salutation":"1","firstname":"test","lastname":"BANKING","dob":"19-12-1988","mob_no":"7010444138","panCard":"XXXXXX456A","email":"jack@gmail.com","ref1":"1","ref2":"1","comAdd":"Om hrad ntalatiof, holOmshre, talathioficeeachol, OmshreeSada9talathi","city":"MUMBAI","state":"MAHARASHTRA","pin_code":"622103","ISNRI":"N","update_emp_id":"623158","edit":"0","policy_no":"454,455","subtype_text":"1","sum_insure":"1000000","anuual_income":"","occupation":"4","familyConstruct":"2A","family_members_id":"1","family_gender":"Female","first_name":"KAJSAKJSA","last_name":"ASAJHS","family_date_birth":"18-09-1986","age":"33","age_type":" years","tenure":"1 Year","family_id":"","s_date":"","marriage_date":"","premium":"14500","policyNo":"454,455","familyDataType":"undefined","empId":"623158","product":"RMxC5efb5c5a320e7","declare":"[]","gender":"Male","gci_options":"Yes"} [] []
[2020-09-05 13:24:36] documentsSave.INFO: {"ops_type":"[\"0\",\"Y\"]","ids":"639,640,641"} [] []
[2020-09-05 13:24:36] documentsSaveFiles.INFO: [{"name":"Full Forms.jpeg","type":"image\/jpeg","tmp_name":"\/tmp\/php9QF7qU","error":0,"size":128214},{"name":"Full Forms.jpeg","type":"image\/jpeg","tmp_name":"\/tmp\/phpU9etuM","error":0,"size":128214}] [] []
[2020-09-05 13:24:43] generateOTP.INFO: test [] []
[2020-09-05 13:25:48] generateOTP.INFO: test [] []
[2020-09-05 13:25:57] generateOTP.INFO: test [] []
[2020-09-05 13:26:02] generateOTP.INFO: {"salutation":"1","firstname":"test","lastname":"BANKING","dob":"19-12-1988","mob_no":"7010444138","panCard":"XXXXXX456A","email":"jack@gmail.com","ref1":"1","ref2":"1","comAdd":"Om hrad ntalatiof, holOmshre, talathioficeeachol, OmshreeSada9talathi","city":"MUMBAI","state":"MAHARASHTRA","pin_code":"622103","ISNRI":"N","update_emp_id":"623159","edit":"0","policy_no":"392,393","subtype_text":"1","sum_insure":"500000","anuual_income":"","familyConstruct":"2A","family_members_id":"0","family_gender":"Male","first_name":"test","last_name":"BANKING","family_date_birth":"19-12-1988","age":"31","age_type":" years","tenure":"1 Year","family_id":"","s_date":"","marriage_date":"","premium":"15999","policyNo":"392,393","familyDataType":"undefined","empId":"623159","product":"iWL65dcd54d9c5a65","declare":"[]","gender":"Male","gci_options":"Yes"} [] []
[2020-09-05 13:26:03] generateOTP.INFO: test [] []
[2020-09-05 13:26:22] generateOTP.INFO: {"salutation":"1","firstname":"test","lastname":"BANKING","dob":"19-12-1988","mob_no":"7010444138","panCard":"XXXXXX456A","email":"jack@gmail.com","ref1":"1","ref2":"1","comAdd":"Om hrad ntalatiof, holOmshre, talathioficeeachol, OmshreeSada9talathi","city":"MUMBAI","state":"MAHARASHTRA","pin_code":"622103","ISNRI":"N","update_emp_id":"623159","edit":"0","policy_no":"392,393","subtype_text":"1","sum_insure":"500000","anuual_income":"","familyConstruct":"2A","family_members_id":"1","family_gender":"Female","first_name":"KAJSKAJ","last_name":"QUYWUQYW","family_date_birth":"11-09-1987","age":"32","age_type":" years","tenure":"1 Year","family_id":"","s_date":"","marriage_date":"","premium":"15999","policyNo":"392,393","familyDataType":"undefined","empId":"623159","product":"iWL65dcd54d9c5a65","declare":"[]","gender":"Male","gci_options":"Yes"} [] []
[2020-09-05 13:29:45] generateOTP.INFO: {"salutation":"1","firstname":"test","lastname":"BANKING","dob":"19-12-1988","mob_no":"7010444138","panCard":"XXXXXX456A","email":"jack@gmail.com","ref1":"1","ref2":"1","comAdd":"Om hrad ntalatiof, holOmshre, talathioficeeachol, OmshreeSada9talathi","city":"MUMBAI","state":"MAHARASHTRA","pin_code":"622103","ISNRI":"N","update_emp_id":"623159","edit":"0","policy_no":"392,393","subtype_text":"1","sum_insure":"500000","anuual_income":"","familyConstruct":"1A","family_members_id":"0","family_gender":"Male","first_name":"test","last_name":"BANKING","family_date_birth":"19-12-1988","age":"31","age_type":" years","tenure":"1 Year","family_id":"","s_date":"","marriage_date":"","premium":"11799","policyNo":"392,393","familyDataType":"undefined","empId":"623159","product":"iWL65dcd54d9c5a65","declare":"[]","gender":"Male","gci_options":"Yes"} [] []
[2020-09-05 13:29:59] generateOTP.INFO: {"salutation":"1","firstname":"test","lastname":"BANKING","dob":"19-12-1988","mob_no":"7010444138","panCard":"XXXXXX456A","email":"jack@gmail.com","ref1":"1","ref2":"1","comAdd":"Om hrad ntalatiof, holOmshre, talathioficeeachol, OmshreeSada9talathi","city":"MUMBAI","state":"MAHARASHTRA","pin_code":"622103","ISNRI":"N","update_emp_id":"623159","edit":"0","policy_no":"392,393","subtype_text":"1","sum_insure":"500000","anuual_income":"","familyConstruct":"2A","family_members_id":"0","family_gender":"Male","first_name":"test","last_name":"BANKING","family_date_birth":"19-12-1988","age":"31","age_type":" years","tenure":"1 Year","family_id":"","s_date":"","marriage_date":"","premium":"15999","policyNo":"392,393","familyDataType":"undefined","empId":"623159","product":"iWL65dcd54d9c5a65","declare":"[]","gender":"Male","gci_options":"Yes"} [] []
[2020-09-05 13:31:36] generateOTP.INFO: test [] []
[2020-09-05 13:31:43] generateOTP.INFO: test [] []
[2020-09-05 13:32:29] generateOTP.INFO: {"salutation":"1","firstname":"test","lastname":"BANKING","dob":"19-12-1988","mob_no":"7010444138","panCard":"XXXXXX456A","email":"jack@gmail.com","ref1":"1","ref2":"1","comAdd":"Om hrad ntalatiof, holOmshre, talathioficeeachol, OmshreeSada9talathi","city":"MUMBAI","state":"MAHARASHTRA","pin_code":"622103","ISNRI":"N","update_emp_id":"623159","edit":"0","policy_no":"392,393","subtype_text":"1","sum_insure":"500000","anuual_income":"","familyConstruct":"2A","family_members_id":"0","family_gender":"Male","first_name":"test","last_name":"BANKING","family_date_birth":"19-12-1988","age":"31","age_type":" years","tenure":"1 Year","family_id":"","s_date":"","marriage_date":"","premium":"15999","policyNo":"392,393","familyDataType":"undefined","empId":"623159","product":"iWL65dcd54d9c5a65","declare":"[]","gender":"Male","gci_options":"Yes"} [] []
[2020-09-05 13:34:09] generateOTP.INFO: test [] []
[2020-09-05 13:34:22] generateOTP.INFO: {"salutation":"1","firstname":"test","lastname":"BANKING","dob":"19-12-1988","mob_no":"7010444138","panCard":"XXXXXX456A","email":"jack@gmail.com","ref1":"1","ref2":"1","comAdd":"Om hrad ntalatiof, holOmshre, talathioficeeachol, OmshreeSada9talathi","city":"MUMBAI","state":"MAHARASHTRA","pin_code":"622103","ISNRI":"N","update_emp_id":"623160","edit":"0","policy_no":"392,393","subtype_text":"1","sum_insure":"500000","anuual_income":"","familyConstruct":"2A","family_members_id":"0","family_gender":"Male","first_name":"test","last_name":"BANKING","family_date_birth":"19-12-1988","age":"31","age_type":" years","tenure":"1 Year","family_id":"","s_date":"","marriage_date":"","premium":"15999","policyNo":"392,393","familyDataType":"undefined","empId":"623160","product":"iWL65dcd54d9c5a65","declare":"[]","gender":"Male","gci_options":"Yes"} [] []
[2020-09-05 13:34:44] generateOTP.INFO: {"salutation":"1","firstname":"test","lastname":"BANKING","dob":"19-12-1988","mob_no":"7010444138","panCard":"XXXXXX456A","email":"jack@gmail.com","ref1":"1","ref2":"1","comAdd":"Om hrad ntalatiof, holOmshre, talathioficeeachol, OmshreeSada9talathi","city":"MUMBAI","state":"MAHARASHTRA","pin_code":"622103","ISNRI":"N","update_emp_id":"623160","edit":"0","policy_no":"392,393","subtype_text":"1","sum_insure":"500000","anuual_income":"","familyConstruct":"2A","family_members_id":"1","family_gender":"Female","first_name":"KAJSKAS","last_name":"QWUYQUYW","family_date_birth":"11-09-1987","age":"32","age_type":" years","tenure":"1 Year","family_id":"","s_date":"","marriage_date":"","premium":"15999","policyNo":"392,393","familyDataType":"undefined","empId":"623160","product":"iWL65dcd54d9c5a65","declare":"[]","gender":"Male","gci_options":"Yes"} [] []
[2020-09-05 13:41:57] generateOTP.INFO: test [] []
[2020-09-05 13:42:10] generateOTP.INFO: {"salutation":"1","firstname":"test","lastname":"BANKING","dob":"19-12-1988","mob_no":"7010444138","panCard":"XXXXXX456A","email":"jack@gmail.com","ref1":"1","ref2":"1","comAdd":"Om hrad ntalatiof, holOmshre, talathioficeeachol, OmshreeSada9talathi","city":"MUMBAI","state":"MAHARASHTRA","pin_code":"622103","ISNRI":"N","update_emp_id":"623161","edit":"0","policy_no":"392,393","subtype_text":"1","sum_insure":"500000","anuual_income":"","familyConstruct":"1A","family_members_id":"0","family_gender":"Male","first_name":"test","last_name":"BANKING","family_date_birth":"19-12-1988","age":"31","age_type":" years","tenure":"1 Year","family_id":"","s_date":"","marriage_date":"","premium":"8399.9952","policyNo":"392,393","familyDataType":"undefined","empId":"623161","product":"iWL65dcd54d9c5a65","declare":"[]","gender":"Male","gci_options":"Yes"} [] []
[2020-09-05 13:42:33] generateOTP.INFO: test [] []
[2020-09-05 13:42:59] generateOTP.INFO: {"salutation":"1","firstname":"test","lastname":"BANKING","dob":"19-12-1988","mob_no":"7010444138","panCard":"XXXXXX456A","email":"jack@gmail.com","ref1":"1","ref2":"1","comAdd":"Om hrad ntalatiof, holOmshre, talathioficeeachol, OmshreeSada9talathi","city":"Illuppur","state":"TAMIL NADU","pin_code":"622103","ISNRI":"N","update_emp_id":"623161","edit":"0","policy_no":"392,393","subtype_text":"1","sum_insure":"500000","anuual_income":"","familyConstruct":"1A","family_members_id":"1","family_gender":"Female","first_name":"fsf","last_name":"sdfsdf","family_date_birth":"02-09-1980","age":"40","age_type":" years","tenure":"1 Year","family_id":"","s_date":"","marriage_date":"","premium":"8399.9952","policyNo":"392,393","familyDataType":"undefined","empId":"623161","product":"iWL65dcd54d9c5a65","declare":"[]","gender":"Male","gci_options":"Yes"} [] []
[2020-09-05 13:45:34] generateOTP.INFO: test [] []
[2020-09-05 13:45:38] generateOTP.INFO: test [] []
[2020-09-05 13:48:49] generateOTP.INFO: test [] []
[2020-09-05 14:26:43] generateOTP.INFO: test [] []
[2020-09-05 14:27:16] generateOTP.INFO: {"salutation":"1","firstname":"test","lastname":"BANKING","dob":"19-12-1988","mob_no":"7010444138","panCard":"XXXXXX456A","email":"jack@gmail.com","ref1":"1","ref2":"1","comAdd":"Om hrad ntalatiof, holOmshre, talathioficeeachol, OmshreeSada9talathi","city":"MUMBAI","state":"MAHARASHTRA","pin_code":"622103","ISNRI":"N","update_emp_id":"623163","edit":"0","policy_no":"392,393","subtype_text":"1","sum_insure":"500000","anuual_income":"","familyConstruct":"2A","family_members_id":"0","family_gender":"Male","first_name":"test","last_name":"BANKING","family_date_birth":"19-12-1988","age":"31","age_type":" years","tenure":"1 Year","family_id":"","s_date":"","marriage_date":"","premium":"15999","policyNo":"392,393","familyDataType":"undefined","empId":"623163","product":"iWL65dcd54d9c5a65","declare":"[]","gender":"Male","gci_options":"Yes"} [] []
[2020-09-05 14:27:51] generateOTP.INFO: {"salutation":"1","firstname":"test","lastname":"BANKING","dob":"19-12-1988","mob_no":"7010444138","panCard":"XXXXXX456A","email":"jack@gmail.com","ref1":"1","ref2":"1","comAdd":"Om hrad ntalatiof, holOmshre, talathioficeeachol, OmshreeSada9talathi","city":"MUMBAI","state":"MAHARASHTRA","pin_code":"622103","ISNRI":"N","update_emp_id":"623163","edit":"0","policy_no":"392,393","subtype_text":"1","sum_insure":"500000","anuual_income":"","familyConstruct":"2A","family_members_id":"1","family_gender":"Female","first_name":"KAJSKAJS","last_name":"AHSJAHJS","family_date_birth":"14-09-1989","age":"30","age_type":" years","tenure":"1 Year","family_id":"","s_date":"","marriage_date":"","premium":"15999","policyNo":"392,393","familyDataType":"undefined","empId":"623163","product":"iWL65dcd54d9c5a65","declare":"[]","gender":"Male","gci_options":"Yes"} [] []
[2020-09-05 14:32:05] generateOTP.INFO: test [] []
[2020-09-05 14:32:19] generateOTP.INFO: test [] []
[2020-09-05 14:34:57] generateOTP.INFO: test [] []
[2020-09-05 14:35:03] generateOTP.INFO: test [] []
[2020-09-05 15:03:07] generateOTP.INFO: test [] []
[2020-09-05 15:03:30] generateOTP.INFO: {"salutation":"1","firstname":"test","lastname":"BANKING","dob":"19-12-1988","mob_no":"7010444138","panCard":"XXXXXX456A","email":"jack@gmail.com","ref1":"1","ref2":"1","comAdd":"Om hrad ntalatiof, holOmshre, talathioficeeachol, OmshreeSada9talathi","city":"MUMBAI","state":"MAHARASHTRA","pin_code":"622103","ISNRI":"N","update_emp_id":"623165","edit":"0","policy_no":"392,393","subtype_text":"1","sum_insure":"500000","anuual_income":"","familyConstruct":"1A+1K","family_members_id":"0","family_gender":"Male","first_name":"test","last_name":"BANKING","family_date_birth":"19-12-1988","age":"31","age_type":" years","tenure":"1 Year","family_id":"","s_date":"","marriage_date":"","premium":"15299","policyNo":"392,393","familyDataType":"undefined","empId":"623165","product":"iWL65dcd54d9c5a65","declare":"[]","gender":"Male","gci_options":"Yes"} [] []
[2020-09-05 15:03:57] generateOTP.INFO: {"salutation":"1","firstname":"test","lastname":"BANKING","dob":"19-12-1988","mob_no":"7010444138","panCard":"XXXXXX456A","email":"jack@gmail.com","ref1":"1","ref2":"1","comAdd":"Om hrad ntalatiof, holOmshre, talathioficeeachol, OmshreeSada9talathi","city":"MUMBAI","state":"MAHARASHTRA","pin_code":"622103","ISNRI":"N","update_emp_id":"623165","edit":"0","policy_no":"392,393","subtype_text":"1","sum_insure":"500000","anuual_income":"","familyConstruct":"1A+1K","family_members_id":"2","family_gender":"Male","first_name":"kajsakjs","last_name":"ajdhsja","family_date_birth":"22-09-1989","age":"30","age_type":" years","tenure":"1 Year","family_id":"","s_date":"","marriage_date":"","premium":"15299","policyNo":"392,393","familyDataType":"undefined","empId":"623165","product":"iWL65dcd54d9c5a65","declare":"[]","gender":"Male","gci_options":"Yes"} [] []
[2020-09-05 15:04:10] generateOTP.INFO: {"salutation":"1","firstname":"test","lastname":"BANKING","dob":"19-12-1988","mob_no":"7010444138","panCard":"XXXXXX456A","email":"jack@gmail.com","ref1":"1","ref2":"1","comAdd":"Om hrad ntalatiof, holOmshre, talathioficeeachol, OmshreeSada9talathi","city":"MUMBAI","state":"MAHARASHTRA","pin_code":"622103","ISNRI":"N","update_emp_id":"623165","edit":"0","policy_no":"392,393","subtype_text":"1","sum_insure":"500000","anuual_income":"","familyConstruct":"1A+1K","family_members_id":"2","family_gender":"Male","first_name":"kajsakjs","last_name":"ajdhsja","family_date_birth":"17-09-2004","age":"15","age_type":" years","tenure":"1 Year","family_id":"","s_date":"","marriage_date":"","premium":"15299","policyNo":"392,393","familyDataType":"undefined","empId":"623165","product":"iWL65dcd54d9c5a65","declare":"[]","gender":"Male","gci_options":"Yes"} [] []
[2020-09-05 15:24:34] generateOTP.INFO: test [] []
[2020-09-05 15:26:06] generateOTP.INFO: test [] []
[2020-09-05 15:26:08] generateOTP.INFO: test [] []
[2020-09-05 15:26:45] generateOTP.INFO: test [] []
[2020-09-05 15:26:46] generateOTP.INFO: test [] []
[2020-09-05 15:26:47] generateOTP.INFO: test [] []
[2020-09-05 15:26:49] generateOTP.INFO: test [] []
[2020-09-05 15:28:11] generateOTP.INFO: test [] []
[2020-09-05 15:28:26] generateOTP.INFO: test [] []
[2020-09-05 15:28:27] generateOTP.INFO: test [] []
[2020-09-05 15:28:28] generateOTP.INFO: test [] []
[2020-09-05 15:30:22] generateOTP.INFO: test [] []
[2020-09-05 15:30:24] generateOTP.INFO: test [] []
[2020-09-05 15:30:33] generateOTP.INFO: test [] []
[2020-09-05 15:31:12] generateOTP.INFO: test [] []
[2020-09-05 15:35:52] generateOTP.INFO: test [] []
[2020-09-05 15:35:53] generateOTP.INFO: test [] []
[2020-09-05 15:37:11] generateOTP.INFO: test [] []
[2020-09-05 15:37:19] generateOTP.INFO: test [] []
[2020-09-05 15:38:34] generateOTP.INFO: test [] []
[2020-09-05 15:38:34] generateOTP.INFO: test [] []
[2020-09-05 15:42:42] generateOTP.INFO: test [] []
[2020-09-05 15:42:43] generateOTP.INFO: test [] []
[2020-09-05 15:42:55] generateOTP.INFO: test [] []
[2020-09-05 15:42:55] generateOTP.INFO: test [] []
[2020-09-05 15:45:00] generateOTP.INFO: test [] []
[2020-09-05 15:46:43] generateOTP.INFO: test [] []
[2020-09-05 16:11:57] generateOTP.INFO: test [] []
[2020-09-05 16:25:07] generateOTP.INFO: test [] []
[2020-09-05 16:32:54] generateOTP.INFO: test [] []
[2020-09-05 16:33:42] generateOTP.INFO: test [] []
[2020-09-05 16:56:13] generateOTP.INFO: test [] []
[2020-09-05 16:58:00] generateOTP.INFO: test [] []
[2020-09-05 16:58:11] generateOTP.INFO: test [] []
[2020-09-05 17:03:38] generateOTP.INFO: test [] []
[2020-09-05 17:03:52] generateOTP.INFO: test [] []
[2020-09-05 17:05:23] generateOTP.INFO: test [] []
[2020-09-05 17:05:30] generateOTP.INFO: test [] []
[2020-09-05 17:08:39] generateOTP.INFO: test [] []
[2020-09-05 17:13:31] generateOTP.INFO: test [] []
[2020-09-05 17:13:37] generateOTP.INFO: test [] []
[2020-09-05 17:16:20] generateOTP.INFO: test [] []
[2020-09-05 17:16:26] generateOTP.INFO: test [] []
[2020-09-05 17:17:36] generateOTP.INFO: test [] []
[2020-09-05 17:19:56] generateOTP.INFO: test [] []
[2020-09-05 17:20:07] generateOTP.INFO: test [] []
[2020-09-05 17:20:35] generateOTP.INFO: test [] []
[2020-09-05 17:21:48] generateOTP.INFO: test [] []
[2020-09-05 17:32:56] generateOTP.INFO: test [] []
[2020-09-05 17:33:03] generateOTP.INFO: test [] []
[2020-09-05 18:29:22] generateOTP.INFO: test [] []
[2020-09-05 18:30:41] generateOTP.INFO: test [] []
[2020-09-05 18:31:02] generateOTP.INFO: {"salutation":"1","firstname":"test","lastname":"BANKING","dob":"19-12-1988","mob_no":"7010444138","panCard":"XXXXXX456A","email":"jack@gmail.com","ref1":"1","ref2":"1","comAdd":"Om hrad ntalatiof, holOmshre, talathioficeeachol, OmshreeSada9talathi","city":"MUMBAI","state":"MAHARASHTRA","pin_code":"622103","ISNRI":"N","update_emp_id":"623168","edit":"0","policy_no":"392,393","subtype_text":"1","sum_insure":"500000","anuual_income":"","familyConstruct":"2A","family_members_id":"0","family_gender":"Male","first_name":"test","last_name":"BANKING","family_date_birth":"19-12-1988","age":"31","age_type":" years","tenure":"1 Year","family_id":"","s_date":"","marriage_date":"","premium":"15999","policyNo":"392,393","familyDataType":"undefined","empId":"623168","product":"iWL65dcd54d9c5a65","declare":"[]","gender":"Male","gci_options":"Yes"} [] []
[2020-09-05 18:31:24] generateOTP.INFO: {"salutation":"1","firstname":"test","lastname":"BANKING","dob":"19-12-1988","mob_no":"7010444138","panCard":"XXXXXX456A","email":"jack@gmail.com","ref1":"1","ref2":"1","comAdd":"Om hrad ntalatiof, holOmshre, talathioficeeachol, OmshreeSada9talathi","city":"MUMBAI","state":"MAHARASHTRA","pin_code":"622103","ISNRI":"N","update_emp_id":"623168","edit":"0","policy_no":"392,393","subtype_text":"1","sum_insure":"500000","anuual_income":"","familyConstruct":"2A","family_members_id":"1","family_gender":"Female","first_name":"sds","last_name":"fdsfs","family_date_birth":"17-09-1987","age":"32","age_type":" years","tenure":"1 Year","family_id":"","s_date":"","marriage_date":"","premium":"15999","policyNo":"392,393","familyDataType":"undefined","empId":"623168","product":"iWL65dcd54d9c5a65","declare":"[]","gender":"Male","gci_options":"Yes"} [] []
