[2020-06-05 09:54:30] generateOTP.INFO: test [] []
[2020-06-05 09:57:44] generateOTP.INFO: test [] []
[2020-06-05 09:57:46] generateOTP.INFO: test [] []
[2020-06-05 10:10:08] generateOTP.INFO: test [] []
[2020-06-05 10:10:12] generateOTP.INFO: test [] []
[2020-06-05 10:10:22] generateOTP.INFO: test [] []
[2020-06-05 10:10:24] generateOTP.INFO: test [] []
[2020-06-05 10:34:40] generateOTP.INFO: test [] []
[2020-06-05 12:46:19] generateOTP.INFO: test [] []
[2020-06-05 12:46:23] generateOTP.INFO: test [] []
[2020-06-05 12:46:57] generateOTP.INFO: test [] []
[2020-06-05 12:47:00] generateOTP.INFO: test [] []
[2020-06-05 12:47:05] generateOTP.INFO: test [] []
[2020-06-05 12:47:46] generateOTP.INFO: test [] []
[2020-06-05 12:47:47] generateOTP.INFO: test [] []
[2020-06-05 12:47:53] generateOTP.INFO: test [] []
[2020-06-05 12:48:09] generateOTP.INFO: test [] []
[2020-06-05 12:50:17] generateOTP.INFO: test [] []
[2020-06-05 12:51:07] generateOTP.INFO: test [] []
[2020-06-05 12:51:29] generateOTP.INFO: test [] []
[2020-06-05 13:01:34] generateOTP.INFO: test [] []
[2020-06-05 13:02:51] generateOTP.INFO: test [] []
[2020-06-05 13:02:59] generateOTP.INFO: test [] []
[2020-06-05 13:03:01] generateOTP.INFO: test [] []
[2020-06-05 13:03:06] generateOTP.INFO: test [] []
[2020-06-05 13:03:17] generateOTP.INFO: test [] []
[2020-06-05 13:03:30] generateOTP.INFO: test [] []
[2020-06-05 13:03:45] generateOTP.INFO: test [] []
[2020-06-05 13:05:25] generateOTP.INFO: test [] []
[2020-06-05 13:05:39] generateOTP.INFO: test [] []
[2020-06-05 13:05:49] generateOTP.INFO: test [] []
[2020-06-05 13:05:57] generateOTP.INFO: test [] []
[2020-06-05 13:06:01] generateOTP.INFO: test [] []
[2020-06-05 13:08:08] generateOTP.INFO: test [] []
[2020-06-05 13:31:10] generateOTP.INFO: test [] []
[2020-06-05 13:31:12] generateOTP.INFO: test [] []
[2020-06-05 13:31:14] generateOTP.INFO: test [] []
[2020-06-05 13:31:16] generateOTP.INFO: test [] []
[2020-06-05 13:41:46] generateOTP.INFO: test [] []
[2020-06-05 13:41:47] generateOTP.INFO: test [] []
[2020-06-05 13:42:06] generateOTP.INFO: test [] []
[2020-06-05 13:42:32] generateOTP.INFO: test [] []
[2020-06-05 13:42:32] generateOTP.INFO: test [] []
[2020-06-05 13:42:34] generateOTP.INFO: test [] []
[2020-06-05 13:42:35] generateOTP.INFO: test [] []
[2020-06-05 13:42:39] generateOTP.INFO: test [] []
[2020-06-05 13:42:40] generateOTP.INFO: test [] []
[2020-06-05 13:42:50] generateOTP.INFO: test [] []
[2020-06-05 13:42:55] generateOTP.INFO: test [] []
[2020-06-05 13:45:28] generateOTP.INFO: test [] []
[2020-06-05 13:45:34] generateOTP.INFO: test [] []
[2020-06-05 15:07:05] generateOTP.INFO: test [] []
[2020-06-05 15:07:06] generateOTP.INFO: test [] []
[2020-06-05 15:07:08] generateOTP.INFO: test [] []
[2020-06-05 15:07:23] generateOTP.INFO: test [] []
[2020-06-05 15:07:24] generateOTP.INFO: test [] []
[2020-06-05 15:08:15] generateOTP.INFO: test [] []
[2020-06-05 15:08:17] generateOTP.INFO: test [] []
[2020-06-05 15:08:32] generateOTP.INFO: test [] []
[2020-06-05 15:08:32] generateOTP.INFO: test [] []
[2020-06-05 15:09:38] generateOTP.INFO: test [] []
[2020-06-05 15:09:48] generateOTP.INFO: test [] []
[2020-06-05 15:09:50] generateOTP.INFO: test [] []
[2020-06-05 15:10:34] generateOTP.INFO: test [] []
[2020-06-05 15:13:03] generateOTP.INFO: {"edit":"0","policy_no":"415","subtype_text":"1","sum_insure":"500000","familyConstruct":"1A","businessType":"New","family_members_id":"0","family_gender":"Male","first_name":"testY","last_name":"TestYY","family_date_birth":"07-06-2012","age":"8","age_type":"years","myGHD":{"A":{"format":"A_Yes"},"B":{"remark":""},"D1":{"remark":""},"D2":{"remark":""},"D3":{"remark":""},"D4":{"remark":""},"E":{"remark":""}},"family_id":"","s_date":"","marriage_date":"","premium":"7605","policyNo":"415","familyDataType":"family_construct","declare":"[]"} [] []
[2020-06-05 15:13:18] generateOTP.INFO: {"edit":"0","policy_no":"415","subtype_text":"1","sum_insure":"500000","familyConstruct":"1A","businessType":"New","family_members_id":"0","family_gender":"Male","first_name":"testY","last_name":"TestYY","family_date_birth":"13-06-1997","age":"23","age_type":"years","myGHD":{"A":{"format":"A_Yes"},"B":{"remark":""},"D1":{"remark":""},"D2":{"remark":""},"D3":{"remark":""},"D4":{"remark":""},"E":{"remark":""}},"family_id":"","s_date":"","marriage_date":"","premium":"7605","policyNo":"415","familyDataType":"family_construct","declare":"[]"} [] []
[2020-06-05 15:13:29] generateOTP.INFO: test [] []
[2020-06-05 15:13:33] generateOTP.INFO: test [] []
[2020-06-05 15:13:55] generateOTP.INFO: test [] []
[2020-06-05 15:13:56] generateOTP.INFO: test [] []
[2020-06-05 15:13:58] generateOTP.INFO: test [] []
[2020-06-05 15:14:04] generateOTP.INFO: test [] []
[2020-06-05 15:14:10] generateOTP.INFO: test [] []
[2020-06-05 15:14:27] generateOTP.INFO: test [] []
[2020-06-05 15:14:41] generateOTP.INFO: test [] []
[2020-06-05 15:14:49] generateOTP.INFO: test [] []
[2020-06-05 15:15:13] generateOTP.INFO: test [] []
[2020-06-05 15:15:34] generateOTP.INFO: test [] []
[2020-06-05 15:15:43] generateOTP.INFO: test [] []
[2020-06-05 15:16:20] generateOTP.INFO: test [] []
[2020-06-05 15:16:27] generateOTP.INFO: test [] []
[2020-06-05 15:16:30] generateOTP.INFO: test [] []
[2020-06-05 15:16:41] generateOTP.INFO: test [] []
[2020-06-05 15:16:45] generateOTP.INFO: test [] []
[2020-06-05 15:16:46] generateOTP.INFO: test [] []
[2020-06-05 15:16:56] generateOTP.INFO: test [] []
[2020-06-05 15:17:30] generateOTP.INFO: test [] []
[2020-06-05 15:18:11] generateOTP.INFO: test [] []
[2020-06-05 15:18:20] generateOTP.INFO: test [] []
[2020-06-05 15:20:04] generateOTP.INFO: test [] []
[2020-06-05 15:20:05] generateOTP.INFO: test [] []
[2020-06-05 15:20:10] generateOTP.INFO: test [] []
[2020-06-05 15:20:13] generateOTP.INFO: test [] []
[2020-06-05 15:20:20] generateOTP.INFO: test [] []
[2020-06-05 15:20:33] generateOTP.INFO: test [] []
[2020-06-05 15:20:38] generateOTP.INFO: test [] []
[2020-06-05 15:20:53] generateOTP.INFO: test [] []
[2020-06-05 15:21:41] generateOTP.INFO: test [] []
[2020-06-05 15:27:16] generateOTP.INFO: test [] []
[2020-06-05 15:27:17] generateOTP.INFO: test [] []
[2020-06-05 15:27:18] generateOTP.INFO: test [] []
[2020-06-05 15:28:52] generateOTP.INFO: test [] []
[2020-06-05 15:28:55] generateOTP.INFO: test [] []
[2020-06-05 15:29:07] generateOTP.INFO: test [] []
[2020-06-05 15:29:08] generateOTP.INFO: test [] []
[2020-06-05 15:29:08] generateOTP.INFO: test [] []
[2020-06-05 15:29:14] generateOTP.INFO: test [] []
[2020-06-05 15:29:15] generateOTP.INFO: test [] []
[2020-06-05 15:29:16] generateOTP.INFO: test [] []
[2020-06-05 15:29:16] generateOTP.INFO: test [] []
[2020-06-05 15:29:22] generateOTP.INFO: test [] []
[2020-06-05 15:29:26] generateOTP.INFO: test [] []
[2020-06-05 15:30:28] generateOTP.INFO: test [] []
[2020-06-05 15:30:29] generateOTP.INFO: test [] []
[2020-06-05 15:32:06] generateOTP.INFO: test [] []
[2020-06-05 15:32:16] generateOTP.INFO: test [] []
[2020-06-05 15:32:18] generateOTP.INFO: test [] []
[2020-06-05 15:32:56] generateOTP.INFO: test [] []
[2020-06-05 15:33:45] generateOTP.INFO: test [] []
[2020-06-05 15:33:47] generateOTP.INFO: test [] []
[2020-06-05 15:34:44] generateOTP.INFO: test [] []
[2020-06-05 15:35:07] generateOTP.INFO: test [] []
[2020-06-05 15:35:44] generateOTP.INFO: test [] []
[2020-06-05 15:35:46] generateOTP.INFO: test [] []
[2020-06-05 15:37:39] generateOTP.INFO: test [] []
[2020-06-05 15:37:49] generateOTP.INFO: test [] []
[2020-06-05 15:37:50] generateOTP.INFO: test [] []
[2020-06-05 15:38:07] generateOTP.INFO: test [] []
[2020-06-05 15:39:10] generateOTP.INFO: test [] []
[2020-06-05 15:39:13] generateOTP.INFO: test [] []
[2020-06-05 15:39:23] generateOTP.INFO: test [] []
[2020-06-05 15:39:26] generateOTP.INFO: test [] []
[2020-06-05 15:39:54] generateOTP.INFO: test [] []
[2020-06-05 15:39:55] generateOTP.INFO: test [] []
[2020-06-05 15:40:15] generateOTP.INFO: test [] []
[2020-06-05 15:43:10] generateOTP.INFO: test [] []
[2020-06-05 15:43:11] generateOTP.INFO: test [] []
[2020-06-05 15:43:16] generateOTP.INFO: test [] []
[2020-06-05 15:43:20] generateOTP.INFO: test [] []
[2020-06-05 15:43:28] generateOTP.INFO: test [] []
[2020-06-05 15:43:44] generateOTP.INFO: test [] []
[2020-06-05 15:44:08] generateOTP.INFO: test [] []
[2020-06-05 15:44:51] generateOTP.INFO: test [] []
[2020-06-05 15:45:21] generateOTP.INFO: test [] []
[2020-06-05 15:45:50] generateOTP.INFO: test [] []
[2020-06-05 15:50:54] generateOTP.INFO: test [] []
[2020-06-05 15:51:09] generateOTP.INFO: test [] []
[2020-06-05 15:51:24] generateOTP.INFO: test [] []
[2020-06-05 15:51:30] generateOTP.INFO: test [] []
[2020-06-05 15:51:40] generateOTP.INFO: test [] []
[2020-06-05 15:51:44] generateOTP.INFO: test [] []
[2020-06-05 15:51:56] generateOTP.INFO: test [] []
[2020-06-05 15:52:08] generateOTP.INFO: test [] []
[2020-06-05 15:52:10] generateOTP.INFO: test [] []
[2020-06-05 15:52:22] generateOTP.INFO: test [] []
[2020-06-05 15:52:24] generateOTP.INFO: test [] []
[2020-06-05 15:52:25] generateOTP.INFO: test [] []
[2020-06-05 15:52:35] generateOTP.INFO: test [] []
[2020-06-05 15:52:41] generateOTP.INFO: test [] []
[2020-06-05 15:52:55] generateOTP.INFO: test [] []
[2020-06-05 15:55:26] generateOTP.INFO: test [] []
[2020-06-05 15:55:27] generateOTP.INFO: test [] []
[2020-06-05 15:55:28] generateOTP.INFO: test [] []
[2020-06-05 15:55:35] generateOTP.INFO: test [] []
[2020-06-05 15:55:40] generateOTP.INFO: test [] []
[2020-06-05 15:55:52] generateOTP.INFO: test [] []
[2020-06-05 15:55:52] generateOTP.INFO: test [] []
[2020-06-05 16:21:22] generateOTP.INFO: test [] []
[2020-06-05 16:21:26] generateOTP.INFO: test [] []
[2020-06-05 16:21:36] generateOTP.INFO: test [] []
[2020-06-05 16:23:00] generateOTP.INFO: test [] []
[2020-06-05 16:23:00] generateOTP.INFO: test [] []
[2020-06-05 16:23:10] generateOTP.INFO: test [] []
[2020-06-05 16:23:14] generateOTP.INFO: test [] []
[2020-06-05 16:23:14] generateOTP.INFO: test [] []
[2020-06-05 16:23:18] generateOTP.INFO: test [] []
[2020-06-05 16:24:06] generateOTP.INFO: test [] []
[2020-06-05 16:24:06] generateOTP.INFO: test [] []
[2020-06-05 16:25:09] generateOTP.INFO: test [] []
[2020-06-05 16:36:56] generateOTP.INFO: test [] []
[2020-06-05 16:36:57] generateOTP.INFO: test [] []
[2020-06-05 16:37:00] generateOTP.INFO: test [] []
[2020-06-05 16:37:04] generateOTP.INFO: test [] []
[2020-06-05 16:37:05] generateOTP.INFO: test [] []
[2020-06-05 17:24:11] generateOTP.INFO: test [] []
[2020-06-05 17:24:12] generateOTP.INFO: test [] []
[2020-06-05 17:25:11] generateOTP.INFO: test [] []
[2020-06-05 17:25:12] generateOTP.INFO: test [] []
[2020-06-05 17:25:17] generateOTP.INFO: test [] []
[2020-06-05 17:25:26] generateOTP.INFO: test [] []
[2020-06-05 17:25:31] generateOTP.INFO: test [] []
[2020-06-05 17:27:12] generateOTP.INFO: test [] []
[2020-06-05 17:27:14] generateOTP.INFO: test [] []
[2020-06-05 17:27:25] generateOTP.INFO: test [] []
[2020-06-05 17:27:54] generateOTP.INFO: test [] []
[2020-06-05 17:28:04] generateOTP.INFO: test [] []
[2020-06-05 17:28:04] generateOTP.INFO: test [] []
[2020-06-05 17:28:11] generateOTP.INFO: test [] []
[2020-06-05 17:28:57] generateOTP.INFO: test [] []
[2020-06-05 17:29:07] generateOTP.INFO: test [] []
[2020-06-05 17:29:32] generateOTP.INFO: test [] []
[2020-06-05 17:29:33] generateOTP.INFO: test [] []
[2020-06-05 17:29:33] generateOTP.INFO: test [] []
[2020-06-05 17:29:33] generateOTP.INFO: test [] []
[2020-06-05 17:29:34] generateOTP.INFO: test [] []
[2020-06-05 17:29:35] generateOTP.INFO: test [] []
[2020-06-05 17:29:35] generateOTP.INFO: test [] []
[2020-06-05 17:29:35] generateOTP.INFO: test [] []
[2020-06-05 17:29:39] generateOTP.INFO: test [] []
[2020-06-05 17:29:39] generateOTP.INFO: test [] []
[2020-06-05 17:29:40] generateOTP.INFO: test [] []
[2020-06-05 17:29:40] generateOTP.INFO: test [] []
[2020-06-05 17:29:44] generateOTP.INFO: test [] []
[2020-06-05 17:29:47] generateOTP.INFO: test [] []
[2020-06-05 17:29:56] generateOTP.INFO: test [] []
[2020-06-05 17:29:57] generateOTP.INFO: test [] []
[2020-06-05 17:30:01] generateOTP.INFO: test [] []
[2020-06-05 17:30:03] generateOTP.INFO: test [] []
[2020-06-05 17:30:07] generateOTP.INFO: test [] []
[2020-06-05 17:30:21] generateOTP.INFO: test [] []
[2020-06-05 17:30:50] generateOTP.INFO: test [] []
[2020-06-05 17:31:11] generateOTP.INFO: test [] []
[2020-06-05 17:31:12] generateOTP.INFO: test [] []
[2020-06-05 17:31:19] generateOTP.INFO: test [] []
[2020-06-05 17:31:26] generateOTP.INFO: test [] []
[2020-06-05 17:31:39] generateOTP.INFO: {"edit":"0","policy_no":"415","subtype_text":"1","sum_insure":"500000","familyConstruct":"1A","businessType":"New","family_members_id":"0","family_gender":"Male","first_name":"gngnjhg","last_name":"ghngh","family_date_birth":"01-06-1989","age":"31","age_type":"years","myGHD":{"B":{"remark":""},"D1":{"remark":""},"D2":{"remark":""},"D3":{"remark":""},"D4":{"remark":""},"E":{"remark":""}},"family_id":"","s_date":"","marriage_date":"","premium":"7605","policyNo":"415","familyDataType":"family_construct","declare":"[]"} [] []
[2020-06-05 17:33:09] generateOTP.INFO: test [] []
[2020-06-05 18:20:27] generateOTP.INFO: test [] []
[2020-06-05 18:21:08] generateOTP.INFO: test [] []
[2020-06-05 18:21:09] generateOTP.INFO: test [] []
[2020-06-05 18:41:31] generateOTP.INFO: test [] []
[2020-06-05 18:41:32] generateOTP.INFO: test [] []
[2020-06-05 18:42:32] generateOTP.INFO: test [] []
[2020-06-05 18:42:35] generateOTP.INFO: test [] []
[2020-06-05 18:43:37] generateOTP.INFO: test [] []
[2020-06-05 18:48:04] generateOTP.INFO: test [] []
[2020-06-05 18:55:08] generateOTP.INFO: test [] []
[2020-06-05 18:57:00] full_quote_request1.INFO: {"ClientCreation":{"Member_Customer_ID":null,"salutation":"Mr","firstName":"gngnjhg","middleName":"","lastName":"ghngh","dateofBirth":"06\/01\/1989","gender":"M","educationalQualification":null,"pinCode":"415612","uidNo":null,"maritalStatus":null,"nationality":"Indian","occupation":"O553","primaryEmailID":"SAJID.FUNTUNE@GMAIL.COM","contactMobileNo":"9879788888","stdLandlineNo":null,"panNo":null,"passportNumber":null,"contactPerson":null,"annualIncome":null,"remarks":null,"startDate":"2020-06-05","endDate":null,"IdProof":"Adhaar Card","residenceProof":null,"ageProof":null,"others":null,"homeAddressLine1":null,"homeAddressLine2":null,"homeAddressLine3":null,"homePinCode":"415612","homeArea":null,"homeContactMobileNo":null,"homeContactMobileNo2":null,"homeSTDLandlineNo":null,"homeFaxNo":null,"sameAsHomeAddress":"1","mailingAddressLine1":null,"mailingAddressLine2":null,"mailingAddressLine3":null,"mailingPinCode":null,"mailingArea":null,"mailingContactMobileNo":null,"mailingContactMobileNo2":null,"mailingSTDLandlineNo":null,"mailingSTDLandlineNo2":null,"mailingFaxNo":null,"bankAccountType":null,"bankAccountNo":null,"ifscCode":null,"GSTIN":null,"GSTRegistrationStatus":"Consumers","IsEIAavailable":"0","ApplyEIA":"0","EIAAccountNo":null,"EIAWith":"0","AccountType":null,"AddressProof":null,"DOBProof":null,"IdentityProof":null},"PolicyCreationRequest":{"Quotation_Number":"","MasterPolicyNumber":"61-20-00020-00-00","GroupID":"GRP001","Product_Code":"4211","intermediaryCode":null,"AutoRenewal":"Y","intermediaryBranchCode":"10MHMUM01","agentSignatureDate":null,"Customer_Signature_Date":null,"businessSourceChannel":null,"AssignPolicy":"0","AssigneeName":null,"leadID":null,"Source_Name":"AXIS_GHI","SPID":"0","TCN":null,"CRTNO":null,"RefCode1":"0","RefCode2":null,"Employee_Number":"620403","enumIsEmployeeDiscount":null,"QuoteDate":null,"IsPayment":"0","PaymentMode":null,"PolicyproductComponents":[{"PlanCode":"4211","SumInsured":"500000","SchemeCode":"4112000003"}]},"MemObj":{"Member":[{"MemberNo":1,"Salutation":"Mr","First_Name":"gngnjhg","Middle_Name":null,"Last_Name":"ghngh","Gender":"M","DateOfBirth":"06\/01\/1989","Relation_Code":"R001","Marital_Status":null,"height":"0.00","weight":"0","occupation":"O553","PrimaryMember":"Y","MemberproductComponents":[{"PlanCode":"4211","MemberQuestionDetails":[{"QuestionCode":null,"Answer":null,"Remarks":null}]}],"MemberPED":[{"PEDCode":null,"Remarks":null}],"exactDiagnosis":null,"dateOfDiagnosis":null,"lastDateConsultation":null,"detailsOfTreatmentGiven":null,"doctorName":null,"hospitalName":null,"phoneNumberHosital":null,"Nominee_First_Name":"umbthh","Nominee_Last_Name":"ghyh","Nominee_Contact_Number":"8908790000","Nominee_Home_Address":null,"Nominee_Relationship_Code":"R003"}]},"ReceiptCreation":{"officeLocation":"","modeOfEntry":"","cdAcNo":null,"expiryDate":null,"payerType":"","payerCode":null,"paymentBy":"","paymentByName":null,"paymentByRelationship":null,"collectionAmount":"","collectionRcvdDate":null,"collectionMode":"","remarks":null,"instrumentNumber":null,"instrumentDate":null,"bankName":null,"branchName":null,"bankLocation":null,"micrNo":null,"chequeType":null,"ifscCode":"","PaymentGatewayName":"","TerminalID":"","CardNo":null}} [] []
[2020-06-05 18:57:06] full_quote_reponse1.INFO: "<ns0:GHI_Res xmlns:ns0=\"http:\/\/ABHICL_NBP_QuickQuote_Schemas.GHI_Response\"><errorObj><ErrorNumber>999<\/ErrorNumber><ErrorMessage>Intermediary is mandatory<\/ErrorMessage><\/errorObj><policyDtls><TransactionReferenceNumber><\/TransactionReferenceNumber><QuotationNumber><\/QuotationNumber><CertificateNumber><\/CertificateNumber><LetterURL><\/LetterURL><ClientID><\/ClientID><ProductName><\/ProductName><ProductCode><\/ProductCode><LineOfBusiness><\/LineOfBusiness><startDate><\/startDate><EndDate><\/EndDate><PolicyNumber><\/PolicyNumber><ProposalNumber><\/ProposalNumber><PolicyStatus><\/PolicyStatus><Tenure><\/Tenure><stpFlag><\/stpFlag><COIUrl>Could not find file u0027c:windowssystem32inetsrvObject cannot be cast from DBNull to other typesu0027.<\/COIUrl><\/policyDtls><premium><BasePremium><\/BasePremium><NetPremium><\/NetPremium><GST><\/GST><GrossPremium><\/GrossPremium><\/premium><receiptObj><ReceiptNumber><\/ReceiptNumber><ReceiptAmount><\/ReceiptAmount><ExcessAmount><\/ExcessAmount><\/receiptObj><\/ns0:GHI_Res>" [] []
[2020-06-05 18:57:06] generateOTP.INFO: test [] []
[2020-06-05 18:59:33] generateOTP.INFO: test [] []
[2020-06-05 18:59:35] generateOTP.INFO: test [] []
[2020-06-05 18:59:36] generateOTP.INFO: test [] []
[2020-06-05 18:59:36] generateOTP.INFO: test [] []
[2020-06-05 18:59:40] generateOTP.INFO: test [] []
[2020-06-05 18:59:41] generateOTP.INFO: test [] []
[2020-06-05 18:59:51] generateOTP.INFO: test [] []
[2020-06-05 18:59:57] generateOTP.INFO: test [] []
[2020-06-05 18:59:59] generateOTP.INFO: test [] []
[2020-06-05 19:00:20] generateOTP.INFO: test [] []
[2020-06-05 19:00:47] generateOTP.INFO: test [] []
[2020-06-05 19:08:19] generateOTP.INFO: test [] []
[2020-06-05 19:08:26] generateOTP.INFO: test [] []
[2020-06-05 19:10:45] full_quote_request1.INFO: {"ClientCreation":{"Member_Customer_ID":null,"salutation":"Mr","firstName":"gngnjhg","middleName":"","lastName":"ghngh","dateofBirth":"06\/01\/1989","gender":"M","educationalQualification":null,"pinCode":"415612","uidNo":null,"maritalStatus":null,"nationality":"Indian","occupation":"O553","primaryEmailID":"SAJID.FUNTUNE@GMAIL.COM","contactMobileNo":"9879788888","stdLandlineNo":null,"panNo":null,"passportNumber":null,"contactPerson":null,"annualIncome":null,"remarks":null,"startDate":"2020-06-05","endDate":null,"IdProof":"Adhaar Card","residenceProof":null,"ageProof":null,"others":null,"homeAddressLine1":null,"homeAddressLine2":null,"homeAddressLine3":null,"homePinCode":"415612","homeArea":null,"homeContactMobileNo":null,"homeContactMobileNo2":null,"homeSTDLandlineNo":null,"homeFaxNo":null,"sameAsHomeAddress":"1","mailingAddressLine1":null,"mailingAddressLine2":null,"mailingAddressLine3":null,"mailingPinCode":null,"mailingArea":null,"mailingContactMobileNo":null,"mailingContactMobileNo2":null,"mailingSTDLandlineNo":null,"mailingSTDLandlineNo2":null,"mailingFaxNo":null,"bankAccountType":null,"bankAccountNo":null,"ifscCode":null,"GSTIN":null,"GSTRegistrationStatus":"Consumers","IsEIAavailable":"0","ApplyEIA":"0","EIAAccountNo":null,"EIAWith":"0","AccountType":null,"AddressProof":null,"DOBProof":null,"IdentityProof":null},"PolicyCreationRequest":{"Quotation_Number":"","MasterPolicyNumber":"61-20-00020-00-00","GroupID":"GRP001","Product_Code":"4211","intermediaryCode":"2104703","AutoRenewal":"Y","intermediaryBranchCode":"10MHMUM01","agentSignatureDate":null,"Customer_Signature_Date":null,"businessSourceChannel":null,"AssignPolicy":"0","AssigneeName":null,"leadID":null,"Source_Name":"AXIS_GHI","SPID":"0","TCN":null,"CRTNO":null,"RefCode1":"0","RefCode2":null,"Employee_Number":"620403","enumIsEmployeeDiscount":null,"QuoteDate":null,"IsPayment":"0","PaymentMode":null,"PolicyproductComponents":[{"PlanCode":"4211","SumInsured":"500000","SchemeCode":"4112000003"}]},"MemObj":{"Member":[{"MemberNo":1,"Salutation":"Mr","First_Name":"gngnjhg","Middle_Name":null,"Last_Name":"ghngh","Gender":"M","DateOfBirth":"06\/01\/1989","Relation_Code":"R001","Marital_Status":null,"height":"0.00","weight":"0","occupation":"O553","PrimaryMember":"Y","MemberproductComponents":[{"PlanCode":"4211","MemberQuestionDetails":[{"QuestionCode":null,"Answer":null,"Remarks":null}]}],"MemberPED":[{"PEDCode":null,"Remarks":null}],"exactDiagnosis":null,"dateOfDiagnosis":null,"lastDateConsultation":null,"detailsOfTreatmentGiven":null,"doctorName":null,"hospitalName":null,"phoneNumberHosital":null,"Nominee_First_Name":"umbthh","Nominee_Last_Name":"ghyh","Nominee_Contact_Number":"8908790000","Nominee_Home_Address":null,"Nominee_Relationship_Code":"R003"}]},"ReceiptCreation":{"officeLocation":"","modeOfEntry":"","cdAcNo":null,"expiryDate":null,"payerType":"","payerCode":null,"paymentBy":"","paymentByName":null,"paymentByRelationship":null,"collectionAmount":"","collectionRcvdDate":null,"collectionMode":"","remarks":null,"instrumentNumber":null,"instrumentDate":null,"bankName":null,"branchName":null,"bankLocation":null,"micrNo":null,"chequeType":null,"ifscCode":"","PaymentGatewayName":"","TerminalID":"","CardNo":null}} [] []
[2020-06-05 19:10:50] full_quote_reponse1.INFO: "<ns0:GHI_Res xmlns:ns0=\"http:\/\/ABHICL_NBP_QuickQuote_Schemas.GHI_Response\"><errorObj><ErrorNumber>00<\/ErrorNumber><ErrorMessage>Success<\/ErrorMessage><\/errorObj><policyDtls><TransactionReferenceNumber><\/TransactionReferenceNumber><QuotationNumber>IPB100028986<\/QuotationNumber><CertificateNumber><\/CertificateNumber><LetterURL><\/LetterURL><ClientID><\/ClientID><ProductName>Group Activ Health<\/ProductName><ProductCode>4211<\/ProductCode><LineOfBusiness>42<\/LineOfBusiness><startDate><\/startDate><EndDate><\/EndDate><PolicyNumber>61-20-00020-00-00<\/PolicyNumber><ProposalNumber><\/ProposalNumber><PolicyStatus>PQ1<\/PolicyStatus><Tenure>1<\/Tenure><stpFlag>0<\/stpFlag><COIUrl>Could not find file u0027c:windowssystem32inetsrvObject cannot be cast from DBNull to other typesu0027.<\/COIUrl><\/policyDtls><premium><BasePremium>6444.92<\/BasePremium><NetPremium>6444.92<\/NetPremium><GST>1160.09<\/GST><GrossPremium>7605.00<\/GrossPremium><\/premium><receiptObj><ReceiptNumber><\/ReceiptNumber><ReceiptAmount><\/ReceiptAmount><ExcessAmount><\/ExcessAmount><\/receiptObj><\/ns0:GHI_Res>" [] []
[2020-06-05 19:10:54] generateOTP.INFO: test [] []
[2020-06-05 19:11:41] generateOTP.INFO: test [] []
[2020-06-05 19:11:41] generateOTP.INFO: test [] []
[2020-06-05 19:11:46] generateOTP.INFO: test [] []
[2020-06-05 19:11:59] generateOTP.INFO: test [] []
[2020-06-05 19:12:00] generateOTP.INFO: test [] []
[2020-06-05 19:17:46] full_quote_request1.INFO: {"ClientCreation":{"Member_Customer_ID":null,"salutation":"Mr","firstName":"gngnjhg","middleName":"","lastName":"ghngh","dateofBirth":"06\/01\/1989","gender":"M","educationalQualification":null,"pinCode":"415612","uidNo":null,"maritalStatus":null,"nationality":"Indian","occupation":"O553","primaryEmailID":"SAJID.FUNTUNE@GMAIL.COM","contactMobileNo":"9879788888","stdLandlineNo":null,"panNo":null,"passportNumber":null,"contactPerson":null,"annualIncome":null,"remarks":null,"startDate":"2020-06-05","endDate":null,"IdProof":"Adhaar Card","residenceProof":null,"ageProof":null,"others":null,"homeAddressLine1":null,"homeAddressLine2":null,"homeAddressLine3":null,"homePinCode":"415612","homeArea":null,"homeContactMobileNo":null,"homeContactMobileNo2":null,"homeSTDLandlineNo":null,"homeFaxNo":null,"sameAsHomeAddress":"1","mailingAddressLine1":null,"mailingAddressLine2":null,"mailingAddressLine3":null,"mailingPinCode":null,"mailingArea":null,"mailingContactMobileNo":null,"mailingContactMobileNo2":null,"mailingSTDLandlineNo":null,"mailingSTDLandlineNo2":null,"mailingFaxNo":null,"bankAccountType":null,"bankAccountNo":null,"ifscCode":null,"GSTIN":null,"GSTRegistrationStatus":"Consumers","IsEIAavailable":"0","ApplyEIA":"0","EIAAccountNo":null,"EIAWith":"0","AccountType":null,"AddressProof":null,"DOBProof":null,"IdentityProof":null},"PolicyCreationRequest":{"Quotation_Number":"","MasterPolicyNumber":"61-19-00120-00-00","GroupID":"GRP001","Product_Code":"4211","intermediaryCode":"2104703","AutoRenewal":"Y","intermediaryBranchCode":"10MHMUM01","agentSignatureDate":null,"Customer_Signature_Date":null,"businessSourceChannel":null,"AssignPolicy":"0","AssigneeName":null,"leadID":null,"Source_Name":"AXIS_GHI","SPID":"0","TCN":null,"CRTNO":null,"RefCode1":"0","RefCode2":null,"Employee_Number":"620403","enumIsEmployeeDiscount":null,"QuoteDate":null,"IsPayment":"0","PaymentMode":null,"PolicyproductComponents":[{"PlanCode":"4211","SumInsured":"500000","SchemeCode":"4112000003"}]},"MemObj":{"Member":[{"MemberNo":1,"Salutation":"Mr","First_Name":"gngnjhg","Middle_Name":null,"Last_Name":"ghngh","Gender":"M","DateOfBirth":"06\/01\/1989","Relation_Code":"R001","Marital_Status":null,"height":"0.00","weight":"0","occupation":"O553","PrimaryMember":"Y","MemberproductComponents":[{"PlanCode":"4211","MemberQuestionDetails":[{"QuestionCode":null,"Answer":null,"Remarks":null}]}],"MemberPED":[{"PEDCode":null,"Remarks":null}],"exactDiagnosis":null,"dateOfDiagnosis":null,"lastDateConsultation":null,"detailsOfTreatmentGiven":null,"doctorName":null,"hospitalName":null,"phoneNumberHosital":null,"Nominee_First_Name":"umbthh","Nominee_Last_Name":"ghyh","Nominee_Contact_Number":"8908790000","Nominee_Home_Address":null,"Nominee_Relationship_Code":"R003"}]},"ReceiptCreation":{"officeLocation":"","modeOfEntry":"","cdAcNo":null,"expiryDate":null,"payerType":"","payerCode":null,"paymentBy":"","paymentByName":null,"paymentByRelationship":null,"collectionAmount":"","collectionRcvdDate":null,"collectionMode":"","remarks":null,"instrumentNumber":null,"instrumentDate":null,"bankName":null,"branchName":null,"bankLocation":null,"micrNo":null,"chequeType":null,"ifscCode":"","PaymentGatewayName":"","TerminalID":"","CardNo":null}} [] []
[2020-06-05 19:17:52] full_quote_reponse1.INFO: "<ns0:GHI_Res xmlns:ns0=\"http:\/\/ABHICL_NBP_QuickQuote_Schemas.GHI_Response\"><errorObj><ErrorNumber>00<\/ErrorNumber><ErrorMessage>Success<\/ErrorMessage><\/errorObj><policyDtls><TransactionReferenceNumber><\/TransactionReferenceNumber><QuotationNumber>IPB100028987<\/QuotationNumber><CertificateNumber><\/CertificateNumber><LetterURL><\/LetterURL><ClientID><\/ClientID><ProductName>Group Activ Health<\/ProductName><ProductCode>4211<\/ProductCode><LineOfBusiness>42<\/LineOfBusiness><startDate><\/startDate><EndDate><\/EndDate><PolicyNumber>61-19-00120-00-00<\/PolicyNumber><ProposalNumber><\/ProposalNumber><PolicyStatus>PQ1<\/PolicyStatus><Tenure>1<\/Tenure><stpFlag>0<\/stpFlag><COIUrl>Could not find file u0027c:windowssystem32inetsrvObject cannot be cast from DBNull to other typesu0027.<\/COIUrl><\/policyDtls><premium><BasePremium>7118.64<\/BasePremium><NetPremium>7118.64<\/NetPremium><GST>1281.36<\/GST><GrossPremium>8400.00<\/GrossPremium><\/premium><receiptObj><ReceiptNumber><\/ReceiptNumber><ReceiptAmount><\/ReceiptAmount><ExcessAmount><\/ExcessAmount><\/receiptObj><\/ns0:GHI_Res>" [] []
[2020-06-05 19:17:53] generateOTP.INFO: test [] []
[2020-06-05 19:27:42] generateOTP.INFO: test [] []
[2020-06-05 19:27:44] generateOTP.INFO: test [] []
[2020-06-05 19:27:45] generateOTP.INFO: test [] []
[2020-06-05 19:27:50] generateOTP.INFO: test [] []
[2020-06-05 19:29:18] generateOTP.INFO: test [] []
[2020-06-05 19:29:27] generateOTP.INFO: test [] []
[2020-06-05 19:33:14] generateOTP.INFO: test [] []
[2020-06-05 19:36:59] generateOTP.INFO: test [] []
[2020-06-05 20:41:48] generateOTP.INFO: test [] []
[2020-06-05 20:42:00] full_quote_request2.INFO: {"ClientCreation":{"Member_Customer_ID":null,"salutation":"Mr","firstName":"gngnjhg","middleName":"","lastName":"ghngh","dateofBirth":"06\/01\/1989","gender":"M","educationalQualification":null,"pinCode":"415612","uidNo":null,"maritalStatus":null,"nationality":"Indian","occupation":"O553","primaryEmailID":"SAJID.FUNTUNE@GMAIL.COM","contactMobileNo":"9879788888","stdLandlineNo":null,"panNo":null,"passportNumber":null,"contactPerson":null,"annualIncome":null,"remarks":null,"startDate":"2020-06-05","endDate":null,"IdProof":"Adhaar Card","residenceProof":null,"ageProof":null,"others":null,"homeAddressLine1":null,"homeAddressLine2":null,"homeAddressLine3":null,"homePinCode":"415612","homeArea":null,"homeContactMobileNo":null,"homeContactMobileNo2":null,"homeSTDLandlineNo":null,"homeFaxNo":null,"sameAsHomeAddress":"1","mailingAddressLine1":null,"mailingAddressLine2":null,"mailingAddressLine3":null,"mailingPinCode":null,"mailingArea":null,"mailingContactMobileNo":null,"mailingContactMobileNo2":null,"mailingSTDLandlineNo":null,"mailingSTDLandlineNo2":null,"mailingFaxNo":null,"bankAccountType":null,"bankAccountNo":null,"ifscCode":null,"GSTIN":null,"GSTRegistrationStatus":"Consumers","IsEIAavailable":"0","ApplyEIA":"0","EIAAccountNo":null,"EIAWith":"0","AccountType":null,"AddressProof":null,"DOBProof":null,"IdentityProof":null},"PolicyCreationRequest":{"Quotation_Number":"IPB100028987","MasterPolicyNumber":"61-19-00120-00-00","GroupID":"GRP001","Product_Code":"4211","intermediaryCode":"2104703","AutoRenewal":"Y","intermediaryBranchCode":"10MHMUM01","agentSignatureDate":null,"Customer_Signature_Date":null,"businessSourceChannel":null,"AssignPolicy":"0","AssigneeName":null,"leadID":null,"Source_Name":"AXIS_GHI","SPID":"0","TCN":null,"CRTNO":null,"RefCode1":"0","RefCode2":null,"Employee_Number":"620403","enumIsEmployeeDiscount":null,"QuoteDate":null,"IsPayment":"1","PaymentMode":null,"PolicyproductComponents":[{"PlanCode":"4211","SumInsured":"500000","SchemeCode":"4112000003"}]},"MemObj":{"Member":[{"MemberNo":1,"Salutation":"Mr","First_Name":"gngnjhg","Middle_Name":null,"Last_Name":"ghngh","Gender":"M","DateOfBirth":"06\/01\/1989","Relation_Code":"R001","Marital_Status":null,"height":"0.00","weight":"0","occupation":"O553","PrimaryMember":"Y","MemberproductComponents":[{"PlanCode":"4211","MemberQuestionDetails":[{"QuestionCode":null,"Answer":null,"Remarks":null}]}],"MemberPED":[{"PEDCode":null,"Remarks":null}],"exactDiagnosis":null,"dateOfDiagnosis":null,"lastDateConsultation":null,"detailsOfTreatmentGiven":null,"doctorName":null,"hospitalName":null,"phoneNumberHosital":null,"Nominee_First_Name":"umbthh","Nominee_Last_Name":"ghyh","Nominee_Contact_Number":"8908790000","Nominee_Home_Address":null,"Nominee_Relationship_Code":"R003"}]},"ReceiptCreation":{"officeLocation":"Mumbai","modeOfEntry":"Direct","cdAcNo":null,"expiryDate":null,"payerType":"Customer","payerCode":null,"paymentBy":"Customer","paymentByName":null,"paymentByRelationship":null,"collectionAmount":7605,"collectionRcvdDate":"06\/05\/2020 08:41 PM","collectionMode":"online","remarks":null,"instrumentNumber":"pay_EyzJ1dxaVKI5mD","instrumentDate":"2020-06-05","bankName":"SBIN","branchName":"ANNA NAGAR CHENNAI","bankLocation":null,"micrNo":null,"chequeType":null,"ifscCode":"UTIB0000016","PaymentGatewayName":"AXIS_NETB","TerminalID":"76010098","CardNo":null}} [] []
[2020-06-05 20:42:06] full_quote_reponse2.INFO: "<ns0:GHI_Res xmlns:ns0=\"http:\/\/ABHICL_NBP_QuickQuote_Schemas.GHI_Response\"><errorObj><ErrorNumber>999<\/ErrorNumber><ErrorMessage>Member Cust Id is required<\/ErrorMessage><\/errorObj><policyDtls><TransactionReferenceNumber><\/TransactionReferenceNumber><QuotationNumber><\/QuotationNumber><CertificateNumber><\/CertificateNumber><LetterURL><\/LetterURL><ClientID><\/ClientID><ProductName><\/ProductName><ProductCode><\/ProductCode><LineOfBusiness><\/LineOfBusiness><startDate><\/startDate><EndDate><\/EndDate><PolicyNumber><\/PolicyNumber><ProposalNumber><\/ProposalNumber><PolicyStatus><\/PolicyStatus><Tenure><\/Tenure><stpFlag><\/stpFlag><COIUrl>Could not find file u0027c:windowssystem32inetsrvObject cannot be cast from DBNull to other typesu0027.<\/COIUrl><\/policyDtls><premium><BasePremium><\/BasePremium><NetPremium><\/NetPremium><GST><\/GST><GrossPremium><\/GrossPremium><\/premium><receiptObj><ReceiptNumber><\/ReceiptNumber><ReceiptAmount><\/ReceiptAmount><ExcessAmount><\/ExcessAmount><\/receiptObj><\/ns0:GHI_Res>" [] []
[2020-06-05 20:42:07] generateOTP.INFO: test [] []
[2020-06-05 20:53:12] full_quote_request2.INFO: {"ClientCreation":{"Member_Customer_ID":null,"salutation":"Mr","firstName":"gngnjhg","middleName":"","lastName":"ghngh","dateofBirth":"06\/01\/1989","gender":"M","educationalQualification":null,"pinCode":"415612","uidNo":null,"maritalStatus":null,"nationality":"Indian","occupation":"O553","primaryEmailID":"SAJID.FUNTUNE@GMAIL.COM","contactMobileNo":"9879788888","stdLandlineNo":null,"panNo":null,"passportNumber":null,"contactPerson":null,"annualIncome":null,"remarks":null,"startDate":"2020-06-05","endDate":null,"IdProof":"Adhaar Card","residenceProof":null,"ageProof":null,"others":null,"homeAddressLine1":null,"homeAddressLine2":null,"homeAddressLine3":null,"homePinCode":"415612","homeArea":null,"homeContactMobileNo":null,"homeContactMobileNo2":null,"homeSTDLandlineNo":null,"homeFaxNo":null,"sameAsHomeAddress":"1","mailingAddressLine1":null,"mailingAddressLine2":null,"mailingAddressLine3":null,"mailingPinCode":null,"mailingArea":null,"mailingContactMobileNo":null,"mailingContactMobileNo2":null,"mailingSTDLandlineNo":null,"mailingSTDLandlineNo2":null,"mailingFaxNo":null,"bankAccountType":null,"bankAccountNo":null,"ifscCode":null,"GSTIN":null,"GSTRegistrationStatus":"Consumers","IsEIAavailable":"0","ApplyEIA":"0","EIAAccountNo":null,"EIAWith":"0","AccountType":null,"AddressProof":null,"DOBProof":null,"IdentityProof":null},"PolicyCreationRequest":{"Quotation_Number":"IPB100028987","MasterPolicyNumber":"61-19-00120-00-00","GroupID":"GRP001","Product_Code":"4211","intermediaryCode":"2104703","AutoRenewal":"Y","intermediaryBranchCode":"10MHMUM01","agentSignatureDate":null,"Customer_Signature_Date":null,"businessSourceChannel":null,"AssignPolicy":"0","AssigneeName":null,"leadID":null,"Source_Name":"AXIS_GHI","SPID":"0","TCN":null,"CRTNO":null,"RefCode1":"0","RefCode2":null,"Employee_Number":"620403","enumIsEmployeeDiscount":null,"QuoteDate":null,"IsPayment":"1","PaymentMode":null,"PolicyproductComponents":[{"PlanCode":"4211","SumInsured":"500000","SchemeCode":"4112000003"}]},"MemObj":{"Member":[{"MemberNo":1,"Salutation":"Mr","First_Name":"gngnjhg","Middle_Name":null,"Last_Name":"ghngh","Gender":"M","DateOfBirth":"06\/01\/1989","Relation_Code":"R001","Marital_Status":null,"height":"0.00","weight":"0","occupation":"O553","PrimaryMember":"Y","MemberproductComponents":[{"PlanCode":"4211","MemberQuestionDetails":[{"QuestionCode":null,"Answer":null,"Remarks":null}]}],"MemberPED":[{"PEDCode":null,"Remarks":null}],"exactDiagnosis":null,"dateOfDiagnosis":null,"lastDateConsultation":null,"detailsOfTreatmentGiven":null,"doctorName":null,"hospitalName":null,"phoneNumberHosital":null,"Nominee_First_Name":"umbthh","Nominee_Last_Name":"ghyh","Nominee_Contact_Number":"8908790000","Nominee_Home_Address":null,"Nominee_Relationship_Code":"R003"}]},"ReceiptCreation":{"officeLocation":"Mumbai","modeOfEntry":"Direct","cdAcNo":null,"expiryDate":null,"payerType":"Customer","payerCode":null,"paymentBy":"Customer","paymentByName":null,"paymentByRelationship":null,"collectionAmount":7605,"collectionRcvdDate":"06\/05\/2020 08:41 PM","collectionMode":"online","remarks":null,"instrumentNumber":"pay_EyzJ1dxaVKI5mD","instrumentDate":"2020-06-05","bankName":"SBIN","branchName":"ANNA NAGAR CHENNAI","bankLocation":null,"micrNo":null,"chequeType":null,"ifscCode":"UTIB0000016","PaymentGatewayName":"AXIS_NETB","TerminalID":"76010098","CardNo":null}} [] []
[2020-06-05 20:53:20] full_quote_reponse2.INFO: "<ns0:GHI_Res xmlns:ns0=\"http:\/\/ABHICL_NBP_QuickQuote_Schemas.GHI_Response\"><errorObj><ErrorNumber>999<\/ErrorNumber><ErrorMessage>Member Cust Id is required<\/ErrorMessage><\/errorObj><policyDtls><TransactionReferenceNumber><\/TransactionReferenceNumber><QuotationNumber><\/QuotationNumber><CertificateNumber><\/CertificateNumber><LetterURL><\/LetterURL><ClientID><\/ClientID><ProductName><\/ProductName><ProductCode><\/ProductCode><LineOfBusiness><\/LineOfBusiness><startDate><\/startDate><EndDate><\/EndDate><PolicyNumber><\/PolicyNumber><ProposalNumber><\/ProposalNumber><PolicyStatus><\/PolicyStatus><Tenure><\/Tenure><stpFlag><\/stpFlag><COIUrl>Could not find file u0027c:windowssystem32inetsrvObject cannot be cast from DBNull to other typesu0027.<\/COIUrl><\/policyDtls><premium><BasePremium><\/BasePremium><NetPremium><\/NetPremium><GST><\/GST><GrossPremium><\/GrossPremium><\/premium><receiptObj><ReceiptNumber><\/ReceiptNumber><ReceiptAmount><\/ReceiptAmount><ExcessAmount><\/ExcessAmount><\/receiptObj><\/ns0:GHI_Res>" [] []
[2020-06-05 20:53:50] full_quote_request2.INFO: {"ClientCreation":{"Member_Customer_ID":null,"salutation":"Mr","firstName":"gngnjhg","middleName":"","lastName":"ghngh","dateofBirth":"06\/01\/1989","gender":"M","educationalQualification":null,"pinCode":"415612","uidNo":null,"maritalStatus":null,"nationality":"Indian","occupation":"O553","primaryEmailID":"SAJID.FUNTUNE@GMAIL.COM","contactMobileNo":"9879788888","stdLandlineNo":null,"panNo":null,"passportNumber":null,"contactPerson":null,"annualIncome":null,"remarks":null,"startDate":"2020-06-05","endDate":null,"IdProof":"Adhaar Card","residenceProof":null,"ageProof":null,"others":null,"homeAddressLine1":null,"homeAddressLine2":null,"homeAddressLine3":null,"homePinCode":"415612","homeArea":null,"homeContactMobileNo":null,"homeContactMobileNo2":null,"homeSTDLandlineNo":null,"homeFaxNo":null,"sameAsHomeAddress":"1","mailingAddressLine1":null,"mailingAddressLine2":null,"mailingAddressLine3":null,"mailingPinCode":null,"mailingArea":null,"mailingContactMobileNo":null,"mailingContactMobileNo2":null,"mailingSTDLandlineNo":null,"mailingSTDLandlineNo2":null,"mailingFaxNo":null,"bankAccountType":null,"bankAccountNo":null,"ifscCode":null,"GSTIN":null,"GSTRegistrationStatus":"Consumers","IsEIAavailable":"0","ApplyEIA":"0","EIAAccountNo":null,"EIAWith":"0","AccountType":null,"AddressProof":null,"DOBProof":null,"IdentityProof":null},"PolicyCreationRequest":{"Quotation_Number":"IPB100028987","MasterPolicyNumber":"61-19-00120-00-00","GroupID":"GRP001","Product_Code":"4211","intermediaryCode":"2104703","AutoRenewal":"Y","intermediaryBranchCode":"10MHMUM01","agentSignatureDate":null,"Customer_Signature_Date":null,"businessSourceChannel":null,"AssignPolicy":"0","AssigneeName":null,"leadID":null,"Source_Name":"AXIS_GHI","SPID":"0","TCN":null,"CRTNO":null,"RefCode1":"0","RefCode2":null,"Employee_Number":"620403","enumIsEmployeeDiscount":null,"QuoteDate":null,"IsPayment":"1","PaymentMode":null,"PolicyproductComponents":[{"PlanCode":"4211","SumInsured":"500000","SchemeCode":"4112000003"}]},"MemObj":{"Member":[{"MemberNo":1,"Salutation":"Mr","First_Name":"gngnjhg","Middle_Name":null,"Last_Name":"ghngh","Gender":"M","DateOfBirth":"06\/01\/1989","Relation_Code":"R001","Marital_Status":null,"height":"0.00","weight":"0","occupation":"O553","PrimaryMember":"Y","MemberproductComponents":[{"PlanCode":"4211","MemberQuestionDetails":[{"QuestionCode":null,"Answer":null,"Remarks":null}]}],"MemberPED":[{"PEDCode":null,"Remarks":null}],"exactDiagnosis":null,"dateOfDiagnosis":null,"lastDateConsultation":null,"detailsOfTreatmentGiven":null,"doctorName":null,"hospitalName":null,"phoneNumberHosital":null,"Nominee_First_Name":"umbthh","Nominee_Last_Name":"ghyh","Nominee_Contact_Number":"8908790000","Nominee_Home_Address":null,"Nominee_Relationship_Code":"R003"}]},"ReceiptCreation":{"officeLocation":"Mumbai","modeOfEntry":"Direct","cdAcNo":null,"expiryDate":null,"payerType":"Customer","payerCode":null,"paymentBy":"Customer","paymentByName":null,"paymentByRelationship":null,"collectionAmount":7605,"collectionRcvdDate":"06\/05\/2020 08:41 PM","collectionMode":"online","remarks":null,"instrumentNumber":"pay_EyzJ1dxaVKI5mD","instrumentDate":"2020-06-05","bankName":"SBIN","branchName":"ANNA NAGAR CHENNAI","bankLocation":null,"micrNo":null,"chequeType":null,"ifscCode":"UTIB0000016","PaymentGatewayName":"AXIS_NETB","TerminalID":"76010098","CardNo":null}} [] []
[2020-06-05 20:53:55] full_quote_reponse2.INFO: "<ns0:GHI_Res xmlns:ns0=\"http:\/\/ABHICL_NBP_QuickQuote_Schemas.GHI_Response\"><errorObj><ErrorNumber>999<\/ErrorNumber><ErrorMessage>Member Cust Id is required<\/ErrorMessage><\/errorObj><policyDtls><TransactionReferenceNumber><\/TransactionReferenceNumber><QuotationNumber><\/QuotationNumber><CertificateNumber><\/CertificateNumber><LetterURL><\/LetterURL><ClientID><\/ClientID><ProductName><\/ProductName><ProductCode><\/ProductCode><LineOfBusiness><\/LineOfBusiness><startDate><\/startDate><EndDate><\/EndDate><PolicyNumber><\/PolicyNumber><ProposalNumber><\/ProposalNumber><PolicyStatus><\/PolicyStatus><Tenure><\/Tenure><stpFlag><\/stpFlag><COIUrl>Could not find file u0027c:windowssystem32inetsrvObject cannot be cast from DBNull to other typesu0027.<\/COIUrl><\/policyDtls><premium><BasePremium><\/BasePremium><NetPremium><\/NetPremium><GST><\/GST><GrossPremium><\/GrossPremium><\/premium><receiptObj><ReceiptNumber><\/ReceiptNumber><ReceiptAmount><\/ReceiptAmount><ExcessAmount><\/ExcessAmount><\/receiptObj><\/ns0:GHI_Res>" [] []
[2020-06-05 20:53:56] generateOTP.INFO: test [] []
[2020-06-05 20:53:56] generateOTP.INFO: test [] []
[2020-06-05 20:59:16] generateOTP.INFO: test [] []
[2020-06-05 20:59:16] generateOTP.INFO: test [] []
[2020-06-05 20:59:46] generateOTP.INFO: test [] []
[2020-06-05 20:59:47] generateOTP.INFO: test [] []
[2020-06-05 21:02:29] generateOTP.INFO: test [] []
[2020-06-05 21:02:32] generateOTP.INFO: test [] []
[2020-06-05 21:03:56] generateOTP.INFO: test [] []
[2020-06-05 21:03:56] generateOTP.INFO: test [] []
[2020-06-05 21:06:17] generateOTP.INFO: test [] []
[2020-06-05 21:06:21] generateOTP.INFO: test [] []
[2020-06-05 21:08:22] generateOTP.INFO: test [] []
[2020-06-05 21:08:23] generateOTP.INFO: test [] []
[2020-06-05 21:09:26] generateOTP.INFO: test [] []
[2020-06-05 21:11:15] generateOTP.INFO: test [] []
[2020-06-05 21:13:19] generateOTP.INFO: test [] []
[2020-06-05 21:13:20] generateOTP.INFO: test [] []
[2020-06-05 21:13:24] generateOTP.INFO: test [] []
[2020-06-05 21:13:47] generateOTP.INFO: test [] []
[2020-06-05 21:13:55] generateOTP.INFO: test [] []
[2020-06-05 21:16:22] generateOTP.INFO: test [] []
[2020-06-05 21:18:45] generateOTP.INFO: test [] []
[2020-06-05 21:18:50] generateOTP.INFO: test [] []
[2020-06-05 21:19:12] generateOTP.INFO: test [] []
[2020-06-05 21:19:16] generateOTP.INFO: test [] []
[2020-06-05 21:19:56] generateOTP.INFO: test [] []
[2020-06-05 21:20:01] full_quote_request2.INFO: {"ClientCreation":{"Member_Customer_ID":null,"salutation":"Mr","firstName":"gngnjhg","middleName":"","lastName":"ghngh","dateofBirth":"06\/01\/1989","gender":"M","educationalQualification":null,"pinCode":"415612","uidNo":null,"maritalStatus":null,"nationality":"Indian","occupation":"O553","primaryEmailID":"SAJID.FUNTUNE@GMAIL.COM","contactMobileNo":"9879788888","stdLandlineNo":null,"panNo":null,"passportNumber":null,"contactPerson":null,"annualIncome":null,"remarks":null,"startDate":"2020-06-05","endDate":null,"IdProof":"Adhaar Card","residenceProof":null,"ageProof":null,"others":null,"homeAddressLine1":null,"homeAddressLine2":null,"homeAddressLine3":null,"homePinCode":"415612","homeArea":null,"homeContactMobileNo":null,"homeContactMobileNo2":null,"homeSTDLandlineNo":null,"homeFaxNo":null,"sameAsHomeAddress":"1","mailingAddressLine1":null,"mailingAddressLine2":null,"mailingAddressLine3":null,"mailingPinCode":null,"mailingArea":null,"mailingContactMobileNo":null,"mailingContactMobileNo2":null,"mailingSTDLandlineNo":null,"mailingSTDLandlineNo2":null,"mailingFaxNo":null,"bankAccountType":null,"bankAccountNo":null,"ifscCode":null,"GSTIN":null,"GSTRegistrationStatus":"Consumers","IsEIAavailable":"0","ApplyEIA":"0","EIAAccountNo":null,"EIAWith":"0","AccountType":null,"AddressProof":null,"DOBProof":null,"IdentityProof":null},"PolicyCreationRequest":{"Quotation_Number":"IPB100028987","MasterPolicyNumber":"61-19-00120-00-00","GroupID":"GRP001","Product_Code":"4211","intermediaryCode":"2104703","AutoRenewal":"Y","intermediaryBranchCode":"10MHMUM01","agentSignatureDate":null,"Customer_Signature_Date":null,"businessSourceChannel":null,"AssignPolicy":"0","AssigneeName":null,"leadID":null,"Source_Name":"AXIS_GHI","SPID":"0","TCN":null,"CRTNO":null,"RefCode1":"0","RefCode2":null,"Employee_Number":"620403","enumIsEmployeeDiscount":null,"QuoteDate":null,"IsPayment":"1","PaymentMode":null,"PolicyproductComponents":[{"PlanCode":"4211","SumInsured":"500000","SchemeCode":"4112000003"}]},"MemObj":{"Member":[{"MemberNo":1,"Salutation":"Mr","First_Name":"gngnjhg","Middle_Name":null,"Last_Name":"ghngh","Gender":"M","DateOfBirth":"06\/01\/1989","Relation_Code":"R001","Marital_Status":null,"height":"0.00","weight":"0","occupation":"O553","PrimaryMember":"Y","MemberproductComponents":[{"PlanCode":"4211","MemberQuestionDetails":[{"QuestionCode":null,"Answer":null,"Remarks":null}]}],"MemberPED":[{"PEDCode":null,"Remarks":null}],"exactDiagnosis":null,"dateOfDiagnosis":null,"lastDateConsultation":null,"detailsOfTreatmentGiven":null,"doctorName":null,"hospitalName":null,"phoneNumberHosital":null,"Nominee_First_Name":"umbthh","Nominee_Last_Name":"ghyh","Nominee_Contact_Number":"8908790000","Nominee_Home_Address":null,"Nominee_Relationship_Code":"R003"}]},"ReceiptCreation":{"officeLocation":"Mumbai","modeOfEntry":"Direct","cdAcNo":null,"expiryDate":null,"payerType":"Customer","payerCode":null,"paymentBy":"Customer","paymentByName":null,"paymentByRelationship":null,"collectionAmount":7605,"collectionRcvdDate":"06\/05\/2020 08:41 PM","collectionMode":"online","remarks":null,"instrumentNumber":"pay_EyzJ1dxaVKI5mD","instrumentDate":"2020-06-05","bankName":"SBIN","branchName":"ANNA NAGAR CHENNAI","bankLocation":null,"micrNo":null,"chequeType":null,"ifscCode":"UTIB0000016","PaymentGatewayName":"AXIS_NETB","TerminalID":"76010098","CardNo":null}} [] []
[2020-06-05 21:20:07] full_quote_reponse2.INFO: "<ns0:GHI_Res xmlns:ns0=\"http:\/\/ABHICL_NBP_QuickQuote_Schemas.GHI_Response\"><errorObj><ErrorNumber>999<\/ErrorNumber><ErrorMessage>Member Cust Id is required<\/ErrorMessage><\/errorObj><policyDtls><TransactionReferenceNumber><\/TransactionReferenceNumber><QuotationNumber><\/QuotationNumber><CertificateNumber><\/CertificateNumber><LetterURL><\/LetterURL><ClientID><\/ClientID><ProductName><\/ProductName><ProductCode><\/ProductCode><LineOfBusiness><\/LineOfBusiness><startDate><\/startDate><EndDate><\/EndDate><PolicyNumber><\/PolicyNumber><ProposalNumber><\/ProposalNumber><PolicyStatus><\/PolicyStatus><Tenure><\/Tenure><stpFlag><\/stpFlag><COIUrl>Could not find file u0027c:windowssystem32inetsrvObject cannot be cast from DBNull to other typesu0027.<\/COIUrl><\/policyDtls><premium><BasePremium><\/BasePremium><NetPremium><\/NetPremium><GST><\/GST><GrossPremium><\/GrossPremium><\/premium><receiptObj><ReceiptNumber><\/ReceiptNumber><ReceiptAmount><\/ReceiptAmount><ExcessAmount><\/ExcessAmount><\/receiptObj><\/ns0:GHI_Res>" [] []
[2020-06-05 21:20:08] generateOTP.INFO: test [] []
[2020-06-05 21:25:59] generateOTP.INFO: test [] []
[2020-06-05 21:26:01] full_quote_request2.INFO: {"ClientCreation":{"Member_Customer_ID":"445555666","salutation":"Mr","firstName":"gngnjhg","middleName":"","lastName":"ghngh","dateofBirth":"06\/01\/1989","gender":"M","educationalQualification":null,"pinCode":"415612","uidNo":null,"maritalStatus":null,"nationality":"Indian","occupation":"O553","primaryEmailID":"SAJID.FUNTUNE@GMAIL.COM","contactMobileNo":"9879788888","stdLandlineNo":null,"panNo":null,"passportNumber":null,"contactPerson":null,"annualIncome":null,"remarks":null,"startDate":"2020-06-05","endDate":null,"IdProof":"Adhaar Card","residenceProof":null,"ageProof":null,"others":null,"homeAddressLine1":null,"homeAddressLine2":null,"homeAddressLine3":null,"homePinCode":"415612","homeArea":null,"homeContactMobileNo":null,"homeContactMobileNo2":null,"homeSTDLandlineNo":null,"homeFaxNo":null,"sameAsHomeAddress":"1","mailingAddressLine1":null,"mailingAddressLine2":null,"mailingAddressLine3":null,"mailingPinCode":null,"mailingArea":null,"mailingContactMobileNo":null,"mailingContactMobileNo2":null,"mailingSTDLandlineNo":null,"mailingSTDLandlineNo2":null,"mailingFaxNo":null,"bankAccountType":null,"bankAccountNo":null,"ifscCode":null,"GSTIN":null,"GSTRegistrationStatus":"Consumers","IsEIAavailable":"0","ApplyEIA":"0","EIAAccountNo":null,"EIAWith":"0","AccountType":null,"AddressProof":null,"DOBProof":null,"IdentityProof":null},"PolicyCreationRequest":{"Quotation_Number":"IPB100028987","MasterPolicyNumber":"61-19-00120-00-00","GroupID":"GRP001","Product_Code":"4211","intermediaryCode":"2104703","AutoRenewal":"Y","intermediaryBranchCode":"10MHMUM01","agentSignatureDate":null,"Customer_Signature_Date":null,"businessSourceChannel":null,"AssignPolicy":"0","AssigneeName":null,"leadID":"233532522252","Source_Name":"AXIS_GHI","SPID":"0","TCN":null,"CRTNO":null,"RefCode1":"0","RefCode2":"002","Employee_Number":"620403","enumIsEmployeeDiscount":null,"QuoteDate":null,"IsPayment":"1","PaymentMode":null,"PolicyproductComponents":[{"PlanCode":"4211","SumInsured":"500000","SchemeCode":"4112000003"}]},"MemObj":{"Member":[{"MemberNo":1,"Salutation":"Mr","First_Name":"gngnjhg","Middle_Name":null,"Last_Name":"ghngh","Gender":"M","DateOfBirth":"06\/01\/1989","Relation_Code":"R001","Marital_Status":null,"height":"0.00","weight":"0","occupation":"O553","PrimaryMember":"Y","MemberproductComponents":[{"PlanCode":"4211","MemberQuestionDetails":[{"QuestionCode":null,"Answer":null,"Remarks":null}]}],"MemberPED":[{"PEDCode":null,"Remarks":null}],"exactDiagnosis":null,"dateOfDiagnosis":null,"lastDateConsultation":null,"detailsOfTreatmentGiven":null,"doctorName":null,"hospitalName":null,"phoneNumberHosital":null,"Nominee_First_Name":"umbthh","Nominee_Last_Name":"ghyh","Nominee_Contact_Number":"8908790000","Nominee_Home_Address":null,"Nominee_Relationship_Code":"R003"}]},"ReceiptCreation":{"officeLocation":"Mumbai","modeOfEntry":"Direct","cdAcNo":null,"expiryDate":null,"payerType":"Customer","payerCode":null,"paymentBy":"Customer","paymentByName":null,"paymentByRelationship":null,"collectionAmount":7605,"collectionRcvdDate":"06\/05\/2020 08:41 PM","collectionMode":"online","remarks":null,"instrumentNumber":"pay_EyzJ1dxaVKI5mD","instrumentDate":"2020-06-05","bankName":"SBIN","branchName":"ANNA NAGAR CHENNAI","bankLocation":null,"micrNo":null,"chequeType":null,"ifscCode":"UTIB0000016","PaymentGatewayName":"AXIS_NETB","TerminalID":"76010098","CardNo":null}} [] []
[2020-06-05 21:26:05] full_quote_reponse2.INFO: "<ns0:GHI_Res xmlns:ns0=\"http:\/\/ABHICL_NBP_QuickQuote_Schemas.GHI_Response\"><errorObj><ErrorNumber>62<\/ErrorNumber><ErrorMessage>Address Line 1 can not be blank<\/ErrorMessage><\/errorObj><policyDtls><TransactionReferenceNumber><\/TransactionReferenceNumber><QuotationNumber><\/QuotationNumber><CertificateNumber><\/CertificateNumber><LetterURL><\/LetterURL><ClientID><\/ClientID><ProductName><\/ProductName><ProductCode><\/ProductCode><LineOfBusiness><\/LineOfBusiness><startDate><\/startDate><EndDate><\/EndDate><PolicyNumber><\/PolicyNumber><ProposalNumber><\/ProposalNumber><PolicyStatus><\/PolicyStatus><Tenure><\/Tenure><stpFlag><\/stpFlag><COIUrl>Could not find file u0027c:windowssystem32inetsrvObject cannot be cast from DBNull to other typesu0027.<\/COIUrl><\/policyDtls><premium><BasePremium>7118.64<\/BasePremium><NetPremium>7118.64<\/NetPremium><GST>1281.36<\/GST><GrossPremium>8400.00<\/GrossPremium><\/premium><receiptObj><ReceiptNumber><\/ReceiptNumber><ReceiptAmount><\/ReceiptAmount><ExcessAmount><\/ExcessAmount><\/receiptObj><\/ns0:GHI_Res>" [] []
[2020-06-05 21:26:06] generateOTP.INFO: test [] []
[2020-06-05 21:26:52] generateOTP.INFO: test [] []
[2020-06-05 21:26:54] full_quote_request2.INFO: {"ClientCreation":{"Member_Customer_ID":"445555666","salutation":"Mr","firstName":"gngnjhg","middleName":"","lastName":"ghngh","dateofBirth":"06\/01\/1989","gender":"M","educationalQualification":null,"pinCode":"415612","uidNo":null,"maritalStatus":null,"nationality":"Indian","occupation":"O553","primaryEmailID":"SAJID.FUNTUNE@GMAIL.COM","contactMobileNo":"9879788888","stdLandlineNo":null,"panNo":null,"passportNumber":null,"contactPerson":null,"annualIncome":null,"remarks":null,"startDate":"2020-06-05","endDate":null,"IdProof":"Adhaar Card","residenceProof":null,"ageProof":null,"others":null,"homeAddressLine1":null,"homeAddressLine2":null,"homeAddressLine3":null,"homePinCode":"415612","homeArea":null,"homeContactMobileNo":null,"homeContactMobileNo2":null,"homeSTDLandlineNo":null,"homeFaxNo":null,"sameAsHomeAddress":"1","mailingAddressLine1":null,"mailingAddressLine2":null,"mailingAddressLine3":null,"mailingPinCode":null,"mailingArea":null,"mailingContactMobileNo":null,"mailingContactMobileNo2":null,"mailingSTDLandlineNo":null,"mailingSTDLandlineNo2":null,"mailingFaxNo":null,"bankAccountType":null,"bankAccountNo":null,"ifscCode":null,"GSTIN":null,"GSTRegistrationStatus":"Consumers","IsEIAavailable":"0","ApplyEIA":"0","EIAAccountNo":null,"EIAWith":"0","AccountType":null,"AddressProof":null,"DOBProof":null,"IdentityProof":null},"PolicyCreationRequest":{"Quotation_Number":"IPB100028987","MasterPolicyNumber":"61-19-00120-00-00","GroupID":"GRP001","Product_Code":"4211","intermediaryCode":"2104703","AutoRenewal":"Y","intermediaryBranchCode":"10MHMUM01","agentSignatureDate":null,"Customer_Signature_Date":null,"businessSourceChannel":null,"AssignPolicy":"0","AssigneeName":null,"leadID":"233532522252","Source_Name":"AXIS_GHI","SPID":"0","TCN":null,"CRTNO":null,"RefCode1":"0","RefCode2":"002","Employee_Number":"620403","enumIsEmployeeDiscount":null,"QuoteDate":null,"IsPayment":"1","PaymentMode":null,"PolicyproductComponents":[{"PlanCode":"4211","SumInsured":"500000","SchemeCode":"4112000003"}]},"MemObj":{"Member":[{"MemberNo":1,"Salutation":"Mr","First_Name":"gngnjhg","Middle_Name":null,"Last_Name":"ghngh","Gender":"M","DateOfBirth":"06\/01\/1989","Relation_Code":"R001","Marital_Status":null,"height":"0.00","weight":"0","occupation":"O553","PrimaryMember":"Y","MemberproductComponents":[{"PlanCode":"4211","MemberQuestionDetails":[{"QuestionCode":null,"Answer":null,"Remarks":null}]}],"MemberPED":[{"PEDCode":null,"Remarks":null}],"exactDiagnosis":null,"dateOfDiagnosis":null,"lastDateConsultation":null,"detailsOfTreatmentGiven":null,"doctorName":null,"hospitalName":null,"phoneNumberHosital":null,"Nominee_First_Name":"umbthh","Nominee_Last_Name":"ghyh","Nominee_Contact_Number":"8908790000","Nominee_Home_Address":null,"Nominee_Relationship_Code":"R003"}]},"ReceiptCreation":{"officeLocation":"Mumbai","modeOfEntry":"Direct","cdAcNo":null,"expiryDate":null,"payerType":"Customer","payerCode":null,"paymentBy":"Customer","paymentByName":null,"paymentByRelationship":null,"collectionAmount":7605,"collectionRcvdDate":"06\/05\/2020 08:41 PM","collectionMode":"online","remarks":null,"instrumentNumber":"pay_EyzJ1dxaVKI5mD","instrumentDate":"2020-06-05","bankName":"SBIN","branchName":"ANNA NAGAR CHENNAI","bankLocation":null,"micrNo":null,"chequeType":null,"ifscCode":"UTIB0000016","PaymentGatewayName":"AXIS_NETB","TerminalID":"76010098","CardNo":null}} [] []
[2020-06-05 21:27:00] full_quote_reponse2.INFO: "<ns0:GHI_Res xmlns:ns0=\"http:\/\/ABHICL_NBP_QuickQuote_Schemas.GHI_Response\"><errorObj><ErrorNumber>62<\/ErrorNumber><ErrorMessage>Address Line 1 can not be blank<\/ErrorMessage><\/errorObj><policyDtls><TransactionReferenceNumber><\/TransactionReferenceNumber><QuotationNumber><\/QuotationNumber><CertificateNumber><\/CertificateNumber><LetterURL><\/LetterURL><ClientID><\/ClientID><ProductName><\/ProductName><ProductCode><\/ProductCode><LineOfBusiness><\/LineOfBusiness><startDate><\/startDate><EndDate><\/EndDate><PolicyNumber><\/PolicyNumber><ProposalNumber><\/ProposalNumber><PolicyStatus><\/PolicyStatus><Tenure><\/Tenure><stpFlag><\/stpFlag><COIUrl>Could not find file u0027c:windowssystem32inetsrvObject cannot be cast from DBNull to other typesu0027.<\/COIUrl><\/policyDtls><premium><BasePremium>7118.64<\/BasePremium><NetPremium>7118.64<\/NetPremium><GST>1281.36<\/GST><GrossPremium>8400.00<\/GrossPremium><\/premium><receiptObj><ReceiptNumber><\/ReceiptNumber><ReceiptAmount><\/ReceiptAmount><ExcessAmount><\/ExcessAmount><\/receiptObj><\/ns0:GHI_Res>" [] []
[2020-06-05 21:27:01] generateOTP.INFO: test [] []
[2020-06-05 21:27:55] full_quote_request2.INFO: {"ClientCreation":{"Member_Customer_ID":"445555666","salutation":"Mr","firstName":"gngnjhg","middleName":"","lastName":"ghngh","dateofBirth":"06\/01\/1989","gender":"M","educationalQualification":null,"pinCode":"415612","uidNo":null,"maritalStatus":null,"nationality":"Indian","occupation":"O553","primaryEmailID":"SAJID.FUNTUNE@GMAIL.COM","contactMobileNo":"9879788888","stdLandlineNo":null,"panNo":null,"passportNumber":null,"contactPerson":null,"annualIncome":null,"remarks":null,"startDate":"2020-06-05","endDate":null,"IdProof":"Adhaar Card","residenceProof":null,"ageProof":null,"others":null,"homeAddressLine1":"ghmghm fthrtf","homeAddressLine2":null,"homeAddressLine3":null,"homePinCode":"415612","homeArea":null,"homeContactMobileNo":null,"homeContactMobileNo2":null,"homeSTDLandlineNo":null,"homeFaxNo":null,"sameAsHomeAddress":"1","mailingAddressLine1":null,"mailingAddressLine2":null,"mailingAddressLine3":null,"mailingPinCode":null,"mailingArea":null,"mailingContactMobileNo":null,"mailingContactMobileNo2":null,"mailingSTDLandlineNo":null,"mailingSTDLandlineNo2":null,"mailingFaxNo":null,"bankAccountType":null,"bankAccountNo":null,"ifscCode":null,"GSTIN":null,"GSTRegistrationStatus":"Consumers","IsEIAavailable":"0","ApplyEIA":"0","EIAAccountNo":null,"EIAWith":"0","AccountType":null,"AddressProof":null,"DOBProof":null,"IdentityProof":null},"PolicyCreationRequest":{"Quotation_Number":"IPB100028987","MasterPolicyNumber":"61-19-00120-00-00","GroupID":"GRP001","Product_Code":"4211","intermediaryCode":"2104703","AutoRenewal":"Y","intermediaryBranchCode":"10MHMUM01","agentSignatureDate":null,"Customer_Signature_Date":null,"businessSourceChannel":null,"AssignPolicy":"0","AssigneeName":null,"leadID":"233532522252","Source_Name":"AXIS_GHI","SPID":"0","TCN":null,"CRTNO":null,"RefCode1":"0","RefCode2":"002","Employee_Number":"620403","enumIsEmployeeDiscount":null,"QuoteDate":null,"IsPayment":"1","PaymentMode":null,"PolicyproductComponents":[{"PlanCode":"4211","SumInsured":"500000","SchemeCode":"4112000003"}]},"MemObj":{"Member":[{"MemberNo":1,"Salutation":"Mr","First_Name":"gngnjhg","Middle_Name":null,"Last_Name":"ghngh","Gender":"M","DateOfBirth":"06\/01\/1989","Relation_Code":"R001","Marital_Status":null,"height":"0.00","weight":"0","occupation":"O553","PrimaryMember":"Y","MemberproductComponents":[{"PlanCode":"4211","MemberQuestionDetails":[{"QuestionCode":null,"Answer":null,"Remarks":null}]}],"MemberPED":[{"PEDCode":null,"Remarks":null}],"exactDiagnosis":null,"dateOfDiagnosis":null,"lastDateConsultation":null,"detailsOfTreatmentGiven":null,"doctorName":null,"hospitalName":null,"phoneNumberHosital":null,"Nominee_First_Name":"umbthh","Nominee_Last_Name":"ghyh","Nominee_Contact_Number":"8908790000","Nominee_Home_Address":null,"Nominee_Relationship_Code":"R003"}]},"ReceiptCreation":{"officeLocation":"Mumbai","modeOfEntry":"Direct","cdAcNo":null,"expiryDate":null,"payerType":"Customer","payerCode":null,"paymentBy":"Customer","paymentByName":null,"paymentByRelationship":null,"collectionAmount":7605,"collectionRcvdDate":"06\/05\/2020 08:41 PM","collectionMode":"online","remarks":null,"instrumentNumber":"pay_EyzJ1dxaVKI5mD","instrumentDate":"2020-06-05","bankName":"SBIN","branchName":"ANNA NAGAR CHENNAI","bankLocation":null,"micrNo":null,"chequeType":null,"ifscCode":"UTIB0000016","PaymentGatewayName":"AXIS_NETB","TerminalID":"76010098","CardNo":null}} [] []
[2020-06-05 21:27:58] full_quote_reponse2.INFO: "{\"Message\":\" There was a failure executing the response(receive) pipeline: ABHICL_NBP_QuickQuote_Pipelines.JSON_To_XML_ReceivePipeline, ABHICL_NBP_QuickQuote_Pipelines, Version=1.0.0.0, Culture=neutral, PublicKeyToken=7489ac52894eb39e Source: NBPJsonDecoder Send Port: SendPort_GHI URI: https:\\\/\\\/hb-preprod.adityabirlacapital.com\\\/Group\\\/api\\\/ABHI\\\/Ws_FullQuote Reason: Object reference not set to an instance of an object. \"}" [] []
[2020-06-05 21:27:59] generateOTP.INFO: test [] []
[2020-06-05 21:28:17] generateOTP.INFO: test [] []
[2020-06-05 21:28:19] full_quote_request2.INFO: {"ClientCreation":{"Member_Customer_ID":"445555666","salutation":"Mr","firstName":"gngnjhg","middleName":"","lastName":"ghngh","dateofBirth":"06\/01\/1989","gender":"M","educationalQualification":null,"pinCode":"415612","uidNo":null,"maritalStatus":null,"nationality":"Indian","occupation":"O553","primaryEmailID":"SAJID.FUNTUNE@GMAIL.COM","contactMobileNo":"9879788888","stdLandlineNo":null,"panNo":null,"passportNumber":null,"contactPerson":null,"annualIncome":null,"remarks":null,"startDate":"2020-06-05","endDate":null,"IdProof":"Adhaar Card","residenceProof":null,"ageProof":null,"others":null,"homeAddressLine1":"ghmghm fthrtf","homeAddressLine2":null,"homeAddressLine3":null,"homePinCode":"415612","homeArea":null,"homeContactMobileNo":null,"homeContactMobileNo2":null,"homeSTDLandlineNo":null,"homeFaxNo":null,"sameAsHomeAddress":"1","mailingAddressLine1":null,"mailingAddressLine2":null,"mailingAddressLine3":null,"mailingPinCode":null,"mailingArea":null,"mailingContactMobileNo":null,"mailingContactMobileNo2":null,"mailingSTDLandlineNo":null,"mailingSTDLandlineNo2":null,"mailingFaxNo":null,"bankAccountType":null,"bankAccountNo":null,"ifscCode":null,"GSTIN":null,"GSTRegistrationStatus":"Consumers","IsEIAavailable":"0","ApplyEIA":"0","EIAAccountNo":null,"EIAWith":"0","AccountType":null,"AddressProof":null,"DOBProof":null,"IdentityProof":null},"PolicyCreationRequest":{"Quotation_Number":"IPB100028987","MasterPolicyNumber":"61-19-00120-00-00","GroupID":"GRP001","Product_Code":"4211","intermediaryCode":"2104703","AutoRenewal":"Y","intermediaryBranchCode":"10MHMUM01","agentSignatureDate":null,"Customer_Signature_Date":null,"businessSourceChannel":null,"AssignPolicy":"0","AssigneeName":null,"leadID":"233532522252","Source_Name":"AXIS_GHI","SPID":"0","TCN":null,"CRTNO":null,"RefCode1":"0","RefCode2":"002","Employee_Number":"620403","enumIsEmployeeDiscount":null,"QuoteDate":null,"IsPayment":"1","PaymentMode":null,"PolicyproductComponents":[{"PlanCode":"4211","SumInsured":"500000","SchemeCode":"4112000003"}]},"MemObj":{"Member":[{"MemberNo":1,"Salutation":"Mr","First_Name":"gngnjhg","Middle_Name":null,"Last_Name":"ghngh","Gender":"M","DateOfBirth":"06\/01\/1989","Relation_Code":"R001","Marital_Status":null,"height":"0.00","weight":"0","occupation":"O553","PrimaryMember":"Y","MemberproductComponents":[{"PlanCode":"4211","MemberQuestionDetails":[{"QuestionCode":null,"Answer":null,"Remarks":null}]}],"MemberPED":[{"PEDCode":null,"Remarks":null}],"exactDiagnosis":null,"dateOfDiagnosis":null,"lastDateConsultation":null,"detailsOfTreatmentGiven":null,"doctorName":null,"hospitalName":null,"phoneNumberHosital":null,"Nominee_First_Name":"umbthh","Nominee_Last_Name":"ghyh","Nominee_Contact_Number":"8908790000","Nominee_Home_Address":null,"Nominee_Relationship_Code":"R003"}]},"ReceiptCreation":{"officeLocation":"Mumbai","modeOfEntry":"Direct","cdAcNo":null,"expiryDate":null,"payerType":"Customer","payerCode":null,"paymentBy":"Customer","paymentByName":null,"paymentByRelationship":null,"collectionAmount":7605,"collectionRcvdDate":"06\/05\/2020 08:41 PM","collectionMode":"online","remarks":null,"instrumentNumber":"pay_EyzJ1dxaVKI5mD","instrumentDate":"2020-06-05","bankName":"SBIN","branchName":"ANNA NAGAR CHENNAI","bankLocation":null,"micrNo":null,"chequeType":null,"ifscCode":"UTIB0000016","PaymentGatewayName":"AXIS_NETB","TerminalID":"76010098","CardNo":null}} [] []
[2020-06-05 21:28:21] full_quote_reponse2.INFO: "{\"Message\":\" There was a failure executing the response(receive) pipeline: ABHICL_NBP_QuickQuote_Pipelines.JSON_To_XML_ReceivePipeline, ABHICL_NBP_QuickQuote_Pipelines, Version=1.0.0.0, Culture=neutral, PublicKeyToken=7489ac52894eb39e Source: NBPJsonDecoder Send Port: SendPort_GHI URI: https:\\\/\\\/hb-preprod.adityabirlacapital.com\\\/Group\\\/api\\\/ABHI\\\/Ws_FullQuote Reason: Object reference not set to an instance of an object. \"}" [] []
[2020-06-05 21:28:22] generateOTP.INFO: test [] []
