[2020-02-05 10:06:33] generateOTP.INFO: test [] []
[2020-02-05 10:06:34] generateOTP.INFO: test [] []
[2020-02-05 10:07:00] generateOTP.INFO: test [] []
[2020-02-05 10:07:01] generateOTP.INFO: test [] []
[2020-02-05 10:07:06] generateOTP.INFO: test [] []
[2020-02-05 10:07:06] generateOTP.INFO: test [] []
[2020-02-05 10:07:18] generateOTP.INFO: test [] []
[2020-02-05 10:07:22] generateOTP.INFO: test [] []
[2020-02-05 10:09:45] generateOTP.INFO: test [] []
[2020-02-05 10:17:18] generateOTP.INFO: test [] []
[2020-02-05 10:18:54] generateOTP.INFO: test [] []
[2020-02-05 10:19:21] generateOTP.INFO: test [] []
[2020-02-05 10:20:58] generateOTP.INFO: test [] []
[2020-02-05 10:21:37] generateOTP.INFO: test [] []
[2020-02-05 10:25:25] generateOTP.INFO: test [] []
[2020-02-05 10:28:45] generateOTP.INFO: test [] []
[2020-02-05 10:30:29] generateOTP.INFO: test [] []
[2020-02-05 10:42:51] generateOTP.INFO: test [] []
[2020-02-05 10:43:32] generateOTP.INFO: test [] []
[2020-02-05 10:43:37] generateOTP.INFO: test [] []
[2020-02-05 10:44:00] generateOTP.INFO: test [] []
[2020-02-05 10:46:16] generateOTP.INFO: test [] []
[2020-02-05 10:46:21] generateOTP.INFO: test [] []
[2020-02-05 10:46:29] generateOTP.INFO: test [] []
[2020-02-05 10:48:55] generateOTP.INFO: test [] []
[2020-02-05 11:07:37] generateOTP.INFO: test [] []
[2020-02-05 11:07:37] generateOTP.INFO: test [] []
[2020-02-05 11:30:09] generateOTP.INFO: test [] []
[2020-02-05 11:30:29] generateOTP.INFO: test [] []
[2020-02-05 11:30:29] generateOTP.INFO: test [] []
[2020-02-05 11:30:57] generateOTP.INFO: test [] []
[2020-02-05 11:30:57] generateOTP.INFO: test [] []
[2020-02-05 11:31:05] generateOTP.INFO: test [] []
[2020-02-05 11:31:06] generateOTP.INFO: test [] []
[2020-02-05 11:31:27] generateOTP.INFO: test [] []
[2020-02-05 11:31:27] generateOTP.INFO: test [] []
[2020-02-05 11:31:27] generateOTP.INFO: test [] []
[2020-02-05 11:31:33] generateOTP.INFO: test [] []
[2020-02-05 11:31:33] generateOTP.INFO: test [] []
[2020-02-05 11:43:04] generateOTP.INFO: test [] []
[2020-02-05 11:43:04] generateOTP.INFO: test [] []
[2020-02-05 11:43:05] generateOTP.INFO: test [] []
[2020-02-05 11:43:32] generateOTP.INFO: test [] []
[2020-02-05 11:43:32] generateOTP.INFO: test [] []
[2020-02-05 11:46:32] generateOTP.INFO: test [] []
[2020-02-05 11:46:32] generateOTP.INFO: test [] []
[2020-02-05 11:46:42] generateOTP.INFO: test [] []
[2020-02-05 11:46:42] generateOTP.INFO: test [] []
[2020-02-05 11:46:46] generateOTP.INFO: test [] []
[2020-02-05 11:55:17] generateOTP.INFO: test [] []
[2020-02-05 11:55:52] generateOTP.INFO: test [] []
[2020-02-05 12:04:34] generateOTP.INFO: test [] []
[2020-02-05 12:04:36] generateOTP.INFO: test [] []
[2020-02-05 12:08:40] generateOTP.INFO: test [] []
[2020-02-05 12:08:42] generateOTP.INFO: test [] []
[2020-02-05 12:09:15] generateOTP.INFO: test [] []
[2020-02-05 12:09:25] generateOTP.INFO: test [] []
[2020-02-05 12:38:39] generateOTP.INFO: test [] []
[2020-02-05 12:38:50] generateOTP.INFO: test [] []
[2020-02-05 12:38:53] generateOTP.INFO: test [] []
[2020-02-05 12:44:47] generateOTP.INFO: test [] []
[2020-02-05 12:55:15] generateOTP.INFO: test [] []
[2020-02-05 12:55:15] generateOTP.INFO: test [] []
[2020-02-05 12:55:20] generateOTP.INFO: test [] []
[2020-02-05 12:55:20] generateOTP.INFO: test [] []
[2020-02-05 12:58:24] generateOTP.INFO: test [] []
[2020-02-05 13:05:57] generateOTP.INFO: test [] []
[2020-02-05 13:05:58] generateOTP.INFO: test [] []
[2020-02-05 13:06:10] generateOTP.INFO: test [] []
[2020-02-05 13:06:11] generateOTP.INFO: test [] []
[2020-02-05 13:06:25] generateOTP.INFO: test [] []
[2020-02-05 13:09:55] generateOTP.INFO: test [] []
[2020-02-05 13:09:57] generateOTP.INFO: test [] []
[2020-02-05 13:09:59] generateOTP.INFO: test [] []
[2020-02-05 13:10:00] generateOTP.INFO: test [] []
[2020-02-05 13:11:35] generateOTP.INFO: test [] []
[2020-02-05 13:11:36] generateOTP.INFO: test [] []
[2020-02-05 13:11:37] generateOTP.INFO: test [] []
[2020-02-05 13:12:23] generateOTP.INFO: test [] []
[2020-02-05 13:18:38] generateOTP.INFO: test [] []
[2020-02-05 13:18:42] generateOTP.INFO: test [] []
[2020-02-05 13:18:48] generateOTP.INFO: test [] []
[2020-02-05 13:19:53] generateOTP.INFO: test [] []
[2020-02-05 13:20:26] generateOTP.INFO: test [] []
[2020-02-05 13:21:28] generateOTP.INFO: test [] []
[2020-02-05 13:22:22] generateOTP.INFO: test [] []
[2020-02-05 14:24:46] generateOTP.INFO: test [] []
[2020-02-05 14:24:47] generateOTP.INFO: test [] []
[2020-02-05 14:25:12] generateOTP.INFO: test [] []
[2020-02-05 14:25:12] generateOTP.INFO: test [] []
[2020-02-05 14:25:22] generateOTP.INFO: test [] []
[2020-02-05 14:27:34] generateOTP.INFO: test [] []
[2020-02-05 14:27:38] generateOTP.INFO: test [] []
[2020-02-05 14:27:41] generateOTP.INFO: test [] []
[2020-02-05 14:27:46] generateOTP.INFO: test [] []
[2020-02-05 14:27:46] generateOTP.INFO: test [] []
[2020-02-05 14:27:54] generateOTP.INFO: test [] []
[2020-02-05 14:27:55] generateOTP.INFO: test [] []
[2020-02-05 14:28:47] generateOTP.INFO: test [] []
[2020-02-05 14:28:48] generateOTP.INFO: test [] []
[2020-02-05 14:29:22] generateOTP.INFO: test [] []
[2020-02-05 14:29:46] generateOTP.INFO: test [] []
[2020-02-05 14:29:46] generateOTP.INFO: test [] []
[2020-02-05 14:30:17] generateOTP.INFO: test [] []
[2020-02-05 14:30:40] generateOTP.INFO: test [] []
[2020-02-05 14:31:05] generateOTP.INFO: test [] []
[2020-02-05 14:31:45] generateOTP.INFO: test [] []
[2020-02-05 14:32:28] generateOTP.INFO: test [] []
[2020-02-05 14:33:03] generateOTP.INFO: test [] []
[2020-02-05 14:33:52] generateOTP.INFO: test [] []
[2020-02-05 14:37:39] generateOTP.INFO: test [] []
[2020-02-05 14:45:06] generateOTP.INFO: test [] []
[2020-02-05 14:45:10] generateOTP.INFO: test [] []
[2020-02-05 14:45:24] generateOTP.INFO: test [] []
[2020-02-05 14:45:25] generateOTP.INFO: test [] []
[2020-02-05 14:45:41] generateOTP.INFO: test [] []
[2020-02-05 14:45:43] generateOTP.INFO: test [] []
[2020-02-05 14:45:44] generateOTP.INFO: test [] []
[2020-02-05 14:45:53] generateOTP.INFO: test [] []
[2020-02-05 14:46:02] generateOTP.INFO: test [] []
[2020-02-05 14:46:02] generateOTP.INFO: test [] []
[2020-02-05 14:46:11] generateOTP.INFO: test [] []
[2020-02-05 14:46:11] generateOTP.INFO: test [] []
[2020-02-05 14:46:25] generateOTP.INFO: test [] []
[2020-02-05 14:46:52] generateOTP.INFO: test [] []
[2020-02-05 14:49:00] generateOTP.INFO: test [] []
[2020-02-05 14:49:00] generateOTP.INFO: test [] []
[2020-02-05 14:49:35] generateOTP.INFO: test [] []
[2020-02-05 14:49:36] generateOTP.INFO: test [] []
[2020-02-05 14:49:59] generateOTP.INFO: test [] []
[2020-02-05 14:49:59] generateOTP.INFO: test [] []
[2020-02-05 14:50:51] generateOTP.INFO: test [] []
[2020-02-05 14:50:51] generateOTP.INFO: test [] []
[2020-02-05 14:51:25] generateOTP.INFO: test [] []
[2020-02-05 14:51:30] generateOTP.INFO: test [] []
[2020-02-05 14:53:54] generateOTP.INFO: test [] []
[2020-02-05 14:57:31] generateOTP.INFO: test [] []
[2020-02-05 14:59:26] generateOTP.INFO: test [] []
[2020-02-05 15:00:07] generateOTP.INFO: test [] []
[2020-02-05 15:00:21] generateOTP.INFO: test [] []
[2020-02-05 15:01:12] generateOTP.INFO: test [] []
[2020-02-05 15:02:29] generateOTP.INFO: test [] []
[2020-02-05 15:02:47] generateOTP.INFO: test [] []
[2020-02-05 15:03:21] generateOTP.INFO: test [] []
[2020-02-05 15:03:40] generateOTP.INFO: test [] []
[2020-02-05 15:04:01] generateOTP.INFO: test [] []
[2020-02-05 15:07:51] generateOTP.INFO: test [] []
[2020-02-05 15:07:51] generateOTP.INFO: test [] []
[2020-02-05 15:09:11] generateOTP.INFO: test [] []
[2020-02-05 15:09:11] generateOTP.INFO: test [] []
[2020-02-05 15:10:54] generateOTP.INFO: test [] []
[2020-02-05 15:10:54] generateOTP.INFO: test [] []
[2020-02-05 15:12:12] generateOTP.INFO: test [] []
[2020-02-05 15:12:12] generateOTP.INFO: test [] []
[2020-02-05 15:13:11] generateOTP.INFO: test [] []
[2020-02-05 15:13:11] generateOTP.INFO: test [] []
[2020-02-05 15:16:10] generateOTP.INFO: test [] []
[2020-02-05 15:16:10] generateOTP.INFO: test [] []
[2020-02-05 15:16:41] generateOTP.INFO: test [] []
[2020-02-05 15:16:41] generateOTP.INFO: test [] []
[2020-02-05 15:19:16] generateOTP.INFO: test [] []
[2020-02-05 15:19:16] generateOTP.INFO: test [] []
[2020-02-05 15:20:06] generateOTP.INFO: test [] []
[2020-02-05 15:20:06] generateOTP.INFO: test [] []
[2020-02-05 15:20:44] generateOTP.INFO: test [] []
[2020-02-05 15:20:44] generateOTP.INFO: test [] []
[2020-02-05 15:21:15] generateOTP.INFO: test [] []
[2020-02-05 15:21:15] generateOTP.INFO: test [] []
[2020-02-05 15:21:51] generateOTP.INFO: test [] []
[2020-02-05 15:21:51] generateOTP.INFO: test [] []
[2020-02-05 15:22:10] generateOTP.INFO: test [] []
[2020-02-05 15:22:10] generateOTP.INFO: test [] []
[2020-02-05 15:22:47] generateOTP.INFO: test [] []
[2020-02-05 15:22:47] generateOTP.INFO: test [] []
[2020-02-05 15:23:42] generateOTP.INFO: test [] []
[2020-02-05 15:23:42] generateOTP.INFO: test [] []
[2020-02-05 15:24:04] generateOTP.INFO: test [] []
[2020-02-05 15:24:04] generateOTP.INFO: test [] []
[2020-02-05 15:32:20] generateOTP.INFO: test [] []
[2020-02-05 15:37:00] generateOTP.INFO: test [] []
[2020-02-05 15:37:24] generateOTP.INFO: test [] []
[2020-02-05 15:38:25] generateOTP.INFO: test [] []
[2020-02-05 15:39:32] generateOTP.INFO: test [] []
[2020-02-05 15:46:12] generateOTP.INFO: test [] []
[2020-02-05 15:46:20] generateOTP.INFO: test [] []
[2020-02-05 15:46:55] generateOTP.INFO: test [] []
[2020-02-05 15:47:03] generateOTP.INFO: test [] []
[2020-02-05 15:55:07] generateOTP.INFO: test [] []
[2020-02-05 15:55:40] generateOTP.INFO: test [] []
[2020-02-05 15:55:48] generateOTP.INFO: test [] []
[2020-02-05 15:56:47] generateOTP.INFO: test [] []
[2020-02-05 15:57:08] generateOTP.INFO: test [] []
[2020-02-05 15:58:36] generateOTP.INFO: test [] []
[2020-02-05 15:58:43] generateOTP.INFO: test [] []
[2020-02-05 15:59:09] generateOTP.INFO: test [] []
[2020-02-05 15:59:17] generateOTP.INFO: test [] []
[2020-02-05 15:59:26] generateOTP.INFO: test [] []
[2020-02-05 15:59:48] generateOTP.INFO: test [] []
[2020-02-05 15:59:58] generateOTP.INFO: test [] []
[2020-02-05 16:02:46] generateOTP.INFO: test [] []
[2020-02-05 16:04:01] generateOTP.INFO: test [] []
[2020-02-05 16:04:32] generateOTP.INFO: test [] []
[2020-02-05 16:04:54] generateOTP.INFO: test [] []
[2020-02-05 16:05:13] generateOTP.INFO: test [] []
[2020-02-05 16:06:00] generateOTP.INFO: test [] []
[2020-02-05 16:06:18] generateOTP.INFO: test [] []
[2020-02-05 16:07:08] generateOTP.INFO: test [] []
[2020-02-05 16:07:23] generateOTP.INFO: test [] []
[2020-02-05 16:08:20] generateOTP.INFO: test [] []
[2020-02-05 16:09:27] generateOTP.INFO: test [] []
[2020-02-05 16:10:16] generateOTP.INFO: test [] []
[2020-02-05 16:10:16] generateOTP.INFO: test [] []
[2020-02-05 16:10:18] generateOTP.INFO: test [] []
[2020-02-05 16:10:23] generateOTP.INFO: test [] []
[2020-02-05 16:10:23] generateOTP.INFO: test [] []
[2020-02-05 16:10:23] generateOTP.INFO: test [] []
[2020-02-05 16:10:30] generateOTP.INFO: test [] []
[2020-02-05 16:10:31] generateOTP.INFO: test [] []
[2020-02-05 16:10:34] generateOTP.INFO: test [] []
[2020-02-05 16:10:35] generateOTP.INFO: test [] []
[2020-02-05 16:12:11] generateOTP.INFO: test [] []
[2020-02-05 16:12:57] generateOTP.INFO: test [] []
[2020-02-05 16:13:05] generateOTP.INFO: test [] []
[2020-02-05 16:13:07] generateOTP.INFO: test [] []
[2020-02-05 16:13:08] generateOTP.INFO: test [] []
[2020-02-05 16:13:09] generateOTP.INFO: test [] []
[2020-02-05 16:13:10] generateOTP.INFO: test [] []
[2020-02-05 16:13:48] generateOTP.INFO: test [] []
[2020-02-05 16:14:07] generateOTP.INFO: test [] []
[2020-02-05 16:14:08] generateOTP.INFO: test [] []
[2020-02-05 16:14:08] generateOTP.INFO: test [] []
[2020-02-05 16:14:09] generateOTP.INFO: test [] []
[2020-02-05 16:14:09] generateOTP.INFO: test [] []
[2020-02-05 16:14:27] generateOTP.INFO: test [] []
[2020-02-05 16:14:37] generateOTP.INFO: test [] []
[2020-02-05 16:19:51] generateOTP.INFO: test [] []
[2020-02-05 16:19:56] generateOTP.INFO: test [] []
[2020-02-05 16:24:05] generateOTP.INFO: test [] []
[2020-02-05 16:24:08] generateOTP.INFO: test [] []
[2020-02-05 16:25:37] generateOTP.INFO: test [] []
[2020-02-05 16:28:57] generateOTP.INFO: test [] []
[2020-02-05 16:29:28] generateOTP.INFO: test [] []
[2020-02-05 16:29:38] generateOTP.INFO: test [] []
[2020-02-05 16:29:45] generateOTP.INFO: test [] []
[2020-02-05 16:29:57] generateOTP.INFO: test [] []
[2020-02-05 16:32:44] generateOTP.INFO: test [] []
[2020-02-05 16:33:00] generateOTP.INFO: test [] []
[2020-02-05 16:33:32] generateOTP.INFO: test [] []
[2020-02-05 16:34:42] generateOTP.INFO: test [] []
[2020-02-05 16:36:11] generateOTP.INFO: test [] []
[2020-02-05 16:36:54] generateOTP.INFO: test [] []
[2020-02-05 16:39:05] generateOTP.INFO: test [] []
[2020-02-05 16:39:25] generateOTP.INFO: test [] []
[2020-02-05 16:43:06] generateOTP.INFO: test [] []
[2020-02-05 16:43:34] generateOTP.INFO: test [] []
[2020-02-05 16:43:47] generateOTP.INFO: test [] []
[2020-02-05 16:44:17] generateOTP.INFO: test [] []
[2020-02-05 16:44:32] generateOTP.INFO: test [] []
[2020-02-05 16:45:05] generateOTP.INFO: test [] []
[2020-02-05 16:47:51] generateOTP.INFO: test [] []
[2020-02-05 16:56:02] generateOTP.INFO: test [] []
[2020-02-05 16:56:03] generateOTP.INFO: test [] []
[2020-02-05 16:56:57] generateOTP.INFO: test [] []
[2020-02-05 16:56:57] generateOTP.INFO: test [] []
[2020-02-05 16:57:11] generateOTP.INFO: test [] []
[2020-02-05 16:58:22] generateOTP.INFO: test [] []
[2020-02-05 17:19:07] generateOTP.INFO: test [] []
[2020-02-05 17:26:51] generateOTP.INFO: test [] []
[2020-02-05 17:30:25] generateOTP.INFO: test [] []
[2020-02-05 17:31:06] generateOTP.INFO: test [] []
[2020-02-05 17:31:12] generateOTP.INFO: test [] []
[2020-02-05 17:31:12] generateOTP.INFO: test [] []
[2020-02-05 17:33:14] generateOTP.INFO: test [] []
[2020-02-05 17:33:24] generateOTP.INFO: test [] []
[2020-02-05 17:33:24] generateOTP.INFO: test [] []
[2020-02-05 17:33:50] generateOTP.INFO: test [] []
[2020-02-05 17:34:05] generateOTP.INFO: test [] []
[2020-02-05 17:34:05] generateOTP.INFO: test [] []
[2020-02-05 17:34:56] generateOTP.INFO: test [] []
[2020-02-05 17:34:56] generateOTP.INFO: test [] []
[2020-02-05 17:35:24] generateOTP.INFO: test [] []
[2020-02-05 17:35:36] generateOTP.INFO: test [] []
[2020-02-05 17:35:47] generateOTP.INFO: test [] []
[2020-02-05 17:35:47] generateOTP.INFO: test [] []
[2020-02-05 17:36:28] generateOTP.INFO: test [] []
[2020-02-05 17:36:28] generateOTP.INFO: test [] []
[2020-02-05 17:36:37] generateOTP.INFO: test [] []
[2020-02-05 17:36:52] generateOTP.INFO: test [] []
[2020-02-05 17:38:23] generateOTP.INFO: test [] []
[2020-02-05 17:38:23] generateOTP.INFO: test [] []
[2020-02-05 17:38:30] generateOTP.INFO: test [] []
[2020-02-05 17:38:30] generateOTP.INFO: test [] []
[2020-02-05 17:38:48] generateOTP.INFO: test [] []
[2020-02-05 17:40:17] generateOTP.INFO: test [] []
[2020-02-05 17:40:17] generateOTP.INFO: test [] []
[2020-02-05 17:41:02] generateOTP.INFO: test [] []
[2020-02-05 17:41:26] generateOTP.INFO: test [] []
[2020-02-05 17:41:26] generateOTP.INFO: test [] []
[2020-02-05 17:43:19] generateOTP.INFO: test [] []
[2020-02-05 17:44:31] generateOTP.INFO: test [] []
[2020-02-05 17:44:31] generateOTP.INFO: test [] []
[2020-02-05 17:45:21] generateOTP.INFO: test [] []
[2020-02-05 17:45:21] generateOTP.INFO: test [] []
[2020-02-05 17:46:39] documentsSave.INFO: {"ops_type":"[\"Enrollment form\",\"Cheque Copy\"]","ext0":"undefined","ext1":"undefined","ids":"1,2","update_datas":"update","emp_id":"619823"} [] []
[2020-02-05 17:46:39] documentsSaveFiles.INFO: [{"name":"Jellyfish.jpg","type":"image\/jpeg","tmp_name":"\/tmp\/phpaMNPIy","error":0,"size":775702},{"name":"Lighthouse.jpg","type":"image\/jpeg","tmp_name":"\/tmp\/php8Cg5JW","error":0,"size":561276}] [] []
[2020-02-05 17:46:43] generateOTP.INFO: test [] []
[2020-02-05 17:46:49] generateOTP.INFO: test [] []
[2020-02-05 17:46:49] generateOTP.INFO: test [] []
[2020-02-05 17:47:09] documentsSave.INFO: {"ops_type":"[\"Enrollment form\",\"Cheque Copy\"]","ext0":"undefined","ext1":"undefined","ids":"1,2","update_datas":"update","emp_id":"619823"} [] []
[2020-02-05 17:47:09] documentsSaveFiles.INFO: [{"name":"Jellyfish.jpg","type":"image\/jpeg","tmp_name":"\/tmp\/phpYtWaS6","error":0,"size":775702},{"name":"Lighthouse.jpg","type":"image\/jpeg","tmp_name":"\/tmp\/phplw9AP7","error":0,"size":561276}] [] []
[2020-02-05 17:48:02] generateOTP.INFO: test [] []
[2020-02-05 17:50:13] generateOTP.INFO: test [] []
[2020-02-05 17:50:23] generateOTP.INFO: test [] []
[2020-02-05 17:50:24] generateOTP.INFO: test [] []
[2020-02-05 17:55:43] documentsSave.INFO: {"ops_type":"[\"Enrollment form\",\"Cheque Copy\"]","ext0":"undefined","ext1":"undefined","ids":"1,2","update_datas":"update","emp_id":"619823"} [] []
[2020-02-05 17:55:43] documentsSaveFiles.INFO: [{"name":"Jellyfish.jpg","type":"image\/jpeg","tmp_name":"\/tmp\/phpI5e22T","error":0,"size":775702},{"name":"Lighthouse.jpg","type":"image\/jpeg","tmp_name":"\/tmp\/phpDD7mIX","error":0,"size":561276}] [] []
[2020-02-05 17:57:36] generateOTP.INFO: test [] []
[2020-02-05 17:58:02] generateOTP.INFO: test [] []
[2020-02-05 17:59:36] generateOTP.INFO: test [] []
[2020-02-05 17:59:36] generateOTP.INFO: test [] []
[2020-02-05 17:59:44] generateOTP.INFO: test [] []
[2020-02-05 17:59:44] generateOTP.INFO: test [] []
[2020-02-05 18:00:12] generateOTP.INFO: test [] []
[2020-02-05 18:00:12] generateOTP.INFO: test [] []
[2020-02-05 18:03:53] generateOTP.INFO: test [] []
[2020-02-05 18:03:53] generateOTP.INFO: test [] []
[2020-02-05 18:04:09] documentsSave.INFO: {"ops_type":"[\"Enrollment form\"]","ext0":"undefined","ids":"1,2","update_datas":"update","emp_id":"619823"} [] []
[2020-02-05 18:04:09] documentsSaveFiles.INFO: [{"name":"Hydrangeas.jpg","type":"image\/jpeg","tmp_name":"\/tmp\/phpnE7udX","error":0,"size":595284}] [] []
[2020-02-05 18:04:47] documentsSave.INFO: {"ops_type":"[\"Enrollment form\",\"Cheque Copy\"]","ext0":"undefined","ext1":"undefined","ids":"1,2","update_datas":"update","emp_id":"619823"} [] []
[2020-02-05 18:04:47] documentsSaveFiles.INFO: [{"name":"Hydrangeas.jpg","type":"image\/jpeg","tmp_name":"\/tmp\/phpmN7pHV","error":0,"size":595284},{"name":"Jellyfish.jpg","type":"image\/jpeg","tmp_name":"\/tmp\/phpmlGp6E","error":0,"size":775702}] [] []
[2020-02-05 18:07:38] documentsSave.INFO: {"ops_type":"[\"Enrollment form\",\"Cheque Copy\"]","ext0":"undefined","ext1":"undefined","ids":"1,2","update_datas":"update","emp_id":"619823"} [] []
[2020-02-05 18:07:38] documentsSaveFiles.INFO: [{"name":"Hydrangeas.jpg","type":"image\/jpeg","tmp_name":"\/tmp\/phpt8TPsk","error":0,"size":595284},{"name":"Jellyfish.jpg","type":"image\/jpeg","tmp_name":"\/tmp\/phpMFPNZr","error":0,"size":775702}] [] []
[2020-02-05 18:07:56] documentsSave.INFO: {"ops_type":"[\"Enrollment form\",\"Cheque Copy\"]","ext0":"undefined","ext1":"undefined","ids":"1,2","update_datas":"update","emp_id":"619823"} [] []
[2020-02-05 18:07:56] documentsSaveFiles.INFO: [{"name":"Hydrangeas.jpg","type":"image\/jpeg","tmp_name":"\/tmp\/phpiP2Nah","error":0,"size":595284},{"name":"Jellyfish.jpg","type":"image\/jpeg","tmp_name":"\/tmp\/php5wRzEl","error":0,"size":775702}] [] []
[2020-02-05 18:08:20] documentsSave.INFO: {"ops_type":"[\"Enrollment form\",\"Cheque Copy\"]","ext0":"undefined","ext1":"undefined","ids":"1,2","update_datas":"update","emp_id":"619823"} [] []
[2020-02-05 18:08:20] documentsSaveFiles.INFO: [{"name":"Hydrangeas.jpg","type":"image\/jpeg","tmp_name":"\/tmp\/php5lnEzz","error":0,"size":595284},{"name":"Jellyfish.jpg","type":"image\/jpeg","tmp_name":"\/tmp\/phpGE6r8V","error":0,"size":775702}] [] []
[2020-02-05 18:09:01] documentsSave.INFO: {"ops_type":"[\"Enrollment form\",\"Cheque Copy\"]","ext0":"undefined","ext1":"undefined","ids":"1,2","update_datas":"update","emp_id":"619823"} [] []
[2020-02-05 18:09:01] documentsSaveFiles.INFO: [{"name":"Hydrangeas.jpg","type":"image\/jpeg","tmp_name":"\/tmp\/php5nssoc","error":0,"size":595284},{"name":"Jellyfish.jpg","type":"image\/jpeg","tmp_name":"\/tmp\/phpfBsN9N","error":0,"size":775702}] [] []
[2020-02-05 18:09:26] documentsSave.INFO: {"ops_type":"[\"Enrollment form\",\"Cheque Copy\"]","ext0":"undefined","ext1":"undefined","ids":"1,2","update_datas":"update","emp_id":"619823"} [] []
[2020-02-05 18:09:26] documentsSaveFiles.INFO: [{"name":"Hydrangeas.jpg","type":"image\/jpeg","tmp_name":"\/tmp\/phppJSRKf","error":0,"size":595284},{"name":"Jellyfish.jpg","type":"image\/jpeg","tmp_name":"\/tmp\/phpXsYxLd","error":0,"size":775702}] [] []
[2020-02-05 18:12:58] documentsSave.INFO: {"ops_type":"[\"Enrollment form\",\"Cheque Copy\"]","ext0":"undefined","ext1":"undefined","ids":"1,2","update_datas":"update","emp_id":"619823"} [] []
[2020-02-05 18:12:58] documentsSaveFiles.INFO: [{"name":"Hydrangeas.jpg","type":"image\/jpeg","tmp_name":"\/tmp\/php7k4Cgo","error":0,"size":595284},{"name":"Jellyfish.jpg","type":"image\/jpeg","tmp_name":"\/tmp\/php4uQibV","error":0,"size":775702}] [] []
[2020-02-05 18:13:42] generateOTP.INFO: test [] []
[2020-02-05 18:13:42] generateOTP.INFO: test [] []
[2020-02-05 18:14:06] generateOTP.INFO: test [] []
[2020-02-05 18:14:06] generateOTP.INFO: test [] []
[2020-02-05 18:14:38] documentsSave.INFO: {"ops_type":"[\"Enrollment form\",\"Cheque Copy\"]","ext0":"undefined","ext1":"undefined","ids":"1,2","update_datas":"update","emp_id":"619823"} [] []
[2020-02-05 18:14:38] documentsSaveFiles.INFO: [{"name":"Koala.jpg","type":"image\/jpeg","tmp_name":"\/tmp\/phprBkbf5","error":0,"size":780831},{"name":"Lighthouse.jpg","type":"image\/jpeg","tmp_name":"\/tmp\/phpwbWq64","error":0,"size":561276}] [] []
[2020-02-05 18:15:08] generateOTP.INFO: test [] []
[2020-02-05 18:15:08] generateOTP.INFO: test [] []
[2020-02-05 18:15:39] generateOTP.INFO: test [] []
[2020-02-05 18:15:39] generateOTP.INFO: test [] []
[2020-02-05 18:15:56] documentsSave.INFO: {"ops_type":"[\"Enrollment form\",\"Cheque Copy\"]","ext0":"undefined","ext1":"undefined","ids":"1,2","update_datas":"update","emp_id":"619823"} [] []
[2020-02-05 18:15:56] documentsSaveFiles.INFO: [{"name":"Tulips.jpg","type":"image\/jpeg","tmp_name":"\/tmp\/phpPKzdbu","error":0,"size":620888},{"name":"Chrysanthemum.jpg","type":"image\/jpeg","tmp_name":"\/tmp\/phpaS04BN","error":0,"size":233834}] [] []
[2020-02-05 18:16:20] generateOTP.INFO: test [] []
[2020-02-05 18:16:20] generateOTP.INFO: test [] []
[2020-02-05 18:17:17] documentsSave.INFO: {"ops_type":"[\"Enrollment form\",\"Cheque Copy\"]","ext0":"undefined","ext1":"undefined","ids":"1,2","update_datas":"update","emp_id":"619823"} [] []
[2020-02-05 18:17:17] documentsSaveFiles.INFO: [{"name":"Jellyfish.jpg","type":"image\/jpeg","tmp_name":"\/tmp\/phpR2UGFR","error":0,"size":775702},{"name":"Lighthouse.jpg","type":"image\/jpeg","tmp_name":"\/tmp\/php2Szkly","error":0,"size":561276}] [] []
[2020-02-05 18:18:52] generateOTP.INFO: test [] []
[2020-02-05 18:18:53] generateOTP.INFO: test [] []
[2020-02-05 18:19:17] documentsSave.INFO: {"ops_type":"[\"Enrollment form\",\"Cheque Copy\"]","ext0":"undefined","ext1":"undefined","ids":"1,2","update_datas":"update","emp_id":"619823"} [] []
[2020-02-05 18:19:17] documentsSaveFiles.INFO: [{"name":"Koala.jpg","type":"image\/jpeg","tmp_name":"\/tmp\/phprZxyym","error":0,"size":780831},{"name":"Desert.jpg","type":"image\/jpeg","tmp_name":"\/tmp\/phpPZirVy","error":0,"size":845941}] [] []
[2020-02-05 18:19:42] generateOTP.INFO: test [] []
[2020-02-05 18:19:52] generateOTP.INFO: test [] []
[2020-02-05 18:19:53] generateOTP.INFO: test [] []
[2020-02-05 18:20:28] documentsSave.INFO: {"ops_type":"[\"Enrollment form\",\"Cheque Copy\"]","ext0":"undefined","ext1":"undefined","ids":"1,2","update_datas":"update","emp_id":"619823"} [] []
[2020-02-05 18:20:28] documentsSaveFiles.INFO: [{"name":"Hydrangeas.jpg","type":"image\/jpeg","tmp_name":"\/tmp\/phphizAai","error":0,"size":595284},{"name":"Lighthouse.jpg","type":"image\/jpeg","tmp_name":"\/tmp\/php6QlNyo","error":0,"size":561276}] [] []
[2020-02-05 18:20:34] generateOTP.INFO: test [] []
[2020-02-05 18:20:40] generateOTP.INFO: test [] []
[2020-02-05 18:20:41] generateOTP.INFO: test [] []
[2020-02-05 18:21:04] documentsSave.INFO: {"ops_type":"[\"Enrollment form\",\"Cheque Copy\",\"Birth_Certificate\"]","ext0":"undefined","ext1":"undefined","ext2":"undefined","ids":"1,2","update_datas":"update","emp_id":"619823"} [] []
[2020-02-05 18:21:04] documentsSaveFiles.INFO: [{"name":"Jellyfish.jpg","type":"image\/jpeg","tmp_name":"\/tmp\/php0bEiIf","error":0,"size":775702},{"name":"Lighthouse.jpg","type":"image\/jpeg","tmp_name":"\/tmp\/phpKsHYGk","error":0,"size":561276},{"name":"Chrysanthemum.jpg","type":"image\/jpeg","tmp_name":"\/tmp\/phprGL2Zt","error":0,"size":233834}] [] []
[2020-02-05 18:21:08] generateOTP.INFO: test [] []
[2020-02-05 18:22:17] generateOTP.INFO: test [] []
[2020-02-05 18:22:23] generateOTP.INFO: test [] []
[2020-02-05 18:22:23] generateOTP.INFO: test [] []
[2020-02-05 18:22:23] generateOTP.INFO: test [] []
[2020-02-05 18:22:50] documentsSave.INFO: {"ops_type":"[\"Enrollment form\",\"Cheque Copy\"]","ext0":"undefined","ext1":"undefined","ids":"1,2","update_datas":"update","emp_id":"619823"} [] []
[2020-02-05 18:22:50] documentsSaveFiles.INFO: [{"name":"Chrysanthemum.jpg","type":"image\/jpeg","tmp_name":"\/tmp\/phpT9YErB","error":0,"size":233834},{"name":"Koala.jpg","type":"image\/jpeg","tmp_name":"\/tmp\/phpJLa2qr","error":0,"size":780831}] [] []
[2020-02-05 18:23:46] generateOTP.INFO: test [] []
[2020-02-05 18:23:46] generateOTP.INFO: test [] []
[2020-02-05 18:24:09] documentsSave.INFO: {"ops_type":"[\"Enrollment form\",\"Cheque Copy\",\"Birth_Certificate\"]","ext0":"undefined","ext1":"undefined","ext2":"undefined","ids":"1,2","update_datas":"update","emp_id":"619823"} [] []
[2020-02-05 18:24:09] documentsSaveFiles.INFO: [{"name":"Koala.jpg","type":"image\/jpeg","tmp_name":"\/tmp\/phpe1GDem","error":0,"size":780831},{"name":"Tulips.jpg","type":"image\/jpeg","tmp_name":"\/tmp\/phpZhIdtx","error":0,"size":620888},{"name":"Chrysanthemum.jpg","type":"image\/jpeg","tmp_name":"\/tmp\/php6YBlBM","error":0,"size":233834}] [] []
[2020-02-05 18:24:21] generateOTP.INFO: test [] []
[2020-02-05 18:24:21] generateOTP.INFO: test [] []
[2020-02-05 18:27:44] generateOTP.INFO: test [] []
[2020-02-05 18:27:44] generateOTP.INFO: test [] []
[2020-02-05 18:28:19] documentsSave.INFO: {"ops_type":"[\"Enrollment form\",\"Cheque Copy\"]","ext0":"undefined","ext1":"undefined","ids":"1,2","update_datas":"update","emp_id":"619823"} [] []
[2020-02-05 18:28:19] documentsSaveFiles.INFO: [{"name":"Jellyfish.jpg","type":"image\/jpeg","tmp_name":"\/tmp\/phpEVdviX","error":0,"size":775702},{"name":"Koala.jpg","type":"image\/jpeg","tmp_name":"\/tmp\/phpTzUHlK","error":0,"size":780831}] [] []
[2020-02-05 18:31:12] generateOTP.INFO: test [] []
[2020-02-05 18:31:12] generateOTP.INFO: test [] []
[2020-02-05 19:00:05] generateOTP.INFO: test [] []
[2020-02-05 19:00:08] generateOTP.INFO: test [] []
[2020-02-05 19:00:11] generateOTP.INFO: test [] []
