[2019-12-05 10:11:16] generateOTP.INFO: test [] []
[2019-12-05 10:11:20] generateOTP.INFO: test [] []
[2019-12-05 10:50:55] generateOTP.INFO: test [] []
[2019-12-05 10:51:07] generateOTP.INFO: test [] []
[2019-12-05 10:55:20] generateOTP.INFO: test [] []
[2019-12-05 10:55:21] generateOTP.INFO: test [] []
[2019-12-05 10:55:21] generateOTP.INFO: test [] []
[2019-12-05 11:01:22] generateOTP.INFO: test [] []
[2019-12-05 11:01:22] generateOTP.INFO: test [] []
[2019-12-05 11:01:23] generateOTP.INFO: test [] []
[2019-12-05 11:01:48] generateOTP.INFO: test [] []
[2019-12-05 11:01:48] generateOTP.INFO: test [] []
[2019-12-05 11:01:49] generateOTP.INFO: test [] []
[2019-12-05 11:02:23] generateOTP.INFO: test [] []
[2019-12-05 11:02:23] generateOTP.INFO: test [] []
[2019-12-05 11:02:23] generateOTP.INFO: test [] []
[2019-12-05 11:03:58] generateOTP.INFO: test [] []
[2019-12-05 11:03:59] generateOTP.INFO: test [] []
[2019-12-05 11:03:59] generateOTP.INFO: test [] []
[2019-12-05 11:04:14] generateOTP.INFO: test [] []
[2019-12-05 11:04:14] generateOTP.INFO: test [] []
[2019-12-05 11:04:15] generateOTP.INFO: test [] []
[2019-12-05 11:04:36] generateOTP.INFO: test [] []
[2019-12-05 11:04:36] generateOTP.INFO: test [] []
[2019-12-05 11:04:36] generateOTP.INFO: test [] []
[2019-12-05 11:05:48] generateOTP.INFO: test [] []
[2019-12-05 11:05:49] generateOTP.INFO: test [] []
[2019-12-05 11:05:49] generateOTP.INFO: test [] []
[2019-12-05 11:06:25] generateOTP.INFO: test [] []
[2019-12-05 11:06:26] generateOTP.INFO: test [] []
[2019-12-05 11:06:26] generateOTP.INFO: test [] []
[2019-12-05 11:07:19] generateOTP.INFO: test [] []
[2019-12-05 11:07:20] generateOTP.INFO: test [] []
[2019-12-05 11:07:20] generateOTP.INFO: test [] []
[2019-12-05 11:08:29] generateOTP.INFO: test [] []
[2019-12-05 11:08:30] generateOTP.INFO: test [] []
[2019-12-05 11:08:30] generateOTP.INFO: test [] []
[2019-12-05 11:13:42] generateOTP.INFO: test [] []
[2019-12-05 11:13:43] generateOTP.INFO: test [] []
[2019-12-05 11:13:43] generateOTP.INFO: test [] []
[2019-12-05 11:20:31] generateOTP.INFO: test [] []
[2019-12-05 11:20:32] generateOTP.INFO: test [] []
[2019-12-05 11:20:32] generateOTP.INFO: test [] []
[2019-12-05 11:21:35] generateOTP.INFO: test [] []
[2019-12-05 11:21:35] generateOTP.INFO: test [] []
[2019-12-05 11:21:36] generateOTP.INFO: test [] []
[2019-12-05 11:25:16] generateOTP.INFO: test [] []
[2019-12-05 11:25:16] generateOTP.INFO: test [] []
[2019-12-05 11:25:16] generateOTP.INFO: test [] []
[2019-12-05 11:25:23] generateOTP.INFO: test [] []
[2019-12-05 11:25:23] generateOTP.INFO: test [] []
[2019-12-05 11:25:23] generateOTP.INFO: test [] []
[2019-12-05 11:28:47] generateOTP.INFO: test [] []
[2019-12-05 11:28:47] generateOTP.INFO: test [] []
[2019-12-05 11:28:48] generateOTP.INFO: test [] []
[2019-12-05 11:29:15] generateOTP.INFO: test [] []
[2019-12-05 11:29:16] generateOTP.INFO: test [] []
[2019-12-05 11:29:16] generateOTP.INFO: test [] []
[2019-12-05 11:29:39] generateOTP.INFO: test [] []
[2019-12-05 11:29:40] generateOTP.INFO: test [] []
[2019-12-05 11:29:40] generateOTP.INFO: test [] []
[2019-12-05 11:52:52] generateOTP.INFO: test [] []
[2019-12-05 11:52:52] generateOTP.INFO: test [] []
[2019-12-05 11:52:53] generateOTP.INFO: test [] []
[2019-12-05 12:01:42] generateOTP.INFO: test [] []
[2019-12-05 12:01:43] generateOTP.INFO: test [] []
[2019-12-05 12:01:56] generateOTP.INFO: test [] []
[2019-12-05 12:01:56] generateOTP.INFO: test [] []
[2019-12-05 12:01:56] generateOTP.INFO: test [] []
[2019-12-05 12:02:39] generateOTP.INFO: test [] []
[2019-12-05 12:02:40] generateOTP.INFO: test [] []
[2019-12-05 12:02:40] generateOTP.INFO: test [] []
[2019-12-05 12:02:54] generateOTP.INFO: test [] []
[2019-12-05 12:02:55] generateOTP.INFO: test [] []
[2019-12-05 12:02:55] generateOTP.INFO: test [] []
[2019-12-05 12:02:59] generateOTP.INFO: test [] []
[2019-12-05 12:03:00] generateOTP.INFO: test [] []
[2019-12-05 12:03:00] generateOTP.INFO: test [] []
[2019-12-05 12:05:18] generateOTP.INFO: test [] []
[2019-12-05 12:05:18] generateOTP.INFO: test [] []
[2019-12-05 12:05:18] generateOTP.INFO: test [] []
[2019-12-05 13:35:36] generateOTP.INFO: test [] []
[2019-12-05 13:35:36] generateOTP.INFO: test [] []
[2019-12-05 13:35:36] generateOTP.INFO: test [] []
[2019-12-05 13:35:57] generateOTP.INFO: test [] []
[2019-12-05 13:35:57] generateOTP.INFO: test [] []
[2019-12-05 13:35:57] generateOTP.INFO: test [] []
[2019-12-05 13:36:55] generateOTP.INFO: test [] []
[2019-12-05 13:36:56] generateOTP.INFO: test [] []
[2019-12-05 13:36:56] generateOTP.INFO: test [] []
[2019-12-05 13:47:10] generateOTP.INFO: test [] []
[2019-12-05 13:47:10] generateOTP.INFO: test [] []
[2019-12-05 13:47:10] generateOTP.INFO: test [] []
[2019-12-05 13:47:26] generateOTP.INFO: test [] []
[2019-12-05 13:47:26] generateOTP.INFO: test [] []
[2019-12-05 13:47:26] generateOTP.INFO: test [] []
[2019-12-05 13:48:08] generateOTP.INFO: test [] []
[2019-12-05 13:48:08] generateOTP.INFO: test [] []
[2019-12-05 13:48:08] generateOTP.INFO: test [] []
[2019-12-05 13:49:11] generateOTP.INFO: test [] []
[2019-12-05 13:49:11] generateOTP.INFO: test [] []
[2019-12-05 13:49:11] generateOTP.INFO: test [] []
[2019-12-05 13:51:36] generateOTP.INFO: test [] []
[2019-12-05 13:51:37] generateOTP.INFO: test [] []
[2019-12-05 13:51:37] generateOTP.INFO: test [] []
[2019-12-05 13:54:43] generateOTP.INFO: test [] []
[2019-12-05 13:54:43] generateOTP.INFO: test [] []
[2019-12-05 13:54:43] generateOTP.INFO: test [] []
[2019-12-05 13:54:58] generateOTP.INFO: test [] []
[2019-12-05 13:54:58] generateOTP.INFO: test [] []
[2019-12-05 13:54:59] generateOTP.INFO: test [] []
[2019-12-05 13:56:21] generateOTP.INFO: test [] []
[2019-12-05 13:56:21] generateOTP.INFO: test [] []
[2019-12-05 13:56:21] generateOTP.INFO: test [] []
[2019-12-05 13:56:24] generateOTP.INFO: test [] []
[2019-12-05 13:56:25] generateOTP.INFO: test [] []
[2019-12-05 13:56:25] generateOTP.INFO: test [] []
[2019-12-05 13:57:53] generateOTP.INFO: test [] []
[2019-12-05 13:57:57] generateOTP.INFO: test [] []
[2019-12-05 13:58:18] generateOTP.INFO: test [] []
[2019-12-05 13:58:29] generateOTP.INFO: test [] []
[2019-12-05 13:58:33] generateOTP.INFO: test [] []
[2019-12-05 13:58:41] generateOTP.INFO: test [] []
[2019-12-05 13:59:14] generateOTP.INFO: test [] []
[2019-12-05 13:59:14] generateOTP.INFO: test [] []
[2019-12-05 13:59:14] generateOTP.INFO: test [] []
[2019-12-05 13:59:51] generateOTP.INFO: test [] []
[2019-12-05 13:59:51] generateOTP.INFO: test [] []
[2019-12-05 13:59:52] generateOTP.INFO: test [] []
[2019-12-05 13:59:59] generateOTP.INFO: test [] []
[2019-12-05 13:59:59] generateOTP.INFO: test [] []
[2019-12-05 14:00:00] generateOTP.INFO: test [] []
[2019-12-05 14:06:34] generateOTP.INFO: test [] []
[2019-12-05 14:06:34] generateOTP.INFO: test [] []
[2019-12-05 14:06:35] generateOTP.INFO: test [] []
[2019-12-05 14:24:59] generateOTP.INFO: test [] []
[2019-12-05 14:25:00] generateOTP.INFO: test [] []
[2019-12-05 14:25:00] generateOTP.INFO: test [] []
[2019-12-05 14:50:45] generateOTP.INFO: test [] []
[2019-12-05 14:50:45] generateOTP.INFO: test [] []
[2019-12-05 14:50:46] generateOTP.INFO: test [] []
[2019-12-05 14:51:07] generateOTP.INFO: test [] []
[2019-12-05 14:51:07] generateOTP.INFO: test [] []
[2019-12-05 14:51:08] generateOTP.INFO: test [] []
[2019-12-05 14:52:46] generateOTP.INFO: test [] []
[2019-12-05 14:52:47] generateOTP.INFO: test [] []
[2019-12-05 14:52:47] generateOTP.INFO: test [] []
[2019-12-05 14:53:08] generateOTP.INFO: {"edit":"0","policy_no":"392,393","subtype_text":"1","sum_insure":"500000","familyConstruct":"2A","tenure":"1 Year","family_members_id":"0","family_gender":"Female","first_name":"test","last_name":"BANKING","family_date_birth":"01-11-1989","age":"30","age_type":"years","sub_type_check":["1"],"20":"No","family_id":"","s_date":"19-12-1985","marriage_date":"","premium_parent":"","contri_parent":"","premium":"11301.0016","policyNo":"392,393","familyDataType":"undefined","empId":"619363","product":"iWL65dcd54d9c5a65","declare":"[{\"question\":\"20\",\"format\":\"No\"}]"} [] []
[2019-12-05 14:53:30] generateOTP.INFO: {"edit":"0","policy_no":"392,393","subtype_text":"1","sum_insure":"500000","familyConstruct":"2A","tenure":"1 Year","family_members_id":"1","family_gender":"Male","first_name":"kl","last_name":"lkl","family_date_birth":"02-12-2019","age":"2","age_type":"days","sub_type_check":["1"],"20":"No","family_id":"","s_date":"19-12-1985","marriage_date":"","premium_parent":"","contri_parent":"","premium":"11301.0016","policyNo":"392,393","familyDataType":"undefined","empId":"619363","product":"iWL65dcd54d9c5a65","declare":"[{\"question\":\"20\",\"format\":\"No\"}]"} [] []
[2019-12-05 14:53:37] generateOTP.INFO: {"edit":"0","policy_no":"392,393","subtype_text":"1","sum_insure":"500000","familyConstruct":"2A","tenure":"1 Year","family_members_id":"1","family_gender":"Male","first_name":"kl","last_name":"lkl","family_date_birth":"02-12-2019","age":"2","age_type":"days","family_id":"","s_date":"19-12-1985","marriage_date":"","premium_parent":"","contri_parent":"","premium":"11301.0016","policyNo":"392,393","familyDataType":"undefined","empId":"619363","product":"iWL65dcd54d9c5a65","declare":"[]"} [] []
[2019-12-05 14:53:43] generateOTP.INFO: {"edit":"0","policy_no":"392,393","subtype_text":"1","sum_insure":"500000","familyConstruct":"2A","tenure":"1 Year","family_members_id":"1","family_gender":"Male","first_name":"kl","last_name":"lkl","family_date_birth":"09-12-1981","age":"37","age_type":"years","family_id":"","s_date":"19-12-1985","marriage_date":"","premium_parent":"","contri_parent":"","premium":"11301.0016","policyNo":"392,393","familyDataType":"undefined","empId":"619363","product":"iWL65dcd54d9c5a65","declare":"[]"} [] []
[2019-12-05 14:54:05] generateOTP.INFO: test [] []
[2019-12-05 14:54:06] generateOTP.INFO: test [] []
[2019-12-05 14:54:06] generateOTP.INFO: test [] []
[2019-12-05 14:54:17] generateOTP.INFO: {"edit":"0","policy_no":"392,393","subtype_text":"1","sum_insure":"500000","familyConstruct":"2A+1K","tenure":"1 Year","family_members_id":"0","family_gender":"Female","first_name":"test","last_name":"BANKING","family_date_birth":"01-11-1989","age":"30","age_type":"years","sub_type_check":["1"],"20":"No","family_id":"","s_date":"19-12-1985","marriage_date":"","premium_parent":"","contri_parent":"","premium":"13901.0018","policyNo":"392,393","familyDataType":"undefined","empId":"619363","product":"iWL65dcd54d9c5a65","declare":"[{\"question\":\"20\",\"format\":\"No\"}]"} [] []
