[2021-03-06 09:52:49] generateOTP.INFO: test [] []
[2021-03-06 09:52:49] generateOTP.INFO: test [] []
[2021-03-06 10:00:18] generateOTP.INFO: test [] []
[2021-03-06 10:00:31] generateOTP.INFO: {"salutation":"1","firstname":"test","lastname":"BANKING","dob":"19-12-1988","mob_no":"7010444138","panCard":"XXXXXX456A","email":"jack@gmail.com","ref1":"1","ref2":"1","comAdd":"Om hrad ntalatiof, holOmshre, talathioficeeachol, OmshreeSada9talathi","city":"MUMBAI","state":"MAHARASHTRA","pin_code":"622103","ISNRI":"N","update_emp_id":"NmxqaW1JalhUSlZwVzB2bGMrUjVRUT09","edit":"0","policy_no":"392,393","subtype_text":"1","sum_insure":"500000","anuual_income":"","familyConstruct":"2A","family_members_id":"0","family_gender":"Male","first_name":"test","last_name":"BANKING","family_date_birth":"19-12-1988","age":"32","age_type":" years","tenure":"1 Year","family_id":"","s_date":"","marriage_date":"","premium":"11701","policyNo":"392,393","familyDataType":"undefined","empId":"NmxqaW1JalhUSlZwVzB2bGMrUjVRUT09","product":"iWL65dcd54d9c5a65","declare":"[]","gender":"Male","gci_options":"Yes"} [] []
[2021-03-06 10:00:48] generateOTP.INFO: {"salutation":"1","firstname":"test","lastname":"BANKING","dob":"19-12-1988","mob_no":"7010444138","panCard":"XXXXXX456A","email":"jack@gmail.com","ref1":"1","ref2":"1","comAdd":"Om hrad ntalatiof, holOmshre, talathioficeeachol, OmshreeSada9talathi","city":"MUMBAI","state":"MAHARASHTRA","pin_code":"622103","ISNRI":"N","update_emp_id":"NmxqaW1JalhUSlZwVzB2bGMrUjVRUT09","edit":"0","policy_no":"392,393","subtype_text":"1","sum_insure":"500000","anuual_income":"","familyConstruct":"2A","family_members_id":"1","family_gender":"Female","first_name":"test","last_name":"spouse","family_date_birth":"01-03-1991","age":"30","age_type":" years","tenure":"1 Year","family_id":"","s_date":"","marriage_date":"","premium":"11701","policyNo":"392,393","familyDataType":"undefined","empId":"NmxqaW1JalhUSlZwVzB2bGMrUjVRUT09","product":"iWL65dcd54d9c5a65","declare":"[]","gender":"Male","gci_options":"Yes"} [] []
[2021-03-06 10:01:17] documentsSave.INFO: {"ops_type":"[\"0\",\"Y\"]","ids":"1496,1497"} [] []
[2021-03-06 10:01:17] documentsSaveFiles.INFO: [{"name":"download.png","type":"image\/png","tmp_name":"\/tmp\/php03cb3c","error":0,"size":57862},{"name":"download.png","type":"image\/png","tmp_name":"\/tmp\/phphhiBDh","error":0,"size":57862}] [] []
[2021-03-06 10:01:31] generateOTP.INFO: test [] []
[2021-03-06 10:02:03] generateOTP.INFO: test [] []
[2021-03-06 10:02:25] generateOTP.INFO: test [] []
[2021-03-06 10:04:11] easy_pay_enquiry_post_field.INFO: {"Identifier":"9D64BC602AC6D25E06F63FA89446B10B3D732607611FFB315BCF090CA46D904A10F909EC8426761052B30CFCA858BC9E3AAB8821048667C412F96EF677E17EF9","RequestUUID":"ABCD1133213","LeadId":"20213600","RequestDatetime":"2019-06-17 18:42:00","CorporateCode":"ACC0123456"} [] []
[2021-03-06 10:05:31] easy_pay_confirmation_post_field.INFO: {"Identifier":"BFF398116E392E77AC8620409E4FE774548E3881E861F952C4B9F7E60B624FF13F2EA963AFE2456D7841C08008A1B92E0F8B77DB2263D3EC491C5C149DD4CE00","RequestUUID":"ABCD1133213","LeadId":"20213600","RequestDateTime":"2019-06-17 23:59:59","TransactionNo":"SDF234234","TransatonAmount":"13199","ChequeDate":"","Status":"1","CorporateCode":"ACC0123456","PaymentFlag":"000","MICRNumber":"23424323","InstrumentNo":"23423423423","BankName":"","BranchName":"","IFSCCode":"","ChequeType":"","AccountNumber":"9170100000000329","EasyPayId":"260618000044","ProductName":"Axis Freedom Plus Plan","AdditionalEasyPayId":"","AdditionalField1":"","AdditionalField2":"","AdditionalField3":"","AdditionalField4":"","PaymentType":"FP"} [] []
[2021-03-06 10:05:31] full_quote_request1.INFO: {"ClientCreation":{"Member_Customer_ID":"20213600","salutation":"Mr","firstName":"test","middleName":"","lastName":"BANKING","dateofBirth":"12\/19\/1988","gender":"M","educationalQualification":null,"pinCode":"622103","uidNo":"5478-2589-3688","maritalStatus":null,"nationality":"Indian","occupation":"O553","primaryEmailID":"jack@gmail.com","contactMobileNo":"7010444138","stdLandlineNo":null,"panNo":null,"passportNumber":null,"contactPerson":null,"annualIncome":null,"remarks":null,"startDate":"2021-03-06","endDate":null,"IdProof":"Adhaar Card","residenceProof":null,"ageProof":null,"others":null,"homeAddressLine1":"Om hrad ntalatiof, holOmshre, talathioficeeachol, OmshreeSada9talathi","homeAddressLine2":null,"homeAddressLine3":null,"homePinCode":"622103","homeArea":null,"homeContactMobileNo":null,"homeContactMobileNo2":null,"homeSTDLandlineNo":null,"homeFaxNo":null,"sameAsHomeAddress":"1","mailingAddressLine1":null,"mailingAddressLine2":null,"mailingAddressLine3":null,"mailingPinCode":null,"mailingArea":null,"mailingContactMobileNo":null,"mailingContactMobileNo2":null,"mailingSTDLandlineNo":null,"mailingSTDLandlineNo2":null,"mailingFaxNo":null,"bankAccountType":null,"bankAccountNo":null,"ifscCode":null,"GSTIN":null,"GSTRegistrationStatus":"Consumers","IsEIAavailable":"0","ApplyEIA":"0","EIAAccountNo":null,"EIAWith":"0","AccountType":null,"AddressProof":null,"DOBProof":null,"IdentityProof":null},"PolicyCreationRequest":{"Quotation_Number":"","MasterPolicyNumber":"71-20-00030-00-00","GroupID":"GRP003","Product_Code":"4211","SumInsured_Type":null,"Policy_Tanure":"1","Member_Type_Code":"M209","intermediaryCode":"2106233","AutoRenewal":"Y","intermediaryBranchCode":"10MHMUM01","agentSignatureDate":null,"Customer_Signature_Date":null,"businessSourceChannel":null,"AssignPolicy":"0","AssigneeName":null,"leadID":"20213600","Source_Name":"AXIS_PL_GHI","SPID":"1","TCN":null,"CRTNO":null,"RefCode1":"1","RefCode2":"2478","Employee_Number":"625063","enumIsEmployeeDiscount":null,"QuoteDate":null,"IsPayment":"0","PaymentMode":null,"PolicyproductComponents":[{"PlanCode":"4211","SumInsured":"500000","SchemeCode":"4112000003"}]},"MemObj":{"Member":[{"MemberNo":1,"Salutation":"Mr","First_Name":"test","Middle_Name":null,"Last_Name":"BANKING","Gender":"M","DateOfBirth":"12\/19\/1988","Relation_Code":"R001","Marital_Status":null,"height":"0.00","weight":"0","occupation":"O553","PrimaryMember":"Y","MemberproductComponents":[{"PlanCode":"4211","MemberQuestionDetails":[{"QuestionCode":null,"Answer":null,"Remarks":null}]}],"MemberPED":[{"PEDCode":null,"Remarks":null}],"exactDiagnosis":null,"dateOfDiagnosis":null,"lastDateConsultation":null,"detailsOfTreatmentGiven":null,"doctorName":null,"hospitalName":null,"phoneNumberHosital":null,"Nominee_First_Name":"test","Nominee_Last_Name":"spouse","Nominee_Contact_Number":"7895555555","Nominee_Home_Address":null,"Nominee_Relationship_Code":"R002"},{"MemberNo":2,"Salutation":"Mrs","First_Name":"test","Middle_Name":null,"Last_Name":"spouse","Gender":"F","DateOfBirth":"03\/01\/1991","Relation_Code":"R002","Marital_Status":null,"height":"0.00","weight":"0","occupation":"O553","PrimaryMember":"N","MemberproductComponents":[{"PlanCode":"4211","MemberQuestionDetails":[{"QuestionCode":null,"Answer":null,"Remarks":null}]}],"MemberPED":[{"PEDCode":null,"Remarks":null}],"exactDiagnosis":null,"dateOfDiagnosis":null,"lastDateConsultation":null,"detailsOfTreatmentGiven":null,"doctorName":null,"hospitalName":null,"phoneNumberHosital":null,"Nominee_First_Name":"test","Nominee_Last_Name":"spouse","Nominee_Contact_Number":"7895555555","Nominee_Home_Address":null,"Nominee_Relationship_Code":"R002"}]},"ReceiptCreation":{"officeLocation":"","modeOfEntry":"","cdAcNo":null,"expiryDate":null,"payerType":"","payerCode":null,"paymentBy":"","paymentByName":null,"paymentByRelationship":null,"collectionAmount":"","collectionRcvdDate":null,"collectionMode":"","remarks":null,"instrumentNumber":null,"instrumentDate":null,"bankName":null,"branchName":null,"bankLocation":null,"micrNo":null,"chequeType":null,"ifscCode":"","PaymentGatewayName":"","TerminalID":"","CardNo":null}} [] []
[2021-03-06 10:05:36] full_quote_reponse1.INFO: "<ns0:GHI_Res xmlns:ns0=\"http:\/\/ABHICL_NBP_QuickQuote_Schemas.GHI_Response\"><errorObj><ErrorNumber>00<\/ErrorNumber><ErrorMessage>Success<\/ErrorMessage><\/errorObj><policyDtls><TransactionReferenceNumber><\/TransactionReferenceNumber><QuotationNumber>AG100757891<\/QuotationNumber><CertificateNumber><\/CertificateNumber><LetterURL><\/LetterURL><ClientID><\/ClientID><ProductName>Group Activ Health<\/ProductName><ProductCode>4211<\/ProductCode><LineOfBusiness>42<\/LineOfBusiness><startDate><\/startDate><EndDate><\/EndDate><PolicyNumber>71-20-00030-00-00<\/PolicyNumber><ProposalNumber><\/ProposalNumber><PolicyStatus>PQ1<\/PolicyStatus><Tenure>1<\/Tenure><stpFlag>0<\/stpFlag><MemberCustomerID>20213600<\/MemberCustomerID><\/policyDtls><premium><BasePremium>9916.10<\/BasePremium><NetPremium>9916.10<\/NetPremium><GST>1784.90<\/GST><GrossPremium>11701.00<\/GrossPremium><\/premium><receiptObj><ReceiptNumber \/><ReceiptAmount \/><ExcessAmount \/><\/receiptObj><\/ns0:GHI_Res>" [] []
[2021-03-06 10:05:36] full_quote_request2.INFO: {"ClientCreation":{"Member_Customer_ID":"20213600","salutation":"Mr","firstName":"test","middleName":"","lastName":"BANKING","dateofBirth":"12\/19\/1988","gender":"M","educationalQualification":null,"pinCode":"622103","uidNo":"5478-2589-3688","maritalStatus":null,"nationality":"Indian","occupation":"O553","primaryEmailID":"jack@gmail.com","contactMobileNo":"7010444138","stdLandlineNo":null,"panNo":null,"passportNumber":null,"contactPerson":null,"annualIncome":null,"remarks":null,"startDate":"2021-03-06","endDate":null,"IdProof":"Adhaar Card","residenceProof":null,"ageProof":null,"others":null,"homeAddressLine1":"Om hrad ntalatiof, holOmshre, talathioficeeachol, OmshreeSada9talathi","homeAddressLine2":null,"homeAddressLine3":null,"homePinCode":"622103","homeArea":null,"homeContactMobileNo":null,"homeContactMobileNo2":null,"homeSTDLandlineNo":null,"homeFaxNo":null,"sameAsHomeAddress":"1","mailingAddressLine1":null,"mailingAddressLine2":null,"mailingAddressLine3":null,"mailingPinCode":null,"mailingArea":null,"mailingContactMobileNo":null,"mailingContactMobileNo2":null,"mailingSTDLandlineNo":null,"mailingSTDLandlineNo2":null,"mailingFaxNo":null,"bankAccountType":null,"bankAccountNo":null,"ifscCode":null,"GSTIN":null,"GSTRegistrationStatus":"Consumers","IsEIAavailable":"0","ApplyEIA":"0","EIAAccountNo":null,"EIAWith":"0","AccountType":null,"AddressProof":null,"DOBProof":null,"IdentityProof":null},"PolicyCreationRequest":{"Quotation_Number":"AG100757891","MasterPolicyNumber":"71-20-00030-00-00","GroupID":"GRP003","Product_Code":"4211","SumInsured_Type":null,"Policy_Tanure":"1","Member_Type_Code":"M209","intermediaryCode":"2106233","AutoRenewal":"Y","intermediaryBranchCode":"10MHMUM01","agentSignatureDate":null,"Customer_Signature_Date":null,"businessSourceChannel":null,"AssignPolicy":"0","AssigneeName":null,"leadID":"20213600","Source_Name":"AXIS_PL_GHI","SPID":"1","TCN":null,"CRTNO":null,"RefCode1":"1","RefCode2":"2478","Employee_Number":"625063","enumIsEmployeeDiscount":null,"QuoteDate":null,"IsPayment":"1","PaymentMode":null,"PolicyproductComponents":[{"PlanCode":"4211","SumInsured":"500000","SchemeCode":"4112000003"}]},"MemObj":{"Member":[{"MemberNo":1,"Salutation":"Mr","First_Name":"test","Middle_Name":null,"Last_Name":"BANKING","Gender":"M","DateOfBirth":"12\/19\/1988","Relation_Code":"R001","Marital_Status":null,"height":"0.00","weight":"0","occupation":"O553","PrimaryMember":"Y","MemberproductComponents":[{"PlanCode":"4211","MemberQuestionDetails":[{"QuestionCode":null,"Answer":null,"Remarks":null}]}],"MemberPED":[{"PEDCode":null,"Remarks":null}],"exactDiagnosis":null,"dateOfDiagnosis":null,"lastDateConsultation":null,"detailsOfTreatmentGiven":null,"doctorName":null,"hospitalName":null,"phoneNumberHosital":null,"Nominee_First_Name":"test","Nominee_Last_Name":"spouse","Nominee_Contact_Number":"7895555555","Nominee_Home_Address":null,"Nominee_Relationship_Code":"R002"},{"MemberNo":2,"Salutation":"Mrs","First_Name":"test","Middle_Name":null,"Last_Name":"spouse","Gender":"F","DateOfBirth":"03\/01\/1991","Relation_Code":"R002","Marital_Status":null,"height":"0.00","weight":"0","occupation":"O553","PrimaryMember":"N","MemberproductComponents":[{"PlanCode":"4211","MemberQuestionDetails":[{"QuestionCode":null,"Answer":null,"Remarks":null}]}],"MemberPED":[{"PEDCode":null,"Remarks":null}],"exactDiagnosis":null,"dateOfDiagnosis":null,"lastDateConsultation":null,"detailsOfTreatmentGiven":null,"doctorName":null,"hospitalName":null,"phoneNumberHosital":null,"Nominee_First_Name":"test","Nominee_Last_Name":"spouse","Nominee_Contact_Number":"7895555555","Nominee_Home_Address":null,"Nominee_Relationship_Code":"R002"}]},"ReceiptCreation":{"officeLocation":"Mumbai","modeOfEntry":"Direct","cdAcNo":null,"expiryDate":null,"payerType":"Customer","payerCode":null,"paymentBy":"Customer","paymentByName":null,"paymentByRelationship":null,"collectionAmount":11701,"collectionRcvdDate":"2019-06-17 23:59:59","collectionMode":"RTGS\/ NEFT","remarks":null,"instrumentNumber":"260618000044","instrumentDate":"2019-06-17 23:59:59","bankName":"Axis Bank Limited","branchName":"","bankLocation":null,"micrNo":"23424323","chequeType":null,"ifscCode":null,"PaymentGatewayName":"AXIS_PL_GHI","TerminalID":"76010098","CardNo":null},"CombiCreation":{"Combi_flag":"1","Combi_identifier":"leadid","Combi_value":"20213600","Combi_code":"AXIS_PL_GHI","Combi_Count":2,"Combi_product_count":1}} [] []
[2021-03-06 10:06:47] full_quote_reponse2.INFO: "{\"Message\":\"System.TimeoutException: The HTTP request to 'http:\\\/\\\/10.1.226.68:8087\\\/PDFREST\\\/Home\\\/GetPDFURL' has exceeded the allotted timeout of 00:01:00. The time allotted to this operation may have been a portion of a longer timeout. \"}" [] []
[2021-03-06 10:07:42] easy_pay_confirmation_post_field.INFO: {"Identifier":"BFF398116E392E77AC8620409E4FE774548E3881E861F952C4B9F7E60B624FF13F2EA963AFE2456D7841C08008A1B92E0F8B77DB2263D3EC491C5C149DD4CE00","RequestUUID":"ABCD1133213","LeadId":"20213600","RequestDateTime":"2019-06-17 23:59:59","TransactionNo":"SDF234234","TransatonAmount":"13199","ChequeDate":"","Status":"1","CorporateCode":"ACC0123456","PaymentFlag":"000","MICRNumber":"23424323","InstrumentNo":"23423423423","BankName":"","BranchName":"","IFSCCode":"","ChequeType":"","AccountNumber":"9170100000000329","EasyPayId":"260618000044","ProductName":"Axis Freedom Plus Plan","AdditionalEasyPayId":"","AdditionalField1":"","AdditionalField2":"","AdditionalField3":"","AdditionalField4":"","PaymentType":"FP"} [] []
[2021-03-06 10:08:46] easy_pay_confirmation_post_field.INFO: {"Identifier":"BFF398116E392E77AC8620409E4FE774548E3881E861F952C4B9F7E60B624FF13F2EA963AFE2456D7841C08008A1B92E0F8B77DB2263D3EC491C5C149DD4CE00","RequestUUID":"ABCD1133213","LeadId":"20213600","RequestDateTime":"2019-06-17 23:59:59","TransactionNo":"SDF234234","TransatonAmount":"13199","ChequeDate":"","Status":"1","CorporateCode":"ACC0123456","PaymentFlag":"000","MICRNumber":"23424323","InstrumentNo":"23423423423","BankName":"","BranchName":"","IFSCCode":"","ChequeType":"","AccountNumber":"9170100000000329","EasyPayId":"260618000044","ProductName":"Axis Freedom Plus Plan","AdditionalEasyPayId":"","AdditionalField1":"","AdditionalField2":"","AdditionalField3":"","AdditionalField4":"","PaymentType":"FP"} [] []
[2021-03-06 10:09:19] easy_pay_confirmation_post_field.INFO: {"Identifier":"BFF398116E392E77AC8620409E4FE774548E3881E861F952C4B9F7E60B624FF13F2EA963AFE2456D7841C08008A1B92E0F8B77DB2263D3EC491C5C149DD4CE00","RequestUUID":"ABCD1133213","LeadId":"20213600","RequestDateTime":"2019-06-17 23:59:59","TransactionNo":"SDF234234","TransatonAmount":"13199","ChequeDate":"","Status":"1","CorporateCode":"ACC0123456","PaymentFlag":"000","MICRNumber":"23424323","InstrumentNo":"23423423423","BankName":"","BranchName":"","IFSCCode":"","ChequeType":"","AccountNumber":"9170100000000329","EasyPayId":"260618000044","ProductName":"Axis Freedom Plus Plan","AdditionalEasyPayId":"","AdditionalField1":"","AdditionalField2":"","AdditionalField3":"","AdditionalField4":"","PaymentType":"FP"} [] []
[2021-03-06 10:11:19] easy_pay_confirmation_post_field.INFO: {"Identifier":"BFF398116E392E77AC8620409E4FE774548E3881E861F952C4B9F7E60B624FF13F2EA963AFE2456D7841C08008A1B92E0F8B77DB2263D3EC491C5C149DD4CE00","RequestUUID":"ABCD1133213","LeadId":"20213600","RequestDateTime":"2019-06-17 23:59:59","TransactionNo":"SDF234234","TransatonAmount":"13199","ChequeDate":"","Status":"1","CorporateCode":"ACC0123456","PaymentFlag":"000","MICRNumber":"23424323","InstrumentNo":"23423423423","BankName":"","BranchName":"","IFSCCode":"","ChequeType":"","AccountNumber":"9170100000000329","EasyPayId":"260618000044","ProductName":"Axis Freedom Plus Plan","AdditionalEasyPayId":"","AdditionalField1":"","AdditionalField2":"","AdditionalField3":"","AdditionalField4":"","PaymentType":"FP"} [] []
[2021-03-06 10:22:23] generateOTP.INFO: test [] []
[2021-03-06 10:22:45] generateOTP.INFO: {"salutation":"1","firstname":"test","lastname":"BANKING","dob":"19-12-1988","mob_no":"7010444138","panCard":"XXXXXX456A","email":"jack@gmail.com","ref1":"1","ref2":"1","comAdd":"Om hrad ntalatiof, holOmshre, talathioficeeachol, OmshreeSada9talathi","city":"MUMBAI","state":"MAHARASHTRA","pin_code":"622103","ISNRI":"N","update_emp_id":"ek5qNFpKVHdsSG1NanlGSGtZTUlSQT09","edit":"0","policy_no":"392,393","subtype_text":"1","sum_insure":"500000","anuual_income":"","familyConstruct":"2A","family_members_id":"0","family_gender":"Male","first_name":"test","last_name":"BANKING","family_date_birth":"19-12-1988","age":"32","age_type":" years","tenure":"1 Year","family_id":"","s_date":"","marriage_date":"","premium":"11701","policyNo":"392,393","familyDataType":"undefined","empId":"ek5qNFpKVHdsSG1NanlGSGtZTUlSQT09","product":"iWL65dcd54d9c5a65","declare":"[]","gender":"Male","gci_options":"Yes"} [] []
[2021-03-06 10:23:04] generateOTP.INFO: {"salutation":"1","firstname":"test","lastname":"BANKING","dob":"19-12-1988","mob_no":"7010444138","panCard":"XXXXXX456A","email":"jack@gmail.com","ref1":"1","ref2":"1","comAdd":"Om hrad ntalatiof, holOmshre, talathioficeeachol, OmshreeSada9talathi","city":"MUMBAI","state":"MAHARASHTRA","pin_code":"622103","ISNRI":"N","update_emp_id":"ek5qNFpKVHdsSG1NanlGSGtZTUlSQT09","edit":"0","policy_no":"392,393","subtype_text":"1","sum_insure":"500000","anuual_income":"","familyConstruct":"2A","family_members_id":"1","family_gender":"Female","first_name":"test","last_name":"spouse","family_date_birth":"01-03-1994","age":"27","age_type":" years","tenure":"1 Year","family_id":"","s_date":"","marriage_date":"","premium":"11701","policyNo":"392,393","familyDataType":"undefined","empId":"ek5qNFpKVHdsSG1NanlGSGtZTUlSQT09","product":"iWL65dcd54d9c5a65","declare":"[]","gender":"Male","gci_options":"Yes"} [] []
[2021-03-06 10:23:27] documentsSave.INFO: {"ops_type":"[\"0\",\"Y\"]","ids":"1498,1499"} [] []
[2021-03-06 10:23:27] documentsSaveFiles.INFO: [{"name":"download.png","type":"image\/png","tmp_name":"\/tmp\/phpH1VPjP","error":0,"size":57862},{"name":"download.png","type":"image\/png","tmp_name":"\/tmp\/phppbmN5u","error":0,"size":57862}] [] []
[2021-03-06 10:23:36] generateOTP.INFO: test [] []
[2021-03-06 10:24:13] generateOTP.INFO: test [] []
[2021-03-06 10:24:49] generateOTP.INFO: test [] []
[2021-03-06 10:29:33] generateOTP.INFO: test [] []
[2021-03-06 10:29:33] generateOTP.INFO: test [] []
[2021-03-06 10:30:00] generateOTP.INFO: test [] []
[2021-03-06 10:30:01] generateOTP.INFO: test [] []
[2021-03-06 10:30:04] generateOTP.INFO: test [] []
[2021-03-06 10:30:04] generateOTP.INFO: test [] []
[2021-03-06 10:30:09] generateOTP.INFO: test [] []
[2021-03-06 10:30:09] generateOTP.INFO: test [] []
[2021-03-06 10:30:10] generateOTP.INFO: test [] []
[2021-03-06 10:30:11] generateOTP.INFO: test [] []
[2021-03-06 10:31:32] generateOTP.INFO: test [] []
[2021-03-06 10:31:35] generateOTP.INFO: test [] []
[2021-03-06 10:31:37] generateOTP.INFO: test [] []
[2021-03-06 10:31:42] generateOTP.INFO: test [] []
[2021-03-06 10:32:22] generateOTP.INFO: test [] []
[2021-03-06 10:32:22] generateOTP.INFO: test [] []
[2021-03-06 10:32:22] generateOTP.INFO: test [] []
[2021-03-06 10:32:24] generateOTP.INFO: test [] []
[2021-03-06 10:32:47] generateOTP.INFO: test [] []
[2021-03-06 10:32:48] generateOTP.INFO: test [] []
[2021-03-06 10:33:03] easy_pay_enquiry_post_field.INFO: {"Identifier":"BA6063DDEF540B496D4629F8A95FB51FC53CD6029B75FD8FFFDD09073519C8C158DB5E2AB668DF1821334BE61CB85FF9A049B54550CFD76DA6D9C1B2FB5631A6","RequestUUID":"ABCD1133213","LeadId":"20213601","RequestDatetime":"2019-06-17 18:42:00","CorporateCode":"ACC0123456"} [] []
[2021-03-06 10:34:16] easy_pay_enquiry_post_field.INFO: {"Identifier":"BA6063DDEF540B496D4629F8A95FB51FC53CD6029B75FD8FFFDD09073519C8C158DB5E2AB668DF1821334BE61CB85FF9A049B54550CFD76DA6D9C1B2FB5631A6","RequestUUID":"ABCD1133213","LeadId":"20213601","RequestDatetime":"2019-06-17 18:42:00","CorporateCode":"ACC0123456"} [] []
[2021-03-06 10:37:35] generateOTP.INFO: test [] []
[2021-03-06 10:37:40] generateOTP.INFO: test [] []
[2021-03-06 10:37:41] generateOTP.INFO: test [] []
[2021-03-06 10:37:50] generateOTP.INFO: test [] []
[2021-03-06 10:37:50] generateOTP.INFO: test [] []
[2021-03-06 10:37:50] generateOTP.INFO: test [] []
[2021-03-06 10:37:50] generateOTP.INFO: test [] []
[2021-03-06 10:37:51] generateOTP.INFO: test [] []
[2021-03-06 10:38:13] generateOTP.INFO: test [] []
[2021-03-06 10:38:14] generateOTP.INFO: test [] []
[2021-03-06 10:38:15] generateOTP.INFO: test [] []
[2021-03-06 10:38:15] generateOTP.INFO: test [] []
[2021-03-06 10:38:15] generateOTP.INFO: test [] []
[2021-03-06 10:38:18] generateOTP.INFO: test [] []
[2021-03-06 10:38:25] generateOTP.INFO: test [] []
[2021-03-06 10:38:25] generateOTP.INFO: test [] []
[2021-03-06 10:38:25] generateOTP.INFO: test [] []
[2021-03-06 10:38:38] generateOTP.INFO: test [] []
[2021-03-06 10:39:08] generateOTP.INFO: test [] []
[2021-03-06 10:39:22] generateOTP.INFO: test [] []
[2021-03-06 10:39:25] generateOTP.INFO: test [] []
[2021-03-06 10:39:25] generateOTP.INFO: test [] []
[2021-03-06 10:39:27] generateOTP.INFO: test [] []
[2021-03-06 10:39:28] generateOTP.INFO: test [] []
[2021-03-06 10:39:28] generateOTP.INFO: test [] []
[2021-03-06 10:39:29] generateOTP.INFO: test [] []
[2021-03-06 10:39:29] generateOTP.INFO: test [] []
[2021-03-06 10:39:29] generateOTP.INFO: test [] []
[2021-03-06 10:39:30] generateOTP.INFO: test [] []
[2021-03-06 10:39:32] generateOTP.INFO: test [] []
[2021-03-06 10:39:32] generateOTP.INFO: test [] []
[2021-03-06 10:39:32] generateOTP.INFO: test [] []
[2021-03-06 10:39:33] generateOTP.INFO: test [] []
[2021-03-06 10:39:33] generateOTP.INFO: test [] []
[2021-03-06 10:39:33] generateOTP.INFO: test [] []
[2021-03-06 10:39:39] generateOTP.INFO: test [] []
[2021-03-06 10:39:46] generateOTP.INFO: test [] []
[2021-03-06 10:40:41] generateOTP.INFO: test [] []
[2021-03-06 10:41:50] generateOTP.INFO: test [] []
[2021-03-06 10:41:50] generateOTP.INFO: test [] []
[2021-03-06 10:42:13] generateOTP.INFO: test [] []
[2021-03-06 10:42:13] generateOTP.INFO: test [] []
[2021-03-06 10:42:13] generateOTP.INFO: test [] []
[2021-03-06 10:42:22] generateOTP.INFO: test [] []
[2021-03-06 10:42:28] generateOTP.INFO: test [] []
[2021-03-06 10:43:02] generateOTP.INFO: test [] []
[2021-03-06 10:43:02] generateOTP.INFO: test [] []
[2021-03-06 10:43:04] generateOTP.INFO: test [] []
[2021-03-06 10:43:04] generateOTP.INFO: test [] []
[2021-03-06 10:43:05] generateOTP.INFO: test [] []
[2021-03-06 10:43:05] generateOTP.INFO: test [] []
[2021-03-06 10:43:05] generateOTP.INFO: test [] []
[2021-03-06 10:43:05] generateOTP.INFO: test [] []
[2021-03-06 10:43:44] generateOTP.INFO: test [] []
[2021-03-06 10:43:46] generateOTP.INFO: test [] []
[2021-03-06 10:43:47] generateOTP.INFO: test [] []
[2021-03-06 10:44:08] generateOTP.INFO: test [] []
[2021-03-06 10:44:08] generateOTP.INFO: test [] []
[2021-03-06 10:44:08] generateOTP.INFO: test [] []
[2021-03-06 10:44:12] generateOTP.INFO: test [] []
[2021-03-06 10:44:13] generateOTP.INFO: test [] []
[2021-03-06 10:44:14] generateOTP.INFO: test [] []
[2021-03-06 10:44:15] generateOTP.INFO: test [] []
[2021-03-06 10:44:18] generateOTP.INFO: test [] []
[2021-03-06 10:44:18] generateOTP.INFO: test [] []
[2021-03-06 10:44:18] generateOTP.INFO: test [] []
[2021-03-06 10:44:18] generateOTP.INFO: test [] []
[2021-03-06 10:44:37] generateOTP.INFO: test [] []
[2021-03-06 10:44:37] generateOTP.INFO: test [] []
[2021-03-06 10:44:37] generateOTP.INFO: test [] []
[2021-03-06 10:44:38] generateOTP.INFO: test [] []
[2021-03-06 10:44:38] generateOTP.INFO: test [] []
[2021-03-06 10:44:47] generateOTP.INFO: test [] []
[2021-03-06 10:44:48] generateOTP.INFO: test [] []
[2021-03-06 10:46:39] generateOTP.INFO: test [] []
[2021-03-06 10:46:40] generateOTP.INFO: test [] []
[2021-03-06 10:48:07] generateOTP.INFO: test [] []
[2021-03-06 10:48:08] generateOTP.INFO: test [] []
[2021-03-06 10:51:00] generateOTP.INFO: test [] []
[2021-03-06 10:51:00] generateOTP.INFO: test [] []
[2021-03-06 10:51:00] generateOTP.INFO: test [] []
[2021-03-06 10:51:00] generateOTP.INFO: test [] []
[2021-03-06 10:51:15] generateOTP.INFO: test [] []
[2021-03-06 10:51:15] generateOTP.INFO: test [] []
[2021-03-06 10:51:15] generateOTP.INFO: test [] []
[2021-03-06 10:51:16] generateOTP.INFO: test [] []
[2021-03-06 10:51:51] generateOTP.INFO: test [] []
[2021-03-06 10:51:53] generateOTP.INFO: test [] []
[2021-03-06 10:52:00] generateOTP.INFO: test [] []
[2021-03-06 10:52:00] generateOTP.INFO: test [] []
[2021-03-06 10:52:00] generateOTP.INFO: test [] []
[2021-03-06 10:52:00] generateOTP.INFO: test [] []
[2021-03-06 10:52:00] generateOTP.INFO: test [] []
[2021-03-06 10:52:03] generateOTP.INFO: test [] []
[2021-03-06 10:52:05] generateOTP.INFO: test [] []
[2021-03-06 10:52:06] generateOTP.INFO: test [] []
[2021-03-06 10:52:07] generateOTP.INFO: test [] []
[2021-03-06 10:52:08] generateOTP.INFO: test [] []
[2021-03-06 10:52:10] generateOTP.INFO: test [] []
[2021-03-06 10:52:10] generateOTP.INFO: test [] []
[2021-03-06 10:52:10] generateOTP.INFO: test [] []
[2021-03-06 10:52:17] generateOTP.INFO: test [] []
[2021-03-06 10:52:17] generateOTP.INFO: test [] []
[2021-03-06 10:52:17] generateOTP.INFO: test [] []
[2021-03-06 10:52:17] generateOTP.INFO: test [] []
[2021-03-06 10:52:18] generateOTP.INFO: test [] []
[2021-03-06 10:52:18] generateOTP.INFO: test [] []
[2021-03-06 10:52:18] generateOTP.INFO: test [] []
[2021-03-06 10:53:07] generateOTP.INFO: test [] []
[2021-03-06 10:53:07] generateOTP.INFO: test [] []
[2021-03-06 10:53:08] generateOTP.INFO: test [] []
[2021-03-06 10:53:09] generateOTP.INFO: test [] []
[2021-03-06 10:53:11] generateOTP.INFO: test [] []
[2021-03-06 10:53:11] generateOTP.INFO: test [] []
[2021-03-06 10:53:20] generateOTP.INFO: test [] []
[2021-03-06 10:53:20] generateOTP.INFO: test [] []
[2021-03-06 10:53:49] generateOTP.INFO: test [] []
[2021-03-06 10:53:49] generateOTP.INFO: test [] []
[2021-03-06 10:53:54] generateOTP.INFO: test [] []
[2021-03-06 10:53:54] generateOTP.INFO: test [] []
[2021-03-06 10:53:57] generateOTP.INFO: test [] []
[2021-03-06 10:53:57] generateOTP.INFO: test [] []
[2021-03-06 10:53:57] generateOTP.INFO: test [] []
[2021-03-06 10:53:57] generateOTP.INFO: test [] []
[2021-03-06 10:53:57] generateOTP.INFO: test [] []
[2021-03-06 10:53:59] generateOTP.INFO: test [] []
[2021-03-06 10:53:59] generateOTP.INFO: test [] []
[2021-03-06 10:54:28] generateOTP.INFO: test [] []
[2021-03-06 10:54:29] generateOTP.INFO: test [] []
[2021-03-06 10:55:58] generateOTP.INFO: test [] []
[2021-03-06 10:56:04] generateOTP.INFO: test [] []
[2021-03-06 10:56:04] generateOTP.INFO: test [] []
[2021-03-06 10:56:04] generateOTP.INFO: test [] []
[2021-03-06 10:56:05] generateOTP.INFO: test [] []
[2021-03-06 10:56:27] generateOTP.INFO: test [] []
[2021-03-06 10:57:47] generateOTP.INFO: test [] []
[2021-03-06 10:58:04] generateOTP.INFO: test [] []
[2021-03-06 10:59:06] generateOTP.INFO: test [] []
[2021-03-06 10:59:17] generateOTP.INFO: test [] []
[2021-03-06 10:59:30] generateOTP.INFO: test [] []
[2021-03-06 10:59:59] generateOTP.INFO: test [] []
[2021-03-06 11:02:53] generateOTP.INFO: test [] []
[2021-03-06 11:03:08] generateOTP.INFO: test [] []
[2021-03-06 11:03:56] generateOTP.INFO: test [] []
[2021-03-06 11:04:25] generateOTP.INFO: test [] []
[2021-03-06 11:04:27] generateOTP.INFO: test [] []
[2021-03-06 11:05:50] generateOTP.INFO: test [] []
[2021-03-06 11:05:51] generateOTP.INFO: test [] []
[2021-03-06 11:05:53] generateOTP.INFO: test [] []
[2021-03-06 11:05:53] generateOTP.INFO: test [] []
[2021-03-06 11:05:53] generateOTP.INFO: test [] []
[2021-03-06 11:05:54] generateOTP.INFO: test [] []
[2021-03-06 11:06:54] generateOTP.INFO: test [] []
[2021-03-06 11:09:28] generateOTP.INFO: test [] []
[2021-03-06 11:09:29] generateOTP.INFO: test [] []
[2021-03-06 11:09:29] generateOTP.INFO: test [] []
[2021-03-06 11:09:31] generateOTP.INFO: test [] []
[2021-03-06 11:09:51] generateOTP.INFO: test [] []
[2021-03-06 11:09:51] generateOTP.INFO: test [] []
[2021-03-06 11:09:54] generateOTP.INFO: test [] []
[2021-03-06 11:09:54] generateOTP.INFO: test [] []
[2021-03-06 11:09:57] generateOTP.INFO: test [] []
[2021-03-06 11:09:57] generateOTP.INFO: test [] []
[2021-03-06 11:09:57] generateOTP.INFO: test [] []
[2021-03-06 11:09:57] generateOTP.INFO: test [] []
[2021-03-06 11:11:31] generateOTP.INFO: test [] []
[2021-03-06 11:11:32] generateOTP.INFO: test [] []
[2021-03-06 11:13:46] generateOTP.INFO: test [] []
[2021-03-06 11:13:47] generateOTP.INFO: test [] []
[2021-03-06 11:14:00] generateOTP.INFO: test [] []
[2021-03-06 11:14:00] generateOTP.INFO: test [] []
[2021-03-06 11:14:00] generateOTP.INFO: test [] []
[2021-03-06 11:14:02] generateOTP.INFO: test [] []
[2021-03-06 11:15:35] generateOTP.INFO: test [] []
[2021-03-06 11:15:35] generateOTP.INFO: test [] []
[2021-03-06 11:19:14] generateOTP.INFO: test [] []
[2021-03-06 11:19:14] generateOTP.INFO: test [] []
[2021-03-06 11:20:15] generateOTP.INFO: test [] []
[2021-03-06 11:20:17] generateOTP.INFO: test [] []
[2021-03-06 11:21:00] generateOTP.INFO: test [] []
[2021-03-06 11:21:01] generateOTP.INFO: test [] []
[2021-03-06 11:26:07] generateOTP.INFO: test [] []
[2021-03-06 11:26:08] generateOTP.INFO: test [] []
[2021-03-06 11:26:10] generateOTP.INFO: test [] []
[2021-03-06 11:26:11] generateOTP.INFO: test [] []
[2021-03-06 11:26:31] generateOTP.INFO: test [] []
[2021-03-06 11:26:32] generateOTP.INFO: test [] []
[2021-03-06 11:28:35] generateOTP.INFO: test [] []
[2021-03-06 11:28:35] generateOTP.INFO: test [] []
[2021-03-06 11:30:30] generateOTP.INFO: test [] []
[2021-03-06 11:30:30] generateOTP.INFO: test [] []
[2021-03-06 11:31:01] generateOTP.INFO: test [] []
[2021-03-06 11:31:01] generateOTP.INFO: test [] []
[2021-03-06 11:31:11] generateOTP.INFO: test [] []
[2021-03-06 11:31:12] generateOTP.INFO: test [] []
[2021-03-06 11:31:15] generateOTP.INFO: test [] []
[2021-03-06 11:31:15] generateOTP.INFO: test [] []
[2021-03-06 11:31:42] generateOTP.INFO: test [] []
[2021-03-06 11:31:42] generateOTP.INFO: test [] []
[2021-03-06 11:31:43] generateOTP.INFO: test [] []
[2021-03-06 11:31:43] generateOTP.INFO: test [] []
[2021-03-06 11:32:07] generateOTP.INFO: test [] []
[2021-03-06 11:32:08] generateOTP.INFO: test [] []
[2021-03-06 11:32:49] generateOTP.INFO: test [] []
[2021-03-06 11:32:50] generateOTP.INFO: test [] []
[2021-03-06 11:35:27] generateOTP.INFO: test [] []
[2021-03-06 11:35:29] generateOTP.INFO: test [] []
[2021-03-06 11:35:31] generateOTP.INFO: test [] []
[2021-03-06 11:35:32] generateOTP.INFO: test [] []
[2021-03-06 11:35:34] generateOTP.INFO: test [] []
[2021-03-06 11:35:34] generateOTP.INFO: test [] []
[2021-03-06 11:35:34] generateOTP.INFO: test [] []
[2021-03-06 11:35:35] generateOTP.INFO: test [] []
[2021-03-06 11:36:29] generateOTP.INFO: test [] []
[2021-03-06 11:36:31] generateOTP.INFO: test [] []
[2021-03-06 11:36:57] generateOTP.INFO: test [] []
[2021-03-06 11:36:59] generateOTP.INFO: test [] []
[2021-03-06 11:38:14] generateOTP.INFO: test [] []
[2021-03-06 11:38:17] generateOTP.INFO: test [] []
[2021-03-06 11:38:37] generateOTP.INFO: test [] []
[2021-03-06 11:38:40] generateOTP.INFO: test [] []
[2021-03-06 11:38:53] generateOTP.INFO: test [] []
[2021-03-06 11:38:55] generateOTP.INFO: test [] []
[2021-03-06 11:39:57] generateOTP.INFO: test [] []
[2021-03-06 11:39:59] generateOTP.INFO: test [] []
[2021-03-06 11:40:04] generateOTP.INFO: test [] []
[2021-03-06 11:40:04] generateOTP.INFO: test [] []
[2021-03-06 11:40:04] generateOTP.INFO: test [] []
[2021-03-06 11:40:05] generateOTP.INFO: test [] []
[2021-03-06 11:40:26] generateOTP.INFO: test [] []
[2021-03-06 11:40:27] generateOTP.INFO: test [] []
[2021-03-06 11:40:52] generateOTP.INFO: test [] []
[2021-03-06 11:40:53] generateOTP.INFO: test [] []
[2021-03-06 11:40:53] generateOTP.INFO: test [] []
[2021-03-06 11:40:53] generateOTP.INFO: test [] []
[2021-03-06 11:41:20] generateOTP.INFO: test [] []
[2021-03-06 11:41:20] generateOTP.INFO: test [] []
[2021-03-06 11:41:20] generateOTP.INFO: test [] []
[2021-03-06 11:41:21] generateOTP.INFO: test [] []
[2021-03-06 11:41:34] generateOTP.INFO: test [] []
[2021-03-06 11:41:35] generateOTP.INFO: test [] []
[2021-03-06 11:43:37] generateOTP.INFO: test [] []
[2021-03-06 11:43:37] generateOTP.INFO: test [] []
[2021-03-06 11:43:39] generateOTP.INFO: test [] []
[2021-03-06 11:43:41] generateOTP.INFO: test [] []
[2021-03-06 11:43:43] generateOTP.INFO: test [] []
[2021-03-06 11:43:45] generateOTP.INFO: test [] []
[2021-03-06 11:44:07] generateOTP.INFO: test [] []
[2021-03-06 11:44:07] generateOTP.INFO: test [] []
[2021-03-06 11:45:52] generateOTP.INFO: test [] []
[2021-03-06 11:45:52] generateOTP.INFO: test [] []
[2021-03-06 11:47:35] generateOTP.INFO: test [] []
[2021-03-06 11:47:36] generateOTP.INFO: test [] []
[2021-03-06 11:48:49] generateOTP.INFO: test [] []
[2021-03-06 11:48:49] generateOTP.INFO: test [] []
[2021-03-06 11:48:51] generateOTP.INFO: test [] []
[2021-03-06 11:48:51] generateOTP.INFO: test [] []
[2021-03-06 11:48:51] generateOTP.INFO: test [] []
[2021-03-06 11:48:52] generateOTP.INFO: test [] []
[2021-03-06 11:49:08] generateOTP.INFO: test [] []
[2021-03-06 11:49:08] generateOTP.INFO: test [] []
[2021-03-06 11:49:08] generateOTP.INFO: test [] []
[2021-03-06 11:49:08] generateOTP.INFO: test [] []
[2021-03-06 11:50:22] generateOTP.INFO: test [] []
[2021-03-06 11:50:22] generateOTP.INFO: test [] []
[2021-03-06 11:50:28] generateOTP.INFO: test [] []
[2021-03-06 11:50:29] generateOTP.INFO: test [] []
[2021-03-06 11:51:31] generateOTP.INFO: test [] []
[2021-03-06 11:51:32] generateOTP.INFO: test [] []
[2021-03-06 11:52:11] generateOTP.INFO: test [] []
[2021-03-06 11:52:12] generateOTP.INFO: test [] []
[2021-03-06 11:52:44] generateOTP.INFO: test [] []
[2021-03-06 11:52:45] generateOTP.INFO: test [] []
[2021-03-06 11:52:53] generateOTP.INFO: test [] []
[2021-03-06 11:52:53] generateOTP.INFO: test [] []
[2021-03-06 11:52:55] generateOTP.INFO: test [] []
[2021-03-06 11:52:55] generateOTP.INFO: test [] []
[2021-03-06 11:52:55] generateOTP.INFO: test [] []
[2021-03-06 11:52:55] generateOTP.INFO: test [] []
[2021-03-06 11:53:01] generateOTP.INFO: test [] []
[2021-03-06 11:53:01] generateOTP.INFO: test [] []
[2021-03-06 11:53:04] generateOTP.INFO: test [] []
[2021-03-06 11:53:04] generateOTP.INFO: test [] []
[2021-03-06 11:53:51] generateOTP.INFO: test [] []
[2021-03-06 11:53:52] generateOTP.INFO: test [] []
[2021-03-06 11:54:37] generateOTP.INFO: test [] []
[2021-03-06 11:54:38] generateOTP.INFO: test [] []
[2021-03-06 11:54:38] generateOTP.INFO: test [] []
[2021-03-06 11:54:49] generateOTP.INFO: test [] []
[2021-03-06 11:54:51] generateOTP.INFO: test [] []
[2021-03-06 11:55:30] generateOTP.INFO: test [] []
[2021-03-06 11:55:31] generateOTP.INFO: test [] []
[2021-03-06 11:55:35] generateOTP.INFO: test [] []
[2021-03-06 11:55:36] generateOTP.INFO: test [] []
[2021-03-06 11:55:55] generateOTP.INFO: test [] []
[2021-03-06 11:55:55] generateOTP.INFO: test [] []
[2021-03-06 11:55:57] generateOTP.INFO: test [] []
[2021-03-06 11:55:57] generateOTP.INFO: test [] []
[2021-03-06 11:55:59] generateOTP.INFO: test [] []
[2021-03-06 11:55:59] generateOTP.INFO: test [] []
[2021-03-06 11:55:59] generateOTP.INFO: test [] []
[2021-03-06 11:55:59] generateOTP.INFO: test [] []
[2021-03-06 11:56:07] generateOTP.INFO: test [] []
[2021-03-06 11:56:07] generateOTP.INFO: test [] []
[2021-03-06 11:56:13] generateOTP.INFO: test [] []
[2021-03-06 11:56:14] generateOTP.INFO: test [] []
[2021-03-06 11:56:22] generateOTP.INFO: test [] []
[2021-03-06 11:56:23] generateOTP.INFO: test [] []
[2021-03-06 12:00:43] generateOTP.INFO: test [] []
[2021-03-06 12:00:43] generateOTP.INFO: test [] []
[2021-03-06 12:00:43] generateOTP.INFO: test [] []
[2021-03-06 12:01:00] generateOTP.INFO: test [] []
[2021-03-06 12:01:01] generateOTP.INFO: test [] []
[2021-03-06 12:01:33] generateOTP.INFO: test [] []
[2021-03-06 12:01:33] generateOTP.INFO: test [] []
[2021-03-06 12:01:36] generateOTP.INFO: test [] []
[2021-03-06 12:01:36] generateOTP.INFO: test [] []
[2021-03-06 12:01:39] generateOTP.INFO: test [] []
[2021-03-06 12:01:39] generateOTP.INFO: test [] []
[2021-03-06 12:01:39] generateOTP.INFO: test [] []
[2021-03-06 12:01:39] generateOTP.INFO: test [] []
[2021-03-06 12:01:56] generateOTP.INFO: test [] []
[2021-03-06 12:01:56] generateOTP.INFO: test [] []
[2021-03-06 12:02:11] generateOTP.INFO: test [] []
[2021-03-06 12:02:11] generateOTP.INFO: test [] []
[2021-03-06 12:07:52] generateOTP.INFO: test [] []
[2021-03-06 12:07:53] generateOTP.INFO: test [] []
[2021-03-06 12:24:08] generateOTP.INFO: test [] []
[2021-03-06 12:24:09] generateOTP.INFO: test [] []
[2021-03-06 12:25:15] generateOTP.INFO: test [] []
[2021-03-06 12:25:16] generateOTP.INFO: test [] []
[2021-03-06 12:25:16] generateOTP.INFO: test [] []
[2021-03-06 12:25:16] generateOTP.INFO: test [] []
[2021-03-06 12:25:18] generateOTP.INFO: test [] []
[2021-03-06 12:25:18] generateOTP.INFO: test [] []
[2021-03-06 12:25:18] generateOTP.INFO: test [] []
[2021-03-06 12:25:18] generateOTP.INFO: test [] []
[2021-03-06 12:26:36] generateOTP.INFO: test [] []
[2021-03-06 12:26:37] generateOTP.INFO: test [] []
[2021-03-06 12:33:55] generateOTP.INFO: test [] []
[2021-03-06 12:33:55] generateOTP.INFO: test [] []
[2021-03-06 12:33:55] generateOTP.INFO: test [] []
[2021-03-06 12:33:56] generateOTP.INFO: test [] []
[2021-03-06 12:40:35] generateOTP.INFO: test [] []
[2021-03-06 12:40:36] generateOTP.INFO: test [] []
[2021-03-06 12:52:18] generateOTP.INFO: test [] []
[2021-03-06 12:52:19] generateOTP.INFO: test [] []
[2021-03-06 12:53:13] generateOTP.INFO: test [] []
[2021-03-06 13:07:30] generateOTP.INFO: test [] []
[2021-03-06 13:07:33] generateOTP.INFO: test [] []
[2021-03-06 13:46:40] generateOTP.INFO: test [] []
[2021-03-06 14:11:39] generateOTP.INFO: test [] []
[2021-03-06 14:11:41] generateOTP.INFO: test [] []
[2021-03-06 14:11:49] generateOTP.INFO: test [] []
[2021-03-06 14:12:42] generateOTP.INFO: test [] []
[2021-03-06 14:12:44] generateOTP.INFO: test [] []
[2021-03-06 14:13:02] generateOTP.INFO: test [] []
[2021-03-06 14:13:03] generateOTP.INFO: test [] []
[2021-03-06 14:24:06] generateOTP.INFO: test [] []
[2021-03-06 14:24:41] generateOTP.INFO: test [] []
[2021-03-06 14:29:17] generateOTP.INFO: test [] []
[2021-03-06 14:29:29] generateOTP.INFO: test [] []
[2021-03-06 14:29:38] generateOTP.INFO: test [] []
[2021-03-06 14:35:03] generateOTP.INFO: test [] []
[2021-03-06 14:35:04] generateOTP.INFO: test [] []
[2021-03-06 15:25:59] generateOTP.INFO: test [] []
[2021-03-06 15:26:00] generateOTP.INFO: test [] []
[2021-03-06 15:41:02] generateOTP.INFO: test [] []
[2021-03-06 15:45:34] generateOTP.INFO: test [] []
[2021-03-06 15:45:47] generateOTP.INFO: test [] []
[2021-03-06 16:19:52] generateOTP.INFO: test [] []
[2021-03-06 16:19:53] generateOTP.INFO: test [] []
[2021-03-06 16:20:12] generateOTP.INFO: test [] []
[2021-03-06 16:20:12] generateOTP.INFO: test [] []
[2021-03-06 16:21:14] generateOTP.INFO: test [] []
[2021-03-06 16:21:14] generateOTP.INFO: test [] []
[2021-03-06 16:21:27] generateOTP.INFO: test [] []
[2021-03-06 16:21:27] generateOTP.INFO: test [] []
[2021-03-06 16:21:37] generateOTP.INFO: test [] []
[2021-03-06 16:21:38] generateOTP.INFO: test [] []
[2021-03-06 16:21:41] generateOTP.INFO: test [] []
[2021-03-06 16:21:41] generateOTP.INFO: test [] []
[2021-03-06 16:21:41] generateOTP.INFO: test [] []
[2021-03-06 16:21:41] generateOTP.INFO: test [] []
[2021-03-06 16:21:51] generateOTP.INFO: test [] []
[2021-03-06 16:21:51] generateOTP.INFO: test [] []
[2021-03-06 16:41:41] generateOTP.INFO: test [] []
[2021-03-06 16:41:42] generateOTP.INFO: test [] []
[2021-03-06 16:41:45] generateOTP.INFO: test [] []
[2021-03-06 16:41:46] generateOTP.INFO: test [] []
[2021-03-06 16:42:01] generateOTP.INFO: test [] []
[2021-03-06 16:42:03] generateOTP.INFO: test [] []
[2021-03-06 16:42:10] generateOTP.INFO: test [] []
[2021-03-06 16:42:11] generateOTP.INFO: test [] []
[2021-03-06 16:42:35] generateOTP.INFO: test [] []
[2021-03-06 16:42:36] generateOTP.INFO: test [] []
[2021-03-06 16:42:41] generateOTP.INFO: test [] []
[2021-03-06 16:42:41] generateOTP.INFO: test [] []
[2021-03-06 16:42:46] generateOTP.INFO: test [] []
[2021-03-06 16:42:46] generateOTP.INFO: test [] []
[2021-03-06 16:42:46] generateOTP.INFO: test [] []
[2021-03-06 16:42:47] generateOTP.INFO: test [] []
[2021-03-06 16:42:53] generateOTP.INFO: test [] []
[2021-03-06 16:42:54] generateOTP.INFO: test [] []
[2021-03-06 16:43:26] generateOTP.INFO: test [] []
[2021-03-06 16:43:28] generateOTP.INFO: test [] []
[2021-03-06 16:54:29] generateOTP.INFO: test [] []
[2021-03-06 16:54:33] generateOTP.INFO: test [] []
[2021-03-06 16:54:37] generateOTP.INFO: test [] []
[2021-03-06 16:54:42] generateOTP.INFO: test [] []
[2021-03-06 16:54:44] generateOTP.INFO: test [] []
[2021-03-06 16:54:54] generateOTP.INFO: test [] []
[2021-03-06 16:54:54] generateOTP.INFO: test [] []
[2021-03-06 16:54:54] generateOTP.INFO: test [] []
[2021-03-06 16:54:56] generateOTP.INFO: test [] []
[2021-03-06 16:55:01] generateOTP.INFO: test [] []
[2021-03-06 16:55:02] generateOTP.INFO: test [] []
[2021-03-06 16:55:20] generateOTP.INFO: test [] []
[2021-03-06 16:55:21] generateOTP.INFO: test [] []
[2021-03-06 16:55:21] generateOTP.INFO: test [] []
[2021-03-06 17:07:24] generateOTP.INFO: test [] []
[2021-03-06 17:07:24] generateOTP.INFO: test [] []
[2021-03-06 17:10:58] generateOTP.INFO: test [] []
[2021-03-06 17:10:58] generateOTP.INFO: test [] []
[2021-03-06 17:11:08] generateOTP.INFO: test [] []
[2021-03-06 17:11:08] generateOTP.INFO: test [] []
[2021-03-06 17:11:19] generateOTP.INFO: test [] []
[2021-03-06 17:11:19] generateOTP.INFO: test [] []
[2021-03-06 17:11:21] generateOTP.INFO: test [] []
[2021-03-06 17:11:22] generateOTP.INFO: test [] []
[2021-03-06 17:11:24] generateOTP.INFO: test [] []
[2021-03-06 17:11:24] generateOTP.INFO: test [] []
[2021-03-06 17:11:25] generateOTP.INFO: test [] []
[2021-03-06 17:11:25] generateOTP.INFO: test [] []
[2021-03-06 17:11:30] generateOTP.INFO: test [] []
[2021-03-06 17:11:30] generateOTP.INFO: test [] []
[2021-03-06 17:11:50] generateOTP.INFO: test [] []
[2021-03-06 17:12:03] generateOTP.INFO: test [] []
[2021-03-06 17:12:04] generateOTP.INFO: test [] []
[2021-03-06 18:42:42] generateOTP.INFO: test [] []
[2021-03-06 18:42:43] generateOTP.INFO: test [] []
[2021-03-06 18:43:03] generateOTP.INFO: test [] []
[2021-03-06 18:43:04] generateOTP.INFO: test [] []
[2021-03-06 18:43:07] generateOTP.INFO: test [] []
[2021-03-06 18:43:07] generateOTP.INFO: test [] []
[2021-03-06 18:43:10] generateOTP.INFO: test [] []
[2021-03-06 18:43:10] generateOTP.INFO: test [] []
[2021-03-06 18:43:10] generateOTP.INFO: test [] []
[2021-03-06 18:43:11] generateOTP.INFO: test [] []
[2021-03-06 18:43:20] generateOTP.INFO: test [] []
[2021-03-06 18:43:21] generateOTP.INFO: test [] []
[2021-03-06 18:43:35] generateOTP.INFO: test [] []
[2021-03-06 18:43:36] generateOTP.INFO: test [] []
[2021-03-06 19:01:23] generateOTP.INFO: test [] []
[2021-03-06 19:01:24] generateOTP.INFO: test [] []
[2021-03-06 19:10:27] generateOTP.INFO: test [] []
[2021-03-06 19:10:28] generateOTP.INFO: test [] []
[2021-03-06 19:19:51] generateOTP.INFO: test [] []
[2021-03-06 19:19:51] generateOTP.INFO: test [] []
[2021-03-06 19:30:37] generateOTP.INFO: test [] []
[2021-03-06 19:30:38] generateOTP.INFO: test [] []
[2021-03-06 19:32:19] generateOTP.INFO: test [] []
[2021-03-06 19:32:19] generateOTP.INFO: test [] []
[2021-03-06 19:32:21] generateOTP.INFO: test [] []
[2021-03-06 19:32:22] generateOTP.INFO: test [] []
[2021-03-06 19:32:24] generateOTP.INFO: test [] []
[2021-03-06 19:32:24] generateOTP.INFO: test [] []
[2021-03-06 19:32:24] generateOTP.INFO: test [] []
[2021-03-06 19:32:24] generateOTP.INFO: test [] []
[2021-03-06 19:32:26] generateOTP.INFO: test [] []
[2021-03-06 19:32:27] generateOTP.INFO: test [] []
[2021-03-06 19:32:51] generateOTP.INFO: test [] []
[2021-03-06 19:32:52] generateOTP.INFO: test [] []
[2021-03-06 19:34:26] generateOTP.INFO: test [] []
[2021-03-06 19:34:27] generateOTP.INFO: test [] []
[2021-03-06 21:29:13] generateOTP.INFO: test [] []
[2021-03-06 21:29:14] generateOTP.INFO: test [] []
[2021-03-06 21:30:27] generateOTP.INFO: test [] []
[2021-03-06 21:30:28] generateOTP.INFO: test [] []
[2021-03-06 21:30:36] generateOTP.INFO: test [] []
[2021-03-06 21:30:38] generateOTP.INFO: test [] []
