[2020-03-06 10:46:14] generateOTP.INFO: test [] []
[2020-03-06 10:46:15] generateOTP.INFO: test [] []
[2020-03-06 10:46:20] generateOTP.INFO: test [] []
[2020-03-06 10:46:29] generateOTP.INFO: test [] []
[2020-03-06 10:46:29] generateOTP.INFO: test [] []
[2020-03-06 10:50:44] generateOTP.INFO: {"edit":"0","policy_no":"378","subtype_text":"1","sum_insure":"800000","familyConstruct":"2A+1K","tenure":"1 Year","family_members_id":"0","family_gender":"Male","first_name":"rohit","middle_name":"prabhakar","last_name":"kadam","family_date_birth":"06-03-1979","age":"41","age_type":"years","family_id":"","s_date":"","marriage_date":"","premium_parent":"","contri_parent":"","premium":"7099","policyNo":"378","familyDataType":"family_construct","empId":"620144","product":"QBTv5db9151ad1c21","declare":"[]","abc":"2a+2k"} [] []
[2020-03-06 10:51:08] generateOTP.INFO: {"edit":"0","policy_no":"378","subtype_text":"1","sum_insure":"800000","familyConstruct":"2A+1K","tenure":"1 Year","family_members_id":"1","family_gender":"Female","first_name":"rohini","middle_name":"rohit","last_name":"kadam","family_date_birth":"14-03-1995","age":"24","age_type":"years","family_id":"","s_date":"","marriage_date":"","premium_parent":"","contri_parent":"","premium":"7099","policyNo":"378","familyDataType":"family_construct","empId":"620144","product":"QBTv5db9151ad1c21","declare":"[]","abc":"2a+2k"} [] []
[2020-03-06 10:51:16] generateOTP.INFO: {"edit":"0","subtype_text":"3","policy_no":"379","sum_insure":"500000","familyConstruct":"2A","tenure":"1 Year","family_members_id":"0","family_gender":"Male","first_name":"rohit","middle_name":"prabhakar","last_name":"kadam","family_date_birth":"06-03-1979","age":"41","age_type":"years","family_id":"","s_date":"","marriage_date":"","premium_parent":"","contri_parent":"","premium":"4198","policyNo":"379","familyDataType":"family_construct","product":"QBTv5db9151ad1c21","empId":"620144"} [] []
[2020-03-06 10:54:32] generateOTP.INFO: {"edit":"0","policy_no":"378","subtype_text":"1","sum_insure":"800000","familyConstruct":"2A+1K","tenure":"1 Year","family_members_id":"2","family_gender":"Male","first_name":"rohan","middle_name":"rohit","last_name":"kadam","family_date_birth":"19-03-2009","age":"10","age_type":"years","family_id":"","s_date":"","marriage_date":"","premium_parent":"","contri_parent":"","premium":"7099","policyNo":"378","familyDataType":"family_construct","empId":"620144","product":"QBTv5db9151ad1c21","declare":"[]","abc":"2a+2k"} [] []
[2020-03-06 10:55:07] generateOTP.INFO: {"edit":"0","subtype_text":"3","policy_no":"379","sum_insure":"500000","familyConstruct":"2A","tenure":"1 Year","family_members_id":"1","family_gender":"Female","first_name":"rohini","middle_name":"rohit","last_name":"kadam","family_date_birth":"14-03-1995","age":"24","age_type":"years","family_id":"","s_date":"","marriage_date":"","premium_parent":"","contri_parent":"","premium":"4198","policyNo":"379","familyDataType":"family_construct","product":"QBTv5db9151ad1c21","empId":"620144"} [] []
[2020-03-06 10:55:20] documentsSave.INFO: {"ops_type":"[\"Enrollment form\",\"Cheque Copy\",\"Birth_Certificate\"]","ext0":"undefined","ext1":"undefined","ext2":"undefined","ids":"33,34","update_datas":"undefined","emp_id":"620144"} [] []
[2020-03-06 10:55:20] documentsSaveFiles.INFO: [{"name":"Desert.jpg","type":"image\/jpeg","tmp_name":"\/tmp\/php2oVlJt","error":0,"size":845941},{"name":"Tulips.jpg","type":"image\/jpeg","tmp_name":"\/tmp\/php2sP61l","error":0,"size":620888},{"name":"Koala.jpg","type":"image\/jpeg","tmp_name":"\/tmp\/php1cAXUe","error":0,"size":780831}] [] []
[2020-03-06 10:55:23] generateOTP.INFO: test [] []
[2020-03-06 10:56:46] generateOTP.INFO: test [] []
[2020-03-06 10:57:26] generateOTP.INFO: test [] []
[2020-03-06 10:57:28] generateOTP.INFO: test [] []
[2020-03-06 10:57:30] generateOTP.INFO: test [] []
[2020-03-06 10:57:54] generateOTP.INFO: test [] []
[2020-03-06 10:58:44] generateOTP.INFO: test [] []
[2020-03-06 11:01:57] generateOTP.INFO: test [] []
[2020-03-06 11:02:08] generateOTP.INFO: test [] []
[2020-03-06 11:02:13] generateOTP.INFO: test [] []
[2020-03-06 11:02:13] generateOTP.INFO: test [] []
[2020-03-06 11:14:15] generateOTP.INFO: test [] []
[2020-03-06 11:24:28] generateOTP.INFO: test [] []
[2020-03-06 11:24:39] generateOTP.INFO: test [] []
[2020-03-06 11:24:39] generateOTP.INFO: test [] []
[2020-03-06 11:29:09] generateOTP.INFO: test [] []
[2020-03-06 11:29:19] generateOTP.INFO: test [] []
[2020-03-06 11:29:19] generateOTP.INFO: test [] []
[2020-03-06 11:29:23] generateOTP.INFO: test [] []
[2020-03-06 11:29:32] generateOTP.INFO: test [] []
[2020-03-06 11:29:32] generateOTP.INFO: test [] []
[2020-03-06 11:29:37] generateOTP.INFO: test [] []
[2020-03-06 11:29:42] generateOTP.INFO: test [] []
[2020-03-06 11:29:42] generateOTP.INFO: test [] []
[2020-03-06 11:29:51] generateOTP.INFO: test [] []
[2020-03-06 11:29:51] generateOTP.INFO: test [] []
[2020-03-06 11:31:39] generateOTP.INFO: test [] []
[2020-03-06 11:31:44] generateOTP.INFO: test [] []
[2020-03-06 11:31:44] generateOTP.INFO: test [] []
[2020-03-06 11:33:17] generateOTP.INFO: test [] []
[2020-03-06 11:33:17] generateOTP.INFO: test [] []
[2020-03-06 11:36:01] generateOTP.INFO: {"edit":"0","policy_no":"378","subtype_text":"1","sum_insure":"800000","familyConstruct":"1A","tenure":"1 Year","family_members_id":"0","family_gender":"Male","first_name":"sonalis","middle_name":"hitesh","last_name":"mohites","family_date_birth":"08-03-2001","age":"18","age_type":"years","family_id":"","s_date":"","marriage_date":"","premium_parent":"","contri_parent":"","premium":"5799","policyNo":"378","familyDataType":"family_construct","empId":"620145","product":"QBTv5db9151ad1c21","declare":"[]","abc":"2a+2k"} [] []
[2020-03-06 11:38:31] generateOTP.INFO: test [] []
[2020-03-06 11:38:31] generateOTP.INFO: test [] []
[2020-03-06 11:40:01] generateOTP.INFO: {"edit":"0","policy_no":"378","subtype_text":"1","sum_insure":"1000000","familyConstruct":"1A","tenure":"1 Year","family_members_id":"0","family_gender":"Male","first_name":"dsg","middle_name":"fsg","last_name":"fgd","family_date_birth":"01-03-2000","age":"20","age_type":"years","family_id":"","s_date":"","marriage_date":"","premium_parent":"","contri_parent":"","premium":"5999","policyNo":"378","familyDataType":"family_construct","empId":"620146","product":"QBTv5db9151ad1c21","declare":"[]","abc":"2a+2k"} [] []
[2020-03-06 11:40:59] generateOTP.INFO: test [] []
[2020-03-06 11:40:59] generateOTP.INFO: test [] []
[2020-03-06 11:42:45] generateOTP.INFO: {"edit":"0","policy_no":"378","subtype_text":"1","sum_insure":"800000","familyConstruct":"1A","tenure":"1 Year","family_members_id":"0","family_gender":"Male","first_name":"anjali","middle_name":"indrajit","last_name":"pawar","family_date_birth":"06-03-1985","age":"35","age_type":"years","family_id":"","s_date":"","marriage_date":"","premium_parent":"","contri_parent":"","premium":"5799","policyNo":"378","familyDataType":"family_construct","empId":"620147","product":"QBTv5db9151ad1c21","declare":"[]","abc":"2a+2k"} [] []
[2020-03-06 11:45:05] generateOTP.INFO: test [] []
[2020-03-06 11:45:05] generateOTP.INFO: test [] []
[2020-03-06 11:45:20] generateOTP.INFO: test [] []
[2020-03-06 11:45:20] generateOTP.INFO: test [] []
[2020-03-06 11:45:41] generateOTP.INFO: test [] []
[2020-03-06 11:45:41] generateOTP.INFO: test [] []
[2020-03-06 11:46:05] generateOTP.INFO: {"edit":"0","policy_no":"378","subtype_text":"1","sum_insure":"800000","familyConstruct":"1A","tenure":"1 Year","family_members_id":"0","family_gender":"Male","first_name":"bhg","middle_name":"hgf","last_name":"rty","family_date_birth":"06-03-1996","age":"24","age_type":"years","family_id":"","s_date":"","marriage_date":"","premium_parent":"","contri_parent":"","premium":"5799","policyNo":"378","familyDataType":"family_construct","empId":"620148","product":"QBTv5db9151ad1c21","declare":"[]","abc":"2a+2k"} [] []
[2020-03-06 11:46:10] generateOTP.INFO: {"edit":"0","subtype_text":"3","policy_no":"379","sum_insure":"500000","familyConstruct":"1A","tenure":"1 Year","family_members_id":"0","family_gender":"Male","first_name":"bhg","middle_name":"hgf","last_name":"rty","family_date_birth":"06-03-1996","age":"24","age_type":"years","family_id":"","s_date":"","marriage_date":"","premium_parent":"","contri_parent":"","premium":"2099","policyNo":"379","familyDataType":"family_construct","product":"QBTv5db9151ad1c21","empId":"620148"} [] []
[2020-03-06 11:46:50] documentsSave.INFO: {"ops_type":"[\"Enrollment form\",\"Cheque Copy\"]","ext0":"undefined","ext1":"undefined","ids":"35,36","update_datas":"undefined","emp_id":"620148"} [] []
[2020-03-06 11:46:50] documentsSaveFiles.INFO: [{"name":"Tulips.jpg","type":"image\/jpeg","tmp_name":"\/tmp\/phpFikOy9","error":0,"size":620888},{"name":"Koala.jpg","type":"image\/jpeg","tmp_name":"\/tmp\/phpAM7otG","error":0,"size":780831}] [] []
[2020-03-06 11:46:54] generateOTP.INFO: test [] []
[2020-03-06 11:47:23] generateOTP.INFO: test [] []
[2020-03-06 11:47:23] generateOTP.INFO: test [] []
[2020-03-06 11:47:47] generateOTP.INFO: {"edit":"0","policy_no":"378","subtype_text":"1","sum_insure":"800000","familyConstruct":"1A","tenure":"1 Year","family_members_id":"0","family_gender":"Male","first_name":"gh","middle_name":"kjh","last_name":"jh","family_date_birth":"06-03-2002","age":"18","age_type":"years","family_id":"","s_date":"","marriage_date":"","premium_parent":"","contri_parent":"","premium":"5799","policyNo":"378","familyDataType":"family_construct","empId":"620149","product":"QBTv5db9151ad1c21","declare":"[]","abc":"2a+2k"} [] []
[2020-03-06 11:50:03] generateOTP.INFO: test [] []
[2020-03-06 11:50:03] generateOTP.INFO: test [] []
[2020-03-06 11:50:37] generateOTP.INFO: test [] []
[2020-03-06 11:50:37] generateOTP.INFO: test [] []
[2020-03-06 11:52:34] generateOTP.INFO: test [] []
[2020-03-06 11:52:34] generateOTP.INFO: test [] []
[2020-03-06 11:52:34] generateOTP.INFO: test [] []
[2020-03-06 11:52:38] generateOTP.INFO: test [] []
[2020-03-06 11:52:39] generateOTP.INFO: test [] []
[2020-03-06 12:06:26] generateOTP.INFO: test [] []
[2020-03-06 12:16:41] generateOTP.INFO: test [] []
[2020-03-06 12:16:41] generateOTP.INFO: test [] []
[2020-03-06 12:16:43] generateOTP.INFO: test [] []
[2020-03-06 12:16:44] generateOTP.INFO: test [] []
[2020-03-06 12:16:46] generateOTP.INFO: test [] []
[2020-03-06 12:16:47] generateOTP.INFO: test [] []
[2020-03-06 12:16:48] generateOTP.INFO: test [] []
[2020-03-06 12:16:48] generateOTP.INFO: test [] []
[2020-03-06 12:16:50] generateOTP.INFO: test [] []
[2020-03-06 12:16:51] generateOTP.INFO: test [] []
[2020-03-06 12:17:52] generateOTP.INFO: test [] []
[2020-03-06 12:17:52] generateOTP.INFO: test [] []
[2020-03-06 12:18:11] generateOTP.INFO: test [] []
[2020-03-06 12:18:11] generateOTP.INFO: test [] []
[2020-03-06 12:18:22] generateOTP.INFO: test [] []
[2020-03-06 12:18:22] generateOTP.INFO: test [] []
[2020-03-06 12:18:32] generateOTP.INFO: test [] []
[2020-03-06 12:18:32] generateOTP.INFO: test [] []
[2020-03-06 12:18:45] generateOTP.INFO: test [] []
[2020-03-06 12:20:26] generateOTP.INFO: test [] []
[2020-03-06 12:20:32] generateOTP.INFO: test [] []
[2020-03-06 12:20:33] generateOTP.INFO: test [] []
[2020-03-06 12:20:45] generateOTP.INFO: test [] []
[2020-03-06 12:20:45] generateOTP.INFO: test [] []
[2020-03-06 12:20:47] generateOTP.INFO: test [] []
[2020-03-06 12:20:53] generateOTP.INFO: test [] []
[2020-03-06 12:20:57] generateOTP.INFO: test [] []
[2020-03-06 12:20:57] generateOTP.INFO: test [] []
[2020-03-06 12:20:59] generateOTP.INFO: test [] []
[2020-03-06 12:21:03] generateOTP.INFO: test [] []
[2020-03-06 12:21:03] generateOTP.INFO: test [] []
[2020-03-06 12:21:21] generateOTP.INFO: test [] []
[2020-03-06 12:21:21] generateOTP.INFO: test [] []
[2020-03-06 12:21:31] generateOTP.INFO: test [] []
[2020-03-06 12:21:31] generateOTP.INFO: test [] []
[2020-03-06 12:21:40] generateOTP.INFO: test [] []
[2020-03-06 12:21:40] generateOTP.INFO: test [] []
[2020-03-06 12:21:45] generateOTP.INFO: test [] []
[2020-03-06 12:21:46] generateOTP.INFO: test [] []
[2020-03-06 12:21:47] generateOTP.INFO: test [] []
[2020-03-06 12:21:47] generateOTP.INFO: test [] []
[2020-03-06 12:21:57] generateOTP.INFO: test [] []
[2020-03-06 12:23:43] generateOTP.INFO: test [] []
[2020-03-06 12:23:46] generateOTP.INFO: test [] []
[2020-03-06 12:24:10] generateOTP.INFO: test [] []
[2020-03-06 12:24:12] generateOTP.INFO: test [] []
[2020-03-06 12:24:15] generateOTP.INFO: test [] []
[2020-03-06 12:24:16] generateOTP.INFO: test [] []
[2020-03-06 12:24:35] generateOTP.INFO: test [] []
[2020-03-06 12:24:35] generateOTP.INFO: test [] []
[2020-03-06 12:24:46] generateOTP.INFO: test [] []
[2020-03-06 12:25:34] generateOTP.INFO: test [] []
[2020-03-06 12:25:35] generateOTP.INFO: test [] []
[2020-03-06 12:25:54] generateOTP.INFO: test [] []
[2020-03-06 12:25:54] generateOTP.INFO: test [] []
[2020-03-06 12:26:40] generateOTP.INFO: test [] []
[2020-03-06 12:26:40] generateOTP.INFO: test [] []
[2020-03-06 12:26:50] generateOTP.INFO: test [] []
[2020-03-06 12:26:50] generateOTP.INFO: test [] []
[2020-03-06 12:27:06] generateOTP.INFO: test [] []
[2020-03-06 12:27:06] generateOTP.INFO: test [] []
[2020-03-06 12:27:17] generateOTP.INFO: test [] []
[2020-03-06 12:27:17] generateOTP.INFO: test [] []
[2020-03-06 12:29:38] generateOTP.INFO: test [] []
[2020-03-06 12:29:38] generateOTP.INFO: test [] []
[2020-03-06 12:29:42] generateOTP.INFO: test [] []
[2020-03-06 12:29:42] generateOTP.INFO: test [] []
[2020-03-06 12:30:27] generateOTP.INFO: test [] []
[2020-03-06 12:30:27] generateOTP.INFO: test [] []
[2020-03-06 12:33:17] generateOTP.INFO: test [] []
[2020-03-06 12:33:17] generateOTP.INFO: test [] []
[2020-03-06 12:35:53] generateOTP.INFO: test [] []
[2020-03-06 12:35:53] generateOTP.INFO: test [] []
[2020-03-06 12:58:11] generateOTP.INFO: test [] []
[2020-03-06 12:58:11] generateOTP.INFO: test [] []
[2020-03-06 13:04:56] generateOTP.INFO: test [] []
[2020-03-06 13:05:21] generateOTP.INFO: test [] []
[2020-03-06 13:06:14] generateOTP.INFO: test [] []
[2020-03-06 13:06:14] generateOTP.INFO: test [] []
[2020-03-06 13:08:29] generateOTP.INFO: test [] []
[2020-03-06 13:08:29] generateOTP.INFO: test [] []
[2020-03-06 13:09:21] generateOTP.INFO: test [] []
[2020-03-06 13:09:21] generateOTP.INFO: test [] []
[2020-03-06 13:41:36] generateOTP.INFO: test [] []
[2020-03-06 13:41:36] generateOTP.INFO: test [] []
[2020-03-06 13:41:36] generateOTP.INFO: test [] []
[2020-03-06 13:41:36] generateOTP.INFO: test [] []
[2020-03-06 13:41:36] generateOTP.INFO: test [] []
[2020-03-06 13:41:36] generateOTP.INFO: test [] []
[2020-03-06 13:41:42] generateOTP.INFO: test [] []
[2020-03-06 13:41:42] generateOTP.INFO: test [] []
[2020-03-06 13:42:00] generateOTP.INFO: test [] []
[2020-03-06 13:42:01] generateOTP.INFO: test [] []
[2020-03-06 13:55:04] generateOTP.INFO: test [] []
[2020-03-06 13:55:04] generateOTP.INFO: test [] []
[2020-03-06 14:14:17] generateOTP.INFO: test [] []
[2020-03-06 14:14:18] generateOTP.INFO: test [] []
[2020-03-06 14:14:40] generateOTP.INFO: test [] []
[2020-03-06 14:14:41] generateOTP.INFO: test [] []
[2020-03-06 14:16:10] generateOTP.INFO: {"edit":"0","policy_no":"378","subtype_text":"1","sum_insure":"800000","familyConstruct":"1A","tenure":"1 Year","family_members_id":"0","family_gender":"Male","first_name":"ruchita","middle_name":"mihir","last_name":"karkare","family_date_birth":"07-03-1985","age":"34","age_type":"years","family_id":"","s_date":"","marriage_date":"","premium_parent":"","contri_parent":"","premium":"5799","policyNo":"378","familyDataType":"family_construct","empId":"620153","product":"QBTv5db9151ad1c21","declare":"[]","abc":"2a+2k"} [] []
[2020-03-06 14:27:57] generateOTP.INFO: test [] []
[2020-03-06 14:28:00] generateOTP.INFO: test [] []
[2020-03-06 14:28:51] generateOTP.INFO: test [] []
[2020-03-06 14:29:04] generateOTP.INFO: test [] []
[2020-03-06 14:33:43] generateOTP.INFO: {"edit":"0","subtype_text":"3","policy_no":"379","sum_insure":"500000","familyConstruct":"1A","tenure":"1 Year","family_members_id":"0","family_gender":"Male","first_name":"ruchita","middle_name":"mihir","last_name":"karkare","family_date_birth":"07-03-1985","age":"34","age_type":"years","family_id":"","s_date":"","marriage_date":"","premium_parent":"","contri_parent":"","premium":"2099","policyNo":"379","familyDataType":"family_construct","product":"QBTv5db9151ad1c21","empId":"620153"} [] []
[2020-03-06 14:35:07] generateOTP.INFO: {"edit":"0","subtype_text":"3","policy_no":"379","sum_insure":"500000","familyConstruct":"1A","tenure":"1 Year","family_members_id":"0","family_gender":"Male","first_name":"ruchita","middle_name":"mihir","last_name":"karkare","family_date_birth":"07-03-1985","age":"34","age_type":"years","family_id":"","s_date":"","marriage_date":"","premium_parent":"","contri_parent":"","premium":"2099","policyNo":"379","familyDataType":"family_construct","product":"QBTv5db9151ad1c21","empId":"620153"} [] []
[2020-03-06 14:35:31] generateOTP.INFO: {"edit":"0","subtype_text":"3","policy_no":"379","sum_insure":"500000","familyConstruct":"1A","tenure":"1 Year","family_members_id":"0","family_gender":"Male","first_name":"ruchita","middle_name":"mihir","last_name":"karkare","family_date_birth":"07-03-1985","age":"34","age_type":"years","family_id":"","s_date":"","marriage_date":"","premium_parent":"","contri_parent":"","premium":"2099","policyNo":"379","familyDataType":"family_construct","product":"QBTv5db9151ad1c21","empId":"620153"} [] []
[2020-03-06 14:36:31] generateOTP.INFO: test [] []
[2020-03-06 14:36:31] generateOTP.INFO: test [] []
[2020-03-06 14:37:37] generateOTP.INFO: test [] []
[2020-03-06 14:37:37] generateOTP.INFO: test [] []
[2020-03-06 14:38:15] generateOTP.INFO: test [] []
[2020-03-06 14:38:15] generateOTP.INFO: test [] []
[2020-03-06 14:39:13] generateOTP.INFO: {"edit":"0","policy_no":"378","subtype_text":"1","sum_insure":"800000","familyConstruct":"2A","tenure":"1 Year","family_members_id":"0","family_gender":"Male","first_name":"Mihir","middle_name":"vinod","last_name":"karkare","family_date_birth":"07-03-1991","age":"28","age_type":"years","family_id":"","s_date":"","marriage_date":"","premium_parent":"","contri_parent":"","premium":"6699","policyNo":"378","familyDataType":"family_construct","empId":"620155","product":"QBTv5db9151ad1c21","declare":"[]","abc":"2a+2k"} [] []
[2020-03-06 14:39:40] generateOTP.INFO: {"edit":"0","policy_no":"378","subtype_text":"1","sum_insure":"800000","familyConstruct":"2A","tenure":"1 Year","family_members_id":"1","family_gender":"Female","first_name":"mihira","middle_name":"mihir","last_name":"karkare","family_date_birth":"28-03-1985","age":"34","age_type":"years","family_id":"","s_date":"","marriage_date":"","premium_parent":"","contri_parent":"","premium":"6699","policyNo":"378","familyDataType":"family_construct","empId":"620155","product":"QBTv5db9151ad1c21","declare":"[]","abc":"2a+2k"} [] []
[2020-03-06 14:40:20] generateOTP.INFO: {"edit":"0","subtype_text":"3","policy_no":"379","sum_insure":"500000","familyConstruct":"1A","tenure":"1 Year","family_members_id":"0","family_gender":"Male","first_name":"Mihir","middle_name":"vinod","last_name":"karkare","family_date_birth":"07-03-1991","age":"28","age_type":"years","family_id":"","s_date":"","marriage_date":"","premium_parent":"","contri_parent":"","premium":"2099","policyNo":"379","familyDataType":"family_construct","product":"QBTv5db9151ad1c21","empId":"620155"} [] []
[2020-03-06 14:41:54] generateOTP.INFO: test [] []
[2020-03-06 14:42:04] generateOTP.INFO: test [] []
[2020-03-06 14:42:05] generateOTP.INFO: test [] []
[2020-03-06 14:44:36] generateOTP.INFO: test [] []
[2020-03-06 14:44:37] generateOTP.INFO: test [] []
[2020-03-06 14:45:52] generateOTP.INFO: test [] []
[2020-03-06 14:45:53] generateOTP.INFO: test [] []
[2020-03-06 14:55:01] documentsSave.INFO: {"ops_type":"[\"Enrollment form\",\"Cheque Copy\"]","ext0":"undefined","ext1":"undefined","ids":"1,2","update_datas":"undefined","emp_id":"620155"} [] []
[2020-03-06 14:55:01] documentsSaveFiles.INFO: [{"name":"Desert.jpg","type":"image\/jpeg","tmp_name":"\/tmp\/phpX4W4qo","error":0,"size":845941},{"name":"Koala.jpg","type":"image\/jpeg","tmp_name":"\/tmp\/phpqzvGub","error":0,"size":780831}] [] []
[2020-03-06 14:57:47] generateOTP.INFO: test [] []
[2020-03-06 14:57:47] generateOTP.INFO: test [] []
[2020-03-06 15:03:55] generateOTP.INFO: test [] []
[2020-03-06 15:03:55] generateOTP.INFO: test [] []
[2020-03-06 15:04:15] generateOTP.INFO: test [] []
[2020-03-06 15:04:15] generateOTP.INFO: test [] []
[2020-03-06 15:05:22] generateOTP.INFO: {"edit":"0","policy_no":"378","subtype_text":"1","sum_insure":"800000","familyConstruct":"1A","tenure":"1 Year","family_members_id":"0","family_gender":"Male","first_name":"smit","middle_name":"ramchandra","last_name":"deshmukh","family_date_birth":"15-03-1984","age":"35","age_type":"years","family_id":"","s_date":"","marriage_date":"","premium_parent":"","contri_parent":"","premium":"5799","policyNo":"378","familyDataType":"family_construct","empId":"620156","product":"QBTv5db9151ad1c21","declare":"[]","abc":"2a+2k"} [] []
[2020-03-06 15:05:32] generateOTP.INFO: {"edit":"0","subtype_text":"3","policy_no":"379","sum_insure":"500000","familyConstruct":"1A","tenure":"1 Year","family_members_id":"0","family_gender":"Male","first_name":"smit","middle_name":"ramchandra","last_name":"deshmukh","family_date_birth":"15-03-1984","age":"35","age_type":"years","family_id":"","s_date":"","marriage_date":"","premium_parent":"","contri_parent":"","premium":"2099","policyNo":"379","familyDataType":"family_construct","product":"QBTv5db9151ad1c21","empId":"620156"} [] []
[2020-03-06 15:10:25] documentsSave.INFO: {"ops_type":"[\"Enrollment form\",\"Cheque Copy\"]","ext0":"undefined","ext1":"undefined","ids":"9,12","update_datas":"undefined","emp_id":"620156"} [] []
[2020-03-06 15:10:25] documentsSaveFiles.INFO: [{"name":"Lighthouse.jpg","type":"image\/jpeg","tmp_name":"\/tmp\/phpChmHDN","error":0,"size":561276},{"name":"Chrysanthemum.jpg","type":"image\/jpeg","tmp_name":"\/tmp\/phpebyHCY","error":0,"size":879394}] [] []
[2020-03-06 15:11:55] generateOTP.INFO: test [] []
[2020-03-06 15:12:09] generateOTP.INFO: test [] []
[2020-03-06 15:12:31] generateOTP.INFO: test [] []
[2020-03-06 15:13:04] generateOTP.INFO: test [] []
[2020-03-06 15:13:04] generateOTP.INFO: test [] []
[2020-03-06 15:13:10] generateOTP.INFO: test [] []
[2020-03-06 15:13:10] generateOTP.INFO: test [] []
[2020-03-06 15:13:14] generateOTP.INFO: test [] []
[2020-03-06 15:17:20] generateOTP.INFO: test [] []
[2020-03-06 15:17:20] generateOTP.INFO: test [] []
[2020-03-06 15:18:22] generateOTP.INFO: test [] []
[2020-03-06 15:18:22] generateOTP.INFO: test [] []
[2020-03-06 15:18:56] generateOTP.INFO: {"edit":"0","policy_no":"378","subtype_text":"1","sum_insure":"800000","familyConstruct":"1A","tenure":"1 Year","family_members_id":"0","family_gender":"Male","first_name":"gfdh","middle_name":"dhg","last_name":"sh","family_date_birth":"22-03-1973","age":"46","age_type":"years","family_id":"","s_date":"","marriage_date":"","premium_parent":"","contri_parent":"","premium":"5799","policyNo":"378","familyDataType":"family_construct","empId":"620157","product":"QBTv5db9151ad1c21","declare":"[]","abc":"2a+2k"} [] []
[2020-03-06 15:19:01] generateOTP.INFO: {"edit":"0","subtype_text":"3","policy_no":"379","sum_insure":"500000","familyConstruct":"1A","tenure":"1 Year","family_members_id":"0","family_gender":"Male","first_name":"gfdh","middle_name":"dhg","last_name":"sh","family_date_birth":"22-03-1973","age":"46","age_type":"years","family_id":"","s_date":"","marriage_date":"","premium_parent":"","contri_parent":"","premium":"2099","policyNo":"379","familyDataType":"family_construct","product":"QBTv5db9151ad1c21","empId":"620157"} [] []
[2020-03-06 15:19:40] documentsSave.INFO: {"ops_type":"[\"Enrollment form\",\"Cheque Copy\",\"Birth_Certificate\"]","ext0":"undefined","ext1":"undefined","ext2":"undefined","ids":"9,12","update_datas":"undefined","emp_id":"620157"} [] []
[2020-03-06 15:19:40] documentsSaveFiles.INFO: [{"name":"Lighthouse.jpg","type":"image\/jpeg","tmp_name":"\/tmp\/phpLO4SH2","error":0,"size":561276},{"name":"Tulips.jpg","type":"image\/jpeg","tmp_name":"\/tmp\/phpq5p6Ls","error":0,"size":620888},{"name":"Koala.jpg","type":"image\/jpeg","tmp_name":"\/tmp\/phplwJJsY","error":0,"size":780831}] [] []
[2020-03-06 15:21:59] generateOTP.INFO: test [] []
[2020-03-06 15:21:59] generateOTP.INFO: test [] []
[2020-03-06 15:22:33] generateOTP.INFO: {"edit":"0","policy_no":"378","subtype_text":"1","sum_insure":"800000","familyConstruct":"1A","tenure":"1 Year","family_members_id":"0","family_gender":"Male","first_name":"dsf","middle_name":"sff","last_name":"fsdf","family_date_birth":"04-03-1987","age":"33","age_type":"years","family_id":"","s_date":"","marriage_date":"","premium_parent":"","contri_parent":"","premium":"5799","policyNo":"378","familyDataType":"family_construct","empId":"620158","product":"QBTv5db9151ad1c21","declare":"[]","abc":"2a+2k"} [] []
[2020-03-06 15:22:38] generateOTP.INFO: {"edit":"0","subtype_text":"3","policy_no":"379","sum_insure":"500000","familyConstruct":"1A","tenure":"1 Year","family_members_id":"0","family_gender":"Male","first_name":"dsf","middle_name":"sff","last_name":"fsdf","family_date_birth":"04-03-1987","age":"33","age_type":"years","family_id":"","s_date":"","marriage_date":"","premium_parent":"","contri_parent":"","premium":"2099","policyNo":"379","familyDataType":"family_construct","product":"QBTv5db9151ad1c21","empId":"620158"} [] []
[2020-03-06 15:23:11] documentsSave.INFO: {"ops_type":"[\"Enrollment form\",\"Cheque Copy\",\"Birth_Certificate\"]","ext0":"undefined","ext1":"undefined","ext2":"undefined","ids":"27,30","update_datas":"undefined","emp_id":"620158"} [] []
[2020-03-06 15:23:11] documentsSaveFiles.INFO: [{"name":"Lighthouse.jpg","type":"image\/jpeg","tmp_name":"\/tmp\/phpg1OpXA","error":0,"size":561276},{"name":"Tulips.jpg","type":"image\/jpeg","tmp_name":"\/tmp\/php9x3fjz","error":0,"size":620888},{"name":"Chrysanthemum.jpg","type":"image\/jpeg","tmp_name":"\/tmp\/phpGmZpQy","error":0,"size":879394}] [] []
[2020-03-06 15:23:58] generateOTP.INFO: test [] []
[2020-03-06 15:24:02] generateOTP.INFO: test [] []
[2020-03-06 15:24:58] generateOTP.INFO: test [] []
[2020-03-06 15:24:58] generateOTP.INFO: test [] []
[2020-03-06 15:25:18] generateOTP.INFO: {"edit":"0","policy_no":"378","subtype_text":"1","sum_insure":"800000","familyConstruct":"1A","tenure":"1 Year","family_members_id":"0","family_gender":"Male","first_name":"gdfg","middle_name":"gdf","last_name":"gdg","family_date_birth":"07-03-1984","age":"35","age_type":"years","family_id":"","s_date":"","marriage_date":"","premium_parent":"","contri_parent":"","premium":"5799","policyNo":"378","familyDataType":"family_construct","empId":"620159","product":"QBTv5db9151ad1c21","declare":"[]","abc":"2a+2k"} [] []
[2020-03-06 15:25:23] generateOTP.INFO: {"edit":"0","subtype_text":"3","policy_no":"379","sum_insure":"500000","familyConstruct":"1A","tenure":"1 Year","family_members_id":"0","family_gender":"Male","first_name":"gdfg","middle_name":"gdf","last_name":"gdg","family_date_birth":"07-03-1984","age":"35","age_type":"years","family_id":"","s_date":"","marriage_date":"","premium_parent":"","contri_parent":"","premium":"2099","policyNo":"379","familyDataType":"family_construct","product":"QBTv5db9151ad1c21","empId":"620159"} [] []
[2020-03-06 15:25:52] documentsSave.INFO: {"ops_type":"[\"Enrollment form\",\"Cheque Copy\"]","ext0":"undefined","ext1":"undefined","ids":"5,6","update_datas":"undefined","emp_id":"620159"} [] []
[2020-03-06 15:25:52] documentsSaveFiles.INFO: [{"name":"Lighthouse.jpg","type":"image\/jpeg","tmp_name":"\/tmp\/php0vY5yk","error":0,"size":561276},{"name":"Tulips.jpg","type":"image\/jpeg","tmp_name":"\/tmp\/phpVplhx2","error":0,"size":620888}] [] []
[2020-03-06 15:26:59] generateOTP.INFO: test [] []
[2020-03-06 15:27:07] generateOTP.INFO: test [] []
[2020-03-06 16:00:36] generateOTP.INFO: test [] []
[2020-03-06 16:00:36] generateOTP.INFO: test [] []
[2020-03-06 16:00:42] generateOTP.INFO: test [] []
[2020-03-06 16:00:42] generateOTP.INFO: test [] []
[2020-03-06 16:00:46] generateOTP.INFO: test [] []
[2020-03-06 16:00:46] generateOTP.INFO: test [] []
[2020-03-06 16:00:48] generateOTP.INFO: test [] []
[2020-03-06 16:01:25] generateOTP.INFO: test [] []
[2020-03-06 16:02:54] generateOTP.INFO: test [] []
[2020-03-06 16:02:54] generateOTP.INFO: test [] []
[2020-03-06 16:03:23] generateOTP.INFO: {"edit":"0","policy_no":"378","subtype_text":"1","sum_insure":"800000","familyConstruct":"1A","tenure":"1 Year","family_members_id":"0","family_gender":"Female","first_name":"gfd","middle_name":"hg","last_name":"fgh","family_date_birth":"05-03-2002","age":"18","age_type":"years","family_id":"","s_date":"","marriage_date":"","premium_parent":"","contri_parent":"","premium":"5799","policyNo":"378","familyDataType":"family_construct","empId":"620160","product":"QBTv5db9151ad1c21","declare":"[]","abc":"2a+2k"} [] []
[2020-03-06 16:03:28] generateOTP.INFO: {"edit":"0","subtype_text":"3","policy_no":"379","sum_insure":"500000","familyConstruct":"1A","tenure":"1 Year","family_members_id":"0","family_gender":"Female","first_name":"gfd","middle_name":"hg","last_name":"fgh","family_date_birth":"05-03-2002","age":"18","age_type":"years","family_id":"","s_date":"","marriage_date":"","premium_parent":"","contri_parent":"","premium":"2099","policyNo":"379","familyDataType":"family_construct","product":"QBTv5db9151ad1c21","empId":"620160"} [] []
[2020-03-06 16:04:00] documentsSave.INFO: {"ops_type":"[\"Enrollment form\",\"Cheque Copy\"]","ext0":"undefined","ext1":"undefined","ids":"1,2","update_datas":"undefined","emp_id":"620160"} [] []
[2020-03-06 16:04:00] documentsSaveFiles.INFO: [{"name":"Penguins.jpg","type":"image\/jpeg","tmp_name":"\/tmp\/phpMsHnUi","error":0,"size":777835},{"name":"Tulips.jpg","type":"image\/jpeg","tmp_name":"\/tmp\/phpr1VFp0","error":0,"size":620888}] [] []
[2020-03-06 16:04:03] generateOTP.INFO: test [] []
[2020-03-06 16:04:16] generateOTP.INFO: test [] []
[2020-03-06 16:17:00] generateOTP.INFO: test [] []
[2020-03-06 16:17:03] generateOTP.INFO: test [] []
[2020-03-06 16:20:18] generateOTP.INFO: test [] []
[2020-03-06 16:21:26] generateOTP.INFO: test [] []
[2020-03-06 16:21:57] generateOTP.INFO: test [] []
[2020-03-06 16:22:30] generateOTP.INFO: test [] []
[2020-03-06 16:22:32] generateOTP.INFO: test [] []
[2020-03-06 16:23:05] generateOTP.INFO: test [] []
[2020-03-06 16:23:29] generateOTP.INFO: test [] []
[2020-03-06 16:24:06] generateOTP.INFO: test [] []
[2020-03-06 16:24:55] generateOTP.INFO: test [] []
[2020-03-06 16:29:38] generateOTP.INFO: test [] []
[2020-03-06 16:34:08] generateOTP.INFO: test [] []
[2020-03-06 16:34:11] generateOTP.INFO: test [] []
[2020-03-06 17:29:53] generateOTP.INFO: test [] []
[2020-03-06 17:29:53] generateOTP.INFO: test [] []
[2020-03-06 17:29:57] generateOTP.INFO: test [] []
[2020-03-06 17:29:58] generateOTP.INFO: test [] []
[2020-03-06 17:46:41] generateOTP.INFO: test [] []
