[2020-07-06 10:50:00] generateOTP.INFO: test [] []
[2020-07-06 10:50:08] generateOTP.INFO: test [] []
[2020-07-06 10:50:10] generateOTP.INFO: test [] []
[2020-07-06 11:06:39] generateOTP.INFO: test [] []
[2020-07-06 11:08:50] generateOTP.INFO: test [] []
[2020-07-06 11:08:52] generateOTP.INFO: test [] []
[2020-07-06 11:09:06] generateOTP.INFO: test [] []
[2020-07-06 11:09:20] generateOTP.INFO: test [] []
[2020-07-06 11:09:21] generateOTP.INFO: test [] []
[2020-07-06 11:09:30] generateOTP.INFO: test [] []
[2020-07-06 11:09:31] generateOTP.INFO: test [] []
[2020-07-06 11:09:39] generateOTP.INFO: test [] []
[2020-07-06 11:09:44] generateOTP.INFO: test [] []
[2020-07-06 11:21:01] generateOTP.INFO: test [] []
[2020-07-06 11:21:07] generateOTP.INFO: test [] []
[2020-07-06 11:21:09] generateOTP.INFO: test [] []
[2020-07-06 11:22:52] generateOTP.INFO: test [] []
[2020-07-06 11:23:13] generateOTP.INFO: test [] []
[2020-07-06 11:23:14] generateOTP.INFO: test [] []
[2020-07-06 11:23:25] generateOTP.INFO: test [] []
[2020-07-06 11:25:36] generateOTP.INFO: test [] []
[2020-07-06 11:26:10] generateOTP.INFO: test [] []
[2020-07-06 11:26:11] generateOTP.INFO: test [] []
[2020-07-06 11:34:36] generateOTP.INFO: test [] []
[2020-07-06 11:34:40] generateOTP.INFO: test [] []
[2020-07-06 12:14:22] generateOTP.INFO: test [] []
[2020-07-06 12:14:31] generateOTP.INFO: test [] []
[2020-07-06 12:14:45] generateOTP.INFO: test [] []
[2020-07-06 12:14:47] generateOTP.INFO: test [] []
[2020-07-06 13:46:30] generateOTP.INFO: test [] []
[2020-07-06 13:47:05] generateOTP.INFO: test [] []
[2020-07-06 13:47:05] generateOTP.INFO: test [] []
[2020-07-06 13:47:16] generateOTP.INFO: {"salutation":"1","firstname":"test","lastname":"BANKING","dob":"19-12-1988","mob_no":"7010444138","panCard":"DDDDD6456A","email":"jack@gmail.com","ref1":"1","ref2":"1","comAdd":"Om hrad ntalatiof, holOmshre, talathioficeeachol, OmshreeSada9talathi","city":"MUMBAI","state":"MAHARASHTRA","pin_code":"622103","ISNRI":"N","update_emp_id":"620651","edit":"0","policy_no":"454,455,456","subtype_text":"1","sum_insure":"500000","familyConstruct":"1A","tenure":"1 Year","family_members_id":"0","family_gender":"Male","first_name":"test","last_name":"BANKING","family_date_birth":"19-12-1988","age":"31","age_type":" years","family_id":"","s_date":"","marriage_date":"","premium":"8000","policyNo":"454,455,456","familyDataType":"undefined","empId":"620651","product":"RMxC5efb5c5a320e7","declare":"[]","gender":"Male"} [] []
[2020-07-06 13:47:36] generateOTP.INFO: {"salutation":"1","firstname":"test","lastname":"BANKING","dob":"19-12-1988","mob_no":"7010444138","panCard":"DDDDD6456A","email":"jack@gmail.com","ref1":"1","ref2":"1","comAdd":"Om hrad ntalatiof, holOmshre, talathioficeeachol, OmshreeSada9talathi","city":"MUMBAI","state":"MAHARASHTRA","pin_code":"622103","ISNRI":"N","update_emp_id":"620651","edit":"0","policy_no":"454,455,456","subtype_text":"1","sum_insure":"500000","familyConstruct":"2A+2K","tenure":"1 Year","family_members_id":"0","family_gender":"Male","first_name":"test","last_name":"BANKING","family_date_birth":"19-12-1988","age":"31","age_type":" years","family_id":"","s_date":"","marriage_date":"","premium":"17000","policyNo":"454,455,456","familyDataType":"undefined","empId":"620651","product":"RMxC5efb5c5a320e7","declare":"[]","gender":"Male"} [] []
[2020-07-06 13:47:45] generateOTP.INFO: {"salutation":"1","firstname":"test","lastname":"BANKING","dob":"19-12-1988","mob_no":"7010444138","panCard":"DDDDD6456A","email":"jack@gmail.com","ref1":"1","ref2":"1","comAdd":"Om hrad ntalatiof, holOmshre, talathioficeeachol, OmshreeSada9talathi","city":"MUMBAI","state":"MAHARASHTRA","pin_code":"622103","ISNRI":"N","update_emp_id":"620651","edit":"0","policy_no":"454,455,456","subtype_text":"1","sum_insure":"500000","familyConstruct":"2A+2K","tenure":"1 Year","family_members_id":"1","family_gender":"Female","first_name":" b","last_name":"vv","family_date_birth":"19-07-1985","age":"34","age_type":" years","family_id":"","s_date":"","marriage_date":"","premium":"17000","policyNo":"454,455,456","familyDataType":"undefined","empId":"620651","product":"RMxC5efb5c5a320e7","declare":"[]","gender":"Male"} [] []
[2020-07-06 13:47:55] generateOTP.INFO: {"salutation":"1","firstname":"test","lastname":"BANKING","dob":"19-12-1988","mob_no":"7010444138","panCard":"DDDDD6456A","email":"jack@gmail.com","ref1":"1","ref2":"1","comAdd":"Om hrad ntalatiof, holOmshre, talathioficeeachol, OmshreeSada9talathi","city":"MUMBAI","state":"MAHARASHTRA","pin_code":"622103","ISNRI":"N","update_emp_id":"620651","edit":"0","policy_no":"454,455,456","subtype_text":"1","sum_insure":"500000","familyConstruct":"2A+2K","tenure":"1 Year","family_members_id":"2","family_gender":"Male","first_name":"cv","last_name":"vb","family_date_birth":"23-07-2010","age":"9","age_type":" years","family_id":"","s_date":"","marriage_date":"","premium":"17000","policyNo":"454,455,456","familyDataType":"undefined","empId":"620651","product":"RMxC5efb5c5a320e7","declare":"[]","gender":"Male"} [] []
[2020-07-06 13:48:09] generateOTP.INFO: {"salutation":"1","firstname":"test","lastname":"BANKING","dob":"19-12-1988","mob_no":"7010444138","panCard":"DDDDD6456A","email":"jack@gmail.com","ref1":"1","ref2":"1","comAdd":"Om hrad ntalatiof, holOmshre, talathioficeeachol, OmshreeSada9talathi","city":"MUMBAI","state":"MAHARASHTRA","pin_code":"622103","ISNRI":"N","update_emp_id":"620651","edit":"0","policy_no":"454,455,456","subtype_text":"1","sum_insure":"500000","familyConstruct":"2A+2K","tenure":"1 Year","family_members_id":"3","family_gender":"Female","first_name":" c","last_name":" v","family_date_birth":"21-07-2016","age":"3","age_type":" years","family_id":"","s_date":"","marriage_date":"","premium":"17000","policyNo":"454,455,456","familyDataType":"undefined","empId":"620651","product":"RMxC5efb5c5a320e7","declare":"[]","gender":"Male"} [] []
[2020-07-06 13:48:34] documentsSave.INFO: {"ops_type":"[]","ids":"213,214,215"} [] []
[2020-07-06 13:48:34] documentsSaveFiles.INFO: [] [] []
[2020-07-06 14:01:52] generateOTP.INFO: test [] []
[2020-07-06 14:01:53] generateOTP.INFO: test [] []
[2020-07-06 14:02:19] generateOTP.INFO: {"salutation":"1","firstname":"test","lastname":"BANKING","dob":"19-12-1988","mob_no":"7010444138","panCard":"DDDDD6456A","email":"jack@gmail.com","ref1":"1","ref2":"1","comAdd":"Om hrad ntalatiof, holOmshre, talathioficeeachol, OmshreeSada9talathi","city":"MUMBAI","state":"MAHARASHTRA","pin_code":"622103","ISNRI":"N","update_emp_id":"620652","edit":"0","policy_no":"454,455,456","subtype_text":"1","sum_insure":"500000","familyConstruct":"1A","tenure":"1 Year","family_members_id":"0","family_gender":"Male","first_name":"test","last_name":"BANKING","family_date_birth":"19-12-1988","age":"31","age_type":" years","family_id":"","s_date":"","marriage_date":"","premium":"8000","policyNo":"454,455,456","familyDataType":"undefined","empId":"620652","product":"RMxC5efb5c5a320e7","declare":"[]","gender":"Male"} [] []
[2020-07-06 14:03:24] documentsSave.INFO: {"ops_type":"[\"0\",\"Y\"]","ids":"216,217,218"} [] []
[2020-07-06 14:03:24] documentsSaveFiles.INFO: [{"name":"F7.jpg","type":"image\/jpeg","tmp_name":"\/tmp\/phpkV6k7T","error":0,"size":173932},{"name":"F3.jpg","type":"image\/jpeg","tmp_name":"\/tmp\/phpVNm1pB","error":0,"size":410920}] [] []
[2020-07-06 14:03:30] generateOTP.INFO: test [] []
[2020-07-06 14:05:06] generateOTP.INFO: test [] []
[2020-07-06 14:05:06] generateOTP.INFO: test [] []
[2020-07-06 14:07:05] generateOTP.INFO: test [] []
[2020-07-06 14:07:05] generateOTP.INFO: test [] []
[2020-07-06 14:07:27] generateOTP.INFO: test [] []
[2020-07-06 14:07:39] generateOTP.INFO: test [] []
[2020-07-06 14:07:42] generateOTP.INFO: test [] []
[2020-07-06 14:08:01] generateOTP.INFO: test [] []
[2020-07-06 14:08:01] generateOTP.INFO: test [] []
[2020-07-06 14:08:07] generateOTP.INFO: test [] []
[2020-07-06 14:08:12] generateOTP.INFO: test [] []
[2020-07-06 14:08:19] generateOTP.INFO: test [] []
[2020-07-06 14:09:05] generateOTP.INFO: test [] []
[2020-07-06 14:09:41] generateOTP.INFO: test [] []
[2020-07-06 14:09:57] generateOTP.INFO: test [] []
[2020-07-06 14:09:59] generateOTP.INFO: test [] []
[2020-07-06 14:10:00] generateOTP.INFO: test [] []
[2020-07-06 14:10:38] generateOTP.INFO: test [] []
[2020-07-06 14:10:51] generateOTP.INFO: test [] []
[2020-07-06 14:10:52] generateOTP.INFO: test [] []
[2020-07-06 14:11:05] generateOTP.INFO: test [] []
[2020-07-06 14:15:21] generateOTP.INFO: test [] []
[2020-07-06 14:15:21] generateOTP.INFO: test [] []
[2020-07-06 14:17:38] generateOTP.INFO: test [] []
[2020-07-06 14:17:38] generateOTP.INFO: test [] []
[2020-07-06 14:18:01] generateOTP.INFO: test [] []
[2020-07-06 14:18:01] generateOTP.INFO: test [] []
[2020-07-06 14:18:48] generateOTP.INFO: test [] []
[2020-07-06 14:18:48] generateOTP.INFO: test [] []
[2020-07-06 14:19:07] generateOTP.INFO: {"salutation":"1","firstname":"test","lastname":"BANKING","dob":"19-12-1988","mob_no":"7010444138","panCard":"DDDDD6456A","email":"jack@gmail.com","ref1":"1","ref2":"1","comAdd":"Om hrad ntalatiof, holOmshre, talathioficeeachol, OmshreeSada9talathi","city":"MUMBAI","state":"MAHARASHTRA","pin_code":"622103","ISNRI":"N","update_emp_id":"620658","edit":"0","policy_no":"454,455,456","subtype_text":"1","sum_insure":"1000000","familyConstruct":"1A+1K","tenure":"1 Year","family_members_id":"0","family_gender":"Male","first_name":"test","last_name":"BANKING","family_date_birth":"19-12-1988","age":"31","age_type":" years","family_id":"","s_date":"","marriage_date":"","premium":"14500","policyNo":"454,455,456","familyDataType":"undefined","empId":"620658","product":"RMxC5efb5c5a320e7","declare":"[]","gender":"Male"} [] []
[2020-07-06 14:22:08] generateOTP.INFO: {"salutation":"1","firstname":"test","lastname":"BANKING","dob":"19-12-1988","mob_no":"7010444138","panCard":"DDDDD6456A","email":"jack@gmail.com","ref1":"1","ref2":"1","comAdd":"Om hrad ntalatiof, holOmshre, talathioficeeachol, OmshreeSada9talathi","city":"MUMBAI","state":"MAHARASHTRA","pin_code":"622103","ISNRI":"N","update_emp_id":"620658","edit":"0","policy_no":"454,455,456","subtype_text":"1","sum_insure":"500000","familyConstruct":"1A+1K","tenure":"1 Year","family_members_id":"0","family_gender":"Male","first_name":"test","last_name":"BANKING","family_date_birth":"19-12-1988","age":"31","age_type":" years","family_id":"","s_date":"","marriage_date":"","premium":"11500","policyNo":"454,455,456","familyDataType":"undefined","empId":"620658","product":"RMxC5efb5c5a320e7","declare":"[]","gender":"Male"} [] []
[2020-07-06 14:22:10] generateOTP.INFO: test [] []
[2020-07-06 14:22:10] generateOTP.INFO: test [] []
[2020-07-06 14:22:29] generateOTP.INFO: {"salutation":"1","firstname":"test","lastname":"BANKING","dob":"19-12-1988","mob_no":"7010444138","panCard":"DDDDD6456A","email":"jack@gmail.com","ref1":"1","ref2":"1","comAdd":"Om hrad ntalatiof, holOmshre, talathioficeeachol, OmshreeSada9talathi","city":"MUMBAI","state":"MAHARASHTRA","pin_code":"622103","ISNRI":"N","update_emp_id":"620658","edit":"0","policy_no":"454,455,456","subtype_text":"1","sum_insure":"500000","familyConstruct":"1A","tenure":"1 Year","family_members_id":"0","family_gender":"Male","first_name":"test","last_name":"BANKING","family_date_birth":"19-12-1988","age":"31","age_type":" years","family_id":"","s_date":"","marriage_date":"","premium":"8000","policyNo":"454,455,456","familyDataType":"undefined","empId":"620658","product":"RMxC5efb5c5a320e7","declare":"[]","gender":"Male"} [] []
[2020-07-06 14:22:46] generateOTP.INFO: {"salutation":"1","firstname":"test","lastname":"BANKING","dob":"19-12-1988","mob_no":"7010444138","panCard":"DDDDD6456A","email":"jack@gmail.com","ref1":"1","ref2":"1","comAdd":"Om hrad ntalatiof, holOmshre, talathioficeeachol, OmshreeSada9talathi","city":"MUMBAI","state":"MAHARASHTRA","pin_code":"622103","ISNRI":"N","update_emp_id":"620658","edit":"0","policy_no":"454,455,456","subtype_text":"1","sum_insure":"500000","familyConstruct":"1A+1K","tenure":"1 Year","family_members_id":"0","family_gender":"Male","first_name":"test","last_name":"BANKING","family_date_birth":"19-12-1988","age":"31","age_type":" years","family_id":"","s_date":"","marriage_date":"","premium":"11500","policyNo":"454,455,456","familyDataType":"undefined","empId":"620658","product":"RMxC5efb5c5a320e7","declare":"[]","gender":"Male"} [] []
[2020-07-06 14:23:00] generateOTP.INFO: test [] []
[2020-07-06 14:23:00] generateOTP.INFO: test [] []
[2020-07-06 14:24:47] generateOTP.INFO: test [] []
[2020-07-06 14:24:49] generateOTP.INFO: test [] []
[2020-07-06 14:25:30] generateOTP.INFO: {"salutation":"1","firstname":"test","lastname":"BANKING","dob":"19-12-1988","mob_no":"7010444138","panCard":"DDDDD6456A","email":"jack@gmail.com","ref1":"1","ref2":"1","comAdd":"Om hrad ntalatiof, holOmshre, talathioficeeachol, OmshreeSada9talathi","city":"MUMBAI","state":"MAHARASHTRA","pin_code":"622103","ISNRI":"N","update_emp_id":"620658","edit":"0","policy_no":"454,455,456","subtype_text":"1","sum_insure":"2500000","familyConstruct":"1A+2K","tenure":"1 Year","family_members_id":"0","family_gender":"Male","first_name":"test","last_name":"BANKING","family_date_birth":"19-12-1988","age":"31","age_type":" years","family_id":"","s_date":"","marriage_date":"","premium":"29000","policyNo":"454,455,456","familyDataType":"undefined","empId":"620658","product":"RMxC5efb5c5a320e7","declare":"[]","gender":"Male"} [] []
[2020-07-06 14:26:36] generateOTP.INFO: test [] []
[2020-07-06 14:26:36] generateOTP.INFO: test [] []
[2020-07-06 14:27:01] generateOTP.INFO: test [] []
[2020-07-06 14:27:01] generateOTP.INFO: test [] []
[2020-07-06 14:28:23] generateOTP.INFO: {"salutation":"1","firstname":"test","lastname":"BANKING","dob":"19-12-1988","mob_no":"7010444138","panCard":"DDDDD6456A","email":"jack@gmail.com","ref1":"1","ref2":"1","comAdd":"Om hrad ntalatiof, holOmshre, talathioficeeachol, OmshreeSada9talathi","city":"Illuppur","state":"TAMIL NADU","pin_code":"622103","ISNRI":"N","update_emp_id":"620658","edit":"0","policy_no":"454,455,456","subtype_text":"1","sum_insure":"2500000","familyConstruct":"1A+2K","tenure":"1 Year","family_members_id":"2","family_gender":"Male","first_name":"sadfasdf","last_name":"fasdfs","family_date_birth":"06-07-2011","age":"9","age_type":" years","family_id":"","s_date":"","marriage_date":"","premium":"29000","policyNo":"454,455,456","familyDataType":"undefined","empId":"620658","product":"RMxC5efb5c5a320e7","declare":"[]","gender":"Male"} [] []
[2020-07-06 14:28:34] generateOTP.INFO: {"salutation":"1","firstname":"test","lastname":"BANKING","dob":"19-12-1988","mob_no":"7010444138","panCard":"DDDDD6456A","email":"jack@gmail.com","ref1":"1","ref2":"1","comAdd":"Om hrad ntalatiof, holOmshre, talathioficeeachol, OmshreeSada9talathi","city":"Illuppur","state":"TAMIL NADU","pin_code":"622103","ISNRI":"N","update_emp_id":"620658","edit":"0","policy_no":"454,455,456","subtype_text":"1","sum_insure":"2500000","familyConstruct":"1A+2K","tenure":"1 Year","family_members_id":"2","family_gender":"Male","first_name":"sdggd","last_name":"dfgdsfgdfg","family_date_birth":"06-07-2006","age":"14","age_type":" years","family_id":"","s_date":"","marriage_date":"","premium":"29000","policyNo":"454,455,456","familyDataType":"undefined","empId":"620658","product":"RMxC5efb5c5a320e7","declare":"[]","gender":"Male"} [] []
[2020-07-06 14:28:41] documentsSave.INFO: {"ops_type":"[\"0\",\"Y\"]","ids":"219,220,221"} [] []
[2020-07-06 14:28:41] documentsSaveFiles.INFO: [{"name":"F11.jpg","type":"image\/jpeg","tmp_name":"\/tmp\/php0ydNOK","error":0,"size":259473},{"name":"Agent_upload_sample (3).xlsx","type":"application\/vnd.openxmlformats-officedocument.spreadsheetml.sheet","tmp_name":"\/tmp\/phphNntZj","error":0,"size":10839}] [] []
[2020-07-06 14:28:59] documentsSave.INFO: {"ops_type":"[\"0\",\"Y\"]","ids":"222,223,224"} [] []
[2020-07-06 14:28:59] documentsSaveFiles.INFO: [{"name":"F11.jpg","type":"image\/jpeg","tmp_name":"\/tmp\/phpcO3MXH","error":0,"size":259473},{"name":"F2.jpg","type":"image\/jpeg","tmp_name":"\/tmp\/phpc7iE6d","error":0,"size":172007}] [] []
[2020-07-06 14:30:08] generateOTP.INFO: {"salutation":"1","firstname":"test","lastname":"BANKING","dob":"19-12-1988","mob_no":"7010444138","panCard":"DDDDD6456A","email":"jack@gmail.com","ref1":"1","ref2":"1","comAdd":"Om hrad ntalatiof, holOmshre, talathioficeeachol, OmshreeSada9talathi","city":"MUMBAI","state":"MAHARASHTRA","pin_code":"622103","ISNRI":"N","update_emp_id":"620647","edit":"0","policy_no":"454,455,456","subtype_text":"1","sum_insure":"500000","familyConstruct":"1A","tenure":"1 Year","family_members_id":"0","family_gender":"Male","first_name":"test","last_name":"BANKING","family_date_birth":"19-12-1988","age":"31","age_type":" years","family_id":"","s_date":"","marriage_date":"","premium":"8000","policyNo":"454,455,456","familyDataType":"undefined","empId":"620647","product":"RMxC5efb5c5a320e7","declare":"[]","gender":"Male"} [] []
[2020-07-06 14:36:24] generateOTP.INFO: test [] []
[2020-07-06 14:36:31] generateOTP.INFO: test [] []
[2020-07-06 14:36:32] generateOTP.INFO: test [] []
[2020-07-06 14:36:46] generateOTP.INFO: test [] []
[2020-07-06 14:36:46] generateOTP.INFO: test [] []
[2020-07-06 14:38:33] generateOTP.INFO: {"salutation":"1","firstname":"test","lastname":"BANKING","dob":"19-12-1988","mob_no":"7010444138","panCard":"DDDDD6456A","email":"jack@gmail.com","ref1":"1","ref2":"1","comAdd":"Om hrad ntalatiof, holOmshre, talathioficeeachol, OmshreeSada9talathi","city":"MUMBAI","state":"MAHARASHTRA","pin_code":"622103","ISNRI":"N","update_emp_id":"620659","edit":"0","policy_no":"454,455,456","subtype_text":"1","sum_insure":"500000","familyConstruct":"1A","tenure":"1 Year","family_members_id":"0","family_gender":"Male","first_name":"test","last_name":"BANKING","family_date_birth":"19-12-1988","age":"31","age_type":" years","family_id":"","s_date":"","marriage_date":"","premium":"8000","policyNo":"454,455,456","familyDataType":"undefined","empId":"620659","product":"RMxC5efb5c5a320e7","declare":"[]","gender":"Male"} [] []
[2020-07-06 14:38:38] generateOTP.INFO: {"salutation":"1","firstname":"test","lastname":"BANKING","dob":"19-12-1988","mob_no":"7010444138","panCard":"DDDDD6456A","email":"jack@gmail.com","ref1":"1","ref2":"1","comAdd":"Om hrad ntalatiof, holOmshre, talathioficeeachol, OmshreeSada9talathi","city":"MUMBAI","state":"MAHARASHTRA","pin_code":"622103","ISNRI":"N","update_emp_id":"620660","edit":"0","policy_no":"454,455,456","subtype_text":"1","sum_insure":"1500000","familyConstruct":"1A","tenure":"1 Year","family_members_id":"2","family_gender":"Male","first_name":"gdfsgfdg","last_name":"dgdfg","family_date_birth":"22-07-1993","age":"26","age_type":" years","family_id":"","s_date":"","marriage_date":"","premium":"13000","policyNo":"454,455,456","familyDataType":"undefined","empId":"620660","product":"RMxC5efb5c5a320e7","declare":"[]","gender":"Male"} [] []
[2020-07-06 14:38:44] generateOTP.INFO: {"salutation":"1","firstname":"test","lastname":"BANKING","dob":"19-12-1988","mob_no":"7010444138","panCard":"DDDDD6456A","email":"jack@gmail.com","ref1":"1","ref2":"1","comAdd":"Om hrad ntalatiof, holOmshre, talathioficeeachol, OmshreeSada9talathi","city":"MUMBAI","state":"MAHARASHTRA","pin_code":"622103","ISNRI":"N","update_emp_id":"620660","edit":"0","policy_no":"454,455,456","subtype_text":"1","sum_insure":"1500000","familyConstruct":"1A","tenure":"1 Year","family_members_id":"2","family_gender":"Male","first_name":"gdfsgfdg","last_name":"dgdfg","family_date_birth":"31-07-2014","age":"5","age_type":" years","family_id":"","s_date":"","marriage_date":"","premium":"13000","policyNo":"454,455,456","familyDataType":"undefined","empId":"620660","product":"RMxC5efb5c5a320e7","declare":"[]","gender":"Male"} [] []
[2020-07-06 14:39:11] generateOTP.INFO: {"salutation":"1","firstname":"test","lastname":"BANKING","dob":"19-12-1988","mob_no":"7010444138","panCard":"DDDDD6456A","email":"jack@gmail.com","ref1":"1","ref2":"1","comAdd":"Om hrad ntalatiof, holOmshre, talathioficeeachol, OmshreeSada9talathi","city":"MUMBAI","state":"MAHARASHTRA","pin_code":"622103","ISNRI":"N","update_emp_id":"620660","edit":"0","policy_no":"454,455,456","subtype_text":"1","sum_insure":"1500000","familyConstruct":"1A+1K","tenure":"1 Year","family_members_id":"0","family_gender":"Male","first_name":"test","last_name":"BANKING","family_date_birth":"19-12-1988","age":"31","age_type":" years","family_id":"","s_date":"","marriage_date":"","premium":"17500","policyNo":"454,455,456","familyDataType":"undefined","empId":"620660","product":"RMxC5efb5c5a320e7","declare":"[]","gender":"Male"} [] []
[2020-07-06 14:43:48] generateOTP.INFO: test [] []
[2020-07-06 14:43:48] generateOTP.INFO: test [] []
[2020-07-06 14:45:34] generateOTP.INFO: test [] []
[2020-07-06 14:45:34] generateOTP.INFO: test [] []
[2020-07-06 14:49:35] generateOTP.INFO: {"salutation":"1","firstname":"test","lastname":"BANKING","dob":"19-12-1988","mob_no":"7010444138","panCard":"DDDDD6456A","email":"jack@gmail.com","ref1":"1","ref2":"1","comAdd":"Om hrad ntalatiof, holOmshre, talathioficeeachol, OmshreeSada9talathi","city":"MUMBAI","state":"MAHARASHTRA","pin_code":"622103","ISNRI":"N","update_emp_id":"620660","edit":"0","policy_no":"454,455,456","subtype_text":"1","sum_insure":"1500000","familyConstruct":"1A+2K","tenure":"1 Year","family_members_id":"0","family_gender":"Male","first_name":"test","last_name":"BANKING","family_date_birth":"19-12-1988","age":"31","age_type":" years","family_id":"","s_date":"","marriage_date":"","premium":"22000","policyNo":"454,455,456","familyDataType":"undefined","empId":"620660","product":"RMxC5efb5c5a320e7","declare":"[]","gender":"Male"} [] []
[2020-07-06 14:49:56] generateOTP.INFO: {"salutation":"1","firstname":"test","lastname":"BANKING","dob":"19-12-1988","mob_no":"7010444138","panCard":"DDDDD6456A","email":"jack@gmail.com","ref1":"1","ref2":"1","comAdd":"Om hrad ntalatiof, holOmshre, talathioficeeachol, OmshreeSada9talathi","city":"MUMBAI","state":"MAHARASHTRA","pin_code":"622103","ISNRI":"N","update_emp_id":"620660","edit":"0","policy_no":"454,455,456","subtype_text":"1","sum_insure":"1500000","familyConstruct":"1A+2K","tenure":"1 Year","family_members_id":"1","family_gender":"Female","first_name":"dfgd","last_name":"gdsfgdfg","family_date_birth":"26-07-1978","age":"41","age_type":" years","family_id":"","s_date":"","marriage_date":"","premium":"22000","policyNo":"454,455,456","familyDataType":"undefined","empId":"620660","product":"RMxC5efb5c5a320e7","declare":"[]","gender":"Male"} [] []
[2020-07-06 14:50:14] generateOTP.INFO: {"salutation":"1","firstname":"test","lastname":"BANKING","dob":"19-12-1988","mob_no":"7010444138","panCard":"DDDDD6456A","email":"jack@gmail.com","ref1":"1","ref2":"1","comAdd":"Om hrad ntalatiof, holOmshre, talathioficeeachol, OmshreeSada9talathi","city":"MUMBAI","state":"MAHARASHTRA","pin_code":"622103","ISNRI":"N","update_emp_id":"620660","edit":"0","policy_no":"454,455,456","subtype_text":"1","sum_insure":"1500000","familyConstruct":"1A+2K","tenure":"1 Year","family_members_id":"2","family_gender":"Male","first_name":"gsdfgdf","last_name":"gdsfgg","family_date_birth":"07-07-2011","age":"8","age_type":" years","family_id":"","s_date":"","marriage_date":"","premium":"22000","policyNo":"454,455,456","familyDataType":"undefined","empId":"620660","product":"RMxC5efb5c5a320e7","declare":"[]","gender":"Male"} [] []
[2020-07-06 14:52:21] generateOTP.INFO: test [] []
[2020-07-06 14:52:21] generateOTP.INFO: test [] []
[2020-07-06 14:53:24] generateOTP.INFO: test [] []
[2020-07-06 14:53:24] generateOTP.INFO: test [] []
[2020-07-06 14:55:04] generateOTP.INFO: test [] []
[2020-07-06 14:55:04] generateOTP.INFO: test [] []
[2020-07-06 14:55:51] generateOTP.INFO: test [] []
[2020-07-06 14:56:03] generateOTP.INFO: test [] []
[2020-07-06 14:56:06] generateOTP.INFO: test [] []
[2020-07-06 14:56:14] generateOTP.INFO: test [] []
[2020-07-06 14:56:14] generateOTP.INFO: test [] []
[2020-07-06 14:56:28] generateOTP.INFO: test [] []
[2020-07-06 14:57:19] generateOTP.INFO: test [] []
[2020-07-06 14:57:19] generateOTP.INFO: test [] []
[2020-07-06 14:57:34] generateOTP.INFO: test [] []
[2020-07-06 14:57:35] generateOTP.INFO: test [] []
[2020-07-06 14:57:50] generateOTP.INFO: test [] []
[2020-07-06 14:57:53] generateOTP.INFO: test [] []
[2020-07-06 14:58:01] generateOTP.INFO: test [] []
[2020-07-06 14:58:01] generateOTP.INFO: test [] []
[2020-07-06 14:58:42] generateOTP.INFO: {"salutation":"1","firstname":"test","lastname":"BANKING","dob":"19-12-1988","mob_no":"7010444138","panCard":"DDDDD6456A","email":"jack@gmail.com","ref1":"1","ref2":"1","comAdd":"Om hrad ntalatiof, holOmshre, talathioficeeachol, OmshreeSada9talathi","city":"MUMBAI","state":"MAHARASHTRA","pin_code":"622103","ISNRI":"N","update_emp_id":"620660","edit":"0","policy_no":"454,455,456","subtype_text":"1","sum_insure":"2000000","familyConstruct":"1A","tenure":"1 Year","family_members_id":"0","family_gender":"Male","first_name":"test","last_name":"BANKING","family_date_birth":"19-12-1988","age":"31","age_type":" years","family_id":"","s_date":"","marriage_date":"","premium":"15000","policyNo":"454,455,456","familyDataType":"undefined","empId":"620660","product":"RMxC5efb5c5a320e7","declare":"[]","gender":"Male"} [] []
[2020-07-06 14:58:49] generateOTP.INFO: test [] []
[2020-07-06 14:58:52] generateOTP.INFO: test [] []
[2020-07-06 15:00:14] generateOTP.INFO: test [] []
[2020-07-06 15:00:16] generateOTP.INFO: test [] []
[2020-07-06 15:01:10] generateOTP.INFO: test [] []
[2020-07-06 15:01:33] generateOTP.INFO: test [] []
[2020-07-06 15:02:24] generateOTP.INFO: test [] []
[2020-07-06 15:02:25] generateOTP.INFO: test [] []
[2020-07-06 15:02:42] generateOTP.INFO: {"salutation":"1","firstname":"test","lastname":"BANKING","dob":"19-12-1988","mob_no":"7010444138","panCard":"DDDDD6456A","email":"jack@gmail.com","ref1":"1","ref2":"1","comAdd":"Om hrad ntalatiof, holOmshre, talathioficeeachol, OmshreeSada9talathi","city":"MUMBAI","state":"MAHARASHTRA","pin_code":"622103","ISNRI":"N","update_emp_id":"620659","edit":"0","policy_no":"454,455,456","subtype_text":"1","sum_insure":"500000","familyConstruct":"1A","tenure":"1 Year","family_members_id":"0","family_gender":"Male","first_name":"test","last_name":"BANKING","family_date_birth":"19-12-1988","age":"31","age_type":" years","family_id":"","s_date":"","marriage_date":"","premium":"8000","policyNo":"454,455,456","familyDataType":"undefined","empId":"620659","product":"RMxC5efb5c5a320e7","declare":"[]","gender":"Male"} [] []
[2020-07-06 15:02:46] generateOTP.INFO: test [] []
[2020-07-06 15:02:47] generateOTP.INFO: test [] []
[2020-07-06 15:03:11] generateOTP.INFO: test [] []
[2020-07-06 15:03:11] generateOTP.INFO: test [] []
[2020-07-06 15:05:23] generateOTP.INFO: {"salutation":"1","firstname":"test","lastname":"BANKING","dob":"19-12-1988","mob_no":"7010444138","panCard":"DDDDD6456A","email":"jack@gmail.com","ref1":"1","ref2":"1","comAdd":"Om hrad ntalatiof, holOmshre, talathioficeeachol, OmshreeSada9talathi","city":"MUMBAI","state":"MAHARASHTRA","pin_code":"622103","ISNRI":"N","update_emp_id":"620660","edit":"0","policy_no":"454,455,456","subtype_text":"1","sum_insure":"2500000","familyConstruct":"2A+2K","tenure":"1 Year","family_members_id":"1","family_gender":"Female","first_name":"HSFHfd","last_name":"dfghdfg","family_date_birth":"20-07-1984","age":"35","age_type":" years","family_id":"","s_date":"","marriage_date":"","premium":"34000","policyNo":"454,455,456","familyDataType":"undefined","empId":"620660","product":"RMxC5efb5c5a320e7","declare":"[]","gender":"Male"} [] []
[2020-07-06 15:06:03] generateOTP.INFO: test [] []
[2020-07-06 15:06:05] generateOTP.INFO: test [] []
[2020-07-06 15:06:19] generateOTP.INFO: test [] []
[2020-07-06 15:06:20] generateOTP.INFO: test [] []
[2020-07-06 15:06:40] generateOTP.INFO: {"salutation":"1","firstname":"test","lastname":"BANKING","dob":"19-12-1988","mob_no":"7010444138","panCard":"DDDDD6456A","email":"jack@gmail.com","ref1":"1","ref2":"1","comAdd":"Om hrad ntalatiof, holOmshre, talathioficeeachol, OmshreeSada9talathi","city":"MUMBAI","state":"MAHARASHTRA","pin_code":"622103","ISNRI":"N","update_emp_id":"620659","edit":"0","policy_no":"454,455,456","subtype_text":"1","sum_insure":"500000","familyConstruct":"1A","tenure":"1 Year","family_members_id":"0","family_gender":"Male","first_name":"test","last_name":"BANKING","family_date_birth":"19-12-1988","age":"31","age_type":" years","family_id":"","s_date":"","marriage_date":"","premium":"8000","policyNo":"454,455,456","familyDataType":"undefined","empId":"620659","product":"RMxC5efb5c5a320e7","declare":"[]","gender":"Male"} [] []
[2020-07-06 15:07:09] generateOTP.INFO: {"salutation":"1","firstname":"test","lastname":"BANKING","dob":"19-12-1988","mob_no":"7010444138","panCard":"DDDDD6456A","email":"jack@gmail.com","ref1":"1","ref2":"1","comAdd":"Om hrad ntalatiof, holOmshre, talathioficeeachol, OmshreeSada9talathi","city":"MUMBAI","state":"MAHARASHTRA","pin_code":"622103","ISNRI":"N","update_emp_id":"620659","edit":"0","policy_no":"454,455,456","subtype_text":"1","sum_insure":"500000","familyConstruct":"2A","tenure":"1 Year","family_members_id":"0","family_gender":"Male","first_name":"test","last_name":"BANKING","family_date_birth":"19-12-1988","age":"31","age_type":" years","family_id":"","s_date":"","marriage_date":"","premium":"11500","policyNo":"454,455,456","familyDataType":"undefined","empId":"620659","product":"RMxC5efb5c5a320e7","declare":"[]","gender":"Male"} [] []
[2020-07-06 15:07:16] generateOTP.INFO: {"salutation":"1","firstname":"test","lastname":"BANKING","dob":"19-12-1988","mob_no":"7010444138","panCard":"DDDDD6456A","email":"jack@gmail.com","ref1":"1","ref2":"1","comAdd":"Om hrad ntalatiof, holOmshre, talathioficeeachol, OmshreeSada9talathi","city":"MUMBAI","state":"MAHARASHTRA","pin_code":"622103","ISNRI":"N","update_emp_id":"620660","edit":"0","policy_no":"454,455,456","subtype_text":"1","sum_insure":"2500000","familyConstruct":"2A+2K","tenure":"1 Year","family_members_id":"2","family_gender":"Male","first_name":"hdgf","last_name":"fghdfgh","family_date_birth":"11-06-2020","age":"24","age_type":"days","family_id":"","s_date":"","marriage_date":"","premium":"34000","policyNo":"454,455,456","familyDataType":"undefined","empId":"620660","product":"RMxC5efb5c5a320e7","declare":"[]","gender":"Male"} [] []
[2020-07-06 15:07:19] generateOTP.INFO: {"salutation":"1","firstname":"test","lastname":"BANKING","dob":"19-12-1988","mob_no":"7010444138","panCard":"DDDDD6456A","email":"jack@gmail.com","ref1":"1","ref2":"1","comAdd":"Om hrad ntalatiof, holOmshre, talathioficeeachol, OmshreeSada9talathi","city":"MUMBAI","state":"MAHARASHTRA","pin_code":"622103","ISNRI":"N","update_emp_id":"620659","edit":"0","policy_no":"454,455,456","subtype_text":"1","sum_insure":"500000","familyConstruct":"2A","tenure":"1 Year","family_members_id":"1","family_gender":"Female","first_name":"cx","last_name":"xczc","family_date_birth":"10-07-1980","age":"39","age_type":" years","family_id":"","s_date":"","marriage_date":"","premium":"11500","policyNo":"454,455,456","familyDataType":"undefined","empId":"620659","product":"RMxC5efb5c5a320e7","declare":"[]","gender":"Male"} [] []
[2020-07-06 15:07:29] generateOTP.INFO: {"salutation":"1","firstname":"test","lastname":"BANKING","dob":"19-12-1988","mob_no":"7010444138","panCard":"DDDDD6456A","email":"jack@gmail.com","ref1":"1","ref2":"1","comAdd":"Om hrad ntalatiof, holOmshre, talathioficeeachol, OmshreeSada9talathi","city":"MUMBAI","state":"MAHARASHTRA","pin_code":"622103","ISNRI":"N","update_emp_id":"620660","edit":"0","policy_no":"454,455,456","subtype_text":"1","sum_insure":"2500000","familyConstruct":"2A+2K","tenure":"1 Year","family_members_id":"3","family_gender":"Female","first_name":"dfgh","last_name":"fhdfgh","family_date_birth":"17-06-2020","age":"18","age_type":"days","family_id":"","s_date":"","marriage_date":"","premium":"34000","policyNo":"454,455,456","familyDataType":"undefined","empId":"620660","product":"RMxC5efb5c5a320e7","declare":"[]","gender":"Male"} [] []
[2020-07-06 15:08:12] generateOTP.INFO: {"salutation":"1","firstname":"test","lastname":"BANKING","dob":"19-12-1988","mob_no":"7010444138","panCard":"DDDDD6456A","email":"jack@gmail.com","ref1":"1","ref2":"1","comAdd":"Om hrad ntalatiof, holOmshre, talathioficeeachol, OmshreeSada9talathi","city":"MUMBAI","state":"MAHARASHTRA","pin_code":"622103","ISNRI":"N","update_emp_id":"620660","edit":"0","policy_no":"454,455,456","subtype_text":"1","sum_insure":"2500000","familyConstruct":"2A+2K","tenure":"1 Year","family_members_id":"2","family_gender":"Male","first_name":"fdhdfh","last_name":"fhdfh","family_date_birth":"06-04-2020","age":"90","age_type":"days","family_id":"","s_date":"","marriage_date":"","premium":"34000","policyNo":"454,455,456","familyDataType":"undefined","empId":"620660","product":"RMxC5efb5c5a320e7","declare":"[]","gender":"Male"} [] []
[2020-07-06 15:08:16] generateOTP.INFO: {"salutation":"1","firstname":"test","lastname":"BANKING","dob":"19-12-1988","mob_no":"7010444138","panCard":"DDDDD6456A","email":"jack@gmail.com","ref1":"1","ref2":"1","comAdd":"Om hrad ntalatiof, holOmshre, talathioficeeachol, OmshreeSada9talathi","city":"MUMBAI","state":"MAHARASHTRA","pin_code":"622103","ISNRI":"N","update_emp_id":"620660","edit":"0","policy_no":"454,455,456","subtype_text":"1","sum_insure":"2500000","familyConstruct":"2A+2K","tenure":"1 Year","family_members_id":"2","family_gender":"Male","first_name":"fdhdfh","last_name":"fhdfh","family_date_birth":"05-04-2020","age":"91","age_type":"days","family_id":"","s_date":"","marriage_date":"","premium":"34000","policyNo":"454,455,456","familyDataType":"undefined","empId":"620660","product":"RMxC5efb5c5a320e7","declare":"[]","gender":"Male"} [] []
[2020-07-06 15:08:36] generateOTP.INFO: test [] []
[2020-07-06 15:08:36] generateOTP.INFO: test [] []
[2020-07-06 15:08:51] generateOTP.INFO: test [] []
[2020-07-06 15:08:52] generateOTP.INFO: test [] []
[2020-07-06 15:09:02] generateOTP.INFO: {"salutation":"1","firstname":"test","lastname":"BANKING","dob":"19-12-1988","mob_no":"7010444138","panCard":"DDDDD6456A","email":"jack@gmail.com","ref1":"1","ref2":"1","comAdd":"Om hrad ntalatiof, holOmshre, talathioficeeachol, OmshreeSada9talathi","city":"MUMBAI","state":"MAHARASHTRA","pin_code":"622103","ISNRI":"N","update_emp_id":"620660","edit":"0","policy_no":"454,455,456","subtype_text":"1","sum_insure":"2500000","familyConstruct":"1A+1K","tenure":"1 Year","family_members_id":"0","family_gender":"Male","first_name":"test","last_name":"BANKING","family_date_birth":"19-12-1988","age":"31","age_type":" years","family_id":"","s_date":"20-07-1984","marriage_date":"","premium":"23000","policyNo":"454,455,456","familyDataType":"undefined","empId":"620660","product":"RMxC5efb5c5a320e7","declare":"[]","gender":"Male"} [] []
[2020-07-06 15:09:04] generateOTP.INFO: test [] []
[2020-07-06 15:09:04] generateOTP.INFO: test [] []
[2020-07-06 15:09:19] generateOTP.INFO: {"salutation":"1","firstname":"test","lastname":"BANKING","dob":"19-12-1988","mob_no":"7010444138","panCard":"DDDDD6456A","email":"jack@gmail.com","ref1":"1","ref2":"1","comAdd":"Om hrad ntalatiof, holOmshre, talathioficeeachol, OmshreeSada9talathi","city":"MUMBAI","state":"MAHARASHTRA","pin_code":"622103","ISNRI":"N","update_emp_id":"620660","edit":"0","policy_no":"454,455,456","subtype_text":"1","sum_insure":"2500000","familyConstruct":"1A+1K","tenure":"1 Year","family_members_id":"3","family_gender":"Female","first_name":"gjgfhj","last_name":"gfghg","family_date_birth":"21-07-2016","age":"3","age_type":" years","family_id":"","s_date":"20-07-1984","marriage_date":"","premium":"23000","policyNo":"454,455,456","familyDataType":"undefined","empId":"620660","product":"RMxC5efb5c5a320e7","declare":"[]","gender":"Male"} [] []
[2020-07-06 15:09:33] generateOTP.INFO: {"salutation":"1","firstname":"test","lastname":"BANKING","dob":"19-12-1988","mob_no":"7010444138","panCard":"DDDDD6456A","email":"jack@gmail.com","ref1":"1","ref2":"1","comAdd":"Om hrad ntalatiof, holOmshre, talathioficeeachol, OmshreeSada9talathi","city":"MUMBAI","state":"MAHARASHTRA","pin_code":"622103","ISNRI":"N","update_emp_id":"620660","edit":"770","policy_no":"454,455,456","subtype_text":"1","sum_insure":"2500000","familyConstruct":"1A+1K","tenure":"1 Year","family_members_id":"3","family_gender":"Female","first_name":"gjgfhj","last_name":"gfghg","family_date_birth":"08-04-2020","age":"88","age_type":"days","family_id":"","s_date":"20-07-1984","marriage_date":"","premium":"23000","policyNo":"454,455,456","familyDataType":"undefined","empId":"620660","product":"RMxC5efb5c5a320e7","declare":"[]","gender":"Male"} [] []
[2020-07-06 15:09:43] generateOTP.INFO: {"salutation":"1","firstname":"test","lastname":"BANKING","dob":"19-12-1988","mob_no":"7010444138","panCard":"DDDDD6456A","email":"jack@gmail.com","ref1":"1","ref2":"1","comAdd":"Om hrad ntalatiof, holOmshre, talathioficeeachol, OmshreeSada9talathi","city":"MUMBAI","state":"MAHARASHTRA","pin_code":"622103","ISNRI":"N","update_emp_id":"620660","edit":"770","policy_no":"454,455,456","subtype_text":"1","sum_insure":"2500000","familyConstruct":"1A+1K","tenure":"1 Year","family_members_id":"3","family_gender":"Female","first_name":"gjgfhj","last_name":"gfghg","family_date_birth":"10-04-2020","age":"86","age_type":"days","family_id":"","s_date":"20-07-1984","marriage_date":"","premium":"23000","policyNo":"454,455,456","familyDataType":"undefined","empId":"620660","product":"RMxC5efb5c5a320e7","declare":"[]","gender":"Male"} [] []
[2020-07-06 15:09:47] generateOTP.INFO: {"salutation":"1","firstname":"test","lastname":"BANKING","dob":"19-12-1988","mob_no":"7010444138","panCard":"DDDDD6456A","email":"jack@gmail.com","ref1":"1","ref2":"1","comAdd":"Om hrad ntalatiof, holOmshre, talathioficeeachol, OmshreeSada9talathi","city":"MUMBAI","state":"MAHARASHTRA","pin_code":"622103","ISNRI":"N","update_emp_id":"620660","edit":"770","policy_no":"454,455,456","subtype_text":"1","sum_insure":"2500000","familyConstruct":"1A+1K","tenure":"1 Year","family_members_id":"3","family_gender":"Female","first_name":"gjgfhj","last_name":"gfghg","family_date_birth":"14-04-2020","age":"82","age_type":"days","family_id":"","s_date":"20-07-1984","marriage_date":"","premium":"23000","policyNo":"454,455,456","familyDataType":"undefined","empId":"620660","product":"RMxC5efb5c5a320e7","declare":"[]","gender":"Male"} [] []
[2020-07-06 15:09:52] generateOTP.INFO: {"salutation":"1","firstname":"test","lastname":"BANKING","dob":"19-12-1988","mob_no":"7010444138","panCard":"DDDDD6456A","email":"jack@gmail.com","ref1":"1","ref2":"1","comAdd":"Om hrad ntalatiof, holOmshre, talathioficeeachol, OmshreeSada9talathi","city":"MUMBAI","state":"MAHARASHTRA","pin_code":"622103","ISNRI":"N","update_emp_id":"620660","edit":"770","policy_no":"454,455,456","subtype_text":"1","sum_insure":"2500000","familyConstruct":"1A+1K","tenure":"1 Year","family_members_id":"3","family_gender":"Female","first_name":"gjgfhj","last_name":"gfghg","family_date_birth":"05-04-2020","age":"91","age_type":"days","family_id":"","s_date":"20-07-1984","marriage_date":"","premium":"23000","policyNo":"454,455,456","familyDataType":"undefined","empId":"620660","product":"RMxC5efb5c5a320e7","declare":"[]","gender":"Male"} [] []
[2020-07-06 15:10:38] generateOTP.INFO: test [] []
[2020-07-06 15:10:38] generateOTP.INFO: test [] []
[2020-07-06 15:10:40] generateOTP.INFO: test [] []
[2020-07-06 15:10:40] generateOTP.INFO: test [] []
[2020-07-06 15:11:03] generateOTP.INFO: {"salutation":"1","firstname":"test","lastname":"BANKING","dob":"19-12-1988","mob_no":"7010444138","panCard":"DDDDD6456A","email":"jack@gmail.com","ref1":"1","ref2":"1","comAdd":"Om hrad ntalatiof, holOmshre, talathioficeeachol, OmshreeSada9talathi","city":"MUMBAI","state":"MAHARASHTRA","pin_code":"622103","ISNRI":"N","update_emp_id":"620660","edit":"0","policy_no":"454,455,456","subtype_text":"1","sum_insure":"1000000","familyConstruct":"1A+1K","tenure":"1 Year","family_members_id":"2","family_gender":"Male","first_name":"shddf","last_name":"gsdfdsg","family_date_birth":"05-04-2020","age":"91","age_type":"days","family_id":"","s_date":"20-07-1984","marriage_date":"","premium":"14500","policyNo":"454,455,456","familyDataType":"undefined","empId":"620660","product":"RMxC5efb5c5a320e7","declare":"[]","gender":"Male"} [] []
[2020-07-06 15:13:19] generateOTP.INFO: test [] []
[2020-07-06 15:13:20] generateOTP.INFO: test [] []
[2020-07-06 15:13:32] generateOTP.INFO: {"salutation":"1","firstname":"test","lastname":"BANKING","dob":"19-12-1988","mob_no":"7010444138","panCard":"DDDDD6456A","email":"jack@gmail.com","ref1":"1","ref2":"1","comAdd":"Om hrad ntalatiof, holOmshre, talathioficeeachol, OmshreeSada9talathi","city":"MUMBAI","state":"MAHARASHTRA","pin_code":"622103","ISNRI":"N","update_emp_id":"620659","edit":"0","policy_no":"454,455,456","subtype_text":"1","sum_insure":"500000","familyConstruct":"1A+1K","tenure":"1 Year","family_members_id":"0","family_gender":"Male","first_name":"test","last_name":"BANKING","family_date_birth":"19-12-1988","age":"31","age_type":" years","family_id":"","s_date":"10-07-1980","marriage_date":"","premium":"11500","policyNo":"454,455,456","familyDataType":"undefined","empId":"620659","product":"RMxC5efb5c5a320e7","declare":"[]","gender":"Male"} [] []
[2020-07-06 15:13:47] generateOTP.INFO: {"salutation":"1","firstname":"test","lastname":"BANKING","dob":"19-12-1988","mob_no":"7010444138","panCard":"DDDDD6456A","email":"jack@gmail.com","ref1":"1","ref2":"1","comAdd":"Om hrad ntalatiof, holOmshre, talathioficeeachol, OmshreeSada9talathi","city":"MUMBAI","state":"MAHARASHTRA","pin_code":"622103","ISNRI":"N","update_emp_id":"620659","edit":"0","policy_no":"454,455,456","subtype_text":"1","sum_insure":"500000","familyConstruct":"1A+1K","tenure":"1 Year","family_members_id":"2","family_gender":"Male","first_name":"d","last_name":"df","family_date_birth":"01-01-2020","age":"186","age_type":"days","family_id":"","s_date":"10-07-1980","marriage_date":"","premium":"11500","policyNo":"454,455,456","familyDataType":"undefined","empId":"620659","product":"RMxC5efb5c5a320e7","declare":"[]","gender":"Male"} [] []
[2020-07-06 15:15:17] generateOTP.INFO: test [] []
[2020-07-06 15:15:19] generateOTP.INFO: test [] []
[2020-07-06 15:15:27] generateOTP.INFO: {"salutation":"1","firstname":"test","lastname":"BANKING","dob":"19-12-1988","mob_no":"7010444138","panCard":"DDDDD6456A","email":"jack@gmail.com","ref1":"1","ref2":"1","comAdd":"Om hrad ntalatiof, holOmshre, talathioficeeachol, OmshreeSada9talathi","city":"MUMBAI","state":"MAHARASHTRA","pin_code":"622103","ISNRI":"N","update_emp_id":"620659","edit":"0","policy_no":"454,455,456","subtype_text":"1","sum_insure":"500000","familyConstruct":"1A+1K","tenure":"1 Year","family_members_id":"0","family_gender":"Male","first_name":"test","last_name":"BANKING","family_date_birth":"19-12-1988","age":"31","age_type":" years","family_id":"","s_date":"10-07-1980","marriage_date":"","premium":"11500","policyNo":"454,455,456","familyDataType":"undefined","empId":"620659","product":"RMxC5efb5c5a320e7","declare":"[]","gender":"Male"} [] []
[2020-07-06 15:15:51] generateOTP.INFO: {"salutation":"1","firstname":"test","lastname":"BANKING","dob":"19-12-1988","mob_no":"7010444138","panCard":"DDDDD6456A","email":"jack@gmail.com","ref1":"1","ref2":"1","comAdd":"Om hrad ntalatiof, holOmshre, talathioficeeachol, OmshreeSada9talathi","city":"MUMBAI","state":"MAHARASHTRA","pin_code":"622103","ISNRI":"N","update_emp_id":"620659","edit":"0","policy_no":"454,455,456","subtype_text":"1","sum_insure":"500000","familyConstruct":"1A+1K","tenure":"1 Year","family_members_id":"2","family_gender":"Male","first_name":"xzc","last_name":"cv","family_date_birth":"01-01-2020","age":"186","age_type":"days","family_id":"","s_date":"10-07-1980","marriage_date":"","premium":"11500","policyNo":"454,455,456","familyDataType":"undefined","empId":"620659","product":"RMxC5efb5c5a320e7","declare":"[]","gender":"Male"} [] []
[2020-07-06 15:16:03] generateOTP.INFO: test [] []
[2020-07-06 15:16:03] generateOTP.INFO: test [] []
[2020-07-06 15:16:20] generateOTP.INFO: test [] []
[2020-07-06 15:16:20] generateOTP.INFO: test [] []
[2020-07-06 15:29:54] generateOTP.INFO: test [] []
[2020-07-06 15:29:54] generateOTP.INFO: test [] []
[2020-07-06 15:31:39] generateOTP.INFO: test [] []
[2020-07-06 15:31:42] generateOTP.INFO: test [] []
[2020-07-06 15:33:14] generateOTP.INFO: {"salutation":"1","firstname":"test","lastname":"BANKING","dob":"19-12-1988","mob_no":"7010444138","panCard":"DDDDD6456A","email":"jack@gmail.com","ref1":"1","ref2":"1","comAdd":"Om hrad ntalatiof, holOmshre, talathioficeeachol, OmshreeSada9talathi","city":"MUMBAI","state":"MAHARASHTRA","pin_code":"622103","ISNRI":"N","update_emp_id":"620659","edit":"0","policy_no":"454,455,456","subtype_text":"1","sum_insure":"500000","familyConstruct":"1A+1K","tenure":"1 Year","family_members_id":"0","family_gender":"Male","first_name":"test","last_name":"BANKING","family_date_birth":"19-12-1988","age":"31","age_type":" years","family_id":"","s_date":"10-07-1980","marriage_date":"","premium":"11500","policyNo":"454,455,456","familyDataType":"undefined","empId":"620659","product":"RMxC5efb5c5a320e7","declare":"[]","gender":"Male"} [] []
[2020-07-06 15:33:31] generateOTP.INFO: {"salutation":"1","firstname":"test","lastname":"BANKING","dob":"19-12-1988","mob_no":"7010444138","panCard":"DDDDD6456A","email":"jack@gmail.com","ref1":"1","ref2":"1","comAdd":"Om hrad ntalatiof, holOmshre, talathioficeeachol, OmshreeSada9talathi","city":"MUMBAI","state":"MAHARASHTRA","pin_code":"622103","ISNRI":"N","update_emp_id":"620659","edit":"0","policy_no":"454,455,456","subtype_text":"1","sum_insure":"500000","familyConstruct":"1A+1K","tenure":"1 Year","family_members_id":"2","family_gender":"Male","first_name":"xz","last_name":"xz","family_date_birth":"01-01-2020","age":"186","age_type":"days","family_id":"","s_date":"10-07-1980","marriage_date":"","premium":"11500","policyNo":"454,455,456","familyDataType":"undefined","empId":"620659","product":"RMxC5efb5c5a320e7","declare":"[]","gender":"Male"} [] []
[2020-07-06 15:47:27] generateOTP.INFO: test [] []
[2020-07-06 15:47:29] generateOTP.INFO: test [] []
[2020-07-06 15:48:23] generateOTP.INFO: test [] []
[2020-07-06 15:48:32] generateOTP.INFO: test [] []
[2020-07-06 15:51:34] generateOTP.INFO: test [] []
[2020-07-06 15:51:37] generateOTP.INFO: test [] []
[2020-07-06 15:52:37] generateOTP.INFO: test [] []
[2020-07-06 15:52:37] generateOTP.INFO: test [] []
[2020-07-06 16:09:38] generateOTP.INFO: test [] []
[2020-07-06 16:09:39] generateOTP.INFO: test [] []
[2020-07-06 16:09:41] generateOTP.INFO: test [] []
[2020-07-06 16:09:53] generateOTP.INFO: test [] []
[2020-07-06 16:10:01] generateOTP.INFO: test [] []
[2020-07-06 16:18:29] generateOTP.INFO: test [] []
[2020-07-06 16:18:29] generateOTP.INFO: test [] []
[2020-07-06 16:19:27] generateOTP.INFO: test [] []
[2020-07-06 16:19:31] generateOTP.INFO: test [] []
[2020-07-06 16:19:32] generateOTP.INFO: test [] []
[2020-07-06 16:19:43] generateOTP.INFO: {"salutation":"1","firstname":"test","lastname":"BANKING","dob":"19-12-1988","mob_no":"7010444138","panCard":"DDDDD6456A","email":"jack@gmail.com","ref1":"1","ref2":"1","comAdd":"Om hrad ntalatiof, holOmshre, talathioficeeachol, OmshreeSada9talathi","city":"MUMBAI","state":"MAHARASHTRA","pin_code":"622103","ISNRI":"N","update_emp_id":"620659","edit":"0","policy_no":"454,455,456","subtype_text":"1","sum_insure":"500000","familyConstruct":"1A","tenure":"1 Year","family_members_id":"0","family_gender":"Male","first_name":"test","last_name":"BANKING","family_date_birth":"19-12-1988","age":"31","age_type":" years","family_id":"","s_date":"10-07-1980","marriage_date":"","premium":"8000","policyNo":"454,455,456","familyDataType":"undefined","empId":"620659","product":"RMxC5efb5c5a320e7","declare":"[]","gender":"Male"} [] []
[2020-07-06 16:20:09] documentsSave.INFO: {"ops_type":"[]","ids":"226,227,228"} [] []
[2020-07-06 16:20:09] documentsSaveFiles.INFO: [] [] []
[2020-07-06 16:28:32] generateOTP.INFO: test [] []
[2020-07-06 16:28:52] generateOTP.INFO: test [] []
[2020-07-06 16:29:09] generateOTP.INFO: test [] []
[2020-07-06 16:29:38] generateOTP.INFO: test [] []
[2020-07-06 16:30:09] generateOTP.INFO: test [] []
[2020-07-06 16:30:39] generateOTP.INFO: test [] []
[2020-07-06 16:30:41] generateOTP.INFO: test [] []
[2020-07-06 16:32:51] generateOTP.INFO: test [] []
[2020-07-06 16:32:58] generateOTP.INFO: test [] []
[2020-07-06 16:33:23] generateOTP.INFO: test [] []
[2020-07-06 16:33:24] generateOTP.INFO: test [] []
[2020-07-06 16:33:24] generateOTP.INFO: test [] []
[2020-07-06 16:33:39] generateOTP.INFO: test [] []
[2020-07-06 16:34:07] generateOTP.INFO: test [] []
[2020-07-06 16:34:08] generateOTP.INFO: test [] []
[2020-07-06 16:34:09] generateOTP.INFO: test [] []
[2020-07-06 16:34:09] generateOTP.INFO: test [] []
[2020-07-06 16:34:10] generateOTP.INFO: test [] []
[2020-07-06 16:34:11] generateOTP.INFO: test [] []
[2020-07-06 16:34:11] generateOTP.INFO: test [] []
[2020-07-06 16:34:15] generateOTP.INFO: test [] []
[2020-07-06 16:34:17] generateOTP.INFO: test [] []
[2020-07-06 16:34:38] generateOTP.INFO: test [] []
[2020-07-06 16:35:28] generateOTP.INFO: test [] []
[2020-07-06 16:36:05] generateOTP.INFO: test [] []
[2020-07-06 16:36:38] generateOTP.INFO: test [] []
[2020-07-06 16:38:11] generateOTP.INFO: test [] []
[2020-07-06 16:38:33] generateOTP.INFO: test [] []
[2020-07-06 16:38:33] generateOTP.INFO: test [] []
[2020-07-06 16:38:33] generateOTP.INFO: test [] []
[2020-07-06 16:38:39] generateOTP.INFO: test [] []
[2020-07-06 16:38:40] generateOTP.INFO: test [] []
[2020-07-06 16:38:41] generateOTP.INFO: test [] []
[2020-07-06 17:37:36] generateOTP.INFO: test [] []
[2020-07-06 17:37:38] generateOTP.INFO: test [] []
[2020-07-06 17:37:39] generateOTP.INFO: test [] []
[2020-07-06 17:37:40] generateOTP.INFO: test [] []
[2020-07-06 17:37:42] generateOTP.INFO: test [] []
[2020-07-06 17:37:43] generateOTP.INFO: test [] []
[2020-07-06 17:37:55] generateOTP.INFO: test [] []
[2020-07-06 17:39:23] generateOTP.INFO: test [] []
[2020-07-06 17:39:24] generateOTP.INFO: test [] []
[2020-07-06 17:39:34] generateOTP.INFO: test [] []
[2020-07-06 17:39:34] generateOTP.INFO: test [] []
[2020-07-06 17:39:35] generateOTP.INFO: test [] []
[2020-07-06 17:40:41] generateOTP.INFO: test [] []
[2020-07-06 17:41:05] generateOTP.INFO: test [] []
[2020-07-06 17:41:05] generateOTP.INFO: test [] []
[2020-07-06 17:42:44] generateOTP.INFO: test [] []
[2020-07-06 17:42:45] generateOTP.INFO: test [] []
[2020-07-06 17:42:46] generateOTP.INFO: test [] []
[2020-07-06 17:42:47] generateOTP.INFO: test [] []
[2020-07-06 17:42:50] generateOTP.INFO: test [] []
[2020-07-06 17:42:51] generateOTP.INFO: test [] []
[2020-07-06 17:42:51] generateOTP.INFO: test [] []
[2020-07-06 17:42:52] generateOTP.INFO: test [] []
[2020-07-06 17:43:04] generateOTP.INFO: test [] []
[2020-07-06 17:43:05] generateOTP.INFO: test [] []
[2020-07-06 17:44:13] generateOTP.INFO: test [] []
[2020-07-06 17:44:14] generateOTP.INFO: test [] []
[2020-07-06 17:44:49] generateOTP.INFO: test [] []
[2020-07-06 17:44:49] generateOTP.INFO: test [] []
[2020-07-06 17:44:50] generateOTP.INFO: test [] []
[2020-07-06 17:44:50] generateOTP.INFO: test [] []
[2020-07-06 17:44:51] generateOTP.INFO: test [] []
[2020-07-06 17:46:52] generateOTP.INFO: test [] []
[2020-07-06 17:46:53] generateOTP.INFO: test [] []
[2020-07-06 17:50:21] generateOTP.INFO: test [] []
[2020-07-06 17:50:45] generateOTP.INFO: test [] []
[2020-07-06 17:51:30] generateOTP.INFO: test [] []
[2020-07-06 17:51:31] generateOTP.INFO: test [] []
[2020-07-06 17:51:36] generateOTP.INFO: test [] []
[2020-07-06 17:51:42] generateOTP.INFO: test [] []
[2020-07-06 17:51:42] generateOTP.INFO: test [] []
[2020-07-06 17:51:45] generateOTP.INFO: test [] []
[2020-07-06 17:51:58] generateOTP.INFO: test [] []
[2020-07-06 17:52:10] generateOTP.INFO: test [] []
[2020-07-06 17:52:14] generateOTP.INFO: test [] []
[2020-07-06 17:52:16] generateOTP.INFO: test [] []
[2020-07-06 17:52:28] generateOTP.INFO: test [] []
[2020-07-06 17:52:29] generateOTP.INFO: test [] []
[2020-07-06 17:52:41] generateOTP.INFO: test [] []
[2020-07-06 17:52:44] generateOTP.INFO: test [] []
[2020-07-06 17:52:51] generateOTP.INFO: test [] []
[2020-07-06 17:54:14] generateOTP.INFO: test [] []
[2020-07-06 17:54:27] generateOTP.INFO: test [] []
[2020-07-06 17:55:04] generateOTP.INFO: test [] []
[2020-07-06 17:55:24] generateOTP.INFO: test [] []
[2020-07-06 17:55:27] generateOTP.INFO: test [] []
[2020-07-06 17:55:35] generateOTP.INFO: test [] []
[2020-07-06 17:56:35] generateOTP.INFO: test [] []
[2020-07-06 17:56:51] generateOTP.INFO: test [] []
[2020-07-06 17:57:02] generateOTP.INFO: test [] []
[2020-07-06 17:57:11] generateOTP.INFO: test [] []
[2020-07-06 17:58:36] generateOTP.INFO: test [] []
[2020-07-06 17:58:38] generateOTP.INFO: test [] []
[2020-07-06 18:06:53] generateOTP.INFO: test [] []
[2020-07-06 18:06:53] generateOTP.INFO: test [] []
[2020-07-06 18:48:33] generateOTP.INFO: test [] []
[2020-07-06 18:48:33] generateOTP.INFO: test [] []
[2020-07-06 18:52:37] generateOTP.INFO: test [] []
[2020-07-06 18:52:38] generateOTP.INFO: test [] []
[2020-07-06 18:52:49] generateOTP.INFO: {"salutation":"1","firstname":"test","lastname":"BANKING","dob":"19-12-1988","mob_no":"7010444138","panCard":"DDDDD6456A","email":"jack@gmail.com","ref1":"1","ref2":"1","comAdd":"Om hrad ntalatiof, holOmshre, talathioficeeachol, OmshreeSada9talathi","city":"MUMBAI","state":"MAHARASHTRA","pin_code":"622103","ISNRI":"N","update_emp_id":"620662","edit":"0","policy_no":"454,455,456","subtype_text":"1","sum_insure":"500000","familyConstruct":"1A","tenure":"1 Year","family_members_id":"0","family_gender":"Male","first_name":"test","last_name":"BANKING","family_date_birth":"19-12-1988","age":"31","age_type":" years","family_id":"","s_date":"","marriage_date":"","premium":"8000","policyNo":"454,455,456","familyDataType":"undefined","empId":"620662","product":"RMxC5efb5c5a320e7","declare":"[]","gender":"Male"} [] []
[2020-07-06 18:54:34] generateOTP.INFO: test [] []
[2020-07-06 18:54:51] generateOTP.INFO: test [] []
[2020-07-06 18:55:12] generateOTP.INFO: test [] []
[2020-07-06 18:55:42] generateOTP.INFO: test [] []
[2020-07-06 18:55:42] generateOTP.INFO: test [] []
[2020-07-06 18:56:52] generateOTP.INFO: test [] []
[2020-07-06 18:57:08] generateOTP.INFO: test [] []
[2020-07-06 18:57:08] generateOTP.INFO: test [] []
[2020-07-06 18:57:59] generateOTP.INFO: test [] []
[2020-07-06 18:57:59] generateOTP.INFO: test [] []
[2020-07-06 18:58:06] generateOTP.INFO: test [] []
[2020-07-06 18:58:06] generateOTP.INFO: test [] []
[2020-07-06 18:58:13] generateOTP.INFO: test [] []
[2020-07-06 18:58:21] generateOTP.INFO: test [] []
[2020-07-06 18:58:45] documentsSave.INFO: {"ops_type":"[]","ids":"229,230,231"} [] []
[2020-07-06 18:58:45] documentsSaveFiles.INFO: [] [] []
[2020-07-06 18:59:22] generateOTP.INFO: test [] []
[2020-07-06 18:59:22] generateOTP.INFO: test [] []
[2020-07-06 18:59:40] generateOTP.INFO: {"salutation":"1","firstname":"test","lastname":"BANKING","dob":"19-12-1988","mob_no":"7010444138","panCard":"DDDDD6456A","email":"jack@gmail.com","ref1":"1","ref2":"1","comAdd":"Om hrad ntalatiof, holOmshre, talathioficeeachol, OmshreeSada9talathi","city":"MUMBAI","state":"MAHARASHTRA","pin_code":"622103","ISNRI":"N","update_emp_id":"620666","edit":"0","policy_no":"392,393","subtype_text":"1","sum_insure":"500000","familyConstruct":"1A","tenure":"1 Year","family_members_id":"0","family_gender":"Male","first_name":"test","last_name":"BANKING","family_date_birth":"19-12-1988","age":"31","age_type":" years","sub_type_check":["1"],"20":"No","family_id":"","s_date":"","marriage_date":"","premium":"8399.9952","policyNo":"392,393","familyDataType":"undefined","empId":"620666","product":"iWL65dcd54d9c5a65","declare":"[{\"question\":\"20\",\"format\":\"No\"}]","gender":"Male"} [] []
[2020-07-06 18:59:58] documentsSave.INFO: {"ops_type":"[]","ids":"232,233"} [] []
[2020-07-06 18:59:58] documentsSaveFiles.INFO: [] [] []
[2020-07-06 19:00:40] generateOTP.INFO: test [] []
[2020-07-06 19:00:40] generateOTP.INFO: test [] []
[2020-07-06 19:00:46] generateOTP.INFO: {"salutation":"1","firstname":"test","lastname":"BANKING","dob":"19-12-1988","mob_no":"7010444138","panCard":"DDDDD6456A","email":"jack@gmail.com","ref1":"1","ref2":"1","comAdd":"Om hrad ntalatiof, holOmshre, talathioficeeachol, OmshreeSada9talathi","city":"MUMBAI","state":"MAHARASHTRA","pin_code":"622103","ISNRI":"N","update_emp_id":"620667","edit":"0","policy_no":"392,393","subtype_text":"1","sum_insure":"500000","familyConstruct":"1A","tenure":"1 Year","family_members_id":"0","family_gender":"Male","first_name":"test","last_name":"BANKING","family_date_birth":"19-12-1988","age":"31","age_type":" years","family_id":"","s_date":"","marriage_date":"","premium":"8399.9952","policyNo":"392,393","familyDataType":"undefined","empId":"620667","product":"iWL65dcd54d9c5a65","declare":"[]","gender":"Male"} [] []
[2020-07-06 19:01:42] documentsSave.INFO: {"ops_type":"[]","ids":"234,235"} [] []
[2020-07-06 19:01:42] documentsSaveFiles.INFO: [] [] []
[2020-07-06 19:06:39] generateOTP.INFO: test [] []
[2020-07-06 19:07:10] generateOTP.INFO: test [] []
[2020-07-06 19:07:10] generateOTP.INFO: test [] []
[2020-07-06 19:07:18] generateOTP.INFO: {"salutation":"1","firstname":"test","lastname":"BANKING","dob":"19-12-1988","mob_no":"7010444138","panCard":"DDDDD6456A","email":"jack@gmail.com","ref1":"1","ref2":"1","comAdd":"Om hrad ntalatiof, holOmshre, talathioficeeachol, OmshreeSada9talathi","city":"MUMBAI","state":"MAHARASHTRA","pin_code":"622103","ISNRI":"N","update_emp_id":"620668","edit":"0","policy_no":"392,393","subtype_text":"1","sum_insure":"500000","familyConstruct":"1A","tenure":"1 Year","family_members_id":"0","family_gender":"Male","first_name":"test","last_name":"BANKING","family_date_birth":"19-12-1988","age":"31","age_type":" years","family_id":"","s_date":"","marriage_date":"","premium":"8399.9952","policyNo":"392,393","familyDataType":"undefined","empId":"620668","product":"iWL65dcd54d9c5a65","declare":"[]","gender":"Male"} [] []
[2020-07-06 19:07:33] documentsSave.INFO: {"ops_type":"[]","ids":"236,237"} [] []
[2020-07-06 19:07:33] documentsSaveFiles.INFO: [] [] []
[2020-07-06 22:36:55] generateOTP.INFO: test [] []
[2020-07-06 22:36:57] generateOTP.INFO: test [] []
[2020-07-06 22:37:00] generateOTP.INFO: test [] []
[2020-07-06 22:37:13] generateOTP.INFO: test [] []
[2020-07-06 22:37:17] generateOTP.INFO: test [] []
[2020-07-06 22:37:19] generateOTP.INFO: test [] []
[2020-07-06 22:37:42] generateOTP.INFO: test [] []
