[2020-07-07 10:55:36] generateOTP.INFO: test [] []
[2020-07-07 10:55:36] generateOTP.INFO: test [] []
[2020-07-07 10:55:37] generateOTP.INFO: test [] []
[2020-07-07 10:55:45] generateOTP.INFO: test [] []
[2020-07-07 10:55:51] generateOTP.INFO: test [] []
[2020-07-07 10:57:17] generateOTP.INFO: test [] []
[2020-07-07 10:59:54] generateOTP.INFO: test [] []
[2020-07-07 11:02:09] generateOTP.INFO: test [] []
[2020-07-07 11:02:26] generateOTP.INFO: test [] []
[2020-07-07 11:02:34] generateOTP.INFO: test [] []
[2020-07-07 11:02:35] generateOTP.INFO: test [] []
[2020-07-07 11:03:32] generateOTP.INFO: test [] []
[2020-07-07 11:04:04] generateOTP.INFO: test [] []
[2020-07-07 11:04:34] generateOTP.INFO: test [] []
[2020-07-07 11:04:35] generateOTP.INFO: test [] []
[2020-07-07 11:04:38] generateOTP.INFO: test [] []
[2020-07-07 11:04:51] generateOTP.INFO: test [] []
[2020-07-07 11:04:52] generateOTP.INFO: test [] []
[2020-07-07 11:05:07] generateOTP.INFO: test [] []
[2020-07-07 11:05:16] generateOTP.INFO: test [] []
[2020-07-07 11:05:18] generateOTP.INFO: test [] []
[2020-07-07 11:05:25] generateOTP.INFO: test [] []
[2020-07-07 11:05:29] generateOTP.INFO: test [] []
[2020-07-07 11:05:36] generateOTP.INFO: test [] []
[2020-07-07 11:05:38] generateOTP.INFO: test [] []
[2020-07-07 11:05:49] generateOTP.INFO: test [] []
[2020-07-07 11:06:00] generateOTP.INFO: test [] []
[2020-07-07 11:06:03] generateOTP.INFO: test [] []
[2020-07-07 11:06:18] generateOTP.INFO: test [] []
[2020-07-07 11:06:19] generateOTP.INFO: test [] []
[2020-07-07 11:06:24] generateOTP.INFO: test [] []
[2020-07-07 11:06:26] generateOTP.INFO: test [] []
[2020-07-07 11:06:38] generateOTP.INFO: test [] []
[2020-07-07 11:07:00] generateOTP.INFO: test [] []
[2020-07-07 11:07:02] generateOTP.INFO: test [] []
[2020-07-07 11:07:18] generateOTP.INFO: test [] []
[2020-07-07 11:07:37] generateOTP.INFO: test [] []
[2020-07-07 11:07:39] generateOTP.INFO: test [] []
[2020-07-07 11:08:10] generateOTP.INFO: test [] []
[2020-07-07 11:08:25] generateOTP.INFO: test [] []
[2020-07-07 11:08:27] generateOTP.INFO: test [] []
[2020-07-07 11:11:03] generateOTP.INFO: test [] []
[2020-07-07 11:11:26] generateOTP.INFO: test [] []
[2020-07-07 11:11:28] generateOTP.INFO: test [] []
[2020-07-07 11:47:51] generateOTP.INFO: test [] []
[2020-07-07 11:51:09] generateOTP.INFO: test [] []
[2020-07-07 11:51:11] generateOTP.INFO: test [] []
[2020-07-07 11:59:38] generateOTP.INFO: test [] []
[2020-07-07 11:59:51] generateOTP.INFO: test [] []
[2020-07-07 12:02:49] generateOTP.INFO: test [] []
[2020-07-07 12:02:49] generateOTP.INFO: test [] []
[2020-07-07 12:03:05] generateOTP.INFO: test [] []
[2020-07-07 12:07:42] generateOTP.INFO: test [] []
[2020-07-07 12:07:52] generateOTP.INFO: test [] []
[2020-07-07 12:07:56] generateOTP.INFO: test [] []
[2020-07-07 12:08:10] generateOTP.INFO: test [] []
[2020-07-07 12:08:11] generateOTP.INFO: test [] []
[2020-07-07 12:08:22] generateOTP.INFO: test [] []
[2020-07-07 12:08:28] generateOTP.INFO: test [] []
[2020-07-07 12:08:33] generateOTP.INFO: test [] []
[2020-07-07 12:08:39] generateOTP.INFO: test [] []
[2020-07-07 12:11:28] generateOTP.INFO: test [] []
[2020-07-07 12:13:17] generateOTP.INFO: test [] []
[2020-07-07 12:13:17] generateOTP.INFO: test [] []
[2020-07-07 12:13:35] generateOTP.INFO: {"salutation":"1","firstname":"test","lastname":"BANKING","dob":"19-12-1988","mob_no":"7010444138","panCard":"DDDDD6456A","email":"jack@gmail.com","ref1":"1","ref2":"1","comAdd":"Om hrad ntalatiof, holOmshre, talathioficeeachol, OmshreeSada9talathi","city":"MUMBAI","state":"MAHARASHTRA","pin_code":"622103","ISNRI":"N","update_emp_id":"620669","edit":"0","policy_no":"454,455,456","subtype_text":"1","sum_insure":"500000","familyConstruct":"1A+1K","tenure":"1 Year","family_members_id":"0","family_gender":"Male","first_name":"test","last_name":"BANKING","family_date_birth":"19-12-1988","age":"31","age_type":" years","family_id":"","s_date":"","marriage_date":"","premium":"11500","policyNo":"454,455,456","familyDataType":"undefined","empId":"620669","product":"RMxC5efb5c5a320e7","declare":"[]","gender":"Male"} [] []
[2020-07-07 12:13:59] generateOTP.INFO: {"salutation":"1","firstname":"test","lastname":"BANKING","dob":"19-12-1988","mob_no":"7010444138","panCard":"DDDDD6456A","email":"jack@gmail.com","ref1":"1","ref2":"1","comAdd":"Om hrad ntalatiof, holOmshre, talathioficeeachol, OmshreeSada9talathi","city":"MUMBAI","state":"MAHARASHTRA","pin_code":"622103","ISNRI":"N","update_emp_id":"620669","edit":"0","policy_no":"454,455,456","subtype_text":"1","sum_insure":"500000","familyConstruct":"1A+1K","tenure":"1 Year","family_members_id":"2","family_gender":"Male","first_name":"bscv","last_name":"xbcb","family_date_birth":"06-04-2020","age":"91","age_type":"days","family_id":"","s_date":"","marriage_date":"","premium":"11500","policyNo":"454,455,456","familyDataType":"undefined","empId":"620669","product":"RMxC5efb5c5a320e7","declare":"[]","gender":"Male"} [] []
[2020-07-07 12:14:48] documentsSave.INFO: {"ops_type":"[\"0\"]","ids":"239,240,241"} [] []
[2020-07-07 12:14:48] documentsSaveFiles.INFO: [{"name":"F5.jpg","type":"image\/jpeg","tmp_name":"\/tmp\/phpTcNSNL","error":0,"size":300320}] [] []
[2020-07-07 12:15:32] generateOTP.INFO: test [] []
[2020-07-07 12:15:38] generateOTP.INFO: test [] []
[2020-07-07 12:16:05] generateOTP.INFO: test [] []
[2020-07-07 12:18:03] generateOTP.INFO: test [] []
[2020-07-07 12:18:03] generateOTP.INFO: test [] []
[2020-07-07 12:18:12] generateOTP.INFO: test [] []
[2020-07-07 12:18:16] generateOTP.INFO: test [] []
[2020-07-07 12:19:08] generateOTP.INFO: test [] []
[2020-07-07 12:19:20] generateOTP.INFO: test [] []
[2020-07-07 12:19:20] generateOTP.INFO: test [] []
[2020-07-07 12:19:26] generateOTP.INFO: test [] []
[2020-07-07 12:19:58] generateOTP.INFO: test [] []
[2020-07-07 12:21:38] generateOTP.INFO: test [] []
[2020-07-07 12:21:49] generateOTP.INFO: test [] []
[2020-07-07 12:21:51] generateOTP.INFO: test [] []
[2020-07-07 12:22:00] generateOTP.INFO: test [] []
[2020-07-07 12:22:08] generateOTP.INFO: test [] []
[2020-07-07 12:22:12] generateOTP.INFO: test [] []
[2020-07-07 12:22:20] generateOTP.INFO: test [] []
[2020-07-07 12:22:39] generateOTP.INFO: test [] []
[2020-07-07 12:22:40] generateOTP.INFO: test [] []
[2020-07-07 12:22:51] generateOTP.INFO: test [] []
[2020-07-07 12:25:32] generateOTP.INFO: test [] []
[2020-07-07 12:26:17] generateOTP.INFO: test [] []
[2020-07-07 12:26:18] generateOTP.INFO: test [] []
[2020-07-07 12:26:24] generateOTP.INFO: test [] []
[2020-07-07 12:26:29] generateOTP.INFO: test [] []
[2020-07-07 12:26:30] generateOTP.INFO: test [] []
[2020-07-07 12:26:33] generateOTP.INFO: test [] []
[2020-07-07 12:26:37] generateOTP.INFO: test [] []
[2020-07-07 12:26:56] generateOTP.INFO: test [] []
[2020-07-07 12:27:01] generateOTP.INFO: test [] []
[2020-07-07 12:49:53] generateOTP.INFO: test [] []
[2020-07-07 12:49:53] generateOTP.INFO: test [] []
[2020-07-07 12:49:54] generateOTP.INFO: test [] []
[2020-07-07 12:50:01] generateOTP.INFO: test [] []
[2020-07-07 13:03:12] generateOTP.INFO: test [] []
[2020-07-07 13:04:35] generateOTP.INFO: test [] []
[2020-07-07 13:07:53] generateOTP.INFO: test [] []
[2020-07-07 13:20:08] generateOTP.INFO: test [] []
[2020-07-07 13:21:12] generateOTP.INFO: test [] []
[2020-07-07 13:21:29] generateOTP.INFO: test [] []
[2020-07-07 13:28:04] generateOTP.INFO: test [] []
[2020-07-07 13:28:27] generateOTP.INFO: test [] []
[2020-07-07 13:28:28] generateOTP.INFO: test [] []
[2020-07-07 13:28:50] generateOTP.INFO: test [] []
[2020-07-07 13:29:00] generateOTP.INFO: test [] []
[2020-07-07 13:29:01] generateOTP.INFO: test [] []
[2020-07-07 13:29:10] generateOTP.INFO: test [] []
[2020-07-07 13:29:29] generateOTP.INFO: test [] []
[2020-07-07 13:30:21] generateOTP.INFO: test [] []
[2020-07-07 13:38:41] generateOTP.INFO: test [] []
[2020-07-07 13:39:40] generateOTP.INFO: test [] []
[2020-07-07 13:39:42] generateOTP.INFO: test [] []
[2020-07-07 13:45:37] generateOTP.INFO: test [] []
[2020-07-07 13:45:38] generateOTP.INFO: test [] []
[2020-07-07 13:45:43] generateOTP.INFO: test [] []
[2020-07-07 13:46:23] generateOTP.INFO: test [] []
[2020-07-07 13:46:46] generateOTP.INFO: test [] []
[2020-07-07 13:47:15] generateOTP.INFO: test [] []
[2020-07-07 14:36:58] generateOTP.INFO: test [] []
[2020-07-07 14:36:59] generateOTP.INFO: test [] []
[2020-07-07 14:37:32] generateOTP.INFO: test [] []
[2020-07-07 14:37:42] generateOTP.INFO: test [] []
[2020-07-07 14:41:45] generateOTP.INFO: test [] []
[2020-07-07 14:41:51] generateOTP.INFO: test [] []
[2020-07-07 14:42:18] generateOTP.INFO: {"salutation":"1","firstname":"test","lastname":"BANKING","dob":"19-12-1988","mob_no":"7010444138","panCard":"DDDDD6456A","email":"jack@gmail.com","ref1":"1","ref2":"1","comAdd":"Om hrad ntalatiof, holOmshre, talathioficeeachol, OmshreeSada9talathi","city":"MUMBAI","state":"MAHARASHTRA","pin_code":"622103","ISNRI":"N","update_emp_id":"620672","edit":"0","policy_no":"454,455,456","subtype_text":"1","sum_insure":"500000","familyConstruct":"2A+2K","tenure":"1 Year","family_members_id":"0","family_gender":"Male","first_name":"test","last_name":"BANKING","family_date_birth":"19-12-1988","age":"31","age_type":" years","family_id":"","s_date":"","marriage_date":"","premium":"17000","policyNo":"454,455,456","familyDataType":"undefined","empId":"620672","product":"RMxC5efb5c5a320e7","declare":"[]","gender":"Male"} [] []
[2020-07-07 14:42:36] generateOTP.INFO: {"salutation":"1","firstname":"test","lastname":"BANKING","dob":"19-12-1988","mob_no":"7010444138","panCard":"DDDDD6456A","email":"jack@gmail.com","ref1":"1","ref2":"1","comAdd":"Om hrad ntalatiof, holOmshre, talathioficeeachol, OmshreeSada9talathi","city":"MUMBAI","state":"MAHARASHTRA","pin_code":"622103","ISNRI":"N","update_emp_id":"620672","edit":"0","policy_no":"454,455,456","subtype_text":"1","sum_insure":"500000","familyConstruct":"2A+2K","tenure":"1 Year","family_members_id":"1","family_gender":"Female","first_name":"cda","last_name":"adf","family_date_birth":"23-07-1992","age":"27","age_type":" years","family_id":"","s_date":"","marriage_date":"","premium":"17000","policyNo":"454,455,456","familyDataType":"undefined","empId":"620672","product":"RMxC5efb5c5a320e7","declare":"[]","gender":"Male"} [] []
[2020-07-07 14:42:48] generateOTP.INFO: {"salutation":"1","firstname":"test","lastname":"BANKING","dob":"19-12-1988","mob_no":"7010444138","panCard":"DDDDD6456A","email":"jack@gmail.com","ref1":"1","ref2":"1","comAdd":"Om hrad ntalatiof, holOmshre, talathioficeeachol, OmshreeSada9talathi","city":"MUMBAI","state":"MAHARASHTRA","pin_code":"622103","ISNRI":"N","update_emp_id":"620672","edit":"0","policy_no":"454,455,456","subtype_text":"1","sum_insure":"500000","familyConstruct":"2A+2K","tenure":"1 Year","family_members_id":"2","family_gender":"Male","first_name":"as","last_name":"sa","family_date_birth":"12-07-2007","age":"12","age_type":" years","family_id":"","s_date":"","marriage_date":"","premium":"17000","policyNo":"454,455,456","familyDataType":"undefined","empId":"620672","product":"RMxC5efb5c5a320e7","declare":"[]","gender":"Male"} [] []
[2020-07-07 14:43:01] generateOTP.INFO: {"salutation":"1","firstname":"test","lastname":"BANKING","dob":"19-12-1988","mob_no":"7010444138","panCard":"DDDDD6456A","email":"jack@gmail.com","ref1":"1","ref2":"1","comAdd":"Om hrad ntalatiof, holOmshre, talathioficeeachol, OmshreeSada9talathi","city":"MUMBAI","state":"MAHARASHTRA","pin_code":"622103","ISNRI":"N","update_emp_id":"620672","edit":"0","policy_no":"454,455,456","subtype_text":"1","sum_insure":"500000","familyConstruct":"2A+2K","tenure":"1 Year","family_members_id":"3","family_gender":"Female","first_name":"asd","last_name":"sad","family_date_birth":"28-01-2020","age":"160","age_type":"days","family_id":"","s_date":"","marriage_date":"","premium":"17000","policyNo":"454,455,456","familyDataType":"undefined","empId":"620672","product":"RMxC5efb5c5a320e7","declare":"[]","gender":"Male"} [] []
[2020-07-07 14:43:23] documentsSave.INFO: {"ops_type":"[]","ids":"244,245,246"} [] []
[2020-07-07 14:43:23] documentsSaveFiles.INFO: [] [] []
[2020-07-07 14:44:10] generateOTP.INFO: test [] []
[2020-07-07 16:03:01] generateOTP.INFO: test [] []
[2020-07-07 16:03:05] generateOTP.INFO: test [] []
[2020-07-07 16:03:12] generateOTP.INFO: test [] []
[2020-07-07 16:39:55] generateOTP.INFO: test [] []
[2020-07-07 16:39:57] generateOTP.INFO: test [] []
[2020-07-07 16:40:30] generateOTP.INFO: test [] []
[2020-07-07 16:41:58] generateOTP.INFO: test [] []
[2020-07-07 16:42:07] generateOTP.INFO: test [] []
[2020-07-07 16:42:25] generateOTP.INFO: test [] []
[2020-07-07 16:43:06] generateOTP.INFO: test [] []
[2020-07-07 16:43:59] generateOTP.INFO: test [] []
[2020-07-07 16:48:52] generateOTP.INFO: test [] []
[2020-07-07 16:49:04] generateOTP.INFO: test [] []
[2020-07-07 16:49:04] generateOTP.INFO: test [] []
[2020-07-07 16:49:17] generateOTP.INFO: test [] []
[2020-07-07 16:49:21] generateOTP.INFO: test [] []
[2020-07-07 16:53:22] generateOTP.INFO: test [] []
[2020-07-07 16:53:25] generateOTP.INFO: test [] []
[2020-07-07 16:53:47] generateOTP.INFO: {"salutation":"1","firstname":"test","lastname":"BANKING","dob":"19-12-1988","mob_no":"7010444138","panCard":"DDDDD6456A","email":"jack@gmail.com","ref1":"1","ref2":"1","comAdd":"Om hrad ntalatiof, holOmshre, talathioficeeachol, OmshreeSada9talathi","city":"MUMBAI","state":"MAHARASHTRA","pin_code":"622103","ISNRI":"N","update_emp_id":"620674","edit":"0","policy_no":"454,455,456","subtype_text":"1","sum_insure":"500000","familyConstruct":"1A","tenure":"1 Year","family_members_id":"0","family_gender":"Male","first_name":"test","last_name":"BANKING","family_date_birth":"19-12-1988","age":"31","age_type":" years","family_id":"","s_date":"","marriage_date":"","premium":"8000","policyNo":"454,455,456","familyDataType":"undefined","empId":"620674","product":"RMxC5efb5c5a320e7","declare":"[]","gender":"Male"} [] []
[2020-07-07 16:54:08] documentsSave.INFO: {"ops_type":"[]","ids":"247,248,249"} [] []
[2020-07-07 16:54:08] documentsSaveFiles.INFO: [] [] []
[2020-07-07 16:54:50] generateOTP.INFO: test [] []
[2020-07-07 16:55:43] generateOTP.INFO: test [] []
[2020-07-07 16:55:43] generateOTP.INFO: test [] []
[2020-07-07 16:56:05] generateOTP.INFO: {"salutation":"1","firstname":"test","lastname":"BANKING","dob":"19-12-1988","mob_no":"7010444138","panCard":"DDDDD6456A","email":"jack@gmail.com","ref1":"1","ref2":"1","comAdd":"Om hrad ntalatiof, holOmshre, talathioficeeachol, OmshreeSada9talathi","city":"MUMBAI","state":"MAHARASHTRA","pin_code":"622103","ISNRI":"N","update_emp_id":"620675","edit":"0","policy_no":"454,455,456","subtype_text":"1","sum_insure":"1500000","familyConstruct":"1A+2K","tenure":"1 Year","family_members_id":"0","family_gender":"Male","first_name":"test","last_name":"BANKING","family_date_birth":"19-12-1988","age":"31","age_type":" years","family_id":"","s_date":"","marriage_date":"","premium":"22000","policyNo":"454,455,456","familyDataType":"undefined","empId":"620675","product":"RMxC5efb5c5a320e7","declare":"[]","gender":"Male"} [] []
[2020-07-07 16:56:18] generateOTP.INFO: {"salutation":"1","firstname":"test","lastname":"BANKING","dob":"19-12-1988","mob_no":"7010444138","panCard":"DDDDD6456A","email":"jack@gmail.com","ref1":"1","ref2":"1","comAdd":"Om hrad ntalatiof, holOmshre, talathioficeeachol, OmshreeSada9talathi","city":"MUMBAI","state":"MAHARASHTRA","pin_code":"622103","ISNRI":"N","update_emp_id":"620675","edit":"0","policy_no":"454,455,456","subtype_text":"1","sum_insure":"1500000","familyConstruct":"1A+2K","tenure":"1 Year","family_members_id":"1","family_gender":"Female","first_name":"dv","last_name":"ds","family_date_birth":"12-07-2006","age":"13","age_type":" years","family_id":"","s_date":"","marriage_date":"","premium":"22000","policyNo":"454,455,456","familyDataType":"undefined","empId":"620675","product":"RMxC5efb5c5a320e7","declare":"[]","gender":"Male"} [] []
[2020-07-07 16:56:22] generateOTP.INFO: {"salutation":"1","firstname":"test","lastname":"BANKING","dob":"19-12-1988","mob_no":"7010444138","panCard":"DDDDD6456A","email":"jack@gmail.com","ref1":"1","ref2":"1","comAdd":"Om hrad ntalatiof, holOmshre, talathioficeeachol, OmshreeSada9talathi","city":"MUMBAI","state":"MAHARASHTRA","pin_code":"622103","ISNRI":"N","update_emp_id":"620675","edit":"0","policy_no":"454,455,456","subtype_text":"1","sum_insure":"1500000","familyConstruct":"1A+2K","tenure":"1 Year","family_members_id":"1","family_gender":"Female","first_name":"dv","last_name":"ds","family_date_birth":"12-07-2006","age":"13","age_type":" years","family_id":"","s_date":"","marriage_date":"","premium":"22000","policyNo":"454,455,456","familyDataType":"undefined","empId":"620675","product":"RMxC5efb5c5a320e7","declare":"[]","gender":"Male"} [] []
[2020-07-07 16:56:31] generateOTP.INFO: {"salutation":"1","firstname":"test","lastname":"BANKING","dob":"19-12-1988","mob_no":"7010444138","panCard":"DDDDD6456A","email":"jack@gmail.com","ref1":"1","ref2":"1","comAdd":"Om hrad ntalatiof, holOmshre, talathioficeeachol, OmshreeSada9talathi","city":"MUMBAI","state":"MAHARASHTRA","pin_code":"622103","ISNRI":"N","update_emp_id":"620675","edit":"0","policy_no":"454,455,456","subtype_text":"1","sum_insure":"1500000","familyConstruct":"1A+2K","tenure":"1 Year","family_members_id":"2","family_gender":"Male","first_name":"g","last_name":"fdg","family_date_birth":"23-07-2008","age":"11","age_type":" years","family_id":"","s_date":"","marriage_date":"","premium":"22000","policyNo":"454,455,456","familyDataType":"undefined","empId":"620675","product":"RMxC5efb5c5a320e7","declare":"[]","gender":"Male"} [] []
[2020-07-07 16:56:42] generateOTP.INFO: {"salutation":"1","firstname":"test","lastname":"BANKING","dob":"19-12-1988","mob_no":"7010444138","panCard":"DDDDD6456A","email":"jack@gmail.com","ref1":"1","ref2":"1","comAdd":"Om hrad ntalatiof, holOmshre, talathioficeeachol, OmshreeSada9talathi","city":"MUMBAI","state":"MAHARASHTRA","pin_code":"622103","ISNRI":"N","update_emp_id":"620675","edit":"0","policy_no":"454,455,456","subtype_text":"1","sum_insure":"1500000","familyConstruct":"1A+2K","tenure":"1 Year","family_members_id":"3","family_gender":"Female","first_name":"fg","last_name":"fd","family_date_birth":"01-01-2020","age":"187","age_type":"days","family_id":"","s_date":"","marriage_date":"","premium":"22000","policyNo":"454,455,456","familyDataType":"undefined","empId":"620675","product":"RMxC5efb5c5a320e7","declare":"[]","gender":"Male"} [] []
[2020-07-07 16:57:54] documentsSave.INFO: {"ops_type":"[]","ids":"250,251,252"} [] []
[2020-07-07 16:57:54] documentsSaveFiles.INFO: [] [] []
[2020-07-07 16:58:32] generateOTP.INFO: test [] []
[2020-07-07 16:58:32] generateOTP.INFO: test [] []
[2020-07-07 17:00:43] generateOTP.INFO: test [] []
[2020-07-07 17:00:43] generateOTP.INFO: test [] []
[2020-07-07 17:01:23] generateOTP.INFO: test [] []
[2020-07-07 17:01:24] generateOTP.INFO: test [] []
[2020-07-07 17:03:36] generateOTP.INFO: test [] []
[2020-07-07 17:03:36] generateOTP.INFO: test [] []
[2020-07-07 17:03:46] generateOTP.INFO: test [] []
[2020-07-07 17:03:46] generateOTP.INFO: test [] []
[2020-07-07 17:04:10] generateOTP.INFO: test [] []
[2020-07-07 17:04:10] generateOTP.INFO: test [] []
[2020-07-07 17:05:40] generateOTP.INFO: {"salutation":"1","firstname":"test","lastname":"BANKING","dob":"19-12-1988","mob_no":"7010444138","panCard":"DDDDD6456A","email":"jack@gmail.com","ref1":"1","ref2":"1","comAdd":"Om hrad ntalatiof, holOmshre, talathioficeeachol, OmshreeSada9talathi","city":"MUMBAI","state":"MAHARASHTRA","pin_code":"622103","ISNRI":"N","update_emp_id":"620676","edit":"0","policy_no":"392,393","subtype_text":"1","sum_insure":"500000","familyConstruct":"1A+1K","tenure":"1 Year","family_members_id":"0","family_gender":"Male","first_name":"test","last_name":"BANKING","family_date_birth":"19-12-1988","age":"31","age_type":" years","family_id":"","s_date":"","marriage_date":"","premium":"11301.0016","policyNo":"392,393","familyDataType":"undefined","empId":"620676","product":"iWL65dcd54d9c5a65","declare":"[]","gender":"Male"} [] []
[2020-07-07 17:05:54] generateOTP.INFO: test [] []
[2020-07-07 17:05:56] generateOTP.INFO: test [] []
[2020-07-07 17:06:36] generateOTP.INFO: {"salutation":"1","firstname":"test","lastname":"BANKING","dob":"19-12-1988","mob_no":"7010444138","panCard":"DDDDD6456A","email":"jack@gmail.com","ref1":"1","ref2":"1","comAdd":"Om hrad ntalatiof, holOmshre, talathioficeeachol, OmshreeSada9talathi","city":"MUMBAI","state":"MAHARASHTRA","pin_code":"622103","ISNRI":"N","update_emp_id":"620676","edit":"0","policy_no":"392,393","subtype_text":"1","sum_insure":"500000","familyConstruct":"1A+1K","tenure":"1 Year","family_members_id":"2","family_gender":"Male","first_name":"vf","last_name":"df","family_date_birth":"24-07-2013","age":"6","age_type":" years","family_id":"","s_date":"","marriage_date":"","premium":"11301.0016","policyNo":"392,393","familyDataType":"undefined","empId":"620676","product":"iWL65dcd54d9c5a65","declare":"[]","gender":"Male"} [] []
[2020-07-07 17:06:44] generateOTP.INFO: {"salutation":"1","firstname":"test","lastname":"BANKING","dob":"19-12-1988","mob_no":"7010444138","panCard":"DDDDD6456A","email":"jack@gmail.com","ref1":"1","ref2":"1","comAdd":"Om hrad ntalatiof, holOmshre, talathioficeeachol, OmshreeSada9talathi","city":"MUMBAI","state":"MAHARASHTRA","pin_code":"622103","ISNRI":"N","update_emp_id":"620676","edit":"0","policy_no":"392,393","subtype_text":"1","sum_insure":"500000","familyConstruct":"1A+1K","tenure":"1 Year","family_members_id":"0","family_gender":"Male","first_name":"test","last_name":"BANKING","family_date_birth":"19-12-1988","age":"31","age_type":" years","family_id":"","s_date":"","marriage_date":"","premium":"11301.0016","policyNo":"392,393","familyDataType":"undefined","empId":"620676","product":"iWL65dcd54d9c5a65","declare":"[]","gender":"Male"} [] []
[2020-07-07 17:07:00] documentsSave.INFO: {"ops_type":"[]","ids":"253,254"} [] []
[2020-07-07 17:07:00] documentsSaveFiles.INFO: [] [] []
[2020-07-07 17:45:00] generateOTP.INFO: test [] []
[2020-07-07 17:45:29] generateOTP.INFO: test [] []
[2020-07-07 17:45:29] generateOTP.INFO: test [] []
[2020-07-07 17:45:40] generateOTP.INFO: test [] []
[2020-07-07 17:45:41] generateOTP.INFO: test [] []
[2020-07-07 17:46:24] generateOTP.INFO: test [] []
[2020-07-07 17:46:26] generateOTP.INFO: test [] []
[2020-07-07 17:47:01] generateOTP.INFO: test [] []
[2020-07-07 17:47:03] generateOTP.INFO: test [] []
[2020-07-07 17:48:20] generateOTP.INFO: test [] []
[2020-07-07 17:48:26] generateOTP.INFO: test [] []
[2020-07-07 17:48:27] generateOTP.INFO: test [] []
[2020-07-07 17:51:18] generateOTP.INFO: test [] []
[2020-07-07 17:51:23] generateOTP.INFO: test [] []
[2020-07-07 18:30:55] generateOTP.INFO: test [] []
[2020-07-07 18:30:57] generateOTP.INFO: test [] []
[2020-07-07 18:31:03] generateOTP.INFO: test [] []
[2020-07-07 18:31:30] generateOTP.INFO: test [] []
[2020-07-07 18:40:18] generateOTP.INFO: test [] []
[2020-07-07 18:52:30] generateOTP.INFO: test [] []
[2020-07-07 18:52:39] generateOTP.INFO: {"salutation":"1","firstname":"test","lastname":"BANKING","dob":"19-12-1988","mob_no":"7010444138","panCard":"DDDDD6456A","email":"jack@gmail.com","ref1":"1","ref2":"1","comAdd":"Om hrad ntalatiof, holOmshre, talathioficeeachol, OmshreeSada9talathi","city":"MUMBAI","state":"MAHARASHTRA","pin_code":"622103","ISNRI":"N","update_emp_id":"620677","edit":"0","policy_no":"454,455,456","subtype_text":"1","sum_insure":"500000","familyConstruct":"1A","tenure":"1 Year","family_members_id":"0","family_gender":"Male","first_name":"test","last_name":"BANKING","family_date_birth":"19-12-1988","age":"31","age_type":" years","family_id":"","s_date":"","marriage_date":"","premium":"8000","policyNo":"454,455,456","familyDataType":"undefined","empId":"620677","product":"RMxC5efb5c5a320e7","declare":"[]","gender":"Male"} [] []
[2020-07-07 18:52:59] documentsSave.INFO: {"ops_type":"[]","ids":"255,256,257"} [] []
[2020-07-07 18:52:59] documentsSaveFiles.INFO: [] [] []
[2020-07-07 18:53:43] generateOTP.INFO: test [] []
[2020-07-07 18:54:00] generateOTP.INFO: {"salutation":"1","firstname":"test","lastname":"BANKING","dob":"19-12-1988","mob_no":"7010444138","panCard":"DDDDD6456A","email":"jack@gmail.com","ref1":"1","ref2":"1","comAdd":"Om hrad ntalatiof, holOmshre, talathioficeeachol, OmshreeSada9talathi","city":"MUMBAI","state":"MAHARASHTRA","pin_code":"622103","ISNRI":"N","update_emp_id":"620678","edit":"0","policy_no":"454,455,456","subtype_text":"1","sum_insure":"500000","familyConstruct":"1A","tenure":"1 Year","family_members_id":"0","family_gender":"Male","first_name":"test","last_name":"BANKING","family_date_birth":"19-12-1988","age":"31","age_type":" years","family_id":"","s_date":"","marriage_date":"","premium":"8000","policyNo":"454,455,456","familyDataType":"undefined","empId":"620678","product":"RMxC5efb5c5a320e7","declare":"[]","gender":"Male"} [] []
[2020-07-07 18:54:25] documentsSave.INFO: {"ops_type":"[]","ids":"258,259,260"} [] []
[2020-07-07 18:54:25] documentsSaveFiles.INFO: [] [] []
[2020-07-07 18:55:13] generateOTP.INFO: test [] []
[2020-07-07 18:56:29] generateOTP.INFO: test [] []
[2020-07-07 18:56:47] generateOTP.INFO: {"salutation":"1","firstname":"test","lastname":"BANKING","dob":"19-12-1988","mob_no":"7010444138","panCard":"DDDDD6456A","email":"jack@gmail.com","ref1":"1","ref2":"1","comAdd":"Om hrad ntalatiof, holOmshre, talathioficeeachol, OmshreeSada9talathi","city":"MUMBAI","state":"MAHARASHTRA","pin_code":"622103","ISNRI":"N","update_emp_id":"620679","edit":"0","policy_no":"454,455,456","subtype_text":"1","sum_insure":"500000","familyConstruct":"1A","tenure":"1 Year","family_members_id":"0","family_gender":"Male","first_name":"test","last_name":"BANKING","family_date_birth":"19-12-1988","age":"31","age_type":" years","family_id":"","s_date":"","marriage_date":"","premium":"8000","policyNo":"454,455,456","familyDataType":"undefined","empId":"620679","product":"RMxC5efb5c5a320e7","declare":"[]","gender":"Male"} [] []
[2020-07-07 19:05:15] generateOTP.INFO: test [] []
[2020-07-07 19:09:24] generateOTP.INFO: test [] []
[2020-07-07 19:09:24] generateOTP.INFO: test [] []
[2020-07-07 19:11:49] generateOTP.INFO: test [] []
[2020-07-07 19:12:36] full_quote_request1.INFO: {"ClientCreation":{"Member_Customer_ID":"2606436618000044","salutation":"Mr","firstName":"test","middleName":"","lastName":"BANKING","dateofBirth":"12\/19\/1988","gender":"M","educationalQualification":null,"pinCode":"622103","uidNo":"5478-2589-3688","maritalStatus":null,"nationality":"Indian","occupation":"O553","primaryEmailID":"jack@gmail.com","contactMobileNo":"7010444138","stdLandlineNo":null,"panNo":null,"passportNumber":null,"contactPerson":null,"annualIncome":null,"remarks":null,"startDate":"2020-07-07","endDate":null,"IdProof":"Adhaar Card","residenceProof":null,"ageProof":null,"others":null,"homeAddressLine1":"Om hrad ntalatiof, holOmshre, talathioficeeachol, OmshreeSada9talathi","homeAddressLine2":null,"homeAddressLine3":null,"homePinCode":"622103","homeArea":null,"homeContactMobileNo":null,"homeContactMobileNo2":null,"homeSTDLandlineNo":null,"homeFaxNo":null,"sameAsHomeAddress":"1","mailingAddressLine1":null,"mailingAddressLine2":null,"mailingAddressLine3":null,"mailingPinCode":null,"mailingArea":null,"mailingContactMobileNo":null,"mailingContactMobileNo2":null,"mailingSTDLandlineNo":null,"mailingSTDLandlineNo2":null,"mailingFaxNo":null,"bankAccountType":null,"bankAccountNo":null,"ifscCode":null,"GSTIN":null,"GSTRegistrationStatus":"Consumers","IsEIAavailable":"0","ApplyEIA":"0","EIAAccountNo":null,"EIAWith":"0","AccountType":null,"AddressProof":null,"DOBProof":null,"IdentityProof":null},"PolicyCreationRequest":{"Quotation_Number":"","MasterPolicyNumber":"0","GroupID":null,"Product_Code":"4211","intermediaryCode":"2104794","AutoRenewal":"Y","intermediaryBranchCode":"10MHMUM01","agentSignatureDate":null,"Customer_Signature_Date":null,"businessSourceChannel":null,"AssignPolicy":"0","AssigneeName":null,"leadID":"20207775543216","Source_Name":"AXIS_GHI","SPID":"1","TCN":null,"CRTNO":null,"RefCode1":"1","RefCode2":"051","Employee_Number":"620675","enumIsEmployeeDiscount":null,"QuoteDate":null,"IsPayment":"0","PaymentMode":null,"PolicyproductComponents":[{"PlanCode":"4211","SumInsured":"1500000","SchemeCode":"4112000003"}]},"MemObj":{"Member":[{"MemberNo":1,"Salutation":"Mr","First_Name":"test","Middle_Name":null,"Last_Name":"BANKING","Gender":"M","DateOfBirth":"12\/19\/1988","Relation_Code":"R001","Marital_Status":null,"height":"0.00","weight":"0","occupation":"O553","PrimaryMember":"Y","MemberproductComponents":[{"PlanCode":"4211","MemberQuestionDetails":[{"QuestionCode":null,"Answer":null,"Remarks":null}]}],"MemberPED":[{"PEDCode":null,"Remarks":null}],"exactDiagnosis":null,"dateOfDiagnosis":null,"lastDateConsultation":null,"detailsOfTreatmentGiven":null,"doctorName":null,"hospitalName":null,"phoneNumberHosital":null,"Nominee_First_Name":"dsf","Nominee_Last_Name":"fg","Nominee_Contact_Number":"9999999999","Nominee_Home_Address":null,"Nominee_Relationship_Code":"R002"},{"MemberNo":2,"Salutation":"Mr","First_Name":"g","Middle_Name":null,"Last_Name":"fdg","Gender":"M","DateOfBirth":"07\/23\/2008","Relation_Code":"R003","Marital_Status":null,"height":"0.00","weight":"0","occupation":"O553","PrimaryMember":"N","MemberproductComponents":[{"PlanCode":"4211","MemberQuestionDetails":[{"QuestionCode":null,"Answer":null,"Remarks":null}]}],"MemberPED":[{"PEDCode":null,"Remarks":null}],"exactDiagnosis":null,"dateOfDiagnosis":null,"lastDateConsultation":null,"detailsOfTreatmentGiven":null,"doctorName":null,"hospitalName":null,"phoneNumberHosital":null,"Nominee_First_Name":"dsf","Nominee_Last_Name":"fg","Nominee_Contact_Number":"9999999999","Nominee_Home_Address":null,"Nominee_Relationship_Code":"R002"},{"MemberNo":3,"Salutation":"Mrs","First_Name":"fg","Middle_Name":null,"Last_Name":"fd","Gender":"F","DateOfBirth":"01\/01\/2020","Relation_Code":"R004","Marital_Status":null,"height":"0.00","weight":"0","occupation":"O553","PrimaryMember":"N","MemberproductComponents":[{"PlanCode":"4211","MemberQuestionDetails":[{"QuestionCode":null,"Answer":null,"Remarks":null}]}],"MemberPED":[{"PEDCode":null,"Remarks":null}],"exactDiagnosis":null,"dateOfDiagnosis":null,"lastDateConsultation":null,"detailsOfTreatmentGiven":null,"doctorName":null,"hospitalName":null,"phoneNumberHosital":null,"Nominee_First_Name":"dsf","Nominee_Last_Name":"fg","Nominee_Contact_Number":"9999999999","Nominee_Home_Address":null,"Nominee_Relationship_Code":"R002"}]},"ReceiptCreation":{"officeLocation":"","modeOfEntry":"","cdAcNo":null,"expiryDate":null,"payerType":"","payerCode":null,"paymentBy":"","paymentByName":null,"paymentByRelationship":null,"collectionAmount":"","collectionRcvdDate":null,"collectionMode":"","remarks":null,"instrumentNumber":null,"instrumentDate":null,"bankName":null,"branchName":null,"bankLocation":null,"micrNo":null,"chequeType":null,"ifscCode":"","PaymentGatewayName":"","TerminalID":"","CardNo":null}} [] []
[2020-07-07 19:12:40] full_quote_reponse1.INFO: "<ns0:GHI_Res xmlns:ns0=\"http:\/\/ABHICL_NBP_QuickQuote_Schemas.GHI_Response\"><errorObj><ErrorNumber>999<\/ErrorNumber><ErrorMessage>Group ID is mandatory<\/ErrorMessage><\/errorObj><policyDtls><TransactionReferenceNumber><\/TransactionReferenceNumber><QuotationNumber><\/QuotationNumber><CertificateNumber><\/CertificateNumber><LetterURL><\/LetterURL><ClientID><\/ClientID><ProductName><\/ProductName><ProductCode><\/ProductCode><LineOfBusiness><\/LineOfBusiness><startDate><\/startDate><EndDate><\/EndDate><PolicyNumber><\/PolicyNumber><ProposalNumber><\/ProposalNumber><PolicyStatus><\/PolicyStatus><Tenure><\/Tenure><stpFlag><\/stpFlag><COIUrl>Could not find file u0027c:windowssystem32inetsrvObject cannot be cast from DBNull to other typesu0027.<\/COIUrl><\/policyDtls><premium><BasePremium><\/BasePremium><NetPremium><\/NetPremium><GST><\/GST><GrossPremium><\/GrossPremium><\/premium><receiptObj><ReceiptNumber><\/ReceiptNumber><ReceiptAmount><\/ReceiptAmount><ExcessAmount><\/ExcessAmount><\/receiptObj><\/ns0:GHI_Res>" [] []
[2020-07-07 19:12:46] generateOTP.INFO: test [] []
[2020-07-07 19:14:08] generateOTP.INFO: test [] []
[2020-07-07 19:14:11] full_quote_request1.INFO: {"ClientCreation":{"Member_Customer_ID":"2606436618000044","salutation":"Mr","firstName":"test","middleName":"","lastName":"BANKING","dateofBirth":"12\/19\/1988","gender":"M","educationalQualification":null,"pinCode":"622103","uidNo":"5478-2589-3688","maritalStatus":null,"nationality":"Indian","occupation":"O553","primaryEmailID":"jack@gmail.com","contactMobileNo":"7010444138","stdLandlineNo":null,"panNo":null,"passportNumber":null,"contactPerson":null,"annualIncome":null,"remarks":null,"startDate":"2020-07-07","endDate":null,"IdProof":"Adhaar Card","residenceProof":null,"ageProof":null,"others":null,"homeAddressLine1":"Om hrad ntalatiof, holOmshre, talathioficeeachol, OmshreeSada9talathi","homeAddressLine2":null,"homeAddressLine3":null,"homePinCode":"622103","homeArea":null,"homeContactMobileNo":null,"homeContactMobileNo2":null,"homeSTDLandlineNo":null,"homeFaxNo":null,"sameAsHomeAddress":"1","mailingAddressLine1":null,"mailingAddressLine2":null,"mailingAddressLine3":null,"mailingPinCode":null,"mailingArea":null,"mailingContactMobileNo":null,"mailingContactMobileNo2":null,"mailingSTDLandlineNo":null,"mailingSTDLandlineNo2":null,"mailingFaxNo":null,"bankAccountType":null,"bankAccountNo":null,"ifscCode":null,"GSTIN":null,"GSTRegistrationStatus":"Consumers","IsEIAavailable":"0","ApplyEIA":"0","EIAAccountNo":null,"EIAWith":"0","AccountType":null,"AddressProof":null,"DOBProof":null,"IdentityProof":null},"PolicyCreationRequest":{"Quotation_Number":"","MasterPolicyNumber":"61-20-00026-00-00","GroupID":"GRP028","Product_Code":"4211","intermediaryCode":"2108218","AutoRenewal":"Y","intermediaryBranchCode":"10MHMUM01","agentSignatureDate":null,"Customer_Signature_Date":null,"businessSourceChannel":null,"AssignPolicy":"0","AssigneeName":null,"leadID":"20207775543216","Source_Name":"AXIS_GHI_EW","SPID":"1","TCN":null,"CRTNO":null,"RefCode1":"1","RefCode2":"051","Employee_Number":"620675","enumIsEmployeeDiscount":null,"QuoteDate":null,"IsPayment":"0","PaymentMode":null,"PolicyproductComponents":[{"PlanCode":"4211","SumInsured":"1500000","SchemeCode":"4112000003"}]},"MemObj":{"Member":[{"MemberNo":1,"Salutation":"Mr","First_Name":"test","Middle_Name":null,"Last_Name":"BANKING","Gender":"M","DateOfBirth":"12\/19\/1988","Relation_Code":"R001","Marital_Status":null,"height":"0.00","weight":"0","occupation":"O553","PrimaryMember":"Y","MemberproductComponents":[{"PlanCode":"4211","MemberQuestionDetails":[{"QuestionCode":null,"Answer":null,"Remarks":null}]}],"MemberPED":[{"PEDCode":null,"Remarks":null}],"exactDiagnosis":null,"dateOfDiagnosis":null,"lastDateConsultation":null,"detailsOfTreatmentGiven":null,"doctorName":null,"hospitalName":null,"phoneNumberHosital":null,"Nominee_First_Name":"dsf","Nominee_Last_Name":"fg","Nominee_Contact_Number":"9999999999","Nominee_Home_Address":null,"Nominee_Relationship_Code":"R002"},{"MemberNo":2,"Salutation":"Mr","First_Name":"g","Middle_Name":null,"Last_Name":"fdg","Gender":"M","DateOfBirth":"07\/23\/2008","Relation_Code":"R003","Marital_Status":null,"height":"0.00","weight":"0","occupation":"O553","PrimaryMember":"N","MemberproductComponents":[{"PlanCode":"4211","MemberQuestionDetails":[{"QuestionCode":null,"Answer":null,"Remarks":null}]}],"MemberPED":[{"PEDCode":null,"Remarks":null}],"exactDiagnosis":null,"dateOfDiagnosis":null,"lastDateConsultation":null,"detailsOfTreatmentGiven":null,"doctorName":null,"hospitalName":null,"phoneNumberHosital":null,"Nominee_First_Name":"dsf","Nominee_Last_Name":"fg","Nominee_Contact_Number":"9999999999","Nominee_Home_Address":null,"Nominee_Relationship_Code":"R002"},{"MemberNo":3,"Salutation":"Mrs","First_Name":"fg","Middle_Name":null,"Last_Name":"fd","Gender":"F","DateOfBirth":"01\/01\/2020","Relation_Code":"R004","Marital_Status":null,"height":"0.00","weight":"0","occupation":"O553","PrimaryMember":"N","MemberproductComponents":[{"PlanCode":"4211","MemberQuestionDetails":[{"QuestionCode":null,"Answer":null,"Remarks":null}]}],"MemberPED":[{"PEDCode":null,"Remarks":null}],"exactDiagnosis":null,"dateOfDiagnosis":null,"lastDateConsultation":null,"detailsOfTreatmentGiven":null,"doctorName":null,"hospitalName":null,"phoneNumberHosital":null,"Nominee_First_Name":"dsf","Nominee_Last_Name":"fg","Nominee_Contact_Number":"9999999999","Nominee_Home_Address":null,"Nominee_Relationship_Code":"R002"}]},"ReceiptCreation":{"officeLocation":"","modeOfEntry":"","cdAcNo":null,"expiryDate":null,"payerType":"","payerCode":null,"paymentBy":"","paymentByName":null,"paymentByRelationship":null,"collectionAmount":"","collectionRcvdDate":null,"collectionMode":"","remarks":null,"instrumentNumber":null,"instrumentDate":null,"bankName":null,"branchName":null,"bankLocation":null,"micrNo":null,"chequeType":null,"ifscCode":"","PaymentGatewayName":"","TerminalID":"","CardNo":null}} [] []
[2020-07-07 19:14:16] full_quote_reponse1.INFO: "<ns0:GHI_Res xmlns:ns0=\"http:\/\/ABHICL_NBP_QuickQuote_Schemas.GHI_Response\"><errorObj><ErrorNumber>00<\/ErrorNumber><ErrorMessage>Success<\/ErrorMessage><\/errorObj><policyDtls><TransactionReferenceNumber><\/TransactionReferenceNumber><QuotationNumber>EW100037556<\/QuotationNumber><CertificateNumber><\/CertificateNumber><LetterURL><\/LetterURL><ClientID><\/ClientID><ProductName>Group Activ Health<\/ProductName><ProductCode>4211<\/ProductCode><LineOfBusiness>42<\/LineOfBusiness><startDate><\/startDate><EndDate><\/EndDate><PolicyNumber>61-20-00026-00-00<\/PolicyNumber><ProposalNumber><\/ProposalNumber><PolicyStatus>PQ1<\/PolicyStatus><Tenure>1<\/Tenure><stpFlag>0<\/stpFlag><COIUrl>Could not find file u0027c:windowssystem32inetsrvObject cannot be cast from DBNull to other typesu0027.<\/COIUrl><\/policyDtls><premium><BasePremium>18644.07<\/BasePremium><NetPremium>18644.07<\/NetPremium><GST>3355.93<\/GST><GrossPremium>22000.00<\/GrossPremium><\/premium><receiptObj><ReceiptNumber><\/ReceiptNumber><ReceiptAmount><\/ReceiptAmount><ExcessAmount><\/ExcessAmount><\/receiptObj><\/ns0:GHI_Res>" [] []
[2020-07-07 19:14:18] generateOTP.INFO: test [] []
[2020-07-07 19:15:18] full_quote_request2.INFO: {"ClientCreation":{"Member_Customer_ID":"2606436618000044","salutation":"Mr","firstName":"test","middleName":"","lastName":"BANKING","dateofBirth":"12\/19\/1988","gender":"M","educationalQualification":null,"pinCode":"622103","uidNo":"5478-2589-3688","maritalStatus":null,"nationality":"Indian","occupation":"O553","primaryEmailID":"jack@gmail.com","contactMobileNo":"7010444138","stdLandlineNo":null,"panNo":null,"passportNumber":null,"contactPerson":null,"annualIncome":null,"remarks":null,"startDate":"2020-07-07","endDate":null,"IdProof":"Adhaar Card","residenceProof":null,"ageProof":null,"others":null,"homeAddressLine1":"Om hrad ntalatiof, holOmshre, talathioficeeachol, OmshreeSada9talathi","homeAddressLine2":null,"homeAddressLine3":null,"homePinCode":"622103","homeArea":null,"homeContactMobileNo":null,"homeContactMobileNo2":null,"homeSTDLandlineNo":null,"homeFaxNo":null,"sameAsHomeAddress":"1","mailingAddressLine1":null,"mailingAddressLine2":null,"mailingAddressLine3":null,"mailingPinCode":null,"mailingArea":null,"mailingContactMobileNo":null,"mailingContactMobileNo2":null,"mailingSTDLandlineNo":null,"mailingSTDLandlineNo2":null,"mailingFaxNo":null,"bankAccountType":null,"bankAccountNo":null,"ifscCode":null,"GSTIN":null,"GSTRegistrationStatus":"Consumers","IsEIAavailable":"0","ApplyEIA":"0","EIAAccountNo":null,"EIAWith":"0","AccountType":null,"AddressProof":null,"DOBProof":null,"IdentityProof":null},"PolicyCreationRequest":{"Quotation_Number":"EW100037556","MasterPolicyNumber":"61-20-00026-00-00","GroupID":"GRP028","Product_Code":"4211","intermediaryCode":"2108218","AutoRenewal":"Y","intermediaryBranchCode":"10MHMUM01","agentSignatureDate":null,"Customer_Signature_Date":null,"businessSourceChannel":null,"AssignPolicy":"0","AssigneeName":null,"leadID":"20207775543216","Source_Name":"AXIS_GHI_EW","SPID":"1","TCN":null,"CRTNO":null,"RefCode1":"1","RefCode2":"051","Employee_Number":"620675","enumIsEmployeeDiscount":null,"QuoteDate":null,"IsPayment":"1","PaymentMode":null,"PolicyproductComponents":[{"PlanCode":"4211","SumInsured":"1500000","SchemeCode":"4112000003"}]},"MemObj":{"Member":[{"MemberNo":1,"Salutation":"Mr","First_Name":"test","Middle_Name":null,"Last_Name":"BANKING","Gender":"M","DateOfBirth":"12\/19\/1988","Relation_Code":"R001","Marital_Status":null,"height":"0.00","weight":"0","occupation":"O553","PrimaryMember":"Y","MemberproductComponents":[{"PlanCode":"4211","MemberQuestionDetails":[{"QuestionCode":null,"Answer":null,"Remarks":null}]}],"MemberPED":[{"PEDCode":null,"Remarks":null}],"exactDiagnosis":null,"dateOfDiagnosis":null,"lastDateConsultation":null,"detailsOfTreatmentGiven":null,"doctorName":null,"hospitalName":null,"phoneNumberHosital":null,"Nominee_First_Name":"dsf","Nominee_Last_Name":"fg","Nominee_Contact_Number":"9999999999","Nominee_Home_Address":null,"Nominee_Relationship_Code":"R002"},{"MemberNo":2,"Salutation":"Mr","First_Name":"g","Middle_Name":null,"Last_Name":"fdg","Gender":"M","DateOfBirth":"07\/23\/2008","Relation_Code":"R003","Marital_Status":null,"height":"0.00","weight":"0","occupation":"O553","PrimaryMember":"N","MemberproductComponents":[{"PlanCode":"4211","MemberQuestionDetails":[{"QuestionCode":null,"Answer":null,"Remarks":null}]}],"MemberPED":[{"PEDCode":null,"Remarks":null}],"exactDiagnosis":null,"dateOfDiagnosis":null,"lastDateConsultation":null,"detailsOfTreatmentGiven":null,"doctorName":null,"hospitalName":null,"phoneNumberHosital":null,"Nominee_First_Name":"dsf","Nominee_Last_Name":"fg","Nominee_Contact_Number":"9999999999","Nominee_Home_Address":null,"Nominee_Relationship_Code":"R002"},{"MemberNo":3,"Salutation":"Mrs","First_Name":"fg","Middle_Name":null,"Last_Name":"fd","Gender":"F","DateOfBirth":"01\/01\/2020","Relation_Code":"R004","Marital_Status":null,"height":"0.00","weight":"0","occupation":"O553","PrimaryMember":"N","MemberproductComponents":[{"PlanCode":"4211","MemberQuestionDetails":[{"QuestionCode":null,"Answer":null,"Remarks":null}]}],"MemberPED":[{"PEDCode":null,"Remarks":null}],"exactDiagnosis":null,"dateOfDiagnosis":null,"lastDateConsultation":null,"detailsOfTreatmentGiven":null,"doctorName":null,"hospitalName":null,"phoneNumberHosital":null,"Nominee_First_Name":"dsf","Nominee_Last_Name":"fg","Nominee_Contact_Number":"9999999999","Nominee_Home_Address":null,"Nominee_Relationship_Code":"R002"}]},"ReceiptCreation":{"officeLocation":"Mumbai","modeOfEntry":"Direct","cdAcNo":null,"expiryDate":null,"payerType":"Customer","payerCode":null,"paymentBy":"Customer","paymentByName":null,"paymentByRelationship":null,"collectionAmount":28000,"collectionRcvdDate":"7\/7\/2020 7:15:18 PM","collectionMode":"online","remarks":null,"instrumentNumber":"403993715521248772","instrumentDate":"2020-07-07","bankName":"AXIS BANK","branchName":"ANNA NAGAR CHENNAI","bankLocation":null,"micrNo":null,"chequeType":null,"ifscCode":"UTIB0000016","PaymentGatewayName":"AXIS_NETB","TerminalID":"76010098","CardNo":null}} [] []
[2020-07-07 19:15:23] full_quote_reponse2.INFO: "<ns0:GHI_Res xmlns:ns0=\"http:\/\/ABHICL_NBP_QuickQuote_Schemas.GHI_Response\"><errorObj><ErrorNumber>00<\/ErrorNumber><ErrorMessage>Success<\/ErrorMessage><\/errorObj><policyDtls><TransactionReferenceNumber><\/TransactionReferenceNumber><QuotationNumber>EW100037557<\/QuotationNumber><CertificateNumber>GHI-EW-20-1000059<\/CertificateNumber><LetterURL>https:\/\/abpb.adityabirlahealth.com\/hbletter\/viewletter.aspx?ABH=49221&amp;TRM=GHI-EW-20-1000059<\/LetterURL><ClientID>1285253<\/ClientID><ProductName>Group Activ Health<\/ProductName><ProductCode>4211<\/ProductCode><LineOfBusiness>42<\/LineOfBusiness><startDate>7\/7\/2020 12:00:00 AM<\/startDate><EndDate>7\/6\/2021 12:00:00 AM<\/EndDate><PolicyNumber>61-20-00026-00-00<\/PolicyNumber><ProposalNumber>EW100037557<\/ProposalNumber><PolicyStatus>IF<\/PolicyStatus><Tenure>1<\/Tenure><stpFlag>0<\/stpFlag><COIUrl>Could not find file u0027c:windowssystem32inetsrvObject cannot be cast from DBNull to other typesu0027.<\/COIUrl><\/policyDtls><premium><BasePremium>18644.07<\/BasePremium><NetPremium>18644.07<\/NetPremium><GST>3355.93<\/GST><GrossPremium>22000.00<\/GrossPremium><\/premium><receiptObj><ReceiptNumber>R100182835<\/ReceiptNumber><ReceiptAmount>28000.00<\/ReceiptAmount><ExcessAmount>6000.00<\/ExcessAmount><\/receiptObj><\/ns0:GHI_Res>" [] []
[2020-07-07 19:15:23] api_insert.INFO: {"emp_id":"620675","client_id":"1285253","certificate_number":"GHI-EW-20-1000059","quotation_no":"EW100037557","proposal_no":"EW100037557","policy_no":"61-20-00026-00-00","gross_premium":null,"status":"Success","start_date":"7\/7\/2020 12:00:00 AM","end_date":"7\/6\/2021 12:00:00 AM","created_date":"2020-07-07 19:15:23","proposal_no_lead":"P-202007070012","CustomerID":null,"PolicyStatus":"IF","MemberCustomerID":null,"letter_url":"https:\/\/abpb.adityabirlahealth.com\/hbletter\/viewletter.aspx?ABH=49221&TRM=GHI-EW-20-1000059","type_login":""} [] []
[2020-07-07 19:15:23] full_quote_request1.INFO: {"ClientCreation":{"Member_Customer_ID":"2606436618000044","salutation":"Mr","firstName":"test","middleName":"","lastName":"BANKING","dateofBirth":"12\/19\/1988","gender":"M","educationalQualification":null,"pinCode":"622103","uidNo":"5478-2589-3688","maritalStatus":null,"nationality":"Indian","occupation":"O553","primaryEmailID":"jack@gmail.com","contactMobileNo":"7010444138","stdLandlineNo":null,"panNo":null,"passportNumber":null,"contactPerson":null,"annualIncome":null,"remarks":null,"startDate":"2020-07-07","endDate":null,"IdProof":"Adhaar Card","residenceProof":null,"ageProof":null,"others":null,"homeAddressLine1":"Om hrad ntalatiof, holOmshre, talathioficeeachol, OmshreeSada9talathi","homeAddressLine2":null,"homeAddressLine3":null,"homePinCode":"622103","homeArea":null,"homeContactMobileNo":null,"homeContactMobileNo2":null,"homeSTDLandlineNo":null,"homeFaxNo":null,"sameAsHomeAddress":"1","mailingAddressLine1":null,"mailingAddressLine2":null,"mailingAddressLine3":null,"mailingPinCode":null,"mailingArea":null,"mailingContactMobileNo":null,"mailingContactMobileNo2":null,"mailingSTDLandlineNo":null,"mailingSTDLandlineNo2":null,"mailingFaxNo":null,"bankAccountType":null,"bankAccountNo":null,"ifscCode":null,"GSTIN":null,"GSTRegistrationStatus":"Consumers","IsEIAavailable":"0","ApplyEIA":"0","EIAAccountNo":null,"EIAWith":"0","AccountType":null,"AddressProof":null,"DOBProof":null,"IdentityProof":null},"PolicyCreationRequest":{"Quotation_Number":"","MasterPolicyNumber":"62-20-00015-00-00","GroupID":"GRP003","Product_Code":"4112","intermediaryCode":"2108218","AutoRenewal":"Y","intermediaryBranchCode":"10MHMUM01","agentSignatureDate":null,"Customer_Signature_Date":null,"businessSourceChannel":null,"AssignPolicy":"0","AssigneeName":null,"leadID":"20207775543216","Source_Name":"AXIS_GHI_EW","SPID":"1","TCN":null,"CRTNO":null,"RefCode1":"1","RefCode2":"051","Employee_Number":"620675","enumIsEmployeeDiscount":null,"QuoteDate":null,"IsPayment":"0","PaymentMode":null,"PolicyproductComponents":[{"PlanCode":"4112","SumInsured":"1500000","SchemeCode":"4112000003"},{"PlanCode":"4216","SumInsured":"1500000","SchemeCode":"4112000003"}]},"MemObj":{"Member":[{"MemberNo":1,"Salutation":"Mr","First_Name":"test","Middle_Name":null,"Last_Name":"BANKING","Gender":"M","DateOfBirth":"12\/19\/1988","Relation_Code":"R001","Marital_Status":null,"height":"0.00","weight":"0","occupation":"O553","PrimaryMember":"Y","MemberproductComponents":[{"PlanCode":"4112","MemberQuestionDetails":[{"QuestionCode":null,"Answer":null,"Remarks":null}]},{"PlanCode":"4216","MemberQuestionDetails":[{"QuestionCode":null,"Answer":null,"Remarks":null}]}],"MemberPED":[{"PEDCode":null,"Remarks":null}],"exactDiagnosis":null,"dateOfDiagnosis":null,"lastDateConsultation":null,"detailsOfTreatmentGiven":null,"doctorName":null,"hospitalName":null,"phoneNumberHosital":null,"Nominee_First_Name":"dsf","Nominee_Last_Name":"fg","Nominee_Contact_Number":"9999999999","Nominee_Home_Address":null,"Nominee_Relationship_Code":"R002"}]},"ReceiptCreation":{"officeLocation":"","modeOfEntry":"","cdAcNo":null,"expiryDate":null,"payerType":"","payerCode":null,"paymentBy":"","paymentByName":null,"paymentByRelationship":null,"collectionAmount":"","collectionRcvdDate":null,"collectionMode":"","remarks":null,"instrumentNumber":null,"instrumentDate":null,"bankName":null,"branchName":null,"bankLocation":null,"micrNo":null,"chequeType":null,"ifscCode":"","PaymentGatewayName":"","TerminalID":"","CardNo":null}} [] []
[2020-07-07 19:15:27] full_quote_reponse1.INFO: "<ns0:GFB_Res xmlns:ns0=\"http:\/\/ABHICL_NBP_QuickQuote_Schemas.GFB_Response\"><errorObj><ErrorNumber>00<\/ErrorNumber><ErrorMessage>Success<\/ErrorMessage><\/errorObj><policyDtls><TransactionReferenceNumber><\/TransactionReferenceNumber><QuotationNumber>EW100037558<\/QuotationNumber><CertificateNumber><\/CertificateNumber><LetterURL><\/LetterURL><ClientID><\/ClientID><ProductName>Group Activ Secure - Personal Accident<\/ProductName><ProductCode>4112<\/ProductCode><LineOfBusiness>41<\/LineOfBusiness><startDate><\/startDate><EndDate><\/EndDate><PolicyNumber>62-20-00015-00-00<\/PolicyNumber><ProposalNumber><\/ProposalNumber><PolicyStatus>PQ1<\/PolicyStatus><Tenure>1<\/Tenure><stpFlag>0<\/stpFlag><COIUrl>Could not find file u0027c:windowssystem32inetsrvObject cannot be cast from DBNull to other typesu0027.<\/COIUrl><\/policyDtls><premium><BasePremium>8050.84<\/BasePremium><NetPremium>8050.84<\/NetPremium><GST>1449.15<\/GST><GrossPremium>9500.00<\/GrossPremium><\/premium><receiptObj><ReceiptNumber><\/ReceiptNumber><ReceiptAmount><\/ReceiptAmount><ExcessAmount><\/ExcessAmount><\/receiptObj><\/ns0:GFB_Res>" [] []
[2020-07-07 19:15:27] full_quote_request2.INFO: {"ClientCreation":{"Member_Customer_ID":"2606436618000044","salutation":"Mr","firstName":"test","middleName":"","lastName":"BANKING","dateofBirth":"12\/19\/1988","gender":"M","educationalQualification":null,"pinCode":"622103","uidNo":"5478-2589-3688","maritalStatus":null,"nationality":"Indian","occupation":"O553","primaryEmailID":"jack@gmail.com","contactMobileNo":"7010444138","stdLandlineNo":null,"panNo":null,"passportNumber":null,"contactPerson":null,"annualIncome":null,"remarks":null,"startDate":"2020-07-07","endDate":null,"IdProof":"Adhaar Card","residenceProof":null,"ageProof":null,"others":null,"homeAddressLine1":"Om hrad ntalatiof, holOmshre, talathioficeeachol, OmshreeSada9talathi","homeAddressLine2":null,"homeAddressLine3":null,"homePinCode":"622103","homeArea":null,"homeContactMobileNo":null,"homeContactMobileNo2":null,"homeSTDLandlineNo":null,"homeFaxNo":null,"sameAsHomeAddress":"1","mailingAddressLine1":null,"mailingAddressLine2":null,"mailingAddressLine3":null,"mailingPinCode":null,"mailingArea":null,"mailingContactMobileNo":null,"mailingContactMobileNo2":null,"mailingSTDLandlineNo":null,"mailingSTDLandlineNo2":null,"mailingFaxNo":null,"bankAccountType":null,"bankAccountNo":null,"ifscCode":null,"GSTIN":null,"GSTRegistrationStatus":"Consumers","IsEIAavailable":"0","ApplyEIA":"0","EIAAccountNo":null,"EIAWith":"0","AccountType":null,"AddressProof":null,"DOBProof":null,"IdentityProof":null},"PolicyCreationRequest":{"Quotation_Number":"EW100037558","MasterPolicyNumber":"62-20-00015-00-00","GroupID":"GRP003","Product_Code":"4112","intermediaryCode":"2108218","AutoRenewal":"Y","intermediaryBranchCode":"10MHMUM01","agentSignatureDate":null,"Customer_Signature_Date":null,"businessSourceChannel":null,"AssignPolicy":"0","AssigneeName":null,"leadID":"20207775543216","Source_Name":"AXIS_GHI_EW","SPID":"1","TCN":null,"CRTNO":null,"RefCode1":"1","RefCode2":"051","Employee_Number":"620675","enumIsEmployeeDiscount":null,"QuoteDate":null,"IsPayment":"1","PaymentMode":null,"PolicyproductComponents":[{"PlanCode":"4112","SumInsured":"1500000","SchemeCode":"4112000003"},{"PlanCode":"4216","SumInsured":"1500000","SchemeCode":"4112000003"}]},"MemObj":{"Member":[{"MemberNo":1,"Salutation":"Mr","First_Name":"test","Middle_Name":null,"Last_Name":"BANKING","Gender":"M","DateOfBirth":"12\/19\/1988","Relation_Code":"R001","Marital_Status":null,"height":"0.00","weight":"0","occupation":"O553","PrimaryMember":"Y","MemberproductComponents":[{"PlanCode":"4112","MemberQuestionDetails":[{"QuestionCode":null,"Answer":null,"Remarks":null}]},{"PlanCode":"4216","MemberQuestionDetails":[{"QuestionCode":null,"Answer":null,"Remarks":null}]}],"MemberPED":[{"PEDCode":null,"Remarks":null}],"exactDiagnosis":null,"dateOfDiagnosis":null,"lastDateConsultation":null,"detailsOfTreatmentGiven":null,"doctorName":null,"hospitalName":null,"phoneNumberHosital":null,"Nominee_First_Name":"dsf","Nominee_Last_Name":"fg","Nominee_Contact_Number":"9999999999","Nominee_Home_Address":null,"Nominee_Relationship_Code":"R002"}]},"ReceiptCreation":{"officeLocation":"Mumbai","modeOfEntry":"Direct","cdAcNo":null,"expiryDate":null,"payerType":"Customer","payerCode":null,"paymentBy":"Customer","paymentByName":null,"paymentByRelationship":null,"collectionAmount":6000,"collectionRcvdDate":"7\/7\/2020 7:15:18 PM","collectionMode":"online","remarks":null,"instrumentNumber":"403993715521248772","instrumentDate":"2020-07-07","bankName":"AXIS BANK","branchName":"ANNA NAGAR CHENNAI","bankLocation":null,"micrNo":null,"chequeType":null,"ifscCode":"UTIB0000016","PaymentGatewayName":"AXIS_NETB","TerminalID":"76010098","CardNo":null}} [] []
[2020-07-07 19:15:31] full_quote_reponse2.INFO: "<ns0:GFB_Res xmlns:ns0=\"http:\/\/ABHICL_NBP_QuickQuote_Schemas.GFB_Response\"><errorObj><ErrorNumber>09<\/ErrorNumber><ErrorMessage>Collection Amount is less than premium amount<\/ErrorMessage><\/errorObj><policyDtls><TransactionReferenceNumber><\/TransactionReferenceNumber><QuotationNumber><\/QuotationNumber><CertificateNumber><\/CertificateNumber><LetterURL><\/LetterURL><ClientID><\/ClientID><ProductName><\/ProductName><ProductCode><\/ProductCode><LineOfBusiness><\/LineOfBusiness><startDate><\/startDate><EndDate><\/EndDate><PolicyNumber><\/PolicyNumber><ProposalNumber><\/ProposalNumber><PolicyStatus><\/PolicyStatus><Tenure><\/Tenure><stpFlag><\/stpFlag><COIUrl>Could not find file u0027c:windowssystem32inetsrvObject cannot be cast from DBNull to other typesu0027.<\/COIUrl><\/policyDtls><premium><BasePremium><\/BasePremium><NetPremium><\/NetPremium><GST><\/GST><GrossPremium><\/GrossPremium><\/premium><receiptObj><ReceiptNumber><\/ReceiptNumber><ReceiptAmount><\/ReceiptAmount><ExcessAmount><\/ExcessAmount><\/receiptObj><\/ns0:GFB_Res>" [] []
[2020-07-07 19:15:34] generateOTP.INFO: test [] []
[2020-07-07 19:19:22] generateOTP.INFO: test [] []
[2020-07-07 19:19:33] generateOTP.INFO: {"salutation":"1","firstname":"test","lastname":"BANKING","dob":"19-12-1988","mob_no":"7010444138","panCard":"DDDDD6456A","email":"jack@gmail.com","ref1":"1","ref2":"1","comAdd":"Om hrad ntalatiof, holOmshre, talathioficeeachol, OmshreeSada9talathi","city":"MUMBAI","state":"MAHARASHTRA","pin_code":"622103","ISNRI":"N","update_emp_id":"620680","edit":"0","policy_no":"454,455,456","subtype_text":"1","sum_insure":"500000","familyConstruct":"1A","tenure":"1 Year","family_members_id":"0","family_gender":"Male","first_name":"test","last_name":"BANKING","family_date_birth":"19-12-1988","age":"31","age_type":" years","family_id":"","s_date":"","marriage_date":"","premium":"8000","policyNo":"454,455,456","familyDataType":"undefined","empId":"620680","product":"RMxC5efb5c5a320e7","declare":"[]","gender":"Male"} [] []
[2020-07-07 19:19:56] documentsSave.INFO: {"ops_type":"[]","ids":"261,262,263"} [] []
[2020-07-07 19:19:56] documentsSaveFiles.INFO: [] [] []
[2020-07-07 19:44:57] generateOTP.INFO: test [] []
[2020-07-07 19:44:58] generateOTP.INFO: test [] []
[2020-07-07 20:02:12] generateOTP.INFO: test [] []
[2020-07-07 20:02:12] generateOTP.INFO: test [] []
[2020-07-07 20:02:13] generateOTP.INFO: test [] []
[2020-07-07 20:02:13] generateOTP.INFO: test [] []
[2020-07-07 20:02:13] generateOTP.INFO: test [] []
[2020-07-07 20:02:13] generateOTP.INFO: test [] []
[2020-07-07 20:02:13] generateOTP.INFO: test [] []
[2020-07-07 20:02:13] generateOTP.INFO: test [] []
[2020-07-07 20:02:13] generateOTP.INFO: test [] []
[2020-07-07 20:02:19] generateOTP.INFO: test [] []
[2020-07-07 20:19:16] generateOTP.INFO: test [] []
[2020-07-07 21:01:31] generateOTP.INFO: test [] []
