[2020-04-07 00:01:50] generateOTP.INFO: test [] []
[2020-04-07 00:01:51] generateOTP.INFO: test [] []
[2020-04-07 00:02:04] generateOTP.INFO: test [] []
[2020-04-07 00:02:55] generateOTP.INFO: test [] []
[2020-04-07 00:02:55] generateOTP.INFO: test [] []
[2020-04-07 00:15:01] generateOTP.INFO: test [] []
[2020-04-07 00:15:46] generateOTP.INFO: test [] []
[2020-04-07 00:15:47] generateOTP.INFO: test [] []
[2020-04-07 00:16:33] generateOTP.INFO: test [] []
[2020-04-07 00:16:52] generateOTP.INFO: test [] []
[2020-04-07 08:26:30] generateOTP.INFO: test [] []
[2020-04-07 08:26:31] generateOTP.INFO: test [] []
[2020-04-07 08:26:41] generateOTP.INFO: test [] []
[2020-04-07 08:26:49] generateOTP.INFO: test [] []
[2020-04-07 08:26:49] generateOTP.INFO: test [] []
[2020-04-07 08:27:02] generateOTP.INFO: test [] []
[2020-04-07 08:48:36] generateOTP.INFO: test [] []
[2020-04-07 08:48:37] generateOTP.INFO: test [] []
[2020-04-07 08:51:40] generateOTP.INFO: test [] []
[2020-04-07 08:51:41] generateOTP.INFO: test [] []
[2020-04-07 08:57:08] generateOTP.INFO: test [] []
[2020-04-07 08:57:08] generateOTP.INFO: test [] []
[2020-04-07 09:06:01] generateOTP.INFO: test [] []
[2020-04-07 09:06:09] generateOTP.INFO: test [] []
[2020-04-07 09:06:09] generateOTP.INFO: test [] []
[2020-04-07 09:08:10] generateOTP.INFO: test [] []
[2020-04-07 09:08:11] generateOTP.INFO: test [] []
[2020-04-07 09:08:23] generateOTP.INFO: test [] []
[2020-04-07 09:08:24] generateOTP.INFO: test [] []
[2020-04-07 09:10:06] generateOTP.INFO: test [] []
[2020-04-07 09:10:07] generateOTP.INFO: test [] []
[2020-04-07 09:14:46] generateOTP.INFO: test [] []
[2020-04-07 09:14:47] generateOTP.INFO: test [] []
[2020-04-07 09:17:06] generateOTP.INFO: test [] []
[2020-04-07 09:17:11] generateOTP.INFO: test [] []
[2020-04-07 09:17:12] generateOTP.INFO: test [] []
[2020-04-07 09:17:33] generateOTP.INFO: test [] []
[2020-04-07 09:17:33] generateOTP.INFO: test [] []
[2020-04-07 09:18:01] generateOTP.INFO: test [] []
[2020-04-07 09:18:02] generateOTP.INFO: test [] []
[2020-04-07 09:18:06] generateOTP.INFO: test [] []
[2020-04-07 09:18:07] generateOTP.INFO: test [] []
[2020-04-07 09:18:16] generateOTP.INFO: test [] []
[2020-04-07 09:18:16] generateOTP.INFO: test [] []
[2020-04-07 09:20:07] generateOTP.INFO: test [] []
[2020-04-07 09:20:11] generateOTP.INFO: test [] []
[2020-04-07 09:20:15] generateOTP.INFO: test [] []
[2020-04-07 09:20:15] generateOTP.INFO: test [] []
[2020-04-07 09:20:25] generateOTP.INFO: test [] []
[2020-04-07 09:20:26] generateOTP.INFO: test [] []
[2020-04-07 09:21:23] generateOTP.INFO: test [] []
[2020-04-07 09:21:33] generateOTP.INFO: test [] []
[2020-04-07 09:21:39] generateOTP.INFO: test [] []
[2020-04-07 09:21:43] generateOTP.INFO: test [] []
[2020-04-07 09:22:04] generateOTP.INFO: test [] []
[2020-04-07 09:22:48] generateOTP.INFO: test [] []
[2020-04-07 09:23:11] generateOTP.INFO: test [] []
[2020-04-07 09:24:42] generateOTP.INFO: test [] []
[2020-04-07 09:24:43] generateOTP.INFO: test [] []
[2020-04-07 09:26:20] generateOTP.INFO: test [] []
[2020-04-07 09:26:32] generateOTP.INFO: test [] []
[2020-04-07 09:26:59] generateOTP.INFO: test [] []
[2020-04-07 09:27:02] generateOTP.INFO: test [] []
[2020-04-07 09:27:12] generateOTP.INFO: test [] []
[2020-04-07 09:27:12] generateOTP.INFO: test [] []
[2020-04-07 09:27:22] generateOTP.INFO: test [] []
[2020-04-07 09:27:23] generateOTP.INFO: test [] []
[2020-04-07 09:28:23] generateOTP.INFO: test [] []
[2020-04-07 09:28:24] generateOTP.INFO: test [] []
[2020-04-07 09:28:31] generateOTP.INFO: test [] []
[2020-04-07 09:28:31] generateOTP.INFO: test [] []
[2020-04-07 09:28:43] generateOTP.INFO: test [] []
[2020-04-07 09:28:44] generateOTP.INFO: test [] []
[2020-04-07 09:28:45] generateOTP.INFO: test [] []
[2020-04-07 09:28:45] generateOTP.INFO: test [] []
[2020-04-07 09:29:00] generateOTP.INFO: test [] []
[2020-04-07 09:29:32] generateOTP.INFO: test [] []
[2020-04-07 09:29:33] generateOTP.INFO: test [] []
[2020-04-07 09:29:36] generateOTP.INFO: test [] []
[2020-04-07 09:29:36] generateOTP.INFO: test [] []
[2020-04-07 09:29:48] generateOTP.INFO: test [] []
[2020-04-07 09:29:48] generateOTP.INFO: test [] []
[2020-04-07 09:29:55] generateOTP.INFO: test [] []
[2020-04-07 09:29:55] generateOTP.INFO: test [] []
[2020-04-07 09:30:12] generateOTP.INFO: test [] []
[2020-04-07 09:30:13] generateOTP.INFO: test [] []
[2020-04-07 09:31:16] generateOTP.INFO: test [] []
[2020-04-07 09:31:17] generateOTP.INFO: test [] []
[2020-04-07 09:31:23] generateOTP.INFO: test [] []
[2020-04-07 09:31:24] generateOTP.INFO: test [] []
[2020-04-07 09:33:19] generateOTP.INFO: test [] []
[2020-04-07 09:33:20] generateOTP.INFO: test [] []
[2020-04-07 09:34:06] generateOTP.INFO: test [] []
[2020-04-07 09:34:07] generateOTP.INFO: test [] []
[2020-04-07 09:38:36] generateOTP.INFO: test [] []
[2020-04-07 09:38:37] generateOTP.INFO: test [] []
[2020-04-07 09:41:12] generateOTP.INFO: test [] []
[2020-04-07 09:41:20] generateOTP.INFO: test [] []
[2020-04-07 09:41:28] generateOTP.INFO: test [] []
[2020-04-07 09:41:29] generateOTP.INFO: test [] []
[2020-04-07 09:41:33] generateOTP.INFO: test [] []
[2020-04-07 09:41:34] generateOTP.INFO: test [] []
[2020-04-07 09:42:49] generateOTP.INFO: test [] []
[2020-04-07 09:43:33] generateOTP.INFO: test [] []
[2020-04-07 09:43:33] generateOTP.INFO: test [] []
[2020-04-07 09:50:37] generateOTP.INFO: test [] []
[2020-04-07 09:50:38] generateOTP.INFO: test [] []
[2020-04-07 09:51:59] generateOTP.INFO: test [] []
[2020-04-07 09:52:02] generateOTP.INFO: test [] []
[2020-04-07 09:55:45] generateOTP.INFO: test [] []
[2020-04-07 09:55:47] generateOTP.INFO: test [] []
[2020-04-07 09:55:48] generateOTP.INFO: test [] []
[2020-04-07 09:55:54] generateOTP.INFO: test [] []
[2020-04-07 09:55:54] generateOTP.INFO: test [] []
[2020-04-07 09:57:47] generateOTP.INFO: test [] []
[2020-04-07 09:57:48] generateOTP.INFO: test [] []
[2020-04-07 09:57:49] generateOTP.INFO: test [] []
[2020-04-07 09:57:53] generateOTP.INFO: test [] []
[2020-04-07 09:58:02] generateOTP.INFO: test [] []
[2020-04-07 09:58:05] generateOTP.INFO: test [] []
[2020-04-07 09:58:13] generateOTP.INFO: test [] []
[2020-04-07 09:58:13] generateOTP.INFO: test [] []
[2020-04-07 09:58:25] generateOTP.INFO: test [] []
[2020-04-07 09:58:25] generateOTP.INFO: test [] []
[2020-04-07 10:00:19] generateOTP.INFO: test [] []
[2020-04-07 10:00:29] generateOTP.INFO: test [] []
[2020-04-07 10:03:03] generateOTP.INFO: test [] []
[2020-04-07 10:03:05] generateOTP.INFO: test [] []
[2020-04-07 10:03:07] generateOTP.INFO: test [] []
[2020-04-07 10:03:08] generateOTP.INFO: test [] []
[2020-04-07 10:03:44] generateOTP.INFO: test [] []
[2020-04-07 10:03:47] generateOTP.INFO: test [] []
[2020-04-07 10:03:48] generateOTP.INFO: test [] []
[2020-04-07 10:03:52] generateOTP.INFO: test [] []
[2020-04-07 10:10:27] generateOTP.INFO: test [] []
[2020-04-07 10:10:29] generateOTP.INFO: test [] []
[2020-04-07 10:20:43] generateOTP.INFO: test [] []
[2020-04-07 10:20:43] generateOTP.INFO: test [] []
[2020-04-07 10:58:17] generateOTP.INFO: test [] []
[2020-04-07 10:58:17] generateOTP.INFO: test [] []
[2020-04-07 10:58:30] generateOTP.INFO: test [] []
[2020-04-07 10:58:30] generateOTP.INFO: test [] []
[2020-04-07 11:00:30] generateOTP.INFO: test [] []
[2020-04-07 11:00:36] generateOTP.INFO: test [] []
[2020-04-07 11:00:41] generateOTP.INFO: test [] []
[2020-04-07 11:00:45] generateOTP.INFO: test [] []
[2020-04-07 11:01:24] generateOTP.INFO: test [] []
[2020-04-07 11:05:26] generateOTP.INFO: test [] []
[2020-04-07 11:05:31] generateOTP.INFO: test [] []
[2020-04-07 11:05:39] generateOTP.INFO: test [] []
[2020-04-07 11:05:41] generateOTP.INFO: test [] []
[2020-04-07 11:18:11] generateOTP.INFO: test [] []
[2020-04-07 11:18:12] generateOTP.INFO: test [] []
[2020-04-07 11:18:15] generateOTP.INFO: test [] []
[2020-04-07 11:18:15] generateOTP.INFO: test [] []
[2020-04-07 11:19:45] generateOTP.INFO: test [] []
[2020-04-07 11:19:46] generateOTP.INFO: test [] []
[2020-04-07 11:20:16] generateOTP.INFO: test [] []
[2020-04-07 11:20:16] generateOTP.INFO: test [] []
[2020-04-07 11:21:04] generateOTP.INFO: test [] []
[2020-04-07 11:21:04] generateOTP.INFO: test [] []
[2020-04-07 11:24:10] generateOTP.INFO: test [] []
[2020-04-07 11:24:11] generateOTP.INFO: test [] []
[2020-04-07 11:24:13] generateOTP.INFO: test [] []
[2020-04-07 11:24:13] generateOTP.INFO: test [] []
[2020-04-07 11:24:39] generateOTP.INFO: test [] []
[2020-04-07 11:25:11] generateOTP.INFO: test [] []
[2020-04-07 11:25:12] generateOTP.INFO: test [] []
[2020-04-07 11:26:52] generateOTP.INFO: test [] []
[2020-04-07 11:26:54] generateOTP.INFO: test [] []
[2020-04-07 11:28:25] generateOTP.INFO: test [] []
[2020-04-07 11:28:28] generateOTP.INFO: test [] []
[2020-04-07 11:30:54] generateOTP.INFO: test [] []
[2020-04-07 11:30:55] generateOTP.INFO: test [] []
[2020-04-07 11:30:58] generateOTP.INFO: test [] []
[2020-04-07 11:31:00] generateOTP.INFO: test [] []
[2020-04-07 11:31:18] generateOTP.INFO: test [] []
[2020-04-07 11:31:21] generateOTP.INFO: test [] []
[2020-04-07 11:32:05] generateOTP.INFO: test [] []
[2020-04-07 11:32:06] generateOTP.INFO: test [] []
[2020-04-07 11:33:05] generateOTP.INFO: test [] []
[2020-04-07 11:33:05] generateOTP.INFO: test [] []
[2020-04-07 11:33:21] generateOTP.INFO: test [] []
[2020-04-07 11:34:16] generateOTP.INFO: test [] []
[2020-04-07 11:34:17] generateOTP.INFO: test [] []
[2020-04-07 11:38:43] generateOTP.INFO: test [] []
[2020-04-07 11:38:44] generateOTP.INFO: test [] []
[2020-04-07 11:50:18] generateOTP.INFO: test [] []
[2020-04-07 11:58:25] generateOTP.INFO: test [] []
[2020-04-07 11:58:41] generateOTP.INFO: test [] []
[2020-04-07 11:58:48] generateOTP.INFO: test [] []
[2020-04-07 12:02:53] generateOTP.INFO: test [] []
[2020-04-07 12:03:07] generateOTP.INFO: test [] []
[2020-04-07 12:04:17] generateOTP.INFO: test [] []
[2020-04-07 12:04:37] generateOTP.INFO: test [] []
[2020-04-07 12:08:36] generateOTP.INFO: test [] []
[2020-04-07 12:08:47] generateOTP.INFO: test [] []
[2020-04-07 12:10:11] generateOTP.INFO: test [] []
[2020-04-07 12:10:27] generateOTP.INFO: test [] []
[2020-04-07 12:12:18] generateOTP.INFO: test [] []
[2020-04-07 12:12:20] generateOTP.INFO: test [] []
[2020-04-07 12:19:47] full_quote_request1.INFO: {"ClientCreation":{"Member_Customer_ID":"260618000044","salutation":"Mr","firstName":"test","middleName":"","lastName":"BANKING","dateofBirth":"12\/19\/1988","gender":"M","educationalQualification":null,"pinCode":"622103","uidNo":"5478-2589-3688","maritalStatus":null,"nationality":"Indian","occupation":"O553","primaryEmailID":"jack@gmail.com","contactMobileNo":"7010444138","stdLandlineNo":null,"panNo":null,"passportNumber":null,"contactPerson":null,"annualIncome":null,"remarks":null,"startDate":"2020-04-07","endDate":null,"IdProof":"Adhaar Card","residenceProof":null,"ageProof":null,"others":null,"homeAddressLine1":"Om hrad ntalatiof, holOmshre, talathioficeeachol, OmshreeSada9talathi","homeAddressLine2":null,"homeAddressLine3":null,"homePinCode":"622103","homeArea":null,"homeContactMobileNo":null,"homeContactMobileNo2":null,"homeSTDLandlineNo":null,"homeFaxNo":null,"sameAsHomeAddress":"1","mailingAddressLine1":null,"mailingAddressLine2":null,"mailingAddressLine3":null,"mailingPinCode":null,"mailingArea":null,"mailingContactMobileNo":null,"mailingContactMobileNo2":null,"mailingSTDLandlineNo":null,"mailingSTDLandlineNo2":null,"mailingFaxNo":null,"bankAccountType":null,"bankAccountNo":null,"ifscCode":null,"GSTIN":null,"GSTRegistrationStatus":"Consumers","IsEIAavailable":"0","ApplyEIA":"0","EIAAccountNo":null,"EIAWith":"0","AccountType":null,"AddressProof":null,"DOBProof":null,"IdentityProof":null},"PolicyCreationRequest":{"Quotation_Number":"","MasterPolicyNumber":"61-19-00120-00-00","GroupID":"GRP001","Product_Code":"4211","intermediaryCode":"2104794","AutoRenewal":"Y","intermediaryBranchCode":"10MHMUM01","agentSignatureDate":null,"Customer_Signature_Date":null,"businessSourceChannel":null,"AssignPolicy":"0","AssigneeName":null,"leadID":"202044876764216","Source_Name":"AXIS_GHI","SPID":"1","TCN":null,"CRTNO":null,"RefCode1":"1","RefCode2":"051","Employee_Number":"620249","enumIsEmployeeDiscount":null,"QuoteDate":null,"IsPayment":"0","PaymentMode":null,"PolicyproductComponents":[{"PlanCode":"4211","SumInsured":"500000","SchemeCode":"4112000003"}]},"MemObj":{"Member":[{"MemberNo":1,"Salutation":"Mr","First_Name":"test","Middle_Name":null,"Last_Name":"BANKING","Gender":"M","DateOfBirth":"12\/19\/1988","Relation_Code":"R001","Marital_Status":null,"height":"0.00","weight":"0","occupation":"O553","PrimaryMember":"Y","MemberproductComponents":[{"PlanCode":"4211","MemberQuestionDetails":[{"QuestionCode":null,"Answer":null,"Remarks":null}]}],"MemberPED":[{"PEDCode":null,"Remarks":null}],"exactDiagnosis":null,"dateOfDiagnosis":null,"lastDateConsultation":null,"detailsOfTreatmentGiven":null,"doctorName":null,"hospitalName":null,"phoneNumberHosital":null,"Nominee_First_Name":"ggg","Nominee_Last_Name":"gg","Nominee_Contact_Number":"9999999999","Nominee_Home_Address":null,"Nominee_Relationship_Code":"R002"}]},"ReceiptCreation":{"officeLocation":"","modeOfEntry":"","cdAcNo":null,"expiryDate":null,"payerType":"","payerCode":null,"paymentBy":"","paymentByName":null,"paymentByRelationship":null,"collectionAmount":"","collectionRcvdDate":null,"collectionMode":"","remarks":null,"instrumentNumber":null,"instrumentDate":null,"bankName":null,"branchName":null,"bankLocation":null,"micrNo":null,"chequeType":null,"ifscCode":"","PaymentGatewayName":"","TerminalID":"","CardNo":null}} [] []
[2020-04-07 12:19:49] full_quote_reponse1.INFO: "<ns0:GHI_Res xmlns:ns0=\"http:\/\/ABHICL_NBP_QuickQuote_Schemas.GHI_Response\"><errorObj><ErrorNumber>00<\/ErrorNumber><ErrorMessage>Success<\/ErrorMessage><\/errorObj><policyDtls><TransactionReferenceNumber><\/TransactionReferenceNumber><QuotationNumber>IPB100023756<\/QuotationNumber><CertificateNumber><\/CertificateNumber><LetterURL><\/LetterURL><ClientID><\/ClientID><ProductName>Group Activ Health<\/ProductName><ProductCode>4211<\/ProductCode><LineOfBusiness>42<\/LineOfBusiness><startDate><\/startDate><EndDate><\/EndDate><PolicyNumber>61-19-00120-00-00<\/PolicyNumber><ProposalNumber><\/ProposalNumber><PolicyStatus>PQ1<\/PolicyStatus><Tenure>1<\/Tenure><stpFlag>0<\/stpFlag><MemberCustomerID>260618000044<\/MemberCustomerID><\/policyDtls><premium><BasePremium>7118.64<\/BasePremium><NetPremium>7118.64<\/NetPremium><GST>1281.36<\/GST><GrossPremium>8400.00<\/GrossPremium><\/premium><receiptObj><ReceiptNumber \/><ReceiptAmount \/><ExcessAmount \/><\/receiptObj><\/ns0:GHI_Res>" [] []
[2020-04-07 13:39:29] generateOTP.INFO: test [] []
[2020-04-07 13:39:35] generateOTP.INFO: test [] []
[2020-04-07 13:39:44] generateOTP.INFO: test [] []
[2020-04-07 13:42:02] generateOTP.INFO: test [] []
[2020-04-07 13:46:20] generateOTP.INFO: test [] []
[2020-04-07 13:46:53] generateOTP.INFO: test [] []
[2020-04-07 13:46:58] generateOTP.INFO: test [] []
[2020-04-07 14:48:57] generateOTP.INFO: test [] []
[2020-04-07 14:48:58] generateOTP.INFO: test [] []
[2020-04-07 14:49:56] generateOTP.INFO: {"edit":"0","policy_no":"392,393","subtype_text":"1","sum_insure":"500000","familyConstruct":"1A+1K","tenure":"1 Year","family_members_id":"3","family_gender":"Female","first_name":"ewe","last_name":"weqe","family_date_birth":"17-04-2001","age":"18","age_type":"years","sub_type_check":["1"],"20":"No","family_id":"","s_date":"","marriage_date":"","premium_parent":"","contri_parent":"","premium":"14602","policyNo":"392,393","familyDataType":"undefined","empId":"619363","product":"iWL65dcd54d9c5a65","declare":"[{\"question\":\"20\",\"format\":\"No\"}]"} [] []
[2020-04-07 14:50:17] generateOTP.INFO: test [] []
[2020-04-07 14:50:18] generateOTP.INFO: test [] []
[2020-04-07 14:50:59] generateOTP.INFO: test [] []
[2020-04-07 14:51:38] generateOTP.INFO: test [] []
[2020-04-07 14:51:54] generateOTP.INFO: test [] []
[2020-04-07 14:52:03] generateOTP.INFO: test [] []
[2020-04-07 14:58:33] generateOTP.INFO: test [] []
[2020-04-07 15:41:17] generateOTP.INFO: test [] []
[2020-04-07 15:41:23] generateOTP.INFO: test [] []
[2020-04-07 16:24:44] generateOTP.INFO: test [] []
[2020-04-07 16:25:18] generateOTP.INFO: test [] []
[2020-04-07 16:36:08] generateOTP.INFO: test [] []
[2020-04-07 16:36:10] generateOTP.INFO: test [] []
[2020-04-07 16:36:22] generateOTP.INFO: test [] []
[2020-04-07 16:36:22] generateOTP.INFO: test [] []
[2020-04-07 16:36:25] generateOTP.INFO: test [] []
[2020-04-07 16:36:32] generateOTP.INFO: test [] []
[2020-04-07 16:36:45] generateOTP.INFO: test [] []
[2020-04-07 16:36:58] generateOTP.INFO: test [] []
[2020-04-07 16:37:07] generateOTP.INFO: test [] []
[2020-04-07 16:37:16] generateOTP.INFO: test [] []
[2020-04-07 16:37:22] generateOTP.INFO: test [] []
[2020-04-07 16:39:12] generateOTP.INFO: test [] []
[2020-04-07 16:39:20] generateOTP.INFO: test [] []
[2020-04-07 16:39:26] generateOTP.INFO: test [] []
[2020-04-07 16:39:32] generateOTP.INFO: test [] []
[2020-04-07 16:39:37] generateOTP.INFO: test [] []
[2020-04-07 16:39:41] generateOTP.INFO: test [] []
[2020-04-07 16:39:50] generateOTP.INFO: test [] []
[2020-04-07 16:39:56] generateOTP.INFO: test [] []
[2020-04-07 16:39:58] generateOTP.INFO: test [] []
[2020-04-07 16:39:58] generateOTP.INFO: test [] []
[2020-04-07 16:39:59] generateOTP.INFO: test [] []
[2020-04-07 16:40:21] generateOTP.INFO: test [] []
[2020-04-07 16:40:27] generateOTP.INFO: test [] []
[2020-04-07 16:40:39] generateOTP.INFO: test [] []
[2020-04-07 16:40:50] generateOTP.INFO: test [] []
[2020-04-07 16:40:57] generateOTP.INFO: test [] []
[2020-04-07 18:19:23] generateOTP.INFO: test [] []
[2020-04-07 19:07:34] generateOTP.INFO: test [] []
[2020-04-07 19:07:35] generateOTP.INFO: test [] []
[2020-04-07 19:09:14] generateOTP.INFO: {"edit":"0","policy_no":"392,393","subtype_text":"1","sum_insure":"500000","familyConstruct":"1A+1K","tenure":"1 Year","family_members_id":"2","family_gender":"Male","first_name":"Thhuu","last_name":"Vhjj","family_date_birth":"12-04-2009","age":"10","age_type":"years","family_id":"","s_date":"","marriage_date":"","premium_parent":"","contri_parent":"","premium":"14602","policyNo":"392,393","familyDataType":"undefined","empId":"619363","product":"iWL65dcd54d9c5a65","declare":"[]"} [] []
[2020-04-07 19:15:53] generateOTP.INFO: test [] []
[2020-04-07 19:56:02] generateOTP.INFO: test [] []
