[2021-08-07 10:01:13] generateOTP.INFO: test [] []
[2021-08-07 10:01:13] generateOTP.INFO: test [] []
[2021-08-07 10:10:35] generateOTP.INFO: test [] []
[2021-08-07 10:10:43] generateOTP.INFO: test [] []
[2021-08-07 10:10:43] generateOTP.INFO: test [] []
[2021-08-07 10:10:50] generateOTP.INFO: test [] []
[2021-08-07 10:26:16] generateOTP.INFO: test [] []
[2021-08-07 10:26:16] generateOTP.INFO: test [] []
[2021-08-07 10:26:16] generateOTP.INFO: test [] []
[2021-08-07 10:26:17] generateOTP.INFO: test [] []
[2021-08-07 10:45:11] generateOTP.INFO: test [] []
[2021-08-07 10:45:14] generateOTP.INFO: test [] []
[2021-08-07 10:45:30] generateOTP.INFO: test [] []
[2021-08-07 11:27:49] generateOTP.INFO: test [] []
[2021-08-07 11:27:52] generateOTP.INFO: test [] []
[2021-08-07 13:22:33] generateOTP.INFO: test [] []
[2021-08-07 13:22:34] generateOTP.INFO: test [] []
[2021-08-07 13:22:43] generateOTP.INFO: test [] []
[2021-08-07 13:23:03] generateOTP.INFO: test [] []
[2021-08-07 13:26:22] generateOTP.INFO: test [] []
[2021-08-07 13:26:33] generateOTP.INFO: test [] []
[2021-08-07 13:28:00] generateOTP.INFO: test [] []
[2021-08-07 13:28:48] generateOTP.INFO: test [] []
[2021-08-07 13:28:55] generateOTP.INFO: test [] []
[2021-08-07 13:29:17] generateOTP.INFO: test [] []
[2021-08-07 13:32:38] generateOTP.INFO: test [] []
[2021-08-07 13:33:11] generateOTP.INFO: test [] []
[2021-08-07 13:33:12] generateOTP.INFO: test [] []
[2021-08-07 13:33:21] generateOTP.INFO: test [] []
[2021-08-07 13:33:55] generateOTP.INFO: test [] []
[2021-08-07 13:33:56] generateOTP.INFO: test [] []
[2021-08-07 13:34:04] generateOTP.INFO: test [] []
[2021-08-07 13:34:28] generateOTP.INFO: test [] []
[2021-08-07 13:34:29] generateOTP.INFO: test [] []
[2021-08-07 13:41:19] generateOTP.INFO: test [] []
[2021-08-07 13:41:34] generateOTP.INFO: test [] []
[2021-08-07 13:42:44] generateOTP.INFO: test [] []
[2021-08-07 13:43:12] generateOTP.INFO: test [] []
[2021-08-07 13:43:12] generateOTP.INFO: test [] []
[2021-08-07 13:43:21] generateOTP.INFO: test [] []
[2021-08-07 13:43:25] generateOTP.INFO: test [] []
[2021-08-07 13:43:50] generateOTP.INFO: {"salutation":"1","firstname":"vfgfdh","lastname":"gfff","dob":"01-08-1985","mob_no":"9930115500","panCard":"","email":"smg@gmal.com","ref1":"0","ref2":"0","comAdd":"Mansarovar","city":"Navi Mumbai","state":"MAHARASHTRA","pin_code":"410209","ISNRI":"N","update_emp_id":"WXhSaHE0dGRtTnlsMStQMEExV3BDUT09","edit":"0","policy_no":"470","subtype_text":"1","sum_insure":"5000000","familyConstruct":"1A+2K","occupation":"","anuual_income":"","family_members_id":"1","family_gender":"Female","first_name":"FG","last_name":"DHFG","family_date_birth":"01-08-1991","age":"30","age_type":" years","tenure":"1 Year","mem_mob":"8888888888","mem_email":"sms@gmail.com","family_id":"","s_date":"","marriage_date":"","premium":"26398","policyNo":"470","familyDataType":"undefined","empId":"WXhSaHE0dGRtTnlsMStQMEExV3BDUT09","product":"test123abc","declare":"[]","gender":"Male","gci_options":"undefined","gpa_options":"No","hidden_policy_id":"470","hidden_deductable":"0"} [] []
[2021-08-07 13:45:52] generateOTP.INFO: {"salutation":"1","firstname":"vfgfdh","lastname":"gfff","dob":"01-08-1985","mob_no":"9930115500","panCard":"","email":"smg@gmal.com","ref1":"0","ref2":"0","comAdd":"Mansarovar","city":"Navi Mumbai","state":"MAHARASHTRA","pin_code":"410209","ISNRI":"N","update_emp_id":"WXhSaHE0dGRtTnlsMStQMEExV3BDUT09","edit":"0","policy_no":"470","subtype_text":"1","sum_insure":"7500000","familyConstruct":"1A+2K","occupation":"","anuual_income":"","family_members_id":"1","family_gender":"Female","first_name":"VX","last_name":"CBC","family_date_birth":"01-08-1991","age":"30","age_type":" years","tenure":"1 Year","mem_mob":"9999999999","mem_email":"sg@gmal.com","family_id":"","s_date":"","marriage_date":"","premium":"28199","policyNo":"470","familyDataType":"undefined","empId":"WXhSaHE0dGRtTnlsMStQMEExV3BDUT09","product":"test123abc","declare":"[]","gender":"Male","gci_options":"undefined","gpa_options":"No","hidden_policy_id":"470","hidden_deductable":"0"} [] []
[2021-08-07 13:52:19] generateOTP.INFO: test [] []
[2021-08-07 13:57:12] generateOTP.INFO: test [] []
[2021-08-07 13:57:44] generateOTP.INFO: {"salutation":"1","firstname":"vfgfdh","lastname":"gfff","dob":"01-08-1985","mob_no":"9930115500","panCard":"","email":"smg@gmal.com","ref1":"0","ref2":"0","comAdd":"Mansarovar","city":"Navi Mumbai","state":"MAHARASHTRA","pin_code":"410209","ISNRI":"N","update_emp_id":"WXhSaHE0dGRtTnlsMStQMEExV3BDUT09","edit":"0","policy_no":"470","subtype_text":"1","sum_insure":"5000000","familyConstruct":"1A+2K","occupation":"","anuual_income":"","family_members_id":"3","family_gender":"Female","first_name":"GT","last_name":"HJJH","family_date_birth":"08-08-2002","age":"18","age_type":" years","tenure":"1 Year","mem_mob":"","mem_email":"","family_id":"","s_date":"01-08-1991","marriage_date":"","premium":"26398","policyNo":"470","familyDataType":"undefined","empId":"WXhSaHE0dGRtTnlsMStQMEExV3BDUT09","product":"test123abc","declare":"[]","gender":"Male","gci_options":"undefined","gpa_options":"No","hidden_policy_id":"470","hidden_deductable":"0"} [] []
[2021-08-07 13:59:18] generateOTP.INFO: {"salutation":"1","firstname":"vfgfdh","lastname":"gfff","dob":"01-08-1985","mob_no":"9930115500","panCard":"","email":"smg@gmal.com","ref1":"0","ref2":"0","comAdd":"Mansarovar","city":"Navi Mumbai","state":"MAHARASHTRA","pin_code":"410209","ISNRI":"N","update_emp_id":"WXhSaHE0dGRtTnlsMStQMEExV3BDUT09","edit":"0","policy_no":"470","subtype_text":"1","sum_insure":"5000000","familyConstruct":"1A+2K","occupation":"","anuual_income":"","family_members_id":"1","family_gender":"Female","first_name":"CGG","last_name":"GGH","family_date_birth":"01-08-1991","age":"30","age_type":" years","tenure":"1 Year","mem_mob":"9999999999","mem_email":"sm@gmal.com","family_id":"","s_date":"01-08-1991","marriage_date":"","premium":"26398","policyNo":"470","familyDataType":"undefined","empId":"WXhSaHE0dGRtTnlsMStQMEExV3BDUT09","product":"test123abc","declare":"[]","gender":"Male","gci_options":"undefined","gpa_options":"No","hidden_policy_id":"470","hidden_deductable":"0"} [] []
[2021-08-07 14:02:13] generateOTP.INFO: test [] []
[2021-08-07 14:04:28] generateOTP.INFO: test [] []
[2021-08-07 14:04:56] generateOTP.INFO: {"salutation":"1","firstname":"vfgfdh","lastname":"gfff","dob":"01-08-1985","mob_no":"9930115500","panCard":"","email":"smg@gmal.com","ref1":"0","ref2":"0","comAdd":"Mansarovar","city":"Navi Mumbai","state":"MAHARASHTRA","pin_code":"410209","ISNRI":"N","update_emp_id":"WXhSaHE0dGRtTnlsMStQMEExV3BDUT09","edit":"0","policy_no":"470","subtype_text":"1","sum_insure":"5000000","familyConstruct":"1A+2K","occupation":"","anuual_income":"","family_members_id":"3","family_gender":"Female","first_name":"XCZXV","last_name":"VCXV","family_date_birth":"14-08-2002","age":"18","age_type":" years","tenure":"1 Year","mem_mob":"","mem_email":"","family_id":"","s_date":"01-08-1991","marriage_date":"","premium":"26398","policyNo":"470","familyDataType":"undefined","empId":"WXhSaHE0dGRtTnlsMStQMEExV3BDUT09","product":"test123abc","declare":"[]","gender":"Male","gci_options":"undefined","gpa_options":"No","hidden_policy_id":"470","hidden_deductable":"0"} [] []
[2021-08-07 14:05:07] documentsSave.INFO: {"ops_type":"[]","ids":"88338"} [] []
[2021-08-07 14:05:07] documentsSaveFiles.INFO: [] [] []
[2021-08-07 14:05:15] generateOTP.INFO: test [] []
[2021-08-07 14:06:00] generateOTP.INFO: test [] []
[2021-08-07 14:06:18] generateOTP.INFO: test [] []
[2021-08-07 14:06:55] generateOTP.INFO: test [] []
[2021-08-07 14:08:20] generateOTP.INFO: {"salutation":"1","firstname":"gdf","lastname":"ghh","dob":"10-08-1984","mob_no":"9930185509","panCard":"","email":"sm@gmal.com","ref1":"0","ref2":"0","comAdd":"Mansarovar","city":"Navi Mumbai","state":"MAHARASHTRA","pin_code":"410209","ISNRI":"N","update_emp_id":"bUdTdWU0UmRkakFaV3V4cVhUZEYwdz09","edit":"0","policy_no":"470","subtype_text":"1","sum_insure":"5000000","familyConstruct":"1A","occupation":"","anuual_income":"","family_members_id":"0","family_gender":"Male","first_name":"gdf","last_name":"ghh","family_date_birth":"10-08-1984","age":"36","age_type":" years","tenure":"1 Year","mem_mob":"9930185509","mem_email":"sm@gmal.com","family_id":"","s_date":"","marriage_date":"","premium":"12199","policyNo":"470","familyDataType":"undefined","empId":"bUdTdWU0UmRkakFaV3V4cVhUZEYwdz09","product":"test123abc","declare":"[]","gender":"Male","gci_options":"undefined","gpa_options":"No","hidden_policy_id":"470","hidden_deductable":"0"} [] []
[2021-08-07 14:09:09] documentsSave.INFO: {"ops_type":"[]","ids":"88368"} [] []
[2021-08-07 14:09:09] documentsSaveFiles.INFO: [] [] []
[2021-08-07 14:33:06] generateOTP.INFO: test [] []
[2021-08-07 14:33:07] generateOTP.INFO: test [] []
[2021-08-07 14:33:17] generateOTP.INFO: test [] []
[2021-08-07 14:33:17] generateOTP.INFO: test [] []
[2021-08-07 14:33:17] generateOTP.INFO: test [] []
[2021-08-07 14:33:37] generateOTP.INFO: test [] []
[2021-08-07 14:33:41] generateOTP.INFO: test [] []
[2021-08-07 14:36:15] generateOTP.INFO: test [] []
[2021-08-07 14:36:16] generateOTP.INFO: test [] []
[2021-08-07 14:36:22] generateOTP.INFO: test [] []
[2021-08-07 14:38:37] generateOTP.INFO: test [] []
[2021-08-07 14:42:08] generateOTP.INFO: test [] []
[2021-08-07 14:42:23] generateOTP.INFO: test [] []
[2021-08-07 14:44:34] generateOTP.INFO: test [] []
[2021-08-07 14:44:52] generateOTP.INFO: test [] []
[2021-08-07 14:45:00] generateOTP.INFO: test [] []
[2021-08-07 14:45:07] generateOTP.INFO: test [] []
[2021-08-07 14:45:14] generateOTP.INFO: test [] []
[2021-08-07 14:45:49] generateOTP.INFO: test [] []
[2021-08-07 14:46:22] generateOTP.INFO: test [] []
[2021-08-07 14:46:44] generateOTP.INFO: test [] []
[2021-08-07 14:47:13] generateOTP.INFO: test [] []
[2021-08-07 14:47:41] generateOTP.INFO: test [] []
[2021-08-07 14:50:19] generateOTP.INFO: test [] []
[2021-08-07 14:50:39] generateOTP.INFO: test [] []
[2021-08-07 14:53:48] generateOTP.INFO: test [] []
[2021-08-07 14:56:43] generateOTP.INFO: test [] []
[2021-08-07 14:56:51] generateOTP.INFO: test [] []
[2021-08-07 14:58:44] generateOTP.INFO: test [] []
[2021-08-07 15:02:18] generateOTP.INFO: test [] []
[2021-08-07 15:03:13] generateOTP.INFO: test [] []
[2021-08-07 15:03:25] generateOTP.INFO: test [] []
[2021-08-07 15:04:36] generateOTP.INFO: test [] []
[2021-08-07 15:05:42] generateOTP.INFO: test [] []
[2021-08-07 15:06:02] generateOTP.INFO: test [] []
[2021-08-07 15:06:27] generateOTP.INFO: test [] []
[2021-08-07 15:06:31] generateOTP.INFO: test [] []
[2021-08-07 15:06:49] generateOTP.INFO: test [] []
[2021-08-07 15:08:06] generateOTP.INFO: test [] []
[2021-08-07 15:08:14] generateOTP.INFO: test [] []
[2021-08-07 15:08:34] generateOTP.INFO: test [] []
[2021-08-07 15:08:35] generateOTP.INFO: test [] []
[2021-08-07 15:08:42] generateOTP.INFO: test [] []
[2021-08-07 15:08:46] generateOTP.INFO: test [] []
[2021-08-07 15:09:10] generateOTP.INFO: test [] []
[2021-08-07 15:09:21] generateOTP.INFO: test [] []
[2021-08-07 15:13:31] generateOTP.INFO: test [] []
[2021-08-07 15:13:31] generateOTP.INFO: test [] []
[2021-08-07 15:13:31] generateOTP.INFO: test [] []
[2021-08-07 15:13:38] generateOTP.INFO: test [] []
[2021-08-07 15:13:40] generateOTP.INFO: test [] []
[2021-08-07 15:13:57] generateOTP.INFO: test [] []
[2021-08-07 15:13:58] generateOTP.INFO: test [] []
[2021-08-07 15:14:18] generateOTP.INFO: test [] []
[2021-08-07 15:14:23] generateOTP.INFO: test [] []
[2021-08-07 15:14:33] generateOTP.INFO: test [] []
[2021-08-07 15:14:41] generateOTP.INFO: test [] []
[2021-08-07 15:14:58] generateOTP.INFO: {"salutation":"1","firstname":"sdghg","lastname":"hgf","dob":"12-08-1982","mob_no":"9999999999","panCard":"","email":"smg@gmal.com","ref1":"0","ref2":"0","comAdd":"Mansarovar","city":"Navi Mumbai","state":"MAHARASHTRA","pin_code":"410209","ISNRI":"N","update_emp_id":"RG5aUi9Ldm9sQStqc21pZFJSQWlOZz09","edit":"0","policy_no":"470","subtype_text":"1","sum_insure":"7500000","familyConstruct":"1A","occupation":"","anuual_income":"","family_members_id":"0","family_gender":"Male","first_name":"sdghg","last_name":"hgf","family_date_birth":"12-08-1982","age":"38","age_type":" years","tenure":"1 Year","mem_mob":"9999999999","mem_email":"smg@gmal.com","family_id":"","s_date":"","marriage_date":"","premium":"12800","policyNo":"470","familyDataType":"undefined","empId":"RG5aUi9Ldm9sQStqc21pZFJSQWlOZz09","product":"test123abc","declare":"[]","gender":"Male","gci_options":"undefined","gpa_options":"No","hidden_policy_id":"470","hidden_deductable":"0"} [] []
[2021-08-07 15:15:23] documentsSave.INFO: {"ops_type":"[]","ids":"88432"} [] []
[2021-08-07 15:15:23] documentsSaveFiles.INFO: [] [] []
[2021-08-07 15:18:31] generateOTP.INFO: test [] []
[2021-08-07 15:19:09] generateOTP.INFO: test [] []
[2021-08-07 15:20:24] generateOTP.INFO: test [] []
[2021-08-07 15:20:57] generateOTP.INFO: test [] []
[2021-08-07 15:21:02] generateOTP.INFO: test [] []
[2021-08-07 15:23:16] generateOTP.INFO: test [] []
[2021-08-07 15:26:39] generateOTP.INFO: test [] []
[2021-08-07 15:26:39] generateOTP.INFO: test [] []
[2021-08-07 15:26:39] generateOTP.INFO: test [] []
[2021-08-07 15:26:40] generateOTP.INFO: test [] []
[2021-08-07 15:26:40] generateOTP.INFO: test [] []
[2021-08-07 15:26:40] generateOTP.INFO: test [] []
[2021-08-07 15:26:47] generateOTP.INFO: test [] []
[2021-08-07 15:26:56] generateOTP.INFO: test [] []
[2021-08-07 15:27:51] generateOTP.INFO: test [] []
[2021-08-07 15:30:33] generateOTP.INFO: test [] []
[2021-08-07 15:31:04] generateOTP.INFO: test [] []
[2021-08-07 15:31:20] generateOTP.INFO: test [] []
[2021-08-07 15:31:44] generateOTP.INFO: test [] []
[2021-08-07 15:38:02] generateOTP.INFO: test [] []
[2021-08-07 15:38:17] generateOTP.INFO: test [] []
[2021-08-07 15:38:25] generateOTP.INFO: test [] []
[2021-08-07 15:38:25] generateOTP.INFO: test [] []
[2021-08-07 15:38:26] generateOTP.INFO: test [] []
[2021-08-07 15:38:32] generateOTP.INFO: test [] []
[2021-08-07 15:38:35] generateOTP.INFO: test [] []
[2021-08-07 15:42:32] generateOTP.INFO: test [] []
[2021-08-07 15:42:46] generateOTP.INFO: test [] []
[2021-08-07 15:42:55] generateOTP.INFO: test [] []
[2021-08-07 15:43:01] generateOTP.INFO: test [] []
[2021-08-07 15:43:07] generateOTP.INFO: test [] []
[2021-08-07 15:47:49] generateOTP.INFO: test [] []
[2021-08-07 15:48:09] generateOTP.INFO: test [] []
[2021-08-07 15:48:59] generateOTP.INFO: test [] []
[2021-08-07 15:51:04] generateOTP.INFO: test [] []
[2021-08-07 15:53:16] generateOTP.INFO: test [] []
[2021-08-07 15:54:21] generateOTP.INFO: test [] []
[2021-08-07 15:55:31] generateOTP.INFO: test [] []
[2021-08-07 15:56:33] generateOTP.INFO: test [] []
[2021-08-07 15:57:04] generateOTP.INFO: test [] []
[2021-08-07 15:57:49] generateOTP.INFO: test [] []
[2021-08-07 15:59:28] generateOTP.INFO: test [] []
[2021-08-07 16:00:29] generateOTP.INFO: test [] []
[2021-08-07 16:02:26] generateOTP.INFO: test [] []
[2021-08-07 16:04:19] generateOTP.INFO: test [] []
[2021-08-07 16:06:06] generateOTP.INFO: test [] []
[2021-08-07 16:08:46] generateOTP.INFO: test [] []
[2021-08-07 16:11:18] generateOTP.INFO: test [] []
[2021-08-07 16:11:30] generateOTP.INFO: test [] []
[2021-08-07 16:11:59] generateOTP.INFO: test [] []
[2021-08-07 16:12:29] generateOTP.INFO: test [] []
[2021-08-07 16:13:13] generateOTP.INFO: test [] []
[2021-08-07 16:13:42] generateOTP.INFO: test [] []
[2021-08-07 16:13:52] generateOTP.INFO: test [] []
[2021-08-07 16:13:53] generateOTP.INFO: test [] []
[2021-08-07 16:13:59] generateOTP.INFO: test [] []
[2021-08-07 16:13:59] generateOTP.INFO: test [] []
[2021-08-07 16:13:59] generateOTP.INFO: test [] []
[2021-08-07 16:14:17] generateOTP.INFO: test [] []
[2021-08-07 16:14:20] generateOTP.INFO: test [] []
[2021-08-07 16:18:48] generateOTP.INFO: test [] []
[2021-08-07 16:27:13] generateOTP.INFO: test [] []
[2021-08-07 16:27:42] generateOTP.INFO: test [] []
[2021-08-07 16:28:13] generateOTP.INFO: test [] []
[2021-08-07 16:28:32] generateOTP.INFO: test [] []
[2021-08-07 16:28:40] generateOTP.INFO: test [] []
[2021-08-07 16:28:49] generateOTP.INFO: test [] []
[2021-08-07 16:28:49] generateOTP.INFO: test [] []
[2021-08-07 16:28:49] generateOTP.INFO: test [] []
[2021-08-07 16:28:58] generateOTP.INFO: test [] []
[2021-08-07 16:29:04] generateOTP.INFO: test [] []
[2021-08-07 16:29:16] generateOTP.INFO: test [] []
[2021-08-07 16:29:37] generateOTP.INFO: test [] []
[2021-08-07 16:30:28] generateOTP.INFO: test [] []
[2021-08-07 16:30:55] generateOTP.INFO: test [] []
[2021-08-07 16:32:02] generateOTP.INFO: test [] []
[2021-08-07 16:32:13] generateOTP.INFO: test [] []
[2021-08-07 16:33:12] generateOTP.INFO: test [] []
[2021-08-07 16:34:42] generateOTP.INFO: test [] []
[2021-08-07 16:42:09] generateOTP.INFO: test [] []
[2021-08-07 16:44:28] generateOTP.INFO: test [] []
[2021-08-07 16:44:44] generateOTP.INFO: test [] []
[2021-08-07 16:46:10] generateOTP.INFO: test [] []
[2021-08-07 16:46:25] generateOTP.INFO: {"salutation":"1","firstname":"dsdgd","lastname":"fgh","dob":"09-08-1984","mob_no":"9999999999","panCard":"","email":"sm@gmal.com","ref1":"0","ref2":"0","comAdd":"Mansarovar","city":"Navi Mumbai","state":"MAHARASHTRA","pin_code":"410209","ISNRI":"N","update_emp_id":"dWg5bjBrMTMrN2FLbFBNUWljblhhUT09","edit":"0","policy_no":"470","subtype_text":"1","sum_insure":"5000000","familyConstruct":"1A","occupation":"","anuual_income":"","family_members_id":"0","family_gender":"Male","first_name":"dsdgd","last_name":"fgh","family_date_birth":"09-08-1984","age":"36","age_type":" years","tenure":"1 Year","mem_mob":"9999999999","mem_email":"sm@gmal.com","family_id":"","s_date":"","marriage_date":"","premium":"12199","policyNo":"470","familyDataType":"undefined","empId":"dWg5bjBrMTMrN2FLbFBNUWljblhhUT09","product":"test123abc","declare":"[]","gender":"Male","gci_options":"undefined","gpa_options":"No","hidden_policy_id":"470","hidden_deductable":"0"} [] []
[2021-08-07 16:47:23] generateOTP.INFO: test [] []
[2021-08-07 16:47:23] generateOTP.INFO: test [] []
[2021-08-07 16:47:29] generateOTP.INFO: test [] []
[2021-08-07 16:47:32] generateOTP.INFO: test [] []
[2021-08-07 16:47:34] documentsSave.INFO: {"ops_type":"[]","ids":"2925"} [] []
[2021-08-07 16:47:34] documentsSaveFiles.INFO: [] [] []
[2021-08-07 16:47:43] generateOTP.INFO: test [] []
[2021-08-07 16:47:50] generateOTP.INFO: test [] []
[2021-08-07 16:47:54] generateOTP.INFO: test [] []
[2021-08-07 16:48:39] generateOTP.INFO: test [] []
[2021-08-07 16:48:41] generateOTP.INFO: test [] []
[2021-08-07 16:51:01] generateOTP.INFO: test [] []
[2021-08-07 16:51:12] generateOTP.INFO: test [] []
[2021-08-07 16:51:25] generateOTP.INFO: test [] []
[2021-08-07 16:51:39] generateOTP.INFO: test [] []
[2021-08-07 16:52:06] generateOTP.INFO: test [] []
[2021-08-07 16:52:06] generateOTP.INFO: test [] []
[2021-08-07 16:52:06] generateOTP.INFO: test [] []
[2021-08-07 16:52:10] generateOTP.INFO: test [] []
[2021-08-07 16:52:11] generateOTP.INFO: test [] []
[2021-08-07 16:52:11] generateOTP.INFO: test [] []
[2021-08-07 16:52:17] generateOTP.INFO: test [] []
[2021-08-07 16:52:33] generateOTP.INFO: test [] []
[2021-08-07 16:54:12] generateOTP.INFO: test [] []
[2021-08-07 16:55:50] generateOTP.INFO: test [] []
[2021-08-07 16:55:53] generateOTP.INFO: test [] []
[2021-08-07 16:57:55] generateOTP.INFO: test [] []
[2021-08-07 16:59:05] generateOTP.INFO: test [] []
[2021-08-07 16:59:06] generateOTP.INFO: test [] []
[2021-08-07 16:59:33] generateOTP.INFO: test [] []
[2021-08-07 16:59:48] generateOTP.INFO: test [] []
[2021-08-07 16:59:49] generateOTP.INFO: test [] []
[2021-08-07 16:59:57] generateOTP.INFO: test [] []
[2021-08-07 16:59:58] generateOTP.INFO: test [] []
[2021-08-07 16:59:59] generateOTP.INFO: test [] []
[2021-08-07 17:00:07] generateOTP.INFO: test [] []
[2021-08-07 17:00:30] generateOTP.INFO: {"salutation":"1","firstname":"cv","lastname":"hfghfg","dob":"09-08-1984","mob_no":"9930715509","panCard":"","email":"sm@gmal.com","ref1":"0","ref2":"0","comAdd":"Mansarovar","city":"Navi Mumbai","state":"MAHARASHTRA","pin_code":"410209","ISNRI":"N","update_emp_id":"MnQwRTA0N3I5SnhkVWFhK1RoUDF0Zz09","edit":"0","policy_no":"470","subtype_text":"1","sum_insure":"5000000","familyConstruct":"1A","occupation":"","anuual_income":"","family_members_id":"0","family_gender":"Male","first_name":"cv","last_name":"hfghfg","family_date_birth":"09-08-1984","age":"36","age_type":" years","tenure":"1 Year","mem_mob":"9930715509","mem_email":"sm@gmal.com","family_id":"","s_date":"","marriage_date":"","premium":"12199","policyNo":"470","familyDataType":"undefined","empId":"MnQwRTA0N3I5SnhkVWFhK1RoUDF0Zz09","product":"test123abc","declare":"[]","gender":"Male","gci_options":"undefined","gpa_options":"No","hidden_policy_id":"470","hidden_deductable":"0"} [] []
[2021-08-07 17:01:05] documentsSave.INFO: {"ops_type":"[]","ids":"2926"} [] []
[2021-08-07 17:01:05] documentsSaveFiles.INFO: [] [] []
[2021-08-07 17:01:52] generateOTP.INFO: test [] []
[2021-08-07 17:05:40] generateOTP.INFO: test [] []
[2021-08-07 17:06:10] generateOTP.INFO: test [] []
[2021-08-07 17:06:17] generateOTP.INFO: test [] []
[2021-08-07 17:06:25] generateOTP.INFO: test [] []
[2021-08-07 17:07:01] generateOTP.INFO: test [] []
[2021-08-07 17:07:16] generateOTP.INFO: test [] []
[2021-08-07 17:16:22] generateOTP.INFO: test [] []
[2021-08-07 17:16:42] generateOTP.INFO: test [] []
[2021-08-07 17:17:37] generateOTP.INFO: test [] []
[2021-08-07 17:18:24] generateOTP.INFO: {"salutation":"1","firstname":"dff","lastname":"cvv","dob":"23-08-1984","mob_no":"9930185509","panCard":"","email":"sm@gmal.com","ref1":"0","ref2":"0","comAdd":"Mansarovar","city":"Navi Mumbai","state":"MAHARASHTRA","pin_code":"410209","ISNRI":"N","update_emp_id":"V2RFdUFMdC8vNHg5b2hHMDY5SFZKZz09","edit":"0","policy_no":"470","subtype_text":"1","sum_insure":"5000000","familyConstruct":"1A","occupation":"","anuual_income":"","family_members_id":"1","family_gender":"Female","first_name":"VFGFDH","last_name":"GFFF","family_date_birth":"07-08-1992","age":"29","age_type":" years","tenure":"1 Year","mem_mob":"5555555555","mem_email":"smgl@gmal.com","family_id":"","s_date":"","marriage_date":"","premium":"12199","policyNo":"470","familyDataType":"undefined","empId":"V2RFdUFMdC8vNHg5b2hHMDY5SFZKZz09","product":"test123abc","declare":"[]","gender":"Male","gci_options":"undefined","gpa_options":"No","hidden_policy_id":"470","hidden_deductable":"0"} [] []
[2021-08-07 17:18:52] generateOTP.INFO: {"salutation":"1","firstname":"dff","lastname":"cvv","dob":"23-08-1984","mob_no":"9930185509","panCard":"","email":"sm@gmal.com","ref1":"0","ref2":"0","comAdd":"Mansarovar","city":"Navi Mumbai","state":"MAHARASHTRA","pin_code":"410209","ISNRI":"N","update_emp_id":"V2RFdUFMdC8vNHg5b2hHMDY5SFZKZz09","edit":"0","policy_no":"470","subtype_text":"1","sum_insure":"5000000","familyConstruct":"1A","occupation":"","anuual_income":"","family_members_id":"1","family_gender":"Female","first_name":"VFGFDH","last_name":"GFFF","family_date_birth":"07-08-1992","age":"29","age_type":" years","tenure":"1 Year","mem_mob":"5555555555","mem_email":"smgl@gmal.com","family_id":"","s_date":"","marriage_date":"","premium":"12199","policyNo":"470","familyDataType":"undefined","empId":"V2RFdUFMdC8vNHg5b2hHMDY5SFZKZz09","product":"test123abc","declare":"[]","gender":"Male","gci_options":"undefined","gpa_options":"No","hidden_policy_id":"470","hidden_deductable":"0"} [] []
[2021-08-07 17:19:32] generateOTP.INFO: test [] []
[2021-08-07 17:19:56] documentsSave.INFO: {"ops_type":"[]","ids":"2928"} [] []
[2021-08-07 17:19:56] documentsSaveFiles.INFO: [] [] []
[2021-08-07 17:20:54] generateOTP.INFO: test [] []
[2021-08-07 17:25:47] generateOTP.INFO: test [] []
[2021-08-07 18:29:31] generateOTP.INFO: test [] []
[2021-08-07 18:29:32] generateOTP.INFO: test [] []
