[2020-10-07 08:31:33] generateOTP.INFO: test [] []
[2020-10-07 10:19:19] generateOTP.INFO: test [] []
[2020-10-07 10:20:55] generateOTP.INFO: test [] []
[2020-10-07 10:21:06] generateOTP.INFO: test [] []
[2020-10-07 10:21:30] generateOTP.INFO: test [] []
[2020-10-07 10:21:40] generateOTP.INFO: test [] []
[2020-10-07 10:21:44] generateOTP.INFO: test [] []
[2020-10-07 10:21:50] generateOTP.INFO: test [] []
[2020-10-07 10:22:01] generateOTP.INFO: test [] []
[2020-10-07 10:22:01] generateOTP.INFO: test [] []
[2020-10-07 10:22:02] generateOTP.INFO: test [] []
[2020-10-07 10:22:02] generateOTP.INFO: test [] []
[2020-10-07 10:22:08] generateOTP.INFO: test [] []
[2020-10-07 10:22:09] generateOTP.INFO: test [] []
[2020-10-07 10:22:25] generateOTP.INFO: test [] []
[2020-10-07 10:22:25] generateOTP.INFO: test [] []
[2020-10-07 10:22:25] generateOTP.INFO: test [] []
[2020-10-07 10:22:25] generateOTP.INFO: test [] []
[2020-10-07 10:25:32] generateOTP.INFO: test [] []
[2020-10-07 10:25:32] generateOTP.INFO: test [] []
[2020-10-07 10:25:32] generateOTP.INFO: test [] []
[2020-10-07 10:25:32] generateOTP.INFO: test [] []
[2020-10-07 10:26:16] generateOTP.INFO: test [] []
[2020-10-07 10:26:16] generateOTP.INFO: test [] []
[2020-10-07 10:26:17] generateOTP.INFO: test [] []
[2020-10-07 10:26:21] generateOTP.INFO: test [] []
[2020-10-07 10:26:34] generateOTP.INFO: test [] []
[2020-10-07 10:26:35] generateOTP.INFO: test [] []
[2020-10-07 10:26:38] generateOTP.INFO: test [] []
[2020-10-07 10:26:44] generateOTP.INFO: test [] []
[2020-10-07 10:26:47] generateOTP.INFO: test [] []
[2020-10-07 10:27:05] generateOTP.INFO: test [] []
[2020-10-07 10:27:55] generateOTP.INFO: test [] []
[2020-10-07 10:28:15] generateOTP.INFO: test [] []
[2020-10-07 10:28:59] generateOTP.INFO: test [] []
[2020-10-07 10:29:56] generateOTP.INFO: test [] []
[2020-10-07 10:29:57] generateOTP.INFO: test [] []
[2020-10-07 10:30:04] generateOTP.INFO: test [] []
[2020-10-07 10:30:04] generateOTP.INFO: test [] []
[2020-10-07 10:31:29] generateOTP.INFO: test [] []
[2020-10-07 10:31:29] generateOTP.INFO: test [] []
[2020-10-07 10:37:25] generateOTP.INFO: test [] []
[2020-10-07 10:37:35] generateOTP.INFO: test [] []
[2020-10-07 10:45:28] generateOTP.INFO: test [] []
[2020-10-07 10:45:31] generateOTP.INFO: test [] []
[2020-10-07 10:45:34] generateOTP.INFO: test [] []
[2020-10-07 10:45:34] generateOTP.INFO: test [] []
[2020-10-07 10:45:36] generateOTP.INFO: test [] []
[2020-10-07 10:45:36] generateOTP.INFO: test [] []
[2020-10-07 10:45:36] generateOTP.INFO: test [] []
[2020-10-07 10:45:36] generateOTP.INFO: test [] []
[2020-10-07 10:45:54] generateOTP.INFO: test [] []
[2020-10-07 10:45:55] generateOTP.INFO: test [] []
[2020-10-07 10:46:56] generateOTP.INFO: test [] []
[2020-10-07 10:46:56] generateOTP.INFO: test [] []
[2020-10-07 10:47:29] generateOTP.INFO: test [] []
[2020-10-07 10:47:29] generateOTP.INFO: test [] []
[2020-10-07 10:47:35] generateOTP.INFO: test [] []
[2020-10-07 10:47:35] generateOTP.INFO: test [] []
[2020-10-07 10:47:38] generateOTP.INFO: test [] []
[2020-10-07 10:47:38] generateOTP.INFO: test [] []
[2020-10-07 10:47:38] generateOTP.INFO: test [] []
[2020-10-07 10:47:38] generateOTP.INFO: test [] []
[2020-10-07 10:47:43] generateOTP.INFO: test [] []
[2020-10-07 10:47:43] generateOTP.INFO: test [] []
[2020-10-07 10:48:22] generateOTP.INFO: test [] []
[2020-10-07 10:48:22] generateOTP.INFO: test [] []
[2020-10-07 10:52:02] generateOTP.INFO: test [] []
[2020-10-07 10:52:02] generateOTP.INFO: test [] []
[2020-10-07 10:52:39] generateOTP.INFO: test [] []
[2020-10-07 10:52:40] generateOTP.INFO: test [] []
[2020-10-07 10:52:42] generateOTP.INFO: test [] []
[2020-10-07 10:52:43] generateOTP.INFO: test [] []
[2020-10-07 10:52:44] generateOTP.INFO: test [] []
[2020-10-07 10:52:45] generateOTP.INFO: test [] []
[2020-10-07 10:52:45] generateOTP.INFO: test [] []
[2020-10-07 10:52:45] generateOTP.INFO: test [] []
[2020-10-07 10:52:48] generateOTP.INFO: test [] []
[2020-10-07 10:52:48] generateOTP.INFO: test [] []
[2020-10-07 10:52:50] generateOTP.INFO: test [] []
[2020-10-07 10:52:51] generateOTP.INFO: test [] []
[2020-10-07 11:05:33] generateOTP.INFO: test [] []
[2020-10-07 11:05:45] generateOTP.INFO: test [] []
[2020-10-07 11:05:47] generateOTP.INFO: test [] []
[2020-10-07 11:06:25] generateOTP.INFO: test [] []
[2020-10-07 11:10:51] generateOTP.INFO: test [] []
[2020-10-07 11:12:07] generateOTP.INFO: test [] []
[2020-10-07 11:12:10] generateOTP.INFO: test [] []
[2020-10-07 11:12:21] generateOTP.INFO: test [] []
[2020-10-07 11:12:21] generateOTP.INFO: test [] []
[2020-10-07 11:12:21] generateOTP.INFO: test [] []
[2020-10-07 11:12:22] generateOTP.INFO: test [] []
[2020-10-07 11:12:50] generateOTP.INFO: test [] []
[2020-10-07 11:13:06] generateOTP.INFO: test [] []
[2020-10-07 11:13:09] generateOTP.INFO: test [] []
[2020-10-07 11:13:09] generateOTP.INFO: test [] []
[2020-10-07 11:16:27] generateOTP.INFO: test [] []
[2020-10-07 11:16:27] generateOTP.INFO: test [] []
[2020-10-07 11:16:27] generateOTP.INFO: test [] []
[2020-10-07 11:16:27] generateOTP.INFO: test [] []
[2020-10-07 11:18:17] generateOTP.INFO: test [] []
[2020-10-07 11:18:39] generateOTP.INFO: test [] []
[2020-10-07 11:22:35] generateOTP.INFO: test [] []
[2020-10-07 11:22:35] generateOTP.INFO: test [] []
[2020-10-07 11:22:35] generateOTP.INFO: test [] []
[2020-10-07 11:22:36] generateOTP.INFO: test [] []
[2020-10-07 11:36:30] generateOTP.INFO: test [] []
[2020-10-07 11:37:27] generateOTP.INFO: {"salutation":"1","firstname":"tettttttttttttttttttttttst","lastname":"BANKttttttttttttttttttttttttttttttttttttttttING","dob":"19-12-1988","mob_no":"7010444138","panCard":"XXXXXX456A","email":"jack@gmail.com","ref1":"1","ref2":"1","comAdd":"Om hrad ntalatiof, holOmshre, talathioficeeachol, OmshreeSada9talathi","city":"MUMBAI","state":"MAHARASHTRA","pin_code":"622103","ISNRI":"N","update_emp_id":"623419","edit":"0","policy_no":"392,393","subtype_text":"1","sum_insure":"500000","anuual_income":"","familyConstruct":"1A","family_members_id":"0","family_gender":"Male","first_name":"tettttttttttttttttttttttst","last_name":"BANKttttttttttttttttttttttttttttttttttttttttING","family_date_birth":"19-12-1988","age":"31","age_type":" years","tenure":"1 Year","family_id":"","s_date":"","marriage_date":"","premium":"8399.9952","policyNo":"392,393","familyDataType":"undefined","empId":"623419","product":"iWL65dcd54d9c5a65","declare":"[]","gender":"Male","gci_options":"Yes"} [] []
[2020-10-07 11:38:33] generateOTP.INFO: test [] []
[2020-10-07 11:40:13] generateOTP.INFO: test [] []
[2020-10-07 11:40:23] generateOTP.INFO: test [] []
[2020-10-07 11:40:41] generateOTP.INFO: test [] []
[2020-10-07 11:40:53] generateOTP.INFO: test [] []
[2020-10-07 11:44:08] generateOTP.INFO: test [] []
[2020-10-07 12:29:17] generateOTP.INFO: test [] []
[2020-10-07 12:29:18] generateOTP.INFO: test [] []
[2020-10-07 12:31:21] generateOTP.INFO: test [] []
[2020-10-07 12:31:23] generateOTP.INFO: test [] []
[2020-10-07 12:33:05] generateOTP.INFO: test [] []
[2020-10-07 12:33:05] generateOTP.INFO: test [] []
[2020-10-07 12:33:07] generateOTP.INFO: test [] []
[2020-10-07 12:33:07] generateOTP.INFO: test [] []
[2020-10-07 12:33:09] generateOTP.INFO: test [] []
[2020-10-07 12:33:09] generateOTP.INFO: test [] []
[2020-10-07 12:33:09] generateOTP.INFO: test [] []
[2020-10-07 12:33:10] generateOTP.INFO: test [] []
[2020-10-07 12:33:18] generateOTP.INFO: test [] []
[2020-10-07 12:33:19] generateOTP.INFO: test [] []
[2020-10-07 12:33:22] generateOTP.INFO: test [] []
[2020-10-07 12:33:22] generateOTP.INFO: test [] []
[2020-10-07 12:33:22] generateOTP.INFO: test [] []
[2020-10-07 12:33:23] generateOTP.INFO: test [] []
[2020-10-07 12:33:26] generateOTP.INFO: test [] []
[2020-10-07 12:33:26] generateOTP.INFO: test [] []
[2020-10-07 12:33:29] generateOTP.INFO: test [] []
[2020-10-07 12:33:29] generateOTP.INFO: test [] []
[2020-10-07 12:33:29] generateOTP.INFO: test [] []
[2020-10-07 12:33:30] generateOTP.INFO: test [] []
[2020-10-07 12:33:39] generateOTP.INFO: test [] []
[2020-10-07 12:33:41] generateOTP.INFO: test [] []
[2020-10-07 12:33:51] generateOTP.INFO: test [] []
[2020-10-07 12:33:52] generateOTP.INFO: test [] []
[2020-10-07 12:33:59] generateOTP.INFO: test [] []
[2020-10-07 12:33:59] generateOTP.INFO: test [] []
[2020-10-07 12:34:02] generateOTP.INFO: test [] []
[2020-10-07 12:34:02] generateOTP.INFO: test [] []
[2020-10-07 12:34:02] generateOTP.INFO: test [] []
[2020-10-07 12:34:02] generateOTP.INFO: test [] []
[2020-10-07 12:34:14] generateOTP.INFO: test [] []
[2020-10-07 12:34:14] generateOTP.INFO: test [] []
[2020-10-07 12:34:19] generateOTP.INFO: test [] []
[2020-10-07 12:34:19] generateOTP.INFO: test [] []
[2020-10-07 12:34:19] generateOTP.INFO: test [] []
[2020-10-07 12:34:20] generateOTP.INFO: test [] []
[2020-10-07 12:34:23] generateOTP.INFO: test [] []
[2020-10-07 12:34:23] generateOTP.INFO: test [] []
[2020-10-07 12:34:26] generateOTP.INFO: test [] []
[2020-10-07 12:34:26] generateOTP.INFO: test [] []
[2020-10-07 12:34:26] generateOTP.INFO: test [] []
[2020-10-07 12:34:26] generateOTP.INFO: test [] []
[2020-10-07 12:34:29] generateOTP.INFO: test [] []
[2020-10-07 12:34:29] generateOTP.INFO: test [] []
[2020-10-07 12:35:01] generateOTP.INFO: test [] []
[2020-10-07 12:35:02] generateOTP.INFO: test [] []
[2020-10-07 12:36:41] generateOTP.INFO: test [] []
[2020-10-07 12:36:45] generateOTP.INFO: test [] []
[2020-10-07 12:36:46] generateOTP.INFO: test [] []
[2020-10-07 12:37:08] generateOTP.INFO: test [] []
[2020-10-07 12:37:08] generateOTP.INFO: test [] []
[2020-10-07 12:37:08] generateOTP.INFO: test [] []
[2020-10-07 12:37:09] generateOTP.INFO: test [] []
[2020-10-07 12:44:49] generateOTP.INFO: test [] []
[2020-10-07 12:46:18] generateOTP.INFO: {"salutation":"2","firstname":"aaaaabbbbbcccccdddddeeeeefffffggggghhhhhiiiiijjjjj","lastname":"aaaaabbbbbcccccdddddeeeeefffffggggghhhhhiiiiikkkkk","dob":"19-12-1988","mob_no":"7910444138","panCard":"XXXXXX456A","email":"sonali656@gmail.com","ref1":"1","ref2":"1","comAdd":"Om hrad ntalatiof, holOmshre, talathioficeeachol, OmshreeSada9talathi","city":"MUMBAI","state":"MAHARASHTRA","pin_code":"622103","ISNRI":"N","update_emp_id":"623420","edit":"0","policy_no":"392,393","subtype_text":"1","sum_insure":"1000000","anuual_income":"","familyConstruct":"1A+1K","family_members_id":"0","family_gender":"Male","first_name":"aaaaabbbbbcccccdddddeeeeefffffggggghhhhhiiiiijjjjj","last_name":"aaaaabbbbbcccccdddddeeeeefffffggggghhhhhiiiiikkkkk","family_date_birth":"19-12-1988","age":"31","age_type":" years","tenure":"1 Year","family_id":"","s_date":"","marriage_date":"","premium":"20099","policyNo":"392,393","familyDataType":"undefined","empId":"623420","product":"iWL65dcd54d9c5a65","declare":"[]","gender":"Male","gci_options":"Yes"} [] []
[2020-10-07 12:48:19] generateOTP.INFO: {"salutation":"2","firstname":"aaaaabbbbbcccccdddddeeeeefffffggggghhhhhiiiiijjjjj","lastname":"aaaaabbbbbcccccdddddeeeeefffffggggghhhhhiiiiikkkkk","dob":"19-12-1988","mob_no":"7910444138","panCard":"XXXXXX456A","email":"sonali656@gmail.com","ref1":"1","ref2":"1","comAdd":"Om hrad ntalatiof, holOmshre, talathioficeeachol, OmshreeSada9talathi","city":"MUMBAI","state":"MAHARASHTRA","pin_code":"622103","ISNRI":"N","update_emp_id":"623420","edit":"0","policy_no":"392,393","subtype_text":"1","sum_insure":"1000000","anuual_income":"","familyConstruct":"1A+1K","family_members_id":"2","family_gender":"Male","first_name":"aaaaaaaaaaaaaaaaaaaaaaaaaaaaaaaaaaaaaaaaaaaaaaaaaa","last_name":"bbbbbbbbbbbbbbbbbbbbbbbbbbbbbbbbbbbbbbbbbbb","family_date_birth":"10-10-2001","age":"18","age_type":" years","tenure":"1 Year","family_id":"","s_date":"","marriage_date":"","premium":"20099","policyNo":"392,393","familyDataType":"undefined","empId":"623420","product":"iWL65dcd54d9c5a65","declare":"[]","gender":"Male","gci_options":"Yes"} [] []
[2020-10-07 12:49:34] generateOTP.INFO: {"salutation":"2","firstname":"aaaaabbbbbcccccdddddeeeeefffffggggghhhhhiiiiijjjjj","lastname":"aaaaabbbbbcccccdddddeeeeefffffggggghhhhhiiiiikkkkk","dob":"19-12-1988","mob_no":"7910444138","panCard":"XXXXXX456A","email":"sonali656@gmail.com","ref1":"1","ref2":"1","comAdd":"Om hrad ntalatiof, holOmshre, talathioficeeachol, OmshreeSada9talathi","city":"MUMBAI","state":"MAHARASHTRA","pin_code":"622103","ISNRI":"N","update_emp_id":"623420","edit":"0","policy_no":"392,393","subtype_text":"1","sum_insure":"1000000","anuual_income":"","familyConstruct":"1A+1K","family_members_id":"0","family_gender":"Male","first_name":"aaaaabbbbbcccccdddddeeeeefffffggggghhhhhiiiiijjjjj","last_name":"aaaaabbbbbcccccdddddeeeeefffffggggghhhhhiiiiikkkkk","family_date_birth":"19-12-1988","age":"31","age_type":" years","tenure":"1 Year","family_id":"","s_date":"","marriage_date":"","premium":"20099","policyNo":"392,393","familyDataType":"undefined","empId":"623420","product":"iWL65dcd54d9c5a65","declare":"[]","gender":"Male","gci_options":"Yes"} [] []
[2020-10-07 12:49:53] generateOTP.INFO: {"salutation":"2","firstname":"aaaaabbbbbcccccdddddeeeeefffffggggghhhhhiiiiijjjjj","lastname":"aaaaabbbbbcccccdddddeeeeefffffggggghhhhhiiiiikkkkk","dob":"19-12-1988","mob_no":"7910444138","panCard":"XXXXXX456A","email":"sonali656@gmail.com","ref1":"1","ref2":"1","comAdd":"Om hrad ntalatiof, holOmshre, talathioficeeachol, OmshreeSada9talathi","city":"MUMBAI","state":"MAHARASHTRA","pin_code":"622103","ISNRI":"N","update_emp_id":"623420","edit":"0","policy_no":"392,393","subtype_text":"1","sum_insure":"1000000","anuual_income":"","familyConstruct":"1A+1K","family_members_id":"0","family_gender":"Male","first_name":"aaaaabbbbbcccccdddddeeeeefffffggggghhhhhiiiiijjjjj","last_name":"aaaaabbbbbcccccdddddeeeeefffffggggghhhhhiiiiikkkkk","family_date_birth":"19-12-1988","age":"31","age_type":" years","tenure":"1 Year","family_id":"","s_date":"","marriage_date":"","premium":"20099","policyNo":"392,393","familyDataType":"undefined","empId":"623420","product":"iWL65dcd54d9c5a65","declare":"[]","gender":"Male","gci_options":"Yes"} [] []
[2020-10-07 12:50:36] generateOTP.INFO: {"salutation":"2","firstname":"aaaaabbbbbcccccdddddeeeeefffffggggghhhhhiiiiijjjjj","lastname":"aaaaabbbbbcccccdddddeeeeefffffggggghhhhhiiiiikkkkk","dob":"19-12-1988","mob_no":"7910444138","panCard":"XXXXXX456A","email":"sonali656@gmail.com","ref1":"1","ref2":"1","comAdd":"Om hrad ntalatiof, holOmshre, talathioficeeachol, OmshreeSada9talathi","city":"MUMBAI","state":"MAHARASHTRA","pin_code":"622103","ISNRI":"N","update_emp_id":"623420","edit":"0","policy_no":"392,393","subtype_text":"1","sum_insure":"500000","anuual_income":"","familyConstruct":"1A+1K","family_members_id":"0","family_gender":"Male","first_name":"aaaaabbbbbcccccdddddeeeeefffffggggghhhhhiiiiijjjjj","last_name":"aaaaabbbbbcccccdddddeeeeefffffggggghhhhhiiiiikkkkk","family_date_birth":"19-12-1988","age":"31","age_type":" years","tenure":"1 Year","family_id":"","s_date":"","marriage_date":"","premium":"15299","policyNo":"392,393","familyDataType":"undefined","empId":"623420","product":"iWL65dcd54d9c5a65","declare":"[]","gender":"Male","gci_options":"Yes"} [] []
[2020-10-07 12:53:40] generateOTP.INFO: test [] []
[2020-10-07 12:55:15] generateOTP.INFO: {"salutation":"2","firstname":"aaaaabbbbbcccccdddddeeeeefffffggggghhhhhiiiiijjjjj","lastname":"aaaaabbbbbcccccdddddeeeeefffffggggghhhhhiiiiikkkkk","dob":"19-12-1988","mob_no":"7910444138","panCard":"XXXXXX456A","email":"sonali656@gmail.com","ref1":"1","ref2":"1","comAdd":"Om hrad ntalatiof, holOmshre, talathioficeeachol, OmshreeSada9talathi","city":"MUMBAI","state":"MAHARASHTRA","pin_code":"622103","ISNRI":"N","update_emp_id":"623420","edit":"0","policy_no":"392,393","subtype_text":"1","sum_insure":"500000","anuual_income":"","familyConstruct":"1A+1K","family_members_id":"0","family_gender":"Male","first_name":"aaaaabbbbbcccccdddddeeeeefffffggggghhhhhiiiiijjjjj","last_name":"aaaaabbbbbcccccdddddeeeeefffffggggghhhhhiiiiikkkkk","family_date_birth":"19-12-1988","age":"31","age_type":" years","tenure":"1 Year","family_id":"","s_date":"","marriage_date":"","premium":"15299","policyNo":"392,393","familyDataType":"undefined","empId":"623420","product":"iWL65dcd54d9c5a65","declare":"[]","gender":"Male","gci_options":"Yes"} [] []
[2020-10-07 12:58:17] generateOTP.INFO: test [] []
[2020-10-07 12:58:20] generateOTP.INFO: test [] []
[2020-10-07 12:58:21] generateOTP.INFO: test [] []
[2020-10-07 12:58:25] generateOTP.INFO: test [] []
[2020-10-07 12:58:25] generateOTP.INFO: test [] []
[2020-10-07 12:59:02] generateOTP.INFO: test [] []
[2020-10-07 12:59:02] generateOTP.INFO: test [] []
[2020-10-07 12:59:27] generateOTP.INFO: test [] []
[2020-10-07 12:59:27] generateOTP.INFO: test [] []
[2020-10-07 12:59:32] generateOTP.INFO: test [] []
[2020-10-07 12:59:32] generateOTP.INFO: test [] []
[2020-10-07 12:59:32] generateOTP.INFO: test [] []
[2020-10-07 12:59:33] generateOTP.INFO: test [] []
[2020-10-07 12:59:39] generateOTP.INFO: test [] []
[2020-10-07 12:59:39] generateOTP.INFO: test [] []
[2020-10-07 13:00:04] generateOTP.INFO: test [] []
[2020-10-07 13:00:04] generateOTP.INFO: test [] []
[2020-10-07 13:00:11] generateOTP.INFO: test [] []
[2020-10-07 13:00:12] generateOTP.INFO: test [] []
[2020-10-07 13:00:16] generateOTP.INFO: test [] []
[2020-10-07 13:00:16] generateOTP.INFO: test [] []
[2020-10-07 13:00:16] generateOTP.INFO: test [] []
[2020-10-07 13:00:16] generateOTP.INFO: test [] []
[2020-10-07 13:00:21] generateOTP.INFO: {"salutation":"3","firstname":"aaaaabbbbbcccccdddddeeeeefffffggggghhhhhiiiiijjjjj","lastname":"aaaaabbbbbcccccdddddeeeeefffffggggghhhhhiiiiikkkkk","dob":"19-12-1988","mob_no":"7010444138","panCard":"XXXXXX456A","email":"sonali667@gmail.com","ref1":"1","ref2":"1","comAdd":"Om hrad ntalatiof, holOmshre, talathioficeeachol, OmshreeSada9talathi","city":"MUMBAI","state":"MAHARASHTRA","pin_code":"622103","ISNRI":"N","update_emp_id":"623421","edit":"0","policy_no":"392,393","subtype_text":"1","sum_insure":"500000","anuual_income":"","familyConstruct":"1A+1K","family_members_id":"0","family_gender":"Female","first_name":"aaaaabbbbbcccccdddddeeeeefffffggggghhhhhiiiiijjjjj","last_name":"aaaaabbbbbcccccdddddeeeeefffffggggghhhhhiiiiikkkkk","family_date_birth":"19-12-1988","age":"31","age_type":" years","tenure":"1 Year","family_id":"","s_date":"","marriage_date":"","premium":"15299","policyNo":"392,393","familyDataType":"undefined","empId":"623421","product":"iWL65dcd54d9c5a65","declare":"[]","gender":"Female","gci_options":"Yes"} [] []
[2020-10-07 13:00:54] generateOTP.INFO: test [] []
[2020-10-07 13:00:54] generateOTP.INFO: test [] []
[2020-10-07 13:01:11] generateOTP.INFO: test [] []
[2020-10-07 13:01:12] generateOTP.INFO: test [] []
[2020-10-07 13:01:59] generateOTP.INFO: {"salutation":"3","firstname":"aaaaabbbbbcccccdddddeeeeefffffggggghhhhhiiiiijjjjj","lastname":"aaaaabbbbbcccccdddddeeeeefffffggggghhhhhiiiiikkkkk","dob":"19-12-1988","mob_no":"7010444138","panCard":"XXXXXX456A","email":"sonali667@gmail.com","ref1":"1","ref2":"1","comAdd":"Om hrad ntalatiof, holOmshre, talathioficeeachol, OmshreeSada9talathi","city":"MUMBAI","state":"MAHARASHTRA","pin_code":"622103","ISNRI":"N","update_emp_id":"623421","edit":"0","policy_no":"392,393","subtype_text":"1","sum_insure":"500000","anuual_income":"","familyConstruct":"1A+1K","family_members_id":"2","family_gender":"Male","first_name":"aaaaaaaaaaaaaaaaaaaaaaaaaaaaaaaaaaaaaaaaaaaaaaaaaa","last_name":"bbbbbbbbbbbbbbbbbbbbbbbbbbbbbbbbbbbbbbbbbbbbbbbbb","family_date_birth":"02-07-2003","age":"17","age_type":" years","tenure":"1 Year","family_id":"","s_date":"","marriage_date":"","premium":"15299","policyNo":"392,393","familyDataType":"undefined","empId":"623421","product":"iWL65dcd54d9c5a65","declare":"[]","gender":"Female","gci_options":"Yes"} [] []
[2020-10-07 13:04:18] generateOTP.INFO: test [] []
[2020-10-07 13:04:18] generateOTP.INFO: test [] []
[2020-10-07 13:04:18] generateOTP.INFO: test [] []
[2020-10-07 13:04:19] generateOTP.INFO: test [] []
[2020-10-07 13:05:26] documentsSave.INFO: {"ops_type":"[\"0\",\"Y\"]","ids":"154,155"} [] []
[2020-10-07 13:05:26] documentsSaveFiles.INFO: [{"name":"testing.pdf","type":"application\/pdf","tmp_name":"\/tmp\/phpmKMyso","error":0,"size":31140},{"name":"testing.pdf","type":"application\/pdf","tmp_name":"\/tmp\/phpcgiZyQ","error":0,"size":31140}] [] []
[2020-10-07 13:06:36] generateOTP.INFO: test [] []
[2020-10-07 13:06:37] generateOTP.INFO: test [] []
[2020-10-07 13:07:06] generateOTP.INFO: test [] []
[2020-10-07 13:07:12] generateOTP.INFO: test [] []
[2020-10-07 13:07:33] generateOTP.INFO: test [] []
[2020-10-07 13:07:37] generateOTP.INFO: test [] []
[2020-10-07 13:08:03] generateOTP.INFO: test [] []
[2020-10-07 13:08:21] generateOTP.INFO: test [] []
[2020-10-07 13:08:29] generateOTP.INFO: test [] []
[2020-10-07 13:08:46] generateOTP.INFO: test [] []
[2020-10-07 13:09:09] generateOTP.INFO: test [] []
[2020-10-07 13:09:22] generateOTP.INFO: test [] []
[2020-10-07 13:09:38] generateOTP.INFO: test [] []
[2020-10-07 13:09:52] generateOTP.INFO: test [] []
[2020-10-07 13:10:05] generateOTP.INFO: test [] []
[2020-10-07 13:10:21] generateOTP.INFO: test [] []
[2020-10-07 13:10:34] generateOTP.INFO: test [] []
[2020-10-07 13:10:46] generateOTP.INFO: test [] []
[2020-10-07 13:11:00] generateOTP.INFO: test [] []
[2020-10-07 13:11:08] generateOTP.INFO: test [] []
[2020-10-07 13:11:23] generateOTP.INFO: test [] []
[2020-10-07 13:11:25] generateOTP.INFO: test [] []
[2020-10-07 13:11:35] generateOTP.INFO: test [] []
[2020-10-07 13:11:41] generateOTP.INFO: test [] []
[2020-10-07 13:11:52] generateOTP.INFO: test [] []
[2020-10-07 13:11:54] generateOTP.INFO: test [] []
[2020-10-07 13:11:54] generateOTP.INFO: test [] []
[2020-10-07 13:11:57] generateOTP.INFO: test [] []
[2020-10-07 13:12:11] generateOTP.INFO: test [] []
[2020-10-07 13:12:18] generateOTP.INFO: test [] []
[2020-10-07 13:12:40] generateOTP.INFO: test [] []
[2020-10-07 13:13:19] generateOTP.INFO: test [] []
[2020-10-07 13:15:38] generateOTP.INFO: test [] []
[2020-10-07 13:17:19] generateOTP.INFO: test [] []
[2020-10-07 13:20:01] generateOTP.INFO: test [] []
[2020-10-07 13:20:02] generateOTP.INFO: test [] []
[2020-10-07 13:20:09] generateOTP.INFO: test [] []
[2020-10-07 13:20:12] generateOTP.INFO: test [] []
[2020-10-07 13:22:28] generateOTP.INFO: test [] []
[2020-10-07 13:28:16] generateOTP.INFO: test [] []
[2020-10-07 13:29:06] generateOTP.INFO: test [] []
[2020-10-07 13:29:32] generateOTP.INFO: test [] []
[2020-10-07 13:31:47] generateOTP.INFO: {"salutation":"2","firstname":"aaaaabbbbbcccccdddddeeeeefffffggggghhhhhiiiiijjjjj","lastname":"aaaaabbbbbcccccdddddeeeeefffffggggghhhhhiiiiikkkkk","dob":"19-12-1988","mob_no":"7010444138","panCard":"XXXXXX456A","email":"sonali255@gmail.com","ref1":"1","ref2":"1","comAdd":"Om hrad ntalatiof, holOmshre, talathioficeeachol, OmshreeSada9talathi","city":"MUMBAI","state":"MAHARASHTRA","pin_code":"622103","ISNRI":"N","update_emp_id":"623423","edit":"0","policy_no":"403","subtype_text":"1","sum_insure":"1500000","anuual_income":"","familyConstruct":"2A","family_members_id":"0","family_gender":"Male","first_name":"aaaaabbbbbcccccdddddeeeeefffffggggghhhhhiiiiijjjjj","last_name":"aaaaabbbbbcccccdddddeeeeefffffggggghhhhhiiiiikkkkk","family_date_birth":"19-12-1988","age":"31","age_type":" years","tenure":"1 Year","family_id":"","s_date":"","marriage_date":"","premium":"32500","policyNo":"403","familyDataType":"undefined","empId":"623423","product":"NUKc5dd5468e43707","declare":"[]","gender":"Male","gci_options":"Yes"} [] []
[2020-10-07 13:34:55] generateOTP.INFO: test [] []
[2020-10-07 13:35:44] generateOTP.INFO: {"salutation":"2","firstname":"aaaaabbbbbcccccdddddeeeeefffffggggghhhhhiiiiijjjjj","lastname":"aaaaabbbbbcccccdddddeeeeefffffggggghhhhhiiiiikkkkk","dob":"19-12-1968","mob_no":"7010444138","panCard":"XXXXXX456A","email":"sonali56@gmail.com","ref1":"1","ref2":"1","comAdd":"Om hrad ntalatiof, holOmshre, talathioficeeachol, OmshreeSada9talathi","city":"MUMBAI","state":"MAHARASHTRA","pin_code":"622103","ISNRI":"N","update_emp_id":"623424","edit":"0","policy_no":"403","subtype_text":"1","sum_insure":"1500000","anuual_income":"","familyConstruct":"2A","family_members_id":"0","family_gender":"Male","first_name":"aaaaabbbbbcccccdddddeeeeefffffggggghhhhhiiiiijjjjj","last_name":"aaaaabbbbbcccccdddddeeeeefffffggggghhhhhiiiiikkkkk","family_date_birth":"19-12-1968","age":"51","age_type":" years","tenure":"1 Year","family_id":"","s_date":"","marriage_date":"","premium":"32500","policyNo":"403","familyDataType":"undefined","empId":"623424","product":"NUKc5dd5468e43707","declare":"[]","gender":"Male","gci_options":"Yes"} [] []
[2020-10-07 13:37:05] generateOTP.INFO: {"salutation":"2","firstname":"aaaaabbbbbcccccdddddeeeeefffffggggghhhhhiiiiijjjjj","lastname":"aaaaabbbbbcccccdddddeeeeefffffggggghhhhhiiiiikkkkk","dob":"19-12-1968","mob_no":"7010444138","panCard":"XXXXXX456A","email":"sonali56@gmail.com","ref1":"1","ref2":"1","comAdd":"Om hrad ntalatiof, holOmshre, talathioficeeachol, OmshreeSada9talathi","city":"MUMBAI","state":"MAHARASHTRA","pin_code":"622103","ISNRI":"N","update_emp_id":"623424","edit":"0","policy_no":"403","subtype_text":"1","sum_insure":"1500000","anuual_income":"800000","familyConstruct":"2A","family_members_id":"1","family_gender":"Female","first_name":"cccccccccccccccccccccccccccccccccccccccccccccccccc","last_name":"dddddddddddddddddddddddddddddddddddddddddddddddddd","family_date_birth":"20-10-1981","age":"38","age_type":" years","tenure":"1 Year","family_id":"","s_date":"","marriage_date":"","premium":"32500","policyNo":"403","familyDataType":"undefined","empId":"623424","product":"NUKc5dd5468e43707","declare":"[]","gender":"Male","gci_options":"Yes"} [] []
[2020-10-07 13:37:24] generateOTP.INFO: {"salutation":"2","firstname":"aaaaabbbbbcccccdddddeeeeefffffggggghhhhhiiiiijjjjj","lastname":"aaaaabbbbbcccccdddddeeeeefffffggggghhhhhiiiiikkkkk","dob":"19-12-1968","mob_no":"7010444138","panCard":"XXXXXX456A","email":"sonali56@gmail.com","ref1":"1","ref2":"1","comAdd":"Om hrad ntalatiof, holOmshre, talathioficeeachol, OmshreeSada9talathi","city":"MUMBAI","state":"MAHARASHTRA","pin_code":"622103","ISNRI":"N","update_emp_id":"623424","edit":"0","policy_no":"403","subtype_text":"1","sum_insure":"1500000","anuual_income":"800000","familyConstruct":"2A","family_members_id":"1","family_gender":"Female","first_name":"cccccccccccccccccccccccccccccccccccccccccccccccccc","last_name":"dddddddddddddddddddddddddddddddddddddddddddddddddd","family_date_birth":"19-10-1973","age":"46","age_type":" years","tenure":"1 Year","family_id":"","s_date":"","marriage_date":"","premium":"32500","policyNo":"403","familyDataType":"undefined","empId":"623424","product":"NUKc5dd5468e43707","declare":"[]","gender":"Male","gci_options":"Yes"} [] []
[2020-10-07 13:42:40] documentsSave.INFO: {"ops_type":"[\"0\",\"Y\"]","ids":"156"} [] []
[2020-10-07 13:42:40] documentsSaveFiles.INFO: [{"name":"testing.pdf","type":"application\/pdf","tmp_name":"\/tmp\/phpzINfHk","error":0,"size":31140},{"name":"testing.pdf","type":"application\/pdf","tmp_name":"\/tmp\/phpPZxD1I","error":0,"size":31140}] [] []
[2020-10-07 13:49:18] generateOTP.INFO: test [] []
[2020-10-07 13:49:18] generateOTP.INFO: test [] []
[2020-10-07 13:51:12] generateOTP.INFO: test [] []
[2020-10-07 13:51:13] generateOTP.INFO: test [] []
[2020-10-07 13:51:26] generateOTP.INFO: test [] []
[2020-10-07 13:51:36] generateOTP.INFO: test [] []
[2020-10-07 13:51:36] generateOTP.INFO: test [] []
[2020-10-07 13:52:15] generateOTP.INFO: test [] []
[2020-10-07 13:52:15] generateOTP.INFO: test [] []
[2020-10-07 13:53:46] generateOTP.INFO: test [] []
[2020-10-07 13:53:49] generateOTP.INFO: test [] []
[2020-10-07 13:53:56] generateOTP.INFO: test [] []
[2020-10-07 13:54:19] generateOTP.INFO: test [] []
[2020-10-07 13:56:07] generateOTP.INFO: test [] []
[2020-10-07 13:58:26] generateOTP.INFO: test [] []
[2020-10-07 14:01:00] generateOTP.INFO: test [] []
[2020-10-07 14:01:01] generateOTP.INFO: test [] []
[2020-10-07 14:02:58] generateOTP.INFO: test [] []
[2020-10-07 14:04:17] generateOTP.INFO: test [] []
[2020-10-07 14:04:58] generateOTP.INFO: test [] []
[2020-10-07 14:04:58] generateOTP.INFO: test [] []
[2020-10-07 14:05:32] generateOTP.INFO: {"salutation":"3","firstname":"aaaaabbbbbcccccdddddeeeeefffffggggghhhhhiiiiijjjjj","lastname":"aaaaabbbbbcccccdddddeeeeefffffggggghhhhhiiiiikkkkk","dob":"19-12-1988","mob_no":"7010444138","panCard":"XXXXXX456A","email":"sonali89@gmail.com","ref1":"1","ref2":"1","comAdd":"Om hrad ntalatiof, holOmshre, talathioficeeachol, OmshreeSada9talathi","city":"MUMBAI","state":"MAHARASHTRA","pin_code":"622103","ISNRI":"N","update_emp_id":"623425","edit":"0","policy_no":"454,455","subtype_text":"1","sum_insure":"1000000","anuual_income":"","occupation":"6","familyConstruct":"1A+1K","family_members_id":"0","family_gender":"Female","first_name":"aaaaabbbbbcccccdddddeeeeefffffggggghhhhhiiiiijjjjj","last_name":"aaaaabbbbbcccccdddddeeeeefffffggggghhhhhiiiiikkkkk","family_date_birth":"19-12-1988","age":"31","age_type":" years","tenure":"1 Year","family_id":"","s_date":"","marriage_date":"","premium":"14000","policyNo":"454,455","familyDataType":"undefined","empId":"623425","product":"RMxC5efb5c5a320e7","declare":"[]","gender":"Female","gci_options":"Yes"} [] []
[2020-10-07 14:06:42] generateOTP.INFO: {"salutation":"3","firstname":"aaaaabbbbbcccccdddddeeeeefffffggggghhhhhiiiiijjjjj","lastname":"aaaaabbbbbcccccdddddeeeeefffffggggghhhhhiiiiikkkkk","dob":"19-12-1988","mob_no":"7010444138","panCard":"XXXXXX456A","email":"sonali89@gmail.com","ref1":"1","ref2":"1","comAdd":"Om hrad ntalatiof, holOmshre, talathioficeeachol, OmshreeSada9talathi","city":"MUMBAI","state":"MAHARASHTRA","pin_code":"622103","ISNRI":"N","update_emp_id":"623425","edit":"0","policy_no":"454,455","subtype_text":"1","sum_insure":"1000000","anuual_income":"","occupation":"6","familyConstruct":"1A+1K","family_members_id":"3","family_gender":"Female","first_name":"eeeeeeeeeeeeeeeeeeeeeeeeeeeeeeeeeeeeeeeeeeeeeeeeee","last_name":"ffffffffffffffffffffffffffffffffffffffffffffffffff","family_date_birth":"22-10-2005","age":"14","age_type":" years","tenure":"1 Year","family_id":"","s_date":"","marriage_date":"","premium":"14000","policyNo":"454,455","familyDataType":"undefined","empId":"623425","product":"RMxC5efb5c5a320e7","declare":"[]","gender":"Female","gci_options":"Yes"} [] []
[2020-10-07 14:07:06] generateOTP.INFO: test [] []
[2020-10-07 14:07:07] generateOTP.INFO: test [] []
[2020-10-07 14:08:49] generateOTP.INFO: test [] []
[2020-10-07 14:08:49] generateOTP.INFO: test [] []
[2020-10-07 14:08:54] generateOTP.INFO: test [] []
[2020-10-07 14:08:54] generateOTP.INFO: test [] []
[2020-10-07 14:10:33] generateOTP.INFO: test [] []
[2020-10-07 14:10:33] generateOTP.INFO: test [] []
[2020-10-07 14:10:50] documentsSave.INFO: {"ops_type":"[\"0\",\"Y\"]","ids":"157,158,159"} [] []
[2020-10-07 14:10:50] documentsSaveFiles.INFO: [{"name":"testing.pdf","type":"application\/pdf","tmp_name":"\/tmp\/phpHYpoNx","error":0,"size":31140},{"name":"testing.pdf","type":"application\/pdf","tmp_name":"\/tmp\/phptz2re9","error":0,"size":31140}] [] []
[2020-10-07 14:11:27] generateOTP.INFO: test [] []
[2020-10-07 14:11:36] generateOTP.INFO: test [] []
[2020-10-07 14:11:40] generateOTP.INFO: test [] []
[2020-10-07 14:13:01] generateOTP.INFO: test [] []
[2020-10-07 14:14:24] generateOTP.INFO: test [] []
[2020-10-07 14:14:26] generateOTP.INFO: test [] []
[2020-10-07 14:15:10] generateOTP.INFO: test [] []
[2020-10-07 14:18:09] generateOTP.INFO: test [] []
[2020-10-07 14:18:17] generateOTP.INFO: test [] []
[2020-10-07 14:18:18] generateOTP.INFO: test [] []
[2020-10-07 14:26:34] generateOTP.INFO: test [] []
[2020-10-07 14:26:40] generateOTP.INFO: test [] []
[2020-10-07 14:26:55] generateOTP.INFO: test [] []
[2020-10-07 14:33:26] generateOTP.INFO: test [] []
[2020-10-07 14:33:28] generateOTP.INFO: test [] []
[2020-10-07 14:37:20] generateOTP.INFO: test [] []
[2020-10-07 14:37:31] generateOTP.INFO: test [] []
[2020-10-07 14:37:57] generateOTP.INFO: test [] []
[2020-10-07 14:38:00] generateOTP.INFO: test [] []
[2020-10-07 14:38:05] generateOTP.INFO: test [] []
[2020-10-07 14:38:07] generateOTP.INFO: test [] []
[2020-10-07 14:38:21] generateOTP.INFO: test [] []
[2020-10-07 14:38:23] generateOTP.INFO: test [] []
[2020-10-07 14:45:00] generateOTP.INFO: test [] []
[2020-10-07 14:45:00] generateOTP.INFO: test [] []
[2020-10-07 14:45:09] generateOTP.INFO: test [] []
[2020-10-07 14:45:58] generateOTP.INFO: test [] []
[2020-10-07 14:47:10] generateOTP.INFO: test [] []
[2020-10-07 14:48:30] generateOTP.INFO: test [] []
[2020-10-07 14:48:49] generateOTP.INFO: test [] []
[2020-10-07 14:48:54] generateOTP.INFO: test [] []
[2020-10-07 14:55:30] generateOTP.INFO: test [] []
[2020-10-07 14:55:47] generateOTP.INFO: test [] []
[2020-10-07 14:55:52] generateOTP.INFO: test [] []
[2020-10-07 14:56:07] generateOTP.INFO: test [] []
[2020-10-07 14:59:09] generateOTP.INFO: test [] []
[2020-10-07 14:59:17] generateOTP.INFO: test [] []
[2020-10-07 14:59:34] generateOTP.INFO: test [] []
[2020-10-07 14:59:35] generateOTP.INFO: test [] []
[2020-10-07 14:59:39] generateOTP.INFO: test [] []
[2020-10-07 14:59:40] generateOTP.INFO: test [] []
[2020-10-07 14:59:41] generateOTP.INFO: test [] []
[2020-10-07 14:59:43] generateOTP.INFO: test [] []
[2020-10-07 15:07:02] generateOTP.INFO: test [] []
[2020-10-07 15:07:02] generateOTP.INFO: test [] []
[2020-10-07 15:07:03] generateOTP.INFO: test [] []
[2020-10-07 15:07:09] generateOTP.INFO: test [] []
[2020-10-07 15:17:35] generateOTP.INFO: test [] []
[2020-10-07 15:17:36] generateOTP.INFO: test [] []
[2020-10-07 15:17:57] generateOTP.INFO: test [] []
[2020-10-07 15:18:15] generateOTP.INFO: test [] []
[2020-10-07 15:18:19] generateOTP.INFO: test [] []
[2020-10-07 15:18:31] generateOTP.INFO: test [] []
[2020-10-07 15:18:34] generateOTP.INFO: test [] []
[2020-10-07 15:20:17] generateOTP.INFO: test [] []
[2020-10-07 15:20:27] generateOTP.INFO: test [] []
[2020-10-07 15:21:18] generateOTP.INFO: test [] []
[2020-10-07 15:23:11] generateOTP.INFO: test [] []
[2020-10-07 15:31:36] generateOTP.INFO: test [] []
[2020-10-07 15:31:53] generateOTP.INFO: test [] []
[2020-10-07 15:32:36] generateOTP.INFO: test [] []
[2020-10-07 15:33:09] generateOTP.INFO: test [] []
[2020-10-07 15:33:34] generateOTP.INFO: test [] []
[2020-10-07 15:35:20] generateOTP.INFO: {"salutation":"1","firstname":"aaaaabbbbbcccccdddddeeeeefffffggggghhhhhiiiiijjjjj","lastname":"aaaaabbbbbcccccdddddeeeeefffffggggghhhhhiiiiikkkkk","dob":"19-12-1988","mob_no":"7010444138","panCard":"XXXXXX456A","email":"sonali433@gmail.com","ref1":"1","ref2":"1","comAdd":"Om hrad ntalatiof, holOmshre, talathioficeeachol, OmshreeSada9talathi","city":"MUMBAI","state":"MAHARASHTRA","pin_code":"622103","ISNRI":"N","update_emp_id":"623432","edit":"0","policy_no":"460,461","subtype_text":"1","sum_insure":"2500000","anuual_income":"800000","occupation":"8","familyConstruct":"2A","family_members_id":"0","family_gender":"Male","first_name":"aaaaabbbbbcccccdddddeeeeefffffggggghhhhhiiiiijjjjj","last_name":"aaaaabbbbbcccccdddddeeeeefffffggggghhhhhiiiiikkkkk","family_date_birth":"19-12-1988","age":"31","age_type":" years","tenure":"1 Year","premiumgci":"0","family_id":"","s_date":"","marriage_date":"","premium":"undefined","policyNo":"460,461","familyDataType":"undefined","empId":"623432","product":"YFsa5f4cb15ead28c","declare":"[]","gender":"Male","gci_options":"Yes"} [] []
[2020-10-07 15:36:07] generateOTP.INFO: {"salutation":"1","firstname":"aaaaabbbbbcccccdddddeeeeefffffggggghhhhhiiiiijjjjj","lastname":"aaaaabbbbbcccccdddddeeeeefffffggggghhhhhiiiiikkkkk","dob":"19-12-1988","mob_no":"7010444138","panCard":"XXXXXX456A","email":"sonali433@gmail.com","ref1":"1","ref2":"1","comAdd":"Om hrad ntalatiof, holOmshre, talathioficeeachol, OmshreeSada9talathi","city":"MUMBAI","state":"MAHARASHTRA","pin_code":"622103","ISNRI":"N","update_emp_id":"623432","edit":"0","policy_no":"460,461","subtype_text":"1","sum_insure":"2500000","anuual_income":"800000","occupation":"8","familyConstruct":"2A","family_members_id":"1","family_gender":"Female","first_name":"gggggggggggggggggggggggggggggggggggggggggggggggggg","last_name":"hhhhhhhhhhhhhhhhhhhhhhhhhhhhhhhhhhhhhhhhhhhhhhh","family_date_birth":"13-10-1988","age":"31","age_type":" years","tenure":"1 Year","premiumgci":"8500","family_id":"","s_date":"","marriage_date":"","premium":"undefined","policyNo":"460,461","familyDataType":"undefined","empId":"623432","product":"YFsa5f4cb15ead28c","declare":"[]","gender":"Male","gci_options":"Yes"} [] []
[2020-10-07 15:39:31] generateOTP.INFO: test [] []
[2020-10-07 15:39:44] generateOTP.INFO: test [] []
[2020-10-07 15:43:20] generateOTP.INFO: test [] []
[2020-10-07 15:43:25] generateOTP.INFO: test [] []
[2020-10-07 15:43:26] generateOTP.INFO: test [] []
[2020-10-07 15:44:00] generateOTP.INFO: test [] []
[2020-10-07 15:44:27] generateOTP.INFO: test [] []
[2020-10-07 15:44:32] generateOTP.INFO: test [] []
[2020-10-07 15:44:32] generateOTP.INFO: test [] []
[2020-10-07 15:44:50] generateOTP.INFO: test [] []
[2020-10-07 15:44:51] generateOTP.INFO: test [] []
[2020-10-07 15:44:55] generateOTP.INFO: test [] []
[2020-10-07 15:44:55] generateOTP.INFO: test [] []
[2020-10-07 15:44:59] generateOTP.INFO: test [] []
[2020-10-07 15:44:59] generateOTP.INFO: test [] []
[2020-10-07 15:44:59] generateOTP.INFO: test [] []
[2020-10-07 15:44:59] generateOTP.INFO: test [] []
[2020-10-07 15:45:08] generateOTP.INFO: test [] []
[2020-10-07 15:45:08] generateOTP.INFO: test [] []
[2020-10-07 15:47:17] generateOTP.INFO: test [] []
[2020-10-07 15:47:17] generateOTP.INFO: test [] []
[2020-10-07 15:47:59] generateOTP.INFO: test [] []
[2020-10-07 15:47:59] generateOTP.INFO: test [] []
[2020-10-07 15:49:03] generateOTP.INFO: test [] []
[2020-10-07 15:49:03] generateOTP.INFO: test [] []
[2020-10-07 15:49:07] generateOTP.INFO: test [] []
[2020-10-07 15:49:07] generateOTP.INFO: test [] []
[2020-10-07 15:49:22] generateOTP.INFO: test [] []
[2020-10-07 15:49:22] generateOTP.INFO: test [] []
[2020-10-07 15:50:42] generateOTP.INFO: test [] []
[2020-10-07 15:50:43] generateOTP.INFO: test [] []
[2020-10-07 15:50:51] generateOTP.INFO: test [] []
[2020-10-07 15:52:18] generateOTP.INFO: test [] []
[2020-10-07 15:52:22] generateOTP.INFO: test [] []
[2020-10-07 15:53:00] generateOTP.INFO: test [] []
[2020-10-07 15:53:55] generateOTP.INFO: test [] []
[2020-10-07 15:54:11] generateOTP.INFO: test [] []
[2020-10-07 15:58:38] generateOTP.INFO: test [] []
[2020-10-07 15:58:40] generateOTP.INFO: test [] []
[2020-10-07 15:59:00] generateOTP.INFO: test [] []
[2020-10-07 15:59:02] generateOTP.INFO: test [] []
[2020-10-07 15:59:21] generateOTP.INFO: test [] []
[2020-10-07 15:59:22] generateOTP.INFO: test [] []
[2020-10-07 16:00:49] generateOTP.INFO: test [] []
[2020-10-07 16:00:50] generateOTP.INFO: test [] []
[2020-10-07 16:03:17] generateOTP.INFO: test [] []
[2020-10-07 16:04:18] generateOTP.INFO: {"salutation":"1","firstname":"aaaaabbbbbcccccdddddeeeeefffffggggghhhhhiiiiijjjjj","lastname":"aaaaabbbbbcccccdddddeeeeefffffggggghhhhhiiiiikkkkk","dob":"19-12-1988","mob_no":"7010444138","panCard":"XXXXXX456A","email":"sonali343@gmail.com","ref1":"1","ref2":"1","comAdd":"Om hrad ntalatiof, holOmshre, talathioficeeachol, OmshreeSada9talathi","city":"MUMBAI","state":"MAHARASHTRA","pin_code":"622103","ISNRI":"N","update_emp_id":"623434","edit":"0","policy_no":"460,461","subtype_text":"1","sum_insure":"1500000","anuual_income":"800000","occupation":"14","familyConstruct":"2A","family_members_id":"0","family_gender":"Male","first_name":"aaaaabbbbbcccccdddddeeeeefffffggggghhhhhiiiiijjjjj","last_name":"aaaaabbbbbcccccdddddeeeeefffffggggghhhhhiiiiikkkkk","family_date_birth":"19-12-1988","age":"31","age_type":" years","tenure":"1 Year","premiumgci":"0","family_id":"","s_date":"","marriage_date":"","premium":"undefined","policyNo":"460,461","familyDataType":"undefined","empId":"623434","product":"YFsa5f4cb15ead28c","declare":"[]","gender":"Male","gci_options":"Yes"} [] []
[2020-10-07 16:05:10] generateOTP.INFO: {"salutation":"1","firstname":"aaaaabbbbbcccccdddddeeeeefffffggggghhhhhiiiiijjjjj","lastname":"aaaaabbbbbcccccdddddeeeeefffffggggghhhhhiiiiikkkkk","dob":"19-12-1988","mob_no":"7010444138","panCard":"XXXXXX456A","email":"sonali343@gmail.com","ref1":"1","ref2":"1","comAdd":"Om hrad ntalatiof, holOmshre, talathioficeeachol, OmshreeSada9talathi","city":"MUMBAI","state":"MAHARASHTRA","pin_code":"622103","ISNRI":"N","update_emp_id":"623434","edit":"0","policy_no":"460,461","subtype_text":"1","sum_insure":"1500000","anuual_income":"800000","occupation":"14","familyConstruct":"2A","family_members_id":"1","family_gender":"Female","first_name":"mmmmmmmmmmmmmmmmmmmmmmmmmmmmmmmmmmmmmmmmmmm","last_name":"nnnnnnnnnnnnnnnnnnnnnnnnnnnnnnnnnnnnnnnnnnnnnnnnnn","family_date_birth":"07-10-1999","age":"21","age_type":" years","tenure":"1 Year","premiumgci":"4400","family_id":"","s_date":"","marriage_date":"","premium":"undefined","policyNo":"460,461","familyDataType":"undefined","empId":"623434","product":"YFsa5f4cb15ead28c","declare":"[]","gender":"Male","gci_options":"Yes"} [] []
[2020-10-07 16:05:46] generateOTP.INFO: test [] []
[2020-10-07 16:05:47] generateOTP.INFO: test [] []
[2020-10-07 16:05:57] generateOTP.INFO: test [] []
[2020-10-07 16:06:25] generateOTP.INFO: test [] []
[2020-10-07 16:07:43] documentsSave.INFO: {"ops_type":"[\"0\",\"Y\"]","ids":"160,161"} [] []
[2020-10-07 16:07:43] documentsSaveFiles.INFO: [{"name":"testing.pdf","type":"application\/pdf","tmp_name":"\/tmp\/phpWfriJj","error":0,"size":31140},{"name":"testing.pdf","type":"application\/pdf","tmp_name":"\/tmp\/php33Qd6G","error":0,"size":31140}] [] []
[2020-10-07 16:10:07] generateOTP.INFO: test [] []
[2020-10-07 16:10:39] generateOTP.INFO: test [] []
[2020-10-07 16:10:47] generateOTP.INFO: test [] []
[2020-10-07 16:11:05] generateOTP.INFO: test [] []
[2020-10-07 16:11:24] generateOTP.INFO: test [] []
[2020-10-07 16:12:40] generateOTP.INFO: test [] []
[2020-10-07 16:12:45] generateOTP.INFO: test [] []
[2020-10-07 16:13:07] generateOTP.INFO: test [] []
[2020-10-07 16:14:26] generateOTP.INFO: test [] []
[2020-10-07 16:16:24] generateOTP.INFO: test [] []
[2020-10-07 16:21:27] generateOTP.INFO: test [] []
[2020-10-07 16:21:27] generateOTP.INFO: test [] []
[2020-10-07 16:21:27] generateOTP.INFO: test [] []
[2020-10-07 16:21:27] generateOTP.INFO: test [] []
[2020-10-07 16:22:44] generateOTP.INFO: test [] []
[2020-10-07 16:22:44] generateOTP.INFO: test [] []
[2020-10-07 16:22:54] generateOTP.INFO: test [] []
[2020-10-07 16:22:59] generateOTP.INFO: test [] []
[2020-10-07 16:23:07] generateOTP.INFO: test [] []
[2020-10-07 16:24:26] generateOTP.INFO: test [] []
[2020-10-07 16:27:07] generateOTP.INFO: test [] []
[2020-10-07 16:27:11] generateOTP.INFO: test [] []
[2020-10-07 16:28:16] generateOTP.INFO: test [] []
[2020-10-07 16:36:36] generateOTP.INFO: test [] []
[2020-10-07 16:36:36] generateOTP.INFO: test [] []
[2020-10-07 16:36:36] generateOTP.INFO: test [] []
[2020-10-07 16:36:36] generateOTP.INFO: test [] []
[2020-10-07 16:36:44] generateOTP.INFO: test [] []
[2020-10-07 16:36:45] generateOTP.INFO: test [] []
[2020-10-07 17:39:01] generateOTP.INFO: test [] []
[2020-10-07 17:39:01] generateOTP.INFO: test [] []
[2020-10-07 17:39:03] generateOTP.INFO: test [] []
[2020-10-07 17:39:11] generateOTP.INFO: test [] []
[2020-10-07 17:39:11] generateOTP.INFO: test [] []
[2020-10-07 17:40:20] generateOTP.INFO: test [] []
[2020-10-07 17:40:22] generateOTP.INFO: test [] []
[2020-10-07 17:40:49] generateOTP.INFO: test [] []
[2020-10-07 17:40:53] generateOTP.INFO: test [] []
[2020-10-07 17:40:56] generateOTP.INFO: test [] []
[2020-10-07 17:40:56] generateOTP.INFO: test [] []
[2020-10-07 17:41:18] generateOTP.INFO: test [] []
[2020-10-07 17:41:18] generateOTP.INFO: test [] []
[2020-10-07 17:42:01] generateOTP.INFO: test [] []
[2020-10-07 17:42:02] generateOTP.INFO: test [] []
[2020-10-07 18:03:06] generateOTP.INFO: test [] []
[2020-10-07 18:03:07] generateOTP.INFO: test [] []
[2020-10-07 18:03:12] generateOTP.INFO: test [] []
[2020-10-07 18:03:12] generateOTP.INFO: test [] []
[2020-10-07 18:03:17] generateOTP.INFO: test [] []
[2020-10-07 18:03:17] generateOTP.INFO: test [] []
[2020-10-07 18:03:17] generateOTP.INFO: test [] []
[2020-10-07 18:03:17] generateOTP.INFO: test [] []
[2020-10-07 18:03:42] generateOTP.INFO: test [] []
[2020-10-07 18:03:42] generateOTP.INFO: test [] []
[2020-10-07 18:06:08] generateOTP.INFO: test [] []
[2020-10-07 18:06:09] generateOTP.INFO: test [] []
[2020-10-07 18:06:15] generateOTP.INFO: test [] []
[2020-10-07 18:06:15] generateOTP.INFO: test [] []
[2020-10-07 18:06:16] generateOTP.INFO: test [] []
[2020-10-07 18:06:16] generateOTP.INFO: test [] []
[2020-10-07 18:07:07] generateOTP.INFO: test [] []
[2020-10-07 18:07:07] generateOTP.INFO: test [] []
[2020-10-07 18:07:11] generateOTP.INFO: test [] []
[2020-10-07 18:07:11] generateOTP.INFO: test [] []
[2020-10-07 18:07:14] generateOTP.INFO: test [] []
[2020-10-07 18:07:14] generateOTP.INFO: test [] []
[2020-10-07 18:07:14] generateOTP.INFO: test [] []
[2020-10-07 18:07:14] generateOTP.INFO: test [] []
[2020-10-07 18:08:13] generateOTP.INFO: test [] []
[2020-10-07 18:08:14] generateOTP.INFO: test [] []
[2020-10-07 18:09:16] generateOTP.INFO: test [] []
[2020-10-07 18:09:16] generateOTP.INFO: test [] []
[2020-10-07 18:13:33] generateOTP.INFO: test [] []
[2020-10-07 18:14:17] generateOTP.INFO: test [] []
[2020-10-07 18:14:17] generateOTP.INFO: test [] []
[2020-10-07 18:14:28] generateOTP.INFO: test [] []
[2020-10-07 18:14:33] generateOTP.INFO: test [] []
[2020-10-07 18:14:48] generateOTP.INFO: test [] []
[2020-10-07 18:15:07] generateOTP.INFO: test [] []
[2020-10-07 18:15:22] generateOTP.INFO: test [] []
[2020-10-07 18:15:26] generateOTP.INFO: test [] []
[2020-10-07 18:15:39] generateOTP.INFO: test [] []
[2020-10-07 18:15:45] generateOTP.INFO: test [] []
[2020-10-07 18:15:47] generateOTP.INFO: test [] []
[2020-10-07 18:15:49] generateOTP.INFO: test [] []
[2020-10-07 18:15:50] generateOTP.INFO: test [] []
[2020-10-07 18:15:51] generateOTP.INFO: test [] []
[2020-10-07 18:15:51] generateOTP.INFO: test [] []
[2020-10-07 18:15:51] generateOTP.INFO: test [] []
[2020-10-07 18:15:54] generateOTP.INFO: test [] []
[2020-10-07 18:16:03] generateOTP.INFO: test [] []
[2020-10-07 18:16:06] generateOTP.INFO: test [] []
[2020-10-07 18:18:07] generateOTP.INFO: test [] []
[2020-10-07 18:19:27] generateOTP.INFO: test [] []
[2020-10-07 18:19:36] generateOTP.INFO: test [] []
[2020-10-07 18:19:54] generateOTP.INFO: test [] []
[2020-10-07 18:19:54] generateOTP.INFO: test [] []
[2020-10-07 18:20:45] generateOTP.INFO: test [] []
[2020-10-07 18:20:45] generateOTP.INFO: test [] []
[2020-10-07 18:20:55] generateOTP.INFO: test [] []
[2020-10-07 18:20:55] generateOTP.INFO: test [] []
[2020-10-07 18:20:58] generateOTP.INFO: test [] []
[2020-10-07 18:20:58] generateOTP.INFO: test [] []
[2020-10-07 18:20:58] generateOTP.INFO: test [] []
[2020-10-07 18:20:58] generateOTP.INFO: test [] []
[2020-10-07 18:21:04] generateOTP.INFO: test [] []
[2020-10-07 18:21:04] generateOTP.INFO: test [] []
[2020-10-07 18:21:12] generateOTP.INFO: test [] []
[2020-10-07 18:21:13] generateOTP.INFO: test [] []
[2020-10-07 18:21:17] generateOTP.INFO: test [] []
[2020-10-07 18:21:17] generateOTP.INFO: test [] []
[2020-10-07 18:21:17] generateOTP.INFO: test [] []
[2020-10-07 18:21:17] generateOTP.INFO: test [] []
[2020-10-07 18:21:34] generateOTP.INFO: test [] []
[2020-10-07 18:21:34] generateOTP.INFO: test [] []
[2020-10-07 18:22:50] generateOTP.INFO: test [] []
[2020-10-07 18:22:50] generateOTP.INFO: test [] []
[2020-10-07 18:23:12] generateOTP.INFO: test [] []
[2020-10-07 18:23:19] generateOTP.INFO: test [] []
[2020-10-07 18:23:19] generateOTP.INFO: test [] []
[2020-10-07 18:23:26] generateOTP.INFO: test [] []
[2020-10-07 18:23:28] generateOTP.INFO: test [] []
[2020-10-07 18:23:30] generateOTP.INFO: test [] []
[2020-10-07 18:23:38] generateOTP.INFO: test [] []
[2020-10-07 18:23:45] generateOTP.INFO: test [] []
[2020-10-07 18:24:15] generateOTP.INFO: test [] []
[2020-10-07 18:24:31] generateOTP.INFO: test [] []
[2020-10-07 18:24:42] generateOTP.INFO: test [] []
[2020-10-07 18:25:44] generateOTP.INFO: test [] []
[2020-10-07 18:26:25] generateOTP.INFO: test [] []
[2020-10-07 18:26:28] generateOTP.INFO: test [] []
[2020-10-07 18:26:31] generateOTP.INFO: test [] []
[2020-10-07 18:41:16] generateOTP.INFO: test [] []
[2020-10-07 18:41:16] generateOTP.INFO: test [] []
[2020-10-07 18:41:16] generateOTP.INFO: test [] []
[2020-10-07 18:41:16] generateOTP.INFO: test [] []
[2020-10-07 18:48:14] generateOTP.INFO: test [] []
[2020-10-07 18:48:14] generateOTP.INFO: test [] []
[2020-10-07 18:52:06] generateOTP.INFO: test [] []
[2020-10-07 18:52:07] generateOTP.INFO: test [] []
[2020-10-07 18:54:32] generateOTP.INFO: test [] []
[2020-10-07 18:54:32] generateOTP.INFO: test [] []
[2020-10-07 18:54:32] generateOTP.INFO: test [] []
[2020-10-07 18:54:32] generateOTP.INFO: test [] []
[2020-10-07 19:01:47] generateOTP.INFO: test [] []
[2020-10-07 19:01:48] generateOTP.INFO: test [] []
[2020-10-07 19:01:52] generateOTP.INFO: test [] []
[2020-10-07 19:01:53] generateOTP.INFO: test [] []
[2020-10-07 19:02:04] generateOTP.INFO: test [] []
[2020-10-07 19:02:04] generateOTP.INFO: test [] []
[2020-10-07 19:02:06] generateOTP.INFO: test [] []
[2020-10-07 19:02:06] generateOTP.INFO: test [] []
[2020-10-07 19:02:11] generateOTP.INFO: test [] []
[2020-10-07 19:02:11] generateOTP.INFO: test [] []
[2020-10-07 19:02:11] generateOTP.INFO: test [] []
[2020-10-07 19:02:13] generateOTP.INFO: test [] []
[2020-10-07 19:02:54] generateOTP.INFO: test [] []
[2020-10-07 19:02:54] generateOTP.INFO: test [] []
[2020-10-07 19:03:18] generateOTP.INFO: test [] []
[2020-10-07 19:03:19] generateOTP.INFO: test [] []
[2020-10-07 19:05:32] generateOTP.INFO: test [] []
[2020-10-07 19:06:19] generateOTP.INFO: test [] []
[2020-10-07 19:06:22] generateOTP.INFO: test [] []
[2020-10-07 19:09:35] generateOTP.INFO: test [] []
[2020-10-07 19:09:35] generateOTP.INFO: test [] []
[2020-10-07 19:09:35] generateOTP.INFO: test [] []
[2020-10-07 19:09:36] generateOTP.INFO: test [] []
[2020-10-07 19:58:58] generateOTP.INFO: test [] []
[2020-10-07 19:59:02] generateOTP.INFO: test [] []
[2020-10-07 19:59:05] generateOTP.INFO: test [] []
[2020-10-07 19:59:07] generateOTP.INFO: test [] []
[2020-10-07 20:00:34] generateOTP.INFO: test [] []
[2020-10-07 20:00:36] generateOTP.INFO: test [] []
[2020-10-07 20:00:50] generateOTP.INFO: test [] []
[2020-10-07 20:00:52] generateOTP.INFO: test [] []
[2020-10-07 20:01:03] generateOTP.INFO: test [] []
[2020-10-07 20:01:05] generateOTP.INFO: test [] []
[2020-10-07 20:18:32] generateOTP.INFO: test [] []
[2020-10-07 20:18:33] generateOTP.INFO: test [] []
[2020-10-07 20:23:44] generateOTP.INFO: test [] []
[2020-10-07 20:23:47] generateOTP.INFO: test [] []
[2020-10-07 20:25:52] generateOTP.INFO: test [] []
[2020-10-07 20:25:54] generateOTP.INFO: test [] []
[2020-10-07 20:26:09] generateOTP.INFO: test [] []
[2020-10-07 20:26:10] generateOTP.INFO: test [] []
[2020-10-07 20:26:25] generateOTP.INFO: test [] []
[2020-10-07 20:26:27] generateOTP.INFO: test [] []
[2020-10-07 20:26:34] generateOTP.INFO: test [] []
[2020-10-07 20:26:37] generateOTP.INFO: test [] []
