[2020-06-08 09:41:24] generateOTP.INFO: test [] []
[2020-06-08 09:41:24] generateOTP.INFO: test [] []
[2020-06-08 09:41:27] generateOTP.INFO: test [] []
[2020-06-08 09:41:36] generateOTP.INFO: test [] []
[2020-06-08 09:41:52] generateOTP.INFO: test [] []
[2020-06-08 09:47:16] generateOTP.INFO: test [] []
[2020-06-08 09:49:35] generateOTP.INFO: test [] []
[2020-06-08 09:49:42] generateOTP.INFO: test [] []
[2020-06-08 09:49:48] generateOTP.INFO: test [] []
[2020-06-08 09:55:43] generateOTP.INFO: test [] []
[2020-06-08 09:56:21] generateOTP.INFO: test [] []
[2020-06-08 09:56:27] generateOTP.INFO: test [] []
[2020-06-08 09:56:33] generateOTP.INFO: test [] []
[2020-06-08 09:56:38] generateOTP.INFO: test [] []
[2020-06-08 10:35:50] generateOTP.INFO: test [] []
[2020-06-08 10:37:03] generateOTP.INFO: test [] []
[2020-06-08 10:37:04] generateOTP.INFO: test [] []
[2020-06-08 10:37:06] generateOTP.INFO: test [] []
[2020-06-08 10:39:56] generateOTP.INFO: test [] []
[2020-06-08 10:40:04] generateOTP.INFO: test [] []
[2020-06-08 10:40:18] generateOTP.INFO: test [] []
[2020-06-08 10:41:40] generateOTP.INFO: test [] []
[2020-06-08 10:42:03] full_quote_request2.INFO: {"ClientCreation":{"Member_Customer_ID":"5467547557","salutation":"Ms","firstName":"gjmnhg","middleName":"","lastName":"gjmngh","dateofBirth":"06\/04\/1987","gender":"F","educationalQualification":null,"pinCode":"415612","uidNo":null,"maritalStatus":null,"nationality":"Indian","occupation":"O553","primaryEmailID":"SAJID.FUNTUNE@GMAIL.COM","contactMobileNo":"7987999999","stdLandlineNo":null,"panNo":null,"passportNumber":null,"contactPerson":null,"annualIncome":null,"remarks":null,"startDate":"2020-06-08","endDate":null,"IdProof":"Adhaar Card","residenceProof":null,"ageProof":null,"others":null,"homeAddressLine1":null,"homeAddressLine2":null,"homeAddressLine3":null,"homePinCode":"415612","homeArea":null,"homeContactMobileNo":null,"homeContactMobileNo2":null,"homeSTDLandlineNo":null,"homeFaxNo":null,"sameAsHomeAddress":"1","mailingAddressLine1":null,"mailingAddressLine2":null,"mailingAddressLine3":null,"mailingPinCode":null,"mailingArea":null,"mailingContactMobileNo":null,"mailingContactMobileNo2":null,"mailingSTDLandlineNo":null,"mailingSTDLandlineNo2":null,"mailingFaxNo":null,"bankAccountType":null,"bankAccountNo":null,"ifscCode":null,"GSTIN":null,"GSTRegistrationStatus":"Consumers","IsEIAavailable":"0","ApplyEIA":"0","EIAAccountNo":null,"EIAWith":"0","AccountType":null,"AddressProof":null,"DOBProof":null,"IdentityProof":null},"PolicyCreationRequest":{"Quotation_Number":"IPB100029059","MasterPolicyNumber":"61-19-00120-00-00","GroupID":"GRP001","Product_Code":"4211","intermediaryCode":"2104703","AutoRenewal":"Y","intermediaryBranchCode":"10MHMUM01","agentSignatureDate":null,"Customer_Signature_Date":null,"businessSourceChannel":null,"AssignPolicy":"0","AssigneeName":null,"leadID":"202051666","Source_Name":"AXIS_GHI","SPID":"0","TCN":null,"CRTNO":null,"RefCode1":"0","RefCode2":"002","Employee_Number":"620406","enumIsEmployeeDiscount":null,"QuoteDate":null,"IsPayment":"1","PaymentMode":null,"PolicyproductComponents":[{"PlanCode":"4211","SumInsured":"500000","SchemeCode":"4112000003"}]},"MemObj":{"Member":[{"MemberNo":1,"Salutation":"Mrs","First_Name":"gjmnhg","Middle_Name":null,"Last_Name":"gjmngh","Gender":"F","DateOfBirth":"06\/04\/1987","Relation_Code":"R001","Marital_Status":null,"height":"0.00","weight":"0","occupation":"O553","PrimaryMember":"Y","MemberproductComponents":[{"PlanCode":"4211","MemberQuestionDetails":[{"QuestionCode":null,"Answer":null,"Remarks":null}]}],"MemberPED":[{"PEDCode":null,"Remarks":null}],"exactDiagnosis":null,"dateOfDiagnosis":null,"lastDateConsultation":null,"detailsOfTreatmentGiven":null,"doctorName":null,"hospitalName":null,"phoneNumberHosital":null,"Nominee_First_Name":"ghjg","Nominee_Last_Name":"ghjghj","Nominee_Contact_Number":"8799999999","Nominee_Home_Address":null,"Nominee_Relationship_Code":"R002"}]},"ReceiptCreation":{"officeLocation":"Mumbai","modeOfEntry":"Direct","cdAcNo":null,"expiryDate":null,"payerType":"Customer","payerCode":null,"paymentBy":"Customer","paymentByName":null,"paymentByRelationship":null,"collectionAmount":7605,"collectionRcvdDate":"06\/08\/2020 10:42 AM","collectionMode":"online","remarks":null,"instrumentNumber":"pay_F00ge8oRxyvkpX","instrumentDate":"2020-06-08","bankName":"SBIN","branchName":"ANNA NAGAR CHENNAI","bankLocation":null,"micrNo":null,"chequeType":null,"ifscCode":"UTIB0000016","PaymentGatewayName":"AXIS_NETB","TerminalID":"76010098","CardNo":null}} [] []
[2020-06-08 10:43:03] full_quote_reponse2.INFO: false [] []
[2020-06-08 10:43:04] generateOTP.INFO: test [] []
[2020-06-08 10:43:59] generateOTP.INFO: test [] []
[2020-06-08 10:44:01] generateOTP.INFO: test [] []
[2020-06-08 10:44:01] generateOTP.INFO: test [] []
[2020-06-08 10:44:01] generateOTP.INFO: test [] []
[2020-06-08 10:44:01] generateOTP.INFO: test [] []
[2020-06-08 10:44:05] generateOTP.INFO: test [] []
[2020-06-08 10:44:06] generateOTP.INFO: test [] []
[2020-06-08 10:44:11] generateOTP.INFO: test [] []
[2020-06-08 10:44:17] generateOTP.INFO: test [] []
[2020-06-08 10:44:43] full_quote_request2.INFO: {"ClientCreation":{"Member_Customer_ID":"5467547557","salutation":"Ms","firstName":"gjmnhg","middleName":"","lastName":"gjmngh","dateofBirth":"06\/04\/1987","gender":"F","educationalQualification":null,"pinCode":"415612","uidNo":null,"maritalStatus":null,"nationality":"Indian","occupation":"O553","primaryEmailID":"SAJID.FUNTUNE@GMAIL.COM","contactMobileNo":"7987999999","stdLandlineNo":null,"panNo":null,"passportNumber":null,"contactPerson":null,"annualIncome":null,"remarks":null,"startDate":"2020-06-08","endDate":null,"IdProof":"Adhaar Card","residenceProof":null,"ageProof":null,"others":null,"homeAddressLine1":null,"homeAddressLine2":null,"homeAddressLine3":null,"homePinCode":"415612","homeArea":null,"homeContactMobileNo":null,"homeContactMobileNo2":null,"homeSTDLandlineNo":null,"homeFaxNo":null,"sameAsHomeAddress":"1","mailingAddressLine1":null,"mailingAddressLine2":null,"mailingAddressLine3":null,"mailingPinCode":null,"mailingArea":null,"mailingContactMobileNo":null,"mailingContactMobileNo2":null,"mailingSTDLandlineNo":null,"mailingSTDLandlineNo2":null,"mailingFaxNo":null,"bankAccountType":null,"bankAccountNo":null,"ifscCode":null,"GSTIN":null,"GSTRegistrationStatus":"Consumers","IsEIAavailable":"0","ApplyEIA":"0","EIAAccountNo":null,"EIAWith":"0","AccountType":null,"AddressProof":null,"DOBProof":null,"IdentityProof":null},"PolicyCreationRequest":{"Quotation_Number":"IPB100029059","MasterPolicyNumber":"61-19-00120-00-00","GroupID":"GRP001","Product_Code":"4211","intermediaryCode":"2104703","AutoRenewal":"Y","intermediaryBranchCode":"10MHMUM01","agentSignatureDate":null,"Customer_Signature_Date":null,"businessSourceChannel":null,"AssignPolicy":"0","AssigneeName":null,"leadID":"202051666","Source_Name":"AXIS_GHI","SPID":"0","TCN":null,"CRTNO":null,"RefCode1":"0","RefCode2":"002","Employee_Number":"620406","enumIsEmployeeDiscount":null,"QuoteDate":null,"IsPayment":"1","PaymentMode":null,"PolicyproductComponents":[{"PlanCode":"4211","SumInsured":"500000","SchemeCode":"4112000003"}]},"MemObj":{"Member":[{"MemberNo":1,"Salutation":"Mrs","First_Name":"gjmnhg","Middle_Name":null,"Last_Name":"gjmngh","Gender":"F","DateOfBirth":"06\/04\/1987","Relation_Code":"R001","Marital_Status":null,"height":"0.00","weight":"0","occupation":"O553","PrimaryMember":"Y","MemberproductComponents":[{"PlanCode":"4211","MemberQuestionDetails":[{"QuestionCode":null,"Answer":null,"Remarks":null}]}],"MemberPED":[{"PEDCode":null,"Remarks":null}],"exactDiagnosis":null,"dateOfDiagnosis":null,"lastDateConsultation":null,"detailsOfTreatmentGiven":null,"doctorName":null,"hospitalName":null,"phoneNumberHosital":null,"Nominee_First_Name":"ghjg","Nominee_Last_Name":"ghjghj","Nominee_Contact_Number":"8799999999","Nominee_Home_Address":null,"Nominee_Relationship_Code":"R002"}]},"ReceiptCreation":{"officeLocation":"Mumbai","modeOfEntry":"Direct","cdAcNo":null,"expiryDate":null,"payerType":"Customer","payerCode":null,"paymentBy":"Customer","paymentByName":null,"paymentByRelationship":null,"collectionAmount":7605,"collectionRcvdDate":"06\/08\/2020 10:42 AM","collectionMode":"online","remarks":null,"instrumentNumber":"pay_F00ge8oRxyvkpX","instrumentDate":"2020-06-08","bankName":"SBIN","branchName":"ANNA NAGAR CHENNAI","bankLocation":null,"micrNo":null,"chequeType":null,"ifscCode":"UTIB0000016","PaymentGatewayName":"AXIS_NETB","TerminalID":"76010098","CardNo":null}} [] []
[2020-06-08 10:45:22] generateOTP.INFO: test [] []
[2020-06-08 10:45:43] full_quote_reponse2.INFO: false [] []
[2020-06-08 10:45:44] generateOTP.INFO: test [] []
[2020-06-08 10:45:59] generateOTP.INFO: test [] []
[2020-06-08 10:46:18] generateOTP.INFO: test [] []
[2020-06-08 11:01:17] generateOTP.INFO: test [] []
[2020-06-08 11:01:19] generateOTP.INFO: test [] []
[2020-06-08 11:01:23] generateOTP.INFO: test [] []
[2020-06-08 11:01:39] generateOTP.INFO: test [] []
[2020-06-08 11:01:51] generateOTP.INFO: test [] []
[2020-06-08 11:02:30] generateOTP.INFO: test [] []
[2020-06-08 11:02:45] generateOTP.INFO: test [] []
[2020-06-08 11:03:09] generateOTP.INFO: test [] []
[2020-06-08 11:03:18] full_quote_request2.INFO: {"ClientCreation":{"Member_Customer_ID":"5467547557","salutation":"Ms","firstName":"gjmnhg","middleName":"","lastName":"gjmngh","dateofBirth":"06\/04\/1987","gender":"F","educationalQualification":null,"pinCode":"415612","uidNo":null,"maritalStatus":null,"nationality":"Indian","occupation":"O553","primaryEmailID":"SAJID.FUNTUNE@GMAIL.COM","contactMobileNo":"7987999999","stdLandlineNo":null,"panNo":null,"passportNumber":null,"contactPerson":null,"annualIncome":null,"remarks":null,"startDate":"2020-06-08","endDate":null,"IdProof":"Adhaar Card","residenceProof":null,"ageProof":null,"others":null,"homeAddressLine1":null,"homeAddressLine2":null,"homeAddressLine3":null,"homePinCode":"415612","homeArea":null,"homeContactMobileNo":null,"homeContactMobileNo2":null,"homeSTDLandlineNo":null,"homeFaxNo":null,"sameAsHomeAddress":"1","mailingAddressLine1":null,"mailingAddressLine2":null,"mailingAddressLine3":null,"mailingPinCode":null,"mailingArea":null,"mailingContactMobileNo":null,"mailingContactMobileNo2":null,"mailingSTDLandlineNo":null,"mailingSTDLandlineNo2":null,"mailingFaxNo":null,"bankAccountType":null,"bankAccountNo":null,"ifscCode":null,"GSTIN":null,"GSTRegistrationStatus":"Consumers","IsEIAavailable":"0","ApplyEIA":"0","EIAAccountNo":null,"EIAWith":"0","AccountType":null,"AddressProof":null,"DOBProof":null,"IdentityProof":null},"PolicyCreationRequest":{"Quotation_Number":"IPB100029059","MasterPolicyNumber":"61-19-00120-00-00","GroupID":"GRP001","Product_Code":"4211","intermediaryCode":"2104703","AutoRenewal":"Y","intermediaryBranchCode":"10MHMUM01","agentSignatureDate":null,"Customer_Signature_Date":null,"businessSourceChannel":null,"AssignPolicy":"0","AssigneeName":null,"leadID":"202051666","Source_Name":"AXIS_GHI","SPID":"0","TCN":null,"CRTNO":null,"RefCode1":"0","RefCode2":"002","Employee_Number":"620406","enumIsEmployeeDiscount":null,"QuoteDate":null,"IsPayment":"1","PaymentMode":null,"PolicyproductComponents":[{"PlanCode":"4211","SumInsured":"500000","SchemeCode":"4112000003"}]},"MemObj":{"Member":[{"MemberNo":1,"Salutation":"Mrs","First_Name":"gjmnhg","Middle_Name":null,"Last_Name":"gjmngh","Gender":"F","DateOfBirth":"06\/04\/1987","Relation_Code":"R001","Marital_Status":null,"height":"0.00","weight":"0","occupation":"O553","PrimaryMember":"Y","MemberproductComponents":[{"PlanCode":"4211","MemberQuestionDetails":[{"QuestionCode":null,"Answer":null,"Remarks":null}]}],"MemberPED":[{"PEDCode":null,"Remarks":null}],"exactDiagnosis":null,"dateOfDiagnosis":null,"lastDateConsultation":null,"detailsOfTreatmentGiven":null,"doctorName":null,"hospitalName":null,"phoneNumberHosital":null,"Nominee_First_Name":"ghjg","Nominee_Last_Name":"ghjghj","Nominee_Contact_Number":"8799999999","Nominee_Home_Address":null,"Nominee_Relationship_Code":"R002"}]},"ReceiptCreation":{"officeLocation":"Mumbai","modeOfEntry":"Direct","cdAcNo":null,"expiryDate":null,"payerType":"Customer","payerCode":null,"paymentBy":"Customer","paymentByName":null,"paymentByRelationship":null,"collectionAmount":7605,"collectionRcvdDate":"06\/08\/2020 10:42 AM","collectionMode":"online","remarks":null,"instrumentNumber":"pay_F00ge8oRxyvkpX","instrumentDate":"2020-06-08","bankName":"SBIN","branchName":"ANNA NAGAR CHENNAI","bankLocation":null,"micrNo":null,"chequeType":null,"ifscCode":"UTIB0000016","PaymentGatewayName":"AXIS_NETB","TerminalID":"76010098","CardNo":null}} [] []
[2020-06-08 11:04:18] full_quote_reponse2.INFO: false [] []
[2020-06-08 11:04:21] generateOTP.INFO: test [] []
[2020-06-08 11:04:37] generateOTP.INFO: test [] []
[2020-06-08 11:04:39] generateOTP.INFO: test [] []
[2020-06-08 11:06:07] generateOTP.INFO: test [] []
[2020-06-08 11:06:19] generateOTP.INFO: test [] []
[2020-06-08 11:06:23] full_quote_request2.INFO: {"ClientCreation":{"Member_Customer_ID":"5467547557","salutation":"Ms","firstName":"gjmnhg","middleName":"","lastName":"gjmngh","dateofBirth":"06\/04\/1987","gender":"F","educationalQualification":null,"pinCode":"415612","uidNo":null,"maritalStatus":null,"nationality":"Indian","occupation":"O553","primaryEmailID":"SAJID.FUNTUNE@GMAIL.COM","contactMobileNo":"7987999999","stdLandlineNo":null,"panNo":null,"passportNumber":null,"contactPerson":null,"annualIncome":null,"remarks":null,"startDate":"2020-06-08","endDate":null,"IdProof":"Adhaar Card","residenceProof":null,"ageProof":null,"others":null,"homeAddressLine1":null,"homeAddressLine2":null,"homeAddressLine3":null,"homePinCode":"415612","homeArea":null,"homeContactMobileNo":null,"homeContactMobileNo2":null,"homeSTDLandlineNo":null,"homeFaxNo":null,"sameAsHomeAddress":"1","mailingAddressLine1":null,"mailingAddressLine2":null,"mailingAddressLine3":null,"mailingPinCode":null,"mailingArea":null,"mailingContactMobileNo":null,"mailingContactMobileNo2":null,"mailingSTDLandlineNo":null,"mailingSTDLandlineNo2":null,"mailingFaxNo":null,"bankAccountType":null,"bankAccountNo":null,"ifscCode":null,"GSTIN":null,"GSTRegistrationStatus":"Consumers","IsEIAavailable":"0","ApplyEIA":"0","EIAAccountNo":null,"EIAWith":"0","AccountType":null,"AddressProof":null,"DOBProof":null,"IdentityProof":null},"PolicyCreationRequest":{"Quotation_Number":"IPB100029059","MasterPolicyNumber":"61-19-00120-00-00","GroupID":"GRP001","Product_Code":"4211","intermediaryCode":"2104703","AutoRenewal":"Y","intermediaryBranchCode":"10MHMUM01","agentSignatureDate":null,"Customer_Signature_Date":null,"businessSourceChannel":null,"AssignPolicy":"0","AssigneeName":null,"leadID":"202051666","Source_Name":"AXIS_GHI","SPID":"0","TCN":null,"CRTNO":null,"RefCode1":"0","RefCode2":"002","Employee_Number":"620406","enumIsEmployeeDiscount":null,"QuoteDate":null,"IsPayment":"1","PaymentMode":null,"PolicyproductComponents":[{"PlanCode":"4211","SumInsured":"500000","SchemeCode":"4112000003"}]},"MemObj":{"Member":[{"MemberNo":1,"Salutation":"Mrs","First_Name":"gjmnhg","Middle_Name":null,"Last_Name":"gjmngh","Gender":"F","DateOfBirth":"06\/04\/1987","Relation_Code":"R001","Marital_Status":null,"height":"0.00","weight":"0","occupation":"O553","PrimaryMember":"Y","MemberproductComponents":[{"PlanCode":"4211","MemberQuestionDetails":[{"QuestionCode":null,"Answer":null,"Remarks":null}]}],"MemberPED":[{"PEDCode":null,"Remarks":null}],"exactDiagnosis":null,"dateOfDiagnosis":null,"lastDateConsultation":null,"detailsOfTreatmentGiven":null,"doctorName":null,"hospitalName":null,"phoneNumberHosital":null,"Nominee_First_Name":"ghjg","Nominee_Last_Name":"ghjghj","Nominee_Contact_Number":"8799999999","Nominee_Home_Address":null,"Nominee_Relationship_Code":"R002"}]},"ReceiptCreation":{"officeLocation":"Mumbai","modeOfEntry":"Direct","cdAcNo":null,"expiryDate":null,"payerType":"Customer","payerCode":null,"paymentBy":"Customer","paymentByName":null,"paymentByRelationship":null,"collectionAmount":7605,"collectionRcvdDate":"06\/08\/2020 10:42 AM","collectionMode":"online","remarks":null,"instrumentNumber":"pay_F00ge8oRxyvkpX","instrumentDate":"2020-06-08","bankName":"SBIN","branchName":"ANNA NAGAR CHENNAI","bankLocation":null,"micrNo":null,"chequeType":null,"ifscCode":"UTIB0000016","PaymentGatewayName":"AXIS_NETB","TerminalID":"76010098","CardNo":null}} [] []
[2020-06-08 11:07:12] generateOTP.INFO: test [] []
[2020-06-08 11:07:15] generateOTP.INFO: test [] []
[2020-06-08 11:07:23] full_quote_reponse2.INFO: false [] []
[2020-06-08 11:07:24] generateOTP.INFO: test [] []
[2020-06-08 11:10:16] generateOTP.INFO: test [] []
[2020-06-08 11:10:18] generateOTP.INFO: test [] []
[2020-06-08 11:10:30] generateOTP.INFO: test [] []
[2020-06-08 11:10:33] generateOTP.INFO: test [] []
[2020-06-08 11:12:26] generateOTP.INFO: test [] []
[2020-06-08 11:12:38] generateOTP.INFO: test [] []
[2020-06-08 11:13:31] generateOTP.INFO: test [] []
[2020-06-08 11:13:42] generateOTP.INFO: test [] []
[2020-06-08 11:13:43] generateOTP.INFO: test [] []
[2020-06-08 11:13:47] generateOTP.INFO: test [] []
[2020-06-08 11:13:59] generateOTP.INFO: test [] []
[2020-06-08 11:14:08] generateOTP.INFO: test [] []
[2020-06-08 11:14:10] generateOTP.INFO: test [] []
[2020-06-08 11:17:13] generateOTP.INFO: test [] []
[2020-06-08 11:17:14] generateOTP.INFO: test [] []
[2020-06-08 11:17:14] generateOTP.INFO: test [] []
[2020-06-08 11:17:17] generateOTP.INFO: test [] []
[2020-06-08 11:19:08] generateOTP.INFO: test [] []
[2020-06-08 11:19:09] generateOTP.INFO: test [] []
[2020-06-08 11:31:39] generateOTP.INFO: test [] []
[2020-06-08 11:32:09] generateOTP.INFO: test [] []
[2020-06-08 11:32:10] generateOTP.INFO: test [] []
[2020-06-08 11:32:11] generateOTP.INFO: test [] []
[2020-06-08 11:32:34] generateOTP.INFO: test [] []
[2020-06-08 11:32:35] generateOTP.INFO: test [] []
[2020-06-08 11:35:59] generateOTP.INFO: test [] []
[2020-06-08 11:36:01] generateOTP.INFO: test [] []
[2020-06-08 11:36:03] generateOTP.INFO: test [] []
[2020-06-08 11:36:04] generateOTP.INFO: test [] []
[2020-06-08 11:36:54] generateOTP.INFO: test [] []
[2020-06-08 11:43:09] generateOTP.INFO: test [] []
[2020-06-08 11:43:11] generateOTP.INFO: test [] []
[2020-06-08 11:43:52] generateOTP.INFO: test [] []
[2020-06-08 11:43:59] generateOTP.INFO: test [] []
[2020-06-08 11:55:21] generateOTP.INFO: test [] []
[2020-06-08 11:55:44] generateOTP.INFO: test [] []
[2020-06-08 11:55:44] generateOTP.INFO: test [] []
[2020-06-08 11:55:52] generateOTP.INFO: test [] []
[2020-06-08 11:55:58] generateOTP.INFO: test [] []
[2020-06-08 11:55:59] generateOTP.INFO: test [] []
[2020-06-08 11:56:13] full_quote_request2.INFO: {"ClientCreation":{"Member_Customer_ID":"5467547557","salutation":"Ms","firstName":"gjmnhg","middleName":"","lastName":"gjmngh","dateofBirth":"06\/04\/1987","gender":"F","educationalQualification":null,"pinCode":"415612","uidNo":null,"maritalStatus":null,"nationality":"Indian","occupation":"O553","primaryEmailID":"SAJID.FUNTUNE@GMAIL.COM","contactMobileNo":"7987999999","stdLandlineNo":null,"panNo":null,"passportNumber":null,"contactPerson":null,"annualIncome":null,"remarks":null,"startDate":"2020-06-08","endDate":null,"IdProof":"Adhaar Card","residenceProof":null,"ageProof":null,"others":null,"homeAddressLine1":"abc xyz maharashtra india","homeAddressLine2":null,"homeAddressLine3":null,"homePinCode":"415612","homeArea":null,"homeContactMobileNo":null,"homeContactMobileNo2":null,"homeSTDLandlineNo":null,"homeFaxNo":null,"sameAsHomeAddress":"1","mailingAddressLine1":null,"mailingAddressLine2":null,"mailingAddressLine3":null,"mailingPinCode":null,"mailingArea":null,"mailingContactMobileNo":null,"mailingContactMobileNo2":null,"mailingSTDLandlineNo":null,"mailingSTDLandlineNo2":null,"mailingFaxNo":null,"bankAccountType":null,"bankAccountNo":null,"ifscCode":null,"GSTIN":null,"GSTRegistrationStatus":"Consumers","IsEIAavailable":"0","ApplyEIA":"0","EIAAccountNo":null,"EIAWith":"0","AccountType":null,"AddressProof":null,"DOBProof":null,"IdentityProof":null},"PolicyCreationRequest":{"Quotation_Number":"IPB100029059","MasterPolicyNumber":"61-19-00120-00-00","GroupID":"GRP001","Product_Code":"4211","intermediaryCode":"2104703","AutoRenewal":"Y","intermediaryBranchCode":"10MHMUM01","agentSignatureDate":null,"Customer_Signature_Date":null,"businessSourceChannel":null,"AssignPolicy":"0","AssigneeName":null,"leadID":"202051666","Source_Name":"AXIS_GHI","SPID":"0","TCN":null,"CRTNO":null,"RefCode1":"0","RefCode2":"002","Employee_Number":"620406","enumIsEmployeeDiscount":null,"QuoteDate":null,"IsPayment":"1","PaymentMode":null,"PolicyproductComponents":[{"PlanCode":"4211","SumInsured":"500000","SchemeCode":"4112000003"}]},"MemObj":{"Member":[{"MemberNo":1,"Salutation":"Mrs","First_Name":"gjmnhg","Middle_Name":null,"Last_Name":"gjmngh","Gender":"F","DateOfBirth":"06\/04\/1987","Relation_Code":"R001","Marital_Status":null,"height":"0.00","weight":"0","occupation":"O553","PrimaryMember":"Y","MemberproductComponents":[{"PlanCode":"4211","MemberQuestionDetails":[{"QuestionCode":null,"Answer":null,"Remarks":null}]}],"MemberPED":[{"PEDCode":null,"Remarks":null}],"exactDiagnosis":null,"dateOfDiagnosis":null,"lastDateConsultation":null,"detailsOfTreatmentGiven":null,"doctorName":null,"hospitalName":null,"phoneNumberHosital":null,"Nominee_First_Name":"ghjg","Nominee_Last_Name":"ghjghj","Nominee_Contact_Number":"8799999999","Nominee_Home_Address":null,"Nominee_Relationship_Code":"R002"}]},"ReceiptCreation":{"officeLocation":"Mumbai","modeOfEntry":"Direct","cdAcNo":null,"expiryDate":null,"payerType":"Customer","payerCode":null,"paymentBy":"Customer","paymentByName":null,"paymentByRelationship":null,"collectionAmount":7605,"collectionRcvdDate":"06\/08\/2020 11:56 AM","collectionMode":"online","remarks":null,"instrumentNumber":"pay_F01wy6JK3264kD","instrumentDate":"2020-06-08","bankName":"SBIN","branchName":"ANNA NAGAR CHENNAI","bankLocation":null,"micrNo":null,"chequeType":null,"ifscCode":"UTIB0000016","PaymentGatewayName":"AXIS_NETB","TerminalID":"76010098","CardNo":null}} [] []
[2020-06-08 11:56:16] full_quote_reponse2.INFO: "{\"Message\":\" There was a failure executing the response(receive) pipeline: ABHICL_NBP_QuickQuote_Pipelines.JSON_To_XML_ReceivePipeline, ABHICL_NBP_QuickQuote_Pipelines, Version=1.0.0.0, Culture=neutral, PublicKeyToken=7489ac52894eb39e Source: NBPJsonDecoder Send Port: SendPort_GHI URI: https:\\\/\\\/hb-preprod.adityabirlacapital.com\\\/Group\\\/api\\\/ABHI\\\/Ws_FullQuote Reason: Object reference not set to an instance of an object. \"}" [] []
[2020-06-08 11:56:17] generateOTP.INFO: test [] []
[2020-06-08 11:56:38] generateOTP.INFO: test [] []
[2020-06-08 11:56:59] generateOTP.INFO: test [] []
[2020-06-08 11:57:00] generateOTP.INFO: test [] []
[2020-06-08 11:57:32] generateOTP.INFO: test [] []
[2020-06-08 12:01:48] generateOTP.INFO: test [] []
[2020-06-08 12:01:49] generateOTP.INFO: test [] []
[2020-06-08 12:01:49] generateOTP.INFO: test [] []
[2020-06-08 12:01:58] generateOTP.INFO: test [] []
[2020-06-08 12:02:28] generateOTP.INFO: test [] []
[2020-06-08 12:03:56] full_quote_request2.INFO: {"ClientCreation":{"Member_Customer_ID":"5467547557","salutation":"Ms","firstName":"gjmnhg","middleName":"","lastName":"gjmngh","dateofBirth":"06\/04\/1987","gender":"F","educationalQualification":null,"pinCode":"415612","uidNo":null,"maritalStatus":null,"nationality":"Indian","occupation":"O553","primaryEmailID":"SAJID.FUNTUNE@GMAIL.COM","contactMobileNo":"7987999999","stdLandlineNo":null,"panNo":null,"passportNumber":null,"contactPerson":null,"annualIncome":null,"remarks":null,"startDate":"2020-06-08","endDate":null,"IdProof":"Adhaar Card","residenceProof":null,"ageProof":null,"others":null,"homeAddressLine1":"abc xyz maharashtra india","homeAddressLine2":null,"homeAddressLine3":null,"homePinCode":"415612","homeArea":null,"homeContactMobileNo":null,"homeContactMobileNo2":null,"homeSTDLandlineNo":null,"homeFaxNo":null,"sameAsHomeAddress":"1","mailingAddressLine1":null,"mailingAddressLine2":null,"mailingAddressLine3":null,"mailingPinCode":null,"mailingArea":null,"mailingContactMobileNo":null,"mailingContactMobileNo2":null,"mailingSTDLandlineNo":null,"mailingSTDLandlineNo2":null,"mailingFaxNo":null,"bankAccountType":null,"bankAccountNo":null,"ifscCode":null,"GSTIN":null,"GSTRegistrationStatus":"Consumers","IsEIAavailable":"0","ApplyEIA":"0","EIAAccountNo":null,"EIAWith":"0","AccountType":null,"AddressProof":null,"DOBProof":null,"IdentityProof":null},"PolicyCreationRequest":{"Quotation_Number":"IPB100029059","MasterPolicyNumber":"61-19-00163-00-00","GroupID":"GRP001","Product_Code":"4211","intermediaryCode":"2104703","AutoRenewal":"Y","intermediaryBranchCode":"10MHMUM01","agentSignatureDate":null,"Customer_Signature_Date":null,"businessSourceChannel":null,"AssignPolicy":"0","AssigneeName":null,"leadID":"202051666","Source_Name":"AXIS_GHI","SPID":"0","TCN":null,"CRTNO":null,"RefCode1":"0","RefCode2":"002","Employee_Number":"620406","enumIsEmployeeDiscount":null,"QuoteDate":null,"IsPayment":"1","PaymentMode":null,"PolicyproductComponents":[{"PlanCode":"4211","SumInsured":"500000","SchemeCode":"4112000003"}]},"MemObj":{"Member":[{"MemberNo":1,"Salutation":"Mrs","First_Name":"gjmnhg","Middle_Name":null,"Last_Name":"gjmngh","Gender":"F","DateOfBirth":"06\/04\/1987","Relation_Code":"R001","Marital_Status":null,"height":"0.00","weight":"0","occupation":"O553","PrimaryMember":"Y","MemberproductComponents":[{"PlanCode":"4211","MemberQuestionDetails":[{"QuestionCode":null,"Answer":null,"Remarks":null}]}],"MemberPED":[{"PEDCode":null,"Remarks":null}],"exactDiagnosis":null,"dateOfDiagnosis":null,"lastDateConsultation":null,"detailsOfTreatmentGiven":null,"doctorName":null,"hospitalName":null,"phoneNumberHosital":null,"Nominee_First_Name":"ghjg","Nominee_Last_Name":"ghjghj","Nominee_Contact_Number":"8799999999","Nominee_Home_Address":null,"Nominee_Relationship_Code":"R002"}]},"ReceiptCreation":{"officeLocation":"Mumbai","modeOfEntry":"Direct","cdAcNo":null,"expiryDate":null,"payerType":"Customer","payerCode":null,"paymentBy":"Customer","paymentByName":null,"paymentByRelationship":null,"collectionAmount":7605,"collectionRcvdDate":"06\/08\/2020 11:56 AM","collectionMode":"online","remarks":null,"instrumentNumber":"pay_F01wy6JK3264kD","instrumentDate":"2020-06-08","bankName":"SBIN","branchName":"ANNA NAGAR CHENNAI","bankLocation":null,"micrNo":null,"chequeType":null,"ifscCode":"UTIB0000016","PaymentGatewayName":"AXIS_NETB","TerminalID":"76010098","CardNo":null}} [] []
[2020-06-08 12:04:02] full_quote_reponse2.INFO: "<ns0:GHI_Res xmlns:ns0=\"http:\/\/ABHICL_NBP_QuickQuote_Schemas.GHI_Response\"><errorObj><ErrorNumber>00<\/ErrorNumber><ErrorMessage>Success<\/ErrorMessage><\/errorObj><policyDtls><TransactionReferenceNumber><\/TransactionReferenceNumber><QuotationNumber>IPB100029166<\/QuotationNumber><CertificateNumber>GHI-20-1000152<\/CertificateNumber><LetterURL>https:\/\/abpb.adityabirlahealth.com\/hbletter\/viewletter.aspx?ABH=38922&amp;TRM=GHI-20-1000152<\/LetterURL><ClientID>1283217<\/ClientID><ProductName>Group Activ Health<\/ProductName><ProductCode>4211<\/ProductCode><LineOfBusiness>42<\/LineOfBusiness><startDate>6\/8\/2020 12:00:00 AM<\/startDate><EndDate>6\/7\/2021 12:00:00 AM<\/EndDate><PolicyNumber>61-19-00163-00-00<\/PolicyNumber><ProposalNumber>IPB100029166<\/ProposalNumber><PolicyStatus>IF<\/PolicyStatus><Tenure>1<\/Tenure><stpFlag>0<\/stpFlag><COIUrl>Could not find file u0027c:windowssystem32inetsrvObject cannot be cast from DBNull to other typesu0027.<\/COIUrl><\/policyDtls><premium><BasePremium>6444.92<\/BasePremium><NetPremium>6444.92<\/NetPremium><GST>0.00<\/GST><GrossPremium>6445.00<\/GrossPremium><\/premium><receiptObj><ReceiptNumber>R100179868<\/ReceiptNumber><ReceiptAmount>7605.00<\/ReceiptAmount><ExcessAmount>1160.00<\/ExcessAmount><\/receiptObj><\/ns0:GHI_Res>" [] []
[2020-06-08 12:04:02] api_insert.INFO: {"emp_id":"620406","client_id":"1283217","certificate_number":"GHI-20-1000152","quotation_no":"IPB100029166","proposal_no":"IPB100029166","policy_no":"61-19-00163-00-00","gross_premium":null,"status":"Success","start_date":"6\/8\/2020 12:00:00 AM","end_date":"6\/7\/2021 12:00:00 AM","created_date":"2020-06-08 12:04:02","proposal_no_lead":"P-202006060001","PolicyStatus":"IF","letter_url":"https:\/\/abpb.adityabirlahealth.com\/hbletter\/viewletter.aspx?ABH=38922&TRM=GHI-20-1000152","type_login":""} [] []
[2020-06-08 12:04:03] generateOTP.INFO: test [] []
[2020-06-08 12:06:34] generateOTP.INFO: test [] []
[2020-06-08 12:06:44] generateOTP.INFO: test [] []
[2020-06-08 12:06:48] generateOTP.INFO: test [] []
[2020-06-08 12:06:50] generateOTP.INFO: test [] []
[2020-06-08 12:06:51] generateOTP.INFO: test [] []
[2020-06-08 12:06:54] generateOTP.INFO: test [] []
[2020-06-08 12:07:05] generateOTP.INFO: test [] []
[2020-06-08 12:14:32] generateOTP.INFO: test [] []
[2020-06-08 12:14:32] generateOTP.INFO: test [] []
[2020-06-08 12:14:33] generateOTP.INFO: test [] []
[2020-06-08 12:14:40] generateOTP.INFO: test [] []
[2020-06-08 12:16:08] generateOTP.INFO: test [] []
[2020-06-08 12:16:21] generateOTP.INFO: test [] []
[2020-06-08 12:16:21] generateOTP.INFO: test [] []
[2020-06-08 12:16:30] generateOTP.INFO: test [] []
[2020-06-08 12:31:43] generateOTP.INFO: test [] []
[2020-06-08 12:31:43] generateOTP.INFO: test [] []
[2020-06-08 12:31:44] generateOTP.INFO: test [] []
[2020-06-08 12:31:50] generateOTP.INFO: test [] []
[2020-06-08 12:31:58] generateOTP.INFO: test [] []
[2020-06-08 12:33:43] generateOTP.INFO: test [] []
[2020-06-08 12:34:07] generateOTP.INFO: {"edit":"0","policy_no":"415","subtype_text":"1","sum_insure":"500000","familyConstruct":"1A","businessType":"New","family_members_id":"1","family_gender":"Female","first_name":"adfad","last_name":"awdqd","family_date_birth":"01-06-2011","age":"9","age_type":"years","myGHD":{"A":{"format":"A_No"},"B":{"remark":""},"C1":{"format":"C1_No"},"C2":{"format":"C2_No"},"D1":{"remark":""},"D2":{"remark":""},"D3":{"remark":""},"D4":{"remark":""},"E":{"remark":""}},"family_id":"","s_date":"","marriage_date":"","premium":"7605","policyNo":"415","familyDataType":"family_construct","declare":"[]"} [] []
[2020-06-08 12:36:00] generateOTP.INFO: test [] []
[2020-06-08 12:36:49] generateOTP.INFO: test [] []
[2020-06-08 12:37:06] generateOTP.INFO: test [] []
[2020-06-08 12:37:30] generateOTP.INFO: test [] []
[2020-06-08 12:37:49] generateOTP.INFO: test [] []
[2020-06-08 13:46:31] generateOTP.INFO: test [] []
[2020-06-08 13:46:31] generateOTP.INFO: test [] []
[2020-06-08 13:46:33] generateOTP.INFO: test [] []
[2020-06-08 13:46:37] generateOTP.INFO: test [] []
[2020-06-08 13:46:38] generateOTP.INFO: test [] []
[2020-06-08 14:03:19] generateOTP.INFO: test [] []
[2020-06-08 14:19:56] generateOTP.INFO: test [] []
[2020-06-08 14:32:19] generateOTP.INFO: test [] []
[2020-06-08 14:32:19] generateOTP.INFO: test [] []
[2020-06-08 14:33:54] generateOTP.INFO: test [] []
[2020-06-08 14:34:03] generateOTP.INFO: test [] []
[2020-06-08 14:34:53] generateOTP.INFO: test [] []
[2020-06-08 14:36:32] generateOTP.INFO: test [] []
[2020-06-08 14:36:33] generateOTP.INFO: test [] []
[2020-06-08 14:36:34] generateOTP.INFO: test [] []
[2020-06-08 14:36:34] generateOTP.INFO: test [] []
[2020-06-08 14:36:45] generateOTP.INFO: test [] []
[2020-06-08 14:37:08] generateOTP.INFO: test [] []
[2020-06-08 14:37:11] generateOTP.INFO: test [] []
[2020-06-08 14:37:27] generateOTP.INFO: test [] []
[2020-06-08 14:37:29] generateOTP.INFO: test [] []
[2020-06-08 14:37:50] generateOTP.INFO: test [] []
[2020-06-08 14:38:12] generateOTP.INFO: test [] []
[2020-06-08 14:38:29] generateOTP.INFO: test [] []
[2020-06-08 14:38:32] generateOTP.INFO: {"edit":"0","policy_no":"392,393","subtype_text":"1","sum_insure":"500000","familyConstruct":"1A","tenure":"1 Year","family_members_id":"0","family_gender":"Male","first_name":"test","last_name":"BANKING","family_date_birth":"19-12-1988","age":"31","age_type":"years","sub_type_check":["1"],"20":"No","family_id":"","s_date":"","marriage_date":"","premium":"8399.9952","policyNo":"392,393","familyDataType":"undefined","empId":"620422","product":"iWL65dcd54d9c5a65","declare":"[{\"question\":\"20\",\"format\":\"No\"}]"} [] []
[2020-06-08 14:38:34] generateOTP.INFO: test [] []
[2020-06-08 14:38:35] generateOTP.INFO: test [] []
[2020-06-08 14:39:17] documentsSave.INFO: {"ops_type":"[\"0\",\"Y\"]","ids":"11,16"} [] []
[2020-06-08 14:39:17] documentsSaveFiles.INFO: [{"name":"Penguins.jpg","type":"image\/jpeg","tmp_name":"\/tmp\/phpAefozv","error":0,"size":777835},{"name":"Tulips.jpg","type":"image\/jpeg","tmp_name":"\/tmp\/phpNVXUNQ","error":0,"size":620888}] [] []
[2020-06-08 14:44:16] generateOTP.INFO: test [] []
[2020-06-08 14:44:43] generateOTP.INFO: {"edit":"0","policy_no":"392,393","subtype_text":"1","sum_insure":"500000","familyConstruct":"1A","tenure":"1 Year","family_members_id":"0","family_gender":"Male","first_name":"test","last_name":"BANKING","family_date_birth":"19-12-1988","age":"31","age_type":"years","family_id":"","s_date":"","marriage_date":"","premium":"8399.9952","policyNo":"392,393","familyDataType":"undefined","empId":"620423","product":"iWL65dcd54d9c5a65","declare":"[]"} [] []
[2020-06-08 14:45:19] documentsSave.INFO: {"ops_type":"[\"0\",\"Y\"]","ids":"9,14"} [] []
[2020-06-08 14:45:19] documentsSaveFiles.INFO: [{"name":"Tulips.jpg","type":"image\/jpeg","tmp_name":"\/tmp\/phpq1xg7q","error":0,"size":620888},{"name":"Lighthouse.jpg","type":"image\/jpeg","tmp_name":"\/tmp\/php7qIv1x","error":0,"size":561276}] [] []
[2020-06-08 15:30:48] generateOTP.INFO: test [] []
[2020-06-08 15:30:55] generateOTP.INFO: test [] []
[2020-06-08 15:30:57] generateOTP.INFO: test [] []
[2020-06-08 15:55:29] generateOTP.INFO: test [] []
[2020-06-08 15:55:29] generateOTP.INFO: test [] []
[2020-06-08 15:55:40] generateOTP.INFO: test [] []
[2020-06-08 15:56:13] generateOTP.INFO: test [] []
[2020-06-08 15:56:18] generateOTP.INFO: test [] []
[2020-06-08 15:56:18] generateOTP.INFO: test [] []
[2020-06-08 15:56:21] generateOTP.INFO: test [] []
[2020-06-08 15:56:27] generateOTP.INFO: test [] []
[2020-06-08 15:56:32] generateOTP.INFO: test [] []
[2020-06-08 15:56:34] generateOTP.INFO: test [] []
[2020-06-08 15:56:34] generateOTP.INFO: test [] []
[2020-06-08 15:56:35] generateOTP.INFO: test [] []
[2020-06-08 15:56:38] generateOTP.INFO: test [] []
[2020-06-08 15:56:48] generateOTP.INFO: test [] []
[2020-06-08 15:57:37] generateOTP.INFO: test [] []
[2020-06-08 15:57:39] generateOTP.INFO: test [] []
[2020-06-08 15:57:40] generateOTP.INFO: test [] []
[2020-06-08 15:57:43] generateOTP.INFO: test [] []
[2020-06-08 15:57:55] generateOTP.INFO: test [] []
[2020-06-08 15:58:41] generateOTP.INFO: test [] []
[2020-06-08 15:59:49] generateOTP.INFO: test [] []
[2020-06-08 15:59:51] generateOTP.INFO: test [] []
[2020-06-08 15:59:53] generateOTP.INFO: test [] []
[2020-06-08 15:59:53] generateOTP.INFO: test [] []
[2020-06-08 15:59:57] generateOTP.INFO: test [] []
[2020-06-08 16:03:27] generateOTP.INFO: test [] []
[2020-06-08 16:03:29] generateOTP.INFO: test [] []
[2020-06-08 16:03:31] generateOTP.INFO: test [] []
[2020-06-08 16:03:32] generateOTP.INFO: test [] []
[2020-06-08 16:03:33] generateOTP.INFO: test [] []
[2020-06-08 16:03:36] generateOTP.INFO: test [] []
[2020-06-08 16:03:38] generateOTP.INFO: test [] []
[2020-06-08 16:03:40] generateOTP.INFO: test [] []
[2020-06-08 16:03:40] generateOTP.INFO: test [] []
[2020-06-08 16:04:54] generateOTP.INFO: test [] []
[2020-06-08 16:04:55] generateOTP.INFO: test [] []
[2020-06-08 16:05:03] generateOTP.INFO: test [] []
[2020-06-08 16:05:07] generateOTP.INFO: test [] []
[2020-06-08 16:05:29] generateOTP.INFO: test [] []
[2020-06-08 16:06:01] generateOTP.INFO: test [] []
[2020-06-08 16:06:11] generateOTP.INFO: test [] []
[2020-06-08 16:06:38] generateOTP.INFO: test [] []
[2020-06-08 16:06:42] generateOTP.INFO: test [] []
[2020-06-08 16:10:13] generateOTP.INFO: test [] []
[2020-06-08 16:10:14] generateOTP.INFO: test [] []
[2020-06-08 16:10:22] generateOTP.INFO: test [] []
[2020-06-08 16:10:31] generateOTP.INFO: test [] []
[2020-06-08 16:10:33] generateOTP.INFO: test [] []
[2020-06-08 16:10:33] generateOTP.INFO: test [] []
[2020-06-08 16:10:39] generateOTP.INFO: test [] []
[2020-06-08 16:11:06] generateOTP.INFO: test [] []
[2020-06-08 16:11:14] generateOTP.INFO: test [] []
[2020-06-08 16:11:15] generateOTP.INFO: test [] []
[2020-06-08 16:11:23] generateOTP.INFO: test [] []
[2020-06-08 16:11:37] generateOTP.INFO: test [] []
[2020-06-08 16:11:38] generateOTP.INFO: test [] []
[2020-06-08 16:11:38] generateOTP.INFO: test [] []
[2020-06-08 16:11:39] generateOTP.INFO: test [] []
[2020-06-08 16:12:56] generateOTP.INFO: test [] []
[2020-06-08 16:13:32] generateOTP.INFO: test [] []
[2020-06-08 16:13:33] generateOTP.INFO: test [] []
[2020-06-08 16:14:25] generateOTP.INFO: test [] []
[2020-06-08 16:14:34] generateOTP.INFO: test [] []
[2020-06-08 16:14:59] generateOTP.INFO: {"edit":"0","policy_no":"415","subtype_text":"1","sum_insure":"500000","familyConstruct":"1A+1K","businessType":"New","family_members_id":"0","family_gender":"Male","first_name":"testyog","last_name":"testyog","family_date_birth":"01-06-1999","age":"21","age_type":"years","myGHD":{"B":{"remark":""},"D1":{"remark":""},"D2":{"remark":""},"D3":{"remark":""},"D4":{"remark":""},"E":{"remark":""}},"family_id":"","s_date":"","marriage_date":"","premium":"9931","policyNo":"415","familyDataType":"family_construct","declare":"[]"} [] []
[2020-06-08 16:15:14] generateOTP.INFO: {"edit":"0","policy_no":"415","subtype_text":"1","sum_insure":"500000","familyConstruct":"1A+1K","businessType":"New","family_members_id":"2","family_gender":"Male","first_name":"sdad","last_name":"asdasd","family_date_birth":"07-06-2020","age":"0","age_type":"days","myGHD":{"B":{"remark":""},"D1":{"remark":""},"D2":{"remark":""},"D3":{"remark":""},"D4":{"remark":""},"E":{"remark":""}},"family_id":"","s_date":"","marriage_date":"","premium":"9931","policyNo":"415","familyDataType":"family_construct","declare":"[]"} [] []
[2020-06-08 16:15:24] generateOTP.INFO: {"edit":"0","policy_no":"415","subtype_text":"1","sum_insure":"500000","familyConstruct":"1A+1K","businessType":"New","family_members_id":"2","family_gender":"Male","first_name":"sdad","last_name":"asdasd","family_date_birth":"09-06-1947","age":"73","age_type":"years","myGHD":{"B":{"remark":""},"D1":{"remark":""},"D2":{"remark":""},"D3":{"remark":""},"D4":{"remark":""},"E":{"remark":""}},"family_id":"","s_date":"","marriage_date":"","premium":"9931","policyNo":"415","familyDataType":"family_construct","declare":"[]"} [] []
[2020-06-08 16:17:32] generateOTP.INFO: {"edit":"0","policy_no":"415","subtype_text":"1","sum_insure":"500000","familyConstruct":"1A+1K","businessType":"New","family_members_id":"0","family_gender":"Male","first_name":"testyog","last_name":"testyog","family_date_birth":"01-06-1999","age":"21","age_type":"years","sub_type_check":["1"],"myGHD":{"B":{"remark":""},"D1":{"remark":""},"D2":{"remark":""},"D3":{"remark":""},"D4":{"remark":""},"E":{"remark":""}},"family_id":"","s_date":"","marriage_date":"","premium":"9931","policyNo":"415","familyDataType":"family_construct","declare":"[]"} [] []
[2020-06-08 16:17:32] generateOTP.INFO: {"edit":"0","policy_no":"415","subtype_text":"1","sum_insure":"500000","familyConstruct":"1A+1K","businessType":"New","family_members_id":"0","family_gender":"Male","first_name":"testyog","last_name":"testyog","family_date_birth":"01-06-1999","age":"21","age_type":"years","sub_type_check":["1"],"myGHD":{"B":{"remark":""},"D1":{"remark":""},"D2":{"remark":""},"D3":{"remark":""},"D4":{"remark":""},"E":{"remark":""}},"family_id":"","s_date":"","marriage_date":"","premium":"9931","policyNo":"415","familyDataType":"family_construct","declare":"[]"} [] []
[2020-06-08 16:17:32] generateOTP.INFO: {"edit":"0","policy_no":"415","subtype_text":"1","sum_insure":"500000","familyConstruct":"1A+1K","businessType":"New","family_members_id":"0","family_gender":"Male","first_name":"testyog","last_name":"testyog","family_date_birth":"01-06-1999","age":"21","age_type":"years","sub_type_check":["1"],"myGHD":{"B":{"remark":""},"D1":{"remark":""},"D2":{"remark":""},"D3":{"remark":""},"D4":{"remark":""},"E":{"remark":""}},"family_id":"","s_date":"","marriage_date":"","premium":"9931","policyNo":"415","familyDataType":"family_construct","declare":"[]"} [] []
[2020-06-08 16:17:56] generateOTP.INFO: {"edit":"0","policy_no":"415","subtype_text":"1","sum_insure":"500000","familyConstruct":"1A+1K","businessType":"New","family_members_id":"1","family_gender":"Female","first_name":"adad","last_name":"adawd","family_date_birth":"01-06-2020","age":"6","age_type":"days","sub_type_check":["1"],"43":"No","46":"No","myGHD":{"B":{"remark":""},"D1":{"remark":""},"D2":{"remark":""},"D3":{"remark":""},"D4":{"remark":""},"E":{"remark":""}},"family_id":"","s_date":"","marriage_date":"","premium":"9931","policyNo":"415","familyDataType":"family_construct","declare":"[{\"question\":\"43\"},{\"question\":\"46\"},{\"question\":\"43\",\"format\":\"No\"},{\"question\":\"46\",\"format\":\"No\"}]"} [] []
[2020-06-08 16:18:01] generateOTP.INFO: {"edit":"0","policy_no":"415","subtype_text":"1","sum_insure":"500000","familyConstruct":"1A+1K","businessType":"New","family_members_id":"1","family_gender":"Female","first_name":"adad","last_name":"adawd","family_date_birth":"01-06-2020","age":"6","age_type":"days","43":"No","46":"No","myGHD":{"B":{"remark":""},"D1":{"remark":""},"D2":{"remark":""},"D3":{"remark":""},"D4":{"remark":""},"E":{"remark":""}},"family_id":"","s_date":"","marriage_date":"","premium":"9931","policyNo":"415","familyDataType":"family_construct","declare":"[{\"question\":\"43\",\"format\":\"No\"},{\"question\":\"46\",\"format\":\"No\"}]"} [] []
[2020-06-08 16:18:41] generateOTP.INFO: test [] []
[2020-06-08 16:18:42] generateOTP.INFO: test [] []
[2020-06-08 16:18:48] generateOTP.INFO: test [] []
[2020-06-08 16:18:51] generateOTP.INFO: test [] []
[2020-06-08 16:18:51] generateOTP.INFO: test [] []
[2020-06-08 16:20:00] generateOTP.INFO: {"edit":"0","policy_no":"415","subtype_text":"1","sum_insure":"500000","familyConstruct":"1A+1K","businessType":"New","family_members_id":"2","family_gender":"Male","first_name":"asda","last_name":"asdasd","family_date_birth":"03-06-2014","age":"6","age_type":"years","sub_type_check":["1"],"43":"No","46":"No","myGHD":{"B":{"remark":""},"D1":{"remark":""},"D2":{"remark":""},"D3":{"remark":""},"D4":{"remark":""},"E":{"remark":""}},"family_id":"","s_date":"","marriage_date":"","premium":"9931","policyNo":"415","familyDataType":"family_construct","declare":"[{\"question\":\"43\",\"format\":\"No\"},{\"question\":\"46\",\"format\":\"No\"}]"} [] []
[2020-06-08 16:20:55] generateOTP.INFO: {"edit":"0","policy_no":"415","subtype_text":"1","sum_insure":"500000","familyConstruct":"1A+1K","businessType":"New","family_members_id":"1","family_gender":"Female","first_name":"asdas","last_name":"asdasd","family_date_birth":"07-06-1991","age":"29","age_type":"years","sub_type_check":["1"],"43":"No","46":"No","myGHD":{"B":{"remark":""},"D1":{"remark":""},"D2":{"remark":""},"D3":{"remark":""},"D4":{"remark":""},"E":{"remark":""}},"family_id":"","s_date":"","marriage_date":"","premium":"9931","policyNo":"415","familyDataType":"family_construct","declare":"[{\"question\":\"43\",\"format\":\"No\"},{\"question\":\"46\",\"format\":\"No\"}]"} [] []
[2020-06-08 16:21:03] generateOTP.INFO: {"edit":"0","policy_no":"415","subtype_text":"1","sum_insure":"500000","familyConstruct":"1A+1K","businessType":"New","family_members_id":"0","family_gender":"Male","first_name":"testyog","last_name":"testyog","family_date_birth":"01-06-1999","age":"21","age_type":"years","sub_type_check":["1"],"43":"No","46":"No","myGHD":{"B":{"remark":""},"D1":{"remark":""},"D2":{"remark":""},"D3":{"remark":""},"D4":{"remark":""},"E":{"remark":""}},"family_id":"","s_date":"","marriage_date":"","premium":"9931","policyNo":"415","familyDataType":"family_construct","declare":"[{\"question\":\"43\",\"format\":\"No\"},{\"question\":\"46\",\"format\":\"No\"}]"} [] []
[2020-06-08 16:22:04] generateOTP.INFO: {"edit":"0","policy_no":"415","subtype_text":"1","sum_insure":"500000","familyConstruct":"1A+1K","businessType":"New","family_members_id":"2","family_gender":"Male","first_name":"sddsv","last_name":"dsvdsvs","family_date_birth":"01-06-2015","age":"5","age_type":"years","sub_type_check":["1"],"43":"No","46":"No","myGHD":{"B":{"remark":""},"D1":{"remark":""},"D2":{"remark":""},"D3":{"remark":""},"D4":{"remark":""},"E":{"remark":""}},"family_id":"","s_date":"","marriage_date":"","premium":"9931","policyNo":"415","familyDataType":"family_construct","declare":"[{\"question\":\"43\",\"format\":\"No\"},{\"question\":\"46\",\"format\":\"No\"}]"} [] []
[2020-06-08 16:22:25] generateOTP.INFO: {"edit":"0","policy_no":"415","subtype_text":"1","sum_insure":"500000","familyConstruct":"1A+1K","businessType":"New","family_members_id":"3","family_gender":"Female","first_name":"asdasd","last_name":"asdasd","family_date_birth":"01-06-2017","age":"3","age_type":"years","sub_type_check":["1","2"],"42":"No","45":"No","myGHD":{"B":{"remark":""},"D1":{"remark":""},"D2":{"remark":""},"D3":{"remark":""},"D4":{"remark":""},"E":{"remark":""}},"family_id":"","s_date":"","marriage_date":"","premium":"9931","policyNo":"415","familyDataType":"family_construct","declare":"[{\"question\":\"42\",\"format\":\"No\"},{\"question\":\"45\",\"format\":\"No\"}]"} [] []
[2020-06-08 16:24:52] generateOTP.INFO: test [] []
[2020-06-08 16:25:16] generateOTP.INFO: {"edit":"0","policy_no":"415","subtype_text":"1","sum_insure":"500000","familyConstruct":"1A","businessType":"New","family_members_id":"2","family_gender":"Male","first_name":"dfscasfas","last_name":"asdasd","family_date_birth":"01-06-2017","age":"3","age_type":"years","sub_type_check":["1"],"43":"Yes","46":"Yes","myGHD":{"B":{"remark":""},"D1":{"remark":""},"D2":{"remark":""},"D3":{"remark":""},"D4":{"remark":""},"E":{"remark":""}},"family_id":"","s_date":"","marriage_date":"","premium":"7605","policyNo":"415","familyDataType":"family_construct","declare":"[{\"question\":\"43\",\"format\":\"Yes\"},{\"question\":\"46\",\"format\":\"Yes\"}]"} [] []
[2020-06-08 16:25:33] generateOTP.INFO: {"edit":"0","policy_no":"415","subtype_text":"1","sum_insure":"500000","familyConstruct":"1A","businessType":"New","family_members_id":"0","family_gender":"Male","first_name":"testyog","last_name":"testyog","family_date_birth":"01-06-1999","age":"21","age_type":"years","sub_type_check":["1"],"43":"Yes","46":"Yes","myGHD":{"B":{"remark":""},"D1":{"remark":""},"D2":{"remark":""},"D3":{"remark":""},"D4":{"remark":""},"E":{"remark":""}},"family_id":"","s_date":"","marriage_date":"","premium":"7605","policyNo":"415","familyDataType":"family_construct","declare":"[{\"question\":\"43\",\"format\":\"Yes\"},{\"question\":\"46\",\"format\":\"Yes\"}]"} [] []
[2020-06-08 16:25:46] generateOTP.INFO: {"edit":"0","policy_no":"415","subtype_text":"1","sum_insure":"500000","familyConstruct":"1A","businessType":"New","family_members_id":"0","family_gender":"Male","first_name":"testyog","last_name":"testyog","family_date_birth":"01-06-1999","age":"21","age_type":"years","sub_type_check":["1","2"],"43":"Yes","46":"Yes","42":"Yes","45":"No","myGHD":{"B":{"remark":""},"D1":{"remark":""},"D2":{"remark":""},"D3":{"remark":""},"D4":{"remark":""},"E":{"remark":""}},"family_id":"","s_date":"","marriage_date":"","premium":"7605","policyNo":"415","familyDataType":"family_construct","declare":"[{\"question\":\"43\",\"format\":\"Yes\"},{\"question\":\"46\",\"format\":\"Yes\"},{\"question\":\"42\",\"format\":\"Yes\"},{\"question\":\"45\",\"format\":\"No\"}]"} [] []
[2020-06-08 16:25:55] generateOTP.INFO: {"edit":"0","policy_no":"415","subtype_text":"1","sum_insure":"500000","familyConstruct":"1A","businessType":"New","family_members_id":"0","family_gender":"Male","first_name":"testyog","last_name":"testyog","family_date_birth":"01-06-1999","age":"21","age_type":"years","sub_type_check":["1","2","3"],"43":"Yes","46":"Yes","42":"Yes","45":"Yes","38":"No","39":"No","40":"No","41":"No","myGHD":{"B":{"remark":""},"D1":{"remark":""},"D2":{"remark":""},"D3":{"remark":""},"D4":{"remark":""},"E":{"remark":""}},"family_id":"","s_date":"","marriage_date":"","premium":"7605","policyNo":"415","familyDataType":"family_construct","declare":"[{\"question\":\"43\",\"format\":\"Yes\"},{\"question\":\"46\",\"format\":\"Yes\"},{\"question\":\"42\",\"format\":\"Yes\"},{\"question\":\"45\",\"format\":\"Yes\"},{\"question\":\"38\",\"format\":\"No\"},{\"question\":\"39\",\"format\":\"No\"},{\"question\":\"40\",\"format\":\"No\"},{\"question\":\"41\",\"format\":\"No\"}]"} [] []
[2020-06-08 16:26:06] generateOTP.INFO: {"edit":"0","policy_no":"415","subtype_text":"1","sum_insure":"500000","familyConstruct":"1A","businessType":"New","family_members_id":"0","family_gender":"Male","first_name":"testyog","last_name":"testyog","family_date_birth":"01-06-1999","age":"21","age_type":"years","sub_type_check":["1","2","3","4"],"43":"Yes","46":"Yes","42":"Yes","45":"Yes","38":"Yes","39":"Yes","40":"Yes","41":"Yes","44":"No","47":"No","48":"No","49":"No","myGHD":{"B":{"remark":""},"D1":{"remark":""},"D2":{"remark":""},"D3":{"remark":""},"D4":{"remark":""},"E":{"remark":""}},"family_id":"","s_date":"","marriage_date":"","premium":"7605","policyNo":"415","familyDataType":"family_construct","declare":"[{\"question\":\"43\",\"format\":\"Yes\"},{\"question\":\"46\",\"format\":\"Yes\"},{\"question\":\"42\",\"format\":\"Yes\"},{\"question\":\"45\",\"format\":\"Yes\"},{\"question\":\"38\",\"format\":\"Yes\"},{\"question\":\"39\",\"format\":\"Yes\"},{\"question\":\"40\",\"format\":\"Yes\"},{\"question\":\"41\",\"format\":\"Yes\"},{\"question\":\"44\",\"format\":\"No\"},{\"question\":\"47\",\"format\":\"No\"},{\"question\":\"48\",\"format\":\"No\"},{\"question\":\"49\",\"format\":\"No\"}]"} [] []
[2020-06-08 16:26:18] generateOTP.INFO: {"edit":"0","policy_no":"415","subtype_text":"1","sum_insure":"500000","familyConstruct":"1A","businessType":"New","family_members_id":"0","family_gender":"Male","first_name":"testyog","last_name":"testyog","family_date_birth":"01-06-1999","age":"21","age_type":"years","sub_type_check":["1","2","3","4"],"43":"No","46":"No","42":"No","45":"No","38":"No","39":"No","40":"No","41":"No","44":"Yes","47":"No","48":"Yes","49":"No","myGHD":{"B":{"remark":""},"D1":{"remark":""},"D2":{"remark":""},"D3":{"remark":""},"D4":{"remark":""},"E":{"remark":""}},"family_id":"","s_date":"","marriage_date":"","premium":"7605","policyNo":"415","familyDataType":"family_construct","declare":"[{\"question\":\"43\",\"format\":\"No\"},{\"question\":\"46\",\"format\":\"No\"},{\"question\":\"42\",\"format\":\"No\"},{\"question\":\"45\",\"format\":\"No\"},{\"question\":\"38\",\"format\":\"No\"},{\"question\":\"39\",\"format\":\"No\"},{\"question\":\"40\",\"format\":\"No\"},{\"question\":\"41\",\"format\":\"No\"},{\"question\":\"44\",\"format\":\"Yes\"},{\"question\":\"47\",\"format\":\"No\"},{\"question\":\"48\",\"format\":\"Yes\"},{\"question\":\"49\",\"format\":\"No\"}]"} [] []
[2020-06-08 16:26:24] generateOTP.INFO: {"edit":"0","policy_no":"415","subtype_text":"1","sum_insure":"500000","familyConstruct":"1A","businessType":"New","family_members_id":"0","family_gender":"Male","first_name":"testyog","last_name":"testyog","family_date_birth":"01-06-1999","age":"21","age_type":"years","sub_type_check":["1","2","3","4"],"43":"No","46":"No","42":"No","45":"No","38":"No","39":"No","40":"No","41":"No","44":"Yes","47":"Yes","48":"Yes","49":"Yes","myGHD":{"B":{"remark":""},"D1":{"remark":""},"D2":{"remark":""},"D3":{"remark":""},"D4":{"remark":""},"E":{"remark":""}},"family_id":"","s_date":"","marriage_date":"","premium":"7605","policyNo":"415","familyDataType":"family_construct","declare":"[{\"question\":\"43\",\"format\":\"No\"},{\"question\":\"46\",\"format\":\"No\"},{\"question\":\"42\",\"format\":\"No\"},{\"question\":\"45\",\"format\":\"No\"},{\"question\":\"38\",\"format\":\"No\"},{\"question\":\"39\",\"format\":\"No\"},{\"question\":\"40\",\"format\":\"No\"},{\"question\":\"41\",\"format\":\"No\"},{\"question\":\"44\",\"format\":\"Yes\"},{\"question\":\"47\",\"format\":\"Yes\"},{\"question\":\"48\",\"format\":\"Yes\"},{\"question\":\"49\",\"format\":\"Yes\"}]"} [] []
[2020-06-08 16:26:30] generateOTP.INFO: {"edit":"0","policy_no":"415","subtype_text":"1","sum_insure":"500000","familyConstruct":"1A","businessType":"New","family_members_id":"0","family_gender":"Male","first_name":"testyog","last_name":"testyog","family_date_birth":"01-06-1999","age":"21","age_type":"years","sub_type_check":["1","2","3","4"],"43":"No","46":"No","42":"No","45":"No","38":"No","39":"No","40":"No","41":"No","44":"No","47":"No","48":"No","49":"No","myGHD":{"B":{"remark":""},"D1":{"remark":""},"D2":{"remark":""},"D3":{"remark":""},"D4":{"remark":""},"E":{"remark":""}},"family_id":"","s_date":"","marriage_date":"","premium":"7605","policyNo":"415","familyDataType":"family_construct","declare":"[{\"question\":\"43\",\"format\":\"No\"},{\"question\":\"46\",\"format\":\"No\"},{\"question\":\"42\",\"format\":\"No\"},{\"question\":\"45\",\"format\":\"No\"},{\"question\":\"38\",\"format\":\"No\"},{\"question\":\"39\",\"format\":\"No\"},{\"question\":\"40\",\"format\":\"No\"},{\"question\":\"41\",\"format\":\"No\"},{\"question\":\"44\",\"format\":\"No\"},{\"question\":\"47\",\"format\":\"No\"},{\"question\":\"48\",\"format\":\"No\"},{\"question\":\"49\",\"format\":\"No\"}]"} [] []
[2020-06-08 16:26:52] generateOTP.INFO: test [] []
[2020-06-08 16:26:53] generateOTP.INFO: test [] []
[2020-06-08 16:26:54] generateOTP.INFO: test [] []
[2020-06-08 16:26:55] generateOTP.INFO: test [] []
[2020-06-08 16:27:00] generateOTP.INFO: test [] []
[2020-06-08 16:27:01] generateOTP.INFO: test [] []
[2020-06-08 16:27:23] generateOTP.INFO: test [] []
[2020-06-08 16:27:29] generateOTP.INFO: test [] []
[2020-06-08 16:28:15] generateOTP.INFO: test [] []
[2020-06-08 16:28:21] generateOTP.INFO: test [] []
[2020-06-08 16:28:28] generateOTP.INFO: test [] []
[2020-06-08 16:28:31] generateOTP.INFO: test [] []
[2020-06-08 16:28:31] generateOTP.INFO: test [] []
[2020-06-08 16:28:36] generateOTP.INFO: test [] []
[2020-06-08 16:28:37] generateOTP.INFO: test [] []
[2020-06-08 16:28:46] generateOTP.INFO: test [] []
[2020-06-08 16:29:57] generateOTP.INFO: test [] []
[2020-06-08 16:30:08] full_quote_request2.INFO: {"ClientCreation":{"Member_Customer_ID":"5467547557","salutation":"Ms","firstName":"gjmnhg","middleName":"","lastName":"gjmngh","dateofBirth":"06\/04\/1987","gender":"F","educationalQualification":null,"pinCode":"415612","uidNo":null,"maritalStatus":null,"nationality":"Indian","occupation":"O553","primaryEmailID":"SAJID.FUNTUNE@GMAIL.COM","contactMobileNo":"7987999999","stdLandlineNo":null,"panNo":null,"passportNumber":null,"contactPerson":null,"annualIncome":null,"remarks":null,"startDate":"2020-06-08","endDate":null,"IdProof":"Adhaar Card","residenceProof":null,"ageProof":null,"others":null,"homeAddressLine1":"abc xyz maharashtra india","homeAddressLine2":null,"homeAddressLine3":null,"homePinCode":"415612","homeArea":null,"homeContactMobileNo":null,"homeContactMobileNo2":null,"homeSTDLandlineNo":null,"homeFaxNo":null,"sameAsHomeAddress":"1","mailingAddressLine1":null,"mailingAddressLine2":null,"mailingAddressLine3":null,"mailingPinCode":null,"mailingArea":null,"mailingContactMobileNo":null,"mailingContactMobileNo2":null,"mailingSTDLandlineNo":null,"mailingSTDLandlineNo2":null,"mailingFaxNo":null,"bankAccountType":null,"bankAccountNo":null,"ifscCode":null,"GSTIN":null,"GSTRegistrationStatus":"Consumers","IsEIAavailable":"0","ApplyEIA":"0","EIAAccountNo":null,"EIAWith":"0","AccountType":null,"AddressProof":null,"DOBProof":null,"IdentityProof":null},"PolicyCreationRequest":{"Quotation_Number":"IPB100029059","MasterPolicyNumber":"61-19-00163-00-00","GroupID":"GRP001","Product_Code":"4211","intermediaryCode":"2104703","AutoRenewal":"Y","intermediaryBranchCode":"10MHMUM01","agentSignatureDate":null,"Customer_Signature_Date":null,"businessSourceChannel":null,"AssignPolicy":"0","AssigneeName":null,"leadID":"202051666","Source_Name":"AXIS_GHI","SPID":"0","TCN":null,"CRTNO":null,"RefCode1":"0","RefCode2":"002","Employee_Number":"620406","enumIsEmployeeDiscount":null,"QuoteDate":null,"IsPayment":"1","PaymentMode":null,"PolicyproductComponents":[{"PlanCode":"4211","SumInsured":"500000","SchemeCode":"4112000003"}]},"MemObj":{"Member":[{"MemberNo":1,"Salutation":"Mrs","First_Name":"gjmnhg","Middle_Name":null,"Last_Name":"gjmngh","Gender":"F","DateOfBirth":"06\/04\/1987","Relation_Code":"R001","Marital_Status":null,"height":"0.00","weight":"0","occupation":"O553","PrimaryMember":"Y","MemberproductComponents":[{"PlanCode":"4211","MemberQuestionDetails":[{"QuestionCode":null,"Answer":null,"Remarks":null}]}],"MemberPED":[{"PEDCode":null,"Remarks":null}],"exactDiagnosis":null,"dateOfDiagnosis":null,"lastDateConsultation":null,"detailsOfTreatmentGiven":null,"doctorName":null,"hospitalName":null,"phoneNumberHosital":null,"Nominee_First_Name":"ghjg","Nominee_Last_Name":"ghjghj","Nominee_Contact_Number":"8799999999","Nominee_Home_Address":null,"Nominee_Relationship_Code":"R002"}]},"ReceiptCreation":{"officeLocation":"Mumbai","modeOfEntry":"Direct","cdAcNo":null,"expiryDate":null,"payerType":"Customer","payerCode":null,"paymentBy":"Customer","paymentByName":null,"paymentByRelationship":null,"collectionAmount":599,"collectionRcvdDate":"06\/08\/2020 04:30 PM","collectionMode":"online","remarks":null,"instrumentNumber":"pay_F06cL0gmEfffis","instrumentDate":"2020-06-08","bankName":"HDFC","branchName":"ANNA NAGAR CHENNAI","bankLocation":null,"micrNo":null,"chequeType":null,"ifscCode":"UTIB0000016","PaymentGatewayName":"AXIS_NETB","TerminalID":"76010098","CardNo":null}} [] []
[2020-06-08 16:30:16] full_quote_reponse2.INFO: "<ns0:GHI_Res xmlns:ns0=\"http:\/\/ABHICL_NBP_QuickQuote_Schemas.GHI_Response\"><errorObj><ErrorNumber>302<\/ErrorNumber><ErrorMessage>Member_Customer_Id: 5467547557 already had same plan<\/ErrorMessage><\/errorObj><policyDtls><TransactionReferenceNumber><\/TransactionReferenceNumber><QuotationNumber><\/QuotationNumber><CertificateNumber><\/CertificateNumber><LetterURL><\/LetterURL><ClientID><\/ClientID><ProductName><\/ProductName><ProductCode><\/ProductCode><LineOfBusiness><\/LineOfBusiness><startDate><\/startDate><EndDate><\/EndDate><PolicyNumber><\/PolicyNumber><ProposalNumber><\/ProposalNumber><PolicyStatus><\/PolicyStatus><Tenure><\/Tenure><stpFlag><\/stpFlag><COIUrl>Could not find file u0027c:windowssystem32inetsrvObject cannot be cast from DBNull to other typesu0027.<\/COIUrl><\/policyDtls><premium><BasePremium><\/BasePremium><NetPremium><\/NetPremium><GST><\/GST><GrossPremium><\/GrossPremium><\/premium><receiptObj><ReceiptNumber><\/ReceiptNumber><ReceiptAmount><\/ReceiptAmount><ExcessAmount><\/ExcessAmount><\/receiptObj><\/ns0:GHI_Res>" [] []
[2020-06-08 16:30:17] generateOTP.INFO: test [] []
[2020-06-08 16:30:42] generateOTP.INFO: test [] []
[2020-06-08 16:30:44] generateOTP.INFO: test [] []
[2020-06-08 16:30:45] generateOTP.INFO: test [] []
[2020-06-08 16:30:47] generateOTP.INFO: test [] []
[2020-06-08 16:32:35] generateOTP.INFO: test [] []
[2020-06-08 16:32:38] generateOTP.INFO: test [] []
[2020-06-08 16:33:37] generateOTP.INFO: test [] []
[2020-06-08 16:34:21] generateOTP.INFO: test [] []
[2020-06-08 16:34:21] generateOTP.INFO: test [] []
[2020-06-08 16:34:26] generateOTP.INFO: test [] []
[2020-06-08 16:34:29] generateOTP.INFO: test [] []
[2020-06-08 16:35:03] generateOTP.INFO: test [] []
[2020-06-08 16:35:08] generateOTP.INFO: test [] []
[2020-06-08 16:35:21] generateOTP.INFO: test [] []
[2020-06-08 16:37:22] generateOTP.INFO: test [] []
[2020-06-08 16:37:22] generateOTP.INFO: test [] []
[2020-06-08 16:37:36] generateOTP.INFO: test [] []
[2020-06-08 16:37:48] generateOTP.INFO: test [] []
[2020-06-08 16:37:48] generateOTP.INFO: test [] []
[2020-06-08 16:38:27] generateOTP.INFO: test [] []
[2020-06-08 16:39:21] generateOTP.INFO: test [] []
[2020-06-08 16:39:22] generateOTP.INFO: test [] []
[2020-06-08 16:39:24] generateOTP.INFO: test [] []
[2020-06-08 16:39:24] generateOTP.INFO: test [] []
[2020-06-08 16:39:24] generateOTP.INFO: test [] []
[2020-06-08 16:44:55] generateOTP.INFO: test [] []
[2020-06-08 16:45:10] generateOTP.INFO: test [] []
[2020-06-08 16:56:34] generateOTP.INFO: test [] []
[2020-06-08 16:58:47] generateOTP.INFO: test [] []
[2020-06-08 16:59:31] generateOTP.INFO: test [] []
[2020-06-08 17:00:22] generateOTP.INFO: test [] []
[2020-06-08 17:01:33] generateOTP.INFO: test [] []
[2020-06-08 17:01:39] generateOTP.INFO: test [] []
[2020-06-08 17:01:53] generateOTP.INFO: test [] []
[2020-06-08 17:02:25] generateOTP.INFO: test [] []
[2020-06-08 17:02:44] generateOTP.INFO: test [] []
[2020-06-08 17:02:44] generateOTP.INFO: test [] []
[2020-06-08 17:02:45] generateOTP.INFO: test [] []
[2020-06-08 17:02:49] generateOTP.INFO: test [] []
[2020-06-08 17:02:54] generateOTP.INFO: test [] []
[2020-06-08 17:03:10] generateOTP.INFO: test [] []
[2020-06-08 17:03:23] generateOTP.INFO: {"edit":"0","policy_no":"415","subtype_text":"1","sum_insure":"500000","familyConstruct":"1A","businessType":"New","family_members_id":"0","family_gender":"Male","first_name":"testyog","last_name":"testyog","family_date_birth":"01-06-1999","age":"21","age_type":"years","sub_type_check":["1"],"43":"Yes","46":"Yes","myGHD":{"B":{"remark":""},"D1":{"remark":""},"D2":{"remark":""},"D3":{"remark":""},"D4":{"remark":""},"E":{"remark":""}},"family_id":"","s_date":"","marriage_date":"","premium":"7605","policyNo":"415","familyDataType":"family_construct","declare":"[{\"question\":\"43\",\"format\":\"Yes\"},{\"question\":\"46\",\"format\":\"Yes\"}]"} [] []
[2020-06-08 17:03:28] generateOTP.INFO: test [] []
[2020-06-08 17:03:41] generateOTP.INFO: test [] []
[2020-06-08 17:03:48] generateOTP.INFO: {"edit":"0","policy_no":"415","subtype_text":"1","sum_insure":"500000","familyConstruct":"1A","businessType":"New","family_members_id":"2","family_gender":"Male","first_name":"asdasd","last_name":"adsasd","family_date_birth":"01-06-2017","age":"3","age_type":"years","sub_type_check":["1"],"43":"Yes","46":"Yes","myGHD":{"B":{"remark":""},"D1":{"remark":""},"D2":{"remark":""},"D3":{"remark":""},"D4":{"remark":""},"E":{"remark":""}},"family_id":"","s_date":"","marriage_date":"","premium":"7605","policyNo":"415","familyDataType":"family_construct","declare":"[{\"question\":\"43\",\"format\":\"Yes\"},{\"question\":\"46\",\"format\":\"Yes\"}]"} [] []
[2020-06-08 17:04:08] generateOTP.INFO: {"edit":"0","policy_no":"415","subtype_text":"1","sum_insure":"500000","familyConstruct":"1A","businessType":"New","family_members_id":"3","family_gender":"Female","first_name":"xczc","last_name":"saascx","family_date_birth":"01-06-2016","age":"4","age_type":"years","sub_type_check":["1"],"43":"No","46":"No","myGHD":{"B":{"remark":""},"D1":{"remark":""},"D2":{"remark":""},"D3":{"remark":""},"D4":{"remark":""},"E":{"remark":""}},"family_id":"","s_date":"","marriage_date":"","premium":"7605","policyNo":"415","familyDataType":"family_construct","declare":"[{\"question\":\"43\",\"format\":\"No\"},{\"question\":\"46\",\"format\":\"No\"}]"} [] []
[2020-06-08 17:04:26] generateOTP.INFO: {"edit":"0","policy_no":"415","subtype_text":"1","sum_insure":"500000","familyConstruct":"1A","businessType":"New","family_members_id":"3","family_gender":"Female","first_name":"xczc","last_name":"saascx","family_date_birth":"01-06-2016","age":"4","age_type":"years","sub_type_check":["1"],"43":"No","46":"No","myGHD":{"B":{"remark":""},"D1":{"remark":""},"D2":{"remark":""},"D3":{"remark":""},"D4":{"remark":""},"E":{"remark":""}},"family_id":"","s_date":"","marriage_date":"","premium":"7605","policyNo":"415","familyDataType":"family_construct","declare":"[{\"question\":\"43\",\"format\":\"No\"},{\"question\":\"46\",\"format\":\"No\"}]"} [] []
[2020-06-08 17:04:42] generateOTP.INFO: {"edit":"0","policy_no":"415","subtype_text":"1","sum_insure":"500000","familyConstruct":"1A","businessType":"New","family_members_id":"2","family_gender":"Male","first_name":"asdsd","last_name":"asdas","family_date_birth":"01-06-2017","age":"3","age_type":"years","sub_type_check":["1"],"43":"No","46":"No","myGHD":{"B":{"remark":""},"D1":{"remark":""},"D2":{"remark":""},"D3":{"remark":""},"D4":{"remark":""},"E":{"remark":""}},"family_id":"","s_date":"","marriage_date":"","premium":"7605","policyNo":"415","familyDataType":"family_construct","declare":"[{\"question\":\"43\",\"format\":\"No\"},{\"question\":\"46\",\"format\":\"No\"}]"} [] []
[2020-06-08 17:04:51] generateOTP.INFO: {"edit":"0","policy_no":"415","subtype_text":"1","sum_insure":"500000","familyConstruct":"1A","businessType":"New","family_members_id":"2","family_gender":"Male","first_name":"asdsd","last_name":"asdas","family_date_birth":"01-06-2017","age":"3","age_type":"years","sub_type_check":["1","2"],"43":"No","46":"No","42":"No","45":"No","myGHD":{"B":{"remark":""},"D1":{"remark":""},"D2":{"remark":""},"D3":{"remark":""},"D4":{"remark":""},"E":{"remark":""}},"family_id":"","s_date":"","marriage_date":"","premium":"7605","policyNo":"415","familyDataType":"family_construct","declare":"[{\"question\":\"43\",\"format\":\"No\"},{\"question\":\"46\",\"format\":\"No\"},{\"question\":\"42\",\"format\":\"No\"},{\"question\":\"45\",\"format\":\"No\"}]"} [] []
[2020-06-08 17:04:56] generateOTP.INFO: {"edit":"0","policy_no":"415","subtype_text":"1","sum_insure":"500000","familyConstruct":"1A","businessType":"New","family_members_id":"2","family_gender":"Male","first_name":"asdsd","last_name":"asdas","family_date_birth":"01-06-2017","age":"3","age_type":"years","sub_type_check":["2"],"42":"No","45":"No","myGHD":{"B":{"remark":""},"D1":{"remark":""},"D2":{"remark":""},"D3":{"remark":""},"D4":{"remark":""},"E":{"remark":""}},"family_id":"","s_date":"","marriage_date":"","premium":"7605","policyNo":"415","familyDataType":"family_construct","declare":"[{\"question\":\"42\",\"format\":\"No\"},{\"question\":\"45\",\"format\":\"No\"}]"} [] []
[2020-06-08 17:04:57] generateOTP.INFO: test [] []
[2020-06-08 17:05:01] generateOTP.INFO: {"edit":"0","policy_no":"415","subtype_text":"1","sum_insure":"500000","familyConstruct":"1A","businessType":"New","family_members_id":"2","family_gender":"Male","first_name":"asdsd","last_name":"asdas","family_date_birth":"01-06-2017","age":"3","age_type":"years","sub_type_check":["3"],"38":"No","39":"No","40":"No","41":"No","myGHD":{"B":{"remark":""},"D1":{"remark":""},"D2":{"remark":""},"D3":{"remark":""},"D4":{"remark":""},"E":{"remark":""}},"family_id":"","s_date":"","marriage_date":"","premium":"7605","policyNo":"415","familyDataType":"family_construct","declare":"[{\"question\":\"38\",\"format\":\"No\"},{\"question\":\"39\",\"format\":\"No\"},{\"question\":\"40\",\"format\":\"No\"},{\"question\":\"41\",\"format\":\"No\"}]"} [] []
[2020-06-08 17:05:08] generateOTP.INFO: {"edit":"0","policy_no":"415","subtype_text":"1","sum_insure":"500000","familyConstruct":"1A","businessType":"New","family_members_id":"2","family_gender":"Male","first_name":"asdsd","last_name":"asdas","family_date_birth":"01-06-2017","age":"3","age_type":"years","sub_type_check":["4"],"44":"No","47":"No","48":"No","49":"No","myGHD":{"B":{"remark":""},"D1":{"remark":""},"D2":{"remark":""},"D3":{"remark":""},"D4":{"remark":""},"E":{"remark":""}},"family_id":"","s_date":"","marriage_date":"","premium":"7605","policyNo":"415","familyDataType":"family_construct","declare":"[{\"question\":\"44\",\"format\":\"No\"},{\"question\":\"47\",\"format\":\"No\"},{\"question\":\"48\",\"format\":\"No\"},{\"question\":\"49\",\"format\":\"No\"}]"} [] []
[2020-06-08 17:05:10] generateOTP.INFO: test [] []
[2020-06-08 17:05:41] generateOTP.INFO: test [] []
[2020-06-08 17:06:31] generateOTP.INFO: test [] []
[2020-06-08 17:06:34] generateOTP.INFO: test [] []
[2020-06-08 17:06:38] generateOTP.INFO: test [] []
[2020-06-08 17:06:57] generateOTP.INFO: test [] []
[2020-06-08 17:07:06] generateOTP.INFO: test [] []
[2020-06-08 17:07:14] generateOTP.INFO: test [] []
[2020-06-08 17:08:20] generateOTP.INFO: test [] []
[2020-06-08 17:08:24] generateOTP.INFO: test [] []
[2020-06-08 17:10:40] generateOTP.INFO: test [] []
[2020-06-08 17:10:44] generateOTP.INFO: test [] []
[2020-06-08 17:10:49] generateOTP.INFO: test [] []
[2020-06-08 17:12:36] generateOTP.INFO: test [] []
[2020-06-08 17:12:51] generateOTP.INFO: test [] []
[2020-06-08 17:12:58] generateOTP.INFO: test [] []
[2020-06-08 17:13:08] generateOTP.INFO: test [] []
[2020-06-08 17:13:14] generateOTP.INFO: test [] []
[2020-06-08 17:13:56] generateOTP.INFO: test [] []
[2020-06-08 17:14:02] generateOTP.INFO: test [] []
[2020-06-08 17:14:22] generateOTP.INFO: test [] []
[2020-06-08 17:16:13] generateOTP.INFO: test [] []
[2020-06-08 17:31:12] generateOTP.INFO: test [] []
[2020-06-08 17:31:12] generateOTP.INFO: test [] []
[2020-06-08 17:31:12] generateOTP.INFO: test [] []
[2020-06-08 17:31:16] generateOTP.INFO: test [] []
[2020-06-08 17:31:21] generateOTP.INFO: test [] []
[2020-06-08 17:32:05] generateOTP.INFO: {"edit":"0","policy_no":"415","subtype_text":"1","sum_insure":"500000","familyConstruct":"1A","businessType":"New","family_members_id":"0","family_gender":"Male","first_name":"testyog","last_name":"testyog","family_date_birth":"01-06-1999","age":"21","age_type":"years","myGHD":{"A":{"format":"A_Yes"},"B":{"remark":""},"D1":{"remark":""},"D2":{"remark":""},"D3":{"remark":""},"D4":{"remark":""},"E":{"remark":""}},"family_id":"","s_date":"","marriage_date":"","premium":"7605","policyNo":"415","familyDataType":"family_construct","declare":"[]"} [] []
[2020-06-08 17:43:09] generateOTP.INFO: test [] []
[2020-06-08 17:43:09] generateOTP.INFO: test [] []
[2020-06-08 17:43:09] generateOTP.INFO: test [] []
[2020-06-08 17:43:12] generateOTP.INFO: test [] []
[2020-06-08 17:43:33] generateOTP.INFO: test [] []
[2020-06-08 17:45:28] generateOTP.INFO: test [] []
[2020-06-08 17:45:31] generateOTP.INFO: test [] []
[2020-06-08 17:45:31] generateOTP.INFO: test [] []
[2020-06-08 17:45:31] generateOTP.INFO: test [] []
[2020-06-08 17:45:36] generateOTP.INFO: test [] []
[2020-06-08 17:46:07] generateOTP.INFO: test [] []
[2020-06-08 17:46:08] generateOTP.INFO: test [] []
[2020-06-08 17:46:22] generateOTP.INFO: test [] []
[2020-06-08 17:47:50] generateOTP.INFO: {"edit":"0","policy_no":"415","subtype_text":"1","sum_insure":"500000","familyConstruct":"1A","businessType":"New","family_members_id":"0","family_gender":"Male","first_name":"testn","last_name":"testn","family_date_birth":"01-06-1985","age":"35","age_type":"years","sub_type_check":["1"],"43":"Yes","46":"No","myGHD":{"B":{"remark":""},"D1":{"remark":""},"D2":{"remark":""},"D3":{"remark":""},"D4":{"remark":""},"E":{"remark":""}},"family_id":"","s_date":"","marriage_date":"","premium":"7605","policyNo":"415","familyDataType":"family_construct","declare":"[{\"question\":\"43\",\"format\":\"Yes\"},{\"question\":\"46\",\"format\":\"No\"}]"} [] []
[2020-06-08 18:02:20] generateOTP.INFO: test [] []
[2020-06-08 18:02:23] generateOTP.INFO: test [] []
[2020-06-08 18:02:33] generateOTP.INFO: test [] []
[2020-06-08 18:03:15] generateOTP.INFO: test [] []
[2020-06-08 18:03:56] generateOTP.INFO: test [] []
[2020-06-08 18:06:41] generateOTP.INFO: test [] []
[2020-06-08 18:06:41] generateOTP.INFO: test [] []
[2020-06-08 18:06:46] generateOTP.INFO: test [] []
[2020-06-08 18:07:32] generateOTP.INFO: test [] []
[2020-06-08 18:08:06] generateOTP.INFO: {"edit":"0","policy_no":"415","subtype_text":"1","sum_insure":"500000","familyConstruct":"1A","businessType":"New","family_members_id":"0","family_gender":"Male","first_name":"ghjhgj","last_name":"gvjg","family_date_birth":"01-06-1983","age":"37","age_type":"years","myGHD":{"B":{"remark":""},"D1":{"remark":""},"D2":{"remark":""},"D3":{"remark":""},"D4":{"remark":""},"E":{"remark":""}},"family_id":"","s_date":"","marriage_date":"","premium":"7605","policyNo":"415","familyDataType":"family_construct","declare":"[]"} [] []
[2020-06-08 18:08:40] generateOTP.INFO: test [] []
[2020-06-08 18:10:00] generateOTP.INFO: test [] []
[2020-06-08 18:11:45] generateOTP.INFO: test [] []
[2020-06-08 18:11:46] generateOTP.INFO: test [] []
[2020-06-08 18:12:20] generateOTP.INFO: test [] []
[2020-06-08 18:12:57] generateOTP.INFO: test [] []
[2020-06-08 18:13:00] generateOTP.INFO: test [] []
[2020-06-08 18:13:09] generateOTP.INFO: test [] []
[2020-06-08 18:13:12] generateOTP.INFO: test [] []
[2020-06-08 18:15:28] generateOTP.INFO: test [] []
[2020-06-08 18:15:46] generateOTP.INFO: test [] []
[2020-06-08 18:15:47] generateOTP.INFO: test [] []
[2020-06-08 18:15:52] generateOTP.INFO: test [] []
[2020-06-08 18:15:57] generateOTP.INFO: test [] []
[2020-06-08 18:15:59] generateOTP.INFO: test [] []
[2020-06-08 18:16:07] generateOTP.INFO: test [] []
[2020-06-08 18:16:13] generateOTP.INFO: test [] []
[2020-06-08 18:16:17] generateOTP.INFO: test [] []
[2020-06-08 18:16:24] generateOTP.INFO: test [] []
[2020-06-08 18:16:47] generateOTP.INFO: test [] []
[2020-06-08 18:16:53] generateOTP.INFO: test [] []
[2020-06-08 18:17:05] generateOTP.INFO: {"edit":"0","policy_no":"415","subtype_text":"1","sum_insure":"500000","familyConstruct":"1A","businessType":"New","family_members_id":"0","family_gender":"Male","first_name":"bhusas","last_name":"bist","family_date_birth":"12-06-2008","age":"12","age_type":"years","sub_type_check":["1"],"43":"No","46":"No","myGHD":{"A":{"format":"A_No"},"B":{"remark":""},"C1":{"format":"C1_No"},"C2":{"format":"C2_No"},"D1":{"remark":""},"D2":{"remark":""},"D3":{"remark":""},"D4":{"remark":""},"E":{"remark":""}},"family_id":"","s_date":"","marriage_date":"","premium":"7605","policyNo":"415","familyDataType":"family_construct","declare":"[{\"question\":\"43\",\"format\":\"No\"},{\"question\":\"46\",\"format\":\"No\"}]"} [] []
[2020-06-08 18:17:09] generateOTP.INFO: test [] []
[2020-06-08 18:17:12] generateOTP.INFO: test [] []
[2020-06-08 18:17:20] generateOTP.INFO: {"edit":"0","policy_no":"415","subtype_text":"1","sum_insure":"500000","familyConstruct":"1A","businessType":"New","family_members_id":"0","family_gender":"Male","first_name":"bhusas","last_name":"bist","family_date_birth":"23-06-1998","age":"22","age_type":"years","sub_type_check":["1"],"43":"No","46":"No","myGHD":{"A":{"format":"A_No"},"B":{"remark":""},"C1":{"format":"C1_No"},"C2":{"format":"C2_No"},"D1":{"remark":""},"D2":{"remark":""},"D3":{"remark":""},"D4":{"remark":""},"E":{"remark":""}},"family_id":"","s_date":"","marriage_date":"","premium":"7605","policyNo":"415","familyDataType":"family_construct","declare":"[{\"question\":\"43\",\"format\":\"No\"},{\"question\":\"46\",\"format\":\"No\"}]"} [] []
[2020-06-08 18:21:53] generateOTP.INFO: test [] []
[2020-06-08 18:22:12] generateOTP.INFO: test [] []
[2020-06-08 18:22:16] generateOTP.INFO: test [] []
[2020-06-08 18:22:46] generateOTP.INFO: test [] []
[2020-06-08 18:22:49] generateOTP.INFO: test [] []
[2020-06-08 18:22:50] generateOTP.INFO: test [] []
[2020-06-08 18:22:50] generateOTP.INFO: test [] []
[2020-06-08 18:22:54] generateOTP.INFO: test [] []
[2020-06-08 18:25:26] generateOTP.INFO: test [] []
[2020-06-08 18:33:54] generateOTP.INFO: test [] []
[2020-06-08 18:33:56] generateOTP.INFO: test [] []
[2020-06-08 18:34:18] generateOTP.INFO: test [] []
[2020-06-08 18:37:10] generateOTP.INFO: test [] []
[2020-06-08 18:58:14] generateOTP.INFO: test [] []
[2020-06-08 18:58:19] generateOTP.INFO: test [] []
[2020-06-08 19:06:07] generateOTP.INFO: test [] []
[2020-06-08 19:06:08] generateOTP.INFO: test [] []
[2020-06-08 19:06:15] generateOTP.INFO: test [] []
[2020-06-08 19:50:09] generateOTP.INFO: test [] []
[2020-06-08 19:57:49] generateOTP.INFO: test [] []
[2020-06-08 19:57:49] generateOTP.INFO: test [] []
[2020-06-08 19:57:54] generateOTP.INFO: test [] []
[2020-06-08 19:58:02] generateOTP.INFO: test [] []
[2020-06-08 19:59:14] generateOTP.INFO: test [] []
[2020-06-08 19:59:14] generateOTP.INFO: test [] []
[2020-06-08 19:59:21] generateOTP.INFO: test [] []
[2020-06-08 20:03:41] generateOTP.INFO: test [] []
[2020-06-08 20:04:23] generateOTP.INFO: test [] []
[2020-06-08 20:04:47] generateOTP.INFO: {"edit":"0","policy_no":"415","subtype_text":"1","sum_insure":"500000","familyConstruct":"1A","businessType":"New","family_members_id":"0","family_gender":"Female","first_name":"hkhjk","last_name":"dfgbtf","family_date_birth":"01-06-2006","age":"14","age_type":"years","myGHD":{"B":{"remark":""},"D1":{"remark":""},"D2":{"remark":""},"D3":{"remark":""},"D4":{"remark":""},"E":{"remark":""}},"family_id":"","s_date":"","marriage_date":"","premium":"7605","policyNo":"415","familyDataType":"family_construct","declare":"[]"} [] []
[2020-06-08 20:05:18] generateOTP.INFO: {"edit":"0","policy_no":"415","subtype_text":"1","sum_insure":"500000","familyConstruct":"1A","businessType":"New","family_members_id":"0","family_gender":"Female","first_name":"hkhjk","last_name":"dfgbtf","family_date_birth":"01-06-1990","age":"30","age_type":"years","myGHD":{"B":{"remark":""},"D1":{"remark":""},"D2":{"remark":""},"D3":{"remark":""},"D4":{"remark":""},"E":{"remark":""}},"family_id":"","s_date":"","marriage_date":"","premium":"7605","policyNo":"415","familyDataType":"family_construct","declare":"[]"} [] []
[2020-06-08 20:06:48] generateOTP.INFO: test [] []
[2020-06-08 20:06:49] generateOTP.INFO: test [] []
[2020-06-08 20:06:54] generateOTP.INFO: test [] []
[2020-06-08 20:08:17] generateOTP.INFO: test [] []
[2020-06-08 20:08:35] generateOTP.INFO: test [] []
[2020-06-08 20:08:40] generateOTP.INFO: test [] []
[2020-06-08 20:09:54] generateOTP.INFO: {"edit":"0","policy_no":"415","subtype_text":"1","sum_insure":"500000","familyConstruct":"1A","businessType":"New","family_members_id":"0","family_gender":"Female","first_name":"hkhjk","last_name":"dfgbtf","family_date_birth":"15-06-1988","age":"32","age_type":"years","myGHD":{"B":{"remark":""},"D1":{"remark":""},"D2":{"remark":""},"D3":{"remark":""},"D4":{"remark":""},"E":{"remark":""}},"family_id":"","s_date":"","marriage_date":"","premium":"7605","policyNo":"415","familyDataType":"family_construct","declare":"[]"} [] []
[2020-06-08 20:10:57] generateOTP.INFO: test [] []
[2020-06-08 20:10:58] generateOTP.INFO: test [] []
[2020-06-08 20:11:07] generateOTP.INFO: test [] []
[2020-06-08 20:11:21] generateOTP.INFO: test [] []
[2020-06-08 20:11:59] generateOTP.INFO: {"edit":"0","policy_no":"415","subtype_text":"1","sum_insure":"500000","familyConstruct":"1A","businessType":"New","family_members_id":"0","family_gender":"Male","first_name":"testn","last_name":"testn","family_date_birth":"01-06-1985","age":"35","age_type":"years","myGHD":{"B":{"remark":""},"D1":{"remark":""},"D2":{"remark":""},"D3":{"remark":""},"D4":{"remark":""},"E":{"remark":""}},"family_id":"","s_date":"","marriage_date":"","premium":"7605","policyNo":"415","familyDataType":"family_construct","declare":"[]"} [] []
[2020-06-08 20:12:46] generateOTP.INFO: test [] []
[2020-06-08 20:12:49] generateOTP.INFO: test [] []
[2020-06-08 20:12:53] generateOTP.INFO: test [] []
[2020-06-08 20:14:23] generateOTP.INFO: test [] []
[2020-06-08 20:14:31] generateOTP.INFO: test [] []
[2020-06-08 20:16:23] generateOTP.INFO: test [] []
[2020-06-08 20:16:42] generateOTP.INFO: test [] []
[2020-06-08 20:17:08] generateOTP.INFO: test [] []
[2020-06-08 20:27:49] generateOTP.INFO: test [] []
[2020-06-08 20:27:49] generateOTP.INFO: test [] []
[2020-06-08 20:27:50] generateOTP.INFO: test [] []
[2020-06-08 20:27:51] generateOTP.INFO: test [] []
[2020-06-08 20:27:51] generateOTP.INFO: test [] []
[2020-06-08 20:28:00] generateOTP.INFO: test [] []
[2020-06-08 20:28:05] generateOTP.INFO: test [] []
[2020-06-08 20:28:36] generateOTP.INFO: test [] []
[2020-06-08 20:28:42] generateOTP.INFO: test [] []
[2020-06-08 20:29:32] generateOTP.INFO: {"edit":"0","policy_no":"415","subtype_text":"1","sum_insure":"1000000","familyConstruct":"1A","businessType":"New","family_members_id":"0","family_gender":"Male","first_name":"dfdsfsdf","last_name":"sdfsdf","family_date_birth":"03-06-1999","age":"21","age_type":"years","sub_type_check":["1"],"43":"No","46":"No","myGHD":{"A":{"format":"A_No"},"B":{"remark":""},"C1":{"format":"C1_No"},"C2":{"format":"C2_No"},"D1":{"remark":""},"D2":{"remark":""},"D3":{"remark":""},"D4":{"remark":""},"E":{"remark":""}},"family_id":"","s_date":"","marriage_date":"","premium":"9867","policyNo":"415","familyDataType":"family_construct","declare":"[{\"question\":\"43\",\"format\":\"No\"},{\"question\":\"46\",\"format\":\"No\"}]"} [] []
[2020-06-08 20:43:35] generateOTP.INFO: test [] []
[2020-06-08 20:43:36] generateOTP.INFO: test [] []
[2020-06-08 20:43:37] generateOTP.INFO: test [] []
[2020-06-08 20:44:13] generateOTP.INFO: test [] []
[2020-06-08 20:44:26] generateOTP.INFO: test [] []
[2020-06-08 20:44:26] generateOTP.INFO: test [] []
[2020-06-08 20:44:26] generateOTP.INFO: test [] []
[2020-06-08 20:44:27] generateOTP.INFO: test [] []
[2020-06-08 20:44:50] generateOTP.INFO: test [] []
[2020-06-08 20:45:03] generateOTP.INFO: test [] []
[2020-06-08 20:45:07] generateOTP.INFO: test [] []
[2020-06-08 20:45:09] generateOTP.INFO: test [] []
[2020-06-08 20:45:34] generateOTP.INFO: test [] []
[2020-06-08 20:45:34] generateOTP.INFO: test [] []
[2020-06-08 20:46:21] generateOTP.INFO: test [] []
[2020-06-08 20:46:25] generateOTP.INFO: {"edit":"0","policy_no":"415","subtype_text":"1","sum_insure":"500000","familyConstruct":"1A","businessType":"New","family_members_id":"0","family_gender":"Female","first_name":"fdsfdsf","last_name":"sdfsdfd","family_date_birth":"07-06-1996","age":"24","age_type":"years","sub_type_check":["1"],"43":"No","46":"No","myGHD":{"A":{"format":"A_No"},"B":{"remark":""},"C1":{"format":"C1_No"},"C2":{"format":"C2_No"},"D1":{"remark":""},"D2":{"remark":""},"D3":{"remark":""},"D4":{"remark":""},"E":{"remark":""}},"family_id":"","s_date":"","marriage_date":"","premium":"7605","policyNo":"415","familyDataType":"family_construct","declare":"[{\"question\":\"43\",\"format\":\"No\"},{\"question\":\"46\",\"format\":\"No\"}]"} [] []
[2020-06-08 20:46:31] generateOTP.INFO: test [] []
[2020-06-08 20:46:32] generateOTP.INFO: test [] []
[2020-06-08 20:46:43] generateOTP.INFO: test [] []
[2020-06-08 20:46:55] generateOTP.INFO: test [] []
[2020-06-08 20:46:56] generateOTP.INFO: test [] []
[2020-06-08 20:47:11] generateOTP.INFO: test [] []
[2020-06-08 20:47:11] generateOTP.INFO: test [] []
[2020-06-08 20:47:12] generateOTP.INFO: test [] []
[2020-06-08 20:47:28] generateOTP.INFO: test [] []
[2020-06-08 20:47:31] generateOTP.INFO: test [] []
[2020-06-08 20:47:35] generateOTP.INFO: test [] []
[2020-06-08 20:47:36] generateOTP.INFO: test [] []
[2020-06-08 20:47:43] generateOTP.INFO: test [] []
[2020-06-08 20:47:43] generateOTP.INFO: test [] []
[2020-06-08 20:47:57] generateOTP.INFO: test [] []
[2020-06-08 20:47:58] generateOTP.INFO: test [] []
[2020-06-08 20:48:12] generateOTP.INFO: test [] []
[2020-06-08 20:48:32] generateOTP.INFO: test [] []
[2020-06-08 20:48:47] generateOTP.INFO: test [] []
[2020-06-08 20:48:47] generateOTP.INFO: test [] []
[2020-06-08 20:48:52] generateOTP.INFO: test [] []
[2020-06-08 20:48:59] generateOTP.INFO: test [] []
[2020-06-08 20:50:26] generateOTP.INFO: test [] []
[2020-06-08 20:51:34] generateOTP.INFO: test [] []
[2020-06-08 20:52:53] generateOTP.INFO: test [] []
[2020-06-08 20:52:57] generateOTP.INFO: test [] []
[2020-06-08 20:53:04] generateOTP.INFO: test [] []
[2020-06-08 20:53:12] generateOTP.INFO: test [] []
[2020-06-08 20:58:14] generateOTP.INFO: test [] []
[2020-06-08 20:58:15] generateOTP.INFO: test [] []
[2020-06-08 20:58:15] generateOTP.INFO: test [] []
[2020-06-08 20:58:16] generateOTP.INFO: test [] []
[2020-06-08 20:58:17] generateOTP.INFO: test [] []
[2020-06-08 20:58:17] generateOTP.INFO: test [] []
[2020-06-08 20:58:22] generateOTP.INFO: test [] []
[2020-06-08 20:58:25] generateOTP.INFO: test [] []
[2020-06-08 20:58:27] generateOTP.INFO: test [] []
[2020-06-08 21:03:23] generateOTP.INFO: test [] []
[2020-06-08 21:03:56] generateOTP.INFO: test [] []
[2020-06-08 21:03:58] generateOTP.INFO: test [] []
[2020-06-08 21:04:00] generateOTP.INFO: test [] []
