[2020-09-08 00:01:23] generateOTP.INFO: test [] []
[2020-09-08 00:01:40] generateOTP.INFO: test [] []
[2020-09-08 00:01:52] generateOTP.INFO: test [] []
[2020-09-08 00:02:01] generateOTP.INFO: test [] []
[2020-09-08 00:02:10] generateOTP.INFO: test [] []
[2020-09-08 00:03:53] generateOTP.INFO: test [] []
[2020-09-08 00:04:14] generateOTP.INFO: test [] []
[2020-09-08 00:04:32] generateOTP.INFO: test [] []
[2020-09-08 00:05:04] generateOTP.INFO: test [] []
[2020-09-08 00:06:21] generateOTP.INFO: test [] []
[2020-09-08 00:07:04] generateOTP.INFO: test [] []
[2020-09-08 00:07:14] generateOTP.INFO: test [] []
[2020-09-08 00:08:22] generateOTP.INFO: test [] []
[2020-09-08 00:08:34] generateOTP.INFO: test [] []
[2020-09-08 00:08:56] generateOTP.INFO: test [] []
[2020-09-08 00:08:58] generateOTP.INFO: test [] []
[2020-09-08 10:04:24] generateOTP.INFO: test [] []
[2020-09-08 10:12:59] generateOTP.INFO: test [] []
[2020-09-08 10:21:33] generateOTP.INFO: test [] []
[2020-09-08 10:21:55] generateOTP.INFO: {"salutation":"1","firstname":"test","lastname":"BANKING","dob":"19-12-1988","mob_no":"7010444138","panCard":"XXXXXX456A","email":"jack@gmail.com","ref1":"1","ref2":"1","comAdd":"Om hrad ntalatiof, holOmshre, talathioficeeachol, OmshreeSada9talathi","city":"MUMBAI","state":"MAHARASHTRA","pin_code":"622103","ISNRI":"N","update_emp_id":"623200","edit":"0","policy_no":"460,461","subtype_text":"1","sum_insure":"1000000","anuual_income":"","occupation":"4","familyConstruct":"2A","family_members_id":"0","family_gender":"Male","first_name":"test","last_name":"BANKING","family_date_birth":"19-12-1988","age":"31","age_type":" years","tenure":"1 Year","premiumgci":"0","family_id":"","s_date":"","marriage_date":"","premium":"undefined","policyNo":"460,461","familyDataType":"undefined","empId":"623200","product":"YFsa5f4cb15ead28c","declare":"[]","gender":"Male","gci_options":"Yes"} [] []
[2020-09-08 10:22:24] generateOTP.INFO: {"salutation":"1","firstname":"test","lastname":"BANKING","dob":"19-12-1988","mob_no":"7010444138","panCard":"XXXXXX456A","email":"jack@gmail.com","ref1":"1","ref2":"1","comAdd":"Om hrad ntalatiof, holOmshre, talathioficeeachol, OmshreeSada9talathi","city":"MUMBAI","state":"MAHARASHTRA","pin_code":"622103","ISNRI":"N","update_emp_id":"623200","edit":"0","policy_no":"460,461","subtype_text":"1","sum_insure":"1000000","anuual_income":"","occupation":"4","familyConstruct":"2A","family_members_id":"1","family_gender":"Female","first_name":"sggg","last_name":"ghhh","family_date_birth":"13-09-1990","age":"29","age_type":" years","tenure":"1 Year","premiumgci":"4100","family_id":"","s_date":"","marriage_date":"","premium":"undefined","policyNo":"460,461","familyDataType":"undefined","empId":"623200","product":"YFsa5f4cb15ead28c","declare":"[]","gender":"Male","gci_options":"Yes"} [] []
[2020-09-08 10:29:03] generateOTP.INFO: test [] []
[2020-09-08 10:29:04] generateOTP.INFO: test [] []
[2020-09-08 10:29:13] generateOTP.INFO: test [] []
[2020-09-08 10:29:52] generateOTP.INFO: test [] []
[2020-09-08 10:29:54] generateOTP.INFO: test [] []
[2020-09-08 10:30:32] generateOTP.INFO: test [] []
[2020-09-08 10:30:34] generateOTP.INFO: test [] []
[2020-09-08 10:30:35] generateOTP.INFO: test [] []
[2020-09-08 10:30:48] generateOTP.INFO: test [] []
[2020-09-08 10:39:38] generateOTP.INFO: test [] []
[2020-09-08 10:39:49] generateOTP.INFO: test [] []
[2020-09-08 10:40:35] generateOTP.INFO: test [] []
[2020-09-08 10:42:03] generateOTP.INFO: test [] []
[2020-09-08 10:42:30] generateOTP.INFO: test [] []
[2020-09-08 10:43:22] generateOTP.INFO: test [] []
[2020-09-08 10:44:37] generateOTP.INFO: test [] []
[2020-09-08 10:44:37] generateOTP.INFO: test [] []
[2020-09-08 10:50:24] generateOTP.INFO: test [] []
[2020-09-08 10:56:17] generateOTP.INFO: test [] []
[2020-09-08 10:57:03] generateOTP.INFO: test [] []
[2020-09-08 10:57:10] generateOTP.INFO: test [] []
[2020-09-08 10:57:23] generateOTP.INFO: test [] []
[2020-09-08 11:00:52] generateOTP.INFO: test [] []
[2020-09-08 11:00:54] generateOTP.INFO: test [] []
[2020-09-08 11:00:55] generateOTP.INFO: test [] []
[2020-09-08 11:01:06] generateOTP.INFO: test [] []
[2020-09-08 11:01:09] generateOTP.INFO: test [] []
[2020-09-08 11:20:23] generateOTP.INFO: test [] []
[2020-09-08 11:20:28] generateOTP.INFO: test [] []
[2020-09-08 11:20:38] generateOTP.INFO: test [] []
[2020-09-08 11:20:38] generateOTP.INFO: test [] []
[2020-09-08 11:20:39] generateOTP.INFO: test [] []
[2020-09-08 11:20:49] generateOTP.INFO: test [] []
[2020-09-08 11:21:10] generateOTP.INFO: test [] []
[2020-09-08 11:21:12] generateOTP.INFO: test [] []
[2020-09-08 11:21:22] generateOTP.INFO: test [] []
[2020-09-08 11:21:23] generateOTP.INFO: test [] []
[2020-09-08 11:21:24] generateOTP.INFO: test [] []
[2020-09-08 11:21:40] generateOTP.INFO: test [] []
[2020-09-08 11:21:45] generateOTP.INFO: test [] []
[2020-09-08 11:21:49] generateOTP.INFO: test [] []
[2020-09-08 11:22:06] generateOTP.INFO: test [] []
[2020-09-08 11:22:10] generateOTP.INFO: test [] []
[2020-09-08 11:22:12] generateOTP.INFO: test [] []
[2020-09-08 11:22:33] generateOTP.INFO: test [] []
[2020-09-08 11:22:37] generateOTP.INFO: test [] []
[2020-09-08 11:33:59] generateOTP.INFO: test [] []
[2020-09-08 11:34:14] generateOTP.INFO: test [] []
[2020-09-08 11:36:31] generateOTP.INFO: test [] []
[2020-09-08 11:36:38] generateOTP.INFO: test [] []
[2020-09-08 11:37:50] generateOTP.INFO: test [] []
[2020-09-08 11:37:53] generateOTP.INFO: test [] []
[2020-09-08 11:38:00] generateOTP.INFO: test [] []
[2020-09-08 11:38:07] generateOTP.INFO: test [] []
[2020-09-08 11:38:10] generateOTP.INFO: test [] []
[2020-09-08 11:38:11] generateOTP.INFO: test [] []
[2020-09-08 11:38:19] generateOTP.INFO: test [] []
[2020-09-08 11:43:53] generateOTP.INFO: test [] []
[2020-09-08 11:43:57] generateOTP.INFO: test [] []
[2020-09-08 11:44:49] generateOTP.INFO: test [] []
[2020-09-08 11:44:51] generateOTP.INFO: test [] []
[2020-09-08 11:45:54] generateOTP.INFO: test [] []
[2020-09-08 11:46:24] generateOTP.INFO: test [] []
[2020-09-08 11:46:38] generateOTP.INFO: test [] []
[2020-09-08 11:47:15] generateOTP.INFO: test [] []
[2020-09-08 11:50:56] generateOTP.INFO: test [] []
[2020-09-08 11:55:01] generateOTP.INFO: test [] []
[2020-09-08 11:57:00] generateOTP.INFO: test [] []
[2020-09-08 11:59:51] generateOTP.INFO: test [] []
[2020-09-08 11:59:57] generateOTP.INFO: test [] []
[2020-09-08 12:03:37] generateOTP.INFO: test [] []
[2020-09-08 12:06:58] generateOTP.INFO: test [] []
[2020-09-08 12:07:43] generateOTP.INFO: test [] []
[2020-09-08 12:08:33] generateOTP.INFO: test [] []
[2020-09-08 12:08:34] generateOTP.INFO: test [] []
[2020-09-08 12:08:56] generateOTP.INFO: test [] []
[2020-09-08 12:09:24] generateOTP.INFO: test [] []
[2020-09-08 12:09:25] generateOTP.INFO: test [] []
[2020-09-08 12:09:57] generateOTP.INFO: test [] []
[2020-09-08 12:15:14] generateOTP.INFO: test [] []
[2020-09-08 12:15:15] generateOTP.INFO: test [] []
[2020-09-08 12:15:22] generateOTP.INFO: test [] []
[2020-09-08 12:16:10] generateOTP.INFO: test [] []
[2020-09-08 12:16:11] generateOTP.INFO: test [] []
[2020-09-08 12:17:05] generateOTP.INFO: test [] []
[2020-09-08 12:17:45] generateOTP.INFO: test [] []
[2020-09-08 12:17:46] generateOTP.INFO: test [] []
[2020-09-08 12:19:07] generateOTP.INFO: test [] []
[2020-09-08 12:19:08] generateOTP.INFO: test [] []
[2020-09-08 12:19:19] generateOTP.INFO: test [] []
[2020-09-08 12:19:56] generateOTP.INFO: test [] []
[2020-09-08 12:19:57] generateOTP.INFO: test [] []
[2020-09-08 12:20:11] generateOTP.INFO: test [] []
[2020-09-08 12:20:16] generateOTP.INFO: test [] []
[2020-09-08 12:20:46] generateOTP.INFO: test [] []
[2020-09-08 12:21:24] generateOTP.INFO: test [] []
[2020-09-08 12:21:26] generateOTP.INFO: test [] []
[2020-09-08 12:21:35] generateOTP.INFO: test [] []
[2020-09-08 12:21:52] generateOTP.INFO: test [] []
[2020-09-08 12:22:40] generateOTP.INFO: test [] []
[2020-09-08 12:22:41] generateOTP.INFO: test [] []
[2020-09-08 12:22:42] generateOTP.INFO: test [] []
[2020-09-08 12:22:43] generateOTP.INFO: test [] []
[2020-09-08 12:22:44] generateOTP.INFO: test [] []
[2020-09-08 12:22:45] generateOTP.INFO: test [] []
[2020-09-08 12:22:46] generateOTP.INFO: test [] []
[2020-09-08 12:22:47] generateOTP.INFO: test [] []
[2020-09-08 12:24:10] generateOTP.INFO: test [] []
[2020-09-08 12:24:10] generateOTP.INFO: test [] []
[2020-09-08 12:24:15] generateOTP.INFO: test [] []
[2020-09-08 12:24:34] generateOTP.INFO: test [] []
[2020-09-08 12:25:00] generateOTP.INFO: test [] []
[2020-09-08 12:25:40] generateOTP.INFO: test [] []
[2020-09-08 12:25:41] generateOTP.INFO: test [] []
[2020-09-08 12:26:37] generateOTP.INFO: test [] []
[2020-09-08 12:27:03] generateOTP.INFO: test [] []
[2020-09-08 12:27:04] generateOTP.INFO: test [] []
[2020-09-08 12:27:07] generateOTP.INFO: test [] []
[2020-09-08 12:27:21] generateOTP.INFO: test [] []
[2020-09-08 12:27:27] generateOTP.INFO: test [] []
[2020-09-08 12:27:41] generateOTP.INFO: test [] []
[2020-09-08 12:27:42] generateOTP.INFO: test [] []
[2020-09-08 12:28:05] generateOTP.INFO: test [] []
[2020-09-08 12:28:06] generateOTP.INFO: test [] []
[2020-09-08 12:28:07] generateOTP.INFO: test [] []
[2020-09-08 12:28:29] generateOTP.INFO: test [] []
[2020-09-08 12:28:31] generateOTP.INFO: test [] []
[2020-09-08 12:28:32] generateOTP.INFO: test [] []
[2020-09-08 12:28:33] generateOTP.INFO: test [] []
[2020-09-08 12:31:13] generateOTP.INFO: test [] []
[2020-09-08 12:31:21] generateOTP.INFO: test [] []
[2020-09-08 12:32:23] generateOTP.INFO: test [] []
[2020-09-08 12:32:24] generateOTP.INFO: test [] []
[2020-09-08 12:33:25] generateOTP.INFO: test [] []
[2020-09-08 12:34:08] generateOTP.INFO: test [] []
[2020-09-08 12:35:22] generateOTP.INFO: test [] []
[2020-09-08 12:35:58] generateOTP.INFO: test [] []
[2020-09-08 12:36:38] generateOTP.INFO: test [] []
[2020-09-08 12:37:18] generateOTP.INFO: test [] []
[2020-09-08 12:37:32] generateOTP.INFO: test [] []
[2020-09-08 12:38:05] generateOTP.INFO: test [] []
[2020-09-08 12:38:30] generateOTP.INFO: test [] []
[2020-09-08 12:38:45] generateOTP.INFO: test [] []
[2020-09-08 12:39:11] generateOTP.INFO: test [] []
[2020-09-08 12:39:15] generateOTP.INFO: test [] []
[2020-09-08 12:39:36] generateOTP.INFO: test [] []
[2020-09-08 12:40:02] generateOTP.INFO: test [] []
[2020-09-08 12:40:02] generateOTP.INFO: test [] []
[2020-09-08 12:40:11] generateOTP.INFO: test [] []
[2020-09-08 12:41:02] generateOTP.INFO: test [] []
[2020-09-08 12:41:26] generateOTP.INFO: test [] []
[2020-09-08 12:41:53] generateOTP.INFO: test [] []
[2020-09-08 12:42:31] generateOTP.INFO: test [] []
[2020-09-08 12:43:15] generateOTP.INFO: test [] []
[2020-09-08 12:43:18] generateOTP.INFO: test [] []
[2020-09-08 12:44:02] generateOTP.INFO: test [] []
[2020-09-08 12:44:03] generateOTP.INFO: test [] []
[2020-09-08 12:44:49] generateOTP.INFO: test [] []
[2020-09-08 12:44:58] generateOTP.INFO: test [] []
[2020-09-08 12:46:04] generateOTP.INFO: test [] []
[2020-09-08 12:46:14] generateOTP.INFO: test [] []
[2020-09-08 12:46:25] generateOTP.INFO: test [] []
[2020-09-08 12:46:27] generateOTP.INFO: test [] []
[2020-09-08 12:47:52] generateOTP.INFO: test [] []
[2020-09-08 12:48:07] generateOTP.INFO: test [] []
[2020-09-08 12:48:15] generateOTP.INFO: test [] []
[2020-09-08 12:49:06] generateOTP.INFO: test [] []
[2020-09-08 12:49:07] generateOTP.INFO: test [] []
[2020-09-08 12:49:08] generateOTP.INFO: test [] []
[2020-09-08 12:49:16] generateOTP.INFO: test [] []
[2020-09-08 12:50:10] generateOTP.INFO: test [] []
[2020-09-08 12:50:16] generateOTP.INFO: test [] []
[2020-09-08 12:50:17] generateOTP.INFO: test [] []
[2020-09-08 12:50:54] generateOTP.INFO: test [] []
[2020-09-08 12:50:58] generateOTP.INFO: test [] []
[2020-09-08 12:51:06] generateOTP.INFO: test [] []
[2020-09-08 12:52:21] generateOTP.INFO: test [] []
[2020-09-08 12:52:59] generateOTP.INFO: test [] []
[2020-09-08 12:53:04] generateOTP.INFO: test [] []
[2020-09-08 12:53:34] generateOTP.INFO: test [] []
[2020-09-08 12:54:03] generateOTP.INFO: test [] []
[2020-09-08 12:54:05] generateOTP.INFO: test [] []
[2020-09-08 12:54:16] generateOTP.INFO: test [] []
[2020-09-08 12:55:35] generateOTP.INFO: test [] []
[2020-09-08 12:56:53] generateOTP.INFO: test [] []
[2020-09-08 12:57:11] generateOTP.INFO: test [] []
[2020-09-08 12:57:11] generateOTP.INFO: test [] []
[2020-09-08 12:57:12] generateOTP.INFO: test [] []
[2020-09-08 12:57:12] generateOTP.INFO: test [] []
[2020-09-08 12:57:12] generateOTP.INFO: test [] []
[2020-09-08 12:57:12] generateOTP.INFO: test [] []
[2020-09-08 12:57:13] generateOTP.INFO: test [] []
[2020-09-08 12:58:48] generateOTP.INFO: test [] []
[2020-09-08 12:59:17] generateOTP.INFO: test [] []
[2020-09-08 13:02:15] generateOTP.INFO: test [] []
[2020-09-08 13:03:14] generateOTP.INFO: test [] []
[2020-09-08 13:03:15] generateOTP.INFO: test [] []
[2020-09-08 13:03:32] generateOTP.INFO: test [] []
[2020-09-08 13:03:39] generateOTP.INFO: test [] []
[2020-09-08 13:03:49] generateOTP.INFO: test [] []
[2020-09-08 13:04:09] generateOTP.INFO: test [] []
[2020-09-08 13:04:22] generateOTP.INFO: test [] []
[2020-09-08 13:04:24] generateOTP.INFO: test [] []
[2020-09-08 13:04:31] generateOTP.INFO: test [] []
[2020-09-08 13:05:36] generateOTP.INFO: test [] []
[2020-09-08 13:05:38] generateOTP.INFO: test [] []
[2020-09-08 13:07:00] generateOTP.INFO: test [] []
[2020-09-08 13:07:01] generateOTP.INFO: test [] []
[2020-09-08 13:09:23] generateOTP.INFO: test [] []
[2020-09-08 13:09:35] generateOTP.INFO: test [] []
[2020-09-08 13:09:52] generateOTP.INFO: test [] []
[2020-09-08 13:10:10] generateOTP.INFO: test [] []
[2020-09-08 13:11:09] generateOTP.INFO: test [] []
[2020-09-08 13:11:37] generateOTP.INFO: test [] []
[2020-09-08 13:13:08] generateOTP.INFO: test [] []
[2020-09-08 13:18:35] generateOTP.INFO: test [] []
[2020-09-08 13:19:10] generateOTP.INFO: test [] []
[2020-09-08 13:19:59] generateOTP.INFO: test [] []
[2020-09-08 13:21:54] generateOTP.INFO: test [] []
[2020-09-08 13:29:10] generateOTP.INFO: test [] []
[2020-09-08 13:32:15] generateOTP.INFO: test [] []
[2020-09-08 13:32:16] generateOTP.INFO: test [] []
[2020-09-08 13:46:24] generateOTP.INFO: test [] []
[2020-09-08 13:47:04] generateOTP.INFO: test [] []
[2020-09-08 13:50:54] generateOTP.INFO: test [] []
[2020-09-08 14:47:45] generateOTP.INFO: test [] []
[2020-09-08 14:56:27] generateOTP.INFO: test [] []
[2020-09-08 15:01:18] generateOTP.INFO: test [] []
[2020-09-08 15:03:18] generateOTP.INFO: {"salutation":"2","firstname":"Swati","lastname":"Shinde","dob":"19-12-1991","mob_no":"7010444138","panCard":"XXXXXX456A","email":"jack@gmail.com","ref1":"1","ref2":"1","comAdd":"Om hrad ntalatiof, holOmshre, talathioficeeachol, OmshreeSada9talathi","city":"Illuppur","state":"TAMIL NADU","pin_code":"622103","ISNRI":"N","update_emp_id":"623213","edit":"0","policy_no":"460,461","subtype_text":"1","sum_insure":"1000000","anuual_income":"","occupation":"14","familyConstruct":"2A","family_members_id":"0","family_gender":"Female","first_name":"Swati","last_name":"Shinde","family_date_birth":"19-12-1991","age":"28","age_type":" years","tenure":"1 Year","premiumgci":"0","family_id":"","s_date":"","marriage_date":"","premium":"undefined","policyNo":"460,461","familyDataType":"undefined","empId":"623213","product":"YFsa5f4cb15ead28c","declare":"[]","gender":"Female","gci_options":"Yes"} [] []
[2020-09-08 15:03:42] generateOTP.INFO: {"salutation":"2","firstname":"Swati","lastname":"Shinde","dob":"19-12-1991","mob_no":"7010444138","panCard":"XXXXXX456A","email":"jack@gmail.com","ref1":"1","ref2":"1","comAdd":"Om hrad ntalatiof, holOmshre, talathioficeeachol, OmshreeSada9talathi","city":"Illuppur","state":"TAMIL NADU","pin_code":"622103","ISNRI":"N","update_emp_id":"623213","edit":"0","policy_no":"460,461","subtype_text":"1","sum_insure":"1000000","anuual_income":"","occupation":"14","familyConstruct":"2A","family_members_id":"1","family_gender":"Male","first_name":"sg","last_name":"sh","family_date_birth":"10-09-1990","age":"29","age_type":" years","tenure":"1 Year","premiumgci":"4100","family_id":"","s_date":"","marriage_date":"","premium":"undefined","policyNo":"460,461","familyDataType":"undefined","empId":"623213","product":"YFsa5f4cb15ead28c","declare":"[]","gender":"Female","gci_options":"Yes"} [] []
[2020-09-08 15:07:49] documentsSave.INFO: {"ops_type":"[\"0\",\"Y\"]","ids":"802,803"} [] []
[2020-09-08 15:07:49] documentsSaveFiles.INFO: [{"name":"Full Forms.jpeg","type":"image\/jpeg","tmp_name":"\/tmp\/phpbq9uHH","error":0,"size":128214},{"name":"Full Forms.jpeg","type":"image\/jpeg","tmp_name":"\/tmp\/phpjUZFUV","error":0,"size":128214}] [] []
[2020-09-08 15:10:52] generateOTP.INFO: test [] []
[2020-09-08 15:12:04] generateOTP.INFO: test [] []
[2020-09-08 15:19:03] full_quote_request1.INFO: {"ClientCreation":{"Member_Customer_ID":"2644GPA1","salutation":"Mrs","firstName":"Swati","middleName":"","lastName":"Shinde","dateofBirth":"12\/19\/1991","gender":"F","educationalQualification":null,"pinCode":"622103","uidNo":"5478-2589-3688","maritalStatus":null,"nationality":"Indian","occupation":"O553","primaryEmailID":"jack@gmail.com","contactMobileNo":"7010444138","stdLandlineNo":null,"panNo":null,"passportNumber":null,"contactPerson":null,"annualIncome":null,"remarks":null,"startDate":"2020-09-08","endDate":null,"IdProof":"Adhaar Card","residenceProof":null,"ageProof":null,"others":null,"homeAddressLine1":"Om hrad ntalatiof, holOmshre, talathioficeeachol, OmshreeSada9talathi","homeAddressLine2":null,"homeAddressLine3":null,"homePinCode":"622103","homeArea":null,"homeContactMobileNo":null,"homeContactMobileNo2":null,"homeSTDLandlineNo":null,"homeFaxNo":null,"sameAsHomeAddress":"1","mailingAddressLine1":null,"mailingAddressLine2":null,"mailingAddressLine3":null,"mailingPinCode":null,"mailingArea":null,"mailingContactMobileNo":null,"mailingContactMobileNo2":null,"mailingSTDLandlineNo":null,"mailingSTDLandlineNo2":null,"mailingFaxNo":null,"bankAccountType":null,"bankAccountNo":null,"ifscCode":null,"GSTIN":null,"GSTRegistrationStatus":"Consumers","IsEIAavailable":"0","ApplyEIA":"0","EIAAccountNo":null,"EIAWith":"0","AccountType":null,"AddressProof":null,"DOBProof":null,"IdentityProof":null},"PolicyCreationRequest":{"Quotation_Number":"","MasterPolicyNumber":"62-20-00015-00-00","GroupID":"GRP002","Product_Code":"4112","intermediaryCode":"2104355","AutoRenewal":"Y","intermediaryBranchCode":"10MHMUM01","agentSignatureDate":null,"Customer_Signature_Date":null,"businessSourceChannel":null,"AssignPolicy":"0","AssigneeName":null,"leadID":"2225","Source_Name":"AXIS_GFB","SPID":"1","TCN":null,"CRTNO":null,"RefCode1":"1","RefCode2":"1304","Employee_Number":"623213","enumIsEmployeeDiscount":null,"QuoteDate":null,"IsPayment":"0","PaymentMode":null,"PolicyproductComponents":{"PlanCode":"4112","SumInsured":"1000000","SchemeCode":"4112000003"}},"MemObj":{"Member":[{"MemberNo":1,"Salutation":"Mrs","First_Name":"Swati","Middle_Name":null,"Last_Name":"Shinde","Gender":"F","DateOfBirth":"12\/19\/1991","Relation_Code":"R001","Marital_Status":null,"height":"0.00","weight":"0","occupation":"O553","PrimaryMember":"Y","MemberproductComponents":{"PlanCode":"4112","MemberQuestionDetails":[{"QuestionCode":null,"Answer":null,"Remarks":null}]},"MemberPED":[{"PEDCode":null,"Remarks":null}],"exactDiagnosis":null,"dateOfDiagnosis":null,"lastDateConsultation":null,"detailsOfTreatmentGiven":null,"doctorName":null,"hospitalName":null,"phoneNumberHosital":null,"Nominee_First_Name":"sg","Nominee_Last_Name":"sh","Nominee_Contact_Number":"9999999999","Nominee_Home_Address":null,"Nominee_Relationship_Code":"R002"}]},"ReceiptCreation":{"officeLocation":"","modeOfEntry":"","cdAcNo":null,"expiryDate":null,"payerType":"","payerCode":null,"paymentBy":"","paymentByName":null,"paymentByRelationship":null,"collectionAmount":"","collectionRcvdDate":null,"collectionMode":"","remarks":null,"instrumentNumber":null,"instrumentDate":null,"bankName":null,"branchName":null,"bankLocation":null,"micrNo":null,"chequeType":null,"ifscCode":"","PaymentGatewayName":"","TerminalID":"","CardNo":null}} [] []
[2020-09-08 15:19:08] full_quote_reponse1.INFO: "<ns0:GFB_Res xmlns:ns0=\"http:\/\/ABHICL_NBP_QuickQuote_Schemas.GFB_Response\"><errorObj><ErrorNumber>00<\/ErrorNumber><ErrorMessage>Success<\/ErrorMessage><\/errorObj><policyDtls><TransactionReferenceNumber><\/TransactionReferenceNumber><QuotationNumber>IPB100081404<\/QuotationNumber><CertificateNumber><\/CertificateNumber><LetterURL><\/LetterURL><ClientID><\/ClientID><ProductName>Group Activ Secure - Personal Accident<\/ProductName><ProductCode>4112<\/ProductCode><LineOfBusiness>41<\/LineOfBusiness><startDate><\/startDate><EndDate><\/EndDate><PolicyNumber>62-20-00015-00-00<\/PolicyNumber><ProposalNumber><\/ProposalNumber><PolicyStatus>PQ1<\/PolicyStatus><Tenure>1<\/Tenure><stpFlag>0<\/stpFlag><COIUrl>Template not found<\/COIUrl><\/policyDtls><premium><BasePremium>3474.58<\/BasePremium><NetPremium>3474.58<\/NetPremium><GST>625.42<\/GST><GrossPremium>4100.00<\/GrossPremium><\/premium><receiptObj><ReceiptNumber><\/ReceiptNumber><ReceiptAmount><\/ReceiptAmount><ExcessAmount><\/ExcessAmount><\/receiptObj><\/ns0:GFB_Res>" [] []
[2020-09-08 15:19:08] full_quote_request1.INFO: {"ClientCreation":{"Member_Customer_ID":"2644GPA2","salutation":"Mrs","firstName":"Swati","middleName":"","lastName":"Shinde","dateofBirth":"12\/19\/1991","gender":"F","educationalQualification":null,"pinCode":"622103","uidNo":"5478-2589-3688","maritalStatus":null,"nationality":"Indian","occupation":"O553","primaryEmailID":"jack@gmail.com","contactMobileNo":"7010444138","stdLandlineNo":null,"panNo":null,"passportNumber":null,"contactPerson":null,"annualIncome":null,"remarks":null,"startDate":"2020-09-08","endDate":null,"IdProof":"Adhaar Card","residenceProof":null,"ageProof":null,"others":null,"homeAddressLine1":"Om hrad ntalatiof, holOmshre, talathioficeeachol, OmshreeSada9talathi","homeAddressLine2":null,"homeAddressLine3":null,"homePinCode":"622103","homeArea":null,"homeContactMobileNo":null,"homeContactMobileNo2":null,"homeSTDLandlineNo":null,"homeFaxNo":null,"sameAsHomeAddress":"1","mailingAddressLine1":null,"mailingAddressLine2":null,"mailingAddressLine3":null,"mailingPinCode":null,"mailingArea":null,"mailingContactMobileNo":null,"mailingContactMobileNo2":null,"mailingSTDLandlineNo":null,"mailingSTDLandlineNo2":null,"mailingFaxNo":null,"bankAccountType":null,"bankAccountNo":null,"ifscCode":null,"GSTIN":null,"GSTRegistrationStatus":"Consumers","IsEIAavailable":"0","ApplyEIA":"0","EIAAccountNo":null,"EIAWith":"0","AccountType":null,"AddressProof":null,"DOBProof":null,"IdentityProof":null},"PolicyCreationRequest":{"Quotation_Number":"","MasterPolicyNumber":"62-20-00015-00-00","GroupID":"GRP002","Product_Code":"4112","intermediaryCode":"2104355","AutoRenewal":"Y","intermediaryBranchCode":"10MHMUM01","agentSignatureDate":null,"Customer_Signature_Date":null,"businessSourceChannel":null,"AssignPolicy":"0","AssigneeName":null,"leadID":"2225","Source_Name":"AXIS_GFB","SPID":"1","TCN":null,"CRTNO":null,"RefCode1":"1","RefCode2":"1304","Employee_Number":"623213","enumIsEmployeeDiscount":null,"QuoteDate":null,"IsPayment":"0","PaymentMode":null,"PolicyproductComponents":{"PlanCode":"4112","SumInsured":"1000000","SchemeCode":"4112000003"}},"MemObj":{"Member":[{"MemberNo":1,"Salutation":"Mr","First_Name":"sg","Middle_Name":null,"Last_Name":"sh","Gender":"M","DateOfBirth":"09\/10\/1990","Relation_Code":"R002","Marital_Status":null,"height":"0.00","weight":"0","occupation":"O553","PrimaryMember":"Y","MemberproductComponents":{"PlanCode":"4112","MemberQuestionDetails":[{"QuestionCode":null,"Answer":null,"Remarks":null}]},"MemberPED":[{"PEDCode":null,"Remarks":null}],"exactDiagnosis":null,"dateOfDiagnosis":null,"lastDateConsultation":null,"detailsOfTreatmentGiven":null,"doctorName":null,"hospitalName":null,"phoneNumberHosital":null,"Nominee_First_Name":"sg","Nominee_Last_Name":"sh","Nominee_Contact_Number":"9999999999","Nominee_Home_Address":null,"Nominee_Relationship_Code":"R002"}]},"ReceiptCreation":{"officeLocation":"","modeOfEntry":"","cdAcNo":null,"expiryDate":null,"payerType":"","payerCode":null,"paymentBy":"","paymentByName":null,"paymentByRelationship":null,"collectionAmount":"","collectionRcvdDate":null,"collectionMode":"","remarks":null,"instrumentNumber":null,"instrumentDate":null,"bankName":null,"branchName":null,"bankLocation":null,"micrNo":null,"chequeType":null,"ifscCode":"","PaymentGatewayName":"","TerminalID":"","CardNo":null}} [] []
[2020-09-08 15:19:11] full_quote_reponse1.INFO: "<ns0:GFB_Res xmlns:ns0=\"http:\/\/ABHICL_NBP_QuickQuote_Schemas.GFB_Response\"><errorObj><ErrorNumber>54<\/ErrorNumber><ErrorMessage>Please Provide self member in Member Relationship Code<\/ErrorMessage><\/errorObj><policyDtls><TransactionReferenceNumber><\/TransactionReferenceNumber><QuotationNumber><\/QuotationNumber><CertificateNumber><\/CertificateNumber><LetterURL><\/LetterURL><ClientID><\/ClientID><ProductName>Group Activ Secure - Personal Accident<\/ProductName><ProductCode>4112<\/ProductCode><LineOfBusiness>41<\/LineOfBusiness><startDate><\/startDate><EndDate><\/EndDate><PolicyNumber>62-20-00015-00-00<\/PolicyNumber><ProposalNumber><\/ProposalNumber><PolicyStatus>PQ1<\/PolicyStatus><Tenure>1<\/Tenure><stpFlag>0<\/stpFlag><COIUrl>Template not found<\/COIUrl><\/policyDtls><premium><BasePremium><\/BasePremium><NetPremium><\/NetPremium><GST><\/GST><GrossPremium><\/GrossPremium><\/premium><receiptObj><ReceiptNumber><\/ReceiptNumber><ReceiptAmount><\/ReceiptAmount><ExcessAmount><\/ExcessAmount><\/receiptObj><\/ns0:GFB_Res>" [] []
[2020-09-08 15:19:11] full_quote_request1.INFO: {"ClientCreation":{"Member_Customer_ID":"2644GCI1","salutation":"Mrs","firstName":"Swati","middleName":"","lastName":"Shinde","dateofBirth":"12\/19\/1991","gender":"F","educationalQualification":null,"pinCode":"622103","uidNo":"5478-2589-3688","maritalStatus":null,"nationality":"Indian","occupation":"O553","primaryEmailID":"jack@gmail.com","contactMobileNo":"7010444138","stdLandlineNo":null,"panNo":null,"passportNumber":null,"contactPerson":null,"annualIncome":null,"remarks":null,"startDate":"2020-09-08","endDate":null,"IdProof":"Adhaar Card","residenceProof":null,"ageProof":null,"others":null,"homeAddressLine1":"Om hrad ntalatiof, holOmshre, talathioficeeachol, OmshreeSada9talathi","homeAddressLine2":null,"homeAddressLine3":null,"homePinCode":"622103","homeArea":null,"homeContactMobileNo":null,"homeContactMobileNo2":null,"homeSTDLandlineNo":null,"homeFaxNo":null,"sameAsHomeAddress":"1","mailingAddressLine1":null,"mailingAddressLine2":null,"mailingAddressLine3":null,"mailingPinCode":null,"mailingArea":null,"mailingContactMobileNo":null,"mailingContactMobileNo2":null,"mailingSTDLandlineNo":null,"mailingSTDLandlineNo2":null,"mailingFaxNo":null,"bankAccountType":null,"bankAccountNo":null,"ifscCode":null,"GSTIN":null,"GSTRegistrationStatus":"Consumers","IsEIAavailable":"0","ApplyEIA":"0","EIAAccountNo":null,"EIAWith":"0","AccountType":null,"AddressProof":null,"DOBProof":null,"IdentityProof":null},"PolicyCreationRequest":{"Quotation_Number":"","MasterPolicyNumber":"62-20-00015-00-00","GroupID":"GRP002","Product_Code":"4216","intermediaryCode":"2104355","AutoRenewal":"Y","intermediaryBranchCode":"10MHMUM01","agentSignatureDate":null,"Customer_Signature_Date":null,"businessSourceChannel":null,"AssignPolicy":"0","AssigneeName":null,"leadID":"2225","Source_Name":"AXIS_GFB","SPID":"1","TCN":null,"CRTNO":null,"RefCode1":"1","RefCode2":"1304","Employee_Number":"623213","enumIsEmployeeDiscount":null,"QuoteDate":null,"IsPayment":"0","PaymentMode":null,"PolicyproductComponents":{"PlanCode":"4216","SumInsured":"1000000","SchemeCode":"4112000003"}},"MemObj":{"Member":[{"MemberNo":1,"Salutation":"Mrs","First_Name":"Swati","Middle_Name":null,"Last_Name":"Shinde","Gender":"F","DateOfBirth":"12\/19\/1991","Relation_Code":"R001","Marital_Status":null,"height":"0.00","weight":"0","occupation":"O553","PrimaryMember":"Y","MemberproductComponents":{"PlanCode":"4216","MemberQuestionDetails":[{"QuestionCode":null,"Answer":null,"Remarks":null}]},"MemberPED":[{"PEDCode":null,"Remarks":null}],"exactDiagnosis":null,"dateOfDiagnosis":null,"lastDateConsultation":null,"detailsOfTreatmentGiven":null,"doctorName":null,"hospitalName":null,"phoneNumberHosital":null,"Nominee_First_Name":"sg","Nominee_Last_Name":"sh","Nominee_Contact_Number":"9999999999","Nominee_Home_Address":null,"Nominee_Relationship_Code":"R002"}]},"ReceiptCreation":{"officeLocation":"","modeOfEntry":"","cdAcNo":null,"expiryDate":null,"payerType":"","payerCode":null,"paymentBy":"","paymentByName":null,"paymentByRelationship":null,"collectionAmount":"","collectionRcvdDate":null,"collectionMode":"","remarks":null,"instrumentNumber":null,"instrumentDate":null,"bankName":null,"branchName":null,"bankLocation":null,"micrNo":null,"chequeType":null,"ifscCode":"","PaymentGatewayName":"","TerminalID":"","CardNo":null}} [] []
[2020-09-08 15:19:15] full_quote_reponse1.INFO: "<ns0:GFB_Res xmlns:ns0=\"http:\/\/ABHICL_NBP_QuickQuote_Schemas.GFB_Response\"><errorObj><ErrorNumber>00<\/ErrorNumber><ErrorMessage>Success<\/ErrorMessage><\/errorObj><policyDtls><TransactionReferenceNumber><\/TransactionReferenceNumber><QuotationNumber>IPB100081405<\/QuotationNumber><CertificateNumber><\/CertificateNumber><LetterURL><\/LetterURL><ClientID><\/ClientID><ProductName>Group Activ Secure - Critical Illness<\/ProductName><ProductCode>4216<\/ProductCode><LineOfBusiness>42<\/LineOfBusiness><startDate><\/startDate><EndDate><\/EndDate><PolicyNumber>62-20-00015-00-00<\/PolicyNumber><ProposalNumber><\/ProposalNumber><PolicyStatus>PQ1<\/PolicyStatus><Tenure>1<\/Tenure><stpFlag>0<\/stpFlag><COIUrl>Template not found<\/COIUrl><\/policyDtls><premium><BasePremium>2881.36<\/BasePremium><NetPremium>2881.36<\/NetPremium><GST>518.64<\/GST><GrossPremium>3400.00<\/GrossPremium><\/premium><receiptObj><ReceiptNumber><\/ReceiptNumber><ReceiptAmount><\/ReceiptAmount><ExcessAmount><\/ExcessAmount><\/receiptObj><\/ns0:GFB_Res>" [] []
[2020-09-08 15:19:15] full_quote_request1.INFO: {"ClientCreation":{"Member_Customer_ID":"2644GCI2","salutation":"Mrs","firstName":"Swati","middleName":"","lastName":"Shinde","dateofBirth":"12\/19\/1991","gender":"F","educationalQualification":null,"pinCode":"622103","uidNo":"5478-2589-3688","maritalStatus":null,"nationality":"Indian","occupation":"O553","primaryEmailID":"jack@gmail.com","contactMobileNo":"7010444138","stdLandlineNo":null,"panNo":null,"passportNumber":null,"contactPerson":null,"annualIncome":null,"remarks":null,"startDate":"2020-09-08","endDate":null,"IdProof":"Adhaar Card","residenceProof":null,"ageProof":null,"others":null,"homeAddressLine1":"Om hrad ntalatiof, holOmshre, talathioficeeachol, OmshreeSada9talathi","homeAddressLine2":null,"homeAddressLine3":null,"homePinCode":"622103","homeArea":null,"homeContactMobileNo":null,"homeContactMobileNo2":null,"homeSTDLandlineNo":null,"homeFaxNo":null,"sameAsHomeAddress":"1","mailingAddressLine1":null,"mailingAddressLine2":null,"mailingAddressLine3":null,"mailingPinCode":null,"mailingArea":null,"mailingContactMobileNo":null,"mailingContactMobileNo2":null,"mailingSTDLandlineNo":null,"mailingSTDLandlineNo2":null,"mailingFaxNo":null,"bankAccountType":null,"bankAccountNo":null,"ifscCode":null,"GSTIN":null,"GSTRegistrationStatus":"Consumers","IsEIAavailable":"0","ApplyEIA":"0","EIAAccountNo":null,"EIAWith":"0","AccountType":null,"AddressProof":null,"DOBProof":null,"IdentityProof":null},"PolicyCreationRequest":{"Quotation_Number":"","MasterPolicyNumber":"62-20-00015-00-00","GroupID":"GRP002","Product_Code":"4216","intermediaryCode":"2104355","AutoRenewal":"Y","intermediaryBranchCode":"10MHMUM01","agentSignatureDate":null,"Customer_Signature_Date":null,"businessSourceChannel":null,"AssignPolicy":"0","AssigneeName":null,"leadID":"2225","Source_Name":"AXIS_GFB","SPID":"1","TCN":null,"CRTNO":null,"RefCode1":"1","RefCode2":"1304","Employee_Number":"623213","enumIsEmployeeDiscount":null,"QuoteDate":null,"IsPayment":"0","PaymentMode":null,"PolicyproductComponents":{"PlanCode":"4216","SumInsured":"1000000","SchemeCode":"4112000003"}},"MemObj":{"Member":[{"MemberNo":1,"Salutation":"Mr","First_Name":"sg","Middle_Name":null,"Last_Name":"sh","Gender":"M","DateOfBirth":"09\/10\/1990","Relation_Code":"R002","Marital_Status":null,"height":"0.00","weight":"0","occupation":"O553","PrimaryMember":"Y","MemberproductComponents":{"PlanCode":"4216","MemberQuestionDetails":[{"QuestionCode":null,"Answer":null,"Remarks":null}]},"MemberPED":[{"PEDCode":null,"Remarks":null}],"exactDiagnosis":null,"dateOfDiagnosis":null,"lastDateConsultation":null,"detailsOfTreatmentGiven":null,"doctorName":null,"hospitalName":null,"phoneNumberHosital":null,"Nominee_First_Name":"sg","Nominee_Last_Name":"sh","Nominee_Contact_Number":"9999999999","Nominee_Home_Address":null,"Nominee_Relationship_Code":"R002"}]},"ReceiptCreation":{"officeLocation":"","modeOfEntry":"","cdAcNo":null,"expiryDate":null,"payerType":"","payerCode":null,"paymentBy":"","paymentByName":null,"paymentByRelationship":null,"collectionAmount":"","collectionRcvdDate":null,"collectionMode":"","remarks":null,"instrumentNumber":null,"instrumentDate":null,"bankName":null,"branchName":null,"bankLocation":null,"micrNo":null,"chequeType":null,"ifscCode":"","PaymentGatewayName":"","TerminalID":"","CardNo":null}} [] []
[2020-09-08 15:19:19] full_quote_reponse1.INFO: "<ns0:GFB_Res xmlns:ns0=\"http:\/\/ABHICL_NBP_QuickQuote_Schemas.GFB_Response\"><errorObj><ErrorNumber>54<\/ErrorNumber><ErrorMessage>Please Provide self member in Member Relationship Code<\/ErrorMessage><\/errorObj><policyDtls><TransactionReferenceNumber><\/TransactionReferenceNumber><QuotationNumber><\/QuotationNumber><CertificateNumber><\/CertificateNumber><LetterURL><\/LetterURL><ClientID><\/ClientID><ProductName>Group Activ Secure - Critical Illness<\/ProductName><ProductCode>4216<\/ProductCode><LineOfBusiness>42<\/LineOfBusiness><startDate><\/startDate><EndDate><\/EndDate><PolicyNumber>62-20-00015-00-00<\/PolicyNumber><ProposalNumber><\/ProposalNumber><PolicyStatus>PQ1<\/PolicyStatus><Tenure>1<\/Tenure><stpFlag>0<\/stpFlag><COIUrl>Template not found<\/COIUrl><\/policyDtls><premium><BasePremium><\/BasePremium><NetPremium><\/NetPremium><GST><\/GST><GrossPremium><\/GrossPremium><\/premium><receiptObj><ReceiptNumber><\/ReceiptNumber><ReceiptAmount><\/ReceiptAmount><ExcessAmount><\/ExcessAmount><\/receiptObj><\/ns0:GFB_Res>" [] []
[2020-09-08 15:19:24] generateOTP.INFO: test [] []
[2020-09-08 15:21:47] generateOTP.INFO: test [] []
[2020-09-08 15:30:48] generateOTP.INFO: test [] []
[2020-09-08 15:38:19] generateOTP.INFO: test [] []
[2020-09-08 15:38:23] generateOTP.INFO: test [] []
[2020-09-08 15:44:48] generateOTP.INFO: test [] []
[2020-09-08 15:45:36] generateOTP.INFO: test [] []
[2020-09-08 15:46:02] generateOTP.INFO: test [] []
[2020-09-08 15:50:37] generateOTP.INFO: test [] []
[2020-09-08 15:50:40] generateOTP.INFO: test [] []
[2020-09-08 15:51:56] generateOTP.INFO: test [] []
[2020-09-08 15:52:21] generateOTP.INFO: test [] []
[2020-09-08 15:54:06] generateOTP.INFO: test [] []
[2020-09-08 15:54:25] generateOTP.INFO: test [] []
[2020-09-08 15:56:44] generateOTP.INFO: test [] []
[2020-09-08 15:57:38] generateOTP.INFO: test [] []
[2020-09-08 15:57:57] generateOTP.INFO: test [] []
[2020-09-08 15:58:36] generateOTP.INFO: test [] []
[2020-09-08 15:58:48] generateOTP.INFO: test [] []
[2020-09-08 15:59:09] generateOTP.INFO: test [] []
[2020-09-08 15:59:38] generateOTP.INFO: test [] []
[2020-09-08 15:59:40] generateOTP.INFO: test [] []
[2020-09-08 16:01:06] generateOTP.INFO: test [] []
[2020-09-08 16:01:13] generateOTP.INFO: test [] []
[2020-09-08 16:04:08] generateOTP.INFO: test [] []
[2020-09-08 16:04:09] generateOTP.INFO: test [] []
[2020-09-08 16:04:19] generateOTP.INFO: test [] []
[2020-09-08 16:04:35] generateOTP.INFO: test [] []
[2020-09-08 16:04:56] generateOTP.INFO: test [] []
[2020-09-08 16:04:58] generateOTP.INFO: test [] []
[2020-09-08 16:04:58] generateOTP.INFO: test [] []
[2020-09-08 16:05:13] generateOTP.INFO: test [] []
[2020-09-08 16:05:36] generateOTP.INFO: test [] []
[2020-09-08 16:06:59] generateOTP.INFO: test [] []
[2020-09-08 16:08:30] generateOTP.INFO: test [] []
[2020-09-08 16:08:41] generateOTP.INFO: test [] []
[2020-09-08 16:09:15] generateOTP.INFO: test [] []
[2020-09-08 16:10:33] generateOTP.INFO: test [] []
[2020-09-08 16:11:23] generateOTP.INFO: test [] []
[2020-09-08 16:11:53] generateOTP.INFO: test [] []
[2020-09-08 16:12:11] generateOTP.INFO: test [] []
[2020-09-08 16:12:50] generateOTP.INFO: test [] []
[2020-09-08 16:13:33] generateOTP.INFO: test [] []
[2020-09-08 16:13:40] generateOTP.INFO: test [] []
[2020-09-08 16:16:57] generateOTP.INFO: test [] []
[2020-09-08 16:41:59] generateOTP.INFO: test [] []
[2020-09-08 16:42:02] generateOTP.INFO: test [] []
[2020-09-08 16:42:41] generateOTP.INFO: test [] []
[2020-09-08 16:44:44] generateOTP.INFO: test [] []
[2020-09-08 16:49:34] generateOTP.INFO: test [] []
[2020-09-08 16:49:43] generateOTP.INFO: test [] []
[2020-09-08 16:49:49] generateOTP.INFO: test [] []
[2020-09-08 16:49:52] generateOTP.INFO: test [] []
[2020-09-08 16:50:01] generateOTP.INFO: test [] []
[2020-09-08 16:50:23] generateOTP.INFO: test [] []
[2020-09-08 16:50:25] generateOTP.INFO: test [] []
[2020-09-08 16:51:21] generateOTP.INFO: test [] []
[2020-09-08 16:51:25] generateOTP.INFO: test [] []
[2020-09-08 16:51:32] generateOTP.INFO: test [] []
[2020-09-08 16:51:51] generateOTP.INFO: test [] []
[2020-09-08 16:51:51] generateOTP.INFO: test [] []
[2020-09-08 16:52:13] generateOTP.INFO: test [] []
[2020-09-08 16:52:15] generateOTP.INFO: test [] []
[2020-09-08 16:52:32] generateOTP.INFO: test [] []
[2020-09-08 16:55:20] generateOTP.INFO: test [] []
[2020-09-08 16:55:23] generateOTP.INFO: test [] []
[2020-09-08 16:55:57] generateOTP.INFO: test [] []
[2020-09-08 16:58:20] generateOTP.INFO: test [] []
[2020-09-08 16:58:23] generateOTP.INFO: test [] []
[2020-09-08 16:58:54] generateOTP.INFO: test [] []
[2020-09-08 16:59:10] generateOTP.INFO: test [] []
[2020-09-08 17:33:05] generateOTP.INFO: test [] []
[2020-09-08 17:33:42] generateOTP.INFO: test [] []
[2020-09-08 17:35:39] generateOTP.INFO: test [] []
[2020-09-08 17:35:41] generateOTP.INFO: test [] []
[2020-09-08 17:36:30] generateOTP.INFO: test [] []
[2020-09-08 17:36:38] generateOTP.INFO: test [] []
[2020-09-08 17:37:43] generateOTP.INFO: test [] []
[2020-09-08 17:42:33] generateOTP.INFO: test [] []
[2020-09-08 17:44:12] generateOTP.INFO: test [] []
[2020-09-08 17:44:27] generateOTP.INFO: test [] []
[2020-09-08 17:45:56] generateOTP.INFO: test [] []
[2020-09-08 17:46:04] generateOTP.INFO: test [] []
[2020-09-08 17:46:57] generateOTP.INFO: test [] []
[2020-09-08 17:50:54] generateOTP.INFO: test [] []
[2020-09-08 17:55:29] generateOTP.INFO: test [] []
[2020-09-08 17:57:51] generateOTP.INFO: test [] []
[2020-09-08 17:59:06] generateOTP.INFO: test [] []
[2020-09-08 18:02:13] generateOTP.INFO: test [] []
[2020-09-08 18:02:21] generateOTP.INFO: test [] []
[2020-09-08 18:03:23] generateOTP.INFO: test [] []
[2020-09-08 18:03:30] generateOTP.INFO: test [] []
[2020-09-08 18:07:58] generateOTP.INFO: test [] []
[2020-09-08 19:14:28] generateOTP.INFO: test [] []
[2020-09-08 20:42:24] generateOTP.INFO: test [] []
[2020-09-08 20:55:51] generateOTP.INFO: test [] []
[2020-09-08 20:57:26] generateOTP.INFO: test [] []
[2020-09-08 21:03:19] generateOTP.INFO: test [] []
