[2020-07-08 10:00:46] generateOTP.INFO: test [] []
[2020-07-08 10:00:47] generateOTP.INFO: test [] []
[2020-07-08 10:00:48] generateOTP.INFO: test [] []
[2020-07-08 10:00:52] generateOTP.INFO: test [] []
[2020-07-08 10:00:53] generateOTP.INFO: test [] []
[2020-07-08 10:01:01] generateOTP.INFO: test [] []
[2020-07-08 10:01:07] generateOTP.INFO: test [] []
[2020-07-08 10:26:51] generateOTP.INFO: test [] []
[2020-07-08 10:26:52] generateOTP.INFO: test [] []
[2020-07-08 10:26:53] generateOTP.INFO: test [] []
[2020-07-08 10:27:00] generateOTP.INFO: test [] []
[2020-07-08 10:27:00] generateOTP.INFO: test [] []
[2020-07-08 10:27:08] generateOTP.INFO: test [] []
[2020-07-08 10:27:13] generateOTP.INFO: test [] []
[2020-07-08 10:28:01] generateOTP.INFO: test [] []
[2020-07-08 10:28:08] generateOTP.INFO: test [] []
[2020-07-08 10:56:34] generateOTP.INFO: test [] []
[2020-07-08 10:56:34] generateOTP.INFO: test [] []
[2020-07-08 10:56:34] generateOTP.INFO: test [] []
[2020-07-08 10:56:35] generateOTP.INFO: test [] []
[2020-07-08 10:56:36] generateOTP.INFO: test [] []
[2020-07-08 10:56:40] generateOTP.INFO: test [] []
[2020-07-08 10:56:41] generateOTP.INFO: test [] []
[2020-07-08 10:56:49] generateOTP.INFO: test [] []
[2020-07-08 10:57:22] generateOTP.INFO: test [] []
[2020-07-08 10:57:27] generateOTP.INFO: test [] []
[2020-07-08 11:08:36] generateOTP.INFO: test [] []
[2020-07-08 11:34:16] generateOTP.INFO: test [] []
[2020-07-08 11:35:54] generateOTP.INFO: test [] []
[2020-07-08 12:00:31] generateOTP.INFO: test [] []
[2020-07-08 12:00:32] generateOTP.INFO: test [] []
[2020-07-08 12:00:32] generateOTP.INFO: test [] []
[2020-07-08 12:00:37] generateOTP.INFO: test [] []
[2020-07-08 12:00:38] generateOTP.INFO: test [] []
[2020-07-08 12:00:39] generateOTP.INFO: test [] []
[2020-07-08 12:00:40] generateOTP.INFO: test [] []
[2020-07-08 12:01:05] generateOTP.INFO: test [] []
[2020-07-08 12:01:11] generateOTP.INFO: test [] []
[2020-07-08 12:01:14] generateOTP.INFO: test [] []
[2020-07-08 12:01:45] generateOTP.INFO: test [] []
[2020-07-08 12:01:50] generateOTP.INFO: test [] []
[2020-07-08 12:02:16] generateOTP.INFO: test [] []
[2020-07-08 12:18:31] generateOTP.INFO: test [] []
[2020-07-08 12:18:32] generateOTP.INFO: test [] []
[2020-07-08 12:18:32] generateOTP.INFO: test [] []
[2020-07-08 12:18:36] generateOTP.INFO: test [] []
[2020-07-08 12:18:50] generateOTP.INFO: test [] []
[2020-07-08 12:21:03] generateOTP.INFO: test [] []
[2020-07-08 12:21:10] generateOTP.INFO: test [] []
[2020-07-08 12:39:13] generateOTP.INFO: test [] []
[2020-07-08 12:41:14] generateOTP.INFO: test [] []
[2020-07-08 12:42:45] generateOTP.INFO: test [] []
[2020-07-08 12:43:08] generateOTP.INFO: test [] []
[2020-07-08 12:43:49] generateOTP.INFO: test [] []
[2020-07-08 12:44:04] generateOTP.INFO: test [] []
[2020-07-08 12:44:27] generateOTP.INFO: test [] []
[2020-07-08 12:44:35] generateOTP.INFO: test [] []
[2020-07-08 12:44:42] generateOTP.INFO: test [] []
[2020-07-08 12:47:41] generateOTP.INFO: test [] []
[2020-07-08 12:48:06] generateOTP.INFO: test [] []
[2020-07-08 12:48:08] generateOTP.INFO: test [] []
[2020-07-08 12:48:13] generateOTP.INFO: test [] []
[2020-07-08 12:48:20] generateOTP.INFO: test [] []
[2020-07-08 13:10:10] generateOTP.INFO: test [] []
[2020-07-08 13:10:11] generateOTP.INFO: test [] []
[2020-07-08 13:10:11] generateOTP.INFO: test [] []
[2020-07-08 13:10:20] generateOTP.INFO: test [] []
[2020-07-08 13:10:51] generateOTP.INFO: test [] []
[2020-07-08 13:38:17] generateOTP.INFO: test [] []
[2020-07-08 13:38:17] generateOTP.INFO: test [] []
[2020-07-08 13:38:25] generateOTP.INFO: test [] []
[2020-07-08 13:50:35] generateOTP.INFO: test [] []
[2020-07-08 13:50:35] generateOTP.INFO: test [] []
[2020-07-08 13:50:36] generateOTP.INFO: test [] []
[2020-07-08 13:50:46] generateOTP.INFO: test [] []
[2020-07-08 13:54:03] generateOTP.INFO: test [] []
[2020-07-08 14:03:56] generateOTP.INFO: test [] []
[2020-07-08 14:04:26] generateOTP.INFO: test [] []
[2020-07-08 14:18:58] generateOTP.INFO: test [] []
[2020-07-08 14:18:58] generateOTP.INFO: test [] []
[2020-07-08 14:18:58] generateOTP.INFO: test [] []
[2020-07-08 14:19:21] generateOTP.INFO: test [] []
[2020-07-08 14:20:49] generateOTP.INFO: test [] []
[2020-07-08 14:21:26] generateOTP.INFO: test [] []
[2020-07-08 14:24:33] generateOTP.INFO: test [] []
[2020-07-08 14:48:09] generateOTP.INFO: test [] []
[2020-07-08 14:48:09] generateOTP.INFO: test [] []
[2020-07-08 14:48:10] generateOTP.INFO: test [] []
[2020-07-08 14:48:10] generateOTP.INFO: test [] []
[2020-07-08 14:48:12] generateOTP.INFO: test [] []
[2020-07-08 14:48:12] generateOTP.INFO: test [] []
[2020-07-08 14:48:15] generateOTP.INFO: test [] []
[2020-07-08 14:48:15] generateOTP.INFO: test [] []
[2020-07-08 14:48:16] generateOTP.INFO: test [] []
[2020-07-08 14:48:16] generateOTP.INFO: test [] []
[2020-07-08 14:48:17] generateOTP.INFO: test [] []
[2020-07-08 14:48:17] generateOTP.INFO: test [] []
[2020-07-08 14:48:18] generateOTP.INFO: test [] []
[2020-07-08 14:48:18] generateOTP.INFO: test [] []
[2020-07-08 14:48:19] generateOTP.INFO: test [] []
[2020-07-08 14:48:19] generateOTP.INFO: test [] []
[2020-07-08 14:48:24] generateOTP.INFO: test [] []
[2020-07-08 15:42:34] generateOTP.INFO: test [] []
[2020-07-08 15:42:44] generateOTP.INFO: test [] []
[2020-07-08 15:42:46] generateOTP.INFO: test [] []
[2020-07-08 17:59:29] generateOTP.INFO: test [] []
[2020-07-08 18:27:39] generateOTP.INFO: test [] []
[2020-07-08 18:27:40] generateOTP.INFO: test [] []
[2020-07-08 18:27:46] generateOTP.INFO: test [] []
[2020-07-08 18:28:44] generateOTP.INFO: test [] []
[2020-07-08 18:42:32] generateOTP.INFO: test [] []
[2020-07-08 18:43:34] generateOTP.INFO: test [] []
[2020-07-08 18:43:58] generateOTP.INFO: {"salutation":"1","firstname":"test","lastname":"BANKING","dob":"19-12-1988","mob_no":"7010444138","panCard":"DDDDD6456A","email":"jack@gmail.com","ref1":"1","ref2":"1","comAdd":"Om hrad ntalatiof, holOmshre, talathioficeeachol, OmshreeSada9talathi","city":"MUMBAI","state":"MAHARASHTRA","pin_code":"622103","ISNRI":"N","update_emp_id":"620683","edit":"0","policy_no":"454,455,456","subtype_text":"1","sum_insure":"1000000","familyConstruct":"1A","tenure":"1 Year","family_members_id":"0","family_gender":"Male","first_name":"test","last_name":"BANKING","family_date_birth":"19-12-1988","age":"31","age_type":" years","family_id":"","s_date":"","marriage_date":"","premium":"10500","policyNo":"454,455,456","familyDataType":"undefined","empId":"620683","product":"RMxC5efb5c5a320e7","declare":"[]","gender":"Male"} [] []
[2020-07-08 18:44:15] documentsSave.INFO: {"ops_type":"[]","ids":"264,265,266"} [] []
[2020-07-08 18:44:15] documentsSaveFiles.INFO: [] [] []
[2020-07-08 18:44:26] generateOTP.INFO: test [] []
[2020-07-08 18:44:58] generateOTP.INFO: test [] []
[2020-07-08 18:45:06] full_quote_request1.INFO: {"ClientCreation":{"Member_Customer_ID":"260615444244","salutation":"Mr","firstName":"test","middleName":"","lastName":"BANKING","dateofBirth":"12\/19\/1988","gender":"M","educationalQualification":null,"pinCode":"622103","uidNo":"5478-2589-3688","maritalStatus":null,"nationality":"Indian","occupation":"O553","primaryEmailID":"jack@gmail.com","contactMobileNo":"7010444138","stdLandlineNo":null,"panNo":null,"passportNumber":null,"contactPerson":null,"annualIncome":null,"remarks":null,"startDate":"2020-07-08","endDate":null,"IdProof":"Adhaar Card","residenceProof":null,"ageProof":null,"others":null,"homeAddressLine1":"Om hrad ntalatiof, holOmshre, talathioficeeachol, OmshreeSada9talathi","homeAddressLine2":null,"homeAddressLine3":null,"homePinCode":"622103","homeArea":null,"homeContactMobileNo":null,"homeContactMobileNo2":null,"homeSTDLandlineNo":null,"homeFaxNo":null,"sameAsHomeAddress":"1","mailingAddressLine1":null,"mailingAddressLine2":null,"mailingAddressLine3":null,"mailingPinCode":null,"mailingArea":null,"mailingContactMobileNo":null,"mailingContactMobileNo2":null,"mailingSTDLandlineNo":null,"mailingSTDLandlineNo2":null,"mailingFaxNo":null,"bankAccountType":null,"bankAccountNo":null,"ifscCode":null,"GSTIN":null,"GSTRegistrationStatus":"Consumers","IsEIAavailable":"0","ApplyEIA":"0","EIAAccountNo":null,"EIAWith":"0","AccountType":null,"AddressProof":null,"DOBProof":null,"IdentityProof":null},"PolicyCreationRequest":{"Quotation_Number":"","MasterPolicyNumber":"61-20-00026-00-00","GroupID":"GRP002","Product_Code":"4211","intermediaryCode":"2106233","AutoRenewal":"Y","intermediaryBranchCode":"10MHMUM01","agentSignatureDate":null,"Customer_Signature_Date":null,"businessSourceChannel":null,"AssignPolicy":"0","AssigneeName":null,"leadID":"2020766433335","Source_Name":"AXIS_COMBI_GHI","SPID":"1","TCN":null,"CRTNO":null,"RefCode1":"1","RefCode2":"2478","Employee_Number":"620683","enumIsEmployeeDiscount":null,"QuoteDate":null,"IsPayment":"0","PaymentMode":null,"PolicyproductComponents":[{"PlanCode":"4211","SumInsured":"1000000","SchemeCode":"4112000003"}]},"MemObj":{"Member":[{"MemberNo":1,"Salutation":"Mr","First_Name":"test","Middle_Name":null,"Last_Name":"BANKING","Gender":"M","DateOfBirth":"12\/19\/1988","Relation_Code":"R001","Marital_Status":null,"height":"0.00","weight":"0","occupation":"O553","PrimaryMember":"Y","MemberproductComponents":[{"PlanCode":"4211","MemberQuestionDetails":[{"QuestionCode":null,"Answer":null,"Remarks":null}]}],"MemberPED":[{"PEDCode":null,"Remarks":null}],"exactDiagnosis":null,"dateOfDiagnosis":null,"lastDateConsultation":null,"detailsOfTreatmentGiven":null,"doctorName":null,"hospitalName":null,"phoneNumberHosital":null,"Nominee_First_Name":"thr","Nominee_Last_Name":"thr","Nominee_Contact_Number":"7555555555","Nominee_Home_Address":null,"Nominee_Relationship_Code":"R005"}]},"ReceiptCreation":{"officeLocation":"","modeOfEntry":"","cdAcNo":null,"expiryDate":null,"payerType":"","payerCode":null,"paymentBy":"","paymentByName":null,"paymentByRelationship":null,"collectionAmount":"","collectionRcvdDate":null,"collectionMode":"","remarks":null,"instrumentNumber":null,"instrumentDate":null,"bankName":null,"branchName":null,"bankLocation":null,"micrNo":null,"chequeType":null,"ifscCode":"","PaymentGatewayName":"","TerminalID":"","CardNo":null}} [] []
[2020-07-08 18:45:11] full_quote_reponse1.INFO: "<ns0:GHI_Res xmlns:ns0=\"http:\/\/ABHICL_NBP_QuickQuote_Schemas.GHI_Response\"><errorObj><ErrorNumber>00<\/ErrorNumber><ErrorMessage>Success<\/ErrorMessage><\/errorObj><policyDtls><TransactionReferenceNumber><\/TransactionReferenceNumber><QuotationNumber>IPB100038856<\/QuotationNumber><CertificateNumber><\/CertificateNumber><LetterURL><\/LetterURL><ClientID><\/ClientID><ProductName>Group Activ Health<\/ProductName><ProductCode>4211<\/ProductCode><LineOfBusiness>42<\/LineOfBusiness><startDate><\/startDate><EndDate><\/EndDate><PolicyNumber>61-20-00026-00-00<\/PolicyNumber><ProposalNumber><\/ProposalNumber><PolicyStatus>PQ1<\/PolicyStatus><Tenure>1<\/Tenure><stpFlag>0<\/stpFlag><COIUrl>Could not find file u0027c:windowssystem32inetsrvObject cannot be cast from DBNull to other typesu0027.<\/COIUrl><\/policyDtls><premium><BasePremium>8898.31<\/BasePremium><NetPremium>8898.31<\/NetPremium><GST>1601.70<\/GST><GrossPremium>10500.00<\/GrossPremium><\/premium><receiptObj><ReceiptNumber><\/ReceiptNumber><ReceiptAmount><\/ReceiptAmount><ExcessAmount><\/ExcessAmount><\/receiptObj><\/ns0:GHI_Res>" [] []
[2020-07-08 18:45:11] generateOTP.INFO: test [] []
[2020-07-08 18:50:41] full_quote_request2.INFO: {"ClientCreation":{"Member_Customer_ID":"260615444244","salutation":"Mr","firstName":"test","middleName":"","lastName":"BANKING","dateofBirth":"12\/19\/1988","gender":"M","educationalQualification":null,"pinCode":"622103","uidNo":"5478-2589-3688","maritalStatus":null,"nationality":"Indian","occupation":"O553","primaryEmailID":"jack@gmail.com","contactMobileNo":"7010444138","stdLandlineNo":null,"panNo":null,"passportNumber":null,"contactPerson":null,"annualIncome":null,"remarks":null,"startDate":"2020-07-08","endDate":null,"IdProof":"Adhaar Card","residenceProof":null,"ageProof":null,"others":null,"homeAddressLine1":"Om hrad ntalatiof, holOmshre, talathioficeeachol, OmshreeSada9talathi","homeAddressLine2":null,"homeAddressLine3":null,"homePinCode":"622103","homeArea":null,"homeContactMobileNo":null,"homeContactMobileNo2":null,"homeSTDLandlineNo":null,"homeFaxNo":null,"sameAsHomeAddress":"1","mailingAddressLine1":null,"mailingAddressLine2":null,"mailingAddressLine3":null,"mailingPinCode":null,"mailingArea":null,"mailingContactMobileNo":null,"mailingContactMobileNo2":null,"mailingSTDLandlineNo":null,"mailingSTDLandlineNo2":null,"mailingFaxNo":null,"bankAccountType":null,"bankAccountNo":null,"ifscCode":null,"GSTIN":null,"GSTRegistrationStatus":"Consumers","IsEIAavailable":"0","ApplyEIA":"0","EIAAccountNo":null,"EIAWith":"0","AccountType":null,"AddressProof":null,"DOBProof":null,"IdentityProof":null},"PolicyCreationRequest":{"Quotation_Number":"IPB100038856","MasterPolicyNumber":"61-20-00026-00-00","GroupID":"GRP002","Product_Code":"4211","intermediaryCode":"2106233","AutoRenewal":"Y","intermediaryBranchCode":"10MHMUM01","agentSignatureDate":null,"Customer_Signature_Date":null,"businessSourceChannel":null,"AssignPolicy":"0","AssigneeName":null,"leadID":"2020766433335","Source_Name":"AXIS_COMBI_GHI","SPID":"1","TCN":null,"CRTNO":null,"RefCode1":"1","RefCode2":"2478","Employee_Number":"620683","enumIsEmployeeDiscount":null,"QuoteDate":null,"IsPayment":"1","PaymentMode":null,"PolicyproductComponents":[{"PlanCode":"4211","SumInsured":"1000000","SchemeCode":"4112000003"}]},"MemObj":{"Member":[{"MemberNo":1,"Salutation":"Mr","First_Name":"test","Middle_Name":null,"Last_Name":"BANKING","Gender":"M","DateOfBirth":"12\/19\/1988","Relation_Code":"R001","Marital_Status":null,"height":"0.00","weight":"0","occupation":"O553","PrimaryMember":"Y","MemberproductComponents":[{"PlanCode":"4211","MemberQuestionDetails":[{"QuestionCode":null,"Answer":null,"Remarks":null}]}],"MemberPED":[{"PEDCode":null,"Remarks":null}],"exactDiagnosis":null,"dateOfDiagnosis":null,"lastDateConsultation":null,"detailsOfTreatmentGiven":null,"doctorName":null,"hospitalName":null,"phoneNumberHosital":null,"Nominee_First_Name":"thr","Nominee_Last_Name":"thr","Nominee_Contact_Number":"7555555555","Nominee_Home_Address":null,"Nominee_Relationship_Code":"R005"}]},"ReceiptCreation":{"officeLocation":"Mumbai","modeOfEntry":"Direct","cdAcNo":null,"expiryDate":null,"payerType":"Customer","payerCode":null,"paymentBy":"Customer","paymentByName":null,"paymentByRelationship":null,"collectionAmount":14500,"collectionRcvdDate":"7\/8\/2020 6:50:41 PM","collectionMode":"online","remarks":null,"instrumentNumber":"403993715521255828","instrumentDate":"2020-07-08","bankName":"AXIS BANK","branchName":"ANNA NAGAR CHENNAI","bankLocation":null,"micrNo":null,"chequeType":null,"ifscCode":"UTIB0000016","PaymentGatewayName":"AXIS_NETB","TerminalID":"76010098","CardNo":null}} [] []
[2020-07-08 18:50:45] full_quote_reponse2.INFO: "<ns0:GHI_Res xmlns:ns0=\"http:\/\/ABHICL_NBP_QuickQuote_Schemas.GHI_Response\"><errorObj><ErrorNumber>00<\/ErrorNumber><ErrorMessage>Success<\/ErrorMessage><\/errorObj><policyDtls><TransactionReferenceNumber><\/TransactionReferenceNumber><QuotationNumber>IPB100038863<\/QuotationNumber><CertificateNumber>GHI-20-2000002<\/CertificateNumber><LetterURL>https:\/\/abpb.adityabirlahealth.com\/hbletter\/viewletter.aspx?ABH=50570&amp;TRM=GHI-20-2000002<\/LetterURL><ClientID>1285363<\/ClientID><ProductName>Group Activ Health<\/ProductName><ProductCode>4211<\/ProductCode><LineOfBusiness>42<\/LineOfBusiness><startDate>7\/8\/2020 12:00:00 AM<\/startDate><EndDate>7\/7\/2021 12:00:00 AM<\/EndDate><PolicyNumber>61-20-00026-00-00<\/PolicyNumber><ProposalNumber>IPB100038863<\/ProposalNumber><PolicyStatus>IF<\/PolicyStatus><Tenure>1<\/Tenure><stpFlag>0<\/stpFlag><COIUrl>Could not find file u0027c:windowssystem32inetsrvObject cannot be cast from DBNull to other typesu0027.<\/COIUrl><\/policyDtls><premium><BasePremium>8898.31<\/BasePremium><NetPremium>8898.31<\/NetPremium><GST>1601.70<\/GST><GrossPremium>10500.00<\/GrossPremium><\/premium><receiptObj><ReceiptNumber>R100182975<\/ReceiptNumber><ReceiptAmount>14500.00<\/ReceiptAmount><ExcessAmount>4000.00<\/ExcessAmount><\/receiptObj><\/ns0:GHI_Res>" [] []
[2020-07-08 18:50:45] api_insert.INFO: {"emp_id":"620683","client_id":"1285363","certificate_number":"GHI-20-2000002","quotation_no":"IPB100038863","proposal_no":"IPB100038863","policy_no":"61-20-00026-00-00","gross_premium":null,"status":"Success","start_date":"7\/8\/2020 12:00:00 AM","end_date":"7\/7\/2021 12:00:00 AM","created_date":"2020-07-08 18:50:45","proposal_no_lead":"P-202007080000","CustomerID":null,"PolicyStatus":"IF","MemberCustomerID":null,"letter_url":"https:\/\/abpb.adityabirlahealth.com\/hbletter\/viewletter.aspx?ABH=50570&TRM=GHI-20-2000002","type_login":""} [] []
[2020-07-08 18:50:46] full_quote_request1.INFO: {"ClientCreation":{"Member_Customer_ID":"260615444244","salutation":"Mr","firstName":"test","middleName":"","lastName":"BANKING","dateofBirth":"12\/19\/1988","gender":"M","educationalQualification":null,"pinCode":"622103","uidNo":"5478-2589-3688","maritalStatus":null,"nationality":"Indian","occupation":"O553","primaryEmailID":"jack@gmail.com","contactMobileNo":"7010444138","stdLandlineNo":null,"panNo":null,"passportNumber":null,"contactPerson":null,"annualIncome":null,"remarks":null,"startDate":"2020-07-08","endDate":null,"IdProof":"Adhaar Card","residenceProof":null,"ageProof":null,"others":null,"homeAddressLine1":"Om hrad ntalatiof, holOmshre, talathioficeeachol, OmshreeSada9talathi","homeAddressLine2":null,"homeAddressLine3":null,"homePinCode":"622103","homeArea":null,"homeContactMobileNo":null,"homeContactMobileNo2":null,"homeSTDLandlineNo":null,"homeFaxNo":null,"sameAsHomeAddress":"1","mailingAddressLine1":null,"mailingAddressLine2":null,"mailingAddressLine3":null,"mailingPinCode":null,"mailingArea":null,"mailingContactMobileNo":null,"mailingContactMobileNo2":null,"mailingSTDLandlineNo":null,"mailingSTDLandlineNo2":null,"mailingFaxNo":null,"bankAccountType":null,"bankAccountNo":null,"ifscCode":null,"GSTIN":null,"GSTRegistrationStatus":"Consumers","IsEIAavailable":"0","ApplyEIA":"0","EIAAccountNo":null,"EIAWith":"0","AccountType":null,"AddressProof":null,"DOBProof":null,"IdentityProof":null},"PolicyCreationRequest":{"Quotation_Number":"","MasterPolicyNumber":"62-20-00015-00-00","GroupID":"GRP002","Product_Code":"4112","intermediaryCode":"2106233","AutoRenewal":"Y","intermediaryBranchCode":"10MHMUM01","agentSignatureDate":null,"Customer_Signature_Date":null,"businessSourceChannel":null,"AssignPolicy":"0","AssigneeName":null,"leadID":"2020766433335","Source_Name":"AXIS_COMBI_GFB","SPID":"1","TCN":null,"CRTNO":null,"RefCode1":"1","RefCode2":"2478","Employee_Number":"620683","enumIsEmployeeDiscount":null,"QuoteDate":null,"IsPayment":"0","PaymentMode":null,"PolicyproductComponents":[{"PlanCode":"4112","SumInsured":"1000000","SchemeCode":"4112000003"},{"PlanCode":"4216","SumInsured":"1000000","SchemeCode":"4112000003"}]},"MemObj":{"Member":[{"MemberNo":1,"Salutation":"Mr","First_Name":"test","Middle_Name":null,"Last_Name":"BANKING","Gender":"M","DateOfBirth":"12\/19\/1988","Relation_Code":"R001","Marital_Status":null,"height":"0.00","weight":"0","occupation":"O553","PrimaryMember":"Y","MemberproductComponents":[{"PlanCode":"4112","MemberQuestionDetails":[{"QuestionCode":null,"Answer":null,"Remarks":null}]},{"PlanCode":"4216","MemberQuestionDetails":[{"QuestionCode":null,"Answer":null,"Remarks":null}]}],"MemberPED":[{"PEDCode":null,"Remarks":null}],"exactDiagnosis":null,"dateOfDiagnosis":null,"lastDateConsultation":null,"detailsOfTreatmentGiven":null,"doctorName":null,"hospitalName":null,"phoneNumberHosital":null,"Nominee_First_Name":"thr","Nominee_Last_Name":"thr","Nominee_Contact_Number":"7555555555","Nominee_Home_Address":null,"Nominee_Relationship_Code":"R005"}]},"ReceiptCreation":{"officeLocation":"","modeOfEntry":"","cdAcNo":null,"expiryDate":null,"payerType":"","payerCode":null,"paymentBy":"","paymentByName":null,"paymentByRelationship":null,"collectionAmount":"","collectionRcvdDate":null,"collectionMode":"","remarks":null,"instrumentNumber":null,"instrumentDate":null,"bankName":null,"branchName":null,"bankLocation":null,"micrNo":null,"chequeType":null,"ifscCode":"","PaymentGatewayName":"","TerminalID":"","CardNo":null}} [] []
[2020-07-08 18:50:49] full_quote_reponse1.INFO: "<ns0:GFB_Res xmlns:ns0=\"http:\/\/ABHICL_NBP_QuickQuote_Schemas.GFB_Response\"><errorObj><ErrorNumber>00<\/ErrorNumber><ErrorMessage>Success<\/ErrorMessage><\/errorObj><policyDtls><TransactionReferenceNumber><\/TransactionReferenceNumber><QuotationNumber>IPB100038864<\/QuotationNumber><CertificateNumber><\/CertificateNumber><LetterURL><\/LetterURL><ClientID><\/ClientID><ProductName>Group Activ Secure - Personal Accident<\/ProductName><ProductCode>4112<\/ProductCode><LineOfBusiness>41<\/LineOfBusiness><startDate><\/startDate><EndDate><\/EndDate><PolicyNumber>62-20-00015-00-00<\/PolicyNumber><ProposalNumber><\/ProposalNumber><PolicyStatus>PQ1<\/PolicyStatus><Tenure>1<\/Tenure><stpFlag>0<\/stpFlag><COIUrl>Could not find file u0027c:windowssystem32inetsrvObject cannot be cast from DBNull to other typesu0027.<\/COIUrl><\/policyDtls><premium><BasePremium>6355.94<\/BasePremium><NetPremium>6355.94<\/NetPremium><GST>1144.07<\/GST><GrossPremium>7500.00<\/GrossPremium><\/premium><receiptObj><ReceiptNumber><\/ReceiptNumber><ReceiptAmount><\/ReceiptAmount><ExcessAmount><\/ExcessAmount><\/receiptObj><\/ns0:GFB_Res>" [] []
[2020-07-08 18:50:49] full_quote_request2.INFO: {"ClientCreation":{"Member_Customer_ID":"260615444244","salutation":"Mr","firstName":"test","middleName":"","lastName":"BANKING","dateofBirth":"12\/19\/1988","gender":"M","educationalQualification":null,"pinCode":"622103","uidNo":"5478-2589-3688","maritalStatus":null,"nationality":"Indian","occupation":"O553","primaryEmailID":"jack@gmail.com","contactMobileNo":"7010444138","stdLandlineNo":null,"panNo":null,"passportNumber":null,"contactPerson":null,"annualIncome":null,"remarks":null,"startDate":"2020-07-08","endDate":null,"IdProof":"Adhaar Card","residenceProof":null,"ageProof":null,"others":null,"homeAddressLine1":"Om hrad ntalatiof, holOmshre, talathioficeeachol, OmshreeSada9talathi","homeAddressLine2":null,"homeAddressLine3":null,"homePinCode":"622103","homeArea":null,"homeContactMobileNo":null,"homeContactMobileNo2":null,"homeSTDLandlineNo":null,"homeFaxNo":null,"sameAsHomeAddress":"1","mailingAddressLine1":null,"mailingAddressLine2":null,"mailingAddressLine3":null,"mailingPinCode":null,"mailingArea":null,"mailingContactMobileNo":null,"mailingContactMobileNo2":null,"mailingSTDLandlineNo":null,"mailingSTDLandlineNo2":null,"mailingFaxNo":null,"bankAccountType":null,"bankAccountNo":null,"ifscCode":null,"GSTIN":null,"GSTRegistrationStatus":"Consumers","IsEIAavailable":"0","ApplyEIA":"0","EIAAccountNo":null,"EIAWith":"0","AccountType":null,"AddressProof":null,"DOBProof":null,"IdentityProof":null},"PolicyCreationRequest":{"Quotation_Number":"IPB100038864","MasterPolicyNumber":"62-20-00015-00-00","GroupID":"GRP002","Product_Code":"4112","intermediaryCode":"2106233","AutoRenewal":"Y","intermediaryBranchCode":"10MHMUM01","agentSignatureDate":null,"Customer_Signature_Date":null,"businessSourceChannel":null,"AssignPolicy":"0","AssigneeName":null,"leadID":"2020766433335","Source_Name":"AXIS_COMBI_GFB","SPID":"1","TCN":null,"CRTNO":null,"RefCode1":"1","RefCode2":"2478","Employee_Number":"620683","enumIsEmployeeDiscount":null,"QuoteDate":null,"IsPayment":"1","PaymentMode":null,"PolicyproductComponents":[{"PlanCode":"4112","SumInsured":"1000000","SchemeCode":"4112000003"},{"PlanCode":"4216","SumInsured":"1000000","SchemeCode":"4112000003"}]},"MemObj":{"Member":[{"MemberNo":1,"Salutation":"Mr","First_Name":"test","Middle_Name":null,"Last_Name":"BANKING","Gender":"M","DateOfBirth":"12\/19\/1988","Relation_Code":"R001","Marital_Status":null,"height":"0.00","weight":"0","occupation":"O553","PrimaryMember":"Y","MemberproductComponents":[{"PlanCode":"4112","MemberQuestionDetails":[{"QuestionCode":null,"Answer":null,"Remarks":null}]},{"PlanCode":"4216","MemberQuestionDetails":[{"QuestionCode":null,"Answer":null,"Remarks":null}]}],"MemberPED":[{"PEDCode":null,"Remarks":null}],"exactDiagnosis":null,"dateOfDiagnosis":null,"lastDateConsultation":null,"detailsOfTreatmentGiven":null,"doctorName":null,"hospitalName":null,"phoneNumberHosital":null,"Nominee_First_Name":"thr","Nominee_Last_Name":"thr","Nominee_Contact_Number":"7555555555","Nominee_Home_Address":null,"Nominee_Relationship_Code":"R005"}]},"ReceiptCreation":{"officeLocation":"Mumbai","modeOfEntry":"Direct","cdAcNo":null,"expiryDate":null,"payerType":"Customer","payerCode":null,"paymentBy":"Customer","paymentByName":null,"paymentByRelationship":null,"collectionAmount":4000,"collectionRcvdDate":"7\/8\/2020 6:50:41 PM","collectionMode":"online","remarks":null,"instrumentNumber":"403993715521255828","instrumentDate":"2020-07-08","bankName":"AXIS BANK","branchName":"ANNA NAGAR CHENNAI","bankLocation":null,"micrNo":null,"chequeType":null,"ifscCode":"UTIB0000016","PaymentGatewayName":"AXIS_NETB","TerminalID":"76010098","CardNo":null}} [] []
[2020-07-08 18:50:53] full_quote_reponse2.INFO: "<ns0:GFB_Res xmlns:ns0=\"http:\/\/ABHICL_NBP_QuickQuote_Schemas.GFB_Response\"><errorObj><ErrorNumber>09<\/ErrorNumber><ErrorMessage>Collection Amount is less than premium amount<\/ErrorMessage><\/errorObj><policyDtls><TransactionReferenceNumber><\/TransactionReferenceNumber><QuotationNumber><\/QuotationNumber><CertificateNumber><\/CertificateNumber><LetterURL><\/LetterURL><ClientID><\/ClientID><ProductName><\/ProductName><ProductCode><\/ProductCode><LineOfBusiness><\/LineOfBusiness><startDate><\/startDate><EndDate><\/EndDate><PolicyNumber><\/PolicyNumber><ProposalNumber><\/ProposalNumber><PolicyStatus><\/PolicyStatus><Tenure><\/Tenure><stpFlag><\/stpFlag><COIUrl>Could not find file u0027c:windowssystem32inetsrvObject cannot be cast from DBNull to other typesu0027.<\/COIUrl><\/policyDtls><premium><BasePremium><\/BasePremium><NetPremium><\/NetPremium><GST><\/GST><GrossPremium><\/GrossPremium><\/premium><receiptObj><ReceiptNumber><\/ReceiptNumber><ReceiptAmount><\/ReceiptAmount><ExcessAmount><\/ExcessAmount><\/receiptObj><\/ns0:GFB_Res>" [] []
[2020-07-08 18:50:56] generateOTP.INFO: test [] []
[2020-07-08 18:55:13] generateOTP.INFO: test [] []
[2020-07-08 18:56:15] generateOTP.INFO: {"salutation":"1","firstname":"test","lastname":"BANKING","dob":"14-07-1977","mob_no":"7010444138","panCard":"DDDDD6456A","email":"jack@gmail.com","ref1":"1","ref2":"1","comAdd":"Om hrad ntalatiof, holOmshre, talathioficeeachol, OmshreeSada9talathi","city":"MUMBAI","state":"MAHARASHTRA","pin_code":"622103","ISNRI":"N","update_emp_id":"620684","edit":"0","policy_no":"454,455,456","subtype_text":"1","sum_insure":"1000000","familyConstruct":"1A","tenure":"1 Year","family_members_id":"0","family_gender":"Male","first_name":"test","last_name":"BANKING","family_date_birth":"14-07-1977","age":"42","age_type":" years","family_id":"","s_date":"","marriage_date":"","premium":"10500","policyNo":"454,455,456","familyDataType":"undefined","empId":"620684","product":"RMxC5efb5c5a320e7","declare":"[]","gender":"Male"} [] []
[2020-07-08 18:56:40] documentsSave.INFO: {"ops_type":"[]","ids":"267,268,269"} [] []
[2020-07-08 18:56:40] documentsSaveFiles.INFO: [] [] []
[2020-07-08 18:56:47] generateOTP.INFO: test [] []
[2020-07-08 18:57:10] generateOTP.INFO: test [] []
[2020-07-08 18:57:14] full_quote_request1.INFO: {"ClientCreation":{"Member_Customer_ID":"260615444244","salutation":"Mr","firstName":"test","middleName":"","lastName":"BANKING","dateofBirth":"07\/14\/1977","gender":"M","educationalQualification":null,"pinCode":"622103","uidNo":"5478-2589-3688","maritalStatus":null,"nationality":"Indian","occupation":"O553","primaryEmailID":"jack@gmail.com","contactMobileNo":"7010444138","stdLandlineNo":null,"panNo":null,"passportNumber":null,"contactPerson":null,"annualIncome":null,"remarks":null,"startDate":"2020-07-08","endDate":null,"IdProof":"Adhaar Card","residenceProof":null,"ageProof":null,"others":null,"homeAddressLine1":"Om hrad ntalatiof, holOmshre, talathioficeeachol, OmshreeSada9talathi","homeAddressLine2":null,"homeAddressLine3":null,"homePinCode":"622103","homeArea":null,"homeContactMobileNo":null,"homeContactMobileNo2":null,"homeSTDLandlineNo":null,"homeFaxNo":null,"sameAsHomeAddress":"1","mailingAddressLine1":null,"mailingAddressLine2":null,"mailingAddressLine3":null,"mailingPinCode":null,"mailingArea":null,"mailingContactMobileNo":null,"mailingContactMobileNo2":null,"mailingSTDLandlineNo":null,"mailingSTDLandlineNo2":null,"mailingFaxNo":null,"bankAccountType":null,"bankAccountNo":null,"ifscCode":null,"GSTIN":null,"GSTRegistrationStatus":"Consumers","IsEIAavailable":"0","ApplyEIA":"0","EIAAccountNo":null,"EIAWith":"0","AccountType":null,"AddressProof":null,"DOBProof":null,"IdentityProof":null},"PolicyCreationRequest":{"Quotation_Number":"","MasterPolicyNumber":"61-20-00026-00-00","GroupID":"GRP002","Product_Code":"4211","intermediaryCode":"2106233","AutoRenewal":"Y","intermediaryBranchCode":"10MHMUM01","agentSignatureDate":null,"Customer_Signature_Date":null,"businessSourceChannel":null,"AssignPolicy":"0","AssigneeName":null,"leadID":"202076644335","Source_Name":"AXIS_COMBI_GHI","SPID":"1","TCN":null,"CRTNO":null,"RefCode1":"1","RefCode2":"2478","Employee_Number":"620684","enumIsEmployeeDiscount":null,"QuoteDate":null,"IsPayment":"0","PaymentMode":null,"PolicyproductComponents":[{"PlanCode":"4211","SumInsured":"1000000","SchemeCode":"4112000003"}]},"MemObj":{"Member":[{"MemberNo":1,"Salutation":"Mr","First_Name":"test","Middle_Name":null,"Last_Name":"BANKING","Gender":"M","DateOfBirth":"07\/14\/1977","Relation_Code":"R001","Marital_Status":null,"height":"0.00","weight":"0","occupation":"O553","PrimaryMember":"Y","MemberproductComponents":[{"PlanCode":"4211","MemberQuestionDetails":[{"QuestionCode":null,"Answer":null,"Remarks":null}]}],"MemberPED":[{"PEDCode":null,"Remarks":null}],"exactDiagnosis":null,"dateOfDiagnosis":null,"lastDateConsultation":null,"detailsOfTreatmentGiven":null,"doctorName":null,"hospitalName":null,"phoneNumberHosital":null,"Nominee_First_Name":"fht","Nominee_Last_Name":"yhyt","Nominee_Contact_Number":"8789777777","Nominee_Home_Address":null,"Nominee_Relationship_Code":"R011"}]},"ReceiptCreation":{"officeLocation":"","modeOfEntry":"","cdAcNo":null,"expiryDate":null,"payerType":"","payerCode":null,"paymentBy":"","paymentByName":null,"paymentByRelationship":null,"collectionAmount":"","collectionRcvdDate":null,"collectionMode":"","remarks":null,"instrumentNumber":null,"instrumentDate":null,"bankName":null,"branchName":null,"bankLocation":null,"micrNo":null,"chequeType":null,"ifscCode":"","PaymentGatewayName":"","TerminalID":"","CardNo":null}} [] []
[2020-07-08 18:57:18] full_quote_reponse1.INFO: "<ns0:GHI_Res xmlns:ns0=\"http:\/\/ABHICL_NBP_QuickQuote_Schemas.GHI_Response\"><errorObj><ErrorNumber>00<\/ErrorNumber><ErrorMessage>Success<\/ErrorMessage><\/errorObj><policyDtls><TransactionReferenceNumber><\/TransactionReferenceNumber><QuotationNumber>IPB100038888<\/QuotationNumber><CertificateNumber><\/CertificateNumber><LetterURL><\/LetterURL><ClientID><\/ClientID><ProductName>Group Activ Health<\/ProductName><ProductCode>4211<\/ProductCode><LineOfBusiness>42<\/LineOfBusiness><startDate><\/startDate><EndDate><\/EndDate><PolicyNumber>61-20-00026-00-00<\/PolicyNumber><ProposalNumber><\/ProposalNumber><PolicyStatus>PQ1<\/PolicyStatus><Tenure>1<\/Tenure><stpFlag>0<\/stpFlag><COIUrl>Could not find file u0027c:windowssystem32inetsrvObject cannot be cast from DBNull to other typesu0027.<\/COIUrl><\/policyDtls><premium><BasePremium>8898.31<\/BasePremium><NetPremium>8898.31<\/NetPremium><GST>1601.70<\/GST><GrossPremium>10500.00<\/GrossPremium><\/premium><receiptObj><ReceiptNumber><\/ReceiptNumber><ReceiptAmount><\/ReceiptAmount><ExcessAmount><\/ExcessAmount><\/receiptObj><\/ns0:GHI_Res>" [] []
[2020-07-08 18:57:18] generateOTP.INFO: test [] []
[2020-07-08 18:57:42] full_quote_request2.INFO: {"ClientCreation":{"Member_Customer_ID":"260615444244","salutation":"Mr","firstName":"test","middleName":"","lastName":"BANKING","dateofBirth":"07\/14\/1977","gender":"M","educationalQualification":null,"pinCode":"622103","uidNo":"5478-2589-3688","maritalStatus":null,"nationality":"Indian","occupation":"O553","primaryEmailID":"jack@gmail.com","contactMobileNo":"7010444138","stdLandlineNo":null,"panNo":null,"passportNumber":null,"contactPerson":null,"annualIncome":null,"remarks":null,"startDate":"2020-07-08","endDate":null,"IdProof":"Adhaar Card","residenceProof":null,"ageProof":null,"others":null,"homeAddressLine1":"Om hrad ntalatiof, holOmshre, talathioficeeachol, OmshreeSada9talathi","homeAddressLine2":null,"homeAddressLine3":null,"homePinCode":"622103","homeArea":null,"homeContactMobileNo":null,"homeContactMobileNo2":null,"homeSTDLandlineNo":null,"homeFaxNo":null,"sameAsHomeAddress":"1","mailingAddressLine1":null,"mailingAddressLine2":null,"mailingAddressLine3":null,"mailingPinCode":null,"mailingArea":null,"mailingContactMobileNo":null,"mailingContactMobileNo2":null,"mailingSTDLandlineNo":null,"mailingSTDLandlineNo2":null,"mailingFaxNo":null,"bankAccountType":null,"bankAccountNo":null,"ifscCode":null,"GSTIN":null,"GSTRegistrationStatus":"Consumers","IsEIAavailable":"0","ApplyEIA":"0","EIAAccountNo":null,"EIAWith":"0","AccountType":null,"AddressProof":null,"DOBProof":null,"IdentityProof":null},"PolicyCreationRequest":{"Quotation_Number":"IPB100038888","MasterPolicyNumber":"61-20-00026-00-00","GroupID":"GRP002","Product_Code":"4211","intermediaryCode":"2106233","AutoRenewal":"Y","intermediaryBranchCode":"10MHMUM01","agentSignatureDate":null,"Customer_Signature_Date":null,"businessSourceChannel":null,"AssignPolicy":"0","AssigneeName":null,"leadID":"202076644335","Source_Name":"AXIS_COMBI_GHI","SPID":"1","TCN":null,"CRTNO":null,"RefCode1":"1","RefCode2":"2478","Employee_Number":"620684","enumIsEmployeeDiscount":null,"QuoteDate":null,"IsPayment":"1","PaymentMode":null,"PolicyproductComponents":[{"PlanCode":"4211","SumInsured":"1000000","SchemeCode":"4112000003"}]},"MemObj":{"Member":[{"MemberNo":1,"Salutation":"Mr","First_Name":"test","Middle_Name":null,"Last_Name":"BANKING","Gender":"M","DateOfBirth":"07\/14\/1977","Relation_Code":"R001","Marital_Status":null,"height":"0.00","weight":"0","occupation":"O553","PrimaryMember":"Y","MemberproductComponents":[{"PlanCode":"4211","MemberQuestionDetails":[{"QuestionCode":null,"Answer":null,"Remarks":null}]}],"MemberPED":[{"PEDCode":null,"Remarks":null}],"exactDiagnosis":null,"dateOfDiagnosis":null,"lastDateConsultation":null,"detailsOfTreatmentGiven":null,"doctorName":null,"hospitalName":null,"phoneNumberHosital":null,"Nominee_First_Name":"fht","Nominee_Last_Name":"yhyt","Nominee_Contact_Number":"8789777777","Nominee_Home_Address":null,"Nominee_Relationship_Code":"R011"}]},"ReceiptCreation":{"officeLocation":"Mumbai","modeOfEntry":"Direct","cdAcNo":null,"expiryDate":null,"payerType":"Customer","payerCode":null,"paymentBy":"Customer","paymentByName":null,"paymentByRelationship":null,"collectionAmount":14500,"collectionRcvdDate":"7\/8\/2020 6:57:41 PM","collectionMode":"online","remarks":null,"instrumentNumber":"403993715521255941","instrumentDate":"2020-07-08","bankName":"AXIS BANK","branchName":"ANNA NAGAR CHENNAI","bankLocation":null,"micrNo":null,"chequeType":null,"ifscCode":"UTIB0000016","PaymentGatewayName":"AXIS_NETB","TerminalID":"76010098","CardNo":null}} [] []
[2020-07-08 18:57:46] full_quote_reponse2.INFO: "<ns0:GHI_Res xmlns:ns0=\"http:\/\/ABHICL_NBP_QuickQuote_Schemas.GHI_Response\"><errorObj><ErrorNumber>302<\/ErrorNumber><ErrorMessage>Member_Customer_Id: 260615444244 already had same plan<\/ErrorMessage><\/errorObj><policyDtls><TransactionReferenceNumber><\/TransactionReferenceNumber><QuotationNumber><\/QuotationNumber><CertificateNumber><\/CertificateNumber><LetterURL><\/LetterURL><ClientID><\/ClientID><ProductName><\/ProductName><ProductCode><\/ProductCode><LineOfBusiness><\/LineOfBusiness><startDate><\/startDate><EndDate><\/EndDate><PolicyNumber><\/PolicyNumber><ProposalNumber><\/ProposalNumber><PolicyStatus><\/PolicyStatus><Tenure><\/Tenure><stpFlag><\/stpFlag><COIUrl>Could not find file u0027c:windowssystem32inetsrvObject cannot be cast from DBNull to other typesu0027.<\/COIUrl><\/policyDtls><premium><BasePremium><\/BasePremium><NetPremium><\/NetPremium><GST><\/GST><GrossPremium><\/GrossPremium><\/premium><receiptObj><ReceiptNumber><\/ReceiptNumber><ReceiptAmount><\/ReceiptAmount><ExcessAmount><\/ExcessAmount><\/receiptObj><\/ns0:GHI_Res>" [] []
[2020-07-08 18:57:46] full_quote_request1.INFO: {"ClientCreation":{"Member_Customer_ID":"260615444244","salutation":"Mr","firstName":"test","middleName":"","lastName":"BANKING","dateofBirth":"07\/14\/1977","gender":"M","educationalQualification":null,"pinCode":"622103","uidNo":"5478-2589-3688","maritalStatus":null,"nationality":"Indian","occupation":"O553","primaryEmailID":"jack@gmail.com","contactMobileNo":"7010444138","stdLandlineNo":null,"panNo":null,"passportNumber":null,"contactPerson":null,"annualIncome":null,"remarks":null,"startDate":"2020-07-08","endDate":null,"IdProof":"Adhaar Card","residenceProof":null,"ageProof":null,"others":null,"homeAddressLine1":"Om hrad ntalatiof, holOmshre, talathioficeeachol, OmshreeSada9talathi","homeAddressLine2":null,"homeAddressLine3":null,"homePinCode":"622103","homeArea":null,"homeContactMobileNo":null,"homeContactMobileNo2":null,"homeSTDLandlineNo":null,"homeFaxNo":null,"sameAsHomeAddress":"1","mailingAddressLine1":null,"mailingAddressLine2":null,"mailingAddressLine3":null,"mailingPinCode":null,"mailingArea":null,"mailingContactMobileNo":null,"mailingContactMobileNo2":null,"mailingSTDLandlineNo":null,"mailingSTDLandlineNo2":null,"mailingFaxNo":null,"bankAccountType":null,"bankAccountNo":null,"ifscCode":null,"GSTIN":null,"GSTRegistrationStatus":"Consumers","IsEIAavailable":"0","ApplyEIA":"0","EIAAccountNo":null,"EIAWith":"0","AccountType":null,"AddressProof":null,"DOBProof":null,"IdentityProof":null},"PolicyCreationRequest":{"Quotation_Number":"","MasterPolicyNumber":"62-20-00015-00-00","GroupID":"GRP002","Product_Code":"4112","intermediaryCode":"2106233","AutoRenewal":"Y","intermediaryBranchCode":"10MHMUM01","agentSignatureDate":null,"Customer_Signature_Date":null,"businessSourceChannel":null,"AssignPolicy":"0","AssigneeName":null,"leadID":"202076644335","Source_Name":"AXIS_COMBI_GFB","SPID":"1","TCN":null,"CRTNO":null,"RefCode1":"1","RefCode2":"2478","Employee_Number":"620684","enumIsEmployeeDiscount":null,"QuoteDate":null,"IsPayment":"0","PaymentMode":null,"PolicyproductComponents":[{"PlanCode":"4112","SumInsured":"1000000","SchemeCode":"4112000003"},{"PlanCode":"4216","SumInsured":"1000000","SchemeCode":"4112000003"}]},"MemObj":{"Member":[{"MemberNo":1,"Salutation":"Mr","First_Name":"test","Middle_Name":null,"Last_Name":"BANKING","Gender":"M","DateOfBirth":"07\/14\/1977","Relation_Code":"R001","Marital_Status":null,"height":"0.00","weight":"0","occupation":"O553","PrimaryMember":"Y","MemberproductComponents":[{"PlanCode":"4112","MemberQuestionDetails":[{"QuestionCode":null,"Answer":null,"Remarks":null}]},{"PlanCode":"4216","MemberQuestionDetails":[{"QuestionCode":null,"Answer":null,"Remarks":null}]}],"MemberPED":[{"PEDCode":null,"Remarks":null}],"exactDiagnosis":null,"dateOfDiagnosis":null,"lastDateConsultation":null,"detailsOfTreatmentGiven":null,"doctorName":null,"hospitalName":null,"phoneNumberHosital":null,"Nominee_First_Name":"fht","Nominee_Last_Name":"yhyt","Nominee_Contact_Number":"8789777777","Nominee_Home_Address":null,"Nominee_Relationship_Code":"R011"}]},"ReceiptCreation":{"officeLocation":"","modeOfEntry":"","cdAcNo":null,"expiryDate":null,"payerType":"","payerCode":null,"paymentBy":"","paymentByName":null,"paymentByRelationship":null,"collectionAmount":"","collectionRcvdDate":null,"collectionMode":"","remarks":null,"instrumentNumber":null,"instrumentDate":null,"bankName":null,"branchName":null,"bankLocation":null,"micrNo":null,"chequeType":null,"ifscCode":"","PaymentGatewayName":"","TerminalID":"","CardNo":null}} [] []
[2020-07-08 18:57:50] full_quote_reponse1.INFO: "<ns0:GFB_Res xmlns:ns0=\"http:\/\/ABHICL_NBP_QuickQuote_Schemas.GFB_Response\"><errorObj><ErrorNumber>00<\/ErrorNumber><ErrorMessage>Success<\/ErrorMessage><\/errorObj><policyDtls><TransactionReferenceNumber><\/TransactionReferenceNumber><QuotationNumber>IPB100038893<\/QuotationNumber><CertificateNumber><\/CertificateNumber><LetterURL><\/LetterURL><ClientID><\/ClientID><ProductName>Group Activ Secure - Personal Accident<\/ProductName><ProductCode>4112<\/ProductCode><LineOfBusiness>41<\/LineOfBusiness><startDate><\/startDate><EndDate><\/EndDate><PolicyNumber>62-20-00015-00-00<\/PolicyNumber><ProposalNumber><\/ProposalNumber><PolicyStatus>PQ1<\/PolicyStatus><Tenure>1<\/Tenure><stpFlag>0<\/stpFlag><COIUrl>Could not find file u0027c:windowssystem32inetsrvObject cannot be cast from DBNull to other typesu0027.<\/COIUrl><\/policyDtls><premium><BasePremium>6355.94<\/BasePremium><NetPremium>6355.94<\/NetPremium><GST>1144.07<\/GST><GrossPremium>7500.00<\/GrossPremium><\/premium><receiptObj><ReceiptNumber><\/ReceiptNumber><ReceiptAmount><\/ReceiptAmount><ExcessAmount><\/ExcessAmount><\/receiptObj><\/ns0:GFB_Res>" [] []
[2020-07-08 18:57:50] full_quote_request2.INFO: {"ClientCreation":{"Member_Customer_ID":"260615444244","salutation":"Mr","firstName":"test","middleName":"","lastName":"BANKING","dateofBirth":"07\/14\/1977","gender":"M","educationalQualification":null,"pinCode":"622103","uidNo":"5478-2589-3688","maritalStatus":null,"nationality":"Indian","occupation":"O553","primaryEmailID":"jack@gmail.com","contactMobileNo":"7010444138","stdLandlineNo":null,"panNo":null,"passportNumber":null,"contactPerson":null,"annualIncome":null,"remarks":null,"startDate":"2020-07-08","endDate":null,"IdProof":"Adhaar Card","residenceProof":null,"ageProof":null,"others":null,"homeAddressLine1":"Om hrad ntalatiof, holOmshre, talathioficeeachol, OmshreeSada9talathi","homeAddressLine2":null,"homeAddressLine3":null,"homePinCode":"622103","homeArea":null,"homeContactMobileNo":null,"homeContactMobileNo2":null,"homeSTDLandlineNo":null,"homeFaxNo":null,"sameAsHomeAddress":"1","mailingAddressLine1":null,"mailingAddressLine2":null,"mailingAddressLine3":null,"mailingPinCode":null,"mailingArea":null,"mailingContactMobileNo":null,"mailingContactMobileNo2":null,"mailingSTDLandlineNo":null,"mailingSTDLandlineNo2":null,"mailingFaxNo":null,"bankAccountType":null,"bankAccountNo":null,"ifscCode":null,"GSTIN":null,"GSTRegistrationStatus":"Consumers","IsEIAavailable":"0","ApplyEIA":"0","EIAAccountNo":null,"EIAWith":"0","AccountType":null,"AddressProof":null,"DOBProof":null,"IdentityProof":null},"PolicyCreationRequest":{"Quotation_Number":"IPB100038893","MasterPolicyNumber":"62-20-00015-00-00","GroupID":"GRP002","Product_Code":"4112","intermediaryCode":"2106233","AutoRenewal":"Y","intermediaryBranchCode":"10MHMUM01","agentSignatureDate":null,"Customer_Signature_Date":null,"businessSourceChannel":null,"AssignPolicy":"0","AssigneeName":null,"leadID":"202076644335","Source_Name":"AXIS_COMBI_GFB","SPID":"1","TCN":null,"CRTNO":null,"RefCode1":"1","RefCode2":"2478","Employee_Number":"620684","enumIsEmployeeDiscount":null,"QuoteDate":null,"IsPayment":"1","PaymentMode":null,"PolicyproductComponents":[{"PlanCode":"4112","SumInsured":"1000000","SchemeCode":"4112000003"},{"PlanCode":"4216","SumInsured":"1000000","SchemeCode":"4112000003"}]},"MemObj":{"Member":[{"MemberNo":1,"Salutation":"Mr","First_Name":"test","Middle_Name":null,"Last_Name":"BANKING","Gender":"M","DateOfBirth":"07\/14\/1977","Relation_Code":"R001","Marital_Status":null,"height":"0.00","weight":"0","occupation":"O553","PrimaryMember":"Y","MemberproductComponents":[{"PlanCode":"4112","MemberQuestionDetails":[{"QuestionCode":null,"Answer":null,"Remarks":null}]},{"PlanCode":"4216","MemberQuestionDetails":[{"QuestionCode":null,"Answer":null,"Remarks":null}]}],"MemberPED":[{"PEDCode":null,"Remarks":null}],"exactDiagnosis":null,"dateOfDiagnosis":null,"lastDateConsultation":null,"detailsOfTreatmentGiven":null,"doctorName":null,"hospitalName":null,"phoneNumberHosital":null,"Nominee_First_Name":"fht","Nominee_Last_Name":"yhyt","Nominee_Contact_Number":"8789777777","Nominee_Home_Address":null,"Nominee_Relationship_Code":"R011"}]},"ReceiptCreation":{"officeLocation":"Mumbai","modeOfEntry":"Direct","cdAcNo":null,"expiryDate":null,"payerType":"Customer","payerCode":null,"paymentBy":"Customer","paymentByName":null,"paymentByRelationship":null,"collectionAmount":4000,"collectionRcvdDate":"7\/8\/2020 6:57:41 PM","collectionMode":"online","remarks":null,"instrumentNumber":"403993715521255941","instrumentDate":"2020-07-08","bankName":"AXIS BANK","branchName":"ANNA NAGAR CHENNAI","bankLocation":null,"micrNo":null,"chequeType":null,"ifscCode":"UTIB0000016","PaymentGatewayName":"AXIS_NETB","TerminalID":"76010098","CardNo":null}} [] []
[2020-07-08 18:57:54] full_quote_reponse2.INFO: "<ns0:GFB_Res xmlns:ns0=\"http:\/\/ABHICL_NBP_QuickQuote_Schemas.GFB_Response\"><errorObj><ErrorNumber>09<\/ErrorNumber><ErrorMessage>Collection Amount is less than premium amount<\/ErrorMessage><\/errorObj><policyDtls><TransactionReferenceNumber><\/TransactionReferenceNumber><QuotationNumber><\/QuotationNumber><CertificateNumber><\/CertificateNumber><LetterURL><\/LetterURL><ClientID><\/ClientID><ProductName><\/ProductName><ProductCode><\/ProductCode><LineOfBusiness><\/LineOfBusiness><startDate><\/startDate><EndDate><\/EndDate><PolicyNumber><\/PolicyNumber><ProposalNumber><\/ProposalNumber><PolicyStatus><\/PolicyStatus><Tenure><\/Tenure><stpFlag><\/stpFlag><COIUrl>Could not find file u0027c:windowssystem32inetsrvObject cannot be cast from DBNull to other typesu0027.<\/COIUrl><\/policyDtls><premium><BasePremium><\/BasePremium><NetPremium><\/NetPremium><GST><\/GST><GrossPremium><\/GrossPremium><\/premium><receiptObj><ReceiptNumber><\/ReceiptNumber><ReceiptAmount><\/ReceiptAmount><ExcessAmount><\/ExcessAmount><\/receiptObj><\/ns0:GFB_Res>" [] []
[2020-07-08 18:57:57] generateOTP.INFO: test [] []
[2020-07-08 19:00:35] full_quote_request2.INFO: {"ClientCreation":{"Member_Customer_ID":"260615444244","salutation":"Mr","firstName":"test","middleName":"","lastName":"BANKING","dateofBirth":"07\/14\/1977","gender":"M","educationalQualification":null,"pinCode":"622103","uidNo":"5478-2589-3688","maritalStatus":null,"nationality":"Indian","occupation":"O553","primaryEmailID":"jack@gmail.com","contactMobileNo":"7010444138","stdLandlineNo":null,"panNo":null,"passportNumber":null,"contactPerson":null,"annualIncome":null,"remarks":null,"startDate":"2020-07-08","endDate":null,"IdProof":"Adhaar Card","residenceProof":null,"ageProof":null,"others":null,"homeAddressLine1":"Om hrad ntalatiof, holOmshre, talathioficeeachol, OmshreeSada9talathi","homeAddressLine2":null,"homeAddressLine3":null,"homePinCode":"622103","homeArea":null,"homeContactMobileNo":null,"homeContactMobileNo2":null,"homeSTDLandlineNo":null,"homeFaxNo":null,"sameAsHomeAddress":"1","mailingAddressLine1":null,"mailingAddressLine2":null,"mailingAddressLine3":null,"mailingPinCode":null,"mailingArea":null,"mailingContactMobileNo":null,"mailingContactMobileNo2":null,"mailingSTDLandlineNo":null,"mailingSTDLandlineNo2":null,"mailingFaxNo":null,"bankAccountType":null,"bankAccountNo":null,"ifscCode":null,"GSTIN":null,"GSTRegistrationStatus":"Consumers","IsEIAavailable":"0","ApplyEIA":"0","EIAAccountNo":null,"EIAWith":"0","AccountType":null,"AddressProof":null,"DOBProof":null,"IdentityProof":null},"PolicyCreationRequest":{"Quotation_Number":"IPB100038888","MasterPolicyNumber":"61-20-00026-00-00","GroupID":"GRP002","Product_Code":"4211","intermediaryCode":"2106233","AutoRenewal":"Y","intermediaryBranchCode":"10MHMUM01","agentSignatureDate":null,"Customer_Signature_Date":null,"businessSourceChannel":null,"AssignPolicy":"0","AssigneeName":null,"leadID":"202076644335","Source_Name":"AXIS_COMBI_GHI","SPID":"1","TCN":null,"CRTNO":null,"RefCode1":"1","RefCode2":"2478","Employee_Number":"620684","enumIsEmployeeDiscount":null,"QuoteDate":null,"IsPayment":"1","PaymentMode":null,"PolicyproductComponents":[{"PlanCode":"4211","SumInsured":"1000000","SchemeCode":"4112000003"}]},"MemObj":{"Member":[{"MemberNo":1,"Salutation":"Mr","First_Name":"test","Middle_Name":null,"Last_Name":"BANKING","Gender":"M","DateOfBirth":"07\/14\/1977","Relation_Code":"R001","Marital_Status":null,"height":"0.00","weight":"0","occupation":"O553","PrimaryMember":"Y","MemberproductComponents":[{"PlanCode":"4211","MemberQuestionDetails":[{"QuestionCode":null,"Answer":null,"Remarks":null}]}],"MemberPED":[{"PEDCode":null,"Remarks":null}],"exactDiagnosis":null,"dateOfDiagnosis":null,"lastDateConsultation":null,"detailsOfTreatmentGiven":null,"doctorName":null,"hospitalName":null,"phoneNumberHosital":null,"Nominee_First_Name":"fht","Nominee_Last_Name":"yhyt","Nominee_Contact_Number":"8789777777","Nominee_Home_Address":null,"Nominee_Relationship_Code":"R011"}]},"ReceiptCreation":{"officeLocation":"Mumbai","modeOfEntry":"Direct","cdAcNo":null,"expiryDate":null,"payerType":"Customer","payerCode":null,"paymentBy":"Customer","paymentByName":null,"paymentByRelationship":null,"collectionAmount":10000,"collectionRcvdDate":"7\/8\/2020 6:57:41 PM","collectionMode":"online","remarks":null,"instrumentNumber":"403993715521255941","instrumentDate":"2020-07-08","bankName":"AXIS BANK","branchName":"ANNA NAGAR CHENNAI","bankLocation":null,"micrNo":null,"chequeType":null,"ifscCode":"UTIB0000016","PaymentGatewayName":"AXIS_NETB","TerminalID":"76010098","CardNo":null}} [] []
[2020-07-08 19:00:39] full_quote_reponse2.INFO: "<ns0:GHI_Res xmlns:ns0=\"http:\/\/ABHICL_NBP_QuickQuote_Schemas.GHI_Response\"><errorObj><ErrorNumber>302<\/ErrorNumber><ErrorMessage>Member_Customer_Id: 260615444244 already had same plan<\/ErrorMessage><\/errorObj><policyDtls><TransactionReferenceNumber><\/TransactionReferenceNumber><QuotationNumber><\/QuotationNumber><CertificateNumber><\/CertificateNumber><LetterURL><\/LetterURL><ClientID><\/ClientID><ProductName><\/ProductName><ProductCode><\/ProductCode><LineOfBusiness><\/LineOfBusiness><startDate><\/startDate><EndDate><\/EndDate><PolicyNumber><\/PolicyNumber><ProposalNumber><\/ProposalNumber><PolicyStatus><\/PolicyStatus><Tenure><\/Tenure><stpFlag><\/stpFlag><COIUrl>Could not find file u0027c:windowssystem32inetsrvObject cannot be cast from DBNull to other typesu0027.<\/COIUrl><\/policyDtls><premium><BasePremium><\/BasePremium><NetPremium><\/NetPremium><GST><\/GST><GrossPremium><\/GrossPremium><\/premium><receiptObj><ReceiptNumber><\/ReceiptNumber><ReceiptAmount><\/ReceiptAmount><ExcessAmount><\/ExcessAmount><\/receiptObj><\/ns0:GHI_Res>" [] []
[2020-07-08 19:00:39] full_quote_request1.INFO: {"ClientCreation":{"Member_Customer_ID":"260615444244","salutation":"Mr","firstName":"test","middleName":"","lastName":"BANKING","dateofBirth":"07\/14\/1977","gender":"M","educationalQualification":null,"pinCode":"622103","uidNo":"5478-2589-3688","maritalStatus":null,"nationality":"Indian","occupation":"O553","primaryEmailID":"jack@gmail.com","contactMobileNo":"7010444138","stdLandlineNo":null,"panNo":null,"passportNumber":null,"contactPerson":null,"annualIncome":null,"remarks":null,"startDate":"2020-07-08","endDate":null,"IdProof":"Adhaar Card","residenceProof":null,"ageProof":null,"others":null,"homeAddressLine1":"Om hrad ntalatiof, holOmshre, talathioficeeachol, OmshreeSada9talathi","homeAddressLine2":null,"homeAddressLine3":null,"homePinCode":"622103","homeArea":null,"homeContactMobileNo":null,"homeContactMobileNo2":null,"homeSTDLandlineNo":null,"homeFaxNo":null,"sameAsHomeAddress":"1","mailingAddressLine1":null,"mailingAddressLine2":null,"mailingAddressLine3":null,"mailingPinCode":null,"mailingArea":null,"mailingContactMobileNo":null,"mailingContactMobileNo2":null,"mailingSTDLandlineNo":null,"mailingSTDLandlineNo2":null,"mailingFaxNo":null,"bankAccountType":null,"bankAccountNo":null,"ifscCode":null,"GSTIN":null,"GSTRegistrationStatus":"Consumers","IsEIAavailable":"0","ApplyEIA":"0","EIAAccountNo":null,"EIAWith":"0","AccountType":null,"AddressProof":null,"DOBProof":null,"IdentityProof":null},"PolicyCreationRequest":{"Quotation_Number":"","MasterPolicyNumber":"62-20-00015-00-00","GroupID":"GRP002","Product_Code":"4112","intermediaryCode":"2106233","AutoRenewal":"Y","intermediaryBranchCode":"10MHMUM01","agentSignatureDate":null,"Customer_Signature_Date":null,"businessSourceChannel":null,"AssignPolicy":"0","AssigneeName":null,"leadID":"202076644335","Source_Name":"AXIS_COMBI_GFB","SPID":"1","TCN":null,"CRTNO":null,"RefCode1":"1","RefCode2":"2478","Employee_Number":"620684","enumIsEmployeeDiscount":null,"QuoteDate":null,"IsPayment":"0","PaymentMode":null,"PolicyproductComponents":[{"PlanCode":"4112","SumInsured":"1000000","SchemeCode":"4112000003"},{"PlanCode":"4216","SumInsured":"1000000","SchemeCode":"4112000003"}]},"MemObj":{"Member":[{"MemberNo":1,"Salutation":"Mr","First_Name":"test","Middle_Name":null,"Last_Name":"BANKING","Gender":"M","DateOfBirth":"07\/14\/1977","Relation_Code":"R001","Marital_Status":null,"height":"0.00","weight":"0","occupation":"O553","PrimaryMember":"Y","MemberproductComponents":[{"PlanCode":"4112","MemberQuestionDetails":[{"QuestionCode":null,"Answer":null,"Remarks":null}]},{"PlanCode":"4216","MemberQuestionDetails":[{"QuestionCode":null,"Answer":null,"Remarks":null}]}],"MemberPED":[{"PEDCode":null,"Remarks":null}],"exactDiagnosis":null,"dateOfDiagnosis":null,"lastDateConsultation":null,"detailsOfTreatmentGiven":null,"doctorName":null,"hospitalName":null,"phoneNumberHosital":null,"Nominee_First_Name":"fht","Nominee_Last_Name":"yhyt","Nominee_Contact_Number":"8789777777","Nominee_Home_Address":null,"Nominee_Relationship_Code":"R011"}]},"ReceiptCreation":{"officeLocation":"","modeOfEntry":"","cdAcNo":null,"expiryDate":null,"payerType":"","payerCode":null,"paymentBy":"","paymentByName":null,"paymentByRelationship":null,"collectionAmount":"","collectionRcvdDate":null,"collectionMode":"","remarks":null,"instrumentNumber":null,"instrumentDate":null,"bankName":null,"branchName":null,"bankLocation":null,"micrNo":null,"chequeType":null,"ifscCode":"","PaymentGatewayName":"","TerminalID":"","CardNo":null}} [] []
[2020-07-08 19:00:43] full_quote_reponse1.INFO: "<ns0:GFB_Res xmlns:ns0=\"http:\/\/ABHICL_NBP_QuickQuote_Schemas.GFB_Response\"><errorObj><ErrorNumber>00<\/ErrorNumber><ErrorMessage>Success<\/ErrorMessage><\/errorObj><policyDtls><TransactionReferenceNumber><\/TransactionReferenceNumber><QuotationNumber>IPB100038923<\/QuotationNumber><CertificateNumber><\/CertificateNumber><LetterURL><\/LetterURL><ClientID><\/ClientID><ProductName>Group Activ Secure - Personal Accident<\/ProductName><ProductCode>4112<\/ProductCode><LineOfBusiness>41<\/LineOfBusiness><startDate><\/startDate><EndDate><\/EndDate><PolicyNumber>62-20-00015-00-00<\/PolicyNumber><ProposalNumber><\/ProposalNumber><PolicyStatus>PQ1<\/PolicyStatus><Tenure>1<\/Tenure><stpFlag>0<\/stpFlag><COIUrl>Could not find file u0027c:windowssystem32inetsrvObject cannot be cast from DBNull to other typesu0027.<\/COIUrl><\/policyDtls><premium><BasePremium>6355.94<\/BasePremium><NetPremium>6355.94<\/NetPremium><GST>1144.07<\/GST><GrossPremium>7500.00<\/GrossPremium><\/premium><receiptObj><ReceiptNumber><\/ReceiptNumber><ReceiptAmount><\/ReceiptAmount><ExcessAmount><\/ExcessAmount><\/receiptObj><\/ns0:GFB_Res>" [] []
[2020-07-08 19:00:43] full_quote_request2.INFO: {"ClientCreation":{"Member_Customer_ID":"260615444244","salutation":"Mr","firstName":"test","middleName":"","lastName":"BANKING","dateofBirth":"07\/14\/1977","gender":"M","educationalQualification":null,"pinCode":"622103","uidNo":"5478-2589-3688","maritalStatus":null,"nationality":"Indian","occupation":"O553","primaryEmailID":"jack@gmail.com","contactMobileNo":"7010444138","stdLandlineNo":null,"panNo":null,"passportNumber":null,"contactPerson":null,"annualIncome":null,"remarks":null,"startDate":"2020-07-08","endDate":null,"IdProof":"Adhaar Card","residenceProof":null,"ageProof":null,"others":null,"homeAddressLine1":"Om hrad ntalatiof, holOmshre, talathioficeeachol, OmshreeSada9talathi","homeAddressLine2":null,"homeAddressLine3":null,"homePinCode":"622103","homeArea":null,"homeContactMobileNo":null,"homeContactMobileNo2":null,"homeSTDLandlineNo":null,"homeFaxNo":null,"sameAsHomeAddress":"1","mailingAddressLine1":null,"mailingAddressLine2":null,"mailingAddressLine3":null,"mailingPinCode":null,"mailingArea":null,"mailingContactMobileNo":null,"mailingContactMobileNo2":null,"mailingSTDLandlineNo":null,"mailingSTDLandlineNo2":null,"mailingFaxNo":null,"bankAccountType":null,"bankAccountNo":null,"ifscCode":null,"GSTIN":null,"GSTRegistrationStatus":"Consumers","IsEIAavailable":"0","ApplyEIA":"0","EIAAccountNo":null,"EIAWith":"0","AccountType":null,"AddressProof":null,"DOBProof":null,"IdentityProof":null},"PolicyCreationRequest":{"Quotation_Number":"IPB100038923","MasterPolicyNumber":"62-20-00015-00-00","GroupID":"GRP002","Product_Code":"4112","intermediaryCode":"2106233","AutoRenewal":"Y","intermediaryBranchCode":"10MHMUM01","agentSignatureDate":null,"Customer_Signature_Date":null,"businessSourceChannel":null,"AssignPolicy":"0","AssigneeName":null,"leadID":"202076644335","Source_Name":"AXIS_COMBI_GFB","SPID":"1","TCN":null,"CRTNO":null,"RefCode1":"1","RefCode2":"2478","Employee_Number":"620684","enumIsEmployeeDiscount":null,"QuoteDate":null,"IsPayment":"1","PaymentMode":null,"PolicyproductComponents":[{"PlanCode":"4112","SumInsured":"1000000","SchemeCode":"4112000003"},{"PlanCode":"4216","SumInsured":"1000000","SchemeCode":"4112000003"}]},"MemObj":{"Member":[{"MemberNo":1,"Salutation":"Mr","First_Name":"test","Middle_Name":null,"Last_Name":"BANKING","Gender":"M","DateOfBirth":"07\/14\/1977","Relation_Code":"R001","Marital_Status":null,"height":"0.00","weight":"0","occupation":"O553","PrimaryMember":"Y","MemberproductComponents":[{"PlanCode":"4112","MemberQuestionDetails":[{"QuestionCode":null,"Answer":null,"Remarks":null}]},{"PlanCode":"4216","MemberQuestionDetails":[{"QuestionCode":null,"Answer":null,"Remarks":null}]}],"MemberPED":[{"PEDCode":null,"Remarks":null}],"exactDiagnosis":null,"dateOfDiagnosis":null,"lastDateConsultation":null,"detailsOfTreatmentGiven":null,"doctorName":null,"hospitalName":null,"phoneNumberHosital":null,"Nominee_First_Name":"fht","Nominee_Last_Name":"yhyt","Nominee_Contact_Number":"8789777777","Nominee_Home_Address":null,"Nominee_Relationship_Code":"R011"}]},"ReceiptCreation":{"officeLocation":"Mumbai","modeOfEntry":"Direct","cdAcNo":null,"expiryDate":null,"payerType":"Customer","payerCode":null,"paymentBy":"Customer","paymentByName":null,"paymentByRelationship":null,"collectionAmount":10000,"collectionRcvdDate":"7\/8\/2020 6:57:41 PM","collectionMode":"online","remarks":null,"instrumentNumber":"403993715521255941","instrumentDate":"2020-07-08","bankName":"AXIS BANK","branchName":"ANNA NAGAR CHENNAI","bankLocation":null,"micrNo":null,"chequeType":null,"ifscCode":"UTIB0000016","PaymentGatewayName":"AXIS_NETB","TerminalID":"76010098","CardNo":null}} [] []
[2020-07-08 19:00:47] full_quote_reponse2.INFO: "<ns0:GFB_Res xmlns:ns0=\"http:\/\/ABHICL_NBP_QuickQuote_Schemas.GFB_Response\"><errorObj><ErrorNumber>00<\/ErrorNumber><ErrorMessage>Success<\/ErrorMessage><\/errorObj><policyDtls><TransactionReferenceNumber><\/TransactionReferenceNumber><QuotationNumber>IPB100038925<\/QuotationNumber><CertificateNumber>GCI-20-2000001<\/CertificateNumber><LetterURL>https:\/\/abpb.adityabirlahealth.com\/hbletter\/viewletter.aspx?ABH=50635&amp;TRM=GCI-20-2000001<\/LetterURL><ClientID>1285368<\/ClientID><ProductName>Group Activ Secure<\/ProductName><ProductCode>4000<\/ProductCode><LineOfBusiness>40<\/LineOfBusiness><startDate>7\/8\/2020 12:00:00 AM<\/startDate><EndDate>7\/7\/2021 12:00:00 AM<\/EndDate><PolicyNumber>62-20-00015-00-00<\/PolicyNumber><ProposalNumber>IPB100038925<\/ProposalNumber><PolicyStatus>IF<\/PolicyStatus><Tenure>1<\/Tenure><stpFlag>0<\/stpFlag><COIUrl>Could not find file u0027c:windowssystem32inetsrvObject cannot be cast from DBNull to other typesu0027.<\/COIUrl><\/policyDtls><premium><BasePremium>6355.94<\/BasePremium><NetPremium>6355.94<\/NetPremium><GST>1144.07<\/GST><GrossPremium>7500.00<\/GrossPremium><\/premium><receiptObj><ReceiptNumber>R100182982<\/ReceiptNumber><ReceiptAmount>10000.00<\/ReceiptAmount><ExcessAmount>2500.00<\/ExcessAmount><\/receiptObj><\/ns0:GFB_Res>" [] []
[2020-07-08 19:00:47] api_insert.INFO: {"emp_id":"620684","client_id":"1285368","certificate_number":"GCI-20-2000001","quotation_no":"IPB100038925","proposal_no":"IPB100038925","policy_no":"62-20-00015-00-00","gross_premium":null,"status":"Success","start_date":"7\/8\/2020 12:00:00 AM","end_date":"7\/7\/2021 12:00:00 AM","created_date":"2020-07-08 19:00:47","proposal_no_lead":"P-202007080004","CustomerID":null,"PolicyStatus":"IF","MemberCustomerID":null,"letter_url":"https:\/\/abpb.adityabirlahealth.com\/hbletter\/viewletter.aspx?ABH=50635&TRM=GCI-20-2000001","type_login":""} [] []
[2020-07-08 19:00:47] generateOTP.INFO: test [] []
[2020-07-08 19:05:02] full_quote_request2.INFO: {"ClientCreation":{"Member_Customer_ID":"260615444244","salutation":"Mr","firstName":"test","middleName":"","lastName":"BANKING","dateofBirth":"07\/14\/1977","gender":"M","educationalQualification":null,"pinCode":"622103","uidNo":"5478-2589-3688","maritalStatus":null,"nationality":"Indian","occupation":"O553","primaryEmailID":"jack@gmail.com","contactMobileNo":"7010444138","stdLandlineNo":null,"panNo":null,"passportNumber":null,"contactPerson":null,"annualIncome":null,"remarks":null,"startDate":"2020-07-08","endDate":null,"IdProof":"Adhaar Card","residenceProof":null,"ageProof":null,"others":null,"homeAddressLine1":"Om hrad ntalatiof, holOmshre, talathioficeeachol, OmshreeSada9talathi","homeAddressLine2":null,"homeAddressLine3":null,"homePinCode":"622103","homeArea":null,"homeContactMobileNo":null,"homeContactMobileNo2":null,"homeSTDLandlineNo":null,"homeFaxNo":null,"sameAsHomeAddress":"1","mailingAddressLine1":null,"mailingAddressLine2":null,"mailingAddressLine3":null,"mailingPinCode":null,"mailingArea":null,"mailingContactMobileNo":null,"mailingContactMobileNo2":null,"mailingSTDLandlineNo":null,"mailingSTDLandlineNo2":null,"mailingFaxNo":null,"bankAccountType":null,"bankAccountNo":null,"ifscCode":null,"GSTIN":null,"GSTRegistrationStatus":"Consumers","IsEIAavailable":"0","ApplyEIA":"0","EIAAccountNo":null,"EIAWith":"0","AccountType":null,"AddressProof":null,"DOBProof":null,"IdentityProof":null},"PolicyCreationRequest":{"Quotation_Number":"IPB100038888","MasterPolicyNumber":"61-20-00026-00-00","GroupID":"GRP002","Product_Code":"4211","intermediaryCode":"2106233","AutoRenewal":"Y","intermediaryBranchCode":"10MHMUM01","agentSignatureDate":null,"Customer_Signature_Date":null,"businessSourceChannel":null,"AssignPolicy":"0","AssigneeName":null,"leadID":"202076644335","Source_Name":"AXIS_COMBI_GHI","SPID":"1","TCN":null,"CRTNO":null,"RefCode1":"1","RefCode2":"2478","Employee_Number":"620684","enumIsEmployeeDiscount":null,"QuoteDate":null,"IsPayment":"1","PaymentMode":null,"PolicyproductComponents":[{"PlanCode":"4211","SumInsured":"1000000","SchemeCode":"4112000003"}]},"MemObj":{"Member":[{"MemberNo":1,"Salutation":"Mr","First_Name":"test","Middle_Name":null,"Last_Name":"BANKING","Gender":"M","DateOfBirth":"07\/14\/1977","Relation_Code":"R001","Marital_Status":null,"height":"0.00","weight":"0","occupation":"O553","PrimaryMember":"Y","MemberproductComponents":[{"PlanCode":"4211","MemberQuestionDetails":[{"QuestionCode":null,"Answer":null,"Remarks":null}]}],"MemberPED":[{"PEDCode":null,"Remarks":null}],"exactDiagnosis":null,"dateOfDiagnosis":null,"lastDateConsultation":null,"detailsOfTreatmentGiven":null,"doctorName":null,"hospitalName":null,"phoneNumberHosital":null,"Nominee_First_Name":"fht","Nominee_Last_Name":"yhyt","Nominee_Contact_Number":"8789777777","Nominee_Home_Address":null,"Nominee_Relationship_Code":"R011"}]},"ReceiptCreation":{"officeLocation":"Mumbai","modeOfEntry":"Direct","cdAcNo":null,"expiryDate":null,"payerType":"Customer","payerCode":null,"paymentBy":"Customer","paymentByName":null,"paymentByRelationship":null,"collectionAmount":10000,"collectionRcvdDate":"7\/8\/2020 6:57:41 PM","collectionMode":"online","remarks":null,"instrumentNumber":"403993715521255941","instrumentDate":"2020-07-08","bankName":"AXIS BANK","branchName":"ANNA NAGAR CHENNAI","bankLocation":null,"micrNo":null,"chequeType":null,"ifscCode":"UTIB0000016","PaymentGatewayName":"AXIS_NETB","TerminalID":"76010098","CardNo":null}} [] []
[2020-07-08 19:05:05] full_quote_reponse2.INFO: "<ns0:GHI_Res xmlns:ns0=\"http:\/\/ABHICL_NBP_QuickQuote_Schemas.GHI_Response\"><errorObj><ErrorNumber>302<\/ErrorNumber><ErrorMessage>Member_Customer_Id: 260615444244 already had same plan<\/ErrorMessage><\/errorObj><policyDtls><TransactionReferenceNumber><\/TransactionReferenceNumber><QuotationNumber><\/QuotationNumber><CertificateNumber><\/CertificateNumber><LetterURL><\/LetterURL><ClientID><\/ClientID><ProductName><\/ProductName><ProductCode><\/ProductCode><LineOfBusiness><\/LineOfBusiness><startDate><\/startDate><EndDate><\/EndDate><PolicyNumber><\/PolicyNumber><ProposalNumber><\/ProposalNumber><PolicyStatus><\/PolicyStatus><Tenure><\/Tenure><stpFlag><\/stpFlag><COIUrl>Could not find file u0027c:windowssystem32inetsrvObject cannot be cast from DBNull to other typesu0027.<\/COIUrl><\/policyDtls><premium><BasePremium><\/BasePremium><NetPremium><\/NetPremium><GST><\/GST><GrossPremium><\/GrossPremium><\/premium><receiptObj><ReceiptNumber><\/ReceiptNumber><ReceiptAmount><\/ReceiptAmount><ExcessAmount><\/ExcessAmount><\/receiptObj><\/ns0:GHI_Res>" [] []
[2020-07-08 19:05:07] generateOTP.INFO: test [] []
[2020-07-08 19:05:41] generateOTP.INFO: test [] []
[2020-07-08 19:07:05] generateOTP.INFO: test [] []
[2020-07-08 19:07:07] generateOTP.INFO: test [] []
[2020-07-08 19:07:10] generateOTP.INFO: test [] []
[2020-07-08 19:07:48] generateOTP.INFO: test [] []
[2020-07-08 19:07:49] full_quote_request2.INFO: {"ClientCreation":{"Member_Customer_ID":"260615444244","salutation":"Mr","firstName":"test","middleName":"","lastName":"BANKING","dateofBirth":"07\/14\/1977","gender":"M","educationalQualification":null,"pinCode":"622103","uidNo":"5478-2589-3688","maritalStatus":null,"nationality":"Indian","occupation":"O553","primaryEmailID":"jack@gmail.com","contactMobileNo":"7010444138","stdLandlineNo":null,"panNo":null,"passportNumber":null,"contactPerson":null,"annualIncome":null,"remarks":null,"startDate":"2020-07-08","endDate":null,"IdProof":"Adhaar Card","residenceProof":null,"ageProof":null,"others":null,"homeAddressLine1":"Om hrad ntalatiof, holOmshre, talathioficeeachol, OmshreeSada9talathi","homeAddressLine2":null,"homeAddressLine3":null,"homePinCode":"622103","homeArea":null,"homeContactMobileNo":null,"homeContactMobileNo2":null,"homeSTDLandlineNo":null,"homeFaxNo":null,"sameAsHomeAddress":"1","mailingAddressLine1":null,"mailingAddressLine2":null,"mailingAddressLine3":null,"mailingPinCode":null,"mailingArea":null,"mailingContactMobileNo":null,"mailingContactMobileNo2":null,"mailingSTDLandlineNo":null,"mailingSTDLandlineNo2":null,"mailingFaxNo":null,"bankAccountType":null,"bankAccountNo":null,"ifscCode":null,"GSTIN":null,"GSTRegistrationStatus":"Consumers","IsEIAavailable":"0","ApplyEIA":"0","EIAAccountNo":null,"EIAWith":"0","AccountType":null,"AddressProof":null,"DOBProof":null,"IdentityProof":null},"PolicyCreationRequest":{"Quotation_Number":"IPB100038888","MasterPolicyNumber":"61-20-00026-00-00","GroupID":"GRP002","Product_Code":"4211","intermediaryCode":"2106233","AutoRenewal":"Y","intermediaryBranchCode":"10MHMUM01","agentSignatureDate":null,"Customer_Signature_Date":null,"businessSourceChannel":null,"AssignPolicy":"0","AssigneeName":null,"leadID":"202076644335","Source_Name":"AXIS_COMBI_GHI","SPID":"1","TCN":null,"CRTNO":null,"RefCode1":"1","RefCode2":"2478","Employee_Number":"620684","enumIsEmployeeDiscount":null,"QuoteDate":null,"IsPayment":"1","PaymentMode":null,"PolicyproductComponents":[{"PlanCode":"4211","SumInsured":"1000000","SchemeCode":"4112000003"}]},"MemObj":{"Member":[{"MemberNo":1,"Salutation":"Mr","First_Name":"test","Middle_Name":null,"Last_Name":"BANKING","Gender":"M","DateOfBirth":"07\/14\/1977","Relation_Code":"R001","Marital_Status":null,"height":"0.00","weight":"0","occupation":"O553","PrimaryMember":"Y","MemberproductComponents":[{"PlanCode":"4211","MemberQuestionDetails":[{"QuestionCode":null,"Answer":null,"Remarks":null}]}],"MemberPED":[{"PEDCode":null,"Remarks":null}],"exactDiagnosis":null,"dateOfDiagnosis":null,"lastDateConsultation":null,"detailsOfTreatmentGiven":null,"doctorName":null,"hospitalName":null,"phoneNumberHosital":null,"Nominee_First_Name":"fht","Nominee_Last_Name":"yhyt","Nominee_Contact_Number":"8789777777","Nominee_Home_Address":null,"Nominee_Relationship_Code":"R011"}]},"ReceiptCreation":{"officeLocation":"Mumbai","modeOfEntry":"Direct","cdAcNo":null,"expiryDate":null,"payerType":"Customer","payerCode":null,"paymentBy":"Customer","paymentByName":null,"paymentByRelationship":null,"collectionAmount":10000,"collectionRcvdDate":"7\/8\/2020 6:57:41 PM","collectionMode":"online","remarks":null,"instrumentNumber":"403993715521255941","instrumentDate":"2020-07-08","bankName":"AXIS BANK","branchName":"ANNA NAGAR CHENNAI","bankLocation":null,"micrNo":null,"chequeType":null,"ifscCode":"UTIB0000016","PaymentGatewayName":"AXIS_NETB","TerminalID":"76010098","CardNo":null}} [] []
[2020-07-08 19:07:53] full_quote_reponse2.INFO: "<ns0:GHI_Res xmlns:ns0=\"http:\/\/ABHICL_NBP_QuickQuote_Schemas.GHI_Response\"><errorObj><ErrorNumber>302<\/ErrorNumber><ErrorMessage>Member_Customer_Id: 260615444244 already had same plan<\/ErrorMessage><\/errorObj><policyDtls><TransactionReferenceNumber><\/TransactionReferenceNumber><QuotationNumber><\/QuotationNumber><CertificateNumber><\/CertificateNumber><LetterURL><\/LetterURL><ClientID><\/ClientID><ProductName><\/ProductName><ProductCode><\/ProductCode><LineOfBusiness><\/LineOfBusiness><startDate><\/startDate><EndDate><\/EndDate><PolicyNumber><\/PolicyNumber><ProposalNumber><\/ProposalNumber><PolicyStatus><\/PolicyStatus><Tenure><\/Tenure><stpFlag><\/stpFlag><COIUrl>Could not find file u0027c:windowssystem32inetsrvObject cannot be cast from DBNull to other typesu0027.<\/COIUrl><\/policyDtls><premium><BasePremium><\/BasePremium><NetPremium><\/NetPremium><GST><\/GST><GrossPremium><\/GrossPremium><\/premium><receiptObj><ReceiptNumber><\/ReceiptNumber><ReceiptAmount><\/ReceiptAmount><ExcessAmount><\/ExcessAmount><\/receiptObj><\/ns0:GHI_Res>" [] []
[2020-07-08 19:07:54] generateOTP.INFO: test [] []
[2020-07-08 19:10:30] generateOTP.INFO: test [] []
[2020-07-08 19:10:38] generateOTP.INFO: test [] []
[2020-07-08 19:11:03] generateOTP.INFO: test [] []
[2020-07-08 19:11:11] generateOTP.INFO: test [] []
[2020-07-08 19:11:36] generateOTP.INFO: test [] []
[2020-07-08 19:12:45] generateOTP.INFO: test [] []
[2020-07-08 19:13:44] generateOTP.INFO: test [] []
[2020-07-08 19:13:46] full_quote_request1.INFO: {"ClientCreation":{"Member_Customer_ID":"260615444244","salutation":"Mr","firstName":"test","middleName":"","lastName":"BANKING","dateofBirth":"12\/19\/1988","gender":"M","educationalQualification":null,"pinCode":"622103","uidNo":"5478-2589-3688","maritalStatus":null,"nationality":"Indian","occupation":"O553","primaryEmailID":"jack@gmail.com","contactMobileNo":"7010444138","stdLandlineNo":null,"panNo":null,"passportNumber":null,"contactPerson":null,"annualIncome":null,"remarks":null,"startDate":"2020-07-08","endDate":null,"IdProof":"Adhaar Card","residenceProof":null,"ageProof":null,"others":null,"homeAddressLine1":"Om hrad ntalatiof, holOmshre, talathioficeeachol, OmshreeSada9talathi","homeAddressLine2":null,"homeAddressLine3":null,"homePinCode":"622103","homeArea":null,"homeContactMobileNo":null,"homeContactMobileNo2":null,"homeSTDLandlineNo":null,"homeFaxNo":null,"sameAsHomeAddress":"1","mailingAddressLine1":null,"mailingAddressLine2":null,"mailingAddressLine3":null,"mailingPinCode":null,"mailingArea":null,"mailingContactMobileNo":null,"mailingContactMobileNo2":null,"mailingSTDLandlineNo":null,"mailingSTDLandlineNo2":null,"mailingFaxNo":null,"bankAccountType":null,"bankAccountNo":null,"ifscCode":null,"GSTIN":null,"GSTRegistrationStatus":"Consumers","IsEIAavailable":"0","ApplyEIA":"0","EIAAccountNo":null,"EIAWith":"0","AccountType":null,"AddressProof":null,"DOBProof":null,"IdentityProof":null},"PolicyCreationRequest":{"Quotation_Number":"","MasterPolicyNumber":"62-20-00015-00-00","GroupID":"GRP002","Product_Code":"4112","intermediaryCode":"2106233","AutoRenewal":"Y","intermediaryBranchCode":"10MHMUM01","agentSignatureDate":null,"Customer_Signature_Date":null,"businessSourceChannel":null,"AssignPolicy":"0","AssigneeName":null,"leadID":"2020766433335","Source_Name":"AXIS_COMBI_GFB","SPID":"1","TCN":null,"CRTNO":null,"RefCode1":"1","RefCode2":"2478","Employee_Number":"620683","enumIsEmployeeDiscount":null,"QuoteDate":null,"IsPayment":"0","PaymentMode":null,"PolicyproductComponents":[{"PlanCode":"4112","SumInsured":"1000000","SchemeCode":"4112000003"},{"PlanCode":"4216","SumInsured":"1000000","SchemeCode":"4112000003"}]},"MemObj":{"Member":[{"MemberNo":1,"Salutation":"Mr","First_Name":"test","Middle_Name":null,"Last_Name":"BANKING","Gender":"M","DateOfBirth":"12\/19\/1988","Relation_Code":"R001","Marital_Status":null,"height":"0.00","weight":"0","occupation":"O553","PrimaryMember":"Y","MemberproductComponents":[{"PlanCode":"4112","MemberQuestionDetails":[{"QuestionCode":null,"Answer":null,"Remarks":null}]},{"PlanCode":"4216","MemberQuestionDetails":[{"QuestionCode":null,"Answer":null,"Remarks":null}]}],"MemberPED":[{"PEDCode":null,"Remarks":null}],"exactDiagnosis":null,"dateOfDiagnosis":null,"lastDateConsultation":null,"detailsOfTreatmentGiven":null,"doctorName":null,"hospitalName":null,"phoneNumberHosital":null,"Nominee_First_Name":"thr","Nominee_Last_Name":"thr","Nominee_Contact_Number":"7555555555","Nominee_Home_Address":null,"Nominee_Relationship_Code":"R005"}]},"ReceiptCreation":{"officeLocation":"","modeOfEntry":"","cdAcNo":null,"expiryDate":null,"payerType":"","payerCode":null,"paymentBy":"","paymentByName":null,"paymentByRelationship":null,"collectionAmount":"","collectionRcvdDate":null,"collectionMode":"","remarks":null,"instrumentNumber":null,"instrumentDate":null,"bankName":null,"branchName":null,"bankLocation":null,"micrNo":null,"chequeType":null,"ifscCode":"","PaymentGatewayName":"","TerminalID":"","CardNo":null}} [] []
[2020-07-08 19:13:50] full_quote_reponse1.INFO: "<ns0:GFB_Res xmlns:ns0=\"http:\/\/ABHICL_NBP_QuickQuote_Schemas.GFB_Response\"><errorObj><ErrorNumber>00<\/ErrorNumber><ErrorMessage>Success<\/ErrorMessage><\/errorObj><policyDtls><TransactionReferenceNumber><\/TransactionReferenceNumber><QuotationNumber>IPB100038977<\/QuotationNumber><CertificateNumber><\/CertificateNumber><LetterURL><\/LetterURL><ClientID><\/ClientID><ProductName>Group Activ Secure - Personal Accident<\/ProductName><ProductCode>4112<\/ProductCode><LineOfBusiness>41<\/LineOfBusiness><startDate><\/startDate><EndDate><\/EndDate><PolicyNumber>62-20-00015-00-00<\/PolicyNumber><ProposalNumber><\/ProposalNumber><PolicyStatus>PQ1<\/PolicyStatus><Tenure>1<\/Tenure><stpFlag>0<\/stpFlag><COIUrl>Could not find file u0027c:windowssystem32inetsrvObject cannot be cast from DBNull to other typesu0027.<\/COIUrl><\/policyDtls><premium><BasePremium>6355.94<\/BasePremium><NetPremium>6355.94<\/NetPremium><GST>1144.07<\/GST><GrossPremium>7500.00<\/GrossPremium><\/premium><receiptObj><ReceiptNumber><\/ReceiptNumber><ReceiptAmount><\/ReceiptAmount><ExcessAmount><\/ExcessAmount><\/receiptObj><\/ns0:GFB_Res>" [] []
[2020-07-08 19:13:50] full_quote_request2.INFO: {"ClientCreation":{"Member_Customer_ID":"260615444244","salutation":"Mr","firstName":"test","middleName":"","lastName":"BANKING","dateofBirth":"12\/19\/1988","gender":"M","educationalQualification":null,"pinCode":"622103","uidNo":"5478-2589-3688","maritalStatus":null,"nationality":"Indian","occupation":"O553","primaryEmailID":"jack@gmail.com","contactMobileNo":"7010444138","stdLandlineNo":null,"panNo":null,"passportNumber":null,"contactPerson":null,"annualIncome":null,"remarks":null,"startDate":"2020-07-08","endDate":null,"IdProof":"Adhaar Card","residenceProof":null,"ageProof":null,"others":null,"homeAddressLine1":"Om hrad ntalatiof, holOmshre, talathioficeeachol, OmshreeSada9talathi","homeAddressLine2":null,"homeAddressLine3":null,"homePinCode":"622103","homeArea":null,"homeContactMobileNo":null,"homeContactMobileNo2":null,"homeSTDLandlineNo":null,"homeFaxNo":null,"sameAsHomeAddress":"1","mailingAddressLine1":null,"mailingAddressLine2":null,"mailingAddressLine3":null,"mailingPinCode":null,"mailingArea":null,"mailingContactMobileNo":null,"mailingContactMobileNo2":null,"mailingSTDLandlineNo":null,"mailingSTDLandlineNo2":null,"mailingFaxNo":null,"bankAccountType":null,"bankAccountNo":null,"ifscCode":null,"GSTIN":null,"GSTRegistrationStatus":"Consumers","IsEIAavailable":"0","ApplyEIA":"0","EIAAccountNo":null,"EIAWith":"0","AccountType":null,"AddressProof":null,"DOBProof":null,"IdentityProof":null},"PolicyCreationRequest":{"Quotation_Number":"IPB100038977","MasterPolicyNumber":"62-20-00015-00-00","GroupID":"GRP002","Product_Code":"4112","intermediaryCode":"2106233","AutoRenewal":"Y","intermediaryBranchCode":"10MHMUM01","agentSignatureDate":null,"Customer_Signature_Date":null,"businessSourceChannel":null,"AssignPolicy":"0","AssigneeName":null,"leadID":"2020766433335","Source_Name":"AXIS_COMBI_GFB","SPID":"1","TCN":null,"CRTNO":null,"RefCode1":"1","RefCode2":"2478","Employee_Number":"620683","enumIsEmployeeDiscount":null,"QuoteDate":null,"IsPayment":"1","PaymentMode":null,"PolicyproductComponents":[{"PlanCode":"4112","SumInsured":"1000000","SchemeCode":"4112000003"},{"PlanCode":"4216","SumInsured":"1000000","SchemeCode":"4112000003"}]},"MemObj":{"Member":[{"MemberNo":1,"Salutation":"Mr","First_Name":"test","Middle_Name":null,"Last_Name":"BANKING","Gender":"M","DateOfBirth":"12\/19\/1988","Relation_Code":"R001","Marital_Status":null,"height":"0.00","weight":"0","occupation":"O553","PrimaryMember":"Y","MemberproductComponents":[{"PlanCode":"4112","MemberQuestionDetails":[{"QuestionCode":null,"Answer":null,"Remarks":null}]},{"PlanCode":"4216","MemberQuestionDetails":[{"QuestionCode":null,"Answer":null,"Remarks":null}]}],"MemberPED":[{"PEDCode":null,"Remarks":null}],"exactDiagnosis":null,"dateOfDiagnosis":null,"lastDateConsultation":null,"detailsOfTreatmentGiven":null,"doctorName":null,"hospitalName":null,"phoneNumberHosital":null,"Nominee_First_Name":"thr","Nominee_Last_Name":"thr","Nominee_Contact_Number":"7555555555","Nominee_Home_Address":null,"Nominee_Relationship_Code":"R005"}]},"ReceiptCreation":{"officeLocation":"Mumbai","modeOfEntry":"Direct","cdAcNo":null,"expiryDate":null,"payerType":"Customer","payerCode":null,"paymentBy":"Customer","paymentByName":null,"paymentByRelationship":null,"collectionAmount":10000,"collectionRcvdDate":"7\/8\/2020 6:50:41 PM","collectionMode":"online","remarks":null,"instrumentNumber":"403993715521255828","instrumentDate":"2020-07-08","bankName":"AXIS BANK","branchName":"ANNA NAGAR CHENNAI","bankLocation":null,"micrNo":null,"chequeType":null,"ifscCode":"UTIB0000016","PaymentGatewayName":"AXIS_NETB","TerminalID":"76010098","CardNo":null}} [] []
[2020-07-08 19:13:54] full_quote_reponse2.INFO: "<ns0:GFB_Res xmlns:ns0=\"http:\/\/ABHICL_NBP_QuickQuote_Schemas.GFB_Response\"><errorObj><ErrorNumber>302<\/ErrorNumber><ErrorMessage>Member_Customer_Id: 260615444244 already had same plan<\/ErrorMessage><\/errorObj><policyDtls><TransactionReferenceNumber><\/TransactionReferenceNumber><QuotationNumber><\/QuotationNumber><CertificateNumber><\/CertificateNumber><LetterURL><\/LetterURL><ClientID><\/ClientID><ProductName><\/ProductName><ProductCode><\/ProductCode><LineOfBusiness><\/LineOfBusiness><startDate><\/startDate><EndDate><\/EndDate><PolicyNumber><\/PolicyNumber><ProposalNumber><\/ProposalNumber><PolicyStatus><\/PolicyStatus><Tenure><\/Tenure><stpFlag><\/stpFlag><COIUrl>Could not find file u0027c:windowssystem32inetsrvObject cannot be cast from DBNull to other typesu0027.<\/COIUrl><\/policyDtls><premium><BasePremium><\/BasePremium><NetPremium><\/NetPremium><GST><\/GST><GrossPremium><\/GrossPremium><\/premium><receiptObj><ReceiptNumber><\/ReceiptNumber><ReceiptAmount><\/ReceiptAmount><ExcessAmount><\/ExcessAmount><\/receiptObj><\/ns0:GFB_Res>" [] []
[2020-07-08 19:13:57] generateOTP.INFO: test [] []
[2020-07-08 19:16:15] generateOTP.INFO: test [] []
[2020-07-08 19:16:18] full_quote_request1.INFO: {"ClientCreation":{"Member_Customer_ID":"260615444244999","salutation":"Mr","firstName":"test","middleName":"","lastName":"BANKING","dateofBirth":"12\/19\/1988","gender":"M","educationalQualification":null,"pinCode":"622103","uidNo":"5478-2589-3688","maritalStatus":null,"nationality":"Indian","occupation":"O553","primaryEmailID":"jack@gmail.com","contactMobileNo":"7010444138","stdLandlineNo":null,"panNo":null,"passportNumber":null,"contactPerson":null,"annualIncome":null,"remarks":null,"startDate":"2020-07-08","endDate":null,"IdProof":"Adhaar Card","residenceProof":null,"ageProof":null,"others":null,"homeAddressLine1":"Om hrad ntalatiof, holOmshre, talathioficeeachol, OmshreeSada9talathi","homeAddressLine2":null,"homeAddressLine3":null,"homePinCode":"622103","homeArea":null,"homeContactMobileNo":null,"homeContactMobileNo2":null,"homeSTDLandlineNo":null,"homeFaxNo":null,"sameAsHomeAddress":"1","mailingAddressLine1":null,"mailingAddressLine2":null,"mailingAddressLine3":null,"mailingPinCode":null,"mailingArea":null,"mailingContactMobileNo":null,"mailingContactMobileNo2":null,"mailingSTDLandlineNo":null,"mailingSTDLandlineNo2":null,"mailingFaxNo":null,"bankAccountType":null,"bankAccountNo":null,"ifscCode":null,"GSTIN":null,"GSTRegistrationStatus":"Consumers","IsEIAavailable":"0","ApplyEIA":"0","EIAAccountNo":null,"EIAWith":"0","AccountType":null,"AddressProof":null,"DOBProof":null,"IdentityProof":null},"PolicyCreationRequest":{"Quotation_Number":"","MasterPolicyNumber":"62-20-00015-00-00","GroupID":"GRP002","Product_Code":"4112","intermediaryCode":"2106233","AutoRenewal":"Y","intermediaryBranchCode":"10MHMUM01","agentSignatureDate":null,"Customer_Signature_Date":null,"businessSourceChannel":null,"AssignPolicy":"0","AssigneeName":null,"leadID":"2020766433335","Source_Name":"AXIS_COMBI_GFB","SPID":"1","TCN":null,"CRTNO":null,"RefCode1":"1","RefCode2":"2478","Employee_Number":"620683","enumIsEmployeeDiscount":null,"QuoteDate":null,"IsPayment":"0","PaymentMode":null,"PolicyproductComponents":[{"PlanCode":"4112","SumInsured":"1000000","SchemeCode":"4112000003"},{"PlanCode":"4216","SumInsured":"1000000","SchemeCode":"4112000003"}]},"MemObj":{"Member":[{"MemberNo":1,"Salutation":"Mr","First_Name":"test","Middle_Name":null,"Last_Name":"BANKING","Gender":"M","DateOfBirth":"12\/19\/1988","Relation_Code":"R001","Marital_Status":null,"height":"0.00","weight":"0","occupation":"O553","PrimaryMember":"Y","MemberproductComponents":[{"PlanCode":"4112","MemberQuestionDetails":[{"QuestionCode":null,"Answer":null,"Remarks":null}]},{"PlanCode":"4216","MemberQuestionDetails":[{"QuestionCode":null,"Answer":null,"Remarks":null}]}],"MemberPED":[{"PEDCode":null,"Remarks":null}],"exactDiagnosis":null,"dateOfDiagnosis":null,"lastDateConsultation":null,"detailsOfTreatmentGiven":null,"doctorName":null,"hospitalName":null,"phoneNumberHosital":null,"Nominee_First_Name":"thr","Nominee_Last_Name":"thr","Nominee_Contact_Number":"7555555555","Nominee_Home_Address":null,"Nominee_Relationship_Code":"R005"}]},"ReceiptCreation":{"officeLocation":"","modeOfEntry":"","cdAcNo":null,"expiryDate":null,"payerType":"","payerCode":null,"paymentBy":"","paymentByName":null,"paymentByRelationship":null,"collectionAmount":"","collectionRcvdDate":null,"collectionMode":"","remarks":null,"instrumentNumber":null,"instrumentDate":null,"bankName":null,"branchName":null,"bankLocation":null,"micrNo":null,"chequeType":null,"ifscCode":"","PaymentGatewayName":"","TerminalID":"","CardNo":null}} [] []
[2020-07-08 19:16:21] full_quote_reponse1.INFO: "<ns0:GFB_Res xmlns:ns0=\"http:\/\/ABHICL_NBP_QuickQuote_Schemas.GFB_Response\"><errorObj><ErrorNumber>00<\/ErrorNumber><ErrorMessage>Success<\/ErrorMessage><\/errorObj><policyDtls><TransactionReferenceNumber><\/TransactionReferenceNumber><QuotationNumber>IPB100038978<\/QuotationNumber><CertificateNumber><\/CertificateNumber><LetterURL><\/LetterURL><ClientID><\/ClientID><ProductName>Group Activ Secure - Personal Accident<\/ProductName><ProductCode>4112<\/ProductCode><LineOfBusiness>41<\/LineOfBusiness><startDate><\/startDate><EndDate><\/EndDate><PolicyNumber>62-20-00015-00-00<\/PolicyNumber><ProposalNumber><\/ProposalNumber><PolicyStatus>PQ1<\/PolicyStatus><Tenure>1<\/Tenure><stpFlag>0<\/stpFlag><COIUrl>Could not find file u0027c:windowssystem32inetsrvObject cannot be cast from DBNull to other typesu0027.<\/COIUrl><\/policyDtls><premium><BasePremium>6355.94<\/BasePremium><NetPremium>6355.94<\/NetPremium><GST>1144.07<\/GST><GrossPremium>7500.00<\/GrossPremium><\/premium><receiptObj><ReceiptNumber><\/ReceiptNumber><ReceiptAmount><\/ReceiptAmount><ExcessAmount><\/ExcessAmount><\/receiptObj><\/ns0:GFB_Res>" [] []
[2020-07-08 19:16:21] full_quote_request2.INFO: {"ClientCreation":{"Member_Customer_ID":"260615444244999","salutation":"Mr","firstName":"test","middleName":"","lastName":"BANKING","dateofBirth":"12\/19\/1988","gender":"M","educationalQualification":null,"pinCode":"622103","uidNo":"5478-2589-3688","maritalStatus":null,"nationality":"Indian","occupation":"O553","primaryEmailID":"jack@gmail.com","contactMobileNo":"7010444138","stdLandlineNo":null,"panNo":null,"passportNumber":null,"contactPerson":null,"annualIncome":null,"remarks":null,"startDate":"2020-07-08","endDate":null,"IdProof":"Adhaar Card","residenceProof":null,"ageProof":null,"others":null,"homeAddressLine1":"Om hrad ntalatiof, holOmshre, talathioficeeachol, OmshreeSada9talathi","homeAddressLine2":null,"homeAddressLine3":null,"homePinCode":"622103","homeArea":null,"homeContactMobileNo":null,"homeContactMobileNo2":null,"homeSTDLandlineNo":null,"homeFaxNo":null,"sameAsHomeAddress":"1","mailingAddressLine1":null,"mailingAddressLine2":null,"mailingAddressLine3":null,"mailingPinCode":null,"mailingArea":null,"mailingContactMobileNo":null,"mailingContactMobileNo2":null,"mailingSTDLandlineNo":null,"mailingSTDLandlineNo2":null,"mailingFaxNo":null,"bankAccountType":null,"bankAccountNo":null,"ifscCode":null,"GSTIN":null,"GSTRegistrationStatus":"Consumers","IsEIAavailable":"0","ApplyEIA":"0","EIAAccountNo":null,"EIAWith":"0","AccountType":null,"AddressProof":null,"DOBProof":null,"IdentityProof":null},"PolicyCreationRequest":{"Quotation_Number":"IPB100038978","MasterPolicyNumber":"62-20-00015-00-00","GroupID":"GRP002","Product_Code":"4112","intermediaryCode":"2106233","AutoRenewal":"Y","intermediaryBranchCode":"10MHMUM01","agentSignatureDate":null,"Customer_Signature_Date":null,"businessSourceChannel":null,"AssignPolicy":"0","AssigneeName":null,"leadID":"2020766433335","Source_Name":"AXIS_COMBI_GFB","SPID":"1","TCN":null,"CRTNO":null,"RefCode1":"1","RefCode2":"2478","Employee_Number":"620683","enumIsEmployeeDiscount":null,"QuoteDate":null,"IsPayment":"1","PaymentMode":null,"PolicyproductComponents":[{"PlanCode":"4112","SumInsured":"1000000","SchemeCode":"4112000003"},{"PlanCode":"4216","SumInsured":"1000000","SchemeCode":"4112000003"}]},"MemObj":{"Member":[{"MemberNo":1,"Salutation":"Mr","First_Name":"test","Middle_Name":null,"Last_Name":"BANKING","Gender":"M","DateOfBirth":"12\/19\/1988","Relation_Code":"R001","Marital_Status":null,"height":"0.00","weight":"0","occupation":"O553","PrimaryMember":"Y","MemberproductComponents":[{"PlanCode":"4112","MemberQuestionDetails":[{"QuestionCode":null,"Answer":null,"Remarks":null}]},{"PlanCode":"4216","MemberQuestionDetails":[{"QuestionCode":null,"Answer":null,"Remarks":null}]}],"MemberPED":[{"PEDCode":null,"Remarks":null}],"exactDiagnosis":null,"dateOfDiagnosis":null,"lastDateConsultation":null,"detailsOfTreatmentGiven":null,"doctorName":null,"hospitalName":null,"phoneNumberHosital":null,"Nominee_First_Name":"thr","Nominee_Last_Name":"thr","Nominee_Contact_Number":"7555555555","Nominee_Home_Address":null,"Nominee_Relationship_Code":"R005"}]},"ReceiptCreation":{"officeLocation":"Mumbai","modeOfEntry":"Direct","cdAcNo":null,"expiryDate":null,"payerType":"Customer","payerCode":null,"paymentBy":"Customer","paymentByName":null,"paymentByRelationship":null,"collectionAmount":10000,"collectionRcvdDate":"7\/8\/2020 6:50:41 PM","collectionMode":"online","remarks":null,"instrumentNumber":"403993715521255828","instrumentDate":"2020-07-08","bankName":"AXIS BANK","branchName":"ANNA NAGAR CHENNAI","bankLocation":null,"micrNo":null,"chequeType":null,"ifscCode":"UTIB0000016","PaymentGatewayName":"AXIS_NETB","TerminalID":"76010098","CardNo":null}} [] []
[2020-07-08 19:16:26] full_quote_reponse2.INFO: "<ns0:GFB_Res xmlns:ns0=\"http:\/\/ABHICL_NBP_QuickQuote_Schemas.GFB_Response\"><errorObj><ErrorNumber>00<\/ErrorNumber><ErrorMessage>Success<\/ErrorMessage><\/errorObj><policyDtls><TransactionReferenceNumber><\/TransactionReferenceNumber><QuotationNumber>IPB100038979<\/QuotationNumber><CertificateNumber>GCI-20-2000002<\/CertificateNumber><LetterURL>https:\/\/abpb.adityabirlahealth.com\/hbletter\/viewletter.aspx?ABH=50689&amp;TRM=GCI-20-2000002<\/LetterURL><ClientID>1285380<\/ClientID><ProductName>Group Activ Secure<\/ProductName><ProductCode>4000<\/ProductCode><LineOfBusiness>40<\/LineOfBusiness><startDate>7\/8\/2020 12:00:00 AM<\/startDate><EndDate>7\/7\/2021 12:00:00 AM<\/EndDate><PolicyNumber>62-20-00015-00-00<\/PolicyNumber><ProposalNumber>IPB100038979<\/ProposalNumber><PolicyStatus>IF<\/PolicyStatus><Tenure>1<\/Tenure><stpFlag>0<\/stpFlag><COIUrl>Could not find file u0027c:windowssystem32inetsrvObject cannot be cast from DBNull to other typesu0027.<\/COIUrl><\/policyDtls><premium><BasePremium>6355.94<\/BasePremium><NetPremium>6355.94<\/NetPremium><GST>1144.07<\/GST><GrossPremium>7500.00<\/GrossPremium><\/premium><receiptObj><ReceiptNumber>R100182997<\/ReceiptNumber><ReceiptAmount>10000.00<\/ReceiptAmount><ExcessAmount>2500.00<\/ExcessAmount><\/receiptObj><\/ns0:GFB_Res>" [] []
[2020-07-08 19:16:26] api_insert.INFO: {"emp_id":"620683","client_id":"1285380","certificate_number":"GCI-20-2000002","quotation_no":"IPB100038979","proposal_no":"IPB100038979","policy_no":"62-20-00015-00-00","gross_premium":null,"status":"Success","start_date":"7\/8\/2020 12:00:00 AM","end_date":"7\/7\/2021 12:00:00 AM","created_date":"2020-07-08 19:16:26","proposal_no_lead":"P-202007080001","CustomerID":null,"PolicyStatus":"IF","MemberCustomerID":null,"letter_url":"https:\/\/abpb.adityabirlahealth.com\/hbletter\/viewletter.aspx?ABH=50689&TRM=GCI-20-2000002","type_login":""} [] []
[2020-07-08 19:16:31] generateOTP.INFO: test [] []
