[2020-08-08 00:07:42] generateOTP.INFO: test [] []
[2020-08-08 00:07:44] generateOTP.INFO: test [] []
[2020-08-08 00:07:52] generateOTP.INFO: test [] []
[2020-08-08 00:08:00] generateOTP.INFO: test [] []
[2020-08-08 00:08:12] generateOTP.INFO: test [] []
[2020-08-08 00:08:22] generateOTP.INFO: test [] []
[2020-08-08 00:08:35] generateOTP.INFO: test [] []
[2020-08-08 00:09:03] generateOTP.INFO: test [] []
[2020-08-08 00:09:06] generateOTP.INFO: test [] []
[2020-08-08 00:10:07] generateOTP.INFO: test [] []
[2020-08-08 00:10:27] generateOTP.INFO: test [] []
[2020-08-08 00:10:54] generateOTP.INFO: test [] []
[2020-08-08 00:11:35] generateOTP.INFO: test [] []
[2020-08-08 00:11:50] generateOTP.INFO: test [] []
[2020-08-08 00:12:24] generateOTP.INFO: test [] []
[2020-08-08 00:12:26] generateOTP.INFO: test [] []
[2020-08-08 00:14:47] generateOTP.INFO: test [] []
[2020-08-08 00:15:41] generateOTP.INFO: test [] []
[2020-08-08 00:15:43] generateOTP.INFO: test [] []
[2020-08-08 00:16:15] generateOTP.INFO: test [] []
[2020-08-08 00:16:48] generateOTP.INFO: test [] []
[2020-08-08 00:17:13] generateOTP.INFO: test [] []
[2020-08-08 00:17:15] generateOTP.INFO: test [] []
[2020-08-08 00:18:04] generateOTP.INFO: test [] []
[2020-08-08 00:18:06] generateOTP.INFO: test [] []
[2020-08-08 00:18:33] generateOTP.INFO: test [] []
[2020-08-08 00:18:41] generateOTP.INFO: test [] []
[2020-08-08 00:18:54] generateOTP.INFO: test [] []
[2020-08-08 00:18:57] generateOTP.INFO: test [] []
[2020-08-08 00:19:04] generateOTP.INFO: test [] []
[2020-08-08 00:20:09] generateOTP.INFO: test [] []
[2020-08-08 00:20:12] generateOTP.INFO: test [] []
[2020-08-08 00:20:50] generateOTP.INFO: test [] []
[2020-08-08 00:22:15] generateOTP.INFO: test [] []
[2020-08-08 00:23:38] generateOTP.INFO: test [] []
[2020-08-08 00:24:57] generateOTP.INFO: test [] []
[2020-08-08 00:25:23] generateOTP.INFO: test [] []
[2020-08-08 00:25:53] generateOTP.INFO: test [] []
[2020-08-08 00:25:53] generateOTP.INFO: test [] []
[2020-08-08 00:25:56] generateOTP.INFO: test [] []
[2020-08-08 00:26:28] generateOTP.INFO: test [] []
[2020-08-08 00:27:50] generateOTP.INFO: test [] []
[2020-08-08 00:27:53] generateOTP.INFO: test [] []
[2020-08-08 00:28:20] generateOTP.INFO: test [] []
[2020-08-08 00:29:18] generateOTP.INFO: test [] []
[2020-08-08 00:30:08] generateOTP.INFO: test [] []
[2020-08-08 00:31:36] generateOTP.INFO: test [] []
[2020-08-08 00:31:42] generateOTP.INFO: test [] []
[2020-08-08 00:32:30] generateOTP.INFO: test [] []
[2020-08-08 00:34:09] generateOTP.INFO: test [] []
[2020-08-08 00:35:27] generateOTP.INFO: test [] []
[2020-08-08 00:35:30] generateOTP.INFO: test [] []
[2020-08-08 00:35:34] generateOTP.INFO: test [] []
[2020-08-08 00:36:00] generateOTP.INFO: test [] []
[2020-08-08 00:36:36] generateOTP.INFO: test [] []
[2020-08-08 00:37:51] generateOTP.INFO: test [] []
[2020-08-08 00:38:05] generateOTP.INFO: test [] []
[2020-08-08 10:12:26] generateOTP.INFO: test [] []
[2020-08-08 10:12:39] generateOTP.INFO: test [] []
[2020-08-08 10:12:40] generateOTP.INFO: test [] []
[2020-08-08 10:12:40] generateOTP.INFO: test [] []
[2020-08-08 10:12:45] generateOTP.INFO: test [] []
[2020-08-08 10:14:38] generateOTP.INFO: test [] []
[2020-08-08 10:15:31] generateOTP.INFO: test [] []
[2020-08-08 10:15:34] generateOTP.INFO: test [] []
[2020-08-08 10:19:57] generateOTP.INFO: test [] []
[2020-08-08 10:19:59] generateOTP.INFO: test [] []
[2020-08-08 10:23:40] generateOTP.INFO: test [] []
[2020-08-08 10:23:41] generateOTP.INFO: test [] []
[2020-08-08 10:24:07] generateOTP.INFO: test [] []
[2020-08-08 10:25:09] generateOTP.INFO: test [] []
[2020-08-08 10:25:11] generateOTP.INFO: test [] []
[2020-08-08 10:25:12] generateOTP.INFO: test [] []
[2020-08-08 10:25:22] generateOTP.INFO: test [] []
[2020-08-08 10:25:27] generateOTP.INFO: test [] []
[2020-08-08 10:25:34] generateOTP.INFO: test [] []
[2020-08-08 10:25:52] generateOTP.INFO: test [] []
[2020-08-08 11:07:32] generateOTP.INFO: test [] []
[2020-08-08 11:07:33] generateOTP.INFO: test [] []
[2020-08-08 11:07:35] generateOTP.INFO: test [] []
[2020-08-08 11:07:53] generateOTP.INFO: test [] []
[2020-08-08 11:12:46] generateOTP.INFO: test [] []
[2020-08-08 11:16:35] generateOTP.INFO: {"salutation":"3","firstname":"testing999","lastname":"poq","dob":"19-12-1988","mob_no":"7010444138","panCard":"XXXXXX456A","email":"pqrt@gmail.com","ref1":"1","ref2":"1","comAdd":"Om hrad ntalatiof, holOmshre, talathioficeeachol, OmshreeSada9talathi","city":"MUMBAI","state":"MAHARASHTRA","pin_code":"622103","ISNRI":"N","update_emp_id":"622414","edit":"0","policy_no":"392,393","subtype_text":"1","sum_insure":"1000000","anuual_income":"","familyConstruct":"1A+1K","family_members_id":"0","family_gender":"Male","first_name":"testing999","last_name":"poq","family_date_birth":"19-12-1988","age":"31","age_type":" years","tenure":"1 Year","sub_type_check":["2"],"18":"Yes","19":"No","family_id":"","s_date":"","marriage_date":"","premium":"20099","policyNo":"392,393","familyDataType":"undefined","empId":"622414","product":"iWL65dcd54d9c5a65","declare":"[{\"question\":\"18\",\"format\":\"Yes\"},{\"question\":\"19\",\"format\":\"No\"}]","gender":"Male","gci_options":"Yes"} [] []
[2020-08-08 11:17:02] generateOTP.INFO: {"salutation":"3","firstname":"testing999","lastname":"poq","dob":"19-12-1988","mob_no":"7010444138","panCard":"XXXXXX456A","email":"pqrt@gmail.com","ref1":"1","ref2":"1","comAdd":"Om hrad ntalatiof, holOmshre, talathioficeeachol, OmshreeSada9talathi","city":"MUMBAI","state":"MAHARASHTRA","pin_code":"622103","ISNRI":"N","update_emp_id":"622414","edit":"0","policy_no":"392,393","subtype_text":"1","sum_insure":"1000000","anuual_income":"","familyConstruct":"1A+1K","family_members_id":"0","family_gender":"Male","first_name":"testing999","last_name":"poq","family_date_birth":"19-12-1988","age":"31","age_type":" years","tenure":"1 Year","sub_type_check":["2"],"18":"No","19":"No","family_id":"","s_date":"","marriage_date":"","premium":"20099","policyNo":"392,393","familyDataType":"undefined","empId":"622414","product":"iWL65dcd54d9c5a65","declare":"[{\"question\":\"18\",\"format\":\"No\"},{\"question\":\"19\",\"format\":\"No\"}]","gender":"Male","gci_options":"Yes"} [] []
[2020-08-08 11:18:41] generateOTP.INFO: {"salutation":"3","firstname":"testing999","lastname":"poq","dob":"19-12-1988","mob_no":"7010444138","panCard":"XXXXXX456A","email":"pqrt@gmail.com","ref1":"1","ref2":"1","comAdd":"Om hrad ntalatiof, holOmshre, talathioficeeachol, OmshreeSada9talathi","city":"MUMBAI","state":"MAHARASHTRA","pin_code":"622103","ISNRI":"N","update_emp_id":"622414","edit":"0","policy_no":"392,393","subtype_text":"1","sum_insure":"1000000","anuual_income":"","familyConstruct":"1A+1K","family_members_id":"1","family_gender":"Female","first_name":"jfgfhmhg","last_name":"jglcgjlgckg","family_date_birth":"07-08-2020","age":"0","age_type":"days","tenure":"1 Year","family_id":"","s_date":"","marriage_date":"","premium":"20099","policyNo":"392,393","familyDataType":"undefined","empId":"622414","product":"iWL65dcd54d9c5a65","declare":"[]","gender":"Male","gci_options":"Yes"} [] []
[2020-08-08 11:19:12] generateOTP.INFO: {"salutation":"3","firstname":"testing999","lastname":"poq","dob":"19-12-1988","mob_no":"7010444138","panCard":"XXXXXX456A","email":"pqrt@gmail.com","ref1":"1","ref2":"1","comAdd":"Om hrad ntalatiof, holOmshre, talathioficeeachol, OmshreeSada9talathi","city":"MUMBAI","state":"MAHARASHTRA","pin_code":"622103","ISNRI":"N","update_emp_id":"622414","edit":"0","policy_no":"392,393","subtype_text":"1","sum_insure":"1000000","anuual_income":"","familyConstruct":"1A+1K","family_members_id":"1","family_gender":"Female","first_name":"jfgfhmhg","last_name":"jglcgjlgckg","family_date_birth":"02-01-1990","age":"30","age_type":" years","tenure":"1 Year","sub_type_check":["4"],"21":"Yes","family_id":"","s_date":"","marriage_date":"","premium":"20099","policyNo":"392,393","familyDataType":"undefined","empId":"622414","product":"iWL65dcd54d9c5a65","declare":"[{\"question\":\"21\",\"format\":\"Yes\"}]","gender":"Male","gci_options":"Yes"} [] []
[2020-08-08 11:48:37] generateOTP.INFO: {"salutation":"3","firstname":"testing999","lastname":"poq","dob":"19-12-1988","mob_no":"7010444138","panCard":"XXXXXX456A","email":"pqrt@gmail.com","ref1":"1","ref2":"1","comAdd":"Om hrad ntalatiof, holOmshre, talathioficeeachol, OmshreeSada9talathi","city":"MUMBAI","state":"MAHARASHTRA","pin_code":"622103","ISNRI":"N","update_emp_id":"622414","edit":"0","policy_no":"392,393","subtype_text":"1","sum_insure":"1000000","anuual_income":"","familyConstruct":"1A+1K","family_members_id":"1","family_gender":"Female","first_name":"jfgfhmhg","last_name":"jglcgjlgckg","family_date_birth":"02-01-1990","age":"30","age_type":" years","tenure":"1 Year","sub_type_check":["4"],"21":"Yes","family_id":"","s_date":"","marriage_date":"","premium":"20099","policyNo":"392,393","familyDataType":"undefined","empId":"622414","product":"iWL65dcd54d9c5a65","declare":"[{\"question\":\"21\",\"format\":\"Yes\"}]","gender":"Male","gci_options":"Yes"} [] []
[2020-08-08 11:49:32] generateOTP.INFO: {"salutation":"3","firstname":"testing999","lastname":"poq","dob":"19-12-1988","mob_no":"7010444138","panCard":"XXXXXX456A","email":"pqrt@gmail.com","ref1":"1","ref2":"1","comAdd":"Om hrad ntalatiof, holOmshre, talathioficeeachol, OmshreeSada9talathi","city":"MUMBAI","state":"MAHARASHTRA","pin_code":"622103","ISNRI":"N","update_emp_id":"622414","edit":"0","policy_no":"392,393","subtype_text":"1","sum_insure":"1000000","anuual_income":"","familyConstruct":"1A+1K","family_members_id":"2","family_gender":"Male","first_name":"lkhgjfghf","last_name":"zjxhkhjc","family_date_birth":"01-02-2002","age":"18","age_type":" years","tenure":"1 Year","sub_type_check":["2","4"],"21":"No","18":"No","19":"No","family_id":"","s_date":"","marriage_date":"","premium":"20099","policyNo":"392,393","familyDataType":"undefined","empId":"622414","product":"iWL65dcd54d9c5a65","declare":"[{\"question\":\"21\",\"format\":\"No\"},{\"question\":\"18\",\"format\":\"No\"},{\"question\":\"19\",\"format\":\"No\"}]","gender":"Male","gci_options":"Yes"} [] []
[2020-08-08 11:49:51] generateOTP.INFO: {"salutation":"3","firstname":"testing999","lastname":"poq","dob":"19-12-1988","mob_no":"7010444138","panCard":"XXXXXX456A","email":"pqrt@gmail.com","ref1":"1","ref2":"1","comAdd":"Om hrad ntalatiof, holOmshre, talathioficeeachol, OmshreeSada9talathi","city":"MUMBAI","state":"MAHARASHTRA","pin_code":"622103","ISNRI":"N","update_emp_id":"622414","edit":"0","policy_no":"392,393","subtype_text":"1","sum_insure":"1000000","anuual_income":"","familyConstruct":"1A+1K","family_members_id":"2","family_gender":"Male","first_name":"lkhgjfghf","last_name":"zjxhkhjc","family_date_birth":"01-02-2002","age":"18","age_type":" years","tenure":"1 Year","sub_type_check":["4"],"21":"No","family_id":"","s_date":"","marriage_date":"","premium":"20099","policyNo":"392,393","familyDataType":"undefined","empId":"622414","product":"iWL65dcd54d9c5a65","declare":"[{\"question\":\"21\",\"format\":\"No\"}]","gender":"Male","gci_options":"Yes"} [] []
[2020-08-08 11:50:02] generateOTP.INFO: {"salutation":"3","firstname":"testing999","lastname":"poq","dob":"19-12-1988","mob_no":"7010444138","panCard":"XXXXXX456A","email":"pqrt@gmail.com","ref1":"1","ref2":"1","comAdd":"Om hrad ntalatiof, holOmshre, talathioficeeachol, OmshreeSada9talathi","city":"MUMBAI","state":"MAHARASHTRA","pin_code":"622103","ISNRI":"N","update_emp_id":"622414","edit":"0","policy_no":"392,393","subtype_text":"1","sum_insure":"1000000","anuual_income":"","familyConstruct":"1A+1K","family_members_id":"2","family_gender":"Male","first_name":"lkhgjfghf","last_name":"zjxhkhjc","family_date_birth":"01-02-2002","age":"18","age_type":" years","tenure":"1 Year","sub_type_check":["2"],"18":"No","19":"No","family_id":"","s_date":"","marriage_date":"","premium":"20099","policyNo":"392,393","familyDataType":"undefined","empId":"622414","product":"iWL65dcd54d9c5a65","declare":"[{\"question\":\"18\",\"format\":\"No\"},{\"question\":\"19\",\"format\":\"No\"}]","gender":"Male","gci_options":"Yes"} [] []
[2020-08-08 11:51:04] generateOTP.INFO: {"salutation":"3","firstname":"testing999","lastname":"poq","dob":"19-12-1988","mob_no":"7010444138","panCard":"XXXXXX456A","email":"pqrt@gmail.com","ref1":"1","ref2":"1","comAdd":"Om hrad ntalatiof, holOmshre, talathioficeeachol, OmshreeSada9talathi","city":"MUMBAI","state":"MAHARASHTRA","pin_code":"622103","ISNRI":"N","update_emp_id":"622414","edit":"0","policy_no":"392,393","subtype_text":"1","sum_insure":"1000000","anuual_income":"","familyConstruct":"1A+1K","family_members_id":"2","family_gender":"Male","first_name":"lkhgjfghf","last_name":"zjxhkhjc","family_date_birth":"01-02-2002","age":"18","age_type":" years","tenure":"1 Year","family_id":"","s_date":"","marriage_date":"","premium":"20099","policyNo":"392,393","familyDataType":"undefined","empId":"622414","product":"iWL65dcd54d9c5a65","declare":"[]","gender":"Male","gci_options":"Yes"} [] []
[2020-08-08 11:51:28] generateOTP.INFO: {"salutation":"3","firstname":"testing999","lastname":"poq","dob":"19-12-1988","mob_no":"7010444138","panCard":"XXXXXX456A","email":"pqrt@gmail.com","ref1":"1","ref2":"1","comAdd":"Om hrad ntalatiof, holOmshre, talathioficeeachol, OmshreeSada9talathi","city":"MUMBAI","state":"MAHARASHTRA","pin_code":"622103","ISNRI":"N","update_emp_id":"622414","edit":"296","policy_no":"392,393","subtype_text":"1","sum_insure":"1000000","anuual_income":"","familyConstruct":"1A+1K","family_members_id":"2","family_gender":"Male","first_name":"adhkjb","last_name":"zjxhkhjc","family_date_birth":"01-02-2002","age":"18","age_type":" years","tenure":"1 Year","family_id":"","s_date":"","marriage_date":"","premium":"20099","policyNo":"392,393","familyDataType":"undefined","empId":"622414","product":"iWL65dcd54d9c5a65","declare":"[]","gender":"Male","gci_options":"Yes"} [] []
[2020-08-08 11:52:10] generateOTP.INFO: test [] []
[2020-08-08 11:52:31] documentsSave.INFO: {"ops_type":"[\"0\",\"Y\"]","ids":"93"} [] []
[2020-08-08 11:52:31] documentsSaveFiles.INFO: [{"name":"testing.pdf","type":"application\/pdf","tmp_name":"\/tmp\/phpgxNPUR","error":0,"size":31140},{"name":"testing.pdf","type":"application\/pdf","tmp_name":"\/tmp\/phpGjQnGT","error":0,"size":31140}] [] []
[2020-08-08 11:52:51] generateOTP.INFO: test [] []
[2020-08-08 11:53:07] generateOTP.INFO: test [] []
[2020-08-08 11:53:10] generateOTP.INFO: test [] []
[2020-08-08 11:53:11] generateOTP.INFO: test [] []
[2020-08-08 11:53:19] generateOTP.INFO: test [] []
[2020-08-08 11:53:23] generateOTP.INFO: test [] []
[2020-08-08 11:53:34] generateOTP.INFO: test [] []
[2020-08-08 11:54:16] generateOTP.INFO: test [] []
[2020-08-08 11:54:50] full_quote_request1.INFO: {"ClientCreation":{"Member_Customer_ID":"986642358378","salutation":"Ms","firstName":"testing999","middleName":"","lastName":"poq","dateofBirth":"12\/19\/1988","gender":"M","educationalQualification":null,"pinCode":"622103","uidNo":"5478-2589-3688","maritalStatus":null,"nationality":"Indian","occupation":"O553","primaryEmailID":"pqrt@gmail.com","contactMobileNo":"7010444138","stdLandlineNo":null,"panNo":null,"passportNumber":null,"contactPerson":null,"annualIncome":null,"remarks":null,"startDate":"2020-08-08","endDate":null,"IdProof":"Adhaar Card","residenceProof":null,"ageProof":null,"others":null,"homeAddressLine1":"Om hrad ntalatiof, holOmshre, talathioficeeachol, OmshreeSada9talathi","homeAddressLine2":null,"homeAddressLine3":null,"homePinCode":"622103","homeArea":null,"homeContactMobileNo":null,"homeContactMobileNo2":null,"homeSTDLandlineNo":null,"homeFaxNo":null,"sameAsHomeAddress":"1","mailingAddressLine1":null,"mailingAddressLine2":null,"mailingAddressLine3":null,"mailingPinCode":null,"mailingArea":null,"mailingContactMobileNo":null,"mailingContactMobileNo2":null,"mailingSTDLandlineNo":null,"mailingSTDLandlineNo2":null,"mailingFaxNo":null,"bankAccountType":null,"bankAccountNo":null,"ifscCode":null,"GSTIN":null,"GSTRegistrationStatus":"Consumers","IsEIAavailable":"0","ApplyEIA":"0","EIAAccountNo":null,"EIAWith":"0","AccountType":null,"AddressProof":null,"DOBProof":null,"IdentityProof":null},"PolicyCreationRequest":{"Quotation_Number":"","MasterPolicyNumber":"61-19-00176-00-00","GroupID":"GRP010","Product_Code":"4211","intermediaryCode":"2106233","AutoRenewal":"Y","intermediaryBranchCode":"10MHMUM01","agentSignatureDate":null,"Customer_Signature_Date":null,"businessSourceChannel":null,"AssignPolicy":"0","AssigneeName":null,"leadID":"20208843301","Source_Name":"AXIS_GHI_EW","SPID":"1","TCN":null,"CRTNO":null,"RefCode1":"1","RefCode2":"2478","Employee_Number":"622414","enumIsEmployeeDiscount":null,"QuoteDate":null,"IsPayment":"0","PaymentMode":null,"PolicyproductComponents":{"PlanCode":"4211","SumInsured":"1000000","SchemeCode":"4112000003"}},"MemObj":{"Member":[{"MemberNo":1,"Salutation":"Mr","First_Name":"testing999","Middle_Name":null,"Last_Name":"poq","Gender":"M","DateOfBirth":"12\/19\/1988","Relation_Code":"R001","Marital_Status":null,"height":"0.00","weight":"0","occupation":"O553","PrimaryMember":"Y","MemberproductComponents":{"PlanCode":"4211","MemberQuestionDetails":[{"QuestionCode":null,"Answer":null,"Remarks":null}]},"MemberPED":[{"PEDCode":"PE002","Remarks":null}],"exactDiagnosis":null,"dateOfDiagnosis":null,"lastDateConsultation":null,"detailsOfTreatmentGiven":null,"doctorName":null,"hospitalName":null,"phoneNumberHosital":null,"Nominee_First_Name":"adhkjb","Nominee_Last_Name":"zjxhkhjc","Nominee_Contact_Number":"2434657899","Nominee_Home_Address":null,"Nominee_Relationship_Code":"R003"},{"MemberNo":2,"Salutation":"Mr","First_Name":"adhkjb","Middle_Name":null,"Last_Name":"zjxhkhjc","Gender":"M","DateOfBirth":"02\/01\/2002","Relation_Code":"R003","Marital_Status":null,"height":"0.00","weight":"0","occupation":"O553","PrimaryMember":"N","MemberproductComponents":{"PlanCode":"4211","MemberQuestionDetails":[{"QuestionCode":null,"Answer":null,"Remarks":null}]},"MemberPED":[{"PEDCode":null,"Remarks":null}],"exactDiagnosis":null,"dateOfDiagnosis":null,"lastDateConsultation":null,"detailsOfTreatmentGiven":null,"doctorName":null,"hospitalName":null,"phoneNumberHosital":null,"Nominee_First_Name":"adhkjb","Nominee_Last_Name":"zjxhkhjc","Nominee_Contact_Number":"2434657899","Nominee_Home_Address":null,"Nominee_Relationship_Code":"R003"}]},"ReceiptCreation":{"officeLocation":"","modeOfEntry":"","cdAcNo":null,"expiryDate":null,"payerType":"","payerCode":null,"paymentBy":"","paymentByName":null,"paymentByRelationship":null,"collectionAmount":"","collectionRcvdDate":null,"collectionMode":"","remarks":null,"instrumentNumber":null,"instrumentDate":null,"bankName":null,"branchName":null,"bankLocation":null,"micrNo":null,"chequeType":null,"ifscCode":"","PaymentGatewayName":"","TerminalID":"","CardNo":null}} [] []
[2020-08-08 11:54:56] full_quote_reponse1.INFO: "<ns0:GHI_Res xmlns:ns0=\"http:\/\/ABHICL_NBP_QuickQuote_Schemas.GHI_Response\"><errorObj><ErrorNumber>00<\/ErrorNumber><ErrorMessage>Success<\/ErrorMessage><\/errorObj><policyDtls><TransactionReferenceNumber><\/TransactionReferenceNumber><QuotationNumber>EW100058615<\/QuotationNumber><CertificateNumber><\/CertificateNumber><LetterURL><\/LetterURL><ClientID><\/ClientID><ProductName>Group Activ Health<\/ProductName><ProductCode>4211<\/ProductCode><LineOfBusiness>42<\/LineOfBusiness><startDate><\/startDate><EndDate><\/EndDate><PolicyNumber>61-19-00176-00-00<\/PolicyNumber><ProposalNumber><\/ProposalNumber><PolicyStatus>PQ1<\/PolicyStatus><Tenure>1<\/Tenure><stpFlag>0<\/stpFlag><COIUrl>Template not found<\/COIUrl><\/policyDtls><premium><BasePremium>15851.69<\/BasePremium><NetPremium>15851.69<\/NetPremium><GST>2853.30<\/GST><GrossPremium>18705.00<\/GrossPremium><\/premium><receiptObj><ReceiptNumber><\/ReceiptNumber><ReceiptAmount><\/ReceiptAmount><ExcessAmount><\/ExcessAmount><\/receiptObj><\/ns0:GHI_Res>" [] []
[2020-08-08 11:54:56] generateOTP.INFO: test [] []
[2020-08-08 12:53:25] generateOTP.INFO: test [] []
[2020-08-08 12:53:36] generateOTP.INFO: test [] []
[2020-08-08 12:55:23] generateOTP.INFO: test [] []
[2020-08-08 13:12:05] generateOTP.INFO: test [] []
[2020-08-08 13:12:06] generateOTP.INFO: test [] []
[2020-08-08 13:12:07] generateOTP.INFO: test [] []
[2020-08-08 13:12:15] generateOTP.INFO: test [] []
[2020-08-08 13:12:21] generateOTP.INFO: test [] []
[2020-08-08 13:35:55] generateOTP.INFO: test [] []
[2020-08-08 13:53:10] generateOTP.INFO: test [] []
[2020-08-08 13:57:19] generateOTP.INFO: test [] []
[2020-08-08 13:57:24] generateOTP.INFO: test [] []
[2020-08-08 14:06:16] generateOTP.INFO: test [] []
[2020-08-08 14:06:20] generateOTP.INFO: test [] []
[2020-08-08 14:08:15] generateOTP.INFO: test [] []
[2020-08-08 14:08:18] generateOTP.INFO: test [] []
[2020-08-08 14:12:30] generateOTP.INFO: test [] []
[2020-08-08 14:12:32] generateOTP.INFO: test [] []
[2020-08-08 14:29:30] generateOTP.INFO: test [] []
[2020-08-08 14:46:19] generateOTP.INFO: test [] []
[2020-08-08 14:46:27] generateOTP.INFO: test [] []
[2020-08-08 20:58:04] generateOTP.INFO: test [] []
[2020-08-08 23:21:07] generateOTP.INFO: test [] []
[2020-08-08 23:26:08] generateOTP.INFO: test [] []
[2020-08-08 23:43:11] generateOTP.INFO: test [] []
