[2020-04-08 10:00:37] generateOTP.INFO: test [] []
[2020-04-08 10:00:48] generateOTP.INFO: test [] []
[2020-04-08 12:16:25] generateOTP.INFO: test [] []
[2020-04-08 12:16:25] generateOTP.INFO: test [] []
[2020-04-08 12:17:08] generateOTP.INFO: test [] []
[2020-04-08 12:17:08] generateOTP.INFO: test [] []
[2020-04-08 13:03:24] generateOTP.INFO: test [] []
[2020-04-08 13:03:25] generateOTP.INFO: test [] []
[2020-04-08 14:22:18] generateOTP.INFO: test [] []
[2020-04-08 14:26:54] generateOTP.INFO: test [] []
[2020-04-08 14:39:23] generateOTP.INFO: test [] []
[2020-04-08 14:41:31] generateOTP.INFO: {"edit":"0","policy_no":"392,393","subtype_text":"1","sum_insure":"500000","familyConstruct":"2A","tenure":"1 Year","family_members_id":"0","family_gender":"Male","first_name":"test","last_name":"BANKING","family_date_birth":"19-12-1988","age":"31","age_type":"years","family_id":"","s_date":"","marriage_date":"","premium_parent":"","contri_parent":"","premium":"14605","policyNo":"392,393","familyDataType":"undefined","empId":"620253","product":"iWL65dcd54d9c5a65","declare":"[]"} [] []
[2020-04-08 14:41:58] generateOTP.INFO: test [] []
[2020-04-08 14:42:13] generateOTP.INFO: {"edit":"0","policy_no":"392,393","subtype_text":"1","sum_insure":"500000","familyConstruct":"2A","tenure":"1 Year","family_members_id":"1","family_gender":"Female","first_name":"gg","last_name":"gg","family_date_birth":"01-04-2020","age":"NaN","age_type":"days","family_id":"","s_date":"","marriage_date":"","premium_parent":"","contri_parent":"","premium":"14605","policyNo":"392,393","familyDataType":"undefined","empId":"620253","product":"iWL65dcd54d9c5a65","declare":"[]"} [] []
[2020-04-08 14:42:19] generateOTP.INFO: {"edit":"0","policy_no":"392,393","subtype_text":"1","sum_insure":"500000","familyConstruct":"2A","tenure":"1 Year","family_members_id":"1","family_gender":"Female","first_name":"gg","last_name":"gg","family_date_birth":"26-04-1995","age":"24","age_type":"years","family_id":"","s_date":"","marriage_date":"","premium_parent":"","contri_parent":"","premium":"14605","policyNo":"392,393","familyDataType":"undefined","empId":"620253","product":"iWL65dcd54d9c5a65","declare":"[]"} [] []
[2020-04-08 14:55:29] generateOTP.INFO: test [] []
[2020-04-08 14:57:43] generateOTP.INFO: test [] []
[2020-04-08 14:57:43] generateOTP.INFO: test [] []
[2020-04-08 14:58:27] generateOTP.INFO: test [] []
[2020-04-08 14:58:31] generateOTP.INFO: test [] []
[2020-04-08 14:58:39] generateOTP.INFO: test [] []
[2020-04-08 14:58:40] generateOTP.INFO: test [] []
[2020-04-08 14:58:46] generateOTP.INFO: test [] []
[2020-04-08 14:59:33] generateOTP.INFO: test [] []
[2020-04-08 15:01:07] generateOTP.INFO: {"edit":"0","policy_no":"392,393","subtype_text":"1","sum_insure":"1000000","familyConstruct":"2A","tenure":"1 Year","family_members_id":"1","family_gender":"Female","first_name":"ggg","last_name":"gg","family_date_birth":"22-04-1994","age":"25","age_type":"years","family_id":"","s_date":"26-04-1995","marriage_date":"","premium_parent":"","contri_parent":"","premium":"18711","policyNo":"392,393","familyDataType":"undefined","empId":"620253","product":"iWL65dcd54d9c5a65","declare":"[]"} [] []
[2020-04-08 15:01:23] generateOTP.INFO: test [] []
[2020-04-08 15:02:22] generateOTP.INFO: test [] []
[2020-04-08 15:02:45] generateOTP.INFO: {"edit":"0","policy_no":"392,393","subtype_text":"1","sum_insure":"500000","familyConstruct":"2A","tenure":"1 Year","family_members_id":"0","family_gender":"Male","first_name":"test","last_name":"BANKING","family_date_birth":"19-12-1988","age":"31","age_type":"years","family_id":"","s_date":"26-04-1995","marriage_date":"","premium_parent":"","contri_parent":"","premium":"14605","policyNo":"392,393","familyDataType":"undefined","empId":"620253","product":"iWL65dcd54d9c5a65","declare":"[]"} [] []
[2020-04-08 15:03:01] generateOTP.INFO: {"edit":"0","policy_no":"392,393","subtype_text":"1","sum_insure":"500000","familyConstruct":"2A","tenure":"1 Year","family_members_id":"1","family_gender":"Female","first_name":"ff","last_name":"ff","family_date_birth":"20-04-1989","age":"30","age_type":"years","family_id":"","s_date":"26-04-1995","marriage_date":"","premium_parent":"","contri_parent":"","premium":"14605","policyNo":"392,393","familyDataType":"undefined","empId":"620253","product":"iWL65dcd54d9c5a65","declare":"[]"} [] []
[2020-04-08 15:31:18] generateOTP.INFO: test [] []
[2020-04-08 15:31:25] generateOTP.INFO: test [] []
[2020-04-08 15:33:11] generateOTP.INFO: test [] []
[2020-04-08 15:34:28] generateOTP.INFO: test [] []
[2020-04-08 15:36:22] generateOTP.INFO: test [] []
[2020-04-08 15:36:49] generateOTP.INFO: test [] []
[2020-04-08 15:37:11] generateOTP.INFO: test [] []
[2020-04-08 15:37:51] generateOTP.INFO: test [] []
[2020-04-08 15:38:07] generateOTP.INFO: test [] []
[2020-04-08 16:23:23] generateOTP.INFO: test [] []
[2020-04-08 16:23:23] generateOTP.INFO: test [] []
[2020-04-08 16:23:23] generateOTP.INFO: test [] []
[2020-04-08 16:23:56] generateOTP.INFO: test [] []
[2020-04-08 16:23:56] generateOTP.INFO: test [] []
[2020-04-08 16:23:57] generateOTP.INFO: test [] []
[2020-04-08 16:24:10] generateOTP.INFO: test [] []
[2020-04-08 16:24:11] generateOTP.INFO: test [] []
[2020-04-08 17:33:36] generateOTP.INFO: test [] []
[2020-04-08 17:34:12] generateOTP.INFO: test [] []
[2020-04-08 17:45:54] generateOTP.INFO: test [] []
[2020-04-08 18:22:42] generateOTP.INFO: test [] []
[2020-04-08 18:22:42] generateOTP.INFO: test [] []
[2020-04-08 18:22:52] generateOTP.INFO: test [] []
[2020-04-08 18:22:52] generateOTP.INFO: test [] []
[2020-04-08 18:22:58] generateOTP.INFO: test [] []
[2020-04-08 18:24:58] generateOTP.INFO: test [] []
[2020-04-08 18:25:13] generateOTP.INFO: test [] []
[2020-04-08 18:25:54] generateOTP.INFO: test [] []
[2020-04-08 18:25:58] generateOTP.INFO: test [] []
[2020-04-08 18:26:28] generateOTP.INFO: test [] []
[2020-04-08 18:27:07] generateOTP.INFO: test [] []
[2020-04-08 18:27:07] generateOTP.INFO: test [] []
[2020-04-08 18:42:28] generateOTP.INFO: test [] []
[2020-04-08 18:45:25] generateOTP.INFO: test [] []
[2020-04-08 18:45:29] generateOTP.INFO: test [] []
[2020-04-08 18:53:07] generateOTP.INFO: test [] []
[2020-04-08 18:53:28] generateOTP.INFO: test [] []
[2020-04-08 18:53:29] generateOTP.INFO: test [] []
[2020-04-08 18:53:36] generateOTP.INFO: test [] []
[2020-04-08 18:53:39] generateOTP.INFO: test [] []
[2020-04-08 18:54:27] generateOTP.INFO: test [] []
[2020-04-08 18:54:32] generateOTP.INFO: test [] []
[2020-04-08 18:54:57] generateOTP.INFO: test [] []
[2020-04-08 18:55:02] generateOTP.INFO: test [] []
[2020-04-08 18:55:35] generateOTP.INFO: test [] []
[2020-04-08 18:55:40] generateOTP.INFO: test [] []
[2020-04-08 18:57:13] generateOTP.INFO: test [] []
[2020-04-08 18:57:22] generateOTP.INFO: test [] []
[2020-04-08 18:58:03] generateOTP.INFO: test [] []
[2020-04-08 18:58:09] generateOTP.INFO: test [] []
[2020-04-08 18:58:53] generateOTP.INFO: test [] []
[2020-04-08 18:59:49] generateOTP.INFO: test [] []
[2020-04-08 19:00:05] generateOTP.INFO: test [] []
[2020-04-08 19:00:06] generateOTP.INFO: test [] []
[2020-04-08 19:01:07] generateOTP.INFO: test [] []
[2020-04-08 19:01:07] generateOTP.INFO: test [] []
[2020-04-08 19:01:11] generateOTP.INFO: test [] []
[2020-04-08 19:01:27] generateOTP.INFO: test [] []
[2020-04-08 19:03:21] generateOTP.INFO: test [] []
[2020-04-08 19:03:26] generateOTP.INFO: test [] []
[2020-04-08 19:04:53] generateOTP.INFO: test [] []
[2020-04-08 19:05:34] generateOTP.INFO: test [] []
[2020-04-08 19:05:36] generateOTP.INFO: test [] []
[2020-04-08 19:05:58] generateOTP.INFO: test [] []
[2020-04-08 19:07:43] generateOTP.INFO: test [] []
[2020-04-08 19:08:52] generateOTP.INFO: test [] []
[2020-04-08 19:09:12] generateOTP.INFO: test [] []
[2020-04-08 19:09:24] generateOTP.INFO: test [] []
[2020-04-08 19:09:28] generateOTP.INFO: test [] []
[2020-04-08 19:09:29] generateOTP.INFO: test [] []
[2020-04-08 19:09:41] generateOTP.INFO: test [] []
[2020-04-08 19:09:58] generateOTP.INFO: test [] []
[2020-04-08 19:14:11] generateOTP.INFO: test [] []
[2020-04-08 19:14:33] generateOTP.INFO: test [] []
[2020-04-08 19:16:36] generateOTP.INFO: test [] []
[2020-04-08 19:16:40] generateOTP.INFO: test [] []
[2020-04-08 19:17:19] generateOTP.INFO: test [] []
[2020-04-08 19:17:25] generateOTP.INFO: test [] []
[2020-04-08 19:25:21] generateOTP.INFO: test [] []
[2020-04-08 19:25:27] generateOTP.INFO: test [] []
[2020-04-08 19:25:27] generateOTP.INFO: test [] []
[2020-04-08 19:28:07] generateOTP.INFO: test [] []
[2020-04-08 19:28:12] generateOTP.INFO: test [] []
[2020-04-08 19:29:37] generateOTP.INFO: test [] []
[2020-04-08 19:29:42] generateOTP.INFO: test [] []
[2020-04-08 19:29:47] generateOTP.INFO: test [] []
[2020-04-08 19:30:30] generateOTP.INFO: test [] []
[2020-04-08 19:30:34] generateOTP.INFO: test [] []
[2020-04-08 19:30:40] generateOTP.INFO: test [] []
[2020-04-08 19:31:18] generateOTP.INFO: test [] []
[2020-04-08 19:31:20] generateOTP.INFO: test [] []
[2020-04-08 19:31:23] generateOTP.INFO: test [] []
[2020-04-08 19:31:54] generateOTP.INFO: test [] []
[2020-04-08 19:31:57] generateOTP.INFO: test [] []
[2020-04-08 19:32:11] generateOTP.INFO: test [] []
[2020-04-08 19:32:14] generateOTP.INFO: test [] []
[2020-04-08 19:33:07] generateOTP.INFO: test [] []
[2020-04-08 19:33:08] generateOTP.INFO: test [] []
[2020-04-08 19:35:56] generateOTP.INFO: test [] []
[2020-04-08 19:35:56] generateOTP.INFO: test [] []
[2020-04-08 19:36:51] generateOTP.INFO: {"edit":"0","policy_no":"378","subtype_text":"1","sum_insure":"800000","familyConstruct":"2A","tenure":"1 Year","family_members_id":"0","family_gender":"Male","first_name":"bgh","middle_name":"mjui","last_name":"cder","family_date_birth":"12-04-1990","age":"30","age_type":"years","family_id":"","s_date":"","marriage_date":"","premium_parent":"","contri_parent":"","premium":"6699","policyNo":"378","familyDataType":"family_construct","empId":"620254","product":"QBTv5db9151ad1c21","declare":"[]","abc":"2a+2k"} [] []
[2020-04-08 19:37:03] generateOTP.INFO: {"edit":"0","policy_no":"378","subtype_text":"1","sum_insure":"800000","familyConstruct":"2A","tenure":"1 Year","family_members_id":"1","family_gender":"Female","first_name":"nhj","middle_name":"mkiu","last_name":"bvcd","family_date_birth":"24-04-1997","age":"23","age_type":"years","family_id":"","s_date":"","marriage_date":"","premium_parent":"","contri_parent":"","premium":"6699","policyNo":"378","familyDataType":"family_construct","empId":"620254","product":"QBTv5db9151ad1c21","declare":"[]","abc":"2a+2k"} [] []
[2020-04-08 19:38:02] documentsSave.INFO: {"ops_type":"[\"Enrollment form\",\"Cheque Copy\"]","ext0":"undefined","ext1":"undefined","ids":"102","update_datas":"undefined","emp_id":"620254"} [] []
[2020-04-08 19:38:02] documentsSaveFiles.INFO: [{"name":"Penguins.jpg","type":"image\/jpeg","tmp_name":"\/tmp\/phpRmdGji","error":0,"size":777835},{"name":"Koala.jpg","type":"image\/jpeg","tmp_name":"\/tmp\/phpjGrdNI","error":0,"size":780831}] [] []
[2020-04-08 19:38:08] generateOTP.INFO: test [] []
[2020-04-08 19:38:20] generateOTP.INFO: test [] []
[2020-04-08 19:38:43] generateOTP.INFO: test [] []
[2020-04-08 19:38:47] generateOTP.INFO: test [] []
[2020-04-08 19:38:55] generateOTP.INFO: test [] []
[2020-04-08 19:38:55] generateOTP.INFO: test [] []
[2020-04-08 19:39:24] generateOTP.INFO: test [] []
[2020-04-08 19:39:24] generateOTP.INFO: test [] []
[2020-04-08 19:39:39] generateOTP.INFO: test [] []
[2020-04-08 19:39:47] generateOTP.INFO: test [] []
[2020-04-08 19:39:47] generateOTP.INFO: test [] []
