[2020-07-09 10:18:45] generateOTP.INFO: test [] []
[2020-07-09 10:18:46] generateOTP.INFO: test [] []
[2020-07-09 10:18:47] generateOTP.INFO: test [] []
[2020-07-09 10:18:52] generateOTP.INFO: test [] []
[2020-07-09 10:18:53] generateOTP.INFO: test [] []
[2020-07-09 10:19:08] generateOTP.INFO: test [] []
[2020-07-09 10:19:16] generateOTP.INFO: test [] []
[2020-07-09 10:19:22] generateOTP.INFO: test [] []
[2020-07-09 13:00:16] generateOTP.INFO: test [] []
[2020-07-09 13:00:36] generateOTP.INFO: test [] []
[2020-07-09 13:01:17] generateOTP.INFO: test [] []
[2020-07-09 13:01:32] generateOTP.INFO: test [] []
[2020-07-09 13:01:52] generateOTP.INFO: test [] []
[2020-07-09 13:07:04] generateOTP.INFO: test [] []
[2020-07-09 13:15:43] generateOTP.INFO: test [] []
[2020-07-09 13:16:04] generateOTP.INFO: test [] []
[2020-07-09 13:18:00] generateOTP.INFO: test [] []
[2020-07-09 13:18:02] generateOTP.INFO: test [] []
[2020-07-09 13:18:13] generateOTP.INFO: test [] []
[2020-07-09 13:18:19] generateOTP.INFO: test [] []
[2020-07-09 13:18:34] generateOTP.INFO: test [] []
[2020-07-09 13:18:46] generateOTP.INFO: test [] []
[2020-07-09 13:18:57] generateOTP.INFO: test [] []
[2020-07-09 13:19:00] generateOTP.INFO: test [] []
[2020-07-09 13:19:01] generateOTP.INFO: test [] []
[2020-07-09 13:19:12] generateOTP.INFO: test [] []
[2020-07-09 13:19:27] generateOTP.INFO: test [] []
[2020-07-09 13:23:47] generateOTP.INFO: test [] []
[2020-07-09 13:28:07] generateOTP.INFO: test [] []
[2020-07-09 13:28:11] generateOTP.INFO: test [] []
[2020-07-09 13:28:17] generateOTP.INFO: test [] []
[2020-07-09 13:30:23] generateOTP.INFO: test [] []
[2020-07-09 13:30:28] generateOTP.INFO: test [] []
[2020-07-09 13:30:51] generateOTP.INFO: test [] []
[2020-07-09 13:31:01] generateOTP.INFO: test [] []
[2020-07-09 13:31:41] generateOTP.INFO: test [] []
[2020-07-09 13:31:47] generateOTP.INFO: test [] []
[2020-07-09 13:32:11] generateOTP.INFO: test [] []
[2020-07-09 13:33:05] generateOTP.INFO: {"salutation":"1","firstname":"test","lastname":"BANKING","dob":"19-12-1988","mob_no":"7010444138","panCard":"DDDDD6456A","email":"jack@gmail.com","ref1":"1","ref2":"1","comAdd":"Om hrad ntalatiof, holOmshre, talathioficeeachol, OmshreeSada9talathi","city":"MUMBAI","state":"MAHARASHTRA","pin_code":"622103","ISNRI":"N","update_emp_id":"620685","edit":"0","policy_no":"454,455,456","subtype_text":"1","sum_insure":"1500000","familyConstruct":"1A+1K","tenure":"1 Year","family_members_id":"0","family_gender":"Male","first_name":"test","last_name":"BANKING","family_date_birth":"19-12-1988","age":"31","age_type":" years","family_id":"","s_date":"","marriage_date":"","premium":"17500","policyNo":"454,455,456","familyDataType":"undefined","empId":"620685","product":"RMxC5efb5c5a320e7","declare":"[]","gender":"Male"} [] []
[2020-07-09 13:33:11] generateOTP.INFO: test [] []
[2020-07-09 13:33:20] generateOTP.INFO: test [] []
[2020-07-09 13:33:24] generateOTP.INFO: test [] []
[2020-07-09 13:37:02] generateOTP.INFO: {"salutation":"1","firstname":"test","lastname":"BANKING","dob":"19-12-1988","mob_no":"7010444138","panCard":"DDDDD6456A","email":"jack@gmail.com","ref1":"1","ref2":"1","comAdd":"Om hrad ntalatiof, holOmshre, talathioficeeachol, OmshreeSada9talathi","city":"MUMBAI","state":"MAHARASHTRA","pin_code":"622103","ISNRI":"N","update_emp_id":"620685","edit":"0","policy_no":"454,455,456","subtype_text":"1","sum_insure":"1500000","familyConstruct":"2A","tenure":"1 Year","family_members_id":"0","family_gender":"Male","first_name":"test","last_name":"BANKING","family_date_birth":"19-12-1988","age":"31","age_type":" years","family_id":"","s_date":"","marriage_date":"","premium":"17500","policyNo":"454,455,456","familyDataType":"undefined","empId":"620685","product":"RMxC5efb5c5a320e7","declare":"[]","gender":"Male"} [] []
[2020-07-09 13:38:54] generateOTP.INFO: test [] []
[2020-07-09 13:41:33] generateOTP.INFO: test [] []
[2020-07-09 13:44:07] generateOTP.INFO: test [] []
[2020-07-09 13:45:12] generateOTP.INFO: test [] []
[2020-07-09 13:46:04] generateOTP.INFO: test [] []
[2020-07-09 13:46:28] generateOTP.INFO: test [] []
[2020-07-09 13:47:13] generateOTP.INFO: test [] []
[2020-07-09 13:47:18] generateOTP.INFO: test [] []
[2020-07-09 13:47:22] generateOTP.INFO: test [] []
[2020-07-09 13:47:37] generateOTP.INFO: test [] []
[2020-07-09 13:48:33] generateOTP.INFO: test [] []
[2020-07-09 13:52:15] generateOTP.INFO: test [] []
[2020-07-09 13:55:14] generateOTP.INFO: test [] []
[2020-07-09 13:58:26] generateOTP.INFO: test [] []
[2020-07-09 13:58:33] generateOTP.INFO: test [] []
[2020-07-09 13:59:27] generateOTP.INFO: test [] []
[2020-07-09 14:09:01] generateOTP.INFO: test [] []
[2020-07-09 14:11:27] generateOTP.INFO: test [] []
[2020-07-09 14:11:53] generateOTP.INFO: test [] []
[2020-07-09 14:16:53] generateOTP.INFO: test [] []
[2020-07-09 14:20:14] generateOTP.INFO: test [] []
[2020-07-09 14:23:41] generateOTP.INFO: test [] []
[2020-07-09 14:25:20] generateOTP.INFO: test [] []
[2020-07-09 14:26:38] generateOTP.INFO: test [] []
[2020-07-09 14:27:05] generateOTP.INFO: test [] []
[2020-07-09 14:27:37] generateOTP.INFO: {"salutation":"1","firstname":"test","lastname":"BANKING","dob":"19-12-1988","mob_no":"7010444138","panCard":"DDDDD6456A","email":"jack@gmail.com","ref1":"1","ref2":"1","comAdd":"Om hrad ntalatiof, holOmshre, talathioficeeachol, OmshreeSada9talathi","city":"MUMBAI","state":"MAHARASHTRA","pin_code":"622103","ISNRI":"N","update_emp_id":"620686","edit":"0","policy_no":"454,455,456","subtype_text":"1","sum_insure":"1500000","familyConstruct":"2A+1K","tenure":"1 Year","family_members_id":"0","family_gender":"Male","first_name":"test","last_name":"BANKING","family_date_birth":"19-12-1988","age":"31","age_type":" years","family_id":"","s_date":"","marriage_date":"","premium":"22000","policyNo":"454,455,456","familyDataType":"undefined","empId":"620686","product":"RMxC5efb5c5a320e7","declare":"[]","gender":"Male"} [] []
[2020-07-09 14:28:14] generateOTP.INFO: test [] []
[2020-07-09 14:28:53] generateOTP.INFO: test [] []
[2020-07-09 14:31:11] generateOTP.INFO: test [] []
[2020-07-09 14:33:32] generateOTP.INFO: test [] []
[2020-07-09 14:40:20] generateOTP.INFO: test [] []
[2020-07-09 14:40:22] generateOTP.INFO: test [] []
[2020-07-09 14:43:08] generateOTP.INFO: test [] []
[2020-07-09 14:43:35] generateOTP.INFO: test [] []
[2020-07-09 14:45:14] generateOTP.INFO: test [] []
[2020-07-09 14:46:05] generateOTP.INFO: test [] []
[2020-07-09 14:46:32] generateOTP.INFO: test [] []
[2020-07-09 14:47:33] generateOTP.INFO: test [] []
[2020-07-09 14:48:05] generateOTP.INFO: test [] []
[2020-07-09 14:54:16] generateOTP.INFO: test [] []
[2020-07-09 15:12:27] generateOTP.INFO: test [] []
[2020-07-09 15:13:30] generateOTP.INFO: test [] []
[2020-07-09 15:20:02] generateOTP.INFO: test [] []
[2020-07-09 15:21:17] generateOTP.INFO: test [] []
[2020-07-09 15:58:42] generateOTP.INFO: test [] []
[2020-07-09 15:59:44] generateOTP.INFO: test [] []
[2020-07-09 16:08:58] generateOTP.INFO: test [] []
[2020-07-09 16:09:27] generateOTP.INFO: test [] []
[2020-07-09 16:11:03] generateOTP.INFO: test [] []
[2020-07-09 16:12:23] generateOTP.INFO: test [] []
[2020-07-09 16:12:39] generateOTP.INFO: test [] []
[2020-07-09 16:13:14] generateOTP.INFO: test [] []
[2020-07-09 16:23:19] generateOTP.INFO: test [] []
[2020-07-09 16:31:33] generateOTP.INFO: test [] []
[2020-07-09 16:31:33] generateOTP.INFO: test [] []
[2020-07-09 16:31:43] generateOTP.INFO: test [] []
[2020-07-09 16:32:41] generateOTP.INFO: test [] []
[2020-07-09 16:38:39] generateOTP.INFO: test [] []
[2020-07-09 16:39:30] generateOTP.INFO: test [] []
[2020-07-09 16:40:55] generateOTP.INFO: test [] []
[2020-07-09 16:41:43] generateOTP.INFO: test [] []
[2020-07-09 16:41:44] generateOTP.INFO: test [] []
[2020-07-09 16:41:44] generateOTP.INFO: test [] []
[2020-07-09 16:41:45] generateOTP.INFO: test [] []
[2020-07-09 16:43:44] generateOTP.INFO: test [] []
[2020-07-09 16:49:01] generateOTP.INFO: test [] []
[2020-07-09 16:54:05] generateOTP.INFO: test [] []
[2020-07-09 16:54:09] generateOTP.INFO: test [] []
[2020-07-09 16:54:37] generateOTP.INFO: test [] []
[2020-07-09 16:54:47] generateOTP.INFO: test [] []
[2020-07-09 17:00:17] generateOTP.INFO: test [] []
[2020-07-09 17:08:31] generateOTP.INFO: test [] []
[2020-07-09 17:12:42] generateOTP.INFO: test [] []
[2020-07-09 17:13:04] generateOTP.INFO: test [] []
[2020-07-09 17:13:25] generateOTP.INFO: test [] []
[2020-07-09 17:19:39] generateOTP.INFO: test [] []
[2020-07-09 17:20:43] generateOTP.INFO: test [] []
[2020-07-09 17:21:10] generateOTP.INFO: test [] []
[2020-07-09 17:21:23] generateOTP.INFO: test [] []
[2020-07-09 17:25:56] generateOTP.INFO: test [] []
[2020-07-09 17:28:45] generateOTP.INFO: test [] []
[2020-07-09 17:29:42] generateOTP.INFO: test [] []
[2020-07-09 17:35:58] generateOTP.INFO: test [] []
[2020-07-09 17:37:39] generateOTP.INFO: test [] []
[2020-07-09 17:37:44] generateOTP.INFO: test [] []
[2020-07-09 17:37:51] generateOTP.INFO: test [] []
[2020-07-09 17:38:32] generateOTP.INFO: test [] []
[2020-07-09 17:39:32] generateOTP.INFO: test [] []
[2020-07-09 17:39:33] generateOTP.INFO: test [] []
[2020-07-09 17:40:34] generateOTP.INFO: test [] []
[2020-07-09 17:43:19] generateOTP.INFO: test [] []
[2020-07-09 17:47:08] generateOTP.INFO: test [] []
[2020-07-09 17:48:03] generateOTP.INFO: test [] []
[2020-07-09 17:48:35] generateOTP.INFO: test [] []
[2020-07-09 17:49:07] generateOTP.INFO: test [] []
[2020-07-09 17:49:34] generateOTP.INFO: test [] []
[2020-07-09 17:49:42] generateOTP.INFO: test [] []
[2020-07-09 17:50:59] generateOTP.INFO: test [] []
[2020-07-09 17:51:15] generateOTP.INFO: test [] []
[2020-07-09 17:51:59] generateOTP.INFO: test [] []
[2020-07-09 17:53:43] generateOTP.INFO: test [] []
[2020-07-09 17:53:56] generateOTP.INFO: test [] []
[2020-07-09 17:54:40] generateOTP.INFO: test [] []
[2020-07-09 17:55:52] generateOTP.INFO: test [] []
[2020-07-09 18:02:24] generateOTP.INFO: test [] []
[2020-07-09 18:02:39] generateOTP.INFO: test [] []
[2020-07-09 18:06:08] generateOTP.INFO: test [] []
[2020-07-09 18:06:25] generateOTP.INFO: test [] []
[2020-07-09 18:06:26] generateOTP.INFO: test [] []
[2020-07-09 18:06:39] generateOTP.INFO: test [] []
[2020-07-09 18:06:54] generateOTP.INFO: test [] []
[2020-07-09 18:09:56] generateOTP.INFO: test [] []
[2020-07-09 18:10:16] generateOTP.INFO: test [] []
[2020-07-09 18:12:35] generateOTP.INFO: test [] []
[2020-07-09 18:12:52] generateOTP.INFO: test [] []
[2020-07-09 18:14:04] generateOTP.INFO: test [] []
[2020-07-09 18:14:29] generateOTP.INFO: test [] []
[2020-07-09 18:14:44] generateOTP.INFO: test [] []
[2020-07-09 18:18:50] generateOTP.INFO: test [] []
[2020-07-09 18:21:35] generateOTP.INFO: test [] []
[2020-07-09 18:21:37] generateOTP.INFO: test [] []
[2020-07-09 18:23:29] generateOTP.INFO: test [] []
[2020-07-09 18:23:52] generateOTP.INFO: test [] []
[2020-07-09 18:24:12] generateOTP.INFO: test [] []
[2020-07-09 19:05:29] generateOTP.INFO: test [] []
[2020-07-09 19:05:52] generateOTP.INFO: test [] []
[2020-07-09 19:06:45] generateOTP.INFO: test [] []
[2020-07-09 19:07:10] generateOTP.INFO: {"salutation":"1","firstname":"test","lastname":"BANKING","dob":"19-12-1988","mob_no":"7010444138","panCard":"DDDDD6456A","email":"jack@gmail.com","ref1":"1","ref2":"1","comAdd":"Om hrad ntalatiof, holOmshre, talathioficeeachol, OmshreeSada9talathi","occupation":"1","city":"Illuppur","state":"TAMIL NADU","pin_code":"622103","ISNRI":"N","update_emp_id":"620570","edit":"0","policy_no":"454,455,456","subtype_text":"1","sum_insure":"500000","familyConstruct":"1A","tenure":"1 Year","family_members_id":"0","family_gender":"Male","first_name":"test","last_name":"BANKING","family_date_birth":"19-12-1988","age":"31","age_type":" years","family_id":"","s_date":"","marriage_date":"","premium":"8000","policyNo":"454,455,456","familyDataType":"combo_diff_construct","empId":"620570","product":"RMxC5efb5c5a320e7","declare":"[]","gender":"Male"} [] []
[2020-07-09 19:11:04] generateOTP.INFO: test [] []
[2020-07-09 19:11:17] generateOTP.INFO: {"salutation":"1","firstname":"test","lastname":"BANKING","dob":"19-12-1988","mob_no":"7010444138","panCard":"DDDDD6456A","email":"jack@gmail.com","ref1":"1","ref2":"1","comAdd":"Om hrad ntalatiof, holOmshre, talathioficeeachol, OmshreeSada9talathi","occupation":"1","city":"Illuppur","state":"TAMIL NADU","pin_code":"622103","ISNRI":"N","update_emp_id":"620570","edit":"0","policy_no":"454,455,456","subtype_text":"1","sum_insure":"500000","familyConstruct":"1A","tenure":"1 Year","family_members_id":"0","family_gender":"Male","first_name":"test","last_name":"BANKING","family_date_birth":"19-12-1988","age":"31","age_type":" years","family_id":"","s_date":"","marriage_date":"","premium":"8000","policyNo":"454,455,456","familyDataType":"undefined","empId":"620570","product":"RMxC5efb5c5a320e7","declare":"[]","gender":"Male"} [] []
[2020-07-09 19:11:37] generateOTP.INFO: test [] []
[2020-07-09 19:14:33] generateOTP.INFO: test [] []
[2020-07-09 19:14:48] generateOTP.INFO: test [] []
[2020-07-09 19:16:26] generateOTP.INFO: test [] []
[2020-07-09 19:16:44] generateOTP.INFO: test [] []
[2020-07-09 19:17:49] generateOTP.INFO: test [] []
[2020-07-09 19:17:53] generateOTP.INFO: test [] []
[2020-07-09 19:21:37] generateOTP.INFO: test [] []
[2020-07-09 19:21:37] generateOTP.INFO: test [] []
[2020-07-09 19:28:13] generateOTP.INFO: test [] []
[2020-07-09 19:28:13] generateOTP.INFO: test [] []
[2020-07-09 19:28:18] generateOTP.INFO: test [] []
[2020-07-09 19:28:18] generateOTP.INFO: test [] []
[2020-07-09 19:28:21] generateOTP.INFO: test [] []
[2020-07-09 19:28:21] generateOTP.INFO: test [] []
[2020-07-09 19:28:38] generateOTP.INFO: test [] []
[2020-07-09 19:29:38] generateOTP.INFO: test [] []
[2020-07-09 19:34:34] generateOTP.INFO: test [] []
[2020-07-09 19:34:44] generateOTP.INFO: test [] []
[2020-07-09 19:36:50] generateOTP.INFO: test [] []
[2020-07-09 19:37:22] generateOTP.INFO: test [] []
[2020-07-09 19:37:27] generateOTP.INFO: test [] []
[2020-07-09 19:37:35] generateOTP.INFO: test [] []
[2020-07-09 19:39:09] generateOTP.INFO: test [] []
[2020-07-09 19:51:39] generateOTP.INFO: test [] []
[2020-07-09 19:51:41] generateOTP.INFO: test [] []
[2020-07-09 19:51:51] generateOTP.INFO: test [] []
[2020-07-09 19:51:53] generateOTP.INFO: test [] []
[2020-07-09 19:52:30] generateOTP.INFO: test [] []
[2020-07-09 19:52:31] generateOTP.INFO: test [] []
[2020-07-09 19:52:38] generateOTP.INFO: test [] []
[2020-07-09 19:52:40] generateOTP.INFO: test [] []
[2020-07-09 19:52:47] generateOTP.INFO: test [] []
[2020-07-09 19:53:00] generateOTP.INFO: test [] []
[2020-07-09 19:53:06] generateOTP.INFO: test [] []
[2020-07-09 19:59:02] generateOTP.INFO: test [] []
[2020-07-09 19:59:42] generateOTP.INFO: test [] []
[2020-07-09 19:59:50] generateOTP.INFO: test [] []
[2020-07-09 19:59:53] generateOTP.INFO: test [] []
[2020-07-09 20:00:05] generateOTP.INFO: test [] []
[2020-07-09 20:01:53] generateOTP.INFO: test [] []
[2020-07-09 20:01:57] generateOTP.INFO: test [] []
[2020-07-09 20:02:11] generateOTP.INFO: test [] []
[2020-07-09 20:02:53] generateOTP.INFO: test [] []
[2020-07-09 20:02:53] generateOTP.INFO: test [] []
[2020-07-09 20:03:09] generateOTP.INFO: test [] []
[2020-07-09 20:03:12] generateOTP.INFO: test [] []
[2020-07-09 20:03:27] generateOTP.INFO: test [] []
[2020-07-09 20:03:34] generateOTP.INFO: test [] []
[2020-07-09 20:03:42] generateOTP.INFO: test [] []
[2020-07-09 20:03:58] generateOTP.INFO: test [] []
[2020-07-09 20:08:08] generateOTP.INFO: test [] []
[2020-07-09 20:08:46] generateOTP.INFO: test [] []
[2020-07-09 20:09:21] generateOTP.INFO: test [] []
[2020-07-09 20:09:26] generateOTP.INFO: test [] []
[2020-07-09 20:09:32] generateOTP.INFO: test [] []
[2020-07-09 20:10:21] generateOTP.INFO: test [] []
[2020-07-09 20:10:44] generateOTP.INFO: test [] []
[2020-07-09 20:10:54] generateOTP.INFO: test [] []
[2020-07-09 20:12:59] generateOTP.INFO: test [] []
[2020-07-09 20:15:58] generateOTP.INFO: test [] []
[2020-07-09 20:16:03] generateOTP.INFO: test [] []
[2020-07-09 20:19:43] generateOTP.INFO: test [] []
[2020-07-09 20:27:18] generateOTP.INFO: test [] []
[2020-07-09 20:27:56] generateOTP.INFO: test [] []
[2020-07-09 20:28:53] generateOTP.INFO: test [] []
[2020-07-09 20:31:11] generateOTP.INFO: test [] []
[2020-07-09 20:31:22] generateOTP.INFO: test [] []
[2020-07-09 20:32:26] generateOTP.INFO: test [] []
[2020-07-09 20:32:27] generateOTP.INFO: test [] []
[2020-07-09 20:42:49] generateOTP.INFO: test [] []
[2020-07-09 20:46:13] generateOTP.INFO: test [] []
[2020-07-09 20:47:41] generateOTP.INFO: {"salutation":"1","firstname":"test","lastname":"BANKING","dob":"19-12-1988","mob_no":"7010444138","panCard":"DDDDD6456A","email":"jack@gmail.com","ref1":"1","ref2":"1","comAdd":"Om hrad ntalatiof, holOmshre, talathioficeeachol, OmshreeSada9talathi","occupation":"3","city":"MUMBAI","state":"MAHARASHTRA","pin_code":"622103","ISNRI":"N","update_emp_id":"620694","edit":"0","policy_no":"454,455,456","subtype_text":"1","sum_insure":"1000000","familyConstruct":"2A","tenure":"1 Year","family_members_id":"0","family_gender":"Male","first_name":"test","last_name":"BANKING","family_date_birth":"19-12-1988","age":"31","age_type":" years","family_id":"","s_date":"","marriage_date":"","premium":"14500","policyNo":"454,455,456","familyDataType":"undefined","empId":"620694","product":"RMxC5efb5c5a320e7","declare":"[]","gender":"Male"} [] []
[2020-07-09 20:48:24] generateOTP.INFO: {"salutation":"1","firstname":"test","lastname":"BANKING","dob":"19-12-1988","mob_no":"7010444138","panCard":"DDDDD6456A","email":"jack@gmail.com","ref1":"1","ref2":"1","comAdd":"Om hrad ntalatiof, holOmshre, talathioficeeachol, OmshreeSada9talathi","occupation":"3","city":"MUMBAI","state":"MAHARASHTRA","pin_code":"622103","ISNRI":"N","update_emp_id":"620694","edit":"0","policy_no":"454,455,456","subtype_text":"1","sum_insure":"1000000","familyConstruct":"2A","tenure":"1 Year","family_members_id":"1","family_gender":"Female","first_name":"Bbbh","last_name":"Hfnfn","family_date_birth":"12-07-1996","age":"23","age_type":" years","family_id":"","s_date":"","marriage_date":"","premium":"14500","policyNo":"454,455,456","familyDataType":"undefined","empId":"620694","product":"RMxC5efb5c5a320e7","declare":"[]","gender":"Male"} [] []
[2020-07-09 20:48:45] generateOTP.INFO: {"salutation":"1","firstname":"test","lastname":"BANKING","dob":"19-12-1988","mob_no":"7010444138","panCard":"DDDDD6456A","email":"jack@gmail.com","ref1":"1","ref2":"1","comAdd":"Om hrad ntalatiof, holOmshre, talathioficeeachol, OmshreeSada9talathi","occupation":"3","city":"MUMBAI","state":"MAHARASHTRA","pin_code":"622103","ISNRI":"N","update_emp_id":"620694","edit":"0","policy_no":"454,455,456","subtype_text":"1","sum_insure":"1000000","familyConstruct":"2A","tenure":"1 Year","family_members_id":"2","family_gender":"Male","first_name":"Cncnf","last_name":"Fjdnfj","family_date_birth":"06-07-2020","age":"3","age_type":"days","family_id":"","s_date":"","marriage_date":"","premium":"14500","policyNo":"454,455,456","familyDataType":"undefined","empId":"620694","product":"RMxC5efb5c5a320e7","declare":"[]","gender":"Male"} [] []
[2020-07-09 20:48:59] generateOTP.INFO: {"salutation":"1","firstname":"test","lastname":"BANKING","dob":"19-12-1988","mob_no":"7010444138","panCard":"DDDDD6456A","email":"jack@gmail.com","ref1":"1","ref2":"1","comAdd":"Om hrad ntalatiof, holOmshre, talathioficeeachol, OmshreeSada9talathi","occupation":"3","city":"MUMBAI","state":"MAHARASHTRA","pin_code":"622103","ISNRI":"N","update_emp_id":"620694","edit":"0","policy_no":"454,455,456","subtype_text":"1","sum_insure":"1000000","familyConstruct":"2A","tenure":"1 Year","family_members_id":"2","family_gender":"Male","first_name":"Cncnf","last_name":"Fjdnfj","family_date_birth":"18-04-2019","age":"1","age_type":" years","family_id":"","s_date":"","marriage_date":"","premium":"14500","policyNo":"454,455,456","familyDataType":"undefined","empId":"620694","product":"RMxC5efb5c5a320e7","declare":"[]","gender":"Male"} [] []
[2020-07-09 20:49:18] generateOTP.INFO: {"salutation":"1","firstname":"test","lastname":"BANKING","dob":"19-12-1988","mob_no":"7010444138","panCard":"DDDDD6456A","email":"jack@gmail.com","ref1":"1","ref2":"1","comAdd":"Om hrad ntalatiof, holOmshre, talathioficeeachol, OmshreeSada9talathi","occupation":"3","city":"MUMBAI","state":"MAHARASHTRA","pin_code":"622103","ISNRI":"N","update_emp_id":"620694","edit":"0","policy_no":"454,455,456","subtype_text":"1","sum_insure":"1000000","familyConstruct":"2A+1K","tenure":"1 Year","family_members_id":"2","family_gender":"Male","first_name":"Cncnf","last_name":"Fjdnfj","family_date_birth":"18-04-2019","age":"1","age_type":" years","family_id":"","s_date":"","marriage_date":"","premium":"18500","policyNo":"454,455,456","familyDataType":"undefined","empId":"620694","product":"RMxC5efb5c5a320e7","declare":"[]","gender":"Male"} [] []
[2020-07-09 20:53:31] generateOTP.INFO: test [] []
[2020-07-09 20:54:47] generateOTP.INFO: {"salutation":"1","firstname":"test","lastname":"BANKING","dob":"19-12-1988","mob_no":"7010444138","panCard":"DDDDD6456A","email":"jack@gmail.com","ref1":"1","ref2":"1","comAdd":"Om hrad ntalatiof, holOmshre, talathioficeeachol, OmshreeSada9talathi","occupation":"1","city":"MUMBAI","state":"MAHARASHTRA","pin_code":"622103","ISNRI":"N","update_emp_id":"620695","edit":"0","policy_no":"454,455,456","subtype_text":"1","sum_insure":"500000","familyConstruct":"1A","tenure":"1 Year","family_members_id":"0","family_gender":"Male","first_name":"test","last_name":"BANKING","family_date_birth":"19-12-1988","age":"31","age_type":" years","family_id":"","s_date":"","marriage_date":"","premium":"8000","policyNo":"454,455,456","familyDataType":"combo_diff_construct","empId":"620695","product":"RMxC5efb5c5a320e7","declare":"[]","gender":"Male"} [] []
[2020-07-09 20:55:53] generateOTP.INFO: test [] []
[2020-07-09 20:56:21] generateOTP.INFO: {"salutation":"1","firstname":"test","lastname":"BANKING","dob":"19-12-1988","mob_no":"7010444138","panCard":"DDDDD6456A","email":"jack@gmail.com","ref1":"1","ref2":"1","comAdd":"Om hrad ntalatiof, holOmshre, talathioficeeachol, OmshreeSada9talathi","occupation":"1","city":"MUMBAI","state":"MAHARASHTRA","pin_code":"622103","ISNRI":"N","update_emp_id":"620695","edit":"0","policy_no":"454,455,456","subtype_text":"1","sum_insure":"500000","familyConstruct":"1A","tenure":"1 Year","family_members_id":"0","family_gender":"Male","first_name":"test","last_name":"BANKING","family_date_birth":"19-12-1988","age":"31","age_type":" years","family_id":"","s_date":"","marriage_date":"","premium":"8000","policyNo":"454,455,456","familyDataType":"undefined","empId":"620695","product":"RMxC5efb5c5a320e7","declare":"[]","gender":"Male"} [] []
[2020-07-09 21:32:19] generateOTP.INFO: test [] []
[2020-07-09 22:09:37] generateOTP.INFO: test [] []
[2020-07-09 22:10:59] generateOTP.INFO: test [] []
[2020-07-09 22:11:48] generateOTP.INFO: test [] []
[2020-07-09 22:12:28] generateOTP.INFO: {"salutation":"1","firstname":"test","lastname":"BANKING","dob":"19-12-1988","mob_no":"7010444138","panCard":"DDDDD6456A","email":"jack@gmail.com","ref1":"1","ref2":"1","comAdd":"Om hrad ntalatiof, holOmshre, talathioficeeachol, OmshreeSada9talathi","occupation":"15","city":"MUMBAI","state":"MAHARASHTRA","pin_code":"622103","ISNRI":"N","update_emp_id":"620697","edit":"0","policy_no":"454,455,456","subtype_text":"1","sum_insure":"1500000","familyConstruct":"1A","tenure":"1 Year","family_members_id":"0","family_gender":"Male","first_name":"test","last_name":"BANKING","family_date_birth":"19-12-1988","age":"31","age_type":" years","family_id":"","s_date":"","marriage_date":"","premium":"13000","policyNo":"454,455,456","familyDataType":"undefined","empId":"620697","product":"RMxC5efb5c5a320e7","declare":"[]","gender":"Male"} [] []
[2020-07-09 22:50:38] generateOTP.INFO: test [] []
[2020-07-09 22:51:07] generateOTP.INFO: {"salutation":"1","firstname":"test","lastname":"BANKING","dob":"19-12-1988","mob_no":"7010444138","panCard":"DDDDD6456A","email":"jack@gmail.com","ref1":"1","ref2":"1","comAdd":"Om hrad ntalatiof, holOmshre, talathioficeeachol, OmshreeSada9talathi","occupation":"1","city":"MUMBAI","state":"MAHARASHTRA","pin_code":"622103","ISNRI":"N","update_emp_id":"620698","edit":"0","policy_no":"454,455,456","subtype_text":"1","sum_insure":"500000","familyConstruct":"1A","tenure":"1 Year","family_members_id":"0","family_gender":"Male","first_name":"test","last_name":"BANKING","family_date_birth":"19-12-1988","age":"31","age_type":" years","family_id":"","s_date":"","marriage_date":"","premium":"8000","policyNo":"454,455,456","familyDataType":"undefined","empId":"620698","product":"RMxC5efb5c5a320e7","declare":"[]","gender":"Male"} [] []
[2020-07-09 22:53:23] generateOTP.INFO: {"salutation":"1","firstname":"test","lastname":"BANKING","dob":"19-12-1988","mob_no":"7010444138","panCard":"DDDDD6456A","email":"jack@gmail.com","ref1":"1","ref2":"1","comAdd":"Om hrad ntalatiof, holOmshre, talathioficeeachol, OmshreeSada9talathi","occupation":"1","city":"MUMBAI","state":"MAHARASHTRA","pin_code":"622103","ISNRI":"N","update_emp_id":"620698","edit":"0","policy_no":"454,455,456","subtype_text":"1","sum_insure":"500000","familyConstruct":"1A","tenure":"1 Year","family_members_id":"0","family_gender":"Male","first_name":"test","last_name":"BANKING","family_date_birth":"19-12-1988","age":"31","age_type":" years","family_id":"","s_date":"","marriage_date":"","premium":"8000","policyNo":"454,455,456","familyDataType":"combo_diff_construct","empId":"620698","product":"RMxC5efb5c5a320e7","declare":"[]","gender":"Male"} [] []
[2020-07-09 23:26:59] generateOTP.INFO: test [] []
[2020-07-09 23:27:05] generateOTP.INFO: test [] []
[2020-07-09 23:27:46] generateOTP.INFO: test [] []
[2020-07-09 23:27:47] generateOTP.INFO: test [] []
[2020-07-09 23:27:59] generateOTP.INFO: test [] []
[2020-07-09 23:34:29] generateOTP.INFO: {"salutation":"1","firstname":"test","lastname":"BANKING","dob":"19-12-1988","mob_no":"7010444138","panCard":"DDDDD6456A","email":"jack@gmail.com","ref1":"1","ref2":"1","comAdd":"Om hrad ntalatiof, holOmshre, talathioficeeachol, OmshreeSada9talathi","occupation":"1","city":"MUMBAI","state":"MAHARASHTRA","pin_code":"622103","ISNRI":"N","update_emp_id":"620699","edit":"0","policy_no":"454,455,456","subtype_text":"1","sum_insure":"1500000","familyConstruct":"1A","tenure":"1 Year","family_members_id":"0","family_gender":"Male","first_name":"test","last_name":"BANKING","family_date_birth":"19-12-1988","age":"31","age_type":" years","family_id":"","s_date":"","marriage_date":"","premium":"13000","policyNo":"454,455,456","familyDataType":"combo_diff_construct","empId":"620699","product":"RMxC5efb5c5a320e7","declare":"[]","gender":"Male"} [] []
[2020-07-09 23:35:53] generateOTP.INFO: test [] []
