[2020-06-09 09:49:02] generateOTP.INFO: test [] []
[2020-06-09 09:49:03] generateOTP.INFO: test [] []
[2020-06-09 09:49:11] generateOTP.INFO: test [] []
[2020-06-09 09:59:58] generateOTP.INFO: test [] []
[2020-06-09 09:59:58] generateOTP.INFO: test [] []
[2020-06-09 10:00:05] generateOTP.INFO: test [] []
[2020-06-09 10:34:17] generateOTP.INFO: test [] []
[2020-06-09 10:34:17] generateOTP.INFO: test [] []
[2020-06-09 10:34:18] generateOTP.INFO: test [] []
[2020-06-09 10:34:30] generateOTP.INFO: test [] []
[2020-06-09 10:34:40] generateOTP.INFO: test [] []
[2020-06-09 10:35:03] generateOTP.INFO: {"edit":"0","policy_no":"415","subtype_text":"1","sum_insure":"500000","familyConstruct":"1A","businessType":"New","family_members_id":"0","family_gender":"Male","first_name":"test","last_name":"last","family_date_birth":"13-06-2002","age":"18","age_type":"years","myGHD":{"B":{"remark":""},"D1":{"remark":""},"D2":{"remark":""},"D3":{"remark":""},"D4":{"remark":""},"E":{"remark":""}},"family_id":"","s_date":"","marriage_date":"","premium":"7605","policyNo":"415","familyDataType":"family_construct","declare":"[]"} [] []
[2020-06-09 10:37:58] generateOTP.INFO: test [] []
[2020-06-09 10:41:52] generateOTP.INFO: test [] []
[2020-06-09 10:41:54] generateOTP.INFO: test [] []
[2020-06-09 10:47:42] generateOTP.INFO: test [] []
[2020-06-09 10:47:44] generateOTP.INFO: test [] []
[2020-06-09 10:47:44] generateOTP.INFO: test [] []
[2020-06-09 10:47:50] generateOTP.INFO: test [] []
[2020-06-09 10:47:50] generateOTP.INFO: test [] []
[2020-06-09 10:48:47] generateOTP.INFO: test [] []
[2020-06-09 10:48:51] generateOTP.INFO: test [] []
[2020-06-09 10:49:30] generateOTP.INFO: test [] []
[2020-06-09 10:49:36] generateOTP.INFO: test [] []
[2020-06-09 10:51:10] generateOTP.INFO: {"edit":"0","policy_no":"415","subtype_text":"1","sum_insure":"500000","familyConstruct":"1A","businessType":"New","family_members_id":"0","family_gender":"Male","first_name":"rdfgdfg","last_name":"gdfgdfg","family_date_birth":"07-06-2000","age":"20","age_type":"years","sub_type_check":["1"],"43":"No","46":"No","myGHD":{"A":{"format":"A_No"},"B":{"remark":""},"C1":{"format":"C1_No"},"C2":{"format":"C2_No"},"D1":{"remark":""},"D2":{"remark":""},"D3":{"remark":""},"D4":{"remark":""},"E":{"remark":""}},"family_id":"","s_date":"","marriage_date":"","premium":"7605","policyNo":"415","familyDataType":"family_construct","declare":"[{\"question\":\"43\",\"format\":\"No\"},{\"question\":\"46\",\"format\":\"No\"}]"} [] []
[2020-06-09 10:52:02] generateOTP.INFO: test [] []
[2020-06-09 10:52:15] generateOTP.INFO: test [] []
[2020-06-09 10:52:16] generateOTP.INFO: test [] []
[2020-06-09 10:52:21] generateOTP.INFO: test [] []
[2020-06-09 10:52:27] generateOTP.INFO: test [] []
[2020-06-09 10:52:30] generateOTP.INFO: test [] []
[2020-06-09 10:53:24] generateOTP.INFO: test [] []
[2020-06-09 10:56:31] generateOTP.INFO: test [] []
[2020-06-09 10:56:32] full_quote_request1.INFO: {"ClientCreation":{"Member_Customer_ID":"159167996711111","salutation":"Mr","firstName":"rdfgdfg","middleName":"","lastName":"gdfgdfg","dateofBirth":"06\/07\/2000","gender":"M","educationalQualification":null,"pinCode":"410210","uidNo":null,"maritalStatus":null,"nationality":"Indian","occupation":"O553","primaryEmailID":"bhusha@gmail.com","contactMobileNo":"9999999999","stdLandlineNo":null,"panNo":null,"passportNumber":null,"contactPerson":null,"annualIncome":null,"remarks":null,"startDate":"2020-06-09","endDate":null,"IdProof":"Adhaar Card","residenceProof":null,"ageProof":null,"others":null,"homeAddressLine1":"test addresss ,","homeAddressLine2":null,"homeAddressLine3":null,"homePinCode":"410210","homeArea":null,"homeContactMobileNo":null,"homeContactMobileNo2":null,"homeSTDLandlineNo":null,"homeFaxNo":null,"sameAsHomeAddress":"1","mailingAddressLine1":null,"mailingAddressLine2":null,"mailingAddressLine3":null,"mailingPinCode":null,"mailingArea":null,"mailingContactMobileNo":null,"mailingContactMobileNo2":null,"mailingSTDLandlineNo":null,"mailingSTDLandlineNo2":null,"mailingFaxNo":null,"bankAccountType":null,"bankAccountNo":null,"ifscCode":null,"GSTIN":null,"GSTRegistrationStatus":"Consumers","IsEIAavailable":"0","ApplyEIA":"0","EIAAccountNo":null,"EIAWith":"0","AccountType":null,"AddressProof":null,"DOBProof":null,"IdentityProof":null},"PolicyCreationRequest":{"Quotation_Number":"","MasterPolicyNumber":"61-20-00020-00-00","GroupID":"GRP001","Product_Code":"4211","intermediaryCode":"2104703","AutoRenewal":"Y","intermediaryBranchCode":"10MHMUM01","agentSignatureDate":null,"Customer_Signature_Date":null,"businessSourceChannel":null,"AssignPolicy":"0","AssigneeName":null,"leadID":"422343423423","Source_Name":"AXIS_GHI","SPID":"0","TCN":null,"CRTNO":null,"RefCode1":"0","RefCode2":"069","Employee_Number":"620435","enumIsEmployeeDiscount":null,"QuoteDate":null,"IsPayment":"0","PaymentMode":null,"PolicyproductComponents":[{"PlanCode":"4211","SumInsured":"500000","SchemeCode":"4112000003"}]},"MemObj":{"Member":[{"MemberNo":1,"Salutation":"Mr","First_Name":"rdfgdfg","Middle_Name":null,"Last_Name":"gdfgdfg","Gender":"M","DateOfBirth":"06\/07\/2000","Relation_Code":"R001","Marital_Status":null,"height":"0.00","weight":"0","occupation":"O553","PrimaryMember":"Y","MemberproductComponents":[{"PlanCode":"4211","MemberQuestionDetails":[{"QuestionCode":null,"Answer":null,"Remarks":null}]}],"MemberPED":[{"PEDCode":"PE009","Remarks":null}],"exactDiagnosis":null,"dateOfDiagnosis":null,"lastDateConsultation":null,"detailsOfTreatmentGiven":null,"doctorName":null,"hospitalName":null,"phoneNumberHosital":null,"Nominee_First_Name":"hvvvbnvbn","Nominee_Last_Name":"fhggfhfh","Nominee_Contact_Number":"9999999999","Nominee_Home_Address":null,"Nominee_Relationship_Code":"R004"}]},"ReceiptCreation":{"officeLocation":"","modeOfEntry":"","cdAcNo":null,"expiryDate":null,"payerType":"","payerCode":null,"paymentBy":"","paymentByName":null,"paymentByRelationship":null,"collectionAmount":"","collectionRcvdDate":null,"collectionMode":"","remarks":null,"instrumentNumber":null,"instrumentDate":null,"bankName":null,"branchName":null,"bankLocation":null,"micrNo":null,"chequeType":null,"ifscCode":"","PaymentGatewayName":"","TerminalID":"","CardNo":null}} [] []
[2020-06-09 10:56:37] full_quote_reponse1.INFO: "<ns0:GHI_Res xmlns:ns0=\"http:\/\/ABHICL_NBP_QuickQuote_Schemas.GHI_Response\"><errorObj><ErrorNumber>00<\/ErrorNumber><ErrorMessage>Success<\/ErrorMessage><\/errorObj><policyDtls><TransactionReferenceNumber><\/TransactionReferenceNumber><QuotationNumber>IPB100029474<\/QuotationNumber><CertificateNumber><\/CertificateNumber><LetterURL><\/LetterURL><ClientID><\/ClientID><ProductName>Group Activ Health<\/ProductName><ProductCode>4211<\/ProductCode><LineOfBusiness>42<\/LineOfBusiness><startDate><\/startDate><EndDate><\/EndDate><PolicyNumber>61-20-00020-00-00<\/PolicyNumber><ProposalNumber><\/ProposalNumber><PolicyStatus>PQ1<\/PolicyStatus><Tenure>1<\/Tenure><stpFlag>0<\/stpFlag><COIUrl>Could not find file u0027c:windowssystem32inetsrvObject cannot be cast from DBNull to other typesu0027.<\/COIUrl><\/policyDtls><premium><BasePremium>6444.92<\/BasePremium><NetPremium>6444.92<\/NetPremium><GST>1160.09<\/GST><GrossPremium>7605.00<\/GrossPremium><\/premium><receiptObj><ReceiptNumber><\/ReceiptNumber><ReceiptAmount><\/ReceiptAmount><ExcessAmount><\/ExcessAmount><\/receiptObj><\/ns0:GHI_Res>" [] []
[2020-06-09 10:56:40] generateOTP.INFO: test [] []
[2020-06-09 10:57:10] full_quote_request2.INFO: {"ClientCreation":{"Member_Customer_ID":"159167996711111","salutation":"Mr","firstName":"rdfgdfg","middleName":"","lastName":"gdfgdfg","dateofBirth":"06\/07\/2000","gender":"M","educationalQualification":null,"pinCode":"410210","uidNo":null,"maritalStatus":null,"nationality":"Indian","occupation":"O553","primaryEmailID":"bhusha@gmail.com","contactMobileNo":"9999999999","stdLandlineNo":null,"panNo":null,"passportNumber":null,"contactPerson":null,"annualIncome":null,"remarks":null,"startDate":"2020-06-09","endDate":null,"IdProof":"Adhaar Card","residenceProof":null,"ageProof":null,"others":null,"homeAddressLine1":"test addresss ,","homeAddressLine2":null,"homeAddressLine3":null,"homePinCode":"410210","homeArea":null,"homeContactMobileNo":null,"homeContactMobileNo2":null,"homeSTDLandlineNo":null,"homeFaxNo":null,"sameAsHomeAddress":"1","mailingAddressLine1":null,"mailingAddressLine2":null,"mailingAddressLine3":null,"mailingPinCode":null,"mailingArea":null,"mailingContactMobileNo":null,"mailingContactMobileNo2":null,"mailingSTDLandlineNo":null,"mailingSTDLandlineNo2":null,"mailingFaxNo":null,"bankAccountType":null,"bankAccountNo":null,"ifscCode":null,"GSTIN":null,"GSTRegistrationStatus":"Consumers","IsEIAavailable":"0","ApplyEIA":"0","EIAAccountNo":null,"EIAWith":"0","AccountType":null,"AddressProof":null,"DOBProof":null,"IdentityProof":null},"PolicyCreationRequest":{"Quotation_Number":"IPB100029474","MasterPolicyNumber":"61-20-00020-00-00","GroupID":"GRP001","Product_Code":"4211","intermediaryCode":"2104703","AutoRenewal":"Y","intermediaryBranchCode":"10MHMUM01","agentSignatureDate":null,"Customer_Signature_Date":null,"businessSourceChannel":null,"AssignPolicy":"0","AssigneeName":null,"leadID":"422343423423","Source_Name":"AXIS_GHI","SPID":"0","TCN":null,"CRTNO":null,"RefCode1":"0","RefCode2":"069","Employee_Number":"620435","enumIsEmployeeDiscount":null,"QuoteDate":null,"IsPayment":"1","PaymentMode":null,"PolicyproductComponents":[{"PlanCode":"4211","SumInsured":"500000","SchemeCode":"4112000003"}]},"MemObj":{"Member":[{"MemberNo":1,"Salutation":"Mr","First_Name":"rdfgdfg","Middle_Name":null,"Last_Name":"gdfgdfg","Gender":"M","DateOfBirth":"06\/07\/2000","Relation_Code":"R001","Marital_Status":null,"height":"0.00","weight":"0","occupation":"O553","PrimaryMember":"Y","MemberproductComponents":[{"PlanCode":"4211","MemberQuestionDetails":[{"QuestionCode":null,"Answer":null,"Remarks":null}]}],"MemberPED":[{"PEDCode":"PE009","Remarks":null}],"exactDiagnosis":null,"dateOfDiagnosis":null,"lastDateConsultation":null,"detailsOfTreatmentGiven":null,"doctorName":null,"hospitalName":null,"phoneNumberHosital":null,"Nominee_First_Name":"hvvvbnvbn","Nominee_Last_Name":"fhggfhfh","Nominee_Contact_Number":"9999999999","Nominee_Home_Address":null,"Nominee_Relationship_Code":"R004"}]},"ReceiptCreation":{"officeLocation":"Mumbai","modeOfEntry":"Direct","cdAcNo":null,"expiryDate":null,"payerType":"Customer","payerCode":null,"paymentBy":"Customer","paymentByName":null,"paymentByRelationship":null,"collectionAmount":7605,"collectionRcvdDate":"06\/09\/2020 10:57 AM","collectionMode":"online","remarks":null,"instrumentNumber":"pay_F0PTj2WcJsniG1","instrumentDate":"2020-06-09","bankName":"IBKL","branchName":"0","bankLocation":null,"micrNo":null,"chequeType":null,"ifscCode":"0","PaymentGatewayName":"AXIS_NETB","TerminalID":"76010098","CardNo":null}} [] []
[2020-06-09 10:57:15] full_quote_reponse2.INFO: "<ns0:GHI_Res xmlns:ns0=\"http:\/\/ABHICL_NBP_QuickQuote_Schemas.GHI_Response\"><errorObj><ErrorNumber>00<\/ErrorNumber><ErrorMessage>Success<\/ErrorMessage><\/errorObj><policyDtls><TransactionReferenceNumber><\/TransactionReferenceNumber><QuotationNumber>IPB100029475<\/QuotationNumber><CertificateNumber>GHI-20-1000153<\/CertificateNumber><LetterURL>https:\/\/abpb.adityabirlahealth.com\/hbletter\/viewletter.aspx?ABH=39253&amp;TRM=GHI-20-1000153<\/LetterURL><ClientID>1283269<\/ClientID><ProductName>Group Activ Health<\/ProductName><ProductCode>4211<\/ProductCode><LineOfBusiness>42<\/LineOfBusiness><startDate>6\/9\/2020 12:00:00 AM<\/startDate><EndDate>6\/8\/2021 12:00:00 AM<\/EndDate><PolicyNumber>61-20-00020-00-00<\/PolicyNumber><ProposalNumber>IPB100029475<\/ProposalNumber><PolicyStatus>IF<\/PolicyStatus><Tenure>1<\/Tenure><stpFlag>0<\/stpFlag><COIUrl>Could not find file u0027c:windowssystem32inetsrvObject cannot be cast from DBNull to other typesu0027.<\/COIUrl><\/policyDtls><premium><BasePremium>6444.92<\/BasePremium><NetPremium>6444.92<\/NetPremium><GST>1160.09<\/GST><GrossPremium>7605.00<\/GrossPremium><\/premium><receiptObj><ReceiptNumber>R100179951<\/ReceiptNumber><ReceiptAmount>7605.00<\/ReceiptAmount><ExcessAmount>0.00<\/ExcessAmount><\/receiptObj><\/ns0:GHI_Res>" [] []
[2020-06-09 10:57:15] api_insert.INFO: {"emp_id":"620435","client_id":"1283269","certificate_number":"GHI-20-1000153","quotation_no":"IPB100029475","proposal_no":"IPB100029475","policy_no":"61-20-00020-00-00","gross_premium":null,"status":"Success","start_date":"6\/9\/2020 12:00:00 AM","end_date":"6\/8\/2021 12:00:00 AM","created_date":"2020-06-09 10:57:15","proposal_no_lead":"P-202006090001","PolicyStatus":"IF","letter_url":"https:\/\/abpb.adityabirlahealth.com\/hbletter\/viewletter.aspx?ABH=39253&TRM=GHI-20-1000153","type_login":""} [] []
[2020-06-09 10:57:16] generateOTP.INFO: test [] []
[2020-06-09 11:40:24] generateOTP.INFO: test [] []
[2020-06-09 11:40:25] generateOTP.INFO: test [] []
[2020-06-09 11:40:32] generateOTP.INFO: test [] []
[2020-06-09 11:54:59] generateOTP.INFO: test [] []
[2020-06-09 11:55:00] generateOTP.INFO: test [] []
[2020-06-09 12:36:53] generateOTP.INFO: test [] []
[2020-06-09 12:36:54] generateOTP.INFO: test [] []
[2020-06-09 12:37:03] generateOTP.INFO: test [] []
[2020-06-09 12:37:11] generateOTP.INFO: test [] []
[2020-06-09 14:08:10] generateOTP.INFO: test [] []
[2020-06-09 14:08:13] generateOTP.INFO: test [] []
[2020-06-09 14:08:15] generateOTP.INFO: test [] []
[2020-06-09 14:08:28] generateOTP.INFO: test [] []
[2020-06-09 14:08:29] generateOTP.INFO: test [] []
[2020-06-09 14:09:38] generateOTP.INFO: test [] []
[2020-06-09 14:09:40] generateOTP.INFO: test [] []
[2020-06-09 14:10:11] generateOTP.INFO: test [] []
[2020-06-09 14:10:12] generateOTP.INFO: test [] []
[2020-06-09 14:10:21] generateOTP.INFO: test [] []
[2020-06-09 14:10:27] generateOTP.INFO: test [] []
[2020-06-09 14:18:57] generateOTP.INFO: test [] []
[2020-06-09 14:20:53] generateOTP.INFO: test [] []
[2020-06-09 14:20:54] generateOTP.INFO: test [] []
[2020-06-09 14:20:54] generateOTP.INFO: test [] []
[2020-06-09 14:34:03] generateOTP.INFO: test [] []
[2020-06-09 14:34:05] generateOTP.INFO: test [] []
[2020-06-09 14:34:05] generateOTP.INFO: test [] []
[2020-06-09 15:19:25] generateOTP.INFO: test [] []
[2020-06-09 15:19:25] generateOTP.INFO: test [] []
[2020-06-09 15:19:33] generateOTP.INFO: test [] []
[2020-06-09 15:19:46] generateOTP.INFO: test [] []
[2020-06-09 15:28:27] generateOTP.INFO: test [] []
[2020-06-09 15:28:27] generateOTP.INFO: test [] []
[2020-06-09 15:28:28] generateOTP.INFO: test [] []
[2020-06-09 15:32:40] generateOTP.INFO: test [] []
[2020-06-09 15:32:40] generateOTP.INFO: test [] []
[2020-06-09 15:32:40] generateOTP.INFO: test [] []
[2020-06-09 15:32:50] generateOTP.INFO: test [] []
[2020-06-09 15:32:58] generateOTP.INFO: test [] []
[2020-06-09 15:43:23] generateOTP.INFO: test [] []
[2020-06-09 15:43:36] generateOTP.INFO: test [] []
[2020-06-09 15:44:32] generateOTP.INFO: test [] []
[2020-06-09 15:44:32] generateOTP.INFO: test [] []
[2020-06-09 15:44:42] generateOTP.INFO: test [] []
[2020-06-09 15:44:42] generateOTP.INFO: test [] []
[2020-06-09 15:46:38] generateOTP.INFO: test [] []
[2020-06-09 15:48:36] generateOTP.INFO: test [] []
[2020-06-09 15:48:38] generateOTP.INFO: test [] []
[2020-06-09 15:48:40] generateOTP.INFO: test [] []
[2020-06-09 15:48:45] generateOTP.INFO: test [] []
[2020-06-09 15:48:57] generateOTP.INFO: test [] []
[2020-06-09 15:51:17] generateOTP.INFO: test [] []
[2020-06-09 16:01:11] generateOTP.INFO: test [] []
[2020-06-09 16:01:11] generateOTP.INFO: test [] []
[2020-06-09 16:01:17] generateOTP.INFO: test [] []
[2020-06-09 16:05:45] generateOTP.INFO: test [] []
[2020-06-09 16:14:16] generateOTP.INFO: test [] []
[2020-06-09 16:15:28] generateOTP.INFO: test [] []
[2020-06-09 16:15:34] generateOTP.INFO: test [] []
[2020-06-09 16:27:27] generateOTP.INFO: test [] []
[2020-06-09 16:27:27] generateOTP.INFO: test [] []
[2020-06-09 16:27:27] generateOTP.INFO: test [] []
[2020-06-09 16:27:35] generateOTP.INFO: test [] []
[2020-06-09 16:27:41] generateOTP.INFO: test [] []
[2020-06-09 16:29:27] generateOTP.INFO: test [] []
[2020-06-09 16:32:06] generateOTP.INFO: test [] []
[2020-06-09 16:32:32] generateOTP.INFO: {"edit":"0","policy_no":"415","subtype_text":"1","sum_insure":"1000000","familyConstruct":"1A","businessType":"New","family_members_id":"0","family_gender":"Male","first_name":"dsf","last_name":"df","family_date_birth":"15-06-1977","age":"43","age_type":"years","myGHD":{"B":{"remark":""},"D1":{"remark":""},"D2":{"remark":""},"D3":{"remark":""},"D4":{"remark":""},"E":{"remark":""}},"family_id":"","s_date":"","marriage_date":"","premium":"9867","policyNo":"415","familyDataType":"family_construct","declare":"[]"} [] []
[2020-06-09 16:43:32] generateOTP.INFO: test [] []
[2020-06-09 16:53:03] generateOTP.INFO: test [] []
[2020-06-09 16:56:05] generateOTP.INFO: test [] []
[2020-06-09 17:01:31] generateOTP.INFO: test [] []
[2020-06-09 17:01:41] generateOTP.INFO: test [] []
[2020-06-09 17:01:43] generateOTP.INFO: test [] []
[2020-06-09 17:01:47] generateOTP.INFO: test [] []
[2020-06-09 17:01:48] generateOTP.INFO: test [] []
[2020-06-09 17:12:46] generateOTP.INFO: test [] []
[2020-06-09 17:12:48] generateOTP.INFO: test [] []
[2020-06-09 17:12:48] generateOTP.INFO: test [] []
[2020-06-09 17:13:10] generateOTP.INFO: test [] []
[2020-06-09 17:13:50] generateOTP.INFO: test [] []
[2020-06-09 17:13:51] generateOTP.INFO: test [] []
[2020-06-09 17:15:25] generateOTP.INFO: test [] []
[2020-06-09 17:20:41] generateOTP.INFO: test [] []
[2020-06-09 17:20:44] generateOTP.INFO: test [] []
[2020-06-09 17:21:06] generateOTP.INFO: test [] []
[2020-06-09 17:22:31] generateOTP.INFO: test [] []
[2020-06-09 17:22:31] generateOTP.INFO: test [] []
[2020-06-09 17:22:32] generateOTP.INFO: test [] []
[2020-06-09 17:22:32] generateOTP.INFO: test [] []
[2020-06-09 17:22:33] generateOTP.INFO: test [] []
[2020-06-09 17:22:34] generateOTP.INFO: test [] []
[2020-06-09 17:22:34] generateOTP.INFO: test [] []
[2020-06-09 17:22:34] generateOTP.INFO: test [] []
[2020-06-09 17:22:36] generateOTP.INFO: test [] []
[2020-06-09 17:22:37] generateOTP.INFO: test [] []
[2020-06-09 17:22:45] generateOTP.INFO: test [] []
[2020-06-09 17:22:48] generateOTP.INFO: test [] []
[2020-06-09 17:22:51] generateOTP.INFO: test [] []
[2020-06-09 17:22:52] generateOTP.INFO: test [] []
[2020-06-09 17:22:57] generateOTP.INFO: test [] []
[2020-06-09 17:22:58] generateOTP.INFO: test [] []
[2020-06-09 17:22:58] generateOTP.INFO: test [] []
[2020-06-09 17:23:13] generateOTP.INFO: test [] []
[2020-06-09 17:24:05] generateOTP.INFO: test [] []
[2020-06-09 17:24:06] generateOTP.INFO: test [] []
[2020-06-09 17:25:07] generateOTP.INFO: test [] []
[2020-06-09 17:25:08] generateOTP.INFO: test [] []
[2020-06-09 17:52:32] generateOTP.INFO: test [] []
[2020-06-09 17:52:32] generateOTP.INFO: test [] []
[2020-06-09 18:00:16] generateOTP.INFO: test [] []
[2020-06-09 18:00:17] generateOTP.INFO: test [] []
[2020-06-09 18:00:32] generateOTP.INFO: test [] []
[2020-06-09 18:04:47] generateOTP.INFO: test [] []
[2020-06-09 18:05:32] generateOTP.INFO: test [] []
[2020-06-09 18:05:44] generateOTP.INFO: test [] []
[2020-06-09 18:06:08] generateOTP.INFO: test [] []
[2020-06-09 18:07:10] generateOTP.INFO: test [] []
[2020-06-09 18:07:19] generateOTP.INFO: test [] []
[2020-06-09 18:07:44] generateOTP.INFO: test [] []
[2020-06-09 18:09:17] generateOTP.INFO: test [] []
[2020-06-09 18:23:46] generateOTP.INFO: test [] []
[2020-06-09 18:24:35] generateOTP.INFO: test [] []
[2020-06-09 18:25:28] generateOTP.INFO: test [] []
[2020-06-09 18:25:49] generateOTP.INFO: test [] []
[2020-06-09 18:29:03] generateOTP.INFO: test [] []
[2020-06-09 18:33:40] generateOTP.INFO: test [] []
[2020-06-09 18:33:40] generateOTP.INFO: test [] []
[2020-06-09 18:33:40] generateOTP.INFO: test [] []
[2020-06-09 18:33:40] generateOTP.INFO: test [] []
[2020-06-09 18:33:40] generateOTP.INFO: test [] []
[2020-06-09 18:44:52] generateOTP.INFO: test [] []
[2020-06-09 18:44:54] generateOTP.INFO: test [] []
[2020-06-09 18:45:10] generateOTP.INFO: test [] []
[2020-06-09 18:45:13] generateOTP.INFO: test [] []
[2020-06-09 18:45:24] generateOTP.INFO: test [] []
[2020-06-09 18:45:49] generateOTP.INFO: test [] []
[2020-06-09 18:53:35] generateOTP.INFO: test [] []
[2020-06-09 18:54:18] generateOTP.INFO: test [] []
[2020-06-09 18:55:10] generateOTP.INFO: {"edit":"0","policy_no":"415","subtype_text":"1","sum_insure":"500000","familyConstruct":"1A","businessType":"New","family_members_id":"1","family_gender":"Female","first_name":"dsfdsv","last_name":"dsvdsvds","family_date_birth":"01-06-1990","age":"30","age_type":"years","myGHD":{"A":{"format":"A_No"},"B":{"remark":""},"C1":{"format":"C1_No"},"C2":{"format":"C2_No"},"D1":{"remark":""},"D2":{"remark":""},"D3":{"remark":""},"D4":{"remark":""},"E":{"remark":""}},"family_id":"","s_date":"","marriage_date":"","premium":"7605","policyNo":"415","familyDataType":"family_construct","declare":"[]"} [] []
[2020-06-09 18:55:46] generateOTP.INFO: test [] []
[2020-06-09 18:55:48] generateOTP.INFO: test [] []
[2020-06-09 18:55:54] generateOTP.INFO: test [] []
[2020-06-09 18:56:06] generateOTP.INFO: test [] []
[2020-06-09 18:56:23] generateOTP.INFO: test [] []
[2020-06-09 18:56:35] generateOTP.INFO: test [] []
[2020-06-09 18:56:43] generateOTP.INFO: test [] []
[2020-06-09 18:56:49] generateOTP.INFO: test [] []
[2020-06-09 18:59:27] generateOTP.INFO: test [] []
[2020-06-09 19:47:28] generateOTP.INFO: test [] []
[2020-06-09 19:47:30] generateOTP.INFO: test [] []
[2020-06-09 19:47:31] generateOTP.INFO: test [] []
[2020-06-09 19:47:35] generateOTP.INFO: test [] []
[2020-06-09 19:48:37] generateOTP.INFO: test [] []
[2020-06-09 19:48:54] generateOTP.INFO: {"edit":"0","policy_no":"415","subtype_text":"1","sum_insure":"500000","familyConstruct":"2A+2K","businessType":"New","family_members_id":"0","family_gender":"Male","first_name":"testf","last_name":"testl","family_date_birth":"01-06-1993","age":"27","age_type":"years","myGHD":{"B":{"remark":""},"D1":{"remark":""},"D2":{"remark":""},"D3":{"remark":""},"D4":{"remark":""},"E":{"remark":""}},"family_id":"","s_date":"","marriage_date":"","premium":"14489","policyNo":"415","familyDataType":"family_construct","declare":"[]"} [] []
[2020-06-09 19:49:19] generateOTP.INFO: {"edit":"0","policy_no":"415","subtype_text":"1","sum_insure":"500000","familyConstruct":"2A+2K","businessType":"New","family_members_id":"1","family_gender":"Female","first_name":"dscsdds","last_name":"ascac","family_date_birth":"01-06-1993","age":"27","age_type":"years","myGHD":{"B":{"remark":""},"D1":{"remark":""},"D2":{"remark":""},"D3":{"remark":""},"D4":{"remark":""},"E":{"remark":""}},"family_id":"","s_date":"","marriage_date":"","premium":"14489","policyNo":"415","familyDataType":"family_construct","declare":"[]"} [] []
[2020-06-09 19:49:32] generateOTP.INFO: {"edit":"0","policy_no":"415","subtype_text":"1","sum_insure":"500000","familyConstruct":"2A+2K","businessType":"New","family_members_id":"2","family_gender":"Male","first_name":"asasd","last_name":"asdasda","family_date_birth":"01-06-2015","age":"5","age_type":"years","myGHD":{"B":{"remark":""},"D1":{"remark":""},"D2":{"remark":""},"D3":{"remark":""},"D4":{"remark":""},"E":{"remark":""}},"family_id":"","s_date":"","marriage_date":"","premium":"14489","policyNo":"415","familyDataType":"family_construct","declare":"[]"} [] []
[2020-06-09 19:49:47] generateOTP.INFO: {"edit":"0","policy_no":"415","subtype_text":"1","sum_insure":"500000","familyConstruct":"2A+2K","businessType":"New","family_members_id":"3","family_gender":"Female","first_name":"asdad","last_name":"asdasd","family_date_birth":"01-06-2013","age":"7","age_type":"years","myGHD":{"B":{"remark":""},"D1":{"remark":""},"D2":{"remark":""},"D3":{"remark":""},"D4":{"remark":""},"E":{"remark":""}},"family_id":"","s_date":"","marriage_date":"","premium":"14489","policyNo":"415","familyDataType":"family_construct","declare":"[]"} [] []
[2020-06-09 19:50:17] generateOTP.INFO: test [] []
[2020-06-09 23:36:47] generateOTP.INFO: test [] []
