[2021-02-09 10:01:36] generateOTP.INFO: test [] []
[2021-02-09 10:17:00] generateOTP.INFO: test [] []
[2021-02-09 11:42:33] generateOTP.INFO: test [] []
[2021-02-09 14:18:11] generateOTP.INFO: test [] []
[2021-02-09 14:18:16] generateOTP.INFO: test [] []
[2021-02-09 14:18:46] generateOTP.INFO: test [] []
[2021-02-09 14:18:46] generateOTP.INFO: test [] []
[2021-02-09 14:18:48] generateOTP.INFO: test [] []
[2021-02-09 14:18:49] generateOTP.INFO: test [] []
[2021-02-09 14:18:55] generateOTP.INFO: test [] []
[2021-02-09 14:18:55] generateOTP.INFO: test [] []
[2021-02-09 14:18:55] generateOTP.INFO: test [] []
[2021-02-09 14:18:56] generateOTP.INFO: test [] []
[2021-02-09 14:19:03] generateOTP.INFO: test [] []
[2021-02-09 14:19:04] generateOTP.INFO: test [] []
[2021-02-09 14:19:17] generateOTP.INFO: test [] []
[2021-02-09 14:19:18] generateOTP.INFO: test [] []
[2021-02-09 14:26:10] generateOTP.INFO: test [] []
[2021-02-09 14:26:10] generateOTP.INFO: test [] []
[2021-02-09 14:26:19] generateOTP.INFO: test [] []
[2021-02-09 14:26:19] generateOTP.INFO: test [] []
[2021-02-09 14:26:54] generateOTP.INFO: test [] []
[2021-02-09 14:26:59] generateOTP.INFO: test [] []
[2021-02-09 14:28:08] generateOTP.INFO: test [] []
[2021-02-09 14:28:09] generateOTP.INFO: test [] []
[2021-02-09 14:28:18] generateOTP.INFO: test [] []
[2021-02-09 14:28:33] generateOTP.INFO: test [] []
[2021-02-09 14:28:33] generateOTP.INFO: test [] []
[2021-02-09 14:28:36] generateOTP.INFO: test [] []
[2021-02-09 14:28:36] generateOTP.INFO: test [] []
[2021-02-09 14:28:39] generateOTP.INFO: test [] []
[2021-02-09 14:28:39] generateOTP.INFO: test [] []
[2021-02-09 14:28:39] generateOTP.INFO: test [] []
[2021-02-09 14:28:39] generateOTP.INFO: test [] []
[2021-02-09 14:28:41] generateOTP.INFO: test [] []
[2021-02-09 14:28:42] generateOTP.INFO: test [] []
[2021-02-09 14:28:44] generateOTP.INFO: test [] []
[2021-02-09 14:28:45] generateOTP.INFO: test [] []
[2021-02-09 14:33:14] generateOTP.INFO: test [] []
[2021-02-09 14:33:19] generateOTP.INFO: test [] []
[2021-02-09 14:33:48] generateOTP.INFO: test [] []
[2021-02-09 14:33:49] generateOTP.INFO: test [] []
[2021-02-09 14:47:30] generateOTP.INFO: test [] []
[2021-02-09 14:47:30] generateOTP.INFO: test [] []
[2021-02-09 14:47:59] generateOTP.INFO: test [] []
[2021-02-09 14:51:13] generateOTP.INFO: test [] []
[2021-02-09 14:51:13] generateOTP.INFO: test [] []
[2021-02-09 14:52:21] generateOTP.INFO: test [] []
[2021-02-09 14:52:23] generateOTP.INFO: test [] []
[2021-02-09 15:03:26] generateOTP.INFO: test [] []
[2021-02-09 15:03:30] generateOTP.INFO: test [] []
[2021-02-09 15:04:08] generateOTP.INFO: test [] []
[2021-02-09 15:04:08] generateOTP.INFO: test [] []
[2021-02-09 15:05:39] generateOTP.INFO: test [] []
[2021-02-09 15:05:40] generateOTP.INFO: test [] []
[2021-02-09 15:05:54] generateOTP.INFO: test [] []
[2021-02-09 15:05:54] generateOTP.INFO: test [] []
[2021-02-09 15:05:54] generateOTP.INFO: test [] []
[2021-02-09 15:05:54] generateOTP.INFO: test [] []
[2021-02-09 15:06:09] generateOTP.INFO: test [] []
[2021-02-09 15:06:09] generateOTP.INFO: test [] []
[2021-02-09 15:06:24] generateOTP.INFO: test [] []
[2021-02-09 15:06:25] generateOTP.INFO: test [] []
[2021-02-09 15:13:43] generateOTP.INFO: test [] []
[2021-02-09 15:13:43] generateOTP.INFO: test [] []
[2021-02-09 15:13:43] generateOTP.INFO: test [] []
[2021-02-09 15:13:43] generateOTP.INFO: test [] []
[2021-02-09 15:13:44] generateOTP.INFO: test [] []
[2021-02-09 15:29:06] generateOTP.INFO: test [] []
[2021-02-09 15:36:32] generateOTP.INFO: test [] []
[2021-02-09 15:36:41] generateOTP.INFO: test [] []
[2021-02-09 15:36:53] generateOTP.INFO: test [] []
[2021-02-09 15:37:05] generateOTP.INFO: test [] []
[2021-02-09 15:39:02] generateOTP.INFO: test [] []
[2021-02-09 15:39:26] generateOTP.INFO: test [] []
[2021-02-09 15:58:22] generateOTP.INFO: test [] []
[2021-02-09 15:58:24] generateOTP.INFO: test [] []
[2021-02-09 15:58:37] generateOTP.INFO: test [] []
[2021-02-09 15:58:42] generateOTP.INFO: test [] []
[2021-02-09 15:58:54] generateOTP.INFO: test [] []
[2021-02-09 15:59:10] generateOTP.INFO: test [] []
[2021-02-09 16:06:24] generateOTP.INFO: test [] []
[2021-02-09 16:06:28] generateOTP.INFO: test [] []
[2021-02-09 16:07:50] generateOTP.INFO: test [] []
[2021-02-09 16:07:50] generateOTP.INFO: test [] []
[2021-02-09 16:07:52] generateOTP.INFO: test [] []
[2021-02-09 16:07:53] generateOTP.INFO: test [] []
[2021-02-09 16:48:14] generateOTP.INFO: test [] []
[2021-02-09 18:09:15] generateOTP.INFO: test [] []
[2021-02-09 18:19:05] generateOTP.INFO: test [] []
[2021-02-09 18:22:01] generateOTP.INFO: {"salutation":"1","firstname":"test","lastname":"BANKING","dob":"19-12-1988","mob_no":"7010444138","panCard":"XXXXXX456A","email":"jack@gmail.com","ref1":"1","ref2":"1","comAdd":"Om hrad ntalatiof, holOmshre, talathioficeeachol, OmshreeSada9talathi","city":"MUMBAI","state":"MAHARASHTRA","pin_code":"622103","ISNRI":"N","update_emp_id":"WStGS2U4TElmYU5qenJvMHlKYkFaUT09","edit":"0","policy_no":"454,455","subtype_text":"1","sum_insure":"500000","anuual_income":"","occupation":"2","familyConstruct":"2A","family_members_id":"0","family_gender":"Male","first_name":"test","last_name":"BANKING","family_date_birth":"19-12-1988","age":"32","age_type":" years","tenure":"1 Year","family_id":"","s_date":"","marriage_date":"","premium":"11500","policyNo":"454,455","familyDataType":"undefined","empId":"WStGS2U4TElmYU5qenJvMHlKYkFaUT09","product":"RMxC5efb5c5a320e7","declare":"[]","gender":"Male","gci_options":"Yes"} [] []
[2021-02-09 18:22:18] generateOTP.INFO: {"salutation":"1","firstname":"test","lastname":"BANKING","dob":"19-12-1988","mob_no":"7010444138","panCard":"XXXXXX456A","email":"jack@gmail.com","ref1":"1","ref2":"1","comAdd":"Om hrad ntalatiof, holOmshre, talathioficeeachol, OmshreeSada9talathi","city":"MUMBAI","state":"MAHARASHTRA","pin_code":"622103","ISNRI":"N","update_emp_id":"WStGS2U4TElmYU5qenJvMHlKYkFaUT09","edit":"0","policy_no":"454,455","subtype_text":"1","sum_insure":"500000","anuual_income":"","occupation":"2","familyConstruct":"2A","family_members_id":"1","family_gender":"Female","first_name":"test","last_name":"","family_date_birth":"01-02-1990","age":"31","age_type":" years","tenure":"1 Year","family_id":"","s_date":"","marriage_date":"","premium":"11500","policyNo":"454,455","familyDataType":"undefined","empId":"WStGS2U4TElmYU5qenJvMHlKYkFaUT09","product":"RMxC5efb5c5a320e7","declare":"[]","gender":"Male","gci_options":"Yes"} [] []
[2021-02-09 18:22:48] documentsSave.INFO: {"ops_type":"[\"0\",\"Y\"]","ids":"1081,1082,1083"} [] []
[2021-02-09 18:22:48] documentsSaveFiles.INFO: [{"name":"download.png","type":"image\/png","tmp_name":"\/tmp\/phpye7bZt","error":0,"size":57862},{"name":"download.png","type":"image\/png","tmp_name":"\/tmp\/phpfk9bT1","error":0,"size":57862}] [] []
[2021-02-09 18:23:26] generateOTP.INFO: test [] []
[2021-02-09 19:04:44] generateOTP.INFO: test [] []
[2021-02-09 19:04:58] generateOTP.INFO: {"salutation":"1","firstname":"test","lastname":"BANKING","dob":"19-12-1988","mob_no":"7010444138","panCard":"XXXXXX456A","email":"jack@gmail.com","ref1":"1","ref2":"1","comAdd":"Om hrad ntalatiof, holOmshre, talathioficeeachol, OmshreeSada9talathi","city":"MUMBAI","state":"MAHARASHTRA","pin_code":"622103","ISNRI":"N","update_emp_id":"dXRSV0RKcjBtVGo3NFh1MjZwaURFdz09","edit":"0","policy_no":"392,393","subtype_text":"1","sum_insure":"500000","anuual_income":"","familyConstruct":"2A","family_members_id":"0","family_gender":"Male","first_name":"test","last_name":"BANKING","family_date_birth":"19-12-1988","age":"32","age_type":" years","tenure":"1 Year","family_id":"","s_date":"","marriage_date":"","premium":"15999","policyNo":"392,393","familyDataType":"undefined","empId":"dXRSV0RKcjBtVGo3NFh1MjZwaURFdz09","product":"iWL65dcd54d9c5a65","declare":"[]","gender":"Male","gci_options":"Yes"} [] []
[2021-02-09 19:05:09] generateOTP.INFO: {"salutation":"1","firstname":"test","lastname":"BANKING","dob":"19-12-1988","mob_no":"7010444138","panCard":"XXXXXX456A","email":"jack@gmail.com","ref1":"1","ref2":"1","comAdd":"Om hrad ntalatiof, holOmshre, talathioficeeachol, OmshreeSada9talathi","city":"MUMBAI","state":"MAHARASHTRA","pin_code":"622103","ISNRI":"N","update_emp_id":"dXRSV0RKcjBtVGo3NFh1MjZwaURFdz09","edit":"0","policy_no":"392,393","subtype_text":"1","sum_insure":"500000","anuual_income":"","familyConstruct":"2A","family_members_id":"1","family_gender":"Female","first_name":"test","last_name":"","family_date_birth":"06-02-1987","age":"34","age_type":" years","tenure":"1 Year","family_id":"","s_date":"","marriage_date":"","premium":"15999","policyNo":"392,393","familyDataType":"undefined","empId":"dXRSV0RKcjBtVGo3NFh1MjZwaURFdz09","product":"iWL65dcd54d9c5a65","declare":"[]","gender":"Male","gci_options":"Yes"} [] []
[2021-02-09 19:05:30] documentsSave.INFO: {"ops_type":"[\"0\",\"Y\"]","ids":"1084,1085"} [] []
[2021-02-09 19:05:30] documentsSaveFiles.INFO: [{"name":"download.png","type":"image\/png","tmp_name":"\/tmp\/php1TssHm","error":0,"size":57862},{"name":"download.png","type":"image\/png","tmp_name":"\/tmp\/phpfI92zN","error":0,"size":57862}] [] []
[2021-02-09 19:05:38] generateOTP.INFO: test [] []
[2021-02-09 19:08:33] generateOTP.INFO: test [] []
[2021-02-09 19:09:56] generateOTP.INFO: {"salutation":"1","firstname":"test","lastname":"BANKING","dob":"19-12-1988","mob_no":"7010444138","panCard":"XXXXXX456A","email":"jack@gmail.com","ref1":"1","ref2":"1","comAdd":"Om hrad ntalatiof, holOmshre, talathioficeeachol, OmshreeSada9talathi","city":"MUMBAI","state":"MAHARASHTRA","pin_code":"622103","ISNRI":"N","update_emp_id":"Q2dWazRLUEJKU3hRVURJci9Ga0V4dz09","edit":"0","policy_no":"454,455","subtype_text":"1","sum_insure":"500000","anuual_income":"","occupation":"2","familyConstruct":"1A","family_members_id":"0","family_gender":"Male","first_name":"test","last_name":"BANKING","family_date_birth":"19-12-1988","age":"32","age_type":" years","tenure":"1 Year","family_id":"","s_date":"","marriage_date":"","premium":"8000","policyNo":"454,455","familyDataType":"undefined","empId":"Q2dWazRLUEJKU3hRVURJci9Ga0V4dz09","product":"RMxC5efb5c5a320e7","declare":"[]","gender":"Male","gci_options":"Yes"} [] []
[2021-02-09 19:11:40] documentsSave.INFO: {"ops_type":"[\"0\",\"Y\"]","ids":"1086,1087,1088"} [] []
[2021-02-09 19:11:40] documentsSaveFiles.INFO: [{"name":"download.png","type":"image\/png","tmp_name":"\/tmp\/phpXPrLLq","error":0,"size":57862},{"name":"download.png","type":"image\/png","tmp_name":"\/tmp\/phpsXqCFV","error":0,"size":57862}] [] []
[2021-02-09 19:39:04] generateOTP.INFO: test [] []
[2021-02-09 19:39:22] generateOTP.INFO: {"salutation":"1","firstname":"test","lastname":"BANKING","dob":"19-12-1988","mob_no":"7010444138","panCard":"XXXXXX456A","email":"jack@gmail.com","ref1":"1","ref2":"1","comAdd":"Om hrad ntalatiof, holOmshre, talathioficeeachol, OmshreeSada9talathi","city":"MUMBAI","state":"MAHARASHTRA","pin_code":"622103","ISNRI":"N","update_emp_id":"b2lxNFg4VTMxbG9vaG1TWUptNCt0dz09","edit":"0","policy_no":"470","subtype_text":"1","sum_insure":"5000000","anuual_income":"900000","occupation":"2","familyConstruct":"1A","family_members_id":"0","family_gender":"Male","first_name":"test","last_name":"BANKING","family_date_birth":"19-12-1988","age":"32","age_type":" years","tenure":"1 Year","family_id":"","s_date":"","marriage_date":"","premium":"12199","policyNo":"470","familyDataType":"undefined","empId":"b2lxNFg4VTMxbG9vaG1TWUptNCt0dz09","product":"test123abc","declare":"[]","gender":"Male","gci_options":"undefined","gpa_options":"No","hidden_policy_id":"470","hidden_deductable":"0"} [] []
[2021-02-09 19:39:59] documentsSave.INFO: {"ops_type":"[\"0\",\"Y\"]","ids":"1089"} [] []
[2021-02-09 19:39:59] documentsSaveFiles.INFO: [{"name":"download.png","type":"image\/png","tmp_name":"\/tmp\/phppXJYci","error":0,"size":57862},{"name":"download.png","type":"image\/png","tmp_name":"\/tmp\/phpm0qFrE","error":0,"size":57862}] [] []
[2021-02-09 19:40:24] generateOTP.INFO: test [] []
