[2020-09-10 11:16:28] generateOTP.INFO: test [] []
[2020-09-10 11:16:31] generateOTP.INFO: test [] []
[2020-09-10 11:17:15] generateOTP.INFO: test [] []
[2020-09-10 11:17:17] generateOTP.INFO: test [] []
[2020-09-10 11:38:16] generateOTP.INFO: test [] []
[2020-09-10 11:38:17] generateOTP.INFO: test [] []
[2020-09-10 11:38:18] generateOTP.INFO: test [] []
[2020-09-10 11:38:18] generateOTP.INFO: test [] []
[2020-09-10 11:38:23] generateOTP.INFO: test [] []
[2020-09-10 11:38:24] generateOTP.INFO: test [] []
[2020-09-10 11:38:30] generateOTP.INFO: test [] []
[2020-09-10 11:38:37] generateOTP.INFO: test [] []
[2020-09-10 11:39:09] generateOTP.INFO: test [] []
[2020-09-10 11:43:12] generateOTP.INFO: test [] []
[2020-09-10 11:43:42] generateOTP.INFO: test [] []
[2020-09-10 11:43:43] generateOTP.INFO: test [] []
[2020-09-10 11:43:44] generateOTP.INFO: test [] []
[2020-09-10 11:43:51] generateOTP.INFO: test [] []
[2020-09-10 11:44:17] generateOTP.INFO: test [] []
[2020-09-10 11:44:28] generateOTP.INFO: test [] []
[2020-09-10 11:45:48] generateOTP.INFO: test [] []
[2020-09-10 12:17:21] generateOTP.INFO: test [] []
[2020-09-10 12:17:21] generateOTP.INFO: test [] []
[2020-09-10 12:17:22] generateOTP.INFO: test [] []
[2020-09-10 12:17:23] generateOTP.INFO: test [] []
[2020-09-10 12:17:23] generateOTP.INFO: test [] []
[2020-09-10 12:17:28] generateOTP.INFO: test [] []
[2020-09-10 12:23:34] generateOTP.INFO: test [] []
[2020-09-10 12:23:56] generateOTP.INFO: test [] []
[2020-09-10 12:46:08] generateOTP.INFO: test [] []
[2020-09-10 12:46:59] generateOTP.INFO: test [] []
[2020-09-10 12:47:04] generateOTP.INFO: test [] []
[2020-09-10 13:13:10] generateOTP.INFO: test [] []
[2020-09-10 13:13:12] generateOTP.INFO: test [] []
[2020-09-10 13:13:27] generateOTP.INFO: test [] []
[2020-09-10 13:13:35] generateOTP.INFO: test [] []
[2020-09-10 13:13:38] generateOTP.INFO: test [] []
[2020-09-10 13:13:50] generateOTP.INFO: test [] []
[2020-09-10 13:19:08] generateOTP.INFO: test [] []
[2020-09-10 13:19:38] generateOTP.INFO: test [] []
[2020-09-10 13:26:13] generateOTP.INFO: test [] []
[2020-09-10 13:26:16] generateOTP.INFO: test [] []
[2020-09-10 13:26:16] generateOTP.INFO: test [] []
[2020-09-10 13:26:17] generateOTP.INFO: test [] []
[2020-09-10 13:26:21] generateOTP.INFO: test [] []
[2020-09-10 13:26:22] generateOTP.INFO: test [] []
[2020-09-10 13:26:29] generateOTP.INFO: test [] []
[2020-09-10 13:26:48] generateOTP.INFO: test [] []
[2020-09-10 13:28:15] generateOTP.INFO: test [] []
[2020-09-10 13:28:16] generateOTP.INFO: test [] []
[2020-09-10 13:28:16] generateOTP.INFO: test [] []
[2020-09-10 13:28:32] generateOTP.INFO: test [] []
[2020-09-10 13:28:56] generateOTP.INFO: test [] []
[2020-09-10 13:31:21] generateOTP.INFO: test [] []
[2020-09-10 13:31:21] generateOTP.INFO: test [] []
[2020-09-10 13:31:22] generateOTP.INFO: test [] []
[2020-09-10 13:31:27] generateOTP.INFO: test [] []
[2020-09-10 13:31:49] generateOTP.INFO: test [] []
[2020-09-10 13:32:59] generateOTP.INFO: test [] []
[2020-09-10 13:33:57] generateOTP.INFO: test [] []
[2020-09-10 13:45:53] generateOTP.INFO: test [] []
[2020-09-10 13:45:53] generateOTP.INFO: test [] []
[2020-09-10 13:45:54] generateOTP.INFO: test [] []
[2020-09-10 13:47:48] generateOTP.INFO: test [] []
[2020-09-10 13:48:05] generateOTP.INFO: test [] []
[2020-09-10 13:48:35] generateOTP.INFO: test [] []
[2020-09-10 13:53:22] generateOTP.INFO: test [] []
[2020-09-10 14:06:18] generateOTP.INFO: test [] []
[2020-09-10 14:06:18] generateOTP.INFO: test [] []
[2020-09-10 14:06:18] generateOTP.INFO: test [] []
[2020-09-10 14:06:43] generateOTP.INFO: test [] []
[2020-09-10 14:06:52] generateOTP.INFO: test [] []
[2020-09-10 14:06:58] generateOTP.INFO: test [] []
[2020-09-10 14:06:58] generateOTP.INFO: test [] []
[2020-09-10 14:06:59] generateOTP.INFO: test [] []
[2020-09-10 14:07:17] generateOTP.INFO: test [] []
[2020-09-10 14:07:41] generateOTP.INFO: test [] []
[2020-09-10 14:13:44] generateOTP.INFO: test [] []
[2020-09-10 14:15:01] generateOTP.INFO: test [] []
[2020-09-10 14:17:22] generateOTP.INFO: test [] []
[2020-09-10 14:18:22] generateOTP.INFO: test [] []
[2020-09-10 14:18:39] generateOTP.INFO: test [] []
[2020-09-10 14:18:40] generateOTP.INFO: test [] []
[2020-09-10 14:18:41] generateOTP.INFO: test [] []
[2020-09-10 14:18:42] generateOTP.INFO: test [] []
[2020-09-10 14:18:47] generateOTP.INFO: test [] []
[2020-09-10 14:18:48] generateOTP.INFO: test [] []
[2020-09-10 14:18:56] generateOTP.INFO: test [] []
[2020-09-10 14:19:18] generateOTP.INFO: test [] []
[2020-09-10 14:19:24] generateOTP.INFO: test [] []
[2020-09-10 14:19:30] generateOTP.INFO: test [] []
[2020-09-10 14:22:22] generateOTP.INFO: test [] []
[2020-09-10 14:22:24] generateOTP.INFO: test [] []
[2020-09-10 14:22:25] generateOTP.INFO: test [] []
[2020-09-10 14:22:26] generateOTP.INFO: test [] []
[2020-09-10 14:22:31] generateOTP.INFO: test [] []
[2020-09-10 14:22:55] generateOTP.INFO: test [] []
[2020-09-10 14:23:00] generateOTP.INFO: test [] []
[2020-09-10 14:24:24] generateOTP.INFO: test [] []
[2020-09-10 14:27:08] generateOTP.INFO: test [] []
[2020-09-10 14:29:11] generateOTP.INFO: test [] []
[2020-09-10 14:29:11] generateOTP.INFO: test [] []
[2020-09-10 14:29:32] generateOTP.INFO: test [] []
[2020-09-10 14:37:20] generateOTP.INFO: test [] []
[2020-09-10 14:39:25] generateOTP.INFO: test [] []
[2020-09-10 14:39:29] generateOTP.INFO: test [] []
[2020-09-10 14:39:35] generateOTP.INFO: test [] []
[2020-09-10 14:39:38] generateOTP.INFO: test [] []
[2020-09-10 14:44:40] generateOTP.INFO: test [] []
[2020-09-10 14:48:46] generateOTP.INFO: test [] []
[2020-09-10 14:48:47] generateOTP.INFO: test [] []
[2020-09-10 14:48:48] generateOTP.INFO: test [] []
[2020-09-10 14:48:59] generateOTP.INFO: test [] []
[2020-09-10 14:50:49] generateOTP.INFO: test [] []
[2020-09-10 14:50:56] generateOTP.INFO: test [] []
[2020-09-10 14:52:39] generateOTP.INFO: test [] []
[2020-09-10 14:52:40] generateOTP.INFO: test [] []
[2020-09-10 14:52:44] generateOTP.INFO: test [] []
[2020-09-10 14:56:29] generateOTP.INFO: test [] []
[2020-09-10 14:59:09] generateOTP.INFO: test [] []
[2020-09-10 15:01:54] generateOTP.INFO: test [] []
[2020-09-10 15:04:33] generateOTP.INFO: test [] []
[2020-09-10 15:04:34] generateOTP.INFO: test [] []
[2020-09-10 15:10:45] generateOTP.INFO: test [] []
[2020-09-10 15:13:30] generateOTP.INFO: test [] []
[2020-09-10 15:13:37] generateOTP.INFO: test [] []
[2020-09-10 15:15:36] generateOTP.INFO: test [] []
[2020-09-10 15:16:29] generateOTP.INFO: test [] []
[2020-09-10 15:17:25] generateOTP.INFO: test [] []
[2020-09-10 15:18:08] generateOTP.INFO: test [] []
[2020-09-10 15:18:29] generateOTP.INFO: test [] []
[2020-09-10 15:18:30] generateOTP.INFO: test [] []
[2020-09-10 15:19:13] generateOTP.INFO: test [] []
[2020-09-10 15:19:14] generateOTP.INFO: test [] []
[2020-09-10 15:19:30] generateOTP.INFO: test [] []
[2020-09-10 15:19:38] generateOTP.INFO: test [] []
[2020-09-10 15:21:40] generateOTP.INFO: test [] []
[2020-09-10 15:21:40] generateOTP.INFO: test [] []
[2020-09-10 15:21:46] generateOTP.INFO: test [] []
[2020-09-10 15:22:08] generateOTP.INFO: test [] []
[2020-09-10 15:22:16] generateOTP.INFO: test [] []
[2020-09-10 15:23:10] generateOTP.INFO: test [] []
[2020-09-10 15:23:13] generateOTP.INFO: test [] []
[2020-09-10 15:23:13] generateOTP.INFO: test [] []
[2020-09-10 15:23:18] generateOTP.INFO: test [] []
[2020-09-10 15:23:24] generateOTP.INFO: test [] []
[2020-09-10 15:24:02] generateOTP.INFO: test [] []
[2020-09-10 15:32:56] generateOTP.INFO: test [] []
[2020-09-10 16:23:25] generateOTP.INFO: test [] []
[2020-09-10 16:23:25] generateOTP.INFO: test [] []
[2020-09-10 16:23:26] generateOTP.INFO: test [] []
[2020-09-10 16:23:30] generateOTP.INFO: test [] []
[2020-09-10 16:23:32] generateOTP.INFO: test [] []
[2020-09-10 16:23:37] generateOTP.INFO: test [] []
[2020-09-10 16:24:29] generateOTP.INFO: test [] []
[2020-09-10 16:24:42] generateOTP.INFO: test [] []
[2020-09-10 16:24:49] generateOTP.INFO: test [] []
[2020-09-10 16:34:20] generateOTP.INFO: test [] []
[2020-09-10 16:34:21] generateOTP.INFO: test [] []
[2020-09-10 16:34:23] generateOTP.INFO: test [] []
[2020-09-10 16:34:23] generateOTP.INFO: test [] []
[2020-09-10 16:34:28] generateOTP.INFO: test [] []
[2020-09-10 16:34:58] generateOTP.INFO: test [] []
[2020-09-10 16:36:09] generateOTP.INFO: test [] []
[2020-09-10 16:37:43] generateOTP.INFO: test [] []
[2020-09-10 16:38:19] generateOTP.INFO: test [] []
[2020-09-10 16:51:24] generateOTP.INFO: test [] []
[2020-09-10 16:51:25] generateOTP.INFO: test [] []
[2020-09-10 16:51:26] generateOTP.INFO: test [] []
[2020-09-10 16:51:31] generateOTP.INFO: test [] []
[2020-09-10 16:51:32] generateOTP.INFO: test [] []
[2020-09-10 16:51:41] generateOTP.INFO: test [] []
[2020-09-10 16:51:43] generateOTP.INFO: test [] []
[2020-09-10 16:51:43] generateOTP.INFO: test [] []
[2020-09-10 16:51:46] generateOTP.INFO: test [] []
[2020-09-10 16:51:51] generateOTP.INFO: test [] []
[2020-09-10 16:52:11] generateOTP.INFO: test [] []
[2020-09-10 16:52:15] generateOTP.INFO: test [] []
[2020-09-10 16:52:41] generateOTP.INFO: test [] []
[2020-09-10 16:53:40] generateOTP.INFO: test [] []
[2020-09-10 16:54:08] generateOTP.INFO: test [] []
[2020-09-10 16:54:58] generateOTP.INFO: test [] []
[2020-09-10 16:55:17] generateOTP.INFO: {"salutation":"1","firstname":"test","lastname":"BANKING","dob":"19-12-1988","mob_no":"7010444138","panCard":"XXXXXX456A","email":"jack@gmail.com","ref1":"1","ref2":"1","comAdd":"Om hrad ntalatiof, holOmshre, talathioficeeachol, OmshreeSada9talathi","city":"MUMBAI","state":"MAHARASHTRA","pin_code":"622103","ISNRI":"N","update_emp_id":"623277","edit":"0","policy_no":"392,393","subtype_text":"1","sum_insure":"500000","anuual_income":"","familyConstruct":"1A","family_members_id":"0","family_gender":"Male","first_name":"test","last_name":"BANKING","family_date_birth":"19-12-1988","age":"31","age_type":" years","tenure":"1 Year","family_id":"","s_date":"","marriage_date":"","premium":"8399.9952","policyNo":"392,393","familyDataType":"undefined","empId":"623277","product":"iWL65dcd54d9c5a65","declare":"[]","gender":"Male","gci_options":"Yes"} [] []
[2020-09-10 16:55:56] documentsSave.INFO: {"ops_type":"[]","ids":"1,2"} [] []
[2020-09-10 16:55:56] documentsSaveFiles.INFO: [] [] []
[2020-09-10 16:56:02] generateOTP.INFO: test [] []
[2020-09-10 16:58:11] generateOTP.INFO: test [] []
[2020-09-10 16:58:13] generateOTP.INFO: test [] []
[2020-09-10 16:58:19] generateOTP.INFO: test [] []
[2020-09-10 16:59:31] generateOTP.INFO: test [] []
[2020-09-10 17:03:35] generateOTP.INFO: test [] []
[2020-09-10 17:04:29] generateOTP.INFO: test [] []
[2020-09-10 17:04:31] generateOTP.INFO: test [] []
[2020-09-10 17:04:58] generateOTP.INFO: test [] []
[2020-09-10 17:04:58] generateOTP.INFO: test [] []
[2020-09-10 17:05:01] generateOTP.INFO: test [] []
[2020-09-10 17:05:01] generateOTP.INFO: test [] []
[2020-09-10 17:05:06] generateOTP.INFO: test [] []
[2020-09-10 17:05:09] generateOTP.INFO: test [] []
[2020-09-10 17:05:27] generateOTP.INFO: test [] []
[2020-09-10 17:05:27] generateOTP.INFO: test [] []
[2020-09-10 17:05:51] generateOTP.INFO: test [] []
[2020-09-10 17:06:14] generateOTP.INFO: test [] []
[2020-09-10 17:07:08] full_quote_request1.INFO: {"ClientCreation":{"Member_Customer_ID":"26220044","salutation":"Mr","firstName":"test","middleName":"","lastName":"BANKING","dateofBirth":"12\/19\/1988","gender":"M","educationalQualification":null,"pinCode":"622103","uidNo":"5478-2589-3688","maritalStatus":null,"nationality":"Indian","occupation":"O553","primaryEmailID":"jack@gmail.com","contactMobileNo":"7010444138","stdLandlineNo":null,"panNo":null,"passportNumber":null,"contactPerson":null,"annualIncome":null,"remarks":null,"startDate":"2020-09-10","endDate":null,"IdProof":"Adhaar Card","residenceProof":null,"ageProof":null,"others":null,"homeAddressLine1":"Om hrad ntalatiof, holOmshre, talathioficeeachol, OmshreeSada9talathi","homeAddressLine2":null,"homeAddressLine3":null,"homePinCode":"622103","homeArea":null,"homeContactMobileNo":null,"homeContactMobileNo2":null,"homeSTDLandlineNo":null,"homeFaxNo":null,"sameAsHomeAddress":"1","mailingAddressLine1":null,"mailingAddressLine2":null,"mailingAddressLine3":null,"mailingPinCode":null,"mailingArea":null,"mailingContactMobileNo":null,"mailingContactMobileNo2":null,"mailingSTDLandlineNo":null,"mailingSTDLandlineNo2":null,"mailingFaxNo":null,"bankAccountType":null,"bankAccountNo":null,"ifscCode":null,"GSTIN":null,"GSTRegistrationStatus":"Consumers","IsEIAavailable":"0","ApplyEIA":"0","EIAAccountNo":null,"EIAWith":"0","AccountType":null,"AddressProof":null,"DOBProof":null,"IdentityProof":null},"PolicyCreationRequest":{"Quotation_Number":"","MasterPolicyNumber":"61-20-00032-00-00","GroupID":"GRP001","Product_Code":"4211","intermediaryCode":"2104794","AutoRenewal":"Y","intermediaryBranchCode":"10MHMUM01","agentSignatureDate":null,"Customer_Signature_Date":null,"businessSourceChannel":null,"AssignPolicy":"0","AssigneeName":null,"leadID":"202226","Source_Name":"AXIS_GHI","SPID":"1","TCN":null,"CRTNO":null,"RefCode1":"1","RefCode2":"051","Employee_Number":"623277","enumIsEmployeeDiscount":null,"QuoteDate":null,"IsPayment":"0","PaymentMode":null,"PolicyproductComponents":{"PlanCode":"4211","SumInsured":"500000","SchemeCode":"4112000003"}},"MemObj":{"Member":[{"MemberNo":1,"Salutation":"Mr","First_Name":"test","Middle_Name":null,"Last_Name":"BANKING","Gender":"M","DateOfBirth":"12\/19\/1988","Relation_Code":"R001","Marital_Status":null,"height":"0.00","weight":"0","occupation":"O553","PrimaryMember":"Y","MemberproductComponents":{"PlanCode":"4211","MemberQuestionDetails":[{"QuestionCode":null,"Answer":null,"Remarks":null}]},"MemberPED":[{"PEDCode":null,"Remarks":null}],"exactDiagnosis":null,"dateOfDiagnosis":null,"lastDateConsultation":null,"detailsOfTreatmentGiven":null,"doctorName":null,"hospitalName":null,"phoneNumberHosital":null,"Nominee_First_Name":"ghng","Nominee_Last_Name":"hgjng","Nominee_Contact_Number":"7666666666","Nominee_Home_Address":null,"Nominee_Relationship_Code":"R002"}]},"ReceiptCreation":{"officeLocation":"","modeOfEntry":"","cdAcNo":null,"expiryDate":null,"payerType":"","payerCode":null,"paymentBy":"","paymentByName":null,"paymentByRelationship":null,"collectionAmount":"","collectionRcvdDate":null,"collectionMode":"","remarks":null,"instrumentNumber":null,"instrumentDate":null,"bankName":null,"branchName":null,"bankLocation":null,"micrNo":null,"chequeType":null,"ifscCode":"","PaymentGatewayName":"","TerminalID":"","CardNo":null}} [] []
[2020-09-10 17:07:14] full_quote_reponse1.INFO: "<ns0:GHI_Res xmlns:ns0=\"http:\/\/ABHICL_NBP_QuickQuote_Schemas.GHI_Response\"><errorObj><ErrorNumber>00<\/ErrorNumber><ErrorMessage>Success<\/ErrorMessage><\/errorObj><policyDtls><TransactionReferenceNumber><\/TransactionReferenceNumber><QuotationNumber>IPB100085104<\/QuotationNumber><CertificateNumber><\/CertificateNumber><LetterURL><\/LetterURL><ClientID><\/ClientID><ProductName>Group Activ Health<\/ProductName><ProductCode>4211<\/ProductCode><LineOfBusiness>42<\/LineOfBusiness><startDate><\/startDate><EndDate><\/EndDate><PolicyNumber>61-20-00032-00-00<\/PolicyNumber><ProposalNumber><\/ProposalNumber><PolicyStatus>PQ1<\/PolicyStatus><Tenure>1<\/Tenure><stpFlag>0<\/stpFlag><COIUrl>https:\/\/uat_abpb.adityabirlahealth.com\/pdf\/OpenPDFFile.aspx?Path=7143d94a-c1b8-44de-a4eb-38262bae2e33<\/COIUrl><\/policyDtls><premium><BasePremium>7118.64<\/BasePremium><NetPremium>7118.64<\/NetPremium><GST>1281.36<\/GST><GrossPremium>8400.00<\/GrossPremium><\/premium><receiptObj><ReceiptNumber><\/ReceiptNumber><ReceiptAmount><\/ReceiptAmount><ExcessAmount><\/ExcessAmount><\/receiptObj><\/ns0:GHI_Res>" [] []
[2020-09-10 17:07:22] generateOTP.INFO: test [] []
[2020-09-10 17:07:35] generateOTP.INFO: test [] []
[2020-09-10 17:07:44] generateOTP.INFO: test [] []
[2020-09-10 17:08:00] generateOTP.INFO: test [] []
[2020-09-10 17:08:04] generateOTP.INFO: test [] []
[2020-09-10 17:08:11] generateOTP.INFO: test [] []
[2020-09-10 17:08:23] generateOTP.INFO: test [] []
[2020-09-10 17:08:36] generateOTP.INFO: test [] []
[2020-09-10 17:09:36] generateOTP.INFO: test [] []
[2020-09-10 17:10:12] generateOTP.INFO: test [] []
[2020-09-10 17:12:18] generateOTP.INFO: test [] []
[2020-09-10 17:14:19] generateOTP.INFO: test [] []
[2020-09-10 17:14:20] generateOTP.INFO: test [] []
[2020-09-10 17:14:21] generateOTP.INFO: test [] []
[2020-09-10 17:14:30] generateOTP.INFO: test [] []
[2020-09-10 17:14:39] full_quote_request2.INFO: {"ClientCreation":{"Member_Customer_ID":"26220044","salutation":"Mr","firstName":"test","middleName":"","lastName":"BANKING","dateofBirth":"12\/19\/1988","gender":"M","educationalQualification":null,"pinCode":"622103","uidNo":"5478-2589-3688","maritalStatus":null,"nationality":"Indian","occupation":"O553","primaryEmailID":"jack@gmail.com","contactMobileNo":"7010444138","stdLandlineNo":null,"panNo":null,"passportNumber":null,"contactPerson":null,"annualIncome":null,"remarks":null,"startDate":"2020-09-10","endDate":null,"IdProof":"Adhaar Card","residenceProof":null,"ageProof":null,"others":null,"homeAddressLine1":"Om hrad ntalatiof, holOmshre, talathioficeeachol, OmshreeSada9talathi","homeAddressLine2":null,"homeAddressLine3":null,"homePinCode":"622103","homeArea":null,"homeContactMobileNo":null,"homeContactMobileNo2":null,"homeSTDLandlineNo":null,"homeFaxNo":null,"sameAsHomeAddress":"1","mailingAddressLine1":null,"mailingAddressLine2":null,"mailingAddressLine3":null,"mailingPinCode":null,"mailingArea":null,"mailingContactMobileNo":null,"mailingContactMobileNo2":null,"mailingSTDLandlineNo":null,"mailingSTDLandlineNo2":null,"mailingFaxNo":null,"bankAccountType":null,"bankAccountNo":null,"ifscCode":null,"GSTIN":null,"GSTRegistrationStatus":"Consumers","IsEIAavailable":"0","ApplyEIA":"0","EIAAccountNo":null,"EIAWith":"0","AccountType":null,"AddressProof":null,"DOBProof":null,"IdentityProof":null},"PolicyCreationRequest":{"Quotation_Number":"IPB100085104","MasterPolicyNumber":"61-20-00032-00-00","GroupID":"GRP001","Product_Code":"4211","intermediaryCode":"2104794","AutoRenewal":"Y","intermediaryBranchCode":"10MHMUM01","agentSignatureDate":null,"Customer_Signature_Date":null,"businessSourceChannel":null,"AssignPolicy":"0","AssigneeName":null,"leadID":"202226","Source_Name":"AXIS_GHI","SPID":"1","TCN":null,"CRTNO":null,"RefCode1":"1","RefCode2":"051","Employee_Number":"623277","enumIsEmployeeDiscount":null,"QuoteDate":null,"IsPayment":"1","PaymentMode":null,"PolicyproductComponents":{"PlanCode":"4211","SumInsured":"500000","SchemeCode":"4112000003"}},"MemObj":{"Member":[{"MemberNo":1,"Salutation":"Mr","First_Name":"test","Middle_Name":null,"Last_Name":"BANKING","Gender":"M","DateOfBirth":"12\/19\/1988","Relation_Code":"R001","Marital_Status":null,"height":"0.00","weight":"0","occupation":"O553","PrimaryMember":"Y","MemberproductComponents":{"PlanCode":"4211","MemberQuestionDetails":[{"QuestionCode":null,"Answer":null,"Remarks":null}]},"MemberPED":[{"PEDCode":null,"Remarks":null}],"exactDiagnosis":null,"dateOfDiagnosis":null,"lastDateConsultation":null,"detailsOfTreatmentGiven":null,"doctorName":null,"hospitalName":null,"phoneNumberHosital":null,"Nominee_First_Name":"ghng","Nominee_Last_Name":"hgjng","Nominee_Contact_Number":"7666666666","Nominee_Home_Address":null,"Nominee_Relationship_Code":"R002"}]},"ReceiptCreation":{"officeLocation":"Mumbai","modeOfEntry":"Direct","cdAcNo":null,"expiryDate":null,"payerType":"Customer","payerCode":null,"paymentBy":"Customer","paymentByName":null,"paymentByRelationship":null,"collectionAmount":8999,"collectionRcvdDate":"2020-09-10 17:14:37.820","collectionMode":"online","remarks":null,"instrumentNumber":"pay_FbJaYxSePr9cHl","instrumentDate":"2020-09-10","bankName":"AXIS BANK","branchName":"ANNA NAGAR CHENNAI","bankLocation":null,"micrNo":null,"chequeType":null,"ifscCode":"UTIB0000016","PaymentGatewayName":"AXIS_NETB","TerminalID":"76006448","CardNo":null}} [] []
[2020-09-10 17:14:43] full_quote_reponse2.INFO: "<ns0:GHI_Res xmlns:ns0=\"http:\/\/ABHICL_NBP_QuickQuote_Schemas.GHI_Response\"><errorObj><ErrorNumber>00<\/ErrorNumber><ErrorMessage>Success<\/ErrorMessage><\/errorObj><policyDtls><TransactionReferenceNumber><\/TransactionReferenceNumber><QuotationNumber>IPB100085111<\/QuotationNumber><CertificateNumber>GHI-20-2000295<\/CertificateNumber><LetterURL>https:\/\/abpb.adityabirlahealth.com\/hbletter\/viewletter.aspx?ABH=98276&amp;TRM=GHI-20-2000295<\/LetterURL><ClientID>1294661<\/ClientID><ProductName>Group Activ Health<\/ProductName><ProductCode>4211<\/ProductCode><LineOfBusiness>42<\/LineOfBusiness><startDate>9\/10\/2020 12:00:00 AM<\/startDate><EndDate>9\/9\/2021 12:00:00 AM<\/EndDate><PolicyNumber>61-20-00032-00-00<\/PolicyNumber><ProposalNumber>IPB100085111<\/ProposalNumber><PolicyStatus>IF<\/PolicyStatus><Tenure>1<\/Tenure><stpFlag>0<\/stpFlag><COIUrl>https:\/\/uat_abpb.adityabirlahealth.com\/pdf\/OpenPDFFile.aspx?Path=7f330f72-3269-46cc-afee-293dfe1103d1<\/COIUrl><\/policyDtls><premium><BasePremium>7118.64<\/BasePremium><NetPremium>7118.64<\/NetPremium><GST>1281.36<\/GST><GrossPremium>8400.00<\/GrossPremium><\/premium><receiptObj><ReceiptNumber>R100193315<\/ReceiptNumber><ReceiptAmount>8999.00<\/ReceiptAmount><ExcessAmount>599.00<\/ExcessAmount><\/receiptObj><\/ns0:GHI_Res>" [] []
[2020-09-10 17:14:44] api_insert.INFO: {"emp_id":"623277","client_id":"1294661","certificate_number":"GHI-20-2000295","quotation_no":"IPB100085111","proposal_no":"IPB100085111","policy_no":"61-20-00032-00-00","gross_premium":"8400.00","status":"Success","start_date":"9\/10\/2020 12:00:00 AM","end_date":"9\/9\/2021 12:00:00 AM","created_date":"2020-09-10 17:14:43","proposal_no_lead":"P-202009100003","PolicyStatus":"IF","letter_url":"https:\/\/abpb.adityabirlahealth.com\/hbletter\/viewletter.aspx?ABH=98276&TRM=GHI-20-2000295"} [] []
[2020-09-10 17:14:44] cancer_request.INFO: {"is_payment":"1","source":"API","system_name":"AXIS_UAT","user_name":"AXIS","authkey":"Axi$@1234","data":[{"ProposalData":{"is_policy_renew":"0","aadhar_number":"5478-2589-3688","any_pre_existing_disease":null,"customer_id":"26220044","pre_customer_id":"","dob":"1988-12-19","email_address":"jack@gmail.com","field1":"202226","field2":"data2","field3":"data3","field4":"data4","field5":"data5","first_name":"test","gender":"Male","last_name":"BANKING","occupation":"TL","pan_number":"DDDDD6456A","payment_mode":"Cheque","phone_mobile":"7010444138","remarks":"TestingProposalviaapi","salutation":"Mr","source":"API","is_endorsed":"0","is_self_not_part_of_policy":0},"PolicyDetails":{"aggregate_deductible":"0","master_policy_no":"64-20-00007-00-00","plan_type":"GCS","policy_tenure":"1","policy_type":"Self","start_date":"2019-11-14","sum_assured":"500000","total_premium":"599"},"PaymentDetails":{"amount":"599","bank_branch":"ANNA NAGAR CHENNAI","bank_ifsc_code":"UTIB0000016","bank_name":"AXIS BANK","bank_ref_code":"TRFGYGRF","payment_mode":"NB","remarks":"Success","status":"Success","sum_assured":"500000","transaction_id":"pay_FbJaYxSePr9cHl","transaction_date":"2020-09-10"},"MemberDetails":[{"any_pre_existing_disease":"Hypertension+Asthma","gender":"Male","member_contact":"","member_dob":"1988-12-19","member_email":"test@gmail.com","member_first_name":"test","member_last_name":"BANKING","member_title":"Mr","relationship":"Self","is_new_member":"0","is_endorsed":"1","remarks":""}],"AddressData":{"CorrespondenceAddress":{"address1":"Om hrad ntalatiof, holOmshre, talathioficeeachol, OmshreeSada9talathi","address2":"","address3":"","area_of_pincode":"622103","city":"Illuppur","country":"India","state":"TAMIL NADU"},"PermanentAddress":{"address1":"Om hrad ntalatiof, holOmshre, talathioficeeachol, OmshreeSada9talathi","address2":"","address3":"","area_of_pincode":"622103","city":"Illuppur","country":"India","state":"TAMIL NADU"}},"NominneeData":{"dob":"1990-01-11","gender":"Female","name":"ghng hgjng","relation":"Spouse","salutation":"Ms"}}]} [] []
[2020-09-10 17:14:48] cancer_response.INFO: "{\"StatusCode\":\"300\",\"Status\":\"Failure\",\"RecordID\":\"\",\"ProposalNo\":\"\",\"COI_No\":\"\",\"Error\":{\"ErrorCode\":\"003\",\"ErrorMsg\":\"Master Policy Not Found\",\"ReferenceID\":1123},\"UserDefData\":{\"field1\":\"202226\",\"field2\":\"data2\",\"field3\":\"data3\",\"field4\":\"data4\",\"field5\":\"data5\"},\"PDF_Path\":\"\"}" [] []
[2020-09-10 17:14:51] generateOTP.INFO: test [] []
[2020-09-10 17:15:38] generateOTP.INFO: test [] []
[2020-09-10 17:16:24] generateOTP.INFO: test [] []
[2020-09-10 17:16:26] generateOTP.INFO: test [] []
[2020-09-10 17:16:48] generateOTP.INFO: test [] []
[2020-09-10 17:18:31] generateOTP.INFO: test [] []
[2020-09-10 17:19:05] cancer_request.INFO: {"is_payment":"1","source":"API","system_name":"AXIS_UAT","user_name":"AXIS","authkey":"Axi$@1234","data":[{"ProposalData":{"is_policy_renew":"0","aadhar_number":"5478-2589-3688","any_pre_existing_disease":null,"customer_id":"26220044","pre_customer_id":"","dob":"1988-12-19","email_address":"jack@gmail.com","field1":"202226","field2":"data2","field3":"data3","field4":"data4","field5":"data5","first_name":"test","gender":"Male","last_name":"BANKING","occupation":"TL","pan_number":"DDDDD6456A","payment_mode":"Cheque","phone_mobile":"7010444138","remarks":"TestingProposalviaapi","salutation":"Mr","source":"API","is_endorsed":"0","is_self_not_part_of_policy":0},"PolicyDetails":{"aggregate_deductible":"0","master_policy_no":"64-20-00011-00-00","plan_type":"GCS","policy_tenure":"1","policy_type":"Self","start_date":"2019-11-14","sum_assured":"500000","total_premium":"599"},"PaymentDetails":{"amount":"599","bank_branch":"ANNA NAGAR CHENNAI","bank_ifsc_code":"UTIB0000016","bank_name":"AXIS BANK","bank_ref_code":"TRFGYGRF","payment_mode":"NB","remarks":"Success","status":"Success","sum_assured":"500000","transaction_id":"pay_FbJaYxSePr9cHl","transaction_date":"2020-09-10"},"MemberDetails":[{"any_pre_existing_disease":"Hypertension+Asthma","gender":"Male","member_contact":"","member_dob":"1988-12-19","member_email":"test@gmail.com","member_first_name":"test","member_last_name":"BANKING","member_title":"Mr","relationship":"Self","is_new_member":"0","is_endorsed":"1","remarks":""}],"AddressData":{"CorrespondenceAddress":{"address1":"Om hrad ntalatiof, holOmshre, talathioficeeachol, OmshreeSada9talathi","address2":"","address3":"","area_of_pincode":"622103","city":"Illuppur","country":"India","state":"TAMIL NADU"},"PermanentAddress":{"address1":"Om hrad ntalatiof, holOmshre, talathioficeeachol, OmshreeSada9talathi","address2":"","address3":"","area_of_pincode":"622103","city":"Illuppur","country":"India","state":"TAMIL NADU"}},"NominneeData":{"dob":"1990-01-11","gender":"Female","name":"ghng hgjng","relation":"Spouse","salutation":"Ms"}}]} [] []
[2020-09-10 17:19:53] generateOTP.INFO: test [] []
[2020-09-10 17:20:01] cancer_response.INFO: "{\"StatusCode\":\"200\",\"Status\":\"Success\",\"RecordID\":\"6a4d5154-6abf-fb77-871e-5f5a125dfb77\",\"ProposalNo\":\"AX-200910000001\",\"COI_No\":\"GCS-AX-19-26220044\",\"Error\":{\"ErrorCode\":\"00\",\"ErrorMsg\":\"Proposal Generated With Proposal Number : AX-200910000001\",\"ReferenceID\":1571},\"UserDefData\":{\"field1\":\"202226\",\"field2\":\"data2\",\"field3\":\"data3\",\"field4\":\"data4\",\"field5\":\"data5\"},\"PDF_Path\":\"https:\\\/\\\/uat_abpb.adityabirlahealth.com\\\/pdf\\\/OpenPDFFile.aspx?Path=57d9f68a-9d6c-4a54-858f-266fa8b48991\"}" [] []
[2020-09-10 17:20:04] generateOTP.INFO: test [] []
[2020-09-10 17:20:32] generateOTP.INFO: test [] []
[2020-09-10 17:20:59] generateOTP.INFO: test [] []
[2020-09-10 17:21:41] generateOTP.INFO: test [] []
[2020-09-10 17:22:00] generateOTP.INFO: test [] []
[2020-09-10 17:22:01] generateOTP.INFO: test [] []
[2020-09-10 17:22:19] generateOTP.INFO: test [] []
[2020-09-10 17:22:39] generateOTP.INFO: test [] []
[2020-09-10 17:23:24] generateOTP.INFO: test [] []
[2020-09-10 17:24:37] generateOTP.INFO: test [] []
[2020-09-10 17:25:15] generateOTP.INFO: test [] []
[2020-09-10 17:26:05] generateOTP.INFO: test [] []
[2020-09-10 17:26:07] generateOTP.INFO: test [] []
[2020-09-10 17:29:33] generateOTP.INFO: test [] []
[2020-09-10 17:33:51] generateOTP.INFO: test [] []
[2020-09-10 17:34:33] generateOTP.INFO: test [] []
[2020-09-10 17:34:47] generateOTP.INFO: test [] []
[2020-09-10 17:35:07] generateOTP.INFO: test [] []
[2020-09-10 17:37:31] generateOTP.INFO: test [] []
[2020-09-10 17:38:05] generateOTP.INFO: test [] []
[2020-09-10 17:38:31] generateOTP.INFO: test [] []
[2020-09-10 17:49:33] generateOTP.INFO: test [] []
[2020-09-10 17:49:38] generateOTP.INFO: test [] []
[2020-09-10 17:49:38] generateOTP.INFO: test [] []
[2020-09-10 17:49:56] generateOTP.INFO: test [] []
[2020-09-10 17:49:57] generateOTP.INFO: test [] []
[2020-09-10 17:50:02] generateOTP.INFO: test [] []
[2020-09-10 17:50:14] generateOTP.INFO: test [] []
[2020-09-10 17:50:40] generateOTP.INFO: test [] []
[2020-09-10 17:53:35] generateOTP.INFO: test [] []
[2020-09-10 17:53:50] generateOTP.INFO: test [] []
[2020-09-10 17:53:58] generateOTP.INFO: test [] []
[2020-09-10 18:00:20] generateOTP.INFO: test [] []
[2020-09-10 18:00:21] generateOTP.INFO: test [] []
[2020-09-10 18:00:24] generateOTP.INFO: test [] []
[2020-09-10 18:00:24] generateOTP.INFO: test [] []
[2020-09-10 18:00:29] generateOTP.INFO: test [] []
[2020-09-10 18:00:30] generateOTP.INFO: test [] []
[2020-09-10 18:00:39] generateOTP.INFO: test [] []
[2020-09-10 18:01:03] generateOTP.INFO: test [] []
[2020-09-10 18:01:29] generateOTP.INFO: test [] []
[2020-09-10 18:09:32] generateOTP.INFO: test [] []
[2020-09-10 18:10:11] generateOTP.INFO: test [] []
[2020-09-10 18:10:13] generateOTP.INFO: test [] []
[2020-09-10 18:10:14] generateOTP.INFO: test [] []
[2020-09-10 18:10:14] generateOTP.INFO: test [] []
[2020-09-10 18:10:15] generateOTP.INFO: test [] []
[2020-09-10 18:10:15] generateOTP.INFO: test [] []
[2020-09-10 18:10:15] generateOTP.INFO: test [] []
[2020-09-10 18:10:41] generateOTP.INFO: test [] []
[2020-09-10 18:11:45] generateOTP.INFO: test [] []
[2020-09-10 18:11:45] generateOTP.INFO: test [] []
[2020-09-10 18:13:03] generateOTP.INFO: test [] []
[2020-09-10 18:13:04] generateOTP.INFO: test [] []
[2020-09-10 18:13:05] generateOTP.INFO: test [] []
[2020-09-10 18:13:49] generateOTP.INFO: test [] []
[2020-09-10 18:16:19] generateOTP.INFO: test [] []
[2020-09-10 18:16:41] generateOTP.INFO: test [] []
[2020-09-10 18:17:00] generateOTP.INFO: test [] []
[2020-09-10 18:18:29] generateOTP.INFO: test [] []
[2020-09-10 18:19:42] generateOTP.INFO: test [] []
[2020-09-10 18:19:42] generateOTP.INFO: test [] []
[2020-09-10 18:19:48] generateOTP.INFO: test [] []
[2020-09-10 18:20:12] generateOTP.INFO: test [] []
[2020-09-10 18:23:36] generateOTP.INFO: test [] []
[2020-09-10 18:24:53] generateOTP.INFO: test [] []
[2020-09-10 18:25:01] generateOTP.INFO: test [] []
[2020-09-10 18:26:43] generateOTP.INFO: test [] []
[2020-09-10 18:26:59] generateOTP.INFO: test [] []
[2020-09-10 18:27:27] generateOTP.INFO: test [] []
[2020-09-10 18:27:28] generateOTP.INFO: test [] []
[2020-09-10 18:27:29] generateOTP.INFO: test [] []
[2020-09-10 18:27:30] generateOTP.INFO: test [] []
[2020-09-10 18:27:35] generateOTP.INFO: test [] []
[2020-09-10 18:27:43] generateOTP.INFO: test [] []
[2020-09-10 18:28:07] generateOTP.INFO: test [] []
[2020-09-10 18:28:12] generateOTP.INFO: test [] []
[2020-09-10 18:28:21] generateOTP.INFO: test [] []
[2020-09-10 18:29:23] generateOTP.INFO: test [] []
[2020-09-10 18:29:23] generateOTP.INFO: test [] []
[2020-09-10 18:29:24] generateOTP.INFO: test [] []
[2020-09-10 18:29:28] generateOTP.INFO: test [] []
[2020-09-10 18:29:55] generateOTP.INFO: test [] []
[2020-09-10 18:30:23] generateOTP.INFO: test [] []
[2020-09-10 18:30:27] generateOTP.INFO: test [] []
[2020-09-10 18:31:11] generateOTP.INFO: test [] []
[2020-09-10 18:31:12] generateOTP.INFO: test [] []
[2020-09-10 18:31:12] generateOTP.INFO: test [] []
[2020-09-10 18:31:13] generateOTP.INFO: test [] []
[2020-09-10 18:31:13] generateOTP.INFO: test [] []
[2020-09-10 18:31:13] generateOTP.INFO: test [] []
[2020-09-10 18:31:13] generateOTP.INFO: test [] []
[2020-09-10 18:31:33] generateOTP.INFO: test [] []
[2020-09-10 18:31:45] generateOTP.INFO: test [] []
[2020-09-10 18:32:20] generateOTP.INFO: test [] []
[2020-09-10 18:32:31] generateOTP.INFO: test [] []
[2020-09-10 18:33:21] generateOTP.INFO: test [] []
[2020-09-10 18:33:35] generateOTP.INFO: test [] []
[2020-09-10 18:34:03] generateOTP.INFO: test [] []
[2020-09-10 18:34:38] generateOTP.INFO: test [] []
[2020-09-10 18:34:41] generateOTP.INFO: test [] []
[2020-09-10 18:34:46] generateOTP.INFO: test [] []
[2020-09-10 18:34:48] generateOTP.INFO: test [] []
[2020-09-10 18:34:55] generateOTP.INFO: test [] []
[2020-09-10 18:35:17] generateOTP.INFO: test [] []
[2020-09-10 18:35:19] generateOTP.INFO: test [] []
[2020-09-10 18:35:32] generateOTP.INFO: test [] []
[2020-09-10 18:35:57] generateOTP.INFO: test [] []
[2020-09-10 18:36:39] generateOTP.INFO: test [] []
[2020-09-10 18:37:18] generateOTP.INFO: test [] []
[2020-09-10 18:38:36] generateOTP.INFO: test [] []
[2020-09-10 18:38:41] generateOTP.INFO: test [] []
[2020-09-10 18:38:42] generateOTP.INFO: test [] []
[2020-09-10 18:40:30] generateOTP.INFO: test [] []
[2020-09-10 18:40:30] generateOTP.INFO: test [] []
[2020-09-10 18:40:30] generateOTP.INFO: test [] []
[2020-09-10 18:40:30] generateOTP.INFO: test [] []
[2020-09-10 18:40:30] generateOTP.INFO: test [] []
[2020-09-10 18:40:30] generateOTP.INFO: test [] []
[2020-09-10 18:40:31] generateOTP.INFO: test [] []
[2020-09-10 18:40:46] generateOTP.INFO: test [] []
[2020-09-10 18:41:02] generateOTP.INFO: test [] []
[2020-09-10 18:41:49] generateOTP.INFO: test [] []
[2020-09-10 18:41:50] generateOTP.INFO: test [] []
[2020-09-10 18:41:50] generateOTP.INFO: test [] []
[2020-09-10 18:42:36] generateOTP.INFO: test [] []
[2020-09-10 18:43:10] generateOTP.INFO: test [] []
[2020-09-10 18:43:20] generateOTP.INFO: test [] []
[2020-09-10 18:43:52] generateOTP.INFO: test [] []
[2020-09-10 18:44:40] generateOTP.INFO: test [] []
[2020-09-10 18:46:00] generateOTP.INFO: test [] []
[2020-09-10 18:46:08] generateOTP.INFO: test [] []
[2020-09-10 18:46:10] generateOTP.INFO: test [] []
[2020-09-10 18:47:21] generateOTP.INFO: test [] []
[2020-09-10 18:47:28] generateOTP.INFO: test [] []
[2020-09-10 18:48:19] generateOTP.INFO: test [] []
[2020-09-10 18:57:58] generateOTP.INFO: test [] []
[2020-09-10 19:01:27] generateOTP.INFO: test [] []
[2020-09-10 19:01:49] generateOTP.INFO: test [] []
[2020-09-10 19:03:46] generateOTP.INFO: test [] []
[2020-09-10 19:04:55] generateOTP.INFO: test [] []
[2020-09-10 19:26:24] generateOTP.INFO: test [] []
[2020-09-10 19:26:29] generateOTP.INFO: test [] []
[2020-09-10 21:47:39] generateOTP.INFO: test [] []
[2020-09-10 21:55:39] generateOTP.INFO: test [] []
