[2020-02-10 11:59:59] generateOTP.INFO: test [] []
[2020-02-10 12:00:01] generateOTP.INFO: test [] []
[2020-02-10 12:00:10] generateOTP.INFO: test [] []
[2020-02-10 12:00:11] generateOTP.INFO: test [] []
[2020-02-10 12:04:18] generateOTP.INFO: test [] []
[2020-02-10 12:04:56] generateOTP.INFO: test [] []
[2020-02-10 12:05:28] generateOTP.INFO: test [] []
[2020-02-10 12:05:37] generateOTP.INFO: test [] []
[2020-02-10 12:06:48] generateOTP.INFO: test [] []
[2020-02-10 12:10:34] generateOTP.INFO: test [] []
[2020-02-10 12:11:56] generateOTP.INFO: test [] []
[2020-02-10 12:15:04] generateOTP.INFO: test [] []
[2020-02-10 12:15:24] documentsSave.INFO: {"ops_type":"[\"Enrollment form\",\"Cheque Copy\",\"Domicile_Certificate\"]","ext0":"undefined","ext1":"undefined","ext2":"undefined","ids":"1,2","update_datas":"update","emp_id":"619823"} [] []
[2020-02-10 12:15:24] documentsSaveFiles.INFO: [{"name":"Tulips.jpg","type":"image\/jpeg","tmp_name":"\/tmp\/phpkV00Wc","error":0,"size":620888},{"name":"Koala.jpg","type":"image\/jpeg","tmp_name":"\/tmp\/phpRalbVq","error":0,"size":780831},{"name":"Lighthouse.jpg","type":"image\/jpeg","tmp_name":"\/tmp\/phpnHDwMI","error":0,"size":561276}] [] []
[2020-02-10 12:15:36] generateOTP.INFO: test [] []
[2020-02-10 12:18:08] generateOTP.INFO: test [] []
[2020-02-10 12:18:28] generateOTP.INFO: test [] []
[2020-02-10 12:18:47] documentsSave.INFO: {"ops_type":"[]","ids":"1,2","update_datas":"update","emp_id":"619823"} [] []
[2020-02-10 12:18:47] documentsSaveFiles.INFO: [] [] []
[2020-02-10 12:18:52] generateOTP.INFO: test [] []
[2020-02-10 12:19:06] documentsSave.INFO: {"ops_type":"[]","ids":"1,2","update_datas":"update","emp_id":"619823"} [] []
[2020-02-10 12:19:06] documentsSaveFiles.INFO: [] [] []
[2020-02-10 12:19:25] generateOTP.INFO: test [] []
[2020-02-10 12:21:57] generateOTP.INFO: test [] []
[2020-02-10 12:22:12] generateOTP.INFO: test [] []
[2020-02-10 12:22:44] generateOTP.INFO: test [] []
[2020-02-10 12:23:21] generateOTP.INFO: test [] []
[2020-02-10 12:23:21] generateOTP.INFO: test [] []
[2020-02-10 12:25:10] generateOTP.INFO: test [] []
[2020-02-10 12:27:43] generateOTP.INFO: test [] []
[2020-02-10 12:28:00] generateOTP.INFO: test [] []
[2020-02-10 12:28:41] generateOTP.INFO: test [] []
[2020-02-10 12:30:26] generateOTP.INFO: test [] []
[2020-02-10 12:31:36] generateOTP.INFO: test [] []
[2020-02-10 12:33:52] generateOTP.INFO: test [] []
[2020-02-10 12:34:16] documentsSave.INFO: {"ops_type":"[\"Cheque Copy\"]","ext0":"undefined","ids":"1,2","update_datas":"update","emp_id":"619823"} [] []
[2020-02-10 12:34:16] documentsSaveFiles.INFO: [{"name":"Penguins.jpg","type":"image\/jpeg","tmp_name":"\/tmp\/php3HdKe3","error":0,"size":777835}] [] []
[2020-02-10 12:34:27] generateOTP.INFO: test [] []
[2020-02-10 12:34:41] documentsSave.INFO: {"ops_type":"[]","ids":"1,2","update_datas":"update","emp_id":"619823"} [] []
[2020-02-10 12:34:41] documentsSaveFiles.INFO: [] [] []
[2020-02-10 12:36:14] generateOTP.INFO: test [] []
[2020-02-10 12:36:51] documentsSave.INFO: {"ops_type":"[\"Birth_Certificate\"]","ext0":"undefined","ids":"1,2","update_datas":"update","emp_id":"619823"} [] []
[2020-02-10 12:36:51] documentsSaveFiles.INFO: [{"name":"Lighthouse.jpg","type":"image\/jpeg","tmp_name":"\/tmp\/phpYRItUu","error":0,"size":561276}] [] []
[2020-02-10 12:37:02] generateOTP.INFO: test [] []
[2020-02-10 12:37:14] documentsSave.INFO: {"ops_type":"[]","ids":"1,2","update_datas":"update","emp_id":"619823"} [] []
[2020-02-10 12:37:14] documentsSaveFiles.INFO: [] [] []
[2020-02-10 12:37:31] generateOTP.INFO: test [] []
[2020-02-10 12:38:31] documentsSave.INFO: {"ops_type":"[]","ids":"1,2","update_datas":"update","emp_id":"619823"} [] []
[2020-02-10 12:38:31] documentsSaveFiles.INFO: [] [] []
[2020-02-10 12:38:50] generateOTP.INFO: test [] []
[2020-02-10 12:38:55] documentsSave.INFO: {"ops_type":"[]","ids":"1,2","update_datas":"update","emp_id":"619823"} [] []
[2020-02-10 12:38:55] documentsSaveFiles.INFO: [] [] []
[2020-02-10 12:39:09] generateOTP.INFO: test [] []
[2020-02-10 12:39:37] documentsSave.INFO: {"ops_type":"[]","ids":"1,2","update_datas":"update","emp_id":"619823"} [] []
[2020-02-10 12:39:37] documentsSaveFiles.INFO: [] [] []
[2020-02-10 12:39:42] generateOTP.INFO: test [] []
[2020-02-10 12:40:35] documentsSave.INFO: {"ops_type":"[]","ids":"1,2","update_datas":"update","emp_id":"619823"} [] []
[2020-02-10 12:40:35] documentsSaveFiles.INFO: [] [] []
[2020-02-10 12:40:40] generateOTP.INFO: test [] []
[2020-02-10 12:42:35] generateOTP.INFO: test [] []
[2020-02-10 12:47:02] generateOTP.INFO: test [] []
[2020-02-10 12:47:03] generateOTP.INFO: test [] []
[2020-02-10 12:47:12] generateOTP.INFO: test [] []
[2020-02-10 12:47:12] generateOTP.INFO: test [] []
[2020-02-10 12:47:15] generateOTP.INFO: test [] []
[2020-02-10 12:51:09] generateOTP.INFO: test [] []
[2020-02-10 12:51:48] generateOTP.INFO: test [] []
[2020-02-10 12:56:52] generateOTP.INFO: test [] []
[2020-02-10 12:58:39] generateOTP.INFO: test [] []
[2020-02-10 12:59:05] documentsSave.INFO: {"ops_type":"[\"Enrollment form\",\"Cheque Copy\"]","ext0":"undefined","ext1":"undefined","ids":"1,2","update_datas":"update","emp_id":"619823"} [] []
[2020-02-10 12:59:05] documentsSaveFiles.INFO: [{"name":"Tulips.jpg","type":"image\/jpeg","tmp_name":"\/tmp\/phpZ3lIvf","error":0,"size":620888},{"name":"Koala.jpg","type":"image\/jpeg","tmp_name":"\/tmp\/phpNruQ9w","error":0,"size":780831}] [] []
[2020-02-10 12:59:20] generateOTP.INFO: test [] []
[2020-02-10 12:59:34] documentsSave.INFO: {"ops_type":"[]","ids":"1,2","update_datas":"update","emp_id":"619823"} [] []
[2020-02-10 12:59:34] documentsSaveFiles.INFO: [] [] []
[2020-02-10 12:59:48] generateOTP.INFO: test [] []
[2020-02-10 13:03:16] generateOTP.INFO: test [] []
[2020-02-10 13:07:57] generateOTP.INFO: test [] []
[2020-02-10 13:09:13] documentsSave.INFO: {"ops_type":"[\"Enrollment form\",\"Cheque Copy\",\"Pan_Card\"]","ext0":"undefined","ext1":"undefined","ext2":"undefined","ids":"1,2","update_datas":"update","emp_id":"619823"} [] []
[2020-02-10 13:09:13] documentsSaveFiles.INFO: [{"name":"Tulips.jpg","type":"image\/jpeg","tmp_name":"\/tmp\/phpqBVYWu","error":0,"size":620888},{"name":"Lighthouse.jpg","type":"image\/jpeg","tmp_name":"\/tmp\/phpqPB2b1","error":0,"size":561276},{"name":"Penguins.jpg","type":"image\/jpeg","tmp_name":"\/tmp\/phppQne9B","error":0,"size":777835}] [] []
[2020-02-10 13:09:55] generateOTP.INFO: test [] []
[2020-02-10 13:10:23] generateOTP.INFO: test [] []
[2020-02-10 13:10:37] documentsSave.INFO: {"ops_type":"[]","ids":"1,2","update_datas":"update","emp_id":"619823"} [] []
[2020-02-10 13:10:37] documentsSaveFiles.INFO: [] [] []
[2020-02-10 13:10:50] generateOTP.INFO: test [] []
[2020-02-10 13:11:09] generateOTP.INFO: test [] []
[2020-02-10 13:11:29] documentsSave.INFO: {"ops_type":"[]","ids":"1,2","update_datas":"update","emp_id":"619823"} [] []
[2020-02-10 13:11:29] documentsSaveFiles.INFO: [] [] []
[2020-02-10 13:11:49] generateOTP.INFO: test [] []
[2020-02-10 13:20:29] generateOTP.INFO: test [] []
[2020-02-10 13:20:55] documentsSave.INFO: {"ops_type":"[]","ids":"1,2","update_datas":"update","emp_id":"619823"} [] []
[2020-02-10 13:20:55] documentsSaveFiles.INFO: [] [] []
[2020-02-10 13:21:10] generateOTP.INFO: test [] []
[2020-02-10 13:28:29] generateOTP.INFO: test [] []
[2020-02-10 13:28:56] documentsSave.INFO: {"ops_type":"[\"Enrollment form\"]","ext0":"undefined","ids":"1,2","update_datas":"update","emp_id":"619823"} [] []
[2020-02-10 13:28:56] documentsSaveFiles.INFO: [{"name":"Lighthouse.jpg","type":"image\/jpeg","tmp_name":"\/tmp\/php41cQMT","error":0,"size":561276}] [] []
[2020-02-10 13:29:07] generateOTP.INFO: test [] []
[2020-02-10 13:29:14] documentsSave.INFO: {"ops_type":"[]","ids":"1,2","update_datas":"update","emp_id":"619823"} [] []
[2020-02-10 13:29:14] documentsSaveFiles.INFO: [] [] []
[2020-02-10 13:29:25] generateOTP.INFO: test [] []
[2020-02-10 13:32:39] generateOTP.INFO: test [] []
[2020-02-10 13:33:08] documentsSave.INFO: {"ops_type":"[\"Enrollment form\"]","ext0":"undefined","ids":"1,2","update_datas":"update","emp_id":"619823"} [] []
[2020-02-10 13:33:08] documentsSaveFiles.INFO: [{"name":"Jellyfish.jpg","type":"image\/jpeg","tmp_name":"\/tmp\/phpjuV2sO","error":0,"size":775702}] [] []
[2020-02-10 13:33:29] generateOTP.INFO: test [] []
[2020-02-10 13:36:16] generateOTP.INFO: test [] []
[2020-02-10 13:36:33] documentsSave.INFO: {"ops_type":"[\"Enrollment form\"]","ext0":"undefined","ids":"1,2","update_datas":"update","emp_id":"619823"} [] []
[2020-02-10 13:36:33] documentsSaveFiles.INFO: [{"name":"Koala.jpg","type":"image\/jpeg","tmp_name":"\/tmp\/phpp3QtpZ","error":0,"size":780831}] [] []
[2020-02-10 13:36:44] generateOTP.INFO: test [] []
[2020-02-10 13:37:02] documentsSave.INFO: {"ops_type":"[\"Cheque Copy\"]","ext0":"undefined","ids":"1,2","update_datas":"update","emp_id":"619823"} [] []
[2020-02-10 13:37:02] documentsSaveFiles.INFO: [{"name":"Hydrangeas.jpg","type":"image\/jpeg","tmp_name":"\/tmp\/phpRhoJhz","error":0,"size":595284}] [] []
[2020-02-10 13:37:06] generateOTP.INFO: test [] []
[2020-02-10 13:37:14] documentsSave.INFO: {"ops_type":"[]","ids":"1,2","update_datas":"update","emp_id":"619823"} [] []
[2020-02-10 13:37:14] documentsSaveFiles.INFO: [] [] []
[2020-02-10 13:37:26] generateOTP.INFO: test [] []
[2020-02-10 13:37:36] documentsSave.INFO: {"ops_type":"[\"Domicile_Certificate\"]","ext0":"undefined","ids":"1,2","update_datas":"update","emp_id":"619823"} [] []
[2020-02-10 13:37:36] documentsSaveFiles.INFO: [{"name":"Lighthouse.jpg","type":"image\/jpeg","tmp_name":"\/tmp\/phpgP3S4r","error":0,"size":561276}] [] []
[2020-02-10 13:37:50] generateOTP.INFO: test [] []
[2020-02-10 13:38:05] documentsSave.INFO: {"ops_type":"[]","ids":"1,2","update_datas":"update","emp_id":"619823"} [] []
[2020-02-10 13:38:05] documentsSaveFiles.INFO: [] [] []
[2020-02-10 13:39:47] generateOTP.INFO: test [] []
[2020-02-10 13:40:13] documentsSave.INFO: {"ops_type":"[\"Enrollment form\",\"Cheque Copy\"]","ext0":"undefined","ext1":"undefined","ids":"1,2","update_datas":"update","emp_id":"619823"} [] []
[2020-02-10 13:40:13] documentsSaveFiles.INFO: [{"name":"Chrysanthemum.jpg","type":"image\/jpeg","tmp_name":"\/tmp\/phpUXUWCV","error":0,"size":879394},{"name":"Tulips.jpg","type":"image\/jpeg","tmp_name":"\/tmp\/phprnfvzS","error":0,"size":620888}] [] []
[2020-02-10 13:40:35] generateOTP.INFO: test [] []
[2020-02-10 14:13:40] generateOTP.INFO: test [] []
[2020-02-10 14:13:41] generateOTP.INFO: test [] []
[2020-02-10 14:14:00] generateOTP.INFO: test [] []
[2020-02-10 14:14:00] generateOTP.INFO: test [] []
[2020-02-10 14:14:07] generateOTP.INFO: test [] []
[2020-02-10 14:16:21] generateOTP.INFO: test [] []
[2020-02-10 14:16:28] generateOTP.INFO: test [] []
[2020-02-10 14:16:51] generateOTP.INFO: test [] []
[2020-02-10 14:16:51] generateOTP.INFO: test [] []
[2020-02-10 14:16:51] generateOTP.INFO: test [] []
[2020-02-10 14:16:51] generateOTP.INFO: test [] []
[2020-02-10 14:16:52] generateOTP.INFO: test [] []
[2020-02-10 14:16:52] generateOTP.INFO: test [] []
[2020-02-10 14:16:52] generateOTP.INFO: test [] []
[2020-02-10 14:16:52] generateOTP.INFO: test [] []
[2020-02-10 14:17:04] generateOTP.INFO: test [] []
[2020-02-10 14:17:13] generateOTP.INFO: test [] []
[2020-02-10 14:17:28] generateOTP.INFO: test [] []
[2020-02-10 14:17:32] documentsSave.INFO: {"ops_type":"[]","ids":"1,2","update_datas":"update","emp_id":"619823"} [] []
[2020-02-10 14:17:32] documentsSaveFiles.INFO: [] [] []
[2020-02-10 14:17:45] generateOTP.INFO: test [] []
[2020-02-10 14:17:53] documentsSave.INFO: {"ops_type":"[]","ids":"1,2","update_datas":"update","emp_id":"619823"} [] []
[2020-02-10 14:17:53] documentsSaveFiles.INFO: [] [] []
[2020-02-10 14:17:58] generateOTP.INFO: test [] []
[2020-02-10 14:18:14] documentsSave.INFO: {"ops_type":"[\"Enrollment form\"]","ext0":"undefined","ids":"1,2","update_datas":"update","emp_id":"619823"} [] []
[2020-02-10 14:18:14] documentsSaveFiles.INFO: [{"name":"Koala.jpg","type":"image\/jpeg","tmp_name":"\/tmp\/phpc0te4v","error":0,"size":780831}] [] []
[2020-02-10 14:18:25] generateOTP.INFO: test [] []
[2020-02-10 14:19:17] documentsSave.INFO: {"ops_type":"[\"Enrollment form\",\"Cheque Copy\",\"Document_issued_by_Central_Govt._with_age_mention_on_it\"]","ext0":"undefined","ext1":"undefined","ext2":"undefined","ids":"1,2","update_datas":"update","emp_id":"619823"} [] []
[2020-02-10 14:19:17] documentsSaveFiles.INFO: [{"name":"Chrysanthemum.jpg","type":"image\/jpeg","tmp_name":"\/tmp\/php0DanjE","error":0,"size":879394},{"name":"Lighthouse.jpg","type":"image\/jpeg","tmp_name":"\/tmp\/php5UvCyk","error":0,"size":561276},{"name":"Koala.jpg","type":"image\/jpeg","tmp_name":"\/tmp\/phpAyDm6b","error":0,"size":780831}] [] []
[2020-02-10 14:19:22] generateOTP.INFO: test [] []
[2020-02-10 14:24:28] generateOTP.INFO: test [] []
[2020-02-10 14:27:49] generateOTP.INFO: test [] []
[2020-02-10 14:33:21] generateOTP.INFO: test [] []
[2020-02-10 14:34:22] generateOTP.INFO: test [] []
[2020-02-10 14:39:28] generateOTP.INFO: test [] []
[2020-02-10 14:39:44] generateOTP.INFO: test [] []
[2020-02-10 14:40:55] generateOTP.INFO: test [] []
[2020-02-10 14:42:03] generateOTP.INFO: test [] []
[2020-02-10 14:42:11] generateOTP.INFO: test [] []
[2020-02-10 14:42:24] generateOTP.INFO: test [] []
[2020-02-10 14:45:59] generateOTP.INFO: test [] []
[2020-02-10 14:46:50] generateOTP.INFO: test [] []
[2020-02-10 14:46:58] generateOTP.INFO: test [] []
[2020-02-10 14:46:58] generateOTP.INFO: test [] []
[2020-02-10 14:48:01] generateOTP.INFO: test [] []
[2020-02-10 14:48:17] generateOTP.INFO: test [] []
[2020-02-10 14:49:15] generateOTP.INFO: test [] []
[2020-02-10 14:52:04] generateOTP.INFO: test [] []
[2020-02-10 14:52:04] generateOTP.INFO: test [] []
[2020-02-10 14:52:10] generateOTP.INFO: test [] []
[2020-02-10 14:52:17] generateOTP.INFO: test [] []
[2020-02-10 14:52:54] generateOTP.INFO: test [] []
[2020-02-10 14:55:13] generateOTP.INFO: test [] []
[2020-02-10 14:56:37] generateOTP.INFO: test [] []
[2020-02-10 14:57:52] documentsSave.INFO: {"ops_type":"[]","ids":"1,2","update_datas":"update","emp_id":"619823"} [] []
[2020-02-10 14:57:52] documentsSaveFiles.INFO: [] [] []
[2020-02-10 14:58:15] generateOTP.INFO: test [] []
[2020-02-10 15:01:42] documentsSave.INFO: {"ops_type":"[]","ids":"1,2","update_datas":"update","emp_id":"619823"} [] []
[2020-02-10 15:01:42] documentsSaveFiles.INFO: [] [] []
[2020-02-10 15:01:48] generateOTP.INFO: test [] []
[2020-02-10 15:02:20] generateOTP.INFO: test [] []
[2020-02-10 15:02:46] documentsSave.INFO: {"ops_type":"[]","ids":"1,2","update_datas":"update","emp_id":"619823"} [] []
[2020-02-10 15:02:46] documentsSaveFiles.INFO: [] [] []
[2020-02-10 15:03:50] generateOTP.INFO: test [] []
[2020-02-10 15:07:32] generateOTP.INFO: test [] []
[2020-02-10 15:09:34] generateOTP.INFO: test [] []
[2020-02-10 15:15:48] generateOTP.INFO: test [] []
[2020-02-10 15:19:21] generateOTP.INFO: test [] []
[2020-02-10 15:22:06] generateOTP.INFO: test [] []
[2020-02-10 15:22:18] documentsSave.INFO: {"ops_type":"[\"Enrollment form\"]","ext0":"undefined","ids":"1,2","update_datas":"update","emp_id":"619823"} [] []
[2020-02-10 15:22:18] documentsSaveFiles.INFO: [{"name":"Hydrangeas.jpg","type":"image\/jpeg","tmp_name":"\/tmp\/phpUA5Zui","error":0,"size":595284}] [] []
[2020-02-10 15:22:24] generateOTP.INFO: test [] []
[2020-02-10 15:23:03] generateOTP.INFO: test [] []
[2020-02-10 15:23:31] documentsSave.INFO: {"ops_type":"[\"Cheque Copy\"]","ext0":"undefined","ids":"1,2","update_datas":"update","emp_id":"619823"} [] []
[2020-02-10 15:23:31] documentsSaveFiles.INFO: [{"name":"Chrysanthemum.jpg","type":"image\/jpeg","tmp_name":"\/tmp\/phpk7Qoag","error":0,"size":879394}] [] []
[2020-02-10 15:23:44] generateOTP.INFO: test [] []
[2020-02-10 15:23:53] documentsSave.INFO: {"ops_type":"[]","ids":"1,2","update_datas":"update","emp_id":"619823"} [] []
[2020-02-10 15:23:53] documentsSaveFiles.INFO: [] [] []
[2020-02-10 15:24:01] generateOTP.INFO: test [] []
[2020-02-10 15:24:14] documentsSave.INFO: {"ops_type":"[\"Pan_Card\"]","ext0":"undefined","ids":"1,2","update_datas":"update","emp_id":"619823"} [] []
[2020-02-10 15:24:14] documentsSaveFiles.INFO: [{"name":"Desert.jpg","type":"image\/jpeg","tmp_name":"\/tmp\/phpYNDanC","error":0,"size":845941}] [] []
[2020-02-10 15:24:18] generateOTP.INFO: test [] []
[2020-02-10 15:25:15] documentsSave.INFO: {"ops_type":"[]","ids":"1,2","update_datas":"update","emp_id":"619823"} [] []
[2020-02-10 15:25:15] documentsSaveFiles.INFO: [] [] []
[2020-02-10 15:25:22] generateOTP.INFO: test [] []
[2020-02-10 15:27:15] generateOTP.INFO: test [] []
[2020-02-10 15:27:19] generateOTP.INFO: test [] []
[2020-02-10 15:27:35] generateOTP.INFO: test [] []
[2020-02-10 15:28:36] documentsSave.INFO: {"ops_type":"[]","ids":"1,2","update_datas":"update","emp_id":"619823"} [] []
[2020-02-10 15:28:36] documentsSaveFiles.INFO: [] [] []
[2020-02-10 15:28:43] generateOTP.INFO: test [] []
[2020-02-10 15:32:41] generateOTP.INFO: test [] []
[2020-02-10 15:32:48] documentsSave.INFO: {"ops_type":"[]","ids":"1,2","update_datas":"update","emp_id":"619823"} [] []
[2020-02-10 15:32:48] documentsSaveFiles.INFO: [] [] []
[2020-02-10 15:32:53] generateOTP.INFO: test [] []
[2020-02-10 15:33:20] generateOTP.INFO: test [] []
[2020-02-10 15:34:33] generateOTP.INFO: test [] []
[2020-02-10 15:34:40] documentsSave.INFO: {"ops_type":"[]","ids":"1,2","update_datas":"update","emp_id":"619823"} [] []
[2020-02-10 15:34:40] documentsSaveFiles.INFO: [] [] []
[2020-02-10 15:34:46] generateOTP.INFO: test [] []
[2020-02-10 15:35:04] generateOTP.INFO: test [] []
[2020-02-10 15:35:08] documentsSave.INFO: {"ops_type":"[]","ids":"1,2","update_datas":"update","emp_id":"619823"} [] []
[2020-02-10 15:35:08] documentsSaveFiles.INFO: [] [] []
[2020-02-10 15:35:13] generateOTP.INFO: test [] []
[2020-02-10 15:35:26] generateOTP.INFO: test [] []
[2020-02-10 15:35:29] documentsSave.INFO: {"ops_type":"[]","ids":"1,2","update_datas":"update","emp_id":"619823"} [] []
[2020-02-10 15:35:29] documentsSaveFiles.INFO: [] [] []
[2020-02-10 15:35:35] generateOTP.INFO: test [] []
[2020-02-10 15:35:40] generateOTP.INFO: test [] []
[2020-02-10 15:35:49] generateOTP.INFO: test [] []
[2020-02-10 15:36:07] generateOTP.INFO: test [] []
[2020-02-10 15:36:36] generateOTP.INFO: test [] []
[2020-02-10 15:37:00] generateOTP.INFO: test [] []
[2020-02-10 15:37:33] generateOTP.INFO: test [] []
[2020-02-10 15:37:37] documentsSave.INFO: {"ops_type":"[]","ids":"1,2","update_datas":"update","emp_id":"619823"} [] []
[2020-02-10 15:37:37] documentsSaveFiles.INFO: [] [] []
[2020-02-10 15:37:43] generateOTP.INFO: test [] []
[2020-02-10 15:37:58] generateOTP.INFO: test [] []
[2020-02-10 15:38:40] generateOTP.INFO: test [] []
[2020-02-10 15:38:41] generateOTP.INFO: test [] []
[2020-02-10 15:38:46] generateOTP.INFO: test [] []
[2020-02-10 15:38:46] generateOTP.INFO: test [] []
[2020-02-10 15:38:50] generateOTP.INFO: test [] []
[2020-02-10 15:38:57] generateOTP.INFO: test [] []
[2020-02-10 15:38:57] generateOTP.INFO: test [] []
[2020-02-10 15:39:10] generateOTP.INFO: test [] []
[2020-02-10 15:39:34] generateOTP.INFO: test [] []
[2020-02-10 15:40:00] generateOTP.INFO: test [] []
[2020-02-10 15:40:15] generateOTP.INFO: test [] []
[2020-02-10 15:40:20] generateOTP.INFO: test [] []
[2020-02-10 15:40:40] documentsSave.INFO: {"ops_type":"[\"Enrollment form\",\"Cheque Copy\"]","ext0":"undefined","ext1":"undefined","ids":"1,2","update_datas":"update","emp_id":"619823"} [] []
[2020-02-10 15:40:40] documentsSaveFiles.INFO: [{"name":"Lighthouse.jpg","type":"image\/jpeg","tmp_name":"\/tmp\/phpRFUQ9n","error":0,"size":561276},{"name":"Tulips.jpg","type":"image\/jpeg","tmp_name":"\/tmp\/php2B8GxN","error":0,"size":620888}] [] []
[2020-02-10 15:40:44] generateOTP.INFO: test [] []
[2020-02-10 15:41:07] documentsSave.INFO: {"ops_type":"[\"Enrollment form\",\"Cheque Copy\"]","ext0":"undefined","ext1":"undefined","ids":"1,2","update_datas":"update","emp_id":"619823"} [] []
[2020-02-10 15:41:07] documentsSaveFiles.INFO: [{"name":"Jellyfish.jpg","type":"image\/jpeg","tmp_name":"\/tmp\/phpCtoBrI","error":0,"size":775702},{"name":"Tulips.jpg","type":"image\/jpeg","tmp_name":"\/tmp\/phpnngWgA","error":0,"size":620888}] [] []
[2020-02-10 15:41:17] generateOTP.INFO: test [] []
[2020-02-10 15:41:52] documentsSave.INFO: {"ops_type":"[\"Enrollment form\",\"Cheque Copy\"]","ext0":"undefined","ext1":"undefined","ids":"1,2","update_datas":"update","emp_id":"619823"} [] []
[2020-02-10 15:41:52] documentsSaveFiles.INFO: [{"name":"Koala.jpg","type":"image\/jpeg","tmp_name":"\/tmp\/phpIfI4uX","error":0,"size":780831},{"name":"Tulips.jpg","type":"image\/jpeg","tmp_name":"\/tmp\/phpEBCIHW","error":0,"size":620888}] [] []
[2020-02-10 15:42:03] generateOTP.INFO: test [] []
[2020-02-10 15:42:10] documentsSave.INFO: {"ops_type":"[]","ids":"1,2","update_datas":"update","emp_id":"619823"} [] []
[2020-02-10 15:42:10] documentsSaveFiles.INFO: [] [] []
[2020-02-10 15:42:17] generateOTP.INFO: test [] []
[2020-02-10 15:42:38] documentsSave.INFO: {"ops_type":"[\"Enrollment form\",\"Cheque Copy\"]","ext0":"undefined","ext1":"undefined","ids":"1,2","update_datas":"update","emp_id":"619823"} [] []
[2020-02-10 15:42:38] documentsSaveFiles.INFO: [{"name":"Lighthouse.jpg","type":"image\/jpeg","tmp_name":"\/tmp\/phpLGdxns","error":0,"size":561276},{"name":"Hydrangeas.jpg","type":"image\/jpeg","tmp_name":"\/tmp\/phpvuKznm","error":0,"size":595284}] [] []
[2020-02-10 15:42:46] generateOTP.INFO: test [] []
[2020-02-10 15:43:01] documentsSave.INFO: {"ops_type":"[\"Cheque Copy\"]","ext0":"undefined","ids":"1,2","update_datas":"update","emp_id":"619823"} [] []
[2020-02-10 15:43:01] documentsSaveFiles.INFO: [{"name":"Tulips.jpg","type":"image\/jpeg","tmp_name":"\/tmp\/phpdt3SZ6","error":0,"size":620888}] [] []
[2020-02-10 15:43:09] generateOTP.INFO: test [] []
[2020-02-10 15:43:15] documentsSave.INFO: {"ops_type":"[]","ids":"1,2","update_datas":"update","emp_id":"619823"} [] []
[2020-02-10 15:43:15] documentsSaveFiles.INFO: [] [] []
[2020-02-10 15:43:20] generateOTP.INFO: test [] []
[2020-02-10 15:43:31] documentsSave.INFO: {"ops_type":"[\"Enrollment form\"]","ext0":"undefined","ids":"1,2","update_datas":"update","emp_id":"619823"} [] []
[2020-02-10 15:43:31] documentsSaveFiles.INFO: [{"name":"Penguins.jpg","type":"image\/jpeg","tmp_name":"\/tmp\/phpBjlxMM","error":0,"size":777835}] [] []
[2020-02-10 15:43:40] generateOTP.INFO: test [] []
[2020-02-10 15:45:46] generateOTP.INFO: test [] []
[2020-02-10 15:45:51] generateOTP.INFO: test [] []
[2020-02-10 15:45:51] generateOTP.INFO: test [] []
[2020-02-10 15:46:17] generateOTP.INFO: test [] []
[2020-02-10 15:46:22] documentsSave.INFO: {"ops_type":"[]","ids":"1,2","update_datas":"update","emp_id":"619823"} [] []
[2020-02-10 15:46:22] documentsSaveFiles.INFO: [] [] []
[2020-02-10 15:46:39] generateOTP.INFO: test [] []
[2020-02-10 15:46:58] generateOTP.INFO: test [] []
[2020-02-10 15:47:04] generateOTP.INFO: test [] []
[2020-02-10 15:47:18] generateOTP.INFO: test [] []
[2020-02-10 15:47:24] generateOTP.INFO: test [] []
[2020-02-10 15:47:36] documentsSave.INFO: {"ops_type":"[\"Enrollment form\"]","ext0":"undefined","ids":"1,2","update_datas":"update","emp_id":"619823"} [] []
[2020-02-10 15:47:36] documentsSaveFiles.INFO: [{"name":"Penguins.jpg","type":"image\/jpeg","tmp_name":"\/tmp\/phpYNCOLa","error":0,"size":777835}] [] []
[2020-02-10 15:47:47] generateOTP.INFO: test [] []
[2020-02-10 15:48:01] documentsSave.INFO: {"ops_type":"[\"Enrollment form\"]","ext0":"undefined","ids":"1,2","update_datas":"update","emp_id":"619823"} [] []
[2020-02-10 15:48:01] documentsSaveFiles.INFO: [{"name":"Koala.jpg","type":"image\/jpeg","tmp_name":"\/tmp\/phpXBZJWE","error":0,"size":780831}] [] []
[2020-02-10 15:48:04] generateOTP.INFO: test [] []
[2020-02-10 15:48:12] documentsSave.INFO: {"ops_type":"[]","ids":"1,2","update_datas":"update","emp_id":"619823"} [] []
[2020-02-10 15:48:12] documentsSaveFiles.INFO: [] [] []
[2020-02-10 15:48:32] generateOTP.INFO: test [] []
[2020-02-10 15:48:47] documentsSave.INFO: {"ops_type":"[\"Enrollment form\"]","ext0":"undefined","ids":"1,2","update_datas":"update","emp_id":"619823"} [] []
[2020-02-10 15:48:47] documentsSaveFiles.INFO: [{"name":"Koala.jpg","type":"image\/jpeg","tmp_name":"\/tmp\/php0yvFq0","error":0,"size":780831}] [] []
[2020-02-10 15:48:52] generateOTP.INFO: test [] []
[2020-02-10 15:49:01] documentsSave.INFO: {"ops_type":"[]","ids":"1,2","update_datas":"update","emp_id":"619823"} [] []
[2020-02-10 15:49:01] documentsSaveFiles.INFO: [] [] []
[2020-02-10 15:49:06] generateOTP.INFO: test [] []
[2020-02-10 15:49:29] documentsSave.INFO: {"ops_type":"[\"Enrollment form\"]","ext0":"undefined","ids":"1,2","update_datas":"update","emp_id":"619823"} [] []
[2020-02-10 15:49:29] documentsSaveFiles.INFO: [{"name":"Jellyfish.jpg","type":"image\/jpeg","tmp_name":"\/tmp\/phpuVqd5h","error":0,"size":775702}] [] []
[2020-02-10 15:49:32] generateOTP.INFO: test [] []
[2020-02-10 15:51:30] documentsSave.INFO: {"ops_type":"[\"Enrollment form\"]","ext0":"undefined","ids":"1,2","update_datas":"update","emp_id":"619823"} [] []
[2020-02-10 15:51:30] documentsSaveFiles.INFO: [{"name":"Lighthouse.jpg","type":"image\/jpeg","tmp_name":"\/tmp\/php5wOENT","error":0,"size":561276}] [] []
[2020-02-10 15:51:34] generateOTP.INFO: test [] []
[2020-02-10 15:52:15] documentsSave.INFO: {"ops_type":"[]","ids":"1,2","update_datas":"update","emp_id":"619823"} [] []
[2020-02-10 15:52:15] documentsSaveFiles.INFO: [] [] []
[2020-02-10 15:52:20] generateOTP.INFO: test [] []
[2020-02-10 15:52:55] documentsSave.INFO: {"ops_type":"[\"Enrollment form\"]","ext0":"undefined","ids":"1,2","update_datas":"update","emp_id":"619823"} [] []
[2020-02-10 15:52:55] documentsSaveFiles.INFO: [{"name":"Koala.jpg","type":"image\/jpeg","tmp_name":"\/tmp\/php6ZjP3y","error":0,"size":780831}] [] []
[2020-02-10 15:52:59] generateOTP.INFO: test [] []
[2020-02-10 15:53:53] generateOTP.INFO: test [] []
[2020-02-10 15:54:10] documentsSave.INFO: {"ops_type":"[]","ids":"1,2","update_datas":"update","emp_id":"619823"} [] []
[2020-02-10 15:54:10] documentsSaveFiles.INFO: [] [] []
[2020-02-10 15:54:16] generateOTP.INFO: test [] []
[2020-02-10 15:55:50] documentsSave.INFO: {"ops_type":"[\"Enrollment form\"]","ext0":"undefined","ids":"1,2","update_datas":"update","emp_id":"619823"} [] []
[2020-02-10 15:55:50] documentsSaveFiles.INFO: [{"name":"Koala.jpg","type":"image\/jpeg","tmp_name":"\/tmp\/phpvlFT07","error":0,"size":780831}] [] []
[2020-02-10 15:55:54] generateOTP.INFO: test [] []
[2020-02-10 15:58:04] generateOTP.INFO: test [] []
[2020-02-10 15:58:31] generateOTP.INFO: test [] []
[2020-02-10 15:58:44] documentsSave.INFO: {"ops_type":"[\"Enrollment form\"]","ext0":"undefined","ids":"1,2","update_datas":"update","emp_id":"619823"} [] []
[2020-02-10 15:58:44] documentsSaveFiles.INFO: [{"name":"Penguins.jpg","type":"image\/jpeg","tmp_name":"\/tmp\/phpsihqJA","error":0,"size":777835}] [] []
[2020-02-10 15:58:48] generateOTP.INFO: test [] []
[2020-02-10 15:59:01] documentsSave.INFO: {"ops_type":"[\"Enrollment form\"]","ext0":"undefined","ids":"1,2","update_datas":"update","emp_id":"619823"} [] []
[2020-02-10 15:59:01] documentsSaveFiles.INFO: [{"name":"Koala.jpg","type":"image\/jpeg","tmp_name":"\/tmp\/phpwBF4Fx","error":0,"size":780831}] [] []
[2020-02-10 15:59:05] generateOTP.INFO: test [] []
[2020-02-10 15:59:44] documentsSave.INFO: {"ops_type":"[\"Enrollment form\",\"Cheque Copy\"]","ext0":"undefined","ext1":"undefined","ids":"1,2","update_datas":"update","emp_id":"619823"} [] []
[2020-02-10 15:59:44] documentsSaveFiles.INFO: [{"name":"Lighthouse.jpg","type":"image\/jpeg","tmp_name":"\/tmp\/phpB9yv7j","error":0,"size":561276},{"name":"Chrysanthemum.jpg","type":"image\/jpeg","tmp_name":"\/tmp\/phpB0vagF","error":0,"size":879394}] [] []
[2020-02-10 15:59:57] generateOTP.INFO: test [] []
[2020-02-10 16:00:10] documentsSave.INFO: {"ops_type":"[\"Cheque Copy\"]","ext0":"undefined","ids":"1,2","update_datas":"update","emp_id":"619823"} [] []
[2020-02-10 16:00:10] documentsSaveFiles.INFO: [{"name":"Penguins.jpg","type":"image\/jpeg","tmp_name":"\/tmp\/phplWRRjX","error":0,"size":777835}] [] []
[2020-02-10 16:00:19] generateOTP.INFO: test [] []
[2020-02-10 16:00:40] generateOTP.INFO: test [] []
[2020-02-10 16:00:40] generateOTP.INFO: test [] []
[2020-02-10 16:00:44] generateOTP.INFO: test [] []
[2020-02-10 16:00:59] documentsSave.INFO: {"ops_type":"[\"Enrollment form\"]","ext0":"undefined","ids":"1,2","update_datas":"update","emp_id":"619823"} [] []
[2020-02-10 16:00:59] documentsSaveFiles.INFO: [{"name":"Tulips.jpg","type":"image\/jpeg","tmp_name":"\/tmp\/php2ykz3V","error":0,"size":620888}] [] []
[2020-02-10 16:01:03] generateOTP.INFO: test [] []
[2020-02-10 16:01:08] documentsSave.INFO: {"ops_type":"[]","ids":"1,2","update_datas":"update","emp_id":"619823"} [] []
[2020-02-10 16:01:08] documentsSaveFiles.INFO: [] [] []
[2020-02-10 16:01:16] generateOTP.INFO: test [] []
[2020-02-10 16:01:20] documentsSave.INFO: {"ops_type":"[]","ids":"1,2","update_datas":"update","emp_id":"619823"} [] []
[2020-02-10 16:01:20] documentsSaveFiles.INFO: [] [] []
[2020-02-10 16:01:25] generateOTP.INFO: test [] []
[2020-02-10 16:01:29] documentsSave.INFO: {"ops_type":"[]","ids":"1,2","update_datas":"update","emp_id":"619823"} [] []
[2020-02-10 16:01:29] documentsSaveFiles.INFO: [] [] []
[2020-02-10 16:01:41] generateOTP.INFO: test [] []
[2020-02-10 16:01:56] generateOTP.INFO: test [] []
[2020-02-10 16:01:59] documentsSave.INFO: {"ops_type":"[]","ids":"1,2","update_datas":"update","emp_id":"619823"} [] []
[2020-02-10 16:01:59] documentsSaveFiles.INFO: [] [] []
[2020-02-10 16:02:05] generateOTP.INFO: test [] []
[2020-02-10 16:02:14] generateOTP.INFO: test [] []
[2020-02-10 16:02:22] generateOTP.INFO: test [] []
[2020-02-10 16:02:35] generateOTP.INFO: test [] []
[2020-02-10 16:02:38] documentsSave.INFO: {"ops_type":"[]","ids":"1,2","update_datas":"update","emp_id":"619823"} [] []
[2020-02-10 16:02:38] documentsSaveFiles.INFO: [] [] []
[2020-02-10 16:02:43] generateOTP.INFO: test [] []
[2020-02-10 16:02:49] generateOTP.INFO: test [] []
[2020-02-10 16:03:08] generateOTP.INFO: test [] []
[2020-02-10 16:03:25] generateOTP.INFO: test [] []
[2020-02-10 16:03:25] generateOTP.INFO: test [] []
[2020-02-10 16:03:37] generateOTP.INFO: test [] []
[2020-02-10 16:03:51] documentsSave.INFO: {"ops_type":"[\"Enrollment form\"]","ext0":"undefined","ids":"1,2","update_datas":"update","emp_id":"619823"} [] []
[2020-02-10 16:03:51] documentsSaveFiles.INFO: [{"name":"Hydrangeas.jpg","type":"image\/jpeg","tmp_name":"\/tmp\/phpb2xzUk","error":0,"size":595284}] [] []
[2020-02-10 16:03:55] generateOTP.INFO: test [] []
[2020-02-10 16:03:58] documentsSave.INFO: {"ops_type":"[]","ids":"1,2","update_datas":"update","emp_id":"619823"} [] []
[2020-02-10 16:03:58] documentsSaveFiles.INFO: [] [] []
[2020-02-10 16:04:03] generateOTP.INFO: test [] []
[2020-02-10 16:04:22] generateOTP.INFO: test [] []
[2020-02-10 16:04:25] documentsSave.INFO: {"ops_type":"[]","ids":"1,2","update_datas":"update","emp_id":"619823"} [] []
[2020-02-10 16:04:25] documentsSaveFiles.INFO: [] [] []
[2020-02-10 16:04:32] generateOTP.INFO: test [] []
[2020-02-10 16:04:41] generateOTP.INFO: test [] []
[2020-02-10 16:04:56] generateOTP.INFO: test [] []
[2020-02-10 16:06:38] generateOTP.INFO: test [] []
[2020-02-10 16:07:51] generateOTP.INFO: test [] []
[2020-02-10 16:08:11] generateOTP.INFO: test [] []
[2020-02-10 16:09:22] generateOTP.INFO: test [] []
[2020-02-10 16:09:22] generateOTP.INFO: test [] []
[2020-02-10 16:09:30] documentsSave.INFO: {"ops_type":"[]","ids":"1,2","update_datas":"update","emp_id":"619823"} [] []
[2020-02-10 16:09:30] documentsSaveFiles.INFO: [] [] []
[2020-02-10 16:09:34] generateOTP.INFO: test [] []
[2020-02-10 16:09:43] documentsSave.INFO: {"ops_type":"[]","ids":"1,2","update_datas":"update","emp_id":"619823"} [] []
[2020-02-10 16:09:43] documentsSaveFiles.INFO: [] [] []
[2020-02-10 16:09:46] generateOTP.INFO: test [] []
[2020-02-10 16:10:01] generateOTP.INFO: test [] []
[2020-02-10 16:10:09] generateOTP.INFO: test [] []
[2020-02-10 16:10:09] generateOTP.INFO: test [] []
[2020-02-10 16:10:25] documentsSave.INFO: {"ops_type":"[\"Enrollment form\"]","ext0":"undefined","ids":"1,2","update_datas":"update","emp_id":"619823"} [] []
[2020-02-10 16:10:25] documentsSaveFiles.INFO: [{"name":"Chrysanthemum.jpg","type":"image\/jpeg","tmp_name":"\/tmp\/phpjj2ucR","error":0,"size":879394}] [] []
[2020-02-10 16:10:29] generateOTP.INFO: test [] []
[2020-02-10 16:10:45] generateOTP.INFO: test [] []
[2020-02-10 16:12:13] generateOTP.INFO: test [] []
[2020-02-10 16:13:03] generateOTP.INFO: test [] []
[2020-02-10 16:14:23] documentsSave.INFO: {"ops_type":"[\"Enrollment form\"]","ext0":"undefined","ids":"1,2","update_datas":"update","emp_id":"619823"} [] []
[2020-02-10 16:14:23] documentsSaveFiles.INFO: [{"name":"Koala.jpg","type":"image\/jpeg","tmp_name":"\/tmp\/phpgThnzQ","error":0,"size":780831}] [] []
[2020-02-10 16:14:29] generateOTP.INFO: test [] []
[2020-02-10 16:14:33] documentsSave.INFO: {"ops_type":"[]","ids":"1,2","update_datas":"update","emp_id":"619823"} [] []
[2020-02-10 16:14:33] documentsSaveFiles.INFO: [] [] []
[2020-02-10 16:14:38] generateOTP.INFO: test [] []
[2020-02-10 16:14:48] generateOTP.INFO: test [] []
[2020-02-10 16:15:20] generateOTP.INFO: test [] []
[2020-02-10 16:15:45] generateOTP.INFO: test [] []
[2020-02-10 16:15:49] generateOTP.INFO: test [] []
[2020-02-10 16:16:08] generateOTP.INFO: test [] []
[2020-02-10 16:16:08] generateOTP.INFO: test [] []
[2020-02-10 16:16:13] generateOTP.INFO: test [] []
[2020-02-10 16:16:22] generateOTP.INFO: test [] []
[2020-02-10 16:16:23] generateOTP.INFO: test [] []
[2020-02-10 16:16:28] documentsSave.INFO: {"ops_type":"[]","ids":"1,2","update_datas":"update","emp_id":"619823"} [] []
[2020-02-10 16:16:28] documentsSaveFiles.INFO: [] [] []
[2020-02-10 16:16:35] generateOTP.INFO: test [] []
[2020-02-10 16:16:35] generateOTP.INFO: test [] []
[2020-02-10 16:18:36] documentsSave.INFO: {"ops_type":"[]","ids":"1,2","update_datas":"update","emp_id":"619823"} [] []
[2020-02-10 16:18:36] documentsSaveFiles.INFO: [] [] []
[2020-02-10 16:21:20] generateOTP.INFO: test [] []
[2020-02-10 16:21:35] generateOTP.INFO: test [] []
[2020-02-10 16:21:45] generateOTP.INFO: test [] []
[2020-02-10 16:22:19] generateOTP.INFO: test [] []
[2020-02-10 16:22:42] generateOTP.INFO: test [] []
[2020-02-10 16:22:52] generateOTP.INFO: test [] []
[2020-02-10 16:23:29] documentsSave.INFO: {"ops_type":"[\"Cheque Copy\"]","ext0":"undefined","ids":"1,2","update_datas":"update","emp_id":"619823"} [] []
[2020-02-10 16:23:29] documentsSaveFiles.INFO: [{"name":"Lighthouse.jpg","type":"image\/jpeg","tmp_name":"\/tmp\/phpZJlgGE","error":0,"size":561276}] [] []
[2020-02-10 16:23:40] generateOTP.INFO: test [] []
[2020-02-10 16:24:00] generateOTP.INFO: test [] []
[2020-02-10 16:24:18] generateOTP.INFO: test [] []
[2020-02-10 16:24:46] generateOTP.INFO: test [] []
[2020-02-10 16:24:46] generateOTP.INFO: test [] []
[2020-02-10 16:24:55] generateOTP.INFO: test [] []
[2020-02-10 16:24:58] generateOTP.INFO: test [] []
[2020-02-10 16:25:01] generateOTP.INFO: test [] []
[2020-02-10 16:25:10] generateOTP.INFO: test [] []
[2020-02-10 16:25:11] generateOTP.INFO: test [] []
[2020-02-10 16:28:36] generateOTP.INFO: test [] []
[2020-02-10 16:28:37] generateOTP.INFO: test [] []
[2020-02-10 16:30:31] generateOTP.INFO: test [] []
[2020-02-10 16:30:31] generateOTP.INFO: test [] []
[2020-02-10 16:34:59] documentsSave.INFO: {"ops_type":"[]","ids":"1,2","update_datas":"update","emp_id":"619823"} [] []
[2020-02-10 16:34:59] documentsSaveFiles.INFO: [] [] []
[2020-02-10 16:35:04] generateOTP.INFO: test [] []
[2020-02-10 16:35:04] generateOTP.INFO: test [] []
[2020-02-10 16:36:30] generateOTP.INFO: test [] []
[2020-02-10 16:36:30] generateOTP.INFO: test [] []
[2020-02-10 16:40:45] generateOTP.INFO: test [] []
[2020-02-10 16:46:25] documentsSave.INFO: {"ops_type":"[\"Enrollment form\",\"Cheque Copy\"]","ext0":"undefined","ext1":"undefined","ids":"1,2","update_datas":"update","emp_id":"619823"} [] []
[2020-02-10 16:46:25] documentsSaveFiles.INFO: [{"name":"Lighthouse.jpg","type":"image\/jpeg","tmp_name":"\/tmp\/php9IMnYE","error":0,"size":561276},{"name":"Hydrangeas.jpg","type":"image\/jpeg","tmp_name":"\/tmp\/phpQgu28k","error":0,"size":595284}] [] []
[2020-02-10 16:46:30] generateOTP.INFO: test [] []
[2020-02-10 16:46:30] generateOTP.INFO: test [] []
[2020-02-10 16:49:36] documentsSave.INFO: {"ops_type":"[]","ids":"1,2","update_datas":"update","emp_id":"619823"} [] []
[2020-02-10 16:49:36] documentsSaveFiles.INFO: [] [] []
[2020-02-10 16:49:41] generateOTP.INFO: test [] []
[2020-02-10 16:49:41] generateOTP.INFO: test [] []
[2020-02-10 16:49:57] generateOTP.INFO: test [] []
[2020-02-10 16:49:57] generateOTP.INFO: test [] []
[2020-02-10 16:50:45] documentsSave.INFO: {"ops_type":"[\"Enrollment form\"]","ext0":"undefined","ids":"1,2","update_datas":"update","emp_id":"619823"} [] []
[2020-02-10 16:50:45] documentsSaveFiles.INFO: [{"name":"Lighthouse.jpg","type":"image\/jpeg","tmp_name":"\/tmp\/phpsUJB8V","error":0,"size":561276}] [] []
[2020-02-10 16:53:12] generateOTP.INFO: test [] []
[2020-02-10 16:53:13] generateOTP.INFO: test [] []
[2020-02-10 16:53:20] documentsSave.INFO: {"ops_type":"[]","ids":"1,2","update_datas":"update","emp_id":"619823"} [] []
[2020-02-10 16:53:20] documentsSaveFiles.INFO: [] [] []
[2020-02-10 16:53:25] generateOTP.INFO: test [] []
[2020-02-10 16:53:25] generateOTP.INFO: test [] []
[2020-02-10 16:53:31] documentsSave.INFO: {"ops_type":"[]","ids":"1,2","update_datas":"update","emp_id":"619823"} [] []
[2020-02-10 16:53:31] documentsSaveFiles.INFO: [] [] []
[2020-02-10 16:53:36] generateOTP.INFO: test [] []
[2020-02-10 16:53:36] generateOTP.INFO: test [] []
[2020-02-10 16:54:20] documentsSave.INFO: {"ops_type":"[]","ids":"1,2","update_datas":"update","emp_id":"619823"} [] []
[2020-02-10 16:54:20] documentsSaveFiles.INFO: [] [] []
[2020-02-10 16:54:25] generateOTP.INFO: test [] []
[2020-02-10 16:54:26] generateOTP.INFO: test [] []
[2020-02-10 16:55:08] generateOTP.INFO: test [] []
[2020-02-10 16:55:08] generateOTP.INFO: test [] []
[2020-02-10 16:55:22] generateOTP.INFO: test [] []
[2020-02-10 16:55:22] generateOTP.INFO: test [] []
[2020-02-10 16:57:03] generateOTP.INFO: test [] []
[2020-02-10 16:58:31] generateOTP.INFO: test [] []
[2020-02-10 16:59:14] generateOTP.INFO: test [] []
[2020-02-10 16:59:14] generateOTP.INFO: test [] []
[2020-02-10 16:59:37] documentsSave.INFO: {"ops_type":"[\"Enrollment form\"]","ext0":"undefined","ids":"1,2","update_datas":"update","emp_id":"619823"} [] []
[2020-02-10 16:59:37] documentsSaveFiles.INFO: [{"name":"Koala.jpg","type":"image\/jpeg","tmp_name":"\/tmp\/phpaLNfCX","error":0,"size":780831}] [] []
[2020-02-10 16:59:40] generateOTP.INFO: test [] []
[2020-02-10 16:59:49] generateOTP.INFO: test [] []
[2020-02-10 16:59:49] generateOTP.INFO: test [] []
[2020-02-10 17:00:01] documentsSave.INFO: {"ops_type":"[\"Cheque Copy\"]","ext0":"undefined","ids":"1,2","update_datas":"update","emp_id":"619823"} [] []
[2020-02-10 17:00:01] documentsSaveFiles.INFO: [{"name":"Penguins.jpg","type":"image\/jpeg","tmp_name":"\/tmp\/phpcOrH1d","error":0,"size":777835}] [] []
[2020-02-10 17:00:05] generateOTP.INFO: test [] []
[2020-02-10 17:00:11] generateOTP.INFO: test [] []
[2020-02-10 17:00:11] generateOTP.INFO: test [] []
[2020-02-10 17:00:36] documentsSave.INFO: {"ops_type":"[\"Enrollment form\",\"Cheque Copy\"]","ext0":"undefined","ext1":"undefined","ids":"1,2","update_datas":"update","emp_id":"619823"} [] []
[2020-02-10 17:00:36] documentsSaveFiles.INFO: [{"name":"Lighthouse.jpg","type":"image\/jpeg","tmp_name":"\/tmp\/php5ECQ17","error":0,"size":561276},{"name":"Tulips.jpg","type":"image\/jpeg","tmp_name":"\/tmp\/phprocElh","error":0,"size":620888}] [] []
[2020-02-10 17:01:22] generateOTP.INFO: test [] []
[2020-02-10 17:05:17] generateOTP.INFO: test [] []
[2020-02-10 17:07:42] generateOTP.INFO: test [] []
[2020-02-10 17:18:07] generateOTP.INFO: test [] []
[2020-02-10 17:18:15] generateOTP.INFO: test [] []
[2020-02-10 17:18:16] generateOTP.INFO: test [] []
[2020-02-10 17:18:16] generateOTP.INFO: test [] []
[2020-02-10 17:18:16] generateOTP.INFO: test [] []
[2020-02-10 17:18:16] generateOTP.INFO: test [] []
[2020-02-10 17:18:16] generateOTP.INFO: test [] []
[2020-02-10 17:18:16] generateOTP.INFO: test [] []
[2020-02-10 17:18:16] generateOTP.INFO: test [] []
[2020-02-10 17:18:19] generateOTP.INFO: test [] []
[2020-02-10 17:18:24] generateOTP.INFO: test [] []
[2020-02-10 17:19:14] generateOTP.INFO: test [] []
[2020-02-10 17:20:09] generateOTP.INFO: test [] []
[2020-02-10 17:20:13] documentsSave.INFO: {"ops_type":"[]","ids":"1,2","update_datas":"update","emp_id":"619823"} [] []
[2020-02-10 17:20:13] documentsSaveFiles.INFO: [] [] []
[2020-02-10 17:20:48] generateOTP.INFO: test [] []
[2020-02-10 17:26:10] generateOTP.INFO: test [] []
[2020-02-10 17:26:22] generateOTP.INFO: test [] []
[2020-02-10 17:32:58] generateOTP.INFO: test [] []
[2020-02-10 17:32:59] generateOTP.INFO: test [] []
[2020-02-10 17:33:40] documentsSave.INFO: {"ops_type":"[\"Cheque Copy\"]","ext0":"undefined","ids":"1,2","update_datas":"update","emp_id":"619823"} [] []
[2020-02-10 17:33:40] documentsSaveFiles.INFO: [{"name":"Desert.jpg","type":"image\/jpeg","tmp_name":"\/tmp\/php76F7kt","error":0,"size":845941}] [] []
[2020-02-10 17:34:07] generateOTP.INFO: test [] []
[2020-02-10 17:34:07] generateOTP.INFO: test [] []
[2020-02-10 17:36:04] documentsSave.INFO: {"ops_type":"[\"Cheque Copy\"]","ext0":"undefined","ids":"1,2","update_datas":"update","emp_id":"619823"} [] []
[2020-02-10 17:36:04] documentsSaveFiles.INFO: [{"name":"Chrysanthemum.jpg","type":"image\/jpeg","tmp_name":"\/tmp\/phpYMBrjk","error":0,"size":879394}] [] []
[2020-02-10 17:37:51] documentsSave.INFO: {"ops_type":"[\"Cheque Copy\"]","ext0":"undefined","ids":"1,2","update_datas":"update","emp_id":"619823"} [] []
[2020-02-10 17:37:51] documentsSaveFiles.INFO: [{"name":"Chrysanthemum.jpg","type":"image\/jpeg","tmp_name":"\/tmp\/phpxtzbma","error":0,"size":879394}] [] []
[2020-02-10 17:37:57] generateOTP.INFO: test [] []
[2020-02-10 17:37:57] generateOTP.INFO: test [] []
[2020-02-10 17:38:14] documentsSave.INFO: {"ops_type":"[\"Cheque Copy\"]","ext0":"undefined","ids":"1,2","update_datas":"update","emp_id":"619823"} [] []
[2020-02-10 17:38:14] documentsSaveFiles.INFO: [{"name":"Penguins.jpg","type":"image\/jpeg","tmp_name":"\/tmp\/phpljsZqp","error":0,"size":777835}] [] []
[2020-02-10 17:38:28] documentsSave.INFO: {"ops_type":"[\"Cheque Copy\"]","ext0":"undefined","ids":"1,2","update_datas":"update","emp_id":"619823"} [] []
[2020-02-10 17:38:28] documentsSaveFiles.INFO: [{"name":"Penguins.jpg","type":"image\/jpeg","tmp_name":"\/tmp\/phpXKs56a","error":0,"size":777835}] [] []
[2020-02-10 17:38:51] generateOTP.INFO: test [] []
[2020-02-10 17:38:51] generateOTP.INFO: test [] []
[2020-02-10 18:06:10] generateOTP.INFO: test [] []
[2020-02-10 18:06:27] generateOTP.INFO: test [] []
[2020-02-10 18:06:27] generateOTP.INFO: test [] []
[2020-02-10 18:10:12] generateOTP.INFO: test [] []
[2020-02-10 18:10:12] generateOTP.INFO: test [] []
[2020-02-10 18:10:31] generateOTP.INFO: test [] []
[2020-02-10 18:16:03] generateOTP.INFO: test [] []
[2020-02-10 18:16:04] generateOTP.INFO: test [] []
[2020-02-10 18:26:02] generateOTP.INFO: test [] []
[2020-02-10 18:26:59] generateOTP.INFO: test [] []
[2020-02-10 19:10:44] generateOTP.INFO: test [] []
[2020-02-10 19:11:29] generateOTP.INFO: test [] []
