[2020-06-10 00:01:36] generateOTP.INFO: test [] []
[2020-06-10 00:01:37] generateOTP.INFO: test [] []
[2020-06-10 00:01:56] generateOTP.INFO: test [] []
[2020-06-10 00:01:59] generateOTP.INFO: test [] []
[2020-06-10 00:02:03] generateOTP.INFO: test [] []
[2020-06-10 00:02:04] generateOTP.INFO: test [] []
[2020-06-10 00:02:19] generateOTP.INFO: test [] []
[2020-06-10 00:02:22] generateOTP.INFO: test [] []
[2020-06-10 00:02:26] generateOTP.INFO: test [] []
[2020-06-10 00:02:28] generateOTP.INFO: test [] []
[2020-06-10 00:02:39] generateOTP.INFO: test [] []
[2020-06-10 00:02:56] generateOTP.INFO: test [] []
[2020-06-10 00:02:57] generateOTP.INFO: test [] []
[2020-06-10 00:03:50] generateOTP.INFO: test [] []
[2020-06-10 00:03:53] generateOTP.INFO: test [] []
[2020-06-10 00:03:54] generateOTP.INFO: test [] []
[2020-06-10 00:04:24] generateOTP.INFO: test [] []
[2020-06-10 00:04:28] generateOTP.INFO: test [] []
[2020-06-10 00:04:29] generateOTP.INFO: test [] []
[2020-06-10 00:04:56] generateOTP.INFO: test [] []
[2020-06-10 00:04:59] generateOTP.INFO: test [] []
[2020-06-10 00:05:00] generateOTP.INFO: test [] []
[2020-06-10 00:05:16] generateOTP.INFO: test [] []
[2020-06-10 00:05:28] generateOTP.INFO: test [] []
[2020-06-10 00:05:29] generateOTP.INFO: test [] []
[2020-06-10 00:05:45] generateOTP.INFO: test [] []
[2020-06-10 00:05:48] generateOTP.INFO: test [] []
[2020-06-10 00:05:49] generateOTP.INFO: test [] []
[2020-06-10 00:05:54] generateOTP.INFO: test [] []
[2020-06-10 00:06:46] generateOTP.INFO: test [] []
[2020-06-10 00:09:32] generateOTP.INFO: test [] []
[2020-06-10 00:09:33] generateOTP.INFO: test [] []
[2020-06-10 00:09:44] generateOTP.INFO: test [] []
[2020-06-10 00:09:45] generateOTP.INFO: test [] []
[2020-06-10 00:09:53] generateOTP.INFO: test [] []
[2020-06-10 00:10:00] generateOTP.INFO: test [] []
[2020-06-10 00:10:20] generateOTP.INFO: test [] []
[2020-06-10 00:11:01] generateOTP.INFO: test [] []
[2020-06-10 00:11:12] generateOTP.INFO: test [] []
[2020-06-10 00:11:49] generateOTP.INFO: test [] []
[2020-06-10 00:12:33] generateOTP.INFO: test [] []
[2020-06-10 00:13:00] generateOTP.INFO: test [] []
[2020-06-10 00:13:07] generateOTP.INFO: test [] []
[2020-06-10 09:53:00] generateOTP.INFO: test [] []
[2020-06-10 09:53:01] generateOTP.INFO: test [] []
[2020-06-10 10:04:34] generateOTP.INFO: test [] []
[2020-06-10 10:04:35] generateOTP.INFO: test [] []
[2020-06-10 10:04:36] generateOTP.INFO: test [] []
[2020-06-10 10:04:41] generateOTP.INFO: test [] []
[2020-06-10 10:05:48] generateOTP.INFO: test [] []
[2020-06-10 10:23:58] generateOTP.INFO: test [] []
[2020-06-10 10:23:59] generateOTP.INFO: test [] []
[2020-06-10 10:24:05] generateOTP.INFO: test [] []
[2020-06-10 10:24:06] generateOTP.INFO: test [] []
[2020-06-10 10:24:12] generateOTP.INFO: test [] []
[2020-06-10 10:24:18] generateOTP.INFO: test [] []
[2020-06-10 10:24:24] generateOTP.INFO: test [] []
[2020-06-10 10:24:32] generateOTP.INFO: test [] []
[2020-06-10 10:31:07] generateOTP.INFO: test [] []
[2020-06-10 10:31:08] generateOTP.INFO: test [] []
[2020-06-10 10:31:15] generateOTP.INFO: test [] []
[2020-06-10 10:31:38] generateOTP.INFO: test [] []
[2020-06-10 10:32:31] generateOTP.INFO: {"edit":"0","policy_no":"415","subtype_text":"1","sum_insure":"500000","familyConstruct":"2A+2K","businessType":"New","family_members_id":"2","family_gender":"Male","first_name":"gsdfgfdsg","last_name":"gsdfgsdfg","family_date_birth":"06-06-2014","age":"6","age_type":"years","myGHD":{"B":{"remark":""},"D1":{"remark":""},"D2":{"remark":""},"D3":{"remark":""},"D4":{"remark":""},"E":{"remark":""}},"family_id":"","s_date":"","marriage_date":"","premium":"14489","policyNo":"415","familyDataType":"family_construct","declare":"[]"} [] []
[2020-06-10 10:49:02] generateOTP.INFO: test [] []
[2020-06-10 10:49:44] generateOTP.INFO: test [] []
[2020-06-10 11:06:30] generateOTP.INFO: test [] []
[2020-06-10 11:06:30] generateOTP.INFO: test [] []
[2020-06-10 11:06:40] generateOTP.INFO: test [] []
[2020-06-10 11:06:59] generateOTP.INFO: test [] []
[2020-06-10 11:08:32] generateOTP.INFO: test [] []
[2020-06-10 11:08:38] generateOTP.INFO: test [] []
[2020-06-10 11:08:39] generateOTP.INFO: test [] []
[2020-06-10 11:08:39] generateOTP.INFO: test [] []
[2020-06-10 11:08:40] generateOTP.INFO: test [] []
[2020-06-10 11:08:40] generateOTP.INFO: test [] []
[2020-06-10 11:08:41] generateOTP.INFO: test [] []
[2020-06-10 11:08:41] generateOTP.INFO: test [] []
[2020-06-10 11:08:42] generateOTP.INFO: test [] []
[2020-06-10 11:08:46] generateOTP.INFO: test [] []
[2020-06-10 11:08:47] generateOTP.INFO: test [] []
[2020-06-10 11:09:01] generateOTP.INFO: test [] []
[2020-06-10 11:09:07] generateOTP.INFO: test [] []
[2020-06-10 11:09:16] generateOTP.INFO: test [] []
[2020-06-10 11:10:02] generateOTP.INFO: test [] []
[2020-06-10 11:11:11] generateOTP.INFO: test [] []
[2020-06-10 11:14:02] generateOTP.INFO: test [] []
[2020-06-10 11:16:13] generateOTP.INFO: test [] []
[2020-06-10 11:16:14] generateOTP.INFO: test [] []
[2020-06-10 11:16:21] generateOTP.INFO: test [] []
[2020-06-10 11:16:31] generateOTP.INFO: test [] []
[2020-06-10 11:16:33] generateOTP.INFO: test [] []
[2020-06-10 11:16:42] generateOTP.INFO: test [] []
[2020-06-10 11:16:44] generateOTP.INFO: test [] []
[2020-06-10 11:16:55] generateOTP.INFO: test [] []
[2020-06-10 11:17:38] generateOTP.INFO: test [] []
[2020-06-10 11:17:49] generateOTP.INFO: test [] []
[2020-06-10 11:17:51] generateOTP.INFO: test [] []
[2020-06-10 11:19:06] generateOTP.INFO: test [] []
[2020-06-10 11:19:16] generateOTP.INFO: test [] []
[2020-06-10 11:19:17] generateOTP.INFO: test [] []
[2020-06-10 11:20:18] generateOTP.INFO: test [] []
[2020-06-10 11:21:48] generateOTP.INFO: test [] []
[2020-06-10 11:22:22] generateOTP.INFO: test [] []
[2020-06-10 11:22:24] generateOTP.INFO: test [] []
[2020-06-10 11:22:56] generateOTP.INFO: {"edit":"0","policy_no":"392,393","subtype_text":"1","sum_insure":"500000","familyConstruct":"1A","tenure":"1 Year","family_members_id":"1","family_gender":"Female","first_name":"dc","last_name":"ds","family_date_birth":"06-06-1984","age":"36","age_type":"years","family_id":"","s_date":"","marriage_date":"","premium":"8399.9952","policyNo":"392,393","familyDataType":"undefined","empId":"620441","product":"iWL65dcd54d9c5a65","declare":"[]"} [] []
[2020-06-10 11:24:38] generateOTP.INFO: test [] []
[2020-06-10 11:24:39] generateOTP.INFO: test [] []
[2020-06-10 11:24:39] generateOTP.INFO: test [] []
[2020-06-10 11:24:41] generateOTP.INFO: test [] []
[2020-06-10 11:24:41] generateOTP.INFO: test [] []
[2020-06-10 11:24:53] generateOTP.INFO: test [] []
[2020-06-10 11:24:56] generateOTP.INFO: test [] []
[2020-06-10 11:29:06] generateOTP.INFO: {"edit":"0","policy_no":"392,393","subtype_text":"1","sum_insure":"500000","familyConstruct":"1A","tenure":"1 Year","family_members_id":"1","family_gender":"Female","first_name":"v","last_name":"sgs","family_date_birth":"07-06-1984","age":"36","age_type":"years","family_id":"","s_date":"","marriage_date":"","premium":"8399.9952","policyNo":"392,393","familyDataType":"undefined","empId":"620441","product":"iWL65dcd54d9c5a65","declare":"[]"} [] []
[2020-06-10 11:29:29] generateOTP.INFO: {"edit":"0","policy_no":"392,393","subtype_text":"1","sum_insure":"500000","familyConstruct":"1A","tenure":"1 Year","family_members_id":"1","family_gender":"Female","first_name":"vxcd","last_name":"fg","family_date_birth":"20-06-1974","age":"45","age_type":"years","family_id":"","s_date":"","marriage_date":"","premium":"8399.9952","policyNo":"392,393","familyDataType":"undefined","empId":"620441","product":"iWL65dcd54d9c5a65","declare":"[]"} [] []
[2020-06-10 11:31:24] generateOTP.INFO: test [] []
[2020-06-10 11:31:25] generateOTP.INFO: test [] []
[2020-06-10 11:31:26] generateOTP.INFO: test [] []
[2020-06-10 11:31:38] generateOTP.INFO: test [] []
[2020-06-10 11:32:00] generateOTP.INFO: test [] []
[2020-06-10 11:32:01] generateOTP.INFO: test [] []
[2020-06-10 11:32:12] generateOTP.INFO: test [] []
[2020-06-10 11:32:31] generateOTP.INFO: {"edit":"0","policy_no":"392,393","subtype_text":"1","sum_insure":"500000","familyConstruct":"1A","tenure":"1 Year","family_members_id":"1","family_gender":"Female","first_name":"c xz","last_name":"xz","family_date_birth":"13-06-1985","age":"34","age_type":"years","family_id":"","s_date":"29-03-1991","marriage_date":"","premium":"8399.9952","policyNo":"392,393","familyDataType":"undefined","empId":"620441","product":"iWL65dcd54d9c5a65","declare":"[]"} [] []
[2020-06-10 11:32:51] generateOTP.INFO: {"edit":"0","policy_no":"392,393","subtype_text":"1","sum_insure":"500000","familyConstruct":"1A","tenure":"1 Year","family_members_id":"1","family_gender":"Female","first_name":"cs","last_name":"sf","family_date_birth":"20-06-1985","age":"34","age_type":"years","sub_type_check":["1"],"20":"No","family_id":"","s_date":"29-03-1991","marriage_date":"","premium":"8399.9952","policyNo":"392,393","familyDataType":"undefined","empId":"620441","product":"iWL65dcd54d9c5a65","declare":"[{\"question\":\"20\",\"format\":\"No\"}]"} [] []
[2020-06-10 11:33:21] generateOTP.INFO: {"edit":"0","policy_no":"392,393","subtype_text":"1","sum_insure":"500000","familyConstruct":"1A","tenure":"1 Year","family_members_id":"1","family_gender":"Female","first_name":"cdf","last_name":"dsf","family_date_birth":"16-06-1995","age":"24","age_type":"years","family_id":"","s_date":"29-03-1991","marriage_date":"","premium":"8399.9952","policyNo":"392,393","familyDataType":"undefined","empId":"620441","product":"iWL65dcd54d9c5a65","declare":"[]"} [] []
[2020-06-10 11:33:31] generateOTP.INFO: test [] []
[2020-06-10 11:33:44] generateOTP.INFO: {"edit":"0","policy_no":"392,393","subtype_text":"1","sum_insure":"500000","familyConstruct":"1A","tenure":"1 Year","family_members_id":"1","family_gender":"Female","first_name":"cxz","last_name":"xzc","family_date_birth":"25-06-1997","age":"22","age_type":"years","family_id":"","s_date":"29-03-1991","marriage_date":"","premium":"8399.9952","policyNo":"392,393","familyDataType":"undefined","empId":"620441","product":"iWL65dcd54d9c5a65","declare":"[]"} [] []
[2020-06-10 11:33:57] generateOTP.INFO: {"edit":"0","policy_no":"392,393","subtype_text":"1","sum_insure":"500000","familyConstruct":"1A","tenure":"1 Year","family_members_id":"1","family_gender":"Female","first_name":"zx","last_name":"zxc","family_date_birth":"19-06-1986","age":"33","age_type":"years","family_id":"","s_date":"29-03-1991","marriage_date":"","premium":"8399.9952","policyNo":"392,393","familyDataType":"undefined","empId":"620441","product":"iWL65dcd54d9c5a65","declare":"[]"} [] []
[2020-06-10 11:34:12] generateOTP.INFO: {"edit":"0","policy_no":"392,393","subtype_text":"1","sum_insure":"500000","familyConstruct":"1A","tenure":"1 Year","family_members_id":"1","family_gender":"Female","first_name":"xzc","last_name":"xzc","family_date_birth":"24-06-1975","age":"44","age_type":"years","family_id":"","s_date":"29-03-1991","marriage_date":"","premium":"8399.9952","policyNo":"392,393","familyDataType":"undefined","empId":"620441","product":"iWL65dcd54d9c5a65","declare":"[]"} [] []
[2020-06-10 11:37:24] generateOTP.INFO: test [] []
[2020-06-10 11:37:31] generateOTP.INFO: {"edit":"0","policy_no":"392,393","subtype_text":"1","sum_insure":"500000","familyConstruct":"1A","tenure":"1 Year","family_members_id":"0","family_gender":"Male","first_name":"test","last_name":"BANKING","family_date_birth":"19-12-1988","age":"31","age_type":"years","family_id":"","s_date":"29-03-1991","marriage_date":"","premium":"8399.9952","policyNo":"392,393","familyDataType":"undefined","empId":"620441","product":"iWL65dcd54d9c5a65","declare":"[]"} [] []
[2020-06-10 11:37:46] generateOTP.INFO: {"edit":"0","policy_no":"392,393","subtype_text":"1","sum_insure":"500000","familyConstruct":"1A","tenure":"1 Year","family_members_id":"1","family_gender":"Female","first_name":"fds","last_name":"dsf","family_date_birth":"18-06-1985","age":"34","age_type":"years","sub_type_check":["1"],"20":"No","family_id":"","s_date":"29-03-1991","marriage_date":"","premium":"8399.9952","policyNo":"392,393","familyDataType":"undefined","empId":"620441","product":"iWL65dcd54d9c5a65","declare":"[{\"question\":\"20\",\"format\":\"No\"}]"} [] []
[2020-06-10 11:41:10] generateOTP.INFO: test [] []
[2020-06-10 11:41:51] generateOTP.INFO: test [] []
[2020-06-10 11:42:17] generateOTP.INFO: {"edit":"0","policy_no":"392,393","subtype_text":"1","sum_insure":"500000","familyConstruct":"1A","tenure":"1 Year","family_members_id":"0","family_gender":"Male","first_name":"test","last_name":"BANKING","family_date_birth":"19-12-1988","age":"31","age_type":"years","family_id":"","s_date":"29-03-1991","marriage_date":"","premium":"8399.9952","policyNo":"392,393","familyDataType":"undefined","empId":"620441","product":"iWL65dcd54d9c5a65","declare":"[]"} [] []
[2020-06-10 11:43:00] generateOTP.INFO: test [] []
[2020-06-10 11:43:20] generateOTP.INFO: {"edit":"0","policy_no":"392,393","subtype_text":"1","sum_insure":"500000","familyConstruct":"1A","tenure":"1 Year","family_members_id":"1","family_gender":"Female","first_name":"cxv","last_name":"cxv","family_date_birth":"19-06-1986","age":"33","age_type":"years","sub_type_check":["1"],"20":"No","family_id":"","s_date":"","marriage_date":"","premium":"8399.9952","policyNo":"392,393","familyDataType":"undefined","empId":"620442","product":"iWL65dcd54d9c5a65","declare":"[{\"question\":\"20\",\"format\":\"No\"}]"} [] []
[2020-06-10 11:43:39] generateOTP.INFO: {"edit":"0","policy_no":"392,393","subtype_text":"1","sum_insure":"500000","familyConstruct":"1A","tenure":"1 Year","family_members_id":"1","family_gender":"Female","first_name":"v","last_name":"cx","family_date_birth":"07-06-1973","age":"47","age_type":"years","sub_type_check":["1"],"family_id":"","s_date":"","marriage_date":"","premium":"8399.9952","policyNo":"392,393","familyDataType":"undefined","empId":"620442","product":"iWL65dcd54d9c5a65","declare":"[]"} [] []
[2020-06-10 11:46:03] generateOTP.INFO: test [] []
[2020-06-10 11:46:19] generateOTP.INFO: test [] []
[2020-06-10 11:47:48] generateOTP.INFO: test [] []
[2020-06-10 11:49:01] generateOTP.INFO: test [] []
[2020-06-10 11:49:03] generateOTP.INFO: test [] []
[2020-06-10 11:50:00] generateOTP.INFO: {"edit":"0","policy_no":"392,393","subtype_text":"1","sum_insure":"500000","familyConstruct":"1A","tenure":"1 Year","family_members_id":"1","family_gender":"Female","first_name":"xzc","last_name":"xzc","family_date_birth":"05-06-1985","age":"35","age_type":"years","sub_type_check":["1"],"20":"No","family_id":"","s_date":"18-04-1985","marriage_date":"","premium":"8399.9952","policyNo":"392,393","familyDataType":"undefined","empId":"620442","product":"iWL65dcd54d9c5a65","declare":"[{\"question\":\"20\",\"format\":\"No\"}]"} [] []
[2020-06-10 11:50:35] generateOTP.INFO: test [] []
[2020-06-10 11:59:41] generateOTP.INFO: test [] []
[2020-06-10 11:59:44] generateOTP.INFO: test [] []
[2020-06-10 11:59:52] generateOTP.INFO: test [] []
[2020-06-10 11:59:55] generateOTP.INFO: test [] []
[2020-06-10 12:04:57] generateOTP.INFO: test [] []
[2020-06-10 12:04:58] generateOTP.INFO: test [] []
[2020-06-10 12:05:14] generateOTP.INFO: {"edit":"0","policy_no":"392,393","subtype_text":"1","sum_insure":"500000","familyConstruct":"1A","tenure":"1 Year","family_members_id":"1","family_gender":"Female","first_name":"cdzx","last_name":"cxv","family_date_birth":"20-06-1985","age":"34","age_type":"years","sub_type_check":["1"],"20":"No","family_id":"","s_date":"18-04-1985","marriage_date":"","premium":"8399.9952","policyNo":"392,393","familyDataType":"undefined","empId":"620442","product":"iWL65dcd54d9c5a65","declare":"[{\"question\":\"20\",\"format\":\"No\"}]"} [] []
[2020-06-10 12:05:30] generateOTP.INFO: {"edit":"0","policy_no":"392,393","subtype_text":"1","sum_insure":"500000","familyConstruct":"1A","tenure":"1 Year","family_members_id":"1","family_gender":"Female","first_name":"zd","last_name":"ds","family_date_birth":"19-06-1985","age":"34","age_type":"years","sub_type_check":["1","2"],"20":"No","18":"No","19":"No","family_id":"","s_date":"18-04-1985","marriage_date":"","premium":"8399.9952","policyNo":"392,393","familyDataType":"undefined","empId":"620442","product":"iWL65dcd54d9c5a65","declare":"[{\"question\":\"20\",\"format\":\"No\"},{\"question\":\"18\",\"format\":\"No\"},{\"question\":\"19\",\"format\":\"No\"}]"} [] []
[2020-06-10 12:06:25] generateOTP.INFO: test [] []
[2020-06-10 12:06:25] generateOTP.INFO: test [] []
[2020-06-10 12:06:33] generateOTP.INFO: test [] []
[2020-06-10 12:07:50] generateOTP.INFO: test [] []
[2020-06-10 12:11:09] generateOTP.INFO: test [] []
[2020-06-10 12:11:28] generateOTP.INFO: test [] []
[2020-06-10 12:11:53] generateOTP.INFO: test [] []
[2020-06-10 12:12:43] generateOTP.INFO: test [] []
[2020-06-10 12:38:59] generateOTP.INFO: test [] []
[2020-06-10 12:39:00] generateOTP.INFO: test [] []
[2020-06-10 12:39:38] generateOTP.INFO: test [] []
[2020-06-10 13:02:05] generateOTP.INFO: test [] []
[2020-06-10 13:02:05] generateOTP.INFO: test [] []
[2020-06-10 13:02:08] generateOTP.INFO: test [] []
[2020-06-10 13:02:16] generateOTP.INFO: test [] []
[2020-06-10 13:02:19] generateOTP.INFO: test [] []
[2020-06-10 13:02:21] generateOTP.INFO: test [] []
[2020-06-10 13:02:30] generateOTP.INFO: test [] []
[2020-06-10 13:05:39] generateOTP.INFO: test [] []
[2020-06-10 13:07:55] generateOTP.INFO: test [] []
[2020-06-10 13:08:24] generateOTP.INFO: {"edit":"0","policy_no":"415","subtype_text":"1","sum_insure":"500000","familyConstruct":"2A+2K","businessType":"New","family_members_id":"0","family_gender":"Male","first_name":"testf","last_name":"testl","family_date_birth":"01-06-1993","age":"27","age_type":"years","myGHD":{"B":{"remark":""},"D1":{"remark":""},"D2":{"remark":""},"D3":{"remark":""},"D4":{"remark":""},"E":{"remark":""}},"family_id":"","s_date":"","marriage_date":"","premium":"14489","policyNo":"415","familyDataType":"family_construct","declare":"[]"} [] []
[2020-06-10 13:08:42] generateOTP.INFO: {"edit":"0","policy_no":"415","subtype_text":"1","sum_insure":"500000","familyConstruct":"2A+2K","businessType":"New","family_members_id":"1","family_gender":"Female","first_name":"czfd","last_name":"sdff","family_date_birth":"26-06-1997","age":"23","age_type":"years","myGHD":{"B":{"remark":""},"D1":{"remark":""},"D2":{"remark":""},"D3":{"remark":""},"D4":{"remark":""},"E":{"remark":""}},"family_id":"","s_date":"","marriage_date":"","premium":"14489","policyNo":"415","familyDataType":"family_construct","declare":"[]"} [] []
[2020-06-10 13:09:02] generateOTP.INFO: {"edit":"0","policy_no":"415","subtype_text":"1","sum_insure":"500000","familyConstruct":"2A+2K","businessType":"New","family_members_id":"2","family_gender":"Male","first_name":"zxc","last_name":"xz","family_date_birth":"25-06-2009","age":"11","age_type":"years","myGHD":{"B":{"remark":""},"D1":{"remark":""},"D2":{"remark":""},"D3":{"remark":""},"D4":{"remark":""},"E":{"remark":""}},"family_id":"","s_date":"","marriage_date":"","premium":"14489","policyNo":"415","familyDataType":"family_construct","declare":"[]"} [] []
[2020-06-10 13:09:35] generateOTP.INFO: test [] []
[2020-06-10 13:09:37] generateOTP.INFO: test [] []
[2020-06-10 13:10:17] generateOTP.INFO: {"edit":"0","policy_no":"415","subtype_text":"1","sum_insure":"500000","familyConstruct":"1A","businessType":"New","family_members_id":"0","family_gender":"Male","first_name":"testf","last_name":"testl","family_date_birth":"01-06-1993","age":"27","age_type":"years","myGHD":{"B":{"remark":""},"D1":{"remark":""},"D2":{"remark":""},"D3":{"remark":""},"D4":{"remark":""},"E":{"remark":""}},"family_id":"","s_date":"","marriage_date":"","premium":"7605","policyNo":"415","familyDataType":"family_construct","declare":"[]"} [] []
[2020-06-10 13:10:35] generateOTP.INFO: {"edit":"0","policy_no":"415","subtype_text":"1","sum_insure":"500000","familyConstruct":"1A","businessType":"New","family_members_id":"1","family_gender":"Female","first_name":"cx","last_name":"xcv","family_date_birth":"09-06-1993","age":"27","age_type":"years","myGHD":{"B":{"remark":""},"D1":{"remark":""},"D2":{"remark":""},"D3":{"remark":""},"D4":{"remark":""},"E":{"remark":""}},"family_id":"","s_date":"","marriage_date":"","premium":"7605","policyNo":"415","familyDataType":"family_construct","declare":"[]"} [] []
[2020-06-10 13:10:52] generateOTP.INFO: {"edit":"0","policy_no":"415","subtype_text":"1","sum_insure":"500000","familyConstruct":"2A+2K","businessType":"New","family_members_id":"0","family_gender":"Male","first_name":"testf","last_name":"testl","family_date_birth":"01-06-1993","age":"27","age_type":"years","myGHD":{"B":{"remark":""},"D1":{"remark":""},"D2":{"remark":""},"D3":{"remark":""},"D4":{"remark":""},"E":{"remark":""}},"family_id":"","s_date":"","marriage_date":"","premium":"14489","policyNo":"415","familyDataType":"family_construct","declare":"[]"} [] []
[2020-06-10 13:10:59] generateOTP.INFO: test [] []
[2020-06-10 13:11:03] generateOTP.INFO: test [] []
[2020-06-10 13:11:08] generateOTP.INFO: {"edit":"0","policy_no":"415","subtype_text":"1","sum_insure":"500000","familyConstruct":"2A+2K","businessType":"New","family_members_id":"1","family_gender":"Female","first_name":"cv","last_name":"cxv","family_date_birth":"10-06-1993","age":"27","age_type":"years","myGHD":{"B":{"remark":""},"D1":{"remark":""},"D2":{"remark":""},"D3":{"remark":""},"D4":{"remark":""},"E":{"remark":""}},"family_id":"","s_date":"","marriage_date":"","premium":"14489","policyNo":"415","familyDataType":"family_construct","declare":"[]"} [] []
[2020-06-10 13:11:23] generateOTP.INFO: test [] []
[2020-06-10 13:11:36] generateOTP.INFO: test [] []
[2020-06-10 13:11:48] generateOTP.INFO: test [] []
[2020-06-10 13:11:49] generateOTP.INFO: test [] []
[2020-06-10 13:13:05] generateOTP.INFO: test [] []
[2020-06-10 13:13:05] generateOTP.INFO: test [] []
[2020-06-10 13:13:05] generateOTP.INFO: test [] []
[2020-06-10 13:13:29] generateOTP.INFO: test [] []
[2020-06-10 13:13:31] generateOTP.INFO: test [] []
[2020-06-10 13:13:32] generateOTP.INFO: test [] []
[2020-06-10 13:13:34] generateOTP.INFO: test [] []
[2020-06-10 13:13:36] generateOTP.INFO: test [] []
[2020-06-10 13:13:47] generateOTP.INFO: test [] []
[2020-06-10 13:13:47] generateOTP.INFO: test [] []
[2020-06-10 13:13:47] generateOTP.INFO: test [] []
[2020-06-10 13:13:48] generateOTP.INFO: test [] []
[2020-06-10 13:13:49] generateOTP.INFO: test [] []
[2020-06-10 13:13:58] generateOTP.INFO: test [] []
[2020-06-10 13:14:12] generateOTP.INFO: test [] []
[2020-06-10 13:14:13] generateOTP.INFO: test [] []
[2020-06-10 13:14:17] generateOTP.INFO: test [] []
[2020-06-10 13:15:50] generateOTP.INFO: test [] []
[2020-06-10 13:15:50] generateOTP.INFO: test [] []
[2020-06-10 13:15:51] generateOTP.INFO: test [] []
[2020-06-10 13:16:00] generateOTP.INFO: test [] []
[2020-06-10 13:16:07] generateOTP.INFO: test [] []
[2020-06-10 13:16:20] generateOTP.INFO: test [] []
[2020-06-10 13:16:28] generateOTP.INFO: test [] []
[2020-06-10 13:16:40] generateOTP.INFO: {"edit":"0","policy_no":"415","subtype_text":"1","sum_insure":"500000","familyConstruct":"2A+2K","businessType":"New","family_members_id":"0","family_gender":"Female","first_name":"fhdfgdg","last_name":"dgdg","family_date_birth":"26-06-1987","age":"33","age_type":"years","myGHD":{"B":{"remark":""},"D1":{"remark":""},"D2":{"remark":""},"D3":{"remark":""},"D4":{"remark":""},"E":{"remark":""}},"family_id":"","s_date":"","marriage_date":"","premium":"14489","policyNo":"415","familyDataType":"family_construct","declare":"[]"} [] []
[2020-06-10 13:16:56] generateOTP.INFO: {"edit":"0","policy_no":"415","subtype_text":"1","sum_insure":"500000","familyConstruct":"2A+2K","businessType":"New","family_members_id":"1","family_gender":"Male","first_name":"v","last_name":"cxv","family_date_birth":"20-06-1974","age":"46","age_type":"years","myGHD":{"B":{"remark":""},"D1":{"remark":""},"D2":{"remark":""},"D3":{"remark":""},"D4":{"remark":""},"E":{"remark":""}},"family_id":"","s_date":"","marriage_date":"","premium":"14489","policyNo":"415","familyDataType":"family_construct","declare":"[]"} [] []
[2020-06-10 13:17:04] generateOTP.INFO: test [] []
[2020-06-10 13:17:04] generateOTP.INFO: test [] []
[2020-06-10 13:17:04] generateOTP.INFO: test [] []
[2020-06-10 13:17:17] generateOTP.INFO: test [] []
[2020-06-10 13:17:32] generateOTP.INFO: test [] []
[2020-06-10 13:17:35] generateOTP.INFO: test [] []
[2020-06-10 13:17:35] generateOTP.INFO: test [] []
[2020-06-10 13:17:55] generateOTP.INFO: test [] []
[2020-06-10 13:18:14] generateOTP.INFO: test [] []
[2020-06-10 13:20:17] generateOTP.INFO: test [] []
[2020-06-10 13:20:18] generateOTP.INFO: test [] []
[2020-06-10 13:20:18] generateOTP.INFO: test [] []
[2020-06-10 13:20:41] generateOTP.INFO: test [] []
[2020-06-10 13:21:00] generateOTP.INFO: test [] []
[2020-06-10 13:21:00] generateOTP.INFO: test [] []
[2020-06-10 13:21:11] generateOTP.INFO: test [] []
[2020-06-10 13:21:22] generateOTP.INFO: test [] []
[2020-06-10 13:21:35] generateOTP.INFO: {"edit":"0","policy_no":"415","subtype_text":"1","sum_insure":"500000","familyConstruct":"2A+2K","businessType":"New","family_members_id":"0","family_gender":"Female","first_name":"sdsd","last_name":"sdsdsd","family_date_birth":"04-06-2020","age":"6","age_type":"days","myGHD":{"B":{"remark":""},"D1":{"remark":""},"D2":{"remark":""},"D3":{"remark":""},"D4":{"remark":""},"E":{"remark":""}},"family_id":"","s_date":"","marriage_date":"","premium":"14489","policyNo":"415","familyDataType":"family_construct","declare":"[]"} [] []
[2020-06-10 13:21:47] generateOTP.INFO: {"edit":"0","policy_no":"415","subtype_text":"1","sum_insure":"500000","familyConstruct":"2A+2K","businessType":"New","family_members_id":"0","family_gender":"Female","first_name":"sdsd","last_name":"sdsdsd","family_date_birth":"26-06-1980","age":"40","age_type":"years","myGHD":{"B":{"remark":""},"D1":{"remark":""},"D2":{"remark":""},"D3":{"remark":""},"D4":{"remark":""},"E":{"remark":""}},"family_id":"","s_date":"","marriage_date":"","premium":"14489","policyNo":"415","familyDataType":"family_construct","declare":"[]"} [] []
[2020-06-10 13:22:08] generateOTP.INFO: {"edit":"0","policy_no":"415","subtype_text":"1","sum_insure":"500000","familyConstruct":"2A+2K","businessType":"New","family_members_id":"1","family_gender":"Male","first_name":"vcx","last_name":"xcv","family_date_birth":"27-06-1996","age":"24","age_type":"years","myGHD":{"B":{"remark":""},"D1":{"remark":""},"D2":{"remark":""},"D3":{"remark":""},"D4":{"remark":""},"E":{"remark":""}},"family_id":"","s_date":"","marriage_date":"","premium":"14489","policyNo":"415","familyDataType":"family_construct","declare":"[]"} [] []
[2020-06-10 13:22:08] generateOTP.INFO: test [] []
[2020-06-10 13:22:22] generateOTP.INFO: {"edit":"0","policy_no":"415","subtype_text":"1","sum_insure":"500000","familyConstruct":"2A+2K","businessType":"New","family_members_id":"2","family_gender":"Male","first_name":"xv","last_name":"xcv","family_date_birth":"16-06-2016","age":"4","age_type":"years","myGHD":{"B":{"remark":""},"D1":{"remark":""},"D2":{"remark":""},"D3":{"remark":""},"D4":{"remark":""},"E":{"remark":""}},"family_id":"","s_date":"","marriage_date":"","premium":"14489","policyNo":"415","familyDataType":"family_construct","declare":"[]"} [] []
[2020-06-10 13:23:01] generateOTP.INFO: test [] []
[2020-06-10 13:23:44] generateOTP.INFO: test [] []
[2020-06-10 13:24:37] generateOTP.INFO: test [] []
[2020-06-10 13:25:07] generateOTP.INFO: test [] []
[2020-06-10 13:26:42] generateOTP.INFO: test [] []
[2020-06-10 13:27:58] generateOTP.INFO: test [] []
[2020-06-10 13:29:36] generateOTP.INFO: test [] []
[2020-06-10 13:30:24] generateOTP.INFO: test [] []
[2020-06-10 13:31:10] generateOTP.INFO: test [] []
[2020-06-10 13:31:11] generateOTP.INFO: test [] []
[2020-06-10 13:31:25] generateOTP.INFO: test [] []
[2020-06-10 13:31:26] generateOTP.INFO: test [] []
[2020-06-10 13:31:38] generateOTP.INFO: test [] []
[2020-06-10 13:31:45] generateOTP.INFO: test [] []
[2020-06-10 13:32:12] generateOTP.INFO: test [] []
[2020-06-10 13:34:11] generateOTP.INFO: test [] []
[2020-06-10 13:34:33] generateOTP.INFO: test [] []
[2020-06-10 13:34:44] generateOTP.INFO: test [] []
[2020-06-10 13:35:21] generateOTP.INFO: test [] []
[2020-06-10 13:35:30] generateOTP.INFO: test [] []
[2020-06-10 13:35:31] generateOTP.INFO: test [] []
[2020-06-10 13:35:49] generateOTP.INFO: test [] []
[2020-06-10 13:36:00] generateOTP.INFO: test [] []
[2020-06-10 13:36:28] generateOTP.INFO: {"edit":"0","policy_no":"415","subtype_text":"1","sum_insure":"500000","familyConstruct":"2A+2K","businessType":"New","family_members_id":"2","family_gender":"Male","first_name":"c","last_name":"xc","family_date_birth":"01-06-2017","age":"3","age_type":"years","myGHD":{"B":{"remark":""},"D1":{"remark":""},"D2":{"remark":""},"D3":{"remark":""},"D4":{"remark":""},"E":{"remark":""}},"family_id":"","s_date":"","marriage_date":"","premium":"undefined","policyNo":"415","familyDataType":"family_construct","declare":"[]"} [] []
[2020-06-10 13:36:50] generateOTP.INFO: {"edit":"0","policy_no":"415","subtype_text":"1","sum_insure":"500000","familyConstruct":"2A+2K","businessType":"New","family_members_id":"2","family_gender":"Male","first_name":"cccv","last_name":"xccv","family_date_birth":"16-06-2017","age":"3","age_type":"years","myGHD":{"B":{"remark":""},"D1":{"remark":""},"D2":{"remark":""},"D3":{"remark":""},"D4":{"remark":""},"E":{"remark":""}},"family_id":"","s_date":"","marriage_date":"","premium":"undefined","policyNo":"415","familyDataType":"family_construct","declare":"[]"} [] []
[2020-06-10 13:37:20] generateOTP.INFO: test [] []
[2020-06-10 13:37:23] generateOTP.INFO: {"edit":"101","policy_no":"415","subtype_text":"1","sum_insure":"500000","familyConstruct":"2A+2K","businessType":"New","family_members_id":"2","family_gender":"Male","first_name":"c","last_name":"xc","family_date_birth":"01-06-2017","age":"3","age_type":"years","myGHD":{"B":{"remark":""},"D1":{"remark":""},"D2":{"remark":""},"D3":{"remark":""},"D4":{"remark":""},"E":{"remark":""}},"family_id":"","s_date":"","marriage_date":"","premium":"14489","policyNo":"415","familyDataType":"family_construct","declare":"[]"} [] []
[2020-06-10 13:37:33] generateOTP.INFO: {"edit":"102","policy_no":"415","subtype_text":"1","sum_insure":"500000","familyConstruct":"2A+2K","businessType":"New","family_members_id":"2","family_gender":"Male","first_name":"c","last_name":"xc","family_date_birth":"01-06-2017","age":"3","age_type":"years","myGHD":{"B":{"remark":""},"D1":{"remark":""},"D2":{"remark":""},"D3":{"remark":""},"D4":{"remark":""},"E":{"remark":""}},"family_id":"","s_date":"","marriage_date":"","premium":"14489","policyNo":"415","familyDataType":"family_construct","declare":"[]"} [] []
[2020-06-10 13:37:40] generateOTP.INFO: test [] []
[2020-06-10 13:37:42] generateOTP.INFO: test [] []
[2020-06-10 13:37:53] generateOTP.INFO: test [] []
[2020-06-10 13:38:44] generateOTP.INFO: test [] []
[2020-06-10 13:39:10] generateOTP.INFO: {"edit":"0","policy_no":"415","subtype_text":"1","sum_insure":"500000","familyConstruct":"2A+2K","businessType":"New","family_members_id":"0","family_gender":"Female","first_name":"sdsd","last_name":"sdsdsd","family_date_birth":"04-06-2020","age":"6","age_type":"days","myGHD":{"B":{"remark":""},"D1":{"remark":""},"D2":{"remark":""},"D3":{"remark":""},"D4":{"remark":""},"E":{"remark":""}},"family_id":"","s_date":"","marriage_date":"","premium":"14489","policyNo":"415","familyDataType":"family_construct","declare":"[]"} [] []
[2020-06-10 13:39:24] generateOTP.INFO: test [] []
[2020-06-10 13:39:55] generateOTP.INFO: {"edit":"0","policy_no":"415","subtype_text":"1","sum_insure":"500000","familyConstruct":"2A+2K","businessType":"New","family_members_id":"0","family_gender":"Female","first_name":"sdsd","last_name":"sdsdsd","family_date_birth":"04-06-2020","age":"6","age_type":"days","myGHD":{"B":{"remark":""},"D1":{"remark":""},"D2":{"remark":""},"D3":{"remark":""},"D4":{"remark":""},"E":{"remark":""}},"family_id":"","s_date":"","marriage_date":"","premium":"14489","policyNo":"415","familyDataType":"family_construct","declare":"[]"} [] []
[2020-06-10 13:40:07] generateOTP.INFO: test [] []
[2020-06-10 13:41:52] generateOTP.INFO: test [] []
[2020-06-10 13:41:53] generateOTP.INFO: test [] []
[2020-06-10 13:42:03] generateOTP.INFO: test [] []
[2020-06-10 13:42:08] generateOTP.INFO: test [] []
[2020-06-10 13:42:32] generateOTP.INFO: {"edit":"0","policy_no":"415","subtype_text":"1","sum_insure":"500000","familyConstruct":"1A","businessType":"New","family_members_id":"0","family_gender":"Female","first_name":"sdsd","last_name":"sdsdsd","family_date_birth":"04-06-2020","age":"6","age_type":"days","myGHD":{"B":{"remark":""},"D1":{"remark":""},"D2":{"remark":""},"D3":{"remark":""},"D4":{"remark":""},"E":{"remark":""}},"family_id":"","s_date":"","marriage_date":"","premium":"7605","policyNo":"415","familyDataType":"family_construct","declare":"[]"} [] []
[2020-06-10 13:43:23] generateOTP.INFO: test [] []
[2020-06-10 13:43:27] generateOTP.INFO: test [] []
[2020-06-10 13:43:59] generateOTP.INFO: test [] []
[2020-06-10 13:46:07] generateOTP.INFO: test [] []
[2020-06-10 13:47:11] generateOTP.INFO: test [] []
[2020-06-10 13:47:25] generateOTP.INFO: {"edit":"0","policy_no":"415","subtype_text":"1","sum_insure":"500000","familyConstruct":"2A+2K","businessType":"New","family_members_id":"0","family_gender":"Female","first_name":"sdsd","last_name":"sdsdsd","family_date_birth":"04-06-2020","age":"6","age_type":"days","myGHD":{"B":{"remark":""},"D1":{"remark":""},"D2":{"remark":""},"D3":{"remark":""},"D4":{"remark":""},"E":{"remark":""}},"family_id":"","s_date":"","marriage_date":"","premium":"14489","policyNo":"415","familyDataType":"family_construct","declare":"[]"} [] []
[2020-06-10 14:07:19] generateOTP.INFO: test [] []
[2020-06-10 14:07:21] generateOTP.INFO: test [] []
[2020-06-10 14:07:25] generateOTP.INFO: test [] []
[2020-06-10 14:17:29] generateOTP.INFO: test [] []
[2020-06-10 14:17:49] generateOTP.INFO: test [] []
[2020-06-10 14:17:50] generateOTP.INFO: test [] []
[2020-06-10 14:18:11] generateOTP.INFO: test [] []
[2020-06-10 14:18:12] generateOTP.INFO: test [] []
[2020-06-10 14:18:15] generateOTP.INFO: test [] []
[2020-06-10 14:18:21] generateOTP.INFO: test [] []
[2020-06-10 14:18:24] generateOTP.INFO: test [] []
[2020-06-10 14:18:25] generateOTP.INFO: test [] []
[2020-06-10 14:19:01] generateOTP.INFO: test [] []
[2020-06-10 14:19:35] generateOTP.INFO: {"edit":"0","policy_no":"415","subtype_text":"1","sum_insure":"500000","familyConstruct":"2A+2K","businessType":"New","family_members_id":"0","family_gender":"Male","first_name":"testttt","last_name":"testtt","family_date_birth":"01-06-1970","age":"50","age_type":"years","myGHD":{"B":{"remark":""},"D1":{"remark":""},"D2":{"remark":""},"D3":{"remark":""},"D4":{"remark":""},"E":{"remark":""}},"family_id":"","s_date":"","marriage_date":"","premium":"14489","policyNo":"415","familyDataType":"family_construct","declare":"[]"} [] []
[2020-06-10 14:19:52] generateOTP.INFO: {"edit":"0","policy_no":"415","subtype_text":"1","sum_insure":"500000","familyConstruct":"2A+2K","businessType":"New","family_members_id":"1","family_gender":"Female","first_name":"ascdsx","last_name":"asxasx","family_date_birth":"01-06-2008","age":"12","age_type":"years","myGHD":{"B":{"remark":""},"D1":{"remark":""},"D2":{"remark":""},"D3":{"remark":""},"D4":{"remark":""},"E":{"remark":""}},"family_id":"","s_date":"","marriage_date":"","premium":"14489","policyNo":"415","familyDataType":"family_construct","declare":"[]"} [] []
[2020-06-10 14:20:03] generateOTP.INFO: {"edit":"0","policy_no":"415","subtype_text":"1","sum_insure":"500000","familyConstruct":"2A+2K","businessType":"New","family_members_id":"1","family_gender":"Female","first_name":"ascdsx","last_name":"asxasx","family_date_birth":"01-06-2000","age":"20","age_type":"years","myGHD":{"B":{"remark":""},"D1":{"remark":""},"D2":{"remark":""},"D3":{"remark":""},"D4":{"remark":""},"E":{"remark":""}},"family_id":"","s_date":"","marriage_date":"","premium":"14489","policyNo":"415","familyDataType":"family_construct","declare":"[]"} [] []
[2020-06-10 14:20:15] generateOTP.INFO: {"edit":"0","policy_no":"415","subtype_text":"1","sum_insure":"500000","familyConstruct":"2A+2K","businessType":"New","family_members_id":"2","family_gender":"Male","first_name":"axsaX","last_name":"AXaxa","family_date_birth":"01-06-2018","age":"2","age_type":"years","myGHD":{"B":{"remark":""},"D1":{"remark":""},"D2":{"remark":""},"D3":{"remark":""},"D4":{"remark":""},"E":{"remark":""}},"family_id":"","s_date":"","marriage_date":"","premium":"14489","policyNo":"415","familyDataType":"family_construct","declare":"[]"} [] []
[2020-06-10 14:20:26] generateOTP.INFO: test [] []
[2020-06-10 14:20:29] generateOTP.INFO: {"edit":"0","policy_no":"415","subtype_text":"1","sum_insure":"500000","familyConstruct":"2A+2K","businessType":"New","family_members_id":"2","family_gender":"Male","first_name":"asxasx","last_name":"AXaxasxasxa","family_date_birth":"01-06-2017","age":"3","age_type":"years","myGHD":{"B":{"remark":""},"D1":{"remark":""},"D2":{"remark":""},"D3":{"remark":""},"D4":{"remark":""},"E":{"remark":""}},"family_id":"","s_date":"","marriage_date":"","premium":"14489","policyNo":"415","familyDataType":"family_construct","declare":"[]"} [] []
[2020-06-10 14:23:26] generateOTP.INFO: test [] []
[2020-06-10 14:23:30] generateOTP.INFO: test [] []
[2020-06-10 14:23:31] generateOTP.INFO: test [] []
[2020-06-10 14:23:42] generateOTP.INFO: test [] []
[2020-06-10 14:23:51] generateOTP.INFO: test [] []
[2020-06-10 14:23:58] generateOTP.INFO: test [] []
[2020-06-10 14:24:06] generateOTP.INFO: test [] []
[2020-06-10 14:24:12] generateOTP.INFO: test [] []
[2020-06-10 14:24:14] generateOTP.INFO: test [] []
[2020-06-10 14:25:49] generateOTP.INFO: test [] []
[2020-06-10 14:25:54] generateOTP.INFO: test [] []
[2020-06-10 14:25:55] generateOTP.INFO: test [] []
[2020-06-10 14:26:16] generateOTP.INFO: {"edit":"0","policy_no":"415","subtype_text":"1","sum_insure":"500000","familyConstruct":"2A+2K","businessType":"New","family_members_id":"3","family_gender":"Female","first_name":"rgevgfref","last_name":"frwefw","family_date_birth":"01-06-2015","age":"5","age_type":"years","myGHD":{"B":{"remark":""},"D1":{"remark":""},"D2":{"remark":""},"D3":{"remark":""},"D4":{"remark":""},"E":{"remark":""}},"family_id":"","s_date":"","marriage_date":"","premium":"14489","policyNo":"415","familyDataType":"family_construct","declare":"[]"} [] []
[2020-06-10 14:26:27] generateOTP.INFO: {"edit":"0","policy_no":"415","subtype_text":"1","sum_insure":"500000","familyConstruct":"2A+2K","businessType":"New","family_members_id":"3","family_gender":"Female","first_name":"rgevgfrefewfw","last_name":"frwefw","family_date_birth":"01-06-2015","age":"5","age_type":"years","myGHD":{"B":{"remark":""},"D1":{"remark":""},"D2":{"remark":""},"D3":{"remark":""},"D4":{"remark":""},"E":{"remark":""}},"family_id":"","s_date":"","marriage_date":"","premium":"14489","policyNo":"415","familyDataType":"family_construct","declare":"[]"} [] []
[2020-06-10 14:26:34] generateOTP.INFO: test [] []
[2020-06-10 14:27:03] generateOTP.INFO: test [] []
[2020-06-10 14:27:44] generateOTP.INFO: test [] []
[2020-06-10 14:27:46] generateOTP.INFO: test [] []
[2020-06-10 14:27:47] generateOTP.INFO: test [] []
[2020-06-10 14:27:59] generateOTP.INFO: test [] []
[2020-06-10 14:28:01] generateOTP.INFO: test [] []
[2020-06-10 14:28:09] generateOTP.INFO: test [] []
[2020-06-10 14:29:57] generateOTP.INFO: test [] []
[2020-06-10 14:30:12] generateOTP.INFO: test [] []
[2020-06-10 14:33:27] generateOTP.INFO: test [] []
[2020-06-10 15:33:08] generateOTP.INFO: test [] []
[2020-06-10 15:33:11] generateOTP.INFO: test [] []
[2020-06-10 15:33:17] generateOTP.INFO: test [] []
[2020-06-10 15:33:44] generateOTP.INFO: test [] []
[2020-06-10 15:33:50] generateOTP.INFO: test [] []
[2020-06-10 15:35:53] generateOTP.INFO: test [] []
[2020-06-10 15:37:01] generateOTP.INFO: test [] []
[2020-06-10 15:37:09] generateOTP.INFO: test [] []
[2020-06-10 15:37:15] generateOTP.INFO: test [] []
[2020-06-10 15:44:05] generateOTP.INFO: test [] []
[2020-06-10 15:44:05] generateOTP.INFO: test [] []
[2020-06-10 15:44:06] generateOTP.INFO: test [] []
[2020-06-10 15:44:53] generateOTP.INFO: test [] []
[2020-06-10 15:44:54] generateOTP.INFO: test [] []
[2020-06-10 15:45:02] generateOTP.INFO: test [] []
[2020-06-10 15:45:14] generateOTP.INFO: test [] []
[2020-06-10 15:46:13] generateOTP.INFO: {"edit":"0","policy_no":"392,393","subtype_text":"1","sum_insure":"500000","familyConstruct":"1A","tenure":"1 Year","family_members_id":"1","family_gender":"Female","first_name":"cxv","last_name":"cxv","family_date_birth":"19-06-1974","age":"45","age_type":"years","family_id":"","s_date":"","marriage_date":"","premium":"8399.9952","policyNo":"392,393","familyDataType":"undefined","empId":"620444","product":"iWL65dcd54d9c5a65","declare":"[]"} [] []
[2020-06-10 15:46:33] documentsSave.INFO: {"ops_type":"[]","ids":"40,41"} [] []
[2020-06-10 15:46:33] documentsSaveFiles.INFO: [] [] []
[2020-06-10 15:57:46] generateOTP.INFO: test [] []
[2020-06-10 15:58:42] generateOTP.INFO: {"edit":"0","policy_no":"392,393","subtype_text":"1","sum_insure":"500000","familyConstruct":"1A","tenure":"1 Year","family_members_id":"0","family_gender":"Male","first_name":"test","last_name":"BANKING","family_date_birth":"19-12-1988","age":"31","age_type":"years","family_id":"","s_date":"","marriage_date":"","premium":"8399.9952","policyNo":"392,393","familyDataType":"undefined","empId":"620410","product":"iWL65dcd54d9c5a65","declare":"[]"} [] []
[2020-06-10 16:00:35] documentsSave.INFO: {"ops_type":"[\"0\",\"Y\"]","ids":"42,43"} [] []
[2020-06-10 16:00:35] documentsSaveFiles.INFO: [{"name":"Screenshot (1).png","type":"image\/png","tmp_name":"\/tmp\/phpqLpvbc","error":0,"size":100388},{"name":"Screenshot (1).png","type":"image\/png","tmp_name":"\/tmp\/phpLw5knp","error":0,"size":100388}] [] []
[2020-06-10 16:02:28] generateOTP.INFO: test [] []
[2020-06-10 16:06:55] generateOTP.INFO: test [] []
[2020-06-10 16:07:54] generateOTP.INFO: test [] []
[2020-06-10 16:30:55] generateOTP.INFO: test [] []
[2020-06-10 16:30:57] generateOTP.INFO: test [] []
[2020-06-10 16:30:57] generateOTP.INFO: test [] []
[2020-06-10 16:31:06] generateOTP.INFO: test [] []
[2020-06-10 16:45:51] generateOTP.INFO: test [] []
[2020-06-10 16:45:59] generateOTP.INFO: test [] []
[2020-06-10 16:48:15] generateOTP.INFO: test [] []
[2020-06-10 16:48:16] generateOTP.INFO: test [] []
[2020-06-10 16:48:26] generateOTP.INFO: test [] []
[2020-06-10 16:49:10] generateOTP.INFO: test [] []
[2020-06-10 16:49:26] generateOTP.INFO: {"edit":"0","policy_no":"415","subtype_text":"1","sum_insure":"500000","familyConstruct":"1A","businessType":"New","family_members_id":"0","family_gender":"Male","first_name":"sonali","last_name":"wagh","family_date_birth":"24-06-1982","age":"38","age_type":"years","myGHD":{"B":{"remark":""},"D1":{"remark":""},"D2":{"remark":""},"D3":{"remark":""},"D4":{"remark":""},"E":{"remark":""}},"family_id":"","s_date":"","marriage_date":"","premium":"7605","policyNo":"415","familyDataType":"family_construct","declare":"[]"} [] []
[2020-06-10 16:51:01] generateOTP.INFO: test [] []
[2020-06-10 16:51:05] generateOTP.INFO: test [] []
[2020-06-10 16:51:44] generateOTP.INFO: test [] []
[2020-06-10 16:52:07] generateOTP.INFO: {"edit":"0","policy_no":"415","subtype_text":"1","sum_insure":"500000","familyConstruct":"1A","businessType":"New","family_members_id":"0","family_gender":"Male","first_name":"abhijit","last_name":"wagh","family_date_birth":"21-06-1984","age":"36","age_type":"years","myGHD":{"B":{"remark":""},"D1":{"remark":""},"D2":{"remark":""},"D3":{"remark":""},"D4":{"remark":""},"E":{"remark":""}},"family_id":"","s_date":"","marriage_date":"","premium":"7605","policyNo":"415","familyDataType":"family_construct","declare":"[]"} [] []
[2020-06-10 16:52:26] generateOTP.INFO: test [] []
[2020-06-10 16:55:00] generateOTP.INFO: test [] []
[2020-06-10 16:55:09] generateOTP.INFO: test [] []
[2020-06-10 16:56:01] generateOTP.INFO: test [] []
[2020-06-10 16:59:43] generateOTP.INFO: test [] []
[2020-06-10 17:01:58] generateOTP.INFO: test [] []
[2020-06-10 17:03:03] generateOTP.INFO: test [] []
[2020-06-10 17:03:33] generateOTP.INFO: test [] []
[2020-06-10 17:04:28] generateOTP.INFO: test [] []
[2020-06-10 17:06:47] generateOTP.INFO: test [] []
[2020-06-10 17:07:03] generateOTP.INFO: test [] []
[2020-06-10 17:07:04] generateOTP.INFO: test [] []
[2020-06-10 17:07:11] generateOTP.INFO: test [] []
[2020-06-10 17:08:05] generateOTP.INFO: test [] []
[2020-06-10 17:10:04] generateOTP.INFO: test [] []
[2020-06-10 17:12:21] generateOTP.INFO: test [] []
[2020-06-10 17:12:33] generateOTP.INFO: test [] []
[2020-06-10 17:12:43] generateOTP.INFO: test [] []
[2020-06-10 17:13:15] generateOTP.INFO: test [] []
[2020-06-10 17:15:43] generateOTP.INFO: test [] []
[2020-06-10 17:18:22] generateOTP.INFO: test [] []
[2020-06-10 17:18:37] generateOTP.INFO: test [] []
[2020-06-10 17:23:35] generateOTP.INFO: test [] []
[2020-06-10 17:23:36] generateOTP.INFO: test [] []
[2020-06-10 17:23:36] generateOTP.INFO: test [] []
[2020-06-10 17:23:41] generateOTP.INFO: test [] []
[2020-06-10 17:25:43] generateOTP.INFO: test [] []
[2020-06-10 17:28:31] generateOTP.INFO: test [] []
[2020-06-10 17:36:55] generateOTP.INFO: test [] []
[2020-06-10 17:36:57] generateOTP.INFO: test [] []
[2020-06-10 17:37:09] generateOTP.INFO: test [] []
[2020-06-10 17:37:12] generateOTP.INFO: test [] []
[2020-06-10 17:37:21] generateOTP.INFO: test [] []
[2020-06-10 17:37:21] generateOTP.INFO: test [] []
[2020-06-10 17:37:34] generateOTP.INFO: test [] []
[2020-06-10 17:37:37] generateOTP.INFO: test [] []
[2020-06-10 17:37:55] generateOTP.INFO: test [] []
[2020-06-10 17:37:58] generateOTP.INFO: test [] []
[2020-06-10 17:38:04] generateOTP.INFO: test [] []
[2020-06-10 17:38:24] generateOTP.INFO: test [] []
[2020-06-10 17:38:25] generateOTP.INFO: test [] []
[2020-06-10 17:38:32] generateOTP.INFO: test [] []
[2020-06-10 17:38:32] generateOTP.INFO: test [] []
[2020-06-10 17:38:34] generateOTP.INFO: test [] []
[2020-06-10 17:38:34] generateOTP.INFO: test [] []
[2020-06-10 17:38:35] generateOTP.INFO: test [] []
[2020-06-10 17:38:35] generateOTP.INFO: test [] []
[2020-06-10 17:38:36] generateOTP.INFO: test [] []
[2020-06-10 17:38:38] generateOTP.INFO: test [] []
[2020-06-10 17:38:38] generateOTP.INFO: test [] []
[2020-06-10 17:38:47] generateOTP.INFO: test [] []
[2020-06-10 17:46:27] generateOTP.INFO: test [] []
[2020-06-10 17:46:28] generateOTP.INFO: test [] []
[2020-06-10 17:46:36] generateOTP.INFO: test [] []
[2020-06-10 17:46:40] generateOTP.INFO: test [] []
[2020-06-10 17:48:27] generateOTP.INFO: test [] []
[2020-06-10 17:48:33] generateOTP.INFO: test [] []
[2020-06-10 17:48:36] generateOTP.INFO: test [] []
[2020-06-10 17:48:42] generateOTP.INFO: test [] []
[2020-06-10 17:51:31] generateOTP.INFO: test [] []
[2020-06-10 17:51:36] generateOTP.INFO: test [] []
[2020-06-10 17:51:41] generateOTP.INFO: test [] []
[2020-06-10 17:52:29] generateOTP.INFO: test [] []
[2020-06-10 17:54:31] generateOTP.INFO: test [] []
[2020-06-10 17:54:37] generateOTP.INFO: test [] []
[2020-06-10 17:54:48] generateOTP.INFO: test [] []
[2020-06-10 17:55:34] generateOTP.INFO: test [] []
[2020-06-10 17:58:02] generateOTP.INFO: test [] []
[2020-06-10 17:58:40] generateOTP.INFO: test [] []
[2020-06-10 17:58:52] generateOTP.INFO: test [] []
[2020-06-10 17:59:03] generateOTP.INFO: test [] []
[2020-06-10 17:59:10] generateOTP.INFO: test [] []
[2020-06-10 17:59:20] generateOTP.INFO: test [] []
[2020-06-10 18:21:30] generateOTP.INFO: test [] []
[2020-06-10 18:21:32] generateOTP.INFO: test [] []
[2020-06-10 18:21:35] generateOTP.INFO: test [] []
[2020-06-10 18:21:57] generateOTP.INFO: test [] []
[2020-06-10 18:22:37] generateOTP.INFO: test [] []
[2020-06-10 18:22:39] generateOTP.INFO: test [] []
[2020-06-10 18:22:40] generateOTP.INFO: test [] []
[2020-06-10 18:23:28] generateOTP.INFO: test [] []
[2020-06-10 18:23:49] generateOTP.INFO: test [] []
[2020-06-10 18:24:40] generateOTP.INFO: test [] []
[2020-06-10 18:24:58] generateOTP.INFO: test [] []
[2020-06-10 18:25:41] generateOTP.INFO: test [] []
[2020-06-10 18:28:06] generateOTP.INFO: test [] []
[2020-06-10 18:28:07] generateOTP.INFO: test [] []
[2020-06-10 18:28:19] generateOTP.INFO: test [] []
[2020-06-10 18:54:51] generateOTP.INFO: test [] []
[2020-06-10 18:54:54] generateOTP.INFO: test [] []
[2020-06-10 18:54:56] generateOTP.INFO: test [] []
[2020-06-10 18:54:56] generateOTP.INFO: test [] []
[2020-06-10 18:55:11] generateOTP.INFO: test [] []
[2020-06-10 18:55:14] generateOTP.INFO: test [] []
[2020-06-10 19:02:18] generateOTP.INFO: test [] []
[2020-06-10 19:02:18] generateOTP.INFO: test [] []
[2020-06-10 19:02:19] generateOTP.INFO: test [] []
[2020-06-10 19:03:10] generateOTP.INFO: test [] []
[2020-06-10 19:03:11] generateOTP.INFO: test [] []
[2020-06-10 19:03:16] generateOTP.INFO: test [] []
[2020-06-10 19:03:19] generateOTP.INFO: test [] []
[2020-06-10 19:16:09] generateOTP.INFO: test [] []
[2020-06-10 19:16:09] generateOTP.INFO: test [] []
[2020-06-10 19:16:10] generateOTP.INFO: test [] []
[2020-06-10 19:16:11] generateOTP.INFO: test [] []
[2020-06-10 19:16:14] generateOTP.INFO: test [] []
[2020-06-10 19:16:18] generateOTP.INFO: test [] []
[2020-06-10 19:39:54] generateOTP.INFO: test [] []
[2020-06-10 20:38:49] generateOTP.INFO: test [] []
[2020-06-10 20:38:51] generateOTP.INFO: test [] []
