[2020-09-11 10:22:26] generateOTP.INFO: test [] []
[2020-09-11 10:23:49] generateOTP.INFO: test [] []
[2020-09-11 10:24:34] generateOTP.INFO: test [] []
[2020-09-11 10:24:36] generateOTP.INFO: test [] []
[2020-09-11 10:25:08] generateOTP.INFO: test [] []
[2020-09-11 10:25:10] generateOTP.INFO: test [] []
[2020-09-11 10:25:28] generateOTP.INFO: test [] []
[2020-09-11 10:25:29] generateOTP.INFO: test [] []
[2020-09-11 10:26:49] generateOTP.INFO: test [] []
[2020-09-11 10:26:51] generateOTP.INFO: test [] []
[2020-09-11 10:29:27] generateOTP.INFO: test [] []
[2020-09-11 10:29:30] generateOTP.INFO: test [] []
[2020-09-11 10:29:48] generateOTP.INFO: test [] []
[2020-09-11 10:29:49] generateOTP.INFO: test [] []
[2020-09-11 10:29:50] generateOTP.INFO: test [] []
[2020-09-11 10:29:52] generateOTP.INFO: test [] []
[2020-09-11 10:30:03] generateOTP.INFO: test [] []
[2020-09-11 10:30:09] generateOTP.INFO: test [] []
[2020-09-11 10:30:22] generateOTP.INFO: test [] []
[2020-09-11 10:30:39] generateOTP.INFO: test [] []
[2020-09-11 10:31:11] generateOTP.INFO: test [] []
[2020-09-11 10:32:00] generateOTP.INFO: test [] []
[2020-09-11 10:32:31] generateOTP.INFO: test [] []
[2020-09-11 10:32:32] generateOTP.INFO: test [] []
[2020-09-11 10:32:38] generateOTP.INFO: test [] []
[2020-09-11 10:33:24] generateOTP.INFO: test [] []
[2020-09-11 10:33:25] generateOTP.INFO: test [] []
[2020-09-11 10:33:47] generateOTP.INFO: test [] []
[2020-09-11 10:33:48] generateOTP.INFO: test [] []
[2020-09-11 10:33:55] generateOTP.INFO: test [] []
[2020-09-11 10:33:56] generateOTP.INFO: test [] []
[2020-09-11 10:34:31] generateOTP.INFO: test [] []
[2020-09-11 10:34:31] generateOTP.INFO: test [] []
[2020-09-11 10:35:06] generateOTP.INFO: test [] []
[2020-09-11 10:35:07] generateOTP.INFO: test [] []
[2020-09-11 10:37:05] generateOTP.INFO: test [] []
[2020-09-11 10:37:08] generateOTP.INFO: test [] []
[2020-09-11 10:37:10] generateOTP.INFO: test [] []
[2020-09-11 10:37:23] generateOTP.INFO: test [] []
[2020-09-11 10:37:28] generateOTP.INFO: test [] []
[2020-09-11 10:37:38] generateOTP.INFO: test [] []
[2020-09-11 10:41:48] generateOTP.INFO: test [] []
[2020-09-11 10:42:17] generateOTP.INFO: test [] []
[2020-09-11 10:50:17] generateOTP.INFO: test [] []
[2020-09-11 10:50:47] generateOTP.INFO: test [] []
[2020-09-11 10:51:53] generateOTP.INFO: test [] []
[2020-09-11 10:52:57] generateOTP.INFO: test [] []
[2020-09-11 10:54:06] generateOTP.INFO: test [] []
[2020-09-11 10:55:13] generateOTP.INFO: test [] []
[2020-09-11 10:55:52] generateOTP.INFO: test [] []
[2020-09-11 10:56:29] generateOTP.INFO: test [] []
[2020-09-11 10:56:59] generateOTP.INFO: test [] []
[2020-09-11 10:57:32] generateOTP.INFO: test [] []
[2020-09-11 10:58:24] generateOTP.INFO: test [] []
[2020-09-11 10:58:52] generateOTP.INFO: test [] []
[2020-09-11 10:59:02] generateOTP.INFO: test [] []
[2020-09-11 10:59:08] generateOTP.INFO: test [] []
[2020-09-11 10:59:08] generateOTP.INFO: test [] []
[2020-09-11 10:59:23] generateOTP.INFO: test [] []
[2020-09-11 11:00:23] generateOTP.INFO: test [] []
[2020-09-11 11:00:25] generateOTP.INFO: test [] []
[2020-09-11 11:00:35] generateOTP.INFO: test [] []
[2020-09-11 11:00:43] generateOTP.INFO: test [] []
[2020-09-11 11:00:45] generateOTP.INFO: test [] []
[2020-09-11 11:00:57] generateOTP.INFO: test [] []
[2020-09-11 11:01:05] generateOTP.INFO: test [] []
[2020-09-11 11:01:07] generateOTP.INFO: test [] []
[2020-09-11 11:01:09] generateOTP.INFO: test [] []
[2020-09-11 11:01:11] generateOTP.INFO: test [] []
[2020-09-11 11:01:26] generateOTP.INFO: test [] []
[2020-09-11 11:01:31] generateOTP.INFO: test [] []
[2020-09-11 11:01:37] generateOTP.INFO: test [] []
[2020-09-11 11:01:55] generateOTP.INFO: test [] []
[2020-09-11 11:02:06] generateOTP.INFO: test [] []
[2020-09-11 11:02:07] generateOTP.INFO: test [] []
[2020-09-11 11:02:08] generateOTP.INFO: test [] []
[2020-09-11 11:03:08] generateOTP.INFO: test [] []
[2020-09-11 11:03:09] generateOTP.INFO: test [] []
[2020-09-11 11:03:10] generateOTP.INFO: test [] []
[2020-09-11 11:03:13] generateOTP.INFO: test [] []
[2020-09-11 11:03:23] generateOTP.INFO: test [] []
[2020-09-11 11:03:48] generateOTP.INFO: test [] []
[2020-09-11 11:05:29] generateOTP.INFO: test [] []
[2020-09-11 11:06:21] generateOTP.INFO: test [] []
[2020-09-11 11:07:03] generateOTP.INFO: test [] []
[2020-09-11 11:10:28] generateOTP.INFO: test [] []
[2020-09-11 11:10:57] generateOTP.INFO: test [] []
[2020-09-11 11:11:04] generateOTP.INFO: test [] []
[2020-09-11 11:11:44] generateOTP.INFO: test [] []
[2020-09-11 11:11:47] generateOTP.INFO: test [] []
[2020-09-11 11:12:59] generateOTP.INFO: test [] []
[2020-09-11 11:13:03] generateOTP.INFO: test [] []
[2020-09-11 11:13:31] generateOTP.INFO: test [] []
[2020-09-11 11:13:58] generateOTP.INFO: test [] []
[2020-09-11 11:14:00] generateOTP.INFO: test [] []
[2020-09-11 11:14:01] generateOTP.INFO: test [] []
[2020-09-11 11:14:01] generateOTP.INFO: test [] []
[2020-09-11 11:14:03] generateOTP.INFO: test [] []
[2020-09-11 11:14:15] generateOTP.INFO: test [] []
[2020-09-11 11:15:17] generateOTP.INFO: test [] []
[2020-09-11 11:18:42] generateOTP.INFO: test [] []
[2020-09-11 11:20:37] generateOTP.INFO: test [] []
[2020-09-11 11:21:20] generateOTP.INFO: test [] []
[2020-09-11 11:21:59] generateOTP.INFO: test [] []
[2020-09-11 11:22:37] generateOTP.INFO: test [] []
[2020-09-11 11:23:17] generateOTP.INFO: test [] []
[2020-09-11 11:23:42] generateOTP.INFO: test [] []
[2020-09-11 11:23:57] generateOTP.INFO: test [] []
[2020-09-11 11:24:35] generateOTP.INFO: test [] []
[2020-09-11 11:28:43] generateOTP.INFO: test [] []
[2020-09-11 11:29:34] generateOTP.INFO: test [] []
[2020-09-11 11:29:35] generateOTP.INFO: test [] []
[2020-09-11 11:29:38] generateOTP.INFO: test [] []
[2020-09-11 11:29:54] generateOTP.INFO: test [] []
[2020-09-11 11:30:19] generateOTP.INFO: test [] []
[2020-09-11 11:35:51] generateOTP.INFO: test [] []
[2020-09-11 11:36:32] generateOTP.INFO: test [] []
[2020-09-11 11:39:38] generateOTP.INFO: test [] []
[2020-09-11 11:39:40] generateOTP.INFO: test [] []
[2020-09-11 11:41:51] generateOTP.INFO: test [] []
[2020-09-11 11:41:52] generateOTP.INFO: test [] []
[2020-09-11 11:41:53] generateOTP.INFO: test [] []
[2020-09-11 11:41:54] generateOTP.INFO: test [] []
[2020-09-11 11:42:02] generateOTP.INFO: test [] []
[2020-09-11 11:42:06] generateOTP.INFO: test [] []
[2020-09-11 11:42:10] generateOTP.INFO: test [] []
[2020-09-11 11:42:33] generateOTP.INFO: test [] []
[2020-09-11 11:42:40] generateOTP.INFO: test [] []
[2020-09-11 11:44:02] generateOTP.INFO: test [] []
[2020-09-11 11:44:39] generateOTP.INFO: test [] []
[2020-09-11 11:44:44] generateOTP.INFO: test [] []
[2020-09-11 11:45:20] generateOTP.INFO: test [] []
[2020-09-11 11:47:40] generateOTP.INFO: test [] []
[2020-09-11 11:50:20] generateOTP.INFO: test [] []
[2020-09-11 11:51:00] generateOTP.INFO: test [] []
[2020-09-11 11:51:01] generateOTP.INFO: test [] []
[2020-09-11 11:51:12] generateOTP.INFO: test [] []
[2020-09-11 11:51:12] generateOTP.INFO: test [] []
[2020-09-11 11:51:22] generateOTP.INFO: test [] []
[2020-09-11 11:52:05] generateOTP.INFO: test [] []
[2020-09-11 11:56:55] generateOTP.INFO: test [] []
[2020-09-11 11:58:28] generateOTP.INFO: test [] []
[2020-09-11 11:58:53] generateOTP.INFO: test [] []
[2020-09-11 11:58:54] generateOTP.INFO: test [] []
[2020-09-11 11:58:55] generateOTP.INFO: test [] []
[2020-09-11 11:59:04] generateOTP.INFO: test [] []
[2020-09-11 11:59:28] generateOTP.INFO: test [] []
[2020-09-11 12:02:22] generateOTP.INFO: test [] []
[2020-09-11 12:02:31] generateOTP.INFO: test [] []
[2020-09-11 12:02:46] generateOTP.INFO: test [] []
[2020-09-11 12:04:34] generateOTP.INFO: test [] []
[2020-09-11 12:05:04] generateOTP.INFO: test [] []
[2020-09-11 12:06:54] generateOTP.INFO: test [] []
[2020-09-11 12:06:56] generateOTP.INFO: test [] []
[2020-09-11 12:06:56] generateOTP.INFO: test [] []
[2020-09-11 12:07:05] generateOTP.INFO: test [] []
[2020-09-11 12:09:19] generateOTP.INFO: test [] []
[2020-09-11 12:41:07] generateOTP.INFO: test [] []
[2020-09-11 12:41:07] generateOTP.INFO: test [] []
[2020-09-11 12:41:10] generateOTP.INFO: test [] []
[2020-09-11 12:41:20] generateOTP.INFO: test [] []
[2020-09-11 12:41:49] generateOTP.INFO: test [] []
[2020-09-11 12:41:58] generateOTP.INFO: test [] []
[2020-09-11 12:42:36] generateOTP.INFO: test [] []
[2020-09-11 12:42:56] generateOTP.INFO: test [] []
[2020-09-11 12:57:19] generateOTP.INFO: test [] []
[2020-09-11 12:57:20] generateOTP.INFO: test [] []
[2020-09-11 12:57:21] generateOTP.INFO: test [] []
[2020-09-11 12:57:22] generateOTP.INFO: test [] []
[2020-09-11 12:57:26] generateOTP.INFO: test [] []
[2020-09-11 12:57:27] generateOTP.INFO: test [] []
[2020-09-11 12:57:34] generateOTP.INFO: test [] []
[2020-09-11 12:57:42] generateOTP.INFO: test [] []
[2020-09-11 12:58:00] generateOTP.INFO: test [] []
[2020-09-11 12:58:17] generateOTP.INFO: test [] []
[2020-09-11 12:58:43] generateOTP.INFO: test [] []
[2020-09-11 12:58:55] generateOTP.INFO: test [] []
[2020-09-11 13:01:42] generateOTP.INFO: test [] []
[2020-09-11 13:01:43] generateOTP.INFO: test [] []
[2020-09-11 13:01:52] generateOTP.INFO: test [] []
[2020-09-11 13:02:11] generateOTP.INFO: test [] []
[2020-09-11 13:02:23] generateOTP.INFO: test [] []
[2020-09-11 13:02:24] generateOTP.INFO: test [] []
[2020-09-11 13:02:26] generateOTP.INFO: test [] []
[2020-09-11 13:02:37] generateOTP.INFO: test [] []
[2020-09-11 13:02:56] generateOTP.INFO: test [] []
[2020-09-11 13:02:57] generateOTP.INFO: test [] []
[2020-09-11 13:04:42] generateOTP.INFO: test [] []
[2020-09-11 13:06:32] generateOTP.INFO: test [] []
[2020-09-11 13:06:52] generateOTP.INFO: test [] []
[2020-09-11 13:08:46] generateOTP.INFO: test [] []
[2020-09-11 13:09:34] generateOTP.INFO: test [] []
[2020-09-11 13:25:13] generateOTP.INFO: test [] []
[2020-09-11 13:25:15] generateOTP.INFO: test [] []
[2020-09-11 13:25:43] generateOTP.INFO: test [] []
[2020-09-11 13:25:56] generateOTP.INFO: test [] []
[2020-09-11 13:27:26] generateOTP.INFO: test [] []
[2020-09-11 13:27:34] generateOTP.INFO: test [] []
[2020-09-11 13:27:48] generateOTP.INFO: test [] []
[2020-09-11 13:27:50] generateOTP.INFO: test [] []
[2020-09-11 13:28:45] generateOTP.INFO: test [] []
[2020-09-11 13:29:54] generateOTP.INFO: test [] []
[2020-09-11 13:31:06] generateOTP.INFO: test [] []
[2020-09-11 13:31:08] generateOTP.INFO: test [] []
[2020-09-11 13:31:09] generateOTP.INFO: test [] []
[2020-09-11 13:31:16] generateOTP.INFO: test [] []
[2020-09-11 13:31:41] generateOTP.INFO: test [] []
[2020-09-11 13:33:39] generateOTP.INFO: test [] []
[2020-09-11 13:33:58] generateOTP.INFO: test [] []
[2020-09-11 13:39:54] generateOTP.INFO: test [] []
[2020-09-11 13:39:56] generateOTP.INFO: test [] []
[2020-09-11 13:39:57] generateOTP.INFO: test [] []
[2020-09-11 13:39:58] generateOTP.INFO: test [] []
[2020-09-11 13:40:17] generateOTP.INFO: test [] []
[2020-09-11 13:40:35] generateOTP.INFO: test [] []
[2020-09-11 13:40:58] generateOTP.INFO: test [] []
[2020-09-11 13:46:27] generateOTP.INFO: test [] []
[2020-09-11 13:46:29] generateOTP.INFO: test [] []
[2020-09-11 13:57:04] generateOTP.INFO: test [] []
[2020-09-11 13:58:08] generateOTP.INFO: test [] []
[2020-09-11 13:58:09] generateOTP.INFO: test [] []
[2020-09-11 13:58:17] generateOTP.INFO: test [] []
[2020-09-11 13:58:18] generateOTP.INFO: test [] []
[2020-09-11 13:59:18] generateOTP.INFO: test [] []
[2020-09-11 14:00:19] generateOTP.INFO: test [] []
[2020-09-11 14:04:37] generateOTP.INFO: test [] []
[2020-09-11 14:04:45] generateOTP.INFO: test [] []
[2020-09-11 14:04:51] generateOTP.INFO: test [] []
[2020-09-11 14:14:13] generateOTP.INFO: test [] []
[2020-09-11 14:14:15] generateOTP.INFO: test [] []
[2020-09-11 14:14:19] generateOTP.INFO: test [] []
[2020-09-11 14:14:19] generateOTP.INFO: test [] []
[2020-09-11 14:14:19] generateOTP.INFO: test [] []
[2020-09-11 14:14:21] generateOTP.INFO: test [] []
[2020-09-11 14:14:22] generateOTP.INFO: test [] []
[2020-09-11 14:14:22] generateOTP.INFO: test [] []
[2020-09-11 14:14:22] generateOTP.INFO: test [] []
[2020-09-11 14:14:22] generateOTP.INFO: test [] []
[2020-09-11 14:14:23] generateOTP.INFO: test [] []
[2020-09-11 14:14:23] generateOTP.INFO: test [] []
[2020-09-11 14:14:24] generateOTP.INFO: test [] []
[2020-09-11 14:14:24] generateOTP.INFO: test [] []
[2020-09-11 14:14:24] generateOTP.INFO: test [] []
[2020-09-11 14:14:24] generateOTP.INFO: test [] []
[2020-09-11 14:14:26] generateOTP.INFO: test [] []
[2020-09-11 14:14:26] generateOTP.INFO: test [] []
[2020-09-11 14:14:26] generateOTP.INFO: test [] []
[2020-09-11 14:14:28] generateOTP.INFO: test [] []
[2020-09-11 14:14:28] generateOTP.INFO: test [] []
[2020-09-11 14:14:29] generateOTP.INFO: test [] []
[2020-09-11 14:14:29] generateOTP.INFO: test [] []
[2020-09-11 14:14:29] generateOTP.INFO: test [] []
[2020-09-11 14:14:29] generateOTP.INFO: test [] []
[2020-09-11 14:14:29] generateOTP.INFO: test [] []
[2020-09-11 14:14:30] generateOTP.INFO: test [] []
[2020-09-11 14:15:01] generateOTP.INFO: test [] []
[2020-09-11 14:15:02] generateOTP.INFO: test [] []
[2020-09-11 14:15:02] generateOTP.INFO: test [] []
[2020-09-11 14:15:04] generateOTP.INFO: test [] []
[2020-09-11 14:15:07] generateOTP.INFO: test [] []
[2020-09-11 14:15:07] generateOTP.INFO: test [] []
[2020-09-11 14:15:09] generateOTP.INFO: test [] []
[2020-09-11 14:15:10] generateOTP.INFO: test [] []
[2020-09-11 14:15:10] generateOTP.INFO: test [] []
[2020-09-11 14:15:11] generateOTP.INFO: test [] []
[2020-09-11 14:15:14] generateOTP.INFO: test [] []
[2020-09-11 14:15:15] generateOTP.INFO: test [] []
[2020-09-11 14:15:15] generateOTP.INFO: test [] []
[2020-09-11 14:15:26] generateOTP.INFO: test [] []
[2020-09-11 14:16:17] generateOTP.INFO: test [] []
[2020-09-11 14:17:51] generateOTP.INFO: test [] []
[2020-09-11 14:18:08] generateOTP.INFO: test [] []
[2020-09-11 14:19:23] generateOTP.INFO: test [] []
[2020-09-11 14:23:55] generateOTP.INFO: test [] []
[2020-09-11 14:23:57] generateOTP.INFO: test [] []
[2020-09-11 14:24:08] generateOTP.INFO: test [] []
[2020-09-11 14:24:15] generateOTP.INFO: test [] []
[2020-09-11 14:24:33] generateOTP.INFO: test [] []
[2020-09-11 14:24:53] generateOTP.INFO: test [] []
[2020-09-11 14:24:59] generateOTP.INFO: test [] []
[2020-09-11 14:25:00] generateOTP.INFO: test [] []
[2020-09-11 14:25:15] generateOTP.INFO: test [] []
[2020-09-11 14:25:18] generateOTP.INFO: test [] []
[2020-09-11 14:25:30] generateOTP.INFO: test [] []
[2020-09-11 14:25:50] generateOTP.INFO: test [] []
[2020-09-11 14:26:01] generateOTP.INFO: test [] []
[2020-09-11 14:26:01] generateOTP.INFO: test [] []
[2020-09-11 14:26:30] generateOTP.INFO: test [] []
[2020-09-11 14:26:55] generateOTP.INFO: {"salutation":"1","firstname":"test","lastname":"BANKING","dob":"19-12-1988","mob_no":"7010444138","panCard":"XXXXXX456A","email":"jack@gmail.com","ref1":"1","ref2":"1","comAdd":"Om hrad ntalatiof, holOmshre, talathioficeeachol, OmshreeSada9talathi","city":"MUMBAI","state":"MAHARASHTRA","pin_code":"622103","ISNRI":"N","update_emp_id":"623290","edit":"0","policy_no":"392,393","subtype_text":"1","sum_insure":"1000000","anuual_income":"","familyConstruct":"2A","family_members_id":"0","family_gender":"Male","first_name":"test","last_name":"BANKING","family_date_birth":"19-12-1988","age":"31","age_type":" years","tenure":"1 Year","family_id":"","s_date":"","marriage_date":"","premium":"14302.0012","policyNo":"392,393","familyDataType":"undefined","empId":"623290","product":"iWL65dcd54d9c5a65","declare":"[]","gender":"Male","gci_options":"Yes"} [] []
[2020-09-11 14:27:17] generateOTP.INFO: {"salutation":"1","firstname":"test","lastname":"BANKING","dob":"19-12-1988","mob_no":"7010444138","panCard":"XXXXXX456A","email":"jack@gmail.com","ref1":"1","ref2":"1","comAdd":"Om hrad ntalatiof, holOmshre, talathioficeeachol, OmshreeSada9talathi","city":"MUMBAI","state":"MAHARASHTRA","pin_code":"622103","ISNRI":"N","update_emp_id":"623290","edit":"0","policy_no":"392,393","subtype_text":"1","sum_insure":"1000000","anuual_income":"","familyConstruct":"2A","family_members_id":"1","family_gender":"Female","first_name":"testt","last_name":"tttt","family_date_birth":"09-09-1992","age":"28","age_type":" years","tenure":"1 Year","family_id":"","s_date":"","marriage_date":"","premium":"14302.0012","policyNo":"392,393","familyDataType":"undefined","empId":"623290","product":"iWL65dcd54d9c5a65","declare":"[]","gender":"Male","gci_options":"Yes"} [] []
[2020-09-11 14:28:12] generateOTP.INFO: test [] []
[2020-09-11 14:29:16] generateOTP.INFO: test [] []
[2020-09-11 15:02:19] generateOTP.INFO: test [] []
[2020-09-11 15:02:20] generateOTP.INFO: test [] []
[2020-09-11 15:02:37] generateOTP.INFO: test [] []
[2020-09-11 15:02:59] generateOTP.INFO: test [] []
[2020-09-11 15:07:18] generateOTP.INFO: test [] []
[2020-09-11 15:07:35] generateOTP.INFO: test [] []
[2020-09-11 15:08:03] generateOTP.INFO: test [] []
[2020-09-11 15:11:03] generateOTP.INFO: test [] []
[2020-09-11 15:11:05] generateOTP.INFO: test [] []
[2020-09-11 15:13:34] generateOTP.INFO: test [] []
[2020-09-11 15:13:35] generateOTP.INFO: test [] []
[2020-09-11 15:13:37] generateOTP.INFO: test [] []
[2020-09-11 15:14:21] generateOTP.INFO: test [] []
[2020-09-11 15:15:43] generateOTP.INFO: test [] []
[2020-09-11 15:16:22] generateOTP.INFO: test [] []
[2020-09-11 15:17:28] generateOTP.INFO: test [] []
[2020-09-11 15:18:40] generateOTP.INFO: test [] []
[2020-09-11 15:19:43] generateOTP.INFO: test [] []
[2020-09-11 15:20:09] generateOTP.INFO: test [] []
[2020-09-11 15:21:12] generateOTP.INFO: test [] []
[2020-09-11 15:21:15] generateOTP.INFO: test [] []
[2020-09-11 15:22:29] generateOTP.INFO: test [] []
[2020-09-11 15:25:34] generateOTP.INFO: test [] []
[2020-09-11 15:26:16] generateOTP.INFO: test [] []
[2020-09-11 15:27:50] generateOTP.INFO: test [] []
[2020-09-11 15:28:23] generateOTP.INFO: test [] []
[2020-09-11 15:29:58] generateOTP.INFO: test [] []
[2020-09-11 15:30:11] generateOTP.INFO: test [] []
[2020-09-11 15:31:20] generateOTP.INFO: test [] []
[2020-09-11 15:32:25] generateOTP.INFO: test [] []
[2020-09-11 15:32:34] generateOTP.INFO: test [] []
[2020-09-11 15:39:14] generateOTP.INFO: test [] []
[2020-09-11 15:39:15] generateOTP.INFO: test [] []
[2020-09-11 15:39:16] generateOTP.INFO: test [] []
[2020-09-11 15:39:23] generateOTP.INFO: test [] []
[2020-09-11 15:39:46] generateOTP.INFO: test [] []
[2020-09-11 15:40:06] generateOTP.INFO: test [] []
[2020-09-11 15:41:36] generateOTP.INFO: test [] []
[2020-09-11 15:41:36] generateOTP.INFO: test [] []
[2020-09-11 15:42:14] generateOTP.INFO: test [] []
[2020-09-11 15:42:15] generateOTP.INFO: test [] []
[2020-09-11 15:42:36] generateOTP.INFO: test [] []
[2020-09-11 15:42:37] generateOTP.INFO: test [] []
[2020-09-11 15:43:05] generateOTP.INFO: test [] []
[2020-09-11 15:43:37] generateOTP.INFO: test [] []
[2020-09-11 15:43:38] generateOTP.INFO: test [] []
[2020-09-11 15:43:53] generateOTP.INFO: test [] []
[2020-09-11 15:43:54] generateOTP.INFO: test [] []
[2020-09-11 15:43:55] generateOTP.INFO: test [] []
[2020-09-11 15:43:56] generateOTP.INFO: test [] []
[2020-09-11 15:44:51] generateOTP.INFO: test [] []
[2020-09-11 15:44:53] generateOTP.INFO: test [] []
[2020-09-11 15:45:07] generateOTP.INFO: test [] []
[2020-09-11 15:45:56] generateOTP.INFO: test [] []
[2020-09-11 15:46:58] generateOTP.INFO: test [] []
[2020-09-11 15:47:06] generateOTP.INFO: test [] []
[2020-09-11 15:47:43] generateOTP.INFO: test [] []
[2020-09-11 15:50:04] generateOTP.INFO: test [] []
[2020-09-11 15:50:24] generateOTP.INFO: test [] []
[2020-09-11 15:50:52] generateOTP.INFO: test [] []
[2020-09-11 15:51:39] generateOTP.INFO: test [] []
[2020-09-11 15:52:05] generateOTP.INFO: test [] []
[2020-09-11 15:53:16] generateOTP.INFO: test [] []
[2020-09-11 15:56:28] generateOTP.INFO: test [] []
[2020-09-11 15:57:32] generateOTP.INFO: test [] []
[2020-09-11 15:58:18] generateOTP.INFO: test [] []
[2020-09-11 16:06:13] generateOTP.INFO: test [] []
[2020-09-11 16:06:22] generateOTP.INFO: test [] []
[2020-09-11 16:06:29] generateOTP.INFO: test [] []
[2020-09-11 16:07:05] generateOTP.INFO: test [] []
[2020-09-11 16:08:25] generateOTP.INFO: test [] []
[2020-09-11 16:08:31] generateOTP.INFO: test [] []
[2020-09-11 16:08:32] generateOTP.INFO: test [] []
[2020-09-11 16:08:33] generateOTP.INFO: test [] []
[2020-09-11 16:09:03] generateOTP.INFO: test [] []
[2020-09-11 16:09:58] generateOTP.INFO: test [] []
[2020-09-11 16:12:53] generateOTP.INFO: test [] []
[2020-09-11 16:16:27] generateOTP.INFO: test [] []
[2020-09-11 16:17:00] generateOTP.INFO: test [] []
[2020-09-11 16:18:16] generateOTP.INFO: test [] []
[2020-09-11 16:21:05] generateOTP.INFO: test [] []
[2020-09-11 16:23:39] generateOTP.INFO: test [] []
[2020-09-11 16:24:42] generateOTP.INFO: test [] []
[2020-09-11 16:35:55] generateOTP.INFO: test [] []
[2020-09-11 16:37:16] generateOTP.INFO: test [] []
[2020-09-11 16:37:29] generateOTP.INFO: test [] []
[2020-09-11 16:37:48] generateOTP.INFO: test [] []
[2020-09-11 16:38:18] generateOTP.INFO: test [] []
[2020-09-11 16:38:31] generateOTP.INFO: test [] []
[2020-09-11 16:39:53] generateOTP.INFO: test [] []
[2020-09-11 16:40:09] generateOTP.INFO: test [] []
[2020-09-11 16:40:15] generateOTP.INFO: test [] []
[2020-09-11 16:40:59] generateOTP.INFO: test [] []
[2020-09-11 16:41:24] generateOTP.INFO: test [] []
[2020-09-11 16:41:32] generateOTP.INFO: test [] []
[2020-09-11 16:41:33] generateOTP.INFO: test [] []
[2020-09-11 16:41:34] generateOTP.INFO: test [] []
[2020-09-11 16:41:39] generateOTP.INFO: test [] []
[2020-09-11 16:41:51] generateOTP.INFO: test [] []
[2020-09-11 16:43:16] generateOTP.INFO: test [] []
[2020-09-11 16:43:38] generateOTP.INFO: test [] []
[2020-09-11 16:43:58] generateOTP.INFO: test [] []
[2020-09-11 16:43:59] generateOTP.INFO: test [] []
[2020-09-11 16:44:01] generateOTP.INFO: {"salutation":"1","firstname":"test","lastname":"BANKING","dob":"19-12-1988","mob_no":"7010444138","panCard":"XXXXXX456A","email":"jack@gmail.com","ref1":"1","ref2":"1","comAdd":"Om hrad ntalatiof, holOmshre, talathioficeeachol, OmshreeSada9talathi","city":"MUMBAI","state":"MAHARASHTRA","pin_code":"622103","ISNRI":"N","update_emp_id":"623292","edit":"0","policy_no":"460,461","subtype_text":"1","sum_insure":"1000000","anuual_income":"","occupation":"4","familyConstruct":"2A","family_members_id":"0","family_gender":"Male","first_name":"test","last_name":"BANKING","family_date_birth":"19-12-1988","age":"31","age_type":" years","tenure":"1 Year","premiumgci":"0","family_id":"","s_date":"","marriage_date":"","premium":"undefined","policyNo":"460,461","familyDataType":"undefined","empId":"623292","product":"YFsa5f4cb15ead28c","declare":"[]","gender":"Male","gci_options":"Yes"} [] []
[2020-09-11 16:44:25] generateOTP.INFO: {"salutation":"1","firstname":"test","lastname":"BANKING","dob":"19-12-1988","mob_no":"7010444138","panCard":"XXXXXX456A","email":"jack@gmail.com","ref1":"1","ref2":"1","comAdd":"Om hrad ntalatiof, holOmshre, talathioficeeachol, OmshreeSada9talathi","city":"MUMBAI","state":"MAHARASHTRA","pin_code":"622103","ISNRI":"N","update_emp_id":"623292","edit":"0","policy_no":"460,461","subtype_text":"1","sum_insure":"1000000","anuual_income":"","occupation":"4","familyConstruct":"2A","family_members_id":"1","family_gender":"Female","first_name":"sgg","last_name":"shhh","family_date_birth":"22-09-1988","age":"31","age_type":" years","tenure":"1 Year","premiumgci":"4100","family_id":"","s_date":"","marriage_date":"","premium":"undefined","policyNo":"460,461","familyDataType":"undefined","empId":"623292","product":"YFsa5f4cb15ead28c","declare":"[]","gender":"Male","gci_options":"Yes"} [] []
[2020-09-11 16:44:41] generateOTP.INFO: test [] []
[2020-09-11 16:44:42] generateOTP.INFO: test [] []
[2020-09-11 16:44:42] full_quote_request1.INFO: {"ClientCreation":{"Member_Customer_ID":"645656767","salutation":"Mrs","firstName":"pihuu","middleName":"","lastName":"Shah","dateofBirth":"01\/08\/1995","gender":"F","educationalQualification":null,"pinCode":"400604","uidNo":".","maritalStatus":null,"nationality":"Indian","occupation":"O553","primaryEmailID":"kuhu@gmail.com","contactMobileNo":"9823121919","stdLandlineNo":null,"panNo":null,"passportNumber":null,"contactPerson":null,"annualIncome":null,"remarks":null,"startDate":"2020-09-11","endDate":null,"IdProof":"Adhaar Card","residenceProof":null,"ageProof":null,"others":null,"homeAddressLine1":"2\/3, chennai pondicherry","homeAddressLine2":null,"homeAddressLine3":null,"homePinCode":"400604","homeArea":null,"homeContactMobileNo":null,"homeContactMobileNo2":null,"homeSTDLandlineNo":null,"homeFaxNo":null,"sameAsHomeAddress":"1","mailingAddressLine1":null,"mailingAddressLine2":null,"mailingAddressLine3":null,"mailingPinCode":null,"mailingArea":null,"mailingContactMobileNo":null,"mailingContactMobileNo2":null,"mailingSTDLandlineNo":null,"mailingSTDLandlineNo2":null,"mailingFaxNo":null,"bankAccountType":null,"bankAccountNo":null,"ifscCode":null,"GSTIN":null,"GSTRegistrationStatus":"Consumers","IsEIAavailable":"0","ApplyEIA":"0","EIAAccountNo":null,"EIAWith":"0","AccountType":null,"AddressProof":null,"DOBProof":null,"IdentityProof":null},"PolicyCreationRequest":{"Quotation_Number":"","MasterPolicyNumber":"61-20-00026-00-00","GroupID":"GRP001","Product_Code":"4211","intermediaryCode":"2106233","AutoRenewal":"Y","intermediaryBranchCode":"10MHMUM01","agentSignatureDate":null,"Customer_Signature_Date":null,"businessSourceChannel":null,"AssignPolicy":"0","AssigneeName":null,"leadID":"69657832666","Source_Name":"AXIS_COMBI_EW","SPID":"0","TCN":null,"CRTNO":null,"RefCode1":"0","RefCode2":"2478","Employee_Number":"623291","enumIsEmployeeDiscount":null,"QuoteDate":null,"IsPayment":"0","PaymentMode":null,"PolicyproductComponents":{"PlanCode":"4211","SumInsured":"500000","SchemeCode":"4112000003"}},"MemObj":{"Member":[{"MemberNo":1,"Salutation":"Mrs","First_Name":"Kuhu","Middle_Name":null,"Last_Name":"Shah","Gender":"F","DateOfBirth":"01\/08\/1970","Relation_Code":"R001","Marital_Status":null,"height":"0.00","weight":"0","occupation":"O553","PrimaryMember":"Y","MemberproductComponents":{"PlanCode":"4211","MemberQuestionDetails":[{"QuestionCode":null,"Answer":null,"Remarks":null}]},"MemberPED":[{"PEDCode":null,"Remarks":null}],"exactDiagnosis":null,"dateOfDiagnosis":null,"lastDateConsultation":null,"detailsOfTreatmentGiven":null,"doctorName":null,"hospitalName":null,"phoneNumberHosital":null,"Nominee_First_Name":"sdf","Nominee_Last_Name":".","Nominee_Contact_Number":"8989898989","Nominee_Home_Address":null,"Nominee_Relationship_Code":"R002"}]},"ReceiptCreation":{"officeLocation":"","modeOfEntry":"","cdAcNo":null,"expiryDate":null,"payerType":"","payerCode":null,"paymentBy":"","paymentByName":null,"paymentByRelationship":null,"collectionAmount":"","collectionRcvdDate":null,"collectionMode":"","remarks":null,"instrumentNumber":null,"instrumentDate":null,"bankName":null,"branchName":null,"bankLocation":null,"micrNo":null,"chequeType":null,"ifscCode":"","PaymentGatewayName":"","TerminalID":"","CardNo":null}} [] []
[2020-09-11 16:44:45] generateOTP.INFO: test [] []
[2020-09-11 16:44:45] generateOTP.INFO: test [] []
[2020-09-11 16:44:47] full_quote_reponse1.INFO: "<ns0:GHI_Res xmlns:ns0=\"http:\/\/ABHICL_NBP_QuickQuote_Schemas.GHI_Response\"><errorObj><ErrorNumber>00<\/ErrorNumber><ErrorMessage>Success<\/ErrorMessage><\/errorObj><policyDtls><TransactionReferenceNumber><\/TransactionReferenceNumber><QuotationNumber>CM100086053<\/QuotationNumber><CertificateNumber><\/CertificateNumber><LetterURL><\/LetterURL><ClientID><\/ClientID><ProductName>Group Activ Health<\/ProductName><ProductCode>4211<\/ProductCode><LineOfBusiness>42<\/LineOfBusiness><startDate><\/startDate><EndDate><\/EndDate><PolicyNumber>61-20-00026-00-00<\/PolicyNumber><ProposalNumber><\/ProposalNumber><PolicyStatus>PQ1<\/PolicyStatus><Tenure>1<\/Tenure><stpFlag>0<\/stpFlag><COIUrl>Template not found<\/COIUrl><\/policyDtls><premium><BasePremium>6779.66<\/BasePremium><NetPremium>6779.66<\/NetPremium><GST>1220.34<\/GST><GrossPremium>8000.00<\/GrossPremium><\/premium><receiptObj><ReceiptNumber><\/ReceiptNumber><ReceiptAmount><\/ReceiptAmount><ExcessAmount><\/ExcessAmount><\/receiptObj><\/ns0:GHI_Res>" [] []
[2020-09-11 16:44:47] full_quote_request2.INFO: {"ClientCreation":{"Member_Customer_ID":"645656767","salutation":"Mrs","firstName":"pihuu","middleName":"","lastName":"Shah","dateofBirth":"01\/08\/1995","gender":"F","educationalQualification":null,"pinCode":"400604","uidNo":".","maritalStatus":null,"nationality":"Indian","occupation":"O553","primaryEmailID":"kuhu@gmail.com","contactMobileNo":"9823121919","stdLandlineNo":null,"panNo":null,"passportNumber":null,"contactPerson":null,"annualIncome":null,"remarks":null,"startDate":"2020-09-11","endDate":null,"IdProof":"Adhaar Card","residenceProof":null,"ageProof":null,"others":null,"homeAddressLine1":"2\/3, chennai pondicherry","homeAddressLine2":null,"homeAddressLine3":null,"homePinCode":"400604","homeArea":null,"homeContactMobileNo":null,"homeContactMobileNo2":null,"homeSTDLandlineNo":null,"homeFaxNo":null,"sameAsHomeAddress":"1","mailingAddressLine1":null,"mailingAddressLine2":null,"mailingAddressLine3":null,"mailingPinCode":null,"mailingArea":null,"mailingContactMobileNo":null,"mailingContactMobileNo2":null,"mailingSTDLandlineNo":null,"mailingSTDLandlineNo2":null,"mailingFaxNo":null,"bankAccountType":null,"bankAccountNo":null,"ifscCode":null,"GSTIN":null,"GSTRegistrationStatus":"Consumers","IsEIAavailable":"0","ApplyEIA":"0","EIAAccountNo":null,"EIAWith":"0","AccountType":null,"AddressProof":null,"DOBProof":null,"IdentityProof":null},"PolicyCreationRequest":{"Quotation_Number":"CM100086053","MasterPolicyNumber":"61-20-00026-00-00","GroupID":"GRP001","Product_Code":"4211","intermediaryCode":"2106233","AutoRenewal":"Y","intermediaryBranchCode":"10MHMUM01","agentSignatureDate":null,"Customer_Signature_Date":null,"businessSourceChannel":null,"AssignPolicy":"0","AssigneeName":null,"leadID":"69657832666","Source_Name":"AXIS_COMBI_EW","SPID":"0","TCN":null,"CRTNO":null,"RefCode1":"0","RefCode2":"2478","Employee_Number":"623291","enumIsEmployeeDiscount":null,"QuoteDate":null,"IsPayment":"1","PaymentMode":null,"PolicyproductComponents":{"PlanCode":"4211","SumInsured":"500000","SchemeCode":"4112000003"}},"MemObj":{"Member":[{"MemberNo":1,"Salutation":"Mrs","First_Name":"Kuhu","Middle_Name":null,"Last_Name":"Shah","Gender":"F","DateOfBirth":"01\/08\/1970","Relation_Code":"R001","Marital_Status":null,"height":"0.00","weight":"0","occupation":"O553","PrimaryMember":"Y","MemberproductComponents":{"PlanCode":"4211","MemberQuestionDetails":[{"QuestionCode":null,"Answer":null,"Remarks":null}]},"MemberPED":[{"PEDCode":null,"Remarks":null}],"exactDiagnosis":null,"dateOfDiagnosis":null,"lastDateConsultation":null,"detailsOfTreatmentGiven":null,"doctorName":null,"hospitalName":null,"phoneNumberHosital":null,"Nominee_First_Name":"sdf","Nominee_Last_Name":".","Nominee_Contact_Number":"8989898989","Nominee_Home_Address":null,"Nominee_Relationship_Code":"R002"}]},"ReceiptCreation":{"officeLocation":"Mumbai","modeOfEntry":"Direct","cdAcNo":null,"expiryDate":null,"payerType":"Customer","payerCode":null,"paymentBy":"Customer","paymentByName":null,"paymentByRelationship":null,"collectionAmount":8000,"collectionRcvdDate":"08\/09\/2019","collectionMode":"online","remarks":null,"instrumentNumber":"jjjj","instrumentDate":"2019-08-09","bankName":"0","branchName":"0","bankLocation":null,"micrNo":null,"chequeType":null,"ifscCode":"0","PaymentGatewayName":"AXIS_NETB","TerminalID":"76012611","CardNo":null}} [] []
[2020-09-11 16:44:48] generateOTP.INFO: test [] []
[2020-09-11 16:44:48] generateOTP.INFO: test [] []
[2020-09-11 16:44:48] generateOTP.INFO: test [] []
[2020-09-11 16:44:48] generateOTP.INFO: test [] []
[2020-09-11 16:44:52] full_quote_reponse2.INFO: "<ns0:GHI_Res xmlns:ns0=\"http:\/\/ABHICL_NBP_QuickQuote_Schemas.GHI_Response\"><errorObj><ErrorNumber>302<\/ErrorNumber><ErrorMessage><\/ErrorMessage><\/errorObj><policyDtls><TransactionReferenceNumber><\/TransactionReferenceNumber><QuotationNumber>CM100074458<\/QuotationNumber><CertificateNumber>GHI-CM-20-2000066<\/CertificateNumber><LetterURL>https:\/\/abpb.adityabirlahealth.com\/hbletter\/viewletter.aspx?ABH=86940&amp;TRM=GHI-CM-20-2000066<\/LetterURL><ClientID>1292202<\/ClientID><ProductName>Group Activ Health<\/ProductName><ProductCode>4211<\/ProductCode><LineOfBusiness>42<\/LineOfBusiness><startDate>8\/28\/2020 12:00:00 AM<\/startDate><EndDate>8\/27\/2021 12:00:00 AM<\/EndDate><PolicyNumber>61-20-00026-00-00<\/PolicyNumber><ProposalNumber>CM100074458<\/ProposalNumber><PolicyStatus>IF<\/PolicyStatus><Tenure>1<\/Tenure><stpFlag>0<\/stpFlag><COIUrl>Template not found<\/COIUrl><\/policyDtls><premium><BasePremium><\/BasePremium><NetPremium><\/NetPremium><GST><\/GST><GrossPremium><\/GrossPremium><\/premium><receiptObj><ReceiptNumber><\/ReceiptNumber><ReceiptAmount><\/ReceiptAmount><ExcessAmount><\/ExcessAmount><\/receiptObj><\/ns0:GHI_Res>" [] []
[2020-09-11 16:44:55] generateOTP.INFO: {"salutation":"1","firstname":"test","lastname":"BANKING","dob":"19-12-1988","mob_no":"7010444138","panCard":"XXXXXX456A","email":"jack@gmail.com","ref1":"1","ref2":"1","comAdd":"Om hrad ntalatiof, holOmshre, talathioficeeachol, OmshreeSada9talathi","city":"MUMBAI","state":"MAHARASHTRA","pin_code":"622103","ISNRI":"N","update_emp_id":"623292","edit":"0","policy_no":"460,461","subtype_text":"1","sum_insure":"1000000","anuual_income":"0","occupation":"4","familyConstruct":"2A","family_members_id":"1","family_gender":"Female","first_name":"sgg","last_name":"shh","family_date_birth":"12-09-1991","age":"28","age_type":" years","tenure":"1 Year","premiumgci":"8200","family_id":"","s_date":"","marriage_date":"","premium":"undefined","policyNo":"460,461","familyDataType":"undefined","empId":"623292","product":"YFsa5f4cb15ead28c","declare":"[]","gender":"Male","gci_options":"Yes"} [] []
[2020-09-11 16:46:29] generateOTP.INFO: test [] []
[2020-09-11 16:46:29] generateOTP.INFO: test [] []
[2020-09-11 16:47:02] generateOTP.INFO: test [] []
[2020-09-11 16:47:03] generateOTP.INFO: test [] []
[2020-09-11 16:47:35] full_quote_request2.INFO: {"ClientCreation":{"Member_Customer_ID":"645656767","salutation":"Mrs","firstName":"pihuu","middleName":"","lastName":"Shah","dateofBirth":"01\/08\/1995","gender":"F","educationalQualification":null,"pinCode":"400604","uidNo":".","maritalStatus":null,"nationality":"Indian","occupation":"O553","primaryEmailID":"kuhu@gmail.com","contactMobileNo":"9823121919","stdLandlineNo":null,"panNo":null,"passportNumber":null,"contactPerson":null,"annualIncome":null,"remarks":null,"startDate":"2020-09-11","endDate":null,"IdProof":"Adhaar Card","residenceProof":null,"ageProof":null,"others":null,"homeAddressLine1":"2\/3, chennai pondicherry","homeAddressLine2":null,"homeAddressLine3":null,"homePinCode":"400604","homeArea":null,"homeContactMobileNo":null,"homeContactMobileNo2":null,"homeSTDLandlineNo":null,"homeFaxNo":null,"sameAsHomeAddress":"1","mailingAddressLine1":null,"mailingAddressLine2":null,"mailingAddressLine3":null,"mailingPinCode":null,"mailingArea":null,"mailingContactMobileNo":null,"mailingContactMobileNo2":null,"mailingSTDLandlineNo":null,"mailingSTDLandlineNo2":null,"mailingFaxNo":null,"bankAccountType":null,"bankAccountNo":null,"ifscCode":null,"GSTIN":null,"GSTRegistrationStatus":"Consumers","IsEIAavailable":"0","ApplyEIA":"0","EIAAccountNo":null,"EIAWith":"0","AccountType":null,"AddressProof":null,"DOBProof":null,"IdentityProof":null},"PolicyCreationRequest":{"Quotation_Number":"CM100086053","MasterPolicyNumber":"61-20-00026-00-00","GroupID":"GRP001","Product_Code":"4211","intermediaryCode":"2106233","AutoRenewal":"Y","intermediaryBranchCode":"10MHMUM01","agentSignatureDate":null,"Customer_Signature_Date":null,"businessSourceChannel":null,"AssignPolicy":"0","AssigneeName":null,"leadID":"69657832666","Source_Name":"AXIS_COMBI_EW","SPID":"0","TCN":null,"CRTNO":null,"RefCode1":"0","RefCode2":"2478","Employee_Number":"623291","enumIsEmployeeDiscount":null,"QuoteDate":null,"IsPayment":"1","PaymentMode":null,"PolicyproductComponents":{"PlanCode":"4211","SumInsured":"500000","SchemeCode":"4112000003"}},"MemObj":{"Member":[{"MemberNo":1,"Salutation":"Mrs","First_Name":"Kuhu","Middle_Name":null,"Last_Name":"Shah","Gender":"F","DateOfBirth":"01\/08\/1970","Relation_Code":"R001","Marital_Status":null,"height":"0.00","weight":"0","occupation":"O553","PrimaryMember":"Y","MemberproductComponents":{"PlanCode":"4211","MemberQuestionDetails":[{"QuestionCode":null,"Answer":null,"Remarks":null}]},"MemberPED":[{"PEDCode":null,"Remarks":null}],"exactDiagnosis":null,"dateOfDiagnosis":null,"lastDateConsultation":null,"detailsOfTreatmentGiven":null,"doctorName":null,"hospitalName":null,"phoneNumberHosital":null,"Nominee_First_Name":"sdf","Nominee_Last_Name":".","Nominee_Contact_Number":"8989898989","Nominee_Home_Address":null,"Nominee_Relationship_Code":"R002"}]},"ReceiptCreation":{"officeLocation":"Mumbai","modeOfEntry":"Direct","cdAcNo":null,"expiryDate":null,"payerType":"Customer","payerCode":null,"paymentBy":"Customer","paymentByName":null,"paymentByRelationship":null,"collectionAmount":8000,"collectionRcvdDate":"08\/09\/2019","collectionMode":"online","remarks":null,"instrumentNumber":"jjjj","instrumentDate":"2019-08-09","bankName":"0","branchName":"0","bankLocation":null,"micrNo":null,"chequeType":null,"ifscCode":"0","PaymentGatewayName":"AXIS_NETB","TerminalID":"76012611","CardNo":null}} [] []
[2020-09-11 16:47:40] full_quote_reponse2.INFO: "<ns0:GHI_Res xmlns:ns0=\"http:\/\/ABHICL_NBP_QuickQuote_Schemas.GHI_Response\"><errorObj><ErrorNumber>302<\/ErrorNumber><ErrorMessage><\/ErrorMessage><\/errorObj><policyDtls><TransactionReferenceNumber><\/TransactionReferenceNumber><QuotationNumber>CM100074458<\/QuotationNumber><CertificateNumber>GHI-CM-20-2000066<\/CertificateNumber><LetterURL>https:\/\/abpb.adityabirlahealth.com\/hbletter\/viewletter.aspx?ABH=86940&amp;TRM=GHI-CM-20-2000066<\/LetterURL><ClientID>1292202<\/ClientID><ProductName>Group Activ Health<\/ProductName><ProductCode>4211<\/ProductCode><LineOfBusiness>42<\/LineOfBusiness><startDate>8\/28\/2020 12:00:00 AM<\/startDate><EndDate>8\/27\/2021 12:00:00 AM<\/EndDate><PolicyNumber>61-20-00026-00-00<\/PolicyNumber><ProposalNumber>CM100074458<\/ProposalNumber><PolicyStatus>IF<\/PolicyStatus><Tenure>1<\/Tenure><stpFlag>0<\/stpFlag><COIUrl>Template not found<\/COIUrl><\/policyDtls><premium><BasePremium><\/BasePremium><NetPremium><\/NetPremium><GST><\/GST><GrossPremium><\/GrossPremium><\/premium><receiptObj><ReceiptNumber><\/ReceiptNumber><ReceiptAmount><\/ReceiptAmount><ExcessAmount><\/ExcessAmount><\/receiptObj><\/ns0:GHI_Res>" [] []
[2020-09-11 16:47:40] api_insert.INFO: {"emp_id":"623291","client_id":"1292202","certificate_number":"GHI-CM-20-2000066","quotation_no":"CM100074458","proposal_no":"CM100074458","policy_no":"61-20-00026-00-00","status":"Success","start_date":"8\/28\/2020 12:00:00 AM","end_date":"8\/27\/2021 12:00:00 AM","created_date":"2020-09-11 16:47:40","proposal_no_lead":"P-202009110009","PolicyStatus":"IF","letter_url":"https:\/\/abpb.adityabirlahealth.com\/hbletter\/viewletter.aspx?ABH=86940&TRM=GHI-CM-20-2000066"} [] []
[2020-09-11 16:47:40] full_quote_request1.INFO: {"ClientCreation":{"Member_Customer_ID":"645656767GPA1","salutation":"Mrs","firstName":"pihuu","middleName":"","lastName":"Shah","dateofBirth":"01\/08\/1995","gender":"F","educationalQualification":null,"pinCode":"400604","uidNo":".","maritalStatus":null,"nationality":"Indian","occupation":"O553","primaryEmailID":"kuhu@gmail.com","contactMobileNo":"9823121919","stdLandlineNo":null,"panNo":null,"passportNumber":null,"contactPerson":null,"annualIncome":null,"remarks":null,"startDate":"2020-09-11","endDate":null,"IdProof":"Adhaar Card","residenceProof":null,"ageProof":null,"others":null,"homeAddressLine1":"2\/3, chennai pondicherry","homeAddressLine2":null,"homeAddressLine3":null,"homePinCode":"400604","homeArea":null,"homeContactMobileNo":null,"homeContactMobileNo2":null,"homeSTDLandlineNo":null,"homeFaxNo":null,"sameAsHomeAddress":"1","mailingAddressLine1":null,"mailingAddressLine2":null,"mailingAddressLine3":null,"mailingPinCode":null,"mailingArea":null,"mailingContactMobileNo":null,"mailingContactMobileNo2":null,"mailingSTDLandlineNo":null,"mailingSTDLandlineNo2":null,"mailingFaxNo":null,"bankAccountType":null,"bankAccountNo":null,"ifscCode":null,"GSTIN":null,"GSTRegistrationStatus":"Consumers","IsEIAavailable":"0","ApplyEIA":"0","EIAAccountNo":null,"EIAWith":"0","AccountType":null,"AddressProof":null,"DOBProof":null,"IdentityProof":null},"PolicyCreationRequest":{"Quotation_Number":"","MasterPolicyNumber":"62-20-00014-00-00","GroupID":"GRP001","Product_Code":"4112","intermediaryCode":"2106233","AutoRenewal":"Y","intermediaryBranchCode":"10MHMUM01","agentSignatureDate":null,"Customer_Signature_Date":null,"businessSourceChannel":null,"AssignPolicy":"0","AssigneeName":null,"leadID":"69657832666","Source_Name":"AXIS_COMBI_EW","SPID":"0","TCN":null,"CRTNO":null,"RefCode1":"0","RefCode2":"2478","Employee_Number":"623291","enumIsEmployeeDiscount":null,"QuoteDate":null,"IsPayment":"0","PaymentMode":null,"PolicyproductComponents":{"PlanCode":"4112","SumInsured":"500000","SchemeCode":"4112000003"}},"MemObj":{"Member":[{"MemberNo":1,"Salutation":"Mrs","First_Name":"Kuhu","Middle_Name":null,"Last_Name":"Shah","Gender":"F","DateOfBirth":"01\/08\/1970","Relation_Code":"R001","Marital_Status":null,"height":"0.00","weight":"0","occupation":"O553","PrimaryMember":"Y","MemberproductComponents":{"PlanCode":"4112","MemberQuestionDetails":[{"QuestionCode":null,"Answer":null,"Remarks":null}]},"MemberPED":[{"PEDCode":null,"Remarks":null}],"exactDiagnosis":null,"dateOfDiagnosis":null,"lastDateConsultation":null,"detailsOfTreatmentGiven":null,"doctorName":null,"hospitalName":null,"phoneNumberHosital":null,"Nominee_First_Name":"sdf","Nominee_Last_Name":".","Nominee_Contact_Number":"8989898989","Nominee_Home_Address":null,"Nominee_Relationship_Code":"R002"}]},"ReceiptCreation":{"officeLocation":"","modeOfEntry":"","cdAcNo":null,"expiryDate":null,"payerType":"","payerCode":null,"paymentBy":"","paymentByName":null,"paymentByRelationship":null,"collectionAmount":"","collectionRcvdDate":null,"collectionMode":"","remarks":null,"instrumentNumber":null,"instrumentDate":null,"bankName":null,"branchName":null,"bankLocation":null,"micrNo":null,"chequeType":null,"ifscCode":"","PaymentGatewayName":"","TerminalID":"","CardNo":null}} [] []
[2020-09-11 16:47:45] full_quote_reponse1.INFO: "<ns0:GFB_Res xmlns:ns0=\"http:\/\/ABHICL_NBP_QuickQuote_Schemas.GFB_Response\"><errorObj><ErrorNumber>00<\/ErrorNumber><ErrorMessage>Success<\/ErrorMessage><\/errorObj><policyDtls><TransactionReferenceNumber><\/TransactionReferenceNumber><QuotationNumber>CM100086068<\/QuotationNumber><CertificateNumber><\/CertificateNumber><LetterURL><\/LetterURL><ClientID><\/ClientID><ProductName>Group Activ Secure - Personal Accident<\/ProductName><ProductCode>4112<\/ProductCode><LineOfBusiness>41<\/LineOfBusiness><startDate><\/startDate><EndDate><\/EndDate><PolicyNumber>62-20-00014-00-00<\/PolicyNumber><ProposalNumber><\/ProposalNumber><PolicyStatus>PQ1<\/PolicyStatus><Tenure>1<\/Tenure><stpFlag>0<\/stpFlag><COIUrl>Template not found<\/COIUrl><\/policyDtls><premium><BasePremium>254.24<\/BasePremium><NetPremium>254.24<\/NetPremium><GST>45.76<\/GST><GrossPremium>300.00<\/GrossPremium><\/premium><receiptObj><ReceiptNumber><\/ReceiptNumber><ReceiptAmount><\/ReceiptAmount><ExcessAmount><\/ExcessAmount><\/receiptObj><\/ns0:GFB_Res>" [] []
[2020-09-11 16:47:46] full_quote_request2.INFO: {"ClientCreation":{"Member_Customer_ID":"645656767GPA1","salutation":"Mrs","firstName":"pihuu","middleName":"","lastName":"Shah","dateofBirth":"01\/08\/1995","gender":"F","educationalQualification":null,"pinCode":"400604","uidNo":".","maritalStatus":null,"nationality":"Indian","occupation":"O553","primaryEmailID":"kuhu@gmail.com","contactMobileNo":"9823121919","stdLandlineNo":null,"panNo":null,"passportNumber":null,"contactPerson":null,"annualIncome":null,"remarks":null,"startDate":"2020-09-11","endDate":null,"IdProof":"Adhaar Card","residenceProof":null,"ageProof":null,"others":null,"homeAddressLine1":"2\/3, chennai pondicherry","homeAddressLine2":null,"homeAddressLine3":null,"homePinCode":"400604","homeArea":null,"homeContactMobileNo":null,"homeContactMobileNo2":null,"homeSTDLandlineNo":null,"homeFaxNo":null,"sameAsHomeAddress":"1","mailingAddressLine1":null,"mailingAddressLine2":null,"mailingAddressLine3":null,"mailingPinCode":null,"mailingArea":null,"mailingContactMobileNo":null,"mailingContactMobileNo2":null,"mailingSTDLandlineNo":null,"mailingSTDLandlineNo2":null,"mailingFaxNo":null,"bankAccountType":null,"bankAccountNo":null,"ifscCode":null,"GSTIN":null,"GSTRegistrationStatus":"Consumers","IsEIAavailable":"0","ApplyEIA":"0","EIAAccountNo":null,"EIAWith":"0","AccountType":null,"AddressProof":null,"DOBProof":null,"IdentityProof":null},"PolicyCreationRequest":{"Quotation_Number":"CM100086068","MasterPolicyNumber":"62-20-00014-00-00","GroupID":"GRP001","Product_Code":"4112","intermediaryCode":"2106233","AutoRenewal":"Y","intermediaryBranchCode":"10MHMUM01","agentSignatureDate":null,"Customer_Signature_Date":null,"businessSourceChannel":null,"AssignPolicy":"0","AssigneeName":null,"leadID":"69657832666","Source_Name":"AXIS_COMBI_EW","SPID":"0","TCN":null,"CRTNO":null,"RefCode1":"0","RefCode2":"2478","Employee_Number":"623291","enumIsEmployeeDiscount":null,"QuoteDate":null,"IsPayment":"1","PaymentMode":null,"PolicyproductComponents":{"PlanCode":"4112","SumInsured":"500000","SchemeCode":"4112000003"}},"MemObj":{"Member":[{"MemberNo":1,"Salutation":"Mrs","First_Name":"Kuhu","Middle_Name":null,"Last_Name":"Shah","Gender":"F","DateOfBirth":"01\/08\/1970","Relation_Code":"R001","Marital_Status":null,"height":"0.00","weight":"0","occupation":"O553","PrimaryMember":"Y","MemberproductComponents":{"PlanCode":"4112","MemberQuestionDetails":[{"QuestionCode":null,"Answer":null,"Remarks":null}]},"MemberPED":[{"PEDCode":null,"Remarks":null}],"exactDiagnosis":null,"dateOfDiagnosis":null,"lastDateConsultation":null,"detailsOfTreatmentGiven":null,"doctorName":null,"hospitalName":null,"phoneNumberHosital":null,"Nominee_First_Name":"sdf","Nominee_Last_Name":".","Nominee_Contact_Number":"8989898989","Nominee_Home_Address":null,"Nominee_Relationship_Code":"R002"}]},"ReceiptCreation":{"officeLocation":"Mumbai","modeOfEntry":"Direct","cdAcNo":null,"expiryDate":null,"payerType":"Customer","payerCode":null,"paymentBy":"Customer","paymentByName":null,"paymentByRelationship":null,"collectionAmount":300,"collectionRcvdDate":"08\/09\/2019","collectionMode":"online","remarks":null,"instrumentNumber":"jjjj","instrumentDate":"2019-08-09","bankName":"0","branchName":"0","bankLocation":null,"micrNo":null,"chequeType":null,"ifscCode":"0","PaymentGatewayName":"AXIS_NETB","TerminalID":"76012611","CardNo":null}} [] []
[2020-09-11 16:47:50] full_quote_reponse2.INFO: "<ns0:GFB_Res xmlns:ns0=\"http:\/\/ABHICL_NBP_QuickQuote_Schemas.GFB_Response\"><errorObj><ErrorNumber>302<\/ErrorNumber><ErrorMessage><\/ErrorMessage><\/errorObj><policyDtls><TransactionReferenceNumber><\/TransactionReferenceNumber><QuotationNumber>CM100074499<\/QuotationNumber><CertificateNumber>GFB-CM-20-2000183<\/CertificateNumber><LetterURL>https:\/\/abpb.adityabirlahealth.com\/hbletter\/viewletter.aspx?ABH=86981&amp;TRM=GFB-CM-20-2000183<\/LetterURL><ClientID>1292215<\/ClientID><ProductName>Group Activ Secure<\/ProductName><ProductCode>4000<\/ProductCode><LineOfBusiness>40<\/LineOfBusiness><startDate>8\/28\/2020 12:00:00 AM<\/startDate><EndDate>8\/27\/2021 12:00:00 AM<\/EndDate><PolicyNumber>62-20-00014-00-00<\/PolicyNumber><ProposalNumber>CM100074499<\/ProposalNumber><PolicyStatus>IF<\/PolicyStatus><Tenure>1<\/Tenure><stpFlag>0<\/stpFlag><COIUrl>Template not found<\/COIUrl><\/policyDtls><premium><BasePremium><\/BasePremium><NetPremium><\/NetPremium><GST><\/GST><GrossPremium><\/GrossPremium><\/premium><receiptObj><ReceiptNumber><\/ReceiptNumber><ReceiptAmount><\/ReceiptAmount><ExcessAmount><\/ExcessAmount><\/receiptObj><\/ns0:GFB_Res>" [] []
[2020-09-11 16:47:50] api_insert.INFO: {"emp_id":"623291","client_id":"1292215","certificate_number":"GFB-CM-20-2000183","quotation_no":"CM100074499","proposal_no":"CM100074499","policy_no":"62-20-00014-00-00","status":"Success","start_date":"8\/28\/2020 12:00:00 AM","end_date":"8\/27\/2021 12:00:00 AM","created_date":"2020-09-11 16:47:50","proposal_no_lead":"P-202009110010","PolicyStatus":"IF","letter_url":"https:\/\/abpb.adityabirlahealth.com\/hbletter\/viewletter.aspx?ABH=86981&TRM=GFB-CM-20-2000183"} [] []
[2020-09-11 16:47:51] full_quote_request1.INFO: {"ClientCreation":{"Member_Customer_ID":"645656767GCI1","salutation":"Mrs","firstName":"pihuu","middleName":"","lastName":"Shah","dateofBirth":"01\/08\/1995","gender":"F","educationalQualification":null,"pinCode":"400604","uidNo":".","maritalStatus":null,"nationality":"Indian","occupation":"O553","primaryEmailID":"kuhu@gmail.com","contactMobileNo":"9823121919","stdLandlineNo":null,"panNo":null,"passportNumber":null,"contactPerson":null,"annualIncome":null,"remarks":null,"startDate":"2020-09-11","endDate":null,"IdProof":"Adhaar Card","residenceProof":null,"ageProof":null,"others":null,"homeAddressLine1":"2\/3, chennai pondicherry","homeAddressLine2":null,"homeAddressLine3":null,"homePinCode":"400604","homeArea":null,"homeContactMobileNo":null,"homeContactMobileNo2":null,"homeSTDLandlineNo":null,"homeFaxNo":null,"sameAsHomeAddress":"1","mailingAddressLine1":null,"mailingAddressLine2":null,"mailingAddressLine3":null,"mailingPinCode":null,"mailingArea":null,"mailingContactMobileNo":null,"mailingContactMobileNo2":null,"mailingSTDLandlineNo":null,"mailingSTDLandlineNo2":null,"mailingFaxNo":null,"bankAccountType":null,"bankAccountNo":null,"ifscCode":null,"GSTIN":null,"GSTRegistrationStatus":"Consumers","IsEIAavailable":"0","ApplyEIA":"0","EIAAccountNo":null,"EIAWith":"0","AccountType":null,"AddressProof":null,"DOBProof":null,"IdentityProof":null},"PolicyCreationRequest":{"Quotation_Number":"","MasterPolicyNumber":"62-20-00014-00-00","GroupID":"GRP001","Product_Code":"4216","intermediaryCode":"2106233","AutoRenewal":"Y","intermediaryBranchCode":"10MHMUM01","agentSignatureDate":null,"Customer_Signature_Date":null,"businessSourceChannel":null,"AssignPolicy":"0","AssigneeName":null,"leadID":"69657832666","Source_Name":"AXIS_COMBI_EW","SPID":"0","TCN":null,"CRTNO":null,"RefCode1":"0","RefCode2":"2478","Employee_Number":"623291","enumIsEmployeeDiscount":null,"QuoteDate":null,"IsPayment":"0","PaymentMode":null,"PolicyproductComponents":{"PlanCode":"4216","SumInsured":"500000","SchemeCode":"4112000003"}},"MemObj":{"Member":[{"MemberNo":1,"Salutation":"Mrs","First_Name":"Kuhu","Middle_Name":null,"Last_Name":"Shah","Gender":"F","DateOfBirth":"01\/08\/1970","Relation_Code":"R001","Marital_Status":null,"height":"0.00","weight":"0","occupation":"O553","PrimaryMember":"Y","MemberproductComponents":{"PlanCode":"4216","MemberQuestionDetails":[{"QuestionCode":null,"Answer":null,"Remarks":null}]},"MemberPED":[{"PEDCode":null,"Remarks":null}],"exactDiagnosis":null,"dateOfDiagnosis":null,"lastDateConsultation":null,"detailsOfTreatmentGiven":null,"doctorName":null,"hospitalName":null,"phoneNumberHosital":null,"Nominee_First_Name":"sdf","Nominee_Last_Name":".","Nominee_Contact_Number":"8989898989","Nominee_Home_Address":null,"Nominee_Relationship_Code":"R002"}]},"ReceiptCreation":{"officeLocation":"","modeOfEntry":"","cdAcNo":null,"expiryDate":null,"payerType":"","payerCode":null,"paymentBy":"","paymentByName":null,"paymentByRelationship":null,"collectionAmount":"","collectionRcvdDate":null,"collectionMode":"","remarks":null,"instrumentNumber":null,"instrumentDate":null,"bankName":null,"branchName":null,"bankLocation":null,"micrNo":null,"chequeType":null,"ifscCode":"","PaymentGatewayName":"","TerminalID":"","CardNo":null}} [] []
[2020-09-11 16:47:55] full_quote_reponse1.INFO: "<ns0:GFB_Res xmlns:ns0=\"http:\/\/ABHICL_NBP_QuickQuote_Schemas.GFB_Response\"><errorObj><ErrorNumber>00<\/ErrorNumber><ErrorMessage>Success<\/ErrorMessage><\/errorObj><policyDtls><TransactionReferenceNumber><\/TransactionReferenceNumber><QuotationNumber>CM100086071<\/QuotationNumber><CertificateNumber><\/CertificateNumber><LetterURL><\/LetterURL><ClientID><\/ClientID><ProductName>Group Activ Secure - Critical Illness<\/ProductName><ProductCode>4216<\/ProductCode><LineOfBusiness>42<\/LineOfBusiness><startDate><\/startDate><EndDate><\/EndDate><PolicyNumber>62-20-00014-00-00<\/PolicyNumber><ProposalNumber><\/ProposalNumber><PolicyStatus>PQ1<\/PolicyStatus><Tenure>1<\/Tenure><stpFlag>0<\/stpFlag><COIUrl>Template not found<\/COIUrl><\/policyDtls><premium><BasePremium>1440.68<\/BasePremium><NetPremium>1440.68<\/NetPremium><GST>259.32<\/GST><GrossPremium>1700.00<\/GrossPremium><\/premium><receiptObj><ReceiptNumber><\/ReceiptNumber><ReceiptAmount><\/ReceiptAmount><ExcessAmount><\/ExcessAmount><\/receiptObj><\/ns0:GFB_Res>" [] []
[2020-09-11 16:47:55] full_quote_request2.INFO: {"ClientCreation":{"Member_Customer_ID":"645656767GCI1","salutation":"Mrs","firstName":"pihuu","middleName":"","lastName":"Shah","dateofBirth":"01\/08\/1995","gender":"F","educationalQualification":null,"pinCode":"400604","uidNo":".","maritalStatus":null,"nationality":"Indian","occupation":"O553","primaryEmailID":"kuhu@gmail.com","contactMobileNo":"9823121919","stdLandlineNo":null,"panNo":null,"passportNumber":null,"contactPerson":null,"annualIncome":null,"remarks":null,"startDate":"2020-09-11","endDate":null,"IdProof":"Adhaar Card","residenceProof":null,"ageProof":null,"others":null,"homeAddressLine1":"2\/3, chennai pondicherry","homeAddressLine2":null,"homeAddressLine3":null,"homePinCode":"400604","homeArea":null,"homeContactMobileNo":null,"homeContactMobileNo2":null,"homeSTDLandlineNo":null,"homeFaxNo":null,"sameAsHomeAddress":"1","mailingAddressLine1":null,"mailingAddressLine2":null,"mailingAddressLine3":null,"mailingPinCode":null,"mailingArea":null,"mailingContactMobileNo":null,"mailingContactMobileNo2":null,"mailingSTDLandlineNo":null,"mailingSTDLandlineNo2":null,"mailingFaxNo":null,"bankAccountType":null,"bankAccountNo":null,"ifscCode":null,"GSTIN":null,"GSTRegistrationStatus":"Consumers","IsEIAavailable":"0","ApplyEIA":"0","EIAAccountNo":null,"EIAWith":"0","AccountType":null,"AddressProof":null,"DOBProof":null,"IdentityProof":null},"PolicyCreationRequest":{"Quotation_Number":"CM100086071","MasterPolicyNumber":"62-20-00014-00-00","GroupID":"GRP001","Product_Code":"4216","intermediaryCode":"2106233","AutoRenewal":"Y","intermediaryBranchCode":"10MHMUM01","agentSignatureDate":null,"Customer_Signature_Date":null,"businessSourceChannel":null,"AssignPolicy":"0","AssigneeName":null,"leadID":"69657832666","Source_Name":"AXIS_COMBI_EW","SPID":"0","TCN":null,"CRTNO":null,"RefCode1":"0","RefCode2":"2478","Employee_Number":"623291","enumIsEmployeeDiscount":null,"QuoteDate":null,"IsPayment":"1","PaymentMode":null,"PolicyproductComponents":{"PlanCode":"4216","SumInsured":"500000","SchemeCode":"4112000003"}},"MemObj":{"Member":[{"MemberNo":1,"Salutation":"Mrs","First_Name":"Kuhu","Middle_Name":null,"Last_Name":"Shah","Gender":"F","DateOfBirth":"01\/08\/1970","Relation_Code":"R001","Marital_Status":null,"height":"0.00","weight":"0","occupation":"O553","PrimaryMember":"Y","MemberproductComponents":{"PlanCode":"4216","MemberQuestionDetails":[{"QuestionCode":null,"Answer":null,"Remarks":null}]},"MemberPED":[{"PEDCode":null,"Remarks":null}],"exactDiagnosis":null,"dateOfDiagnosis":null,"lastDateConsultation":null,"detailsOfTreatmentGiven":null,"doctorName":null,"hospitalName":null,"phoneNumberHosital":null,"Nominee_First_Name":"sdf","Nominee_Last_Name":".","Nominee_Contact_Number":"8989898989","Nominee_Home_Address":null,"Nominee_Relationship_Code":"R002"}]},"ReceiptCreation":{"officeLocation":"Mumbai","modeOfEntry":"Direct","cdAcNo":null,"expiryDate":null,"payerType":"Customer","payerCode":null,"paymentBy":"Customer","paymentByName":null,"paymentByRelationship":null,"collectionAmount":1700,"collectionRcvdDate":"08\/09\/2019","collectionMode":"online","remarks":null,"instrumentNumber":"jjjj","instrumentDate":"2019-08-09","bankName":"0","branchName":"0","bankLocation":null,"micrNo":null,"chequeType":null,"ifscCode":"0","PaymentGatewayName":"AXIS_NETB","TerminalID":"76012611","CardNo":null}} [] []
[2020-09-11 16:48:00] full_quote_reponse2.INFO: "<ns0:GFB_Res xmlns:ns0=\"http:\/\/ABHICL_NBP_QuickQuote_Schemas.GFB_Response\"><errorObj><ErrorNumber>302<\/ErrorNumber><ErrorMessage><\/ErrorMessage><\/errorObj><policyDtls><TransactionReferenceNumber><\/TransactionReferenceNumber><QuotationNumber>CM100074503<\/QuotationNumber><CertificateNumber>GFB-CM-20-2000185<\/CertificateNumber><LetterURL>https:\/\/abpb.adityabirlahealth.com\/hbletter\/viewletter.aspx?ABH=86985&amp;TRM=GFB-CM-20-2000185<\/LetterURL><ClientID>1292217<\/ClientID><ProductName>Group Activ Secure<\/ProductName><ProductCode>4000<\/ProductCode><LineOfBusiness>40<\/LineOfBusiness><startDate>8\/28\/2020 12:00:00 AM<\/startDate><EndDate>8\/27\/2021 12:00:00 AM<\/EndDate><PolicyNumber>62-20-00014-00-00<\/PolicyNumber><ProposalNumber>CM100074503<\/ProposalNumber><PolicyStatus>IF<\/PolicyStatus><Tenure>1<\/Tenure><stpFlag>0<\/stpFlag><COIUrl>Template not found<\/COIUrl><\/policyDtls><premium><BasePremium><\/BasePremium><NetPremium><\/NetPremium><GST><\/GST><GrossPremium><\/GrossPremium><\/premium><receiptObj><ReceiptNumber><\/ReceiptNumber><ReceiptAmount><\/ReceiptAmount><ExcessAmount><\/ExcessAmount><\/receiptObj><\/ns0:GFB_Res>" [] []
[2020-09-11 16:48:00] api_insert.INFO: {"emp_id":"623291","client_id":"1292217","certificate_number":"GFB-CM-20-2000185","quotation_no":"CM100074503","proposal_no":"CM100074503","policy_no":"62-20-00014-00-00","status":"Success","start_date":"8\/28\/2020 12:00:00 AM","end_date":"8\/27\/2021 12:00:00 AM","created_date":"2020-09-11 16:48:00","proposal_no_lead":"P-202009110011","PolicyStatus":"IF","letter_url":"https:\/\/abpb.adityabirlahealth.com\/hbletter\/viewletter.aspx?ABH=86985&TRM=GFB-CM-20-2000185"} [] []
[2020-09-11 16:48:05] generateOTP.INFO: test [] []
[2020-09-11 16:49:39] generateOTP.INFO: test [] []
[2020-09-11 16:51:42] generateOTP.INFO: test [] []
[2020-09-11 16:52:51] generateOTP.INFO: test [] []
[2020-09-11 16:52:52] generateOTP.INFO: test [] []
[2020-09-11 16:52:59] generateOTP.INFO: test [] []
[2020-09-11 16:53:48] generateOTP.INFO: {"salutation":"1","firstname":"SS","lastname":".","dob":"19-12-1988","mob_no":"7010444138","panCard":"XXXXXX456A","email":"jack@gmail.com","ref1":"1","ref2":"1","comAdd":"Om hrad ntalatiof, holOmshre, talathioficeeachol, OmshreeSada9talathi","city":"MUMBAI","state":"MAHARASHTRA","pin_code":"622103","ISNRI":"N","update_emp_id":"623293","edit":"0","policy_no":"460,461","subtype_text":"1","sum_insure":"1000000","anuual_income":"","occupation":"9","familyConstruct":"2A","family_members_id":"0","family_gender":"Male","first_name":"SS","last_name":".","family_date_birth":"19-12-1988","age":"31","age_type":" years","tenure":"1 Year","premiumgci":"0","family_id":"","s_date":"","marriage_date":"","premium":"undefined","policyNo":"460,461","familyDataType":"undefined","empId":"623293","product":"YFsa5f4cb15ead28c","declare":"[]","gender":"Male","gci_options":"Yes"} [] []
[2020-09-11 16:54:14] generateOTP.INFO: {"salutation":"1","firstname":"SS","lastname":".","dob":"19-12-1988","mob_no":"7010444138","panCard":"XXXXXX456A","email":"jack@gmail.com","ref1":"1","ref2":"1","comAdd":"Om hrad ntalatiof, holOmshre, talathioficeeachol, OmshreeSada9talathi","city":"MUMBAI","state":"MAHARASHTRA","pin_code":"622103","ISNRI":"N","update_emp_id":"623293","edit":"0","policy_no":"460,461","subtype_text":"1","sum_insure":"1000000","anuual_income":"","occupation":"9","familyConstruct":"2A","family_members_id":"1","family_gender":"Female","first_name":"sss","last_name":"hhh","family_date_birth":"20-09-1984","age":"35","age_type":" years","tenure":"1 Year","premiumgci":"4100","family_id":"","s_date":"","marriage_date":"","premium":"undefined","policyNo":"460,461","familyDataType":"undefined","empId":"623293","product":"YFsa5f4cb15ead28c","declare":"[]","gender":"Male","gci_options":"Yes"} [] []
[2020-09-11 16:55:00] generateOTP.INFO: {"salutation":"1","firstname":"SS","lastname":".","dob":"19-12-1988","mob_no":"7010444138","panCard":"XXXXXX456A","email":"jack@gmail.com","ref1":"1","ref2":"1","comAdd":"Om hrad ntalatiof, holOmshre, talathioficeeachol, OmshreeSada9talathi","city":"MUMBAI","state":"MAHARASHTRA","pin_code":"622103","ISNRI":"N","update_emp_id":"623293","edit":"0","policy_no":"460,461","subtype_text":"1","sum_insure":"1000000","anuual_income":"0","occupation":"9","familyConstruct":"2A","family_members_id":"1","family_gender":"Female","first_name":"sss","last_name":"hhhh","family_date_birth":"14-09-1989","age":"30","age_type":" years","tenure":"1 Year","premiumgci":"8200","family_id":"","s_date":"","marriage_date":"","premium":"undefined","policyNo":"460,461","familyDataType":"undefined","empId":"623293","product":"YFsa5f4cb15ead28c","declare":"[]","gender":"Male","gci_options":"Yes"} [] []
[2020-09-11 17:02:10] generateOTP.INFO: test [] []
[2020-09-11 17:02:16] generateOTP.INFO: test [] []
[2020-09-11 17:02:31] generateOTP.INFO: test [] []
[2020-09-11 17:11:33] documentsSave.INFO: {"ops_type":"[\"0\",\"Y\"]","ids":"37,38"} [] []
[2020-09-11 17:11:33] documentsSaveFiles.INFO: [{"name":"Full Forms.jpeg","type":"image\/jpeg","tmp_name":"\/tmp\/phptEtwxy","error":0,"size":128214},{"name":"Full Forms.jpeg","type":"image\/jpeg","tmp_name":"\/tmp\/php9khhsr","error":0,"size":128214}] [] []
[2020-09-11 17:11:47] generateOTP.INFO: test [] []
[2020-09-11 17:12:32] documentsSave.INFO: {"ops_type":"[\"0\",\"Y\"]","ids":"35,36"} [] []
[2020-09-11 17:12:32] documentsSaveFiles.INFO: [{"name":"R10 Premium.xlsx","type":"application\/octet-stream","tmp_name":"\/tmp\/phpaBHk3J","error":0,"size":16027},{"name":"Axis D2C_BRD2MAr (1).docx","type":"application\/octet-stream","tmp_name":"\/tmp\/phpr3HgMh","error":0,"size":1866424}] [] []
[2020-09-11 17:56:43] generateOTP.INFO: test [] []
[2020-09-11 17:57:16] generateOTP.INFO: test [] []
[2020-09-11 17:57:19] generateOTP.INFO: test [] []
[2020-09-11 17:57:34] generateOTP.INFO: test [] []
[2020-09-11 17:57:35] generateOTP.INFO: test [] []
[2020-09-11 17:57:41] generateOTP.INFO: test [] []
[2020-09-11 17:58:02] generateOTP.INFO: test [] []
[2020-09-11 17:58:11] generateOTP.INFO: test [] []
[2020-09-11 17:58:45] generateOTP.INFO: test [] []
[2020-09-11 17:59:06] generateOTP.INFO: test [] []
[2020-09-11 18:04:17] generateOTP.INFO: test [] []
[2020-09-11 18:04:18] generateOTP.INFO: test [] []
[2020-09-11 18:06:29] generateOTP.INFO: test [] []
[2020-09-11 18:06:30] generateOTP.INFO: test [] []
[2020-09-11 18:07:10] generateOTP.INFO: test [] []
[2020-09-11 18:07:12] generateOTP.INFO: test [] []
[2020-09-11 18:07:16] generateOTP.INFO: test [] []
[2020-09-11 18:07:16] generateOTP.INFO: test [] []
[2020-09-11 18:07:19] generateOTP.INFO: test [] []
[2020-09-11 18:07:19] generateOTP.INFO: test [] []
[2020-09-11 18:07:19] generateOTP.INFO: test [] []
[2020-09-11 18:07:38] generateOTP.INFO: test [] []
[2020-09-11 18:08:09] generateOTP.INFO: test [] []
[2020-09-11 18:08:11] generateOTP.INFO: test [] []
[2020-09-11 18:08:47] generateOTP.INFO: test [] []
[2020-09-11 18:08:48] generateOTP.INFO: test [] []
[2020-09-11 18:10:14] generateOTP.INFO: test [] []
[2020-09-11 18:10:14] generateOTP.INFO: test [] []
[2020-09-11 18:10:58] generateOTP.INFO: test [] []
[2020-09-11 18:10:59] generateOTP.INFO: test [] []
[2020-09-11 18:11:07] generateOTP.INFO: test [] []
[2020-09-11 18:11:25] generateOTP.INFO: test [] []
[2020-09-11 18:11:42] generateOTP.INFO: test [] []
[2020-09-11 18:18:23] generateOTP.INFO: test [] []
[2020-09-11 18:18:28] generateOTP.INFO: test [] []
[2020-09-11 18:18:44] generateOTP.INFO: test [] []
[2020-09-11 18:18:45] generateOTP.INFO: test [] []
[2020-09-11 18:19:13] generateOTP.INFO: test [] []
[2020-09-11 18:19:14] generateOTP.INFO: test [] []
[2020-09-11 18:19:54] generateOTP.INFO: test [] []
[2020-09-11 18:20:08] generateOTP.INFO: test [] []
[2020-09-11 18:20:31] generateOTP.INFO: test [] []
[2020-09-11 18:20:44] generateOTP.INFO: test [] []
[2020-09-11 18:20:55] generateOTP.INFO: test [] []
[2020-09-11 18:22:44] generateOTP.INFO: test [] []
[2020-09-11 18:23:47] generateOTP.INFO: test [] []
[2020-09-11 18:25:05] generateOTP.INFO: test [] []
[2020-09-11 18:25:10] generateOTP.INFO: test [] []
[2020-09-11 18:25:59] generateOTP.INFO: test [] []
[2020-09-11 18:26:01] generateOTP.INFO: test [] []
[2020-09-11 18:26:14] generateOTP.INFO: test [] []
[2020-09-11 18:26:15] generateOTP.INFO: test [] []
[2020-09-11 18:26:55] generateOTP.INFO: test [] []
[2020-09-11 18:26:56] generateOTP.INFO: test [] []
[2020-09-11 18:27:42] generateOTP.INFO: test [] []
[2020-09-11 18:27:44] generateOTP.INFO: test [] []
[2020-09-11 18:28:10] generateOTP.INFO: test [] []
[2020-09-11 18:33:32] generateOTP.INFO: test [] []
[2020-09-11 18:34:10] generateOTP.INFO: test [] []
[2020-09-11 18:34:11] generateOTP.INFO: test [] []
[2020-09-11 18:35:44] generateOTP.INFO: test [] []
[2020-09-11 18:35:47] generateOTP.INFO: test [] []
[2020-09-11 18:36:13] generateOTP.INFO: test [] []
[2020-09-11 18:36:15] generateOTP.INFO: test [] []
[2020-09-11 18:36:15] generateOTP.INFO: test [] []
[2020-09-11 18:38:09] generateOTP.INFO: test [] []
[2020-09-11 18:40:11] generateOTP.INFO: test [] []
[2020-09-11 18:40:14] generateOTP.INFO: test [] []
[2020-09-11 18:40:26] generateOTP.INFO: test [] []
[2020-09-11 18:40:27] generateOTP.INFO: test [] []
[2020-09-11 18:41:58] generateOTP.INFO: test [] []
[2020-09-11 18:41:59] generateOTP.INFO: test [] []
[2020-09-11 18:42:29] generateOTP.INFO: test [] []
[2020-09-11 18:42:42] generateOTP.INFO: test [] []
[2020-09-11 18:42:49] generateOTP.INFO: test [] []
[2020-09-11 18:43:09] generateOTP.INFO: test [] []
[2020-09-11 18:43:38] generateOTP.INFO: test [] []
[2020-09-11 18:43:58] generateOTP.INFO: test [] []
[2020-09-11 18:44:16] generateOTP.INFO: test [] []
[2020-09-11 18:44:58] generateOTP.INFO: test [] []
[2020-09-11 18:46:06] generateOTP.INFO: test [] []
[2020-09-11 18:46:08] generateOTP.INFO: test [] []
[2020-09-11 18:59:12] generateOTP.INFO: test [] []
[2020-09-11 18:59:18] generateOTP.INFO: test [] []
[2020-09-11 18:59:20] generateOTP.INFO: test [] []
[2020-09-11 19:52:42] generateOTP.INFO: test [] []
[2020-09-11 19:52:42] generateOTP.INFO: test [] []
[2020-09-11 19:52:48] generateOTP.INFO: test [] []
[2020-09-11 19:54:12] generateOTP.INFO: test [] []
[2020-09-11 19:57:21] generateOTP.INFO: test [] []
[2020-09-11 19:58:04] generateOTP.INFO: test [] []
[2020-09-11 20:00:03] generateOTP.INFO: test [] []
[2020-09-11 20:00:47] generateOTP.INFO: test [] []
[2020-09-11 20:01:03] generateOTP.INFO: test [] []
[2020-09-11 20:01:04] generateOTP.INFO: test [] []
[2020-09-11 20:01:16] generateOTP.INFO: test [] []
[2020-09-11 20:01:36] generateOTP.INFO: test [] []
[2020-09-11 20:01:52] generateOTP.INFO: test [] []
[2020-09-11 20:01:53] generateOTP.INFO: test [] []
[2020-09-11 20:01:54] generateOTP.INFO: test [] []
[2020-09-11 20:02:17] generateOTP.INFO: test [] []
[2020-09-11 20:05:29] generateOTP.INFO: test [] []
[2020-09-11 20:11:07] generateOTP.INFO: test [] []
[2020-09-11 20:11:08] generateOTP.INFO: test [] []
[2020-09-11 20:11:18] generateOTP.INFO: test [] []
[2020-09-11 20:11:19] generateOTP.INFO: test [] []
[2020-09-11 20:11:21] generateOTP.INFO: test [] []
[2020-09-11 20:12:15] generateOTP.INFO: test [] []
[2020-09-11 20:12:35] generateOTP.INFO: test [] []
[2020-09-11 20:57:03] generateOTP.INFO: test [] []
[2020-09-11 20:57:24] generateOTP.INFO: test [] []
[2020-09-11 20:57:33] generateOTP.INFO: test [] []
[2020-09-11 20:57:48] generateOTP.INFO: test [] []
[2020-09-11 20:57:57] generateOTP.INFO: test [] []
[2020-09-11 20:57:58] generateOTP.INFO: test [] []
[2020-09-11 21:00:17] generateOTP.INFO: test [] []
[2020-09-11 21:00:21] generateOTP.INFO: test [] []
[2020-09-11 21:10:01] generateOTP.INFO: test [] []
[2020-09-11 21:10:22] generateOTP.INFO: test [] []
[2020-09-11 21:10:23] generateOTP.INFO: test [] []
[2020-09-11 21:11:10] generateOTP.INFO: test [] []
[2020-09-11 21:11:25] generateOTP.INFO: test [] []
[2020-09-11 21:15:26] generateOTP.INFO: test [] []
[2020-09-11 21:15:28] generateOTP.INFO: test [] []
[2020-09-11 21:15:45] generateOTP.INFO: test [] []
[2020-09-11 21:16:14] generateOTP.INFO: test [] []
[2020-09-11 21:16:34] generateOTP.INFO: test [] []
[2020-09-11 21:17:16] generateOTP.INFO: test [] []
[2020-09-11 21:17:36] generateOTP.INFO: test [] []
[2020-09-11 21:17:43] generateOTP.INFO: test [] []
[2020-09-11 21:17:54] generateOTP.INFO: test [] []
[2020-09-11 21:18:09] generateOTP.INFO: test [] []
[2020-09-11 21:18:20] generateOTP.INFO: test [] []
[2020-09-11 21:20:20] generateOTP.INFO: test [] []
[2020-09-11 21:21:04] generateOTP.INFO: test [] []
[2020-09-11 21:21:04] generateOTP.INFO: test [] []
[2020-09-11 21:21:20] generateOTP.INFO: test [] []
[2020-09-11 21:21:24] generateOTP.INFO: test [] []
[2020-09-11 21:21:28] generateOTP.INFO: test [] []
[2020-09-11 21:21:29] generateOTP.INFO: test [] []
[2020-09-11 21:21:31] generateOTP.INFO: test [] []
[2020-09-11 21:21:31] generateOTP.INFO: test [] []
[2020-09-11 21:21:31] generateOTP.INFO: test [] []
[2020-09-11 21:21:41] generateOTP.INFO: test [] []
[2020-09-11 21:22:10] generateOTP.INFO: test [] []
[2020-09-11 21:22:10] generateOTP.INFO: test [] []
[2020-09-11 21:23:29] generateOTP.INFO: test [] []
[2020-09-11 21:23:34] generateOTP.INFO: test [] []
[2020-09-11 21:23:45] generateOTP.INFO: test [] []
[2020-09-11 21:23:52] generateOTP.INFO: test [] []
[2020-09-11 21:24:31] generateOTP.INFO: test [] []
[2020-09-11 21:24:56] generateOTP.INFO: test [] []
[2020-09-11 21:24:57] generateOTP.INFO: test [] []
[2020-09-11 21:27:04] generateOTP.INFO: test [] []
[2020-09-11 21:27:06] generateOTP.INFO: test [] []
[2020-09-11 21:27:36] generateOTP.INFO: test [] []
[2020-09-11 21:27:37] generateOTP.INFO: test [] []
[2020-09-11 23:11:03] generateOTP.INFO: test [] []
[2020-09-11 23:11:03] generateOTP.INFO: test [] []
[2020-09-11 23:11:26] generateOTP.INFO: test [] []
[2020-09-11 23:11:26] generateOTP.INFO: test [] []
[2020-09-11 23:11:28] generateOTP.INFO: test [] []
[2020-09-11 23:11:28] generateOTP.INFO: test [] []
[2020-09-11 23:11:30] generateOTP.INFO: test [] []
[2020-09-11 23:11:30] generateOTP.INFO: test [] []
[2020-09-11 23:11:30] generateOTP.INFO: test [] []
[2020-09-11 23:11:31] generateOTP.INFO: test [] []
[2020-09-11 23:11:51] generateOTP.INFO: test [] []
[2020-09-11 23:11:51] generateOTP.INFO: test [] []
[2020-09-11 23:12:06] generateOTP.INFO: test [] []
[2020-09-11 23:12:06] generateOTP.INFO: test [] []
[2020-09-11 23:13:06] generateOTP.INFO: test [] []
[2020-09-11 23:14:36] generateOTP.INFO: test [] []
[2020-09-11 23:14:42] generateOTP.INFO: test [] []
[2020-09-11 23:14:42] generateOTP.INFO: test [] []
[2020-09-11 23:14:45] generateOTP.INFO: test [] []
[2020-09-11 23:14:46] generateOTP.INFO: test [] []
[2020-09-11 23:14:58] generateOTP.INFO: test [] []
[2020-09-11 23:15:32] generateOTP.INFO: test [] []
[2020-09-11 23:16:07] generateOTP.INFO: test [] []
[2020-09-11 23:17:53] generateOTP.INFO: test [] []
