[2020-06-11 09:34:40] generateOTP.INFO: test [] []
[2020-06-11 09:34:40] generateOTP.INFO: test [] []
[2020-06-11 09:34:41] generateOTP.INFO: test [] []
[2020-06-11 09:34:45] generateOTP.INFO: test [] []
[2020-06-11 09:34:49] generateOTP.INFO: test [] []
[2020-06-11 09:59:54] generateOTP.INFO: test [] []
[2020-06-11 09:59:56] generateOTP.INFO: test [] []
[2020-06-11 10:00:03] generateOTP.INFO: test [] []
[2020-06-11 10:00:07] generateOTP.INFO: test [] []
[2020-06-11 10:00:18] generateOTP.INFO: test [] []
[2020-06-11 10:00:27] generateOTP.INFO: test [] []
[2020-06-11 10:01:29] generateOTP.INFO: test [] []
[2020-06-11 10:01:35] generateOTP.INFO: test [] []
[2020-06-11 10:04:06] generateOTP.INFO: test [] []
[2020-06-11 10:15:59] generateOTP.INFO: test [] []
[2020-06-11 10:15:59] generateOTP.INFO: test [] []
[2020-06-11 10:16:12] generateOTP.INFO: test [] []
[2020-06-11 10:16:21] generateOTP.INFO: test [] []
[2020-06-11 10:16:21] generateOTP.INFO: test [] []
[2020-06-11 10:16:24] generateOTP.INFO: test [] []
[2020-06-11 10:16:24] generateOTP.INFO: test [] []
[2020-06-11 10:16:34] generateOTP.INFO: test [] []
[2020-06-11 10:16:46] generateOTP.INFO: test [] []
[2020-06-11 10:16:52] generateOTP.INFO: test [] []
[2020-06-11 10:33:16] generateOTP.INFO: test [] []
[2020-06-11 10:33:17] generateOTP.INFO: test [] []
[2020-06-11 10:33:37] generateOTP.INFO: test [] []
[2020-06-11 10:34:10] generateOTP.INFO: test [] []
[2020-06-11 10:34:32] generateOTP.INFO: {"edit":"0","policy_no":"415","subtype_text":"1","sum_insure":"500000","familyConstruct":"1A","businessType":"New","family_members_id":"0","family_gender":"Female","first_name":"HDDFHDFHD","last_name":"nfgnfgh","family_date_birth":"29-06-1985","age":"35","age_type":"years","sub_type_check":["1"],"43":"No","46":"No","myGHD":{"B":{"remark":""},"D1":{"remark":""},"D2":{"remark":""},"D3":{"remark":""},"D4":{"remark":""},"E":{"remark":""}},"family_id":"","s_date":"","marriage_date":"","premium":"7605","policyNo":"415","familyDataType":"family_construct","declare":"[{\"question\":\"43\",\"format\":\"No\"},{\"question\":\"46\",\"format\":\"No\"}]"} [] []
[2020-06-11 10:35:23] generateOTP.INFO: test [] []
[2020-06-11 10:35:37] generateOTP.INFO: test [] []
[2020-06-11 10:35:47] generateOTP.INFO: test [] []
[2020-06-11 10:35:56] generateOTP.INFO: test [] []
[2020-06-11 10:35:57] generateOTP.INFO: test [] []
[2020-06-11 10:36:11] generateOTP.INFO: test [] []
[2020-06-11 10:36:18] generateOTP.INFO: test [] []
[2020-06-11 10:36:28] generateOTP.INFO: test [] []
[2020-06-11 10:36:58] generateOTP.INFO: test [] []
[2020-06-11 10:37:02] generateOTP.INFO: test [] []
[2020-06-11 10:37:50] generateOTP.INFO: test [] []
[2020-06-11 10:39:06] generateOTP.INFO: test [] []
[2020-06-11 10:40:13] generateOTP.INFO: test [] []
[2020-06-11 10:40:17] generateOTP.INFO: test [] []
[2020-06-11 10:40:26] generateOTP.INFO: test [] []
[2020-06-11 10:40:26] generateOTP.INFO: test [] []
[2020-06-11 10:40:31] generateOTP.INFO: test [] []
[2020-06-11 10:40:32] generateOTP.INFO: test [] []
[2020-06-11 10:40:33] generateOTP.INFO: test [] []
[2020-06-11 10:40:34] generateOTP.INFO: test [] []
[2020-06-11 10:40:38] generateOTP.INFO: test [] []
[2020-06-11 10:40:44] generateOTP.INFO: test [] []
[2020-06-11 10:41:01] generateOTP.INFO: test [] []
[2020-06-11 10:41:04] generateOTP.INFO: test [] []
[2020-06-11 10:41:12] generateOTP.INFO: test [] []
[2020-06-11 10:41:59] generateOTP.INFO: test [] []
[2020-06-11 10:45:10] generateOTP.INFO: test [] []
[2020-06-11 10:45:13] generateOTP.INFO: test [] []
[2020-06-11 10:45:17] generateOTP.INFO: test [] []
[2020-06-11 10:45:28] generateOTP.INFO: test [] []
[2020-06-11 10:45:31] generateOTP.INFO: test [] []
[2020-06-11 11:05:13] generateOTP.INFO: test [] []
[2020-06-11 11:05:14] generateOTP.INFO: test [] []
[2020-06-11 11:05:18] generateOTP.INFO: test [] []
[2020-06-11 11:07:48] generateOTP.INFO: test [] []
[2020-06-11 11:08:06] generateOTP.INFO: test [] []
[2020-06-11 11:08:14] generateOTP.INFO: test [] []
[2020-06-11 11:08:35] generateOTP.INFO: test [] []
[2020-06-11 11:08:46] generateOTP.INFO: test [] []
[2020-06-11 11:08:56] generateOTP.INFO: test [] []
[2020-06-11 11:09:01] generateOTP.INFO: test [] []
[2020-06-11 11:10:58] generateOTP.INFO: test [] []
[2020-06-11 11:11:06] generateOTP.INFO: test [] []
[2020-06-11 11:11:15] generateOTP.INFO: test [] []
[2020-06-11 11:11:16] generateOTP.INFO: test [] []
[2020-06-11 11:11:34] generateOTP.INFO: test [] []
[2020-06-11 11:11:44] generateOTP.INFO: test [] []
[2020-06-11 11:11:58] generateOTP.INFO: test [] []
[2020-06-11 11:14:23] generateOTP.INFO: test [] []
[2020-06-11 11:14:24] generateOTP.INFO: test [] []
[2020-06-11 11:14:30] generateOTP.INFO: test [] []
[2020-06-11 11:38:16] generateOTP.INFO: test [] []
[2020-06-11 11:38:18] generateOTP.INFO: test [] []
[2020-06-11 11:39:34] generateOTP.INFO: test [] []
[2020-06-11 11:39:49] generateOTP.INFO: test [] []
[2020-06-11 11:40:03] generateOTP.INFO: test [] []
[2020-06-11 11:43:26] generateOTP.INFO: test [] []
[2020-06-11 11:43:33] generateOTP.INFO: test [] []
[2020-06-11 11:43:34] generateOTP.INFO: test [] []
[2020-06-11 11:43:51] generateOTP.INFO: test [] []
[2020-06-11 11:44:16] generateOTP.INFO: test [] []
[2020-06-11 11:44:48] generateOTP.INFO: test [] []
[2020-06-11 11:44:50] generateOTP.INFO: test [] []
[2020-06-11 11:44:51] generateOTP.INFO: test [] []
[2020-06-11 12:07:05] generateOTP.INFO: test [] []
[2020-06-11 12:07:11] generateOTP.INFO: test [] []
[2020-06-11 12:07:26] generateOTP.INFO: test [] []
[2020-06-11 12:07:42] generateOTP.INFO: test [] []
[2020-06-11 12:08:44] generateOTP.INFO: test [] []
[2020-06-11 12:08:48] generateOTP.INFO: test [] []
[2020-06-11 12:46:46] generateOTP.INFO: test [] []
[2020-06-11 12:48:35] generateOTP.INFO: test [] []
[2020-06-11 12:59:32] generateOTP.INFO: test [] []
[2020-06-11 13:00:56] generateOTP.INFO: test [] []
[2020-06-11 13:01:49] generateOTP.INFO: test [] []
[2020-06-11 13:03:15] generateOTP.INFO: test [] []
[2020-06-11 13:17:19] generateOTP.INFO: test [] []
[2020-06-11 13:17:21] generateOTP.INFO: test [] []
[2020-06-11 13:17:35] generateOTP.INFO: test [] []
[2020-06-11 13:18:12] generateOTP.INFO: test [] []
[2020-06-11 13:18:41] generateOTP.INFO: test [] []
[2020-06-11 13:18:52] generateOTP.INFO: test [] []
[2020-06-11 13:19:26] generateOTP.INFO: {"edit":"0","policy_no":"415","subtype_text":"1","sum_insure":"500000","familyConstruct":"1A","businessType":"New","family_members_id":"0","family_gender":"Male","first_name":"dfvdfv","last_name":"dfvdfv","family_date_birth":"01-06-1928","age":"92","age_type":"years","myGHD":{"B":{"remark":""},"D1":{"remark":""},"D2":{"remark":""},"D3":{"remark":""},"D4":{"remark":""},"E":{"remark":""}},"family_id":"","s_date":"","marriage_date":"","premium":"7605","policyNo":"415","familyDataType":"family_construct","declare":"[]"} [] []
[2020-06-11 13:27:03] generateOTP.INFO: test [] []
[2020-06-11 13:27:03] generateOTP.INFO: test [] []
[2020-06-11 13:27:03] generateOTP.INFO: test [] []
[2020-06-11 13:42:03] generateOTP.INFO: test [] []
[2020-06-11 13:42:07] generateOTP.INFO: test [] []
[2020-06-11 15:09:23] generateOTP.INFO: test [] []
[2020-06-11 15:09:23] generateOTP.INFO: test [] []
[2020-06-11 15:09:31] generateOTP.INFO: test [] []
[2020-06-11 15:09:38] generateOTP.INFO: test [] []
[2020-06-11 15:09:41] generateOTP.INFO: test [] []
[2020-06-11 15:10:20] generateOTP.INFO: test [] []
[2020-06-11 15:23:36] generateOTP.INFO: test [] []
[2020-06-11 15:23:45] generateOTP.INFO: test [] []
[2020-06-11 15:24:16] generateOTP.INFO: test [] []
[2020-06-11 16:00:22] generateOTP.INFO: test [] []
[2020-06-11 16:00:22] generateOTP.INFO: test [] []
[2020-06-11 16:00:22] generateOTP.INFO: test [] []
[2020-06-11 16:00:28] generateOTP.INFO: test [] []
[2020-06-11 16:00:32] generateOTP.INFO: test [] []
[2020-06-11 16:12:55] generateOTP.INFO: test [] []
[2020-06-11 16:12:55] generateOTP.INFO: test [] []
[2020-06-11 16:12:56] generateOTP.INFO: test [] []
[2020-06-11 16:13:04] generateOTP.INFO: test [] []
[2020-06-11 16:14:56] generateOTP.INFO: test [] []
[2020-06-11 16:15:00] generateOTP.INFO: test [] []
[2020-06-11 16:15:02] generateOTP.INFO: test [] []
[2020-06-11 16:15:02] generateOTP.INFO: test [] []
[2020-06-11 16:15:10] generateOTP.INFO: test [] []
[2020-06-11 16:15:16] generateOTP.INFO: test [] []
[2020-06-11 16:16:14] generateOTP.INFO: test [] []
[2020-06-11 16:17:04] generateOTP.INFO: test [] []
[2020-06-11 16:21:48] generateOTP.INFO: test [] []
[2020-06-11 16:22:14] generateOTP.INFO: test [] []
[2020-06-11 16:22:44] generateOTP.INFO: test [] []
[2020-06-11 16:23:02] generateOTP.INFO: test [] []
[2020-06-11 16:28:30] generateOTP.INFO: test [] []
[2020-06-11 16:33:08] generateOTP.INFO: test [] []
[2020-06-11 16:33:10] generateOTP.INFO: test [] []
[2020-06-11 16:33:29] generateOTP.INFO: test [] []
[2020-06-11 16:33:48] generateOTP.INFO: test [] []
[2020-06-11 16:36:59] generateOTP.INFO: test [] []
[2020-06-11 16:38:13] generateOTP.INFO: test [] []
[2020-06-11 16:38:36] generateOTP.INFO: test [] []
[2020-06-11 16:38:36] generateOTP.INFO: test [] []
[2020-06-11 16:38:37] generateOTP.INFO: test [] []
[2020-06-11 16:38:49] generateOTP.INFO: test [] []
[2020-06-11 16:38:57] generateOTP.INFO: test [] []
[2020-06-11 16:39:29] generateOTP.INFO: test [] []
[2020-06-11 16:39:29] generateOTP.INFO: test [] []
[2020-06-11 16:39:36] generateOTP.INFO: test [] []
[2020-06-11 16:39:46] generateOTP.INFO: test [] []
[2020-06-11 16:40:09] generateOTP.INFO: test [] []
[2020-06-11 16:40:09] generateOTP.INFO: test [] []
[2020-06-11 16:40:10] generateOTP.INFO: test [] []
[2020-06-11 16:40:17] generateOTP.INFO: test [] []
[2020-06-11 16:40:18] generateOTP.INFO: test [] []
[2020-06-11 16:40:18] generateOTP.INFO: test [] []
[2020-06-11 16:40:18] generateOTP.INFO: test [] []
[2020-06-11 16:40:19] generateOTP.INFO: test [] []
[2020-06-11 16:40:23] generateOTP.INFO: test [] []
[2020-06-11 16:40:23] generateOTP.INFO: test [] []
[2020-06-11 16:40:24] generateOTP.INFO: test [] []
[2020-06-11 16:40:24] generateOTP.INFO: test [] []
[2020-06-11 16:40:25] generateOTP.INFO: test [] []
[2020-06-11 16:40:34] generateOTP.INFO: test [] []
[2020-06-11 16:40:40] generateOTP.INFO: test [] []
[2020-06-11 16:40:41] generateOTP.INFO: test [] []
[2020-06-11 16:40:47] generateOTP.INFO: test [] []
[2020-06-11 16:40:47] generateOTP.INFO: test [] []
[2020-06-11 16:40:47] generateOTP.INFO: test [] []
[2020-06-11 16:40:47] generateOTP.INFO: test [] []
[2020-06-11 16:40:48] generateOTP.INFO: test [] []
[2020-06-11 16:40:48] generateOTP.INFO: test [] []
[2020-06-11 16:40:48] generateOTP.INFO: test [] []
[2020-06-11 16:40:48] generateOTP.INFO: test [] []
[2020-06-11 16:40:49] generateOTP.INFO: test [] []
[2020-06-11 16:40:49] generateOTP.INFO: test [] []
[2020-06-11 16:40:52] generateOTP.INFO: test [] []
[2020-06-11 16:40:52] generateOTP.INFO: test [] []
[2020-06-11 16:40:53] generateOTP.INFO: test [] []
[2020-06-11 16:41:00] generateOTP.INFO: test [] []
[2020-06-11 16:41:09] generateOTP.INFO: test [] []
[2020-06-11 16:42:04] generateOTP.INFO: test [] []
[2020-06-11 16:42:04] generateOTP.INFO: test [] []
[2020-06-11 16:42:05] generateOTP.INFO: test [] []
[2020-06-11 16:42:13] generateOTP.INFO: test [] []
[2020-06-11 16:42:28] generateOTP.INFO: test [] []
[2020-06-11 16:43:15] generateOTP.INFO: test [] []
[2020-06-11 16:44:49] generateOTP.INFO: test [] []
[2020-06-11 16:44:50] generateOTP.INFO: test [] []
[2020-06-11 16:44:50] generateOTP.INFO: test [] []
[2020-06-11 16:45:01] generateOTP.INFO: test [] []
[2020-06-11 16:45:40] generateOTP.INFO: test [] []
[2020-06-11 16:46:23] generateOTP.INFO: test [] []
[2020-06-11 16:46:23] generateOTP.INFO: test [] []
[2020-06-11 16:46:24] generateOTP.INFO: test [] []
[2020-06-11 16:46:33] generateOTP.INFO: test [] []
[2020-06-11 16:46:38] generateOTP.INFO: test [] []
[2020-06-11 16:47:08] generateOTP.INFO: test [] []
[2020-06-11 16:47:08] generateOTP.INFO: test [] []
[2020-06-11 16:47:10] generateOTP.INFO: test [] []
[2020-06-11 16:47:24] generateOTP.INFO: test [] []
[2020-06-11 16:47:39] generateOTP.INFO: test [] []
[2020-06-11 16:49:26] generateOTP.INFO: test [] []
[2020-06-11 16:49:32] generateOTP.INFO: test [] []
[2020-06-11 16:49:34] generateOTP.INFO: test [] []
[2020-06-11 16:49:35] generateOTP.INFO: test [] []
[2020-06-11 16:49:45] generateOTP.INFO: test [] []
[2020-06-11 16:50:07] generateOTP.INFO: test [] []
[2020-06-11 16:50:19] generateOTP.INFO: test [] []
[2020-06-11 16:50:34] generateOTP.INFO: test [] []
[2020-06-11 16:50:37] generateOTP.INFO: test [] []
[2020-06-11 16:50:38] generateOTP.INFO: test [] []
[2020-06-11 16:51:08] generateOTP.INFO: test [] []
[2020-06-11 16:51:09] generateOTP.INFO: test [] []
[2020-06-11 16:51:22] generateOTP.INFO: test [] []
[2020-06-11 16:51:23] generateOTP.INFO: test [] []
[2020-06-11 17:04:55] generateOTP.INFO: test [] []
[2020-06-11 17:04:55] generateOTP.INFO: test [] []
[2020-06-11 17:04:56] generateOTP.INFO: test [] []
[2020-06-11 17:05:13] generateOTP.INFO: test [] []
[2020-06-11 17:05:19] generateOTP.INFO: test [] []
[2020-06-11 17:07:42] generateOTP.INFO: test [] []
[2020-06-11 17:07:42] generateOTP.INFO: test [] []
[2020-06-11 17:07:43] generateOTP.INFO: test [] []
[2020-06-11 17:16:35] generateOTP.INFO: test [] []
[2020-06-11 17:18:01] generateOTP.INFO: test [] []
[2020-06-11 17:18:01] generateOTP.INFO: test [] []
[2020-06-11 17:18:02] generateOTP.INFO: test [] []
[2020-06-11 17:18:13] generateOTP.INFO: test [] []
[2020-06-11 17:18:57] generateOTP.INFO: test [] []
[2020-06-11 17:19:55] generateOTP.INFO: test [] []
[2020-06-11 17:21:03] generateOTP.INFO: test [] []
[2020-06-11 17:23:32] generateOTP.INFO: test [] []
[2020-06-11 17:26:43] generateOTP.INFO: test [] []
[2020-06-11 17:26:44] generateOTP.INFO: test [] []
[2020-06-11 17:34:24] generateOTP.INFO: test [] []
[2020-06-11 17:36:30] generateOTP.INFO: test [] []
[2020-06-11 17:36:39] generateOTP.INFO: test [] []
[2020-06-11 17:37:19] generateOTP.INFO: test [] []
[2020-06-11 17:38:27] generateOTP.INFO: test [] []
[2020-06-11 17:39:12] generateOTP.INFO: test [] []
[2020-06-11 17:39:22] generateOTP.INFO: test [] []
[2020-06-11 17:39:37] generateOTP.INFO: test [] []
[2020-06-11 17:40:51] generateOTP.INFO: test [] []
[2020-06-11 17:42:04] generateOTP.INFO: test [] []
[2020-06-11 17:42:55] generateOTP.INFO: test [] []
[2020-06-11 17:42:57] generateOTP.INFO: test [] []
[2020-06-11 17:43:32] generateOTP.INFO: test [] []
[2020-06-11 17:45:15] generateOTP.INFO: test [] []
[2020-06-11 17:45:16] generateOTP.INFO: test [] []
[2020-06-11 17:45:32] generateOTP.INFO: test [] []
[2020-06-11 17:45:46] generateOTP.INFO: test [] []
[2020-06-11 17:45:47] generateOTP.INFO: test [] []
[2020-06-11 17:45:47] generateOTP.INFO: test [] []
[2020-06-11 17:45:47] generateOTP.INFO: test [] []
[2020-06-11 17:45:56] generateOTP.INFO: test [] []
[2020-06-11 17:45:58] generateOTP.INFO: test [] []
[2020-06-11 17:45:58] generateOTP.INFO: test [] []
[2020-06-11 17:45:59] generateOTP.INFO: test [] []
[2020-06-11 17:45:59] generateOTP.INFO: test [] []
[2020-06-11 17:46:00] generateOTP.INFO: test [] []
[2020-06-11 17:46:04] generateOTP.INFO: test [] []
[2020-06-11 17:46:17] generateOTP.INFO: test [] []
[2020-06-11 17:46:17] generateOTP.INFO: test [] []
[2020-06-11 17:46:24] generateOTP.INFO: test [] []
[2020-06-11 17:46:24] generateOTP.INFO: test [] []
[2020-06-11 17:46:25] generateOTP.INFO: test [] []
[2020-06-11 17:46:27] generateOTP.INFO: test [] []
[2020-06-11 17:46:31] generateOTP.INFO: test [] []
[2020-06-11 17:46:31] generateOTP.INFO: test [] []
[2020-06-11 17:46:32] generateOTP.INFO: test [] []
[2020-06-11 17:46:32] generateOTP.INFO: test [] []
[2020-06-11 17:46:32] generateOTP.INFO: test [] []
[2020-06-11 17:46:33] generateOTP.INFO: test [] []
[2020-06-11 17:46:33] generateOTP.INFO: test [] []
[2020-06-11 17:46:33] generateOTP.INFO: test [] []
[2020-06-11 17:46:34] generateOTP.INFO: test [] []
[2020-06-11 17:46:39] generateOTP.INFO: test [] []
[2020-06-11 17:46:47] generateOTP.INFO: test [] []
[2020-06-11 17:46:59] generateOTP.INFO: test [] []
[2020-06-11 17:47:08] generateOTP.INFO: test [] []
[2020-06-11 17:47:57] generateOTP.INFO: test [] []
[2020-06-11 17:53:39] generateOTP.INFO: test [] []
[2020-06-11 17:53:39] generateOTP.INFO: test [] []
[2020-06-11 17:53:46] generateOTP.INFO: test [] []
[2020-06-11 17:53:54] generateOTP.INFO: test [] []
[2020-06-11 17:55:36] generateOTP.INFO: test [] []
[2020-06-11 17:55:45] generateOTP.INFO: test [] []
[2020-06-11 17:55:45] generateOTP.INFO: test [] []
[2020-06-11 17:55:46] generateOTP.INFO: test [] []
[2020-06-11 17:55:46] generateOTP.INFO: test [] []
[2020-06-11 17:55:57] generateOTP.INFO: test [] []
[2020-06-11 17:56:13] generateOTP.INFO: test [] []
[2020-06-11 17:56:16] generateOTP.INFO: test [] []
[2020-06-11 17:56:16] generateOTP.INFO: test [] []
[2020-06-11 17:56:22] generateOTP.INFO: test [] []
[2020-06-11 17:56:22] generateOTP.INFO: test [] []
[2020-06-11 17:56:22] generateOTP.INFO: test [] []
[2020-06-11 17:56:22] generateOTP.INFO: test [] []
[2020-06-11 17:56:22] generateOTP.INFO: test [] []
[2020-06-11 17:56:22] generateOTP.INFO: test [] []
[2020-06-11 17:56:23] generateOTP.INFO: test [] []
[2020-06-11 17:56:23] generateOTP.INFO: test [] []
[2020-06-11 17:56:23] generateOTP.INFO: test [] []
[2020-06-11 17:56:23] generateOTP.INFO: test [] []
[2020-06-11 17:56:23] generateOTP.INFO: test [] []
[2020-06-11 17:56:26] generateOTP.INFO: test [] []
[2020-06-11 17:56:27] generateOTP.INFO: test [] []
[2020-06-11 17:56:31] generateOTP.INFO: test [] []
[2020-06-11 17:56:42] generateOTP.INFO: test [] []
[2020-06-11 17:56:44] generateOTP.INFO: test [] []
[2020-06-11 17:56:44] generateOTP.INFO: test [] []
[2020-06-11 17:56:46] generateOTP.INFO: test [] []
[2020-06-11 17:56:52] generateOTP.INFO: test [] []
[2020-06-11 17:57:00] generateOTP.INFO: test [] []
[2020-06-11 17:57:51] generateOTP.INFO: test [] []
[2020-06-11 17:58:12] generateOTP.INFO: test [] []
[2020-06-11 17:59:24] generateOTP.INFO: test [] []
[2020-06-11 18:00:18] generateOTP.INFO: test [] []
[2020-06-11 18:07:12] generateOTP.INFO: test [] []
[2020-06-11 18:11:18] generateOTP.INFO: test [] []
[2020-06-11 18:12:44] generateOTP.INFO: test [] []
[2020-06-11 18:14:03] generateOTP.INFO: test [] []
[2020-06-11 18:15:05] generateOTP.INFO: test [] []
[2020-06-11 18:15:06] generateOTP.INFO: test [] []
[2020-06-11 18:15:07] generateOTP.INFO: test [] []
[2020-06-11 18:15:11] generateOTP.INFO: test [] []
[2020-06-11 18:15:12] generateOTP.INFO: test [] []
[2020-06-11 18:15:27] generateOTP.INFO: test [] []
[2020-06-11 18:15:32] generateOTP.INFO: test [] []
[2020-06-11 18:16:09] generateOTP.INFO: test [] []
[2020-06-11 18:16:49] generateOTP.INFO: test [] []
[2020-06-11 18:16:59] generateOTP.INFO: test [] []
[2020-06-11 18:17:06] generateOTP.INFO: test [] []
[2020-06-11 18:18:15] generateOTP.INFO: test [] []
[2020-06-11 18:18:27] generateOTP.INFO: test [] []
[2020-06-11 18:18:55] generateOTP.INFO: test [] []
[2020-06-11 18:19:28] generateOTP.INFO: test [] []
[2020-06-11 18:19:35] generateOTP.INFO: test [] []
[2020-06-11 18:23:00] generateOTP.INFO: test [] []
[2020-06-11 18:23:05] generateOTP.INFO: test [] []
[2020-06-11 18:25:38] generateOTP.INFO: test [] []
[2020-06-11 18:26:16] generateOTP.INFO: {"edit":"0","policy_no":"415","subtype_text":"1","sum_insure":"500000","familyConstruct":"1A","businessType":"New","family_members_id":"0","family_salutation":"Mr","family_gender":"Male","first_name":"vcxv","last_name":"gjchbd","family_date_birth":"26-06-1980","age":"40","age_type":"years","remark":"vbbvb","myGHD":{"B":{"remark":""},"D1":{"remark":""},"D2":{"remark":""},"D3":{"remark":""},"D4":{"remark":""},"E":{"remark":""}},"family_id":"","s_date":"","marriage_date":"","premium":"7605","policyNo":"415","familyDataType":"family_construct","declare":"[]"} [] []
[2020-06-11 18:27:51] generateOTP.INFO: test [] []
[2020-06-11 18:27:59] generateOTP.INFO: test [] []
[2020-06-11 18:27:59] generateOTP.INFO: test [] []
[2020-06-11 18:28:00] generateOTP.INFO: test [] []
[2020-06-11 18:28:08] generateOTP.INFO: test [] []
[2020-06-11 18:28:30] generateOTP.INFO: test [] []
[2020-06-11 18:28:47] generateOTP.INFO: {"edit":"0","policy_no":"415","subtype_text":"1","sum_insure":"500000","familyConstruct":"1A","businessType":"New","family_members_id":"0","family_salutation":"Mr","family_gender":"Male","first_name":"fsd","last_name":"df","family_date_birth":"08-06-1984","age":"36","age_type":"years","remark":"","myGHD":{"B":{"remark":""},"D1":{"remark":""},"D2":{"remark":""},"D3":{"remark":""},"D4":{"remark":""},"E":{"remark":""}},"family_id":"","s_date":"","marriage_date":"","premium":"7605","policyNo":"415","familyDataType":"family_construct","declare":"[]"} [] []
[2020-06-11 18:32:21] generateOTP.INFO: test [] []
[2020-06-11 18:32:27] generateOTP.INFO: test [] []
[2020-06-11 18:32:49] generateOTP.INFO: test [] []
[2020-06-11 18:33:13] generateOTP.INFO: test [] []
[2020-06-11 18:33:42] generateOTP.INFO: {"edit":"0","policy_no":"415","subtype_text":"1","sum_insure":"500000","familyConstruct":"1A","businessType":"New","family_members_id":"0","family_salutation":"Mr","family_gender":"Male","first_name":"cxvcvx","last_name":"cvcv","family_date_birth":"18-06-1987","age":"33","age_type":"years","remark":"","myGHD":{"B":{"remark":""},"D1":{"remark":""},"D2":{"remark":""},"D3":{"remark":""},"D4":{"remark":""},"E":{"remark":""}},"family_id":"","s_date":"","marriage_date":"","premium":"7605","policyNo":"415","familyDataType":"family_construct","declare":"[]"} [] []
[2020-06-11 18:37:05] generateOTP.INFO: test [] []
[2020-06-11 18:37:10] generateOTP.INFO: test [] []
[2020-06-11 18:37:51] generateOTP.INFO: test [] []
[2020-06-11 18:38:16] generateOTP.INFO: {"edit":"0","policy_no":"415","subtype_text":"1","sum_insure":"500000","familyConstruct":"1A","businessType":"New","family_members_id":"0","family_salutation":"Mr","family_gender":"Male","first_name":"vcxv","last_name":"xcb","family_date_birth":"21-06-1984","age":"36","age_type":"years","remark":"","myGHD":{"B":{"remark":""},"D1":{"remark":""},"D2":{"remark":""},"D3":{"remark":""},"D4":{"remark":""},"E":{"remark":""}},"family_id":"","s_date":"","marriage_date":"","premium":"7605","policyNo":"415","familyDataType":"family_construct","declare":"[]"} [] []
[2020-06-11 18:43:07] generateOTP.INFO: test [] []
[2020-06-11 18:43:08] generateOTP.INFO: test [] []
[2020-06-11 18:43:09] generateOTP.INFO: test [] []
[2020-06-11 18:43:14] generateOTP.INFO: test [] []
[2020-06-11 18:43:36] generateOTP.INFO: test [] []
[2020-06-11 18:48:30] generateOTP.INFO: test [] []
[2020-06-11 18:49:04] generateOTP.INFO: test [] []
[2020-06-11 18:49:57] generateOTP.INFO: {"edit":"0","policy_no":"415","subtype_text":"1","sum_insure":"500000","familyConstruct":"1A+2K","businessType":"New","family_members_id":"0","family_salutation":"Mr","family_gender":"Male","first_name":"xffh","last_name":"egasr","family_date_birth":"25-06-1987","age":"33","age_type":"years","remark":"","myGHD":{"B":{"remark":""},"D1":{"remark":""},"D2":{"remark":""},"D3":{"remark":""},"D4":{"remark":""},"E":{"remark":""}},"family_id":"","s_date":"","marriage_date":"","premium":"12438","policyNo":"415","familyDataType":"family_construct","declare":"[]"} [] []
[2020-06-11 18:50:11] generateOTP.INFO: {"edit":"0","policy_no":"415","subtype_text":"1","sum_insure":"500000","familyConstruct":"1A+2K","businessType":"New","family_members_id":"1","family_salutation":"Mrs","family_gender":"Female","first_name":"gh","last_name":"dfh","family_date_birth":"19-06-1996","age":"24","age_type":"years","remark":"","myGHD":{"B":{"remark":""},"D1":{"remark":""},"D2":{"remark":""},"D3":{"remark":""},"D4":{"remark":""},"E":{"remark":""}},"family_id":"","s_date":"","marriage_date":"","premium":"12438","policyNo":"415","familyDataType":"family_construct","declare":"[]"} [] []
[2020-06-11 18:50:36] generateOTP.INFO: {"edit":"0","policy_no":"415","subtype_text":"1","sum_insure":"500000","familyConstruct":"1A+2K","businessType":"New","family_members_id":"2","family_salutation":"Master","family_gender":"Male","first_name":"fdh","last_name":"dfh","family_date_birth":"19-06-1997","age":"23","age_type":"years","remark":"fdhh","myGHD":{"B":{"remark":""},"D1":{"remark":""},"D2":{"remark":""},"D3":{"remark":""},"D4":{"remark":""},"E":{"remark":""}},"family_id":"","s_date":"","marriage_date":"","premium":"12438","policyNo":"415","familyDataType":"family_construct","declare":"[]"} [] []
[2020-06-11 18:50:45] generateOTP.INFO: {"edit":"0","policy_no":"415","subtype_text":"1","sum_insure":"500000","familyConstruct":"1A+2K","businessType":"New","family_members_id":"2","family_salutation":"Master","family_gender":"Male","first_name":"fdh","last_name":"dfh","family_date_birth":"14-06-2018","age":"2","age_type":"years","remark":"fdhh","myGHD":{"B":{"remark":""},"D1":{"remark":""},"D2":{"remark":""},"D3":{"remark":""},"D4":{"remark":""},"E":{"remark":""}},"family_id":"","s_date":"","marriage_date":"","premium":"12438","policyNo":"415","familyDataType":"family_construct","declare":"[]"} [] []
[2020-06-11 18:52:13] generateOTP.INFO: {"edit":"0","policy_no":"415","subtype_text":"1","sum_insure":"500000","familyConstruct":"1A+2K","businessType":"New","family_members_id":"0","family_salutation":"Mr","family_gender":"Male","first_name":"xffh","last_name":"egasr","family_date_birth":"25-06-1987","age":"33","age_type":"years","remark":"","myGHD":{"B":{"remark":""},"D1":{"remark":""},"D2":{"remark":""},"D3":{"remark":""},"D4":{"remark":""},"E":{"remark":""}},"family_id":"","s_date":"","marriage_date":"","premium":"12438","policyNo":"415","familyDataType":"family_construct","declare":"[]"} [] []
[2020-06-11 18:53:03] generateOTP.INFO: {"edit":"0","policy_no":"415","subtype_text":"1","sum_insure":"500000","familyConstruct":"1A+2K","businessType":"New","family_members_id":"2","family_salutation":"Master","family_gender":"Male","first_name":"sdg","last_name":"dsg","family_date_birth":"24-06-2010","age":"10","age_type":"years","remark":"","myGHD":{"B":{"remark":""},"D1":{"remark":""},"D2":{"remark":""},"D3":{"remark":""},"D4":{"remark":""},"E":{"remark":""}},"family_id":"","s_date":"","marriage_date":"","premium":"12438","policyNo":"415","familyDataType":"family_construct","declare":"[]"} [] []
[2020-06-11 18:54:34] generateOTP.INFO: test [] []
[2020-06-11 19:14:47] generateOTP.INFO: test [] []
[2020-06-11 19:14:47] generateOTP.INFO: test [] []
[2020-06-11 19:14:48] generateOTP.INFO: test [] []
[2020-06-11 19:15:42] generateOTP.INFO: test [] []
[2020-06-11 19:16:36] generateOTP.INFO: test [] []
[2020-06-11 19:20:16] generateOTP.INFO: test [] []
[2020-06-11 19:21:03] generateOTP.INFO: test [] []
[2020-06-11 19:22:14] generateOTP.INFO: test [] []
[2020-06-11 19:25:47] generateOTP.INFO: test [] []
[2020-06-11 19:26:12] generateOTP.INFO: test [] []
[2020-06-11 19:28:25] generateOTP.INFO: test [] []
[2020-06-11 19:28:59] generateOTP.INFO: test [] []
[2020-06-11 19:29:10] generateOTP.INFO: test [] []
[2020-06-11 19:31:05] generateOTP.INFO: test [] []
[2020-06-11 19:31:17] generateOTP.INFO: test [] []
[2020-06-11 19:37:03] generateOTP.INFO: test [] []
[2020-06-11 19:37:55] generateOTP.INFO: test [] []
[2020-06-11 19:38:23] generateOTP.INFO: test [] []
[2020-06-11 19:40:07] generateOTP.INFO: test [] []
[2020-06-11 19:40:21] generateOTP.INFO: test [] []
[2020-06-11 19:40:33] generateOTP.INFO: test [] []
[2020-06-11 19:41:23] generateOTP.INFO: test [] []
[2020-06-11 19:41:43] generateOTP.INFO: test [] []
[2020-06-11 19:42:19] generateOTP.INFO: test [] []
[2020-06-11 19:42:20] generateOTP.INFO: test [] []
[2020-06-11 19:42:25] generateOTP.INFO: test [] []
[2020-06-11 19:42:26] generateOTP.INFO: test [] []
[2020-06-11 19:42:32] generateOTP.INFO: test [] []
[2020-06-11 19:42:42] generateOTP.INFO: test [] []
[2020-06-11 19:42:52] generateOTP.INFO: test [] []
[2020-06-11 19:43:03] generateOTP.INFO: test [] []
[2020-06-11 19:43:13] generateOTP.INFO: test [] []
[2020-06-11 19:43:44] generateOTP.INFO: test [] []
[2020-06-11 19:44:26] generateOTP.INFO: test [] []
[2020-06-11 19:45:18] generateOTP.INFO: test [] []
[2020-06-11 19:46:13] generateOTP.INFO: test [] []
[2020-06-11 19:47:21] generateOTP.INFO: test [] []
[2020-06-11 19:49:12] generateOTP.INFO: test [] []
[2020-06-11 19:50:17] generateOTP.INFO: test [] []
[2020-06-11 19:50:46] generateOTP.INFO: test [] []
[2020-06-11 19:51:36] generateOTP.INFO: test [] []
[2020-06-11 19:52:08] generateOTP.INFO: test [] []
[2020-06-11 19:54:33] generateOTP.INFO: test [] []
[2020-06-11 19:54:34] generateOTP.INFO: test [] []
[2020-06-11 19:54:44] generateOTP.INFO: test [] []
[2020-06-11 19:56:16] generateOTP.INFO: test [] []
[2020-06-11 19:56:33] generateOTP.INFO: test [] []
[2020-06-11 19:58:05] generateOTP.INFO: test [] []
[2020-06-11 19:59:58] generateOTP.INFO: test [] []
[2020-06-11 20:00:00] generateOTP.INFO: test [] []
[2020-06-11 20:00:01] generateOTP.INFO: test [] []
[2020-06-11 20:00:01] generateOTP.INFO: test [] []
[2020-06-11 20:00:02] generateOTP.INFO: test [] []
[2020-06-11 20:00:23] generateOTP.INFO: test [] []
[2020-06-11 20:00:54] generateOTP.INFO: test [] []
[2020-06-11 20:03:59] generateOTP.INFO: test [] []
[2020-06-11 20:03:59] generateOTP.INFO: test [] []
[2020-06-11 20:03:59] generateOTP.INFO: test [] []
[2020-06-11 20:03:59] generateOTP.INFO: test [] []
[2020-06-11 20:04:00] generateOTP.INFO: test [] []
[2020-06-11 20:04:00] generateOTP.INFO: test [] []
[2020-06-11 20:04:00] generateOTP.INFO: test [] []
[2020-06-11 20:04:00] generateOTP.INFO: test [] []
[2020-06-11 20:04:00] generateOTP.INFO: test [] []
[2020-06-11 20:04:00] generateOTP.INFO: test [] []
[2020-06-11 20:04:00] generateOTP.INFO: test [] []
[2020-06-11 20:04:00] generateOTP.INFO: test [] []
[2020-06-11 20:04:00] generateOTP.INFO: test [] []
[2020-06-11 20:04:00] generateOTP.INFO: test [] []
[2020-06-11 20:04:00] generateOTP.INFO: test [] []
[2020-06-11 20:05:07] generateOTP.INFO: test [] []
[2020-06-11 20:05:07] generateOTP.INFO: test [] []
[2020-06-11 20:05:07] generateOTP.INFO: test [] []
[2020-06-11 20:05:07] generateOTP.INFO: test [] []
[2020-06-11 20:05:07] generateOTP.INFO: test [] []
[2020-06-11 20:05:07] generateOTP.INFO: test [] []
[2020-06-11 20:05:07] generateOTP.INFO: test [] []
[2020-06-11 20:05:07] generateOTP.INFO: test [] []
[2020-06-11 20:05:07] generateOTP.INFO: test [] []
[2020-06-11 20:05:07] generateOTP.INFO: test [] []
[2020-06-11 20:05:07] generateOTP.INFO: test [] []
[2020-06-11 20:05:07] generateOTP.INFO: test [] []
[2020-06-11 20:05:07] generateOTP.INFO: test [] []
[2020-06-11 20:05:07] generateOTP.INFO: test [] []
[2020-06-11 20:05:07] generateOTP.INFO: test [] []
[2020-06-11 20:23:39] generateOTP.INFO: test [] []
[2020-06-11 20:23:39] generateOTP.INFO: test [] []
[2020-06-11 20:23:39] generateOTP.INFO: test [] []
[2020-06-11 20:23:46] generateOTP.INFO: test [] []
[2020-06-11 20:23:52] generateOTP.INFO: test [] []
[2020-06-11 20:27:27] generateOTP.INFO: test [] []
[2020-06-11 20:30:51] generateOTP.INFO: test [] []
[2020-06-11 20:30:53] generateOTP.INFO: test [] []
[2020-06-11 20:30:54] generateOTP.INFO: test [] []
[2020-06-11 20:32:05] generateOTP.INFO: test [] []
[2020-06-11 20:42:21] generateOTP.INFO: test [] []
[2020-06-11 20:42:21] generateOTP.INFO: test [] []
[2020-06-11 20:42:21] generateOTP.INFO: test [] []
[2020-06-11 20:42:21] generateOTP.INFO: test [] []
[2020-06-11 20:42:21] generateOTP.INFO: test [] []
[2020-06-11 20:42:21] generateOTP.INFO: test [] []
[2020-06-11 20:42:21] generateOTP.INFO: test [] []
[2020-06-11 20:42:21] generateOTP.INFO: test [] []
[2020-06-11 20:42:21] generateOTP.INFO: test [] []
[2020-06-11 20:42:21] generateOTP.INFO: test [] []
[2020-06-11 20:42:21] generateOTP.INFO: test [] []
[2020-06-11 20:42:21] generateOTP.INFO: test [] []
[2020-06-11 20:42:21] generateOTP.INFO: test [] []
[2020-06-11 20:42:22] generateOTP.INFO: test [] []
[2020-06-11 20:42:22] generateOTP.INFO: test [] []
