[2020-08-12 10:09:10] generateOTP.INFO: test [] []
[2020-08-12 10:10:00] generateOTP.INFO: {"salutation":"3","firstname":"test sonali","lastname":"BANKING","dob":"19-12-1988","mob_no":"9876543220","panCard":"XXXXXX456A","email":"sona12@gmail.com","ref1":"1","ref2":"1","comAdd":"Om hrad ntalatiof, holOmshre, talathioficeeachol, OmshreeSada9talathi","city":"MUMBAI","state":"MAHARASHTRA","pin_code":"622103","ISNRI":"N","update_emp_id":"622452","edit":"0","policy_no":"454,455","subtype_text":"1","sum_insure":"2000000","anuual_income":"500000","occupation":"2","familyConstruct":"2A","family_members_id":"0","family_gender":"Female","first_name":"test sonali","last_name":"BANKING","family_date_birth":"19-12-1988","age":"31","age_type":" years","tenure":"1 Year","family_id":"","s_date":"","marriage_date":"","premium":"20500","policyNo":"454,455","familyDataType":"undefined","empId":"622452","product":"RMxC5efb5c5a320e7","declare":"[]","gender":"Female","gci_options":"Yes"} [] []
[2020-08-12 10:10:38] generateOTP.INFO: {"salutation":"3","firstname":"test sonali","lastname":"BANKING","dob":"19-12-1988","mob_no":"9876543220","panCard":"XXXXXX456A","email":"sona12@gmail.com","ref1":"1","ref2":"1","comAdd":"Om hrad ntalatiof, holOmshre, talathioficeeachol, OmshreeSada9talathi","city":"MUMBAI","state":"MAHARASHTRA","pin_code":"622103","ISNRI":"N","update_emp_id":"622452","edit":"0","policy_no":"454,455","subtype_text":"1","sum_insure":"2000000","anuual_income":"500000","occupation":"2","familyConstruct":"2A","family_members_id":"1","family_gender":"Male","first_name":"lmnb","last_name":"testing","family_date_birth":"21-08-1986","age":"33","age_type":" years","tenure":"1 Year","family_id":"","s_date":"","marriage_date":"","premium":"20500","policyNo":"454,455","familyDataType":"undefined","empId":"622452","product":"RMxC5efb5c5a320e7","declare":"[]","gender":"Female","gci_options":"Yes"} [] []
[2020-08-12 10:12:34] documentsSave.INFO: {"ops_type":"[\"0\",\"Y\"]","ids":"138,139,140"} [] []
[2020-08-12 10:12:34] documentsSaveFiles.INFO: [{"name":"testing.pdf","type":"application\/pdf","tmp_name":"\/tmp\/phpgfGPDE","error":0,"size":31140},{"name":"testing.pdf","type":"application\/pdf","tmp_name":"\/tmp\/phpl9cXKo","error":0,"size":31140}] [] []
[2020-08-12 10:16:07] generateOTP.INFO: test [] []
[2020-08-12 10:17:15] generateOTP.INFO: test [] []
[2020-08-12 10:17:18] generateOTP.INFO: test [] []
[2020-08-12 10:17:19] generateOTP.INFO: test [] []
[2020-08-12 10:17:50] generateOTP.INFO: test [] []
[2020-08-12 10:18:26] generateOTP.INFO: test [] []
[2020-08-12 10:19:35] generateOTP.INFO: test [] []
[2020-08-12 10:24:18] generateOTP.INFO: test [] []
[2020-08-12 10:24:20] generateOTP.INFO: test [] []
[2020-08-12 10:28:50] generateOTP.INFO: test [] []
[2020-08-12 10:28:50] generateOTP.INFO: test [] []
[2020-08-12 10:30:53] generateOTP.INFO: test [] []
[2020-08-12 10:31:05] generateOTP.INFO: test [] []
[2020-08-12 10:31:06] generateOTP.INFO: test [] []
[2020-08-12 10:31:06] generateOTP.INFO: test [] []
[2020-08-12 10:31:06] generateOTP.INFO: test [] []
[2020-08-12 10:31:14] generateOTP.INFO: test [] []
[2020-08-12 10:31:18] generateOTP.INFO: test [] []
[2020-08-12 10:38:16] generateOTP.INFO: test [] []
[2020-08-12 10:40:06] generateOTP.INFO: test [] []
[2020-08-12 10:40:08] generateOTP.INFO: test [] []
[2020-08-12 10:41:32] generateOTP.INFO: test [] []
[2020-08-12 10:43:22] generateOTP.INFO: test [] []
[2020-08-12 10:43:23] generateOTP.INFO: test [] []
[2020-08-12 10:43:36] generateOTP.INFO: test [] []
[2020-08-12 10:43:42] generateOTP.INFO: test [] []
[2020-08-12 10:44:40] generateOTP.INFO: test [] []
[2020-08-12 10:44:40] generateOTP.INFO: test [] []
[2020-08-12 10:44:51] generateOTP.INFO: test [] []
[2020-08-12 10:45:16] generateOTP.INFO: test [] []
[2020-08-12 11:30:11] generateOTP.INFO: test [] []
[2020-08-12 11:30:22] generateOTP.INFO: test [] []
[2020-08-12 11:30:23] generateOTP.INFO: test [] []
[2020-08-12 11:31:02] generateOTP.INFO: test [] []
[2020-08-12 11:31:05] generateOTP.INFO: test [] []
[2020-08-12 11:31:06] generateOTP.INFO: test [] []
[2020-08-12 11:31:09] generateOTP.INFO: test [] []
[2020-08-12 11:31:12] generateOTP.INFO: test [] []
[2020-08-12 11:31:17] generateOTP.INFO: test [] []
[2020-08-12 11:31:23] generateOTP.INFO: test [] []
[2020-08-12 11:31:55] generateOTP.INFO: test [] []
[2020-08-12 11:32:03] generateOTP.INFO: test [] []
[2020-08-12 11:56:30] generateOTP.INFO: test [] []
[2020-08-12 12:03:51] generateOTP.INFO: test [] []
[2020-08-12 12:03:57] generateOTP.INFO: test [] []
[2020-08-12 12:05:56] generateOTP.INFO: test [] []
[2020-08-12 12:10:15] generateOTP.INFO: test [] []
[2020-08-12 12:10:18] generateOTP.INFO: test [] []
[2020-08-12 12:13:23] generateOTP.INFO: test [] []
[2020-08-12 12:13:25] generateOTP.INFO: test [] []
[2020-08-12 12:15:22] generateOTP.INFO: test [] []
[2020-08-12 12:15:22] generateOTP.INFO: test [] []
[2020-08-12 12:16:04] generateOTP.INFO: test [] []
[2020-08-12 12:19:08] generateOTP.INFO: test [] []
[2020-08-12 12:19:11] generateOTP.INFO: test [] []
[2020-08-12 12:19:11] generateOTP.INFO: test [] []
[2020-08-12 12:19:30] generateOTP.INFO: test [] []
[2020-08-12 12:19:38] generateOTP.INFO: test [] []
[2020-08-12 12:20:01] generateOTP.INFO: test [] []
[2020-08-12 12:20:40] generateOTP.INFO: test [] []
[2020-08-12 12:21:44] generateOTP.INFO: test [] []
[2020-08-12 12:22:34] generateOTP.INFO: test [] []
[2020-08-12 12:24:20] generateOTP.INFO: test [] []
[2020-08-12 12:24:21] generateOTP.INFO: test [] []
[2020-08-12 12:24:57] generateOTP.INFO: test [] []
[2020-08-12 12:25:10] generateOTP.INFO: test [] []
[2020-08-12 12:26:28] generateOTP.INFO: test [] []
[2020-08-12 12:26:29] generateOTP.INFO: test [] []
[2020-08-12 12:26:42] generateOTP.INFO: test [] []
[2020-08-12 12:27:09] generateOTP.INFO: test [] []
[2020-08-12 12:27:10] generateOTP.INFO: test [] []
[2020-08-12 12:27:18] generateOTP.INFO: test [] []
[2020-08-12 12:27:30] generateOTP.INFO: test [] []
[2020-08-12 12:29:06] generateOTP.INFO: test [] []
[2020-08-12 12:29:14] generateOTP.INFO: test [] []
[2020-08-12 12:29:19] generateOTP.INFO: test [] []
[2020-08-12 12:29:24] generateOTP.INFO: test [] []
[2020-08-12 12:29:59] generateOTP.INFO: test [] []
[2020-08-12 12:30:47] generateOTP.INFO: test [] []
[2020-08-12 12:30:48] generateOTP.INFO: test [] []
[2020-08-12 12:30:50] generateOTP.INFO: test [] []
[2020-08-12 12:30:51] generateOTP.INFO: test [] []
[2020-08-12 12:36:21] generateOTP.INFO: test [] []
[2020-08-12 12:36:27] generateOTP.INFO: test [] []
[2020-08-12 12:36:27] generateOTP.INFO: test [] []
[2020-08-12 12:36:27] generateOTP.INFO: test [] []
[2020-08-12 12:36:28] generateOTP.INFO: test [] []
[2020-08-12 12:36:28] generateOTP.INFO: test [] []
[2020-08-12 12:36:28] generateOTP.INFO: test [] []
[2020-08-12 12:36:46] generateOTP.INFO: test [] []
[2020-08-12 12:36:49] generateOTP.INFO: test [] []
[2020-08-12 12:37:03] generateOTP.INFO: test [] []
[2020-08-12 12:37:33] generateOTP.INFO: test [] []
[2020-08-12 12:37:37] generateOTP.INFO: test [] []
[2020-08-12 12:37:39] generateOTP.INFO: test [] []
[2020-08-12 12:38:47] generateOTP.INFO: test [] []
[2020-08-12 12:41:07] generateOTP.INFO: test [] []
[2020-08-12 12:41:08] generateOTP.INFO: test [] []
[2020-08-12 12:41:38] generateOTP.INFO: test [] []
[2020-08-12 12:41:46] generateOTP.INFO: test [] []
[2020-08-12 12:43:48] generateOTP.INFO: test [] []
[2020-08-12 12:44:30] generateOTP.INFO: test [] []
[2020-08-12 12:44:49] generateOTP.INFO: test [] []
[2020-08-12 12:44:58] generateOTP.INFO: test [] []
[2020-08-12 12:49:55] generateOTP.INFO: test [] []
[2020-08-12 12:50:38] generateOTP.INFO: test [] []
[2020-08-12 12:51:25] generateOTP.INFO: test [] []
[2020-08-12 12:57:18] generateOTP.INFO: test [] []
[2020-08-12 12:57:55] generateOTP.INFO: test [] []
[2020-08-12 12:58:58] generateOTP.INFO: test [] []
[2020-08-12 12:59:21] generateOTP.INFO: test [] []
[2020-08-12 12:59:40] generateOTP.INFO: test [] []
[2020-08-12 12:59:52] generateOTP.INFO: test [] []
[2020-08-12 12:59:52] generateOTP.INFO: test [] []
[2020-08-12 13:04:46] generateOTP.INFO: test [] []
[2020-08-12 13:06:47] generateOTP.INFO: test [] []
[2020-08-12 13:06:50] generateOTP.INFO: test [] []
[2020-08-12 13:09:54] generateOTP.INFO: test [] []
[2020-08-12 13:09:59] generateOTP.INFO: test [] []
[2020-08-12 13:10:51] generateOTP.INFO: test [] []
[2020-08-12 13:10:58] generateOTP.INFO: test [] []
[2020-08-12 13:11:18] generateOTP.INFO: test [] []
[2020-08-12 13:12:25] generateOTP.INFO: test [] []
[2020-08-12 13:13:28] generateOTP.INFO: test [] []
[2020-08-12 13:13:53] generateOTP.INFO: test [] []
[2020-08-12 13:14:20] generateOTP.INFO: test [] []
[2020-08-12 13:14:37] generateOTP.INFO: test [] []
[2020-08-12 13:15:07] generateOTP.INFO: test [] []
[2020-08-12 13:18:48] generateOTP.INFO: test [] []
[2020-08-12 13:18:48] generateOTP.INFO: test [] []
[2020-08-12 13:18:49] generateOTP.INFO: test [] []
[2020-08-12 13:19:00] generateOTP.INFO: test [] []
[2020-08-12 13:20:05] generateOTP.INFO: test [] []
[2020-08-12 13:20:06] generateOTP.INFO: test [] []
[2020-08-12 13:20:07] generateOTP.INFO: test [] []
[2020-08-12 13:20:29] generateOTP.INFO: test [] []
[2020-08-12 13:20:30] generateOTP.INFO: test [] []
[2020-08-12 13:25:38] generateOTP.INFO: test [] []
[2020-08-12 13:39:29] generateOTP.INFO: test [] []
[2020-08-12 13:39:40] generateOTP.INFO: test [] []
[2020-08-12 13:41:53] generateOTP.INFO: test [] []
[2020-08-12 13:41:58] generateOTP.INFO: test [] []
[2020-08-12 13:41:59] generateOTP.INFO: test [] []
[2020-08-12 13:44:50] generateOTP.INFO: test [] []
[2020-08-12 13:45:08] generateOTP.INFO: {"salutation":"1","firstname":"test","lastname":"BANKING","dob":"19-12-1960","mob_no":"7010444138","panCard":"XXXXXX456A","email":"jack@gmail.com","ref1":"1","ref2":"1","comAdd":"Om hrad ntalatiof, holOmshre, talathioficeeachol, OmshreeSada9talathi","city":"MUMBAI","state":"MAHARASHTRA","pin_code":"622103","ISNRI":"N","update_emp_id":"620964","edit":"0","policy_no":"392,393","subtype_text":"1","sum_insure":"500000","anuual_income":"","familyConstruct":"1A","family_members_id":"0","family_gender":"Male","first_name":"test","last_name":"BANKING","family_date_birth":"19-12-1960","age":"59","age_type":" years","tenure":"1 Year","family_id":"","s_date":"","marriage_date":"","premium":"8399.9952","policyNo":"392,393","familyDataType":"undefined","empId":"620964","product":"iWL65dcd54d9c5a65","declare":"[]","gender":"Male","gci_options":"Yes"} [] []
[2020-08-12 13:45:57] generateOTP.INFO: {"salutation":"1","firstname":"test","lastname":"BANKING","dob":"19-12-1960","mob_no":"7010444138","panCard":"XXXXXX456A","email":"jack@gmail.com","ref1":"1","ref2":"1","comAdd":"Om hrad ntalatiof, holOmshre, talathioficeeachol, OmshreeSada9talathi","city":"MUMBAI","state":"MAHARASHTRA","pin_code":"622103","ISNRI":"N","update_emp_id":"620964","edit":"0","policy_no":"392,393","subtype_text":"1","sum_insure":"500000","anuual_income":"","familyConstruct":"1A","family_members_id":"0","family_gender":"Male","first_name":"test","last_name":"BANKING","family_date_birth":"31-12-1980","age":"39","age_type":" years","tenure":"1 Year","family_id":"","s_date":"","marriage_date":"","premium":"8399.9952","policyNo":"392,393","familyDataType":"undefined","empId":"620964","product":"iWL65dcd54d9c5a65","declare":"[]","gender":"Male","gci_options":"Yes"} [] []
[2020-08-12 13:51:26] generateOTP.INFO: test [] []
[2020-08-12 13:51:27] generateOTP.INFO: test [] []
[2020-08-12 13:51:28] generateOTP.INFO: test [] []
[2020-08-12 13:52:01] generateOTP.INFO: test [] []
[2020-08-12 13:52:06] generateOTP.INFO: test [] []
[2020-08-12 13:53:36] generateOTP.INFO: test [] []
[2020-08-12 13:53:42] generateOTP.INFO: test [] []
[2020-08-12 13:54:19] generateOTP.INFO: test [] []
[2020-08-12 13:54:53] generateOTP.INFO: test [] []
[2020-08-12 13:54:54] generateOTP.INFO: test [] []
[2020-08-12 13:55:33] generateOTP.INFO: test [] []
[2020-08-12 13:55:36] generateOTP.INFO: test [] []
[2020-08-12 13:56:33] generateOTP.INFO: test [] []
[2020-08-12 13:57:14] generateOTP.INFO: test [] []
[2020-08-12 13:58:04] generateOTP.INFO: test [] []
[2020-08-12 14:01:05] generateOTP.INFO: test [] []
[2020-08-12 14:01:06] generateOTP.INFO: test [] []
[2020-08-12 14:14:21] generateOTP.INFO: test [] []
[2020-08-12 14:41:19] generateOTP.INFO: test [] []
[2020-08-12 14:42:44] generateOTP.INFO: test [] []
[2020-08-12 14:42:48] generateOTP.INFO: test [] []
[2020-08-12 14:47:19] generateOTP.INFO: test [] []
[2020-08-12 14:47:27] generateOTP.INFO: test [] []
[2020-08-12 14:49:11] generateOTP.INFO: test [] []
[2020-08-12 14:49:12] generateOTP.INFO: test [] []
[2020-08-12 14:49:18] generateOTP.INFO: test [] []
[2020-08-12 14:51:34] generateOTP.INFO: test [] []
[2020-08-12 14:51:37] generateOTP.INFO: test [] []
[2020-08-12 14:51:53] generateOTP.INFO: test [] []
[2020-08-12 14:51:55] generateOTP.INFO: test [] []
[2020-08-12 14:52:58] generateOTP.INFO: test [] []
[2020-08-12 14:53:00] generateOTP.INFO: test [] []
[2020-08-12 14:54:53] generateOTP.INFO: test [] []
[2020-08-12 14:54:56] generateOTP.INFO: test [] []
[2020-08-12 14:59:34] generateOTP.INFO: test [] []
[2020-08-12 15:00:12] generateOTP.INFO: test [] []
[2020-08-12 15:01:21] generateOTP.INFO: {"salutation":"1","firstname":"test","lastname":"BANKING","dob":"19-12-1968","mob_no":"7010444138","panCard":"XXXXXX456A","email":"jack@gmail.com","ref1":"1","ref2":"1","comAdd":"Om hrad ntalatiof, holOmshre, talathioficeeachol, OmshreeSada9talathi","city":"MUMBAI","state":"MAHARASHTRA","pin_code":"622103","ISNRI":"N","update_emp_id":"622459","edit":"0","policy_no":"403","subtype_text":"1","sum_insure":"1000000","anuual_income":"","familyConstruct":"2A","family_members_id":"0","family_gender":"Male","first_name":"test","last_name":"BANKING","family_date_birth":"19-12-1968","age":"51","age_type":" years","tenure":"1 Year","family_id":"","s_date":"","marriage_date":"","premium":"28000","policyNo":"403","familyDataType":"undefined","empId":"622459","product":"NUKc5dd5468e43707","declare":"[]","gender":"Male","gci_options":"Yes"} [] []
[2020-08-12 15:01:46] generateOTP.INFO: {"salutation":"1","firstname":"test","lastname":"BANKING","dob":"19-12-1968","mob_no":"7010444138","panCard":"XXXXXX456A","email":"jack@gmail.com","ref1":"1","ref2":"1","comAdd":"Om hrad ntalatiof, holOmshre, talathioficeeachol, OmshreeSada9talathi","city":"MUMBAI","state":"MAHARASHTRA","pin_code":"622103","ISNRI":"N","update_emp_id":"622459","edit":"0","policy_no":"403","subtype_text":"1","sum_insure":"1000000","anuual_income":"","familyConstruct":"2A","family_members_id":"4","family_gender":"Female","first_name":"qwqwe","last_name":"qwee","family_date_birth":"10-08-1993","age":"27","age_type":" years","tenure":"1 Year","family_id":"","s_date":"","marriage_date":"","premium":"28000","policyNo":"403","familyDataType":"undefined","empId":"622459","product":"NUKc5dd5468e43707","declare":"[]","gender":"Male","gci_options":"Yes"} [] []
[2020-08-12 15:02:03] generateOTP.INFO: {"salutation":"1","firstname":"test","lastname":"BANKING","dob":"19-12-1968","mob_no":"7010444138","panCard":"XXXXXX456A","email":"jack@gmail.com","ref1":"1","ref2":"1","comAdd":"Om hrad ntalatiof, holOmshre, talathioficeeachol, OmshreeSada9talathi","city":"MUMBAI","state":"MAHARASHTRA","pin_code":"622103","ISNRI":"N","update_emp_id":"622459","edit":"0","policy_no":"403","subtype_text":"1","sum_insure":"1000000","anuual_income":"","familyConstruct":"2A","family_members_id":"1","family_gender":"Female","first_name":"qwe","last_name":"qwe","family_date_birth":"05-08-2020","age":"6","age_type":"days","tenure":"1 Year","family_id":"","s_date":"","marriage_date":"","premium":"28000","policyNo":"403","familyDataType":"undefined","empId":"622459","product":"NUKc5dd5468e43707","declare":"[]","gender":"Male","gci_options":"Yes"} [] []
[2020-08-12 15:02:10] generateOTP.INFO: {"salutation":"1","firstname":"test","lastname":"BANKING","dob":"19-12-1968","mob_no":"7010444138","panCard":"XXXXXX456A","email":"jack@gmail.com","ref1":"1","ref2":"1","comAdd":"Om hrad ntalatiof, holOmshre, talathioficeeachol, OmshreeSada9talathi","city":"MUMBAI","state":"MAHARASHTRA","pin_code":"622103","ISNRI":"N","update_emp_id":"622459","edit":"0","policy_no":"403","subtype_text":"1","sum_insure":"1000000","anuual_income":"","familyConstruct":"2A","family_members_id":"1","family_gender":"Female","first_name":"qwe","last_name":"qwe","family_date_birth":"05-08-2020","age":"6","age_type":"days","tenure":"1 Year","family_id":"","s_date":"","marriage_date":"","premium":"28000","policyNo":"403","familyDataType":"undefined","empId":"622459","product":"NUKc5dd5468e43707","declare":"[]","gender":"Male","gci_options":"Yes"} [] []
[2020-08-12 15:02:43] generateOTP.INFO: {"salutation":"1","firstname":"test","lastname":"BANKING","dob":"19-12-1968","mob_no":"7010444138","panCard":"XXXXXX456A","email":"jack@gmail.com","ref1":"1","ref2":"1","comAdd":"Om hrad ntalatiof, holOmshre, talathioficeeachol, OmshreeSada9talathi","city":"MUMBAI","state":"MAHARASHTRA","pin_code":"622103","ISNRI":"N","update_emp_id":"622459","edit":"0","policy_no":"403","subtype_text":"1","sum_insure":"1000000","anuual_income":"","familyConstruct":"2A","family_members_id":"4","family_gender":"Female","first_name":"dsf","last_name":"sdf","family_date_birth":"09-08-2017","age":"3","age_type":" years","tenure":"1 Year","family_id":"","s_date":"","marriage_date":"","premium":"28000","policyNo":"403","familyDataType":"undefined","empId":"622459","product":"NUKc5dd5468e43707","declare":"[]","gender":"Male","gci_options":"Yes"} [] []
[2020-08-12 15:02:56] generateOTP.INFO: {"salutation":"1","firstname":"test","lastname":"BANKING","dob":"19-12-1968","mob_no":"7010444138","panCard":"XXXXXX456A","email":"jack@gmail.com","ref1":"1","ref2":"1","comAdd":"Om hrad ntalatiof, holOmshre, talathioficeeachol, OmshreeSada9talathi","city":"MUMBAI","state":"MAHARASHTRA","pin_code":"622103","ISNRI":"N","update_emp_id":"622459","edit":"0","policy_no":"403","subtype_text":"1","sum_insure":"1000000","anuual_income":"","familyConstruct":"2A","family_members_id":"4","family_gender":"Female","first_name":"dsf","last_name":"sdf","family_date_birth":"09-08-2017","age":"3","age_type":" years","tenure":"1 Year","family_id":"","s_date":"","marriage_date":"","premium":"28000","policyNo":"403","familyDataType":"undefined","empId":"622459","product":"NUKc5dd5468e43707","declare":"[]","gender":"Male","gci_options":"Yes"} [] []
[2020-08-12 15:03:11] generateOTP.INFO: {"salutation":"1","firstname":"test","lastname":"BANKING","dob":"19-12-1968","mob_no":"7010444138","panCard":"XXXXXX456A","email":"jack@gmail.com","ref1":"1","ref2":"1","comAdd":"Om hrad ntalatiof, holOmshre, talathioficeeachol, OmshreeSada9talathi","city":"MUMBAI","state":"MAHARASHTRA","pin_code":"622103","ISNRI":"N","update_emp_id":"622459","edit":"0","policy_no":"403","subtype_text":"1","sum_insure":"1000000","anuual_income":"","familyConstruct":"2A","family_members_id":"5","family_gender":"Male","first_name":"xc","last_name":"xx","family_date_birth":"11-08-2015","age":"5","age_type":" years","tenure":"1 Year","family_id":"","s_date":"","marriage_date":"","premium":"28000","policyNo":"403","familyDataType":"undefined","empId":"622459","product":"NUKc5dd5468e43707","declare":"[]","gender":"Male","gci_options":"Yes"} [] []
[2020-08-12 15:04:12] generateOTP.INFO: test [] []
[2020-08-12 15:12:04] generateOTP.INFO: test [] []
[2020-08-12 15:12:32] generateOTP.INFO: test [] []
[2020-08-12 15:19:04] generateOTP.INFO: test [] []
[2020-08-12 15:19:44] generateOTP.INFO: test [] []
[2020-08-12 15:22:06] generateOTP.INFO: test [] []
[2020-08-12 15:31:43] generateOTP.INFO: test [] []
[2020-08-12 15:42:36] generateOTP.INFO: test [] []
[2020-08-12 15:48:14] generateOTP.INFO: test [] []
[2020-08-12 15:51:03] generateOTP.INFO: test [] []
[2020-08-12 15:51:27] generateOTP.INFO: test [] []
[2020-08-12 15:51:34] generateOTP.INFO: test [] []
[2020-08-12 15:52:20] generateOTP.INFO: test [] []
[2020-08-12 15:53:32] generateOTP.INFO: {"salutation":"3","firstname":"sonii","lastname":"BANKING","dob":"19-12-1988","mob_no":"7786098532","panCard":"XXXXXX456A","email":"soniitesting@gmail.com","ref1":"1","ref2":"1","comAdd":"Om hrad ntalatiof, holOmshre, talathioficeeachol, OmshreeSada9talathi","city":"MUMBAI","state":"MAHARASHTRA","pin_code":"622103","ISNRI":"N","update_emp_id":"622461","edit":"0","policy_no":"392,393","subtype_text":"1","sum_insure":"1000000","anuual_income":"","familyConstruct":"1A+1K","family_members_id":"0","family_gender":"Female","first_name":"sonii","last_name":"BANKING","family_date_birth":"19-12-1988","age":"31","age_type":" years","tenure":"1 Year","sub_type_check":["2"],"family_id":"","s_date":"","marriage_date":"","premium":"20099","policyNo":"392,393","familyDataType":"undefined","empId":"622461","product":"iWL65dcd54d9c5a65","declare":"[]","gender":"Female","gci_options":"Yes"} [] []
[2020-08-12 15:54:13] generateOTP.INFO: {"salutation":"3","firstname":"sonii","lastname":"BANKING","dob":"19-12-1988","mob_no":"7786098532","panCard":"XXXXXX456A","email":"soniitesting@gmail.com","ref1":"1","ref2":"1","comAdd":"Om hrad ntalatiof, holOmshre, talathioficeeachol, OmshreeSada9talathi","city":"MUMBAI","state":"MAHARASHTRA","pin_code":"622103","ISNRI":"N","update_emp_id":"622461","edit":"0","policy_no":"392,393","subtype_text":"1","sum_insure":"1000000","anuual_income":"","familyConstruct":"1A+1K","family_members_id":"2","family_gender":"Male","first_name":"pnbhjb","last_name":"BANKING","family_date_birth":"05-07-2002","age":"18","age_type":" years","tenure":"1 Year","family_id":"","s_date":"","marriage_date":"","premium":"20099","policyNo":"392,393","familyDataType":"undefined","empId":"622461","product":"iWL65dcd54d9c5a65","declare":"[]","gender":"Female","gci_options":"Yes"} [] []
[2020-08-12 15:55:43] documentsSave.INFO: {"ops_type":"[\"0\",\"Y\"]","ids":"141,142"} [] []
[2020-08-12 15:55:43] documentsSaveFiles.INFO: [{"name":"testing.pdf","type":"application\/pdf","tmp_name":"\/tmp\/phpcDdaux","error":0,"size":31140},{"name":"testing.pdf","type":"application\/pdf","tmp_name":"\/tmp\/phpeypOR0","error":0,"size":31140}] [] []
[2020-08-12 15:56:16] generateOTP.INFO: test [] []
[2020-08-12 15:56:40] generateOTP.INFO: test [] []
[2020-08-12 15:56:41] generateOTP.INFO: test [] []
[2020-08-12 15:56:50] generateOTP.INFO: test [] []
[2020-08-12 15:56:55] generateOTP.INFO: test [] []
[2020-08-12 15:58:22] generateOTP.INFO: test [] []
[2020-08-12 15:58:52] generateOTP.INFO: test [] []
[2020-08-12 15:59:15] generateOTP.INFO: test [] []
[2020-08-12 15:59:22] generateOTP.INFO: test [] []
[2020-08-12 15:59:37] generateOTP.INFO: test [] []
[2020-08-12 16:00:44] generateOTP.INFO: test [] []
[2020-08-12 16:00:46] generateOTP.INFO: test [] []
[2020-08-12 16:01:12] generateOTP.INFO: test [] []
[2020-08-12 16:01:17] generateOTP.INFO: test [] []
[2020-08-12 16:01:27] generateOTP.INFO: test [] []
[2020-08-12 16:03:00] generateOTP.INFO: test [] []
[2020-08-12 16:04:42] generateOTP.INFO: test [] []
[2020-08-12 16:04:49] full_quote_request1.INFO: {"ClientCreation":{"Member_Customer_ID":"12324254523464","salutation":"Ms","firstName":"sonii","middleName":"","lastName":"BANKING","dateofBirth":"12\/19\/1988","gender":"F","educationalQualification":null,"pinCode":"622103","uidNo":"5478-2589-3688","maritalStatus":null,"nationality":"Indian","occupation":"O553","primaryEmailID":"soniitesting@gmail.com","contactMobileNo":"7786098532","stdLandlineNo":null,"panNo":null,"passportNumber":null,"contactPerson":null,"annualIncome":null,"remarks":null,"startDate":"2020-08-12","endDate":null,"IdProof":"Adhaar Card","residenceProof":null,"ageProof":null,"others":null,"homeAddressLine1":"Om hrad ntalatiof, holOmshre, talathioficeeachol, OmshreeSada9talathi","homeAddressLine2":null,"homeAddressLine3":null,"homePinCode":"622103","homeArea":null,"homeContactMobileNo":null,"homeContactMobileNo2":null,"homeSTDLandlineNo":null,"homeFaxNo":null,"sameAsHomeAddress":"1","mailingAddressLine1":null,"mailingAddressLine2":null,"mailingAddressLine3":null,"mailingPinCode":null,"mailingArea":null,"mailingContactMobileNo":null,"mailingContactMobileNo2":null,"mailingSTDLandlineNo":null,"mailingSTDLandlineNo2":null,"mailingFaxNo":null,"bankAccountType":null,"bankAccountNo":null,"ifscCode":null,"GSTIN":null,"GSTRegistrationStatus":"Consumers","IsEIAavailable":"0","ApplyEIA":"0","EIAAccountNo":null,"EIAWith":"0","AccountType":null,"AddressProof":null,"DOBProof":null,"IdentityProof":null},"PolicyCreationRequest":{"Quotation_Number":"","MasterPolicyNumber":"61-19-00176-00-00","GroupID":"GRP010","Product_Code":"4211","intermediaryCode":"2106233","AutoRenewal":"Y","intermediaryBranchCode":"10MHMUM01","agentSignatureDate":null,"Customer_Signature_Date":null,"businessSourceChannel":null,"AssignPolicy":"0","AssigneeName":null,"leadID":"243637567","Source_Name":"AXIS_GHI_EW","SPID":"1","TCN":null,"CRTNO":null,"RefCode1":"1","RefCode2":"2478","Employee_Number":"622461","enumIsEmployeeDiscount":null,"QuoteDate":null,"IsPayment":"0","PaymentMode":null,"PolicyproductComponents":{"PlanCode":"4211","SumInsured":"1000000","SchemeCode":"4112000003"}},"MemObj":{"Member":[{"MemberNo":1,"Salutation":"Mrs","First_Name":"sonii","Middle_Name":null,"Last_Name":"BANKING","Gender":"F","DateOfBirth":"12\/19\/1988","Relation_Code":"R001","Marital_Status":null,"height":"0.00","weight":"0","occupation":"O553","PrimaryMember":"Y","MemberproductComponents":{"PlanCode":"4211","MemberQuestionDetails":[{"QuestionCode":null,"Answer":null,"Remarks":null}]},"MemberPED":[{"PEDCode":"PE002","Remarks":null}],"exactDiagnosis":null,"dateOfDiagnosis":null,"lastDateConsultation":null,"detailsOfTreatmentGiven":null,"doctorName":null,"hospitalName":null,"phoneNumberHosital":null,"Nominee_First_Name":"pnbhjb","Nominee_Last_Name":"BANKING","Nominee_Contact_Number":"9860665465","Nominee_Home_Address":null,"Nominee_Relationship_Code":"R003"},{"MemberNo":2,"Salutation":"Mr","First_Name":"pnbhjb","Middle_Name":null,"Last_Name":"BANKING","Gender":"M","DateOfBirth":"07\/05\/2002","Relation_Code":"R003","Marital_Status":null,"height":"0.00","weight":"0","occupation":"O553","PrimaryMember":"N","MemberproductComponents":{"PlanCode":"4211","MemberQuestionDetails":[{"QuestionCode":null,"Answer":null,"Remarks":null}]},"MemberPED":[{"PEDCode":null,"Remarks":null}],"exactDiagnosis":null,"dateOfDiagnosis":null,"lastDateConsultation":null,"detailsOfTreatmentGiven":null,"doctorName":null,"hospitalName":null,"phoneNumberHosital":null,"Nominee_First_Name":"pnbhjb","Nominee_Last_Name":"BANKING","Nominee_Contact_Number":"9860665465","Nominee_Home_Address":null,"Nominee_Relationship_Code":"R003"}]},"ReceiptCreation":{"officeLocation":"","modeOfEntry":"","cdAcNo":null,"expiryDate":null,"payerType":"","payerCode":null,"paymentBy":"","paymentByName":null,"paymentByRelationship":null,"collectionAmount":"","collectionRcvdDate":null,"collectionMode":"","remarks":null,"instrumentNumber":null,"instrumentDate":null,"bankName":null,"branchName":null,"bankLocation":null,"micrNo":null,"chequeType":null,"ifscCode":"","PaymentGatewayName":"","TerminalID":"","CardNo":null}} [] []
[2020-08-12 16:05:49] full_quote_reponse1.INFO: false [] []
[2020-08-12 16:05:49] full_quote_request1.INFO: {"ClientCreation":{"Member_Customer_ID":"12324254523464","salutation":"Ms","firstName":"sonii","middleName":"","lastName":"BANKING","dateofBirth":"12\/19\/1988","gender":"F","educationalQualification":null,"pinCode":"622103","uidNo":"5478-2589-3688","maritalStatus":null,"nationality":"Indian","occupation":"O553","primaryEmailID":"soniitesting@gmail.com","contactMobileNo":"7786098532","stdLandlineNo":null,"panNo":null,"passportNumber":null,"contactPerson":null,"annualIncome":null,"remarks":null,"startDate":"2020-08-12","endDate":null,"IdProof":"Adhaar Card","residenceProof":null,"ageProof":null,"others":null,"homeAddressLine1":"Om hrad ntalatiof, holOmshre, talathioficeeachol, OmshreeSada9talathi","homeAddressLine2":null,"homeAddressLine3":null,"homePinCode":"622103","homeArea":null,"homeContactMobileNo":null,"homeContactMobileNo2":null,"homeSTDLandlineNo":null,"homeFaxNo":null,"sameAsHomeAddress":"1","mailingAddressLine1":null,"mailingAddressLine2":null,"mailingAddressLine3":null,"mailingPinCode":null,"mailingArea":null,"mailingContactMobileNo":null,"mailingContactMobileNo2":null,"mailingSTDLandlineNo":null,"mailingSTDLandlineNo2":null,"mailingFaxNo":null,"bankAccountType":null,"bankAccountNo":null,"ifscCode":null,"GSTIN":null,"GSTRegistrationStatus":"Consumers","IsEIAavailable":"0","ApplyEIA":"0","EIAAccountNo":null,"EIAWith":"0","AccountType":null,"AddressProof":null,"DOBProof":null,"IdentityProof":null},"PolicyCreationRequest":{"Quotation_Number":"","MasterPolicyNumber":"61-19-00176-00-00","GroupID":"GRP010","Product_Code":"4211","intermediaryCode":"2106233","AutoRenewal":"Y","intermediaryBranchCode":"10MHMUM01","agentSignatureDate":null,"Customer_Signature_Date":null,"businessSourceChannel":null,"AssignPolicy":"0","AssigneeName":null,"leadID":"243637567","Source_Name":"AXIS_GHI_EW","SPID":"1","TCN":null,"CRTNO":null,"RefCode1":"1","RefCode2":"2478","Employee_Number":"622461","enumIsEmployeeDiscount":null,"QuoteDate":null,"IsPayment":"0","PaymentMode":null,"PolicyproductComponents":{"PlanCode":"4211","SumInsured":"1000000","SchemeCode":"4112000003"}},"MemObj":{"Member":[{"MemberNo":1,"Salutation":"Mrs","First_Name":"sonii","Middle_Name":null,"Last_Name":"BANKING","Gender":"F","DateOfBirth":"12\/19\/1988","Relation_Code":"R001","Marital_Status":null,"height":"0.00","weight":"0","occupation":"O553","PrimaryMember":"Y","MemberproductComponents":{"PlanCode":"4211","MemberQuestionDetails":[{"QuestionCode":null,"Answer":null,"Remarks":null}]},"MemberPED":[{"PEDCode":"PE002","Remarks":null}],"exactDiagnosis":null,"dateOfDiagnosis":null,"lastDateConsultation":null,"detailsOfTreatmentGiven":null,"doctorName":null,"hospitalName":null,"phoneNumberHosital":null,"Nominee_First_Name":"pnbhjb","Nominee_Last_Name":"BANKING","Nominee_Contact_Number":"9860665465","Nominee_Home_Address":null,"Nominee_Relationship_Code":"R003"},{"MemberNo":2,"Salutation":"Mr","First_Name":"pnbhjb","Middle_Name":null,"Last_Name":"BANKING","Gender":"M","DateOfBirth":"07\/05\/2002","Relation_Code":"R003","Marital_Status":null,"height":"0.00","weight":"0","occupation":"O553","PrimaryMember":"N","MemberproductComponents":{"PlanCode":"4211","MemberQuestionDetails":[{"QuestionCode":null,"Answer":null,"Remarks":null}]},"MemberPED":[{"PEDCode":null,"Remarks":null}],"exactDiagnosis":null,"dateOfDiagnosis":null,"lastDateConsultation":null,"detailsOfTreatmentGiven":null,"doctorName":null,"hospitalName":null,"phoneNumberHosital":null,"Nominee_First_Name":"pnbhjb","Nominee_Last_Name":"BANKING","Nominee_Contact_Number":"9860665465","Nominee_Home_Address":null,"Nominee_Relationship_Code":"R003"}]},"ReceiptCreation":{"officeLocation":"","modeOfEntry":"","cdAcNo":null,"expiryDate":null,"payerType":"","payerCode":null,"paymentBy":"","paymentByName":null,"paymentByRelationship":null,"collectionAmount":"","collectionRcvdDate":null,"collectionMode":"","remarks":null,"instrumentNumber":null,"instrumentDate":null,"bankName":null,"branchName":null,"bankLocation":null,"micrNo":null,"chequeType":null,"ifscCode":"","PaymentGatewayName":"","TerminalID":"","CardNo":null}} [] []
[2020-08-12 16:06:00] full_quote_reponse1.INFO: "<ns0:GHI_Res xmlns:ns0=\"http:\/\/ABHICL_NBP_QuickQuote_Schemas.GHI_Response\"><errorObj><ErrorNumber>04<\/ErrorNumber><ErrorMessage>Please check , Height , weight and Occupation can not be blank<\/ErrorMessage><\/errorObj><policyDtls><TransactionReferenceNumber><\/TransactionReferenceNumber><QuotationNumber><\/QuotationNumber><CertificateNumber><\/CertificateNumber><LetterURL><\/LetterURL><ClientID><\/ClientID><ProductName>Group Activ Health<\/ProductName><ProductCode>4211<\/ProductCode><LineOfBusiness>42<\/LineOfBusiness><startDate><\/startDate><EndDate><\/EndDate><PolicyNumber>61-19-00176-00-00<\/PolicyNumber><ProposalNumber><\/ProposalNumber><PolicyStatus>PQ1<\/PolicyStatus><Tenure>1<\/Tenure><stpFlag>0<\/stpFlag><COIUrl>Template not found<\/COIUrl><\/policyDtls><premium><BasePremium><\/BasePremium><NetPremium><\/NetPremium><GST><\/GST><GrossPremium><\/GrossPremium><\/premium><receiptObj><ReceiptNumber><\/ReceiptNumber><ReceiptAmount><\/ReceiptAmount><ExcessAmount><\/ExcessAmount><\/receiptObj><\/ns0:GHI_Res>" [] []
[2020-08-12 16:06:00] full_quote_request1.INFO: {"ClientCreation":{"Member_Customer_ID":"12324254523464","salutation":"Ms","firstName":"sonii","middleName":"","lastName":"BANKING","dateofBirth":"12\/19\/1988","gender":"F","educationalQualification":null,"pinCode":"622103","uidNo":"5478-2589-3688","maritalStatus":null,"nationality":"Indian","occupation":"O553","primaryEmailID":"soniitesting@gmail.com","contactMobileNo":"7786098532","stdLandlineNo":null,"panNo":null,"passportNumber":null,"contactPerson":null,"annualIncome":null,"remarks":null,"startDate":"2020-08-12","endDate":null,"IdProof":"Adhaar Card","residenceProof":null,"ageProof":null,"others":null,"homeAddressLine1":"Om hrad ntalatiof, holOmshre, talathioficeeachol, OmshreeSada9talathi","homeAddressLine2":null,"homeAddressLine3":null,"homePinCode":"622103","homeArea":null,"homeContactMobileNo":null,"homeContactMobileNo2":null,"homeSTDLandlineNo":null,"homeFaxNo":null,"sameAsHomeAddress":"1","mailingAddressLine1":null,"mailingAddressLine2":null,"mailingAddressLine3":null,"mailingPinCode":null,"mailingArea":null,"mailingContactMobileNo":null,"mailingContactMobileNo2":null,"mailingSTDLandlineNo":null,"mailingSTDLandlineNo2":null,"mailingFaxNo":null,"bankAccountType":null,"bankAccountNo":null,"ifscCode":null,"GSTIN":null,"GSTRegistrationStatus":"Consumers","IsEIAavailable":"0","ApplyEIA":"0","EIAAccountNo":null,"EIAWith":"0","AccountType":null,"AddressProof":null,"DOBProof":null,"IdentityProof":null},"PolicyCreationRequest":{"Quotation_Number":"","MasterPolicyNumber":"61-19-00176-00-00","GroupID":"GRP010","Product_Code":"4211","intermediaryCode":"2106233","AutoRenewal":"Y","intermediaryBranchCode":"10MHMUM01","agentSignatureDate":null,"Customer_Signature_Date":null,"businessSourceChannel":null,"AssignPolicy":"0","AssigneeName":null,"leadID":"243637567","Source_Name":"AXIS_GHI_EW","SPID":"1","TCN":null,"CRTNO":null,"RefCode1":"1","RefCode2":"2478","Employee_Number":"622461","enumIsEmployeeDiscount":null,"QuoteDate":null,"IsPayment":"0","PaymentMode":null,"PolicyproductComponents":{"PlanCode":"4211","SumInsured":"1000000","SchemeCode":"4112000003"}},"MemObj":{"Member":[{"MemberNo":1,"Salutation":"Mrs","First_Name":"sonii","Middle_Name":null,"Last_Name":"BANKING","Gender":"F","DateOfBirth":"12\/19\/1988","Relation_Code":"R001","Marital_Status":null,"height":"0.00","weight":"0","occupation":"O553","PrimaryMember":"Y","MemberproductComponents":{"PlanCode":"4211","MemberQuestionDetails":[{"QuestionCode":null,"Answer":null,"Remarks":null}]},"MemberPED":[{"PEDCode":"PE002","Remarks":null}],"exactDiagnosis":null,"dateOfDiagnosis":null,"lastDateConsultation":null,"detailsOfTreatmentGiven":null,"doctorName":null,"hospitalName":null,"phoneNumberHosital":null,"Nominee_First_Name":"pnbhjb","Nominee_Last_Name":"BANKING","Nominee_Contact_Number":"9860665465","Nominee_Home_Address":null,"Nominee_Relationship_Code":"R003"},{"MemberNo":2,"Salutation":"Mr","First_Name":"pnbhjb","Middle_Name":null,"Last_Name":"BANKING","Gender":"M","DateOfBirth":"07\/05\/2002","Relation_Code":"R003","Marital_Status":null,"height":"0.00","weight":"0","occupation":"O553","PrimaryMember":"N","MemberproductComponents":{"PlanCode":"4211","MemberQuestionDetails":[{"QuestionCode":null,"Answer":null,"Remarks":null}]},"MemberPED":[{"PEDCode":null,"Remarks":null}],"exactDiagnosis":null,"dateOfDiagnosis":null,"lastDateConsultation":null,"detailsOfTreatmentGiven":null,"doctorName":null,"hospitalName":null,"phoneNumberHosital":null,"Nominee_First_Name":"pnbhjb","Nominee_Last_Name":"BANKING","Nominee_Contact_Number":"9860665465","Nominee_Home_Address":null,"Nominee_Relationship_Code":"R003"}]},"ReceiptCreation":{"officeLocation":"","modeOfEntry":"","cdAcNo":null,"expiryDate":null,"payerType":"","payerCode":null,"paymentBy":"","paymentByName":null,"paymentByRelationship":null,"collectionAmount":"","collectionRcvdDate":null,"collectionMode":"","remarks":null,"instrumentNumber":null,"instrumentDate":null,"bankName":null,"branchName":null,"bankLocation":null,"micrNo":null,"chequeType":null,"ifscCode":"","PaymentGatewayName":"","TerminalID":"","CardNo":null}} [] []
[2020-08-12 16:06:08] full_quote_reponse1.INFO: "<ns0:GHI_Res xmlns:ns0=\"http:\/\/ABHICL_NBP_QuickQuote_Schemas.GHI_Response\"><errorObj><ErrorNumber>04<\/ErrorNumber><ErrorMessage>Please check , Height , weight and Occupation can not be blank<\/ErrorMessage><\/errorObj><policyDtls><TransactionReferenceNumber><\/TransactionReferenceNumber><QuotationNumber><\/QuotationNumber><CertificateNumber><\/CertificateNumber><LetterURL><\/LetterURL><ClientID><\/ClientID><ProductName>Group Activ Health<\/ProductName><ProductCode>4211<\/ProductCode><LineOfBusiness>42<\/LineOfBusiness><startDate><\/startDate><EndDate><\/EndDate><PolicyNumber>61-19-00176-00-00<\/PolicyNumber><ProposalNumber><\/ProposalNumber><PolicyStatus>PQ1<\/PolicyStatus><Tenure>1<\/Tenure><stpFlag>0<\/stpFlag><COIUrl>Template not found<\/COIUrl><\/policyDtls><premium><BasePremium><\/BasePremium><NetPremium><\/NetPremium><GST><\/GST><GrossPremium><\/GrossPremium><\/premium><receiptObj><ReceiptNumber><\/ReceiptNumber><ReceiptAmount><\/ReceiptAmount><ExcessAmount><\/ExcessAmount><\/receiptObj><\/ns0:GHI_Res>" [] []
[2020-08-12 16:06:08] full_quote_request1.INFO: {"ClientCreation":{"Member_Customer_ID":"12324254523464","salutation":"Ms","firstName":"sonii","middleName":"","lastName":"BANKING","dateofBirth":"12\/19\/1988","gender":"F","educationalQualification":null,"pinCode":"622103","uidNo":"5478-2589-3688","maritalStatus":null,"nationality":"Indian","occupation":"O553","primaryEmailID":"soniitesting@gmail.com","contactMobileNo":"7786098532","stdLandlineNo":null,"panNo":null,"passportNumber":null,"contactPerson":null,"annualIncome":null,"remarks":null,"startDate":"2020-08-12","endDate":null,"IdProof":"Adhaar Card","residenceProof":null,"ageProof":null,"others":null,"homeAddressLine1":"Om hrad ntalatiof, holOmshre, talathioficeeachol, OmshreeSada9talathi","homeAddressLine2":null,"homeAddressLine3":null,"homePinCode":"622103","homeArea":null,"homeContactMobileNo":null,"homeContactMobileNo2":null,"homeSTDLandlineNo":null,"homeFaxNo":null,"sameAsHomeAddress":"1","mailingAddressLine1":null,"mailingAddressLine2":null,"mailingAddressLine3":null,"mailingPinCode":null,"mailingArea":null,"mailingContactMobileNo":null,"mailingContactMobileNo2":null,"mailingSTDLandlineNo":null,"mailingSTDLandlineNo2":null,"mailingFaxNo":null,"bankAccountType":null,"bankAccountNo":null,"ifscCode":null,"GSTIN":null,"GSTRegistrationStatus":"Consumers","IsEIAavailable":"0","ApplyEIA":"0","EIAAccountNo":null,"EIAWith":"0","AccountType":null,"AddressProof":null,"DOBProof":null,"IdentityProof":null},"PolicyCreationRequest":{"Quotation_Number":"","MasterPolicyNumber":"61-19-00176-00-00","GroupID":"GRP010","Product_Code":"4211","intermediaryCode":"2106233","AutoRenewal":"Y","intermediaryBranchCode":"10MHMUM01","agentSignatureDate":null,"Customer_Signature_Date":null,"businessSourceChannel":null,"AssignPolicy":"0","AssigneeName":null,"leadID":"243637567","Source_Name":"AXIS_GHI_EW","SPID":"1","TCN":null,"CRTNO":null,"RefCode1":"1","RefCode2":"2478","Employee_Number":"622461","enumIsEmployeeDiscount":null,"QuoteDate":null,"IsPayment":"0","PaymentMode":null,"PolicyproductComponents":{"PlanCode":"4211","SumInsured":"1000000","SchemeCode":"4112000003"}},"MemObj":{"Member":[{"MemberNo":1,"Salutation":"Mrs","First_Name":"sonii","Middle_Name":null,"Last_Name":"BANKING","Gender":"F","DateOfBirth":"12\/19\/1988","Relation_Code":"R001","Marital_Status":null,"height":"0.00","weight":"0","occupation":"O553","PrimaryMember":"Y","MemberproductComponents":{"PlanCode":"4211","MemberQuestionDetails":[{"QuestionCode":null,"Answer":null,"Remarks":null}]},"MemberPED":[{"PEDCode":"PE002","Remarks":null}],"exactDiagnosis":null,"dateOfDiagnosis":null,"lastDateConsultation":null,"detailsOfTreatmentGiven":null,"doctorName":null,"hospitalName":null,"phoneNumberHosital":null,"Nominee_First_Name":"pnbhjb","Nominee_Last_Name":"BANKING","Nominee_Contact_Number":"9860665465","Nominee_Home_Address":null,"Nominee_Relationship_Code":"R003"},{"MemberNo":2,"Salutation":"Mr","First_Name":"pnbhjb","Middle_Name":null,"Last_Name":"BANKING","Gender":"M","DateOfBirth":"07\/05\/2002","Relation_Code":"R003","Marital_Status":null,"height":"0.00","weight":"0","occupation":"O553","PrimaryMember":"N","MemberproductComponents":{"PlanCode":"4211","MemberQuestionDetails":[{"QuestionCode":null,"Answer":null,"Remarks":null}]},"MemberPED":[{"PEDCode":null,"Remarks":null}],"exactDiagnosis":null,"dateOfDiagnosis":null,"lastDateConsultation":null,"detailsOfTreatmentGiven":null,"doctorName":null,"hospitalName":null,"phoneNumberHosital":null,"Nominee_First_Name":"pnbhjb","Nominee_Last_Name":"BANKING","Nominee_Contact_Number":"9860665465","Nominee_Home_Address":null,"Nominee_Relationship_Code":"R003"}]},"ReceiptCreation":{"officeLocation":"","modeOfEntry":"","cdAcNo":null,"expiryDate":null,"payerType":"","payerCode":null,"paymentBy":"","paymentByName":null,"paymentByRelationship":null,"collectionAmount":"","collectionRcvdDate":null,"collectionMode":"","remarks":null,"instrumentNumber":null,"instrumentDate":null,"bankName":null,"branchName":null,"bankLocation":null,"micrNo":null,"chequeType":null,"ifscCode":"","PaymentGatewayName":"","TerminalID":"","CardNo":null}} [] []
[2020-08-12 16:06:16] full_quote_reponse1.INFO: "<ns0:GHI_Res xmlns:ns0=\"http:\/\/ABHICL_NBP_QuickQuote_Schemas.GHI_Response\"><errorObj><ErrorNumber>04<\/ErrorNumber><ErrorMessage>Please check , Height , weight and Occupation can not be blank<\/ErrorMessage><\/errorObj><policyDtls><TransactionReferenceNumber><\/TransactionReferenceNumber><QuotationNumber><\/QuotationNumber><CertificateNumber><\/CertificateNumber><LetterURL><\/LetterURL><ClientID><\/ClientID><ProductName>Group Activ Health<\/ProductName><ProductCode>4211<\/ProductCode><LineOfBusiness>42<\/LineOfBusiness><startDate><\/startDate><EndDate><\/EndDate><PolicyNumber>61-19-00176-00-00<\/PolicyNumber><ProposalNumber><\/ProposalNumber><PolicyStatus>PQ1<\/PolicyStatus><Tenure>1<\/Tenure><stpFlag>0<\/stpFlag><COIUrl>Template not found<\/COIUrl><\/policyDtls><premium><BasePremium><\/BasePremium><NetPremium><\/NetPremium><GST><\/GST><GrossPremium><\/GrossPremium><\/premium><receiptObj><ReceiptNumber><\/ReceiptNumber><ReceiptAmount><\/ReceiptAmount><ExcessAmount><\/ExcessAmount><\/receiptObj><\/ns0:GHI_Res>" [] []
[2020-08-12 16:06:19] generateOTP.INFO: test [] []
[2020-08-12 16:06:32] generateOTP.INFO: test [] []
[2020-08-12 16:10:23] full_quote_request1.INFO: {"ClientCreation":{"Member_Customer_ID":"12324254523464","salutation":"Ms","firstName":"sonii","middleName":"","lastName":"BANKING","dateofBirth":"12\/19\/1988","gender":"F","educationalQualification":null,"pinCode":"622103","uidNo":"5478-2589-3688","maritalStatus":null,"nationality":"Indian","occupation":"O553","primaryEmailID":"soniitesting@gmail.com","contactMobileNo":"7786098532","stdLandlineNo":null,"panNo":null,"passportNumber":null,"contactPerson":null,"annualIncome":null,"remarks":null,"startDate":"2020-08-12","endDate":null,"IdProof":"Adhaar Card","residenceProof":null,"ageProof":null,"others":null,"homeAddressLine1":"Om hrad ntalatiof, holOmshre, talathioficeeachol, OmshreeSada9talathi","homeAddressLine2":null,"homeAddressLine3":null,"homePinCode":"622103","homeArea":null,"homeContactMobileNo":null,"homeContactMobileNo2":null,"homeSTDLandlineNo":null,"homeFaxNo":null,"sameAsHomeAddress":"1","mailingAddressLine1":null,"mailingAddressLine2":null,"mailingAddressLine3":null,"mailingPinCode":null,"mailingArea":null,"mailingContactMobileNo":null,"mailingContactMobileNo2":null,"mailingSTDLandlineNo":null,"mailingSTDLandlineNo2":null,"mailingFaxNo":null,"bankAccountType":null,"bankAccountNo":null,"ifscCode":null,"GSTIN":null,"GSTRegistrationStatus":"Consumers","IsEIAavailable":"0","ApplyEIA":"0","EIAAccountNo":null,"EIAWith":"0","AccountType":null,"AddressProof":null,"DOBProof":null,"IdentityProof":null},"PolicyCreationRequest":{"Quotation_Number":"","MasterPolicyNumber":"61-19-00176-00-00","GroupID":"GRP010","Product_Code":"4211","intermediaryCode":"2106233","AutoRenewal":"Y","intermediaryBranchCode":"10MHMUM01","agentSignatureDate":null,"Customer_Signature_Date":null,"businessSourceChannel":null,"AssignPolicy":"0","AssigneeName":null,"leadID":"243637567","Source_Name":"AXIS_GHI_EW","SPID":"1","TCN":null,"CRTNO":null,"RefCode1":"1","RefCode2":"2478","Employee_Number":"622461","enumIsEmployeeDiscount":null,"QuoteDate":null,"IsPayment":"0","PaymentMode":null,"PolicyproductComponents":{"PlanCode":"4211","SumInsured":"1000000","SchemeCode":"4112000003"}},"MemObj":{"Member":[{"MemberNo":1,"Salutation":"Mrs","First_Name":"sonii","Middle_Name":null,"Last_Name":"BANKING","Gender":"F","DateOfBirth":"12\/19\/1988","Relation_Code":"R001","Marital_Status":null,"height":"0.00","weight":"0","occupation":"O553","PrimaryMember":"Y","MemberproductComponents":{"PlanCode":"4211","MemberQuestionDetails":[{"QuestionCode":null,"Answer":null,"Remarks":null}]},"MemberPED":[{"PEDCode":"PE002","Remarks":null}],"exactDiagnosis":null,"dateOfDiagnosis":null,"lastDateConsultation":null,"detailsOfTreatmentGiven":null,"doctorName":null,"hospitalName":null,"phoneNumberHosital":null,"Nominee_First_Name":"pnbhjb","Nominee_Last_Name":"BANKING","Nominee_Contact_Number":"9860665465","Nominee_Home_Address":null,"Nominee_Relationship_Code":"R003"},{"MemberNo":2,"Salutation":"Mr","First_Name":"pnbhjb","Middle_Name":null,"Last_Name":"BANKING","Gender":"M","DateOfBirth":"07\/05\/2002","Relation_Code":"R003","Marital_Status":null,"height":"0.00","weight":"0","occupation":"O553","PrimaryMember":"N","MemberproductComponents":{"PlanCode":"4211","MemberQuestionDetails":[{"QuestionCode":null,"Answer":null,"Remarks":null}]},"MemberPED":[{"PEDCode":null,"Remarks":null}],"exactDiagnosis":null,"dateOfDiagnosis":null,"lastDateConsultation":null,"detailsOfTreatmentGiven":null,"doctorName":null,"hospitalName":null,"phoneNumberHosital":null,"Nominee_First_Name":"pnbhjb","Nominee_Last_Name":"BANKING","Nominee_Contact_Number":"9860665465","Nominee_Home_Address":null,"Nominee_Relationship_Code":"R003"}]},"ReceiptCreation":{"officeLocation":"","modeOfEntry":"","cdAcNo":null,"expiryDate":null,"payerType":"","payerCode":null,"paymentBy":"","paymentByName":null,"paymentByRelationship":null,"collectionAmount":"","collectionRcvdDate":null,"collectionMode":"","remarks":null,"instrumentNumber":null,"instrumentDate":null,"bankName":null,"branchName":null,"bankLocation":null,"micrNo":null,"chequeType":null,"ifscCode":"","PaymentGatewayName":"","TerminalID":"","CardNo":null}} [] []
[2020-08-12 16:10:29] full_quote_reponse1.INFO: "<ns0:GHI_Res xmlns:ns0=\"http:\/\/ABHICL_NBP_QuickQuote_Schemas.GHI_Response\"><errorObj><ErrorNumber>04<\/ErrorNumber><ErrorMessage>Please check , Height , weight and Occupation can not be blank<\/ErrorMessage><\/errorObj><policyDtls><TransactionReferenceNumber><\/TransactionReferenceNumber><QuotationNumber><\/QuotationNumber><CertificateNumber><\/CertificateNumber><LetterURL><\/LetterURL><ClientID><\/ClientID><ProductName>Group Activ Health<\/ProductName><ProductCode>4211<\/ProductCode><LineOfBusiness>42<\/LineOfBusiness><startDate><\/startDate><EndDate><\/EndDate><PolicyNumber>61-19-00176-00-00<\/PolicyNumber><ProposalNumber><\/ProposalNumber><PolicyStatus>PQ1<\/PolicyStatus><Tenure>1<\/Tenure><stpFlag>0<\/stpFlag><COIUrl>Template not found<\/COIUrl><\/policyDtls><premium><BasePremium><\/BasePremium><NetPremium><\/NetPremium><GST><\/GST><GrossPremium><\/GrossPremium><\/premium><receiptObj><ReceiptNumber><\/ReceiptNumber><ReceiptAmount><\/ReceiptAmount><ExcessAmount><\/ExcessAmount><\/receiptObj><\/ns0:GHI_Res>" [] []
[2020-08-12 16:11:00] generateOTP.INFO: test [] []
[2020-08-12 16:21:26] generateOTP.INFO: test [] []
[2020-08-12 16:25:17] generateOTP.INFO: test [] []
[2020-08-12 16:31:12] generateOTP.INFO: test [] []
[2020-08-12 16:31:13] generateOTP.INFO: test [] []
[2020-08-12 16:31:13] generateOTP.INFO: test [] []
[2020-08-12 16:31:13] generateOTP.INFO: test [] []
[2020-08-12 16:31:13] generateOTP.INFO: test [] []
[2020-08-12 16:31:13] generateOTP.INFO: test [] []
[2020-08-12 16:31:13] generateOTP.INFO: test [] []
[2020-08-12 16:31:13] generateOTP.INFO: test [] []
[2020-08-12 16:31:13] generateOTP.INFO: test [] []
[2020-08-12 16:33:34] generateOTP.INFO: test [] []
[2020-08-12 16:34:14] generateOTP.INFO: test [] []
[2020-08-12 16:34:16] generateOTP.INFO: test [] []
[2020-08-12 16:36:24] generateOTP.INFO: test [] []
[2020-08-12 16:37:36] generateOTP.INFO: test [] []
[2020-08-12 16:37:59] generateOTP.INFO: test [] []
[2020-08-12 16:38:03] generateOTP.INFO: test [] []
[2020-08-12 16:38:57] generateOTP.INFO: test [] []
[2020-08-12 16:38:58] generateOTP.INFO: test [] []
[2020-08-12 16:39:20] generateOTP.INFO: test [] []
[2020-08-12 16:40:01] generateOTP.INFO: test [] []
[2020-08-12 16:40:01] generateOTP.INFO: test [] []
[2020-08-12 16:41:26] generateOTP.INFO: test [] []
[2020-08-12 16:47:20] generateOTP.INFO: test [] []
[2020-08-12 16:47:20] generateOTP.INFO: test [] []
[2020-08-12 16:47:21] generateOTP.INFO: test [] []
[2020-08-12 16:47:21] generateOTP.INFO: test [] []
[2020-08-12 16:47:21] generateOTP.INFO: test [] []
[2020-08-12 16:47:22] generateOTP.INFO: test [] []
[2020-08-12 16:47:22] generateOTP.INFO: test [] []
[2020-08-12 16:47:22] generateOTP.INFO: test [] []
[2020-08-12 16:47:22] generateOTP.INFO: test [] []
[2020-08-12 16:53:54] generateOTP.INFO: {"salutation":"1","firstname":"test","lastname":"BANKING","dob":"19-12-1988","mob_no":"7010444138","panCard":"XXXXXX456A","email":"jack@gmail.com","ref1":"1","ref2":"1","comAdd":"Om hrad ntalatiof, holOmshre, talathioficeeachol, OmshreeSada9talathi","city":"MUMBAI","state":"MAHARASHTRA","pin_code":"622103","ISNRI":"N","update_emp_id":"622467","edit":"0","policy_no":"454,455","subtype_text":"1","sum_insure":"500000","anuual_income":"","occupation":"4","familyConstruct":"2A+1K","family_members_id":"0","family_gender":"Male","first_name":"test","last_name":"BANKING","family_date_birth":"19-12-1988","age":"31","age_type":" years","tenure":"1 Year","family_id":"","s_date":"","marriage_date":"","premium":"14500","policyNo":"454,455","familyDataType":"undefined","empId":"622467","product":"RMxC5efb5c5a320e7","declare":"[]","gender":"Male","gci_options":"Yes"} [] []
[2020-08-12 16:56:03] generateOTP.INFO: {"salutation":"1","firstname":"test","lastname":"BANKING","dob":"19-12-1988","mob_no":"7010444138","panCard":"XXXXXX456A","email":"jack@gmail.com","ref1":"1","ref2":"1","comAdd":"Om hrad ntalatiof, holOmshre, talathioficeeachol, OmshreeSada9talathi","city":"MUMBAI","state":"MAHARASHTRA","pin_code":"622103","ISNRI":"N","update_emp_id":"622467","edit":"0","policy_no":"454,455","subtype_text":"1","sum_insure":"1500000","anuual_income":"300000","occupation":"2","familyConstruct":"2A","family_members_id":"0","family_gender":"Male","first_name":"test","last_name":"BANKING","family_date_birth":"19-12-1988","age":"31","age_type":" years","tenure":"1 Year","family_id":"","s_date":"","marriage_date":"","premium":"17500","policyNo":"454,455","familyDataType":"undefined","empId":"622467","product":"RMxC5efb5c5a320e7","declare":"[]","gender":"Male","gci_options":"Yes"} [] []
[2020-08-12 16:56:29] generateOTP.INFO: {"salutation":"1","firstname":"test","lastname":"BANKING","dob":"19-12-1988","mob_no":"7010444138","panCard":"XXXXXX456A","email":"jack@gmail.com","ref1":"1","ref2":"1","comAdd":"Om hrad ntalatiof, holOmshre, talathioficeeachol, OmshreeSada9talathi","city":"MUMBAI","state":"MAHARASHTRA","pin_code":"622103","ISNRI":"N","update_emp_id":"622467","edit":"0","policy_no":"454,455","subtype_text":"1","sum_insure":"1500000","anuual_income":"300000","occupation":"2","familyConstruct":"2A","family_members_id":"1","family_gender":"Female","first_name":"dsfs","last_name":"sdffsdf","family_date_birth":"17-08-1994","age":"25","age_type":" years","tenure":"1 Year","family_id":"","s_date":"","marriage_date":"","premium":"17500","policyNo":"454,455","familyDataType":"undefined","empId":"622467","product":"RMxC5efb5c5a320e7","declare":"[]","gender":"Male","gci_options":"Yes"} [] []
[2020-08-12 16:59:28] generateOTP.INFO: test [] []
[2020-08-12 16:59:29] generateOTP.INFO: test [] []
[2020-08-12 17:11:50] generateOTP.INFO: test [] []
[2020-08-12 17:13:12] generateOTP.INFO: {"salutation":"2","firstname":"swatestiii","lastname":"BANKING","dob":"19-12-1988","mob_no":"9876987698","panCard":"XXXXXX456A","email":"swat@gmail.com","ref1":"1","ref2":"1","comAdd":"Om hrad ntalatiof, holOmshre, talathioficeeachol, OmshreeSada9talathi","city":"MUMBAI","state":"MAHARASHTRA","pin_code":"622103","ISNRI":"N","update_emp_id":"622462","edit":"0","policy_no":"454,455","subtype_text":"1","sum_insure":"500000","anuual_income":"","occupation":"4","familyConstruct":"2A","family_members_id":"0","family_gender":"Female","first_name":"swatestiii","last_name":"BANKING","family_date_birth":"19-12-1988","age":"31","age_type":" years","tenure":"1 Year","family_id":"","s_date":"","marriage_date":"","premium":"11500","policyNo":"454,455","familyDataType":"undefined","empId":"622462","product":"RMxC5efb5c5a320e7","declare":"[]","gender":"Female","gci_options":"Yes"} [] []
[2020-08-12 17:15:25] generateOTP.INFO: {"salutation":"2","firstname":"swatestiii","lastname":"BANKING","dob":"19-12-1988","mob_no":"9876987698","panCard":"XXXXXX456A","email":"swat@gmail.com","ref1":"1","ref2":"1","comAdd":"Om hrad ntalatiof, holOmshre, talathioficeeachol, OmshreeSada9talathi","city":"MUMBAI","state":"MAHARASHTRA","pin_code":"622103","ISNRI":"N","update_emp_id":"622462","edit":"0","policy_no":"454,455","subtype_text":"1","sum_insure":"500000","anuual_income":"","occupation":"4","familyConstruct":"2A","family_members_id":"1","family_gender":"Male","first_name":"klkl","last_name":"ghghg","family_date_birth":"12-08-1987","age":"33","age_type":" years","tenure":"1 Year","family_id":"","s_date":"","marriage_date":"","premium":"11500","policyNo":"454,455","familyDataType":"undefined","empId":"622462","product":"RMxC5efb5c5a320e7","declare":"[]","gender":"Female","gci_options":"Yes"} [] []
[2020-08-12 17:16:36] documentsSave.INFO: {"ops_type":"[\"0\",\"Y\"]","ids":"143,144,145"} [] []
[2020-08-12 17:16:36] documentsSaveFiles.INFO: [{"name":"Full Forms.jpeg","type":"image\/jpeg","tmp_name":"\/tmp\/phpao822h","error":0,"size":128214},{"name":"Full Forms.jpeg","type":"image\/jpeg","tmp_name":"\/tmp\/phpJ9Zudy","error":0,"size":128214}] [] []
[2020-08-12 17:17:08] generateOTP.INFO: test [] []
[2020-08-12 17:17:26] generateOTP.INFO: test [] []
[2020-08-12 17:17:29] generateOTP.INFO: test [] []
[2020-08-12 17:17:30] generateOTP.INFO: test [] []
[2020-08-12 17:17:51] generateOTP.INFO: test [] []
[2020-08-12 17:17:59] generateOTP.INFO: test [] []
[2020-08-12 17:18:16] generateOTP.INFO: test [] []
[2020-08-12 17:18:45] generateOTP.INFO: test [] []
[2020-08-12 17:20:19] generateOTP.INFO: test [] []
[2020-08-12 17:20:54] generateOTP.INFO: test [] []
[2020-08-12 17:21:48] generateOTP.INFO: test [] []
[2020-08-12 17:23:42] generateOTP.INFO: test [] []
[2020-08-12 17:25:24] generateOTP.INFO: test [] []
[2020-08-12 17:26:56] generateOTP.INFO: test [] []
[2020-08-12 17:27:55] generateOTP.INFO: test [] []
[2020-08-12 17:28:51] generateOTP.INFO: test [] []
[2020-08-12 17:29:27] generateOTP.INFO: test [] []
[2020-08-12 17:29:59] generateOTP.INFO: test [] []
[2020-08-12 19:18:11] generateOTP.INFO: test [] []
[2020-08-12 21:11:28] generateOTP.INFO: test [] []
[2020-08-12 21:11:44] generateOTP.INFO: test [] []
[2020-08-12 22:13:40] generateOTP.INFO: test [] []
[2020-08-12 22:13:43] generateOTP.INFO: test [] []
[2020-08-12 22:13:43] generateOTP.INFO: test [] []
[2020-08-12 22:13:48] generateOTP.INFO: test [] []
[2020-08-12 22:13:49] generateOTP.INFO: test [] []
[2020-08-12 22:13:55] generateOTP.INFO: test [] []
[2020-08-12 23:10:46] generateOTP.INFO: test [] []
[2020-08-12 23:10:47] generateOTP.INFO: test [] []
[2020-08-12 23:10:47] generateOTP.INFO: test [] []
[2020-08-12 23:11:48] generateOTP.INFO: test [] []
[2020-08-12 23:11:58] generateOTP.INFO: {"salutation":"1","firstname":"test","lastname":"BANKING","dob":"19-12-1968","mob_no":"7010444138","panCard":"XXXXXX456A","email":"jack@gmail.com","ref1":"1","ref2":"1","comAdd":"Om hrad ntalatiof, holOmshre, talathioficeeachol, OmshreeSada9talathi","city":"MUMBAI","state":"MAHARASHTRA","pin_code":"622103","ISNRI":"N","update_emp_id":"622469","edit":"0","policy_no":"403","subtype_text":"1","sum_insure":"500000","anuual_income":"","familyConstruct":"1A","family_members_id":"0","family_gender":"Male","first_name":"test","last_name":"BANKING","family_date_birth":"19-12-1968","age":"51","age_type":" years","tenure":"1 Year","family_id":"","s_date":"","marriage_date":"","premium":"13500","policyNo":"403","familyDataType":"undefined","empId":"622469","product":"NUKc5dd5468e43707","declare":"[]","gender":"Male","gci_options":"Yes"} [] []
[2020-08-12 23:12:10] generateOTP.INFO: {"salutation":"1","firstname":"test","lastname":"BANKING","dob":"19-12-1968","mob_no":"7010444138","panCard":"XXXXXX456A","email":"jack@gmail.com","ref1":"1","ref2":"1","comAdd":"Om hrad ntalatiof, holOmshre, talathioficeeachol, OmshreeSada9talathi","city":"MUMBAI","state":"MAHARASHTRA","pin_code":"622103","ISNRI":"N","update_emp_id":"622469","edit":"0","policy_no":"403","subtype_text":"1","sum_insure":"500000","anuual_income":"","familyConstruct":"1A","family_members_id":"1","family_gender":"Female","first_name":"f","last_name":"f","family_date_birth":"20-08-1981","age":"38","age_type":" years","tenure":"1 Year","family_id":"","s_date":"","marriage_date":"","premium":"13500","policyNo":"403","familyDataType":"undefined","empId":"622469","product":"NUKc5dd5468e43707","declare":"[]","gender":"Male","gci_options":"Yes"} [] []
[2020-08-12 23:12:16] generateOTP.INFO: {"salutation":"1","firstname":"test","lastname":"BANKING","dob":"19-12-1968","mob_no":"7010444138","panCard":"XXXXXX456A","email":"jack@gmail.com","ref1":"1","ref2":"1","comAdd":"Om hrad ntalatiof, holOmshre, talathioficeeachol, OmshreeSada9talathi","city":"MUMBAI","state":"MAHARASHTRA","pin_code":"622103","ISNRI":"N","update_emp_id":"622469","edit":"0","policy_no":"403","subtype_text":"1","sum_insure":"500000","anuual_income":"","familyConstruct":"1A","family_members_id":"1","family_gender":"Female","first_name":"f","last_name":"f","family_date_birth":"26-08-1937","age":"82","age_type":" years","tenure":"1 Year","family_id":"","s_date":"","marriage_date":"","premium":"13500","policyNo":"403","familyDataType":"undefined","empId":"622469","product":"NUKc5dd5468e43707","declare":"[]","gender":"Male","gci_options":"Yes"} [] []
[2020-08-12 23:12:21] generateOTP.INFO: {"salutation":"1","firstname":"test","lastname":"BANKING","dob":"19-12-1968","mob_no":"7010444138","panCard":"XXXXXX456A","email":"jack@gmail.com","ref1":"1","ref2":"1","comAdd":"Om hrad ntalatiof, holOmshre, talathioficeeachol, OmshreeSada9talathi","city":"MUMBAI","state":"MAHARASHTRA","pin_code":"622103","ISNRI":"N","update_emp_id":"622469","edit":"0","policy_no":"403","subtype_text":"1","sum_insure":"500000","anuual_income":"","familyConstruct":"1A","family_members_id":"1","family_gender":"Female","first_name":"f","last_name":"f","family_date_birth":"28-08-1952","age":"67","age_type":" years","tenure":"1 Year","family_id":"","s_date":"","marriage_date":"","premium":"13500","policyNo":"403","familyDataType":"undefined","empId":"622469","product":"NUKc5dd5468e43707","declare":"[]","gender":"Male","gci_options":"Yes"} [] []
[2020-08-12 23:16:27] generateOTP.INFO: test [] []
[2020-08-12 23:18:27] generateOTP.INFO: test [] []
[2020-08-12 23:18:36] generateOTP.INFO: {"salutation":"1","firstname":"test","lastname":"BANKING","dob":"19-12-1968","mob_no":"7010444138","panCard":"XXXXXX456A","email":"jack@gmail.com","ref1":"1","ref2":"1","comAdd":"Om hrad ntalatiof, holOmshre, talathioficeeachol, OmshreeSada9talathi","city":"Illuppur","state":"TAMIL NADU","pin_code":"622103","ISNRI":"N","update_emp_id":"622469","edit":"0","policy_no":"403","subtype_text":"1","sum_insure":"1500000","anuual_income":"","familyConstruct":"1A","family_members_id":"0","family_gender":"Male","first_name":"test","last_name":"BANKING","family_date_birth":"19-12-1968","age":"51","age_type":" years","tenure":"1 Year","family_id":"","s_date":"","marriage_date":"","premium":"19000","policyNo":"403","familyDataType":"undefined","empId":"622469","product":"NUKc5dd5468e43707","declare":"[]","gender":"Male","gci_options":"Yes"} [] []
[2020-08-12 23:21:09] generateOTP.INFO: test [] []
