[2021-03-12 10:09:27] generateOTP.INFO: test [] []
[2021-03-12 10:10:36] generateOTP.INFO: test [] []
[2021-03-12 10:10:37] generateOTP.INFO: test [] []
[2021-03-12 10:11:00] generateOTP.INFO: test [] []
[2021-03-12 10:11:12] generateOTP.INFO: test [] []
[2021-03-12 10:11:12] generateOTP.INFO: test [] []
[2021-03-12 10:12:35] generateOTP.INFO: test [] []
[2021-03-12 10:13:50] generateOTP.INFO: test [] []
[2021-03-12 10:18:57] generateOTP.INFO: test [] []
[2021-03-12 10:19:02] generateOTP.INFO: test [] []
[2021-03-12 10:19:03] generateOTP.INFO: test [] []
[2021-03-12 10:19:05] generateOTP.INFO: test [] []
[2021-03-12 10:19:48] generateOTP.INFO: test [] []
[2021-03-12 10:20:43] generateOTP.INFO: test [] []
[2021-03-12 10:20:43] generateOTP.INFO: test [] []
[2021-03-12 10:21:50] generateOTP.INFO: test [] []
[2021-03-12 10:22:55] generateOTP.INFO: test [] []
[2021-03-12 10:23:01] generateOTP.INFO: test [] []
[2021-03-12 10:23:04] generateOTP.INFO: test [] []
[2021-03-12 10:23:08] generateOTP.INFO: test [] []
[2021-03-12 10:23:09] generateOTP.INFO: test [] []
[2021-03-12 10:24:55] generateOTP.INFO: test [] []
[2021-03-12 10:25:31] generateOTP.INFO: test [] []
[2021-03-12 10:25:33] generateOTP.INFO: test [] []
[2021-03-12 10:25:34] generateOTP.INFO: test [] []
[2021-03-12 10:26:40] generateOTP.INFO: test [] []
[2021-03-12 10:26:43] generateOTP.INFO: test [] []
[2021-03-12 10:27:19] generateOTP.INFO: test [] []
[2021-03-12 10:27:19] generateOTP.INFO: test [] []
[2021-03-12 10:27:23] generateOTP.INFO: test [] []
[2021-03-12 10:27:23] generateOTP.INFO: test [] []
[2021-03-12 10:27:48] generateOTP.INFO: test [] []
[2021-03-12 10:27:48] generateOTP.INFO: test [] []
[2021-03-12 10:27:48] generateOTP.INFO: test [] []
[2021-03-12 10:27:48] generateOTP.INFO: test [] []
[2021-03-12 10:28:02] generateOTP.INFO: test [] []
[2021-03-12 10:28:04] generateOTP.INFO: test [] []
[2021-03-12 10:28:38] generateOTP.INFO: test [] []
[2021-03-12 10:28:38] generateOTP.INFO: test [] []
[2021-03-12 10:29:49] generateOTP.INFO: test [] []
[2021-03-12 10:29:49] generateOTP.INFO: test [] []
[2021-03-12 10:29:58] generateOTP.INFO: test [] []
[2021-03-12 10:29:58] generateOTP.INFO: test [] []
[2021-03-12 10:30:08] generateOTP.INFO: test [] []
[2021-03-12 10:30:08] generateOTP.INFO: test [] []
[2021-03-12 10:30:53] generateOTP.INFO: test [] []
[2021-03-12 10:30:54] generateOTP.INFO: test [] []
[2021-03-12 10:31:22] generateOTP.INFO: test [] []
[2021-03-12 10:31:40] generateOTP.INFO: test [] []
[2021-03-12 10:32:50] generateOTP.INFO: test [] []
[2021-03-12 10:32:56] generateOTP.INFO: test [] []
[2021-03-12 10:34:14] generateOTP.INFO: test [] []
[2021-03-12 10:34:14] generateOTP.INFO: test [] []
[2021-03-12 10:34:39] generateOTP.INFO: test [] []
[2021-03-12 10:34:40] generateOTP.INFO: test [] []
[2021-03-12 10:34:44] generateOTP.INFO: test [] []
[2021-03-12 10:34:48] generateOTP.INFO: test [] []
[2021-03-12 10:34:50] generateOTP.INFO: test [] []
[2021-03-12 10:34:52] generateOTP.INFO: test [] []
[2021-03-12 10:34:52] generateOTP.INFO: test [] []
[2021-03-12 10:35:00] generateOTP.INFO: test [] []
[2021-03-12 10:35:00] generateOTP.INFO: test [] []
[2021-03-12 10:35:00] generateOTP.INFO: test [] []
[2021-03-12 10:35:01] generateOTP.INFO: test [] []
[2021-03-12 10:35:16] generateOTP.INFO: test [] []
[2021-03-12 10:35:16] generateOTP.INFO: test [] []
[2021-03-12 10:36:29] generateOTP.INFO: test [] []
[2021-03-12 10:36:31] generateOTP.INFO: test [] []
[2021-03-12 10:48:11] generateOTP.INFO: test [] []
[2021-03-12 10:48:12] generateOTP.INFO: test [] []
[2021-03-12 10:48:32] generateOTP.INFO: test [] []
[2021-03-12 10:48:45] generateOTP.INFO: test [] []
[2021-03-12 10:48:48] generateOTP.INFO: test [] []
[2021-03-12 10:48:49] generateOTP.INFO: test [] []
[2021-03-12 10:48:52] generateOTP.INFO: test [] []
[2021-03-12 10:48:54] generateOTP.INFO: test [] []
[2021-03-12 10:49:04] generateOTP.INFO: test [] []
[2021-03-12 10:49:04] generateOTP.INFO: test [] []
[2021-03-12 10:49:04] generateOTP.INFO: test [] []
[2021-03-12 10:49:04] generateOTP.INFO: test [] []
[2021-03-12 10:49:07] generateOTP.INFO: test [] []
[2021-03-12 10:50:16] generateOTP.INFO: test [] []
[2021-03-12 10:50:17] generateOTP.INFO: test [] []
[2021-03-12 10:50:22] generateOTP.INFO: test [] []
[2021-03-12 10:50:23] generateOTP.INFO: test [] []
[2021-03-12 10:51:28] generateOTP.INFO: test [] []
[2021-03-12 10:51:29] generateOTP.INFO: test [] []
[2021-03-12 10:54:26] generateOTP.INFO: test [] []
[2021-03-12 10:54:28] generateOTP.INFO: test [] []
[2021-03-12 10:56:08] generateOTP.INFO: test [] []
[2021-03-12 10:56:09] generateOTP.INFO: test [] []
[2021-03-12 10:57:18] generateOTP.INFO: test [] []
[2021-03-12 10:57:20] generateOTP.INFO: test [] []
[2021-03-12 10:58:11] generateOTP.INFO: test [] []
[2021-03-12 10:58:45] generateOTP.INFO: test [] []
[2021-03-12 10:59:00] generateOTP.INFO: test [] []
[2021-03-12 11:00:14] generateOTP.INFO: test [] []
[2021-03-12 11:01:07] generateOTP.INFO: test [] []
[2021-03-12 11:01:07] generateOTP.INFO: test [] []
[2021-03-12 11:01:26] generateOTP.INFO: test [] []
[2021-03-12 11:06:06] generateOTP.INFO: {"salutation":"1","firstname":"test","lastname":"BANKING","dob":"19-12-1988","mob_no":"7010444138","panCard":"XXXXXX456A","email":"jack@gmail.com","ref1":"1","ref2":"1","comAdd":"Om hrad ntalatiof, holOmshre, talathioficeeachol, OmshreeSada9talathi","city":"MUMBAI","state":"MAHARASHTRA","pin_code":"400004","ISNRI":"N","update_emp_id":"SWVpcGNYZ3FKUGV6eUFWRnZEQ0xyQT09","edit":"0","policy_no":"470","subtype_text":"1","sum_insure":"5000000","familyConstruct":"2A","occupation":"7","anuual_income":"500000","family_members_id":"0","family_gender":"Male","first_name":"test","last_name":"BANKING","family_date_birth":"19-12-1988","age":"32","age_type":" years","tenure":"1 Year","family_id":"","s_date":"","marriage_date":"","premium":"17299","policyNo":"470","familyDataType":"undefined","empId":"SWVpcGNYZ3FKUGV6eUFWRnZEQ0xyQT09","product":"test123abc","declare":"[]","gender":"Male","gci_options":"undefined","gpa_options":"Yes","hidden_policy_id":"470,471","hidden_deductable":"0"} [] []
[2021-03-12 11:06:39] generateOTP.INFO: {"salutation":"1","firstname":"test","lastname":"BANKING","dob":"19-12-1988","mob_no":"7010444138","panCard":"XXXXXX456A","email":"jack@gmail.com","ref1":"1","ref2":"1","comAdd":"Om hrad ntalatiof, holOmshre, talathioficeeachol, OmshreeSada9talathi","city":"MUMBAI","state":"MAHARASHTRA","pin_code":"400004","ISNRI":"N","update_emp_id":"SWVpcGNYZ3FKUGV6eUFWRnZEQ0xyQT09","edit":"0","policy_no":"470","subtype_text":"1","sum_insure":"5000000","familyConstruct":"2A","occupation":"7","anuual_income":"500000","family_members_id":"1","family_gender":"Female","first_name":"kfjhfdkjhgkdfj","last_name":"","family_date_birth":"04-03-1987","age":"34","age_type":" years","tenure":"1 Year","family_id":"","s_date":"","marriage_date":"","premium":"17299","policyNo":"470","familyDataType":"undefined","empId":"SWVpcGNYZ3FKUGV6eUFWRnZEQ0xyQT09","product":"test123abc","declare":"[]","gender":"Male","gci_options":"undefined","gpa_options":"Yes","hidden_policy_id":"470,471","hidden_deductable":"0"} [] []
[2021-03-12 11:06:53] generateOTP.INFO: test [] []
[2021-03-12 11:06:59] generateOTP.INFO: test [] []
[2021-03-12 11:07:02] generateOTP.INFO: test [] []
[2021-03-12 11:07:47] generateOTP.INFO: test [] []
[2021-03-12 11:07:48] generateOTP.INFO: test [] []
[2021-03-12 11:08:21] generateOTP.INFO: test [] []
[2021-03-12 11:08:21] generateOTP.INFO: test [] []
[2021-03-12 11:08:21] generateOTP.INFO: test [] []
[2021-03-12 11:08:21] generateOTP.INFO: test [] []
[2021-03-12 11:08:26] generateOTP.INFO: test [] []
[2021-03-12 11:08:27] generateOTP.INFO: test [] []
[2021-03-12 11:09:38] documentsSave.INFO: {"ops_type":"[]","ids":"1530,1531"} [] []
[2021-03-12 11:09:38] documentsSaveFiles.INFO: [] [] []
[2021-03-12 11:09:55] generateOTP.INFO: test [] []
[2021-03-12 11:10:30] generateOTP.INFO: test [] []
[2021-03-12 11:10:36] generateOTP.INFO: test [] []
[2021-03-12 11:10:36] generateOTP.INFO: test [] []
[2021-03-12 11:10:44] generateOTP.INFO: test [] []
[2021-03-12 11:11:16] generateOTP.INFO: test [] []
[2021-03-12 11:11:58] generateOTP.INFO: test [] []
[2021-03-12 11:11:59] generateOTP.INFO: test [] []
[2021-03-12 11:13:12] generateOTP.INFO: test [] []
[2021-03-12 11:13:15] generateOTP.INFO: test [] []
[2021-03-12 11:13:17] generateOTP.INFO: test [] []
[2021-03-12 11:14:25] full_quote_request1.INFO: {"ClientCreation":{"Member_Customer_ID":"84987998840GHIR11","salutation":"Mr","firstName":"test","middleName":"","lastName":"BANKING","dateofBirth":"12\/19\/1988","gender":"M","educationalQualification":null,"pinCode":"400004","uidNo":"5478-2589-3688","maritalStatus":null,"nationality":"Indian","occupation":"O014","primaryEmailID":"jack@gmail.com","contactMobileNo":"7010444138","stdLandlineNo":null,"panNo":null,"passportNumber":null,"contactPerson":null,"annualIncome":"500000","remarks":null,"startDate":"2021-03-12","endDate":null,"IdProof":"Adhaar Card","residenceProof":null,"ageProof":null,"others":null,"homeAddressLine1":"Om hrad ntalatiof, holOmshre, talathioficeeachol, OmshreeSada9talathi","homeAddressLine2":null,"homeAddressLine3":null,"homePinCode":"400004","homeArea":null,"homeContactMobileNo":null,"homeContactMobileNo2":null,"homeSTDLandlineNo":null,"homeFaxNo":null,"sameAsHomeAddress":"1","mailingAddressLine1":null,"mailingAddressLine2":null,"mailingAddressLine3":null,"mailingPinCode":null,"mailingArea":null,"mailingContactMobileNo":null,"mailingContactMobileNo2":null,"mailingSTDLandlineNo":null,"mailingSTDLandlineNo2":null,"mailingFaxNo":null,"bankAccountType":null,"bankAccountNo":null,"ifscCode":null,"GSTIN":null,"GSTRegistrationStatus":"Consumers","IsEIAavailable":"0","ApplyEIA":"0","EIAAccountNo":null,"EIAWith":"0","AccountType":null,"AddressProof":null,"DOBProof":null,"IdentityProof":null},"PolicyCreationRequest":{"Quotation_Number":"","MasterPolicyNumber":"71-20-00045-00-00","GroupID":"GRP004","Product_Code":"4211","SumInsured_Type":null,"Policy_Tanure":"1","Member_Type_Code":"M209","intermediaryCode":"2104794","AutoRenewal":"Y","intermediaryBranchCode":"10MHMUM01","agentSignatureDate":null,"Customer_Signature_Date":null,"businessSourceChannel":null,"AssignPolicy":"0","AssigneeName":null,"leadID":"6849490","Source_Name":"AXIS_GHIEW_XL","SPID":"1","TCN":null,"CRTNO":null,"RefCode1":"1","RefCode2":"051","Employee_Number":"625084","enumIsEmployeeDiscount":null,"QuoteDate":null,"IsPayment":"0","PaymentMode":null,"PolicyproductComponents":[{"PlanCode":"4211","SumInsured":"5000000","SchemeCode":"4112000003"}]},"MemObj":{"Member":[{"MemberNo":1,"Salutation":"Mr","First_Name":"test","Middle_Name":null,"Last_Name":"BANKING","Gender":"M","DateOfBirth":"12\/19\/1988","Relation_Code":"R001","Marital_Status":null,"height":"0.00","weight":"0","occupation":"O014","PrimaryMember":"Y","MemberproductComponents":[{"PlanCode":"4211","MemberQuestionDetails":[{"QuestionCode":null,"Answer":null,"Remarks":null}]}],"MemberPED":[{"PEDCode":null,"Remarks":null}],"exactDiagnosis":null,"dateOfDiagnosis":null,"lastDateConsultation":null,"detailsOfTreatmentGiven":null,"doctorName":null,"hospitalName":null,"phoneNumberHosital":null,"Nominee_First_Name":"kfjhfdkjhgkdfj","Nominee_Last_Name":".","Nominee_Contact_Number":"0000000000","Nominee_Home_Address":null,"Nominee_Relationship_Code":"R002"},{"MemberNo":2,"Salutation":"Mrs","First_Name":"kfjhfdkjhgkdfj","Middle_Name":null,"Last_Name":".","Gender":"F","DateOfBirth":"03\/04\/1987","Relation_Code":"R002","Marital_Status":null,"height":"0.00","weight":"0","occupation":"O014","PrimaryMember":"N","MemberproductComponents":[{"PlanCode":"4211","MemberQuestionDetails":[{"QuestionCode":null,"Answer":null,"Remarks":null}]}],"MemberPED":[{"PEDCode":null,"Remarks":null}],"exactDiagnosis":null,"dateOfDiagnosis":null,"lastDateConsultation":null,"detailsOfTreatmentGiven":null,"doctorName":null,"hospitalName":null,"phoneNumberHosital":null,"Nominee_First_Name":"kfjhfdkjhgkdfj","Nominee_Last_Name":".","Nominee_Contact_Number":"0000000000","Nominee_Home_Address":null,"Nominee_Relationship_Code":"R002"}]},"ReceiptCreation":{"officeLocation":"","modeOfEntry":"","cdAcNo":null,"expiryDate":null,"payerType":"","payerCode":null,"paymentBy":"","paymentByName":null,"paymentByRelationship":null,"collectionAmount":"","collectionRcvdDate":null,"collectionMode":"","remarks":null,"instrumentNumber":null,"instrumentDate":null,"bankName":null,"branchName":null,"bankLocation":null,"micrNo":null,"chequeType":null,"ifscCode":"","PaymentGatewayName":"","TerminalID":"","CardNo":null}} [] []
[2021-03-12 11:14:27] full_quote_reponse1.INFO: "<ns0:GHI_Res xmlns:ns0=\"http:\/\/ABHICL_NBP_QuickQuote_Schemas.GHI_Response\"><errorObj><ErrorNumber>00<\/ErrorNumber><ErrorMessage>Success<\/ErrorMessage><\/errorObj><policyDtls><TransactionReferenceNumber><\/TransactionReferenceNumber><QuotationNumber>XL100764847<\/QuotationNumber><CertificateNumber><\/CertificateNumber><LetterURL><\/LetterURL><ClientID><\/ClientID><ProductName>Group Activ Health<\/ProductName><ProductCode>4211<\/ProductCode><LineOfBusiness>42<\/LineOfBusiness><startDate><\/startDate><EndDate><\/EndDate><PolicyNumber>71-20-00045-00-00<\/PolicyNumber><ProposalNumber><\/ProposalNumber><PolicyStatus>PQ1<\/PolicyStatus><Tenure>1<\/Tenure><stpFlag>0<\/stpFlag><MemberCustomerID>84987998840GHIR11<\/MemberCustomerID><\/policyDtls><premium><BasePremium>14660.00<\/BasePremium><NetPremium>14660.00<\/NetPremium><GST>2638.80<\/GST><GrossPremium>17299.00<\/GrossPremium><\/premium><receiptObj><ReceiptNumber \/><ReceiptAmount \/><ExcessAmount \/><\/receiptObj><\/ns0:GHI_Res>" [] []
[2021-03-12 11:14:28] full_quote_request1.INFO: {"ClientCreation":{"Member_Customer_ID":"84987998840GPA1","salutation":"Mr","firstName":"test","middleName":"","lastName":"BANKING","dateofBirth":"12\/19\/1988","gender":"M","educationalQualification":null,"pinCode":"400004","uidNo":"5478-2589-3688","maritalStatus":null,"nationality":"Indian","occupation":"O014","primaryEmailID":"jack@gmail.com","contactMobileNo":"7010444138","stdLandlineNo":null,"panNo":null,"passportNumber":null,"contactPerson":null,"annualIncome":"500000","remarks":null,"startDate":"2021-03-12","endDate":null,"IdProof":"Adhaar Card","residenceProof":null,"ageProof":null,"others":null,"homeAddressLine1":"Om hrad ntalatiof, holOmshre, talathioficeeachol, OmshreeSada9talathi","homeAddressLine2":null,"homeAddressLine3":null,"homePinCode":"400004","homeArea":null,"homeContactMobileNo":null,"homeContactMobileNo2":null,"homeSTDLandlineNo":null,"homeFaxNo":null,"sameAsHomeAddress":"1","mailingAddressLine1":null,"mailingAddressLine2":null,"mailingAddressLine3":null,"mailingPinCode":null,"mailingArea":null,"mailingContactMobileNo":null,"mailingContactMobileNo2":null,"mailingSTDLandlineNo":null,"mailingSTDLandlineNo2":null,"mailingFaxNo":null,"bankAccountType":null,"bankAccountNo":null,"ifscCode":null,"GSTIN":null,"GSTRegistrationStatus":"Consumers","IsEIAavailable":"0","ApplyEIA":"0","EIAAccountNo":null,"EIAWith":"0","AccountType":null,"AddressProof":null,"DOBProof":null,"IdentityProof":null},"PolicyCreationRequest":{"Quotation_Number":"","MasterPolicyNumber":"62-20-00065-00-00","GroupID":"GRP001","Product_Code":"4112","SumInsured_Type":null,"Policy_Tanure":"1","Member_Type_Code":"M209","intermediaryCode":"2104794","AutoRenewal":"Y","intermediaryBranchCode":"10MHMUM01","agentSignatureDate":null,"Customer_Signature_Date":null,"businessSourceChannel":null,"AssignPolicy":"0","AssigneeName":null,"leadID":"6849490","Source_Name":"AXIS_GFBEW_XL","SPID":"1","TCN":null,"CRTNO":null,"RefCode1":"1","RefCode2":"051","Employee_Number":"625084","enumIsEmployeeDiscount":null,"QuoteDate":null,"IsPayment":"0","PaymentMode":null,"PolicyproductComponents":[{"PlanCode":"4112","SumInsured":"5000000","SchemeCode":"4112000003"}]},"MemObj":{"Member":[{"MemberNo":1,"Salutation":"Mr","First_Name":"test","Middle_Name":null,"Last_Name":"BANKING","Gender":"M","DateOfBirth":"12\/19\/1988","Relation_Code":"R001","Marital_Status":null,"height":"0.00","weight":"0","occupation":"O014","PrimaryMember":"Y","MemberproductComponents":[{"PlanCode":"4112","MemberQuestionDetails":[{"QuestionCode":null,"Answer":null,"Remarks":null}]}],"MemberPED":[{"PEDCode":null,"Remarks":null}],"exactDiagnosis":null,"dateOfDiagnosis":null,"lastDateConsultation":null,"detailsOfTreatmentGiven":null,"doctorName":null,"hospitalName":null,"phoneNumberHosital":null,"Nominee_First_Name":"kfjhfdkjhgkdfj","Nominee_Last_Name":".","Nominee_Contact_Number":"0000000000","Nominee_Home_Address":null,"Nominee_Relationship_Code":"R002"}]},"ReceiptCreation":{"officeLocation":"","modeOfEntry":"","cdAcNo":null,"expiryDate":null,"payerType":"","payerCode":null,"paymentBy":"","paymentByName":null,"paymentByRelationship":null,"collectionAmount":"","collectionRcvdDate":null,"collectionMode":"","remarks":null,"instrumentNumber":null,"instrumentDate":null,"bankName":null,"branchName":null,"bankLocation":null,"micrNo":null,"chequeType":null,"ifscCode":"","PaymentGatewayName":"","TerminalID":"","CardNo":null}} [] []
[2021-03-12 11:14:30] full_quote_reponse1.INFO: "<ns0:GFB_Res xmlns:ns0=\"http:\/\/ABHICL_NBP_QuickQuote_Schemas.GFB_Response\"><errorObj><ErrorNumber>00<\/ErrorNumber><ErrorMessage>Success<\/ErrorMessage><\/errorObj><policyDtls><TransactionReferenceNumber><\/TransactionReferenceNumber><QuotationNumber>XL100764848<\/QuotationNumber><CertificateNumber><\/CertificateNumber><LetterURL><\/LetterURL><ClientID><\/ClientID><ProductName>Group Activ Secure - Personal Accident<\/ProductName><ProductCode>4112<\/ProductCode><LineOfBusiness>41<\/LineOfBusiness><startDate><\/startDate><EndDate><\/EndDate><PolicyNumber>62-20-00065-00-00<\/PolicyNumber><ProposalNumber><\/ProposalNumber><PolicyStatus>PQ1<\/PolicyStatus><Tenure>1<\/Tenure><stpFlag>0<\/stpFlag><MemberCustomerID>84987998840GPA1<\/MemberCustomerID><\/policyDtls><premium><BasePremium>1695.00<\/BasePremium><NetPremium>1695.00<\/NetPremium><GST>305.10<\/GST><GrossPremium>2000.00<\/GrossPremium><\/premium><receiptObj><ReceiptNumber \/><ReceiptAmount \/><ExcessAmount \/><\/receiptObj><\/ns0:GFB_Res>" [] []
[2021-03-12 11:14:30] full_quote_request1.INFO: {"ClientCreation":{"Member_Customer_ID":"84987998840GPA2","salutation":"Mr","firstName":"test","middleName":"","lastName":"BANKING","dateofBirth":"12\/19\/1988","gender":"M","educationalQualification":null,"pinCode":"400004","uidNo":"5478-2589-3688","maritalStatus":null,"nationality":"Indian","occupation":"O014","primaryEmailID":"jack@gmail.com","contactMobileNo":"7010444138","stdLandlineNo":null,"panNo":null,"passportNumber":null,"contactPerson":null,"annualIncome":"500000","remarks":null,"startDate":"2021-03-12","endDate":null,"IdProof":"Adhaar Card","residenceProof":null,"ageProof":null,"others":null,"homeAddressLine1":"Om hrad ntalatiof, holOmshre, talathioficeeachol, OmshreeSada9talathi","homeAddressLine2":null,"homeAddressLine3":null,"homePinCode":"400004","homeArea":null,"homeContactMobileNo":null,"homeContactMobileNo2":null,"homeSTDLandlineNo":null,"homeFaxNo":null,"sameAsHomeAddress":"1","mailingAddressLine1":null,"mailingAddressLine2":null,"mailingAddressLine3":null,"mailingPinCode":null,"mailingArea":null,"mailingContactMobileNo":null,"mailingContactMobileNo2":null,"mailingSTDLandlineNo":null,"mailingSTDLandlineNo2":null,"mailingFaxNo":null,"bankAccountType":null,"bankAccountNo":null,"ifscCode":null,"GSTIN":null,"GSTRegistrationStatus":"Consumers","IsEIAavailable":"0","ApplyEIA":"0","EIAAccountNo":null,"EIAWith":"0","AccountType":null,"AddressProof":null,"DOBProof":null,"IdentityProof":null},"PolicyCreationRequest":{"Quotation_Number":"","MasterPolicyNumber":"62-20-00065-00-00","GroupID":"GRP001","Product_Code":"4112","SumInsured_Type":null,"Policy_Tanure":"1","Member_Type_Code":"M209","intermediaryCode":"2104794","AutoRenewal":"Y","intermediaryBranchCode":"10MHMUM01","agentSignatureDate":null,"Customer_Signature_Date":null,"businessSourceChannel":null,"AssignPolicy":"0","AssigneeName":null,"leadID":"6849490","Source_Name":"AXIS_GFBEW_XL","SPID":"1","TCN":null,"CRTNO":null,"RefCode1":"1","RefCode2":"051","Employee_Number":"625084","enumIsEmployeeDiscount":null,"QuoteDate":null,"IsPayment":"0","PaymentMode":null,"PolicyproductComponents":[{"PlanCode":"4112","SumInsured":"5000000","SchemeCode":"4112000003"}]},"MemObj":{"Member":[{"MemberNo":1,"Salutation":"Mrs","First_Name":"kfjhfdkjhgkdfj","Middle_Name":null,"Last_Name":".","Gender":"F","DateOfBirth":"03\/04\/1987","Relation_Code":"R002","Marital_Status":null,"height":"0.00","weight":"0","occupation":"O014","PrimaryMember":"Y","MemberproductComponents":[{"PlanCode":"4112","MemberQuestionDetails":[{"QuestionCode":null,"Answer":null,"Remarks":null}]}],"MemberPED":[{"PEDCode":null,"Remarks":null}],"exactDiagnosis":null,"dateOfDiagnosis":null,"lastDateConsultation":null,"detailsOfTreatmentGiven":null,"doctorName":null,"hospitalName":null,"phoneNumberHosital":null,"Nominee_First_Name":"kfjhfdkjhgkdfj","Nominee_Last_Name":".","Nominee_Contact_Number":"0000000000","Nominee_Home_Address":null,"Nominee_Relationship_Code":"R002"}]},"ReceiptCreation":{"officeLocation":"","modeOfEntry":"","cdAcNo":null,"expiryDate":null,"payerType":"","payerCode":null,"paymentBy":"","paymentByName":null,"paymentByRelationship":null,"collectionAmount":"","collectionRcvdDate":null,"collectionMode":"","remarks":null,"instrumentNumber":null,"instrumentDate":null,"bankName":null,"branchName":null,"bankLocation":null,"micrNo":null,"chequeType":null,"ifscCode":"","PaymentGatewayName":"","TerminalID":"","CardNo":null}} [] []
[2021-03-12 11:14:32] full_quote_reponse1.INFO: "<ns0:GFB_Res xmlns:ns0=\"http:\/\/ABHICL_NBP_QuickQuote_Schemas.GFB_Response\"><errorObj><ErrorNumber>00<\/ErrorNumber><ErrorMessage>Success<\/ErrorMessage><\/errorObj><policyDtls><TransactionReferenceNumber><\/TransactionReferenceNumber><QuotationNumber>XL100764849<\/QuotationNumber><CertificateNumber><\/CertificateNumber><LetterURL><\/LetterURL><ClientID><\/ClientID><ProductName>Group Activ Secure - Personal Accident<\/ProductName><ProductCode>4112<\/ProductCode><LineOfBusiness>41<\/LineOfBusiness><startDate><\/startDate><EndDate><\/EndDate><PolicyNumber>62-20-00065-00-00<\/PolicyNumber><ProposalNumber><\/ProposalNumber><PolicyStatus>PQ1<\/PolicyStatus><Tenure>1<\/Tenure><stpFlag>0<\/stpFlag><MemberCustomerID>84987998840GPA2<\/MemberCustomerID><\/policyDtls><premium><BasePremium>1695.00<\/BasePremium><NetPremium>1695.00<\/NetPremium><GST>305.10<\/GST><GrossPremium>2000.00<\/GrossPremium><\/premium><receiptObj><ReceiptNumber \/><ReceiptAmount \/><ExcessAmount \/><\/receiptObj><\/ns0:GFB_Res>" [] []
[2021-03-12 11:16:03] generateOTP.INFO: test [] []
[2021-03-12 11:16:03] generateOTP.INFO: test [] []
[2021-03-12 11:16:03] generateOTP.INFO: test [] []
[2021-03-12 11:16:03] generateOTP.INFO: test [] []
[2021-03-12 11:16:08] full_quote_request2.INFO: {"ClientCreation":{"Member_Customer_ID":"84987998840GHIR11","salutation":"Mr","firstName":"test","middleName":"","lastName":"BANKING","dateofBirth":"12\/19\/1988","gender":"M","educationalQualification":null,"pinCode":"400004","uidNo":"5478-2589-3688","maritalStatus":null,"nationality":"Indian","occupation":"O014","primaryEmailID":"jack@gmail.com","contactMobileNo":"7010444138","stdLandlineNo":null,"panNo":null,"passportNumber":null,"contactPerson":null,"annualIncome":"500000","remarks":null,"startDate":"2021-03-12","endDate":null,"IdProof":"Adhaar Card","residenceProof":null,"ageProof":null,"others":null,"homeAddressLine1":"Om hrad ntalatiof, holOmshre, talathioficeeachol, OmshreeSada9talathi","homeAddressLine2":null,"homeAddressLine3":null,"homePinCode":"400004","homeArea":null,"homeContactMobileNo":null,"homeContactMobileNo2":null,"homeSTDLandlineNo":null,"homeFaxNo":null,"sameAsHomeAddress":"1","mailingAddressLine1":null,"mailingAddressLine2":null,"mailingAddressLine3":null,"mailingPinCode":null,"mailingArea":null,"mailingContactMobileNo":null,"mailingContactMobileNo2":null,"mailingSTDLandlineNo":null,"mailingSTDLandlineNo2":null,"mailingFaxNo":null,"bankAccountType":null,"bankAccountNo":null,"ifscCode":null,"GSTIN":null,"GSTRegistrationStatus":"Consumers","IsEIAavailable":"0","ApplyEIA":"0","EIAAccountNo":null,"EIAWith":"0","AccountType":null,"AddressProof":null,"DOBProof":null,"IdentityProof":null},"PolicyCreationRequest":{"Quotation_Number":"XL100764847","MasterPolicyNumber":"71-20-00045-00-00","GroupID":"GRP004","Product_Code":"4211","SumInsured_Type":null,"Policy_Tanure":"1","Member_Type_Code":"M209","intermediaryCode":"2104794","AutoRenewal":"Y","intermediaryBranchCode":"10MHMUM01","agentSignatureDate":null,"Customer_Signature_Date":null,"businessSourceChannel":null,"AssignPolicy":"0","AssigneeName":null,"leadID":"6849490","Source_Name":"AXIS_GHIEW_XL","SPID":"1","TCN":null,"CRTNO":null,"RefCode1":"1","RefCode2":"051","Employee_Number":"625084","enumIsEmployeeDiscount":null,"QuoteDate":null,"IsPayment":"1","PaymentMode":null,"PolicyproductComponents":[{"PlanCode":"4211","SumInsured":"5000000","SchemeCode":"4112000003"}]},"MemObj":{"Member":[{"MemberNo":1,"Salutation":"Mr","First_Name":"test","Middle_Name":null,"Last_Name":"BANKING","Gender":"M","DateOfBirth":"12\/19\/1988","Relation_Code":"R001","Marital_Status":null,"height":"0.00","weight":"0","occupation":"O014","PrimaryMember":"Y","MemberproductComponents":[{"PlanCode":"4211","MemberQuestionDetails":[{"QuestionCode":null,"Answer":null,"Remarks":null}]}],"MemberPED":[{"PEDCode":null,"Remarks":null}],"exactDiagnosis":null,"dateOfDiagnosis":null,"lastDateConsultation":null,"detailsOfTreatmentGiven":null,"doctorName":null,"hospitalName":null,"phoneNumberHosital":null,"Nominee_First_Name":"kfjhfdkjhgkdfj","Nominee_Last_Name":".","Nominee_Contact_Number":"0000000000","Nominee_Home_Address":null,"Nominee_Relationship_Code":"R002"},{"MemberNo":2,"Salutation":"Mrs","First_Name":"kfjhfdkjhgkdfj","Middle_Name":null,"Last_Name":".","Gender":"F","DateOfBirth":"03\/04\/1987","Relation_Code":"R002","Marital_Status":null,"height":"0.00","weight":"0","occupation":"O014","PrimaryMember":"N","MemberproductComponents":[{"PlanCode":"4211","MemberQuestionDetails":[{"QuestionCode":null,"Answer":null,"Remarks":null}]}],"MemberPED":[{"PEDCode":null,"Remarks":null}],"exactDiagnosis":null,"dateOfDiagnosis":null,"lastDateConsultation":null,"detailsOfTreatmentGiven":null,"doctorName":null,"hospitalName":null,"phoneNumberHosital":null,"Nominee_First_Name":"kfjhfdkjhgkdfj","Nominee_Last_Name":".","Nominee_Contact_Number":"0000000000","Nominee_Home_Address":null,"Nominee_Relationship_Code":"R002"}]},"ReceiptCreation":{"officeLocation":"Mumbai","modeOfEntry":"Direct","cdAcNo":null,"expiryDate":null,"payerType":"Customer","payerCode":null,"paymentBy":"Customer","paymentByName":null,"paymentByRelationship":null,"collectionAmount":17299,"collectionRcvdDate":"2021-03-12","collectionMode":"online","remarks":null,"instrumentNumber":"pay_GldEhekQsYVKuj","instrumentDate":"2021-03-12","bankName":"AXIS BANK","branchName":"ANNA NAGAR CHENNAI","bankLocation":null,"micrNo":null,"chequeType":null,"ifscCode":"UTIB0000016","PaymentGatewayName":"AXIS_GHIEW_XL","TerminalID":"EuxJCz8cZV9V63","CardNo":null},"CombiCreation":{"Combi_flag":"1","Combi_identifier":"leadid","Combi_value":"6849490","Combi_code":"AXIS_GHIEW_XL","Combi_Count":2,"Combi_product_count":1}} [] []
[2021-03-12 11:16:11] full_quote_reponse2.INFO: "<ns0:GHI_Res xmlns:ns0=\"http:\/\/ABHICL_NBP_QuickQuote_Schemas.GHI_Response\"><errorObj><ErrorNumber>00<\/ErrorNumber><ErrorMessage>Success<\/ErrorMessage><\/errorObj><policyDtls><TransactionReferenceNumber><\/TransactionReferenceNumber><QuotationNumber>XL100764847<\/QuotationNumber><CertificateNumber>GHI-XL-20-2000104<\/CertificateNumber><LetterURL>https:\/\/abpb.adityabirlahealth.com\/hbletter\/viewletter.aspx?ABH=848234&amp;TRM=GHI-XL-20-2000104<\/LetterURL><ClientID>0001493931<\/ClientID><ProductName>Group Activ Health<\/ProductName><ProductCode>4211<\/ProductCode><LineOfBusiness>42<\/LineOfBusiness><startDate>3\/12\/2021 12:00:00 AM<\/startDate><EndDate>3\/11\/2022 12:00:00 AM<\/EndDate><PolicyNumber>71-20-00045-00-00<\/PolicyNumber><ProposalNumber>XL100764847<\/ProposalNumber><PolicyStatus>IF<\/PolicyStatus><Tenure>1<\/Tenure><stpFlag>0<\/stpFlag><MemberCustomerID>84987998840GHIR11<\/MemberCustomerID><\/policyDtls><premium><BasePremium>14660.00<\/BasePremium><NetPremium>14660.00<\/NetPremium><GST>2638.80<\/GST><GrossPremium>17299.00<\/GrossPremium><\/premium><receiptObj><ReceiptNumber>R70091504<\/ReceiptNumber><ReceiptAmount>17299.00<\/ReceiptAmount><ExcessAmount>0.00<\/ExcessAmount><\/receiptObj><\/ns0:GHI_Res>" [] []
[2021-03-12 11:16:12] api_insert.INFO: {"emp_id":"625084","proposal_id":"1530","member_fr_id":"","client_id":"0001493931","certificate_number":"GHI-XL-20-2000104","quotation_no":"XL100764847","proposal_no":"XL100764847","policy_no":"71-20-00045-00-00","gross_premium":"17299.00","status":"Success","start_date":"3\/12\/2021 12:00:00 AM","end_date":"3\/11\/2022 12:00:00 AM","created_date":"2021-03-12 11:16:12","proposal_no_lead":"P-1694003444066777","PolicyStatus":"IF","letter_url":"https:\/\/abpb.adityabirlahealth.com\/hbletter\/viewletter.aspx?ABH=848234&TRM=GHI-XL-20-2000104","CustomerID":"84987998840GHIR11","MemberCustomerID":"84987998840GHIR11","create_policy_type":0,"ReceiptNumber":"R70091504"} [] []
[2021-03-12 11:16:14] full_quote_request2.INFO: {"ClientCreation":{"Member_Customer_ID":"84987998840GPA1","salutation":"Mr","firstName":"test","middleName":"","lastName":"BANKING","dateofBirth":"12\/19\/1988","gender":"M","educationalQualification":null,"pinCode":"400004","uidNo":"5478-2589-3688","maritalStatus":null,"nationality":"Indian","occupation":"O014","primaryEmailID":"jack@gmail.com","contactMobileNo":"7010444138","stdLandlineNo":null,"panNo":null,"passportNumber":null,"contactPerson":null,"annualIncome":"500000","remarks":null,"startDate":"2021-03-12","endDate":null,"IdProof":"Adhaar Card","residenceProof":null,"ageProof":null,"others":null,"homeAddressLine1":"Om hrad ntalatiof, holOmshre, talathioficeeachol, OmshreeSada9talathi","homeAddressLine2":null,"homeAddressLine3":null,"homePinCode":"400004","homeArea":null,"homeContactMobileNo":null,"homeContactMobileNo2":null,"homeSTDLandlineNo":null,"homeFaxNo":null,"sameAsHomeAddress":"1","mailingAddressLine1":null,"mailingAddressLine2":null,"mailingAddressLine3":null,"mailingPinCode":null,"mailingArea":null,"mailingContactMobileNo":null,"mailingContactMobileNo2":null,"mailingSTDLandlineNo":null,"mailingSTDLandlineNo2":null,"mailingFaxNo":null,"bankAccountType":null,"bankAccountNo":null,"ifscCode":null,"GSTIN":null,"GSTRegistrationStatus":"Consumers","IsEIAavailable":"0","ApplyEIA":"0","EIAAccountNo":null,"EIAWith":"0","AccountType":null,"AddressProof":null,"DOBProof":null,"IdentityProof":null},"PolicyCreationRequest":{"Quotation_Number":"XL100764848","MasterPolicyNumber":"62-20-00065-00-00","GroupID":"GRP001","Product_Code":"4112","SumInsured_Type":null,"Policy_Tanure":"1","Member_Type_Code":"M209","intermediaryCode":"2104794","AutoRenewal":"Y","intermediaryBranchCode":"10MHMUM01","agentSignatureDate":null,"Customer_Signature_Date":null,"businessSourceChannel":null,"AssignPolicy":"0","AssigneeName":null,"leadID":"6849490","Source_Name":"AXIS_GFBEW_XL","SPID":"1","TCN":null,"CRTNO":null,"RefCode1":"1","RefCode2":"051","Employee_Number":"625084","enumIsEmployeeDiscount":null,"QuoteDate":null,"IsPayment":"1","PaymentMode":null,"PolicyproductComponents":[{"PlanCode":"4112","SumInsured":"5000000","SchemeCode":"4112000003"}]},"MemObj":{"Member":[{"MemberNo":1,"Salutation":"Mr","First_Name":"test","Middle_Name":null,"Last_Name":"BANKING","Gender":"M","DateOfBirth":"12\/19\/1988","Relation_Code":"R001","Marital_Status":null,"height":"0.00","weight":"0","occupation":"O014","PrimaryMember":"Y","MemberproductComponents":[{"PlanCode":"4112","MemberQuestionDetails":[{"QuestionCode":null,"Answer":null,"Remarks":null}]}],"MemberPED":[{"PEDCode":null,"Remarks":null}],"exactDiagnosis":null,"dateOfDiagnosis":null,"lastDateConsultation":null,"detailsOfTreatmentGiven":null,"doctorName":null,"hospitalName":null,"phoneNumberHosital":null,"Nominee_First_Name":"kfjhfdkjhgkdfj","Nominee_Last_Name":".","Nominee_Contact_Number":"0000000000","Nominee_Home_Address":null,"Nominee_Relationship_Code":"R002"}]},"ReceiptCreation":{"officeLocation":"Mumbai","modeOfEntry":"Direct","cdAcNo":null,"expiryDate":null,"payerType":"Customer","payerCode":null,"paymentBy":"Customer","paymentByName":null,"paymentByRelationship":null,"collectionAmount":2000,"collectionRcvdDate":"2021-03-12","collectionMode":"online","remarks":null,"instrumentNumber":"pay_GldEhekQsYVKuj","instrumentDate":"2021-03-12","bankName":"AXIS BANK","branchName":"ANNA NAGAR CHENNAI","bankLocation":null,"micrNo":null,"chequeType":null,"ifscCode":"UTIB0000016","PaymentGatewayName":"AXIS_GFBEW_XL","TerminalID":"EuxJCz8cZV9V63","CardNo":null},"CombiCreation":{"Combi_flag":"1","Combi_identifier":"leadid","Combi_value":"6849490","Combi_code":"AXIS_GFBEW_XL","Combi_Count":4,"Combi_product_count":2}} [] []
[2021-03-12 11:16:15] generateOTP.INFO: test [] []
[2021-03-12 11:16:16] full_quote_reponse2.INFO: "<ns0:GFB_Res xmlns:ns0=\"http:\/\/ABHICL_NBP_QuickQuote_Schemas.GFB_Response\"><errorObj><ErrorNumber>00<\/ErrorNumber><ErrorMessage>Success<\/ErrorMessage><\/errorObj><policyDtls><TransactionReferenceNumber><\/TransactionReferenceNumber><QuotationNumber>XL100764848<\/QuotationNumber><CertificateNumber>GPA-XL-20-2000083<\/CertificateNumber><LetterURL>https:\/\/abpb.adityabirlahealth.com\/hbletter\/viewletter.aspx?ABH=848235&amp;TRM=GPA-XL-20-2000083<\/LetterURL><ClientID>0001493932<\/ClientID><ProductName>Group Activ Secure<\/ProductName><ProductCode>4000<\/ProductCode><LineOfBusiness>40<\/LineOfBusiness><startDate>3\/12\/2021 12:00:00 AM<\/startDate><EndDate>3\/11\/2022 12:00:00 AM<\/EndDate><PolicyNumber>62-20-00065-00-00<\/PolicyNumber><ProposalNumber>XL100764848<\/ProposalNumber><PolicyStatus>IF<\/PolicyStatus><Tenure>1<\/Tenure><stpFlag>0<\/stpFlag><MemberCustomerID>84987998840GPA1<\/MemberCustomerID><\/policyDtls><premium><BasePremium>1695.00<\/BasePremium><NetPremium>1695.00<\/NetPremium><GST>305.10<\/GST><GrossPremium>2000.00<\/GrossPremium><\/premium><receiptObj><ReceiptNumber>R70091505<\/ReceiptNumber><ReceiptAmount>2000.00<\/ReceiptAmount><ExcessAmount>0.00<\/ExcessAmount><\/receiptObj><\/ns0:GFB_Res>" [] []
[2021-03-12 11:16:16] api_insert.INFO: {"emp_id":"625084","proposal_id":"1531","member_fr_id":"0","client_id":"0001493932","certificate_number":"GPA-XL-20-2000083","quotation_no":"XL100764848","proposal_no":"XL100764848","policy_no":"62-20-00065-00-00","gross_premium":"2000.00","status":"Success","start_date":"3\/12\/2021 12:00:00 AM","end_date":"3\/11\/2022 12:00:00 AM","created_date":"2021-03-12 11:16:16","proposal_no_lead":"P-1694003444918718","PolicyStatus":"IF","letter_url":"https:\/\/abpb.adityabirlahealth.com\/hbletter\/viewletter.aspx?ABH=848235&TRM=GPA-XL-20-2000083","CustomerID":"84987998840GPA1","MemberCustomerID":"84987998840GPA1","create_policy_type":0,"ReceiptNumber":"R70091505"} [] []
[2021-03-12 11:16:17] generateOTP.INFO: test [] []
[2021-03-12 11:16:17] full_quote_request2.INFO: {"ClientCreation":{"Member_Customer_ID":"84987998840GPA2","salutation":"Mr","firstName":"test","middleName":"","lastName":"BANKING","dateofBirth":"12\/19\/1988","gender":"M","educationalQualification":null,"pinCode":"400004","uidNo":"5478-2589-3688","maritalStatus":null,"nationality":"Indian","occupation":"O014","primaryEmailID":"jack@gmail.com","contactMobileNo":"7010444138","stdLandlineNo":null,"panNo":null,"passportNumber":null,"contactPerson":null,"annualIncome":"500000","remarks":null,"startDate":"2021-03-12","endDate":null,"IdProof":"Adhaar Card","residenceProof":null,"ageProof":null,"others":null,"homeAddressLine1":"Om hrad ntalatiof, holOmshre, talathioficeeachol, OmshreeSada9talathi","homeAddressLine2":null,"homeAddressLine3":null,"homePinCode":"400004","homeArea":null,"homeContactMobileNo":null,"homeContactMobileNo2":null,"homeSTDLandlineNo":null,"homeFaxNo":null,"sameAsHomeAddress":"1","mailingAddressLine1":null,"mailingAddressLine2":null,"mailingAddressLine3":null,"mailingPinCode":null,"mailingArea":null,"mailingContactMobileNo":null,"mailingContactMobileNo2":null,"mailingSTDLandlineNo":null,"mailingSTDLandlineNo2":null,"mailingFaxNo":null,"bankAccountType":null,"bankAccountNo":null,"ifscCode":null,"GSTIN":null,"GSTRegistrationStatus":"Consumers","IsEIAavailable":"0","ApplyEIA":"0","EIAAccountNo":null,"EIAWith":"0","AccountType":null,"AddressProof":null,"DOBProof":null,"IdentityProof":null},"PolicyCreationRequest":{"Quotation_Number":"XL100764849","MasterPolicyNumber":"62-20-00065-00-00","GroupID":"GRP001","Product_Code":"4112","SumInsured_Type":null,"Policy_Tanure":"1","Member_Type_Code":"M209","intermediaryCode":"2104794","AutoRenewal":"Y","intermediaryBranchCode":"10MHMUM01","agentSignatureDate":null,"Customer_Signature_Date":null,"businessSourceChannel":null,"AssignPolicy":"0","AssigneeName":null,"leadID":"6849490","Source_Name":"AXIS_GFBEW_XL","SPID":"1","TCN":null,"CRTNO":null,"RefCode1":"1","RefCode2":"051","Employee_Number":"625084","enumIsEmployeeDiscount":null,"QuoteDate":null,"IsPayment":"1","PaymentMode":null,"PolicyproductComponents":[{"PlanCode":"4112","SumInsured":"5000000","SchemeCode":"4112000003"}]},"MemObj":{"Member":[{"MemberNo":1,"Salutation":"Mrs","First_Name":"kfjhfdkjhgkdfj","Middle_Name":null,"Last_Name":".","Gender":"F","DateOfBirth":"03\/04\/1987","Relation_Code":"R002","Marital_Status":null,"height":"0.00","weight":"0","occupation":"O014","PrimaryMember":"Y","MemberproductComponents":[{"PlanCode":"4112","MemberQuestionDetails":[{"QuestionCode":null,"Answer":null,"Remarks":null}]}],"MemberPED":[{"PEDCode":null,"Remarks":null}],"exactDiagnosis":null,"dateOfDiagnosis":null,"lastDateConsultation":null,"detailsOfTreatmentGiven":null,"doctorName":null,"hospitalName":null,"phoneNumberHosital":null,"Nominee_First_Name":"kfjhfdkjhgkdfj","Nominee_Last_Name":".","Nominee_Contact_Number":"0000000000","Nominee_Home_Address":null,"Nominee_Relationship_Code":"R002"}]},"ReceiptCreation":{"officeLocation":"Mumbai","modeOfEntry":"Direct","cdAcNo":null,"expiryDate":null,"payerType":"Customer","payerCode":null,"paymentBy":"Customer","paymentByName":null,"paymentByRelationship":null,"collectionAmount":2000,"collectionRcvdDate":"2021-03-12","collectionMode":"online","remarks":null,"instrumentNumber":"pay_GldEhekQsYVKuj","instrumentDate":"2021-03-12","bankName":"AXIS BANK","branchName":"ANNA NAGAR CHENNAI","bankLocation":null,"micrNo":null,"chequeType":null,"ifscCode":"UTIB0000016","PaymentGatewayName":"AXIS_GFBEW_XL","TerminalID":"EuxJCz8cZV9V63","CardNo":null},"CombiCreation":{"Combi_flag":"1","Combi_identifier":"leadid","Combi_value":"6849490","Combi_code":"AXIS_GFBEW_XL","Combi_Count":4,"Combi_product_count":2}} [] []
[2021-03-12 11:16:18] full_quote_reponse2.INFO: "<ns0:GFB_Res xmlns:ns0=\"http:\/\/ABHICL_NBP_QuickQuote_Schemas.GFB_Response\"><errorObj><ErrorNumber>00<\/ErrorNumber><ErrorMessage>Success<\/ErrorMessage><\/errorObj><policyDtls><TransactionReferenceNumber><\/TransactionReferenceNumber><QuotationNumber>XL100764849<\/QuotationNumber><CertificateNumber>GPA-XL-20-2000084<\/CertificateNumber><LetterURL>https:\/\/abpb.adityabirlahealth.com\/hbletter\/viewletter.aspx?ABH=848236&amp;TRM=GPA-XL-20-2000084<\/LetterURL><ClientID>0001493933<\/ClientID><ProductName>Group Activ Secure<\/ProductName><ProductCode>4000<\/ProductCode><LineOfBusiness>40<\/LineOfBusiness><startDate>3\/12\/2021 12:00:00 AM<\/startDate><EndDate>3\/11\/2022 12:00:00 AM<\/EndDate><PolicyNumber>62-20-00065-00-00<\/PolicyNumber><ProposalNumber>XL100764849<\/ProposalNumber><PolicyStatus>IF<\/PolicyStatus><Tenure>1<\/Tenure><stpFlag>0<\/stpFlag><MemberCustomerID>84987998840GPA2<\/MemberCustomerID><\/policyDtls><premium><BasePremium>1695.00<\/BasePremium><NetPremium>1695.00<\/NetPremium><GST>305.10<\/GST><GrossPremium>2000.00<\/GrossPremium><\/premium><receiptObj><ReceiptNumber>R70091506<\/ReceiptNumber><ReceiptAmount>2000.00<\/ReceiptAmount><ExcessAmount>0.00<\/ExcessAmount><\/receiptObj><\/ns0:GFB_Res>" [] []
[2021-03-12 11:16:19] api_insert.INFO: {"emp_id":"625084","proposal_id":"1531","member_fr_id":"1","client_id":"0001493933","certificate_number":"GPA-XL-20-2000084","quotation_no":"XL100764849","proposal_no":"XL100764849","policy_no":"62-20-00065-00-00","gross_premium":"2000.00","status":"Success","start_date":"3\/12\/2021 12:00:00 AM","end_date":"3\/11\/2022 12:00:00 AM","created_date":"2021-03-12 11:16:19","proposal_no_lead":"P-1694003444918718","PolicyStatus":"IF","letter_url":"https:\/\/abpb.adityabirlahealth.com\/hbletter\/viewletter.aspx?ABH=848236&TRM=GPA-XL-20-2000084","CustomerID":"84987998840GPA2","MemberCustomerID":"84987998840GPA2","create_policy_type":0,"ReceiptNumber":"R70091506"} [] []
[2021-03-12 11:16:21] generateOTP.INFO: test [] []
[2021-03-12 11:18:34] generateOTP.INFO: test [] []
[2021-03-12 11:18:35] generateOTP.INFO: test [] []
[2021-03-12 11:20:19] generateOTP.INFO: test [] []
[2021-03-12 11:20:19] generateOTP.INFO: test [] []
[2021-03-12 11:21:01] generateOTP.INFO: test [] []
[2021-03-12 11:21:01] generateOTP.INFO: test [] []
[2021-03-12 11:21:12] generateOTP.INFO: test [] []
[2021-03-12 11:21:12] generateOTP.INFO: test [] []
[2021-03-12 11:23:11] generateOTP.INFO: test [] []
[2021-03-12 11:23:12] generateOTP.INFO: test [] []
[2021-03-12 11:23:12] generateOTP.INFO: test [] []
[2021-03-12 11:23:12] generateOTP.INFO: test [] []
[2021-03-12 11:25:30] generateOTP.INFO: test [] []
[2021-03-12 11:25:42] generateOTP.INFO: test [] []
[2021-03-12 11:26:13] generateOTP.INFO: test [] []
[2021-03-12 11:26:14] generateOTP.INFO: test [] []
[2021-03-12 11:26:21] generateOTP.INFO: test [] []
[2021-03-12 11:26:22] generateOTP.INFO: test [] []
[2021-03-12 11:26:31] generateOTP.INFO: test [] []
[2021-03-12 11:26:47] generateOTP.INFO: test [] []
[2021-03-12 11:27:01] generateOTP.INFO: test [] []
[2021-03-12 11:27:11] generateOTP.INFO: test [] []
[2021-03-12 11:27:12] generateOTP.INFO: test [] []
[2021-03-12 11:27:12] generateOTP.INFO: test [] []
[2021-03-12 11:27:13] generateOTP.INFO: test [] []
[2021-03-12 11:27:16] generateOTP.INFO: test [] []
[2021-03-12 11:27:17] generateOTP.INFO: test [] []
[2021-03-12 11:27:28] generateOTP.INFO: test [] []
[2021-03-12 11:27:53] generateOTP.INFO: test [] []
[2021-03-12 11:28:50] generateOTP.INFO: test [] []
[2021-03-12 11:32:03] generateOTP.INFO: test [] []
[2021-03-12 11:32:03] generateOTP.INFO: test [] []
[2021-03-12 11:32:03] generateOTP.INFO: test [] []
[2021-03-12 11:32:03] generateOTP.INFO: test [] []
[2021-03-12 11:32:04] generateOTP.INFO: test [] []
[2021-03-12 11:32:53] generateOTP.INFO: test [] []
[2021-03-12 11:32:56] generateOTP.INFO: test [] []
[2021-03-12 11:33:21] generateOTP.INFO: test [] []
[2021-03-12 11:35:05] generateOTP.INFO: test [] []
[2021-03-12 11:40:31] generateOTP.INFO: test [] []
[2021-03-12 11:40:58] generateOTP.INFO: test [] []
[2021-03-12 11:41:46] generateOTP.INFO: test [] []
[2021-03-12 11:42:05] generateOTP.INFO: test [] []
[2021-03-12 11:42:19] generateOTP.INFO: test [] []
[2021-03-12 11:46:52] generateOTP.INFO: test [] []
[2021-03-12 11:46:52] generateOTP.INFO: test [] []
[2021-03-12 11:48:41] generateOTP.INFO: test [] []
[2021-03-12 11:48:42] generateOTP.INFO: test [] []
[2021-03-12 11:48:49] generateOTP.INFO: test [] []
[2021-03-12 11:48:49] generateOTP.INFO: test [] []
[2021-03-12 11:49:39] generateOTP.INFO: test [] []
[2021-03-12 11:49:39] generateOTP.INFO: test [] []
[2021-03-12 11:49:39] generateOTP.INFO: test [] []
[2021-03-12 11:49:40] generateOTP.INFO: test [] []
[2021-03-12 11:50:47] generateOTP.INFO: test [] []
[2021-03-12 11:50:48] generateOTP.INFO: test [] []
[2021-03-12 11:51:29] generateOTP.INFO: test [] []
[2021-03-12 11:51:30] generateOTP.INFO: test [] []
[2021-03-12 12:12:44] generateOTP.INFO: test [] []
[2021-03-12 12:12:48] generateOTP.INFO: test [] []
[2021-03-12 12:12:49] generateOTP.INFO: test [] []
[2021-03-12 12:13:41] generateOTP.INFO: test [] []
[2021-03-12 12:22:43] generateOTP.INFO: test [] []
[2021-03-12 12:22:45] generateOTP.INFO: test [] []
[2021-03-12 12:22:45] generateOTP.INFO: test [] []
[2021-03-12 12:23:06] generateOTP.INFO: test [] []
[2021-03-12 12:23:06] generateOTP.INFO: test [] []
[2021-03-12 12:23:12] generateOTP.INFO: test [] []
[2021-03-12 12:23:13] generateOTP.INFO: test [] []
[2021-03-12 12:23:23] generateOTP.INFO: test [] []
[2021-03-12 12:23:24] generateOTP.INFO: test [] []
[2021-03-12 12:23:25] generateOTP.INFO: test [] []
[2021-03-12 12:23:26] generateOTP.INFO: test [] []
[2021-03-12 12:24:39] generateOTP.INFO: test [] []
[2021-03-12 12:24:40] generateOTP.INFO: test [] []
[2021-03-12 12:24:51] generateOTP.INFO: test [] []
[2021-03-12 12:24:53] generateOTP.INFO: test [] []
[2021-03-12 12:33:45] generateOTP.INFO: test [] []
[2021-03-12 12:57:14] generateOTP.INFO: test [] []
[2021-03-12 12:57:30] generateOTP.INFO: test [] []
[2021-03-12 12:57:31] generateOTP.INFO: test [] []
[2021-03-12 12:58:20] generateOTP.INFO: test [] []
[2021-03-12 12:58:21] generateOTP.INFO: test [] []
[2021-03-12 12:58:27] generateOTP.INFO: test [] []
[2021-03-12 12:58:28] generateOTP.INFO: test [] []
[2021-03-12 13:01:14] generateOTP.INFO: test [] []
[2021-03-12 13:01:19] generateOTP.INFO: test [] []
[2021-03-12 13:02:39] generateOTP.INFO: test [] []
[2021-03-12 13:03:14] generateOTP.INFO: test [] []
[2021-03-12 13:03:36] generateOTP.INFO: test [] []
[2021-03-12 13:03:52] generateOTP.INFO: test [] []
[2021-03-12 13:06:25] generateOTP.INFO: test [] []
[2021-03-12 13:12:39] generateOTP.INFO: test [] []
[2021-03-12 13:12:40] generateOTP.INFO: test [] []
[2021-03-12 13:12:40] generateOTP.INFO: test [] []
[2021-03-12 13:12:57] generateOTP.INFO: test [] []
[2021-03-12 13:12:57] generateOTP.INFO: test [] []
[2021-03-12 13:13:00] generateOTP.INFO: test [] []
[2021-03-12 13:13:01] generateOTP.INFO: test [] []
[2021-03-12 13:13:04] generateOTP.INFO: test [] []
[2021-03-12 13:13:04] generateOTP.INFO: test [] []
[2021-03-12 13:13:04] generateOTP.INFO: test [] []
[2021-03-12 13:13:05] generateOTP.INFO: test [] []
[2021-03-12 13:13:11] generateOTP.INFO: test [] []
[2021-03-12 13:13:12] generateOTP.INFO: test [] []
[2021-03-12 13:13:32] generateOTP.INFO: test [] []
[2021-03-12 13:13:37] generateOTP.INFO: test [] []
[2021-03-12 13:16:39] generateOTP.INFO: test [] []
[2021-03-12 13:16:39] generateOTP.INFO: test [] []
[2021-03-12 13:16:39] generateOTP.INFO: test [] []
[2021-03-12 13:16:39] generateOTP.INFO: test [] []
[2021-03-12 13:16:40] generateOTP.INFO: test [] []
[2021-03-12 13:17:32] generateOTP.INFO: test [] []
[2021-03-12 13:17:33] generateOTP.INFO: test [] []
[2021-03-12 13:47:56] generateOTP.INFO: test [] []
[2021-03-12 13:47:57] generateOTP.INFO: test [] []
[2021-03-12 13:48:25] generateOTP.INFO: test [] []
[2021-03-12 13:48:28] generateOTP.INFO: test [] []
[2021-03-12 13:48:47] generateOTP.INFO: test [] []
[2021-03-12 13:49:10] generateOTP.INFO: test [] []
[2021-03-12 13:49:34] generateOTP.INFO: test [] []
[2021-03-12 13:49:35] generateOTP.INFO: test [] []
[2021-03-12 14:14:30] generateOTP.INFO: test [] []
[2021-03-12 14:14:31] generateOTP.INFO: test [] []
[2021-03-12 14:15:27] generateOTP.INFO: test [] []
[2021-03-12 14:15:28] generateOTP.INFO: test [] []
[2021-03-12 14:16:54] generateOTP.INFO: test [] []
[2021-03-12 14:16:55] generateOTP.INFO: test [] []
[2021-03-12 14:41:00] generateOTP.INFO: test [] []
[2021-03-12 14:41:19] generateOTP.INFO: test [] []
[2021-03-12 14:42:45] generateOTP.INFO: test [] []
[2021-03-12 14:42:51] generateOTP.INFO: {"salutation":"1","firstname":"test","lastname":"BANKING","dob":"19-12-1988","mob_no":"7010444138","panCard":"XXXXXX456A","email":"jack@gmail.com","ref1":"1","ref2":"1","comAdd":"Om hrad ntalatiof, holOmshre, talathioficeeachol, OmshreeSada9talathi","city":"MUMBAI","state":"MAHARASHTRA","pin_code":"622103","ISNRI":"N","update_emp_id":"TVVCbzZEVzBkbWFQZzEzQjAzLzJKUT09","edit":"0","policy_no":"470","subtype_text":"1","sum_insure":"5000000","familyConstruct":"2A+1K","occupation":"","anuual_income":"","family_members_id":"2","family_gender":"Male","first_name":"fghj","last_name":"ghjk","family_date_birth":"25-03-2020","age":"351","age_type":"days","tenure":"1 Year","family_id":"","s_date":"","marriage_date":"","premium":"28799","policyNo":"470","familyDataType":"undefined","empId":"TVVCbzZEVzBkbWFQZzEzQjAzLzJKUT09","product":"test123abc","declare":"[]","gender":"Male","gci_options":"undefined","gpa_options":"No","hidden_policy_id":"470","hidden_deductable":"0"} [] []
[2021-03-12 14:45:25] generateOTP.INFO: {"salutation":"1","firstname":"test","lastname":"BANKING","dob":"19-12-1988","mob_no":"7010444138","panCard":"XXXXXX456A","email":"jack@gmail.com","ref1":"1","ref2":"1","comAdd":"Om hrad ntalatiof, holOmshre, talathioficeeachol, OmshreeSada9talathi","city":"MUMBAI","state":"MAHARASHTRA","pin_code":"622103","ISNRI":"N","update_emp_id":"TVVCbzZEVzBkbWFQZzEzQjAzLzJKUT09","edit":"0","policy_no":"470","subtype_text":"1","sum_insure":"5000000","familyConstruct":"2A+1K","occupation":"","anuual_income":"","family_members_id":"1","family_gender":"Female","first_name":"fghj","last_name":"fyguhbjk","family_date_birth":"02-03-1989","age":"32","age_type":" years","tenure":"1 Year","family_id":"","s_date":"","marriage_date":"","premium":"28799","policyNo":"470","familyDataType":"undefined","empId":"TVVCbzZEVzBkbWFQZzEzQjAzLzJKUT09","product":"test123abc","declare":"[]","gender":"Male","gci_options":"undefined","gpa_options":"No","hidden_policy_id":"470","hidden_deductable":"0"} [] []
[2021-03-12 14:47:00] generateOTP.INFO: {"salutation":"1","firstname":"test","lastname":"BANKING","dob":"19-12-1988","mob_no":"7010444138","panCard":"XXXXXX456A","email":"jack@gmail.com","ref1":"1","ref2":"1","comAdd":"Om hrad ntalatiof, holOmshre, talathioficeeachol, OmshreeSada9talathi","city":"MUMBAI","state":"MAHARASHTRA","pin_code":"622103","ISNRI":"N","update_emp_id":"TVVCbzZEVzBkbWFQZzEzQjAzLzJKUT09","edit":"0","policy_no":"470","subtype_text":"1","sum_insure":"5000000","familyConstruct":"2A+1K","occupation":"","anuual_income":"","family_members_id":"2","family_gender":"Male","first_name":"gfhj","last_name":"ghjkl","family_date_birth":"25-03-2020","age":"351","age_type":"days","tenure":"1 Year","family_id":"","s_date":"","marriage_date":"","premium":"28799","policyNo":"470","familyDataType":"undefined","empId":"TVVCbzZEVzBkbWFQZzEzQjAzLzJKUT09","product":"test123abc","declare":"[]","gender":"Male","gci_options":"undefined","gpa_options":"No","hidden_policy_id":"470","hidden_deductable":"0"} [] []
[2021-03-12 14:49:21] generateOTP.INFO: test [] []
[2021-03-12 14:49:49] generateOTP.INFO: test [] []
[2021-03-12 14:49:52] generateOTP.INFO: test [] []
[2021-03-12 14:49:59] generateOTP.INFO: {"salutation":"1","firstname":"test","lastname":"BANKING","dob":"19-12-1988","mob_no":"7010444138","panCard":"XXXXXX456A","email":"jack@gmail.com","ref1":"1","ref2":"1","comAdd":"Om hrad ntalatiof, holOmshre, talathioficeeachol, OmshreeSada9talathi","city":"Illuppur","state":"TAMIL NADU","pin_code":"622103","ISNRI":"N","update_emp_id":"TVVCbzZEVzBkbWFQZzEzQjAzLzJKUT09","edit":"0","policy_no":"470","subtype_text":"1","sum_insure":"5000000","familyConstruct":"2A+1K","occupation":"","anuual_income":"","family_members_id":"0","family_gender":"Male","first_name":"test","last_name":"BANKING","family_date_birth":"19-12-1988","age":"32","age_type":" years","tenure":"1 Year","family_id":"","s_date":"02-03-1989","marriage_date":"","premium":"28799","policyNo":"470","familyDataType":"undefined","empId":"TVVCbzZEVzBkbWFQZzEzQjAzLzJKUT09","product":"test123abc","declare":"[]","gender":"Male","gci_options":"undefined","gpa_options":"No","hidden_policy_id":"470","hidden_deductable":"0"} [] []
[2021-03-12 14:50:55] generateOTP.INFO: {"salutation":"1","firstname":"test","lastname":"BANKING","dob":"19-12-1988","mob_no":"7010444138","panCard":"XXXXXX456A","email":"jack@gmail.com","ref1":"1","ref2":"1","comAdd":"Om hrad ntalatiof, holOmshre, talathioficeeachol, OmshreeSada9talathi","city":"Illuppur","state":"TAMIL NADU","pin_code":"622103","ISNRI":"N","update_emp_id":"TVVCbzZEVzBkbWFQZzEzQjAzLzJKUT09","edit":"0","policy_no":"470","subtype_text":"1","sum_insure":"5000000","familyConstruct":"2A+1K","occupation":"","anuual_income":"","family_members_id":"1","family_gender":"Female","first_name":"fghj","last_name":"ghjk","family_date_birth":"02-03-1989","age":"32","age_type":" years","tenure":"1 Year","family_id":"","s_date":"02-03-1989","marriage_date":"","premium":"28799","policyNo":"470","familyDataType":"undefined","empId":"TVVCbzZEVzBkbWFQZzEzQjAzLzJKUT09","product":"test123abc","declare":"[]","gender":"Male","gci_options":"undefined","gpa_options":"No","hidden_policy_id":"470","hidden_deductable":"0"} [] []
[2021-03-12 14:51:39] generateOTP.INFO: test [] []
[2021-03-12 14:51:39] generateOTP.INFO: test [] []
[2021-03-12 14:51:42] generateOTP.INFO: {"salutation":"1","firstname":"test","lastname":"BANKING","dob":"19-12-1988","mob_no":"7010444138","panCard":"XXXXXX456A","email":"jack@gmail.com","ref1":"1","ref2":"1","comAdd":"Om hrad ntalatiof, holOmshre, talathioficeeachol, OmshreeSada9talathi","city":"Illuppur","state":"TAMIL NADU","pin_code":"622103","ISNRI":"N","update_emp_id":"TVVCbzZEVzBkbWFQZzEzQjAzLzJKUT09","edit":"0","policy_no":"470","subtype_text":"1","sum_insure":"5000000","familyConstruct":"2A+1K","occupation":"","anuual_income":"","family_members_id":"2","family_gender":"Male","first_name":"ytuij","last_name":"ghjkl","family_date_birth":"25-03-2020","age":"351","age_type":"days","tenure":"1 Year","family_id":"","s_date":"02-03-1989","marriage_date":"","premium":"28799","policyNo":"470","familyDataType":"undefined","empId":"TVVCbzZEVzBkbWFQZzEzQjAzLzJKUT09","product":"test123abc","declare":"[]","gender":"Male","gci_options":"undefined","gpa_options":"No","hidden_policy_id":"470","hidden_deductable":"0"} [] []
[2021-03-12 14:56:12] generateOTP.INFO: test [] []
[2021-03-12 14:56:12] generateOTP.INFO: test [] []
[2021-03-12 14:56:17] generateOTP.INFO: test [] []
[2021-03-12 14:56:18] generateOTP.INFO: test [] []
[2021-03-12 15:02:02] generateOTP.INFO: test [] []
[2021-03-12 15:02:03] generateOTP.INFO: test [] []
[2021-03-12 15:02:03] generateOTP.INFO: test [] []
[2021-03-12 15:02:05] generateOTP.INFO: test [] []
[2021-03-12 15:13:15] generateOTP.INFO: test [] []
[2021-03-12 15:13:16] generateOTP.INFO: test [] []
[2021-03-12 15:13:16] generateOTP.INFO: test [] []
[2021-03-12 15:13:29] generateOTP.INFO: test [] []
[2021-03-12 15:13:29] generateOTP.INFO: test [] []
[2021-03-12 15:13:47] generateOTP.INFO: test [] []
[2021-03-12 15:13:47] generateOTP.INFO: test [] []
[2021-03-12 15:14:22] generateOTP.INFO: test [] []
[2021-03-12 15:14:22] generateOTP.INFO: test [] []
[2021-03-12 15:14:22] generateOTP.INFO: test [] []
[2021-03-12 15:14:23] generateOTP.INFO: test [] []
[2021-03-12 15:14:52] generateOTP.INFO: test [] []
[2021-03-12 15:14:52] generateOTP.INFO: test [] []
[2021-03-12 15:16:31] generateOTP.INFO: test [] []
[2021-03-12 15:16:32] generateOTP.INFO: test [] []
[2021-03-12 15:16:33] generateOTP.INFO: test [] []
[2021-03-12 15:16:33] generateOTP.INFO: test [] []
[2021-03-12 15:16:33] generateOTP.INFO: test [] []
[2021-03-12 15:16:34] generateOTP.INFO: test [] []
[2021-03-12 15:20:32] generateOTP.INFO: test [] []
[2021-03-12 15:21:33] generateOTP.INFO: test [] []
[2021-03-12 15:21:33] generateOTP.INFO: test [] []
[2021-03-12 15:23:27] generateOTP.INFO: test [] []
[2021-03-12 15:23:28] generateOTP.INFO: test [] []
[2021-03-12 15:26:23] generateOTP.INFO: test [] []
[2021-03-12 15:26:24] generateOTP.INFO: test [] []
[2021-03-12 15:26:25] generateOTP.INFO: test [] []
[2021-03-12 15:26:35] generateOTP.INFO: test [] []
[2021-03-12 15:26:36] generateOTP.INFO: test [] []
[2021-03-12 15:26:38] generateOTP.INFO: test [] []
[2021-03-12 15:26:38] generateOTP.INFO: test [] []
[2021-03-12 15:26:42] generateOTP.INFO: test [] []
[2021-03-12 15:26:42] generateOTP.INFO: test [] []
[2021-03-12 15:26:42] generateOTP.INFO: test [] []
[2021-03-12 15:26:43] generateOTP.INFO: test [] []
[2021-03-12 15:27:47] generateOTP.INFO: test [] []
[2021-03-12 15:27:47] generateOTP.INFO: test [] []
[2021-03-12 15:32:46] generateOTP.INFO: test [] []
[2021-03-12 15:32:47] generateOTP.INFO: test [] []
[2021-03-12 15:34:04] generateOTP.INFO: test [] []
[2021-03-12 15:41:54] generateOTP.INFO: test [] []
[2021-03-12 15:41:55] generateOTP.INFO: test [] []
[2021-03-12 15:47:48] generateOTP.INFO: test [] []
[2021-03-12 15:50:05] generateOTP.INFO: test [] []
[2021-03-12 15:50:07] generateOTP.INFO: test [] []
[2021-03-12 15:55:07] generateOTP.INFO: test [] []
[2021-03-12 16:14:27] generateOTP.INFO: test [] []
[2021-03-12 16:17:51] generateOTP.INFO: test [] []
[2021-03-12 16:18:09] generateOTP.INFO: test [] []
[2021-03-12 16:18:10] generateOTP.INFO: test [] []
[2021-03-12 16:18:10] generateOTP.INFO: test [] []
[2021-03-12 16:18:25] generateOTP.INFO: test [] []
[2021-03-12 16:18:25] generateOTP.INFO: test [] []
[2021-03-12 16:18:31] generateOTP.INFO: test [] []
[2021-03-12 16:18:31] generateOTP.INFO: test [] []
[2021-03-12 16:18:49] generateOTP.INFO: test [] []
[2021-03-12 16:18:49] generateOTP.INFO: test [] []
[2021-03-12 16:18:49] generateOTP.INFO: test [] []
[2021-03-12 16:18:50] generateOTP.INFO: test [] []
[2021-03-12 16:19:43] generateOTP.INFO: test [] []
[2021-03-12 16:19:43] generateOTP.INFO: test [] []
[2021-03-12 16:23:25] generateOTP.INFO: test [] []
[2021-03-12 16:23:26] generateOTP.INFO: test [] []
[2021-03-12 16:27:23] generateOTP.INFO: test [] []
[2021-03-12 16:27:24] generateOTP.INFO: test [] []
[2021-03-12 16:31:11] generateOTP.INFO: test [] []
[2021-03-12 16:31:11] generateOTP.INFO: test [] []
[2021-03-12 16:31:11] generateOTP.INFO: test [] []
[2021-03-12 16:31:11] generateOTP.INFO: test [] []
[2021-03-12 16:31:51] generateOTP.INFO: test [] []
[2021-03-12 16:31:52] generateOTP.INFO: test [] []
[2021-03-12 16:36:38] generateOTP.INFO: test [] []
[2021-03-12 16:53:03] generateOTP.INFO: test [] []
[2021-03-12 17:17:01] generateOTP.INFO: test [] []
[2021-03-12 17:51:59] generateOTP.INFO: test [] []
[2021-03-12 17:56:07] generateOTP.INFO: test [] []
[2021-03-12 17:56:10] generateOTP.INFO: test [] []
[2021-03-12 17:56:10] generateOTP.INFO: test [] []
[2021-03-12 18:14:51] generateOTP.INFO: test [] []
[2021-03-12 18:14:52] generateOTP.INFO: test [] []
[2021-03-12 18:17:18] generateOTP.INFO: test [] []
[2021-03-12 18:17:19] generateOTP.INFO: test [] []
[2021-03-12 18:28:03] generateOTP.INFO: test [] []
[2021-03-12 18:28:04] generateOTP.INFO: test [] []
[2021-03-12 18:28:42] generateOTP.INFO: test [] []
[2021-03-12 18:28:42] generateOTP.INFO: test [] []
[2021-03-12 18:28:56] generateOTP.INFO: test [] []
[2021-03-12 18:28:56] generateOTP.INFO: test [] []
[2021-03-12 18:36:36] generateOTP.INFO: test [] []
[2021-03-12 18:36:37] generateOTP.INFO: test [] []
[2021-03-12 18:36:37] generateOTP.INFO: test [] []
[2021-03-12 18:36:37] generateOTP.INFO: test [] []
[2021-03-12 18:42:10] generateOTP.INFO: test [] []
[2021-03-12 18:42:11] generateOTP.INFO: test [] []
[2021-03-12 18:43:34] generateOTP.INFO: test [] []
[2021-03-12 18:43:35] generateOTP.INFO: test [] []
[2021-03-12 19:16:32] generateOTP.INFO: test [] []
[2021-03-12 19:16:34] generateOTP.INFO: test [] []
