[2020-11-12 09:56:20] generateOTP.INFO: test [] []
[2020-11-12 09:56:20] generateOTP.INFO: test [] []
[2020-11-12 09:56:53] generateOTP.INFO: test [] []
[2020-11-12 09:58:48] generateOTP.INFO: test [] []
[2020-11-12 09:59:04] generateOTP.INFO: test [] []
[2020-11-12 10:09:45] generateOTP.INFO: test [] []
[2020-11-12 10:10:26] generateOTP.INFO: test [] []
[2020-11-12 10:11:42] generateOTP.INFO: test [] []
[2020-11-12 10:11:49] generateOTP.INFO: test [] []
[2020-11-12 10:12:29] generateOTP.INFO: {"salutation":"3","firstname":"sonali","lastname":"BANKING","dob":"19-12-1988","mob_no":"7010444138","panCard":"XXXXXX456A","email":"jack@gmail.com","ref1":"1","ref2":"1","comAdd":"Om hrad ntalatiof, holOmshre, talathioficeeachol, OmshreeSada9talathi","city":"MUMBAI","state":"MAHARASHTRA","pin_code":"622103","ISNRI":"N","update_emp_id":"623612","edit":"0","policy_no":"392,393","subtype_text":"1","sum_insure":"1000000","anuual_income":"","familyConstruct":"1A","family_members_id":"0","family_gender":"Female","first_name":"sonali","last_name":"BANKING","family_date_birth":"19-12-1988","age":"31","age_type":" years","tenure":"1 Year","family_id":"","s_date":"","marriage_date":"","premium":"15699","policyNo":"392,393","familyDataType":"undefined","empId":"623612","product":"iWL65dcd54d9c5a65","declare":"[]","gender":"Female","gci_options":"Yes"} [] []
[2020-11-12 10:13:05] documentsSave.INFO: {"ops_type":"[\"0\",\"Y\"]","ids":"341,342"} [] []
[2020-11-12 10:13:05] documentsSaveFiles.INFO: [{"name":"testing.pdf","type":"application\/pdf","tmp_name":"\/tmp\/php7ZBo7x","error":0,"size":31140},{"name":"testing.pdf","type":"application\/pdf","tmp_name":"\/tmp\/phpasDVM2","error":0,"size":31140}] [] []
[2020-11-12 10:15:50] generateOTP.INFO: test [] []
[2020-11-12 10:15:51] generateOTP.INFO: test [] []
[2020-11-12 10:16:27] generateOTP.INFO: test [] []
[2020-11-12 10:16:43] generateOTP.INFO: test [] []
[2020-11-12 10:16:58] generateOTP.INFO: test [] []
[2020-11-12 10:17:09] generateOTP.INFO: test [] []
[2020-11-12 10:17:18] generateOTP.INFO: test [] []
[2020-11-12 10:17:40] generateOTP.INFO: test [] []
[2020-11-12 10:17:52] generateOTP.INFO: test [] []
[2020-11-12 10:18:16] generateOTP.INFO: test [] []
[2020-11-12 10:18:30] generateOTP.INFO: test [] []
[2020-11-12 10:18:35] generateOTP.INFO: test [] []
[2020-11-12 10:18:48] generateOTP.INFO: test [] []
[2020-11-12 10:19:09] generateOTP.INFO: test [] []
[2020-11-12 10:19:26] generateOTP.INFO: test [] []
[2020-11-12 10:19:30] generateOTP.INFO: test [] []
[2020-11-12 10:19:38] generateOTP.INFO: test [] []
[2020-11-12 10:23:53] generateOTP.INFO: test [] []
[2020-11-12 10:40:00] generateOTP.INFO: test [] []
[2020-11-12 10:44:33] generateOTP.INFO: test [] []
[2020-11-12 10:51:25] generateOTP.INFO: test [] []
[2020-11-12 10:52:40] generateOTP.INFO: test [] []
[2020-11-12 10:52:40] generateOTP.INFO: test [] []
[2020-11-12 10:53:11] generateOTP.INFO: test [] []
[2020-11-12 10:53:20] generateOTP.INFO: test [] []
[2020-11-12 10:53:30] generateOTP.INFO: test [] []
[2020-11-12 10:53:31] generateOTP.INFO: test [] []
[2020-11-12 10:53:52] generateOTP.INFO: test [] []
[2020-11-12 10:54:19] generateOTP.INFO: test [] []
[2020-11-12 10:55:11] generateOTP.INFO: test [] []
[2020-11-12 10:55:12] generateOTP.INFO: test [] []
[2020-11-12 10:55:20] generateOTP.INFO: test [] []
[2020-11-12 10:56:04] generateOTP.INFO: test [] []
[2020-11-12 10:56:48] generateOTP.INFO: test [] []
[2020-11-12 11:00:07] generateOTP.INFO: test [] []
[2020-11-12 11:01:16] generateOTP.INFO: test [] []
[2020-11-12 11:01:16] generateOTP.INFO: test [] []
[2020-11-12 11:01:22] generateOTP.INFO: test [] []
[2020-11-12 11:02:05] generateOTP.INFO: test [] []
[2020-11-12 11:39:01] generateOTP.INFO: test [] []
[2020-11-12 11:40:51] generateOTP.INFO: test [] []
[2020-11-12 11:44:51] generateOTP.INFO: test [] []
[2020-11-12 11:46:26] generateOTP.INFO: test [] []
[2020-11-12 11:46:34] generateOTP.INFO: test [] []
[2020-11-12 11:47:27] generateOTP.INFO: test [] []
[2020-11-12 11:47:29] generateOTP.INFO: test [] []
[2020-11-12 11:48:26] generateOTP.INFO: test [] []
[2020-11-12 11:48:33] generateOTP.INFO: test [] []
[2020-11-12 11:49:50] generateOTP.INFO: test [] []
[2020-11-12 11:49:56] generateOTP.INFO: test [] []
[2020-11-12 11:51:06] generateOTP.INFO: test [] []
[2020-11-12 11:51:16] generateOTP.INFO: test [] []
[2020-11-12 12:13:19] generateOTP.INFO: test [] []
[2020-11-12 12:13:43] generateOTP.INFO: test [] []
[2020-11-12 12:15:05] generateOTP.INFO: test [] []
[2020-11-12 12:15:07] generateOTP.INFO: test [] []
[2020-11-12 12:23:36] generateOTP.INFO: test [] []
[2020-11-12 12:23:42] generateOTP.INFO: test [] []
[2020-11-12 12:24:10] generateOTP.INFO: test [] []
[2020-11-12 12:25:56] generateOTP.INFO: test [] []
[2020-11-12 12:26:13] generateOTP.INFO: test [] []
[2020-11-12 12:27:27] generateOTP.INFO: test [] []
[2020-11-12 12:28:50] generateOTP.INFO: test [] []
[2020-11-12 12:41:59] generateOTP.INFO: test [] []
[2020-11-12 12:42:00] generateOTP.INFO: test [] []
[2020-11-12 12:42:05] generateOTP.INFO: test [] []
[2020-11-12 12:42:28] generateOTP.INFO: test [] []
[2020-11-12 12:42:44] generateOTP.INFO: test [] []
[2020-11-12 12:50:46] generateOTP.INFO: test [] []
[2020-11-12 13:00:29] generateOTP.INFO: test [] []
[2020-11-12 13:00:38] generateOTP.INFO: test [] []
[2020-11-12 13:00:43] generateOTP.INFO: test [] []
[2020-11-12 13:00:50] generateOTP.INFO: test [] []
[2020-11-12 13:04:59] generateOTP.INFO: test [] []
[2020-11-12 13:08:21] generateOTP.INFO: test [] []
[2020-11-12 13:14:40] generateOTP.INFO: test [] []
[2020-11-12 13:27:49] generateOTP.INFO: test [] []
[2020-11-12 13:27:50] generateOTP.INFO: test [] []
[2020-11-12 13:27:59] generateOTP.INFO: test [] []
[2020-11-12 13:28:24] generateOTP.INFO: test [] []
[2020-11-12 13:29:19] generateOTP.INFO: test [] []
[2020-11-12 13:32:19] generateOTP.INFO: test [] []
[2020-11-12 13:36:31] generateOTP.INFO: test [] []
[2020-11-12 13:41:56] generateOTP.INFO: test [] []
[2020-11-12 13:45:50] generateOTP.INFO: test [] []
[2020-11-12 13:45:50] generateOTP.INFO: test [] []
[2020-11-12 13:45:52] generateOTP.INFO: test [] []
[2020-11-12 13:46:11] generateOTP.INFO: test [] []
[2020-11-12 13:46:16] generateOTP.INFO: test [] []
[2020-11-12 13:50:33] generateOTP.INFO: test [] []
[2020-11-12 13:52:08] generateOTP.INFO: test [] []
[2020-11-12 13:57:26] generateOTP.INFO: test [] []
[2020-11-12 14:07:59] generateOTP.INFO: test [] []
[2020-11-12 14:09:47] generateOTP.INFO: test [] []
[2020-11-12 14:09:48] generateOTP.INFO: test [] []
[2020-11-12 14:09:52] generateOTP.INFO: test [] []
[2020-11-12 14:09:54] generateOTP.INFO: test [] []
[2020-11-12 14:09:55] generateOTP.INFO: test [] []
[2020-11-12 14:10:22] generateOTP.INFO: test [] []
[2020-11-12 14:10:32] generateOTP.INFO: test [] []
[2020-11-12 14:12:16] generateOTP.INFO: test [] []
[2020-11-12 14:16:51] generateOTP.INFO: test [] []
[2020-11-12 14:16:54] generateOTP.INFO: test [] []
[2020-11-12 14:17:01] generateOTP.INFO: test [] []
[2020-11-12 14:17:33] generateOTP.INFO: test [] []
[2020-11-12 14:17:34] generateOTP.INFO: test [] []
[2020-11-12 14:19:03] generateOTP.INFO: test [] []
[2020-11-12 14:19:25] generateOTP.INFO: test [] []
[2020-11-12 14:19:35] generateOTP.INFO: test [] []
[2020-11-12 14:19:39] generateOTP.INFO: test [] []
[2020-11-12 14:19:47] generateOTP.INFO: test [] []
[2020-11-12 14:19:54] generateOTP.INFO: test [] []
[2020-11-12 14:20:14] generateOTP.INFO: test [] []
[2020-11-12 14:20:27] generateOTP.INFO: test [] []
[2020-11-12 14:23:36] generateOTP.INFO: test [] []
[2020-11-12 14:37:51] generateOTP.INFO: {"salutation":"3","firstname":"sonali","lastname":"BANKING","dob":"19-12-1988","mob_no":"7010444138","panCard":"XXXXXX456A","email":"jack@gmail.com","ref1":"1","ref2":"1","comAdd":"Om hrad ntalatiof, holOmshre, talathioficeeachol, OmshreeSada9talathi","city":"MUMBAI","state":"MAHARASHTRA","pin_code":"622103","ISNRI":"N","update_emp_id":"623618","edit":"0","policy_no":"454,455","subtype_text":"1","sum_insure":"1500000","anuual_income":"500000","occupation":"8","familyConstruct":"1A","family_members_id":"0","family_gender":"Female","first_name":"sonali","last_name":"BANKING","family_date_birth":"19-12-1988","age":"31","age_type":" years","tenure":"1 Year","family_id":"","s_date":"","marriage_date":"","premium":"13000","policyNo":"454,455","familyDataType":"undefined","empId":"623618","product":"RMxC5efb5c5a320e7","declare":"[]","gender":"Female","gci_options":"Yes"} [] []
[2020-11-12 14:38:17] generateOTP.INFO: test [] []
[2020-11-12 14:38:17] generateOTP.INFO: test [] []
[2020-11-12 14:38:18] generateOTP.INFO: test [] []
[2020-11-12 14:38:28] documentsSave.INFO: {"ops_type":"[\"0\",\"Y\"]","ids":"343,344,345"} [] []
[2020-11-12 14:38:28] documentsSaveFiles.INFO: [{"name":"testing.pdf","type":"application\/pdf","tmp_name":"\/tmp\/phprJDCSx","error":0,"size":31140},{"name":"testing.pdf","type":"application\/pdf","tmp_name":"\/tmp\/phpxAEZd2","error":0,"size":31140}] [] []
[2020-11-12 14:38:46] generateOTP.INFO: test [] []
[2020-11-12 14:39:32] generateOTP.INFO: test [] []
[2020-11-12 14:40:16] generateOTP.INFO: test [] []
[2020-11-12 14:40:16] generateOTP.INFO: test [] []
[2020-11-12 14:40:16] generateOTP.INFO: test [] []
[2020-11-12 14:40:25] generateOTP.INFO: test [] []
[2020-11-12 14:40:47] generateOTP.INFO: test [] []
[2020-11-12 14:40:54] generateOTP.INFO: test [] []
[2020-11-12 14:42:25] generateOTP.INFO: test [] []
[2020-11-12 14:42:27] generateOTP.INFO: test [] []
[2020-11-12 14:42:38] generateOTP.INFO: test [] []
[2020-11-12 14:42:43] generateOTP.INFO: test [] []
[2020-11-12 14:42:45] generateOTP.INFO: test [] []
[2020-11-12 14:43:17] generateOTP.INFO: test [] []
[2020-11-12 14:43:23] generateOTP.INFO: test [] []
[2020-11-12 14:43:23] generateOTP.INFO: test [] []
[2020-11-12 14:43:24] generateOTP.INFO: test [] []
[2020-11-12 14:43:25] generateOTP.INFO: test [] []
[2020-11-12 14:43:27] generateOTP.INFO: test [] []
[2020-11-12 14:43:30] generateOTP.INFO: test [] []
[2020-11-12 14:43:31] generateOTP.INFO: test [] []
[2020-11-12 14:43:34] generateOTP.INFO: test [] []
[2020-11-12 14:43:52] generateOTP.INFO: test [] []
[2020-11-12 14:43:57] generateOTP.INFO: test [] []
[2020-11-12 14:44:08] generateOTP.INFO: test [] []
[2020-11-12 14:44:22] generateOTP.INFO: test [] []
[2020-11-12 14:47:05] generateOTP.INFO: test [] []
[2020-11-12 14:56:51] generateOTP.INFO: test [] []
[2020-11-12 14:56:52] generateOTP.INFO: test [] []
[2020-11-12 14:56:59] generateOTP.INFO: test [] []
[2020-11-12 14:57:59] generateOTP.INFO: test [] []
[2020-11-12 15:00:17] generateOTP.INFO: test [] []
[2020-11-12 15:24:28] generateOTP.INFO: test [] []
[2020-11-12 15:24:28] generateOTP.INFO: test [] []
[2020-11-12 15:24:28] generateOTP.INFO: test [] []
[2020-11-12 15:32:02] generateOTP.INFO: test [] []
[2020-11-12 15:32:02] generateOTP.INFO: test [] []
[2020-11-12 15:32:03] generateOTP.INFO: test [] []
[2020-11-12 16:11:04] generateOTP.INFO: {"salutation":"3","firstname":"sonali","lastname":"BANKING","dob":"19-12-1988","mob_no":"7010444138","panCard":"XXXXXX456A","email":"jack@gmail.com","ref1":"1","ref2":"1","comAdd":"Om hrad ntalatiof, holOmshre, talathioficeeachol, OmshreeSada9talathi","city":"MUMBAI","state":"MAHARASHTRA","pin_code":"622103","ISNRI":"N","update_emp_id":"623620","edit":"0","policy_no":"454,455","subtype_text":"1","sum_insure":"2000000","anuual_income":"500000","occupation":"11","familyConstruct":"1A","family_members_id":"0","family_gender":"Female","first_name":"sonali","last_name":"BANKING","family_date_birth":"19-12-1988","age":"31","age_type":" years","tenure":"1 Year","family_id":"","s_date":"","marriage_date":"","premium":"15000","policyNo":"454,455","familyDataType":"undefined","empId":"623620","product":"RMxC5efb5c5a320e7","declare":"[]","gender":"Female","gci_options":"Yes"} [] []
[2020-11-12 16:12:55] documentsSave.INFO: {"ops_type":"[\"0\",\"Y\"]","ids":"346,347,348"} [] []
[2020-11-12 16:12:55] documentsSaveFiles.INFO: [{"name":"testing.pdf","type":"application\/pdf","tmp_name":"\/tmp\/phpjaeT5P","error":0,"size":31140},{"name":"testing.pdf","type":"application\/pdf","tmp_name":"\/tmp\/phpXMwjEC","error":0,"size":31140}] [] []
[2020-11-12 16:13:32] generateOTP.INFO: test [] []
[2020-11-12 16:14:30] generateOTP.INFO: test [] []
[2020-11-12 16:15:54] generateOTP.INFO: test [] []
[2020-11-12 16:15:54] generateOTP.INFO: test [] []
[2020-11-12 16:16:06] generateOTP.INFO: test [] []
[2020-11-12 16:16:39] generateOTP.INFO: test [] []
[2020-11-12 16:17:27] generateOTP.INFO: test [] []
[2020-11-12 16:17:51] generateOTP.INFO: test [] []
[2020-11-12 16:18:07] generateOTP.INFO: test [] []
[2020-11-12 16:18:23] generateOTP.INFO: test [] []
[2020-11-12 16:18:40] generateOTP.INFO: test [] []
[2020-11-12 16:19:19] generateOTP.INFO: test [] []
[2020-11-12 16:19:47] generateOTP.INFO: test [] []
[2020-11-12 16:22:20] generateOTP.INFO: test [] []
[2020-11-12 16:24:25] generateOTP.INFO: test [] []
[2020-11-12 16:31:22] generateOTP.INFO: test [] []
[2020-11-12 16:31:55] generateOTP.INFO: test [] []
[2020-11-12 16:33:02] generateOTP.INFO: test [] []
[2020-11-12 16:33:28] generateOTP.INFO: test [] []
[2020-11-12 16:34:13] generateOTP.INFO: test [] []
[2020-11-12 16:36:20] generateOTP.INFO: test [] []
[2020-11-12 16:36:50] generateOTP.INFO: test [] []
[2020-11-12 16:37:46] generateOTP.INFO: test [] []
[2020-11-12 16:37:47] generateOTP.INFO: test [] []
[2020-11-12 16:38:09] generateOTP.INFO: test [] []
[2020-11-12 16:38:15] generateOTP.INFO: test [] []
[2020-11-12 16:43:17] generateOTP.INFO: test [] []
[2020-11-12 16:51:11] generateOTP.INFO: test [] []
[2020-11-12 17:03:10] generateOTP.INFO: test [] []
[2020-11-12 17:06:45] generateOTP.INFO: test [] []
[2020-11-12 17:26:13] generateOTP.INFO: test [] []
[2020-11-12 17:27:17] generateOTP.INFO: test [] []
[2020-11-12 17:31:10] generateOTP.INFO: test [] []
[2020-11-12 17:32:03] generateOTP.INFO: test [] []
[2020-11-12 17:32:21] generateOTP.INFO: test [] []
[2020-11-12 17:32:45] generateOTP.INFO: test [] []
[2020-11-12 17:38:49] generateOTP.INFO: test [] []
[2020-11-12 17:42:11] generateOTP.INFO: test [] []
[2020-11-12 17:44:38] generateOTP.INFO: test [] []
[2020-11-12 17:48:11] generateOTP.INFO: test [] []
[2020-11-12 17:48:14] generateOTP.INFO: test [] []
[2020-11-12 17:49:56] generateOTP.INFO: test [] []
[2020-11-12 18:06:08] generateOTP.INFO: test [] []
[2020-11-12 18:07:01] generateOTP.INFO: test [] []
[2020-11-12 18:10:38] generateOTP.INFO: test [] []
[2020-11-12 18:11:10] generateOTP.INFO: test [] []
[2020-11-12 18:15:30] generateOTP.INFO: test [] []
[2020-11-12 18:15:31] generateOTP.INFO: test [] []
[2020-11-12 18:15:37] generateOTP.INFO: test [] []
[2020-11-12 18:16:04] generateOTP.INFO: test [] []
[2020-11-12 18:16:11] generateOTP.INFO: test [] []
[2020-11-12 18:19:32] generateOTP.INFO: test [] []
[2020-11-12 18:19:49] generateOTP.INFO: test [] []
[2020-11-12 18:47:07] generateOTP.INFO: test [] []
[2020-11-12 18:47:07] generateOTP.INFO: test [] []
[2020-11-12 18:47:07] generateOTP.INFO: test [] []
[2020-11-12 18:56:49] generateOTP.INFO: test [] []
[2020-11-12 18:56:50] generateOTP.INFO: test [] []
[2020-11-12 19:08:43] generateOTP.INFO: test [] []
[2020-11-12 19:08:45] generateOTP.INFO: test [] []
[2020-11-12 19:08:59] generateOTP.INFO: test [] []
[2020-11-12 19:09:16] generateOTP.INFO: test [] []
[2020-11-12 19:09:17] generateOTP.INFO: test [] []
[2020-11-12 19:09:17] generateOTP.INFO: test [] []
[2020-11-12 19:09:17] generateOTP.INFO: test [] []
[2020-11-12 19:09:30] generateOTP.INFO: test [] []
[2020-11-12 19:09:50] generateOTP.INFO: test [] []
[2020-11-12 19:17:36] generateOTP.INFO: test [] []
[2020-11-12 19:17:37] generateOTP.INFO: test [] []
[2020-11-12 23:02:04] generateOTP.INFO: test [] []
[2020-11-12 23:02:05] generateOTP.INFO: test [] []
[2020-11-12 23:02:16] generateOTP.INFO: test [] []
[2020-11-12 23:02:30] generateOTP.INFO: test [] []
