[2019-12-12 08:09:49] generateOTP.INFO: test [] []
[2019-12-12 08:09:51] generateOTP.INFO: test [] []
[2019-12-12 08:09:53] generateOTP.INFO: test [] []
[2019-12-12 12:03:39] generateOTP.INFO: test [] []
[2019-12-12 12:03:40] generateOTP.INFO: test [] []
[2019-12-12 12:03:52] generateOTP.INFO: test [] []
[2019-12-12 12:03:53] generateOTP.INFO: test [] []
[2019-12-12 12:04:06] generateOTP.INFO: test [] []
[2019-12-12 12:04:14] generateOTP.INFO: test [] []
[2019-12-12 12:04:14] generateOTP.INFO: test [] []
[2019-12-12 12:04:14] generateOTP.INFO: test [] []
[2019-12-12 12:04:17] generateOTP.INFO: test [] []
[2019-12-12 12:04:18] generateOTP.INFO: test [] []
[2019-12-12 12:04:18] generateOTP.INFO: test [] []
[2019-12-12 12:04:19] generateOTP.INFO: test [] []
[2019-12-12 12:04:21] generateOTP.INFO: test [] []
[2019-12-12 12:04:21] generateOTP.INFO: test [] []
[2019-12-12 12:04:22] generateOTP.INFO: test [] []
[2019-12-12 12:04:25] generateOTP.INFO: test [] []
[2019-12-12 12:04:25] generateOTP.INFO: test [] []
[2019-12-12 12:04:26] generateOTP.INFO: test [] []
[2019-12-12 12:04:31] generateOTP.INFO: test [] []
[2019-12-12 12:04:32] generateOTP.INFO: test [] []
[2019-12-12 12:04:32] generateOTP.INFO: test [] []
[2019-12-12 12:04:36] generateOTP.INFO: test [] []
[2019-12-12 12:04:36] generateOTP.INFO: test [] []
[2019-12-12 12:04:37] generateOTP.INFO: test [] []
[2019-12-12 12:04:41] generateOTP.INFO: test [] []
[2019-12-12 12:04:42] generateOTP.INFO: test [] []
[2019-12-12 12:04:42] generateOTP.INFO: test [] []
[2019-12-12 12:04:51] generateOTP.INFO: test [] []
[2019-12-12 12:04:52] generateOTP.INFO: test [] []
[2019-12-12 12:04:52] generateOTP.INFO: test [] []
[2019-12-12 12:04:52] generateOTP.INFO: test [] []
[2019-12-12 12:04:52] generateOTP.INFO: test [] []
[2019-12-12 12:04:52] generateOTP.INFO: test [] []
[2019-12-12 12:04:53] generateOTP.INFO: test [] []
[2019-12-12 12:04:56] generateOTP.INFO: test [] []
[2019-12-12 12:04:57] generateOTP.INFO: test [] []
[2019-12-12 12:04:57] generateOTP.INFO: test [] []
[2019-12-12 12:04:57] generateOTP.INFO: test [] []
[2019-12-12 12:04:57] generateOTP.INFO: test [] []
[2019-12-12 12:04:58] generateOTP.INFO: test [] []
[2019-12-12 12:04:58] generateOTP.INFO: test [] []
[2019-12-12 12:05:00] generateOTP.INFO: test [] []
[2019-12-12 12:05:00] generateOTP.INFO: test [] []
[2019-12-12 12:05:01] generateOTP.INFO: test [] []
[2019-12-12 12:05:01] generateOTP.INFO: test [] []
[2019-12-12 12:05:02] generateOTP.INFO: test [] []
[2019-12-12 12:05:03] generateOTP.INFO: test [] []
[2019-12-12 12:05:03] generateOTP.INFO: test [] []
[2019-12-12 12:05:03] generateOTP.INFO: test [] []
[2019-12-12 12:05:04] generateOTP.INFO: test [] []
[2019-12-12 12:05:04] generateOTP.INFO: test [] []
[2019-12-12 12:05:06] generateOTP.INFO: test [] []
[2019-12-12 12:05:07] generateOTP.INFO: test [] []
[2019-12-12 12:05:07] generateOTP.INFO: test [] []
[2019-12-12 12:05:09] generateOTP.INFO: test [] []
[2019-12-12 12:05:09] generateOTP.INFO: test [] []
[2019-12-12 12:05:09] generateOTP.INFO: test [] []
[2019-12-12 12:05:10] generateOTP.INFO: test [] []
[2019-12-12 12:05:11] generateOTP.INFO: test [] []
[2019-12-12 12:05:11] generateOTP.INFO: test [] []
[2019-12-12 12:05:12] generateOTP.INFO: test [] []
[2019-12-12 12:05:13] generateOTP.INFO: test [] []
[2019-12-12 12:05:13] generateOTP.INFO: test [] []
[2019-12-12 12:05:13] generateOTP.INFO: test [] []
[2019-12-12 12:05:15] generateOTP.INFO: test [] []
[2019-12-12 12:05:15] generateOTP.INFO: test [] []
[2019-12-12 12:05:16] generateOTP.INFO: test [] []
[2019-12-12 12:05:17] generateOTP.INFO: test [] []
[2019-12-12 12:05:18] generateOTP.INFO: test [] []
[2019-12-12 12:05:19] generateOTP.INFO: test [] []
[2019-12-12 12:05:19] generateOTP.INFO: test [] []
[2019-12-12 12:05:20] generateOTP.INFO: test [] []
[2019-12-12 12:05:21] generateOTP.INFO: test [] []
[2019-12-12 12:05:21] generateOTP.INFO: test [] []
[2019-12-12 12:05:23] generateOTP.INFO: test [] []
[2019-12-12 12:05:23] generateOTP.INFO: test [] []
[2019-12-12 12:05:24] generateOTP.INFO: test [] []
[2019-12-12 12:05:24] generateOTP.INFO: test [] []
[2019-12-12 12:05:27] generateOTP.INFO: test [] []
[2019-12-12 12:05:27] generateOTP.INFO: test [] []
[2019-12-12 12:05:27] generateOTP.INFO: test [] []
[2019-12-12 12:05:28] generateOTP.INFO: test [] []
[2019-12-12 12:05:28] generateOTP.INFO: test [] []
[2019-12-12 12:05:28] generateOTP.INFO: test [] []
[2019-12-12 12:05:28] generateOTP.INFO: test [] []
[2019-12-12 12:05:30] generateOTP.INFO: test [] []
[2019-12-12 12:05:31] generateOTP.INFO: test [] []
[2019-12-12 12:05:31] generateOTP.INFO: test [] []
[2019-12-12 12:05:31] generateOTP.INFO: test [] []
[2019-12-12 12:05:34] generateOTP.INFO: test [] []
[2019-12-12 12:05:34] generateOTP.INFO: test [] []
[2019-12-12 12:05:35] generateOTP.INFO: test [] []
[2019-12-12 12:05:35] generateOTP.INFO: test [] []
[2019-12-12 12:05:35] generateOTP.INFO: test [] []
[2019-12-12 12:05:35] generateOTP.INFO: test [] []
[2019-12-12 12:05:36] generateOTP.INFO: test [] []
[2019-12-12 12:05:38] generateOTP.INFO: test [] []
[2019-12-12 12:05:39] generateOTP.INFO: test [] []
[2019-12-12 12:05:39] generateOTP.INFO: test [] []
[2019-12-12 12:05:39] generateOTP.INFO: test [] []
[2019-12-12 12:05:40] generateOTP.INFO: test [] []
[2019-12-12 12:05:40] generateOTP.INFO: test [] []
[2019-12-12 12:05:40] generateOTP.INFO: test [] []
[2019-12-12 12:05:43] generateOTP.INFO: test [] []
[2019-12-12 12:05:43] generateOTP.INFO: test [] []
[2019-12-12 12:05:43] generateOTP.INFO: test [] []
[2019-12-12 12:05:43] generateOTP.INFO: test [] []
[2019-12-12 12:05:46] generateOTP.INFO: test [] []
[2019-12-12 12:05:46] generateOTP.INFO: test [] []
[2019-12-12 12:05:46] generateOTP.INFO: test [] []
[2019-12-12 12:05:47] generateOTP.INFO: test [] []
[2019-12-12 12:05:47] generateOTP.INFO: test [] []
[2019-12-12 12:05:47] generateOTP.INFO: test [] []
[2019-12-12 12:05:47] generateOTP.INFO: test [] []
[2019-12-12 12:05:49] generateOTP.INFO: test [] []
[2019-12-12 12:05:50] generateOTP.INFO: test [] []
[2019-12-12 12:05:50] generateOTP.INFO: test [] []
[2019-12-12 12:05:50] generateOTP.INFO: test [] []
[2019-12-12 12:05:51] generateOTP.INFO: test [] []
[2019-12-12 12:05:52] generateOTP.INFO: test [] []
[2019-12-12 12:05:52] generateOTP.INFO: test [] []
[2019-12-12 12:05:53] generateOTP.INFO: test [] []
[2019-12-12 12:05:53] generateOTP.INFO: test [] []
[2019-12-12 12:05:54] generateOTP.INFO: test [] []
[2019-12-12 12:05:56] generateOTP.INFO: test [] []
[2019-12-12 12:05:56] generateOTP.INFO: test [] []
[2019-12-12 12:05:57] generateOTP.INFO: test [] []
[2019-12-12 12:05:59] generateOTP.INFO: test [] []
[2019-12-12 12:05:59] generateOTP.INFO: test [] []
[2019-12-12 12:06:00] generateOTP.INFO: test [] []
[2019-12-12 12:06:00] generateOTP.INFO: test [] []
[2019-12-12 12:06:01] generateOTP.INFO: test [] []
[2019-12-12 12:06:02] generateOTP.INFO: test [] []
[2019-12-12 12:06:02] generateOTP.INFO: test [] []
[2019-12-12 12:06:03] generateOTP.INFO: test [] []
[2019-12-12 12:06:03] generateOTP.INFO: test [] []
[2019-12-12 12:06:04] generateOTP.INFO: test [] []
[2019-12-12 12:06:06] generateOTP.INFO: test [] []
[2019-12-12 12:06:07] generateOTP.INFO: test [] []
[2019-12-12 12:06:07] generateOTP.INFO: test [] []
[2019-12-12 12:06:09] generateOTP.INFO: test [] []
[2019-12-12 12:06:09] generateOTP.INFO: test [] []
[2019-12-12 12:06:09] generateOTP.INFO: test [] []
[2019-12-12 12:06:10] generateOTP.INFO: test [] []
[2019-12-12 12:06:11] generateOTP.INFO: test [] []
[2019-12-12 12:06:11] generateOTP.INFO: test [] []
[2019-12-12 12:06:12] generateOTP.INFO: test [] []
[2019-12-12 12:06:12] generateOTP.INFO: test [] []
[2019-12-12 12:06:13] generateOTP.INFO: test [] []
[2019-12-12 12:06:13] generateOTP.INFO: test [] []
[2019-12-12 12:06:13] generateOTP.INFO: test [] []
[2019-12-12 12:06:16] generateOTP.INFO: test [] []
[2019-12-12 12:06:16] generateOTP.INFO: test [] []
[2019-12-12 12:06:16] generateOTP.INFO: test [] []
[2019-12-12 12:06:17] generateOTP.INFO: test [] []
[2019-12-12 12:06:17] generateOTP.INFO: test [] []
[2019-12-12 12:06:18] generateOTP.INFO: test [] []
[2019-12-12 12:06:20] generateOTP.INFO: test [] []
[2019-12-12 12:06:20] generateOTP.INFO: test [] []
[2019-12-12 12:06:20] generateOTP.INFO: test [] []
[2019-12-12 12:06:21] generateOTP.INFO: test [] []
[2019-12-12 12:06:23] generateOTP.INFO: test [] []
[2019-12-12 12:06:23] generateOTP.INFO: test [] []
[2019-12-12 12:06:24] generateOTP.INFO: test [] []
[2019-12-12 12:06:24] generateOTP.INFO: test [] []
[2019-12-12 12:06:24] generateOTP.INFO: test [] []
[2019-12-12 12:06:24] generateOTP.INFO: test [] []
[2019-12-12 12:06:24] generateOTP.INFO: test [] []
[2019-12-12 12:06:27] generateOTP.INFO: test [] []
[2019-12-12 12:06:28] generateOTP.INFO: test [] []
[2019-12-12 12:06:28] generateOTP.INFO: test [] []
[2019-12-12 12:06:28] generateOTP.INFO: test [] []
[2019-12-12 12:06:30] generateOTP.INFO: test [] []
[2019-12-12 12:06:30] generateOTP.INFO: test [] []
[2019-12-12 12:06:30] generateOTP.INFO: test [] []
[2019-12-12 12:06:31] generateOTP.INFO: test [] []
[2019-12-12 12:06:31] generateOTP.INFO: test [] []
[2019-12-12 12:06:31] generateOTP.INFO: test [] []
[2019-12-12 12:06:31] generateOTP.INFO: test [] []
[2019-12-12 12:06:34] generateOTP.INFO: test [] []
[2019-12-12 12:06:34] generateOTP.INFO: test [] []
[2019-12-12 12:06:35] generateOTP.INFO: test [] []
[2019-12-12 12:06:35] generateOTP.INFO: test [] []
[2019-12-12 12:06:36] generateOTP.INFO: test [] []
[2019-12-12 12:06:37] generateOTP.INFO: test [] []
[2019-12-12 12:06:37] generateOTP.INFO: test [] []
[2019-12-12 12:06:37] generateOTP.INFO: test [] []
[2019-12-12 12:06:37] generateOTP.INFO: test [] []
[2019-12-12 12:06:38] generateOTP.INFO: test [] []
[2019-12-12 12:06:38] generateOTP.INFO: test [] []
[2019-12-12 12:06:40] generateOTP.INFO: test [] []
[2019-12-12 12:06:41] generateOTP.INFO: test [] []
[2019-12-12 12:06:41] generateOTP.INFO: test [] []
[2019-12-12 12:06:41] generateOTP.INFO: test [] []
[2019-12-12 12:06:43] generateOTP.INFO: test [] []
[2019-12-12 12:06:44] generateOTP.INFO: test [] []
[2019-12-12 12:06:44] generateOTP.INFO: test [] []
[2019-12-12 12:06:44] generateOTP.INFO: test [] []
[2019-12-12 12:06:45] generateOTP.INFO: test [] []
[2019-12-12 12:06:45] generateOTP.INFO: test [] []
[2019-12-12 12:06:47] generateOTP.INFO: test [] []
[2019-12-12 12:06:48] generateOTP.INFO: test [] []
[2019-12-12 12:06:48] generateOTP.INFO: test [] []
[2019-12-12 12:06:48] generateOTP.INFO: test [] []
[2019-12-12 12:06:48] generateOTP.INFO: test [] []
[2019-12-12 12:06:49] generateOTP.INFO: test [] []
[2019-12-12 12:06:49] generateOTP.INFO: test [] []
[2019-12-12 12:06:49] generateOTP.INFO: test [] []
[2019-12-12 12:06:53] generateOTP.INFO: test [] []
[2019-12-12 12:06:54] generateOTP.INFO: test [] []
[2019-12-12 12:06:54] generateOTP.INFO: test [] []
[2019-12-12 12:06:59] generateOTP.INFO: test [] []
[2019-12-12 12:06:59] generateOTP.INFO: test [] []
[2019-12-12 12:06:59] generateOTP.INFO: test [] []
[2019-12-12 12:07:04] generateOTP.INFO: test [] []
[2019-12-12 12:07:04] generateOTP.INFO: test [] []
[2019-12-12 12:07:04] generateOTP.INFO: test [] []
[2019-12-12 12:07:09] generateOTP.INFO: test [] []
[2019-12-12 12:07:10] generateOTP.INFO: test [] []
[2019-12-12 12:07:10] generateOTP.INFO: test [] []
[2019-12-12 12:07:17] generateOTP.INFO: test [] []
[2019-12-12 12:07:17] generateOTP.INFO: test [] []
[2019-12-12 12:07:17] generateOTP.INFO: test [] []
[2019-12-12 12:07:21] generateOTP.INFO: test [] []
[2019-12-12 12:07:21] generateOTP.INFO: test [] []
[2019-12-12 12:07:21] generateOTP.INFO: test [] []
[2019-12-12 12:07:25] generateOTP.INFO: test [] []
[2019-12-12 12:07:26] generateOTP.INFO: test [] []
[2019-12-12 12:07:26] generateOTP.INFO: test [] []
[2019-12-12 12:07:30] generateOTP.INFO: test [] []
[2019-12-12 12:07:31] generateOTP.INFO: test [] []
[2019-12-12 12:07:31] generateOTP.INFO: test [] []
[2019-12-12 12:07:35] generateOTP.INFO: test [] []
[2019-12-12 12:07:36] generateOTP.INFO: test [] []
[2019-12-12 12:07:36] generateOTP.INFO: test [] []
[2019-12-12 12:07:40] generateOTP.INFO: test [] []
[2019-12-12 12:07:40] generateOTP.INFO: test [] []
[2019-12-12 12:07:41] generateOTP.INFO: test [] []
[2019-12-12 12:07:45] generateOTP.INFO: test [] []
[2019-12-12 12:07:46] generateOTP.INFO: test [] []
[2019-12-12 12:07:46] generateOTP.INFO: test [] []
[2019-12-12 12:07:49] generateOTP.INFO: test [] []
[2019-12-12 12:07:50] generateOTP.INFO: test [] []
[2019-12-12 12:07:50] generateOTP.INFO: test [] []
[2019-12-12 12:07:53] generateOTP.INFO: test [] []
[2019-12-12 12:07:54] generateOTP.INFO: test [] []
[2019-12-12 12:07:54] generateOTP.INFO: test [] []
[2019-12-12 12:07:59] generateOTP.INFO: test [] []
[2019-12-12 12:07:59] generateOTP.INFO: test [] []
[2019-12-12 12:07:59] generateOTP.INFO: test [] []
[2019-12-12 12:08:05] generateOTP.INFO: test [] []
[2019-12-12 12:08:05] generateOTP.INFO: test [] []
[2019-12-12 12:08:05] generateOTP.INFO: test [] []
[2019-12-12 12:08:10] generateOTP.INFO: test [] []
[2019-12-12 12:08:10] generateOTP.INFO: test [] []
[2019-12-12 12:08:11] generateOTP.INFO: test [] []
[2019-12-12 12:08:14] generateOTP.INFO: test [] []
[2019-12-12 12:08:15] generateOTP.INFO: test [] []
[2019-12-12 12:08:15] generateOTP.INFO: test [] []
[2019-12-12 12:08:22] generateOTP.INFO: test [] []
[2019-12-12 12:08:22] generateOTP.INFO: test [] []
[2019-12-12 12:08:23] generateOTP.INFO: test [] []
[2019-12-12 12:08:27] generateOTP.INFO: test [] []
[2019-12-12 12:08:28] generateOTP.INFO: test [] []
[2019-12-12 12:08:28] generateOTP.INFO: test [] []
[2019-12-12 12:08:28] generateOTP.INFO: test [] []
[2019-12-12 12:09:08] generateOTP.INFO: test [] []
[2019-12-12 12:09:31] generateOTP.INFO: test [] []
[2019-12-12 12:09:32] generateOTP.INFO: test [] []
[2019-12-12 12:09:32] generateOTP.INFO: test [] []
[2019-12-12 12:09:35] generateOTP.INFO: test [] []
[2019-12-12 12:09:36] generateOTP.INFO: test [] []
[2019-12-12 12:09:36] generateOTP.INFO: test [] []
[2019-12-12 12:09:39] generateOTP.INFO: test [] []
[2019-12-12 12:09:39] generateOTP.INFO: test [] []
[2019-12-12 12:09:40] generateOTP.INFO: test [] []
[2019-12-12 12:09:46] generateOTP.INFO: test [] []
[2019-12-12 12:09:46] generateOTP.INFO: test [] []
[2019-12-12 12:09:47] generateOTP.INFO: test [] []
[2019-12-12 12:09:48] generateOTP.INFO: test [] []
[2019-12-12 12:10:23] generateOTP.INFO: test [] []
[2019-12-12 12:10:36] generateOTP.INFO: test [] []
[2019-12-12 12:12:11] generateOTP.INFO: test [] []
[2019-12-12 12:12:11] generateOTP.INFO: test [] []
[2019-12-12 12:12:12] generateOTP.INFO: test [] []
[2019-12-12 12:12:16] generateOTP.INFO: test [] []
[2019-12-12 12:12:16] generateOTP.INFO: test [] []
[2019-12-12 12:12:16] generateOTP.INFO: test [] []
[2019-12-12 12:12:16] generateOTP.INFO: test [] []
[2019-12-12 12:12:19] generateOTP.INFO: test [] []
[2019-12-12 12:12:20] generateOTP.INFO: test [] []
[2019-12-12 12:12:20] generateOTP.INFO: test [] []
[2019-12-12 12:12:20] generateOTP.INFO: test [] []
[2019-12-12 12:12:23] generateOTP.INFO: test [] []
[2019-12-12 12:12:23] generateOTP.INFO: test [] []
[2019-12-12 12:12:23] generateOTP.INFO: test [] []
[2019-12-12 12:12:24] generateOTP.INFO: test [] []
[2019-12-12 12:12:24] generateOTP.INFO: test [] []
[2019-12-12 12:12:24] generateOTP.INFO: test [] []
[2019-12-12 12:12:24] generateOTP.INFO: test [] []
[2019-12-12 12:12:27] generateOTP.INFO: test [] []
[2019-12-12 12:12:28] generateOTP.INFO: test [] []
[2019-12-12 12:12:28] generateOTP.INFO: test [] []
[2019-12-12 12:12:28] generateOTP.INFO: test [] []
[2019-12-12 12:12:28] generateOTP.INFO: test [] []
[2019-12-12 12:12:28] generateOTP.INFO: test [] []
[2019-12-12 12:12:31] generateOTP.INFO: test [] []
[2019-12-12 12:12:32] generateOTP.INFO: test [] []
[2019-12-12 12:12:32] generateOTP.INFO: test [] []
[2019-12-12 12:12:32] generateOTP.INFO: test [] []
[2019-12-12 12:12:33] generateOTP.INFO: test [] []
[2019-12-12 12:12:33] generateOTP.INFO: test [] []
[2019-12-12 12:12:35] generateOTP.INFO: test [] []
[2019-12-12 12:12:36] generateOTP.INFO: test [] []
[2019-12-12 12:12:36] generateOTP.INFO: test [] []
[2019-12-12 12:12:36] generateOTP.INFO: test [] []
[2019-12-12 12:12:37] generateOTP.INFO: test [] []
[2019-12-12 12:12:37] generateOTP.INFO: test [] []
[2019-12-12 12:12:40] generateOTP.INFO: test [] []
[2019-12-12 12:12:41] generateOTP.INFO: test [] []
[2019-12-12 12:12:41] generateOTP.INFO: test [] []
[2019-12-12 12:12:41] generateOTP.INFO: test [] []
[2019-12-12 12:12:42] generateOTP.INFO: test [] []
[2019-12-12 12:12:42] generateOTP.INFO: test [] []
[2019-12-12 12:12:42] generateOTP.INFO: test [] []
[2019-12-12 12:12:44] generateOTP.INFO: test [] []
[2019-12-12 12:12:44] generateOTP.INFO: test [] []
[2019-12-12 12:12:45] generateOTP.INFO: test [] []
[2019-12-12 12:12:48] generateOTP.INFO: test [] []
[2019-12-12 12:12:49] generateOTP.INFO: test [] []
[2019-12-12 12:12:49] generateOTP.INFO: test [] []
[2019-12-12 12:12:50] generateOTP.INFO: test [] []
[2019-12-12 12:12:50] generateOTP.INFO: test [] []
[2019-12-12 12:12:50] generateOTP.INFO: test [] []
[2019-12-12 12:12:51] generateOTP.INFO: test [] []
[2019-12-12 12:12:53] generateOTP.INFO: test [] []
[2019-12-12 12:12:53] generateOTP.INFO: test [] []
[2019-12-12 12:12:53] generateOTP.INFO: test [] []
[2019-12-12 12:12:56] generateOTP.INFO: test [] []
[2019-12-12 12:12:56] generateOTP.INFO: test [] []
[2019-12-12 12:12:57] generateOTP.INFO: test [] []
[2019-12-12 12:12:57] generateOTP.INFO: test [] []
[2019-12-12 12:12:57] generateOTP.INFO: test [] []
[2019-12-12 12:12:57] generateOTP.INFO: test [] []
[2019-12-12 12:13:02] generateOTP.INFO: test [] []
[2019-12-12 12:13:03] generateOTP.INFO: test [] []
[2019-12-12 12:13:03] generateOTP.INFO: test [] []
[2019-12-12 12:13:03] generateOTP.INFO: test [] []
[2019-12-12 12:13:04] generateOTP.INFO: test [] []
[2019-12-12 12:13:04] generateOTP.INFO: test [] []
[2019-12-12 12:13:04] generateOTP.INFO: test [] []
[2019-12-12 12:13:07] generateOTP.INFO: test [] []
[2019-12-12 12:13:07] generateOTP.INFO: test [] []
[2019-12-12 12:13:08] generateOTP.INFO: test [] []
[2019-12-12 12:13:08] generateOTP.INFO: test [] []
[2019-12-12 12:13:08] generateOTP.INFO: test [] []
[2019-12-12 12:13:08] generateOTP.INFO: test [] []
[2019-12-12 12:13:09] generateOTP.INFO: test [] []
[2019-12-12 12:13:11] generateOTP.INFO: test [] []
[2019-12-12 12:13:12] generateOTP.INFO: test [] []
[2019-12-12 12:13:12] generateOTP.INFO: test [] []
[2019-12-12 12:13:12] generateOTP.INFO: test [] []
[2019-12-12 12:13:15] generateOTP.INFO: test [] []
[2019-12-12 12:13:15] generateOTP.INFO: test [] []
[2019-12-12 12:13:16] generateOTP.INFO: test [] []
[2019-12-12 12:13:16] generateOTP.INFO: test [] []
[2019-12-12 12:13:17] generateOTP.INFO: test [] []
[2019-12-12 12:13:17] generateOTP.INFO: test [] []
[2019-12-12 12:13:20] generateOTP.INFO: test [] []
[2019-12-12 12:13:21] generateOTP.INFO: test [] []
[2019-12-12 12:13:21] generateOTP.INFO: test [] []
[2019-12-12 12:13:21] generateOTP.INFO: test [] []
[2019-12-12 12:13:22] generateOTP.INFO: test [] []
[2019-12-12 12:13:22] generateOTP.INFO: test [] []
[2019-12-12 12:13:22] generateOTP.INFO: test [] []
[2019-12-12 12:13:24] generateOTP.INFO: test [] []
[2019-12-12 12:13:24] generateOTP.INFO: test [] []
[2019-12-12 12:13:24] generateOTP.INFO: test [] []
[2019-12-12 12:13:27] generateOTP.INFO: test [] []
[2019-12-12 12:13:28] generateOTP.INFO: test [] []
[2019-12-12 12:13:28] generateOTP.INFO: test [] []
[2019-12-12 12:16:14] generateOTP.INFO: test [] []
[2019-12-12 12:16:14] generateOTP.INFO: test [] []
[2019-12-12 12:16:14] generateOTP.INFO: test [] []
[2019-12-12 12:16:22] generateOTP.INFO: test [] []
[2019-12-12 12:16:22] generateOTP.INFO: test [] []
[2019-12-12 12:16:22] generateOTP.INFO: test [] []
[2019-12-12 12:16:46] generateOTP.INFO: test [] []
[2019-12-12 12:16:46] generateOTP.INFO: test [] []
[2019-12-12 12:16:47] generateOTP.INFO: test [] []
[2019-12-12 12:16:47] generateOTP.INFO: test [] []
[2019-12-12 12:16:49] generateOTP.INFO: test [] []
[2019-12-12 12:16:50] generateOTP.INFO: test [] []
[2019-12-12 12:16:50] generateOTP.INFO: test [] []
[2019-12-12 12:16:50] generateOTP.INFO: test [] []
[2019-12-12 12:16:52] generateOTP.INFO: test [] []
[2019-12-12 12:16:52] generateOTP.INFO: test [] []
[2019-12-12 12:16:53] generateOTP.INFO: test [] []
[2019-12-12 12:16:56] generateOTP.INFO: test [] []
[2019-12-12 12:16:57] generateOTP.INFO: test [] []
[2019-12-12 12:16:57] generateOTP.INFO: test [] []
[2019-12-12 12:16:57] generateOTP.INFO: test [] []
[2019-12-12 12:16:59] generateOTP.INFO: test [] []
[2019-12-12 12:17:00] generateOTP.INFO: test [] []
[2019-12-12 12:17:00] generateOTP.INFO: test [] []
[2019-12-12 12:17:00] generateOTP.INFO: test [] []
[2019-12-12 12:17:03] generateOTP.INFO: test [] []
[2019-12-12 12:17:03] generateOTP.INFO: test [] []
[2019-12-12 12:17:03] generateOTP.INFO: test [] []
[2019-12-12 12:17:06] generateOTP.INFO: test [] []
[2019-12-12 12:17:07] generateOTP.INFO: test [] []
[2019-12-12 12:17:07] generateOTP.INFO: test [] []
[2019-12-12 12:17:07] generateOTP.INFO: test [] []
[2019-12-12 12:17:10] generateOTP.INFO: test [] []
[2019-12-12 12:17:10] generateOTP.INFO: test [] []
[2019-12-12 12:17:10] generateOTP.INFO: test [] []
[2019-12-12 12:17:11] generateOTP.INFO: test [] []
[2019-12-12 12:17:14] generateOTP.INFO: test [] []
[2019-12-12 12:17:14] generateOTP.INFO: test [] []
[2019-12-12 12:17:14] generateOTP.INFO: test [] []
[2019-12-12 12:17:14] generateOTP.INFO: test [] []
[2019-12-12 12:17:17] generateOTP.INFO: test [] []
[2019-12-12 12:17:17] generateOTP.INFO: test [] []
[2019-12-12 12:17:18] generateOTP.INFO: test [] []
[2019-12-12 12:17:18] generateOTP.INFO: test [] []
[2019-12-12 12:17:20] generateOTP.INFO: test [] []
[2019-12-12 12:17:21] generateOTP.INFO: test [] []
[2019-12-12 12:17:21] generateOTP.INFO: test [] []
[2019-12-12 12:17:21] generateOTP.INFO: test [] []
[2019-12-12 12:17:23] generateOTP.INFO: test [] []
[2019-12-12 12:17:24] generateOTP.INFO: test [] []
[2019-12-12 12:17:24] generateOTP.INFO: test [] []
[2019-12-12 12:17:24] generateOTP.INFO: test [] []
[2019-12-12 12:24:00] generateOTP.INFO: test [] []
[2019-12-12 12:24:00] generateOTP.INFO: test [] []
[2019-12-12 12:24:01] generateOTP.INFO: test [] []
[2019-12-12 12:24:01] generateOTP.INFO: test [] []
[2019-12-12 12:27:39] generateOTP.INFO: test [] []
[2019-12-12 12:27:40] generateOTP.INFO: test [] []
[2019-12-12 12:27:47] generateOTP.INFO: test [] []
[2019-12-12 12:27:47] generateOTP.INFO: test [] []
[2019-12-12 12:28:42] generateOTP.INFO: test [] []
[2019-12-12 12:28:42] generateOTP.INFO: test [] []
[2019-12-12 12:28:48] generateOTP.INFO: test [] []
[2019-12-12 12:28:49] generateOTP.INFO: test [] []
[2019-12-12 12:28:49] generateOTP.INFO: test [] []
[2019-12-12 12:28:49] generateOTP.INFO: test [] []
[2019-12-12 12:29:08] generateOTP.INFO: test [] []
[2019-12-12 12:29:09] generateOTP.INFO: test [] []
[2019-12-12 12:29:09] generateOTP.INFO: test [] []
[2019-12-12 12:29:09] generateOTP.INFO: test [] []
[2019-12-12 12:29:37] generateOTP.INFO: test [] []
[2019-12-12 12:29:37] generateOTP.INFO: test [] []
[2019-12-12 12:29:38] generateOTP.INFO: test [] []
[2019-12-12 12:29:38] generateOTP.INFO: test [] []
[2019-12-12 12:35:18] generateOTP.INFO: test [] []
[2019-12-12 12:35:18] generateOTP.INFO: test [] []
[2019-12-12 12:35:19] generateOTP.INFO: test [] []
[2019-12-12 12:35:30] generateOTP.INFO: test [] []
[2019-12-12 12:36:58] generateOTP.INFO: test [] []
[2019-12-12 12:37:55] generateOTP.INFO: test [] []
[2019-12-12 12:37:57] generateOTP.INFO: test [] []
[2019-12-12 12:37:57] generateOTP.INFO: test [] []
[2019-12-12 12:38:13] generateOTP.INFO: test [] []
[2019-12-12 12:39:11] generateOTP.INFO: test [] []
[2019-12-12 12:39:11] generateOTP.INFO: test [] []
[2019-12-12 12:39:12] generateOTP.INFO: test [] []
[2019-12-12 12:39:48] generateOTP.INFO: test [] []
[2019-12-12 12:40:46] generateOTP.INFO: test [] []
[2019-12-12 12:40:48] generateOTP.INFO: test [] []
[2019-12-12 12:40:49] generateOTP.INFO: test [] []
[2019-12-12 12:40:52] generateOTP.INFO: test [] []
[2019-12-12 12:42:06] generateOTP.INFO: test [] []
[2019-12-12 12:42:26] generateOTP.INFO: test [] []
[2019-12-12 12:42:27] generateOTP.INFO: test [] []
[2019-12-12 12:42:34] generateOTP.INFO: test [] []
[2019-12-12 12:43:00] generateOTP.INFO: test [] []
[2019-12-12 12:43:13] generateOTP.INFO: test [] []
[2019-12-12 12:43:14] generateOTP.INFO: test [] []
[2019-12-12 12:43:15] generateOTP.INFO: test [] []
[2019-12-12 12:43:37] generateOTP.INFO: test [] []
[2019-12-12 12:43:48] generateOTP.INFO: test [] []
[2019-12-12 12:43:49] generateOTP.INFO: test [] []
[2019-12-12 12:43:50] generateOTP.INFO: test [] []
[2019-12-12 12:43:54] generateOTP.INFO: test [] []
[2019-12-12 12:43:55] generateOTP.INFO: test [] []
[2019-12-12 12:43:56] generateOTP.INFO: test [] []
[2019-12-12 12:43:56] generateOTP.INFO: test [] []
[2019-12-12 12:44:01] generateOTP.INFO: test [] []
[2019-12-12 12:44:18] generateOTP.INFO: test [] []
[2019-12-12 12:44:33] generateOTP.INFO: test [] []
[2019-12-12 12:44:33] generateOTP.INFO: test [] []
[2019-12-12 12:44:33] generateOTP.INFO: test [] []
[2019-12-12 12:44:33] generateOTP.INFO: test [] []
[2019-12-12 12:44:38] generateOTP.INFO: test [] []
[2019-12-12 12:46:20] generateOTP.INFO: {"edit":"0","policy_no":"378","subtype_text":"1","sum_insure":"800000","familyConstruct":"2A","tenure":"1 Year","premium":"6699","family_members_id":"0","family_gender":"Male","first_name":"sonalis","last_name":"mohites","family_date_birth":"25-12-1984","age":"34","age_type":"years","family_id":"","s_date":"","marriage_date":"","premium_parent":"","contri_parent":"","policyNo":"378","familyDataType":"undefined","empId":"619570","product":"QBTv5db9151ad1c21","declare":"[]"} [] []
[2019-12-12 12:55:42] generateOTP.INFO: test [] []
[2019-12-12 12:58:33] generateOTP.INFO: test [] []
[2019-12-12 13:45:39] generateOTP.INFO: test [] []
[2019-12-12 13:45:39] generateOTP.INFO: test [] []
[2019-12-12 13:45:43] generateOTP.INFO: test [] []
[2019-12-12 13:45:43] generateOTP.INFO: test [] []
[2019-12-12 13:48:00] generateOTP.INFO: test [] []
[2019-12-12 13:48:01] generateOTP.INFO: test [] []
[2019-12-12 13:48:22] generateOTP.INFO: test [] []
[2019-12-12 13:48:23] generateOTP.INFO: test [] []
[2019-12-12 13:48:24] generateOTP.INFO: test [] []
[2019-12-12 13:48:24] generateOTP.INFO: test [] []
[2019-12-12 14:43:56] generateOTP.INFO: test [] []
[2019-12-12 14:43:57] generateOTP.INFO: test [] []
[2019-12-12 14:44:05] generateOTP.INFO: test [] []
[2019-12-12 14:44:05] generateOTP.INFO: test [] []
[2019-12-12 14:44:06] generateOTP.INFO: test [] []
[2019-12-12 14:46:39] generateOTP.INFO: test [] []
[2019-12-12 14:46:41] generateOTP.INFO: test [] []
[2019-12-12 14:48:54] generateOTP.INFO: test [] []
[2019-12-12 14:48:55] generateOTP.INFO: test [] []
[2019-12-12 14:51:12] generateOTP.INFO: test [] []
[2019-12-12 14:53:39] generateOTP.INFO: test [] []
[2019-12-12 14:54:11] generateOTP.INFO: test [] []
[2019-12-12 14:54:15] generateOTP.INFO: test [] []
[2019-12-12 14:54:17] generateOTP.INFO: test [] []
[2019-12-12 14:54:18] generateOTP.INFO: test [] []
[2019-12-12 14:55:27] generateOTP.INFO: {"edit":"0","policy_no":"378","subtype_text":"1","sum_insure":"800000","familyConstruct":"2A","tenure":"1 Year","premium":"6699","family_members_id":"1","family_gender":"Female","first_name":"sdg","last_name":"gs","family_date_birth":"28-12-1990","age":"28","age_type":"years","family_id":"","s_date":"","marriage_date":"","premium_parent":"","contri_parent":"","policyNo":"378","familyDataType":"undefined","empId":"619572","product":"QBTv5db9151ad1c21","declare":"[]"} [] []
[2019-12-12 14:55:41] generateOTP.INFO: {"edit":"0","policy_no":"378","subtype_text":"1","sum_insure":"800000","familyConstruct":"2A","tenure":"1 Year","premium":"6699","family_members_id":"0","family_gender":"Male","first_name":"saurabh","last_name":"wagh","family_date_birth":"01-12-1982","age":"37","age_type":"years","family_id":"","s_date":"","marriage_date":"","premium_parent":"","contri_parent":"","policyNo":"378","familyDataType":"undefined","empId":"619572","product":"QBTv5db9151ad1c21","declare":"[]"} [] []
[2019-12-12 14:59:56] generateOTP.INFO: test [] []
[2019-12-12 14:59:56] generateOTP.INFO: test [] []
[2019-12-12 14:59:57] generateOTP.INFO: test [] []
[2019-12-12 15:03:05] generateOTP.INFO: test [] []
[2019-12-12 15:04:54] generateOTP.INFO: test [] []
[2019-12-12 15:04:55] generateOTP.INFO: test [] []
[2019-12-12 15:04:56] generateOTP.INFO: test [] []
[2019-12-12 15:04:56] generateOTP.INFO: test [] []
[2019-12-12 15:10:08] generateOTP.INFO: test [] []
[2019-12-12 15:10:08] generateOTP.INFO: test [] []
[2019-12-12 15:10:09] generateOTP.INFO: test [] []
[2019-12-12 15:10:09] generateOTP.INFO: test [] []
[2019-12-12 15:13:08] generateOTP.INFO: test [] []
[2019-12-12 15:13:10] generateOTP.INFO: test [] []
[2019-12-12 15:13:13] generateOTP.INFO: test [] []
[2019-12-12 15:13:16] generateOTP.INFO: test [] []
[2019-12-12 15:20:51] generateOTP.INFO: test [] []
[2019-12-12 15:20:54] generateOTP.INFO: test [] []
[2019-12-12 15:20:55] generateOTP.INFO: test [] []
[2019-12-12 15:21:02] generateOTP.INFO: test [] []
[2019-12-12 15:24:35] generateOTP.INFO: test [] []
[2019-12-12 15:24:36] generateOTP.INFO: test [] []
[2019-12-12 15:24:36] generateOTP.INFO: test [] []
[2019-12-12 15:24:36] generateOTP.INFO: test [] []
[2019-12-12 15:29:40] generateOTP.INFO: test [] []
[2019-12-12 15:29:40] generateOTP.INFO: test [] []
[2019-12-12 15:29:40] generateOTP.INFO: test [] []
[2019-12-12 15:40:42] generateOTP.INFO: test [] []
[2019-12-12 15:40:56] generateOTP.INFO: test [] []
[2019-12-12 15:40:56] generateOTP.INFO: test [] []
[2019-12-12 15:41:33] generateOTP.INFO: test [] []
[2019-12-12 15:41:35] generateOTP.INFO: test [] []
[2019-12-12 15:41:36] generateOTP.INFO: test [] []
[2019-12-12 15:41:36] generateOTP.INFO: test [] []
[2019-12-12 15:41:42] generateOTP.INFO: test [] []
[2019-12-12 15:53:44] generateOTP.INFO: test [] []
[2019-12-12 15:53:45] generateOTP.INFO: test [] []
[2019-12-12 15:53:45] generateOTP.INFO: test [] []
[2019-12-12 15:53:45] generateOTP.INFO: test [] []
[2019-12-12 15:55:27] generateOTP.INFO: test [] []
[2019-12-12 15:55:27] generateOTP.INFO: test [] []
[2019-12-12 15:55:28] generateOTP.INFO: test [] []
[2019-12-12 15:55:29] generateOTP.INFO: test [] []
[2019-12-12 16:23:58] generateOTP.INFO: test [] []
[2019-12-12 16:50:05] generateOTP.INFO: test [] []
[2019-12-12 16:51:40] generateOTP.INFO: test [] []
[2019-12-12 16:51:41] generateOTP.INFO: test [] []
[2019-12-12 16:52:01] generateOTP.INFO: test [] []
[2019-12-12 16:52:05] generateOTP.INFO: test [] []
[2019-12-12 16:52:18] generateOTP.INFO: test [] []
[2019-12-12 16:52:55] generateOTP.INFO: test [] []
[2019-12-12 16:52:58] generateOTP.INFO: test [] []
[2019-12-12 16:54:04] generateOTP.INFO: test [] []
[2019-12-12 16:57:27] generateOTP.INFO: test [] []
[2019-12-12 16:57:28] generateOTP.INFO: test [] []
[2019-12-12 16:57:28] generateOTP.INFO: test [] []
[2019-12-12 16:58:59] generateOTP.INFO: test [] []
[2019-12-12 16:59:09] generateOTP.INFO: test [] []
[2019-12-12 16:59:09] generateOTP.INFO: test [] []
[2019-12-12 16:59:25] generateOTP.INFO: test [] []
[2019-12-12 16:59:25] generateOTP.INFO: test [] []
[2019-12-12 16:59:26] generateOTP.INFO: test [] []
[2019-12-12 17:04:17] generateOTP.INFO: test [] []
[2019-12-12 17:04:36] generateOTP.INFO: test [] []
[2019-12-12 17:05:08] generateOTP.INFO: test [] []
[2019-12-12 17:05:08] generateOTP.INFO: test [] []
[2019-12-12 17:09:28] generateOTP.INFO: test [] []
[2019-12-12 17:09:30] generateOTP.INFO: test [] []
[2019-12-12 17:09:30] generateOTP.INFO: test [] []
[2019-12-12 17:19:49] generateOTP.INFO: test [] []
[2019-12-12 17:24:07] generateOTP.INFO: test [] []
[2019-12-12 17:24:12] generateOTP.INFO: test [] []
[2019-12-12 17:24:17] generateOTP.INFO: test [] []
[2019-12-12 17:24:17] generateOTP.INFO: test [] []
[2019-12-12 17:24:18] generateOTP.INFO: test [] []
[2019-12-12 17:24:18] generateOTP.INFO: test [] []
[2019-12-12 17:24:18] generateOTP.INFO: test [] []
[2019-12-12 17:24:20] generateOTP.INFO: test [] []
[2019-12-12 17:24:20] generateOTP.INFO: test [] []
[2019-12-12 17:24:20] generateOTP.INFO: test [] []
[2019-12-12 17:24:20] generateOTP.INFO: test [] []
[2019-12-12 17:24:21] generateOTP.INFO: test [] []
[2019-12-12 17:25:40] generateOTP.INFO: test [] []
[2019-12-12 17:25:42] generateOTP.INFO: test [] []
[2019-12-12 17:25:42] generateOTP.INFO: test [] []
[2019-12-12 17:26:21] generateOTP.INFO: test [] []
[2019-12-12 17:26:21] generateOTP.INFO: test [] []
[2019-12-12 17:26:22] generateOTP.INFO: test [] []
[2019-12-12 17:27:51] generateOTP.INFO: test [] []
[2019-12-12 17:27:52] generateOTP.INFO: test [] []
[2019-12-12 17:27:53] generateOTP.INFO: test [] []
[2019-12-12 17:28:59] generateOTP.INFO: {"edit":"0","policy_no":"392,393","subtype_text":"1","sum_insure":"500000","familyConstruct":"1A","tenure":"1 Year","family_members_id":"0","family_gender":"Male","first_name":"test","last_name":"BANKING","family_date_birth":"01-11-1989","age":"30","age_type":"years","family_id":"","s_date":"","marriage_date":"","premium_parent":"","contri_parent":"","premium":"8399.9952","policyNo":"392,393","familyDataType":"undefined","empId":"619363","product":"iWL65dcd54d9c5a65","declare":"[]"} [] []
[2019-12-12 17:30:29] generateOTP.INFO: test [] []
[2019-12-12 17:30:29] generateOTP.INFO: test [] []
[2019-12-12 17:30:30] generateOTP.INFO: test [] []
[2019-12-12 17:31:23] generateOTP.INFO: {"edit":"0","policy_no":"392,393","subtype_text":"1","sum_insure":"500000","familyConstruct":"1A","tenure":"1 Year","family_members_id":"0","family_gender":"Female","first_name":"test","last_name":"BANKING","family_date_birth":"01-11-1989","age":"30","age_type":"years","family_id":"","s_date":"","marriage_date":"","premium_parent":"","contri_parent":"","premium":"8399.9952","policyNo":"392,393","familyDataType":"undefined","empId":"619363","product":"iWL65dcd54d9c5a65","declare":"[]"} [] []
[2019-12-12 17:42:40] generateOTP.INFO: test [] []
[2019-12-12 17:42:41] generateOTP.INFO: test [] []
[2019-12-12 17:42:41] generateOTP.INFO: test [] []
[2019-12-12 18:08:47] generateOTP.INFO: test [] []
[2019-12-12 18:08:51] generateOTP.INFO: test [] []
[2019-12-12 18:08:59] generateOTP.INFO: test [] []
[2019-12-12 18:09:00] generateOTP.INFO: test [] []
[2019-12-12 18:09:00] generateOTP.INFO: test [] []
[2019-12-12 18:09:00] generateOTP.INFO: test [] []
[2019-12-12 19:02:50] generateOTP.INFO: test [] []
[2019-12-12 19:02:55] generateOTP.INFO: test [] []
[2019-12-12 19:02:56] generateOTP.INFO: test [] []
[2019-12-12 19:03:03] generateOTP.INFO: test [] []
[2019-12-12 19:03:03] generateOTP.INFO: test [] []
[2019-12-12 19:03:04] generateOTP.INFO: test [] []
[2019-12-12 19:03:04] generateOTP.INFO: test [] []
[2019-12-12 19:03:32] generateOTP.INFO: {"edit":"0","policy_no":"378","subtype_text":"1","sum_insure":"800000","familyConstruct":"1A","tenure":"1 Year","premium":"5799","family_members_id":"0","family_gender":"Male","first_name":"sonalis","last_name":"mohites","family_date_birth":"13-12-1973","age":"45","age_type":"years","family_id":"","s_date":"","marriage_date":"","premium_parent":"","contri_parent":"","policyNo":"378","familyDataType":"undefined","empId":"619578","product":"QBTv5db9151ad1c21","declare":"[]"} [] []
[2019-12-12 19:16:58] generateOTP.INFO: test [] []
[2019-12-12 19:16:59] generateOTP.INFO: test [] []
[2019-12-12 19:17:05] generateOTP.INFO: test [] []
[2019-12-12 19:17:06] generateOTP.INFO: test [] []
[2019-12-12 19:17:06] generateOTP.INFO: test [] []
[2019-12-12 19:17:06] generateOTP.INFO: test [] []
[2019-12-12 20:27:06] generateOTP.INFO: test [] []
[2019-12-12 20:27:20] generateOTP.INFO: test [] []
