[2020-04-13 09:49:32] generateOTP.INFO: test [] []
[2020-04-13 10:20:44] generateOTP.INFO: test [] []
[2020-04-13 10:48:02] generateOTP.INFO: test [] []
[2020-04-13 10:48:10] generateOTP.INFO: test [] []
[2020-04-13 10:48:13] generateOTP.INFO: test [] []
[2020-04-13 10:48:16] generateOTP.INFO: test [] []
[2020-04-13 10:48:50] generateOTP.INFO: test [] []
[2020-04-13 10:48:56] generateOTP.INFO: test [] []
[2020-04-13 10:48:59] generateOTP.INFO: test [] []
[2020-04-13 10:52:29] generateOTP.INFO: test [] []
[2020-04-13 11:04:42] generateOTP.INFO: test [] []
[2020-04-13 11:16:41] generateOTP.INFO: test [] []
[2020-04-13 11:17:30] generateOTP.INFO: test [] []
[2020-04-13 11:17:32] generateOTP.INFO: test [] []
[2020-04-13 11:17:35] generateOTP.INFO: test [] []
[2020-04-13 11:17:50] generateOTP.INFO: test [] []
[2020-04-13 11:18:37] generateOTP.INFO: test [] []
[2020-04-13 11:18:39] generateOTP.INFO: test [] []
[2020-04-13 11:18:41] generateOTP.INFO: test [] []
[2020-04-13 11:38:24] generateOTP.INFO: test [] []
[2020-04-13 11:38:30] generateOTP.INFO: test [] []
[2020-04-13 11:39:40] generateOTP.INFO: test [] []
[2020-04-13 11:59:13] generateOTP.INFO: test [] []
[2020-04-13 12:34:58] generateOTP.INFO: test [] []
[2020-04-13 12:35:05] generateOTP.INFO: test [] []
[2020-04-13 12:35:11] generateOTP.INFO: test [] []
[2020-04-13 12:35:23] generateOTP.INFO: test [] []
[2020-04-13 12:35:29] generateOTP.INFO: test [] []
[2020-04-13 12:35:36] generateOTP.INFO: test [] []
[2020-04-13 12:35:39] generateOTP.INFO: test [] []
[2020-04-13 12:35:49] generateOTP.INFO: test [] []
[2020-04-13 12:37:42] generateOTP.INFO: test [] []
[2020-04-13 12:46:33] generateOTP.INFO: test [] []
[2020-04-13 12:47:07] generateOTP.INFO: test [] []
[2020-04-13 13:17:18] generateOTP.INFO: test [] []
[2020-04-13 13:17:27] generateOTP.INFO: test [] []
[2020-04-13 13:17:28] generateOTP.INFO: test [] []
[2020-04-13 13:18:01] generateOTP.INFO: test [] []
[2020-04-13 13:18:29] generateOTP.INFO: test [] []
[2020-04-13 13:18:31] generateOTP.INFO: test [] []
[2020-04-13 13:22:03] generateOTP.INFO: test [] []
[2020-04-13 13:23:36] generateOTP.INFO: test [] []
[2020-04-13 13:23:51] generateOTP.INFO: test [] []
[2020-04-13 13:23:51] generateOTP.INFO: test [] []
[2020-04-13 13:34:52] generateOTP.INFO: test [] []
[2020-04-13 13:34:52] generateOTP.INFO: test [] []
[2020-04-13 13:36:35] generateOTP.INFO: test [] []
[2020-04-13 13:39:29] generateOTP.INFO: test [] []
[2020-04-13 13:39:29] generateOTP.INFO: test [] []
[2020-04-13 13:39:59] generateOTP.INFO: test [] []
[2020-04-13 13:40:00] generateOTP.INFO: test [] []
[2020-04-13 13:40:07] generateOTP.INFO: test [] []
[2020-04-13 13:40:08] generateOTP.INFO: test [] []
[2020-04-13 13:40:12] generateOTP.INFO: test [] []
[2020-04-13 13:40:18] generateOTP.INFO: test [] []
[2020-04-13 13:40:35] generateOTP.INFO: test [] []
[2020-04-13 13:40:36] generateOTP.INFO: test [] []
[2020-04-13 13:40:41] generateOTP.INFO: test [] []
[2020-04-13 13:40:41] generateOTP.INFO: test [] []
[2020-04-13 13:40:45] generateOTP.INFO: test [] []
[2020-04-13 13:41:04] generateOTP.INFO: test [] []
[2020-04-13 13:44:53] generateOTP.INFO: test [] []
[2020-04-13 13:44:53] generateOTP.INFO: test [] []
[2020-04-13 13:45:05] generateOTP.INFO: test [] []
[2020-04-13 13:45:45] generateOTP.INFO: test [] []
[2020-04-13 13:47:19] generateOTP.INFO: test [] []
[2020-04-13 13:51:38] generateOTP.INFO: test [] []
[2020-04-13 13:54:10] generateOTP.INFO: test [] []
[2020-04-13 13:58:21] generateOTP.INFO: test [] []
[2020-04-13 13:59:34] generateOTP.INFO: test [] []
[2020-04-13 13:59:35] generateOTP.INFO: test [] []
[2020-04-13 14:23:22] generateOTP.INFO: test [] []
[2020-04-13 14:24:36] generateOTP.INFO: test [] []
[2020-04-13 14:26:50] generateOTP.INFO: test [] []
[2020-04-13 14:30:50] generateOTP.INFO: test [] []
[2020-04-13 14:33:06] generateOTP.INFO: test [] []
[2020-04-13 14:35:38] generateOTP.INFO: test [] []
[2020-04-13 14:40:05] generateOTP.INFO: test [] []
[2020-04-13 14:45:13] generateOTP.INFO: test [] []
[2020-04-13 14:48:05] generateOTP.INFO: test [] []
[2020-04-13 14:48:06] generateOTP.INFO: test [] []
[2020-04-13 14:48:16] generateOTP.INFO: test [] []
[2020-04-13 14:48:39] generateOTP.INFO: test [] []
[2020-04-13 14:48:40] generateOTP.INFO: test [] []
[2020-04-13 14:49:40] generateOTP.INFO: test [] []
[2020-04-13 14:53:14] generateOTP.INFO: test [] []
[2020-04-13 14:56:54] generateOTP.INFO: test [] []
[2020-04-13 14:57:08] generateOTP.INFO: test [] []
[2020-04-13 14:58:15] generateOTP.INFO: test [] []
[2020-04-13 14:59:44] generateOTP.INFO: test [] []
[2020-04-13 15:00:55] generateOTP.INFO: test [] []
[2020-04-13 15:00:59] generateOTP.INFO: test [] []
[2020-04-13 15:03:52] generateOTP.INFO: test [] []
[2020-04-13 15:05:38] generateOTP.INFO: test [] []
[2020-04-13 15:18:21] generateOTP.INFO: test [] []
[2020-04-13 15:20:56] generateOTP.INFO: test [] []
[2020-04-13 15:20:57] generateOTP.INFO: test [] []
[2020-04-13 15:22:05] generateOTP.INFO: test [] []
[2020-04-13 15:22:05] generateOTP.INFO: test [] []
[2020-04-13 15:24:35] generateOTP.INFO: test [] []
[2020-04-13 15:25:10] generateOTP.INFO: test [] []
[2020-04-13 15:27:22] generateOTP.INFO: test [] []
[2020-04-13 15:27:42] generateOTP.INFO: test [] []
[2020-04-13 15:27:43] generateOTP.INFO: test [] []
[2020-04-13 15:28:59] generateOTP.INFO: test [] []
[2020-04-13 15:30:16] generateOTP.INFO: test [] []
[2020-04-13 15:30:18] generateOTP.INFO: test [] []
[2020-04-13 15:30:54] generateOTP.INFO: test [] []
[2020-04-13 15:31:05] generateOTP.INFO: test [] []
[2020-04-13 15:32:02] generateOTP.INFO: test [] []
[2020-04-13 15:32:02] generateOTP.INFO: test [] []
[2020-04-13 15:32:12] generateOTP.INFO: test [] []
[2020-04-13 15:34:28] generateOTP.INFO: test [] []
[2020-04-13 15:34:28] generateOTP.INFO: test [] []
[2020-04-13 15:34:40] generateOTP.INFO: test [] []
[2020-04-13 15:34:40] generateOTP.INFO: test [] []
[2020-04-13 15:34:42] generateOTP.INFO: test [] []
[2020-04-13 15:35:00] generateOTP.INFO: test [] []
[2020-04-13 15:35:09] generateOTP.INFO: test [] []
[2020-04-13 15:36:58] generateOTP.INFO: test [] []
[2020-04-13 15:36:59] generateOTP.INFO: test [] []
[2020-04-13 15:37:01] generateOTP.INFO: test [] []
[2020-04-13 15:37:09] generateOTP.INFO: test [] []
[2020-04-13 15:37:23] generateOTP.INFO: test [] []
[2020-04-13 15:37:29] generateOTP.INFO: test [] []
[2020-04-13 15:37:33] generateOTP.INFO: test [] []
[2020-04-13 15:37:35] generateOTP.INFO: test [] []
[2020-04-13 15:37:55] generateOTP.INFO: test [] []
[2020-04-13 15:38:30] generateOTP.INFO: test [] []
[2020-04-13 15:38:30] generateOTP.INFO: test [] []
[2020-04-13 15:38:43] generateOTP.INFO: test [] []
[2020-04-13 15:39:03] generateOTP.INFO: test [] []
[2020-04-13 15:43:39] generateOTP.INFO: test [] []
[2020-04-13 15:45:20] generateOTP.INFO: test [] []
[2020-04-13 15:46:45] generateOTP.INFO: test [] []
[2020-04-13 15:46:45] generateOTP.INFO: test [] []
[2020-04-13 15:47:57] generateOTP.INFO: {"edit":"0","policy_no":"392,393","subtype_text":"1","sum_insure":"500000","familyConstruct":"1A","tenure":"1 Year","family_members_id":"0","family_gender":"Male","first_name":"test","last_name":"BANKING","family_date_birth":"19-12-1988","age":"31","age_type":"years","family_id":"","s_date":"","marriage_date":"","premium_parent":"","contri_parent":"","premium":"11102","policyNo":"392,393","familyDataType":"undefined","empId":"620256","product":"iWL65dcd54d9c5a65","declare":"[]"} [] []
[2020-04-13 15:48:28] generateOTP.INFO: test [] []
[2020-04-13 15:50:41] generateOTP.INFO: test [] []
[2020-04-13 15:50:44] generateOTP.INFO: test [] []
[2020-04-13 15:51:38] generateOTP.INFO: test [] []
[2020-04-13 15:51:50] generateOTP.INFO: test [] []
[2020-04-13 15:52:03] generateOTP.INFO: test [] []
[2020-04-13 15:52:04] generateOTP.INFO: test [] []
[2020-04-13 15:52:13] generateOTP.INFO: test [] []
[2020-04-13 15:52:24] generateOTP.INFO: test [] []
[2020-04-13 15:52:27] generateOTP.INFO: test [] []
[2020-04-13 15:52:28] generateOTP.INFO: test [] []
[2020-04-13 15:53:34] generateOTP.INFO: test [] []
[2020-04-13 15:55:04] generateOTP.INFO: test [] []
[2020-04-13 15:55:08] generateOTP.INFO: test [] []
[2020-04-13 15:55:20] generateOTP.INFO: test [] []
[2020-04-13 15:55:20] generateOTP.INFO: test [] []
[2020-04-13 15:57:42] generateOTP.INFO: test [] []
[2020-04-13 15:57:42] generateOTP.INFO: test [] []
[2020-04-13 15:58:30] generateOTP.INFO: test [] []
[2020-04-13 15:59:16] generateOTP.INFO: test [] []
[2020-04-13 15:59:23] generateOTP.INFO: test [] []
[2020-04-13 15:59:46] generateOTP.INFO: test [] []
[2020-04-13 15:59:47] generateOTP.INFO: test [] []
[2020-04-13 16:00:27] generateOTP.INFO: test [] []
[2020-04-13 16:00:46] generateOTP.INFO: test [] []
[2020-04-13 16:00:47] generateOTP.INFO: test [] []
[2020-04-13 16:01:43] documentsSave.INFO: {"ops_type":"[\"0\",\"Y\"]","ids":"103,104"} [] []
[2020-04-13 16:01:43] documentsSaveFiles.INFO: [{"name":"Penguins.jpg","type":"image\/jpeg","tmp_name":"\/tmp\/phpfFi74Q","error":0,"size":777835},{"name":"Tulips.jpg","type":"image\/jpeg","tmp_name":"\/tmp\/phpob5awv","error":0,"size":620888}] [] []
[2020-04-13 16:02:27] generateOTP.INFO: test [] []
[2020-04-13 16:03:54] generateOTP.INFO: test [] []
[2020-04-13 16:04:36] generateOTP.INFO: test [] []
[2020-04-13 16:05:33] generateOTP.INFO: test [] []
[2020-04-13 16:05:33] generateOTP.INFO: test [] []
[2020-04-13 16:05:43] generateOTP.INFO: test [] []
[2020-04-13 16:05:55] generateOTP.INFO: test [] []
[2020-04-13 16:05:55] generateOTP.INFO: test [] []
[2020-04-13 16:05:58] generateOTP.INFO: test [] []
[2020-04-13 16:06:07] generateOTP.INFO: test [] []
[2020-04-13 16:06:09] generateOTP.INFO: test [] []
[2020-04-13 16:08:22] generateOTP.INFO: test [] []
[2020-04-13 16:08:55] generateOTP.INFO: test [] []
[2020-04-13 16:09:16] generateOTP.INFO: test [] []
[2020-04-13 16:09:17] generateOTP.INFO: test [] []
[2020-04-13 16:11:49] generateOTP.INFO: test [] []
[2020-04-13 16:25:01] generateOTP.INFO: test [] []
[2020-04-13 16:31:17] generateOTP.INFO: {"edit":"0","policy_no":"392,393","subtype_text":"1","sum_insure":"500000","familyConstruct":"1A","tenure":"1 Year","family_members_id":"0","family_gender":"Male","first_name":"test","last_name":"BANKING","family_date_birth":"19-12-1988","age":"31","age_type":"years","family_id":"","s_date":"","marriage_date":"","premium_parent":"","contri_parent":"","premium":"11102","policyNo":"392,393","familyDataType":"undefined","empId":"620257","product":"iWL65dcd54d9c5a65","declare":"[]"} [] []
[2020-04-13 16:32:01] documentsSave.INFO: {"ops_type":"[\"0\",\"Y\"]","ids":"105,106"} [] []
[2020-04-13 16:32:01] documentsSaveFiles.INFO: [{"name":"Tulips.jpg","type":"image\/jpeg","tmp_name":"\/tmp\/phpufxL13","error":0,"size":620888},{"name":"Koala.jpg","type":"image\/jpeg","tmp_name":"\/tmp\/phpzCo85T","error":0,"size":780831}] [] []
[2020-04-13 16:32:03] generateOTP.INFO: test [] []
[2020-04-13 16:36:49] generateOTP.INFO: test [] []
[2020-04-13 16:40:37] generateOTP.INFO: test [] []
[2020-04-13 16:40:37] generateOTP.INFO: test [] []
[2020-04-13 16:40:52] generateOTP.INFO: {"edit":"0","policy_no":"392,393","subtype_text":"1","sum_insure":"500000","familyConstruct":"1A","tenure":"1 Year","family_members_id":"0","family_gender":"Male","first_name":"test","last_name":"BANKING","family_date_birth":"19-12-1988","age":"31","age_type":"years","family_id":"","s_date":"","marriage_date":"","premium_parent":"","contri_parent":"","premium":"11102","policyNo":"392,393","familyDataType":"undefined","empId":"620258","product":"iWL65dcd54d9c5a65","declare":"[]"} [] []
[2020-04-13 16:41:20] documentsSave.INFO: {"ops_type":"[\"0\",\"Y\"]","ids":"107,108"} [] []
[2020-04-13 16:41:20] documentsSaveFiles.INFO: [{"name":"Penguins.jpg","type":"image\/jpeg","tmp_name":"\/tmp\/php725NdB","error":0,"size":777835},{"name":"Tulips.jpg","type":"image\/jpeg","tmp_name":"\/tmp\/phpJ8SXjZ","error":0,"size":620888}] [] []
[2020-04-13 16:41:22] generateOTP.INFO: test [] []
[2020-04-13 16:41:33] generateOTP.INFO: test [] []
[2020-04-13 16:41:39] generateOTP.INFO: test [] []
[2020-04-13 16:52:23] generateOTP.INFO: test [] []
[2020-04-13 16:52:24] generateOTP.INFO: test [] []
[2020-04-13 16:54:10] generateOTP.INFO: {"edit":"0","policy_no":"392,393","subtype_text":"1","sum_insure":"500000","familyConstruct":"1A","tenure":"1 Year","family_members_id":"0","family_gender":"Male","first_name":"sonal","last_name":"BANKING","family_date_birth":"19-12-1988","age":"31","age_type":"years","family_id":"","s_date":"","marriage_date":"","premium_parent":"","contri_parent":"","premium":"11102","policyNo":"392,393","familyDataType":"undefined","empId":"620259","product":"iWL65dcd54d9c5a65","declare":"[]"} [] []
[2020-04-13 16:54:44] documentsSave.INFO: {"ops_type":"[\"0\",\"Y\"]","ids":"109,110"} [] []
[2020-04-13 16:54:44] documentsSaveFiles.INFO: [{"name":"Lighthouse.jpg","type":"image\/jpeg","tmp_name":"\/tmp\/phpSswylb","error":0,"size":561276},{"name":"Tulips.jpg","type":"image\/jpeg","tmp_name":"\/tmp\/phpD5wFQr","error":0,"size":620888}] [] []
[2020-04-13 17:03:42] generateOTP.INFO: test [] []
[2020-04-13 17:03:53] generateOTP.INFO: test [] []
[2020-04-13 17:03:55] generateOTP.INFO: test [] []
[2020-04-13 17:04:42] generateOTP.INFO: test [] []
[2020-04-13 17:05:43] generateOTP.INFO: test [] []
[2020-04-13 17:16:49] generateOTP.INFO: test [] []
[2020-04-13 17:20:02] generateOTP.INFO: test [] []
[2020-04-13 17:20:06] generateOTP.INFO: test [] []
[2020-04-13 17:20:07] generateOTP.INFO: test [] []
[2020-04-13 17:20:29] generateOTP.INFO: test [] []
[2020-04-13 17:21:55] generateOTP.INFO: test [] []
[2020-04-13 17:22:26] generateOTP.INFO: test [] []
[2020-04-13 17:22:57] generateOTP.INFO: test [] []
[2020-04-13 17:22:58] generateOTP.INFO: test [] []
[2020-04-13 17:23:10] generateOTP.INFO: test [] []
[2020-04-13 17:23:10] generateOTP.INFO: test [] []
[2020-04-13 17:23:17] generateOTP.INFO: test [] []
[2020-04-13 17:41:44] generateOTP.INFO: test [] []
[2020-04-13 17:41:44] generateOTP.INFO: test [] []
[2020-04-13 17:41:53] generateOTP.INFO: {"edit":"0","policy_no":"392,393","subtype_text":"1","sum_insure":"500000","familyConstruct":"1A","tenure":"1 Year","family_members_id":"0","family_gender":"Male","first_name":"test","last_name":"BANKING","family_date_birth":"19-12-1988","age":"31","age_type":"years","family_id":"","s_date":"","marriage_date":"","premium_parent":"","contri_parent":"","premium":"11102","policyNo":"392,393","familyDataType":"undefined","empId":"620260","product":"iWL65dcd54d9c5a65","declare":"[]"} [] []
[2020-04-13 17:42:26] documentsSave.INFO: {"ops_type":"[\"0\",\"Y\"]","ids":"111,112"} [] []
[2020-04-13 17:42:26] documentsSaveFiles.INFO: [{"name":"Penguins.jpg","type":"image\/jpeg","tmp_name":"\/tmp\/php4acUsC","error":0,"size":777835},{"name":"Tulips.jpg","type":"image\/jpeg","tmp_name":"\/tmp\/phpvZ1jg3","error":0,"size":620888}] [] []
[2020-04-13 17:43:11] generateOTP.INFO: test [] []
[2020-04-13 17:43:18] generateOTP.INFO: test [] []
[2020-04-13 17:43:19] generateOTP.INFO: test [] []
[2020-04-13 17:44:22] generateOTP.INFO: test [] []
[2020-04-13 17:47:34] generateOTP.INFO: test [] []
[2020-04-13 17:49:07] generateOTP.INFO: test [] []
[2020-04-13 17:50:50] generateOTP.INFO: test [] []
[2020-04-13 17:56:09] generateOTP.INFO: test [] []
[2020-04-13 17:57:23] generateOTP.INFO: test [] []
[2020-04-13 17:57:35] generateOTP.INFO: test [] []
[2020-04-13 17:57:36] generateOTP.INFO: test [] []
[2020-04-13 17:57:43] generateOTP.INFO: {"edit":"0","policy_no":"392,393","subtype_text":"1","sum_insure":"500000","familyConstruct":"1A","tenure":"1 Year","family_members_id":"0","family_gender":"Male","first_name":"test","last_name":"BANKING","family_date_birth":"19-12-1988","age":"31","age_type":"years","family_id":"","s_date":"","marriage_date":"","premium_parent":"","contri_parent":"","premium":"11102","policyNo":"392,393","familyDataType":"undefined","empId":"620261","product":"iWL65dcd54d9c5a65","declare":"[]"} [] []
[2020-04-13 17:58:10] documentsSave.INFO: {"ops_type":"[\"0\",\"Y\"]","ids":"113,114"} [] []
[2020-04-13 17:58:10] documentsSaveFiles.INFO: [{"name":"Penguins.jpg","type":"image\/jpeg","tmp_name":"\/tmp\/php3Lcjs8","error":0,"size":777835},{"name":"Tulips.jpg","type":"image\/jpeg","tmp_name":"\/tmp\/phpt7Yfz6","error":0,"size":620888}] [] []
[2020-04-13 17:59:41] generateOTP.INFO: test [] []
[2020-04-13 18:00:01] generateOTP.INFO: test [] []
[2020-04-13 18:00:24] generateOTP.INFO: test [] []
[2020-04-13 18:00:26] generateOTP.INFO: test [] []
[2020-04-13 18:00:36] generateOTP.INFO: test [] []
[2020-04-13 18:00:38] generateOTP.INFO: test [] []
[2020-04-13 18:00:45] generateOTP.INFO: test [] []
[2020-04-13 18:00:46] generateOTP.INFO: test [] []
[2020-04-13 18:00:50] generateOTP.INFO: test [] []
[2020-04-13 18:00:54] generateOTP.INFO: test [] []
[2020-04-13 18:02:06] generateOTP.INFO: test [] []
[2020-04-13 18:02:22] generateOTP.INFO: test [] []
[2020-04-13 18:02:41] generateOTP.INFO: test [] []
[2020-04-13 18:02:45] generateOTP.INFO: test [] []
[2020-04-13 18:03:10] generateOTP.INFO: test [] []
[2020-04-13 18:03:25] generateOTP.INFO: test [] []
[2020-04-13 18:06:23] generateOTP.INFO: test [] []
[2020-04-13 18:06:38] generateOTP.INFO: {"edit":"0","policy_no":"392,393","subtype_text":"1","sum_insure":"500000","familyConstruct":"1A","tenure":"1 Year","family_members_id":"0","family_gender":"Male","first_name":"test","last_name":"BANKING","family_date_birth":"19-12-1988","age":"31","age_type":"years","family_id":"","s_date":"","marriage_date":"","premium_parent":"","contri_parent":"","premium":"11102","policyNo":"392,393","familyDataType":"undefined","empId":"620262","product":"iWL65dcd54d9c5a65","declare":"[]"} [] []
[2020-04-13 18:07:11] generateOTP.INFO: test [] []
[2020-04-13 18:07:13] generateOTP.INFO: test [] []
[2020-04-13 18:07:57] documentsSave.INFO: {"ops_type":"[\"0\",\"Y\"]","ids":"115,116"} [] []
[2020-04-13 18:07:57] documentsSaveFiles.INFO: [{"name":"Chrysanthemum.jpg","type":"image\/jpeg","tmp_name":"\/tmp\/phpOqYesG","error":0,"size":879394},{"name":"Desert.jpg","type":"image\/jpeg","tmp_name":"\/tmp\/php8m1HxC","error":0,"size":845941}] [] []
[2020-04-13 18:19:14] generateOTP.INFO: test [] []
[2020-04-13 18:31:32] generateOTP.INFO: test [] []
[2020-04-13 18:31:32] generateOTP.INFO: test [] []
[2020-04-13 18:31:39] generateOTP.INFO: {"edit":"0","policy_no":"392,393","subtype_text":"1","sum_insure":"500000","familyConstruct":"1A","tenure":"1 Year","family_members_id":"0","family_gender":"Male","first_name":"test","last_name":"BANKING","family_date_birth":"19-12-1988","age":"31","age_type":"years","family_id":"","s_date":"","marriage_date":"","premium_parent":"","contri_parent":"","premium":"11102","policyNo":"392,393","familyDataType":"undefined","empId":"620263","product":"iWL65dcd54d9c5a65","declare":"[]"} [] []
[2020-04-13 18:32:13] documentsSave.INFO: {"ops_type":"[\"0\",\"Y\"]","ids":"117,118"} [] []
[2020-04-13 18:32:13] documentsSaveFiles.INFO: [{"name":"Lighthouse.jpg","type":"image\/jpeg","tmp_name":"\/tmp\/phpnILtjB","error":0,"size":561276},{"name":"Tulips.jpg","type":"image\/jpeg","tmp_name":"\/tmp\/phpRlbZ0X","error":0,"size":620888}] [] []
[2020-04-13 18:38:15] generateOTP.INFO: test [] []
[2020-04-13 18:41:24] generateOTP.INFO: test [] []
[2020-04-13 18:44:27] generateOTP.INFO: test [] []
[2020-04-13 18:45:04] generateOTP.INFO: test [] []
[2020-04-13 18:45:06] generateOTP.INFO: test [] []
[2020-04-13 18:45:13] generateOTP.INFO: {"edit":"0","policy_no":"392,393","subtype_text":"1","sum_insure":"500000","familyConstruct":"1A","tenure":"1 Year","family_members_id":"0","family_gender":"Male","first_name":"test","last_name":"BANKING","family_date_birth":"19-12-1988","age":"31","age_type":"years","family_id":"","s_date":"","marriage_date":"","premium_parent":"","contri_parent":"","premium":"11102","policyNo":"392,393","familyDataType":"undefined","empId":"620264","product":"iWL65dcd54d9c5a65","declare":"[]"} [] []
[2020-04-13 18:45:37] generateOTP.INFO: {"edit":"0","policy_no":"392,393","subtype_text":"1","sum_insure":"500000","familyConstruct":"1A","tenure":"1 Year","family_members_id":"0","family_gender":"Male","first_name":"test","last_name":"BANKING","family_date_birth":"19-12-1988","age":"31","age_type":"years","family_id":"","s_date":"","marriage_date":"","premium_parent":"","contri_parent":"","premium":"11102","policyNo":"392,393","familyDataType":"undefined","empId":"620264","product":"iWL65dcd54d9c5a65","declare":"[]"} [] []
[2020-04-13 18:46:04] documentsSave.INFO: {"ops_type":"[\"0\",\"Y\"]","ids":"119,120"} [] []
[2020-04-13 18:46:04] documentsSaveFiles.INFO: [{"name":"Lighthouse.jpg","type":"image\/jpeg","tmp_name":"\/tmp\/phpUTW6g2","error":0,"size":561276},{"name":"Koala.jpg","type":"image\/jpeg","tmp_name":"\/tmp\/php9QUdAQ","error":0,"size":780831}] [] []
[2020-04-13 18:49:10] generateOTP.INFO: test [] []
[2020-04-13 18:49:40] generateOTP.INFO: test [] []
[2020-04-13 18:49:40] generateOTP.INFO: test [] []
[2020-04-13 18:49:47] generateOTP.INFO: {"edit":"0","policy_no":"392,393","subtype_text":"1","sum_insure":"500000","familyConstruct":"1A","tenure":"1 Year","family_members_id":"0","family_gender":"Male","first_name":"test","last_name":"BANKING","family_date_birth":"19-12-1988","age":"31","age_type":"years","family_id":"","s_date":"","marriage_date":"","premium_parent":"","contri_parent":"","premium":"11102","policyNo":"392,393","familyDataType":"undefined","empId":"620265","product":"iWL65dcd54d9c5a65","declare":"[]"} [] []
[2020-04-13 18:50:13] documentsSave.INFO: {"ops_type":"[\"0\",\"Y\"]","ids":"121,122"} [] []
[2020-04-13 18:50:13] documentsSaveFiles.INFO: [{"name":"Tulips.jpg","type":"image\/jpeg","tmp_name":"\/tmp\/phpMiRUy4","error":0,"size":620888},{"name":"Koala.jpg","type":"image\/jpeg","tmp_name":"\/tmp\/phpawbvar","error":0,"size":780831}] [] []
[2020-04-13 18:56:20] generateOTP.INFO: test [] []
[2020-04-13 18:56:22] generateOTP.INFO: test [] []
[2020-04-13 18:56:28] generateOTP.INFO: {"edit":"0","policy_no":"392,393","subtype_text":"1","sum_insure":"500000","familyConstruct":"1A","tenure":"1 Year","family_members_id":"0","family_gender":"Male","first_name":"test","last_name":"BANKING","family_date_birth":"19-12-1988","age":"31","age_type":"years","family_id":"","s_date":"","marriage_date":"","premium_parent":"","contri_parent":"","premium":"11102","policyNo":"392,393","familyDataType":"undefined","empId":"620266","product":"iWL65dcd54d9c5a65","declare":"[]"} [] []
[2020-04-13 18:56:57] documentsSave.INFO: {"ops_type":"[\"0\",\"Y\"]","ids":"123,124"} [] []
[2020-04-13 18:56:57] documentsSaveFiles.INFO: [{"name":"Tulips.jpg","type":"image\/jpeg","tmp_name":"\/tmp\/phpC71yrH","error":0,"size":620888},{"name":"Koala.jpg","type":"image\/jpeg","tmp_name":"\/tmp\/php2jJC99","error":0,"size":780831}] [] []
[2020-04-13 19:00:37] generateOTP.INFO: test [] []
[2020-04-13 19:02:28] generateOTP.INFO: test [] []
[2020-04-13 19:04:38] generateOTP.INFO: test [] []
[2020-04-13 19:04:46] generateOTP.INFO: test [] []
[2020-04-13 19:04:47] generateOTP.INFO: test [] []
[2020-04-13 19:05:00] generateOTP.INFO: test [] []
[2020-04-13 19:05:01] generateOTP.INFO: test [] []
[2020-04-13 19:05:13] generateOTP.INFO: test [] []
[2020-04-13 19:05:14] generateOTP.INFO: test [] []
[2020-04-13 23:05:36] generateOTP.INFO: test [] []
[2020-04-13 23:05:37] generateOTP.INFO: test [] []
[2020-04-13 23:06:02] generateOTP.INFO: test [] []
[2020-04-13 23:06:03] generateOTP.INFO: test [] []
[2020-04-13 23:06:38] generateOTP.INFO: test [] []
[2020-04-13 23:06:38] generateOTP.INFO: test [] []
[2020-04-13 23:06:56] generateOTP.INFO: test [] []
[2020-04-13 23:06:57] generateOTP.INFO: test [] []
[2020-04-13 23:07:34] generateOTP.INFO: test [] []
[2020-04-13 23:07:34] generateOTP.INFO: test [] []
[2020-04-13 23:08:24] generateOTP.INFO: test [] []
[2020-04-13 23:08:24] generateOTP.INFO: test [] []
[2020-04-13 23:09:00] generateOTP.INFO: test [] []
[2020-04-13 23:09:03] generateOTP.INFO: test [] []
[2020-04-13 23:10:20] generateOTP.INFO: test [] []
[2020-04-13 23:10:20] generateOTP.INFO: test [] []
[2020-04-13 23:10:57] generateOTP.INFO: test [] []
[2020-04-13 23:10:57] generateOTP.INFO: test [] []
[2020-04-13 23:20:33] generateOTP.INFO: test [] []
[2020-04-13 23:20:34] generateOTP.INFO: test [] []
[2020-04-13 23:20:48] generateOTP.INFO: {"edit":"0","policy_no":"392,393","subtype_text":"1","sum_insure":"500000","familyConstruct":"2A","tenure":"1 Year","family_members_id":"0","family_gender":"Male","first_name":"test","last_name":"BANKING","family_date_birth":"19-12-1988","age":"31","age_type":"years","family_id":"","s_date":"","marriage_date":"","premium_parent":"","contri_parent":"","premium":"14605","policyNo":"392,393","familyDataType":"undefined","empId":"620268","product":"iWL65dcd54d9c5a65","declare":"[]"} [] []
[2020-04-13 23:20:56] generateOTP.INFO: {"edit":"0","policy_no":"392,393","subtype_text":"1","sum_insure":"500000","familyConstruct":"2A","tenure":"1 Year","family_members_id":"1","family_gender":"Female","first_name":"ccc","last_name":"cc","family_date_birth":"03-04-1980","age":"40","age_type":"years","family_id":"","s_date":"","marriage_date":"","premium_parent":"","contri_parent":"","premium":"14605","policyNo":"392,393","familyDataType":"undefined","empId":"620268","product":"iWL65dcd54d9c5a65","declare":"[]"} [] []
[2020-04-13 23:21:36] documentsSave.INFO: {"ops_type":"[\"0\",\"Y\"]","ids":"125,126"} [] []
[2020-04-13 23:21:36] documentsSaveFiles.INFO: [{"name":"Penguins.jpg","type":"image\/jpeg","tmp_name":"\/tmp\/phpUx4Qmg","error":0,"size":777835},{"name":"Koala.jpg","type":"image\/jpeg","tmp_name":"\/tmp\/phphErZLk","error":0,"size":780831}] [] []
