[2022-04-13 01:19:56] generateOTP.INFO: test [] []
[2022-04-13 04:58:08] generateOTP.INFO: test [] []
[2022-04-13 05:41:52] generateOTP.INFO: test [] []
[2022-04-13 05:41:53] generateOTP.INFO: test [] []
[2022-04-13 05:43:25] generateOTP.INFO: test [] []
[2022-04-13 05:46:35] generateOTP.INFO: test [] []
[2022-04-13 05:46:54] generateOTP.INFO: test [] []
[2022-04-13 05:56:52] generateOTP.INFO: test [] []
[2022-04-13 06:05:07] generateOTP.INFO: test [] []
[2022-04-13 06:07:42] generateOTP.INFO: test [] []
[2022-04-13 06:10:22] generateOTP.INFO: test [] []
[2022-04-13 06:10:23] generateOTP.INFO: test [] []
[2022-04-13 06:10:25] generateOTP.INFO: test [] []
[2022-04-13 06:10:43] generateOTP.INFO: test [] []
[2022-04-13 06:11:05] generateOTP.INFO: test [] []
[2022-04-13 06:11:55] generateOTP.INFO: test [] []
[2022-04-13 06:12:24] generateOTP.INFO: test [] []
[2022-04-13 06:15:54] generateOTP.INFO: test [] []
[2022-04-13 06:17:10] generateOTP.INFO: test [] []
[2022-04-13 06:17:11] generateOTP.INFO: test [] []
[2022-04-13 06:17:30] generateOTP.INFO: test [] []
[2022-04-13 06:17:43] generateOTP.INFO: test [] []
[2022-04-13 06:17:50] generateOTP.INFO: test [] []
[2022-04-13 06:18:01] generateOTP.INFO: test [] []
[2022-04-13 09:57:09] generateOTP.INFO: test [] []
[2022-04-13 09:57:09] generateOTP.INFO: test [] []
[2022-04-13 09:59:55] generateOTP.INFO: test [] []
[2022-04-13 10:00:06] generateOTP.INFO: test [] []
[2022-04-13 10:00:34] generateOTP.INFO: test [] []
[2022-04-13 10:00:46] generateOTP.INFO: test [] []
[2022-04-13 10:06:48] generateOTP.INFO: test [] []
[2022-04-13 10:06:48] generateOTP.INFO: test [] []
[2022-04-13 10:07:04] generateOTP.INFO: test [] []
[2022-04-13 10:12:05] generateOTP.INFO: test [] []
[2022-04-13 10:12:29] generateOTP.INFO: test [] []
[2022-04-13 10:12:30] generateOTP.INFO: test [] []
[2022-04-13 10:21:00] generateOTP.INFO: test [] []
[2022-04-13 10:21:25] generateOTP.INFO: test [] []
[2022-04-13 10:21:32] generateOTP.INFO: test [] []
[2022-04-13 10:27:51] generateOTP.INFO: test [] []
[2022-04-13 10:27:52] generateOTP.INFO: test [] []
[2022-04-13 10:28:12] generateOTP.INFO: test [] []
[2022-04-13 10:28:23] generateOTP.INFO: test [] []
[2022-04-13 10:30:46] generateOTP.INFO: test [] []
[2022-04-13 10:33:54] generateOTP.INFO: test [] []
[2022-04-13 10:35:32] generateOTP.INFO: test [] []
[2022-04-13 10:35:33] generateOTP.INFO: test [] []
[2022-04-13 10:35:58] generateOTP.INFO: test [] []
[2022-04-13 10:37:33] generateOTP.INFO: test [] []
[2022-04-13 10:38:03] generateOTP.INFO: test [] []
[2022-04-13 10:38:04] generateOTP.INFO: test [] []
[2022-04-13 10:38:25] generateOTP.INFO: test [] []
[2022-04-13 10:38:52] generateOTP.INFO: test [] []
[2022-04-13 10:39:03] generateOTP.INFO: test [] []
[2022-04-13 10:41:15] generateOTP.INFO: test [] []
[2022-04-13 10:47:41] generateOTP.INFO: test [] []
[2022-04-13 10:47:42] generateOTP.INFO: test [] []
[2022-04-13 10:48:09] generateOTP.INFO: test [] []
[2022-04-13 10:48:09] generateOTP.INFO: test [] []
[2022-04-13 10:48:34] generateOTP.INFO: test [] []
[2022-04-13 10:49:40] generateOTP.INFO: test [] []
[2022-04-13 10:49:44] generateOTP.INFO: test [] []
[2022-04-13 10:50:07] generateOTP.INFO: test [] []
[2022-04-13 10:51:18] generateOTP.INFO: test [] []
[2022-04-13 10:51:20] generateOTP.INFO: test [] []
[2022-04-13 10:52:38] generateOTP.INFO: test [] []
[2022-04-13 10:52:39] generateOTP.INFO: test [] []
[2022-04-13 10:53:14] generateOTP.INFO: test [] []
[2022-04-13 10:53:14] generateOTP.INFO: test [] []
[2022-04-13 10:54:47] generateOTP.INFO: test [] []
[2022-04-13 10:54:47] generateOTP.INFO: test [] []
[2022-04-13 10:55:01] generateOTP.INFO: test [] []
[2022-04-13 10:55:04] generateOTP.INFO: test [] []
[2022-04-13 10:55:05] generateOTP.INFO: test [] []
[2022-04-13 10:55:20] generateOTP.INFO: test [] []
[2022-04-13 10:55:21] generateOTP.INFO: test [] []
[2022-04-13 10:55:34] generateOTP.INFO: test [] []
[2022-04-13 10:56:10] generateOTP.INFO: test [] []
[2022-04-13 10:56:12] generateOTP.INFO: test [] []
[2022-04-13 10:57:43] generateOTP.INFO: test [] []
[2022-04-13 10:57:45] generateOTP.INFO: test [] []
[2022-04-13 10:57:46] generateOTP.INFO: test [] []
[2022-04-13 10:57:58] generateOTP.INFO: test [] []
[2022-04-13 10:58:08] generateOTP.INFO: test [] []
[2022-04-13 10:58:26] generateOTP.INFO: test [] []
[2022-04-13 10:58:27] generateOTP.INFO: test [] []
[2022-04-13 10:58:35] generateOTP.INFO: test [] []
[2022-04-13 10:59:27] generateOTP.INFO: test [] []
[2022-04-13 10:59:49] generateOTP.INFO: test [] []
[2022-04-13 10:59:49] generateOTP.INFO: test [] []
[2022-04-13 10:59:55] generateOTP.INFO: test [] []
[2022-04-13 10:59:55] generateOTP.INFO: test [] []
[2022-04-13 11:00:02] generateOTP.INFO: test [] []
[2022-04-13 11:01:28] generateOTP.INFO: test [] []
[2022-04-13 11:01:41] generateOTP.INFO: test [] []
[2022-04-13 11:01:45] generateOTP.INFO: test [] []
[2022-04-13 11:01:45] generateOTP.INFO: test [] []
[2022-04-13 11:01:51] generateOTP.INFO: test [] []
[2022-04-13 11:01:52] generateOTP.INFO: test [] []
[2022-04-13 11:01:54] generateOTP.INFO: test [] []
[2022-04-13 11:02:03] generateOTP.INFO: test [] []
[2022-04-13 11:02:06] generateOTP.INFO: test [] []
[2022-04-13 11:02:25] generateOTP.INFO: test [] []
[2022-04-13 11:02:33] generateOTP.INFO: test [] []
[2022-04-13 11:02:37] generateOTP.INFO: test [] []
[2022-04-13 11:02:37] generateOTP.INFO: test [] []
[2022-04-13 11:02:51] generateOTP.INFO: test [] []
[2022-04-13 11:04:13] generateOTP.INFO: test [] []
[2022-04-13 11:04:13] generateOTP.INFO: test [] []
[2022-04-13 11:04:14] generateOTP.INFO: test [] []
[2022-04-13 11:04:59] generateOTP.INFO: test [] []
[2022-04-13 11:04:59] generateOTP.INFO: test [] []
[2022-04-13 11:04:59] generateOTP.INFO: test [] []
[2022-04-13 11:04:59] generateOTP.INFO: test [] []
[2022-04-13 11:05:10] generateOTP.INFO: test [] []
[2022-04-13 11:06:23] generateOTP.INFO: test [] []
[2022-04-13 11:06:24] generateOTP.INFO: test [] []
[2022-04-13 11:07:26] generateOTP.INFO: test [] []
[2022-04-13 11:07:26] generateOTP.INFO: test [] []
[2022-04-13 11:08:30] generateOTP.INFO: test [] []
[2022-04-13 11:11:24] generateOTP.INFO: test [] []
[2022-04-13 11:11:24] generateOTP.INFO: test [] []
[2022-04-13 11:11:24] generateOTP.INFO: test [] []
[2022-04-13 11:11:24] generateOTP.INFO: test [] []
[2022-04-13 11:11:24] generateOTP.INFO: test [] []
[2022-04-13 11:12:03] generateOTP.INFO: test [] []
[2022-04-13 11:12:03] generateOTP.INFO: test [] []
[2022-04-13 11:12:03] generateOTP.INFO: test [] []
[2022-04-13 11:12:03] generateOTP.INFO: test [] []
[2022-04-13 11:12:03] generateOTP.INFO: test [] []
[2022-04-13 11:14:40] generateOTP.INFO: test [] []
[2022-04-13 11:14:40] generateOTP.INFO: test [] []
[2022-04-13 11:14:43] generateOTP.INFO: test [] []
[2022-04-13 11:14:46] generateOTP.INFO: test [] []
[2022-04-13 11:14:46] generateOTP.INFO: test [] []
[2022-04-13 11:14:54] generateOTP.INFO: test [] []
[2022-04-13 11:15:28] generateOTP.INFO: test [] []
[2022-04-13 11:15:28] generateOTP.INFO: test [] []
[2022-04-13 11:15:28] generateOTP.INFO: test [] []
[2022-04-13 11:15:28] generateOTP.INFO: test [] []
[2022-04-13 11:15:28] generateOTP.INFO: test [] []
[2022-04-13 11:15:42] generateOTP.INFO: test [] []
[2022-04-13 11:15:46] generateOTP.INFO: test [] []
[2022-04-13 11:15:47] generateOTP.INFO: test [] []
[2022-04-13 11:15:48] generateOTP.INFO: test [] []
[2022-04-13 11:15:51] generateOTP.INFO: test [] []
[2022-04-13 11:16:02] generateOTP.INFO: test [] []
[2022-04-13 11:16:02] generateOTP.INFO: test [] []
[2022-04-13 11:16:24] generateOTP.INFO: test [] []
[2022-04-13 11:16:32] generateOTP.INFO: test [] []
[2022-04-13 11:16:34] generateOTP.INFO: test [] []
[2022-04-13 11:16:35] generateOTP.INFO: test [] []
[2022-04-13 11:17:20] generateOTP.INFO: test [] []
[2022-04-13 11:19:01] generateOTP.INFO: test [] []
[2022-04-13 11:19:58] generateOTP.INFO: test [] []
[2022-04-13 11:19:58] generateOTP.INFO: test [] []
[2022-04-13 11:19:58] generateOTP.INFO: test [] []
[2022-04-13 11:20:31] generateOTP.INFO: test [] []
[2022-04-13 11:20:32] generateOTP.INFO: test [] []
[2022-04-13 11:21:19] generateOTP.INFO: test [] []
[2022-04-13 11:21:45] generateOTP.INFO: test [] []
[2022-04-13 11:22:01] generateOTP.INFO: test [] []
[2022-04-13 11:22:01] generateOTP.INFO: test [] []
[2022-04-13 11:22:10] generateOTP.INFO: test [] []
[2022-04-13 11:22:10] generateOTP.INFO: test [] []
[2022-04-13 11:22:10] generateOTP.INFO: test [] []
[2022-04-13 11:22:11] generateOTP.INFO: test [] []
[2022-04-13 11:22:13] generateOTP.INFO: test [] []
[2022-04-13 11:23:00] generateOTP.INFO: test [] []
[2022-04-13 11:23:00] generateOTP.INFO: test [] []
[2022-04-13 11:24:38] generateOTP.INFO: test [] []
[2022-04-13 11:24:38] generateOTP.INFO: test [] []
[2022-04-13 11:24:48] generateOTP.INFO: test [] []
[2022-04-13 11:32:21] generateOTP.INFO: test [] []
[2022-04-13 11:32:21] generateOTP.INFO: test [] []
[2022-04-13 11:32:21] generateOTP.INFO: test [] []
[2022-04-13 11:32:21] generateOTP.INFO: test [] []
[2022-04-13 11:32:21] generateOTP.INFO: test [] []
[2022-04-13 11:33:45] generateOTP.INFO: test [] []
[2022-04-13 11:33:46] generateOTP.INFO: test [] []
[2022-04-13 11:34:32] generateOTP.INFO: test [] []
[2022-04-13 11:34:32] generateOTP.INFO: test [] []
[2022-04-13 11:35:04] generateOTP.INFO: test [] []
[2022-04-13 11:35:04] generateOTP.INFO: test [] []
[2022-04-13 11:35:07] generateOTP.INFO: test [] []
[2022-04-13 11:35:07] generateOTP.INFO: test [] []
[2022-04-13 11:35:07] generateOTP.INFO: test [] []
[2022-04-13 11:35:11] generateOTP.INFO: test [] []
[2022-04-13 11:35:18] generateOTP.INFO: test [] []
[2022-04-13 11:35:20] generateOTP.INFO: test [] []
[2022-04-13 11:35:24] generateOTP.INFO: test [] []
[2022-04-13 11:35:35] generateOTP.INFO: test [] []
[2022-04-13 11:35:40] generateOTP.INFO: test [] []
[2022-04-13 11:35:41] generateOTP.INFO: test [] []
[2022-04-13 11:35:41] generateOTP.INFO: test [] []
[2022-04-13 11:35:41] generateOTP.INFO: test [] []
[2022-04-13 11:35:43] generateOTP.INFO: test [] []
[2022-04-13 11:37:01] generateOTP.INFO: test [] []
[2022-04-13 11:37:21] generateOTP.INFO: test [] []
[2022-04-13 11:37:21] generateOTP.INFO: test [] []
[2022-04-13 11:37:57] generateOTP.INFO: test [] []
[2022-04-13 11:37:58] generateOTP.INFO: test [] []
[2022-04-13 11:39:15] generateOTP.INFO: test [] []
[2022-04-13 11:39:55] generateOTP.INFO: test [] []
[2022-04-13 11:39:55] generateOTP.INFO: test [] []
[2022-04-13 11:40:06] generateOTP.INFO: test [] []
[2022-04-13 11:40:07] generateOTP.INFO: test [] []
[2022-04-13 11:40:12] generateOTP.INFO: test [] []
[2022-04-13 11:41:17] generateOTP.INFO: test [] []
[2022-04-13 11:41:28] generateOTP.INFO: test [] []
[2022-04-13 11:41:32] generateOTP.INFO: test [] []
[2022-04-13 11:41:33] generateOTP.INFO: test [] []
[2022-04-13 11:41:33] generateOTP.INFO: test [] []
[2022-04-13 11:41:38] generateOTP.INFO: test [] []
[2022-04-13 11:41:43] generateOTP.INFO: test [] []
[2022-04-13 11:41:46] generateOTP.INFO: test [] []
[2022-04-13 11:41:47] generateOTP.INFO: test [] []
[2022-04-13 11:41:47] generateOTP.INFO: test [] []
[2022-04-13 11:41:52] generateOTP.INFO: test [] []
[2022-04-13 11:42:12] generateOTP.INFO: test [] []
[2022-04-13 11:42:41] generateOTP.INFO: test [] []
[2022-04-13 11:43:06] generateOTP.INFO: test [] []
[2022-04-13 11:43:06] generateOTP.INFO: test [] []
[2022-04-13 11:43:36] generateOTP.INFO: test [] []
[2022-04-13 11:43:56] generateOTP.INFO: test [] []
[2022-04-13 11:44:00] generateOTP.INFO: test [] []
[2022-04-13 11:44:00] generateOTP.INFO: test [] []
[2022-04-13 11:44:00] generateOTP.INFO: test [] []
[2022-04-13 11:44:00] generateOTP.INFO: test [] []
[2022-04-13 11:44:09] generateOTP.INFO: test [] []
[2022-04-13 11:44:25] generateOTP.INFO: test [] []
[2022-04-13 11:44:56] generateOTP.INFO: test [] []
[2022-04-13 11:44:56] generateOTP.INFO: test [] []
[2022-04-13 11:45:03] generateOTP.INFO: test [] []
[2022-04-13 11:45:27] generateOTP.INFO: test [] []
[2022-04-13 11:45:32] generateOTP.INFO: test [] []
[2022-04-13 11:45:38] generateOTP.INFO: test [] []
[2022-04-13 11:45:42] generateOTP.INFO: test [] []
[2022-04-13 11:46:01] generateOTP.INFO: test [] []
[2022-04-13 11:48:06] generateOTP.INFO: test [] []
[2022-04-13 11:48:46] generateOTP.INFO: test [] []
[2022-04-13 11:48:49] generateOTP.INFO: test [] []
[2022-04-13 11:48:59] generateOTP.INFO: test [] []
[2022-04-13 11:49:01] generateOTP.INFO: test [] []
[2022-04-13 11:49:02] generateOTP.INFO: test [] []
[2022-04-13 11:49:03] generateOTP.INFO: test [] []
[2022-04-13 11:49:31] generateOTP.INFO: test [] []
[2022-04-13 11:49:47] generateOTP.INFO: test [] []
[2022-04-13 11:50:08] generateOTP.INFO: test [] []
[2022-04-13 11:50:14] generateOTP.INFO: test [] []
[2022-04-13 11:50:16] generateOTP.INFO: test [] []
[2022-04-13 11:50:21] generateOTP.INFO: test [] []
[2022-04-13 11:50:25] generateOTP.INFO: test [] []
[2022-04-13 11:50:26] generateOTP.INFO: test [] []
[2022-04-13 11:50:30] generateOTP.INFO: test [] []
[2022-04-13 11:50:47] generateOTP.INFO: test [] []
[2022-04-13 11:51:03] generateOTP.INFO: test [] []
[2022-04-13 11:51:23] generateOTP.INFO: test [] []
[2022-04-13 11:51:38] generateOTP.INFO: test [] []
[2022-04-13 11:53:19] generateOTP.INFO: test [] []
[2022-04-13 11:53:31] generateOTP.INFO: test [] []
[2022-04-13 11:53:44] generateOTP.INFO: test [] []
[2022-04-13 11:53:44] generateOTP.INFO: test [] []
[2022-04-13 11:53:46] generateOTP.INFO: test [] []
[2022-04-13 11:54:43] generateOTP.INFO: test [] []
[2022-04-13 11:54:49] generateOTP.INFO: test [] []
[2022-04-13 11:54:57] generateOTP.INFO: test [] []
[2022-04-13 11:55:31] generateOTP.INFO: test [] []
[2022-04-13 11:55:41] generateOTP.INFO: test [] []
[2022-04-13 11:56:57] generateOTP.INFO: test [] []
[2022-04-13 11:57:14] generateOTP.INFO: test [] []
[2022-04-13 11:57:25] generateOTP.INFO: test [] []
[2022-04-13 11:57:35] generateOTP.INFO: test [] []
[2022-04-13 11:57:51] generateOTP.INFO: test [] []
[2022-04-13 11:58:57] generateOTP.INFO: test [] []
[2022-04-13 11:58:57] generateOTP.INFO: test [] []
[2022-04-13 11:58:58] generateOTP.INFO: test [] []
[2022-04-13 11:58:59] generateOTP.INFO: test [] []
[2022-04-13 11:59:25] generateOTP.INFO: test [] []
[2022-04-13 11:59:26] generateOTP.INFO: test [] []
[2022-04-13 11:59:35] generateOTP.INFO: test [] []
[2022-04-13 11:59:45] generateOTP.INFO: test [] []
[2022-04-13 12:00:09] generateOTP.INFO: test [] []
[2022-04-13 12:00:10] generateOTP.INFO: test [] []
[2022-04-13 12:00:13] generateOTP.INFO: test [] []
[2022-04-13 12:00:30] generateOTP.INFO: test [] []
[2022-04-13 12:00:41] generateOTP.INFO: test [] []
[2022-04-13 12:00:58] generateOTP.INFO: test [] []
[2022-04-13 12:05:26] generateOTP.INFO: test [] []
[2022-04-13 12:06:03] generateOTP.INFO: test [] []
[2022-04-13 12:06:43] generateOTP.INFO: test [] []
[2022-04-13 12:08:47] generateOTP.INFO: test [] []
[2022-04-13 12:10:07] generateOTP.INFO: test [] []
[2022-04-13 12:12:48] generateOTP.INFO: test [] []
[2022-04-13 12:12:53] generateOTP.INFO: test [] []
[2022-04-13 12:12:54] generateOTP.INFO: test [] []
[2022-04-13 12:12:54] generateOTP.INFO: test [] []
[2022-04-13 12:12:56] generateOTP.INFO: test [] []
[2022-04-13 12:12:59] generateOTP.INFO: test [] []
[2022-04-13 12:13:04] generateOTP.INFO: test [] []
[2022-04-13 12:13:04] generateOTP.INFO: test [] []
[2022-04-13 12:13:04] generateOTP.INFO: test [] []
[2022-04-13 12:13:06] generateOTP.INFO: test [] []
[2022-04-13 12:13:33] generateOTP.INFO: test [] []
[2022-04-13 12:13:37] generateOTP.INFO: test [] []
[2022-04-13 12:13:38] generateOTP.INFO: test [] []
[2022-04-13 12:15:25] generateOTP.INFO: {"salutation":"1","firstname":"sonu","lastname":"singh","dob":"04-04-1985","mob_no":"7895461238","panCard":"","email":"man@gmail.com","ref1":"0","ref2":"0","comAdd":"abc","city":"K.V.Rangareddy","state":"TELANGANA","pin_code":"500060","ISNRI":"N","update_emp_id":"VlcxVER2dWg2NFAyMUdJNmlSbStzdz09","edit":"0","policy_no":"470","subtype_text":"1","sum_insure":"5000000","familyConstruct":"2A","occupation":"11","anuual_income":"","family_members_id":"0","family_gender":"Male","first_name":"sonu","last_name":"singh","family_date_birth":"04-04-1985","age":"37","age_type":" years","tenure":"1 Year","mem_mob":"7895461238","mem_email":"man@gmail.com","family_id":"","s_date":"","marriage_date":"","premium":"17299","policyNo":"470","familyDataType":"undefined","empId":"VlcxVER2dWg2NFAyMUdJNmlSbStzdz09","product":"test123abc","declare":"[]","gender":"Male","gci_options":"undefined","gpa_options":"Yes","hidden_policy_id":"470,471","hidden_deductable":"0"} [] []
[2022-04-13 12:16:28] generateOTP.INFO: {"salutation":"1","firstname":"sonu","lastname":"singh","dob":"04-04-1985","mob_no":"7895461238","panCard":"","email":"man@gmail.com","ref1":"0","ref2":"0","comAdd":"abc","city":"K.V.Rangareddy","state":"TELANGANA","pin_code":"500060","ISNRI":"N","update_emp_id":"VlcxVER2dWg2NFAyMUdJNmlSbStzdz09","edit":"0","policy_no":"470","subtype_text":"1","sum_insure":"5000000","familyConstruct":"2A","occupation":"11","anuual_income":"","family_members_id":"1","family_gender":"Female","first_name":"SEETAL","last_name":"","family_date_birth":"04-04-1992","age":"30","age_type":" years","tenure":"1 Year","mem_mob":"8456987123","mem_email":"seetal@gmail.com","family_id":"","s_date":"","marriage_date":"","premium":"17299","policyNo":"470","familyDataType":"undefined","empId":"VlcxVER2dWg2NFAyMUdJNmlSbStzdz09","product":"test123abc","declare":"[]","gender":"Male","gci_options":"undefined","gpa_options":"Yes","hidden_policy_id":"470,471","hidden_deductable":"0"} [] []
[2022-04-13 12:17:38] documentsSave.INFO: {"ops_type":"[]","ids":"3465,3466"} [] []
[2022-04-13 12:17:38] documentsSaveFiles.INFO: [] [] []
[2022-04-13 12:17:45] generateOTP.INFO: test [] []
[2022-04-13 12:17:45] generateOTP.INFO: test [] []
[2022-04-13 12:18:15] generateOTP.INFO: test [] []
[2022-04-13 12:18:16] generateOTP.INFO: test [] []
[2022-04-13 12:18:18] generateOTP.INFO: test [] []
[2022-04-13 12:18:46] generateOTP.INFO: test [] []
[2022-04-13 12:18:56] generateOTP.INFO: test [] []
[2022-04-13 12:19:27] generateOTP.INFO: test [] []
[2022-04-13 12:19:45] generateOTP.INFO: test [] []
[2022-04-13 12:19:45] generateOTP.INFO: test [] []
[2022-04-13 12:23:39] full_quote_request1.INFO: {"ClientCreation":{"Member_Customer_ID":"1649832212GHIR11","salutation":"Mr","firstName":"sonu","middleName":"","lastName":"singh","dateofBirth":"04\/04\/1985","gender":"M","educationalQualification":null,"pinCode":"500060","uidNo":"0","maritalStatus":null,"nationality":"Indian","occupation":"O018","primaryEmailID":"man@gmail.com","contactMobileNo":"7895461238","stdLandlineNo":null,"panNo":null,"passportNumber":null,"contactPerson":null,"annualIncome":"3000000","remarks":null,"startDate":"2022-04-13","endDate":null,"IdProof":null,"residenceProof":null,"ageProof":null,"others":null,"homeAddressLine1":"abc","homeAddressLine2":null,"homeAddressLine3":null,"homePinCode":"500060","homeArea":null,"homeContactMobileNo":null,"homeContactMobileNo2":null,"homeSTDLandlineNo":null,"homeFaxNo":null,"sameAsHomeAddress":"1","mailingAddressLine1":null,"mailingAddressLine2":null,"mailingAddressLine3":null,"mailingPinCode":null,"mailingArea":null,"mailingContactMobileNo":null,"mailingContactMobileNo2":null,"mailingSTDLandlineNo":null,"mailingSTDLandlineNo2":null,"mailingFaxNo":null,"bankAccountType":null,"bankAccountNo":null,"ifscCode":null,"GSTIN":null,"GSTRegistrationStatus":"Consumers","IsEIAavailable":"0","ApplyEIA":"0","EIAAccountNo":null,"EIAWith":"0","AccountType":null,"AddressProof":null,"DOBProof":null,"IdentityProof":null},"PolicyCreationRequest":{"Quotation_Number":"","MasterPolicyNumber":"71-20-00045-00-00","GroupID":"GRP004","Product_Code":"4211","SumInsured_Type":null,"Policy_Tanure":"1","Member_Type_Code":"M209","intermediaryCode":"2111573","AutoRenewal":"0","AutoDebit":"0","intermediaryBranchCode":"10MHMUM08","agentSignatureDate":null,"Customer_Signature_Date":null,"businessSourceChannel":null,"AssignPolicy":"0","AssigneeName":null,"leadID":"SL1649832212","Source_Name":"AXIS_GHIEW_XL","SPID":"E0028","TCN":null,"CRTNO":null,"RefCode1":"E0028","RefCode2":"NULL","Employee_Number":"627367","enumIsEmployeeDiscount":null,"QuoteDate":null,"IsPayment":"0","PaymentMode":null,"PolicyproductComponents":[{"PlanCode":"4211","SumInsured":"5000000","SchemeCode":"4112000003"}]},"MemObj":{"Member":[{"MemberNo":1,"Salutation":"Mr","First_Name":"sonu","Middle_Name":null,"Last_Name":"singh","Gender":"M","DateOfBirth":"04\/04\/1985","Relation_Code":"R001","Marital_Status":null,"height":"0.00","weight":"0","occupation":"O018","PrimaryMember":"Y","MemberproductComponents":[{"PlanCode":"4211","MemberQuestionDetails":[{"QuestionCode":null,"Answer":null,"Remarks":null}]}],"MemberPED":[{"PEDCode":null,"Remarks":null}],"exactDiagnosis":null,"dateOfDiagnosis":null,"lastDateConsultation":null,"detailsOfTreatmentGiven":null,"doctorName":null,"hospitalName":null,"phoneNumberHosital":null,"Nominee_First_Name":"SEETAL","Nominee_Last_Name":"SINGH","Nominee_Contact_Number":"8456987123","Nominee_Home_Address":null,"Nominee_Relationship_Code":"R002"},{"MemberNo":2,"Salutation":"Mrs","First_Name":"SEETAL","Middle_Name":null,"Last_Name":".","Gender":"F","DateOfBirth":"04\/04\/1992","Relation_Code":"R002","Marital_Status":null,"height":"0.00","weight":"0","occupation":"O018","PrimaryMember":"N","MemberproductComponents":[{"PlanCode":"4211","MemberQuestionDetails":[{"QuestionCode":null,"Answer":null,"Remarks":null}]}],"MemberPED":[{"PEDCode":null,"Remarks":null}],"exactDiagnosis":null,"dateOfDiagnosis":null,"lastDateConsultation":null,"detailsOfTreatmentGiven":null,"doctorName":null,"hospitalName":null,"phoneNumberHosital":null,"Nominee_First_Name":"SEETAL","Nominee_Last_Name":"SINGH","Nominee_Contact_Number":"8456987123","Nominee_Home_Address":null,"Nominee_Relationship_Code":"R002"}]},"ReceiptCreation":{"officeLocation":"","modeOfEntry":"","cdAcNo":null,"expiryDate":null,"payerType":"","payerCode":null,"paymentBy":"","paymentByName":null,"paymentByRelationship":null,"collectionAmount":"","collectionRcvdDate":null,"collectionMode":"","remarks":null,"instrumentNumber":null,"instrumentDate":null,"bankName":null,"branchName":null,"bankLocation":null,"micrNo":null,"chequeType":null,"ifscCode":"","PaymentGatewayName":"","TerminalID":"H6bzurUIQggI2Z","CardNo":null}} [] []
[2022-04-13 12:23:41] full_quote_reponse1.INFO: "<ns0:GHI_Res xmlns:ns0=\"http:\/\/ABHICL_NBP_QuickQuote_Schemas.GHI_Response\"><errorObj><ErrorNumber>00<\/ErrorNumber><ErrorMessage>Success<\/ErrorMessage><\/errorObj><policyDtls><TransactionReferenceNumber><\/TransactionReferenceNumber><QuotationNumber>XL100986679<\/QuotationNumber><CertificateNumber><\/CertificateNumber><LetterURL><\/LetterURL><ClientID><\/ClientID><ProductName>Group Activ Health<\/ProductName><ProductCode>4211<\/ProductCode><LineOfBusiness>42<\/LineOfBusiness><startDate><\/startDate><EndDate><\/EndDate><PolicyNumber>71-20-00045-00-00<\/PolicyNumber><ProposalNumber><\/ProposalNumber><PolicyStatus>PQ1<\/PolicyStatus><Tenure>1<\/Tenure><stpFlag>0<\/stpFlag><MemberCustomerID>1649832212GHIR11<\/MemberCustomerID><\/policyDtls><premium><BasePremium>14660.00<\/BasePremium><NetPremium>14660.00<\/NetPremium><GST>2638.80<\/GST><GrossPremium>17299.00<\/GrossPremium><\/premium><receiptObj><ReceiptNumber \/><ReceiptAmount \/><ExcessAmount \/><\/receiptObj><\/ns0:GHI_Res>" [] []
[2022-04-13 12:23:42] full_quote_request1.INFO: {"ClientCreation":{"Member_Customer_ID":"1649832212GPA1","salutation":"Mr","firstName":"sonu","middleName":"","lastName":"singh","dateofBirth":"04\/04\/1985","gender":"M","educationalQualification":null,"pinCode":"500060","uidNo":"0","maritalStatus":null,"nationality":"Indian","occupation":"O018","primaryEmailID":"man@gmail.com","contactMobileNo":"7895461238","stdLandlineNo":null,"panNo":null,"passportNumber":null,"contactPerson":null,"annualIncome":"3000000","remarks":null,"startDate":"2022-04-13","endDate":null,"IdProof":null,"residenceProof":null,"ageProof":null,"others":null,"homeAddressLine1":"abc","homeAddressLine2":null,"homeAddressLine3":null,"homePinCode":"500060","homeArea":null,"homeContactMobileNo":null,"homeContactMobileNo2":null,"homeSTDLandlineNo":null,"homeFaxNo":null,"sameAsHomeAddress":"1","mailingAddressLine1":null,"mailingAddressLine2":null,"mailingAddressLine3":null,"mailingPinCode":null,"mailingArea":null,"mailingContactMobileNo":null,"mailingContactMobileNo2":null,"mailingSTDLandlineNo":null,"mailingSTDLandlineNo2":null,"mailingFaxNo":null,"bankAccountType":null,"bankAccountNo":null,"ifscCode":null,"GSTIN":null,"GSTRegistrationStatus":"Consumers","IsEIAavailable":"0","ApplyEIA":"0","EIAAccountNo":null,"EIAWith":"0","AccountType":null,"AddressProof":null,"DOBProof":null,"IdentityProof":null},"PolicyCreationRequest":{"Quotation_Number":"","MasterPolicyNumber":"62-20-00065-00-00","GroupID":"GRP001","Product_Code":"4112","SumInsured_Type":null,"Policy_Tanure":"1","Member_Type_Code":"M209","intermediaryCode":"2111573","AutoRenewal":"0","AutoDebit":"0","intermediaryBranchCode":"10MHMUM08","agentSignatureDate":null,"Customer_Signature_Date":null,"businessSourceChannel":null,"AssignPolicy":"0","AssigneeName":null,"leadID":"SL1649832212","Source_Name":"AXIS_GFBEW_XL","SPID":"E0028","TCN":null,"CRTNO":null,"RefCode1":"E0028","RefCode2":"NULL","Employee_Number":"627367","enumIsEmployeeDiscount":null,"QuoteDate":null,"IsPayment":"0","PaymentMode":null,"PolicyproductComponents":[{"PlanCode":"4112","SumInsured":"5000000","SchemeCode":"4112000003"}]},"MemObj":{"Member":[{"MemberNo":1,"Salutation":"Mr","First_Name":"sonu","Middle_Name":null,"Last_Name":"singh","Gender":"M","DateOfBirth":"04\/04\/1985","Relation_Code":"R001","Marital_Status":null,"height":"0.00","weight":"0","occupation":"O018","PrimaryMember":"Y","MemberproductComponents":[{"PlanCode":"4112","MemberQuestionDetails":[{"QuestionCode":null,"Answer":null,"Remarks":null}]}],"MemberPED":[{"PEDCode":null,"Remarks":null}],"exactDiagnosis":null,"dateOfDiagnosis":null,"lastDateConsultation":null,"detailsOfTreatmentGiven":null,"doctorName":null,"hospitalName":null,"phoneNumberHosital":null,"Nominee_First_Name":"SEETAL","Nominee_Last_Name":"SINGH","Nominee_Contact_Number":"8456987123","Nominee_Home_Address":null,"Nominee_Relationship_Code":"R002"}]},"ReceiptCreation":{"officeLocation":"","modeOfEntry":"","cdAcNo":null,"expiryDate":null,"payerType":"","payerCode":null,"paymentBy":"","paymentByName":null,"paymentByRelationship":null,"collectionAmount":"","collectionRcvdDate":null,"collectionMode":"","remarks":null,"instrumentNumber":null,"instrumentDate":null,"bankName":null,"branchName":null,"bankLocation":null,"micrNo":null,"chequeType":null,"ifscCode":"","PaymentGatewayName":"","TerminalID":"H6bzurUIQggI2Z","CardNo":null}} [] []
[2022-04-13 12:23:44] full_quote_reponse1.INFO: "<ns0:GFB_Res xmlns:ns0=\"http:\/\/ABHICL_NBP_QuickQuote_Schemas.GFB_Response\"><errorObj><ErrorNumber>00<\/ErrorNumber><ErrorMessage>Success<\/ErrorMessage><\/errorObj><policyDtls><TransactionReferenceNumber><\/TransactionReferenceNumber><QuotationNumber>XL100986683<\/QuotationNumber><CertificateNumber><\/CertificateNumber><LetterURL><\/LetterURL><ClientID><\/ClientID><ProductName>Group Activ Secure - Personal Accident<\/ProductName><ProductCode>4112<\/ProductCode><LineOfBusiness>41<\/LineOfBusiness><startDate><\/startDate><EndDate><\/EndDate><PolicyNumber>62-20-00065-00-00<\/PolicyNumber><ProposalNumber><\/ProposalNumber><PolicyStatus>PQ1<\/PolicyStatus><Tenure>1<\/Tenure><stpFlag>0<\/stpFlag><MemberCustomerID>1649832212GPA1<\/MemberCustomerID><\/policyDtls><premium><BasePremium>1695.00<\/BasePremium><NetPremium>1695.00<\/NetPremium><GST>305.10<\/GST><GrossPremium>2000.00<\/GrossPremium><\/premium><receiptObj><ReceiptNumber \/><ReceiptAmount \/><ExcessAmount \/><\/receiptObj><\/ns0:GFB_Res>" [] []
[2022-04-13 12:23:44] full_quote_request1.INFO: {"ClientCreation":{"Member_Customer_ID":"1649832212GPA2","salutation":"Mr","firstName":"sonu","middleName":"","lastName":"singh","dateofBirth":"04\/04\/1985","gender":"M","educationalQualification":null,"pinCode":"500060","uidNo":"0","maritalStatus":null,"nationality":"Indian","occupation":"O018","primaryEmailID":"man@gmail.com","contactMobileNo":"7895461238","stdLandlineNo":null,"panNo":null,"passportNumber":null,"contactPerson":null,"annualIncome":"3000000","remarks":null,"startDate":"2022-04-13","endDate":null,"IdProof":null,"residenceProof":null,"ageProof":null,"others":null,"homeAddressLine1":"abc","homeAddressLine2":null,"homeAddressLine3":null,"homePinCode":"500060","homeArea":null,"homeContactMobileNo":null,"homeContactMobileNo2":null,"homeSTDLandlineNo":null,"homeFaxNo":null,"sameAsHomeAddress":"1","mailingAddressLine1":null,"mailingAddressLine2":null,"mailingAddressLine3":null,"mailingPinCode":null,"mailingArea":null,"mailingContactMobileNo":null,"mailingContactMobileNo2":null,"mailingSTDLandlineNo":null,"mailingSTDLandlineNo2":null,"mailingFaxNo":null,"bankAccountType":null,"bankAccountNo":null,"ifscCode":null,"GSTIN":null,"GSTRegistrationStatus":"Consumers","IsEIAavailable":"0","ApplyEIA":"0","EIAAccountNo":null,"EIAWith":"0","AccountType":null,"AddressProof":null,"DOBProof":null,"IdentityProof":null},"PolicyCreationRequest":{"Quotation_Number":"","MasterPolicyNumber":"62-20-00065-00-00","GroupID":"GRP001","Product_Code":"4112","SumInsured_Type":null,"Policy_Tanure":"1","Member_Type_Code":"M209","intermediaryCode":"2111573","AutoRenewal":"0","AutoDebit":"0","intermediaryBranchCode":"10MHMUM08","agentSignatureDate":null,"Customer_Signature_Date":null,"businessSourceChannel":null,"AssignPolicy":"0","AssigneeName":null,"leadID":"SL1649832212","Source_Name":"AXIS_GFBEW_XL","SPID":"E0028","TCN":null,"CRTNO":null,"RefCode1":"E0028","RefCode2":"NULL","Employee_Number":"627367","enumIsEmployeeDiscount":null,"QuoteDate":null,"IsPayment":"0","PaymentMode":null,"PolicyproductComponents":[{"PlanCode":"4112","SumInsured":"5000000","SchemeCode":"4112000003"}]},"MemObj":{"Member":[{"MemberNo":1,"Salutation":"Mrs","First_Name":"SEETAL","Middle_Name":null,"Last_Name":".","Gender":"F","DateOfBirth":"04\/04\/1992","Relation_Code":"R002","Marital_Status":null,"height":"0.00","weight":"0","occupation":"O018","PrimaryMember":"Y","MemberproductComponents":[{"PlanCode":"4112","MemberQuestionDetails":[{"QuestionCode":null,"Answer":null,"Remarks":null}]}],"MemberPED":[{"PEDCode":null,"Remarks":null}],"exactDiagnosis":null,"dateOfDiagnosis":null,"lastDateConsultation":null,"detailsOfTreatmentGiven":null,"doctorName":null,"hospitalName":null,"phoneNumberHosital":null,"Nominee_First_Name":"SEETAL","Nominee_Last_Name":"SINGH","Nominee_Contact_Number":"8456987123","Nominee_Home_Address":null,"Nominee_Relationship_Code":"R002"}]},"ReceiptCreation":{"officeLocation":"","modeOfEntry":"","cdAcNo":null,"expiryDate":null,"payerType":"","payerCode":null,"paymentBy":"","paymentByName":null,"paymentByRelationship":null,"collectionAmount":"","collectionRcvdDate":null,"collectionMode":"","remarks":null,"instrumentNumber":null,"instrumentDate":null,"bankName":null,"branchName":null,"bankLocation":null,"micrNo":null,"chequeType":null,"ifscCode":"","PaymentGatewayName":"","TerminalID":"H6bzurUIQggI2Z","CardNo":null}} [] []
[2022-04-13 12:23:45] full_quote_reponse1.INFO: "<ns0:GFB_Res xmlns:ns0=\"http:\/\/ABHICL_NBP_QuickQuote_Schemas.GFB_Response\"><errorObj><ErrorNumber>00<\/ErrorNumber><ErrorMessage>Success<\/ErrorMessage><\/errorObj><policyDtls><TransactionReferenceNumber><\/TransactionReferenceNumber><QuotationNumber>XL100986684<\/QuotationNumber><CertificateNumber><\/CertificateNumber><LetterURL><\/LetterURL><ClientID><\/ClientID><ProductName>Group Activ Secure - Personal Accident<\/ProductName><ProductCode>4112<\/ProductCode><LineOfBusiness>41<\/LineOfBusiness><startDate><\/startDate><EndDate><\/EndDate><PolicyNumber>62-20-00065-00-00<\/PolicyNumber><ProposalNumber><\/ProposalNumber><PolicyStatus>PQ1<\/PolicyStatus><Tenure>1<\/Tenure><stpFlag>0<\/stpFlag><MemberCustomerID>1649832212GPA2<\/MemberCustomerID><\/policyDtls><premium><BasePremium>1695.00<\/BasePremium><NetPremium>1695.00<\/NetPremium><GST>305.10<\/GST><GrossPremium>2000.00<\/GrossPremium><\/premium><receiptObj><ReceiptNumber \/><ReceiptAmount \/><ExcessAmount \/><\/receiptObj><\/ns0:GFB_Res>" [] []
[2022-04-13 12:24:57] full_quote_request2.INFO: {"ClientCreation":{"Member_Customer_ID":"1649832212GHIR11","salutation":"Mr","firstName":"sonu","middleName":"","lastName":"singh","dateofBirth":"04\/04\/1985","gender":"M","educationalQualification":null,"pinCode":"500060","uidNo":"0","maritalStatus":null,"nationality":"Indian","occupation":"O018","primaryEmailID":"man@gmail.com","contactMobileNo":"7895461238","stdLandlineNo":null,"panNo":null,"passportNumber":null,"contactPerson":null,"annualIncome":"3000000","remarks":null,"startDate":"2022-04-13","endDate":null,"IdProof":"Adhaar Card","residenceProof":null,"ageProof":null,"others":null,"homeAddressLine1":"abc","homeAddressLine2":null,"homeAddressLine3":null,"homePinCode":"500060","homeArea":null,"homeContactMobileNo":null,"homeContactMobileNo2":null,"homeSTDLandlineNo":null,"homeFaxNo":null,"sameAsHomeAddress":"1","mailingAddressLine1":null,"mailingAddressLine2":null,"mailingAddressLine3":null,"mailingPinCode":null,"mailingArea":null,"mailingContactMobileNo":null,"mailingContactMobileNo2":null,"mailingSTDLandlineNo":null,"mailingSTDLandlineNo2":null,"mailingFaxNo":null,"bankAccountType":null,"bankAccountNo":null,"ifscCode":null,"GSTIN":null,"GSTRegistrationStatus":"Consumers","IsEIAavailable":"0","ApplyEIA":"0","EIAAccountNo":null,"EIAWith":"0","AccountType":null,"AddressProof":null,"DOBProof":null,"IdentityProof":null},"PolicyCreationRequest":{"Quotation_Number":"XL100986679","MasterPolicyNumber":"71-20-00045-00-00","GroupID":"GRP004","Product_Code":"4211","SumInsured_Type":null,"Policy_Tanure":"1","Member_Type_Code":"M209","intermediaryCode":"2111573","AutoRenewal":"0","AutoDebit":"0","intermediaryBranchCode":"10MHMUM08","agentSignatureDate":null,"Customer_Signature_Date":null,"businessSourceChannel":null,"AssignPolicy":"0","AssigneeName":null,"leadID":"SL1649832212","Source_Name":"AXIS_GHIEW_XL","SPID":"E0028","TCN":null,"CRTNO":null,"RefCode1":"E0028","RefCode2":"NULL","Employee_Number":"627367","enumIsEmployeeDiscount":null,"QuoteDate":null,"IsPayment":"1","PaymentMode":null,"PolicyproductComponents":[{"PlanCode":"4211","SumInsured":"5000000","SchemeCode":"4112000003"}]},"MemObj":{"Member":[{"MemberNo":1,"Salutation":"Mr","First_Name":"sonu","Middle_Name":null,"Last_Name":"singh","Gender":"M","DateOfBirth":"04\/04\/1985","Relation_Code":"R001","Marital_Status":null,"height":"0.00","weight":"0","occupation":"O018","PrimaryMember":"Y","MemberproductComponents":[{"PlanCode":"4211","MemberQuestionDetails":[{"QuestionCode":null,"Answer":null,"Remarks":null}]}],"MemberPED":[{"PEDCode":null,"Remarks":null}],"exactDiagnosis":null,"dateOfDiagnosis":null,"lastDateConsultation":null,"detailsOfTreatmentGiven":null,"doctorName":null,"hospitalName":null,"phoneNumberHosital":null,"Nominee_First_Name":"SEETAL","Nominee_Last_Name":"SINGH","Nominee_Contact_Number":"8456987123","Nominee_Home_Address":null,"Nominee_Relationship_Code":"R002"},{"MemberNo":2,"Salutation":"Mrs","First_Name":"SEETAL","Middle_Name":null,"Last_Name":".","Gender":"F","DateOfBirth":"04\/04\/1992","Relation_Code":"R002","Marital_Status":null,"height":"0.00","weight":"0","occupation":"O018","PrimaryMember":"N","MemberproductComponents":[{"PlanCode":"4211","MemberQuestionDetails":[{"QuestionCode":null,"Answer":null,"Remarks":null}]}],"MemberPED":[{"PEDCode":null,"Remarks":null}],"exactDiagnosis":null,"dateOfDiagnosis":null,"lastDateConsultation":null,"detailsOfTreatmentGiven":null,"doctorName":null,"hospitalName":null,"phoneNumberHosital":null,"Nominee_First_Name":"SEETAL","Nominee_Last_Name":"SINGH","Nominee_Contact_Number":"8456987123","Nominee_Home_Address":null,"Nominee_Relationship_Code":"R002"}]},"ReceiptCreation":{"officeLocation":"Mumbai","modeOfEntry":"Direct","cdAcNo":null,"expiryDate":null,"payerType":"Customer","payerCode":null,"paymentBy":"Customer","paymentByName":null,"paymentByRelationship":null,"collectionAmount":17299,"collectionRcvdDate":"2022-04-13","collectionMode":"online","remarks":null,"instrumentNumber":"pay_JIkUOzlj6sOa70","instrumentDate":"2022-04-13","bankName":"Axis Bank Ltd","branchName":"","bankLocation":null,"micrNo":null,"chequeType":null,"ifscCode":"","PaymentGatewayName":"AXIS_GHIEW_XL","TerminalID":"H6bzurUIQggI2Z","CardNo":null},"CombiCreation":{"Combi_flag":"1","Combi_identifier":"leadid","Combi_value":"SL1649832212","Combi_code":"AXIS_GHIEW_XL","Combi_Count":2,"Combi_product_count":1}} [] []
[2022-04-13 12:25:01] full_quote_reponse2.INFO: "<ns0:GHI_Res xmlns:ns0=\"http:\/\/ABHICL_NBP_QuickQuote_Schemas.GHI_Response\"><errorObj><ErrorNumber>00<\/ErrorNumber><ErrorMessage>Success<\/ErrorMessage><\/errorObj><policyDtls><TransactionReferenceNumber><\/TransactionReferenceNumber><QuotationNumber>XL100986679<\/QuotationNumber><CertificateNumber>GHI-XL-22-2000018<\/CertificateNumber><LetterURL>https:\/\/abpb.adityabirlahealth.com\/hbletter\/viewletter.aspx?ABH=1147539&amp;TRM=GHI-XL-22-2000018<\/LetterURL><ClientID>0001550640<\/ClientID><ProductName>Group Activ Health<\/ProductName><ProductCode>4211<\/ProductCode><LineOfBusiness>42<\/LineOfBusiness><startDate>4\/13\/2022 12:00:00 AM<\/startDate><EndDate>4\/12\/2023 11:59:00 PM<\/EndDate><PolicyNumber>71-20-00045-00-00<\/PolicyNumber><ProposalNumber>XL100986679<\/ProposalNumber><PolicyStatus>IF<\/PolicyStatus><Tenure>1<\/Tenure><stpFlag>0<\/stpFlag><MemberCustomerID>1649832212GHIR11<\/MemberCustomerID><\/policyDtls><premium><BasePremium>14660.00<\/BasePremium><NetPremium>14660.00<\/NetPremium><GST>2638.80<\/GST><GrossPremium>17299.00<\/GrossPremium><\/premium><receiptObj><ReceiptNumber>R70170983<\/ReceiptNumber><ReceiptAmount>17299.00<\/ReceiptAmount><ExcessAmount>0.00<\/ExcessAmount><\/receiptObj><\/ns0:GHI_Res>" [] []
[2022-04-13 12:25:01] api_insert.INFO: {"emp_id":"627367","proposal_id":"3465","member_fr_id":0,"client_id":"0001550640","certificate_number":"GHI-XL-22-2000018","quotation_no":"XL100986679","proposal_no":"XL100986679","policy_no":"71-20-00045-00-00","gross_premium":"17299.00","status":"Success","start_date":"4\/13\/2022 12:00:00 AM","end_date":"4\/12\/2023 11:59:00 PM","created_date":"2022-04-13 12:25:01","proposal_no_lead":"P-1729974718945226","PolicyStatus":"IF","letter_url":"https:\/\/abpb.adityabirlahealth.com\/hbletter\/viewletter.aspx?ABH=1147539&TRM=GHI-XL-22-2000018","CustomerID":"1649832212GHIR11","MemberCustomerID":"1649832212GHIR11","create_policy_type":0,"ReceiptNumber":"R70170983"} [] []
[2022-04-13 12:25:01] full_quote_request2.INFO: {"ClientCreation":{"Member_Customer_ID":"1649832212GPA1","salutation":"Mr","firstName":"sonu","middleName":"","lastName":"singh","dateofBirth":"04\/04\/1985","gender":"M","educationalQualification":null,"pinCode":"500060","uidNo":"0","maritalStatus":null,"nationality":"Indian","occupation":"O018","primaryEmailID":"man@gmail.com","contactMobileNo":"7895461238","stdLandlineNo":null,"panNo":null,"passportNumber":null,"contactPerson":null,"annualIncome":"3000000","remarks":null,"startDate":"2022-04-13","endDate":null,"IdProof":"Adhaar Card","residenceProof":null,"ageProof":null,"others":null,"homeAddressLine1":"abc","homeAddressLine2":null,"homeAddressLine3":null,"homePinCode":"500060","homeArea":null,"homeContactMobileNo":null,"homeContactMobileNo2":null,"homeSTDLandlineNo":null,"homeFaxNo":null,"sameAsHomeAddress":"1","mailingAddressLine1":null,"mailingAddressLine2":null,"mailingAddressLine3":null,"mailingPinCode":null,"mailingArea":null,"mailingContactMobileNo":null,"mailingContactMobileNo2":null,"mailingSTDLandlineNo":null,"mailingSTDLandlineNo2":null,"mailingFaxNo":null,"bankAccountType":null,"bankAccountNo":null,"ifscCode":null,"GSTIN":null,"GSTRegistrationStatus":"Consumers","IsEIAavailable":"0","ApplyEIA":"0","EIAAccountNo":null,"EIAWith":"0","AccountType":null,"AddressProof":null,"DOBProof":null,"IdentityProof":null},"PolicyCreationRequest":{"Quotation_Number":"XL100986683","MasterPolicyNumber":"62-20-00065-00-00","GroupID":"GRP001","Product_Code":"4112","SumInsured_Type":null,"Policy_Tanure":"1","Member_Type_Code":"M209","intermediaryCode":"2111573","AutoRenewal":"0","AutoDebit":"0","intermediaryBranchCode":"10MHMUM08","agentSignatureDate":null,"Customer_Signature_Date":null,"businessSourceChannel":null,"AssignPolicy":"0","AssigneeName":null,"leadID":"SL1649832212","Source_Name":"AXIS_GFBEW_XL","SPID":"E0028","TCN":null,"CRTNO":null,"RefCode1":"E0028","RefCode2":"NULL","Employee_Number":"627367","enumIsEmployeeDiscount":null,"QuoteDate":null,"IsPayment":"1","PaymentMode":null,"PolicyproductComponents":[{"PlanCode":"4112","SumInsured":"5000000","SchemeCode":"4112000003"}]},"MemObj":{"Member":[{"MemberNo":1,"Salutation":"Mr","First_Name":"sonu","Middle_Name":null,"Last_Name":"singh","Gender":"M","DateOfBirth":"04\/04\/1985","Relation_Code":"R001","Marital_Status":null,"height":"0.00","weight":"0","occupation":"O018","PrimaryMember":"Y","MemberproductComponents":[{"PlanCode":"4112","MemberQuestionDetails":[{"QuestionCode":null,"Answer":null,"Remarks":null}]}],"MemberPED":[{"PEDCode":null,"Remarks":null}],"exactDiagnosis":null,"dateOfDiagnosis":null,"lastDateConsultation":null,"detailsOfTreatmentGiven":null,"doctorName":null,"hospitalName":null,"phoneNumberHosital":null,"Nominee_First_Name":"SEETAL","Nominee_Last_Name":"SINGH","Nominee_Contact_Number":"8456987123","Nominee_Home_Address":null,"Nominee_Relationship_Code":"R002"}]},"ReceiptCreation":{"officeLocation":"Mumbai","modeOfEntry":"Direct","cdAcNo":null,"expiryDate":null,"payerType":"Customer","payerCode":null,"paymentBy":"Customer","paymentByName":null,"paymentByRelationship":null,"collectionAmount":2000.5,"collectionRcvdDate":"2022-04-13","collectionMode":"online","remarks":null,"instrumentNumber":"pay_JIkUOzlj6sOa70","instrumentDate":"2022-04-13","bankName":"Axis Bank Ltd","branchName":"","bankLocation":null,"micrNo":null,"chequeType":null,"ifscCode":"","PaymentGatewayName":"AXIS_GFBEW_XL","TerminalID":"H6bzurUIQggI2Z","CardNo":null},"CombiCreation":{"Combi_flag":"1","Combi_identifier":"leadid","Combi_value":"SL1649832212","Combi_code":"AXIS_GFBEW_XL","Combi_Count":4,"Combi_product_count":2}} [] []
[2022-04-13 12:25:04] full_quote_reponse2.INFO: "<ns0:GFB_Res xmlns:ns0=\"http:\/\/ABHICL_NBP_QuickQuote_Schemas.GFB_Response\"><errorObj><ErrorNumber>00<\/ErrorNumber><ErrorMessage>Success<\/ErrorMessage><\/errorObj><policyDtls><TransactionReferenceNumber><\/TransactionReferenceNumber><QuotationNumber>XL100986683<\/QuotationNumber><CertificateNumber>GPA-XL-22-2000011<\/CertificateNumber><LetterURL>https:\/\/abpb.adityabirlahealth.com\/hbletter\/viewletter.aspx?ABH=1147540&amp;TRM=GPA-XL-22-2000011<\/LetterURL><ClientID>0001550641<\/ClientID><ProductName>Group Activ Secure<\/ProductName><ProductCode>4000<\/ProductCode><LineOfBusiness>40<\/LineOfBusiness><startDate>4\/13\/2022 12:00:00 AM<\/startDate><EndDate>4\/12\/2023 11:59:00 PM<\/EndDate><PolicyNumber>62-20-00065-00-00<\/PolicyNumber><ProposalNumber>XL100986683<\/ProposalNumber><PolicyStatus>IF<\/PolicyStatus><Tenure>1<\/Tenure><stpFlag>0<\/stpFlag><MemberCustomerID>1649832212GPA1<\/MemberCustomerID><\/policyDtls><premium><BasePremium>1695.00<\/BasePremium><NetPremium>1695.00<\/NetPremium><GST>305.10<\/GST><GrossPremium>2000.00<\/GrossPremium><\/premium><receiptObj><ReceiptNumber>R70170984<\/ReceiptNumber><ReceiptAmount>2000.50<\/ReceiptAmount><ExcessAmount>0.50<\/ExcessAmount><\/receiptObj><\/ns0:GFB_Res>" [] []
[2022-04-13 12:25:05] api_insert.INFO: {"emp_id":"627367","proposal_id":"3466","member_fr_id":"0","client_id":"0001550641","certificate_number":"GPA-XL-22-2000011","quotation_no":"XL100986683","proposal_no":"XL100986683","policy_no":"62-20-00065-00-00","gross_premium":"2000.00","status":"Success","start_date":"4\/13\/2022 12:00:00 AM","end_date":"4\/12\/2023 11:59:00 PM","created_date":"2022-04-13 12:25:04","proposal_no_lead":"P-1729974719577894","PolicyStatus":"IF","letter_url":"https:\/\/abpb.adityabirlahealth.com\/hbletter\/viewletter.aspx?ABH=1147540&TRM=GPA-XL-22-2000011","CustomerID":"1649832212GPA1","MemberCustomerID":"1649832212GPA1","create_policy_type":0,"ReceiptNumber":"R70170984"} [] []
[2022-04-13 12:25:05] full_quote_request2.INFO: {"ClientCreation":{"Member_Customer_ID":"1649832212GPA2","salutation":"Mr","firstName":"sonu","middleName":"","lastName":"singh","dateofBirth":"04\/04\/1985","gender":"M","educationalQualification":null,"pinCode":"500060","uidNo":"0","maritalStatus":null,"nationality":"Indian","occupation":"O018","primaryEmailID":"man@gmail.com","contactMobileNo":"7895461238","stdLandlineNo":null,"panNo":null,"passportNumber":null,"contactPerson":null,"annualIncome":"3000000","remarks":null,"startDate":"2022-04-13","endDate":null,"IdProof":"Adhaar Card","residenceProof":null,"ageProof":null,"others":null,"homeAddressLine1":"abc","homeAddressLine2":null,"homeAddressLine3":null,"homePinCode":"500060","homeArea":null,"homeContactMobileNo":null,"homeContactMobileNo2":null,"homeSTDLandlineNo":null,"homeFaxNo":null,"sameAsHomeAddress":"1","mailingAddressLine1":null,"mailingAddressLine2":null,"mailingAddressLine3":null,"mailingPinCode":null,"mailingArea":null,"mailingContactMobileNo":null,"mailingContactMobileNo2":null,"mailingSTDLandlineNo":null,"mailingSTDLandlineNo2":null,"mailingFaxNo":null,"bankAccountType":null,"bankAccountNo":null,"ifscCode":null,"GSTIN":null,"GSTRegistrationStatus":"Consumers","IsEIAavailable":"0","ApplyEIA":"0","EIAAccountNo":null,"EIAWith":"0","AccountType":null,"AddressProof":null,"DOBProof":null,"IdentityProof":null},"PolicyCreationRequest":{"Quotation_Number":"XL100986684","MasterPolicyNumber":"62-20-00065-00-00","GroupID":"GRP001","Product_Code":"4112","SumInsured_Type":null,"Policy_Tanure":"1","Member_Type_Code":"M209","intermediaryCode":"2111573","AutoRenewal":"0","AutoDebit":"0","intermediaryBranchCode":"10MHMUM08","agentSignatureDate":null,"Customer_Signature_Date":null,"businessSourceChannel":null,"AssignPolicy":"0","AssigneeName":null,"leadID":"SL1649832212","Source_Name":"AXIS_GFBEW_XL","SPID":"E0028","TCN":null,"CRTNO":null,"RefCode1":"E0028","RefCode2":"NULL","Employee_Number":"627367","enumIsEmployeeDiscount":null,"QuoteDate":null,"IsPayment":"1","PaymentMode":null,"PolicyproductComponents":[{"PlanCode":"4112","SumInsured":"5000000","SchemeCode":"4112000003"}]},"MemObj":{"Member":[{"MemberNo":1,"Salutation":"Mrs","First_Name":"SEETAL","Middle_Name":null,"Last_Name":".","Gender":"F","DateOfBirth":"04\/04\/1992","Relation_Code":"R002","Marital_Status":null,"height":"0.00","weight":"0","occupation":"O018","PrimaryMember":"Y","MemberproductComponents":[{"PlanCode":"4112","MemberQuestionDetails":[{"QuestionCode":null,"Answer":null,"Remarks":null}]}],"MemberPED":[{"PEDCode":null,"Remarks":null}],"exactDiagnosis":null,"dateOfDiagnosis":null,"lastDateConsultation":null,"detailsOfTreatmentGiven":null,"doctorName":null,"hospitalName":null,"phoneNumberHosital":null,"Nominee_First_Name":"SEETAL","Nominee_Last_Name":"SINGH","Nominee_Contact_Number":"8456987123","Nominee_Home_Address":null,"Nominee_Relationship_Code":"R002"}]},"ReceiptCreation":{"officeLocation":"Mumbai","modeOfEntry":"Direct","cdAcNo":null,"expiryDate":null,"payerType":"Customer","payerCode":null,"paymentBy":"Customer","paymentByName":null,"paymentByRelationship":null,"collectionAmount":2000.5,"collectionRcvdDate":"2022-04-13","collectionMode":"online","remarks":null,"instrumentNumber":"pay_JIkUOzlj6sOa70","instrumentDate":"2022-04-13","bankName":"Axis Bank Ltd","branchName":"","bankLocation":null,"micrNo":null,"chequeType":null,"ifscCode":"","PaymentGatewayName":"AXIS_GFBEW_XL","TerminalID":"H6bzurUIQggI2Z","CardNo":null},"CombiCreation":{"Combi_flag":"1","Combi_identifier":"leadid","Combi_value":"SL1649832212","Combi_code":"AXIS_GFBEW_XL","Combi_Count":4,"Combi_product_count":2}} [] []
[2022-04-13 12:25:07] full_quote_reponse2.INFO: "<ns0:GFB_Res xmlns:ns0=\"http:\/\/ABHICL_NBP_QuickQuote_Schemas.GFB_Response\"><errorObj><ErrorNumber>00<\/ErrorNumber><ErrorMessage>Success<\/ErrorMessage><\/errorObj><policyDtls><TransactionReferenceNumber><\/TransactionReferenceNumber><QuotationNumber>XL100986684<\/QuotationNumber><CertificateNumber>GPA-XL-22-2000012<\/CertificateNumber><LetterURL>https:\/\/abpb.adityabirlahealth.com\/hbletter\/viewletter.aspx?ABH=1147541&amp;TRM=GPA-XL-22-2000012<\/LetterURL><ClientID>0001550642<\/ClientID><ProductName>Group Activ Secure<\/ProductName><ProductCode>4000<\/ProductCode><LineOfBusiness>40<\/LineOfBusiness><startDate>4\/13\/2022 12:00:00 AM<\/startDate><EndDate>4\/12\/2023 11:59:00 PM<\/EndDate><PolicyNumber>62-20-00065-00-00<\/PolicyNumber><ProposalNumber>XL100986684<\/ProposalNumber><PolicyStatus>IF<\/PolicyStatus><Tenure>1<\/Tenure><stpFlag>0<\/stpFlag><MemberCustomerID>1649832212GPA2<\/MemberCustomerID><\/policyDtls><premium><BasePremium>1695.00<\/BasePremium><NetPremium>1695.00<\/NetPremium><GST>305.10<\/GST><GrossPremium>2000.00<\/GrossPremium><\/premium><receiptObj><ReceiptNumber>R70170985<\/ReceiptNumber><ReceiptAmount>2000.50<\/ReceiptAmount><ExcessAmount>0.50<\/ExcessAmount><\/receiptObj><\/ns0:GFB_Res>" [] []
[2022-04-13 12:25:07] api_insert.INFO: {"emp_id":"627367","proposal_id":"3466","member_fr_id":"1","client_id":"0001550642","certificate_number":"GPA-XL-22-2000012","quotation_no":"XL100986684","proposal_no":"XL100986684","policy_no":"62-20-00065-00-00","gross_premium":"2000.00","status":"Success","start_date":"4\/13\/2022 12:00:00 AM","end_date":"4\/12\/2023 11:59:00 PM","created_date":"2022-04-13 12:25:07","proposal_no_lead":"P-1729974719577894","PolicyStatus":"IF","letter_url":"https:\/\/abpb.adityabirlahealth.com\/hbletter\/viewletter.aspx?ABH=1147541&TRM=GPA-XL-22-2000012","CustomerID":"1649832212GPA2","MemberCustomerID":"1649832212GPA2","create_policy_type":0,"ReceiptNumber":"R70170985"} [] []
[2022-04-13 12:25:09] generateOTP.INFO: test [] []
[2022-04-13 12:25:09] generateOTP.INFO: test [] []
[2022-04-13 12:26:06] generateOTP.INFO: test [] []
[2022-04-13 12:26:07] generateOTP.INFO: test [] []
[2022-04-13 12:26:13] generateOTP.INFO: test [] []
[2022-04-13 12:26:37] generateOTP.INFO: test [] []
[2022-04-13 12:26:42] generateOTP.INFO: test [] []
[2022-04-13 12:27:00] generateOTP.INFO: test [] []
[2022-04-13 12:27:17] generateOTP.INFO: test [] []
[2022-04-13 12:27:23] generateOTP.INFO: test [] []
[2022-04-13 12:27:29] generateOTP.INFO: test [] []
[2022-04-13 12:27:30] generateOTP.INFO: test [] []
[2022-04-13 12:27:36] generateOTP.INFO: test [] []
[2022-04-13 12:27:49] generateOTP.INFO: test [] []
[2022-04-13 12:27:59] generateOTP.INFO: test [] []
[2022-04-13 12:28:15] generateOTP.INFO: test [] []
[2022-04-13 12:29:38] generateOTP.INFO: test [] []
[2022-04-13 12:29:40] generateOTP.INFO: test [] []
[2022-04-13 12:29:41] generateOTP.INFO: test [] []
[2022-04-13 12:29:42] generateOTP.INFO: test [] []
[2022-04-13 12:29:42] generateOTP.INFO: test [] []
[2022-04-13 12:31:09] generateOTP.INFO: test [] []
[2022-04-13 12:31:11] generateOTP.INFO: test [] []
[2022-04-13 12:31:12] generateOTP.INFO: test [] []
[2022-04-13 12:31:12] generateOTP.INFO: test [] []
[2022-04-13 12:31:15] generateOTP.INFO: test [] []
[2022-04-13 12:31:57] generateOTP.INFO: test [] []
[2022-04-13 12:32:35] generateOTP.INFO: test [] []
[2022-04-13 12:32:47] generateOTP.INFO: test [] []
[2022-04-13 12:32:49] generateOTP.INFO: test [] []
[2022-04-13 12:32:52] generateOTP.INFO: test [] []
[2022-04-13 12:32:53] generateOTP.INFO: test [] []
[2022-04-13 12:32:53] generateOTP.INFO: test [] []
[2022-04-13 12:33:08] generateOTP.INFO: test [] []
[2022-04-13 12:33:13] generateOTP.INFO: test [] []
[2022-04-13 12:33:15] generateOTP.INFO: test [] []
[2022-04-13 12:33:17] generateOTP.INFO: test [] []
[2022-04-13 12:33:17] generateOTP.INFO: test [] []
[2022-04-13 12:33:18] generateOTP.INFO: test [] []
[2022-04-13 12:33:20] generateOTP.INFO: test [] []
[2022-04-13 12:33:34] generateOTP.INFO: test [] []
[2022-04-13 12:34:24] generateOTP.INFO: test [] []
[2022-04-13 12:34:27] generateOTP.INFO: test [] []
[2022-04-13 12:34:30] generateOTP.INFO: test [] []
[2022-04-13 12:34:31] generateOTP.INFO: test [] []
[2022-04-13 12:35:54] generateOTP.INFO: test [] []
[2022-04-13 12:36:32] generateOTP.INFO: test [] []
[2022-04-13 12:37:49] generateOTP.INFO: test [] []
[2022-04-13 12:38:10] generateOTP.INFO: test [] []
[2022-04-13 12:38:26] generateOTP.INFO: test [] []
[2022-04-13 12:39:05] generateOTP.INFO: test [] []
[2022-04-13 12:39:54] generateOTP.INFO: test [] []
[2022-04-13 12:40:27] generateOTP.INFO: test [] []
[2022-04-13 12:41:24] generateOTP.INFO: test [] []
[2022-04-13 12:41:24] generateOTP.INFO: test [] []
[2022-04-13 12:41:25] generateOTP.INFO: test [] []
[2022-04-13 12:41:27] generateOTP.INFO: test [] []
[2022-04-13 12:42:22] generateOTP.INFO: test [] []
[2022-04-13 12:42:27] generateOTP.INFO: test [] []
[2022-04-13 12:43:52] generateOTP.INFO: test [] []
[2022-04-13 12:44:05] generateOTP.INFO: test [] []
[2022-04-13 12:44:22] generateOTP.INFO: test [] []
[2022-04-13 12:53:56] generateOTP.INFO: test [] []
[2022-04-13 12:56:57] generateOTP.INFO: test [] []
[2022-04-13 12:57:52] generateOTP.INFO: test [] []
[2022-04-13 13:01:32] generateOTP.INFO: test [] []
[2022-04-13 14:30:39] generateOTP.INFO: test [] []
[2022-04-13 14:32:00] generateOTP.INFO: test [] []
[2022-04-13 14:32:02] generateOTP.INFO: test [] []
[2022-04-13 14:35:24] generateOTP.INFO: test [] []
[2022-04-13 14:39:02] generateOTP.INFO: test [] []
[2022-04-13 14:39:31] generateOTP.INFO: test [] []
[2022-04-13 14:39:31] generateOTP.INFO: test [] []
[2022-04-13 14:39:39] generateOTP.INFO: test [] []
[2022-04-13 14:40:14] generateOTP.INFO: test [] []
[2022-04-13 14:40:52] generateOTP.INFO: test [] []
[2022-04-13 14:41:24] generateOTP.INFO: test [] []
[2022-04-13 14:41:40] generateOTP.INFO: test [] []
[2022-04-13 14:41:51] generateOTP.INFO: test [] []
[2022-04-13 14:41:56] generateOTP.INFO: test [] []
[2022-04-13 14:42:01] generateOTP.INFO: test [] []
[2022-04-13 14:42:09] generateOTP.INFO: test [] []
[2022-04-13 14:42:10] generateOTP.INFO: test [] []
[2022-04-13 14:42:22] generateOTP.INFO: test [] []
[2022-04-13 14:42:39] generateOTP.INFO: test [] []
[2022-04-13 14:43:21] generateOTP.INFO: test [] []
[2022-04-13 14:45:13] generateOTP.INFO: test [] []
[2022-04-13 14:51:56] generateOTP.INFO: test [] []
[2022-04-13 14:51:56] generateOTP.INFO: test [] []
[2022-04-13 14:54:10] generateOTP.INFO: test [] []
[2022-04-13 14:54:11] generateOTP.INFO: test [] []
[2022-04-13 14:55:17] generateOTP.INFO: test [] []
[2022-04-13 14:55:17] generateOTP.INFO: test [] []
[2022-04-13 14:55:17] generateOTP.INFO: test [] []
[2022-04-13 14:55:17] generateOTP.INFO: test [] []
[2022-04-13 14:55:49] generateOTP.INFO: test [] []
[2022-04-13 14:55:49] generateOTP.INFO: test [] []
[2022-04-13 14:56:38] generateOTP.INFO: test [] []
[2022-04-13 14:56:38] generateOTP.INFO: test [] []
[2022-04-13 14:56:44] generateOTP.INFO: test [] []
[2022-04-13 14:59:38] generateOTP.INFO: test [] []
[2022-04-13 14:59:38] generateOTP.INFO: test [] []
[2022-04-13 14:59:38] generateOTP.INFO: test [] []
[2022-04-13 14:59:38] generateOTP.INFO: test [] []
[2022-04-13 14:59:38] generateOTP.INFO: test [] []
[2022-04-13 15:01:01] generateOTP.INFO: test [] []
[2022-04-13 15:01:02] generateOTP.INFO: test [] []
[2022-04-13 15:01:05] generateOTP.INFO: test [] []
[2022-04-13 15:01:22] generateOTP.INFO: test [] []
[2022-04-13 15:01:24] generateOTP.INFO: test [] []
[2022-04-13 15:01:38] generateOTP.INFO: test [] []
[2022-04-13 15:02:14] generateOTP.INFO: test [] []
[2022-04-13 15:02:49] generateOTP.INFO: test [] []
[2022-04-13 15:05:39] generateOTP.INFO: test [] []
[2022-04-13 15:05:40] generateOTP.INFO: test [] []
[2022-04-13 15:06:07] generateOTP.INFO: test [] []
[2022-04-13 15:06:07] generateOTP.INFO: test [] []
[2022-04-13 15:06:11] generateOTP.INFO: test [] []
[2022-04-13 15:06:11] generateOTP.INFO: test [] []
[2022-04-13 15:06:11] generateOTP.INFO: test [] []
[2022-04-13 15:06:11] generateOTP.INFO: test [] []
[2022-04-13 15:07:04] generateOTP.INFO: test [] []
[2022-04-13 15:07:04] generateOTP.INFO: test [] []
[2022-04-13 15:09:04] generateOTP.INFO: test [] []
[2022-04-13 15:09:05] generateOTP.INFO: test [] []
[2022-04-13 15:10:01] generateOTP.INFO: test [] []
[2022-04-13 15:15:14] generateOTP.INFO: test [] []
[2022-04-13 15:15:14] generateOTP.INFO: test [] []
[2022-04-13 15:15:14] generateOTP.INFO: test [] []
[2022-04-13 15:15:14] generateOTP.INFO: test [] []
[2022-04-13 15:16:05] generateOTP.INFO: test [] []
[2022-04-13 15:16:05] generateOTP.INFO: test [] []
[2022-04-13 15:16:26] generateOTP.INFO: test [] []
[2022-04-13 15:16:37] generateOTP.INFO: test [] []
[2022-04-13 15:16:44] generateOTP.INFO: test [] []
[2022-04-13 15:17:06] generateOTP.INFO: test [] []
[2022-04-13 15:20:13] generateOTP.INFO: test [] []
[2022-04-13 15:22:34] generateOTP.INFO: test [] []
[2022-04-13 15:38:17] generateOTP.INFO: test [] []
[2022-04-13 15:47:29] generateOTP.INFO: test [] []
[2022-04-13 15:47:30] generateOTP.INFO: test [] []
[2022-04-13 15:51:15] generateOTP.INFO: test [] []
[2022-04-13 15:51:15] generateOTP.INFO: test [] []
[2022-04-13 15:51:31] generateOTP.INFO: test [] []
[2022-04-13 15:51:31] generateOTP.INFO: test [] []
[2022-04-13 15:51:31] generateOTP.INFO: test [] []
[2022-04-13 15:51:31] generateOTP.INFO: test [] []
[2022-04-13 15:53:01] generateOTP.INFO: test [] []
[2022-04-13 15:53:01] generateOTP.INFO: test [] []
[2022-04-13 15:55:46] generateOTP.INFO: test [] []
[2022-04-13 15:55:46] generateOTP.INFO: test [] []
[2022-04-13 15:57:45] generateOTP.INFO: test [] []
[2022-04-13 15:57:46] generateOTP.INFO: test [] []
[2022-04-13 15:57:51] generateOTP.INFO: test [] []
[2022-04-13 16:00:20] generateOTP.INFO: test [] []
[2022-04-13 16:01:22] generateOTP.INFO: test [] []
[2022-04-13 16:01:23] generateOTP.INFO: test [] []
[2022-04-13 16:01:39] generateOTP.INFO: test [] []
[2022-04-13 16:02:03] generateOTP.INFO: test [] []
[2022-04-13 16:02:21] generateOTP.INFO: test [] []
[2022-04-13 16:02:22] generateOTP.INFO: test [] []
[2022-04-13 16:02:31] generateOTP.INFO: test [] []
[2022-04-13 16:02:41] generateOTP.INFO: test [] []
[2022-04-13 16:02:50] generateOTP.INFO: test [] []
[2022-04-13 16:09:21] generateOTP.INFO: test [] []
[2022-04-13 16:11:19] generateOTP.INFO: test [] []
[2022-04-13 16:12:24] generateOTP.INFO: test [] []
[2022-04-13 16:13:03] generateOTP.INFO: test [] []
[2022-04-13 16:14:53] generateOTP.INFO: test [] []
[2022-04-13 16:16:19] generateOTP.INFO: test [] []
[2022-04-13 16:17:44] generateOTP.INFO: test [] []
[2022-04-13 16:17:49] generateOTP.INFO: test [] []
[2022-04-13 16:18:16] generateOTP.INFO: test [] []
[2022-04-13 16:18:21] generateOTP.INFO: test [] []
[2022-04-13 16:18:22] generateOTP.INFO: test [] []
[2022-04-13 16:18:23] generateOTP.INFO: test [] []
[2022-04-13 16:18:26] generateOTP.INFO: test [] []
[2022-04-13 16:18:34] generateOTP.INFO: test [] []
[2022-04-13 16:18:50] generateOTP.INFO: test [] []
[2022-04-13 16:19:08] generateOTP.INFO: test [] []
[2022-04-13 16:19:19] generateOTP.INFO: test [] []
[2022-04-13 16:19:49] generateOTP.INFO: test [] []
[2022-04-13 16:22:44] generateOTP.INFO: test [] []
[2022-04-13 16:22:45] generateOTP.INFO: test [] []
[2022-04-13 16:24:32] generateOTP.INFO: test [] []
[2022-04-13 16:24:32] generateOTP.INFO: test [] []
[2022-04-13 16:24:39] generateOTP.INFO: test [] []
[2022-04-13 16:24:39] generateOTP.INFO: test [] []
[2022-04-13 16:24:39] generateOTP.INFO: test [] []
[2022-04-13 16:24:40] generateOTP.INFO: test [] []
[2022-04-13 16:24:59] generateOTP.INFO: test [] []
[2022-04-13 16:24:59] generateOTP.INFO: test [] []
[2022-04-13 16:25:46] generateOTP.INFO: test [] []
[2022-04-13 16:25:47] generateOTP.INFO: test [] []
[2022-04-13 16:27:02] generateOTP.INFO: test [] []
[2022-04-13 16:32:24] generateOTP.INFO: test [] []
[2022-04-13 16:32:24] generateOTP.INFO: test [] []
[2022-04-13 16:32:24] generateOTP.INFO: test [] []
[2022-04-13 16:32:24] generateOTP.INFO: test [] []
[2022-04-13 16:32:34] generateOTP.INFO: test [] []
[2022-04-13 16:32:35] generateOTP.INFO: test [] []
[2022-04-13 16:32:36] generateOTP.INFO: test [] []
[2022-04-13 16:33:01] generateOTP.INFO: test [] []
[2022-04-13 16:33:13] generateOTP.INFO: test [] []
[2022-04-13 16:33:44] generateOTP.INFO: test [] []
[2022-04-13 16:38:03] generateOTP.INFO: test [] []
[2022-04-13 16:38:04] generateOTP.INFO: test [] []
[2022-04-13 16:38:57] generateOTP.INFO: test [] []
[2022-04-13 16:39:46] generateOTP.INFO: test [] []
[2022-04-13 16:39:57] generateOTP.INFO: test [] []
[2022-04-13 16:42:22] generateOTP.INFO: test [] []
[2022-04-13 16:44:51] generateOTP.INFO: test [] []
[2022-04-13 16:45:16] generateOTP.INFO: test [] []
[2022-04-13 16:45:41] generateOTP.INFO: test [] []
[2022-04-13 16:51:10] generateOTP.INFO: test [] []
[2022-04-13 16:51:11] generateOTP.INFO: test [] []
[2022-04-13 16:51:12] generateOTP.INFO: test [] []
[2022-04-13 16:51:43] generateOTP.INFO: test [] []
[2022-04-13 16:51:48] generateOTP.INFO: test [] []
[2022-04-13 16:52:36] generateOTP.INFO: test [] []
[2022-04-13 16:54:02] generateOTP.INFO: test [] []
[2022-04-13 16:54:46] generateOTP.INFO: test [] []
[2022-04-13 16:55:46] generateOTP.INFO: test [] []
[2022-04-13 16:56:30] generateOTP.INFO: test [] []
[2022-04-13 16:56:32] generateOTP.INFO: test [] []
[2022-04-13 16:56:54] generateOTP.INFO: test [] []
[2022-04-13 16:57:53] generateOTP.INFO: test [] []
[2022-04-13 16:58:05] generateOTP.INFO: test [] []
[2022-04-13 16:58:06] generateOTP.INFO: test [] []
[2022-04-13 16:58:08] generateOTP.INFO: test [] []
[2022-04-13 16:58:36] generateOTP.INFO: test [] []
[2022-04-13 17:01:19] generateOTP.INFO: test [] []
[2022-04-13 17:01:26] generateOTP.INFO: test [] []
[2022-04-13 17:01:29] generateOTP.INFO: test [] []
[2022-04-13 17:01:40] generateOTP.INFO: test [] []
[2022-04-13 17:01:52] generateOTP.INFO: test [] []
[2022-04-13 17:05:57] generateOTP.INFO: test [] []
[2022-04-13 17:05:58] generateOTP.INFO: test [] []
[2022-04-13 17:06:01] generateOTP.INFO: test [] []
[2022-04-13 17:06:03] generateOTP.INFO: test [] []
[2022-04-13 17:07:07] generateOTP.INFO: test [] []
[2022-04-13 17:07:08] generateOTP.INFO: test [] []
[2022-04-13 17:07:58] generateOTP.INFO: test [] []
[2022-04-13 17:08:10] generateOTP.INFO: test [] []
[2022-04-13 17:09:14] generateOTP.INFO: test [] []
[2022-04-13 17:15:27] generateOTP.INFO: test [] []
[2022-04-13 17:19:43] generateOTP.INFO: test [] []
[2022-04-13 17:20:17] generateOTP.INFO: test [] []
[2022-04-13 17:20:34] generateOTP.INFO: test [] []
[2022-04-13 17:20:35] generateOTP.INFO: test [] []
[2022-04-13 17:21:02] generateOTP.INFO: test [] []
[2022-04-13 17:21:03] generateOTP.INFO: test [] []
[2022-04-13 17:21:10] generateOTP.INFO: test [] []
[2022-04-13 17:21:11] generateOTP.INFO: test [] []
[2022-04-13 17:21:38] generateOTP.INFO: test [] []
[2022-04-13 17:21:56] generateOTP.INFO: test [] []
[2022-04-13 17:24:38] generateOTP.INFO: test [] []
[2022-04-13 17:27:12] generateOTP.INFO: test [] []
[2022-04-13 17:27:30] generateOTP.INFO: test [] []
[2022-04-13 17:27:56] generateOTP.INFO: test [] []
[2022-04-13 17:28:53] generateOTP.INFO: test [] []
[2022-04-13 17:28:54] generateOTP.INFO: test [] []
[2022-04-13 17:29:23] generateOTP.INFO: test [] []
[2022-04-13 17:29:36] generateOTP.INFO: test [] []
[2022-04-13 17:30:02] generateOTP.INFO: test [] []
[2022-04-13 17:31:05] generateOTP.INFO: test [] []
[2022-04-13 17:31:16] generateOTP.INFO: test [] []
[2022-04-13 17:34:00] generateOTP.INFO: test [] []
[2022-04-13 17:34:01] generateOTP.INFO: test [] []
[2022-04-13 17:34:05] generateOTP.INFO: test [] []
[2022-04-13 17:34:39] generateOTP.INFO: test [] []
[2022-04-13 17:34:45] generateOTP.INFO: test [] []
[2022-04-13 17:35:02] generateOTP.INFO: test [] []
[2022-04-13 17:35:46] generateOTP.INFO: test [] []
[2022-04-13 17:37:09] generateOTP.INFO: test [] []
[2022-04-13 17:38:09] generateOTP.INFO: test [] []
[2022-04-13 17:38:20] generateOTP.INFO: test [] []
[2022-04-13 17:38:46] generateOTP.INFO: test [] []
[2022-04-13 17:39:32] generateOTP.INFO: test [] []
[2022-04-13 18:06:57] generateOTP.INFO: test [] []
[2022-04-13 18:06:59] generateOTP.INFO: test [] []
[2022-04-13 18:35:11] generateOTP.INFO: test [] []
[2022-04-13 18:35:11] generateOTP.INFO: test [] []
[2022-04-13 18:38:40] generateOTP.INFO: test [] []
[2022-04-13 18:38:49] generateOTP.INFO: test [] []
[2022-04-13 18:38:57] generateOTP.INFO: test [] []
[2022-04-13 18:41:41] generateOTP.INFO: test [] []
[2022-04-13 18:41:48] generateOTP.INFO: test [] []
[2022-04-13 18:44:44] generateOTP.INFO: test [] []
[2022-04-13 18:44:44] generateOTP.INFO: test [] []
[2022-04-13 18:47:11] generateOTP.INFO: test [] []
[2022-04-13 18:48:33] generateOTP.INFO: test [] []
[2022-04-13 18:49:03] generateOTP.INFO: test [] []
[2022-04-13 18:50:53] generateOTP.INFO: test [] []
[2022-04-13 18:52:32] generateOTP.INFO: test [] []
[2022-04-13 18:52:56] generateOTP.INFO: test [] []
[2022-04-13 18:52:59] generateOTP.INFO: test [] []
[2022-04-13 18:53:10] generateOTP.INFO: test [] []
[2022-04-13 18:53:11] generateOTP.INFO: test [] []
[2022-04-13 18:53:54] generateOTP.INFO: test [] []
[2022-04-13 18:54:06] generateOTP.INFO: test [] []
[2022-04-13 18:55:36] generateOTP.INFO: test [] []
[2022-04-13 18:57:12] generateOTP.INFO: test [] []
[2022-04-13 18:57:30] generateOTP.INFO: test [] []
[2022-04-13 18:57:51] generateOTP.INFO: test [] []
[2022-04-13 18:57:51] generateOTP.INFO: test [] []
[2022-04-13 18:57:54] generateOTP.INFO: test [] []
[2022-04-13 18:58:16] generateOTP.INFO: test [] []
[2022-04-13 18:58:24] generateOTP.INFO: test [] []
[2022-04-13 18:59:15] generateOTP.INFO: test [] []
[2022-04-13 18:59:17] generateOTP.INFO: test [] []
[2022-04-13 18:59:17] generateOTP.INFO: test [] []
[2022-04-13 18:59:33] generateOTP.INFO: test [] []
[2022-04-13 19:00:05] generateOTP.INFO: test [] []
[2022-04-13 19:00:05] generateOTP.INFO: test [] []
[2022-04-13 19:00:10] generateOTP.INFO: test [] []
[2022-04-13 19:00:29] generateOTP.INFO: test [] []
[2022-04-13 19:00:42] generateOTP.INFO: test [] []
[2022-04-13 19:00:59] generateOTP.INFO: test [] []
[2022-04-13 19:01:14] generateOTP.INFO: test [] []
[2022-04-13 19:01:38] generateOTP.INFO: test [] []
[2022-04-13 19:02:17] generateOTP.INFO: test [] []
[2022-04-13 19:03:09] generateOTP.INFO: test [] []
[2022-04-13 19:46:59] generateOTP.INFO: test [] []
[2022-04-13 19:52:11] generateOTP.INFO: test [] []
[2022-04-13 19:52:13] generateOTP.INFO: test [] []
[2022-04-13 21:33:26] generateOTP.INFO: test [] []
[2022-04-13 21:33:29] generateOTP.INFO: test [] []
