[2020-08-13 04:26:40] generateOTP.INFO: test [] []
[2020-08-13 04:29:59] generateOTP.INFO: test [] []
[2020-08-13 10:11:16] generateOTP.INFO: test [] []
[2020-08-13 10:13:42] generateOTP.INFO: test [] []
[2020-08-13 10:13:50] generateOTP.INFO: test [] []
[2020-08-13 10:13:51] generateOTP.INFO: test [] []
[2020-08-13 10:13:51] generateOTP.INFO: test [] []
[2020-08-13 10:13:52] generateOTP.INFO: test [] []
[2020-08-13 10:19:05] generateOTP.INFO: test [] []
[2020-08-13 10:19:07] generateOTP.INFO: test [] []
[2020-08-13 10:23:08] generateOTP.INFO: test [] []
[2020-08-13 10:23:09] generateOTP.INFO: test [] []
[2020-08-13 10:24:34] generateOTP.INFO: test [] []
[2020-08-13 10:24:38] generateOTP.INFO: test [] []
[2020-08-13 10:26:29] generateOTP.INFO: test [] []
[2020-08-13 10:26:52] generateOTP.INFO: test [] []
[2020-08-13 10:27:47] generateOTP.INFO: test [] []
[2020-08-13 10:28:21] generateOTP.INFO: test [] []
[2020-08-13 10:28:49] generateOTP.INFO: test [] []
[2020-08-13 10:29:11] generateOTP.INFO: test [] []
[2020-08-13 10:29:14] generateOTP.INFO: test [] []
[2020-08-13 10:29:31] generateOTP.INFO: test [] []
[2020-08-13 10:29:50] generateOTP.INFO: test [] []
[2020-08-13 10:29:58] generateOTP.INFO: test [] []
[2020-08-13 10:30:37] generateOTP.INFO: test [] []
[2020-08-13 10:32:21] generateOTP.INFO: test [] []
[2020-08-13 10:32:22] generateOTP.INFO: test [] []
[2020-08-13 10:32:22] generateOTP.INFO: test [] []
[2020-08-13 10:32:23] generateOTP.INFO: test [] []
[2020-08-13 10:32:34] generateOTP.INFO: test [] []
[2020-08-13 10:34:34] generateOTP.INFO: test [] []
[2020-08-13 10:34:59] generateOTP.INFO: test [] []
[2020-08-13 10:35:01] generateOTP.INFO: test [] []
[2020-08-13 10:36:18] generateOTP.INFO: test [] []
[2020-08-13 10:45:58] generateOTP.INFO: test [] []
[2020-08-13 10:52:16] generateOTP.INFO: test [] []
[2020-08-13 10:52:17] generateOTP.INFO: test [] []
[2020-08-13 10:52:27] generateOTP.INFO: test [] []
[2020-08-13 10:52:53] generateOTP.INFO: test [] []
[2020-08-13 10:53:01] generateOTP.INFO: test [] []
[2020-08-13 10:55:04] generateOTP.INFO: test [] []
[2020-08-13 11:03:05] generateOTP.INFO: test [] []
[2020-08-13 11:03:45] generateOTP.INFO: {"salutation":"3","firstname":"sonali","lastname":"vish","dob":"19-12-1988","mob_no":"9098673452","panCard":"XXXXXX456A","email":"sonalivish@gmail.com","ref1":"1","ref2":"1","comAdd":"Om hrad ntalatiof, holOmshre, talathioficeeachol, OmshreeSada9talathi","city":"MUMBAI","state":"MAHARASHTRA","pin_code":"622103","ISNRI":"N","update_emp_id":"622471","edit":"0","policy_no":"454,455","subtype_text":"1","sum_insure":"1000000","anuual_income":"","occupation":"1","familyConstruct":"1A+1K","family_members_id":"0","family_gender":"Female","first_name":"sonali","last_name":"vish","family_date_birth":"19-12-1988","age":"31","age_type":" years","tenure":"1 Year","family_id":"","s_date":"","marriage_date":"","premium":"14500","policyNo":"454,455","familyDataType":"undefined","empId":"622471","product":"RMxC5efb5c5a320e7","declare":"[]","gender":"Female","gci_options":"Yes"} [] []
[2020-08-13 11:04:14] generateOTP.INFO: {"salutation":"3","firstname":"sonali","lastname":"vish","dob":"19-12-1988","mob_no":"9098673452","panCard":"XXXXXX456A","email":"sonalivish@gmail.com","ref1":"1","ref2":"1","comAdd":"Om hrad ntalatiof, holOmshre, talathioficeeachol, OmshreeSada9talathi","city":"MUMBAI","state":"MAHARASHTRA","pin_code":"622103","ISNRI":"N","update_emp_id":"622471","edit":"0","policy_no":"454,455","subtype_text":"1","sum_insure":"1000000","anuual_income":"","occupation":"1","familyConstruct":"1A+1K","family_members_id":"3","family_gender":"Female","first_name":"piuyuyt","last_name":"V","family_date_birth":"07-02-2009","age":"11","age_type":" years","tenure":"1 Year","family_id":"","s_date":"","marriage_date":"","premium":"14500","policyNo":"454,455","familyDataType":"undefined","empId":"622471","product":"RMxC5efb5c5a320e7","declare":"[]","gender":"Female","gci_options":"Yes"} [] []
[2020-08-13 11:08:33] documentsSave.INFO: {"ops_type":"[\"0\",\"Y\"]","ids":"146,147,148"} [] []
[2020-08-13 11:08:33] documentsSaveFiles.INFO: [{"name":"testing.pdf","type":"application\/pdf","tmp_name":"\/tmp\/phpfYPyHv","error":0,"size":31140},{"name":"testing.pdf","type":"application\/pdf","tmp_name":"\/tmp\/phpv3VQ86","error":0,"size":31140}] [] []
[2020-08-13 11:09:24] generateOTP.INFO: test [] []
[2020-08-13 11:11:47] generateOTP.INFO: test [] []
[2020-08-13 11:11:48] generateOTP.INFO: test [] []
[2020-08-13 11:11:49] generateOTP.INFO: test [] []
[2020-08-13 11:11:49] generateOTP.INFO: test [] []
[2020-08-13 11:11:50] generateOTP.INFO: test [] []
[2020-08-13 11:12:09] generateOTP.INFO: test [] []
[2020-08-13 11:12:19] generateOTP.INFO: test [] []
[2020-08-13 11:12:26] generateOTP.INFO: test [] []
[2020-08-13 11:12:49] generateOTP.INFO: test [] []
[2020-08-13 11:12:55] generateOTP.INFO: test [] []
[2020-08-13 11:13:26] generateOTP.INFO: test [] []
[2020-08-13 11:13:38] generateOTP.INFO: test [] []
[2020-08-13 11:14:03] generateOTP.INFO: test [] []
[2020-08-13 11:14:15] generateOTP.INFO: test [] []
[2020-08-13 11:14:21] generateOTP.INFO: test [] []
[2020-08-13 11:14:34] generateOTP.INFO: test [] []
[2020-08-13 11:14:57] generateOTP.INFO: test [] []
[2020-08-13 11:15:03] generateOTP.INFO: test [] []
[2020-08-13 11:15:13] generateOTP.INFO: test [] []
[2020-08-13 11:15:51] generateOTP.INFO: test [] []
[2020-08-13 11:16:05] generateOTP.INFO: test [] []
[2020-08-13 11:19:43] generateOTP.INFO: test [] []
[2020-08-13 11:19:48] generateOTP.INFO: test [] []
[2020-08-13 11:34:01] generateOTP.INFO: test [] []
[2020-08-13 11:50:17] generateOTP.INFO: test [] []
[2020-08-13 11:52:45] generateOTP.INFO: test [] []
[2020-08-13 12:34:44] generateOTP.INFO: test [] []
[2020-08-13 12:35:14] generateOTP.INFO: test [] []
[2020-08-13 12:35:18] generateOTP.INFO: test [] []
[2020-08-13 12:35:28] generateOTP.INFO: test [] []
[2020-08-13 12:35:31] generateOTP.INFO: {"salutation":"2","firstname":"testa","lastname":"BANKING","dob":"19-12-1988","mob_no":"7098989898","panCard":"XXXXXX456A","email":"sbg@gmail.com","ref1":"1","ref2":"1","comAdd":"Om hrad ntalatiof, holOmshre, talathioficeeachol, OmshreeSada9talathi","city":"MUMBAI","state":"MAHARASHTRA","pin_code":"622103","ISNRI":"N","update_emp_id":"622473","edit":"0","policy_no":"454,455","subtype_text":"1","sum_insure":"1000000","anuual_income":"","occupation":"4","familyConstruct":"2A","family_members_id":"0","family_gender":"Female","first_name":"testa","last_name":"BANKING","family_date_birth":"19-12-1988","age":"31","age_type":" years","tenure":"1 Year","family_id":"","s_date":"","marriage_date":"","premium":"14500","policyNo":"454,455","familyDataType":"undefined","empId":"622473","product":"RMxC5efb5c5a320e7","declare":"[]","gender":"Female","gci_options":"Yes"} [] []
[2020-08-13 12:35:47] generateOTP.INFO: test [] []
[2020-08-13 12:36:02] generateOTP.INFO: test [] []
[2020-08-13 12:36:05] generateOTP.INFO: {"salutation":"2","firstname":"testa","lastname":"BANKING","dob":"19-12-1988","mob_no":"7098989898","panCard":"XXXXXX456A","email":"sbg@gmail.com","ref1":"1","ref2":"1","comAdd":"Om hrad ntalatiof, holOmshre, talathioficeeachol, OmshreeSada9talathi","city":"MUMBAI","state":"MAHARASHTRA","pin_code":"622103","ISNRI":"N","update_emp_id":"622473","edit":"0","policy_no":"454,455","subtype_text":"1","sum_insure":"1000000","anuual_income":"","occupation":"4","familyConstruct":"2A","family_members_id":"1","family_gender":"Male","first_name":"dfdkjhgkjkk","last_name":"kjkj","family_date_birth":"13-08-1987","age":"33","age_type":" years","tenure":"1 Year","family_id":"","s_date":"","marriage_date":"","premium":"14500","policyNo":"454,455","familyDataType":"undefined","empId":"622473","product":"RMxC5efb5c5a320e7","declare":"[]","gender":"Female","gci_options":"Yes"} [] []
[2020-08-13 12:36:05] generateOTP.INFO: test [] []
[2020-08-13 12:36:29] generateOTP.INFO: {"salutation":"3","firstname":"sonali","lastname":"V","dob":"19-12-1959","mob_no":"7789012345","panCard":"XXXXXX456A","email":"sonali111@gmail.com","ref1":"1","ref2":"1","comAdd":"Om hrad ntalatiof, holOmshre, talathioficeeachol, OmshreeSada9talathi","city":"MUMBAI","state":"MAHARASHTRA","pin_code":"622103","ISNRI":"N","update_emp_id":"622474","edit":"0","policy_no":"403","subtype_text":"1","sum_insure":"1000000","anuual_income":"","familyConstruct":"2A","family_members_id":"0","family_gender":"Female","first_name":"sonali","last_name":"V","family_date_birth":"19-12-1959","age":"60","age_type":" years","tenure":"1 Year","family_id":"","s_date":"","marriage_date":"","premium":"28000","policyNo":"403","familyDataType":"undefined","empId":"622474","product":"NUKc5dd5468e43707","declare":"[]","gender":"Female","gci_options":"Yes"} [] []
[2020-08-13 12:37:30] generateOTP.INFO: {"salutation":"3","firstname":"sonali","lastname":"V","dob":"19-12-1959","mob_no":"7789012345","panCard":"XXXXXX456A","email":"sonali111@gmail.com","ref1":"1","ref2":"1","comAdd":"Om hrad ntalatiof, holOmshre, talathioficeeachol, OmshreeSada9talathi","city":"MUMBAI","state":"MAHARASHTRA","pin_code":"622103","ISNRI":"N","update_emp_id":"622474","edit":"0","policy_no":"403","subtype_text":"1","sum_insure":"1000000","anuual_income":"","familyConstruct":"2A","family_members_id":"1","family_gender":"Male","first_name":"hxhmcjh","last_name":"ycjvkj","family_date_birth":"23-06-1961","age":"59","age_type":" years","tenure":"1 Year","family_id":"","s_date":"","marriage_date":"","premium":"28000","policyNo":"403","familyDataType":"undefined","empId":"622474","product":"NUKc5dd5468e43707","declare":"[]","gender":"Female","gci_options":"Yes"} [] []
[2020-08-13 12:37:53] documentsSave.INFO: {"ops_type":"[\"0\",\"Y\"]","ids":"149,150,151"} [] []
[2020-08-13 12:37:53] documentsSaveFiles.INFO: [{"name":"Full Forms.jpeg","type":"image\/jpeg","tmp_name":"\/tmp\/phpW1dDg0","error":0,"size":128214},{"name":"Full Forms.jpeg","type":"image\/jpeg","tmp_name":"\/tmp\/phpLLOCZ7","error":0,"size":128214}] [] []
[2020-08-13 12:38:02] generateOTP.INFO: test [] []
[2020-08-13 12:38:08] generateOTP.INFO: test [] []
[2020-08-13 12:38:10] generateOTP.INFO: test [] []
[2020-08-13 12:38:11] generateOTP.INFO: test [] []
[2020-08-13 12:38:16] generateOTP.INFO: test [] []
[2020-08-13 12:38:23] generateOTP.INFO: test [] []
[2020-08-13 12:38:27] generateOTP.INFO: test [] []
[2020-08-13 12:38:45] generateOTP.INFO: test [] []
[2020-08-13 12:38:53] generateOTP.INFO: test [] []
[2020-08-13 12:38:59] generateOTP.INFO: test [] []
[2020-08-13 12:39:24] generateOTP.INFO: test [] []
[2020-08-13 12:44:14] generateOTP.INFO: test [] []
[2020-08-13 12:45:30] generateOTP.INFO: test [] []
[2020-08-13 12:45:53] generateOTP.INFO: {"salutation":"1","firstname":"testaaa","lastname":"BANKING","dob":"19-12-1988","mob_no":"7010444138","panCard":"XXXXXX456A","email":"jack@gmail.com","ref1":"1","ref2":"1","comAdd":"Om hrad ntalatiof, holOmshre, talathioficeeachol, OmshreeSada9talathi","city":"MUMBAI","state":"MAHARASHTRA","pin_code":"622103","ISNRI":"N","update_emp_id":"622475","edit":"0","policy_no":"454,455","subtype_text":"1","sum_insure":"1000000","anuual_income":"","occupation":"4","familyConstruct":"2A","family_members_id":"0","family_gender":"Male","first_name":"testaaa","last_name":"BANKING","family_date_birth":"19-12-1988","age":"31","age_type":" years","tenure":"1 Year","family_id":"","s_date":"","marriage_date":"","premium":"14500","policyNo":"454,455","familyDataType":"undefined","empId":"622475","product":"RMxC5efb5c5a320e7","declare":"[]","gender":"Male","gci_options":"Yes"} [] []
[2020-08-13 12:46:06] generateOTP.INFO: test [] []
[2020-08-13 12:46:16] generateOTP.INFO: {"salutation":"1","firstname":"testaaa","lastname":"BANKING","dob":"19-12-1988","mob_no":"7010444138","panCard":"XXXXXX456A","email":"jack@gmail.com","ref1":"1","ref2":"1","comAdd":"Om hrad ntalatiof, holOmshre, talathioficeeachol, OmshreeSada9talathi","city":"MUMBAI","state":"MAHARASHTRA","pin_code":"622103","ISNRI":"N","update_emp_id":"622475","edit":"0","policy_no":"454,455","subtype_text":"1","sum_insure":"1000000","anuual_income":"","occupation":"4","familyConstruct":"2A","family_members_id":"1","family_gender":"Female","first_name":"gggg","last_name":"jkkjj","family_date_birth":"11-08-1987","age":"33","age_type":" years","tenure":"1 Year","family_id":"","s_date":"","marriage_date":"","premium":"14500","policyNo":"454,455","familyDataType":"undefined","empId":"622475","product":"RMxC5efb5c5a320e7","declare":"[]","gender":"Male","gci_options":"Yes"} [] []
[2020-08-13 12:46:45] generateOTP.INFO: test [] []
[2020-08-13 12:46:52] generateOTP.INFO: test [] []
[2020-08-13 12:47:10] documentsSave.INFO: {"ops_type":"[]","ids":"152"} [] []
[2020-08-13 12:47:10] documentsSaveFiles.INFO: [] [] []
[2020-08-13 12:48:05] generateOTP.INFO: test [] []
[2020-08-13 12:48:52] generateOTP.INFO: test [] []
[2020-08-13 12:48:55] generateOTP.INFO: test [] []
[2020-08-13 12:51:07] generateOTP.INFO: test [] []
[2020-08-13 12:51:13] generateOTP.INFO: test [] []
[2020-08-13 12:51:42] documentsSave.INFO: {"ops_type":"[\"0\",\"Y\"]","ids":"153,154,155"} [] []
[2020-08-13 12:51:42] documentsSaveFiles.INFO: [{"name":"Full Forms.jpeg","type":"image\/jpeg","tmp_name":"\/tmp\/phpFH1zke","error":0,"size":128214},{"name":"Full Forms.jpeg","type":"image\/jpeg","tmp_name":"\/tmp\/phpgPymjA","error":0,"size":128214}] [] []
[2020-08-13 12:51:48] generateOTP.INFO: test [] []
[2020-08-13 12:52:49] generateOTP.INFO: test [] []
[2020-08-13 12:53:20] generateOTP.INFO: test [] []
[2020-08-13 12:53:25] generateOTP.INFO: test [] []
[2020-08-13 12:53:48] generateOTP.INFO: test [] []
[2020-08-13 12:54:36] generateOTP.INFO: test [] []
[2020-08-13 12:56:20] generateOTP.INFO: test [] []
[2020-08-13 12:58:42] generateOTP.INFO: test [] []
[2020-08-13 12:58:44] generateOTP.INFO: test [] []
[2020-08-13 12:58:50] generateOTP.INFO: test [] []
[2020-08-13 12:59:01] generateOTP.INFO: test [] []
[2020-08-13 12:59:03] generateOTP.INFO: test [] []
[2020-08-13 12:59:24] generateOTP.INFO: test [] []
[2020-08-13 12:59:44] generateOTP.INFO: test [] []
[2020-08-13 12:59:47] generateOTP.INFO: test [] []
[2020-08-13 13:10:13] generateOTP.INFO: test [] []
[2020-08-13 13:10:13] generateOTP.INFO: test [] []
[2020-08-13 13:10:13] generateOTP.INFO: test [] []
[2020-08-13 13:10:25] generateOTP.INFO: test [] []
[2020-08-13 13:10:29] generateOTP.INFO: test [] []
[2020-08-13 13:10:31] generateOTP.INFO: test [] []
[2020-08-13 13:10:32] generateOTP.INFO: test [] []
[2020-08-13 13:10:46] generateOTP.INFO: test [] []
[2020-08-13 13:11:18] generateOTP.INFO: test [] []
[2020-08-13 13:18:02] generateOTP.INFO: test [] []
[2020-08-13 13:25:55] generateOTP.INFO: test [] []
[2020-08-13 13:25:59] generateOTP.INFO: test [] []
[2020-08-13 13:26:00] generateOTP.INFO: test [] []
[2020-08-13 13:26:01] generateOTP.INFO: test [] []
[2020-08-13 13:27:28] generateOTP.INFO: test [] []
[2020-08-13 13:27:59] generateOTP.INFO: test [] []
[2020-08-13 13:33:43] generateOTP.INFO: test [] []
[2020-08-13 13:34:48] generateOTP.INFO: test [] []
[2020-08-13 13:35:03] generateOTP.INFO: test [] []
[2020-08-13 13:35:54] generateOTP.INFO: {"salutation":"1","firstname":"testaaaa","lastname":"BANKING","dob":"19-12-1970","mob_no":"7010989738","panCard":"XXXXXX456A","email":"tes@gmail.com","ref1":"1","ref2":"1","comAdd":"Om hrad ntalatiof, holOmshre, talathioficeeachol, OmshreeSada9talathi","city":"MUMBAI","state":"MAHARASHTRA","pin_code":"622103","ISNRI":"N","update_emp_id":"622477","edit":"0","policy_no":"403","subtype_text":"1","sum_insure":"1000000","anuual_income":"","familyConstruct":"2A","family_members_id":"0","family_gender":"Male","first_name":"testaaaa","last_name":"BANKING","family_date_birth":"19-12-1970","age":"49","age_type":" years","tenure":"1 Year","family_id":"","s_date":"","marriage_date":"","premium":"28000","policyNo":"403","familyDataType":"undefined","empId":"622477","product":"NUKc5dd5468e43707","declare":"[]","gender":"Male","gci_options":"Yes"} [] []
[2020-08-13 13:36:32] generateOTP.INFO: {"salutation":"1","firstname":"testaaaa","lastname":"BANKING","dob":"19-12-1970","mob_no":"7010989738","panCard":"XXXXXX456A","email":"tes@gmail.com","ref1":"1","ref2":"1","comAdd":"Om hrad ntalatiof, holOmshre, talathioficeeachol, OmshreeSada9talathi","city":"MUMBAI","state":"MAHARASHTRA","pin_code":"622103","ISNRI":"N","update_emp_id":"622477","edit":"0","policy_no":"403","subtype_text":"1","sum_insure":"1000000","anuual_income":"","familyConstruct":"2A","family_members_id":"1","family_gender":"Female","first_name":"lklk","last_name":"dfdfg","family_date_birth":"07-08-1969","age":"51","age_type":" years","tenure":"1 Year","family_id":"","s_date":"","marriage_date":"","premium":"28000","policyNo":"403","familyDataType":"undefined","empId":"622477","product":"NUKc5dd5468e43707","declare":"[]","gender":"Male","gci_options":"Yes"} [] []
[2020-08-13 13:43:48] generateOTP.INFO: test [] []
[2020-08-13 13:46:10] generateOTP.INFO: test [] []
[2020-08-13 13:46:12] generateOTP.INFO: test [] []
[2020-08-13 13:46:12] generateOTP.INFO: test [] []
[2020-08-13 13:46:28] generateOTP.INFO: test [] []
[2020-08-13 13:46:29] generateOTP.INFO: test [] []
[2020-08-13 13:46:31] generateOTP.INFO: test [] []
[2020-08-13 13:46:32] generateOTP.INFO: test [] []
[2020-08-13 13:46:33] generateOTP.INFO: test [] []
[2020-08-13 13:46:33] generateOTP.INFO: test [] []
[2020-08-13 13:47:14] generateOTP.INFO: test [] []
[2020-08-13 13:47:38] generateOTP.INFO: test [] []
[2020-08-13 13:48:08] generateOTP.INFO: test [] []
[2020-08-13 13:48:10] generateOTP.INFO: test [] []
[2020-08-13 13:49:19] generateOTP.INFO: test [] []
[2020-08-13 13:49:21] generateOTP.INFO: test [] []
[2020-08-13 13:50:03] generateOTP.INFO: test [] []
[2020-08-13 13:53:49] generateOTP.INFO: test [] []
[2020-08-13 13:53:50] generateOTP.INFO: test [] []
[2020-08-13 13:53:53] generateOTP.INFO: test [] []
[2020-08-13 13:54:34] generateOTP.INFO: test [] []
[2020-08-13 14:24:25] generateOTP.INFO: test [] []
[2020-08-13 14:30:27] generateOTP.INFO: test [] []
[2020-08-13 14:44:57] generateOTP.INFO: test [] []
[2020-08-13 14:45:33] generateOTP.INFO: test [] []
[2020-08-13 14:45:48] generateOTP.INFO: test [] []
[2020-08-13 14:45:49] generateOTP.INFO: test [] []
[2020-08-13 14:46:27] generateOTP.INFO: test [] []
[2020-08-13 14:54:19] generateOTP.INFO: test [] []
[2020-08-13 14:55:05] generateOTP.INFO: test [] []
[2020-08-13 14:55:28] generateOTP.INFO: test [] []
[2020-08-13 14:55:55] generateOTP.INFO: test [] []
[2020-08-13 14:55:58] generateOTP.INFO: test [] []
[2020-08-13 14:55:59] generateOTP.INFO: test [] []
[2020-08-13 14:56:33] generateOTP.INFO: test [] []
[2020-08-13 14:56:53] generateOTP.INFO: {"salutation":"1","firstname":"testaaaa","lastname":"BANKING","dob":"19-12-1970","mob_no":"7010989738","panCard":"XXXXXX456A","email":"tes@gmail.com","ref1":"1","ref2":"1","comAdd":"Om hrad ntalatiof, holOmshre, talathioficeeachol, OmshreeSada9talathi","city":"Illuppur","state":"TAMIL NADU","pin_code":"622103","ISNRI":"N","update_emp_id":"622477","edit":"0","policy_no":"403","subtype_text":"1","sum_insure":"1000000","anuual_income":"","familyConstruct":"2A","family_members_id":"0","family_gender":"Male","first_name":"testaaaa","last_name":"BANKING","family_date_birth":"19-12-1970","age":"49","age_type":" years","tenure":"1 Year","family_id":"","s_date":"07-08-1969","marriage_date":"","premium":"28000","policyNo":"403","familyDataType":"undefined","empId":"622477","product":"NUKc5dd5468e43707","declare":"[]","gender":"Male","gci_options":"Yes"} [] []
[2020-08-13 14:57:41] generateOTP.INFO: test [] []
[2020-08-13 15:02:11] generateOTP.INFO: test [] []
[2020-08-13 15:06:58] generateOTP.INFO: test [] []
[2020-08-13 15:07:02] generateOTP.INFO: test [] []
[2020-08-13 15:07:54] generateOTP.INFO: test [] []
[2020-08-13 15:07:56] generateOTP.INFO: test [] []
[2020-08-13 15:08:16] generateOTP.INFO: test [] []
[2020-08-13 15:08:17] generateOTP.INFO: test [] []
[2020-08-13 15:08:20] generateOTP.INFO: test [] []
[2020-08-13 15:12:33] generateOTP.INFO: test [] []
[2020-08-13 15:12:37] generateOTP.INFO: test [] []
[2020-08-13 15:12:54] generateOTP.INFO: test [] []
[2020-08-13 15:13:07] generateOTP.INFO: test [] []
[2020-08-13 15:13:51] generateOTP.INFO: test [] []
[2020-08-13 15:25:14] generateOTP.INFO: test [] []
[2020-08-13 15:25:24] generateOTP.INFO: test [] []
[2020-08-13 15:26:15] generateOTP.INFO: test [] []
[2020-08-13 15:27:53] documentsSave.INFO: {"ops_type":"[\"0\",\"Y\"]","ids":"156"} [] []
[2020-08-13 15:27:53] documentsSaveFiles.INFO: [{"name":"Full Forms.jpeg","type":"image\/jpeg","tmp_name":"\/tmp\/phpxlnqKg","error":0,"size":128214},{"name":"Full Forms.jpeg","type":"image\/jpeg","tmp_name":"\/tmp\/phpMTgHq5","error":0,"size":128214}] [] []
[2020-08-13 16:41:57] generateOTP.INFO: test [] []
[2020-08-13 16:43:37] generateOTP.INFO: test [] []
[2020-08-13 16:44:32] generateOTP.INFO: {"salutation":"1","firstname":"testaaa","lastname":"BANKING","dob":"19-12-1970","mob_no":"7010444138","panCard":"XXXXXX456A","email":"jack@gmail.com","ref1":"1","ref2":"1","comAdd":"Om hrad ntalatiof, holOmshre, talathioficeeachol, OmshreeSada9talathi","city":"MUMBAI","state":"MAHARASHTRA","pin_code":"622103","ISNRI":"N","update_emp_id":"622478","edit":"0","policy_no":"403","subtype_text":"1","sum_insure":"500000","anuual_income":"","familyConstruct":"2A","family_members_id":"0","family_gender":"Male","first_name":"testaaa","last_name":"BANKING","family_date_birth":"19-12-1970","age":"49","age_type":" years","tenure":"1 Year","family_id":"","s_date":"","marriage_date":"","premium":"23000","policyNo":"403","familyDataType":"undefined","empId":"622478","product":"NUKc5dd5468e43707","declare":"[]","gender":"Male","gci_options":"Yes"} [] []
[2020-08-13 16:44:57] generateOTP.INFO: {"salutation":"1","firstname":"testaaa","lastname":"BANKING","dob":"19-12-1970","mob_no":"7010444138","panCard":"XXXXXX456A","email":"jack@gmail.com","ref1":"1","ref2":"1","comAdd":"Om hrad ntalatiof, holOmshre, talathioficeeachol, OmshreeSada9talathi","city":"MUMBAI","state":"MAHARASHTRA","pin_code":"622103","ISNRI":"N","update_emp_id":"622478","edit":"0","policy_no":"403","subtype_text":"1","sum_insure":"500000","anuual_income":"","familyConstruct":"2A","family_members_id":"1","family_gender":"Female","first_name":"lkljk","last_name":"dfd","family_date_birth":"23-08-1974","age":"45","age_type":" years","tenure":"1 Year","family_id":"","s_date":"","marriage_date":"","premium":"23000","policyNo":"403","familyDataType":"undefined","empId":"622478","product":"NUKc5dd5468e43707","declare":"[]","gender":"Male","gci_options":"Yes"} [] []
[2020-08-13 16:45:58] documentsSave.INFO: {"ops_type":"[\"0\",\"Y\"]","ids":"157"} [] []
[2020-08-13 16:45:58] documentsSaveFiles.INFO: [{"name":"Full Forms.jpeg","type":"image\/jpeg","tmp_name":"\/tmp\/phpJlsA6n","error":0,"size":128214},{"name":"Full Forms.jpeg","type":"image\/jpeg","tmp_name":"\/tmp\/phpyAmRnT","error":0,"size":128214}] [] []
[2020-08-13 16:46:06] generateOTP.INFO: test [] []
[2020-08-13 16:47:41] generateOTP.INFO: test [] []
[2020-08-13 16:48:04] generateOTP.INFO: {"salutation":"1","firstname":"testaaa","lastname":"BANKING","dob":"19-12-1988","mob_no":"7010444138","panCard":"XXXXXX456A","email":"jack@gmail.com","ref1":"1","ref2":"1","comAdd":"Om hrad ntalatiof, holOmshre, talathioficeeachol, OmshreeSada9talathi","city":"MUMBAI","state":"MAHARASHTRA","pin_code":"622103","ISNRI":"N","update_emp_id":"622479","edit":"0","policy_no":"454,455","subtype_text":"1","sum_insure":"1000000","anuual_income":"","occupation":"4","familyConstruct":"2A","family_members_id":"0","family_gender":"Male","first_name":"testaaa","last_name":"BANKING","family_date_birth":"19-12-1988","age":"31","age_type":" years","tenure":"1 Year","family_id":"","s_date":"","marriage_date":"","premium":"14500","policyNo":"454,455","familyDataType":"undefined","empId":"622479","product":"RMxC5efb5c5a320e7","declare":"[]","gender":"Male","gci_options":"Yes"} [] []
[2020-08-13 16:48:28] generateOTP.INFO: {"salutation":"1","firstname":"testaaa","lastname":"BANKING","dob":"19-12-1988","mob_no":"7010444138","panCard":"XXXXXX456A","email":"jack@gmail.com","ref1":"1","ref2":"1","comAdd":"Om hrad ntalatiof, holOmshre, talathioficeeachol, OmshreeSada9talathi","city":"MUMBAI","state":"MAHARASHTRA","pin_code":"622103","ISNRI":"N","update_emp_id":"622479","edit":"0","policy_no":"454,455","subtype_text":"1","sum_insure":"1000000","anuual_income":"","occupation":"4","familyConstruct":"2A","family_members_id":"1","family_gender":"Female","first_name":"sdff","last_name":"ghjj","family_date_birth":"09-08-1990","age":"30","age_type":" years","tenure":"1 Year","family_id":"","s_date":"","marriage_date":"","premium":"14500","policyNo":"454,455","familyDataType":"undefined","empId":"622479","product":"RMxC5efb5c5a320e7","declare":"[]","gender":"Male","gci_options":"Yes"} [] []
[2020-08-13 16:49:28] documentsSave.INFO: {"ops_type":"[\"0\",\"Y\"]","ids":"158,159,160"} [] []
[2020-08-13 16:49:28] documentsSaveFiles.INFO: [{"name":"Full Forms.jpeg","type":"image\/jpeg","tmp_name":"\/tmp\/phpsdo2Z4","error":0,"size":128214},{"name":"Full Forms.jpeg","type":"image\/jpeg","tmp_name":"\/tmp\/phpTef3T2","error":0,"size":128214}] [] []
[2020-08-13 16:49:48] generateOTP.INFO: test [] []
[2020-08-13 16:49:55] generateOTP.INFO: test [] []
[2020-08-13 16:49:59] generateOTP.INFO: test [] []
[2020-08-13 16:50:01] generateOTP.INFO: test [] []
[2020-08-13 16:50:09] generateOTP.INFO: test [] []
[2020-08-13 16:50:58] generateOTP.INFO: test [] []
[2020-08-13 16:54:03] generateOTP.INFO: test [] []
[2020-08-13 16:55:01] generateOTP.INFO: test [] []
[2020-08-13 16:55:04] generateOTP.INFO: test [] []
[2020-08-13 16:55:17] generateOTP.INFO: test [] []
[2020-08-13 16:55:48] generateOTP.INFO: test [] []
[2020-08-13 16:55:50] generateOTP.INFO: test [] []
[2020-08-13 16:57:00] generateOTP.INFO: test [] []
[2020-08-13 16:57:06] generateOTP.INFO: test [] []
[2020-08-13 16:57:40] generateOTP.INFO: test [] []
[2020-08-13 16:57:42] generateOTP.INFO: test [] []
[2020-08-13 16:57:42] generateOTP.INFO: test [] []
[2020-08-13 16:57:59] generateOTP.INFO: test [] []
[2020-08-13 16:58:05] generateOTP.INFO: test [] []
[2020-08-13 16:58:13] generateOTP.INFO: test [] []
[2020-08-13 16:58:25] generateOTP.INFO: test [] []
[2020-08-13 16:58:57] generateOTP.INFO: test [] []
[2020-08-13 16:59:19] generateOTP.INFO: test [] []
[2020-08-13 16:59:35] generateOTP.INFO: test [] []
[2020-08-13 16:59:54] generateOTP.INFO: test [] []
[2020-08-13 17:00:19] generateOTP.INFO: test [] []
[2020-08-13 17:00:42] generateOTP.INFO: test [] []
[2020-08-13 17:01:22] generateOTP.INFO: test [] []
[2020-08-13 17:02:21] generateOTP.INFO: test [] []
[2020-08-13 17:02:30] generateOTP.INFO: test [] []
[2020-08-13 17:02:57] generateOTP.INFO: test [] []
[2020-08-13 19:33:15] generateOTP.INFO: test [] []
[2020-08-13 20:22:24] generateOTP.INFO: test [] []
[2020-08-13 20:23:54] generateOTP.INFO: test [] []
[2020-08-13 20:24:15] generateOTP.INFO: test [] []
[2020-08-13 20:26:15] generateOTP.INFO: test [] []
