[2020-11-13 00:33:16] generateOTP.INFO: test [] []
[2020-11-13 09:50:21] generateOTP.INFO: test [] []
[2020-11-13 10:38:08] generateOTP.INFO: test [] []
[2020-11-13 10:38:10] generateOTP.INFO: test [] []
[2020-11-13 10:38:10] generateOTP.INFO: test [] []
[2020-11-13 10:38:11] generateOTP.INFO: test [] []
[2020-11-13 10:38:20] generateOTP.INFO: test [] []
[2020-11-13 10:38:30] generateOTP.INFO: test [] []
[2020-11-13 10:38:38] generateOTP.INFO: test [] []
[2020-11-13 10:39:22] generateOTP.INFO: test [] []
[2020-11-13 10:40:07] generateOTP.INFO: test [] []
[2020-11-13 10:49:44] generateOTP.INFO: test [] []
[2020-11-13 10:49:46] generateOTP.INFO: test [] []
[2020-11-13 10:49:50] generateOTP.INFO: test [] []
[2020-11-13 10:50:13] generateOTP.INFO: test [] []
[2020-11-13 10:50:45] generateOTP.INFO: test [] []
[2020-11-13 10:50:46] generateOTP.INFO: test [] []
[2020-11-13 10:50:59] generateOTP.INFO: test [] []
[2020-11-13 10:51:15] generateOTP.INFO: test [] []
[2020-11-13 10:51:18] generateOTP.INFO: test [] []
[2020-11-13 10:51:22] generateOTP.INFO: test [] []
[2020-11-13 10:51:23] generateOTP.INFO: test [] []
[2020-11-13 10:51:31] generateOTP.INFO: test [] []
[2020-11-13 11:07:05] generateOTP.INFO: test [] []
[2020-11-13 11:07:07] generateOTP.INFO: test [] []
[2020-11-13 11:07:21] generateOTP.INFO: test [] []
[2020-11-13 11:08:30] generateOTP.INFO: test [] []
[2020-11-13 11:08:31] generateOTP.INFO: test [] []
[2020-11-13 11:09:01] generateOTP.INFO: test [] []
[2020-11-13 11:09:06] generateOTP.INFO: test [] []
[2020-11-13 11:09:06] generateOTP.INFO: test [] []
[2020-11-13 11:10:59] generateOTP.INFO: test [] []
[2020-11-13 11:12:41] generateOTP.INFO: test [] []
[2020-11-13 11:23:29] generateOTP.INFO: test [] []
[2020-11-13 11:26:24] generateOTP.INFO: test [] []
[2020-11-13 11:26:25] generateOTP.INFO: test [] []
[2020-11-13 11:26:38] generateOTP.INFO: test [] []
[2020-11-13 11:27:12] generateOTP.INFO: test [] []
[2020-11-13 11:29:02] generateOTP.INFO: test [] []
[2020-11-13 11:29:03] generateOTP.INFO: test [] []
[2020-11-13 11:29:13] generateOTP.INFO: test [] []
[2020-11-13 11:29:20] generateOTP.INFO: test [] []
[2020-11-13 11:29:55] generateOTP.INFO: test [] []
[2020-11-13 11:30:06] generateOTP.INFO: test [] []
[2020-11-13 11:30:30] generateOTP.INFO: test [] []
[2020-11-13 11:30:51] generateOTP.INFO: test [] []
[2020-11-13 11:55:40] generateOTP.INFO: test [] []
[2020-11-13 11:55:42] generateOTP.INFO: test [] []
[2020-11-13 11:55:53] generateOTP.INFO: test [] []
[2020-11-13 11:56:02] generateOTP.INFO: test [] []
[2020-11-13 11:56:03] generateOTP.INFO: test [] []
[2020-11-13 11:56:09] generateOTP.INFO: test [] []
[2020-11-13 11:56:24] generateOTP.INFO: test [] []
[2020-11-13 11:56:25] generateOTP.INFO: test [] []
[2020-11-13 11:56:32] generateOTP.INFO: test [] []
[2020-11-13 11:56:46] generateOTP.INFO: test [] []
[2020-11-13 11:57:22] generateOTP.INFO: test [] []
[2020-11-13 11:58:09] generateOTP.INFO: test [] []
[2020-11-13 11:58:22] generateOTP.INFO: test [] []
[2020-11-13 11:59:03] generateOTP.INFO: test [] []
[2020-11-13 11:59:04] generateOTP.INFO: test [] []
[2020-11-13 11:59:14] generateOTP.INFO: test [] []
[2020-11-13 11:59:37] generateOTP.INFO: test [] []
[2020-11-13 11:59:38] generateOTP.INFO: test [] []
[2020-11-13 11:59:44] generateOTP.INFO: test [] []
[2020-11-13 11:59:49] generateOTP.INFO: test [] []
[2020-11-13 11:59:51] generateOTP.INFO: test [] []
[2020-11-13 11:59:58] generateOTP.INFO: test [] []
[2020-11-13 12:02:06] generateOTP.INFO: test [] []
[2020-11-13 12:04:40] generateOTP.INFO: test [] []
[2020-11-13 12:09:49] generateOTP.INFO: test [] []
[2020-11-13 12:09:51] generateOTP.INFO: test [] []
[2020-11-13 12:09:58] generateOTP.INFO: test [] []
[2020-11-13 12:10:19] generateOTP.INFO: test [] []
[2020-11-13 12:11:01] generateOTP.INFO: test [] []
[2020-11-13 12:11:01] generateOTP.INFO: test [] []
[2020-11-13 12:11:09] generateOTP.INFO: test [] []
[2020-11-13 12:11:12] generateOTP.INFO: test [] []
[2020-11-13 12:16:04] generateOTP.INFO: test [] []
[2020-11-13 12:16:05] generateOTP.INFO: test [] []
[2020-11-13 12:16:24] generateOTP.INFO: test [] []
[2020-11-13 12:16:38] generateOTP.INFO: test [] []
[2020-11-13 12:16:38] generateOTP.INFO: test [] []
[2020-11-13 12:16:47] generateOTP.INFO: test [] []
[2020-11-13 12:17:10] generateOTP.INFO: test [] []
[2020-11-13 12:50:18] generateOTP.INFO: test [] []
[2020-11-13 12:50:18] generateOTP.INFO: test [] []
[2020-11-13 12:50:21] generateOTP.INFO: test [] []
[2020-11-13 13:07:33] generateOTP.INFO: test [] []
[2020-11-13 13:07:35] generateOTP.INFO: test [] []
[2020-11-13 13:22:12] generateOTP.INFO: test [] []
[2020-11-13 13:22:13] generateOTP.INFO: test [] []
[2020-11-13 13:22:14] generateOTP.INFO: test [] []
[2020-11-13 13:22:14] generateOTP.INFO: test [] []
[2020-11-13 13:22:15] generateOTP.INFO: test [] []
[2020-11-13 13:22:17] generateOTP.INFO: test [] []
[2020-11-13 13:22:18] generateOTP.INFO: test [] []
[2020-11-13 13:22:28] generateOTP.INFO: test [] []
[2020-11-13 13:23:07] generateOTP.INFO: test [] []
[2020-11-13 14:12:04] generateOTP.INFO: test [] []
[2020-11-13 14:12:09] generateOTP.INFO: test [] []
[2020-11-13 14:12:15] generateOTP.INFO: test [] []
[2020-11-13 14:12:38] generateOTP.INFO: test [] []
[2020-11-13 14:12:53] generateOTP.INFO: test [] []
[2020-11-13 14:13:00] generateOTP.INFO: test [] []
[2020-11-13 14:13:02] generateOTP.INFO: test [] []
[2020-11-13 14:14:44] generateOTP.INFO: test [] []
[2020-11-13 14:15:17] generateOTP.INFO: test [] []
[2020-11-13 14:15:26] generateOTP.INFO: test [] []
[2020-11-13 14:15:55] generateOTP.INFO: {"salutation":"1","firstname":"test","lastname":"BANKING","dob":"19-12-1988","mob_no":"7010444138","panCard":"XXXXXX456A","email":"jack@gmail.com","ref1":"1","ref2":"1","comAdd":"Om hrad ntalatiof, holOmshre, talathioficeeachol, OmshreeSada9talathi","city":"MUMBAI","state":"MAHARASHTRA","pin_code":"622103","ISNRI":"N","update_emp_id":"623625","edit":"0","policy_no":"392,393","subtype_text":"1","sum_insure":"500000","anuual_income":"","familyConstruct":"1A","family_members_id":"1","family_gender":"Female","first_name":"test","last_name":"Test","family_date_birth":"08-11-2001","age":"19","age_type":" years","tenure":"1 Year","family_id":"","s_date":"","marriage_date":"","premium":"11799","policyNo":"392,393","familyDataType":"undefined","empId":"623625","product":"iWL65dcd54d9c5a65","declare":"[]","gender":"Male","gci_options":"Yes"} [] []
[2020-11-13 14:19:49] documentsSave.INFO: {"ops_type":"[]","ids":"349,350"} [] []
[2020-11-13 14:19:49] documentsSaveFiles.INFO: [] [] []
[2020-11-13 14:21:00] generateOTP.INFO: test [] []
[2020-11-13 14:21:06] generateOTP.INFO: test [] []
[2020-11-13 14:21:55] generateOTP.INFO: {"salutation":"1","firstname":"test","lastname":"BANKING","dob":"19-12-1988","mob_no":"7010444138","panCard":"XXXXXX456A","email":"jack@gmail.com","ref1":"1","ref2":"1","comAdd":"Om hrad ntalatiof, holOmshre, talathioficeeachol, OmshreeSada9talathi","city":"MUMBAI","state":"MAHARASHTRA","pin_code":"622103","ISNRI":"N","update_emp_id":"623626","edit":"0","policy_no":"454,455","subtype_text":"1","sum_insure":"1000000","anuual_income":"","occupation":"5","familyConstruct":"2A","family_members_id":"0","family_gender":"Male","first_name":"test","last_name":"BANKING","family_date_birth":"19-12-1988","age":"31","age_type":" years","tenure":"1 Year","family_id":"","s_date":"","marriage_date":"","premium":"14500","policyNo":"454,455","familyDataType":"undefined","empId":"623626","product":"RMxC5efb5c5a320e7","declare":"[]","gender":"Male","gci_options":"Yes"} [] []
[2020-11-13 14:21:57] generateOTP.INFO: test [] []
[2020-11-13 14:22:10] generateOTP.INFO: {"salutation":"1","firstname":"test","lastname":"BANKING","dob":"19-12-1988","mob_no":"7010444138","panCard":"XXXXXX456A","email":"jack@gmail.com","ref1":"1","ref2":"1","comAdd":"Om hrad ntalatiof, holOmshre, talathioficeeachol, OmshreeSada9talathi","city":"MUMBAI","state":"MAHARASHTRA","pin_code":"622103","ISNRI":"N","update_emp_id":"623626","edit":"0","policy_no":"454,455","subtype_text":"1","sum_insure":"1000000","anuual_income":"","occupation":"5","familyConstruct":"2A","family_members_id":"1","family_gender":"Female","first_name":"Test","last_name":"tets","family_date_birth":"07-11-1990","age":"30","age_type":" years","tenure":"1 Year","family_id":"","s_date":"","marriage_date":"","premium":"14500","policyNo":"454,455","familyDataType":"undefined","empId":"623626","product":"RMxC5efb5c5a320e7","declare":"[]","gender":"Male","gci_options":"Yes"} [] []
[2020-11-13 14:24:45] generateOTP.INFO: test [] []
[2020-11-13 14:24:51] generateOTP.INFO: test [] []
[2020-11-13 14:26:44] generateOTP.INFO: {"salutation":"1","firstname":"test","lastname":"BANKING","dob":"19-12-1988","mob_no":"7010444138","panCard":"XXXXXX456A","email":"jack@gmail.com","ref1":"1","ref2":"1","comAdd":"Om hrad ntalatiof, holOmshre, talathioficeeachol, OmshreeSada9talathi","city":"MUMBAI","state":"MAHARASHTRA","pin_code":"622103","ISNRI":"N","update_emp_id":"623627","edit":"0","policy_no":"403","subtype_text":"1","sum_insure":"500000","anuual_income":"","familyConstruct":"1A","family_members_id":"0","family_gender":"Male","first_name":"test","last_name":"BANKING","family_date_birth":"19-12-1988","age":"31","age_type":" years","tenure":"1 Year","family_id":"","s_date":"","marriage_date":"","premium":"13500","policyNo":"403","familyDataType":"undefined","empId":"623627","product":"NUKc5dd5468e43707","declare":"[]","gender":"Male","gci_options":"Yes"} [] []
[2020-11-13 14:27:20] generateOTP.INFO: {"salutation":"1","firstname":"test","lastname":"BANKING","dob":"19-12-1988","mob_no":"7010444138","panCard":"XXXXXX456A","email":"jack@gmail.com","ref1":"1","ref2":"1","comAdd":"Om hrad ntalatiof, holOmshre, talathioficeeachol, OmshreeSada9talathi","city":"MUMBAI","state":"MAHARASHTRA","pin_code":"622103","ISNRI":"N","update_emp_id":"623627","edit":"0","policy_no":"403","subtype_text":"1","sum_insure":"500000","anuual_income":"","familyConstruct":"1A","family_members_id":"5","family_gender":"Male","first_name":"dsdsadasd","last_name":"sdasdasd","family_date_birth":"07-11-2013","age":"7","age_type":" years","tenure":"1 Year","family_id":"","s_date":"","marriage_date":"","premium":"13500","policyNo":"403","familyDataType":"undefined","empId":"623627","product":"NUKc5dd5468e43707","declare":"[]","gender":"Male","gci_options":"Yes"} [] []
[2020-11-13 14:27:46] generateOTP.INFO: {"salutation":"1","firstname":"test","lastname":"BANKING","dob":"19-12-1988","mob_no":"7010444138","panCard":"XXXXXX456A","email":"jack@gmail.com","ref1":"1","ref2":"1","comAdd":"Om hrad ntalatiof, holOmshre, talathioficeeachol, OmshreeSada9talathi","city":"MUMBAI","state":"MAHARASHTRA","pin_code":"622103","ISNRI":"N","update_emp_id":"623627","edit":"0","policy_no":"403","subtype_text":"1","sum_insure":"500000","anuual_income":"","familyConstruct":"1A","family_members_id":"5","family_gender":"Male","first_name":"dsdsadasd","last_name":"sdasdasd","family_date_birth":"07-11-1978","age":"42","age_type":" years","tenure":"1 Year","family_id":"","s_date":"","marriage_date":"","premium":"13500","policyNo":"403","familyDataType":"undefined","empId":"623627","product":"NUKc5dd5468e43707","declare":"[]","gender":"Male","gci_options":"Yes"} [] []
[2020-11-13 14:27:53] generateOTP.INFO: {"salutation":"1","firstname":"test","lastname":"BANKING","dob":"19-12-1988","mob_no":"7010444138","panCard":"XXXXXX456A","email":"jack@gmail.com","ref1":"1","ref2":"1","comAdd":"Om hrad ntalatiof, holOmshre, talathioficeeachol, OmshreeSada9talathi","city":"MUMBAI","state":"MAHARASHTRA","pin_code":"622103","ISNRI":"N","update_emp_id":"623627","edit":"0","policy_no":"403","subtype_text":"1","sum_insure":"500000","anuual_income":"","familyConstruct":"1A","family_members_id":"5","family_gender":"Male","first_name":"dsdsadasd","last_name":"sdasdasd","family_date_birth":"13-11-1963","age":"57","age_type":" years","tenure":"1 Year","family_id":"","s_date":"","marriage_date":"","premium":"13500","policyNo":"403","familyDataType":"undefined","empId":"623627","product":"NUKc5dd5468e43707","declare":"[]","gender":"Male","gci_options":"Yes"} [] []
[2020-11-13 14:29:06] generateOTP.INFO: test [] []
[2020-11-13 14:29:12] generateOTP.INFO: test [] []
[2020-11-13 14:30:20] generateOTP.INFO: test [] []
[2020-11-13 14:30:28] generateOTP.INFO: test [] []
[2020-11-13 14:31:20] generateOTP.INFO: test [] []
[2020-11-13 14:31:36] generateOTP.INFO: test [] []
[2020-11-13 14:31:52] generateOTP.INFO: {"salutation":"1","firstname":"test","lastname":"BANKING","dob":"19-12-1988","mob_no":"7010444138","panCard":"XXXXXX456A","email":"jack@gmail.com","ref1":"1","ref2":"1","comAdd":"Om hrad ntalatiof, holOmshre, talathioficeeachol, OmshreeSada9talathi","city":"MUMBAI","state":"MAHARASHTRA","pin_code":"622103","ISNRI":"N","update_emp_id":"623628","edit":"0","policy_no":"460,461","subtype_text":"1","sum_insure":"1000000","anuual_income":"","occupation":"12","familyConstruct":"1A","family_members_id":"0","family_gender":"Male","first_name":"test","last_name":"BANKING","family_date_birth":"19-12-1988","age":"31","age_type":" years","tenure":"1 Year","premiumgci":"0","family_id":"","s_date":"","marriage_date":"","premium":"undefined","policyNo":"460,461","familyDataType":"undefined","empId":"623628","product":"YFsa5f4cb15ead28c","declare":"[]","gender":"Male","gci_options":"Yes"} [] []
[2020-11-13 14:32:08] generateOTP.INFO: {"salutation":"1","firstname":"test","lastname":"BANKING","dob":"19-12-1988","mob_no":"7010444138","panCard":"XXXXXX456A","email":"jack@gmail.com","ref1":"1","ref2":"1","comAdd":"Om hrad ntalatiof, holOmshre, talathioficeeachol, OmshreeSada9talathi","city":"MUMBAI","state":"MAHARASHTRA","pin_code":"622103","ISNRI":"N","update_emp_id":"623600","edit":"0","policy_no":"392,393","subtype_text":"1","sum_insure":"500000","anuual_income":"","familyConstruct":"2A","family_members_id":"0","family_gender":"Male","first_name":"test","last_name":"BANKING","family_date_birth":"19-12-1988","age":"31","age_type":" years","tenure":"1 Year","family_id":"","s_date":"","marriage_date":"","premium":"15999","policyNo":"392,393","familyDataType":"undefined","empId":"623600","product":"iWL65dcd54d9c5a65","declare":"[]","gender":"Male","gci_options":"Yes"} [] []
[2020-11-13 14:32:41] generateOTP.INFO: test [] []
[2020-11-13 14:33:46] generateOTP.INFO: test [] []
[2020-11-13 14:34:14] generateOTP.INFO: test [] []
[2020-11-13 14:34:16] generateOTP.INFO: test [] []
[2020-11-13 14:34:16] generateOTP.INFO: test [] []
[2020-11-13 14:35:11] generateOTP.INFO: test [] []
[2020-11-13 14:38:57] generateOTP.INFO: test [] []
[2020-11-13 14:46:38] generateOTP.INFO: test [] []
[2020-11-13 14:50:27] generateOTP.INFO: test [] []
[2020-11-13 14:55:18] generateOTP.INFO: test [] []
[2020-11-13 14:57:20] generateOTP.INFO: test [] []
[2020-11-13 14:58:57] generateOTP.INFO: test [] []
[2020-11-13 14:59:00] generateOTP.INFO: test [] []
[2020-11-13 14:59:13] generateOTP.INFO: test [] []
[2020-11-13 15:00:20] generateOTP.INFO: test [] []
[2020-11-13 15:00:21] generateOTP.INFO: test [] []
[2020-11-13 15:00:22] generateOTP.INFO: test [] []
[2020-11-13 15:00:23] generateOTP.INFO: test [] []
[2020-11-13 15:00:33] generateOTP.INFO: test [] []
[2020-11-13 15:00:41] generateOTP.INFO: test [] []
[2020-11-13 15:00:44] generateOTP.INFO: test [] []
[2020-11-13 15:01:00] generateOTP.INFO: test [] []
[2020-11-13 15:01:09] generateOTP.INFO: test [] []
[2020-11-13 15:01:21] generateOTP.INFO: test [] []
[2020-11-13 15:01:27] generateOTP.INFO: test [] []
[2020-11-13 15:01:30] generateOTP.INFO: test [] []
[2020-11-13 15:02:51] generateOTP.INFO: test [] []
[2020-11-13 15:03:13] generateOTP.INFO: test [] []
[2020-11-13 15:03:24] generateOTP.INFO: test [] []
[2020-11-13 15:03:29] generateOTP.INFO: test [] []
[2020-11-13 15:03:55] generateOTP.INFO: test [] []
[2020-11-13 15:04:09] generateOTP.INFO: test [] []
[2020-11-13 15:04:48] generateOTP.INFO: test [] []
[2020-11-13 15:06:06] generateOTP.INFO: test [] []
[2020-11-13 15:06:29] generateOTP.INFO: test [] []
[2020-11-13 15:06:31] generateOTP.INFO: test [] []
[2020-11-13 15:06:49] generateOTP.INFO: test [] []
[2020-11-13 15:07:13] generateOTP.INFO: test [] []
[2020-11-13 15:07:28] generateOTP.INFO: test [] []
[2020-11-13 15:08:24] generateOTP.INFO: test [] []
[2020-11-13 15:09:15] generateOTP.INFO: test [] []
[2020-11-13 15:09:17] generateOTP.INFO: test [] []
[2020-11-13 15:26:32] generateOTP.INFO: test [] []
[2020-11-13 15:26:45] generateOTP.INFO: test [] []
[2020-11-13 15:27:36] generateOTP.INFO: test [] []
[2020-11-13 15:27:36] generateOTP.INFO: test [] []
[2020-11-13 15:27:37] generateOTP.INFO: test [] []
[2020-11-13 15:28:40] generateOTP.INFO: test [] []
[2020-11-13 15:29:03] generateOTP.INFO: test [] []
[2020-11-13 15:29:14] generateOTP.INFO: test [] []
[2020-11-13 15:29:15] generateOTP.INFO: test [] []
[2020-11-13 15:29:24] generateOTP.INFO: test [] []
[2020-11-13 15:29:25] generateOTP.INFO: test [] []
[2020-11-13 15:32:27] generateOTP.INFO: test [] []
[2020-11-13 15:32:42] generateOTP.INFO: test [] []
[2020-11-13 15:32:50] generateOTP.INFO: test [] []
[2020-11-13 15:32:58] generateOTP.INFO: test [] []
[2020-11-13 15:34:00] generateOTP.INFO: test [] []
[2020-11-13 16:07:06] generateOTP.INFO: test [] []
[2020-11-13 16:07:07] generateOTP.INFO: test [] []
[2020-11-13 16:07:07] generateOTP.INFO: test [] []
[2020-11-13 16:07:11] generateOTP.INFO: test [] []
[2020-11-13 16:07:39] generateOTP.INFO: test [] []
[2020-11-13 16:08:22] generateOTP.INFO: test [] []
[2020-11-13 16:09:47] generateOTP.INFO: test [] []
[2020-11-13 16:11:46] generateOTP.INFO: test [] []
[2020-11-13 16:31:17] generateOTP.INFO: test [] []
[2020-11-13 16:31:21] generateOTP.INFO: test [] []
[2020-11-13 16:31:37] generateOTP.INFO: test [] []
[2020-11-13 16:32:11] generateOTP.INFO: test [] []
[2020-11-13 16:32:11] generateOTP.INFO: test [] []
[2020-11-13 16:32:12] generateOTP.INFO: test [] []
[2020-11-13 16:32:41] generateOTP.INFO: test [] []
[2020-11-13 16:33:01] generateOTP.INFO: test [] []
[2020-11-13 16:33:01] generateOTP.INFO: test [] []
[2020-11-13 16:33:12] generateOTP.INFO: test [] []
[2020-11-13 16:33:36] generateOTP.INFO: test [] []
[2020-11-13 16:33:43] generateOTP.INFO: test [] []
[2020-11-13 16:34:43] generateOTP.INFO: test [] []
[2020-11-13 16:37:36] generateOTP.INFO: test [] []
[2020-11-13 16:41:32] generateOTP.INFO: test [] []
[2020-11-13 16:41:33] generateOTP.INFO: test [] []
[2020-11-13 16:41:43] generateOTP.INFO: test [] []
[2020-11-13 16:41:48] generateOTP.INFO: test [] []
[2020-11-13 16:42:06] generateOTP.INFO: test [] []
[2020-11-13 16:43:13] generateOTP.INFO: test [] []
[2020-11-13 16:48:54] generateOTP.INFO: test [] []
[2020-11-13 16:50:22] generateOTP.INFO: test [] []
[2020-11-13 16:51:00] generateOTP.INFO: test [] []
[2020-11-13 16:58:15] generateOTP.INFO: test [] []
[2020-11-13 16:59:05] generateOTP.INFO: test [] []
[2020-11-13 17:05:09] generateOTP.INFO: test [] []
[2020-11-13 17:06:31] generateOTP.INFO: test [] []
[2020-11-13 17:12:38] generateOTP.INFO: test [] []
[2020-11-13 17:13:30] generateOTP.INFO: test [] []
[2020-11-13 17:13:53] generateOTP.INFO: test [] []
[2020-11-13 17:17:38] generateOTP.INFO: test [] []
[2020-11-13 17:21:54] generateOTP.INFO: test [] []
[2020-11-13 17:23:45] generateOTP.INFO: test [] []
[2020-11-13 17:25:03] generateOTP.INFO: test [] []
[2020-11-13 17:25:15] generateOTP.INFO: test [] []
[2020-11-13 17:27:32] generateOTP.INFO: test [] []
[2020-11-13 17:27:33] generateOTP.INFO: test [] []
[2020-11-13 17:27:42] generateOTP.INFO: test [] []
[2020-11-13 17:27:48] generateOTP.INFO: test [] []
[2020-11-13 17:28:23] generateOTP.INFO: test [] []
[2020-11-13 17:57:38] generateOTP.INFO: test [] []
[2020-11-13 17:57:39] generateOTP.INFO: test [] []
[2020-11-13 17:57:46] generateOTP.INFO: test [] []
[2020-11-13 17:58:00] generateOTP.INFO: test [] []
[2020-11-13 18:11:35] generateOTP.INFO: test [] []
[2020-11-13 18:11:58] generateOTP.INFO: test [] []
[2020-11-13 18:36:10] generateOTP.INFO: test [] []
[2020-11-13 18:36:10] generateOTP.INFO: test [] []
[2020-11-13 18:36:10] generateOTP.INFO: test [] []
[2020-11-13 18:36:56] generateOTP.INFO: test [] []
[2020-11-13 18:37:11] generateOTP.INFO: test [] []
[2020-11-13 18:42:28] generateOTP.INFO: test [] []
[2020-11-13 18:44:19] generateOTP.INFO: test [] []
[2020-11-13 18:44:29] generateOTP.INFO: test [] []
[2020-11-13 18:51:53] generateOTP.INFO: test [] []
[2020-11-13 18:56:00] generateOTP.INFO: test [] []
