[2020-07-14 11:03:03] generateOTP.INFO: test [] []
[2020-07-14 11:04:37] generateOTP.INFO: test [] []
[2020-07-14 11:05:26] generateOTP.INFO: test [] []
[2020-07-14 11:06:07] generateOTP.INFO: test [] []
[2020-07-14 11:08:13] generateOTP.INFO: test [] []
[2020-07-14 11:08:41] generateOTP.INFO: test [] []
[2020-07-14 11:10:42] generateOTP.INFO: test [] []
[2020-07-14 11:11:02] generateOTP.INFO: test [] []
[2020-07-14 11:11:35] generateOTP.INFO: test [] []
[2020-07-14 11:12:03] generateOTP.INFO: test [] []
[2020-07-14 11:13:14] generateOTP.INFO: test [] []
[2020-07-14 11:14:21] generateOTP.INFO: test [] []
[2020-07-14 11:23:08] generateOTP.INFO: test [] []
[2020-07-14 11:23:43] generateOTP.INFO: test [] []
[2020-07-14 11:24:31] generateOTP.INFO: test [] []
[2020-07-14 11:24:58] generateOTP.INFO: test [] []
[2020-07-14 11:27:33] generateOTP.INFO: test [] []
[2020-07-14 11:27:53] generateOTP.INFO: test [] []
[2020-07-14 11:28:47] generateOTP.INFO: test [] []
[2020-07-14 11:28:58] generateOTP.INFO: test [] []
[2020-07-14 11:30:51] generateOTP.INFO: test [] []
[2020-07-14 11:31:38] generateOTP.INFO: test [] []
[2020-07-14 11:32:56] generateOTP.INFO: test [] []
[2020-07-14 11:40:06] generateOTP.INFO: test [] []
[2020-07-14 11:52:40] generateOTP.INFO: test [] []
[2020-07-14 11:53:32] generateOTP.INFO: test [] []
[2020-07-14 11:54:12] generateOTP.INFO: test [] []
[2020-07-14 11:54:50] generateOTP.INFO: test [] []
[2020-07-14 11:55:28] generateOTP.INFO: test [] []
[2020-07-14 12:00:49] generateOTP.INFO: test [] []
[2020-07-14 12:09:20] generateOTP.INFO: test [] []
[2020-07-14 12:09:31] generateOTP.INFO: test [] []
[2020-07-14 12:09:32] generateOTP.INFO: test [] []
[2020-07-14 12:20:50] generateOTP.INFO: test [] []
[2020-07-14 12:21:07] generateOTP.INFO: test [] []
[2020-07-14 12:22:07] generateOTP.INFO: test [] []
[2020-07-14 12:22:19] generateOTP.INFO: test [] []
[2020-07-14 12:24:56] generateOTP.INFO: test [] []
[2020-07-14 12:26:01] generateOTP.INFO: test [] []
[2020-07-14 12:31:00] generateOTP.INFO: test [] []
[2020-07-14 12:31:31] generateOTP.INFO: test [] []
[2020-07-14 12:31:33] generateOTP.INFO: test [] []
[2020-07-14 12:35:24] generateOTP.INFO: test [] []
[2020-07-14 12:36:27] generateOTP.INFO: test [] []
[2020-07-14 12:36:57] generateOTP.INFO: test [] []
[2020-07-14 12:37:30] generateOTP.INFO: test [] []
[2020-07-14 12:38:43] generateOTP.INFO: test [] []
[2020-07-14 12:39:39] generateOTP.INFO: test [] []
[2020-07-14 12:41:34] generateOTP.INFO: test [] []
[2020-07-14 13:11:09] generateOTP.INFO: test [] []
[2020-07-14 13:38:06] generateOTP.INFO: test [] []
[2020-07-14 13:38:06] generateOTP.INFO: test [] []
[2020-07-14 13:38:22] generateOTP.INFO: test [] []
[2020-07-14 13:39:59] generateOTP.INFO: test [] []
[2020-07-14 13:40:07] generateOTP.INFO: {"salutation":"1","firstname":"test","lastname":"BANKING","dob":"19-12-1988","mob_no":"7010444138","panCard":"DDDDD6456A","email":"jack@gmail.com","ref1":"1","ref2":"1","comAdd":"Om hrad ntalatiof, holOmshre, talathioficeeachol, OmshreeSada9talathi","occupation":"13","city":"MUMBAI","state":"MAHARASHTRA","pin_code":"622103","ISNRI":"N","update_emp_id":"620789","edit":"0","policy_no":"454,455","subtype_text":"1","sum_insure":"500000","familyConstruct":"1A","tenure":"1 Year","family_members_id":"0","family_gender":"Male","first_name":"test","last_name":"BANKING","family_date_birth":"19-12-1988","age":"31","age_type":" years","family_id":"","s_date":"","marriage_date":"","premium":"8000","policyNo":"454,455","familyDataType":"undefined","empId":"620789","product":"RMxC5efb5c5a320e7","declare":"[]","gender":"Male"} [] []
[2020-07-14 13:45:05] generateOTP.INFO: test [] []
[2020-07-14 13:46:45] generateOTP.INFO: {"salutation":"1","firstname":"test","lastname":"BANKING","dob":"19-12-1988","mob_no":"7010444138","panCard":"DDDDD6456A","email":"jack@gmail.com","ref1":"1","ref2":"1","comAdd":"Om hrad ntalatiof, holOmshre, talathioficeeachol, OmshreeSada9talathi","occupation":"4","city":"MUMBAI","state":"MAHARASHTRA","pin_code":"622103","ISNRI":"N","update_emp_id":"620790","edit":"0","policy_no":"454,455","subtype_text":"1","sum_insure":"500000","familyConstruct":"1A","tenure":"1 Year","family_members_id":"0","family_gender":"Male","first_name":"test","last_name":"BANKING","family_date_birth":"19-12-1988","age":"31","age_type":" years","family_id":"","s_date":"","marriage_date":"","premium":"8000","policyNo":"454,455","familyDataType":"undefined","empId":"620790","product":"RMxC5efb5c5a320e7","declare":"[]","gender":"Male"} [] []
[2020-07-14 13:53:00] generateOTP.INFO: test [] []
[2020-07-14 13:53:15] generateOTP.INFO: test [] []
[2020-07-14 13:53:27] generateOTP.INFO: {"salutation":"1","firstname":"test","lastname":"BANKING","dob":"19-12-1988","mob_no":"7010444138","panCard":"DDDDD6456A","email":"jack@gmail.com","ref1":"1","ref2":"1","comAdd":"Om hrad ntalatiof, holOmshre, talathioficeeachol, OmshreeSada9talathi","occupation":"15","city":"MUMBAI","state":"MAHARASHTRA","pin_code":"622103","ISNRI":"N","update_emp_id":"620791","edit":"0","policy_no":"454,455","subtype_text":"1","sum_insure":"500000","familyConstruct":"1A","tenure":"1 Year","family_members_id":"0","family_gender":"Male","first_name":"test","last_name":"BANKING","family_date_birth":"19-12-1988","age":"31","age_type":" years","family_id":"","s_date":"","marriage_date":"","premium":"8000","policyNo":"454,455","familyDataType":"undefined","empId":"620791","product":"RMxC5efb5c5a320e7","declare":"[]","gender":"Male"} [] []
[2020-07-14 13:57:08] generateOTP.INFO: test [] []
[2020-07-14 13:57:25] generateOTP.INFO: {"salutation":"1","firstname":"test","lastname":"BANKING","dob":"19-12-1988","mob_no":"7010444138","panCard":"DDDDD6456A","email":"jack@gmail.com","ref1":"1","ref2":"1","comAdd":"Om hrad ntalatiof, holOmshre, talathioficeeachol, OmshreeSada9talathi","occupation":"4","city":"MUMBAI","state":"MAHARASHTRA","pin_code":"622103","ISNRI":"N","update_emp_id":"620792","edit":"0","policy_no":"454,455","subtype_text":"1","sum_insure":"500000","familyConstruct":"1A","tenure":"1 Year","family_members_id":"0","family_gender":"Male","first_name":"test","last_name":"BANKING","family_date_birth":"19-12-1988","age":"31","age_type":" years","family_id":"","s_date":"","marriage_date":"","premium":"8000","policyNo":"454,455","familyDataType":"undefined","empId":"620792","product":"RMxC5efb5c5a320e7","declare":"[]","gender":"Male"} [] []
[2020-07-14 13:58:40] generateOTP.INFO: test [] []
[2020-07-14 13:58:40] generateOTP.INFO: test [] []
[2020-07-14 13:59:13] documentsSave.INFO: {"ops_type":"[]","ids":"393,394"} [] []
[2020-07-14 13:59:13] documentsSaveFiles.INFO: [] [] []
[2020-07-14 14:01:00] generateOTP.INFO: test [] []
[2020-07-14 14:01:36] generateOTP.INFO: test [] []
[2020-07-14 14:01:46] generateOTP.INFO: {"salutation":"1","firstname":"test","lastname":"BANKING","dob":"19-12-1988","mob_no":"7010444138","panCard":"DDDDD6456A","email":"jack@gmail.com","ref1":"1","ref2":"1","comAdd":"Om hrad ntalatiof, holOmshre, talathioficeeachol, OmshreeSada9talathi","occupation":"7","city":"MUMBAI","state":"MAHARASHTRA","pin_code":"622103","ISNRI":"N","update_emp_id":"620793","edit":"0","policy_no":"454,455","subtype_text":"1","sum_insure":"500000","familyConstruct":"1A","tenure":"1 Year","family_members_id":"0","family_gender":"Male","first_name":"test","last_name":"BANKING","family_date_birth":"19-12-1988","age":"31","age_type":" years","family_id":"","s_date":"","marriage_date":"","premium":"8000","policyNo":"454,455","familyDataType":"undefined","empId":"620793","product":"RMxC5efb5c5a320e7","declare":"[]","gender":"Male"} [] []
[2020-07-14 14:02:42] documentsSave.INFO: {"ops_type":"[]","ids":"396,397"} [] []
[2020-07-14 14:02:42] documentsSaveFiles.INFO: [] [] []
[2020-07-14 14:03:07] documentsSave.INFO: {"ops_type":"[]","ids":"396,397"} [] []
[2020-07-14 14:03:07] documentsSaveFiles.INFO: [] [] []
[2020-07-14 14:03:55] documentsSave.INFO: {"ops_type":"[]","ids":"396,397"} [] []
[2020-07-14 14:03:55] documentsSaveFiles.INFO: [] [] []
[2020-07-14 14:04:53] generateOTP.INFO: test [] []
[2020-07-14 14:05:03] generateOTP.INFO: {"salutation":"1","firstname":"test","lastname":"BANKING","dob":"19-12-1988","mob_no":"7010444138","panCard":"DDDDD6456A","email":"jack@gmail.com","ref1":"1","ref2":"1","comAdd":"Om hrad ntalatiof, holOmshre, talathioficeeachol, OmshreeSada9talathi","occupation":"12","city":"MUMBAI","state":"MAHARASHTRA","pin_code":"622103","ISNRI":"N","update_emp_id":"620794","edit":"0","policy_no":"454,455","subtype_text":"1","sum_insure":"500000","familyConstruct":"1A","tenure":"1 Year","family_members_id":"0","family_gender":"Male","first_name":"test","last_name":"BANKING","family_date_birth":"19-12-1988","age":"31","age_type":" years","family_id":"","s_date":"","marriage_date":"","premium":"8000","policyNo":"454,455","familyDataType":"undefined","empId":"620794","product":"RMxC5efb5c5a320e7","declare":"[]","gender":"Male"} [] []
[2020-07-14 14:05:28] documentsSave.INFO: {"ops_type":"[]","ids":"398,399"} [] []
[2020-07-14 14:05:28] documentsSaveFiles.INFO: [] [] []
[2020-07-14 14:06:08] generateOTP.INFO: test [] []
[2020-07-14 14:08:22] generateOTP.INFO: test [] []
[2020-07-14 14:08:32] generateOTP.INFO: test [] []
[2020-07-14 14:08:33] generateOTP.INFO: test [] []
[2020-07-14 14:08:56] generateOTP.INFO: test [] []
[2020-07-14 14:09:45] generateOTP.INFO: test [] []
[2020-07-14 14:11:32] generateOTP.INFO: test [] []
[2020-07-14 14:13:55] generateOTP.INFO: {"salutation":"1","firstname":"test","lastname":"BANKING","dob":"19-12-1988","mob_no":"7010444138","panCard":"DDDDD6456A","email":"jack@gmail.com","ref1":"1","ref2":"1","comAdd":"Om hrad ntalatiof, holOmshre, talathioficeeachol, OmshreeSada9talathi","occupation":"9","city":"MUMBAI","state":"MAHARASHTRA","pin_code":"622103","ISNRI":"N","update_emp_id":"620795","edit":"0","policy_no":"454,455","subtype_text":"1","sum_insure":"500000","familyConstruct":"1A","tenure":"1 Year","family_members_id":"0","family_gender":"Male","first_name":"test","last_name":"BANKING","family_date_birth":"19-12-1988","age":"31","age_type":" years","family_id":"","s_date":"","marriage_date":"","premium":"8000","policyNo":"454,455","familyDataType":"undefined","empId":"620795","product":"RMxC5efb5c5a320e7","declare":"[]","gender":"Male"} [] []
[2020-07-14 14:14:24] documentsSave.INFO: {"ops_type":"[]","ids":"400,401"} [] []
[2020-07-14 14:14:24] documentsSaveFiles.INFO: [] [] []
[2020-07-14 14:19:06] generateOTP.INFO: test [] []
[2020-07-14 14:19:44] generateOTP.INFO: test [] []
[2020-07-14 14:19:53] generateOTP.INFO: {"salutation":"1","firstname":"test","lastname":"BANKING","dob":"19-12-1988","mob_no":"7010444138","panCard":"DDDDD6456A","email":"jack@gmail.com","ref1":"1","ref2":"1","comAdd":"Om hrad ntalatiof, holOmshre, talathioficeeachol, OmshreeSada9talathi","occupation":"9","city":"MUMBAI","state":"MAHARASHTRA","pin_code":"622103","ISNRI":"N","update_emp_id":"620796","edit":"0","policy_no":"454,455","subtype_text":"1","sum_insure":"500000","familyConstruct":"1A","tenure":"1 Year","family_members_id":"0","family_gender":"Male","first_name":"test","last_name":"BANKING","family_date_birth":"19-12-1988","age":"31","age_type":" years","family_id":"","s_date":"","marriage_date":"","premium":"8000","policyNo":"454,455","familyDataType":"undefined","empId":"620796","product":"RMxC5efb5c5a320e7","declare":"[]","gender":"Male"} [] []
[2020-07-14 14:20:12] documentsSave.INFO: {"ops_type":"[]","ids":"402,403"} [] []
[2020-07-14 14:20:12] documentsSaveFiles.INFO: [] [] []
[2020-07-14 14:20:54] generateOTP.INFO: test [] []
[2020-07-14 14:21:19] generateOTP.INFO: test [] []
[2020-07-14 14:21:53] generateOTP.INFO: {"salutation":"1","firstname":"test","lastname":"BANKING","dob":"19-12-1988","mob_no":"7010444138","panCard":"DDDDD6456A","email":"jack@gmail.com","ref1":"1","ref2":"1","comAdd":"Om hrad ntalatiof, holOmshre, talathioficeeachol, OmshreeSada9talathi","occupation":"11","city":"MUMBAI","state":"MAHARASHTRA","pin_code":"622103","ISNRI":"N","update_emp_id":"620797","edit":"0","policy_no":"454,455","subtype_text":"1","sum_insure":"500000","familyConstruct":"1A","tenure":"1 Year","family_members_id":"0","family_gender":"Male","first_name":"test","last_name":"BANKING","family_date_birth":"19-12-1988","age":"31","age_type":" years","family_id":"","s_date":"","marriage_date":"","premium":"8000","policyNo":"454,455","familyDataType":"undefined","empId":"620797","product":"RMxC5efb5c5a320e7","declare":"[]","gender":"Male"} [] []
[2020-07-14 14:22:14] documentsSave.INFO: {"ops_type":"[]","ids":"404,405"} [] []
[2020-07-14 14:22:14] documentsSaveFiles.INFO: [] [] []
[2020-07-14 14:23:06] generateOTP.INFO: {"salutation":"1","firstname":"test","lastname":"BANKING","dob":"19-12-1988","mob_no":"7010444138","panCard":"DDDDD6456A","email":"jack@gmail.com","ref1":"1","ref2":"1","comAdd":"Om hrad ntalatiof, holOmshre, talathioficeeachol, OmshreeSada9talathi","occupation":"10","city":"MUMBAI","state":"MAHARASHTRA","pin_code":"622103","ISNRI":"N","update_emp_id":"620798","edit":"0","policy_no":"454,455","subtype_text":"1","sum_insure":"500000","familyConstruct":"1A","tenure":"1 Year","family_members_id":"0","family_gender":"Male","first_name":"test","last_name":"BANKING","family_date_birth":"19-12-1988","age":"31","age_type":" years","family_id":"","s_date":"","marriage_date":"","premium":"8000","policyNo":"454,455","familyDataType":"undefined","empId":"620798","product":"RMxC5efb5c5a320e7","declare":"[]","gender":"Male"} [] []
[2020-07-14 14:23:37] documentsSave.INFO: {"ops_type":"[]","ids":"406,407"} [] []
[2020-07-14 14:23:37] documentsSaveFiles.INFO: [] [] []
[2020-07-14 14:25:12] generateOTP.INFO: test [] []
[2020-07-14 14:25:21] generateOTP.INFO: {"salutation":"1","firstname":"test","lastname":"BANKING","dob":"19-12-1988","mob_no":"7010444138","panCard":"DDDDD6456A","email":"jack@gmail.com","ref1":"1","ref2":"1","comAdd":"Om hrad ntalatiof, holOmshre, talathioficeeachol, OmshreeSada9talathi","occupation":"5","city":"MUMBAI","state":"MAHARASHTRA","pin_code":"622103","ISNRI":"N","update_emp_id":"620799","edit":"0","policy_no":"454,455","subtype_text":"1","sum_insure":"500000","familyConstruct":"1A","tenure":"1 Year","family_members_id":"0","family_gender":"Male","first_name":"test","last_name":"BANKING","family_date_birth":"19-12-1988","age":"31","age_type":" years","family_id":"","s_date":"","marriage_date":"","premium":"8000","policyNo":"454,455","familyDataType":"undefined","empId":"620799","product":"RMxC5efb5c5a320e7","declare":"[]","gender":"Male"} [] []
[2020-07-14 14:25:39] documentsSave.INFO: {"ops_type":"[]","ids":"408,409"} [] []
[2020-07-14 14:25:39] documentsSaveFiles.INFO: [] [] []
[2020-07-14 14:26:47] generateOTP.INFO: test [] []
[2020-07-14 14:26:56] generateOTP.INFO: {"salutation":"1","firstname":"test","lastname":"BANKING","dob":"19-12-1988","mob_no":"7010444138","panCard":"DDDDD6456A","email":"jack@gmail.com","ref1":"1","ref2":"1","comAdd":"Om hrad ntalatiof, holOmshre, talathioficeeachol, OmshreeSada9talathi","occupation":"7","city":"MUMBAI","state":"MAHARASHTRA","pin_code":"622103","ISNRI":"N","update_emp_id":"620800","edit":"0","policy_no":"454,455","subtype_text":"1","sum_insure":"500000","familyConstruct":"1A","tenure":"1 Year","family_members_id":"0","family_gender":"Male","first_name":"test","last_name":"BANKING","family_date_birth":"19-12-1988","age":"31","age_type":" years","family_id":"","s_date":"","marriage_date":"","premium":"8000","policyNo":"454,455","familyDataType":"undefined","empId":"620800","product":"RMxC5efb5c5a320e7","declare":"[]","gender":"Male"} [] []
[2020-07-14 14:27:13] documentsSave.INFO: {"ops_type":"[]","ids":"410,411"} [] []
[2020-07-14 14:27:13] documentsSaveFiles.INFO: [] [] []
[2020-07-14 14:31:05] generateOTP.INFO: test [] []
[2020-07-14 14:31:21] generateOTP.INFO: {"salutation":"1","firstname":"test","lastname":"BANKING","dob":"19-12-1988","mob_no":"7010444138","panCard":"DDDDD6456A","email":"jack@gmail.com","ref1":"1","ref2":"1","comAdd":"Om hrad ntalatiof, holOmshre, talathioficeeachol, OmshreeSada9talathi","occupation":"6","city":"MUMBAI","state":"MAHARASHTRA","pin_code":"622103","ISNRI":"N","update_emp_id":"620801","edit":"0","policy_no":"454,455","subtype_text":"1","sum_insure":"500000","familyConstruct":"1A","tenure":"1 Year","family_members_id":"0","family_gender":"Male","first_name":"test","last_name":"BANKING","family_date_birth":"19-12-1988","age":"31","age_type":" years","family_id":"","s_date":"","marriage_date":"","premium":"8000","policyNo":"454,455","familyDataType":"undefined","empId":"620801","product":"RMxC5efb5c5a320e7","declare":"[]","gender":"Male"} [] []
[2020-07-14 14:31:45] documentsSave.INFO: {"ops_type":"[]","ids":"412,413"} [] []
[2020-07-14 14:31:45] documentsSaveFiles.INFO: [] [] []
[2020-07-14 14:32:25] generateOTP.INFO: test [] []
[2020-07-14 14:32:55] generateOTP.INFO: {"salutation":"1","firstname":"test","lastname":"BANKING","dob":"19-12-1988","mob_no":"7010444138","panCard":"DDDDD6456A","email":"jack@gmail.com","ref1":"1","ref2":"1","comAdd":"Om hrad ntalatiof, holOmshre, talathioficeeachol, OmshreeSada9talathi","occupation":"7","city":"MUMBAI","state":"MAHARASHTRA","pin_code":"622103","ISNRI":"N","update_emp_id":"620802","edit":"0","policy_no":"454,455","subtype_text":"1","sum_insure":"500000","familyConstruct":"1A","tenure":"1 Year","family_members_id":"0","family_gender":"Male","first_name":"test","last_name":"BANKING","family_date_birth":"19-12-1988","age":"31","age_type":" years","family_id":"","s_date":"","marriage_date":"","premium":"8000","policyNo":"454,455","familyDataType":"undefined","empId":"620802","product":"RMxC5efb5c5a320e7","declare":"[]","gender":"Male"} [] []
[2020-07-14 14:33:18] documentsSave.INFO: {"ops_type":"[]","ids":"414,415"} [] []
[2020-07-14 14:33:18] documentsSaveFiles.INFO: [] [] []
[2020-07-14 14:34:16] generateOTP.INFO: test [] []
[2020-07-14 14:35:06] generateOTP.INFO: test [] []
[2020-07-14 14:35:26] generateOTP.INFO: {"salutation":"1","firstname":"test","lastname":"BANKING","dob":"19-12-1988","mob_no":"7010444138","panCard":"DDDDD6456A","email":"jack@gmail.com","ref1":"1","ref2":"1","comAdd":"Om hrad ntalatiof, holOmshre, talathioficeeachol, OmshreeSada9talathi","occupation":"10","city":"MUMBAI","state":"MAHARASHTRA","pin_code":"622103","ISNRI":"N","update_emp_id":"620803","edit":"0","policy_no":"454,455","subtype_text":"1","sum_insure":"500000","familyConstruct":"1A","tenure":"1 Year","family_members_id":"0","family_gender":"Male","first_name":"test","last_name":"BANKING","family_date_birth":"19-12-1988","age":"31","age_type":" years","family_id":"","s_date":"","marriage_date":"","premium":"8000","policyNo":"454,455","familyDataType":"undefined","empId":"620803","product":"RMxC5efb5c5a320e7","declare":"[]","gender":"Male"} [] []
[2020-07-14 14:35:44] documentsSave.INFO: {"ops_type":"[]","ids":"417,418"} [] []
[2020-07-14 14:35:44] documentsSaveFiles.INFO: [] [] []
[2020-07-14 14:49:16] generateOTP.INFO: test [] []
[2020-07-14 15:22:28] generateOTP.INFO: test [] []
[2020-07-14 15:22:44] generateOTP.INFO: test [] []
[2020-07-14 15:22:48] generateOTP.INFO: test [] []
[2020-07-14 15:22:59] generateOTP.INFO: test [] []
[2020-07-14 15:23:01] generateOTP.INFO: test [] []
[2020-07-14 15:23:03] generateOTP.INFO: test [] []
[2020-07-14 15:23:20] generateOTP.INFO: test [] []
[2020-07-14 15:53:22] generateOTP.INFO: test [] []
[2020-07-14 15:53:22] generateOTP.INFO: test [] []
[2020-07-14 16:02:03] generateOTP.INFO: test [] []
[2020-07-14 16:02:15] generateOTP.INFO: test [] []
[2020-07-14 16:34:22] generateOTP.INFO: test [] []
[2020-07-14 16:34:32] generateOTP.INFO: test [] []
[2020-07-14 16:34:33] generateOTP.INFO: test [] []
[2020-07-14 16:34:39] generateOTP.INFO: test [] []
[2020-07-14 16:35:30] generateOTP.INFO: test [] []
[2020-07-14 16:35:40] generateOTP.INFO: test [] []
[2020-07-14 16:35:41] generateOTP.INFO: test [] []
[2020-07-14 16:36:16] generateOTP.INFO: test [] []
[2020-07-14 16:36:27] generateOTP.INFO: test [] []
[2020-07-14 16:36:29] generateOTP.INFO: test [] []
[2020-07-14 16:36:31] generateOTP.INFO: test [] []
[2020-07-14 16:39:46] generateOTP.INFO: test [] []
[2020-07-14 16:39:55] generateOTP.INFO: test [] []
[2020-07-14 16:39:57] generateOTP.INFO: test [] []
[2020-07-14 16:40:01] generateOTP.INFO: test [] []
[2020-07-14 16:41:10] generateOTP.INFO: test [] []
[2020-07-14 16:45:28] generateOTP.INFO: test [] []
[2020-07-14 16:45:28] generateOTP.INFO: test [] []
[2020-07-14 16:45:38] generateOTP.INFO: test [] []
[2020-07-14 16:55:17] generateOTP.INFO: test [] []
[2020-07-14 17:08:00] generateOTP.INFO: test [] []
[2020-07-14 17:08:10] generateOTP.INFO: {"salutation":"1","firstname":"test","lastname":"BANKING","dob":"19-12-1988","mob_no":"7010444138","panCard":"DDDDD6456A","email":"jack@gmail.com","ref1":"1","ref2":"1","comAdd":"Om hrad ntalatiof, holOmshre, talathioficeeachol, OmshreeSada9talathi","occupation":"17","city":"MUMBAI","state":"MAHARASHTRA","pin_code":"622103","ISNRI":"N","update_emp_id":"620805","edit":"0","policy_no":"454,455","subtype_text":"1","sum_insure":"500000","familyConstruct":"1A","tenure":"1 Year","family_members_id":"0","family_gender":"Male","first_name":"test","last_name":"BANKING","family_date_birth":"19-12-1988","age":"31","age_type":" years","family_id":"","s_date":"","marriage_date":"","premium":"8000","policyNo":"454,455","familyDataType":"undefined","empId":"620805","product":"RMxC5efb5c5a320e7","declare":"[]","gender":"Male"} [] []
[2020-07-14 17:09:03] documentsSave.INFO: {"ops_type":"[\"0\",\"Y\"]","ids":"419,420"} [] []
[2020-07-14 17:09:03] documentsSaveFiles.INFO: [{"name":"aaxis base agent master.xlsx","type":"application\/vnd.openxmlformats-officedocument.spreadsheetml.sheet","tmp_name":"\/tmp\/phpmyg0z7","error":0,"size":151544},{"name":"Chrysanthemum.jpg","type":"image\/jpeg","tmp_name":"\/tmp\/phpRCpb1N","error":0,"size":879394}] [] []
[2020-07-14 17:09:46] documentsSave.INFO: {"ops_type":"[\"0\",\"Y\"]","ids":"419,420"} [] []
[2020-07-14 17:09:46] documentsSaveFiles.INFO: [{"name":"aaxis base agent master.xlsx","type":"application\/vnd.openxmlformats-officedocument.spreadsheetml.sheet","tmp_name":"\/tmp\/phpiAPCgM","error":0,"size":151544},{"name":"Chrysanthemum.jpg","type":"image\/jpeg","tmp_name":"\/tmp\/phpiEahoP","error":0,"size":879394}] [] []
[2020-07-14 17:10:08] documentsSave.INFO: {"ops_type":"[\"0\",\"Y\"]","ids":"419,420"} [] []
[2020-07-14 17:10:08] documentsSaveFiles.INFO: [{"name":"aaxis base agent master.xlsx","type":"application\/vnd.openxmlformats-officedocument.spreadsheetml.sheet","tmp_name":"\/tmp\/phpsTgrhF","error":0,"size":151544},{"name":"Chrysanthemum.jpg","type":"image\/jpeg","tmp_name":"\/tmp\/phpeYAtmT","error":0,"size":879394}] [] []
[2020-07-14 17:12:03] generateOTP.INFO: test [] []
[2020-07-14 17:12:19] generateOTP.INFO: {"salutation":"1","firstname":"test","lastname":"BANKING","dob":"19-12-1988","mob_no":"7010444138","panCard":"DDDDD6456A","email":"jack@gmail.com","ref1":"1","ref2":"1","comAdd":"Om hrad ntalatiof, holOmshre, talathioficeeachol, OmshreeSada9talathi","occupation":"8","city":"MUMBAI","state":"MAHARASHTRA","pin_code":"622103","ISNRI":"N","update_emp_id":"620806","edit":"0","policy_no":"454,455","subtype_text":"1","sum_insure":"500000","familyConstruct":"1A","tenure":"1 Year","family_members_id":"0","family_gender":"Male","first_name":"test","last_name":"BANKING","family_date_birth":"19-12-1988","age":"31","age_type":" years","family_id":"","s_date":"","marriage_date":"","premium":"8000","policyNo":"454,455","familyDataType":"undefined","empId":"620806","product":"RMxC5efb5c5a320e7","declare":"[]","gender":"Male"} [] []
[2020-07-14 17:13:41] documentsSave.INFO: {"ops_type":"[\"0\",\"Y\"]","ids":"421,422"} [] []
[2020-07-14 17:13:41] documentsSaveFiles.INFO: [{"name":"ageExcel.xlsx","type":"application\/vnd.openxmlformats-officedocument.spreadsheetml.sheet","tmp_name":"\/tmp\/phpYnsaiF","error":0,"size":10415},{"name":"Chrysanthemum.jpg","type":"image\/jpeg","tmp_name":"\/tmp\/phpRbfDzv","error":0,"size":879394}] [] []
[2020-07-14 17:14:23] generateOTP.INFO: test [] []
[2020-07-14 17:14:43] documentsSave.INFO: {"ops_type":"[\"0\",\"Y\"]","ids":"421,422"} [] []
[2020-07-14 17:14:43] documentsSaveFiles.INFO: [{"name":"ageExcel.xlsx","type":"application\/vnd.openxmlformats-officedocument.spreadsheetml.sheet","tmp_name":"\/tmp\/phpc7yKdE","error":0,"size":10415},{"name":"Chrysanthemum.jpg","type":"image\/jpeg","tmp_name":"\/tmp\/php3HIuKP","error":0,"size":879394}] [] []
[2020-07-14 17:15:24] generateOTP.INFO: test [] []
[2020-07-14 17:15:37] generateOTP.INFO: test [] []
[2020-07-14 17:16:26] generateOTP.INFO: test [] []
[2020-07-14 17:16:36] generateOTP.INFO: {"salutation":"1","firstname":"test","lastname":"BANKING","dob":"19-12-1988","mob_no":"7010444138","panCard":"DDDDD6456A","email":"jack@gmail.com","ref1":"1","ref2":"1","comAdd":"Om hrad ntalatiof, holOmshre, talathioficeeachol, OmshreeSada9talathi","occupation":"15","city":"MUMBAI","state":"MAHARASHTRA","pin_code":"622103","ISNRI":"N","update_emp_id":"620807","edit":"0","policy_no":"454,455","subtype_text":"1","sum_insure":"500000","familyConstruct":"1A","tenure":"1 Year","family_members_id":"0","family_gender":"Male","first_name":"test","last_name":"BANKING","family_date_birth":"19-12-1988","age":"31","age_type":" years","family_id":"","s_date":"","marriage_date":"","premium":"8000","policyNo":"454,455","familyDataType":"undefined","empId":"620807","product":"RMxC5efb5c5a320e7","declare":"[]","gender":"Male"} [] []
[2020-07-14 17:17:15] documentsSave.INFO: {"ops_type":"[\"0\",\"Y\"]","ids":"423,424"} [] []
[2020-07-14 17:17:15] documentsSaveFiles.INFO: [{"name":"ageExcelGCI.xlsx","type":"application\/vnd.openxmlformats-officedocument.spreadsheetml.sheet","tmp_name":"\/tmp\/phpRlCHrH","error":0,"size":9744},{"name":"Chrysanthemum.jpg","type":"image\/jpeg","tmp_name":"\/tmp\/phpqyGB0W","error":0,"size":879394}] [] []
[2020-07-14 17:17:57] documentsSave.INFO: {"ops_type":"[\"0\",\"Y\"]","ids":"425,426"} [] []
[2020-07-14 17:17:57] documentsSaveFiles.INFO: [{"name":"Desert.jpg","type":"image\/jpeg","tmp_name":"\/tmp\/phpqJsvat","error":0,"size":845941},{"name":"Chrysanthemum.jpg","type":"image\/jpeg","tmp_name":"\/tmp\/phpcwNSAU","error":0,"size":879394}] [] []
[2020-07-14 17:51:18] generateOTP.INFO: test [] []
[2020-07-14 17:51:27] generateOTP.INFO: test [] []
[2020-07-14 18:01:27] generateOTP.INFO: test [] []
[2020-07-14 18:26:33] generateOTP.INFO: test [] []
[2020-07-14 19:28:13] generateOTP.INFO: test [] []
[2020-07-14 19:28:16] generateOTP.INFO: test [] []
[2020-07-14 20:04:32] generateOTP.INFO: test [] []
