[2022-04-14 04:02:22] generateOTP.INFO: test [] []
[2022-04-14 07:21:17] generateOTP.INFO: test [] []
[2022-04-14 07:21:20] generateOTP.INFO: test [] []
[2022-04-14 08:40:54] generateOTP.INFO: test [] []
[2022-04-14 10:23:02] generateOTP.INFO: test [] []
[2022-04-14 10:23:03] generateOTP.INFO: test [] []
[2022-04-14 10:26:02] generateOTP.INFO: test [] []
[2022-04-14 10:26:06] generateOTP.INFO: test [] []
[2022-04-14 10:26:53] generateOTP.INFO: test [] []
[2022-04-14 10:31:21] generateOTP.INFO: test [] []
[2022-04-14 10:31:52] generateOTP.INFO: test [] []
[2022-04-14 10:35:36] generateOTP.INFO: test [] []
[2022-04-14 10:40:26] generateOTP.INFO: test [] []
[2022-04-14 10:41:48] generateOTP.INFO: test [] []
[2022-04-14 10:52:43] generateOTP.INFO: test [] []
[2022-04-14 10:52:43] generateOTP.INFO: test [] []
[2022-04-14 10:52:43] generateOTP.INFO: test [] []
[2022-04-14 11:14:01] generateOTP.INFO: test [] []
[2022-04-14 11:15:00] generateOTP.INFO: test [] []
[2022-04-14 11:15:02] generateOTP.INFO: test [] []
[2022-04-14 11:18:17] generateOTP.INFO: test [] []
[2022-04-14 11:19:18] generateOTP.INFO: test [] []
[2022-04-14 11:20:01] generateOTP.INFO: test [] []
[2022-04-14 11:20:30] generateOTP.INFO: test [] []
[2022-04-14 11:20:30] generateOTP.INFO: test [] []
[2022-04-14 11:20:32] generateOTP.INFO: test [] []
[2022-04-14 11:21:02] generateOTP.INFO: test [] []
[2022-04-14 11:21:09] generateOTP.INFO: test [] []
[2022-04-14 11:21:24] generateOTP.INFO: test [] []
[2022-04-14 11:21:43] generateOTP.INFO: test [] []
[2022-04-14 11:21:57] generateOTP.INFO: test [] []
[2022-04-14 11:22:26] generateOTP.INFO: test [] []
[2022-04-14 11:36:04] generateOTP.INFO: test [] []
[2022-04-14 11:36:05] generateOTP.INFO: test [] []
[2022-04-14 11:36:20] generateOTP.INFO: test [] []
[2022-04-14 11:37:03] generateOTP.INFO: test [] []
[2022-04-14 11:37:14] generateOTP.INFO: test [] []
[2022-04-14 11:37:32] generateOTP.INFO: test [] []
[2022-04-14 11:38:33] generateOTP.INFO: test [] []
[2022-04-14 11:39:50] generateOTP.INFO: test [] []
[2022-04-14 12:01:06] generateOTP.INFO: test [] []
[2022-04-14 12:01:06] generateOTP.INFO: test [] []
[2022-04-14 12:04:36] generateOTP.INFO: test [] []
[2022-04-14 12:04:36] generateOTP.INFO: test [] []
[2022-04-14 12:04:37] generateOTP.INFO: test [] []
[2022-04-14 12:06:00] generateOTP.INFO: test [] []
[2022-04-14 12:06:00] generateOTP.INFO: test [] []
[2022-04-14 12:06:00] generateOTP.INFO: test [] []
[2022-04-14 12:06:01] generateOTP.INFO: test [] []
[2022-04-14 12:07:31] generateOTP.INFO: test [] []
[2022-04-14 12:07:31] generateOTP.INFO: test [] []
[2022-04-14 12:08:14] generateOTP.INFO: test [] []
[2022-04-14 12:08:15] generateOTP.INFO: test [] []
[2022-04-14 12:08:39] generateOTP.INFO: test [] []
[2022-04-14 12:10:42] generateOTP.INFO: test [] []
[2022-04-14 12:10:42] generateOTP.INFO: test [] []
[2022-04-14 12:10:42] generateOTP.INFO: test [] []
[2022-04-14 12:10:42] generateOTP.INFO: test [] []
[2022-04-14 12:10:43] generateOTP.INFO: test [] []
[2022-04-14 12:11:15] generateOTP.INFO: test [] []
[2022-04-14 12:11:16] generateOTP.INFO: test [] []
[2022-04-14 12:11:18] generateOTP.INFO: test [] []
[2022-04-14 12:11:38] generateOTP.INFO: test [] []
[2022-04-14 12:11:45] generateOTP.INFO: test [] []
[2022-04-14 12:12:28] generateOTP.INFO: test [] []
[2022-04-14 12:16:48] generateOTP.INFO: test [] []
[2022-04-14 12:16:56] generateOTP.INFO: test [] []
[2022-04-14 12:17:02] generateOTP.INFO: test [] []
[2022-04-14 12:21:24] generateOTP.INFO: test [] []
[2022-04-14 12:21:25] generateOTP.INFO: test [] []
[2022-04-14 12:23:51] generateOTP.INFO: test [] []
[2022-04-14 12:23:51] generateOTP.INFO: test [] []
[2022-04-14 12:23:57] generateOTP.INFO: test [] []
[2022-04-14 12:23:57] generateOTP.INFO: test [] []
[2022-04-14 12:23:57] generateOTP.INFO: test [] []
[2022-04-14 12:23:57] generateOTP.INFO: test [] []
[2022-04-14 12:24:01] generateOTP.INFO: test [] []
[2022-04-14 12:24:02] generateOTP.INFO: test [] []
[2022-04-14 12:24:15] generateOTP.INFO: test [] []
[2022-04-14 12:24:15] generateOTP.INFO: test [] []
[2022-04-14 12:24:19] generateOTP.INFO: test [] []
[2022-04-14 12:25:52] generateOTP.INFO: test [] []
[2022-04-14 12:25:52] generateOTP.INFO: test [] []
[2022-04-14 12:25:52] generateOTP.INFO: test [] []
[2022-04-14 12:25:52] generateOTP.INFO: test [] []
[2022-04-14 12:25:52] generateOTP.INFO: test [] []
[2022-04-14 12:26:57] generateOTP.INFO: test [] []
[2022-04-14 12:27:51] generateOTP.INFO: test [] []
[2022-04-14 12:33:51] generateOTP.INFO: test [] []
[2022-04-14 12:33:52] generateOTP.INFO: test [] []
[2022-04-14 12:35:56] generateOTP.INFO: test [] []
[2022-04-14 12:35:56] generateOTP.INFO: test [] []
[2022-04-14 12:36:08] generateOTP.INFO: test [] []
[2022-04-14 12:36:08] generateOTP.INFO: test [] []
[2022-04-14 12:36:08] generateOTP.INFO: test [] []
[2022-04-14 12:36:08] generateOTP.INFO: test [] []
[2022-04-14 12:36:12] generateOTP.INFO: test [] []
[2022-04-14 12:36:12] generateOTP.INFO: test [] []
[2022-04-14 12:36:19] generateOTP.INFO: test [] []
[2022-04-14 12:36:19] generateOTP.INFO: test [] []
[2022-04-14 12:36:22] generateOTP.INFO: test [] []
[2022-04-14 12:37:45] generateOTP.INFO: test [] []
[2022-04-14 12:37:45] generateOTP.INFO: test [] []
[2022-04-14 12:37:45] generateOTP.INFO: test [] []
[2022-04-14 12:37:45] generateOTP.INFO: test [] []
[2022-04-14 12:37:45] generateOTP.INFO: test [] []
[2022-04-14 12:41:21] generateOTP.INFO: test [] []
[2022-04-14 12:41:22] generateOTP.INFO: test [] []
[2022-04-14 12:41:44] generateOTP.INFO: test [] []
[2022-04-14 12:41:45] generateOTP.INFO: test [] []
[2022-04-14 12:42:50] generateOTP.INFO: test [] []
[2022-04-14 12:42:50] generateOTP.INFO: test [] []
[2022-04-14 12:42:50] generateOTP.INFO: test [] []
[2022-04-14 12:42:50] generateOTP.INFO: test [] []
[2022-04-14 12:43:14] generateOTP.INFO: test [] []
[2022-04-14 12:43:14] generateOTP.INFO: test [] []
[2022-04-14 12:43:31] generateOTP.INFO: test [] []
[2022-04-14 12:43:32] generateOTP.INFO: test [] []
[2022-04-14 12:44:01] generateOTP.INFO: test [] []
[2022-04-14 12:47:18] generateOTP.INFO: test [] []
[2022-04-14 12:47:18] generateOTP.INFO: test [] []
[2022-04-14 12:47:18] generateOTP.INFO: test [] []
[2022-04-14 12:47:19] generateOTP.INFO: test [] []
[2022-04-14 12:47:39] generateOTP.INFO: test [] []
[2022-04-14 12:47:40] generateOTP.INFO: test [] []
[2022-04-14 12:48:07] generateOTP.INFO: test [] []
[2022-04-14 12:48:10] generateOTP.INFO: test [] []
[2022-04-14 12:48:13] generateOTP.INFO: test [] []
[2022-04-14 12:48:18] generateOTP.INFO: test [] []
[2022-04-14 12:48:22] generateOTP.INFO: test [] []
[2022-04-14 12:48:35] generateOTP.INFO: test [] []
[2022-04-14 13:00:35] generateOTP.INFO: test [] []
[2022-04-14 13:04:45] generateOTP.INFO: test [] []
[2022-04-14 13:04:46] generateOTP.INFO: test [] []
[2022-04-14 13:05:13] generateOTP.INFO: test [] []
[2022-04-14 13:05:29] generateOTP.INFO: test [] []
[2022-04-14 14:30:29] generateOTP.INFO: test [] []
[2022-04-14 14:30:29] generateOTP.INFO: test [] []
[2022-04-14 14:31:11] generateOTP.INFO: test [] []
[2022-04-14 14:31:11] generateOTP.INFO: test [] []
[2022-04-14 14:31:14] generateOTP.INFO: test [] []
[2022-04-14 14:31:14] generateOTP.INFO: test [] []
[2022-04-14 14:31:14] generateOTP.INFO: test [] []
[2022-04-14 14:31:14] generateOTP.INFO: test [] []
[2022-04-14 14:31:21] generateOTP.INFO: test [] []
[2022-04-14 14:31:21] generateOTP.INFO: test [] []
[2022-04-14 14:31:42] generateOTP.INFO: test [] []
[2022-04-14 14:31:43] generateOTP.INFO: test [] []
[2022-04-14 14:31:58] generateOTP.INFO: test [] []
[2022-04-14 14:34:30] generateOTP.INFO: test [] []
[2022-04-14 14:34:30] generateOTP.INFO: test [] []
[2022-04-14 14:34:30] generateOTP.INFO: test [] []
[2022-04-14 14:34:30] generateOTP.INFO: test [] []
[2022-04-14 15:04:35] generateOTP.INFO: test [] []
[2022-04-14 15:04:36] generateOTP.INFO: test [] []
[2022-04-14 15:05:12] generateOTP.INFO: test [] []
[2022-04-14 15:06:20] generateOTP.INFO: test [] []
[2022-04-14 15:07:37] generateOTP.INFO: test [] []
[2022-04-14 15:07:38] generateOTP.INFO: test [] []
[2022-04-14 15:07:51] generateOTP.INFO: test [] []
[2022-04-14 15:08:26] generateOTP.INFO: test [] []
[2022-04-14 15:08:33] generateOTP.INFO: test [] []
[2022-04-14 15:10:48] generateOTP.INFO: test [] []
[2022-04-14 15:11:41] generateOTP.INFO: test [] []
[2022-04-14 15:11:48] generateOTP.INFO: test [] []
[2022-04-14 15:11:55] generateOTP.INFO: test [] []
[2022-04-14 15:11:56] generateOTP.INFO: test [] []
[2022-04-14 15:12:34] generateOTP.INFO: test [] []
[2022-04-14 15:12:48] generateOTP.INFO: test [] []
[2022-04-14 15:12:53] generateOTP.INFO: test [] []
[2022-04-14 15:13:17] generateOTP.INFO: test [] []
[2022-04-14 15:13:22] generateOTP.INFO: test [] []
[2022-04-14 15:13:32] generateOTP.INFO: test [] []
[2022-04-14 15:14:21] generateOTP.INFO: test [] []
[2022-04-14 15:14:35] generateOTP.INFO: test [] []
[2022-04-14 15:14:35] generateOTP.INFO: test [] []
[2022-04-14 15:14:37] generateOTP.INFO: test [] []
[2022-04-14 15:14:59] generateOTP.INFO: test [] []
[2022-04-14 15:15:08] generateOTP.INFO: test [] []
[2022-04-14 15:15:13] generateOTP.INFO: test [] []
[2022-04-14 15:20:37] generateOTP.INFO: test [] []
[2022-04-14 15:20:38] generateOTP.INFO: test [] []
[2022-04-14 15:20:59] generateOTP.INFO: test [] []
[2022-04-14 15:21:06] generateOTP.INFO: test [] []
[2022-04-14 15:21:18] generateOTP.INFO: test [] []
[2022-04-14 15:22:52] generateOTP.INFO: test [] []
[2022-04-14 15:24:14] generateOTP.INFO: test [] []
[2022-04-14 15:33:35] generateOTP.INFO: test [] []
[2022-04-14 15:33:49] generateOTP.INFO: test [] []
[2022-04-14 15:33:50] generateOTP.INFO: test [] []
[2022-04-14 15:33:52] generateOTP.INFO: test [] []
[2022-04-14 15:34:24] generateOTP.INFO: test [] []
[2022-04-14 15:34:34] generateOTP.INFO: test [] []
[2022-04-14 15:37:40] generateOTP.INFO: test [] []
[2022-04-14 15:38:27] generateOTP.INFO: test [] []
[2022-04-14 15:38:28] generateOTP.INFO: test [] []
[2022-04-14 15:39:20] generateOTP.INFO: test [] []
[2022-04-14 15:43:09] generateOTP.INFO: test [] []
[2022-04-14 15:44:54] generateOTP.INFO: test [] []
[2022-04-14 15:45:11] generateOTP.INFO: test [] []
[2022-04-14 15:45:15] generateOTP.INFO: test [] []
[2022-04-14 15:45:23] generateOTP.INFO: test [] []
[2022-04-14 15:45:59] generateOTP.INFO: test [] []
[2022-04-14 15:47:25] generateOTP.INFO: test [] []
[2022-04-14 15:47:26] generateOTP.INFO: test [] []
[2022-04-14 15:47:27] generateOTP.INFO: test [] []
[2022-04-14 15:50:41] generateOTP.INFO: test [] []
[2022-04-14 15:50:56] generateOTP.INFO: test [] []
[2022-04-14 15:51:07] generateOTP.INFO: test [] []
[2022-04-14 15:53:52] generateOTP.INFO: test [] []
[2022-04-14 15:55:07] generateOTP.INFO: test [] []
[2022-04-14 15:58:13] generateOTP.INFO: test [] []
[2022-04-14 15:58:13] generateOTP.INFO: test [] []
[2022-04-14 15:58:52] generateOTP.INFO: test [] []
[2022-04-14 15:59:54] generateOTP.INFO: test [] []
[2022-04-14 16:00:02] generateOTP.INFO: test [] []
[2022-04-14 16:08:06] generateOTP.INFO: test [] []
[2022-04-14 16:08:07] generateOTP.INFO: test [] []
[2022-04-14 16:08:39] generateOTP.INFO: test [] []
[2022-04-14 16:10:01] generateOTP.INFO: test [] []
[2022-04-14 16:10:22] generateOTP.INFO: test [] []
[2022-04-14 16:20:26] generateOTP.INFO: test [] []
[2022-04-14 16:20:27] generateOTP.INFO: test [] []
[2022-04-14 16:20:31] generateOTP.INFO: test [] []
[2022-04-14 16:20:39] generateOTP.INFO: test [] []
[2022-04-14 16:21:34] generateOTP.INFO: test [] []
[2022-04-14 16:28:44] generateOTP.INFO: test [] []
[2022-04-14 16:30:13] generateOTP.INFO: test [] []
[2022-04-14 16:35:46] generateOTP.INFO: test [] []
[2022-04-14 16:35:47] generateOTP.INFO: test [] []
[2022-04-14 16:36:52] generateOTP.INFO: {"salutation":"1","firstname":"manish","lastname":".","dob":"03-04-1986","mob_no":"7987654123","panCard":"","email":"mansk@gmail.com","ref1":"0","ref2":"0","comAdd":"sdd","city":"K.V.Rangareddy","state":"TELANGANA","pin_code":"500060","ISNRI":"N","update_emp_id":"bFFQcVNrOHMrSmMybWpzcHN3OENLZz09","edit":"0","policy_no":"470","subtype_text":"1","sum_insure":"10000000","familyConstruct":"1A","occupation":"11","anuual_income":"","family_members_id":"0","family_gender":"Male","first_name":"manish","last_name":".","family_date_birth":"03-04-1986","age":"36","age_type":" years","tenure":"1 Year","mem_mob":"7987654123","mem_email":"mansk@gmail.com","family_id":"","s_date":"","marriage_date":"","premium":"13299","policyNo":"470","familyDataType":"undefined","empId":"bFFQcVNrOHMrSmMybWpzcHN3OENLZz09","product":"test123abc","declare":"[]","gender":"Male","gci_options":"undefined","gpa_options":"Yes","hidden_policy_id":"470,471","hidden_deductable":"0"} [] []
[2022-04-14 16:37:09] generateOTP.INFO: test [] []
[2022-04-14 16:37:41] documentsSave.INFO: {"ops_type":"[]","ids":"3473,3474"} [] []
[2022-04-14 16:37:41] documentsSaveFiles.INFO: [] [] []
[2022-04-14 16:37:51] generateOTP.INFO: test [] []
[2022-04-14 16:37:51] generateOTP.INFO: test [] []
[2022-04-14 16:38:08] generateOTP.INFO: test [] []
[2022-04-14 16:38:09] generateOTP.INFO: test [] []
[2022-04-14 16:38:10] generateOTP.INFO: test [] []
[2022-04-14 16:38:37] generateOTP.INFO: test [] []
[2022-04-14 16:39:23] generateOTP.INFO: test [] []
[2022-04-14 16:39:23] generateOTP.INFO: test [] []
[2022-04-14 16:39:27] generateOTP.INFO: test [] []
[2022-04-14 16:39:53] generateOTP.INFO: test [] []
[2022-04-14 16:40:00] generateOTP.INFO: test [] []
[2022-04-14 16:40:11] generateOTP.INFO: test [] []
[2022-04-14 16:40:33] generateOTP.INFO: test [] []
[2022-04-14 16:41:08] generateOTP.INFO: test [] []
[2022-04-14 16:41:33] generateOTP.INFO: test [] []
[2022-04-14 16:41:50] generateOTP.INFO: test [] []
[2022-04-14 16:41:50] generateOTP.INFO: test [] []
[2022-04-14 16:42:44] full_quote_request1.INFO: {"ClientCreation":{"Member_Customer_ID":"1649934342GHIR11","salutation":"Mr","firstName":"manish","middleName":"","lastName":".","dateofBirth":"04\/03\/1986","gender":"M","educationalQualification":null,"pinCode":"500060","uidNo":"0","maritalStatus":null,"nationality":"Indian","occupation":"O018","primaryEmailID":"mansk@gmail.com","contactMobileNo":"7987654123","stdLandlineNo":null,"panNo":null,"passportNumber":null,"contactPerson":null,"annualIncome":"3000000","remarks":null,"startDate":"2022-04-14","endDate":null,"IdProof":null,"residenceProof":null,"ageProof":null,"others":null,"homeAddressLine1":"sdd","homeAddressLine2":null,"homeAddressLine3":null,"homePinCode":"500060","homeArea":null,"homeContactMobileNo":null,"homeContactMobileNo2":null,"homeSTDLandlineNo":null,"homeFaxNo":null,"sameAsHomeAddress":"1","mailingAddressLine1":null,"mailingAddressLine2":null,"mailingAddressLine3":null,"mailingPinCode":null,"mailingArea":null,"mailingContactMobileNo":null,"mailingContactMobileNo2":null,"mailingSTDLandlineNo":null,"mailingSTDLandlineNo2":null,"mailingFaxNo":null,"bankAccountType":null,"bankAccountNo":null,"ifscCode":null,"GSTIN":null,"GSTRegistrationStatus":"Consumers","IsEIAavailable":"0","ApplyEIA":"0","EIAAccountNo":null,"EIAWith":"0","AccountType":null,"AddressProof":null,"DOBProof":null,"IdentityProof":null},"PolicyCreationRequest":{"Quotation_Number":"","MasterPolicyNumber":"71-20-00045-00-00","GroupID":"GRP003","Product_Code":"4211","SumInsured_Type":null,"Policy_Tanure":"1","Member_Type_Code":"M209","intermediaryCode":"2111573","AutoRenewal":"0","AutoDebit":"0","intermediaryBranchCode":"10MHMUM08","agentSignatureDate":null,"Customer_Signature_Date":null,"businessSourceChannel":null,"AssignPolicy":"0","AssigneeName":null,"leadID":"SL1649934342","Source_Name":"AXIS_GHIEW_XL","SPID":"E0028","TCN":null,"CRTNO":null,"RefCode1":"E0028","RefCode2":"NULL","Employee_Number":"627374","enumIsEmployeeDiscount":null,"QuoteDate":null,"IsPayment":"0","PaymentMode":null,"PolicyproductComponents":[{"PlanCode":"4211","SumInsured":"10000000","SchemeCode":"4112000003"}]},"MemObj":{"Member":[{"MemberNo":1,"Salutation":"Mr","First_Name":"manish","Middle_Name":null,"Last_Name":".","Gender":"M","DateOfBirth":"04\/03\/1986","Relation_Code":"R001","Marital_Status":null,"height":"0.00","weight":"0","occupation":"O018","PrimaryMember":"Y","MemberproductComponents":[{"PlanCode":"4211","MemberQuestionDetails":[{"QuestionCode":null,"Answer":null,"Remarks":null}]}],"MemberPED":[{"PEDCode":null,"Remarks":null}],"exactDiagnosis":null,"dateOfDiagnosis":null,"lastDateConsultation":null,"detailsOfTreatmentGiven":null,"doctorName":null,"hospitalName":null,"phoneNumberHosital":null,"Nominee_First_Name":"MANISHA","Nominee_Last_Name":"ADITYA","Nominee_Contact_Number":"8745961238","Nominee_Home_Address":null,"Nominee_Relationship_Code":"R002"}]},"ReceiptCreation":{"officeLocation":"","modeOfEntry":"","cdAcNo":null,"expiryDate":null,"payerType":"","payerCode":null,"paymentBy":"","paymentByName":null,"paymentByRelationship":null,"collectionAmount":"","collectionRcvdDate":null,"collectionMode":"","remarks":null,"instrumentNumber":null,"instrumentDate":null,"bankName":null,"branchName":null,"bankLocation":null,"micrNo":null,"chequeType":null,"ifscCode":"","PaymentGatewayName":"","TerminalID":"H6bzurUIQggI2Z","CardNo":null}} [] []
[2022-04-14 16:42:47] full_quote_reponse1.INFO: "<ns0:GHI_Res xmlns:ns0=\"http:\/\/ABHICL_NBP_QuickQuote_Schemas.GHI_Response\"><errorObj><ErrorNumber>00<\/ErrorNumber><ErrorMessage>Success<\/ErrorMessage><\/errorObj><policyDtls><TransactionReferenceNumber><\/TransactionReferenceNumber><QuotationNumber>XL100988859<\/QuotationNumber><CertificateNumber><\/CertificateNumber><LetterURL><\/LetterURL><ClientID><\/ClientID><ProductName>Group Activ Health<\/ProductName><ProductCode>4211<\/ProductCode><LineOfBusiness>42<\/LineOfBusiness><startDate><\/startDate><EndDate><\/EndDate><PolicyNumber>71-20-00045-00-00<\/PolicyNumber><ProposalNumber><\/ProposalNumber><PolicyStatus>PQ1<\/PolicyStatus><Tenure>1<\/Tenure><stpFlag>0<\/stpFlag><MemberCustomerID>1649934342GHIR11<\/MemberCustomerID><\/policyDtls><premium><BasePremium>11270.00<\/BasePremium><NetPremium>11270.00<\/NetPremium><GST>2028.60<\/GST><GrossPremium>13299.00<\/GrossPremium><\/premium><receiptObj><ReceiptNumber \/><ReceiptAmount \/><ExcessAmount \/><\/receiptObj><\/ns0:GHI_Res>" [] []
[2022-04-14 16:42:47] full_quote_request1.INFO: {"ClientCreation":{"Member_Customer_ID":"1649934342GPA1","salutation":"Mr","firstName":"manish","middleName":"","lastName":".","dateofBirth":"04\/03\/1986","gender":"M","educationalQualification":null,"pinCode":"500060","uidNo":"0","maritalStatus":null,"nationality":"Indian","occupation":"O018","primaryEmailID":"mansk@gmail.com","contactMobileNo":"7987654123","stdLandlineNo":null,"panNo":null,"passportNumber":null,"contactPerson":null,"annualIncome":"3000000","remarks":null,"startDate":"2022-04-14","endDate":null,"IdProof":null,"residenceProof":null,"ageProof":null,"others":null,"homeAddressLine1":"sdd","homeAddressLine2":null,"homeAddressLine3":null,"homePinCode":"500060","homeArea":null,"homeContactMobileNo":null,"homeContactMobileNo2":null,"homeSTDLandlineNo":null,"homeFaxNo":null,"sameAsHomeAddress":"1","mailingAddressLine1":null,"mailingAddressLine2":null,"mailingAddressLine3":null,"mailingPinCode":null,"mailingArea":null,"mailingContactMobileNo":null,"mailingContactMobileNo2":null,"mailingSTDLandlineNo":null,"mailingSTDLandlineNo2":null,"mailingFaxNo":null,"bankAccountType":null,"bankAccountNo":null,"ifscCode":null,"GSTIN":null,"GSTRegistrationStatus":"Consumers","IsEIAavailable":"0","ApplyEIA":"0","EIAAccountNo":null,"EIAWith":"0","AccountType":null,"AddressProof":null,"DOBProof":null,"IdentityProof":null},"PolicyCreationRequest":{"Quotation_Number":"","MasterPolicyNumber":"62-20-00065-00-00","GroupID":"GRP003","Product_Code":"4112","SumInsured_Type":null,"Policy_Tanure":"1","Member_Type_Code":"M209","intermediaryCode":"2111573","AutoRenewal":"0","AutoDebit":"0","intermediaryBranchCode":"10MHMUM08","agentSignatureDate":null,"Customer_Signature_Date":null,"businessSourceChannel":null,"AssignPolicy":"0","AssigneeName":null,"leadID":"SL1649934342","Source_Name":"AXIS_GFBEW_XL","SPID":"E0028","TCN":null,"CRTNO":null,"RefCode1":"E0028","RefCode2":"NULL","Employee_Number":"627374","enumIsEmployeeDiscount":null,"QuoteDate":null,"IsPayment":"0","PaymentMode":null,"PolicyproductComponents":[{"PlanCode":"4112","SumInsured":"10000000","SchemeCode":"4112000003"}]},"MemObj":{"Member":[{"MemberNo":1,"Salutation":"Mr","First_Name":"manish","Middle_Name":null,"Last_Name":".","Gender":"M","DateOfBirth":"04\/03\/1986","Relation_Code":"R001","Marital_Status":null,"height":"0.00","weight":"0","occupation":"O018","PrimaryMember":"Y","MemberproductComponents":[{"PlanCode":"4112","MemberQuestionDetails":[{"QuestionCode":null,"Answer":null,"Remarks":null}]}],"MemberPED":[{"PEDCode":null,"Remarks":null}],"exactDiagnosis":null,"dateOfDiagnosis":null,"lastDateConsultation":null,"detailsOfTreatmentGiven":null,"doctorName":null,"hospitalName":null,"phoneNumberHosital":null,"Nominee_First_Name":"MANISHA","Nominee_Last_Name":"ADITYA","Nominee_Contact_Number":"8745961238","Nominee_Home_Address":null,"Nominee_Relationship_Code":"R002"}]},"ReceiptCreation":{"officeLocation":"","modeOfEntry":"","cdAcNo":null,"expiryDate":null,"payerType":"","payerCode":null,"paymentBy":"","paymentByName":null,"paymentByRelationship":null,"collectionAmount":"","collectionRcvdDate":null,"collectionMode":"","remarks":null,"instrumentNumber":null,"instrumentDate":null,"bankName":null,"branchName":null,"bankLocation":null,"micrNo":null,"chequeType":null,"ifscCode":"","PaymentGatewayName":"","TerminalID":"H6bzurUIQggI2Z","CardNo":null}} [] []
[2022-04-14 16:42:49] full_quote_reponse1.INFO: "<ns0:GFB_Res xmlns:ns0=\"http:\/\/ABHICL_NBP_QuickQuote_Schemas.GFB_Response\"><errorObj><ErrorNumber>00<\/ErrorNumber><ErrorMessage>Success<\/ErrorMessage><\/errorObj><policyDtls><TransactionReferenceNumber><\/TransactionReferenceNumber><QuotationNumber>XL100988861<\/QuotationNumber><CertificateNumber><\/CertificateNumber><LetterURL><\/LetterURL><ClientID><\/ClientID><ProductName>Group Activ Secure - Personal Accident<\/ProductName><ProductCode>4112<\/ProductCode><LineOfBusiness>41<\/LineOfBusiness><startDate><\/startDate><EndDate><\/EndDate><PolicyNumber>62-20-00065-00-00<\/PolicyNumber><ProposalNumber><\/ProposalNumber><PolicyStatus>PQ1<\/PolicyStatus><Tenure>1<\/Tenure><stpFlag>0<\/stpFlag><MemberCustomerID>1649934342GPA1<\/MemberCustomerID><\/policyDtls><premium><BasePremium>3390.00<\/BasePremium><NetPremium>3390.00<\/NetPremium><GST>610.20<\/GST><GrossPremium>4000.00<\/GrossPremium><\/premium><receiptObj><ReceiptNumber \/><ReceiptAmount \/><ExcessAmount \/><\/receiptObj><\/ns0:GFB_Res>" [] []
[2022-04-14 16:43:58] full_quote_request2.INFO: {"ClientCreation":{"Member_Customer_ID":"1649934342GHIR11","salutation":"Mr","firstName":"manish","middleName":"","lastName":".","dateofBirth":"04\/03\/1986","gender":"M","educationalQualification":null,"pinCode":"500060","uidNo":"0","maritalStatus":null,"nationality":"Indian","occupation":"O018","primaryEmailID":"mansk@gmail.com","contactMobileNo":"7987654123","stdLandlineNo":null,"panNo":null,"passportNumber":null,"contactPerson":null,"annualIncome":"3000000","remarks":null,"startDate":"2022-04-14","endDate":null,"IdProof":"Adhaar Card","residenceProof":null,"ageProof":null,"others":null,"homeAddressLine1":"sdd","homeAddressLine2":null,"homeAddressLine3":null,"homePinCode":"500060","homeArea":null,"homeContactMobileNo":null,"homeContactMobileNo2":null,"homeSTDLandlineNo":null,"homeFaxNo":null,"sameAsHomeAddress":"1","mailingAddressLine1":null,"mailingAddressLine2":null,"mailingAddressLine3":null,"mailingPinCode":null,"mailingArea":null,"mailingContactMobileNo":null,"mailingContactMobileNo2":null,"mailingSTDLandlineNo":null,"mailingSTDLandlineNo2":null,"mailingFaxNo":null,"bankAccountType":null,"bankAccountNo":null,"ifscCode":null,"GSTIN":null,"GSTRegistrationStatus":"Consumers","IsEIAavailable":"0","ApplyEIA":"0","EIAAccountNo":null,"EIAWith":"0","AccountType":null,"AddressProof":null,"DOBProof":null,"IdentityProof":null},"PolicyCreationRequest":{"Quotation_Number":"XL100988859","MasterPolicyNumber":"71-20-00045-00-00","GroupID":"GRP003","Product_Code":"4211","SumInsured_Type":null,"Policy_Tanure":"1","Member_Type_Code":"M209","intermediaryCode":"2111573","AutoRenewal":"0","AutoDebit":"0","intermediaryBranchCode":"10MHMUM08","agentSignatureDate":null,"Customer_Signature_Date":null,"businessSourceChannel":null,"AssignPolicy":"0","AssigneeName":null,"leadID":"SL1649934342","Source_Name":"AXIS_GHIEW_XL","SPID":"E0028","TCN":null,"CRTNO":null,"RefCode1":"E0028","RefCode2":"NULL","Employee_Number":"627374","enumIsEmployeeDiscount":null,"QuoteDate":null,"IsPayment":"1","PaymentMode":null,"PolicyproductComponents":[{"PlanCode":"4211","SumInsured":"10000000","SchemeCode":"4112000003"}]},"MemObj":{"Member":[{"MemberNo":1,"Salutation":"Mr","First_Name":"manish","Middle_Name":null,"Last_Name":".","Gender":"M","DateOfBirth":"04\/03\/1986","Relation_Code":"R001","Marital_Status":null,"height":"0.00","weight":"0","occupation":"O018","PrimaryMember":"Y","MemberproductComponents":[{"PlanCode":"4211","MemberQuestionDetails":[{"QuestionCode":null,"Answer":null,"Remarks":null}]}],"MemberPED":[{"PEDCode":null,"Remarks":null}],"exactDiagnosis":null,"dateOfDiagnosis":null,"lastDateConsultation":null,"detailsOfTreatmentGiven":null,"doctorName":null,"hospitalName":null,"phoneNumberHosital":null,"Nominee_First_Name":"MANISHA","Nominee_Last_Name":"ADITYA","Nominee_Contact_Number":"8745961238","Nominee_Home_Address":null,"Nominee_Relationship_Code":"R002"}]},"ReceiptCreation":{"officeLocation":"Mumbai","modeOfEntry":"Direct","cdAcNo":null,"expiryDate":null,"payerType":"Customer","payerCode":null,"paymentBy":"Customer","paymentByName":null,"paymentByRelationship":null,"collectionAmount":13299,"collectionRcvdDate":"2022-04-14","collectionMode":"online","remarks":null,"instrumentNumber":"pay_JJDRBDrMMpsZOV","instrumentDate":"2022-04-14","bankName":"AXIS BANK","branchName":"KORBA CHATTISGARH","bankLocation":null,"micrNo":null,"chequeType":null,"ifscCode":"UTIB0000307","PaymentGatewayName":"AXIS_GHIEW_XL","TerminalID":"H6bzurUIQggI2Z","CardNo":null},"CombiCreation":{"Combi_flag":"1","Combi_identifier":"leadid","Combi_value":"SL1649934342","Combi_code":"AXIS_GHIEW_XL","Combi_Count":2,"Combi_product_count":1}} [] []
[2022-04-14 16:44:01] full_quote_reponse2.INFO: "<ns0:GHI_Res xmlns:ns0=\"http:\/\/ABHICL_NBP_QuickQuote_Schemas.GHI_Response\"><errorObj><ErrorNumber>00<\/ErrorNumber><ErrorMessage>Success<\/ErrorMessage><\/errorObj><policyDtls><TransactionReferenceNumber><\/TransactionReferenceNumber><QuotationNumber>XL100988859<\/QuotationNumber><CertificateNumber>GHI-XL-22-2000022<\/CertificateNumber><LetterURL>https:\/\/abpb.adityabirlahealth.com\/hbletter\/viewletter.aspx?ABH=1149797&amp;TRM=GHI-XL-22-2000022<\/LetterURL><ClientID>0001550754<\/ClientID><ProductName>Group Activ Health<\/ProductName><ProductCode>4211<\/ProductCode><LineOfBusiness>42<\/LineOfBusiness><startDate>4\/14\/2022 12:00:00 AM<\/startDate><EndDate>4\/13\/2023 11:59:00 PM<\/EndDate><PolicyNumber>71-20-00045-00-00<\/PolicyNumber><ProposalNumber>XL100988859<\/ProposalNumber><PolicyStatus>IF<\/PolicyStatus><Tenure>1<\/Tenure><stpFlag>0<\/stpFlag><MemberCustomerID>1649934342GHIR11<\/MemberCustomerID><\/policyDtls><premium><BasePremium>11270.00<\/BasePremium><NetPremium>11270.00<\/NetPremium><GST>2028.60<\/GST><GrossPremium>13299.00<\/GrossPremium><\/premium><receiptObj><ReceiptNumber>R70171139<\/ReceiptNumber><ReceiptAmount>13299.00<\/ReceiptAmount><ExcessAmount>0.00<\/ExcessAmount><\/receiptObj><\/ns0:GHI_Res>" [] []
[2022-04-14 16:44:01] api_insert.INFO: {"emp_id":"627374","proposal_id":"3473","member_fr_id":0,"client_id":"0001550754","certificate_number":"GHI-XL-22-2000022","quotation_no":"XL100988859","proposal_no":"XL100988859","policy_no":"71-20-00045-00-00","gross_premium":"13299.00","status":"Success","start_date":"4\/14\/2022 12:00:00 AM","end_date":"4\/13\/2023 11:59:00 PM","created_date":"2022-04-14 16:44:01","proposal_no_lead":"P-1730081677315539","PolicyStatus":"IF","letter_url":"https:\/\/abpb.adityabirlahealth.com\/hbletter\/viewletter.aspx?ABH=1149797&TRM=GHI-XL-22-2000022","CustomerID":"1649934342GHIR11","MemberCustomerID":"1649934342GHIR11","create_policy_type":0,"ReceiptNumber":"R70171139"} [] []
[2022-04-14 16:44:01] full_quote_request2.INFO: {"ClientCreation":{"Member_Customer_ID":"1649934342GPA1","salutation":"Mr","firstName":"manish","middleName":"","lastName":".","dateofBirth":"04\/03\/1986","gender":"M","educationalQualification":null,"pinCode":"500060","uidNo":"0","maritalStatus":null,"nationality":"Indian","occupation":"O018","primaryEmailID":"mansk@gmail.com","contactMobileNo":"7987654123","stdLandlineNo":null,"panNo":null,"passportNumber":null,"contactPerson":null,"annualIncome":"3000000","remarks":null,"startDate":"2022-04-14","endDate":null,"IdProof":"Adhaar Card","residenceProof":null,"ageProof":null,"others":null,"homeAddressLine1":"sdd","homeAddressLine2":null,"homeAddressLine3":null,"homePinCode":"500060","homeArea":null,"homeContactMobileNo":null,"homeContactMobileNo2":null,"homeSTDLandlineNo":null,"homeFaxNo":null,"sameAsHomeAddress":"1","mailingAddressLine1":null,"mailingAddressLine2":null,"mailingAddressLine3":null,"mailingPinCode":null,"mailingArea":null,"mailingContactMobileNo":null,"mailingContactMobileNo2":null,"mailingSTDLandlineNo":null,"mailingSTDLandlineNo2":null,"mailingFaxNo":null,"bankAccountType":null,"bankAccountNo":null,"ifscCode":null,"GSTIN":null,"GSTRegistrationStatus":"Consumers","IsEIAavailable":"0","ApplyEIA":"0","EIAAccountNo":null,"EIAWith":"0","AccountType":null,"AddressProof":null,"DOBProof":null,"IdentityProof":null},"PolicyCreationRequest":{"Quotation_Number":"XL100988861","MasterPolicyNumber":"62-20-00065-00-00","GroupID":"GRP003","Product_Code":"4112","SumInsured_Type":null,"Policy_Tanure":"1","Member_Type_Code":"M209","intermediaryCode":"2111573","AutoRenewal":"0","AutoDebit":"0","intermediaryBranchCode":"10MHMUM08","agentSignatureDate":null,"Customer_Signature_Date":null,"businessSourceChannel":null,"AssignPolicy":"0","AssigneeName":null,"leadID":"SL1649934342","Source_Name":"AXIS_GFBEW_XL","SPID":"E0028","TCN":null,"CRTNO":null,"RefCode1":"E0028","RefCode2":"NULL","Employee_Number":"627374","enumIsEmployeeDiscount":null,"QuoteDate":null,"IsPayment":"1","PaymentMode":null,"PolicyproductComponents":[{"PlanCode":"4112","SumInsured":"10000000","SchemeCode":"4112000003"}]},"MemObj":{"Member":[{"MemberNo":1,"Salutation":"Mr","First_Name":"manish","Middle_Name":null,"Last_Name":".","Gender":"M","DateOfBirth":"04\/03\/1986","Relation_Code":"R001","Marital_Status":null,"height":"0.00","weight":"0","occupation":"O018","PrimaryMember":"Y","MemberproductComponents":[{"PlanCode":"4112","MemberQuestionDetails":[{"QuestionCode":null,"Answer":null,"Remarks":null}]}],"MemberPED":[{"PEDCode":null,"Remarks":null}],"exactDiagnosis":null,"dateOfDiagnosis":null,"lastDateConsultation":null,"detailsOfTreatmentGiven":null,"doctorName":null,"hospitalName":null,"phoneNumberHosital":null,"Nominee_First_Name":"MANISHA","Nominee_Last_Name":"ADITYA","Nominee_Contact_Number":"8745961238","Nominee_Home_Address":null,"Nominee_Relationship_Code":"R002"}]},"ReceiptCreation":{"officeLocation":"Mumbai","modeOfEntry":"Direct","cdAcNo":null,"expiryDate":null,"payerType":"Customer","payerCode":null,"paymentBy":"Customer","paymentByName":null,"paymentByRelationship":null,"collectionAmount":4001,"collectionRcvdDate":"2022-04-14","collectionMode":"online","remarks":null,"instrumentNumber":"pay_JJDRBDrMMpsZOV","instrumentDate":"2022-04-14","bankName":"AXIS BANK","branchName":"KORBA CHATTISGARH","bankLocation":null,"micrNo":null,"chequeType":null,"ifscCode":"UTIB0000307","PaymentGatewayName":"AXIS_GFBEW_XL","TerminalID":"H6bzurUIQggI2Z","CardNo":null},"CombiCreation":{"Combi_flag":"1","Combi_identifier":"leadid","Combi_value":"SL1649934342","Combi_code":"AXIS_GFBEW_XL","Combi_Count":2,"Combi_product_count":1}} [] []
[2022-04-14 16:44:06] full_quote_reponse2.INFO: "<ns0:GFB_Res xmlns:ns0=\"http:\/\/ABHICL_NBP_QuickQuote_Schemas.GFB_Response\"><errorObj><ErrorNumber>00<\/ErrorNumber><ErrorMessage>Success<\/ErrorMessage><\/errorObj><policyDtls><TransactionReferenceNumber><\/TransactionReferenceNumber><QuotationNumber>XL100988861<\/QuotationNumber><CertificateNumber>GPA-XL-22-2000016<\/CertificateNumber><LetterURL>https:\/\/abpb.adityabirlahealth.com\/hbletter\/viewletter.aspx?ABH=1149798&amp;TRM=GPA-XL-22-2000016<\/LetterURL><ClientID>0001550755<\/ClientID><ProductName>Group Activ Secure<\/ProductName><ProductCode>4000<\/ProductCode><LineOfBusiness>40<\/LineOfBusiness><startDate>4\/14\/2022 12:00:00 AM<\/startDate><EndDate>4\/13\/2023 11:59:00 PM<\/EndDate><PolicyNumber>62-20-00065-00-00<\/PolicyNumber><ProposalNumber>XL100988861<\/ProposalNumber><PolicyStatus>IF<\/PolicyStatus><Tenure>1<\/Tenure><stpFlag>0<\/stpFlag><MemberCustomerID>1649934342GPA1<\/MemberCustomerID><\/policyDtls><premium><BasePremium>3390.00<\/BasePremium><NetPremium>3390.00<\/NetPremium><GST>610.20<\/GST><GrossPremium>4000.00<\/GrossPremium><\/premium><receiptObj><ReceiptNumber>R70171140<\/ReceiptNumber><ReceiptAmount>4001.00<\/ReceiptAmount><ExcessAmount>1.00<\/ExcessAmount><\/receiptObj><\/ns0:GFB_Res>" [] []
[2022-04-14 16:44:06] api_insert.INFO: {"emp_id":"627374","proposal_id":"3474","member_fr_id":"0","client_id":"0001550755","certificate_number":"GPA-XL-22-2000016","quotation_no":"XL100988861","proposal_no":"XL100988861","policy_no":"62-20-00065-00-00","gross_premium":"4000.00","status":"Success","start_date":"4\/14\/2022 12:00:00 AM","end_date":"4\/13\/2023 11:59:00 PM","created_date":"2022-04-14 16:44:06","proposal_no_lead":"P-1730081677628714","PolicyStatus":"IF","letter_url":"https:\/\/abpb.adityabirlahealth.com\/hbletter\/viewletter.aspx?ABH=1149798&TRM=GPA-XL-22-2000016","CustomerID":"1649934342GPA1","MemberCustomerID":"1649934342GPA1","create_policy_type":0,"ReceiptNumber":"R70171140"} [] []
[2022-04-14 16:44:08] generateOTP.INFO: test [] []
[2022-04-14 16:44:08] generateOTP.INFO: test [] []
[2022-04-14 16:50:26] generateOTP.INFO: test [] []
[2022-04-14 16:55:32] generateOTP.INFO: test [] []
[2022-04-14 16:58:04] generateOTP.INFO: test [] []
[2022-04-14 16:58:59] generateOTP.INFO: test [] []
[2022-04-14 17:00:43] generateOTP.INFO: test [] []
[2022-04-14 17:00:47] generateOTP.INFO: test [] []
[2022-04-14 17:00:48] generateOTP.INFO: test [] []
[2022-04-14 17:00:49] generateOTP.INFO: test [] []
[2022-04-14 17:17:46] generateOTP.INFO: test [] []
[2022-04-14 17:17:47] generateOTP.INFO: test [] []
[2022-04-14 17:25:44] generateOTP.INFO: test [] []
[2022-04-14 17:25:45] generateOTP.INFO: test [] []
[2022-04-14 17:26:31] generateOTP.INFO: test [] []
[2022-04-14 17:27:03] generateOTP.INFO: test [] []
[2022-04-14 17:27:14] generateOTP.INFO: test [] []
[2022-04-14 17:28:52] generateOTP.INFO: test [] []
[2022-04-14 17:30:23] generateOTP.INFO: test [] []
[2022-04-14 17:30:47] generateOTP.INFO: test [] []
[2022-04-14 17:30:53] generateOTP.INFO: test [] []
[2022-04-14 17:30:54] generateOTP.INFO: test [] []
[2022-04-14 17:30:55] generateOTP.INFO: test [] []
[2022-04-14 17:31:23] generateOTP.INFO: test [] []
[2022-04-14 17:31:28] generateOTP.INFO: test [] []
[2022-04-14 17:31:40] generateOTP.INFO: test [] []
[2022-04-14 17:31:46] generateOTP.INFO: test [] []
[2022-04-14 17:32:10] generateOTP.INFO: test [] []
[2022-04-14 17:33:35] generateOTP.INFO: test [] []
[2022-04-14 17:33:53] generateOTP.INFO: test [] []
[2022-04-14 17:33:54] generateOTP.INFO: test [] []
[2022-04-14 17:33:58] generateOTP.INFO: test [] []
[2022-04-14 17:37:27] generateOTP.INFO: test [] []
[2022-04-14 17:37:28] generateOTP.INFO: test [] []
[2022-04-14 17:41:35] generateOTP.INFO: test [] []
[2022-04-14 17:42:30] generateOTP.INFO: test [] []
[2022-04-14 17:42:36] generateOTP.INFO: test [] []
[2022-04-14 17:44:57] generateOTP.INFO: test [] []
[2022-04-14 17:46:20] generateOTP.INFO: test [] []
[2022-04-14 17:46:58] generateOTP.INFO: test [] []
[2022-04-14 17:47:31] generateOTP.INFO: test [] []
[2022-04-14 17:47:32] generateOTP.INFO: test [] []
[2022-04-14 17:47:46] generateOTP.INFO: test [] []
[2022-04-14 17:48:08] generateOTP.INFO: test [] []
[2022-04-14 17:48:19] generateOTP.INFO: test [] []
[2022-04-14 17:49:52] generateOTP.INFO: test [] []
[2022-04-14 17:51:47] generateOTP.INFO: test [] []
[2022-04-14 17:51:52] generateOTP.INFO: test [] []
[2022-04-14 17:52:34] generateOTP.INFO: test [] []
[2022-04-14 17:52:35] generateOTP.INFO: test [] []
[2022-04-14 17:52:36] generateOTP.INFO: test [] []
[2022-04-14 17:52:56] generateOTP.INFO: test [] []
[2022-04-14 17:53:00] generateOTP.INFO: test [] []
[2022-04-14 17:53:14] generateOTP.INFO: test [] []
[2022-04-14 17:53:28] generateOTP.INFO: test [] []
[2022-04-14 17:54:11] generateOTP.INFO: test [] []
[2022-04-14 17:55:54] generateOTP.INFO: test [] []
[2022-04-14 18:30:32] generateOTP.INFO: test [] []
[2022-04-14 19:27:17] generateOTP.INFO: test [] []
[2022-04-14 21:29:54] generateOTP.INFO: test [] []
