[2020-01-14 11:06:49] generateOTP.INFO: test [] []
[2020-01-14 11:06:50] generateOTP.INFO: test [] []
[2020-01-14 11:06:51] generateOTP.INFO: test [] []
[2020-01-14 11:07:01] generateOTP.INFO: test [] []
[2020-01-14 11:11:57] generateOTP.INFO: test [] []
[2020-01-14 11:13:55] generateOTP.INFO: test [] []
[2020-01-14 11:14:58] generateOTP.INFO: test [] []
[2020-01-14 11:19:58] generateOTP.INFO: test [] []
[2020-01-14 11:21:18] generateOTP.INFO: test [] []
[2020-01-14 11:21:40] generateOTP.INFO: test [] []
[2020-01-14 11:21:53] generateOTP.INFO: test [] []
[2020-01-14 11:23:44] generateOTP.INFO: test [] []
[2020-01-14 11:26:38] generateOTP.INFO: test [] []
[2020-01-14 11:26:58] generateOTP.INFO: test [] []
[2020-01-14 11:30:50] generateOTP.INFO: test [] []
[2020-01-14 11:32:03] generateOTP.INFO: test [] []
[2020-01-14 11:33:24] generateOTP.INFO: test [] []
[2020-01-14 11:33:50] generateOTP.INFO: test [] []
[2020-01-14 11:35:50] generateOTP.INFO: test [] []
[2020-01-14 11:36:05] generateOTP.INFO: test [] []
[2020-01-14 11:37:45] generateOTP.INFO: test [] []
[2020-01-14 11:39:22] generateOTP.INFO: test [] []
[2020-01-14 11:40:45] generateOTP.INFO: test [] []
[2020-01-14 11:41:45] generateOTP.INFO: test [] []
[2020-01-14 11:41:58] generateOTP.INFO: test [] []
[2020-01-14 11:42:23] generateOTP.INFO: test [] []
[2020-01-14 11:43:21] generateOTP.INFO: test [] []
[2020-01-14 11:45:51] generateOTP.INFO: test [] []
[2020-01-14 11:52:23] generateOTP.INFO: test [] []
[2020-01-14 11:53:11] generateOTP.INFO: test [] []
[2020-01-14 11:53:54] generateOTP.INFO: test [] []
[2020-01-14 11:54:49] generateOTP.INFO: test [] []
[2020-01-14 11:59:55] generateOTP.INFO: test [] []
[2020-01-14 12:01:57] generateOTP.INFO: test [] []
[2020-01-14 12:04:07] generateOTP.INFO: test [] []
[2020-01-14 12:07:13] generateOTP.INFO: test [] []
[2020-01-14 12:07:47] generateOTP.INFO: test [] []
[2020-01-14 12:09:06] generateOTP.INFO: test [] []
[2020-01-14 12:11:35] generateOTP.INFO: test [] []
[2020-01-14 12:11:51] generateOTP.INFO: test [] []
[2020-01-14 12:13:34] generateOTP.INFO: test [] []
[2020-01-14 12:15:24] generateOTP.INFO: test [] []
[2020-01-14 12:17:40] generateOTP.INFO: test [] []
[2020-01-14 12:18:47] generateOTP.INFO: test [] []
[2020-01-14 12:24:04] generateOTP.INFO: test [] []
[2020-01-14 12:25:58] generateOTP.INFO: test [] []
[2020-01-14 12:28:33] generateOTP.INFO: test [] []
[2020-01-14 12:28:48] generateOTP.INFO: test [] []
[2020-01-14 12:28:52] generateOTP.INFO: test [] []
[2020-01-14 12:29:13] generateOTP.INFO: test [] []
[2020-01-14 12:31:49] generateOTP.INFO: test [] []
[2020-01-14 12:32:45] generateOTP.INFO: test [] []
[2020-01-14 12:34:53] generateOTP.INFO: test [] []
[2020-01-14 12:36:43] generateOTP.INFO: test [] []
[2020-01-14 12:39:27] generateOTP.INFO: test [] []
[2020-01-14 12:42:32] generateOTP.INFO: test [] []
[2020-01-14 12:42:33] generateOTP.INFO: test [] []
[2020-01-14 12:42:59] generateOTP.INFO: test [] []
[2020-01-14 12:42:59] generateOTP.INFO: test [] []
[2020-01-14 12:42:59] generateOTP.INFO: test [] []
[2020-01-14 12:44:29] generateOTP.INFO: test [] []
[2020-01-14 12:44:56] generateOTP.INFO: test [] []
[2020-01-14 12:45:11] generateOTP.INFO: test [] []
[2020-01-14 12:46:59] generateOTP.INFO: test [] []
[2020-01-14 12:47:30] generateOTP.INFO: test [] []
[2020-01-14 12:51:12] generateOTP.INFO: test [] []
[2020-01-14 12:51:50] generateOTP.INFO: test [] []
[2020-01-14 12:52:43] generateOTP.INFO: test [] []
[2020-01-14 12:54:46] generateOTP.INFO: test [] []
[2020-01-14 13:00:44] generateOTP.INFO: test [] []
[2020-01-14 13:07:52] generateOTP.INFO: test [] []
[2020-01-14 13:07:55] generateOTP.INFO: test [] []
[2020-01-14 13:08:31] generateOTP.INFO: test [] []
[2020-01-14 13:11:24] generateOTP.INFO: test [] []
[2020-01-14 13:14:08] generateOTP.INFO: test [] []
[2020-01-14 13:22:46] generateOTP.INFO: test [] []
[2020-01-14 13:23:49] generateOTP.INFO: test [] []
[2020-01-14 13:24:10] generateOTP.INFO: test [] []
[2020-01-14 13:41:50] generateOTP.INFO: test [] []
[2020-01-14 13:42:26] generateOTP.INFO: test [] []
[2020-01-14 13:42:28] generateOTP.INFO: test [] []
[2020-01-14 13:43:07] generateOTP.INFO: test [] []
[2020-01-14 13:47:57] generateOTP.INFO: test [] []
[2020-01-14 13:51:39] generateOTP.INFO: test [] []
[2020-01-14 13:51:39] generateOTP.INFO: test [] []
[2020-01-14 13:51:46] generateOTP.INFO: test [] []
[2020-01-14 13:51:46] generateOTP.INFO: test [] []
[2020-01-14 14:18:17] generateOTP.INFO: test [] []
[2020-01-14 14:18:18] generateOTP.INFO: test [] []
[2020-01-14 14:18:18] generateOTP.INFO: test [] []
[2020-01-14 14:18:18] generateOTP.INFO: test [] []
[2020-01-14 14:18:19] generateOTP.INFO: test [] []
[2020-01-14 14:18:21] generateOTP.INFO: test [] []
[2020-01-14 14:18:23] generateOTP.INFO: test [] []
[2020-01-14 14:18:23] generateOTP.INFO: test [] []
[2020-01-14 14:18:24] generateOTP.INFO: test [] []
[2020-01-14 14:18:25] generateOTP.INFO: test [] []
[2020-01-14 14:18:26] generateOTP.INFO: test [] []
[2020-01-14 14:18:50] generateOTP.INFO: test [] []
[2020-01-14 14:25:12] generateOTP.INFO: test [] []
[2020-01-14 14:29:29] generateOTP.INFO: test [] []
[2020-01-14 14:29:56] generateOTP.INFO: test [] []
[2020-01-14 14:35:53] generateOTP.INFO: test [] []
[2020-01-14 14:42:10] generateOTP.INFO: test [] []
[2020-01-14 14:42:16] generateOTP.INFO: test [] []
[2020-01-14 14:42:17] generateOTP.INFO: test [] []
[2020-01-14 14:42:22] generateOTP.INFO: test [] []
[2020-01-14 14:42:27] generateOTP.INFO: test [] []
[2020-01-14 14:42:27] generateOTP.INFO: test [] []
[2020-01-14 14:42:27] generateOTP.INFO: test [] []
[2020-01-14 14:42:39] generateOTP.INFO: test [] []
[2020-01-14 14:42:39] generateOTP.INFO: test [] []
[2020-01-14 14:42:39] generateOTP.INFO: test [] []
[2020-01-14 14:44:03] generateOTP.INFO: {"edit":"0","policy_no":"378","subtype_text":"1","sum_insure":"800000","familyConstruct":"2A+1K","tenure":"1 Year","family_members_id":"0","family_gender":"Male","first_name":"Atish","middle_name":"P","last_name":"Patel","family_date_birth":"14-01-1988","age":"32","age_type":"years","family_id":"","s_date":"","marriage_date":"","premium_parent":"","contri_parent":"","premium":"7099","policyNo":"378","familyDataType":"undefined","empId":"619955","product":"QBTv5db9151ad1c21","declare":"[]"} [] []
[2020-01-14 14:44:20] generateOTP.INFO: {"edit":"0","policy_no":"378","subtype_text":"1","sum_insure":"800000","familyConstruct":"2A+1K","tenure":"1 Year","family_members_id":"1","family_gender":"Female","first_name":"pradnya","middle_name":"atish","last_name":"amte","family_date_birth":"19-01-1989","age":"30","age_type":"years","family_id":"","s_date":"","marriage_date":"","premium_parent":"","contri_parent":"","premium":"7099","policyNo":"378","familyDataType":"undefined","empId":"619955","product":"QBTv5db9151ad1c21","declare":"[]"} [] []
[2020-01-14 14:44:55] generateOTP.INFO: {"edit":"0","policy_no":"378","subtype_text":"1","sum_insure":"800000","familyConstruct":"2A+1K","tenure":"1 Year","family_members_id":"3","family_gender":"Female","first_name":"atisha","middle_name":"atish","last_name":"amte","family_date_birth":"16-01-1997","age":"22","age_type":"years","family_id":"","s_date":"","marriage_date":"","premium_parent":"","contri_parent":"","premium":"7099","policyNo":"378","familyDataType":"undefined","empId":"619955","product":"QBTv5db9151ad1c21","declare":"[]"} [] []
[2020-01-14 14:45:04] generateOTP.INFO: {"edit":"0","subtype_text":"3","policy_no":"379","sum_insure":"500000","familyConstruct":"2A","tenure":"1 Year","family_members_id":"0","family_gender":"Male","first_name":"Atish","middle_name":"P","last_name":"Patel","family_date_birth":"14-01-1988","age":"32","age_type":"years","family_id":"","s_date":"","marriage_date":"","premium_parent":"","contri_parent":"","premium":"4198","policyNo":"379","familyDataType":"family_construct","product":"QBTv5db9151ad1c21","empId":"619955"} [] []
[2020-01-14 14:45:08] generateOTP.INFO: {"edit":"0","subtype_text":"3","policy_no":"379","sum_insure":"500000","familyConstruct":"2A","tenure":"1 Year","family_members_id":"1","family_gender":"Female","first_name":"pradnya","middle_name":"atish","last_name":"amte","family_date_birth":"19-01-1989","age":"30","age_type":"years","family_id":"","s_date":"","marriage_date":"","premium_parent":"","contri_parent":"","premium":"4198","policyNo":"379","familyDataType":"family_construct","product":"QBTv5db9151ad1c21","empId":"619955"} [] []
[2020-01-14 14:48:55] generateOTP.INFO: test [] []
[2020-01-14 14:49:40] generateOTP.INFO: test [] []
[2020-01-14 14:50:26] generateOTP.INFO: test [] []
[2020-01-14 14:50:36] generateOTP.INFO: test [] []
[2020-01-14 14:51:50] generateOTP.INFO: test [] []
[2020-01-14 14:51:50] generateOTP.INFO: test [] []
[2020-01-14 14:51:51] generateOTP.INFO: test [] []
[2020-01-14 14:53:15] generateOTP.INFO: test [] []
[2020-01-14 14:53:53] generateOTP.INFO: {"edit":"0","policy_no":"378","subtype_text":"1","sum_insure":"1000000","familyConstruct":"2A+1K","tenure":"1 Year","family_members_id":"0","family_gender":"Male","first_name":"Prathyush","middle_name":"P","last_name":"Pattani","family_date_birth":"13-08-1983","age":"36","age_type":"years","family_id":"","s_date":"","marriage_date":"","premium_parent":"","contri_parent":"","premium":"7299","policyNo":"378","familyDataType":"undefined","empId":"619956","product":"QBTv5db9151ad1c21","declare":"[]"} [] []
[2020-01-14 14:54:12] generateOTP.INFO: {"edit":"0","policy_no":"378","subtype_text":"1","sum_insure":"1000000","familyConstruct":"2A+1K","tenure":"1 Year","family_members_id":"1","family_gender":"Female","first_name":"Namrata","middle_name":"P","last_name":"dsfdsfdsf","family_date_birth":"16-05-1990","age":"29","age_type":"years","family_id":"","s_date":"","marriage_date":"","premium_parent":"","contri_parent":"","premium":"7299","policyNo":"378","familyDataType":"undefined","empId":"619956","product":"QBTv5db9151ad1c21","declare":"[]"} [] []
[2020-01-14 14:54:22] generateOTP.INFO: test [] []
[2020-01-14 14:54:28] generateOTP.INFO: {"edit":"0","policy_no":"378","subtype_text":"1","sum_insure":"1000000","familyConstruct":"2A+1K","tenure":"1 Year","family_members_id":"2","family_gender":"Male","first_name":"Piyush","middle_name":"uygu","last_name":"uyhgkuygy","family_date_birth":"18-01-2018","age":"1","age_type":"years","family_id":"","s_date":"","marriage_date":"","premium_parent":"","contri_parent":"","premium":"7299","policyNo":"378","familyDataType":"undefined","empId":"619956","product":"QBTv5db9151ad1c21","declare":"[]"} [] []
[2020-01-14 14:54:53] generateOTP.INFO: {"edit":"0","subtype_text":"3","policy_no":"379","sum_insure":"1000000","familyConstruct":"2A","tenure":"1 Year","family_members_id":"0","family_gender":"Male","first_name":"Prathyush","middle_name":"P","last_name":"Pattani","family_date_birth":"13-08-1983","age":"36","age_type":"years","family_id":"","s_date":"","marriage_date":"","premium_parent":"","contri_parent":"","premium":"8395","policyNo":"379","familyDataType":"family_construct","product":"QBTv5db9151ad1c21","empId":"619956"} [] []
[2020-01-14 14:55:00] generateOTP.INFO: {"edit":"0","subtype_text":"3","policy_no":"379","sum_insure":"1000000","familyConstruct":"2A","tenure":"1 Year","family_members_id":"1","family_gender":"Female","first_name":"Namrata","middle_name":"P","last_name":"dsfdsfdsf","family_date_birth":"16-05-1990","age":"29","age_type":"years","family_id":"","s_date":"","marriage_date":"","premium_parent":"","contri_parent":"","premium":"8395","policyNo":"379","familyDataType":"family_construct","product":"QBTv5db9151ad1c21","empId":"619956"} [] []
[2020-01-14 14:56:08] generateOTP.INFO: test [] []
[2020-01-14 14:56:57] documentsSave.INFO: {"ops_type":"[\"Enrollment form\",\"Cheque Copy\"]","ext0":"undefined","ext1":"undefined","ids":"72,73","update_datas":"undefined"} [] []
[2020-01-14 14:56:57] documentsSaveFiles.INFO: [{"name":"Nomiee.PNG","type":"image\/png","tmp_name":"\/tmp\/php9HvHEZ","error":0,"size":42687},{"name":"AADHAR.jpg","type":"image\/jpeg","tmp_name":"\/tmp\/phpdqs5IE","error":0,"size":247909}] [] []
[2020-01-14 14:57:03] generateOTP.INFO: test [] []
[2020-01-14 14:57:04] generateOTP.INFO: test [] []
[2020-01-14 14:57:57] generateOTP.INFO: test [] []
[2020-01-14 14:59:12] generateOTP.INFO: test [] []
[2020-01-14 15:00:26] generateOTP.INFO: test [] []
[2020-01-14 15:02:22] generateOTP.INFO: test [] []
[2020-01-14 15:02:22] generateOTP.INFO: test [] []
[2020-01-14 15:02:22] generateOTP.INFO: test [] []
[2020-01-14 15:04:33] generateOTP.INFO: {"edit":"0","policy_no":"378","subtype_text":"1","sum_insure":"2000000","familyConstruct":"1A","tenure":"1 Year","family_members_id":"0","family_gender":"Female","first_name":"Asha","middle_name":"S","last_name":"Nair","family_date_birth":"28-10-1986","age":"33","age_type":"years","family_id":"","s_date":"","marriage_date":"","premium_parent":"","contri_parent":"","premium":"6299","policyNo":"378","familyDataType":"undefined","empId":"619957","product":"QBTv5db9151ad1c21","declare":"[]"} [] []
[2020-01-14 15:06:18] documentsSave.INFO: {"ops_type":"[\"Enrollment form\",\"Cheque Copy\"]","ext0":"undefined","ext1":"undefined","ids":"74","update_datas":"undefined"} [] []
[2020-01-14 15:06:18] documentsSaveFiles.INFO: [{"name":"PAN.jpg","type":"image\/jpeg","tmp_name":"\/tmp\/phpuW3gBD","error":0,"size":132663},{"name":"Pan2.pdf","type":"application\/pdf","tmp_name":"\/tmp\/phpaa92CW","error":0,"size":286186}] [] []
[2020-01-14 15:06:24] generateOTP.INFO: test [] []
[2020-01-14 15:06:53] generateOTP.INFO: test [] []
[2020-01-14 15:06:53] generateOTP.INFO: test [] []
[2020-01-14 15:06:53] generateOTP.INFO: test [] []
[2020-01-14 15:08:56] generateOTP.INFO: {"edit":"0","subtype_text":"3","policy_no":"379","sum_insure":"750000","familyConstruct":"2A","tenure":"1 Year","family_members_id":"0","family_gender":"Female","first_name":"Aishwarya","middle_name":"S","last_name":"Sudip","family_date_birth":"19-08-1989","age":"30","age_type":"years","family_id":"","s_date":"","marriage_date":"","premium_parent":"","contri_parent":"","premium":"6296","policyNo":"379","familyDataType":"family_construct","product":"QBTv5db9151ad1c21","empId":"619958"} [] []
[2020-01-14 15:09:14] generateOTP.INFO: {"edit":"0","subtype_text":"3","policy_no":"379","sum_insure":"750000","familyConstruct":"2A","tenure":"1 Year","family_members_id":"1","family_gender":"Male","first_name":"Sudip","middle_name":"jgh","last_name":"gfhfghfg","family_date_birth":"08-08-1984","age":"35","age_type":"years","family_id":"","s_date":"","marriage_date":"","premium_parent":"","contri_parent":"","premium":"6296","policyNo":"379","familyDataType":"family_construct","product":"QBTv5db9151ad1c21","empId":"619958"} [] []
[2020-01-14 15:10:34] documentsSave.INFO: {"ops_type":"[\"Enrollment form\",\"Cheque Copy\"]","ext0":"undefined","ext1":"undefined","ids":"75","update_datas":"undefined"} [] []
[2020-01-14 15:10:34] documentsSaveFiles.INFO: [{"name":"PAN.jpg","type":"image\/jpeg","tmp_name":"\/tmp\/php1EwvTB","error":0,"size":132663},{"name":"92da28ce411704c2c1a2a5a00ba4b5cd.pdf_tmp562C.tmp.pdf","type":"application\/pdf","tmp_name":"\/tmp\/php8YItdT","error":0,"size":248303}] [] []
[2020-01-14 15:10:40] generateOTP.INFO: test [] []
[2020-01-14 15:11:04] generateOTP.INFO: test [] []
[2020-01-14 15:11:07] generateOTP.INFO: test [] []
[2020-01-14 15:11:24] generateOTP.INFO: test [] []
[2020-01-14 15:11:45] generateOTP.INFO: test [] []
[2020-01-14 15:11:45] generateOTP.INFO: test [] []
[2020-01-14 15:11:45] generateOTP.INFO: test [] []
[2020-01-14 15:12:28] generateOTP.INFO: test [] []
[2020-01-14 15:12:39] generateOTP.INFO: test [] []
[2020-01-14 15:12:40] generateOTP.INFO: test [] []
[2020-01-14 15:12:40] generateOTP.INFO: test [] []
[2020-01-14 15:13:45] generateOTP.INFO: test [] []
[2020-01-14 15:13:45] generateOTP.INFO: test [] []
[2020-01-14 15:13:45] generateOTP.INFO: test [] []
[2020-01-14 15:14:44] generateOTP.INFO: test [] []
[2020-01-14 15:14:44] generateOTP.INFO: test [] []
[2020-01-14 15:14:45] generateOTP.INFO: test [] []
[2020-01-14 15:15:11] generateOTP.INFO: test [] []
[2020-01-14 15:15:38] generateOTP.INFO: test [] []
[2020-01-14 15:15:38] generateOTP.INFO: test [] []
[2020-01-14 15:15:39] generateOTP.INFO: test [] []
[2020-01-14 15:16:50] generateOTP.INFO: test [] []
[2020-01-14 15:20:10] generateOTP.INFO: test [] []
[2020-01-14 15:20:10] generateOTP.INFO: test [] []
[2020-01-14 15:20:10] generateOTP.INFO: test [] []
[2020-01-14 15:22:17] generateOTP.INFO: test [] []
[2020-01-14 15:22:17] generateOTP.INFO: test [] []
[2020-01-14 15:22:17] generateOTP.INFO: test [] []
[2020-01-14 15:22:40] generateOTP.INFO: test [] []
[2020-01-14 15:22:41] generateOTP.INFO: test [] []
[2020-01-14 15:22:41] generateOTP.INFO: test [] []
[2020-01-14 15:24:54] generateOTP.INFO: test [] []
[2020-01-14 15:24:54] generateOTP.INFO: test [] []
[2020-01-14 15:24:58] generateOTP.INFO: test [] []
[2020-01-14 15:32:27] generateOTP.INFO: test [] []
[2020-01-14 15:32:47] generateOTP.INFO: test [] []
[2020-01-14 15:38:45] generateOTP.INFO: test [] []
[2020-01-14 15:48:54] generateOTP.INFO: test [] []
[2020-01-14 15:48:54] generateOTP.INFO: test [] []
[2020-01-14 15:48:54] generateOTP.INFO: test [] []
[2020-01-14 15:48:57] generateOTP.INFO: test [] []
[2020-01-14 15:51:19] generateOTP.INFO: test [] []
[2020-01-14 16:12:49] generateOTP.INFO: test [] []
[2020-01-14 16:13:08] generateOTP.INFO: test [] []
[2020-01-14 16:17:00] generateOTP.INFO: test [] []
[2020-01-14 16:18:54] generateOTP.INFO: test [] []
[2020-01-14 16:25:17] generateOTP.INFO: test [] []
[2020-01-14 16:30:57] generateOTP.INFO: test [] []
[2020-01-14 16:30:58] generateOTP.INFO: test [] []
[2020-01-14 16:31:03] generateOTP.INFO: test [] []
[2020-01-14 16:31:17] generateOTP.INFO: test [] []
[2020-01-14 16:31:41] generateOTP.INFO: test [] []
[2020-01-14 16:31:58] generateOTP.INFO: test [] []
[2020-01-14 16:33:57] generateOTP.INFO: test [] []
[2020-01-14 16:37:35] generateOTP.INFO: test [] []
[2020-01-14 16:37:36] generateOTP.INFO: test [] []
[2020-01-14 16:37:36] generateOTP.INFO: test [] []
[2020-01-14 16:44:12] generateOTP.INFO: test [] []
[2020-01-14 16:44:12] generateOTP.INFO: test [] []
[2020-01-14 16:44:12] generateOTP.INFO: test [] []
[2020-01-14 16:44:37] generateOTP.INFO: test [] []
[2020-01-14 16:44:40] generateOTP.INFO: test [] []
[2020-01-14 16:45:53] generateOTP.INFO: test [] []
[2020-01-14 16:47:46] generateOTP.INFO: test [] []
[2020-01-14 16:51:42] generateOTP.INFO: test [] []
[2020-01-14 16:52:17] generateOTP.INFO: test [] []
[2020-01-14 16:53:56] generateOTP.INFO: test [] []
[2020-01-14 16:54:46] generateOTP.INFO: test [] []
[2020-01-14 16:54:52] generateOTP.INFO: test [] []
[2020-01-14 16:55:26] generateOTP.INFO: test [] []
[2020-01-14 16:55:31] generateOTP.INFO: test [] []
[2020-01-14 16:56:11] generateOTP.INFO: test [] []
[2020-01-14 16:59:47] generateOTP.INFO: test [] []
[2020-01-14 17:06:36] generateOTP.INFO: test [] []
[2020-01-14 17:34:43] generateOTP.INFO: test [] []
[2020-01-14 17:35:17] generateOTP.INFO: test [] []
[2020-01-14 17:36:39] generateOTP.INFO: test [] []
[2020-01-14 17:38:50] generateOTP.INFO: test [] []
[2020-01-14 17:39:19] generateOTP.INFO: test [] []
[2020-01-14 17:39:29] generateOTP.INFO: test [] []
[2020-01-14 17:40:49] generateOTP.INFO: test [] []
[2020-01-14 17:43:12] generateOTP.INFO: test [] []
[2020-01-14 17:52:18] generateOTP.INFO: test [] []
[2020-01-14 17:54:17] generateOTP.INFO: test [] []
[2020-01-14 17:55:50] generateOTP.INFO: test [] []
[2020-01-14 17:56:38] generateOTP.INFO: test [] []
[2020-01-14 17:57:22] generateOTP.INFO: test [] []
[2020-01-14 17:57:39] generateOTP.INFO: test [] []
[2020-01-14 17:57:45] generateOTP.INFO: test [] []
[2020-01-14 17:58:05] generateOTP.INFO: test [] []
[2020-01-14 17:58:46] generateOTP.INFO: test [] []
[2020-01-14 18:02:48] generateOTP.INFO: test [] []
[2020-01-14 18:03:35] generateOTP.INFO: test [] []
[2020-01-14 18:05:14] generateOTP.INFO: test [] []
[2020-01-14 18:06:16] generateOTP.INFO: test [] []
[2020-01-14 18:09:00] generateOTP.INFO: test [] []
[2020-01-14 18:10:45] generateOTP.INFO: test [] []
[2020-01-14 18:15:27] generateOTP.INFO: test [] []
[2020-01-14 18:18:48] generateOTP.INFO: test [] []
[2020-01-14 18:21:24] generateOTP.INFO: test [] []
[2020-01-14 18:24:25] generateOTP.INFO: test [] []
[2020-01-14 18:25:58] generateOTP.INFO: test [] []
[2020-01-14 18:26:26] generateOTP.INFO: test [] []
[2020-01-14 18:26:43] generateOTP.INFO: test [] []
[2020-01-14 18:27:38] generateOTP.INFO: test [] []
[2020-01-14 18:28:37] generateOTP.INFO: test [] []
[2020-01-14 18:29:41] generateOTP.INFO: test [] []
[2020-01-14 18:29:41] generateOTP.INFO: test [] []
[2020-01-14 18:29:42] generateOTP.INFO: test [] []
[2020-01-14 18:35:00] generateOTP.INFO: test [] []
[2020-01-14 18:35:01] generateOTP.INFO: test [] []
[2020-01-14 18:35:04] generateOTP.INFO: test [] []
[2020-01-14 18:35:09] generateOTP.INFO: test [] []
[2020-01-14 18:40:10] generateOTP.INFO: test [] []
[2020-01-14 18:40:12] generateOTP.INFO: test [] []
[2020-01-14 18:40:55] generateOTP.INFO: test [] []
[2020-01-14 18:41:35] generateOTP.INFO: test [] []
[2020-01-14 18:41:36] generateOTP.INFO: test [] []
[2020-01-14 18:41:39] generateOTP.INFO: test [] []
[2020-01-14 18:41:48] generateOTP.INFO: test [] []
[2020-01-14 18:42:52] generateOTP.INFO: test [] []
[2020-01-14 18:42:54] generateOTP.INFO: test [] []
[2020-01-14 18:43:31] generateOTP.INFO: test [] []
[2020-01-14 18:44:47] generateOTP.INFO: test [] []
[2020-01-14 18:44:54] generateOTP.INFO: test [] []
[2020-01-14 18:45:02] generateOTP.INFO: test [] []
[2020-01-14 18:45:02] generateOTP.INFO: test [] []
[2020-01-14 18:45:02] generateOTP.INFO: test [] []
[2020-01-14 18:45:14] generateOTP.INFO: test [] []
[2020-01-14 18:45:57] generateOTP.INFO: test [] []
[2020-01-14 18:47:18] generateOTP.INFO: test [] []
[2020-01-14 18:47:38] generateOTP.INFO: test [] []
[2020-01-14 18:47:57] generateOTP.INFO: test [] []
[2020-01-14 18:48:09] generateOTP.INFO: test [] []
[2020-01-14 18:48:47] generateOTP.INFO: test [] []
[2020-01-14 18:48:57] generateOTP.INFO: test [] []
[2020-01-14 18:50:50] generateOTP.INFO: test [] []
[2020-01-14 18:51:00] generateOTP.INFO: test [] []
[2020-01-14 18:51:18] generateOTP.INFO: test [] []
[2020-01-14 18:51:31] generateOTP.INFO: test [] []
[2020-01-14 18:52:21] generateOTP.INFO: test [] []
[2020-01-14 18:52:48] generateOTP.INFO: test [] []
[2020-01-14 18:53:26] generateOTP.INFO: test [] []
[2020-01-14 18:53:30] generateOTP.INFO: test [] []
[2020-01-14 18:53:54] generateOTP.INFO: test [] []
