[2020-03-15 17:23:50] generateOTP.INFO: test [] []
[2020-03-15 17:26:15] generateOTP.INFO: test [] []
[2020-03-15 17:26:37] generateOTP.INFO: test [] []
[2020-03-15 17:38:30] generateOTP.INFO: test [] []
[2020-03-15 17:50:02] generateOTP.INFO: test [] []
[2020-03-15 17:50:20] generateOTP.INFO: test [] []
[2020-03-15 17:50:34] generateOTP.INFO: test [] []
[2020-03-15 17:51:07] generateOTP.INFO: test [] []
[2020-03-15 17:56:59] generateOTP.INFO: test [] []
[2020-03-15 18:03:52] generateOTP.INFO: test [] []
[2020-03-15 18:16:40] generateOTP.INFO: test [] []
[2020-03-15 18:16:40] generateOTP.INFO: test [] []
[2020-03-15 18:16:42] generateOTP.INFO: test [] []
[2020-03-15 18:16:45] generateOTP.INFO: test [] []
[2020-03-15 18:32:19] generateOTP.INFO: test [] []
[2020-03-15 18:36:33] generateOTP.INFO: test [] []
[2020-03-15 18:44:15] generateOTP.INFO: test [] []
[2020-03-15 18:47:34] generateOTP.INFO: test [] []
[2020-03-15 18:56:55] generateOTP.INFO: test [] []
[2020-03-15 18:58:51] generateOTP.INFO: test [] []
[2020-03-15 18:58:58] generateOTP.INFO: test [] []
[2020-03-15 19:00:50] generateOTP.INFO: test [] []
[2020-03-15 19:14:21] generateOTP.INFO: test [] []
[2020-03-15 19:18:03] generateOTP.INFO: test [] []
[2020-03-15 19:45:37] generateOTP.INFO: test [] []
[2020-03-15 19:45:37] generateOTP.INFO: test [] []
[2020-03-15 19:49:12] generateOTP.INFO: test [] []
[2020-03-15 19:49:16] generateOTP.INFO: test [] []
[2020-03-15 19:49:20] generateOTP.INFO: test [] []
[2020-03-15 19:49:29] generateOTP.INFO: test [] []
[2020-03-15 19:49:32] generateOTP.INFO: test [] []
[2020-03-15 20:00:51] generateOTP.INFO: test [] []
[2020-03-15 20:00:53] generateOTP.INFO: test [] []
[2020-03-15 20:00:54] generateOTP.INFO: test [] []
[2020-03-15 20:02:20] generateOTP.INFO: test [] []
[2020-03-15 20:02:20] generateOTP.INFO: test [] []
[2020-03-15 20:11:38] generateOTP.INFO: test [] []
[2020-03-15 20:11:38] generateOTP.INFO: test [] []
[2020-03-15 21:27:38] generateOTP.INFO: test [] []
[2020-03-15 21:27:46] generateOTP.INFO: test [] []
[2020-03-15 21:28:03] generateOTP.INFO: test [] []
[2020-03-15 21:28:03] generateOTP.INFO: test [] []
[2020-03-15 21:35:54] generateOTP.INFO: test [] []
[2020-03-15 21:35:54] generateOTP.INFO: test [] []
[2020-03-15 21:38:24] generateOTP.INFO: {"edit":"0","policy_no":"378","subtype_text":"1","sum_insure":"800000","familyConstruct":"2A+2K","tenure":"1 Year","family_members_id":"0","family_gender":"Female","first_name":"ee","middle_name":"qq","last_name":"ee","family_date_birth":"17-03-1983","age":"37","age_type":"years","family_id":"","s_date":"","marriage_date":"","premium_parent":"","contri_parent":"","premium":"7499","policyNo":"378","familyDataType":"family_construct","empId":"620172","product":"QBTv5db9151ad1c21","declare":"[]","abc":"2a+2k"} [] []
[2020-03-15 21:38:43] generateOTP.INFO: {"edit":"0","policy_no":"378","subtype_text":"1","sum_insure":"800000","familyConstruct":"2A+2K","tenure":"1 Year","family_members_id":"1","family_gender":"Male","first_name":"xx","middle_name":"zz","last_name":"cc","family_date_birth":"18-03-1986","age":"34","age_type":"years","family_id":"","s_date":"","marriage_date":"","premium_parent":"","contri_parent":"","premium":"7499","policyNo":"378","familyDataType":"family_construct","empId":"620172","product":"QBTv5db9151ad1c21","declare":"[]","abc":"2a+2k"} [] []
[2020-03-15 21:39:11] generateOTP.INFO: {"edit":"0","policy_no":"378","subtype_text":"1","sum_insure":"800000","familyConstruct":"2A+2K","tenure":"1 Year","family_members_id":"2","family_gender":"Male","first_name":"ss","middle_name":"ff","last_name":"ff","family_date_birth":"24-03-2004","age":"16","age_type":"years","family_id":"","s_date":"","marriage_date":"","premium_parent":"","contri_parent":"","premium":"7499","policyNo":"378","familyDataType":"family_construct","empId":"620172","product":"QBTv5db9151ad1c21","declare":"[]","abc":"2a+2k"} [] []
[2020-03-15 21:39:27] generateOTP.INFO: {"edit":"0","policy_no":"378","subtype_text":"1","sum_insure":"800000","familyConstruct":"2A+2K","tenure":"1 Year","family_members_id":"3","family_gender":"Female","first_name":"ss","middle_name":"ff","last_name":"ss","family_date_birth":"16-03-2010","age":"10","age_type":"years","family_id":"","s_date":"","marriage_date":"","premium_parent":"","contri_parent":"","premium":"7499","policyNo":"378","familyDataType":"family_construct","empId":"620172","product":"QBTv5db9151ad1c21","declare":"[]","abc":"2a+2k"} [] []
[2020-03-15 21:39:45] generateOTP.INFO: {"edit":"0","subtype_text":"3","policy_no":"379","sum_insure":"500000","familyConstruct":"2A","tenure":"1 Year","family_members_id":"0","family_gender":"Female","first_name":"ee","middle_name":"qq","last_name":"ee","family_date_birth":"17-03-1983","age":"37","age_type":"years","family_id":"","s_date":"","marriage_date":"","premium_parent":"","contri_parent":"","premium":"4198","policyNo":"379","familyDataType":"family_construct","product":"QBTv5db9151ad1c21","empId":"620172"} [] []
[2020-03-15 21:39:50] generateOTP.INFO: {"edit":"0","subtype_text":"3","policy_no":"379","sum_insure":"500000","familyConstruct":"2A","tenure":"1 Year","family_members_id":"1","family_gender":"Male","first_name":"xx","middle_name":"zz","last_name":"cc","family_date_birth":"18-03-1986","age":"34","age_type":"years","family_id":"","s_date":"","marriage_date":"","premium_parent":"","contri_parent":"","premium":"4198","policyNo":"379","familyDataType":"family_construct","product":"QBTv5db9151ad1c21","empId":"620172"} [] []
[2020-03-15 21:42:37] documentsSave.INFO: {"ops_type":"[\"Enrollment form\",\"Cheque Copy\"]","ext0":"undefined","ext1":"undefined","ids":"172,178","update_datas":"undefined","emp_id":"620172"} [] []
[2020-03-15 21:42:37] documentsSaveFiles.INFO: [{"name":"Chrysanthemum.jpg","type":"image\/jpeg","tmp_name":"\/tmp\/phpJit6n0","error":0,"size":879394},{"name":"Hydrangeas.jpg","type":"image\/jpeg","tmp_name":"\/tmp\/php5Itnd9","error":0,"size":595284}] [] []
[2020-03-15 21:43:11] generateOTP.INFO: test [] []
[2020-03-15 21:43:21] generateOTP.INFO: test [] []
[2020-03-15 21:49:02] generateOTP.INFO: test [] []
[2020-03-15 21:49:02] generateOTP.INFO: test [] []
[2020-03-15 21:50:34] generateOTP.INFO: test [] []
[2020-03-15 21:50:34] generateOTP.INFO: test [] []
[2020-03-15 21:52:25] generateOTP.INFO: {"edit":"0","policy_no":"378","subtype_text":"1","sum_insure":"800000","familyConstruct":"2A+2K","tenure":"1 Year","family_members_id":"0","family_gender":"Male","first_name":"manali","middle_name":"appasaheb","last_name":"chavan","family_date_birth":"20-03-1987","age":"33","age_type":"years","family_id":"","s_date":"","marriage_date":"","premium_parent":"","contri_parent":"","premium":"7499","policyNo":"378","familyDataType":"family_construct","empId":"620173","product":"QBTv5db9151ad1c21","declare":"[]","abc":"2a+2k"} [] []
[2020-03-15 21:52:54] generateOTP.INFO: {"edit":"0","policy_no":"378","subtype_text":"1","sum_insure":"800000","familyConstruct":"2A+2K","tenure":"1 Year","family_members_id":"1","family_gender":"Female","first_name":"appasaheb","middle_name":"balsingh","last_name":"chavan","family_date_birth":"17-03-1988","age":"32","age_type":"years","family_id":"","s_date":"","marriage_date":"","premium_parent":"","contri_parent":"","premium":"7499","policyNo":"378","familyDataType":"family_construct","empId":"620173","product":"QBTv5db9151ad1c21","declare":"[]","abc":"2a+2k"} [] []
[2020-03-15 21:53:29] generateOTP.INFO: {"edit":"0","policy_no":"378","subtype_text":"1","sum_insure":"800000","familyConstruct":"2A+2K","tenure":"1 Year","family_members_id":"2","family_gender":"Male","first_name":"roshan","middle_name":"appasaheb","last_name":"chavan","family_date_birth":"26-03-2003","age":"17","age_type":"years","family_id":"","s_date":"","marriage_date":"","premium_parent":"","contri_parent":"","premium":"7499","policyNo":"378","familyDataType":"family_construct","empId":"620173","product":"QBTv5db9151ad1c21","declare":"[]","abc":"2a+2k"} [] []
[2020-03-15 21:54:01] generateOTP.INFO: {"edit":"0","policy_no":"378","subtype_text":"1","sum_insure":"800000","familyConstruct":"2A+2K","tenure":"1 Year","family_members_id":"3","family_gender":"Female","first_name":"manu","middle_name":"appasaheb","last_name":"chavan","family_date_birth":"21-03-2012","age":"8","age_type":"years","family_id":"","s_date":"","marriage_date":"","premium_parent":"","contri_parent":"","premium":"7499","policyNo":"378","familyDataType":"family_construct","empId":"620173","product":"QBTv5db9151ad1c21","declare":"[]","abc":"2a+2k"} [] []
[2020-03-15 21:54:18] generateOTP.INFO: {"edit":"0","subtype_text":"3","policy_no":"379","sum_insure":"500000","familyConstruct":"2A","tenure":"1 Year","family_members_id":"0","family_gender":"Male","first_name":"manali","middle_name":"appasaheb","last_name":"chavan","family_date_birth":"20-03-1987","age":"33","age_type":"years","family_id":"","s_date":"","marriage_date":"","premium_parent":"","contri_parent":"","premium":"4198","policyNo":"379","familyDataType":"family_construct","product":"QBTv5db9151ad1c21","empId":"620173"} [] []
[2020-03-15 21:54:27] generateOTP.INFO: {"edit":"0","subtype_text":"3","policy_no":"379","sum_insure":"500000","familyConstruct":"2A","tenure":"1 Year","family_members_id":"1","family_gender":"Female","first_name":"appasaheb","middle_name":"balsingh","last_name":"chavan","family_date_birth":"17-03-1988","age":"32","age_type":"years","family_id":"","s_date":"","marriage_date":"","premium_parent":"","contri_parent":"","premium":"4198","policyNo":"379","familyDataType":"family_construct","product":"QBTv5db9151ad1c21","empId":"620173"} [] []
[2020-03-15 21:55:47] documentsSave.INFO: {"ops_type":"[\"Enrollment form\",\"Cheque Copy\"]","ext0":"undefined","ext1":"undefined","ids":"1,2","update_datas":"undefined","emp_id":"620173"} [] []
[2020-03-15 21:55:47] documentsSaveFiles.INFO: [{"name":"Tulips.jpg","type":"image\/jpeg","tmp_name":"\/tmp\/phpKrrNf5","error":0,"size":620888},{"name":"Desert.jpg","type":"image\/jpeg","tmp_name":"\/tmp\/phpMEfMaf","error":0,"size":845941}] [] []
[2020-03-15 21:56:10] generateOTP.INFO: test [] []
[2020-03-15 21:56:20] generateOTP.INFO: test [] []
[2020-03-15 22:42:19] generateOTP.INFO: test [] []
[2020-03-15 22:42:22] generateOTP.INFO: test [] []
[2020-03-15 22:42:40] generateOTP.INFO: test [] []
[2020-03-15 22:42:40] generateOTP.INFO: test [] []
[2020-03-15 22:44:58] generateOTP.INFO: {"edit":"0","policy_no":"378","subtype_text":"1","sum_insure":"800000","familyConstruct":"2A+1K","tenure":"1 Year","family_members_id":"0","family_gender":"Female","first_name":"ghh","middle_name":"bvc","last_name":"zxc","family_date_birth":"11-03-2002","age":"18","age_type":"years","family_id":"","s_date":"","marriage_date":"","premium_parent":"","contri_parent":"","premium":"7099","policyNo":"378","familyDataType":"family_construct","empId":"620174","product":"QBTv5db9151ad1c21","declare":"[]","abc":"2a+2k"} [] []
[2020-03-15 22:45:24] generateOTP.INFO: {"edit":"0","policy_no":"378","subtype_text":"1","sum_insure":"800000","familyConstruct":"2A+1K","tenure":"1 Year","family_members_id":"1","family_gender":"Male","first_name":"gf","middle_name":"bv","last_name":"mn","family_date_birth":"08-03-1989","age":"31","age_type":"years","family_id":"","s_date":"","marriage_date":"","premium_parent":"","contri_parent":"","premium":"7099","policyNo":"378","familyDataType":"family_construct","empId":"620174","product":"QBTv5db9151ad1c21","declare":"[]","abc":"2a+2k"} [] []
[2020-03-15 22:45:56] generateOTP.INFO: {"edit":"0","policy_no":"378","subtype_text":"1","sum_insure":"800000","familyConstruct":"2A+1K","tenure":"1 Year","family_members_id":"2","family_gender":"Male","first_name":"bvcmj","middle_name":"xcv","last_name":"bvfrt","family_date_birth":"03-03-2010","age":"10","age_type":"years","family_id":"","s_date":"","marriage_date":"","premium_parent":"","contri_parent":"","premium":"7099","policyNo":"378","familyDataType":"family_construct","empId":"620174","product":"QBTv5db9151ad1c21","declare":"[]","abc":"2a+2k"} [] []
[2020-03-15 22:46:29] generateOTP.INFO: {"edit":"0","policy_no":"378","subtype_text":"1","sum_insure":"800000","familyConstruct":"2A+1K","tenure":"1 Year","family_members_id":"3","family_gender":"Female","first_name":"vcg","middle_name":"bvcx","last_name":"bvrt","family_date_birth":"06-03-2003","age":"17","age_type":"years","family_id":"","s_date":"","marriage_date":"","premium_parent":"","contri_parent":"","premium":"7099","policyNo":"378","familyDataType":"family_construct","empId":"620174","product":"QBTv5db9151ad1c21","declare":"[]","abc":"2a+2k"} [] []
[2020-03-15 22:46:46] generateOTP.INFO: {"edit":"0","policy_no":"378","subtype_text":"1","sum_insure":"800000","familyConstruct":"2A+1K","tenure":"1 Year","family_members_id":"3","family_gender":"Female","first_name":"vcg","middle_name":"bvcx","last_name":"bvrt","family_date_birth":"08-03-1990","age":"30","age_type":"years","family_id":"","s_date":"","marriage_date":"","premium_parent":"","contri_parent":"","premium":"7099","policyNo":"378","familyDataType":"family_construct","empId":"620174","product":"QBTv5db9151ad1c21","declare":"[]","abc":"2a+2k"} [] []
[2020-03-15 22:47:02] generateOTP.INFO: {"edit":"0","policy_no":"378","subtype_text":"1","sum_insure":"800000","familyConstruct":"2A+1K","tenure":"1 Year","family_members_id":"3","family_gender":"Female","first_name":"vcg","middle_name":"bvcx","last_name":"bvrt","family_date_birth":"06-03-2002","age":"18","age_type":"years","family_id":"","s_date":"","marriage_date":"","premium_parent":"","contri_parent":"","premium":"7099","policyNo":"378","familyDataType":"family_construct","empId":"620174","product":"QBTv5db9151ad1c21","declare":"[]","abc":"2a+2k"} [] []
[2020-03-15 22:47:27] generateOTP.INFO: {"edit":"0","subtype_text":"3","policy_no":"379","sum_insure":"500000","familyConstruct":"2A","tenure":"1 Year","family_members_id":"0","family_gender":"Female","first_name":"ghh","middle_name":"bvc","last_name":"zxc","family_date_birth":"11-03-2002","age":"18","age_type":"years","family_id":"","s_date":"","marriage_date":"","premium_parent":"","contri_parent":"","premium":"4198","policyNo":"379","familyDataType":"family_construct","product":"QBTv5db9151ad1c21","empId":"620174"} [] []
[2020-03-15 22:47:39] generateOTP.INFO: {"edit":"0","subtype_text":"3","policy_no":"379","sum_insure":"500000","familyConstruct":"2A","tenure":"1 Year","family_members_id":"1","family_gender":"Male","first_name":"gf","middle_name":"bv","last_name":"mn","family_date_birth":"08-03-1989","age":"31","age_type":"years","family_id":"","s_date":"","marriage_date":"","premium_parent":"","contri_parent":"","premium":"4198","policyNo":"379","familyDataType":"family_construct","product":"QBTv5db9151ad1c21","empId":"620174"} [] []
[2020-03-15 22:53:09] documentsSave.INFO: {"ops_type":"[\"Enrollment form\",\"Cheque Copy\"]","ext0":"undefined","ext1":"undefined","ids":"3,4","update_datas":"undefined","emp_id":"620174"} [] []
[2020-03-15 22:53:09] documentsSaveFiles.INFO: [{"name":"Chrysanthemum.jpg","type":"image\/jpeg","tmp_name":"\/tmp\/phpWbEL22","error":0,"size":879394},{"name":"Tulips.jpg","type":"image\/jpeg","tmp_name":"\/tmp\/phpnC0iV4","error":0,"size":620888}] [] []
[2020-03-15 22:53:30] generateOTP.INFO: test [] []
[2020-03-15 22:54:01] generateOTP.INFO: test [] []
