[2022-04-15 03:56:46] generateOTP.INFO: test [] []
[2022-04-15 04:56:46] generateOTP.INFO: test [] []
[2022-04-15 05:41:44] generateOTP.INFO: test [] []
[2022-04-15 09:52:24] generateOTP.INFO: test [] []
[2022-04-15 09:52:25] generateOTP.INFO: test [] []
[2022-04-15 09:52:48] generateOTP.INFO: test [] []
[2022-04-15 09:52:48] generateOTP.INFO: test [] []
[2022-04-15 09:52:49] generateOTP.INFO: test [] []
[2022-04-15 09:52:49] generateOTP.INFO: test [] []
[2022-04-15 09:52:50] generateOTP.INFO: test [] []
[2022-04-15 09:52:50] generateOTP.INFO: test [] []
[2022-04-15 09:52:51] generateOTP.INFO: test [] []
[2022-04-15 09:52:52] generateOTP.INFO: test [] []
[2022-04-15 09:52:52] generateOTP.INFO: test [] []
[2022-04-15 09:52:53] generateOTP.INFO: test [] []
[2022-04-15 09:52:53] generateOTP.INFO: test [] []
[2022-04-15 09:52:54] generateOTP.INFO: test [] []
[2022-04-15 09:52:55] generateOTP.INFO: test [] []
[2022-04-15 09:52:56] generateOTP.INFO: test [] []
[2022-04-15 10:13:04] generateOTP.INFO: test [] []
[2022-04-15 10:13:06] generateOTP.INFO: test [] []
[2022-04-15 10:14:09] generateOTP.INFO: test [] []
[2022-04-15 10:15:21] generateOTP.INFO: test [] []
[2022-04-15 10:15:22] generateOTP.INFO: test [] []
[2022-04-15 10:15:27] generateOTP.INFO: test [] []
[2022-04-15 10:18:34] generateOTP.INFO: test [] []
[2022-04-15 10:20:27] generateOTP.INFO: test [] []
[2022-04-15 10:20:28] generateOTP.INFO: test [] []
[2022-04-15 10:21:20] generateOTP.INFO: test [] []
[2022-04-15 10:22:29] generateOTP.INFO: test [] []
[2022-04-15 10:22:56] generateOTP.INFO: test [] []
[2022-04-15 10:25:23] generateOTP.INFO: test [] []
[2022-04-15 10:25:26] generateOTP.INFO: test [] []
[2022-04-15 10:29:19] generateOTP.INFO: test [] []
[2022-04-15 10:30:29] generateOTP.INFO: test [] []
[2022-04-15 10:31:14] generateOTP.INFO: test [] []
[2022-04-15 10:31:15] generateOTP.INFO: test [] []
[2022-04-15 10:32:42] generateOTP.INFO: test [] []
[2022-04-15 10:32:58] generateOTP.INFO: test [] []
[2022-04-15 10:33:04] generateOTP.INFO: test [] []
[2022-04-15 10:33:16] generateOTP.INFO: test [] []
[2022-04-15 10:33:32] generateOTP.INFO: test [] []
[2022-04-15 10:33:56] generateOTP.INFO: test [] []
[2022-04-15 10:35:34] generateOTP.INFO: test [] []
[2022-04-15 10:35:45] generateOTP.INFO: test [] []
[2022-04-15 10:35:46] generateOTP.INFO: test [] []
[2022-04-15 10:35:48] generateOTP.INFO: test [] []
[2022-04-15 10:41:10] generateOTP.INFO: test [] []
[2022-04-15 10:41:19] generateOTP.INFO: test [] []
[2022-04-15 10:41:36] generateOTP.INFO: test [] []
[2022-04-15 10:49:43] generateOTP.INFO: test [] []
[2022-04-15 10:49:44] generateOTP.INFO: test [] []
[2022-04-15 10:50:18] generateOTP.INFO: test [] []
[2022-04-15 10:50:38] generateOTP.INFO: test [] []
[2022-04-15 10:51:16] generateOTP.INFO: test [] []
[2022-04-15 10:51:59] generateOTP.INFO: test [] []
[2022-04-15 10:52:20] generateOTP.INFO: test [] []
[2022-04-15 10:52:21] generateOTP.INFO: test [] []
[2022-04-15 10:52:56] generateOTP.INFO: test [] []
[2022-04-15 10:53:35] generateOTP.INFO: test [] []
[2022-04-15 10:53:50] generateOTP.INFO: test [] []
[2022-04-15 11:04:19] generateOTP.INFO: test [] []
[2022-04-15 11:04:19] generateOTP.INFO: test [] []
[2022-04-15 11:04:44] generateOTP.INFO: test [] []
[2022-04-15 11:05:21] generateOTP.INFO: test [] []
[2022-04-15 11:05:43] generateOTP.INFO: test [] []
[2022-04-15 11:07:46] generateOTP.INFO: test [] []
[2022-04-15 11:07:50] generateOTP.INFO: test [] []
[2022-04-15 11:08:37] generateOTP.INFO: test [] []
[2022-04-15 11:09:27] generateOTP.INFO: test [] []
[2022-04-15 11:09:38] generateOTP.INFO: test [] []
[2022-04-15 11:09:38] generateOTP.INFO: test [] []
[2022-04-15 11:09:44] generateOTP.INFO: test [] []
[2022-04-15 11:09:52] generateOTP.INFO: test [] []
[2022-04-15 11:11:41] generateOTP.INFO: test [] []
[2022-04-15 11:12:55] generateOTP.INFO: test [] []
[2022-04-15 11:13:25] generateOTP.INFO: test [] []
[2022-04-15 11:13:30] generateOTP.INFO: test [] []
[2022-04-15 11:13:30] generateOTP.INFO: test [] []
[2022-04-15 11:13:35] generateOTP.INFO: test [] []
[2022-04-15 11:13:39] generateOTP.INFO: test [] []
[2022-04-15 11:13:39] generateOTP.INFO: test [] []
[2022-04-15 11:13:40] generateOTP.INFO: test [] []
[2022-04-15 11:14:11] generateOTP.INFO: test [] []
[2022-04-15 11:14:17] generateOTP.INFO: test [] []
[2022-04-15 11:14:36] generateOTP.INFO: test [] []
[2022-04-15 11:15:11] generateOTP.INFO: test [] []
[2022-04-15 11:16:23] generateOTP.INFO: test [] []
[2022-04-15 11:21:51] generateOTP.INFO: test [] []
[2022-04-15 11:21:51] generateOTP.INFO: test [] []
[2022-04-15 11:29:09] generateOTP.INFO: test [] []
[2022-04-15 11:29:09] generateOTP.INFO: test [] []
[2022-04-15 11:29:09] generateOTP.INFO: test [] []
[2022-04-15 11:29:24] generateOTP.INFO: test [] []
[2022-04-15 11:29:24] generateOTP.INFO: test [] []
[2022-04-15 11:29:24] generateOTP.INFO: test [] []
[2022-04-15 11:29:24] generateOTP.INFO: test [] []
[2022-04-15 11:30:05] generateOTP.INFO: test [] []
[2022-04-15 11:30:05] generateOTP.INFO: test [] []
[2022-04-15 11:30:46] generateOTP.INFO: test [] []
[2022-04-15 11:30:47] generateOTP.INFO: test [] []
[2022-04-15 11:31:11] generateOTP.INFO: test [] []
[2022-04-15 11:33:56] generateOTP.INFO: test [] []
[2022-04-15 11:33:56] generateOTP.INFO: test [] []
[2022-04-15 11:33:56] generateOTP.INFO: test [] []
[2022-04-15 11:33:56] generateOTP.INFO: test [] []
[2022-04-15 11:34:56] generateOTP.INFO: test [] []
[2022-04-15 11:34:56] generateOTP.INFO: test [] []
[2022-04-15 11:35:45] generateOTP.INFO: test [] []
[2022-04-15 11:35:45] generateOTP.INFO: test [] []
[2022-04-15 11:35:45] generateOTP.INFO: test [] []
[2022-04-15 11:35:45] generateOTP.INFO: test [] []
[2022-04-15 11:35:53] generateOTP.INFO: test [] []
[2022-04-15 11:35:53] generateOTP.INFO: test [] []
[2022-04-15 11:36:52] generateOTP.INFO: test [] []
[2022-04-15 11:36:52] generateOTP.INFO: test [] []
[2022-04-15 11:36:52] generateOTP.INFO: test [] []
[2022-04-15 11:38:29] generateOTP.INFO: test [] []
[2022-04-15 11:38:30] generateOTP.INFO: test [] []
[2022-04-15 11:39:02] generateOTP.INFO: test [] []
[2022-04-15 11:39:02] generateOTP.INFO: test [] []
[2022-04-15 11:39:02] generateOTP.INFO: test [] []
[2022-04-15 11:44:50] generateOTP.INFO: test [] []
[2022-04-15 11:46:39] generateOTP.INFO: test [] []
[2022-04-15 11:46:40] generateOTP.INFO: test [] []
[2022-04-15 11:47:22] generateOTP.INFO: test [] []
[2022-04-15 11:47:22] generateOTP.INFO: test [] []
[2022-04-15 11:47:49] generateOTP.INFO: test [] []
[2022-04-15 11:47:49] generateOTP.INFO: test [] []
[2022-04-15 11:47:53] generateOTP.INFO: test [] []
[2022-04-15 11:47:53] generateOTP.INFO: test [] []
[2022-04-15 11:47:53] generateOTP.INFO: test [] []
[2022-04-15 11:47:53] generateOTP.INFO: test [] []
[2022-04-15 11:48:14] generateOTP.INFO: test [] []
[2022-04-15 11:48:15] generateOTP.INFO: test [] []
[2022-04-15 11:49:57] generateOTP.INFO: test [] []
[2022-04-15 11:49:58] generateOTP.INFO: test [] []
[2022-04-15 11:50:40] generateOTP.INFO: test [] []
[2022-04-15 11:53:48] generateOTP.INFO: test [] []
[2022-04-15 11:53:48] generateOTP.INFO: test [] []
[2022-04-15 11:53:48] generateOTP.INFO: test [] []
[2022-04-15 11:53:48] generateOTP.INFO: test [] []
[2022-04-15 11:55:26] generateOTP.INFO: test [] []
[2022-04-15 11:55:26] generateOTP.INFO: test [] []
[2022-04-15 11:55:49] generateOTP.INFO: test [] []
[2022-04-15 11:55:49] generateOTP.INFO: test [] []
[2022-04-15 11:55:53] generateOTP.INFO: test [] []
[2022-04-15 11:55:53] generateOTP.INFO: test [] []
[2022-04-15 11:55:53] generateOTP.INFO: test [] []
[2022-04-15 11:55:53] generateOTP.INFO: test [] []
[2022-04-15 11:56:08] generateOTP.INFO: test [] []
[2022-04-15 11:56:09] generateOTP.INFO: test [] []
[2022-04-15 11:58:45] generateOTP.INFO: test [] []
[2022-04-15 11:58:45] generateOTP.INFO: test [] []
[2022-04-15 12:02:19] generateOTP.INFO: test [] []
[2022-04-15 12:05:41] generateOTP.INFO: test [] []
[2022-04-15 12:05:41] generateOTP.INFO: test [] []
[2022-04-15 12:05:41] generateOTP.INFO: test [] []
[2022-04-15 12:05:41] generateOTP.INFO: test [] []
[2022-04-15 12:05:41] generateOTP.INFO: test [] []
[2022-04-15 12:09:47] generateOTP.INFO: test [] []
[2022-04-15 12:09:47] generateOTP.INFO: test [] []
[2022-04-15 12:11:39] generateOTP.INFO: test [] []
[2022-04-15 12:11:39] generateOTP.INFO: test [] []
[2022-04-15 12:11:54] generateOTP.INFO: test [] []
[2022-04-15 12:11:54] generateOTP.INFO: test [] []
[2022-04-15 12:11:54] generateOTP.INFO: test [] []
[2022-04-15 12:11:54] generateOTP.INFO: test [] []
[2022-04-15 12:11:58] generateOTP.INFO: test [] []
[2022-04-15 12:11:58] generateOTP.INFO: test [] []
[2022-04-15 12:12:30] generateOTP.INFO: test [] []
[2022-04-15 12:12:31] generateOTP.INFO: test [] []
[2022-04-15 12:12:36] generateOTP.INFO: test [] []
[2022-04-15 12:14:02] generateOTP.INFO: test [] []
[2022-04-15 12:14:02] generateOTP.INFO: test [] []
[2022-04-15 12:14:02] generateOTP.INFO: test [] []
[2022-04-15 12:14:02] generateOTP.INFO: test [] []
[2022-04-15 12:14:02] generateOTP.INFO: test [] []
[2022-04-15 12:16:25] generateOTP.INFO: test [] []
[2022-04-15 12:16:26] generateOTP.INFO: test [] []
[2022-04-15 12:16:27] generateOTP.INFO: test [] []
[2022-04-15 12:16:57] generateOTP.INFO: test [] []
[2022-04-15 12:17:18] generateOTP.INFO: test [] []
[2022-04-15 12:17:19] generateOTP.INFO: test [] []
[2022-04-15 12:17:43] generateOTP.INFO: test [] []
[2022-04-15 12:18:05] generateOTP.INFO: test [] []
[2022-04-15 12:18:20] generateOTP.INFO: test [] []
[2022-04-15 12:20:22] generateOTP.INFO: test [] []
[2022-04-15 12:21:41] generateOTP.INFO: test [] []
[2022-04-15 12:23:44] generateOTP.INFO: test [] []
[2022-04-15 12:23:46] generateOTP.INFO: test [] []
[2022-04-15 12:26:39] generateOTP.INFO: {"salutation":"1","firstname":"MOHAN","lastname":".","dob":"02-04-1993","mob_no":"9874587458","panCard":"","email":"adh@gmail.com","ref1":"0","ref2":"0","comAdd":"abc","city":"K.V.Rangareddy","state":"TELANGANA","pin_code":"500060","ISNRI":"N","update_emp_id":"b0Yya2VFMnpjNVdJYUFJWCtTQ2FYUT09","edit":"0","policy_no":"470","subtype_text":"1","sum_insure":"5000000","familyConstruct":"1A+2K","occupation":"11","anuual_income":"","family_members_id":"0","family_gender":"Male","first_name":"MOHAN","last_name":".","family_date_birth":"02-04-1993","age":"29","age_type":" years","tenure":"1 Year","mem_mob":"9874587458","mem_email":"adh@gmail.com","family_id":"","s_date":"","marriage_date":"","premium":"26398","policyNo":"470","familyDataType":"undefined","empId":"b0Yya2VFMnpjNVdJYUFJWCtTQ2FYUT09","product":"test123abc","declare":"[]","gender":"Male","gci_options":"undefined","gpa_options":"Yes","hidden_policy_id":"470,471","hidden_deductable":"0"} [] []
[2022-04-15 12:29:43] generateOTP.INFO: {"salutation":"1","firstname":"MOHAN","lastname":".","dob":"02-04-1993","mob_no":"9874587458","panCard":"","email":"adh@gmail.com","ref1":"0","ref2":"0","comAdd":"abc","city":"K.V.Rangareddy","state":"TELANGANA","pin_code":"500060","ISNRI":"N","update_emp_id":"b0Yya2VFMnpjNVdJYUFJWCtTQ2FYUT09","edit":"0","policy_no":"470","subtype_text":"1","sum_insure":"5000000","familyConstruct":"1A+2K","occupation":"11","anuual_income":"","family_members_id":"0","family_gender":"Male","first_name":"MOHAN","last_name":".","family_date_birth":"02-04-1993","age":"29","age_type":" years","tenure":"1 Year","mem_mob":"9874587458","mem_email":"adh@gmail.com","family_id":"","s_date":"","marriage_date":"","premium":"26398","policyNo":"470","familyDataType":"undefined","empId":"b0Yya2VFMnpjNVdJYUFJWCtTQ2FYUT09","product":"test123abc","declare":"[]","gender":"Male","gci_options":"undefined","gpa_options":"Yes","hidden_policy_id":"470,471","hidden_deductable":"0"} [] []
[2022-04-15 12:30:04] generateOTP.INFO: {"salutation":"1","firstname":"MOHAN","lastname":".","dob":"02-04-1993","mob_no":"9874587458","panCard":"","email":"adh@gmail.com","ref1":"0","ref2":"0","comAdd":"abc","city":"K.V.Rangareddy","state":"TELANGANA","pin_code":"500060","ISNRI":"N","update_emp_id":"b0Yya2VFMnpjNVdJYUFJWCtTQ2FYUT09","edit":"0","policy_no":"470","subtype_text":"1","sum_insure":"5000000","familyConstruct":"1A+2K","occupation":"11","anuual_income":"","family_members_id":"2","family_gender":"Male","first_name":"MONU","last_name":"","family_date_birth":"01-04-2006","age":"16","age_type":" years","tenure":"1 Year","mem_mob":"","mem_email":"","family_id":"","s_date":"","marriage_date":"","premium":"26398","policyNo":"470","familyDataType":"undefined","empId":"b0Yya2VFMnpjNVdJYUFJWCtTQ2FYUT09","product":"test123abc","declare":"[]","gender":"Male","gci_options":"undefined","gpa_options":"Yes","hidden_policy_id":"470,471","hidden_deductable":"0"} [] []
[2022-04-15 12:30:21] generateOTP.INFO: {"salutation":"1","firstname":"MOHAN","lastname":".","dob":"02-04-1993","mob_no":"9874587458","panCard":"","email":"adh@gmail.com","ref1":"0","ref2":"0","comAdd":"abc","city":"K.V.Rangareddy","state":"TELANGANA","pin_code":"500060","ISNRI":"N","update_emp_id":"b0Yya2VFMnpjNVdJYUFJWCtTQ2FYUT09","edit":"0","policy_no":"470","subtype_text":"1","sum_insure":"5000000","familyConstruct":"1A+2K","occupation":"11","anuual_income":"","family_members_id":"3","family_gender":"Female","first_name":"SILU","last_name":"","family_date_birth":"04-04-2018","age":"4","age_type":" years","tenure":"1 Year","mem_mob":"","mem_email":"","family_id":"","s_date":"","marriage_date":"","premium":"26398","policyNo":"470","familyDataType":"undefined","empId":"b0Yya2VFMnpjNVdJYUFJWCtTQ2FYUT09","product":"test123abc","declare":"[]","gender":"Male","gci_options":"undefined","gpa_options":"Yes","hidden_policy_id":"470,471","hidden_deductable":"0"} [] []
[2022-04-15 12:30:35] generateOTP.INFO: test [] []
[2022-04-15 12:30:52] documentsSave.INFO: {"ops_type":"[]","ids":"3482,3483"} [] []
[2022-04-15 12:30:52] documentsSaveFiles.INFO: [] [] []
[2022-04-15 12:30:57] generateOTP.INFO: test [] []
[2022-04-15 12:30:58] generateOTP.INFO: test [] []
[2022-04-15 12:31:05] generateOTP.INFO: test [] []
[2022-04-15 12:31:06] generateOTP.INFO: test [] []
[2022-04-15 12:31:07] generateOTP.INFO: test [] []
[2022-04-15 12:31:12] generateOTP.INFO: test [] []
[2022-04-15 12:31:17] generateOTP.INFO: test [] []
[2022-04-15 12:32:10] generateOTP.INFO: test [] []
[2022-04-15 12:32:16] generateOTP.INFO: test [] []
[2022-04-15 12:32:35] generateOTP.INFO: test [] []
[2022-04-15 12:33:07] generateOTP.INFO: test [] []
[2022-04-15 12:33:19] generateOTP.INFO: test [] []
[2022-04-15 12:33:28] generateOTP.INFO: test [] []
[2022-04-15 12:33:39] generateOTP.INFO: test [] []
[2022-04-15 12:34:04] generateOTP.INFO: test [] []
[2022-04-15 12:34:04] generateOTP.INFO: test [] []
[2022-04-15 12:34:38] full_quote_request1.INFO: {"ClientCreation":{"Member_Customer_ID":"1650005619GHIR11","salutation":"Mr","firstName":"MOHAN","middleName":"","lastName":".","dateofBirth":"04\/02\/1993","gender":"M","educationalQualification":null,"pinCode":"500060","uidNo":"0","maritalStatus":null,"nationality":"Indian","occupation":"O018","primaryEmailID":"adh@gmail.com","contactMobileNo":"9874587458","stdLandlineNo":null,"panNo":null,"passportNumber":null,"contactPerson":null,"annualIncome":"3000000","remarks":null,"startDate":"2022-04-15","endDate":null,"IdProof":null,"residenceProof":null,"ageProof":null,"others":null,"homeAddressLine1":"abc","homeAddressLine2":null,"homeAddressLine3":null,"homePinCode":"500060","homeArea":null,"homeContactMobileNo":null,"homeContactMobileNo2":null,"homeSTDLandlineNo":null,"homeFaxNo":null,"sameAsHomeAddress":"1","mailingAddressLine1":null,"mailingAddressLine2":null,"mailingAddressLine3":null,"mailingPinCode":null,"mailingArea":null,"mailingContactMobileNo":null,"mailingContactMobileNo2":null,"mailingSTDLandlineNo":null,"mailingSTDLandlineNo2":null,"mailingFaxNo":null,"bankAccountType":null,"bankAccountNo":null,"ifscCode":null,"GSTIN":null,"GSTRegistrationStatus":"Consumers","IsEIAavailable":"0","ApplyEIA":"0","EIAAccountNo":null,"EIAWith":"0","AccountType":null,"AddressProof":null,"DOBProof":null,"IdentityProof":null},"PolicyCreationRequest":{"Quotation_Number":"","MasterPolicyNumber":"71-20-00045-00-00","GroupID":"GRP013","Product_Code":"4211","SumInsured_Type":null,"Policy_Tanure":"1","Member_Type_Code":"M209","intermediaryCode":"2111573","AutoRenewal":"0","AutoDebit":"0","intermediaryBranchCode":"10MHMUM08","agentSignatureDate":null,"Customer_Signature_Date":null,"businessSourceChannel":null,"AssignPolicy":"0","AssigneeName":null,"leadID":"SL1650005619","Source_Name":"AXIS_GHIEW_XL","SPID":"E0028","TCN":null,"CRTNO":null,"RefCode1":"E0028","RefCode2":"NULL","Employee_Number":"627381","enumIsEmployeeDiscount":null,"QuoteDate":null,"IsPayment":"0","PaymentMode":null,"PolicyproductComponents":[{"PlanCode":"4211","SumInsured":"5000000","SchemeCode":"4112000003"}]},"MemObj":{"Member":[{"MemberNo":1,"Salutation":"Mr","First_Name":"MOHAN","Middle_Name":null,"Last_Name":".","Gender":"M","DateOfBirth":"04\/02\/1993","Relation_Code":"R001","Marital_Status":null,"height":"0.00","weight":"0","occupation":"O018","PrimaryMember":"Y","MemberproductComponents":[{"PlanCode":"4211","MemberQuestionDetails":[{"QuestionCode":null,"Answer":null,"Remarks":null}]}],"MemberPED":[{"PEDCode":null,"Remarks":null}],"exactDiagnosis":null,"dateOfDiagnosis":null,"lastDateConsultation":null,"detailsOfTreatmentGiven":null,"doctorName":null,"hospitalName":null,"phoneNumberHosital":null,"Nominee_First_Name":"MONU","Nominee_Last_Name":"SINGH","Nominee_Contact_Number":"7845745896","Nominee_Home_Address":null,"Nominee_Relationship_Code":"R003"},{"MemberNo":2,"Salutation":"Mr","First_Name":"MONU","Middle_Name":null,"Last_Name":".","Gender":"M","DateOfBirth":"04\/01\/2006","Relation_Code":"R003","Marital_Status":null,"height":"0.00","weight":"0","occupation":"O018","PrimaryMember":"N","MemberproductComponents":[{"PlanCode":"4211","MemberQuestionDetails":[{"QuestionCode":null,"Answer":null,"Remarks":null}]}],"MemberPED":[{"PEDCode":null,"Remarks":null}],"exactDiagnosis":null,"dateOfDiagnosis":null,"lastDateConsultation":null,"detailsOfTreatmentGiven":null,"doctorName":null,"hospitalName":null,"phoneNumberHosital":null,"Nominee_First_Name":"MONU","Nominee_Last_Name":"SINGH","Nominee_Contact_Number":"7845745896","Nominee_Home_Address":null,"Nominee_Relationship_Code":"R003"},{"MemberNo":3,"Salutation":"Ms","First_Name":"SILU","Middle_Name":null,"Last_Name":".","Gender":"F","DateOfBirth":"04\/04\/2018","Relation_Code":"R004","Marital_Status":null,"height":"0.00","weight":"0","occupation":"O018","PrimaryMember":"N","MemberproductComponents":[{"PlanCode":"4211","MemberQuestionDetails":[{"QuestionCode":null,"Answer":null,"Remarks":null}]}],"MemberPED":[{"PEDCode":null,"Remarks":null}],"exactDiagnosis":null,"dateOfDiagnosis":null,"lastDateConsultation":null,"detailsOfTreatmentGiven":null,"doctorName":null,"hospitalName":null,"phoneNumberHosital":null,"Nominee_First_Name":"MONU","Nominee_Last_Name":"SINGH","Nominee_Contact_Number":"7845745896","Nominee_Home_Address":null,"Nominee_Relationship_Code":"R003"}]},"ReceiptCreation":{"officeLocation":"","modeOfEntry":"","cdAcNo":null,"expiryDate":null,"payerType":"","payerCode":null,"paymentBy":"","paymentByName":null,"paymentByRelationship":null,"collectionAmount":"","collectionRcvdDate":null,"collectionMode":"","remarks":null,"instrumentNumber":null,"instrumentDate":null,"bankName":null,"branchName":null,"bankLocation":null,"micrNo":null,"chequeType":null,"ifscCode":"","PaymentGatewayName":"","TerminalID":"H6bzurUIQggI2Z","CardNo":null}} [] []
[2022-04-15 12:34:41] full_quote_reponse1.INFO: "<ns0:GHI_Res xmlns:ns0=\"http:\/\/ABHICL_NBP_QuickQuote_Schemas.GHI_Response\"><errorObj><ErrorNumber>00<\/ErrorNumber><ErrorMessage>Success<\/ErrorMessage><\/errorObj><policyDtls><TransactionReferenceNumber><\/TransactionReferenceNumber><QuotationNumber>XL100989393<\/QuotationNumber><CertificateNumber><\/CertificateNumber><LetterURL><\/LetterURL><ClientID><\/ClientID><ProductName>Group Activ Health<\/ProductName><ProductCode>4211<\/ProductCode><LineOfBusiness>42<\/LineOfBusiness><startDate><\/startDate><EndDate><\/EndDate><PolicyNumber>71-20-00045-00-00<\/PolicyNumber><ProposalNumber><\/ProposalNumber><PolicyStatus>PQ1<\/PolicyStatus><Tenure>1<\/Tenure><stpFlag>0<\/stpFlag><MemberCustomerID>1650005619GHIR11<\/MemberCustomerID><\/policyDtls><premium><BasePremium>16694.00<\/BasePremium><NetPremium>16694.00<\/NetPremium><GST>3004.92<\/GST><GrossPremium>19699.00<\/GrossPremium><\/premium><receiptObj><ReceiptNumber \/><ReceiptAmount \/><ExcessAmount \/><\/receiptObj><\/ns0:GHI_Res>" [] []
[2022-04-15 12:34:41] full_quote_request1.INFO: {"ClientCreation":{"Member_Customer_ID":"1650005619GPA1","salutation":"Mr","firstName":"MOHAN","middleName":"","lastName":".","dateofBirth":"04\/02\/1993","gender":"M","educationalQualification":null,"pinCode":"500060","uidNo":"0","maritalStatus":null,"nationality":"Indian","occupation":"O018","primaryEmailID":"adh@gmail.com","contactMobileNo":"9874587458","stdLandlineNo":null,"panNo":null,"passportNumber":null,"contactPerson":null,"annualIncome":"3000000","remarks":null,"startDate":"2022-04-15","endDate":null,"IdProof":null,"residenceProof":null,"ageProof":null,"others":null,"homeAddressLine1":"abc","homeAddressLine2":null,"homeAddressLine3":null,"homePinCode":"500060","homeArea":null,"homeContactMobileNo":null,"homeContactMobileNo2":null,"homeSTDLandlineNo":null,"homeFaxNo":null,"sameAsHomeAddress":"1","mailingAddressLine1":null,"mailingAddressLine2":null,"mailingAddressLine3":null,"mailingPinCode":null,"mailingArea":null,"mailingContactMobileNo":null,"mailingContactMobileNo2":null,"mailingSTDLandlineNo":null,"mailingSTDLandlineNo2":null,"mailingFaxNo":null,"bankAccountType":null,"bankAccountNo":null,"ifscCode":null,"GSTIN":null,"GSTRegistrationStatus":"Consumers","IsEIAavailable":"0","ApplyEIA":"0","EIAAccountNo":null,"EIAWith":"0","AccountType":null,"AddressProof":null,"DOBProof":null,"IdentityProof":null},"PolicyCreationRequest":{"Quotation_Number":"","MasterPolicyNumber":"62-20-00065-00-00","GroupID":"GRP001","Product_Code":"4112","SumInsured_Type":null,"Policy_Tanure":"1","Member_Type_Code":"M209","intermediaryCode":"2111573","AutoRenewal":"0","AutoDebit":"0","intermediaryBranchCode":"10MHMUM08","agentSignatureDate":null,"Customer_Signature_Date":null,"businessSourceChannel":null,"AssignPolicy":"0","AssigneeName":null,"leadID":"SL1650005619","Source_Name":"AXIS_GFBEW_XL","SPID":"E0028","TCN":null,"CRTNO":null,"RefCode1":"E0028","RefCode2":"NULL","Employee_Number":"627381","enumIsEmployeeDiscount":null,"QuoteDate":null,"IsPayment":"0","PaymentMode":null,"PolicyproductComponents":[{"PlanCode":"4112","SumInsured":"5000000","SchemeCode":"4112000003"}]},"MemObj":{"Member":[{"MemberNo":1,"Salutation":"Mr","First_Name":"MOHAN","Middle_Name":null,"Last_Name":".","Gender":"M","DateOfBirth":"04\/02\/1993","Relation_Code":"R001","Marital_Status":null,"height":"0.00","weight":"0","occupation":"O018","PrimaryMember":"Y","MemberproductComponents":[{"PlanCode":"4112","MemberQuestionDetails":[{"QuestionCode":null,"Answer":null,"Remarks":null}]}],"MemberPED":[{"PEDCode":null,"Remarks":null}],"exactDiagnosis":null,"dateOfDiagnosis":null,"lastDateConsultation":null,"detailsOfTreatmentGiven":null,"doctorName":null,"hospitalName":null,"phoneNumberHosital":null,"Nominee_First_Name":"MONU","Nominee_Last_Name":"SINGH","Nominee_Contact_Number":"7845745896","Nominee_Home_Address":null,"Nominee_Relationship_Code":"R003"}]},"ReceiptCreation":{"officeLocation":"","modeOfEntry":"","cdAcNo":null,"expiryDate":null,"payerType":"","payerCode":null,"paymentBy":"","paymentByName":null,"paymentByRelationship":null,"collectionAmount":"","collectionRcvdDate":null,"collectionMode":"","remarks":null,"instrumentNumber":null,"instrumentDate":null,"bankName":null,"branchName":null,"bankLocation":null,"micrNo":null,"chequeType":null,"ifscCode":"","PaymentGatewayName":"","TerminalID":"H6bzurUIQggI2Z","CardNo":null}} [] []
[2022-04-15 12:34:43] full_quote_reponse1.INFO: "<ns0:GFB_Res xmlns:ns0=\"http:\/\/ABHICL_NBP_QuickQuote_Schemas.GFB_Response\"><errorObj><ErrorNumber>00<\/ErrorNumber><ErrorMessage>Success<\/ErrorMessage><\/errorObj><policyDtls><TransactionReferenceNumber><\/TransactionReferenceNumber><QuotationNumber>XL100989394<\/QuotationNumber><CertificateNumber><\/CertificateNumber><LetterURL><\/LetterURL><ClientID><\/ClientID><ProductName>Group Activ Secure - Personal Accident<\/ProductName><ProductCode>4112<\/ProductCode><LineOfBusiness>41<\/LineOfBusiness><startDate><\/startDate><EndDate><\/EndDate><PolicyNumber>62-20-00065-00-00<\/PolicyNumber><ProposalNumber><\/ProposalNumber><PolicyStatus>PQ1<\/PolicyStatus><Tenure>1<\/Tenure><stpFlag>0<\/stpFlag><MemberCustomerID>1650005619GPA1<\/MemberCustomerID><\/policyDtls><premium><BasePremium>1695.00<\/BasePremium><NetPremium>1695.00<\/NetPremium><GST>305.10<\/GST><GrossPremium>2000.00<\/GrossPremium><\/premium><receiptObj><ReceiptNumber \/><ReceiptAmount \/><ExcessAmount \/><\/receiptObj><\/ns0:GFB_Res>" [] []
[2022-04-15 12:36:06] full_quote_request2.INFO: {"ClientCreation":{"Member_Customer_ID":"1650005619GHIR11","salutation":"Mr","firstName":"MOHAN","middleName":"","lastName":".","dateofBirth":"04\/02\/1993","gender":"M","educationalQualification":null,"pinCode":"500060","uidNo":"0","maritalStatus":null,"nationality":"Indian","occupation":"O018","primaryEmailID":"adh@gmail.com","contactMobileNo":"9874587458","stdLandlineNo":null,"panNo":null,"passportNumber":null,"contactPerson":null,"annualIncome":"3000000","remarks":null,"startDate":"2022-04-15","endDate":null,"IdProof":"Adhaar Card","residenceProof":null,"ageProof":null,"others":null,"homeAddressLine1":"abc","homeAddressLine2":null,"homeAddressLine3":null,"homePinCode":"500060","homeArea":null,"homeContactMobileNo":null,"homeContactMobileNo2":null,"homeSTDLandlineNo":null,"homeFaxNo":null,"sameAsHomeAddress":"1","mailingAddressLine1":null,"mailingAddressLine2":null,"mailingAddressLine3":null,"mailingPinCode":null,"mailingArea":null,"mailingContactMobileNo":null,"mailingContactMobileNo2":null,"mailingSTDLandlineNo":null,"mailingSTDLandlineNo2":null,"mailingFaxNo":null,"bankAccountType":null,"bankAccountNo":null,"ifscCode":null,"GSTIN":null,"GSTRegistrationStatus":"Consumers","IsEIAavailable":"0","ApplyEIA":"0","EIAAccountNo":null,"EIAWith":"0","AccountType":null,"AddressProof":null,"DOBProof":null,"IdentityProof":null},"PolicyCreationRequest":{"Quotation_Number":"XL100989393","MasterPolicyNumber":"71-20-00045-00-00","GroupID":"GRP013","Product_Code":"4211","SumInsured_Type":null,"Policy_Tanure":"1","Member_Type_Code":"M209","intermediaryCode":"2111573","AutoRenewal":"0","AutoDebit":"0","intermediaryBranchCode":"10MHMUM08","agentSignatureDate":null,"Customer_Signature_Date":null,"businessSourceChannel":null,"AssignPolicy":"0","AssigneeName":null,"leadID":"SL1650005619","Source_Name":"AXIS_GHIEW_XL","SPID":"E0028","TCN":null,"CRTNO":null,"RefCode1":"E0028","RefCode2":"NULL","Employee_Number":"627381","enumIsEmployeeDiscount":null,"QuoteDate":null,"IsPayment":"1","PaymentMode":null,"PolicyproductComponents":[{"PlanCode":"4211","SumInsured":"5000000","SchemeCode":"4112000003"}]},"MemObj":{"Member":[{"MemberNo":1,"Salutation":"Mr","First_Name":"MOHAN","Middle_Name":null,"Last_Name":".","Gender":"M","DateOfBirth":"04\/02\/1993","Relation_Code":"R001","Marital_Status":null,"height":"0.00","weight":"0","occupation":"O018","PrimaryMember":"Y","MemberproductComponents":[{"PlanCode":"4211","MemberQuestionDetails":[{"QuestionCode":null,"Answer":null,"Remarks":null}]}],"MemberPED":[{"PEDCode":null,"Remarks":null}],"exactDiagnosis":null,"dateOfDiagnosis":null,"lastDateConsultation":null,"detailsOfTreatmentGiven":null,"doctorName":null,"hospitalName":null,"phoneNumberHosital":null,"Nominee_First_Name":"MONU","Nominee_Last_Name":"SINGH","Nominee_Contact_Number":"7845745896","Nominee_Home_Address":null,"Nominee_Relationship_Code":"R003"},{"MemberNo":2,"Salutation":"Mr","First_Name":"MONU","Middle_Name":null,"Last_Name":".","Gender":"M","DateOfBirth":"04\/01\/2006","Relation_Code":"R003","Marital_Status":null,"height":"0.00","weight":"0","occupation":"O018","PrimaryMember":"N","MemberproductComponents":[{"PlanCode":"4211","MemberQuestionDetails":[{"QuestionCode":null,"Answer":null,"Remarks":null}]}],"MemberPED":[{"PEDCode":null,"Remarks":null}],"exactDiagnosis":null,"dateOfDiagnosis":null,"lastDateConsultation":null,"detailsOfTreatmentGiven":null,"doctorName":null,"hospitalName":null,"phoneNumberHosital":null,"Nominee_First_Name":"MONU","Nominee_Last_Name":"SINGH","Nominee_Contact_Number":"7845745896","Nominee_Home_Address":null,"Nominee_Relationship_Code":"R003"},{"MemberNo":3,"Salutation":"Ms","First_Name":"SILU","Middle_Name":null,"Last_Name":".","Gender":"F","DateOfBirth":"04\/04\/2018","Relation_Code":"R004","Marital_Status":null,"height":"0.00","weight":"0","occupation":"O018","PrimaryMember":"N","MemberproductComponents":[{"PlanCode":"4211","MemberQuestionDetails":[{"QuestionCode":null,"Answer":null,"Remarks":null}]}],"MemberPED":[{"PEDCode":null,"Remarks":null}],"exactDiagnosis":null,"dateOfDiagnosis":null,"lastDateConsultation":null,"detailsOfTreatmentGiven":null,"doctorName":null,"hospitalName":null,"phoneNumberHosital":null,"Nominee_First_Name":"MONU","Nominee_Last_Name":"SINGH","Nominee_Contact_Number":"7845745896","Nominee_Home_Address":null,"Nominee_Relationship_Code":"R003"}]},"ReceiptCreation":{"officeLocation":"Mumbai","modeOfEntry":"Direct","cdAcNo":null,"expiryDate":null,"payerType":"Customer","payerCode":null,"paymentBy":"Customer","paymentByName":null,"paymentByRelationship":null,"collectionAmount":19699,"collectionRcvdDate":"2022-04-15","collectionMode":"online","remarks":null,"instrumentNumber":"pay_JJXkTMWLLH2Ejh","instrumentDate":"2022-04-15","bankName":"AXIS BANK","branchName":"KORBA CHATTISGARH","bankLocation":null,"micrNo":null,"chequeType":null,"ifscCode":"UTIB0000307","PaymentGatewayName":"AXIS_GHIEW_XL","TerminalID":"H6bzurUIQggI2Z","CardNo":null},"CombiCreation":{"Combi_flag":"1","Combi_identifier":"leadid","Combi_value":"SL1650005619","Combi_code":"AXIS_GHIEW_XL","Combi_Count":2,"Combi_product_count":1}} [] []
[2022-04-15 12:36:09] full_quote_reponse2.INFO: "<ns0:GHI_Res xmlns:ns0=\"http:\/\/ABHICL_NBP_QuickQuote_Schemas.GHI_Response\"><errorObj><ErrorNumber>00<\/ErrorNumber><ErrorMessage>Success<\/ErrorMessage><\/errorObj><policyDtls><TransactionReferenceNumber><\/TransactionReferenceNumber><QuotationNumber>XL100989393<\/QuotationNumber><CertificateNumber>GHI-XL-22-2000023<\/CertificateNumber><LetterURL>https:\/\/abpb.adityabirlahealth.com\/hbletter\/viewletter.aspx?ABH=1150360&amp;TRM=GHI-XL-22-2000023<\/LetterURL><ClientID>0001550793<\/ClientID><ProductName>Group Activ Health<\/ProductName><ProductCode>4211<\/ProductCode><LineOfBusiness>42<\/LineOfBusiness><startDate>4\/15\/2022 12:00:00 AM<\/startDate><EndDate>4\/14\/2023 11:59:00 PM<\/EndDate><PolicyNumber>71-20-00045-00-00<\/PolicyNumber><ProposalNumber>XL100989393<\/ProposalNumber><PolicyStatus>IF<\/PolicyStatus><Tenure>1<\/Tenure><stpFlag>0<\/stpFlag><MemberCustomerID>1650005619GHIR11<\/MemberCustomerID><\/policyDtls><premium><BasePremium>16694.00<\/BasePremium><NetPremium>16694.00<\/NetPremium><GST>3004.92<\/GST><GrossPremium>19699.00<\/GrossPremium><\/premium><receiptObj><ReceiptNumber>R70171190<\/ReceiptNumber><ReceiptAmount>19699.00<\/ReceiptAmount><ExcessAmount>0.00<\/ExcessAmount><\/receiptObj><\/ns0:GHI_Res>" [] []
[2022-04-15 12:36:09] api_insert.INFO: {"emp_id":"627381","proposal_id":"3482","member_fr_id":0,"client_id":"0001550793","certificate_number":"GHI-XL-22-2000023","quotation_no":"XL100989393","proposal_no":"XL100989393","policy_no":"71-20-00045-00-00","gross_premium":"19699.00","status":"Success","start_date":"4\/15\/2022 12:00:00 AM","end_date":"4\/14\/2023 11:59:00 PM","created_date":"2022-04-15 12:36:09","proposal_no_lead":"P-1730156744636202","PolicyStatus":"IF","letter_url":"https:\/\/abpb.adityabirlahealth.com\/hbletter\/viewletter.aspx?ABH=1150360&TRM=GHI-XL-22-2000023","CustomerID":"1650005619GHIR11","MemberCustomerID":"1650005619GHIR11","create_policy_type":0,"ReceiptNumber":"R70171190"} [] []
[2022-04-15 12:36:10] full_quote_request2.INFO: {"ClientCreation":{"Member_Customer_ID":"1650005619GPA1","salutation":"Mr","firstName":"MOHAN","middleName":"","lastName":".","dateofBirth":"04\/02\/1993","gender":"M","educationalQualification":null,"pinCode":"500060","uidNo":"0","maritalStatus":null,"nationality":"Indian","occupation":"O018","primaryEmailID":"adh@gmail.com","contactMobileNo":"9874587458","stdLandlineNo":null,"panNo":null,"passportNumber":null,"contactPerson":null,"annualIncome":"3000000","remarks":null,"startDate":"2022-04-15","endDate":null,"IdProof":"Adhaar Card","residenceProof":null,"ageProof":null,"others":null,"homeAddressLine1":"abc","homeAddressLine2":null,"homeAddressLine3":null,"homePinCode":"500060","homeArea":null,"homeContactMobileNo":null,"homeContactMobileNo2":null,"homeSTDLandlineNo":null,"homeFaxNo":null,"sameAsHomeAddress":"1","mailingAddressLine1":null,"mailingAddressLine2":null,"mailingAddressLine3":null,"mailingPinCode":null,"mailingArea":null,"mailingContactMobileNo":null,"mailingContactMobileNo2":null,"mailingSTDLandlineNo":null,"mailingSTDLandlineNo2":null,"mailingFaxNo":null,"bankAccountType":null,"bankAccountNo":null,"ifscCode":null,"GSTIN":null,"GSTRegistrationStatus":"Consumers","IsEIAavailable":"0","ApplyEIA":"0","EIAAccountNo":null,"EIAWith":"0","AccountType":null,"AddressProof":null,"DOBProof":null,"IdentityProof":null},"PolicyCreationRequest":{"Quotation_Number":"XL100989394","MasterPolicyNumber":"62-20-00065-00-00","GroupID":"GRP001","Product_Code":"4112","SumInsured_Type":null,"Policy_Tanure":"1","Member_Type_Code":"M209","intermediaryCode":"2111573","AutoRenewal":"0","AutoDebit":"0","intermediaryBranchCode":"10MHMUM08","agentSignatureDate":null,"Customer_Signature_Date":null,"businessSourceChannel":null,"AssignPolicy":"0","AssigneeName":null,"leadID":"SL1650005619","Source_Name":"AXIS_GFBEW_XL","SPID":"E0028","TCN":null,"CRTNO":null,"RefCode1":"E0028","RefCode2":"NULL","Employee_Number":"627381","enumIsEmployeeDiscount":null,"QuoteDate":null,"IsPayment":"1","PaymentMode":null,"PolicyproductComponents":[{"PlanCode":"4112","SumInsured":"5000000","SchemeCode":"4112000003"}]},"MemObj":{"Member":[{"MemberNo":1,"Salutation":"Mr","First_Name":"MOHAN","Middle_Name":null,"Last_Name":".","Gender":"M","DateOfBirth":"04\/02\/1993","Relation_Code":"R001","Marital_Status":null,"height":"0.00","weight":"0","occupation":"O018","PrimaryMember":"Y","MemberproductComponents":[{"PlanCode":"4112","MemberQuestionDetails":[{"QuestionCode":null,"Answer":null,"Remarks":null}]}],"MemberPED":[{"PEDCode":null,"Remarks":null}],"exactDiagnosis":null,"dateOfDiagnosis":null,"lastDateConsultation":null,"detailsOfTreatmentGiven":null,"doctorName":null,"hospitalName":null,"phoneNumberHosital":null,"Nominee_First_Name":"MONU","Nominee_Last_Name":"SINGH","Nominee_Contact_Number":"7845745896","Nominee_Home_Address":null,"Nominee_Relationship_Code":"R003"}]},"ReceiptCreation":{"officeLocation":"Mumbai","modeOfEntry":"Direct","cdAcNo":null,"expiryDate":null,"payerType":"Customer","payerCode":null,"paymentBy":"Customer","paymentByName":null,"paymentByRelationship":null,"collectionAmount":2001,"collectionRcvdDate":"2022-04-15","collectionMode":"online","remarks":null,"instrumentNumber":"pay_JJXkTMWLLH2Ejh","instrumentDate":"2022-04-15","bankName":"AXIS BANK","branchName":"KORBA CHATTISGARH","bankLocation":null,"micrNo":null,"chequeType":null,"ifscCode":"UTIB0000307","PaymentGatewayName":"AXIS_GFBEW_XL","TerminalID":"H6bzurUIQggI2Z","CardNo":null},"CombiCreation":{"Combi_flag":"1","Combi_identifier":"leadid","Combi_value":"SL1650005619","Combi_code":"AXIS_GFBEW_XL","Combi_Count":2,"Combi_product_count":1}} [] []
[2022-04-15 12:36:14] full_quote_reponse2.INFO: "<ns0:GFB_Res xmlns:ns0=\"http:\/\/ABHICL_NBP_QuickQuote_Schemas.GFB_Response\"><errorObj><ErrorNumber>00<\/ErrorNumber><ErrorMessage>Success<\/ErrorMessage><\/errorObj><policyDtls><TransactionReferenceNumber><\/TransactionReferenceNumber><QuotationNumber>XL100989394<\/QuotationNumber><CertificateNumber>GPA-XL-22-2000017<\/CertificateNumber><LetterURL>https:\/\/abpb.adityabirlahealth.com\/hbletter\/viewletter.aspx?ABH=1150361&amp;TRM=GPA-XL-22-2000017<\/LetterURL><ClientID>0001550794<\/ClientID><ProductName>Group Activ Secure<\/ProductName><ProductCode>4000<\/ProductCode><LineOfBusiness>40<\/LineOfBusiness><startDate>4\/15\/2022 12:00:00 AM<\/startDate><EndDate>4\/14\/2023 11:59:00 PM<\/EndDate><PolicyNumber>62-20-00065-00-00<\/PolicyNumber><ProposalNumber>XL100989394<\/ProposalNumber><PolicyStatus>IF<\/PolicyStatus><Tenure>1<\/Tenure><stpFlag>0<\/stpFlag><MemberCustomerID>1650005619GPA1<\/MemberCustomerID><\/policyDtls><premium><BasePremium>1695.00<\/BasePremium><NetPremium>1695.00<\/NetPremium><GST>305.10<\/GST><GrossPremium>2000.00<\/GrossPremium><\/premium><receiptObj><ReceiptNumber>R70171191<\/ReceiptNumber><ReceiptAmount>2001.00<\/ReceiptAmount><ExcessAmount>1.00<\/ExcessAmount><\/receiptObj><\/ns0:GFB_Res>" [] []
[2022-04-15 12:36:14] api_insert.INFO: {"emp_id":"627381","proposal_id":"3483","member_fr_id":"0","client_id":"0001550794","certificate_number":"GPA-XL-22-2000017","quotation_no":"XL100989394","proposal_no":"XL100989394","policy_no":"62-20-00065-00-00","gross_premium":"2000.00","status":"Success","start_date":"4\/15\/2022 12:00:00 AM","end_date":"4\/14\/2023 11:59:00 PM","created_date":"2022-04-15 12:36:14","proposal_no_lead":"P-1730156745402252","PolicyStatus":"IF","letter_url":"https:\/\/abpb.adityabirlahealth.com\/hbletter\/viewletter.aspx?ABH=1150361&TRM=GPA-XL-22-2000017","CustomerID":"1650005619GPA1","MemberCustomerID":"1650005619GPA1","create_policy_type":0,"ReceiptNumber":"R70171191"} [] []
[2022-04-15 12:36:15] generateOTP.INFO: test [] []
[2022-04-15 12:36:16] generateOTP.INFO: test [] []
[2022-04-15 12:46:27] generateOTP.INFO: test [] []
[2022-04-15 12:48:18] generateOTP.INFO: test [] []
[2022-04-15 12:48:21] generateOTP.INFO: test [] []
[2022-04-15 12:49:30] generateOTP.INFO: test [] []
[2022-04-15 12:51:45] generateOTP.INFO: test [] []
[2022-04-15 12:52:48] generateOTP.INFO: test [] []
[2022-04-15 12:53:16] generateOTP.INFO: test [] []
[2022-04-15 12:53:17] generateOTP.INFO: test [] []
[2022-04-15 12:53:18] generateOTP.INFO: test [] []
[2022-04-15 12:53:24] generateOTP.INFO: test [] []
[2022-04-15 12:53:30] generateOTP.INFO: test [] []
[2022-04-15 12:54:00] generateOTP.INFO: test [] []
[2022-04-15 12:54:38] generateOTP.INFO: test [] []
[2022-04-15 12:54:46] generateOTP.INFO: test [] []
[2022-04-15 12:56:04] generateOTP.INFO: test [] []
[2022-04-15 12:56:35] generateOTP.INFO: test [] []
[2022-04-15 12:56:36] generateOTP.INFO: test [] []
[2022-04-15 12:57:23] generateOTP.INFO: test [] []
[2022-04-15 12:58:32] generateOTP.INFO: test [] []
[2022-04-15 14:30:51] generateOTP.INFO: test [] []
[2022-04-15 15:20:58] generateOTP.INFO: test [] []
[2022-04-15 15:20:59] generateOTP.INFO: test [] []
[2022-04-15 15:21:05] generateOTP.INFO: test [] []
[2022-04-15 15:23:44] generateOTP.INFO: test [] []
[2022-04-15 15:23:55] generateOTP.INFO: test [] []
[2022-04-15 15:36:17] generateOTP.INFO: test [] []
[2022-04-15 15:37:11] generateOTP.INFO: test [] []
[2022-04-15 15:43:46] generateOTP.INFO: test [] []
[2022-04-15 15:44:50] generateOTP.INFO: test [] []
[2022-04-15 15:44:58] generateOTP.INFO: test [] []
[2022-04-15 15:45:40] generateOTP.INFO: test [] []
[2022-04-15 15:45:44] generateOTP.INFO: test [] []
[2022-04-15 15:45:45] generateOTP.INFO: test [] []
[2022-04-15 15:45:46] generateOTP.INFO: test [] []
[2022-04-15 15:45:53] generateOTP.INFO: test [] []
[2022-04-15 15:45:57] generateOTP.INFO: test [] []
[2022-04-15 15:46:19] generateOTP.INFO: test [] []
[2022-04-15 15:46:26] generateOTP.INFO: test [] []
[2022-04-15 15:46:27] generateOTP.INFO: test [] []
[2022-04-15 15:46:27] generateOTP.INFO: test [] []
[2022-04-15 15:46:47] generateOTP.INFO: test [] []
[2022-04-15 15:47:12] generateOTP.INFO: test [] []
[2022-04-15 15:47:20] generateOTP.INFO: test [] []
[2022-04-15 15:51:52] generateOTP.INFO: test [] []
[2022-04-15 15:51:53] generateOTP.INFO: test [] []
[2022-04-15 15:51:56] generateOTP.INFO: test [] []
[2022-04-15 15:52:03] generateOTP.INFO: test [] []
[2022-04-15 15:52:11] generateOTP.INFO: test [] []
[2022-04-15 15:52:16] generateOTP.INFO: test [] []
[2022-04-15 15:52:17] generateOTP.INFO: test [] []
[2022-04-15 15:52:18] generateOTP.INFO: test [] []
[2022-04-15 15:52:22] generateOTP.INFO: test [] []
[2022-04-15 15:52:27] generateOTP.INFO: test [] []
[2022-04-15 15:52:29] generateOTP.INFO: test [] []
[2022-04-15 15:52:30] generateOTP.INFO: test [] []
[2022-04-15 15:52:33] generateOTP.INFO: test [] []
[2022-04-15 15:52:40] generateOTP.INFO: test [] []
[2022-04-15 15:52:48] generateOTP.INFO: test [] []
[2022-04-15 15:53:40] generateOTP.INFO: test [] []
[2022-04-15 15:53:52] generateOTP.INFO: test [] []
[2022-04-15 15:53:54] generateOTP.INFO: test [] []
[2022-04-15 15:54:06] generateOTP.INFO: test [] []
[2022-04-15 15:54:06] generateOTP.INFO: test [] []
[2022-04-15 15:54:06] generateOTP.INFO: test [] []
[2022-04-15 15:54:06] generateOTP.INFO: test [] []
[2022-04-15 15:54:06] generateOTP.INFO: test [] []
[2022-04-15 15:54:06] generateOTP.INFO: test [] []
[2022-04-15 15:54:06] generateOTP.INFO: test [] []
[2022-04-15 15:54:06] generateOTP.INFO: test [] []
[2022-04-15 15:54:06] generateOTP.INFO: test [] []
[2022-04-15 15:54:06] generateOTP.INFO: test [] []
[2022-04-15 15:54:06] generateOTP.INFO: test [] []
[2022-04-15 15:54:06] generateOTP.INFO: test [] []
[2022-04-15 15:54:06] generateOTP.INFO: test [] []
[2022-04-15 15:54:06] generateOTP.INFO: test [] []
[2022-04-15 15:54:06] generateOTP.INFO: test [] []
[2022-04-15 15:54:06] generateOTP.INFO: test [] []
[2022-04-15 15:54:06] generateOTP.INFO: test [] []
[2022-04-15 15:54:06] generateOTP.INFO: test [] []
[2022-04-15 15:54:11] generateOTP.INFO: test [] []
[2022-04-15 15:54:12] generateOTP.INFO: test [] []
[2022-04-15 15:54:13] generateOTP.INFO: test [] []
[2022-04-15 15:54:17] generateOTP.INFO: test [] []
[2022-04-15 15:54:18] generateOTP.INFO: test [] []
[2022-04-15 15:54:26] generateOTP.INFO: test [] []
[2022-04-15 15:54:31] generateOTP.INFO: test [] []
[2022-04-15 15:54:32] generateOTP.INFO: test [] []
[2022-04-15 15:54:36] generateOTP.INFO: test [] []
[2022-04-15 15:54:47] generateOTP.INFO: test [] []
[2022-04-15 15:55:53] generateOTP.INFO: test [] []
[2022-04-15 15:56:31] generateOTP.INFO: test [] []
[2022-04-15 15:58:52] generateOTP.INFO: test [] []
[2022-04-15 16:00:20] generateOTP.INFO: test [] []
[2022-04-15 16:00:21] generateOTP.INFO: test [] []
[2022-04-15 16:00:55] generateOTP.INFO: test [] []
[2022-04-15 16:00:56] generateOTP.INFO: test [] []
[2022-04-15 16:01:49] generateOTP.INFO: test [] []
[2022-04-15 16:26:22] generateOTP.INFO: test [] []
[2022-04-15 16:26:22] generateOTP.INFO: test [] []
[2022-04-15 16:28:45] generateOTP.INFO: test [] []
[2022-04-15 16:28:45] generateOTP.INFO: test [] []
[2022-04-15 16:28:45] generateOTP.INFO: test [] []
[2022-04-15 16:28:45] generateOTP.INFO: test [] []
[2022-04-15 16:29:54] generateOTP.INFO: test [] []
[2022-04-15 16:29:56] generateOTP.INFO: test [] []
[2022-04-15 16:30:01] generateOTP.INFO: test [] []
[2022-04-15 16:53:57] generateOTP.INFO: test [] []
[2022-04-15 16:54:09] generateOTP.INFO: test [] []
[2022-04-15 16:54:12] generateOTP.INFO: test [] []
[2022-04-15 16:54:12] generateOTP.INFO: test [] []
[2022-04-15 16:54:15] generateOTP.INFO: test [] []
[2022-04-15 16:54:15] generateOTP.INFO: test [] []
[2022-04-15 16:54:19] generateOTP.INFO: test [] []
[2022-04-15 16:54:19] generateOTP.INFO: test [] []
[2022-04-15 16:54:22] generateOTP.INFO: test [] []
[2022-04-15 16:54:22] generateOTP.INFO: test [] []
[2022-04-15 16:54:26] generateOTP.INFO: test [] []
[2022-04-15 16:54:27] generateOTP.INFO: test [] []
[2022-04-15 16:54:28] generateOTP.INFO: test [] []
[2022-04-15 16:54:28] generateOTP.INFO: test [] []
[2022-04-15 16:54:33] generateOTP.INFO: test [] []
[2022-04-15 17:28:03] generateOTP.INFO: test [] []
[2022-04-15 18:16:26] generateOTP.INFO: test [] []
[2022-04-15 18:23:14] generateOTP.INFO: test [] []
[2022-04-15 18:56:31] generateOTP.INFO: test [] []
[2022-04-15 18:57:12] generateOTP.INFO: test [] []
[2022-04-15 19:46:32] generateOTP.INFO: test [] []
[2022-04-15 19:46:33] generateOTP.INFO: test [] []
[2022-04-15 22:49:22] generateOTP.INFO: test [] []
[2022-04-15 23:46:10] generateOTP.INFO: test [] []
