[2021-01-16 10:23:30] generateOTP.INFO: test [] []
[2021-01-16 10:23:30] generateOTP.INFO: test [] []
[2021-01-16 10:24:08] generateOTP.INFO: test [] []
[2021-01-16 10:24:09] generateOTP.INFO: test [] []
[2021-01-16 10:24:12] generateOTP.INFO: test [] []
[2021-01-16 10:24:12] generateOTP.INFO: test [] []
[2021-01-16 10:24:17] generateOTP.INFO: test [] []
[2021-01-16 10:24:18] generateOTP.INFO: test [] []
[2021-01-16 10:24:18] generateOTP.INFO: test [] []
[2021-01-16 10:24:19] generateOTP.INFO: test [] []
[2021-01-16 10:24:21] generateOTP.INFO: test [] []
[2021-01-16 10:24:22] generateOTP.INFO: test [] []
[2021-01-16 10:24:56] generateOTP.INFO: test [] []
[2021-01-16 10:24:59] generateOTP.INFO: test [] []
[2021-01-16 10:26:09] generateOTP.INFO: test [] []
[2021-01-16 10:26:10] generateOTP.INFO: test [] []
[2021-01-16 10:28:19] generateOTP.INFO: test [] []
[2021-01-16 10:28:20] generateOTP.INFO: test [] []
[2021-01-16 10:28:20] generateOTP.INFO: test [] []
[2021-01-16 10:28:20] generateOTP.INFO: test [] []
[2021-01-16 10:28:22] generateOTP.INFO: test [] []
[2021-01-16 10:28:23] generateOTP.INFO: test [] []
[2021-01-16 10:28:26] generateOTP.INFO: test [] []
[2021-01-16 10:28:26] generateOTP.INFO: test [] []
[2021-01-16 10:30:11] generateOTP.INFO: test [] []
[2021-01-16 10:30:13] generateOTP.INFO: test [] []
[2021-01-16 10:34:23] generateOTP.INFO: test [] []
[2021-01-16 10:34:24] generateOTP.INFO: test [] []
[2021-01-16 10:35:05] generateOTP.INFO: test [] []
[2021-01-16 10:35:05] generateOTP.INFO: test [] []
[2021-01-16 10:35:05] generateOTP.INFO: test [] []
[2021-01-16 10:35:06] generateOTP.INFO: test [] []
[2021-01-16 10:35:09] generateOTP.INFO: test [] []
[2021-01-16 10:35:09] generateOTP.INFO: test [] []
[2021-01-16 10:36:51] generateOTP.INFO: test [] []
[2021-01-16 10:37:20] generateOTP.INFO: {"salutation":"1","firstname":"test","lastname":"BANKING","dob":"19-12-1988","mob_no":"7010444138","panCard":"XXXXXX456A","email":"jack@gmail.com","ref1":"1","ref2":"1","comAdd":"Om hrad ntalatiof, holOmshre, talathioficeeachol, OmshreeSada9talathi","city":"MUMBAI","state":"MAHARASHTRA","pin_code":"622103","ISNRI":"N","update_emp_id":"eER6M3JRYk9ZSUJIWEdaWTArVlRZUT09","edit":"0","policy_no":"454,455","subtype_text":"1","sum_insure":"500000","anuual_income":"","occupation":"43","familyConstruct":"2A","family_members_id":"0","family_gender":"Male","first_name":"test","last_name":"BANKING","family_date_birth":"19-12-1988","age":"32","age_type":" years","tenure":"1 Year","family_id":"","s_date":"","marriage_date":"","premium":"11500","policyNo":"454,455","familyDataType":"undefined","empId":"eER6M3JRYk9ZSUJIWEdaWTArVlRZUT09","product":"RMxC5efb5c5a320e7","declare":"[]","gender":"Male","gci_options":"Yes"} [] []
[2021-01-16 10:37:38] generateOTP.INFO: {"salutation":"1","firstname":"test","lastname":"BANKING","dob":"19-12-1988","mob_no":"7010444138","panCard":"XXXXXX456A","email":"jack@gmail.com","ref1":"1","ref2":"1","comAdd":"Om hrad ntalatiof, holOmshre, talathioficeeachol, OmshreeSada9talathi","city":"MUMBAI","state":"MAHARASHTRA","pin_code":"622103","ISNRI":"N","update_emp_id":"eER6M3JRYk9ZSUJIWEdaWTArVlRZUT09","edit":"0","policy_no":"454,455","subtype_text":"1","sum_insure":"500000","anuual_income":"","occupation":"43","familyConstruct":"2A","family_members_id":"1","family_gender":"Female","first_name":"test","last_name":"spouse","family_date_birth":"09-01-1986","age":"35","age_type":" years","tenure":"1 Year","family_id":"","s_date":"","marriage_date":"","premium":"11500","policyNo":"454,455","familyDataType":"undefined","empId":"eER6M3JRYk9ZSUJIWEdaWTArVlRZUT09","product":"RMxC5efb5c5a320e7","declare":"[]","gender":"Male","gci_options":"Yes"} [] []
[2021-01-16 10:38:16] documentsSave.INFO: {"ops_type":"[\"0\",\"Y\"]","ids":"864,865,866"} [] []
[2021-01-16 10:38:16] documentsSaveFiles.INFO: [{"name":"download.png","type":"image\/png","tmp_name":"\/tmp\/phpwIJBIR","error":0,"size":57862},{"name":"download.png","type":"image\/png","tmp_name":"\/tmp\/php8uXII1","error":0,"size":57862}] [] []
[2021-01-16 10:38:27] generateOTP.INFO: test [] []
[2021-01-16 10:38:35] generateOTP.INFO: test [] []
[2021-01-16 10:39:36] generateOTP.INFO: test [] []
[2021-01-16 10:39:49] generateOTP.INFO: test [] []
[2021-01-16 10:40:17] generateOTP.INFO: test [] []
[2021-01-16 10:40:31] generateOTP.INFO: test [] []
[2021-01-16 10:43:42] generateOTP.INFO: test [] []
[2021-01-16 10:44:16] generateOTP.INFO: test [] []
[2021-01-16 10:53:18] generateOTP.INFO: test [] []
[2021-01-16 11:05:05] generateOTP.INFO: test [] []
[2021-01-16 11:05:46] generateOTP.INFO: test [] []
[2021-01-16 11:07:46] generateOTP.INFO: test [] []
[2021-01-16 11:07:59] generateOTP.INFO: test [] []
[2021-01-16 11:08:20] generateOTP.INFO: test [] []
[2021-01-16 11:18:16] generateOTP.INFO: test [] []
[2021-01-16 11:18:27] generateOTP.INFO: test [] []
[2021-01-16 11:18:33] generateOTP.INFO: test [] []
[2021-01-16 11:18:48] generateOTP.INFO: test [] []
[2021-01-16 11:20:41] generateOTP.INFO: test [] []
[2021-01-16 11:22:33] generateOTP.INFO: test [] []
[2021-01-16 11:22:54] generateOTP.INFO: test [] []
[2021-01-16 11:24:33] generateOTP.INFO: test [] []
[2021-01-16 11:29:22] generateOTP.INFO: test [] []
[2021-01-16 11:29:35] generateOTP.INFO: test [] []
[2021-01-16 11:31:26] generateOTP.INFO: test [] []
[2021-01-16 11:32:20] generateOTP.INFO: test [] []
[2021-01-16 11:33:06] generateOTP.INFO: test [] []
[2021-01-16 12:28:09] generateOTP.INFO: test [] []
[2021-01-16 12:30:37] generateOTP.INFO: test [] []
[2021-01-16 12:31:31] generateOTP.INFO: test [] []
[2021-01-16 12:42:49] generateOTP.INFO: test [] []
[2021-01-16 12:43:02] generateOTP.INFO: test [] []
[2021-01-16 12:44:33] generateOTP.INFO: test [] []
[2021-01-16 12:46:36] generateOTP.INFO: {"salutation":"1","firstname":"test","lastname":"BANKING","dob":"19-12-1988","mob_no":"7010444138","panCard":"XXXXXX456A","email":"jack@gmail.com","ref1":"1","ref2":"1","comAdd":"Om hrad ntalatiof, holOmshre, talathioficeeachol, OmshreeSada9talathi","city":"MUMBAI","state":"MAHARASHTRA","pin_code":"622103","ISNRI":"N","update_emp_id":"YVVLbGtPTkpRZkNjMHUxbHhWVTNKdz09","edit":"0","policy_no":"470","subtype_text":"1","sum_insure":"5000000","anuual_income":"","familyConstruct":"1A","family_members_id":"0","family_gender":"Male","first_name":"test","last_name":"BANKING","family_date_birth":"19-12-1988","age":"32","age_type":" years","tenure":"1 Year","family_id":"","s_date":"","marriage_date":"","premium":"12199","policyNo":"470","familyDataType":"undefined","empId":"YVVLbGtPTkpRZkNjMHUxbHhWVTNKdz09","product":"test123abc","declare":"[]","gender":"Male","gci_options":"Yes"} [] []
[2021-01-16 12:47:51] generateOTP.INFO: {"salutation":"1","firstname":"test","lastname":"BANKING","dob":"19-12-1988","mob_no":"7010444138","panCard":"XXXXXX456A","email":"jack@gmail.com","ref1":"1","ref2":"1","comAdd":"Om hrad ntalatiof, holOmshre, talathioficeeachol, OmshreeSada9talathi","city":"MUMBAI","state":"MAHARASHTRA","pin_code":"622103","ISNRI":"N","update_emp_id":"YVVLbGtPTkpRZkNjMHUxbHhWVTNKdz09","edit":"0","policy_no":"470","subtype_text":"1","sum_insure":"10000000","anuual_income":"900000","familyConstruct":"1A","family_members_id":"0","family_gender":"Male","first_name":"test","last_name":"BANKING","family_date_birth":"19-12-1988","age":"32","age_type":" years","tenure":"1 Year","family_id":"","s_date":"","marriage_date":"","premium":"13299","policyNo":"470","familyDataType":"undefined","empId":"YVVLbGtPTkpRZkNjMHUxbHhWVTNKdz09","product":"test123abc","declare":"[]","gender":"Male","gci_options":"Yes"} [] []
[2021-01-16 12:53:24] generateOTP.INFO: test [] []
[2021-01-16 12:54:23] generateOTP.INFO: test [] []
[2021-01-16 13:04:48] generateOTP.INFO: test [] []
[2021-01-16 13:06:27] generateOTP.INFO: {"salutation":"1","firstname":"test","lastname":"BANKING","dob":"19-12-1988","mob_no":"7010444138","panCard":"XXXXXX456A","email":"jack@gmail.com","ref1":"1","ref2":"1","comAdd":"Om hrad ntalatiof, holOmshre, talathioficeeachol, OmshreeSada9talathi","city":"Illuppur","state":"TAMIL NADU","pin_code":"622103","ISNRI":"N","update_emp_id":"YVVLbGtPTkpRZkNjMHUxbHhWVTNKdz09","edit":"0","policy_no":"470","subtype_text":"1","sum_insure":"5000000","anuual_income":"","familyConstruct":"1A","family_members_id":"0","family_gender":"Male","first_name":"test","last_name":"BANKING","family_date_birth":"19-12-1988","age":"32","age_type":" years","tenure":"1 Year","family_id":"","s_date":"","marriage_date":"","premium":"12199","policyNo":"470","familyDataType":"undefined","empId":"YVVLbGtPTkpRZkNjMHUxbHhWVTNKdz09","product":"test123abc","declare":"[]","gender":"Male","gci_options":"Yes"} [] []
[2021-01-16 13:07:21] generateOTP.INFO: test [] []
[2021-01-16 14:17:07] generateOTP.INFO: test [] []
[2021-01-16 14:17:09] generateOTP.INFO: test [] []
[2021-01-16 14:17:13] generateOTP.INFO: test [] []
[2021-01-16 14:17:14] generateOTP.INFO: test [] []
[2021-01-16 14:17:16] generateOTP.INFO: test [] []
[2021-01-16 14:17:17] generateOTP.INFO: test [] []
[2021-01-16 14:17:27] generateOTP.INFO: test [] []
[2021-01-16 14:17:30] generateOTP.INFO: test [] []
[2021-01-16 14:18:56] generateOTP.INFO: test [] []
[2021-01-16 14:18:58] generateOTP.INFO: test [] []
[2021-01-16 14:43:03] generateOTP.INFO: test [] []
[2021-01-16 14:43:16] generateOTP.INFO: test [] []
[2021-01-16 14:43:57] generateOTP.INFO: test [] []
[2021-01-16 14:44:39] generateOTP.INFO: test [] []
[2021-01-16 14:55:23] generateOTP.INFO: test [] []
[2021-01-16 14:55:33] generateOTP.INFO: test [] []
[2021-01-16 14:55:45] generateOTP.INFO: test [] []
[2021-01-16 14:55:54] generateOTP.INFO: test [] []
[2021-01-16 15:02:34] generateOTP.INFO: test [] []
[2021-01-16 15:02:59] generateOTP.INFO: test [] []
[2021-01-16 15:05:39] generateOTP.INFO: test [] []
[2021-01-16 15:09:44] generateOTP.INFO: test [] []
[2021-01-16 15:09:50] generateOTP.INFO: test [] []
[2021-01-16 15:09:51] generateOTP.INFO: test [] []
[2021-01-16 15:09:52] generateOTP.INFO: test [] []
[2021-01-16 15:09:54] generateOTP.INFO: test [] []
[2021-01-16 15:09:54] generateOTP.INFO: test [] []
[2021-01-16 15:09:54] generateOTP.INFO: test [] []
[2021-01-16 15:09:54] generateOTP.INFO: test [] []
[2021-01-16 15:09:54] generateOTP.INFO: test [] []
[2021-01-16 15:09:55] generateOTP.INFO: test [] []
[2021-01-16 15:10:14] generateOTP.INFO: {"salutation":"1","firstname":"test","lastname":"BANKING","dob":"19-12-1988","mob_no":"7010444138","panCard":"XXXXXX456A","email":"jack@gmail.com","ref1":"1","ref2":"1","comAdd":"Om hrad ntalatiof, holOmshre, talathioficeeachol, OmshreeSada9talathi","city":"Illuppur","state":"TAMIL NADU","pin_code":"622103","ISNRI":"N","update_emp_id":"YVVLbGtPTkpRZkNjMHUxbHhWVTNKdz09","edit":"0","policy_no":"470","subtype_text":"1","sum_insure":"5000000","anuual_income":"","familyConstruct":"1A","family_members_id":"0","family_gender":"Male","first_name":"test","last_name":"BANKING","family_date_birth":"19-12-1988","age":"32","age_type":" years","tenure":"1 Year","family_id":"","s_date":"","marriage_date":"","premium":"12199","policyNo":"470","familyDataType":"undefined","empId":"YVVLbGtPTkpRZkNjMHUxbHhWVTNKdz09","product":"test123abc","declare":"[]","gender":"Male","gci_options":"Yes"} [] []
[2021-01-16 15:10:37] generateOTP.INFO: test [] []
[2021-01-16 15:22:48] generateOTP.INFO: test [] []
[2021-01-16 15:22:50] generateOTP.INFO: test [] []
[2021-01-16 15:22:55] generateOTP.INFO: test [] []
[2021-01-16 15:23:56] generateOTP.INFO: test [] []
[2021-01-16 15:26:52] generateOTP.INFO: test [] []
[2021-01-16 15:27:11] generateOTP.INFO: test [] []
[2021-01-16 15:34:35] generateOTP.INFO: test [] []
[2021-01-16 15:34:44] generateOTP.INFO: test [] []
[2021-01-16 15:35:02] generateOTP.INFO: test [] []
[2021-01-16 16:25:21] generateOTP.INFO: test [] []
[2021-01-16 16:25:23] generateOTP.INFO: test [] []
[2021-01-16 16:25:31] generateOTP.INFO: test [] []
[2021-01-16 16:25:55] generateOTP.INFO: test [] []
[2021-01-16 16:28:36] generateOTP.INFO: test [] []
[2021-01-16 16:28:46] generateOTP.INFO: test [] []
[2021-01-16 16:29:14] generateOTP.INFO: test [] []
[2021-01-16 16:29:45] generateOTP.INFO: test [] []
[2021-01-16 16:30:36] generateOTP.INFO: test [] []
[2021-01-16 16:30:37] generateOTP.INFO: test [] []
[2021-01-16 16:31:14] generateOTP.INFO: test [] []
[2021-01-16 16:31:34] generateOTP.INFO: test [] []
[2021-01-16 16:41:54] generateOTP.INFO: test [] []
[2021-01-16 16:42:10] generateOTP.INFO: test [] []
[2021-01-16 16:48:06] generateOTP.INFO: test [] []
[2021-01-16 18:35:06] generateOTP.INFO: test [] []
[2021-01-16 18:35:07] generateOTP.INFO: test [] []
[2021-01-16 18:35:58] generateOTP.INFO: test [] []
[2021-01-16 18:35:59] generateOTP.INFO: test [] []
[2021-01-16 18:37:40] generateOTP.INFO: test [] []
[2021-01-16 18:37:42] generateOTP.INFO: test [] []
[2021-01-16 18:38:17] generateOTP.INFO: test [] []
[2021-01-16 18:38:20] generateOTP.INFO: test [] []
[2021-01-16 18:38:53] generateOTP.INFO: test [] []
[2021-01-16 18:38:54] generateOTP.INFO: test [] []
[2021-01-16 18:39:06] generateOTP.INFO: test [] []
[2021-01-16 18:39:07] generateOTP.INFO: test [] []
[2021-01-16 18:39:10] generateOTP.INFO: test [] []
[2021-01-16 18:39:12] generateOTP.INFO: test [] []
[2021-01-16 18:45:55] generateOTP.INFO: test [] []
[2021-01-16 18:46:04] generateOTP.INFO: test [] []
[2021-01-16 18:46:13] generateOTP.INFO: test [] []
[2021-01-16 18:46:15] generateOTP.INFO: test [] []
