[2021-04-16 09:19:32] generateOTP.INFO: test [] []
[2021-04-16 09:19:33] generateOTP.INFO: test [] []
[2021-04-16 10:04:50] generateOTP.INFO: test [] []
[2021-04-16 10:04:50] generateOTP.INFO: test [] []
[2021-04-16 10:05:02] generateOTP.INFO: test [] []
[2021-04-16 10:05:02] generateOTP.INFO: test [] []
[2021-04-16 10:05:04] generateOTP.INFO: test [] []
[2021-04-16 10:05:04] generateOTP.INFO: test [] []
[2021-04-16 10:05:07] generateOTP.INFO: test [] []
[2021-04-16 10:05:07] generateOTP.INFO: test [] []
[2021-04-16 10:05:07] generateOTP.INFO: test [] []
[2021-04-16 10:05:07] generateOTP.INFO: test [] []
[2021-04-16 10:05:21] generateOTP.INFO: test [] []
[2021-04-16 10:05:22] generateOTP.INFO: test [] []
[2021-04-16 10:06:01] generateOTP.INFO: test [] []
[2021-04-16 10:06:02] generateOTP.INFO: test [] []
[2021-04-16 10:07:33] generateOTP.INFO: test [] []
[2021-04-16 10:07:33] generateOTP.INFO: test [] []
[2021-04-16 10:07:33] generateOTP.INFO: test [] []
[2021-04-16 10:07:34] generateOTP.INFO: test [] []
[2021-04-16 10:07:34] generateOTP.INFO: test [] []
[2021-04-16 10:07:56] generateOTP.INFO: test [] []
[2021-04-16 10:07:56] generateOTP.INFO: test [] []
[2021-04-16 10:08:08] generateOTP.INFO: test [] []
[2021-04-16 10:08:08] generateOTP.INFO: test [] []
[2021-04-16 10:08:09] generateOTP.INFO: test [] []
[2021-04-16 10:08:09] generateOTP.INFO: test [] []
[2021-04-16 10:08:12] generateOTP.INFO: test [] []
[2021-04-16 10:08:12] generateOTP.INFO: test [] []
[2021-04-16 10:08:12] generateOTP.INFO: test [] []
[2021-04-16 10:08:12] generateOTP.INFO: test [] []
[2021-04-16 10:08:28] generateOTP.INFO: test [] []
[2021-04-16 10:08:28] generateOTP.INFO: test [] []
[2021-04-16 10:08:37] generateOTP.INFO: test [] []
[2021-04-16 10:08:38] generateOTP.INFO: test [] []
[2021-04-16 10:10:16] generateOTP.INFO: test [] []
[2021-04-16 10:10:16] generateOTP.INFO: test [] []
[2021-04-16 10:10:16] generateOTP.INFO: test [] []
[2021-04-16 10:10:16] generateOTP.INFO: test [] []
[2021-04-16 10:10:16] generateOTP.INFO: test [] []
[2021-04-16 10:12:40] generateOTP.INFO: test [] []
[2021-04-16 10:12:40] generateOTP.INFO: test [] []
[2021-04-16 10:12:40] generateOTP.INFO: test [] []
[2021-04-16 10:12:40] generateOTP.INFO: test [] []
[2021-04-16 10:12:40] generateOTP.INFO: test [] []
[2021-04-16 10:21:06] generateOTP.INFO: test [] []
[2021-04-16 10:21:07] generateOTP.INFO: test [] []
[2021-04-16 10:21:17] generateOTP.INFO: test [] []
[2021-04-16 10:21:54] generateOTP.INFO: test [] []
[2021-04-16 10:28:26] generateOTP.INFO: test [] []
[2021-04-16 10:28:51] generateOTP.INFO: test [] []
[2021-04-16 10:30:09] generateOTP.INFO: test [] []
[2021-04-16 10:30:10] generateOTP.INFO: test [] []
[2021-04-16 10:30:22] generateOTP.INFO: test [] []
[2021-04-16 10:30:22] generateOTP.INFO: test [] []
[2021-04-16 10:30:22] generateOTP.INFO: test [] []
[2021-04-16 10:30:23] generateOTP.INFO: test [] []
[2021-04-16 10:31:27] generateOTP.INFO: test [] []
[2021-04-16 10:31:28] generateOTP.INFO: test [] []
[2021-04-16 10:31:47] generateOTP.INFO: test [] []
[2021-04-16 10:31:47] generateOTP.INFO: test [] []
[2021-04-16 10:31:51] generateOTP.INFO: test [] []
[2021-04-16 10:31:51] generateOTP.INFO: test [] []
[2021-04-16 10:32:05] generateOTP.INFO: test [] []
[2021-04-16 10:32:05] generateOTP.INFO: test [] []
[2021-04-16 10:32:05] generateOTP.INFO: test [] []
[2021-04-16 10:32:06] generateOTP.INFO: test [] []
[2021-04-16 10:33:02] generateOTP.INFO: test [] []
[2021-04-16 10:33:20] generateOTP.INFO: test [] []
[2021-04-16 10:33:20] generateOTP.INFO: test [] []
[2021-04-16 10:33:22] generateOTP.INFO: test [] []
[2021-04-16 10:33:24] generateOTP.INFO: test [] []
[2021-04-16 10:33:24] generateOTP.INFO: test [] []
[2021-04-16 10:33:34] generateOTP.INFO: test [] []
[2021-04-16 10:33:34] generateOTP.INFO: test [] []
[2021-04-16 10:33:34] generateOTP.INFO: test [] []
[2021-04-16 10:33:34] generateOTP.INFO: test [] []
[2021-04-16 10:34:38] generateOTP.INFO: test [] []
[2021-04-16 10:34:38] generateOTP.INFO: test [] []
[2021-04-16 10:34:49] generateOTP.INFO: test [] []
[2021-04-16 10:34:50] generateOTP.INFO: test [] []
[2021-04-16 10:34:54] generateOTP.INFO: test [] []
[2021-04-16 10:34:54] generateOTP.INFO: test [] []
[2021-04-16 10:35:14] generateOTP.INFO: test [] []
[2021-04-16 10:35:14] generateOTP.INFO: test [] []
[2021-04-16 10:35:14] generateOTP.INFO: test [] []
[2021-04-16 10:35:14] generateOTP.INFO: test [] []
[2021-04-16 10:35:28] generateOTP.INFO: test [] []
[2021-04-16 10:35:45] generateOTP.INFO: test [] []
[2021-04-16 10:35:45] generateOTP.INFO: test [] []
[2021-04-16 10:35:54] generateOTP.INFO: test [] []
[2021-04-16 10:35:54] generateOTP.INFO: test [] []
[2021-04-16 10:38:22] generateOTP.INFO: test [] []
[2021-04-16 10:38:22] generateOTP.INFO: test [] []
[2021-04-16 10:38:22] generateOTP.INFO: test [] []
[2021-04-16 10:38:22] generateOTP.INFO: test [] []
[2021-04-16 10:38:22] generateOTP.INFO: test [] []
[2021-04-16 10:39:56] generateOTP.INFO: test [] []
[2021-04-16 10:39:57] generateOTP.INFO: test [] []
[2021-04-16 10:40:40] generateOTP.INFO: test [] []
[2021-04-16 10:40:40] generateOTP.INFO: test [] []
[2021-04-16 10:40:40] generateOTP.INFO: test [] []
[2021-04-16 10:40:40] generateOTP.INFO: test [] []
[2021-04-16 10:40:40] generateOTP.INFO: test [] []
[2021-04-16 10:40:40] generateOTP.INFO: test [] []
[2021-04-16 10:40:41] generateOTP.INFO: test [] []
[2021-04-16 10:40:53] generateOTP.INFO: test [] []
[2021-04-16 10:40:53] generateOTP.INFO: test [] []
[2021-04-16 10:40:56] generateOTP.INFO: test [] []
[2021-04-16 10:40:56] generateOTP.INFO: test [] []
[2021-04-16 10:41:19] generateOTP.INFO: test [] []
[2021-04-16 10:41:19] generateOTP.INFO: test [] []
[2021-04-16 10:41:19] generateOTP.INFO: test [] []
[2021-04-16 10:41:19] generateOTP.INFO: test [] []
[2021-04-16 10:44:22] generateOTP.INFO: test [] []
[2021-04-16 10:44:23] generateOTP.INFO: test [] []
[2021-04-16 10:44:29] generateOTP.INFO: test [] []
[2021-04-16 10:54:34] generateOTP.INFO: test [] []
[2021-04-16 10:54:42] generateOTP.INFO: test [] []
[2021-04-16 10:54:52] generateOTP.INFO: {"salutation":"1","firstname":"test","lastname":"BANKING","dob":"19-12-1988","mob_no":"7010444138","panCard":"XXXXXX456A","email":"jack@gmail.com","ref1":"1","ref2":"1","comAdd":"Om hrad ntalatiof, holOmshre, talathioficeeachol, OmshreeSada9talathi","city":"MUMBAI","state":"MAHARASHTRA","pin_code":"622103","ISNRI":"N","update_emp_id":"VGVBSFdwUzJEWDBIVkxlY3BmL0RwZz09","edit":"0","policy_no":"392,393","subtype_text":"1","sum_insure":"500000","anuual_income":"","familyConstruct":"2A","family_members_id":"0","family_gender":"Male","first_name":"test","last_name":"BANKING","family_date_birth":"19-12-1988","age":"32","age_type":" years","tenure":"1 Year","family_id":"","s_date":"","marriage_date":"","premium":"11701","policyNo":"392,393","familyDataType":"undefined","empId":"VGVBSFdwUzJEWDBIVkxlY3BmL0RwZz09","product":"iWL65dcd54d9c5a65","declare":"[]","gender":"Male","gci_options":"Yes"} [] []
[2021-04-16 10:55:08] generateOTP.INFO: {"salutation":"1","firstname":"test","lastname":"BANKING","dob":"19-12-1988","mob_no":"7010444138","panCard":"XXXXXX456A","email":"jack@gmail.com","ref1":"1","ref2":"1","comAdd":"Om hrad ntalatiof, holOmshre, talathioficeeachol, OmshreeSada9talathi","city":"MUMBAI","state":"MAHARASHTRA","pin_code":"622103","ISNRI":"N","update_emp_id":"VGVBSFdwUzJEWDBIVkxlY3BmL0RwZz09","edit":"0","policy_no":"392,393","subtype_text":"1","sum_insure":"500000","anuual_income":"","familyConstruct":"2A","family_members_id":"1","family_gender":"Female","first_name":"eeee","last_name":"ffff","family_date_birth":"02-04-1992","age":"29","age_type":" years","tenure":"1 Year","family_id":"","s_date":"","marriage_date":"","premium":"11701","policyNo":"392,393","familyDataType":"undefined","empId":"VGVBSFdwUzJEWDBIVkxlY3BmL0RwZz09","product":"iWL65dcd54d9c5a65","declare":"[]","gender":"Male","gci_options":"Yes"} [] []
[2021-04-16 10:55:14] generateOTP.INFO: test [] []
[2021-04-16 10:55:14] generateOTP.INFO: test [] []
[2021-04-16 10:55:21] generateOTP.INFO: test [] []
[2021-04-16 10:55:21] generateOTP.INFO: test [] []
[2021-04-16 10:55:23] generateOTP.INFO: test [] []
[2021-04-16 10:55:23] generateOTP.INFO: test [] []
[2021-04-16 10:55:40] documentsSave.INFO: {"ops_type":"[\"0\",\"Y\"]","ids":"1630,1631"} [] []
[2021-04-16 10:55:40] documentsSaveFiles.INFO: [{"name":"download.png","type":"image\/png","tmp_name":"\/tmp\/phpkl0UIb","error":0,"size":57862},{"name":"download.png","type":"image\/png","tmp_name":"\/tmp\/phpJA21nh","error":0,"size":57862}] [] []
[2021-04-16 10:55:43] generateOTP.INFO: test [] []
[2021-04-16 10:55:55] generateOTP.INFO: test [] []
[2021-04-16 10:55:56] generateOTP.INFO: test [] []
[2021-04-16 10:56:15] generateOTP.INFO: test [] []
[2021-04-16 10:56:15] generateOTP.INFO: test [] []
[2021-04-16 10:56:15] generateOTP.INFO: test [] []
[2021-04-16 10:56:15] generateOTP.INFO: test [] []
[2021-04-16 10:56:26] generateOTP.INFO: test [] []
[2021-04-16 10:56:40] generateOTP.INFO: test [] []
[2021-04-16 10:57:00] generateOTP.INFO: test [] []
[2021-04-16 10:57:01] generateOTP.INFO: test [] []
[2021-04-16 10:57:10] generateOTP.INFO: test [] []
[2021-04-16 10:57:11] generateOTP.INFO: test [] []
[2021-04-16 10:58:04] easy_pay_enquiry_post_field.INFO: {"Identifier":"FA27572DD414F976C6D80150CBCC1818610994E75890519BA853DBE8CDA2B765E4BD842B1D67A47929891CC3D584C302BC568B3A4D98F5850A4E467A13B99B71","RequestUUID":"ABCD1133213","LeadId":"202141600","RequestDatetime":"2019-06-17 18:42:00","CorporateCode":"ACC0123456"} [] []
[2021-04-16 10:59:26] easy_pay_confirmation_post_field.INFO: {"Identifier":"4743EF8B44A2F6B5056C346F155A3D71D31DF3FEBA7D722CFA6E43E780BB7516B3CCD17DFB7195C45E50FF0074842D7A309FE055EE9F561AB75AB5249655967B","RequestUUID":"ABCD1133213","LeadId":"202141600","RequestDateTime":"2019-06-17 23:59:59","TransactionNo":"SDF234234","TransatonAmount":"13199","ChequeDate":"","Status":"1","CorporateCode":"ACC0123456","PaymentFlag":"000","MICRNumber":"23424323","InstrumentNo":"23423423423","BankName":"","BranchName":"","IFSCCode":"","ChequeType":"","AccountNumber":"9170100000000329","EasyPayId":"260618000044","ProductName":"Axis Freedom Plus Plan","AdditionalEasyPayId":"","AdditionalField1":"","AdditionalField2":"","AdditionalField3":"","AdditionalField4":"","PaymentType":"FP"} [] []
[2021-04-16 10:59:26] full_quote_request1.INFO: {"ClientCreation":{"Member_Customer_ID":"202141600","salutation":"Mr","firstName":"test","middleName":"","lastName":"BANKING","dateofBirth":"12\/19\/1988","gender":"M","educationalQualification":null,"pinCode":"622103","uidNo":"5478-2589-3688","maritalStatus":null,"nationality":"Indian","occupation":"O553","primaryEmailID":"jack@gmail.com","contactMobileNo":"7010444138","stdLandlineNo":null,"panNo":null,"passportNumber":null,"contactPerson":null,"annualIncome":null,"remarks":null,"startDate":"2021-04-16","endDate":null,"IdProof":"Adhaar Card","residenceProof":null,"ageProof":null,"others":null,"homeAddressLine1":"Om hrad ntalatiof, holOmshre, talathioficeeachol, OmshreeSada9talathi","homeAddressLine2":null,"homeAddressLine3":null,"homePinCode":"622103","homeArea":null,"homeContactMobileNo":null,"homeContactMobileNo2":null,"homeSTDLandlineNo":null,"homeFaxNo":null,"sameAsHomeAddress":"1","mailingAddressLine1":null,"mailingAddressLine2":null,"mailingAddressLine3":null,"mailingPinCode":null,"mailingArea":null,"mailingContactMobileNo":null,"mailingContactMobileNo2":null,"mailingSTDLandlineNo":null,"mailingSTDLandlineNo2":null,"mailingFaxNo":null,"bankAccountType":null,"bankAccountNo":null,"ifscCode":null,"GSTIN":null,"GSTRegistrationStatus":"Consumers","IsEIAavailable":"0","ApplyEIA":"0","EIAAccountNo":null,"EIAWith":"0","AccountType":null,"AddressProof":null,"DOBProof":null,"IdentityProof":null},"PolicyCreationRequest":{"Quotation_Number":"","MasterPolicyNumber":"71-20-00030-00-00","GroupID":"GRP003","Product_Code":"4211","SumInsured_Type":null,"Policy_Tanure":"1","Member_Type_Code":"M209","intermediaryCode":"2106233","AutoRenewal":"1","AutoDebit":"1","intermediaryBranchCode":"10MHMUM01","agentSignatureDate":null,"Customer_Signature_Date":null,"businessSourceChannel":null,"AssignPolicy":"0","AssigneeName":null,"leadID":"202141600","Source_Name":"AXIS_PL_GHI","SPID":"1","TCN":null,"CRTNO":null,"RefCode1":"1","RefCode2":"2478","Employee_Number":"625363","enumIsEmployeeDiscount":null,"QuoteDate":null,"IsPayment":"0","PaymentMode":null,"PolicyproductComponents":[{"PlanCode":"4211","SumInsured":"500000","SchemeCode":"4112000003"}]},"MemObj":{"Member":[{"MemberNo":1,"Salutation":"Mr","First_Name":"test","Middle_Name":null,"Last_Name":"BANKING","Gender":"M","DateOfBirth":"12\/19\/1988","Relation_Code":"R001","Marital_Status":null,"height":"0.00","weight":"0","occupation":"O553","PrimaryMember":"Y","MemberproductComponents":[{"PlanCode":"4211","MemberQuestionDetails":[{"QuestionCode":null,"Answer":null,"Remarks":null}]}],"MemberPED":[{"PEDCode":null,"Remarks":null}],"exactDiagnosis":null,"dateOfDiagnosis":null,"lastDateConsultation":null,"detailsOfTreatmentGiven":null,"doctorName":null,"hospitalName":null,"phoneNumberHosital":null,"Nominee_First_Name":"eeee","Nominee_Last_Name":"ffff","Nominee_Contact_Number":"5555555555","Nominee_Home_Address":null,"Nominee_Relationship_Code":"R002"},{"MemberNo":2,"Salutation":"Mrs","First_Name":"eeee","Middle_Name":null,"Last_Name":"ffff","Gender":"F","DateOfBirth":"04\/02\/1992","Relation_Code":"R002","Marital_Status":null,"height":"0.00","weight":"0","occupation":"O553","PrimaryMember":"N","MemberproductComponents":[{"PlanCode":"4211","MemberQuestionDetails":[{"QuestionCode":null,"Answer":null,"Remarks":null}]}],"MemberPED":[{"PEDCode":null,"Remarks":null}],"exactDiagnosis":null,"dateOfDiagnosis":null,"lastDateConsultation":null,"detailsOfTreatmentGiven":null,"doctorName":null,"hospitalName":null,"phoneNumberHosital":null,"Nominee_First_Name":"eeee","Nominee_Last_Name":"ffff","Nominee_Contact_Number":"5555555555","Nominee_Home_Address":null,"Nominee_Relationship_Code":"R002"}]},"ReceiptCreation":{"officeLocation":"","modeOfEntry":"","cdAcNo":null,"expiryDate":null,"payerType":"","payerCode":null,"paymentBy":"","paymentByName":null,"paymentByRelationship":null,"collectionAmount":"","collectionRcvdDate":null,"collectionMode":"","remarks":null,"instrumentNumber":null,"instrumentDate":null,"bankName":null,"branchName":null,"bankLocation":null,"micrNo":null,"chequeType":null,"ifscCode":"","PaymentGatewayName":"","TerminalID":"","CardNo":null}} [] []
[2021-04-16 10:59:28] full_quote_reponse1.INFO: "<ns0:GHI_Res xmlns:ns0=\"http:\/\/ABHICL_NBP_QuickQuote_Schemas.GHI_Response\"><errorObj><ErrorNumber>00<\/ErrorNumber><ErrorMessage>Success<\/ErrorMessage><\/errorObj><policyDtls><TransactionReferenceNumber><\/TransactionReferenceNumber><QuotationNumber>AG100788723<\/QuotationNumber><CertificateNumber><\/CertificateNumber><LetterURL><\/LetterURL><ClientID><\/ClientID><ProductName>Group Activ Health<\/ProductName><ProductCode>4211<\/ProductCode><LineOfBusiness>42<\/LineOfBusiness><startDate><\/startDate><EndDate><\/EndDate><PolicyNumber>71-20-00030-00-00<\/PolicyNumber><ProposalNumber><\/ProposalNumber><PolicyStatus>PQ1<\/PolicyStatus><Tenure>1<\/Tenure><stpFlag>0<\/stpFlag><MemberCustomerID>202141600<\/MemberCustomerID><\/policyDtls><premium><BasePremium>9916.10<\/BasePremium><NetPremium>9916.10<\/NetPremium><GST>1784.90<\/GST><GrossPremium>11701.00<\/GrossPremium><\/premium><receiptObj><ReceiptNumber \/><ReceiptAmount \/><ExcessAmount \/><\/receiptObj><\/ns0:GHI_Res>" [] []
[2021-04-16 10:59:28] full_quote_request2.INFO: {"ClientCreation":{"Member_Customer_ID":"202141600","salutation":"Mr","firstName":"test","middleName":"","lastName":"BANKING","dateofBirth":"12\/19\/1988","gender":"M","educationalQualification":null,"pinCode":"622103","uidNo":"5478-2589-3688","maritalStatus":null,"nationality":"Indian","occupation":"O553","primaryEmailID":"jack@gmail.com","contactMobileNo":"7010444138","stdLandlineNo":null,"panNo":null,"passportNumber":null,"contactPerson":null,"annualIncome":null,"remarks":null,"startDate":"2021-04-16","endDate":null,"IdProof":"Adhaar Card","residenceProof":null,"ageProof":null,"others":null,"homeAddressLine1":"Om hrad ntalatiof, holOmshre, talathioficeeachol, OmshreeSada9talathi","homeAddressLine2":null,"homeAddressLine3":null,"homePinCode":"622103","homeArea":null,"homeContactMobileNo":null,"homeContactMobileNo2":null,"homeSTDLandlineNo":null,"homeFaxNo":null,"sameAsHomeAddress":"1","mailingAddressLine1":null,"mailingAddressLine2":null,"mailingAddressLine3":null,"mailingPinCode":null,"mailingArea":null,"mailingContactMobileNo":null,"mailingContactMobileNo2":null,"mailingSTDLandlineNo":null,"mailingSTDLandlineNo2":null,"mailingFaxNo":null,"bankAccountType":null,"bankAccountNo":null,"ifscCode":null,"GSTIN":null,"GSTRegistrationStatus":"Consumers","IsEIAavailable":"0","ApplyEIA":"0","EIAAccountNo":null,"EIAWith":"0","AccountType":null,"AddressProof":null,"DOBProof":null,"IdentityProof":null},"PolicyCreationRequest":{"Quotation_Number":"AG100788723","MasterPolicyNumber":"71-20-00030-00-00","GroupID":"GRP003","Product_Code":"4211","SumInsured_Type":null,"Policy_Tanure":"1","Member_Type_Code":"M209","intermediaryCode":"2106233","AutoRenewal":"1","AutoDebit":"1","intermediaryBranchCode":"10MHMUM01","agentSignatureDate":null,"Customer_Signature_Date":null,"businessSourceChannel":null,"AssignPolicy":"0","AssigneeName":null,"leadID":"202141600","Source_Name":"AXIS_PL_GHI","SPID":"1","TCN":null,"CRTNO":null,"RefCode1":"1","RefCode2":"2478","Employee_Number":"625363","enumIsEmployeeDiscount":null,"QuoteDate":null,"IsPayment":"1","PaymentMode":null,"PolicyproductComponents":[{"PlanCode":"4211","SumInsured":"500000","SchemeCode":"4112000003"}]},"MemObj":{"Member":[{"MemberNo":1,"Salutation":"Mr","First_Name":"test","Middle_Name":null,"Last_Name":"BANKING","Gender":"M","DateOfBirth":"12\/19\/1988","Relation_Code":"R001","Marital_Status":null,"height":"0.00","weight":"0","occupation":"O553","PrimaryMember":"Y","MemberproductComponents":[{"PlanCode":"4211","MemberQuestionDetails":[{"QuestionCode":null,"Answer":null,"Remarks":null}]}],"MemberPED":[{"PEDCode":null,"Remarks":null}],"exactDiagnosis":null,"dateOfDiagnosis":null,"lastDateConsultation":null,"detailsOfTreatmentGiven":null,"doctorName":null,"hospitalName":null,"phoneNumberHosital":null,"Nominee_First_Name":"eeee","Nominee_Last_Name":"ffff","Nominee_Contact_Number":"5555555555","Nominee_Home_Address":null,"Nominee_Relationship_Code":"R002"},{"MemberNo":2,"Salutation":"Mrs","First_Name":"eeee","Middle_Name":null,"Last_Name":"ffff","Gender":"F","DateOfBirth":"04\/02\/1992","Relation_Code":"R002","Marital_Status":null,"height":"0.00","weight":"0","occupation":"O553","PrimaryMember":"N","MemberproductComponents":[{"PlanCode":"4211","MemberQuestionDetails":[{"QuestionCode":null,"Answer":null,"Remarks":null}]}],"MemberPED":[{"PEDCode":null,"Remarks":null}],"exactDiagnosis":null,"dateOfDiagnosis":null,"lastDateConsultation":null,"detailsOfTreatmentGiven":null,"doctorName":null,"hospitalName":null,"phoneNumberHosital":null,"Nominee_First_Name":"eeee","Nominee_Last_Name":"ffff","Nominee_Contact_Number":"5555555555","Nominee_Home_Address":null,"Nominee_Relationship_Code":"R002"}]},"ReceiptCreation":{"officeLocation":"Mumbai","modeOfEntry":"Direct","cdAcNo":null,"expiryDate":null,"payerType":"Customer","payerCode":null,"paymentBy":"Customer","paymentByName":null,"paymentByRelationship":null,"collectionAmount":11701,"collectionRcvdDate":"2019-06-17 23:59:59","collectionMode":"RTGS\/ NEFT","remarks":null,"instrumentNumber":"260618000044","instrumentDate":"2019-06-17 23:59:59","bankName":"Axis Bank Limited","branchName":"","bankLocation":null,"micrNo":"23424323","chequeType":null,"ifscCode":null,"PaymentGatewayName":"AXIS_PL_GHI","TerminalID":"76010098","CardNo":null},"CombiCreation":{"Combi_flag":"1","Combi_identifier":"leadid","Combi_value":"202141600","Combi_code":"AXIS_PL_GHI","Combi_Count":2,"Combi_product_count":1}} [] []
[2021-04-16 10:59:35] full_quote_reponse2.INFO: "<ns0:GHI_Res xmlns:ns0=\"http:\/\/ABHICL_NBP_QuickQuote_Schemas.GHI_Response\"><errorObj><ErrorNumber>00<\/ErrorNumber><ErrorMessage>Success<\/ErrorMessage><\/errorObj><policyDtls><TransactionReferenceNumber><\/TransactionReferenceNumber><QuotationNumber>AG100788723<\/QuotationNumber><CertificateNumber>GHI-AG-21-2000149<\/CertificateNumber><LetterURL>https:\/\/abpb.adityabirlahealth.com\/hbletter\/viewletter.aspx?ABH=874725&amp;TRM=GHI-AG-21-2000149<\/LetterURL><ClientID>0001499933<\/ClientID><ProductName>Group Activ Health<\/ProductName><ProductCode>4211<\/ProductCode><LineOfBusiness>42<\/LineOfBusiness><startDate>4\/16\/2021 12:00:00 AM<\/startDate><EndDate>4\/15\/2022 12:00:00 AM<\/EndDate><PolicyNumber>71-20-00030-00-00<\/PolicyNumber><ProposalNumber>AG100788723<\/ProposalNumber><PolicyStatus>IF<\/PolicyStatus><Tenure>1<\/Tenure><stpFlag>0<\/stpFlag><COIUrl>https:\/\/uat_abpb.adityabirlahealth.com\/pdf\/OpenPDFFile.aspx?Path=4889764b-463d-49ee-8b15-2577efb445cc<\/COIUrl><\/policyDtls><premium><BasePremium>9916.10<\/BasePremium><NetPremium>9916.10<\/NetPremium><GST>1784.90<\/GST><GrossPremium>11701.00<\/GrossPremium><\/premium><receiptObj><ReceiptNumber>R70105555<\/ReceiptNumber><ReceiptAmount>11701.00<\/ReceiptAmount><ExcessAmount>0.00<\/ExcessAmount><\/receiptObj><\/ns0:GHI_Res>" [] []
[2021-04-16 10:59:35] api_insert.INFO: {"emp_id":"625363","proposal_id":"1630","member_fr_id":"","client_id":"0001499933","certificate_number":"GHI-AG-21-2000149","quotation_no":"AG100788723","proposal_no":"AG100788723","policy_no":"71-20-00030-00-00","gross_premium":"11701.00","status":"Success","start_date":"4\/16\/2021 12:00:00 AM","end_date":"4\/15\/2022 12:00:00 AM","created_date":"2021-04-16 10:59:35","proposal_no_lead":"P-1697173459053542","PolicyStatus":"IF","letter_url":"https:\/\/abpb.adityabirlahealth.com\/hbletter\/viewletter.aspx?ABH=874725&TRM=GHI-AG-21-2000149","CustomerID":null,"MemberCustomerID":null,"create_policy_type":0,"ReceiptNumber":"R70105555"} [] []
[2021-04-16 10:59:35] full_quote_request1.INFO: {"ClientCreation":{"Member_Customer_ID":"202141600GPR03","salutation":"Mr","firstName":"test","middleName":"","lastName":"BANKING","dateofBirth":"12\/19\/1988","gender":"M","educationalQualification":null,"pinCode":"622103","uidNo":"5478-2589-3688","maritalStatus":null,"nationality":"Indian","occupation":"O553","primaryEmailID":"jack@gmail.com","contactMobileNo":"7010444138","stdLandlineNo":null,"panNo":null,"passportNumber":null,"contactPerson":null,"annualIncome":null,"remarks":null,"startDate":"2021-04-16","endDate":null,"IdProof":"Adhaar Card","residenceProof":null,"ageProof":null,"others":null,"homeAddressLine1":"Om hrad ntalatiof, holOmshre, talathioficeeachol, OmshreeSada9talathi","homeAddressLine2":null,"homeAddressLine3":null,"homePinCode":"622103","homeArea":null,"homeContactMobileNo":null,"homeContactMobileNo2":null,"homeSTDLandlineNo":null,"homeFaxNo":null,"sameAsHomeAddress":"1","mailingAddressLine1":null,"mailingAddressLine2":null,"mailingAddressLine3":null,"mailingPinCode":null,"mailingArea":null,"mailingContactMobileNo":null,"mailingContactMobileNo2":null,"mailingSTDLandlineNo":null,"mailingSTDLandlineNo2":null,"mailingFaxNo":null,"bankAccountType":null,"bankAccountNo":null,"ifscCode":null,"GSTIN":null,"GSTRegistrationStatus":"Consumers","IsEIAavailable":"0","ApplyEIA":"0","EIAAccountNo":null,"EIAWith":"0","AccountType":null,"AddressProof":null,"DOBProof":null,"IdentityProof":null},"PolicyCreationRequest":{"Quotation_Number":"","MasterPolicyNumber":"74-20-00018-00-00","GroupID":"GRP003","Product_Code":"4224","SumInsured_Type":null,"Policy_Tanure":"1","Member_Type_Code":"M209","intermediaryCode":"2106233","AutoRenewal":"1","AutoDebit":"1","intermediaryBranchCode":"10MHMUM01","agentSignatureDate":null,"Customer_Signature_Date":null,"businessSourceChannel":null,"AssignPolicy":"0","AssigneeName":null,"leadID":"202141600","Source_Name":"AXIS_PL_GP","SPID":"1","TCN":null,"CRTNO":null,"RefCode1":"1","RefCode2":"2478","Employee_Number":"625363","enumIsEmployeeDiscount":null,"QuoteDate":null,"IsPayment":"0","PaymentMode":null,"PolicyproductComponents":[{"PlanCode":"4224","SumInsured":"500000","SchemeCode":"4112000003"}]},"MemObj":{"Member":[{"MemberNo":1,"Salutation":"Mr","First_Name":"test","Middle_Name":null,"Last_Name":"BANKING","Gender":"M","DateOfBirth":"12\/19\/1988","Relation_Code":"R001","Marital_Status":null,"height":"0.00","weight":"0","occupation":"O553","PrimaryMember":"Y","MemberproductComponents":[{"PlanCode":"4224","MemberQuestionDetails":[{"QuestionCode":null,"Answer":null,"Remarks":null}]}],"MemberPED":[{"PEDCode":null,"Remarks":null}],"exactDiagnosis":null,"dateOfDiagnosis":null,"lastDateConsultation":null,"detailsOfTreatmentGiven":null,"doctorName":null,"hospitalName":null,"phoneNumberHosital":null,"Nominee_First_Name":"eeee","Nominee_Last_Name":"ffff","Nominee_Contact_Number":"5555555555","Nominee_Home_Address":null,"Nominee_Relationship_Code":"R002"},{"MemberNo":2,"Salutation":"Mrs","First_Name":"eeee","Middle_Name":null,"Last_Name":"ffff","Gender":"F","DateOfBirth":"04\/02\/1992","Relation_Code":"R002","Marital_Status":null,"height":"0.00","weight":"0","occupation":"O553","PrimaryMember":"N","MemberproductComponents":[{"PlanCode":"4224","MemberQuestionDetails":[{"QuestionCode":null,"Answer":null,"Remarks":null}]}],"MemberPED":[{"PEDCode":null,"Remarks":null}],"exactDiagnosis":null,"dateOfDiagnosis":null,"lastDateConsultation":null,"detailsOfTreatmentGiven":null,"doctorName":null,"hospitalName":null,"phoneNumberHosital":null,"Nominee_First_Name":"eeee","Nominee_Last_Name":"ffff","Nominee_Contact_Number":"5555555555","Nominee_Home_Address":null,"Nominee_Relationship_Code":"R002"}]},"ReceiptCreation":{"officeLocation":"","modeOfEntry":"","cdAcNo":null,"expiryDate":null,"payerType":"","payerCode":null,"paymentBy":"","paymentByName":null,"paymentByRelationship":null,"collectionAmount":"","collectionRcvdDate":null,"collectionMode":"","remarks":null,"instrumentNumber":null,"instrumentDate":null,"bankName":null,"branchName":null,"bankLocation":null,"micrNo":null,"chequeType":null,"ifscCode":"","PaymentGatewayName":"","TerminalID":"","CardNo":null}} [] []
[2021-04-16 10:59:37] full_quote_reponse1.INFO: "<ns0:GroupProtectRes xmlns:ns0=\"http:\/\/ABHICL_NBP_QuickQuote_Schemas.GroupProtectResponse\"><errorObj><ErrorNumber>00<\/ErrorNumber><ErrorMessage>Success<\/ErrorMessage><\/errorObj><policyDtls><TransactionReferenceNumber><\/TransactionReferenceNumber><QuotationNumber>AL100788724<\/QuotationNumber><CertificateNumber><\/CertificateNumber><LetterURL><\/LetterURL><ClientID><\/ClientID><ProductName>Group Protect<\/ProductName><ProductCode>4224<\/ProductCode><LineOfBusiness>42<\/LineOfBusiness><startDate><\/startDate><EndDate><\/EndDate><PolicyNumber>74-20-00018-00-00<\/PolicyNumber><ProposalNumber><\/ProposalNumber><PolicyStatus>PQ1<\/PolicyStatus><Tenure>1<\/Tenure><stpFlag>0<\/stpFlag><MemberCustomerID>202141600GPR03<\/MemberCustomerID><\/policyDtls><premium><BasePremium>1269.50<\/BasePremium><NetPremium>1269.50<\/NetPremium><GST>228.51<\/GST><GrossPremium>1498.00<\/GrossPremium><\/premium><receiptObj><ReceiptNumber \/><ReceiptAmount \/><ExcessAmount \/><\/receiptObj><\/ns0:GroupProtectRes>" [] []
[2021-04-16 10:59:37] full_quote_request2.INFO: {"ClientCreation":{"Member_Customer_ID":"202141600GPR03","salutation":"Mr","firstName":"test","middleName":"","lastName":"BANKING","dateofBirth":"12\/19\/1988","gender":"M","educationalQualification":null,"pinCode":"622103","uidNo":"5478-2589-3688","maritalStatus":null,"nationality":"Indian","occupation":"O553","primaryEmailID":"jack@gmail.com","contactMobileNo":"7010444138","stdLandlineNo":null,"panNo":null,"passportNumber":null,"contactPerson":null,"annualIncome":null,"remarks":null,"startDate":"2021-04-16","endDate":null,"IdProof":"Adhaar Card","residenceProof":null,"ageProof":null,"others":null,"homeAddressLine1":"Om hrad ntalatiof, holOmshre, talathioficeeachol, OmshreeSada9talathi","homeAddressLine2":null,"homeAddressLine3":null,"homePinCode":"622103","homeArea":null,"homeContactMobileNo":null,"homeContactMobileNo2":null,"homeSTDLandlineNo":null,"homeFaxNo":null,"sameAsHomeAddress":"1","mailingAddressLine1":null,"mailingAddressLine2":null,"mailingAddressLine3":null,"mailingPinCode":null,"mailingArea":null,"mailingContactMobileNo":null,"mailingContactMobileNo2":null,"mailingSTDLandlineNo":null,"mailingSTDLandlineNo2":null,"mailingFaxNo":null,"bankAccountType":null,"bankAccountNo":null,"ifscCode":null,"GSTIN":null,"GSTRegistrationStatus":"Consumers","IsEIAavailable":"0","ApplyEIA":"0","EIAAccountNo":null,"EIAWith":"0","AccountType":null,"AddressProof":null,"DOBProof":null,"IdentityProof":null},"PolicyCreationRequest":{"Quotation_Number":"AL100788724","MasterPolicyNumber":"74-20-00018-00-00","GroupID":"GRP003","Product_Code":"4224","SumInsured_Type":null,"Policy_Tanure":"1","Member_Type_Code":"M209","intermediaryCode":"2106233","AutoRenewal":"1","AutoDebit":"1","intermediaryBranchCode":"10MHMUM01","agentSignatureDate":null,"Customer_Signature_Date":null,"businessSourceChannel":null,"AssignPolicy":"0","AssigneeName":null,"leadID":"202141600","Source_Name":"AXIS_PL_GP","SPID":"1","TCN":null,"CRTNO":null,"RefCode1":"1","RefCode2":"2478","Employee_Number":"625363","enumIsEmployeeDiscount":null,"QuoteDate":null,"IsPayment":"1","PaymentMode":null,"PolicyproductComponents":[{"PlanCode":"4224","SumInsured":"500000","SchemeCode":"4112000003"}]},"MemObj":{"Member":[{"MemberNo":1,"Salutation":"Mr","First_Name":"test","Middle_Name":null,"Last_Name":"BANKING","Gender":"M","DateOfBirth":"12\/19\/1988","Relation_Code":"R001","Marital_Status":null,"height":"0.00","weight":"0","occupation":"O553","PrimaryMember":"Y","MemberproductComponents":[{"PlanCode":"4224","MemberQuestionDetails":[{"QuestionCode":null,"Answer":null,"Remarks":null}]}],"MemberPED":[{"PEDCode":null,"Remarks":null}],"exactDiagnosis":null,"dateOfDiagnosis":null,"lastDateConsultation":null,"detailsOfTreatmentGiven":null,"doctorName":null,"hospitalName":null,"phoneNumberHosital":null,"Nominee_First_Name":"eeee","Nominee_Last_Name":"ffff","Nominee_Contact_Number":"5555555555","Nominee_Home_Address":null,"Nominee_Relationship_Code":"R002"},{"MemberNo":2,"Salutation":"Mrs","First_Name":"eeee","Middle_Name":null,"Last_Name":"ffff","Gender":"F","DateOfBirth":"04\/02\/1992","Relation_Code":"R002","Marital_Status":null,"height":"0.00","weight":"0","occupation":"O553","PrimaryMember":"N","MemberproductComponents":[{"PlanCode":"4224","MemberQuestionDetails":[{"QuestionCode":null,"Answer":null,"Remarks":null}]}],"MemberPED":[{"PEDCode":null,"Remarks":null}],"exactDiagnosis":null,"dateOfDiagnosis":null,"lastDateConsultation":null,"detailsOfTreatmentGiven":null,"doctorName":null,"hospitalName":null,"phoneNumberHosital":null,"Nominee_First_Name":"eeee","Nominee_Last_Name":"ffff","Nominee_Contact_Number":"5555555555","Nominee_Home_Address":null,"Nominee_Relationship_Code":"R002"}]},"ReceiptCreation":{"officeLocation":"Mumbai","modeOfEntry":"Direct","cdAcNo":null,"expiryDate":null,"payerType":"Customer","payerCode":null,"paymentBy":"Customer","paymentByName":null,"paymentByRelationship":null,"collectionAmount":1498,"collectionRcvdDate":"2019-06-17 23:59:59","collectionMode":"RTGS\/ NEFT","remarks":null,"instrumentNumber":"260618000044","instrumentDate":"2019-06-17 23:59:59","bankName":"Axis Bank Limited","branchName":"","bankLocation":null,"micrNo":"23424323","chequeType":null,"ifscCode":null,"PaymentGatewayName":"AXIS_PL_GP","TerminalID":"","CardNo":null},"CombiCreation":{"Combi_flag":"1","Combi_identifier":"leadid","Combi_value":"202141600","Combi_code":"AXIS_PL_GP","Combi_Count":2,"Combi_product_count":1}} [] []
[2021-04-16 10:59:43] full_quote_reponse2.INFO: "<ns0:GroupProtectRes xmlns:ns0=\"http:\/\/ABHICL_NBP_QuickQuote_Schemas.GroupProtectResponse\"><errorObj><ErrorNumber>00<\/ErrorNumber><ErrorMessage>Success<\/ErrorMessage><\/errorObj><policyDtls><TransactionReferenceNumber><\/TransactionReferenceNumber><QuotationNumber>AL100788724<\/QuotationNumber><CertificateNumber>GP-AL-21-2000133<\/CertificateNumber><LetterURL>https:\/\/uat_abpb.adityabirlahealth.com\/hbletter\/viewletter.aspx?ABH=874727&amp;TRM=GP-AL-21-2000133<\/LetterURL><ClientID>0001499934<\/ClientID><ProductName>Group Protect<\/ProductName><ProductCode>4224<\/ProductCode><LineOfBusiness>42<\/LineOfBusiness><startDate>4\/16\/2021 12:00:00 AM<\/startDate><EndDate>4\/15\/2022 12:00:00 AM<\/EndDate><PolicyNumber>74-20-00018-00-00<\/PolicyNumber><ProposalNumber>AL100788724<\/ProposalNumber><PolicyStatus>IF<\/PolicyStatus><Tenure>1<\/Tenure><stpFlag>0<\/stpFlag><MemberCustomerID>202141600GPR03<\/MemberCustomerID><COIUrl>https:\/\/uat_abpb.adityabirlahealth.com\/pdf\/OpenPDFFile.aspx?Path=d899ffdf-e8e2-422b-9c62-5b20fb2e1eed<\/COIUrl><\/policyDtls><premium><BasePremium>1269.50<\/BasePremium><NetPremium>1269.50<\/NetPremium><GST>228.51<\/GST><GrossPremium>1498.00<\/GrossPremium><\/premium><receiptObj><ReceiptNumber>R70105556<\/ReceiptNumber><ReceiptAmount>1498.00<\/ReceiptAmount><ExcessAmount>0.00<\/ExcessAmount><\/receiptObj><\/ns0:GroupProtectRes>" [] []
[2021-04-16 10:59:43] api_insert.INFO: {"emp_id":"625363","proposal_id":"1631","member_fr_id":"","client_id":"0001499934","certificate_number":"GP-AL-21-2000133","quotation_no":"AL100788724","proposal_no":"AL100788724","policy_no":"74-20-00018-00-00","gross_premium":"1498.00","status":"Success","start_date":"4\/16\/2021 12:00:00 AM","end_date":"4\/15\/2022 12:00:00 AM","created_date":"2021-04-16 10:59:43","proposal_no_lead":"P-1697173459745348","PolicyStatus":"IF","letter_url":"https:\/\/uat_abpb.adityabirlahealth.com\/hbletter\/viewletter.aspx?ABH=874727&TRM=GP-AL-21-2000133","CustomerID":"202141600GPR03","MemberCustomerID":"202141600GPR03","create_policy_type":0,"ReceiptNumber":"R70105556"} [] []
[2021-04-16 11:00:24] generateOTP.INFO: test [] []
[2021-04-16 11:02:10] generateOTP.INFO: test [] []
[2021-04-16 11:02:11] generateOTP.INFO: test [] []
[2021-04-16 11:04:49] generateOTP.INFO: test [] []
[2021-04-16 11:04:49] generateOTP.INFO: test [] []
[2021-04-16 11:05:03] generateOTP.INFO: test [] []
[2021-04-16 11:05:05] generateOTP.INFO: test [] []
[2021-04-16 11:05:07] generateOTP.INFO: test [] []
[2021-04-16 11:05:08] generateOTP.INFO: test [] []
[2021-04-16 11:05:17] generateOTP.INFO: test [] []
[2021-04-16 11:05:18] generateOTP.INFO: test [] []
[2021-04-16 11:05:21] generateOTP.INFO: test [] []
[2021-04-16 11:05:21] generateOTP.INFO: test [] []
[2021-04-16 11:05:34] generateOTP.INFO: test [] []
[2021-04-16 11:05:34] generateOTP.INFO: test [] []
[2021-04-16 11:05:34] generateOTP.INFO: test [] []
[2021-04-16 11:05:34] generateOTP.INFO: test [] []
[2021-04-16 11:05:46] generateOTP.INFO: test [] []
[2021-04-16 11:06:42] generateOTP.INFO: test [] []
[2021-04-16 11:06:42] generateOTP.INFO: test [] []
[2021-04-16 11:06:42] generateOTP.INFO: test [] []
[2021-04-16 11:06:42] generateOTP.INFO: test [] []
[2021-04-16 11:07:05] generateOTP.INFO: test [] []
[2021-04-16 11:07:06] generateOTP.INFO: test [] []
[2021-04-16 11:07:13] generateOTP.INFO: test [] []
[2021-04-16 11:07:20] generateOTP.INFO: test [] []
[2021-04-16 11:08:09] generateOTP.INFO: test [] []
[2021-04-16 11:09:10] generateOTP.INFO: test [] []
[2021-04-16 11:09:11] generateOTP.INFO: test [] []
[2021-04-16 11:10:23] generateOTP.INFO: test [] []
[2021-04-16 11:10:31] generateOTP.INFO: test [] []
[2021-04-16 11:11:07] generateOTP.INFO: test [] []
[2021-04-16 11:11:19] generateOTP.INFO: test [] []
[2021-04-16 11:11:20] generateOTP.INFO: test [] []
[2021-04-16 11:11:29] generateOTP.INFO: test [] []
[2021-04-16 11:11:34] generateOTP.INFO: test [] []
[2021-04-16 11:11:44] generateOTP.INFO: test [] []
[2021-04-16 11:11:47] generateOTP.INFO: test [] []
[2021-04-16 11:11:47] generateOTP.INFO: test [] []
[2021-04-16 11:11:49] generateOTP.INFO: test [] []
[2021-04-16 11:11:49] generateOTP.INFO: test [] []
[2021-04-16 11:11:49] generateOTP.INFO: test [] []
[2021-04-16 11:11:50] generateOTP.INFO: test [] []
[2021-04-16 11:11:53] generateOTP.INFO: test [] []
[2021-04-16 11:11:54] generateOTP.INFO: test [] []
[2021-04-16 11:11:57] generateOTP.INFO: test [] []
[2021-04-16 11:11:58] generateOTP.INFO: test [] []
[2021-04-16 11:12:31] generateOTP.INFO: test [] []
[2021-04-16 11:12:52] generateOTP.INFO: test [] []
[2021-04-16 11:13:36] generateOTP.INFO: test [] []
[2021-04-16 11:13:46] generateOTP.INFO: test [] []
[2021-04-16 11:13:48] generateOTP.INFO: test [] []
[2021-04-16 11:13:50] generateOTP.INFO: test [] []
[2021-04-16 11:13:51] generateOTP.INFO: test [] []
[2021-04-16 11:13:53] generateOTP.INFO: test [] []
[2021-04-16 11:13:53] generateOTP.INFO: test [] []
[2021-04-16 11:13:53] generateOTP.INFO: test [] []
[2021-04-16 11:13:53] generateOTP.INFO: test [] []
[2021-04-16 11:13:58] generateOTP.INFO: test [] []
[2021-04-16 11:13:59] generateOTP.INFO: test [] []
[2021-04-16 11:14:15] generateOTP.INFO: test [] []
[2021-04-16 11:14:17] generateOTP.INFO: test [] []
[2021-04-16 11:14:19] generateOTP.INFO: test [] []
[2021-04-16 11:14:19] generateOTP.INFO: test [] []
[2021-04-16 11:14:21] generateOTP.INFO: test [] []
[2021-04-16 11:14:21] generateOTP.INFO: test [] []
[2021-04-16 11:14:21] generateOTP.INFO: test [] []
[2021-04-16 11:14:21] generateOTP.INFO: test [] []
[2021-04-16 11:14:32] generateOTP.INFO: test [] []
[2021-04-16 11:15:03] generateOTP.INFO: test [] []
[2021-04-16 11:15:53] generateOTP.INFO: test [] []
[2021-04-16 11:16:08] generateOTP.INFO: test [] []
[2021-04-16 11:16:08] generateOTP.INFO: test [] []
[2021-04-16 11:16:08] generateOTP.INFO: test [] []
[2021-04-16 11:16:35] generateOTP.INFO: test [] []
[2021-04-16 11:16:58] generateOTP.INFO: test [] []
[2021-04-16 11:16:58] generateOTP.INFO: test [] []
[2021-04-16 11:16:58] generateOTP.INFO: test [] []
[2021-04-16 11:16:58] generateOTP.INFO: test [] []
[2021-04-16 11:16:58] generateOTP.INFO: test [] []
[2021-04-16 11:17:56] generateOTP.INFO: test [] []
[2021-04-16 11:18:48] generateOTP.INFO: test [] []
[2021-04-16 11:18:50] generateOTP.INFO: test [] []
[2021-04-16 11:18:52] generateOTP.INFO: test [] []
[2021-04-16 11:18:52] generateOTP.INFO: test [] []
[2021-04-16 11:20:51] generateOTP.INFO: test [] []
[2021-04-16 11:20:51] generateOTP.INFO: test [] []
[2021-04-16 11:26:33] generateOTP.INFO: test [] []
[2021-04-16 11:27:14] generateOTP.INFO: test [] []
[2021-04-16 11:27:14] generateOTP.INFO: test [] []
[2021-04-16 11:27:15] generateOTP.INFO: test [] []
[2021-04-16 11:27:15] generateOTP.INFO: test [] []
[2021-04-16 11:27:23] generateOTP.INFO: test [] []
[2021-04-16 11:27:24] generateOTP.INFO: test [] []
[2021-04-16 11:27:26] generateOTP.INFO: test [] []
[2021-04-16 11:27:26] generateOTP.INFO: test [] []
[2021-04-16 11:27:30] generateOTP.INFO: test [] []
[2021-04-16 11:29:16] generateOTP.INFO: test [] []
[2021-04-16 11:29:59] generateOTP.INFO: test [] []
[2021-04-16 11:33:01] generateOTP.INFO: test [] []
[2021-04-16 11:33:24] generateOTP.INFO: test [] []
[2021-04-16 11:33:24] generateOTP.INFO: test [] []
[2021-04-16 11:34:29] generateOTP.INFO: test [] []
[2021-04-16 11:34:43] generateOTP.INFO: test [] []
[2021-04-16 11:34:44] generateOTP.INFO: test [] []
[2021-04-16 11:34:49] generateOTP.INFO: test [] []
[2021-04-16 11:34:50] generateOTP.INFO: test [] []
[2021-04-16 11:36:25] generateOTP.INFO: test [] []
[2021-04-16 11:39:43] generateOTP.INFO: test [] []
[2021-04-16 11:40:24] generateOTP.INFO: test [] []
[2021-04-16 11:40:24] generateOTP.INFO: test [] []
[2021-04-16 11:40:24] generateOTP.INFO: test [] []
[2021-04-16 11:40:24] generateOTP.INFO: test [] []
[2021-04-16 11:43:38] generateOTP.INFO: test [] []
[2021-04-16 11:44:58] generateOTP.INFO: test [] []
[2021-04-16 11:45:50] generateOTP.INFO: test [] []
[2021-04-16 11:45:51] generateOTP.INFO: test [] []
[2021-04-16 11:45:54] generateOTP.INFO: test [] []
[2021-04-16 11:45:54] generateOTP.INFO: test [] []
[2021-04-16 11:46:17] generateOTP.INFO: test [] []
[2021-04-16 11:46:17] generateOTP.INFO: test [] []
[2021-04-16 11:46:17] generateOTP.INFO: test [] []
[2021-04-16 11:46:17] generateOTP.INFO: test [] []
[2021-04-16 11:48:41] generateOTP.INFO: test [] []
[2021-04-16 11:48:41] generateOTP.INFO: test [] []
[2021-04-16 11:48:41] generateOTP.INFO: test [] []
[2021-04-16 11:54:50] generateOTP.INFO: test [] []
[2021-04-16 11:54:53] generateOTP.INFO: test [] []
[2021-04-16 11:54:54] generateOTP.INFO: test [] []
[2021-04-16 11:55:06] generateOTP.INFO: test [] []
[2021-04-16 11:55:06] generateOTP.INFO: test [] []
[2021-04-16 11:55:06] generateOTP.INFO: test [] []
[2021-04-16 11:55:12] generateOTP.INFO: test [] []
[2021-04-16 11:55:13] generateOTP.INFO: test [] []
[2021-04-16 11:55:17] generateOTP.INFO: test [] []
[2021-04-16 11:56:52] generateOTP.INFO: test [] []
[2021-04-16 11:58:02] generateOTP.INFO: test [] []
[2021-04-16 12:01:24] generateOTP.INFO: test [] []
[2021-04-16 12:01:29] generateOTP.INFO: test [] []
[2021-04-16 12:01:31] generateOTP.INFO: test [] []
[2021-04-16 12:01:35] generateOTP.INFO: test [] []
[2021-04-16 12:01:35] generateOTP.INFO: test [] []
[2021-04-16 12:01:38] generateOTP.INFO: test [] []
[2021-04-16 12:01:38] generateOTP.INFO: test [] []
[2021-04-16 12:01:38] generateOTP.INFO: test [] []
[2021-04-16 12:01:39] generateOTP.INFO: test [] []
[2021-04-16 12:06:01] generateOTP.INFO: test [] []
[2021-04-16 12:06:03] generateOTP.INFO: test [] []
[2021-04-16 12:07:26] generateOTP.INFO: test [] []
[2021-04-16 12:07:26] generateOTP.INFO: test [] []
[2021-04-16 12:07:26] generateOTP.INFO: test [] []
[2021-04-16 12:07:26] generateOTP.INFO: test [] []
[2021-04-16 12:07:54] generateOTP.INFO: test [] []
[2021-04-16 12:07:56] generateOTP.INFO: test [] []
[2021-04-16 12:07:59] generateOTP.INFO: test [] []
[2021-04-16 12:07:59] generateOTP.INFO: test [] []
[2021-04-16 12:13:43] generateOTP.INFO: test [] []
[2021-04-16 12:13:43] generateOTP.INFO: test [] []
[2021-04-16 12:13:44] generateOTP.INFO: test [] []
[2021-04-16 12:13:50] generateOTP.INFO: test [] []
[2021-04-16 12:19:10] generateOTP.INFO: test [] []
[2021-04-16 12:21:27] generateOTP.INFO: test [] []
[2021-04-16 12:24:18] generateOTP.INFO: test [] []
[2021-04-16 12:32:08] generateOTP.INFO: test [] []
[2021-04-16 12:36:34] generateOTP.INFO: test [] []
[2021-04-16 12:38:40] generateOTP.INFO: test [] []
[2021-04-16 12:39:04] generateOTP.INFO: test [] []
[2021-04-16 12:39:08] generateOTP.INFO: test [] []
[2021-04-16 12:39:16] generateOTP.INFO: test [] []
[2021-04-16 12:39:17] generateOTP.INFO: test [] []
[2021-04-16 12:39:19] generateOTP.INFO: test [] []
[2021-04-16 12:39:20] generateOTP.INFO: test [] []
[2021-04-16 12:39:23] generateOTP.INFO: test [] []
[2021-04-16 12:39:23] generateOTP.INFO: test [] []
[2021-04-16 12:39:23] generateOTP.INFO: test [] []
[2021-04-16 12:39:23] generateOTP.INFO: test [] []
[2021-04-16 12:39:35] generateOTP.INFO: test [] []
[2021-04-16 12:39:36] generateOTP.INFO: test [] []
[2021-04-16 12:39:43] generateOTP.INFO: test [] []
[2021-04-16 12:39:44] generateOTP.INFO: test [] []
[2021-04-16 12:42:31] generateOTP.INFO: test [] []
[2021-04-16 12:42:31] generateOTP.INFO: test [] []
[2021-04-16 12:42:31] generateOTP.INFO: test [] []
[2021-04-16 12:42:31] generateOTP.INFO: test [] []
[2021-04-16 12:42:31] generateOTP.INFO: test [] []
[2021-04-16 12:46:39] generateOTP.INFO: test [] []
[2021-04-16 12:46:50] generateOTP.INFO: test [] []
[2021-04-16 12:54:06] generateOTP.INFO: test [] []
[2021-04-16 12:54:07] generateOTP.INFO: test [] []
[2021-04-16 12:56:39] generateOTP.INFO: test [] []
[2021-04-16 12:56:39] generateOTP.INFO: test [] []
[2021-04-16 13:01:20] generateOTP.INFO: test [] []
[2021-04-16 13:04:22] generateOTP.INFO: test [] []
[2021-04-16 13:06:04] generateOTP.INFO: test [] []
[2021-04-16 13:17:48] generateOTP.INFO: test [] []
[2021-04-16 13:17:48] generateOTP.INFO: test [] []
[2021-04-16 13:17:49] generateOTP.INFO: test [] []
[2021-04-16 13:18:00] generateOTP.INFO: test [] []
[2021-04-16 13:18:36] generateOTP.INFO: test [] []
[2021-04-16 13:19:26] generateOTP.INFO: test [] []
[2021-04-16 13:24:39] generateOTP.INFO: test [] []
[2021-04-16 13:24:39] generateOTP.INFO: test [] []
[2021-04-16 13:24:40] generateOTP.INFO: test [] []
[2021-04-16 13:24:46] generateOTP.INFO: test [] []
[2021-04-16 13:25:37] generateOTP.INFO: test [] []
[2021-04-16 13:27:37] generateOTP.INFO: test [] []
[2021-04-16 13:28:41] generateOTP.INFO: test [] []
[2021-04-16 13:31:24] generateOTP.INFO: test [] []
[2021-04-16 13:31:49] generateOTP.INFO: test [] []
[2021-04-16 13:33:22] generateOTP.INFO: test [] []
[2021-04-16 13:33:34] generateOTP.INFO: test [] []
[2021-04-16 13:33:34] generateOTP.INFO: test [] []
[2021-04-16 13:33:41] generateOTP.INFO: test [] []
[2021-04-16 13:34:34] generateOTP.INFO: test [] []
[2021-04-16 13:35:19] generateOTP.INFO: test [] []
[2021-04-16 13:35:49] generateOTP.INFO: test [] []
[2021-04-16 13:35:55] generateOTP.INFO: test [] []
[2021-04-16 13:35:55] generateOTP.INFO: test [] []
[2021-04-16 13:36:00] generateOTP.INFO: test [] []
[2021-04-16 13:36:46] generateOTP.INFO: test [] []
[2021-04-16 13:37:59] generateOTP.INFO: test [] []
[2021-04-16 13:39:47] generateOTP.INFO: test [] []
[2021-04-16 13:39:52] generateOTP.INFO: test [] []
[2021-04-16 13:40:02] generateOTP.INFO: test [] []
[2021-04-16 13:40:03] generateOTP.INFO: test [] []
[2021-04-16 13:40:06] generateOTP.INFO: test [] []
[2021-04-16 13:40:06] generateOTP.INFO: test [] []
[2021-04-16 13:40:08] generateOTP.INFO: test [] []
[2021-04-16 13:40:08] generateOTP.INFO: test [] []
[2021-04-16 13:40:08] generateOTP.INFO: test [] []
[2021-04-16 13:40:09] generateOTP.INFO: test [] []
[2021-04-16 13:40:10] generateOTP.INFO: test [] []
[2021-04-16 13:40:10] generateOTP.INFO: test [] []
[2021-04-16 13:40:12] generateOTP.INFO: test [] []
[2021-04-16 13:43:07] generateOTP.INFO: test [] []
[2021-04-16 13:43:07] generateOTP.INFO: test [] []
[2021-04-16 13:43:07] generateOTP.INFO: test [] []
[2021-04-16 13:43:48] generateOTP.INFO: test [] []
[2021-04-16 13:46:25] generateOTP.INFO: test [] []
[2021-04-16 13:46:39] generateOTP.INFO: test [] []
[2021-04-16 13:46:59] generateOTP.INFO: test [] []
[2021-04-16 13:47:11] generateOTP.INFO: test [] []
[2021-04-16 13:50:00] generateOTP.INFO: test [] []
[2021-04-16 13:50:25] generateOTP.INFO: test [] []
[2021-04-16 13:55:32] generateOTP.INFO: test [] []
[2021-04-16 13:55:49] generateOTP.INFO: test [] []
[2021-04-16 13:56:01] generateOTP.INFO: test [] []
[2021-04-16 13:56:07] generateOTP.INFO: test [] []
[2021-04-16 13:57:25] generateOTP.INFO: test [] []
[2021-04-16 13:57:44] generateOTP.INFO: test [] []
[2021-04-16 13:58:40] generateOTP.INFO: test [] []
[2021-04-16 13:58:50] generateOTP.INFO: test [] []
[2021-04-16 13:59:08] generateOTP.INFO: test [] []
[2021-04-16 14:00:20] generateOTP.INFO: test [] []
[2021-04-16 14:04:02] generateOTP.INFO: test [] []
[2021-04-16 14:36:55] generateOTP.INFO: test [] []
[2021-04-16 14:37:28] generateOTP.INFO: test [] []
[2021-04-16 14:37:31] generateOTP.INFO: test [] []
[2021-04-16 14:37:52] generateOTP.INFO: test [] []
[2021-04-16 14:38:04] generateOTP.INFO: test [] []
[2021-04-16 14:45:17] generateOTP.INFO: test [] []
[2021-04-16 14:45:18] generateOTP.INFO: test [] []
[2021-04-16 14:55:29] generateOTP.INFO: test [] []
[2021-04-16 14:55:30] generateOTP.INFO: test [] []
[2021-04-16 14:55:39] generateOTP.INFO: test [] []
[2021-04-16 14:58:37] generateOTP.INFO: test [] []
[2021-04-16 14:59:01] generateOTP.INFO: test [] []
[2021-04-16 15:00:13] generateOTP.INFO: test [] []
[2021-04-16 15:03:35] generateOTP.INFO: test [] []
[2021-04-16 15:03:47] generateOTP.INFO: test [] []
[2021-04-16 15:08:22] generateOTP.INFO: test [] []
[2021-04-16 15:08:30] generateOTP.INFO: test [] []
[2021-04-16 15:08:31] generateOTP.INFO: test [] []
[2021-04-16 15:08:35] generateOTP.INFO: test [] []
[2021-04-16 15:08:36] generateOTP.INFO: test [] []
[2021-04-16 15:08:39] generateOTP.INFO: test [] []
[2021-04-16 15:08:39] generateOTP.INFO: test [] []
[2021-04-16 15:08:39] generateOTP.INFO: test [] []
[2021-04-16 15:08:40] generateOTP.INFO: test [] []
[2021-04-16 15:08:46] generateOTP.INFO: test [] []
[2021-04-16 15:08:47] generateOTP.INFO: test [] []
[2021-04-16 15:09:12] generateOTP.INFO: test [] []
[2021-04-16 15:09:13] generateOTP.INFO: test [] []
[2021-04-16 15:20:10] generateOTP.INFO: test [] []
[2021-04-16 15:20:12] generateOTP.INFO: test [] []
[2021-04-16 15:20:12] generateOTP.INFO: test [] []
[2021-04-16 15:20:22] generateOTP.INFO: test [] []
[2021-04-16 15:20:22] generateOTP.INFO: test [] []
[2021-04-16 15:20:38] generateOTP.INFO: test [] []
[2021-04-16 15:20:40] generateOTP.INFO: test [] []
[2021-04-16 15:20:51] generateOTP.INFO: test [] []
[2021-04-16 15:21:07] generateOTP.INFO: test [] []
[2021-04-16 15:21:09] generateOTP.INFO: test [] []
[2021-04-16 15:21:13] generateOTP.INFO: test [] []
[2021-04-16 15:21:14] generateOTP.INFO: test [] []
[2021-04-16 15:21:54] generateOTP.INFO: test [] []
[2021-04-16 15:22:38] generateOTP.INFO: test [] []
[2021-04-16 15:22:49] generateOTP.INFO: test [] []
[2021-04-16 15:24:20] generateOTP.INFO: test [] []
[2021-04-16 15:24:26] generateOTP.INFO: test [] []
[2021-04-16 15:25:05] generateOTP.INFO: test [] []
[2021-04-16 15:25:07] generateOTP.INFO: test [] []
[2021-04-16 15:25:24] generateOTP.INFO: test [] []
[2021-04-16 15:25:25] generateOTP.INFO: test [] []
[2021-04-16 15:25:27] generateOTP.INFO: test [] []
[2021-04-16 15:25:28] generateOTP.INFO: test [] []
[2021-04-16 15:27:16] generateOTP.INFO: test [] []
[2021-04-16 15:27:54] generateOTP.INFO: test [] []
[2021-04-16 15:29:12] generateOTP.INFO: test [] []
[2021-04-16 15:29:14] generateOTP.INFO: test [] []
[2021-04-16 15:29:29] generateOTP.INFO: test [] []
[2021-04-16 15:30:15] generateOTP.INFO: test [] []
[2021-04-16 15:31:06] generateOTP.INFO: test [] []
[2021-04-16 15:33:04] generateOTP.INFO: test [] []
[2021-04-16 15:33:10] generateOTP.INFO: test [] []
[2021-04-16 15:33:10] generateOTP.INFO: test [] []
[2021-04-16 15:33:16] generateOTP.INFO: test [] []
[2021-04-16 15:33:16] generateOTP.INFO: test [] []
[2021-04-16 15:34:57] generateOTP.INFO: test [] []
[2021-04-16 15:34:58] generateOTP.INFO: test [] []
[2021-04-16 15:34:59] generateOTP.INFO: test [] []
[2021-04-16 15:37:15] generateOTP.INFO: test [] []
[2021-04-16 15:39:07] generateOTP.INFO: test [] []
[2021-04-16 15:39:07] generateOTP.INFO: test [] []
[2021-04-16 15:39:09] generateOTP.INFO: test [] []
[2021-04-16 15:39:24] generateOTP.INFO: test [] []
[2021-04-16 15:39:45] generateOTP.INFO: test [] []
[2021-04-16 15:44:42] generateOTP.INFO: test [] []
[2021-04-16 15:45:03] generateOTP.INFO: test [] []
[2021-04-16 15:45:09] generateOTP.INFO: test [] []
[2021-04-16 15:45:32] generateOTP.INFO: test [] []
[2021-04-16 15:45:35] generateOTP.INFO: test [] []
[2021-04-16 15:45:57] generateOTP.INFO: test [] []
[2021-04-16 15:45:58] generateOTP.INFO: test [] []
[2021-04-16 15:46:00] generateOTP.INFO: test [] []
[2021-04-16 15:46:06] generateOTP.INFO: test [] []
[2021-04-16 15:46:06] generateOTP.INFO: test [] []
[2021-04-16 15:46:06] generateOTP.INFO: test [] []
[2021-04-16 15:46:08] generateOTP.INFO: test [] []
[2021-04-16 15:46:15] generateOTP.INFO: test [] []
[2021-04-16 15:46:28] generateOTP.INFO: test [] []
[2021-04-16 15:47:12] generateOTP.INFO: test [] []
[2021-04-16 15:47:14] generateOTP.INFO: test [] []
[2021-04-16 15:47:41] generateOTP.INFO: test [] []
[2021-04-16 15:47:42] generateOTP.INFO: test [] []
[2021-04-16 15:48:31] generateOTP.INFO: test [] []
[2021-04-16 15:48:40] generateOTP.INFO: test [] []
[2021-04-16 15:49:03] generateOTP.INFO: test [] []
[2021-04-16 15:50:18] generateOTP.INFO: test [] []
[2021-04-16 15:50:19] generateOTP.INFO: test [] []
[2021-04-16 15:50:38] generateOTP.INFO: test [] []
[2021-04-16 15:50:40] generateOTP.INFO: test [] []
[2021-04-16 15:50:46] generateOTP.INFO: test [] []
[2021-04-16 15:50:52] generateOTP.INFO: test [] []
[2021-04-16 15:50:53] generateOTP.INFO: test [] []
[2021-04-16 15:50:56] generateOTP.INFO: test [] []
[2021-04-16 15:51:05] generateOTP.INFO: test [] []
[2021-04-16 15:51:32] generateOTP.INFO: test [] []
[2021-04-16 15:53:11] generateOTP.INFO: test [] []
[2021-04-16 15:53:57] generateOTP.INFO: test [] []
[2021-04-16 15:54:12] generateOTP.INFO: test [] []
[2021-04-16 15:54:14] generateOTP.INFO: test [] []
[2021-04-16 15:55:14] generateOTP.INFO: test [] []
[2021-04-16 15:55:14] generateOTP.INFO: test [] []
[2021-04-16 15:55:18] generateOTP.INFO: test [] []
[2021-04-16 15:55:18] generateOTP.INFO: test [] []
[2021-04-16 15:55:26] generateOTP.INFO: test [] []
[2021-04-16 15:56:35] generateOTP.INFO: test [] []
[2021-04-16 15:56:36] generateOTP.INFO: test [] []
[2021-04-16 15:56:45] generateOTP.INFO: test [] []
[2021-04-16 15:56:45] generateOTP.INFO: test [] []
[2021-04-16 15:56:51] generateOTP.INFO: test [] []
[2021-04-16 15:56:51] generateOTP.INFO: test [] []
[2021-04-16 15:56:52] generateOTP.INFO: test [] []
[2021-04-16 15:56:53] generateOTP.INFO: test [] []
[2021-04-16 15:56:56] generateOTP.INFO: test [] []
[2021-04-16 15:56:57] generateOTP.INFO: test [] []
[2021-04-16 15:58:18] generateOTP.INFO: test [] []
[2021-04-16 15:58:53] generateOTP.INFO: test [] []
[2021-04-16 15:58:54] generateOTP.INFO: test [] []
[2021-04-16 15:58:55] generateOTP.INFO: test [] []
[2021-04-16 15:58:55] generateOTP.INFO: test [] []
[2021-04-16 16:08:38] generateOTP.INFO: test [] []
[2021-04-16 16:08:38] generateOTP.INFO: test [] []
[2021-04-16 16:08:38] generateOTP.INFO: test [] []
[2021-04-16 16:08:46] generateOTP.INFO: test [] []
[2021-04-16 16:09:42] generateOTP.INFO: test [] []
[2021-04-16 16:09:43] generateOTP.INFO: test [] []
[2021-04-16 16:09:44] generateOTP.INFO: test [] []
[2021-04-16 16:09:54] generateOTP.INFO: test [] []
[2021-04-16 16:10:23] generateOTP.INFO: test [] []
[2021-04-16 16:10:47] generateOTP.INFO: test [] []
[2021-04-16 16:11:01] generateOTP.INFO: test [] []
[2021-04-16 16:11:03] generateOTP.INFO: test [] []
[2021-04-16 16:11:03] generateOTP.INFO: test [] []
[2021-04-16 16:11:06] generateOTP.INFO: test [] []
[2021-04-16 16:11:14] generateOTP.INFO: test [] []
[2021-04-16 16:11:31] generateOTP.INFO: test [] []
[2021-04-16 16:13:17] generateOTP.INFO: test [] []
[2021-04-16 16:13:17] generateOTP.INFO: test [] []
[2021-04-16 16:13:18] generateOTP.INFO: test [] []
[2021-04-16 16:13:27] generateOTP.INFO: test [] []
[2021-04-16 16:13:31] generateOTP.INFO: test [] []
[2021-04-16 16:13:39] generateOTP.INFO: test [] []
[2021-04-16 16:13:46] generateOTP.INFO: test [] []
[2021-04-16 16:13:56] generateOTP.INFO: test [] []
[2021-04-16 16:15:52] generateOTP.INFO: test [] []
[2021-04-16 16:16:28] generateOTP.INFO: test [] []
[2021-04-16 16:17:46] generateOTP.INFO: test [] []
[2021-04-16 16:18:48] generateOTP.INFO: test [] []
[2021-04-16 16:18:54] generateOTP.INFO: test [] []
[2021-04-16 16:18:57] generateOTP.INFO: test [] []
[2021-04-16 16:19:13] generateOTP.INFO: test [] []
[2021-04-16 16:19:43] generateOTP.INFO: test [] []
[2021-04-16 16:20:30] generateOTP.INFO: test [] []
[2021-04-16 16:20:45] generateOTP.INFO: test [] []
[2021-04-16 16:21:40] generateOTP.INFO: test [] []
[2021-04-16 16:22:45] generateOTP.INFO: test [] []
[2021-04-16 16:23:21] generateOTP.INFO: test [] []
[2021-04-16 16:24:07] generateOTP.INFO: test [] []
[2021-04-16 16:30:29] generateOTP.INFO: test [] []
[2021-04-16 16:30:29] generateOTP.INFO: test [] []
[2021-04-16 16:30:40] generateOTP.INFO: test [] []
[2021-04-16 16:34:02] generateOTP.INFO: test [] []
[2021-04-16 16:34:02] generateOTP.INFO: test [] []
[2021-04-16 16:34:21] generateOTP.INFO: test [] []
[2021-04-16 16:35:44] generateOTP.INFO: test [] []
[2021-04-16 16:37:10] generateOTP.INFO: test [] []
[2021-04-16 16:37:10] generateOTP.INFO: test [] []
[2021-04-16 16:37:10] generateOTP.INFO: test [] []
[2021-04-16 16:37:21] generateOTP.INFO: test [] []
[2021-04-16 16:38:24] generateOTP.INFO: test [] []
[2021-04-16 16:38:38] generateOTP.INFO: test [] []
[2021-04-16 16:39:35] generateOTP.INFO: test [] []
[2021-04-16 16:39:41] generateOTP.INFO: test [] []
[2021-04-16 16:40:52] generateOTP.INFO: test [] []
[2021-04-16 16:41:18] generateOTP.INFO: test [] []
[2021-04-16 16:41:19] generateOTP.INFO: test [] []
[2021-04-16 16:41:25] generateOTP.INFO: test [] []
[2021-04-16 16:41:27] generateOTP.INFO: test [] []
[2021-04-16 16:41:41] generateOTP.INFO: test [] []
[2021-04-16 16:41:41] generateOTP.INFO: test [] []
[2021-04-16 16:41:41] generateOTP.INFO: test [] []
[2021-04-16 16:41:42] generateOTP.INFO: test [] []
[2021-04-16 16:42:05] generateOTP.INFO: test [] []
[2021-04-16 16:42:05] generateOTP.INFO: test [] []
[2021-04-16 16:42:09] generateOTP.INFO: test [] []
[2021-04-16 16:42:17] generateOTP.INFO: test [] []
[2021-04-16 16:43:09] generateOTP.INFO: test [] []
[2021-04-16 16:43:09] generateOTP.INFO: test [] []
[2021-04-16 16:43:09] generateOTP.INFO: test [] []
[2021-04-16 16:43:10] generateOTP.INFO: test [] []
[2021-04-16 16:43:14] generateOTP.INFO: test [] []
[2021-04-16 16:43:14] generateOTP.INFO: test [] []
[2021-04-16 16:43:28] generateOTP.INFO: test [] []
[2021-04-16 16:43:29] generateOTP.INFO: test [] []
[2021-04-16 16:44:17] generateOTP.INFO: test [] []
[2021-04-16 16:46:20] generateOTP.INFO: test [] []
[2021-04-16 16:48:27] generateOTP.INFO: test [] []
[2021-04-16 16:48:27] generateOTP.INFO: test [] []
[2021-04-16 16:48:27] generateOTP.INFO: test [] []
[2021-04-16 16:48:27] generateOTP.INFO: test [] []
[2021-04-16 16:48:27] generateOTP.INFO: test [] []
[2021-04-16 16:54:24] generateOTP.INFO: test [] []
[2021-04-16 16:54:24] generateOTP.INFO: test [] []
[2021-04-16 16:54:24] generateOTP.INFO: test [] []
[2021-04-16 16:54:32] generateOTP.INFO: test [] []
[2021-04-16 16:55:09] generateOTP.INFO: test [] []
[2021-04-16 16:56:00] generateOTP.INFO: test [] []
[2021-04-16 16:56:25] generateOTP.INFO: test [] []
[2021-04-16 16:56:32] generateOTP.INFO: test [] []
[2021-04-16 16:57:01] generateOTP.INFO: test [] []
[2021-04-16 16:57:06] generateOTP.INFO: test [] []
[2021-04-16 16:57:29] generateOTP.INFO: test [] []
[2021-04-16 16:57:46] generateOTP.INFO: test [] []
[2021-04-16 16:57:47] generateOTP.INFO: test [] []
[2021-04-16 16:57:49] generateOTP.INFO: test [] []
[2021-04-16 16:57:49] generateOTP.INFO: test [] []
[2021-04-16 16:58:00] generateOTP.INFO: test [] []
[2021-04-16 16:58:11] generateOTP.INFO: test [] []
[2021-04-16 16:58:11] generateOTP.INFO: test [] []
[2021-04-16 16:58:13] generateOTP.INFO: test [] []
[2021-04-16 16:59:13] generateOTP.INFO: test [] []
[2021-04-16 16:59:15] generateOTP.INFO: test [] []
[2021-04-16 16:59:17] generateOTP.INFO: test [] []
[2021-04-16 16:59:17] generateOTP.INFO: test [] []
[2021-04-16 17:00:12] generateOTP.INFO: test [] []
[2021-04-16 17:00:52] generateOTP.INFO: test [] []
[2021-04-16 17:02:30] generateOTP.INFO: test [] []
[2021-04-16 17:03:20] generateOTP.INFO: test [] []
[2021-04-16 17:03:45] generateOTP.INFO: test [] []
[2021-04-16 17:06:16] generateOTP.INFO: test [] []
[2021-04-16 17:06:16] generateOTP.INFO: test [] []
[2021-04-16 17:06:16] generateOTP.INFO: test [] []
[2021-04-16 17:06:16] generateOTP.INFO: test [] []
[2021-04-16 17:06:19] generateOTP.INFO: test [] []
[2021-04-16 17:06:19] generateOTP.INFO: test [] []
[2021-04-16 17:06:20] generateOTP.INFO: test [] []
[2021-04-16 17:08:50] generateOTP.INFO: test [] []
[2021-04-16 17:09:15] generateOTP.INFO: test [] []
[2021-04-16 17:15:11] generateOTP.INFO: test [] []
[2021-04-16 17:15:13] generateOTP.INFO: test [] []
[2021-04-16 17:16:24] generateOTP.INFO: test [] []
[2021-04-16 17:18:29] generateOTP.INFO: test [] []
[2021-04-16 17:18:45] generateOTP.INFO: test [] []
[2021-04-16 17:19:15] generateOTP.INFO: test [] []
[2021-04-16 17:21:26] generateOTP.INFO: test [] []
[2021-04-16 17:24:02] generateOTP.INFO: test [] []
[2021-04-16 17:24:08] generateOTP.INFO: test [] []
[2021-04-16 17:24:16] generateOTP.INFO: test [] []
[2021-04-16 17:24:51] generateOTP.INFO: test [] []
[2021-04-16 17:24:52] generateOTP.INFO: test [] []
[2021-04-16 17:24:59] generateOTP.INFO: test [] []
[2021-04-16 17:25:05] generateOTP.INFO: test [] []
[2021-04-16 17:25:09] generateOTP.INFO: test [] []
[2021-04-16 17:25:30] generateOTP.INFO: test [] []
[2021-04-16 17:26:11] generateOTP.INFO: test [] []
[2021-04-16 17:26:24] generateOTP.INFO: test [] []
[2021-04-16 17:28:15] generateOTP.INFO: test [] []
[2021-04-16 17:29:44] generateOTP.INFO: test [] []
[2021-04-16 17:30:12] generateOTP.INFO: test [] []
[2021-04-16 17:30:51] generateOTP.INFO: test [] []
[2021-04-16 17:32:23] generateOTP.INFO: test [] []
[2021-04-16 17:32:32] generateOTP.INFO: test [] []
[2021-04-16 17:32:32] generateOTP.INFO: test [] []
[2021-04-16 17:32:43] generateOTP.INFO: test [] []
[2021-04-16 17:33:18] generateOTP.INFO: test [] []
[2021-04-16 17:34:22] generateOTP.INFO: test [] []
[2021-04-16 17:35:21] generateOTP.INFO: test [] []
[2021-04-16 17:36:51] generateOTP.INFO: test [] []
[2021-04-16 17:36:54] generateOTP.INFO: test [] []
[2021-04-16 17:37:49] generateOTP.INFO: test [] []
[2021-04-16 17:37:53] generateOTP.INFO: test [] []
[2021-04-16 17:37:57] generateOTP.INFO: test [] []
[2021-04-16 17:38:23] generateOTP.INFO: test [] []
[2021-04-16 17:39:40] generateOTP.INFO: test [] []
[2021-04-16 17:40:39] generateOTP.INFO: test [] []
[2021-04-16 17:40:56] generateOTP.INFO: test [] []
[2021-04-16 17:40:56] generateOTP.INFO: test [] []
[2021-04-16 17:40:57] generateOTP.INFO: test [] []
[2021-04-16 17:41:39] generateOTP.INFO: test [] []
[2021-04-16 17:41:40] generateOTP.INFO: test [] []
[2021-04-16 17:41:42] generateOTP.INFO: test [] []
[2021-04-16 17:41:43] generateOTP.INFO: test [] []
[2021-04-16 17:41:57] generateOTP.INFO: test [] []
[2021-04-16 17:41:58] generateOTP.INFO: test [] []
[2021-04-16 17:42:08] generateOTP.INFO: test [] []
[2021-04-16 17:42:14] generateOTP.INFO: test [] []
[2021-04-16 17:47:47] generateOTP.INFO: test [] []
[2021-04-16 17:51:44] generateOTP.INFO: test [] []
[2021-04-16 17:51:45] generateOTP.INFO: test [] []
[2021-04-16 17:51:55] generateOTP.INFO: test [] []
[2021-04-16 18:03:40] generateOTP.INFO: test [] []
[2021-04-16 18:03:41] generateOTP.INFO: test [] []
[2021-04-16 18:03:50] generateOTP.INFO: test [] []
[2021-04-16 18:04:42] generateOTP.INFO: test [] []
[2021-04-16 18:06:21] generateOTP.INFO: test [] []
[2021-04-16 18:06:42] generateOTP.INFO: test [] []
[2021-04-16 18:06:42] generateOTP.INFO: test [] []
[2021-04-16 18:06:43] generateOTP.INFO: test [] []
[2021-04-16 18:06:43] generateOTP.INFO: test [] []
[2021-04-16 18:06:44] generateOTP.INFO: test [] []
[2021-04-16 18:06:44] generateOTP.INFO: test [] []
[2021-04-16 18:06:45] generateOTP.INFO: test [] []
[2021-04-16 18:06:52] generateOTP.INFO: test [] []
[2021-04-16 18:06:53] generateOTP.INFO: test [] []
[2021-04-16 18:07:21] generateOTP.INFO: test [] []
[2021-04-16 18:09:47] generateOTP.INFO: test [] []
[2021-04-16 18:12:42] generateOTP.INFO: test [] []
[2021-04-16 18:13:20] generateOTP.INFO: test [] []
[2021-04-16 18:14:25] generateOTP.INFO: test [] []
[2021-04-16 18:14:35] generateOTP.INFO: test [] []
[2021-04-16 18:14:36] generateOTP.INFO: test [] []
[2021-04-16 18:14:38] generateOTP.INFO: test [] []
[2021-04-16 18:14:38] generateOTP.INFO: test [] []
[2021-04-16 18:14:42] generateOTP.INFO: test [] []
[2021-04-16 18:14:43] generateOTP.INFO: test [] []
[2021-04-16 18:14:52] generateOTP.INFO: test [] []
[2021-04-16 18:14:56] generateOTP.INFO: test [] []
[2021-04-16 18:15:02] generateOTP.INFO: test [] []
[2021-04-16 18:16:57] generateOTP.INFO: test [] []
[2021-04-16 18:17:47] generateOTP.INFO: test [] []
[2021-04-16 18:19:23] generateOTP.INFO: test [] []
[2021-04-16 18:19:31] generateOTP.INFO: test [] []
[2021-04-16 18:19:36] generateOTP.INFO: test [] []
[2021-04-16 18:19:50] generateOTP.INFO: test [] []
[2021-04-16 18:19:55] generateOTP.INFO: test [] []
[2021-04-16 18:20:49] generateOTP.INFO: test [] []
[2021-04-16 18:20:50] generateOTP.INFO: test [] []
[2021-04-16 18:21:18] generateOTP.INFO: test [] []
[2021-04-16 18:21:32] generateOTP.INFO: test [] []
[2021-04-16 18:21:54] generateOTP.INFO: test [] []
[2021-04-16 18:22:27] generateOTP.INFO: test [] []
[2021-04-16 18:22:28] generateOTP.INFO: test [] []
[2021-04-16 18:22:28] generateOTP.INFO: test [] []
[2021-04-16 18:22:40] generateOTP.INFO: test [] []
[2021-04-16 18:23:13] generateOTP.INFO: test [] []
[2021-04-16 18:23:41] generateOTP.INFO: test [] []
[2021-04-16 18:23:41] generateOTP.INFO: test [] []
[2021-04-16 18:23:42] generateOTP.INFO: test [] []
[2021-04-16 18:23:51] generateOTP.INFO: test [] []
[2021-04-16 18:23:51] generateOTP.INFO: test [] []
[2021-04-16 18:23:51] generateOTP.INFO: test [] []
[2021-04-16 18:23:56] generateOTP.INFO: test [] []
[2021-04-16 18:24:05] generateOTP.INFO: test [] []
[2021-04-16 18:24:21] generateOTP.INFO: test [] []
[2021-04-16 18:24:26] generateOTP.INFO: test [] []
[2021-04-16 18:24:34] generateOTP.INFO: test [] []
[2021-04-16 18:26:03] generateOTP.INFO: test [] []
[2021-04-16 18:26:06] generateOTP.INFO: test [] []
[2021-04-16 18:26:06] generateOTP.INFO: test [] []
[2021-04-16 18:26:08] generateOTP.INFO: test [] []
[2021-04-16 18:26:08] generateOTP.INFO: test [] []
[2021-04-16 18:26:12] generateOTP.INFO: test [] []
[2021-04-16 18:26:13] generateOTP.INFO: test [] []
[2021-04-16 18:26:27] generateOTP.INFO: test [] []
[2021-04-16 18:26:31] generateOTP.INFO: test [] []
[2021-04-16 18:26:31] generateOTP.INFO: test [] []
[2021-04-16 18:26:32] generateOTP.INFO: test [] []
[2021-04-16 18:31:47] generateOTP.INFO: test [] []
[2021-04-16 18:32:46] generateOTP.INFO: test [] []
[2021-04-16 18:33:22] generateOTP.INFO: test [] []
[2021-04-16 18:33:25] generateOTP.INFO: test [] []
[2021-04-16 18:33:27] generateOTP.INFO: test [] []
[2021-04-16 18:33:31] generateOTP.INFO: test [] []
[2021-04-16 18:33:32] generateOTP.INFO: test [] []
[2021-04-16 18:33:32] generateOTP.INFO: test [] []
[2021-04-16 18:33:32] generateOTP.INFO: test [] []
[2021-04-16 18:33:32] generateOTP.INFO: test [] []
[2021-04-16 18:33:32] generateOTP.INFO: test [] []
[2021-04-16 18:33:33] generateOTP.INFO: test [] []
[2021-04-16 18:33:33] generateOTP.INFO: test [] []
[2021-04-16 18:34:30] generateOTP.INFO: test [] []
[2021-04-16 18:36:31] generateOTP.INFO: test [] []
[2021-04-16 18:37:54] generateOTP.INFO: test [] []
[2021-04-16 18:38:23] generateOTP.INFO: test [] []
[2021-04-16 18:39:02] generateOTP.INFO: test [] []
[2021-04-16 18:39:48] generateOTP.INFO: test [] []
[2021-04-16 18:39:50] generateOTP.INFO: test [] []
[2021-04-16 18:39:51] generateOTP.INFO: test [] []
[2021-04-16 18:39:51] generateOTP.INFO: test [] []
[2021-04-16 18:39:52] generateOTP.INFO: test [] []
[2021-04-16 18:39:57] generateOTP.INFO: test [] []
[2021-04-16 18:40:31] generateOTP.INFO: test [] []
[2021-04-16 18:40:33] generateOTP.INFO: test [] []
[2021-04-16 18:40:37] generateOTP.INFO: test [] []
[2021-04-16 18:40:46] generateOTP.INFO: test [] []
[2021-04-16 18:40:54] generateOTP.INFO: test [] []
[2021-04-16 18:40:58] generateOTP.INFO: test [] []
[2021-04-16 18:41:00] generateOTP.INFO: test [] []
[2021-04-16 18:41:11] generateOTP.INFO: test [] []
[2021-04-16 18:41:16] generateOTP.INFO: test [] []
[2021-04-16 18:42:31] generateOTP.INFO: test [] []
[2021-04-16 18:42:49] generateOTP.INFO: test [] []
[2021-04-16 18:43:19] generateOTP.INFO: test [] []
[2021-04-16 18:44:53] generateOTP.INFO: test [] []
[2021-04-16 18:47:00] generateOTP.INFO: test [] []
[2021-04-16 18:47:04] generateOTP.INFO: test [] []
[2021-04-16 18:47:06] generateOTP.INFO: test [] []
[2021-04-16 18:47:17] generateOTP.INFO: test [] []
[2021-04-16 18:47:24] generateOTP.INFO: test [] []
[2021-04-16 18:47:27] generateOTP.INFO: test [] []
[2021-04-16 18:47:28] generateOTP.INFO: test [] []
[2021-04-16 18:48:18] generateOTP.INFO: test [] []
[2021-04-16 18:49:01] generateOTP.INFO: test [] []
[2021-04-16 18:50:19] generateOTP.INFO: test [] []
[2021-04-16 18:50:20] generateOTP.INFO: test [] []
[2021-04-16 18:53:02] generateOTP.INFO: test [] []
[2021-04-16 18:53:42] generateOTP.INFO: test [] []
[2021-04-16 18:54:02] generateOTP.INFO: test [] []
[2021-04-16 18:54:22] generateOTP.INFO: test [] []
[2021-04-16 18:54:24] generateOTP.INFO: test [] []
[2021-04-16 18:54:25] generateOTP.INFO: test [] []
[2021-04-16 18:54:33] generateOTP.INFO: test [] []
[2021-04-16 18:55:21] generateOTP.INFO: test [] []
[2021-04-16 18:56:17] generateOTP.INFO: test [] []
[2021-04-16 18:59:43] generateOTP.INFO: test [] []
[2021-04-16 18:59:51] generateOTP.INFO: test [] []
[2021-04-16 19:00:01] generateOTP.INFO: test [] []
[2021-04-16 19:00:39] generateOTP.INFO: test [] []
[2021-04-16 19:01:53] generateOTP.INFO: test [] []
[2021-04-16 19:02:23] generateOTP.INFO: test [] []
[2021-04-16 19:03:05] generateOTP.INFO: test [] []
[2021-04-16 19:03:11] generateOTP.INFO: test [] []
[2021-04-16 19:04:46] generateOTP.INFO: test [] []
[2021-04-16 19:07:48] generateOTP.INFO: test [] []
[2021-04-16 19:15:06] generateOTP.INFO: test [] []
[2021-04-16 19:15:10] generateOTP.INFO: test [] []
[2021-04-16 19:15:53] generateOTP.INFO: test [] []
[2021-04-16 19:18:14] generateOTP.INFO: test [] []
[2021-04-16 19:39:53] generateOTP.INFO: test [] []
[2021-04-16 20:04:50] generateOTP.INFO: test [] []
[2021-04-16 20:04:50] generateOTP.INFO: test [] []
[2021-04-16 20:04:50] generateOTP.INFO: test [] []
[2021-04-16 20:05:06] generateOTP.INFO: test [] []
[2021-04-16 20:05:39] generateOTP.INFO: test [] []
[2021-04-16 20:24:39] generateOTP.INFO: test [] []
[2021-04-16 22:09:26] generateOTP.INFO: test [] []
[2021-04-16 22:21:50] generateOTP.INFO: test [] []
[2021-04-16 22:22:16] generateOTP.INFO: test [] []
[2021-04-16 22:22:17] generateOTP.INFO: test [] []
[2021-04-16 22:22:18] generateOTP.INFO: test [] []
[2021-04-16 22:22:29] generateOTP.INFO: test [] []
[2021-04-16 22:22:38] generateOTP.INFO: test [] []
[2021-04-16 22:22:39] generateOTP.INFO: test [] []
[2021-04-16 22:22:40] generateOTP.INFO: test [] []
[2021-04-16 22:22:40] generateOTP.INFO: test [] []
[2021-04-16 22:22:40] generateOTP.INFO: test [] []
[2021-04-16 22:22:40] generateOTP.INFO: test [] []
[2021-04-16 22:24:11] generateOTP.INFO: test [] []
[2021-04-16 22:24:49] generateOTP.INFO: test [] []
[2021-04-16 22:24:50] generateOTP.INFO: test [] []
[2021-04-16 22:24:51] generateOTP.INFO: test [] []
[2021-04-16 22:24:52] generateOTP.INFO: test [] []
[2021-04-16 22:24:53] generateOTP.INFO: test [] []
[2021-04-16 22:24:53] generateOTP.INFO: test [] []
[2021-04-16 22:24:53] generateOTP.INFO: test [] []
[2021-04-16 22:24:54] generateOTP.INFO: test [] []
[2021-04-16 22:25:11] generateOTP.INFO: test [] []
[2021-04-16 22:40:46] generateOTP.INFO: test [] []
[2021-04-16 22:42:59] generateOTP.INFO: test [] []
