[2020-07-16 11:44:41] generateOTP.INFO: test [] []
[2020-07-16 12:15:25] generateOTP.INFO: test [] []
[2020-07-16 12:23:32] generateOTP.INFO: test [] []
[2020-07-16 12:23:34] generateOTP.INFO: test [] []
[2020-07-16 12:23:34] generateOTP.INFO: test [] []
[2020-07-16 12:23:39] generateOTP.INFO: test [] []
[2020-07-16 12:23:40] generateOTP.INFO: test [] []
[2020-07-16 12:23:49] generateOTP.INFO: test [] []
[2020-07-16 12:23:55] generateOTP.INFO: test [] []
[2020-07-16 12:24:58] generateOTP.INFO: test [] []
[2020-07-16 12:25:01] generateOTP.INFO: test [] []
[2020-07-16 12:25:06] generateOTP.INFO: test [] []
[2020-07-16 12:25:11] generateOTP.INFO: test [] []
[2020-07-16 13:21:03] generateOTP.INFO: test [] []
[2020-07-16 13:30:25] generateOTP.INFO: test [] []
[2020-07-16 13:31:38] generateOTP.INFO: test [] []
[2020-07-16 13:32:05] generateOTP.INFO: {"salutation":"1","firstname":"test","lastname":"BANKING","dob":"19-12-1988","mob_no":"701076444138","panCard":"DDDDD6456A","email":"jack@gmail.com","ref1":"1","ref2":"1","comAdd":"Om hrad ntalatiof, holOmshre, talathioficeeachol, OmshreeSada9talathi","occupation":"1","city":"MUMBAI","state":"MAHARASHTRA","pin_code":"622103","ISNRI":"Y","update_emp_id":"620873","edit":"0","policy_no":"454,455,456","subtype_text":"1","GCI_optional":"No","sum_insure":"500000","familyConstruct":"1A","tenure":"1 Year","family_members_id":"0","family_gender":"Male","first_name":"test","last_name":"BANKING","family_date_birth":"19-12-1988","age":"31","age_type":" years","family_id":"","s_date":"","marriage_date":"","premium":"8000","policyNo":"454,455,456","familyDataType":"undefined","empId":"620873","product":"RMxC5efb5c5a320e7","declare":"[]","gender":"Male"} [] []
[2020-07-16 13:32:36] documentsSave.INFO: {"ops_type":"[]","ids":"506,507"} [] []
[2020-07-16 13:32:36] documentsSaveFiles.INFO: [] [] []
[2020-07-16 13:32:58] generateOTP.INFO: test [] []
[2020-07-16 13:32:59] generateOTP.INFO: test [] []
[2020-07-16 13:33:00] generateOTP.INFO: test [] []
[2020-07-16 13:33:00] generateOTP.INFO: test [] []
[2020-07-16 13:33:05] generateOTP.INFO: test [] []
[2020-07-16 13:33:06] generateOTP.INFO: test [] []
[2020-07-16 13:33:22] generateOTP.INFO: test [] []
[2020-07-16 13:33:28] generateOTP.INFO: test [] []
[2020-07-16 13:33:32] generateOTP.INFO: test [] []
[2020-07-16 13:33:42] generateOTP.INFO: test [] []
[2020-07-16 13:34:08] generateOTP.INFO: test [] []
[2020-07-16 13:34:37] generateOTP.INFO: test [] []
[2020-07-16 13:34:49] generateOTP.INFO: test [] []
[2020-07-16 13:35:04] generateOTP.INFO: test [] []
[2020-07-16 13:37:07] generateOTP.INFO: test [] []
[2020-07-16 13:37:42] generateOTP.INFO: test [] []
[2020-07-16 13:38:02] generateOTP.INFO: test [] []
[2020-07-16 13:38:35] generateOTP.INFO: test [] []
[2020-07-16 13:42:58] generateOTP.INFO: test [] []
[2020-07-16 13:47:25] generateOTP.INFO: test [] []
[2020-07-16 13:48:13] generateOTP.INFO: test [] []
[2020-07-16 13:48:50] generateOTP.INFO: {"salutation":"1","firstname":"test","lastname":"BANKING","dob":"19-12-1988","mob_no":"70127810444138","panCard":"DDDDD6456A","email":"jack@gmail.com","ref1":"1","ref2":"1","comAdd":"Om hrad ntalatiof, holOmshre, talathioficeeachol, OmshreeSada9talathi","occupation":"2","city":"MUMBAI","state":"MAHARASHTRA","pin_code":"622103","ISNRI":"Y","update_emp_id":"620876","edit":"0","policy_no":"454,455,456","subtype_text":"1","GCI_optional":"No","sum_insure":"500000","familyConstruct":"1A","tenure":"1 Year","family_members_id":"0","family_gender":"Male","first_name":"test","last_name":"BANKING","family_date_birth":"19-12-1988","age":"31","age_type":" years","family_id":"","s_date":"","marriage_date":"","premium":"8000","policyNo":"454,455,456","familyDataType":"undefined","empId":"620876","product":"RMxC5efb5c5a320e7","declare":"[]","gender":"Male"} [] []
[2020-07-16 13:49:15] documentsSave.INFO: {"ops_type":"[]","ids":"508,509"} [] []
[2020-07-16 13:49:15] documentsSaveFiles.INFO: [] [] []
[2020-07-16 13:50:01] generateOTP.INFO: test [] []
[2020-07-16 13:50:03] generateOTP.INFO: test [] []
[2020-07-16 13:50:14] generateOTP.INFO: test [] []
[2020-07-16 13:50:44] generateOTP.INFO: test [] []
[2020-07-16 13:51:25] generateOTP.INFO: test [] []
[2020-07-16 13:51:40] generateOTP.INFO: test [] []
[2020-07-16 13:57:58] generateOTP.INFO: test [] []
[2020-07-16 14:00:52] generateOTP.INFO: test [] []
[2020-07-16 14:01:56] generateOTP.INFO: {"salutation":"1","firstname":"QQ","lastname":"AA","dob":"19-12-1988","mob_no":"701044413870104","panCard":"DDDDD6456A","email":"KK@gmail.com","ref1":"1","ref2":"1","comAdd":"Om hrad ntalatiof, holOmshre, talathioficeeachol, OmshreeSada9talathi","occupation":"1","city":"MUMBAI","state":"MAHARASHTRA","pin_code":"622103","ISNRI":"Y","update_emp_id":"620877","edit":"0","policy_no":"454,455,456","subtype_text":"1","GCI_optional":"No","sum_insure":"500000","familyConstruct":"1A","tenure":"1 Year","family_members_id":"0","family_gender":"Male","first_name":"QQ","last_name":"AA","family_date_birth":"19-12-1988","age":"31","age_type":" years","family_id":"","s_date":"","marriage_date":"","premium":"8000","policyNo":"454,455,456","familyDataType":"undefined","empId":"620877","product":"RMxC5efb5c5a320e7","declare":"[]","gender":"Male"} [] []
[2020-07-16 14:02:12] documentsSave.INFO: {"ops_type":"[]","ids":"510,511"} [] []
[2020-07-16 14:02:12] documentsSaveFiles.INFO: [] [] []
[2020-07-16 14:02:39] generateOTP.INFO: test [] []
[2020-07-16 14:04:56] generateOTP.INFO: test [] []
[2020-07-16 14:19:31] generateOTP.INFO: test [] []
[2020-07-16 14:30:56] generateOTP.INFO: test [] []
[2020-07-16 14:31:19] generateOTP.INFO: {"salutation":"1","firstname":"test","lastname":"BANKING","dob":"19-12-1988","mob_no":"7010444138","panCard":"DDDDD6456A","email":"jack@gmail.com","ref1":"1","ref2":"1","comAdd":"Om hrad ntalatiof, holOmshre, talathioficeeachol, OmshreeSada9talathi","occupation":"3","city":"MUMBAI","state":"MAHARASHTRA","pin_code":"622103","ISNRI":"Y","update_emp_id":"620879","edit":"0","policy_no":"454,455,456","subtype_text":"1","GCI_optional":"No","sum_insure":"500000","familyConstruct":"1A","tenure":"1 Year","family_members_id":"0","family_gender":"Male","first_name":"test","last_name":"BANKING","family_date_birth":"19-12-1988","age":"31","age_type":" years","family_id":"","s_date":"","marriage_date":"","premium":"8000","policyNo":"454,455,456","familyDataType":"undefined","empId":"620879","product":"RMxC5efb5c5a320e7","declare":"[]","gender":"Male"} [] []
[2020-07-16 14:32:08] documentsSave.INFO: {"ops_type":"[]","ids":"512,513"} [] []
[2020-07-16 14:32:08] documentsSaveFiles.INFO: [] [] []
[2020-07-16 14:32:30] generateOTP.INFO: test [] []
[2020-07-16 14:32:31] generateOTP.INFO: test [] []
[2020-07-16 14:32:50] generateOTP.INFO: test [] []
[2020-07-16 15:07:08] generateOTP.INFO: test [] []
[2020-07-16 15:07:42] generateOTP.INFO: {"salutation":"1","firstname":"test","lastname":"BANKING","dob":"19-12-1988","mob_no":"7010444138","panCard":"DDDDD6456A","email":"jack@gmail.com","ref1":"1","ref2":"1","comAdd":"Om hrad ntalatiof, holOmshre, talathioficeeachol, OmshreeSada9talathi","occupation":"6","city":"MUMBAI","state":"MAHARASHTRA","pin_code":"622103","ISNRI":"N","update_emp_id":"620880","edit":"0","policy_no":"454,455,456","subtype_text":"1","GCI_optional":"No","sum_insure":"500000","familyConstruct":"1A","tenure":"1 Year","family_members_id":"0","family_gender":"Male","first_name":"test","last_name":"BANKING","family_date_birth":"19-12-1988","age":"31","age_type":" years","family_id":"","s_date":"","marriage_date":"","premium":"8000","policyNo":"454,455,456","familyDataType":"undefined","empId":"620880","product":"RMxC5efb5c5a320e7","declare":"[]","gender":"Male"} [] []
[2020-07-16 15:08:04] documentsSave.INFO: {"ops_type":"[]","ids":"514,515"} [] []
[2020-07-16 15:08:04] documentsSaveFiles.INFO: [] [] []
[2020-07-16 15:22:31] generateOTP.INFO: test [] []
[2020-07-16 15:37:10] generateOTP.INFO: test [] []
[2020-07-16 15:37:33] generateOTP.INFO: {"salutation":"1","firstname":"test","lastname":"BANKING","dob":"19-12-1988","mob_no":"7010444138","panCard":"DDDDD6456A","email":"jack@gmail.com","ref1":"1","ref2":"1","comAdd":"Om hrad ntalatiof, holOmshre, talathioficeeachol, OmshreeSada9talathi","occupation":"16","city":"MUMBAI","state":"MAHARASHTRA","pin_code":"622103","ISNRI":"N","update_emp_id":"620881","edit":"0","policy_no":"454,455,456","subtype_text":"1","GCI_optional":"No","sum_insure":"500000","familyConstruct":"1A","tenure":"1 Year","family_members_id":"0","family_gender":"Male","first_name":"test","last_name":"BANKING","family_date_birth":"19-12-1988","age":"31","age_type":" years","family_id":"","s_date":"","marriage_date":"","premium":"8000","policyNo":"454,455,456","familyDataType":"undefined","empId":"620881","product":"RMxC5efb5c5a320e7","declare":"[]","gender":"Male"} [] []
[2020-07-16 15:37:52] documentsSave.INFO: {"ops_type":"[]","ids":"516,517"} [] []
[2020-07-16 15:37:52] documentsSaveFiles.INFO: [] [] []
[2020-07-16 15:42:54] generateOTP.INFO: test [] []
[2020-07-16 15:43:38] generateOTP.INFO: {"salutation":"1","firstname":"test","lastname":"BANKING","dob":"19-12-1988","mob_no":"7010444138","panCard":"DDDDD6456A","email":"jack@gmail.com","ref1":"1","ref2":"1","comAdd":"Om hrad ntalatiof, holOmshre, talathioficeeachol, OmshreeSada9talathi","occupation":"14","city":"MUMBAI","state":"MAHARASHTRA","pin_code":"622103","ISNRI":"N","update_emp_id":"620882","edit":"0","policy_no":"454,455,456","subtype_text":"1","GCI_optional":"No","sum_insure":"500000","familyConstruct":"1A","tenure":"1 Year","family_members_id":"0","family_gender":"Male","first_name":"test","last_name":"BANKING","family_date_birth":"19-12-1988","age":"31","age_type":" years","family_id":"","s_date":"","marriage_date":"","premium":"8000","policyNo":"454,455,456","familyDataType":"undefined","empId":"620882","product":"RMxC5efb5c5a320e7","declare":"[]","gender":"Male"} [] []
[2020-07-16 15:43:54] documentsSave.INFO: {"ops_type":"[]","ids":"518,519"} [] []
[2020-07-16 15:43:54] documentsSaveFiles.INFO: [] [] []
[2020-07-16 15:48:02] generateOTP.INFO: test [] []
[2020-07-16 15:48:38] generateOTP.INFO: test [] []
[2020-07-16 15:49:10] generateOTP.INFO: test [] []
[2020-07-16 15:49:29] generateOTP.INFO: {"salutation":"1","firstname":"test","lastname":"BANKING","dob":"19-12-1988","mob_no":"7010444138","panCard":"DDDDD6456A","email":"jack@gmail.com","ref1":"1","ref2":"1","comAdd":"Om hrad ntalatiof, holOmshre, talathioficeeachol, OmshreeSada9talathi","occupation":"14","city":"MUMBAI","state":"MAHARASHTRA","pin_code":"622103","ISNRI":"N","update_emp_id":"620883","edit":"0","policy_no":"454,455,456","subtype_text":"1","GCI_optional":"No","sum_insure":"500000","familyConstruct":"1A","tenure":"1 Year","family_members_id":"0","family_gender":"Male","first_name":"test","last_name":"BANKING","family_date_birth":"19-12-1988","age":"31","age_type":" years","family_id":"","s_date":"","marriage_date":"","premium":"8000","policyNo":"454,455,456","familyDataType":"undefined","empId":"620883","product":"RMxC5efb5c5a320e7","declare":"[]","gender":"Male"} [] []
[2020-07-16 15:49:49] documentsSave.INFO: {"ops_type":"[]","ids":"520,521"} [] []
[2020-07-16 15:49:49] documentsSaveFiles.INFO: [] [] []
[2020-07-16 15:53:04] generateOTP.INFO: test [] []
[2020-07-16 15:53:51] generateOTP.INFO: test [] []
[2020-07-16 15:54:07] generateOTP.INFO: {"salutation":"1","firstname":"test","lastname":"BANKING","dob":"19-12-1988","mob_no":"7010444138","panCard":"DDDDD6456A","email":"jack@gmail.com","ref1":"1","ref2":"1","comAdd":"Om hrad ntalatiof, holOmshre, talathioficeeachol, OmshreeSada9talathi","occupation":"14","city":"MUMBAI","state":"MAHARASHTRA","pin_code":"622103","ISNRI":"N","update_emp_id":"620884","edit":"0","policy_no":"454,455,456","subtype_text":"1","GCI_optional":"No","sum_insure":"500000","familyConstruct":"1A","tenure":"1 Year","family_members_id":"0","family_gender":"Male","first_name":"test","last_name":"BANKING","family_date_birth":"19-12-1988","age":"31","age_type":" years","family_id":"","s_date":"","marriage_date":"","premium":"8000","policyNo":"454,455,456","familyDataType":"undefined","empId":"620884","product":"RMxC5efb5c5a320e7","declare":"[]","gender":"Male"} [] []
[2020-07-16 15:54:31] documentsSave.INFO: {"ops_type":"[]","ids":"522,523"} [] []
[2020-07-16 15:54:31] documentsSaveFiles.INFO: [] [] []
[2020-07-16 15:58:04] generateOTP.INFO: test [] []
[2020-07-16 15:58:25] generateOTP.INFO: test [] []
[2020-07-16 15:58:48] generateOTP.INFO: {"salutation":"1","firstname":"test","lastname":"BANKING","dob":"19-12-1988","mob_no":"7010444138","panCard":"DDDDD6456A","email":"jack@gmail.com","ref1":"1","ref2":"1","comAdd":"Om hrad ntalatiof, holOmshre, talathioficeeachol, OmshreeSada9talathi","occupation":"8","city":"MUMBAI","state":"MAHARASHTRA","pin_code":"622103","ISNRI":"N","update_emp_id":"620885","edit":"0","policy_no":"454,455,456","subtype_text":"1","GCI_optional":"No","sum_insure":"1500000","familyConstruct":"1A","tenure":"1 Year","family_members_id":"0","family_gender":"Male","first_name":"test","last_name":"BANKING","family_date_birth":"19-12-1988","age":"31","age_type":" years","family_id":"","s_date":"","marriage_date":"","premium":"13000","policyNo":"454,455,456","familyDataType":"undefined","empId":"620885","product":"RMxC5efb5c5a320e7","declare":"[]","gender":"Male"} [] []
[2020-07-16 15:59:11] documentsSave.INFO: {"ops_type":"[]","ids":"524,525"} [] []
[2020-07-16 15:59:11] documentsSaveFiles.INFO: [] [] []
[2020-07-16 16:01:04] generateOTP.INFO: test [] []
[2020-07-16 16:01:12] generateOTP.INFO: {"salutation":"1","firstname":"test","lastname":"BANKING","dob":"19-12-1988","mob_no":"7010444138","panCard":"DDDDD6456A","email":"jack@gmail.com","ref1":"1","ref2":"1","comAdd":"Om hrad ntalatiof, holOmshre, talathioficeeachol, OmshreeSada9talathi","occupation":"14","city":"MUMBAI","state":"MAHARASHTRA","pin_code":"622103","ISNRI":"N","update_emp_id":"620886","edit":"0","policy_no":"454,455,456","subtype_text":"1","GCI_optional":"No","sum_insure":"500000","familyConstruct":"1A","tenure":"1 Year","family_members_id":"0","family_gender":"Male","first_name":"test","last_name":"BANKING","family_date_birth":"19-12-1988","age":"31","age_type":" years","family_id":"","s_date":"","marriage_date":"","premium":"8000","policyNo":"454,455,456","familyDataType":"undefined","empId":"620886","product":"RMxC5efb5c5a320e7","declare":"[]","gender":"Male"} [] []
[2020-07-16 16:01:26] documentsSave.INFO: {"ops_type":"[]","ids":"526,527"} [] []
[2020-07-16 16:01:26] documentsSaveFiles.INFO: [] [] []
[2020-07-16 16:01:34] generateOTP.INFO: test [] []
[2020-07-16 16:01:35] generateOTP.INFO: test [] []
[2020-07-16 16:01:36] generateOTP.INFO: test [] []
[2020-07-16 16:01:36] generateOTP.INFO: test [] []
[2020-07-16 16:01:36] generateOTP.INFO: test [] []
[2020-07-16 16:02:28] generateOTP.INFO: test [] []
[2020-07-16 16:03:11] generateOTP.INFO: test [] []
[2020-07-16 16:04:50] generateOTP.INFO: {"salutation":"1","firstname":"test","lastname":"BANKING","dob":"19-12-1988","mob_no":"7010444138","panCard":"DDDDD6456A","email":"jack@gmail.com","ref1":"1","ref2":"1","comAdd":"Om hrad ntalatiof, holOmshre, talathioficeeachol, OmshreeSada9talathi","city":"MUMBAI","state":"MAHARASHTRA","pin_code":"622103","ISNRI":"N","update_emp_id":"620887","edit":"0","policy_no":"392,393","subtype_text":"1","GCI_optional":"No","sum_insure":"500000","familyConstruct":"1A","tenure":"1 Year","family_members_id":"0","family_gender":"Male","first_name":"test","last_name":"BANKING","family_date_birth":"19-12-1988","age":"31","age_type":" years","family_id":"","s_date":"","marriage_date":"","premium":"8399.9952","policyNo":"392,393","familyDataType":"undefined","empId":"620887","product":"iWL65dcd54d9c5a65","declare":"[]","gender":"Male"} [] []
[2020-07-16 16:05:14] documentsSave.INFO: {"ops_type":"[]","ids":"528,529"} [] []
[2020-07-16 16:05:14] documentsSaveFiles.INFO: [] [] []
[2020-07-16 16:05:17] generateOTP.INFO: test [] []
[2020-07-16 16:11:37] generateOTP.INFO: test [] []
[2020-07-16 16:11:54] generateOTP.INFO: test [] []
[2020-07-16 16:11:55] generateOTP.INFO: test [] []
[2020-07-16 16:11:55] generateOTP.INFO: test [] []
[2020-07-16 16:11:56] generateOTP.INFO: test [] []
[2020-07-16 16:11:56] generateOTP.INFO: test [] []
[2020-07-16 16:11:59] generateOTP.INFO: test [] []
[2020-07-16 16:11:59] generateOTP.INFO: test [] []
[2020-07-16 16:11:59] generateOTP.INFO: test [] []
[2020-07-16 16:12:00] generateOTP.INFO: test [] []
[2020-07-16 16:12:01] generateOTP.INFO: test [] []
[2020-07-16 16:12:01] generateOTP.INFO: test [] []
[2020-07-16 16:12:02] generateOTP.INFO: test [] []
[2020-07-16 16:12:02] generateOTP.INFO: test [] []
[2020-07-16 16:12:03] generateOTP.INFO: test [] []
[2020-07-16 16:12:03] generateOTP.INFO: test [] []
[2020-07-16 16:12:03] generateOTP.INFO: test [] []
[2020-07-16 16:12:03] generateOTP.INFO: test [] []
[2020-07-16 16:12:04] generateOTP.INFO: test [] []
[2020-07-16 16:12:04] generateOTP.INFO: test [] []
[2020-07-16 16:12:05] generateOTP.INFO: test [] []
[2020-07-16 16:12:05] generateOTP.INFO: test [] []
[2020-07-16 16:12:08] generateOTP.INFO: test [] []
[2020-07-16 16:12:09] generateOTP.INFO: test [] []
[2020-07-16 16:13:42] generateOTP.INFO: test [] []
[2020-07-16 16:13:47] generateOTP.INFO: test [] []
[2020-07-16 16:35:24] generateOTP.INFO: test [] []
[2020-07-16 16:44:22] generateOTP.INFO: test [] []
[2020-07-16 16:45:04] generateOTP.INFO: test [] []
[2020-07-16 16:45:20] generateOTP.INFO: test [] []
[2020-07-16 16:45:55] generateOTP.INFO: test [] []
[2020-07-16 16:46:20] generateOTP.INFO: test [] []
[2020-07-16 16:47:03] generateOTP.INFO: test [] []
[2020-07-16 16:47:48] generateOTP.INFO: test [] []
[2020-07-16 16:48:27] generateOTP.INFO: test [] []
[2020-07-16 16:48:59] generateOTP.INFO: test [] []
[2020-07-16 16:49:36] generateOTP.INFO: test [] []
[2020-07-16 16:50:06] generateOTP.INFO: test [] []
[2020-07-16 16:52:13] generateOTP.INFO: test [] []
[2020-07-16 16:53:06] generateOTP.INFO: test [] []
[2020-07-16 16:53:39] generateOTP.INFO: test [] []
[2020-07-16 16:53:39] generateOTP.INFO: test [] []
[2020-07-16 16:54:32] generateOTP.INFO: test [] []
[2020-07-16 16:55:53] generateOTP.INFO: {"salutation":"1","firstname":"test","lastname":"BANKING","dob":"19-12-1988","mob_no":"7010444138","panCard":"DDDDD6456A","email":"jack@gmail.com","ref1":"1","ref2":"1","comAdd":"Om hrad ntalatiof, holOmshre, talathioficeeachol, OmshreeSada9talathi","occupation":"2","city":"MUMBAI","state":"MAHARASHTRA","pin_code":"622103","ISNRI":"Y","update_emp_id":"620889","edit":"0","policy_no":"454,455,456","subtype_text":"1","GCI_optional":"Yes","sum_insure":"1500000","familyConstruct":"1A+1K","tenure":"1 Year","family_members_id":"0","family_gender":"Male","first_name":"test","last_name":"BANKING","family_date_birth":"19-12-1988","age":"31","age_type":" years","family_id":"","s_date":"","marriage_date":"","premium":"17500","policyNo":"454,455,456","familyDataType":"undefined","empId":"620889","product":"RMxC5efb5c5a320e7","declare":"[]","gender":"Male"} [] []
[2020-07-16 16:56:16] generateOTP.INFO: {"salutation":"1","firstname":"test","lastname":"BANKING","dob":"19-12-1988","mob_no":"7010444138","panCard":"DDDDD6456A","email":"jack@gmail.com","ref1":"1","ref2":"1","comAdd":"Om hrad ntalatiof, holOmshre, talathioficeeachol, OmshreeSada9talathi","occupation":"2","city":"MUMBAI","state":"MAHARASHTRA","pin_code":"622103","ISNRI":"Y","update_emp_id":"620889","edit":"0","policy_no":"454,455,456","subtype_text":"1","GCI_optional":"Yes","sum_insure":"1500000","familyConstruct":"1A+1K","tenure":"1 Year","family_members_id":"1","family_gender":"Female","first_name":"def","last_name":"dsc","family_date_birth":"04-07-2002","age":"18","age_type":" years","family_id":"","s_date":"","marriage_date":"","premium":"17500","policyNo":"454,455,456","familyDataType":"undefined","empId":"620889","product":"RMxC5efb5c5a320e7","declare":"[]","gender":"Male"} [] []
[2020-07-16 16:56:30] generateOTP.INFO: {"salutation":"1","firstname":"test","lastname":"BANKING","dob":"19-12-1988","mob_no":"7010444138","panCard":"DDDDD6456A","email":"jack@gmail.com","ref1":"1","ref2":"1","comAdd":"Om hrad ntalatiof, holOmshre, talathioficeeachol, OmshreeSada9talathi","occupation":"2","city":"MUMBAI","state":"MAHARASHTRA","pin_code":"622103","ISNRI":"Y","update_emp_id":"620889","edit":"0","policy_no":"454,455,456","subtype_text":"1","GCI_optional":"Yes","sum_insure":"1500000","familyConstruct":"1A+1K","tenure":"1 Year","family_members_id":"1","family_gender":"Female","first_name":"def","last_name":"dsc","family_date_birth":"07-07-1983","age":"37","age_type":" years","family_id":"","s_date":"","marriage_date":"","premium":"17500","policyNo":"454,455,456","familyDataType":"undefined","empId":"620889","product":"RMxC5efb5c5a320e7","declare":"[]","gender":"Male"} [] []
[2020-07-16 16:56:50] generateOTP.INFO: {"salutation":"1","firstname":"test","lastname":"BANKING","dob":"19-12-1988","mob_no":"7010444138","panCard":"DDDDD6456A","email":"jack@gmail.com","ref1":"1","ref2":"1","comAdd":"Om hrad ntalatiof, holOmshre, talathioficeeachol, OmshreeSada9talathi","occupation":"2","city":"MUMBAI","state":"MAHARASHTRA","pin_code":"622103","ISNRI":"Y","update_emp_id":"620889","edit":"0","policy_no":"454,455,456","subtype_text":"1","GCI_optional":"Yes","sum_insure":"1500000","familyConstruct":"1A+1K","tenure":"1 Year","family_members_id":"1","family_gender":"Female","first_name":"def","last_name":"dsc","family_date_birth":"08-07-2004","age":"16","age_type":" years","family_id":"","s_date":"","marriage_date":"","premium":"17500","policyNo":"454,455,456","familyDataType":"undefined","empId":"620889","product":"RMxC5efb5c5a320e7","declare":"[]","gender":"Male"} [] []
[2020-07-16 16:57:02] generateOTP.INFO: {"salutation":"1","firstname":"test","lastname":"BANKING","dob":"19-12-1988","mob_no":"7010444138","panCard":"DDDDD6456A","email":"jack@gmail.com","ref1":"1","ref2":"1","comAdd":"Om hrad ntalatiof, holOmshre, talathioficeeachol, OmshreeSada9talathi","occupation":"2","city":"MUMBAI","state":"MAHARASHTRA","pin_code":"622103","ISNRI":"Y","update_emp_id":"620889","edit":"0","policy_no":"454,455,456","subtype_text":"1","GCI_optional":"Yes","sum_insure":"1500000","familyConstruct":"1A+1K","tenure":"1 Year","family_members_id":"1","family_gender":"Female","first_name":"def","last_name":"dsc","family_date_birth":"12-07-1990","age":"30","age_type":" years","family_id":"","s_date":"","marriage_date":"","premium":"17500","policyNo":"454,455,456","familyDataType":"undefined","empId":"620889","product":"RMxC5efb5c5a320e7","declare":"[]","gender":"Male"} [] []
[2020-07-16 16:58:33] generateOTP.INFO: {"salutation":"1","firstname":"test","lastname":"BANKING","dob":"19-12-1988","mob_no":"7010444138","panCard":"DDDDD6456A","email":"jack@gmail.com","ref1":"1","ref2":"1","comAdd":"Om hrad ntalatiof, holOmshre, talathioficeeachol, OmshreeSada9talathi","occupation":"2","city":"MUMBAI","state":"MAHARASHTRA","pin_code":"622103","ISNRI":"Y","update_emp_id":"620889","edit":"0","policy_no":"454,455,456","subtype_text":"1","GCI_optional":"Yes","sum_insure":"1500000","familyConstruct":"1A+1K","tenure":"1 Year","family_members_id":"2","family_gender":"Male","first_name":"sd","last_name":"fvf","family_date_birth":"30-07-2015","age":"4","age_type":" years","family_id":"","s_date":"","marriage_date":"","premium":"17500","policyNo":"454,455,456","familyDataType":"undefined","empId":"620889","product":"RMxC5efb5c5a320e7","declare":"[]","gender":"Male"} [] []
[2020-07-16 16:59:08] documentsSave.INFO: {"ops_type":"[]","ids":"530,531,532"} [] []
[2020-07-16 16:59:08] documentsSaveFiles.INFO: [] [] []
[2020-07-16 17:01:55] generateOTP.INFO: test [] []
[2020-07-16 17:05:24] generateOTP.INFO: test [] []
[2020-07-16 17:05:32] generateOTP.INFO: test [] []
[2020-07-16 17:05:32] generateOTP.INFO: test [] []
[2020-07-16 17:05:56] generateOTP.INFO: test [] []
[2020-07-16 17:05:59] generateOTP.INFO: test [] []
[2020-07-16 17:06:30] generateOTP.INFO: test [] []
[2020-07-16 17:06:42] generateOTP.INFO: test [] []
[2020-07-16 17:07:37] generateOTP.INFO: test [] []
[2020-07-16 17:09:40] generateOTP.INFO: test [] []
[2020-07-16 17:13:03] generateOTP.INFO: test [] []
[2020-07-16 17:16:15] generateOTP.INFO: {"salutation":"1","firstname":"test","lastname":"BANKING","dob":"19-12-1988","mob_no":"7010444138","panCard":"DDDDD6456A","email":"jack@gmail.com","ref1":"1","ref2":"1","comAdd":"Om hrad ntalatiof, holOmshre, talathioficeeachol, OmshreeSada9talathi","occupation":"14","city":"MUMBAI","state":"MAHARASHTRA","pin_code":"622103","ISNRI":"N","update_emp_id":"620890","edit":"0","policy_no":"454,455,456","subtype_text":"1","GCI_optional":"Yes","sum_insure":"2500000","familyConstruct":"1A","tenure":"1 Year","family_members_id":"0","family_gender":"Male","first_name":"test","last_name":"BANKING","family_date_birth":"19-12-1988","age":"31","age_type":" years","family_id":"","s_date":"","marriage_date":"","premium":"16500","policyNo":"454,455,456","familyDataType":"undefined","empId":"620890","product":"RMxC5efb5c5a320e7","declare":"[]","gender":"Male"} [] []
[2020-07-16 17:16:45] documentsSave.INFO: {"ops_type":"[]","ids":"533,534,535"} [] []
[2020-07-16 17:16:45] documentsSaveFiles.INFO: [] [] []
[2020-07-16 17:20:31] generateOTP.INFO: test [] []
[2020-07-16 17:21:27] generateOTP.INFO: {"salutation":"1","firstname":"test","lastname":"BANKING","dob":"19-12-1988","mob_no":"7010444138","panCard":"DDDDD6456A","email":"jack@gmail.com","ref1":"1","ref2":"1","comAdd":"Om hrad ntalatiof, holOmshre, talathioficeeachol, OmshreeSada9talathi","occupation":"18","city":"MUMBAI","state":"MAHARASHTRA","pin_code":"622103","ISNRI":"N","update_emp_id":"620891","edit":"0","policy_no":"454,455,456","subtype_text":"1","GCI_optional":"Yes","sum_insure":"1500000","familyConstruct":"1A","tenure":"1 Year","family_members_id":"0","family_gender":"Male","first_name":"test","last_name":"BANKING","family_date_birth":"19-12-1988","age":"31","age_type":" years","family_id":"","s_date":"","marriage_date":"","premium":"13000","policyNo":"454,455,456","familyDataType":"undefined","empId":"620891","product":"RMxC5efb5c5a320e7","declare":"[]","gender":"Male"} [] []
[2020-07-16 17:21:59] documentsSave.INFO: {"ops_type":"[]","ids":"536,537,538"} [] []
[2020-07-16 17:21:59] documentsSaveFiles.INFO: [] [] []
[2020-07-16 17:25:33] generateOTP.INFO: test [] []
[2020-07-16 17:38:47] generateOTP.INFO: test [] []
[2020-07-16 17:50:18] generateOTP.INFO: test [] []
[2020-07-16 18:06:17] generateOTP.INFO: test [] []
[2020-07-16 18:06:45] generateOTP.INFO: test [] []
[2020-07-16 18:08:07] generateOTP.INFO: test [] []
[2020-07-16 18:08:37] generateOTP.INFO: test [] []
[2020-07-16 18:10:56] generateOTP.INFO: test [] []
[2020-07-16 18:11:16] generateOTP.INFO: test [] []
[2020-07-16 18:14:29] generateOTP.INFO: test [] []
[2020-07-16 18:14:32] generateOTP.INFO: test [] []
[2020-07-16 18:15:54] generateOTP.INFO: test [] []
[2020-07-16 18:16:00] generateOTP.INFO: test [] []
[2020-07-16 18:27:21] generateOTP.INFO: test [] []
[2020-07-16 18:28:09] generateOTP.INFO: test [] []
[2020-07-16 19:07:26] generateOTP.INFO: test [] []
[2020-07-16 19:18:00] generateOTP.INFO: test [] []
[2020-07-16 19:18:06] generateOTP.INFO: test [] []
[2020-07-16 19:19:45] generateOTP.INFO: test [] []
[2020-07-16 19:20:07] generateOTP.INFO: test [] []
[2020-07-16 19:20:08] generateOTP.INFO: test [] []
[2020-07-16 19:28:57] generateOTP.INFO: test [] []
[2020-07-16 20:15:31] generateOTP.INFO: test [] []
[2020-07-16 20:15:37] generateOTP.INFO: test [] []
[2020-07-16 20:15:39] generateOTP.INFO: test [] []
