[2020-01-16 11:12:02] generateOTP.INFO: test [] []
[2020-01-16 11:12:03] generateOTP.INFO: test [] []
[2020-01-16 11:12:04] generateOTP.INFO: test [] []
[2020-01-16 11:12:13] generateOTP.INFO: test [] []
[2020-01-16 11:12:13] generateOTP.INFO: test [] []
[2020-01-16 11:12:13] generateOTP.INFO: test [] []
[2020-01-16 11:14:04] generateOTP.INFO: test [] []
[2020-01-16 11:14:13] generateOTP.INFO: test [] []
[2020-01-16 11:14:19] generateOTP.INFO: test [] []
[2020-01-16 11:14:30] generateOTP.INFO: test [] []
[2020-01-16 11:14:30] generateOTP.INFO: test [] []
[2020-01-16 11:14:30] generateOTP.INFO: test [] []
[2020-01-16 11:14:37] generateOTP.INFO: test [] []
[2020-01-16 11:14:50] generateOTP.INFO: test [] []
[2020-01-16 11:17:44] generateOTP.INFO: test [] []
[2020-01-16 11:19:13] generateOTP.INFO: test [] []
[2020-01-16 11:19:50] generateOTP.INFO: test [] []
[2020-01-16 11:31:09] generateOTP.INFO: test [] []
[2020-01-16 11:31:28] generateOTP.INFO: test [] []
[2020-01-16 11:35:52] generateOTP.INFO: test [] []
[2020-01-16 11:37:45] generateOTP.INFO: test [] []
[2020-01-16 12:50:58] generateOTP.INFO: test [] []
[2020-01-16 12:50:59] generateOTP.INFO: test [] []
[2020-01-16 12:51:52] generateOTP.INFO: test [] []
[2020-01-16 12:51:52] generateOTP.INFO: test [] []
[2020-01-16 12:51:52] generateOTP.INFO: test [] []
[2020-01-16 12:52:10] generateOTP.INFO: test [] []
[2020-01-16 12:55:02] generateOTP.INFO: test [] []
[2020-01-16 12:56:37] generateOTP.INFO: test [] []
[2020-01-16 13:00:40] generateOTP.INFO: test [] []
[2020-01-16 13:00:41] generateOTP.INFO: test [] []
[2020-01-16 13:00:57] generateOTP.INFO: test [] []
[2020-01-16 13:00:58] generateOTP.INFO: test [] []
[2020-01-16 13:06:56] generateOTP.INFO: test [] []
[2020-01-16 13:07:16] generateOTP.INFO: test [] []
[2020-01-16 13:07:46] generateOTP.INFO: test [] []
[2020-01-16 13:11:35] generateOTP.INFO: test [] []
[2020-01-16 13:13:19] generateOTP.INFO: test [] []
[2020-01-16 13:13:37] generateOTP.INFO: test [] []
[2020-01-16 13:14:25] generateOTP.INFO: test [] []
[2020-01-16 13:14:42] generateOTP.INFO: test [] []
[2020-01-16 13:15:32] generateOTP.INFO: test [] []
[2020-01-16 13:16:42] generateOTP.INFO: test [] []
[2020-01-16 13:17:21] generateOTP.INFO: test [] []
[2020-01-16 14:25:23] generateOTP.INFO: test [] []
[2020-01-16 14:25:24] generateOTP.INFO: test [] []
[2020-01-16 14:25:57] generateOTP.INFO: test [] []
[2020-01-16 14:25:57] generateOTP.INFO: test [] []
[2020-01-16 14:25:57] generateOTP.INFO: test [] []
[2020-01-16 14:28:45] generateOTP.INFO: test [] []
[2020-01-16 14:28:47] generateOTP.INFO: test [] []
[2020-01-16 14:29:25] generateOTP.INFO: test [] []
[2020-01-16 14:29:26] generateOTP.INFO: test [] []
[2020-01-16 14:29:28] generateOTP.INFO: test [] []
[2020-01-16 14:29:28] generateOTP.INFO: test [] []
[2020-01-16 14:29:28] generateOTP.INFO: test [] []
[2020-01-16 14:29:31] generateOTP.INFO: test [] []
[2020-01-16 14:30:21] generateOTP.INFO: test [] []
[2020-01-16 14:31:17] generateOTP.INFO: test [] []
[2020-01-16 14:34:54] generateOTP.INFO: test [] []
[2020-01-16 14:35:00] generateOTP.INFO: test [] []
[2020-01-16 14:35:01] generateOTP.INFO: test [] []
[2020-01-16 14:37:35] generateOTP.INFO: test [] []
[2020-01-16 14:38:07] generateOTP.INFO: test [] []
[2020-01-16 14:39:38] generateOTP.INFO: test [] []
[2020-01-16 14:40:52] generateOTP.INFO: test [] []
[2020-01-16 14:41:58] generateOTP.INFO: test [] []
[2020-01-16 14:44:44] generateOTP.INFO: test [] []
[2020-01-16 14:46:35] generateOTP.INFO: test [] []
[2020-01-16 14:54:26] generateOTP.INFO: test [] []
[2020-01-16 14:56:35] generateOTP.INFO: test [] []
[2020-01-16 14:56:57] generateOTP.INFO: test [] []
[2020-01-16 14:57:40] generateOTP.INFO: test [] []
[2020-01-16 14:58:07] generateOTP.INFO: test [] []
[2020-01-16 15:01:50] generateOTP.INFO: test [] []
[2020-01-16 15:02:30] generateOTP.INFO: test [] []
[2020-01-16 15:03:55] generateOTP.INFO: test [] []
[2020-01-16 15:07:35] generateOTP.INFO: test [] []
[2020-01-16 15:08:29] generateOTP.INFO: test [] []
[2020-01-16 15:09:19] generateOTP.INFO: test [] []
[2020-01-16 15:11:25] generateOTP.INFO: test [] []
[2020-01-16 15:11:52] generateOTP.INFO: test [] []
[2020-01-16 15:12:11] generateOTP.INFO: test [] []
[2020-01-16 15:13:05] generateOTP.INFO: test [] []
[2020-01-16 15:13:11] generateOTP.INFO: test [] []
[2020-01-16 15:16:56] generateOTP.INFO: test [] []
[2020-01-16 15:19:17] generateOTP.INFO: test [] []
[2020-01-16 15:20:52] generateOTP.INFO: test [] []
[2020-01-16 15:22:09] generateOTP.INFO: test [] []
[2020-01-16 15:23:08] generateOTP.INFO: test [] []
[2020-01-16 15:23:50] generateOTP.INFO: test [] []
[2020-01-16 15:25:09] generateOTP.INFO: test [] []
[2020-01-16 15:25:19] generateOTP.INFO: test [] []
[2020-01-16 15:26:20] generateOTP.INFO: test [] []
[2020-01-16 15:29:32] generateOTP.INFO: test [] []
[2020-01-16 15:29:34] generateOTP.INFO: test [] []
[2020-01-16 15:29:45] generateOTP.INFO: test [] []
[2020-01-16 15:31:52] generateOTP.INFO: test [] []
[2020-01-16 15:32:13] generateOTP.INFO: test [] []
[2020-01-16 15:32:41] generateOTP.INFO: test [] []
[2020-01-16 15:34:02] generateOTP.INFO: test [] []
[2020-01-16 15:34:43] generateOTP.INFO: test [] []
[2020-01-16 15:37:10] generateOTP.INFO: test [] []
[2020-01-16 15:39:11] generateOTP.INFO: test [] []
[2020-01-16 15:43:23] generateOTP.INFO: test [] []
[2020-01-16 15:47:41] generateOTP.INFO: test [] []
[2020-01-16 15:48:53] generateOTP.INFO: test [] []
[2020-01-16 15:50:27] generateOTP.INFO: test [] []
[2020-01-16 15:51:05] generateOTP.INFO: test [] []
[2020-01-16 15:51:53] generateOTP.INFO: test [] []
[2020-01-16 15:53:22] generateOTP.INFO: test [] []
[2020-01-16 15:54:38] generateOTP.INFO: test [] []
[2020-01-16 16:09:09] generateOTP.INFO: test [] []
[2020-01-16 16:10:43] generateOTP.INFO: test [] []
[2020-01-16 16:10:45] generateOTP.INFO: test [] []
[2020-01-16 16:10:59] generateOTP.INFO: test [] []
[2020-01-16 16:11:08] generateOTP.INFO: test [] []
[2020-01-16 16:11:08] generateOTP.INFO: test [] []
[2020-01-16 16:11:10] generateOTP.INFO: test [] []
[2020-01-16 16:14:20] generateOTP.INFO: {"edit":"0","policy_no":"378","subtype_text":"1","sum_insure":"800000","familyConstruct":"2A+2K","tenure":"1 Year","family_members_id":"0","family_gender":"Female","first_name":"Shruthi","middle_name":"Mohan","last_name":"Nair","family_date_birth":"18-02-1975","age":"44","age_type":"years","family_id":"","s_date":"","marriage_date":"","premium_parent":"","contri_parent":"","premium":"7499","policyNo":"378","familyDataType":"undefined","empId":"619959","product":"QBTv5db9151ad1c21","declare":"[]"} [] []
[2020-01-16 16:14:52] generateOTP.INFO: {"edit":"0","policy_no":"378","subtype_text":"1","sum_insure":"800000","familyConstruct":"2A+2K","tenure":"1 Year","family_members_id":"1","family_gender":"Male","first_name":"Rajiv","middle_name":"kk","last_name":"Nair","family_date_birth":"24-09-1970","age":"49","age_type":"years","family_id":"","s_date":"","marriage_date":"","premium_parent":"","contri_parent":"","premium":"7499","policyNo":"378","familyDataType":"undefined","empId":"619959","product":"QBTv5db9151ad1c21","declare":"[]"} [] []
[2020-01-16 16:15:05] generateOTP.INFO: {"edit":"0","policy_no":"378","subtype_text":"1","sum_insure":"800000","familyConstruct":"2A+2K","tenure":"1 Year","family_members_id":"2","family_gender":"Male","first_name":"adi","middle_name":"fdgfd","last_name":"dfgfdg","family_date_birth":"06-01-2016","age":"4","age_type":"years","family_id":"","s_date":"","marriage_date":"","premium_parent":"","contri_parent":"","premium":"7499","policyNo":"378","familyDataType":"undefined","empId":"619959","product":"QBTv5db9151ad1c21","declare":"[]"} [] []
[2020-01-16 16:15:19] generateOTP.INFO: {"edit":"0","policy_no":"378","subtype_text":"1","sum_insure":"800000","familyConstruct":"2A+2K","tenure":"1 Year","family_members_id":"3","family_gender":"Female","first_name":"Maanya","middle_name":"fdg","last_name":"fdgfdg","family_date_birth":"09-01-2019","age":"1","age_type":"years","family_id":"","s_date":"","marriage_date":"","premium_parent":"","contri_parent":"","premium":"7499","policyNo":"378","familyDataType":"undefined","empId":"619959","product":"QBTv5db9151ad1c21","declare":"[]"} [] []
[2020-01-16 16:17:05] documentsSave.INFO: {"ops_type":"[\"Enrollment form\",\"Cheque Copy\"]","ext0":"undefined","ext1":"undefined","ids":"76","update_datas":"undefined"} [] []
[2020-01-16 16:17:05] documentsSaveFiles.INFO: [{"name":"Aadhar2.pdf","type":"application\/pdf","tmp_name":"\/tmp\/phpd7Ajst","error":0,"size":365116},{"name":"92da28ce411704c2c1a2a5a00ba4b5cd.pdf_tmp562C.tmp.pdf","type":"application\/pdf","tmp_name":"\/tmp\/phpvlv7kn","error":0,"size":248303}] [] []
[2020-01-16 16:17:17] generateOTP.INFO: test [] []
[2020-01-16 16:17:47] generateOTP.INFO: test [] []
[2020-01-16 16:17:47] generateOTP.INFO: test [] []
[2020-01-16 16:17:48] generateOTP.INFO: test [] []
[2020-01-16 16:19:50] generateOTP.INFO: {"edit":"0","policy_no":"378","subtype_text":"1","sum_insure":"1000000","familyConstruct":"2A","tenure":"1 Year","family_members_id":"0","family_gender":"Male","first_name":"Rajiv","middle_name":"S","last_name":"Nair","family_date_birth":"19-08-1983","age":"36","age_type":"years","family_id":"","s_date":"","marriage_date":"","premium_parent":"","contri_parent":"","premium":"6899","policyNo":"378","familyDataType":"undefined","empId":"619960","product":"QBTv5db9151ad1c21","declare":"[]"} [] []
[2020-01-16 16:20:08] generateOTP.INFO: {"edit":"0","policy_no":"378","subtype_text":"1","sum_insure":"1000000","familyConstruct":"2A","tenure":"1 Year","family_members_id":"1","family_gender":"Female","first_name":"Sanika","middle_name":"sad","last_name":"Nair","family_date_birth":"17-06-1992","age":"27","age_type":"years","family_id":"","s_date":"","marriage_date":"","premium_parent":"","contri_parent":"","premium":"6899","policyNo":"378","familyDataType":"undefined","empId":"619960","product":"QBTv5db9151ad1c21","declare":"[]"} [] []
[2020-01-16 16:21:24] documentsSave.INFO: {"ops_type":"[\"Enrollment form\",\"Cheque Copy\"]","ext0":"undefined","ext1":"undefined","ids":"77","update_datas":"undefined"} [] []
[2020-01-16 16:21:24] documentsSaveFiles.INFO: [{"name":"PAN.jpg","type":"image\/jpeg","tmp_name":"\/tmp\/phpLGhceB","error":0,"size":132663},{"name":"AADHAR.jpg","type":"image\/jpeg","tmp_name":"\/tmp\/phpJc9iOC","error":0,"size":247909}] [] []
[2020-01-16 16:21:30] generateOTP.INFO: test [] []
[2020-01-16 16:21:48] generateOTP.INFO: test [] []
[2020-01-16 16:21:51] generateOTP.INFO: test [] []
[2020-01-16 16:21:58] generateOTP.INFO: test [] []
[2020-01-16 16:22:09] generateOTP.INFO: test [] []
[2020-01-16 16:22:10] generateOTP.INFO: test [] []
[2020-01-16 16:22:20] generateOTP.INFO: test [] []
[2020-01-16 16:22:33] generateOTP.INFO: test [] []
[2020-01-16 16:22:41] generateOTP.INFO: test [] []
[2020-01-16 16:24:44] generateOTP.INFO: test [] []
[2020-01-16 16:26:33] generateOTP.INFO: test [] []
[2020-01-16 16:38:16] generateOTP.INFO: test [] []
[2020-01-16 16:42:33] generateOTP.INFO: test [] []
[2020-01-16 16:46:19] generateOTP.INFO: test [] []
[2020-01-16 16:46:23] generateOTP.INFO: test [] []
[2020-01-16 16:46:24] generateOTP.INFO: test [] []
[2020-01-16 16:46:31] generateOTP.INFO: test [] []
[2020-01-16 16:46:31] generateOTP.INFO: test [] []
[2020-01-16 16:46:42] generateOTP.INFO: test [] []
[2020-01-16 16:47:41] generateOTP.INFO: test [] []
[2020-01-16 16:47:42] generateOTP.INFO: test [] []
[2020-01-16 16:47:57] generateOTP.INFO: test [] []
[2020-01-16 16:55:55] generateOTP.INFO: test [] []
[2020-01-16 16:55:55] generateOTP.INFO: test [] []
[2020-01-16 16:55:55] generateOTP.INFO: test [] []
[2020-01-16 16:55:57] generateOTP.INFO: test [] []
[2020-01-16 16:56:24] generateOTP.INFO: test [] []
[2020-01-16 16:58:29] generateOTP.INFO: {"edit":"0","policy_no":"378","subtype_text":"1","sum_insure":"1000000","familyConstruct":"2A","tenure":"1 Year","family_members_id":"0","family_gender":"Female","first_name":"Shraddha","middle_name":"Kumar","last_name":"Nair","family_date_birth":"23-04-1981","age":"38","age_type":"years","family_id":"","s_date":"","marriage_date":"","premium_parent":"","contri_parent":"","premium":"6899","policyNo":"378","familyDataType":"undefined","empId":"619961","product":"QBTv5db9151ad1c21","declare":"[]"} [] []
[2020-01-16 16:58:42] generateOTP.INFO: {"edit":"0","policy_no":"378","subtype_text":"1","sum_insure":"1000000","familyConstruct":"2A","tenure":"1 Year","family_members_id":"1","family_gender":"Male","first_name":"Daivik","middle_name":"sdfg","last_name":"dsfdfs","family_date_birth":"09-01-1979","age":"41","age_type":"years","family_id":"","s_date":"","marriage_date":"","premium_parent":"","contri_parent":"","premium":"6899","policyNo":"378","familyDataType":"undefined","empId":"619961","product":"QBTv5db9151ad1c21","declare":"[]"} [] []
[2020-01-16 16:59:56] documentsSave.INFO: {"ops_type":"[\"Enrollment form\",\"Cheque Copy\"]","ext0":"undefined","ext1":"undefined","ids":"78","update_datas":"undefined"} [] []
[2020-01-16 16:59:56] documentsSaveFiles.INFO: [{"name":"7ec28474ce6d2dad2742ac0ece846b22.pdf_tmpAE0A.pdf","type":"application\/pdf","tmp_name":"\/tmp\/phptepOLM","error":0,"size":248303},{"name":"PAN.jpg","type":"image\/jpeg","tmp_name":"\/tmp\/phpLiJPVZ","error":0,"size":132663}] [] []
[2020-01-16 17:00:11] generateOTP.INFO: test [] []
[2020-01-16 17:01:01] generateOTP.INFO: test [] []
[2020-01-16 17:03:15] generateOTP.INFO: test [] []
[2020-01-16 17:03:31] generateOTP.INFO: test [] []
[2020-01-16 17:12:47] generateOTP.INFO: test [] []
[2020-01-16 17:13:24] generateOTP.INFO: test [] []
[2020-01-16 17:13:27] generateOTP.INFO: test [] []
[2020-01-16 17:13:27] generateOTP.INFO: test [] []
[2020-01-16 17:13:31] generateOTP.INFO: test [] []
[2020-01-16 17:51:00] generateOTP.INFO: test [] []
[2020-01-16 17:51:02] generateOTP.INFO: test [] []
[2020-01-16 17:51:03] generateOTP.INFO: test [] []
[2020-01-16 17:51:14] generateOTP.INFO: test [] []
[2020-01-16 17:51:14] generateOTP.INFO: test [] []
[2020-01-16 17:51:15] generateOTP.INFO: test [] []
[2020-01-16 17:51:23] generateOTP.INFO: test [] []
[2020-01-16 17:54:07] generateOTP.INFO: test [] []
[2020-01-16 17:58:16] generateOTP.INFO: test [] []
[2020-01-16 17:58:18] generateOTP.INFO: test [] []
[2020-01-16 17:58:34] generateOTP.INFO: test [] []
[2020-01-16 18:00:13] generateOTP.INFO: test [] []
[2020-01-16 18:00:18] generateOTP.INFO: test [] []
[2020-01-16 18:00:20] generateOTP.INFO: test [] []
[2020-01-16 18:00:27] generateOTP.INFO: test [] []
[2020-01-16 18:01:22] generateOTP.INFO: test [] []
[2020-01-16 18:12:20] generateOTP.INFO: test [] []
[2020-01-16 18:13:21] generateOTP.INFO: test [] []
[2020-01-16 18:14:24] generateOTP.INFO: test [] []
[2020-01-16 18:19:31] generateOTP.INFO: test [] []
[2020-01-16 18:21:19] generateOTP.INFO: test [] []
[2020-01-16 18:21:20] generateOTP.INFO: test [] []
[2020-01-16 18:21:26] generateOTP.INFO: test [] []
[2020-01-16 18:21:42] generateOTP.INFO: test [] []
[2020-01-16 18:21:42] generateOTP.INFO: test [] []
[2020-01-16 18:21:42] generateOTP.INFO: test [] []
[2020-01-16 18:23:43] generateOTP.INFO: {"edit":"0","subtype_text":"3","policy_no":"379","sum_insure":"500000","familyConstruct":"1A","tenure":"1 Year","family_members_id":"0","family_gender":"Male","first_name":"Jobin","middle_name":"A","last_name":"Mathew","family_date_birth":"05-03-1986","age":"33","age_type":"years","family_id":"","s_date":"","marriage_date":"","premium_parent":"","contri_parent":"","premium":"2099","policyNo":"379","familyDataType":"family_construct","product":"QBTv5db9151ad1c21","empId":"619962"} [] []
[2020-01-16 18:24:48] documentsSave.INFO: {"ops_type":"[\"Enrollment form\",\"Cheque Copy\"]","ext0":"undefined","ext1":"undefined","ids":"79","update_datas":"undefined"} [] []
[2020-01-16 18:24:48] documentsSaveFiles.INFO: [{"name":"Aadhar2.pdf","type":"application\/pdf","tmp_name":"\/tmp\/phptHpX5G","error":0,"size":365116},{"name":"AADHAR.jpg","type":"image\/jpeg","tmp_name":"\/tmp\/php7hIwBO","error":0,"size":247909}] [] []
[2020-01-16 18:24:53] generateOTP.INFO: test [] []
[2020-01-16 18:25:09] generateOTP.INFO: test [] []
[2020-01-16 18:25:10] generateOTP.INFO: test [] []
[2020-01-16 18:25:26] generateOTP.INFO: test [] []
[2020-01-16 18:26:13] generateOTP.INFO: test [] []
[2020-01-16 18:38:14] generateOTP.INFO: test [] []
[2020-01-16 18:42:39] generateOTP.INFO: test [] []
[2020-01-16 18:44:23] generateOTP.INFO: test [] []
[2020-01-16 18:46:59] generateOTP.INFO: test [] []
[2020-01-16 18:53:17] generateOTP.INFO: test [] []
[2020-01-16 18:57:13] generateOTP.INFO: test [] []
[2020-01-16 18:59:36] generateOTP.INFO: test [] []
[2020-01-16 19:01:50] generateOTP.INFO: test [] []
[2020-01-16 19:02:37] generateOTP.INFO: test [] []
