[2020-11-16 00:54:54] generateOTP.INFO: test [] []
[2020-11-16 00:55:08] generateOTP.INFO: test [] []
[2020-11-16 00:55:23] generateOTP.INFO: test [] []
[2020-11-16 02:00:51] generateOTP.INFO: test [] []
[2020-11-16 02:01:51] generateOTP.INFO: test [] []
[2020-11-16 02:02:51] generateOTP.INFO: test [] []
[2020-11-16 10:30:51] generateOTP.INFO: test [] []
[2020-11-16 10:30:54] generateOTP.INFO: test [] []
[2020-11-16 10:31:09] generateOTP.INFO: test [] []
[2020-11-16 10:31:11] generateOTP.INFO: test [] []
[2020-11-16 10:31:18] generateOTP.INFO: test [] []
[2020-11-16 10:37:18] generateOTP.INFO: test [] []
[2020-11-16 10:39:27] generateOTP.INFO: test [] []
[2020-11-16 10:40:49] generateOTP.INFO: test [] []
[2020-11-16 11:12:26] generateOTP.INFO: test [] []
[2020-11-16 11:12:27] generateOTP.INFO: test [] []
[2020-11-16 11:12:35] generateOTP.INFO: test [] []
[2020-11-16 11:13:27] generateOTP.INFO: test [] []
[2020-11-16 11:26:50] generateOTP.INFO: test [] []
[2020-11-16 11:26:51] generateOTP.INFO: test [] []
[2020-11-16 11:26:57] generateOTP.INFO: test [] []
[2020-11-16 11:27:59] generateOTP.INFO: test [] []
[2020-11-16 11:35:21] generateOTP.INFO: test [] []
[2020-11-16 11:41:02] generateOTP.INFO: test [] []
[2020-11-16 11:41:27] generateOTP.INFO: test [] []
[2020-11-16 11:41:28] generateOTP.INFO: test [] []
[2020-11-16 11:41:56] generateOTP.INFO: test [] []
[2020-11-16 11:41:57] generateOTP.INFO: test [] []
[2020-11-16 11:42:07] generateOTP.INFO: test [] []
[2020-11-16 11:42:11] generateOTP.INFO: test [] []
[2020-11-16 11:42:21] generateOTP.INFO: test [] []
[2020-11-16 11:43:13] generateOTP.INFO: test [] []
[2020-11-16 11:43:19] generateOTP.INFO: test [] []
[2020-11-16 11:44:51] generateOTP.INFO: test [] []
[2020-11-16 11:44:52] generateOTP.INFO: test [] []
[2020-11-16 11:45:00] generateOTP.INFO: test [] []
[2020-11-16 11:45:10] generateOTP.INFO: test [] []
[2020-11-16 11:45:11] generateOTP.INFO: test [] []
[2020-11-16 11:45:18] generateOTP.INFO: test [] []
[2020-11-16 11:45:26] generateOTP.INFO: {"salutation":"1","firstname":"test","lastname":"BANKING","dob":"19-12-1988","mob_no":"7010444138","panCard":"XXXXXX456A","email":"jack@gmail.com","ref1":"1","ref2":"1","comAdd":"Om hrad ntalatiof, holOmshre, talathioficeeachol, OmshreeSada9talathi","city":"MUMBAI","state":"MAHARASHTRA","pin_code":"622103","ISNRI":"N","update_emp_id":"623637","edit":"0","policy_no":"392,393","subtype_text":"1","sum_insure":"500000","anuual_income":"","familyConstruct":"2A","family_members_id":"0","family_gender":"Male","first_name":"test","last_name":"BANKING","family_date_birth":"19-12-1988","age":"31","age_type":" years","tenure":"1 Year","family_id":"","s_date":"","marriage_date":"","premium":"15999","policyNo":"392,393","familyDataType":"undefined","empId":"623637","product":"iWL65dcd54d9c5a65","declare":"[]","gender":"Male","gci_options":"Yes"} [] []
[2020-11-16 11:45:44] generateOTP.INFO: test [] []
[2020-11-16 11:45:51] generateOTP.INFO: {"salutation":"1","firstname":"test","lastname":"BANKING","dob":"19-12-1988","mob_no":"7010444138","panCard":"XXXXXX456A","email":"jack@gmail.com","ref1":"1","ref2":"1","comAdd":"Om hrad ntalatiof, holOmshre, talathioficeeachol, OmshreeSada9talathi","city":"MUMBAI","state":"MAHARASHTRA","pin_code":"622103","ISNRI":"N","update_emp_id":"623637","edit":"0","policy_no":"392,393","subtype_text":"1","sum_insure":"500000","anuual_income":"","familyConstruct":"2A","family_members_id":"1","family_gender":"Female","first_name":"Test","last_name":"Test","family_date_birth":"06-11-1991","age":"29","age_type":" years","tenure":"1 Year","family_id":"","s_date":"","marriage_date":"","premium":"15999","policyNo":"392,393","familyDataType":"undefined","empId":"623637","product":"iWL65dcd54d9c5a65","declare":"[]","gender":"Male","gci_options":"Yes"} [] []
[2020-11-16 11:48:36] documentsSave.INFO: {"ops_type":"[]","ids":"352,353"} [] []
[2020-11-16 11:48:36] documentsSaveFiles.INFO: [] [] []
[2020-11-16 11:48:56] generateOTP.INFO: test [] []
[2020-11-16 11:49:10] generateOTP.INFO: test [] []
[2020-11-16 11:49:55] generateOTP.INFO: test [] []
[2020-11-16 11:50:10] generateOTP.INFO: test [] []
[2020-11-16 11:50:29] generateOTP.INFO: test [] []
[2020-11-16 11:50:59] generateOTP.INFO: test [] []
[2020-11-16 11:51:22] generateOTP.INFO: test [] []
[2020-11-16 11:51:24] generateOTP.INFO: test [] []
[2020-11-16 11:53:28] generateOTP.INFO: test [] []
[2020-11-16 11:53:29] generateOTP.INFO: test [] []
[2020-11-16 11:53:41] generateOTP.INFO: test [] []
[2020-11-16 11:54:02] generateOTP.INFO: test [] []
[2020-11-16 11:54:08] generateOTP.INFO: test [] []
[2020-11-16 11:55:26] generateOTP.INFO: test [] []
[2020-11-16 11:55:37] generateOTP.INFO: test [] []
[2020-11-16 11:55:38] generateOTP.INFO: test [] []
[2020-11-16 11:55:38] generateOTP.INFO: test [] []
[2020-11-16 11:55:47] generateOTP.INFO: test [] []
[2020-11-16 11:56:09] generateOTP.INFO: test [] []
[2020-11-16 11:57:08] generateOTP.INFO: test [] []
[2020-11-16 11:57:09] generateOTP.INFO: test [] []
[2020-11-16 11:57:16] generateOTP.INFO: test [] []
[2020-11-16 11:57:38] generateOTP.INFO: test [] []
[2020-11-16 12:00:47] generateOTP.INFO: test [] []
[2020-11-16 12:00:48] generateOTP.INFO: test [] []
[2020-11-16 12:00:56] generateOTP.INFO: test [] []
[2020-11-16 12:01:20] generateOTP.INFO: test [] []
[2020-11-16 12:02:32] generateOTP.INFO: test [] []
[2020-11-16 12:02:33] generateOTP.INFO: test [] []
[2020-11-16 12:02:52] generateOTP.INFO: test [] []
[2020-11-16 12:03:17] generateOTP.INFO: test [] []
[2020-11-16 12:03:57] generateOTP.INFO: test [] []
[2020-11-16 12:05:58] generateOTP.INFO: test [] []
[2020-11-16 12:05:59] generateOTP.INFO: test [] []
[2020-11-16 12:06:08] generateOTP.INFO: test [] []
[2020-11-16 12:06:32] generateOTP.INFO: test [] []
[2020-11-16 12:06:53] generateOTP.INFO: test [] []
[2020-11-16 12:06:55] generateOTP.INFO: test [] []
[2020-11-16 12:07:06] generateOTP.INFO: test [] []
[2020-11-16 12:07:27] generateOTP.INFO: test [] []
[2020-11-16 12:09:31] generateOTP.INFO: test [] []
[2020-11-16 12:09:33] generateOTP.INFO: test [] []
[2020-11-16 12:09:48] generateOTP.INFO: test [] []
[2020-11-16 12:10:32] generateOTP.INFO: test [] []
[2020-11-16 12:19:09] generateOTP.INFO: test [] []
[2020-11-16 12:23:10] generateOTP.INFO: test [] []
[2020-11-16 12:23:40] generateOTP.INFO: test [] []
[2020-11-16 12:24:53] generateOTP.INFO: test [] []
[2020-11-16 12:25:44] generateOTP.INFO: test [] []
[2020-11-16 12:29:24] generateOTP.INFO: test [] []
[2020-11-16 12:29:25] generateOTP.INFO: test [] []
[2020-11-16 12:29:31] generateOTP.INFO: test [] []
[2020-11-16 12:29:31] generateOTP.INFO: test [] []
[2020-11-16 12:30:02] generateOTP.INFO: test [] []
[2020-11-16 12:30:02] generateOTP.INFO: test [] []
[2020-11-16 12:30:26] generateOTP.INFO: test [] []
[2020-11-16 12:30:27] generateOTP.INFO: test [] []
[2020-11-16 12:30:53] generateOTP.INFO: test [] []
[2020-11-16 12:30:53] generateOTP.INFO: test [] []
[2020-11-16 12:30:53] generateOTP.INFO: test [] []
[2020-11-16 12:30:53] generateOTP.INFO: test [] []
[2020-11-16 12:31:46] generateOTP.INFO: test [] []
[2020-11-16 12:31:47] generateOTP.INFO: test [] []
[2020-11-16 12:32:51] generateOTP.INFO: test [] []
[2020-11-16 12:32:52] generateOTP.INFO: test [] []
[2020-11-16 12:33:03] generateOTP.INFO: test [] []
[2020-11-16 12:33:03] generateOTP.INFO: test [] []
[2020-11-16 12:33:08] generateOTP.INFO: test [] []
[2020-11-16 12:33:09] generateOTP.INFO: test [] []
[2020-11-16 12:33:52] generateOTP.INFO: test [] []
[2020-11-16 12:33:52] generateOTP.INFO: test [] []
[2020-11-16 12:33:52] generateOTP.INFO: test [] []
[2020-11-16 12:33:53] generateOTP.INFO: test [] []
[2020-11-16 12:34:00] generateOTP.INFO: test [] []
[2020-11-16 12:34:00] generateOTP.INFO: test [] []
[2020-11-16 12:34:03] generateOTP.INFO: test [] []
[2020-11-16 12:34:03] generateOTP.INFO: test [] []
[2020-11-16 12:36:28] generateOTP.INFO: test [] []
[2020-11-16 12:36:31] generateOTP.INFO: test [] []
[2020-11-16 12:36:36] generateOTP.INFO: test [] []
[2020-11-16 12:36:37] generateOTP.INFO: test [] []
[2020-11-16 12:44:12] generateOTP.INFO: test [] []
[2020-11-16 12:44:16] generateOTP.INFO: test [] []
[2020-11-16 12:44:37] generateOTP.INFO: test [] []
[2020-11-16 12:44:38] generateOTP.INFO: test [] []
[2020-11-16 12:44:41] generateOTP.INFO: test [] []
[2020-11-16 12:44:42] generateOTP.INFO: test [] []
[2020-11-16 12:44:52] generateOTP.INFO: test [] []
[2020-11-16 12:44:52] generateOTP.INFO: test [] []
[2020-11-16 12:44:52] generateOTP.INFO: test [] []
[2020-11-16 12:44:52] generateOTP.INFO: test [] []
[2020-11-16 12:45:00] generateOTP.INFO: test [] []
[2020-11-16 12:45:00] generateOTP.INFO: test [] []
[2020-11-16 12:45:12] generateOTP.INFO: test [] []
[2020-11-16 12:45:12] generateOTP.INFO: test [] []
[2020-11-16 12:47:14] full_quote_request2.INFO: {"ClientCreation":{"Member_Customer_ID":"160550803211114GHI","salutation":"Mr","firstName":"anky","middleName":"","lastName":"test","dateofBirth":"11\/14\/1990","gender":"M","educationalQualification":null,"pinCode":"410218","uidNo":"","maritalStatus":null,"nationality":"Indian","occupation":"O553","primaryEmailID":"ankytest@test.in","contactMobileNo":"7890123444","stdLandlineNo":null,"panNo":null,"passportNumber":null,"contactPerson":null,"annualIncome":null,"remarks":null,"startDate":"2020-11-16","endDate":null,"IdProof":"Adhaar Card","residenceProof":null,"ageProof":null,"others":null,"homeAddressLine1":"test address","homeAddressLine2":null,"homeAddressLine3":null,"homePinCode":"410218","homeArea":null,"homeContactMobileNo":null,"homeContactMobileNo2":null,"homeSTDLandlineNo":null,"homeFaxNo":null,"sameAsHomeAddress":"1","mailingAddressLine1":null,"mailingAddressLine2":null,"mailingAddressLine3":null,"mailingPinCode":null,"mailingArea":null,"mailingContactMobileNo":null,"mailingContactMobileNo2":null,"mailingSTDLandlineNo":null,"mailingSTDLandlineNo2":null,"mailingFaxNo":null,"bankAccountType":null,"bankAccountNo":null,"ifscCode":null,"GSTIN":null,"GSTRegistrationStatus":"Consumers","IsEIAavailable":"0","ApplyEIA":"0","EIAAccountNo":null,"EIAWith":"0","AccountType":null,"AddressProof":null,"DOBProof":null,"IdentityProof":null},"PolicyCreationRequest":{"Quotation_Number":"IPB100145725","MasterPolicyNumber":"61-20-00040-00-00","GroupID":"GRP013","Product_Code":"4211","SumInsured_Type":null,"Policy_Tanure":"1","Member_Type_Code":"M209","intermediaryCode":"2108233","AutoRenewal":"Y","intermediaryBranchCode":"10MHMUM01","agentSignatureDate":null,"Customer_Signature_Date":null,"businessSourceChannel":null,"AssignPolicy":"0","AssigneeName":null,"leadID":"1605510866","Source_Name":"AXIS_GHI","SPID":"0","TCN":null,"CRTNO":null,"RefCode1":"0","RefCode2":null,"Employee_Number":"3469","enumIsEmployeeDiscount":null,"QuoteDate":null,"IsPayment":"1","PaymentMode":null,"PolicyproductComponents":[{"PlanCode":"4211","SumInsured":"500000","SchemeCode":"4112000003"}]},"MemObj":{"Member":[{"MemberNo":1,"Salutation":"Mr","First_Name":"anky test","Middle_Name":null,"Last_Name":".","Gender":"M","DateOfBirth":"11\/14\/1990","Relation_Code":"R001","Marital_Status":null,"height":"0.00","weight":"0","occupation":"O553","PrimaryMember":"Y","MemberproductComponents":[{"PlanCode":"4211","MemberQuestionDetails":[{"QuestionCode":null,"Answer":null,"Remarks":null}]}],"MemberPED":[{"PEDCode":null,"Remarks":null}],"exactDiagnosis":null,"dateOfDiagnosis":null,"lastDateConsultation":null,"detailsOfTreatmentGiven":null,"doctorName":null,"hospitalName":null,"phoneNumberHosital":null,"Nominee_First_Name":"ttt","Nominee_Last_Name":"www","Nominee_Contact_Number":null,"Nominee_Home_Address":null,"Nominee_Relationship_Code":"R002"},{"MemberNo":2,"Salutation":"Mrs","First_Name":"ttt www","Middle_Name":null,"Last_Name":".","Gender":"F","DateOfBirth":"11\/11\/1992","Relation_Code":"R002","Marital_Status":null,"height":"0.00","weight":"0","occupation":"O553","PrimaryMember":"N","MemberproductComponents":[{"PlanCode":"4211","MemberQuestionDetails":[{"QuestionCode":null,"Answer":null,"Remarks":null}]}],"MemberPED":[{"PEDCode":null,"Remarks":null}],"exactDiagnosis":null,"dateOfDiagnosis":null,"lastDateConsultation":null,"detailsOfTreatmentGiven":null,"doctorName":null,"hospitalName":null,"phoneNumberHosital":null,"Nominee_First_Name":"ttt","Nominee_Last_Name":"www","Nominee_Contact_Number":null,"Nominee_Home_Address":null,"Nominee_Relationship_Code":"R002"},{"MemberNo":3,"Salutation":"Mr","First_Name":"ttt yyyyyyy","Middle_Name":null,"Last_Name":".","Gender":"M","DateOfBirth":"11\/11\/2015","Relation_Code":"R003","Marital_Status":null,"height":"0.00","weight":"0","occupation":"O553","PrimaryMember":"N","MemberproductComponents":[{"PlanCode":"4211","MemberQuestionDetails":[{"QuestionCode":null,"Answer":null,"Remarks":null}]}],"MemberPED":[{"PEDCode":null,"Remarks":null}],"exactDiagnosis":null,"dateOfDiagnosis":null,"lastDateConsultation":null,"detailsOfTreatmentGiven":null,"doctorName":null,"hospitalName":null,"phoneNumberHosital":null,"Nominee_First_Name":"ttt","Nominee_Last_Name":"www","Nominee_Contact_Number":null,"Nominee_Home_Address":null,"Nominee_Relationship_Code":"R002"},{"MemberNo":4,"Salutation":"Ms","First_Name":"testt testtt","Middle_Name":null,"Last_Name":".","Gender":"F","DateOfBirth":"11\/05\/2019","Relation_Code":"R004","Marital_Status":null,"height":"0.00","weight":"0","occupation":"O553","PrimaryMember":"N","MemberproductComponents":[{"PlanCode":"4211","MemberQuestionDetails":[{"QuestionCode":null,"Answer":null,"Remarks":null}]}],"MemberPED":[{"PEDCode":null,"Remarks":null}],"exactDiagnosis":null,"dateOfDiagnosis":null,"lastDateConsultation":null,"detailsOfTreatmentGiven":null,"doctorName":null,"hospitalName":null,"phoneNumberHosital":null,"Nominee_First_Name":"ttt","Nominee_Last_Name":"www","Nominee_Contact_Number":null,"Nominee_Home_Address":null,"Nominee_Relationship_Code":"R002"}]},"ReceiptCreation":{"officeLocation":"Mumbai","modeOfEntry":"Direct","cdAcNo":null,"expiryDate":null,"payerType":"Customer","payerCode":null,"paymentBy":"Customer","paymentByName":null,"paymentByRelationship":null,"collectionAmount":11799,"collectionRcvdDate":"2020-11-16","collectionMode":"online","remarks":null,"instrumentNumber":"pay_G1kpCum2vsjWex","instrumentDate":"2020-11-16","bankName":"0","branchName":null,"bankLocation":null,"micrNo":null,"chequeType":null,"ifscCode":null,"PaymentGatewayName":"AXIS_GHI","TerminalID":"EuxJCz8cZV9V63","CardNo":null}} [] []
[2020-11-16 12:47:51] full_quote_reponse2.INFO: "<ns0:GHI_Res xmlns:ns0=\"http:\/\/ABHICL_NBP_QuickQuote_Schemas.GHI_Response\"><errorObj><ErrorNumber>00<\/ErrorNumber><ErrorMessage>Success<\/ErrorMessage><\/errorObj><policyDtls><TransactionReferenceNumber><\/TransactionReferenceNumber><QuotationNumber>IPB100145725<\/QuotationNumber><CertificateNumber>GHI-AX-20-1001439<\/CertificateNumber><LetterURL>https:\/\/abpb.adityabirlahealth.com\/hbletter\/viewletter.aspx?ABH=166815&amp;TRM=GHI-AX-20-1001439<\/LetterURL><ClientID>1308724<\/ClientID><ProductName>Group Activ Health<\/ProductName><ProductCode>4211<\/ProductCode><LineOfBusiness>42<\/LineOfBusiness><startDate>11\/16\/2020 12:00:00 AM<\/startDate><EndDate>11\/15\/2021 12:00:00 AM<\/EndDate><PolicyNumber>61-20-00040-00-00<\/PolicyNumber><ProposalNumber>IPB100145725<\/ProposalNumber><PolicyStatus>IF<\/PolicyStatus><Tenure>1<\/Tenure><stpFlag>0<\/stpFlag><COIUrl>https:\/\/uat_abpb.adityabirlahealth.com\/pdf\/OpenPDFFile.aspx?Path=a11d1791-b073-4db7-8dd8-3562374687bf<\/COIUrl><\/policyDtls><premium><BasePremium>9999.00<\/BasePremium><NetPremium>9999.00<\/NetPremium><GST>1799.82<\/GST><GrossPremium>11799.00<\/GrossPremium><\/premium><receiptObj><ReceiptNumber>R100206082<\/ReceiptNumber><ReceiptAmount>11799.00<\/ReceiptAmount><ExcessAmount>0.00<\/ExcessAmount><\/receiptObj><\/ns0:GHI_Res>" [] []
[2020-11-16 12:47:51] api_insert.INFO: {"emp_id":"3469","client_id":"1308724","certificate_number":"GHI-AX-20-1001439","quotation_no":"IPB100145725","proposal_no":"IPB100145725","policy_no":"61-20-00040-00-00","gross_premium":"11799.00","status":"Success","start_date":"11\/16\/2020 12:00:00 AM","end_date":"11\/15\/2021 12:00:00 AM","created_date":"2020-11-16 12:47:51","proposal_no_lead":"P-202011160001","PolicyStatus":"IF","letter_url":"https:\/\/abpb.adityabirlahealth.com\/hbletter\/viewletter.aspx?ABH=166815&TRM=GHI-AX-20-1001439","CustomerID":null,"MemberCustomerID":null,"relationship_code":"R001,R002,R003,R004"} [] []
[2020-11-16 12:47:58] generateOTP.INFO: test [] []
[2020-11-16 12:47:58] generateOTP.INFO: test [] []
[2020-11-16 12:47:58] generateOTP.INFO: test [] []
[2020-11-16 12:47:58] generateOTP.INFO: test [] []
[2020-11-16 12:47:59] generateOTP.INFO: test [] []
[2020-11-16 12:48:14] generateOTP.INFO: test [] []
[2020-11-16 12:48:14] generateOTP.INFO: test [] []
[2020-11-16 12:48:14] generateOTP.INFO: test [] []
[2020-11-16 12:48:14] generateOTP.INFO: test [] []
[2020-11-16 12:48:15] generateOTP.INFO: test [] []
[2020-11-16 13:42:35] generateOTP.INFO: test [] []
[2020-11-16 13:42:36] generateOTP.INFO: test [] []
[2020-11-16 13:42:46] generateOTP.INFO: test [] []
[2020-11-16 13:43:01] generateOTP.INFO: test [] []
[2020-11-16 13:57:19] generateOTP.INFO: test [] []
[2020-11-16 13:57:23] generateOTP.INFO: test [] []
[2020-11-16 13:57:27] generateOTP.INFO: test [] []
[2020-11-16 14:27:32] generateOTP.INFO: test [] []
[2020-11-16 14:27:32] generateOTP.INFO: test [] []
[2020-11-16 14:27:32] generateOTP.INFO: test [] []
[2020-11-16 14:27:47] generateOTP.INFO: test [] []
[2020-11-16 14:34:35] generateOTP.INFO: test [] []
[2020-11-16 14:56:30] generateOTP.INFO: test [] []
[2020-11-16 15:00:50] generateOTP.INFO: test [] []
[2020-11-16 15:20:20] generateOTP.INFO: test [] []
[2020-11-16 15:23:30] generateOTP.INFO: test [] []
[2020-11-16 15:23:33] generateOTP.INFO: test [] []
[2020-11-16 15:23:33] generateOTP.INFO: test [] []
[2020-11-16 15:23:34] generateOTP.INFO: test [] []
[2020-11-16 15:24:55] generateOTP.INFO: test [] []
[2020-11-16 15:24:56] generateOTP.INFO: test [] []
[2020-11-16 15:34:32] generateOTP.INFO: test [] []
[2020-11-16 15:34:55] generateOTP.INFO: test [] []
[2020-11-16 15:34:55] generateOTP.INFO: test [] []
[2020-11-16 15:35:00] generateOTP.INFO: test [] []
[2020-11-16 15:35:15] generateOTP.INFO: test [] []
[2020-11-16 15:35:18] generateOTP.INFO: test [] []
[2020-11-16 15:35:24] generateOTP.INFO: test [] []
[2020-11-16 15:35:54] generateOTP.INFO: test [] []
[2020-11-16 15:36:19] generateOTP.INFO: test [] []
[2020-11-16 15:36:30] generateOTP.INFO: test [] []
[2020-11-16 15:37:30] generateOTP.INFO: test [] []
[2020-11-16 15:38:10] generateOTP.INFO: test [] []
[2020-11-16 15:44:31] generateOTP.INFO: test [] []
[2020-11-16 15:53:11] generateOTP.INFO: test [] []
[2020-11-16 16:04:37] generateOTP.INFO: test [] []
[2020-11-16 16:04:38] generateOTP.INFO: test [] []
[2020-11-16 16:04:42] generateOTP.INFO: test [] []
[2020-11-16 16:05:03] generateOTP.INFO: test [] []
[2020-11-16 16:13:32] generateOTP.INFO: test [] []
[2020-11-16 18:46:38] generateOTP.INFO: test [] []
[2020-11-16 18:46:41] generateOTP.INFO: test [] []
[2020-11-16 18:46:55] generateOTP.INFO: test [] []
[2020-11-16 18:48:55] generateOTP.INFO: test [] []
[2020-11-16 18:49:18] generateOTP.INFO: test [] []
[2020-11-16 18:50:00] generateOTP.INFO: test [] []
[2020-11-16 18:51:41] generateOTP.INFO: test [] []
[2020-11-16 18:51:42] generateOTP.INFO: test [] []
[2020-11-16 18:51:50] generateOTP.INFO: test [] []
[2020-11-16 18:52:11] generateOTP.INFO: test [] []
[2020-11-16 18:57:51] generateOTP.INFO: test [] []
[2020-11-16 18:58:07] generateOTP.INFO: test [] []
[2020-11-16 18:58:08] generateOTP.INFO: test [] []
[2020-11-16 18:58:17] generateOTP.INFO: test [] []
[2020-11-16 18:58:38] generateOTP.INFO: test [] []
[2020-11-16 18:59:29] generateOTP.INFO: test [] []
[2020-11-16 18:59:30] generateOTP.INFO: test [] []
[2020-11-16 18:59:40] generateOTP.INFO: test [] []
[2020-11-16 19:00:03] generateOTP.INFO: test [] []
[2020-11-16 19:02:22] generateOTP.INFO: test [] []
[2020-11-16 19:02:37] generateOTP.INFO: test [] []
[2020-11-16 19:02:38] generateOTP.INFO: test [] []
[2020-11-16 19:02:46] generateOTP.INFO: test [] []
[2020-11-16 19:03:06] generateOTP.INFO: test [] []
[2020-11-16 19:06:34] generateOTP.INFO: test [] []
[2020-11-16 19:06:35] generateOTP.INFO: test [] []
[2020-11-16 19:06:44] generateOTP.INFO: test [] []
[2020-11-16 19:07:05] generateOTP.INFO: test [] []
[2020-11-16 19:09:52] generateOTP.INFO: test [] []
[2020-11-16 19:10:41] generateOTP.INFO: test [] []
[2020-11-16 19:10:42] generateOTP.INFO: test [] []
[2020-11-16 19:10:50] generateOTP.INFO: test [] []
[2020-11-16 19:11:21] generateOTP.INFO: test [] []
[2020-11-16 19:11:58] generateOTP.INFO: test [] []
[2020-11-16 19:11:59] generateOTP.INFO: test [] []
[2020-11-16 19:12:27] generateOTP.INFO: test [] []
[2020-11-16 19:13:09] generateOTP.INFO: test [] []
[2020-11-16 19:13:47] generateOTP.INFO: test [] []
[2020-11-16 19:13:48] generateOTP.INFO: test [] []
[2020-11-16 19:13:54] generateOTP.INFO: test [] []
[2020-11-16 19:14:53] generateOTP.INFO: test [] []
[2020-11-16 19:15:28] generateOTP.INFO: test [] []
[2020-11-16 19:15:29] generateOTP.INFO: test [] []
[2020-11-16 19:15:38] generateOTP.INFO: test [] []
[2020-11-16 19:16:19] generateOTP.INFO: test [] []
[2020-11-16 19:23:32] generateOTP.INFO: test [] []
[2020-11-16 19:24:10] generateOTP.INFO: test [] []
[2020-11-16 19:24:11] generateOTP.INFO: test [] []
[2020-11-16 19:24:24] generateOTP.INFO: test [] []
[2020-11-16 19:25:07] generateOTP.INFO: test [] []
[2020-11-16 19:29:33] generateOTP.INFO: test [] []
[2020-11-16 19:29:35] generateOTP.INFO: test [] []
[2020-11-16 19:29:41] generateOTP.INFO: test [] []
[2020-11-16 19:30:17] generateOTP.INFO: test [] []
[2020-11-16 19:36:52] generateOTP.INFO: test [] []
[2020-11-16 19:36:53] generateOTP.INFO: test [] []
[2020-11-16 19:36:59] generateOTP.INFO: test [] []
[2020-11-16 19:37:37] generateOTP.INFO: test [] []
[2020-11-16 19:38:10] generateOTP.INFO: test [] []
[2020-11-16 19:38:11] generateOTP.INFO: test [] []
[2020-11-16 19:38:21] generateOTP.INFO: test [] []
[2020-11-16 19:38:43] generateOTP.INFO: test [] []
