[2020-03-17 10:23:06] generateOTP.INFO: test [] []
[2020-03-17 10:23:07] generateOTP.INFO: test [] []
[2020-03-17 11:21:34] generateOTP.INFO: test [] []
[2020-03-17 11:30:18] generateOTP.INFO: test [] []
[2020-03-17 11:30:49] generateOTP.INFO: test [] []
[2020-03-17 11:30:50] generateOTP.INFO: test [] []
[2020-03-17 11:30:51] generateOTP.INFO: test [] []
[2020-03-17 11:31:04] generateOTP.INFO: test [] []
[2020-03-17 11:31:04] generateOTP.INFO: test [] []
[2020-03-17 11:31:08] generateOTP.INFO: test [] []
[2020-03-17 11:31:11] generateOTP.INFO: test [] []
[2020-03-17 11:31:17] generateOTP.INFO: test [] []
[2020-03-17 11:32:14] generateOTP.INFO: test [] []
[2020-03-17 11:32:16] generateOTP.INFO: test [] []
[2020-03-17 11:32:19] generateOTP.INFO: test [] []
[2020-03-17 11:32:22] generateOTP.INFO: test [] []
[2020-03-17 11:35:04] generateOTP.INFO: test [] []
[2020-03-17 11:35:17] generateOTP.INFO: test [] []
[2020-03-17 11:35:19] generateOTP.INFO: test [] []
[2020-03-17 11:39:37] generateOTP.INFO: test [] []
[2020-03-17 11:39:54] generateOTP.INFO: test [] []
[2020-03-17 11:39:55] generateOTP.INFO: test [] []
[2020-03-17 11:41:35] generateOTP.INFO: test [] []
[2020-03-17 11:41:35] generateOTP.INFO: test [] []
[2020-03-17 11:41:39] generateOTP.INFO: test [] []
[2020-03-17 11:41:41] generateOTP.INFO: test [] []
[2020-03-17 11:41:44] generateOTP.INFO: test [] []
[2020-03-17 11:42:40] generateOTP.INFO: test [] []
[2020-03-17 11:43:22] generateOTP.INFO: test [] []
[2020-03-17 11:43:25] generateOTP.INFO: test [] []
[2020-03-17 11:43:34] generateOTP.INFO: test [] []
[2020-03-17 11:43:37] generateOTP.INFO: test [] []
[2020-03-17 11:44:34] generateOTP.INFO: test [] []
[2020-03-17 11:44:39] generateOTP.INFO: test [] []
[2020-03-17 11:44:54] generateOTP.INFO: test [] []
[2020-03-17 11:45:31] generateOTP.INFO: test [] []
[2020-03-17 11:46:05] generateOTP.INFO: test [] []
[2020-03-17 11:46:05] generateOTP.INFO: test [] []
[2020-03-17 11:46:38] generateOTP.INFO: test [] []
[2020-03-17 11:48:06] generateOTP.INFO: test [] []
[2020-03-17 11:48:17] generateOTP.INFO: test [] []
[2020-03-17 11:48:19] generateOTP.INFO: test [] []
[2020-03-17 11:49:53] generateOTP.INFO: test [] []
[2020-03-17 12:05:07] generateOTP.INFO: test [] []
[2020-03-17 12:06:00] generateOTP.INFO: test [] []
[2020-03-17 12:06:01] generateOTP.INFO: test [] []
[2020-03-17 12:06:05] generateOTP.INFO: test [] []
[2020-03-17 12:06:06] generateOTP.INFO: test [] []
[2020-03-17 12:06:08] generateOTP.INFO: test [] []
[2020-03-17 12:06:22] generateOTP.INFO: test [] []
[2020-03-17 12:06:25] generateOTP.INFO: test [] []
[2020-03-17 12:06:38] generateOTP.INFO: test [] []
[2020-03-17 12:06:46] generateOTP.INFO: test [] []
[2020-03-17 12:06:51] generateOTP.INFO: test [] []
[2020-03-17 12:06:51] generateOTP.INFO: test [] []
[2020-03-17 12:07:05] documentsSave.INFO: {"ops_type":"[]","ids":"1,2","update_datas":"update","emp_id":"620173"} [] []
[2020-03-17 12:07:05] documentsSaveFiles.INFO: [] [] []
[2020-03-17 12:17:58] generateOTP.INFO: test [] []
[2020-03-17 12:17:58] generateOTP.INFO: test [] []
[2020-03-17 12:22:20] generateOTP.INFO: test [] []
[2020-03-17 12:22:20] generateOTP.INFO: test [] []
[2020-03-17 12:22:38] documentsSave.INFO: {"ops_type":"[]","ids":"1,2","update_datas":"update","emp_id":"620173"} [] []
[2020-03-17 12:22:38] documentsSaveFiles.INFO: [] [] []
[2020-03-17 12:22:46] generateOTP.INFO: test [] []
[2020-03-17 12:22:46] generateOTP.INFO: test [] []
[2020-03-17 12:22:52] generateOTP.INFO: test [] []
[2020-03-17 12:22:52] generateOTP.INFO: test [] []
[2020-03-17 12:22:55] documentsSave.INFO: {"ops_type":"[]","ids":"1,2","update_datas":"update","emp_id":"620173"} [] []
[2020-03-17 12:22:55] documentsSaveFiles.INFO: [] [] []
[2020-03-17 12:23:04] generateOTP.INFO: test [] []
[2020-03-17 12:23:04] generateOTP.INFO: test [] []
[2020-03-17 12:23:53] generateOTP.INFO: test [] []
[2020-03-17 12:23:53] generateOTP.INFO: test [] []
[2020-03-17 12:25:15] documentsSave.INFO: {"ops_type":"[]","ids":"1,2","update_datas":"update","emp_id":"620173"} [] []
[2020-03-17 12:25:15] documentsSaveFiles.INFO: [] [] []
[2020-03-17 12:25:20] generateOTP.INFO: test [] []
[2020-03-17 12:25:20] generateOTP.INFO: test [] []
[2020-03-17 12:27:54] generateOTP.INFO: test [] []
[2020-03-17 12:27:54] generateOTP.INFO: test [] []
[2020-03-17 12:28:17] generateOTP.INFO: test [] []
[2020-03-17 12:28:33] generateOTP.INFO: test [] []
[2020-03-17 12:28:58] generateOTP.INFO: test [] []
[2020-03-17 12:42:14] generateOTP.INFO: test [] []
[2020-03-17 12:42:14] generateOTP.INFO: test [] []
[2020-03-17 12:42:22] documentsSave.INFO: {"ops_type":"[]","ids":"1,2","update_datas":"update","emp_id":"620173"} [] []
[2020-03-17 12:42:22] documentsSaveFiles.INFO: [] [] []
[2020-03-17 12:48:18] generateOTP.INFO: test [] []
[2020-03-17 12:51:00] generateOTP.INFO: test [] []
[2020-03-17 12:51:14] generateOTP.INFO: test [] []
[2020-03-17 12:52:39] generateOTP.INFO: test [] []
[2020-03-17 12:53:12] generateOTP.INFO: test [] []
[2020-03-17 12:53:12] generateOTP.INFO: test [] []
[2020-03-17 12:54:23] generateOTP.INFO: test [] []
[2020-03-17 12:54:23] generateOTP.INFO: test [] []
[2020-03-17 12:55:02] generateOTP.INFO: test [] []
[2020-03-17 12:55:02] generateOTP.INFO: test [] []
[2020-03-17 12:55:12] generateOTP.INFO: test [] []
[2020-03-17 12:55:12] generateOTP.INFO: test [] []
[2020-03-17 12:55:34] generateOTP.INFO: test [] []
[2020-03-17 12:55:34] generateOTP.INFO: test [] []
[2020-03-17 12:57:07] documentsSave.INFO: {"ops_type":"[\"Enrollment form\",\"Cheque Copy\"]","ext0":"undefined","ext1":"undefined","ids":"1,2","update_datas":"update","emp_id":"620173"} [] []
[2020-03-17 12:57:07] documentsSaveFiles.INFO: [{"name":"Lighthouse.jpg","type":"image\/jpeg","tmp_name":"\/tmp\/phpgRSVGU","error":0,"size":561276},{"name":"Tulips.jpg","type":"image\/jpeg","tmp_name":"\/tmp\/phpfMq2nf","error":0,"size":620888}] [] []
[2020-03-17 12:57:43] generateOTP.INFO: test [] []
[2020-03-17 12:57:43] generateOTP.INFO: test [] []
[2020-03-17 12:58:39] documentsSave.INFO: {"ops_type":"[]","ids":"1,2","update_datas":"update","emp_id":"620173"} [] []
[2020-03-17 12:58:39] documentsSaveFiles.INFO: [] [] []
[2020-03-17 12:58:41] generateOTP.INFO: test [] []
[2020-03-17 13:01:27] generateOTP.INFO: test [] []
[2020-03-17 13:01:27] generateOTP.INFO: test [] []
[2020-03-17 13:03:05] documentsSave.INFO: {"ops_type":"[\"Cheque Copy\"]","ext0":"undefined","ids":"1,2","update_datas":"update","emp_id":"620173"} [] []
[2020-03-17 13:03:05] documentsSaveFiles.INFO: [{"name":"Penguins.jpg","type":"image\/jpeg","tmp_name":"\/tmp\/phpzNGkzu","error":0,"size":777835}] [] []
[2020-03-17 13:03:08] generateOTP.INFO: test [] []
[2020-03-17 13:03:14] generateOTP.INFO: test [] []
[2020-03-17 13:03:14] generateOTP.INFO: test [] []
[2020-03-17 13:04:31] documentsSave.INFO: {"ops_type":"[\"Cheque Copy\",\"Pan_Card\"]","ext0":"undefined","ext1":"undefined","ids":"1,2","update_datas":"update","emp_id":"620173"} [] []
[2020-03-17 13:04:31] documentsSaveFiles.INFO: [{"name":"Lighthouse.jpg","type":"image\/jpeg","tmp_name":"\/tmp\/phpvKs5s7","error":0,"size":561276},{"name":"Koala.jpg","type":"image\/jpeg","tmp_name":"\/tmp\/phpHYBl0E","error":0,"size":780831}] [] []
[2020-03-17 13:04:33] generateOTP.INFO: test [] []
[2020-03-17 13:04:39] generateOTP.INFO: test [] []
[2020-03-17 13:04:39] generateOTP.INFO: test [] []
[2020-03-17 13:05:07] documentsSave.INFO: {"ops_type":"[\"Enrollment form\",\"Cheque Copy\"]","ext0":"undefined","ext1":"undefined","ids":"1,2","update_datas":"update","emp_id":"620173"} [] []
[2020-03-17 13:05:07] documentsSaveFiles.INFO: [{"name":"Penguins.jpg","type":"image\/jpeg","tmp_name":"\/tmp\/phpUkg0o6","error":0,"size":777835},{"name":"Chrysanthemum.jpg","type":"image\/jpeg","tmp_name":"\/tmp\/php8op31C","error":0,"size":879394}] [] []
[2020-03-17 13:05:10] generateOTP.INFO: test [] []
[2020-03-17 13:07:35] generateOTP.INFO: test [] []
[2020-03-17 13:08:01] generateOTP.INFO: test [] []
[2020-03-17 13:08:03] generateOTP.INFO: test [] []
[2020-03-17 13:09:09] generateOTP.INFO: test [] []
[2020-03-17 13:09:31] generateOTP.INFO: test [] []
[2020-03-17 14:05:40] generateOTP.INFO: test [] []
[2020-03-17 14:06:03] generateOTP.INFO: test [] []
[2020-03-17 14:06:04] generateOTP.INFO: test [] []
[2020-03-17 14:06:23] generateOTP.INFO: test [] []
[2020-03-17 14:06:23] generateOTP.INFO: test [] []
[2020-03-17 14:17:17] generateOTP.INFO: test [] []
[2020-03-17 14:36:43] generateOTP.INFO: test [] []
[2020-03-17 14:52:49] generateOTP.INFO: test [] []
[2020-03-17 15:10:34] generateOTP.INFO: test [] []
[2020-03-17 15:10:36] generateOTP.INFO: test [] []
[2020-03-17 15:37:13] generateOTP.INFO: test [] []
[2020-03-17 15:59:18] generateOTP.INFO: test [] []
[2020-03-17 15:59:21] generateOTP.INFO: test [] []
[2020-03-17 15:59:22] generateOTP.INFO: test [] []
[2020-03-17 15:59:25] generateOTP.INFO: test [] []
[2020-03-17 15:59:37] generateOTP.INFO: test [] []
[2020-03-17 15:59:37] generateOTP.INFO: test [] []
[2020-03-17 15:59:49] generateOTP.INFO: test [] []
[2020-03-17 15:59:49] generateOTP.INFO: test [] []
[2020-03-17 16:00:04] generateOTP.INFO: test [] []
[2020-03-17 16:00:04] generateOTP.INFO: test [] []
[2020-03-17 16:02:59] generateOTP.INFO: test [] []
[2020-03-17 16:02:59] generateOTP.INFO: test [] []
[2020-03-17 16:04:08] generateOTP.INFO: test [] []
[2020-03-17 16:04:08] generateOTP.INFO: test [] []
[2020-03-17 16:04:15] generateOTP.INFO: test [] []
[2020-03-17 16:07:37] generateOTP.INFO: test [] []
[2020-03-17 16:09:02] generateOTP.INFO: test [] []
[2020-03-17 16:09:05] generateOTP.INFO: test [] []
[2020-03-17 16:11:20] generateOTP.INFO: test [] []
[2020-03-17 16:11:24] generateOTP.INFO: test [] []
[2020-03-17 16:11:25] generateOTP.INFO: test [] []
[2020-03-17 16:11:26] generateOTP.INFO: test [] []
[2020-03-17 16:13:03] generateOTP.INFO: test [] []
[2020-03-17 16:24:41] generateOTP.INFO: test [] []
[2020-03-17 16:25:33] generateOTP.INFO: test [] []
[2020-03-17 16:25:35] generateOTP.INFO: test [] []
[2020-03-17 16:30:41] generateOTP.INFO: test [] []
[2020-03-17 16:31:59] generateOTP.INFO: test [] []
[2020-03-17 16:33:02] generateOTP.INFO: test [] []
[2020-03-17 16:33:03] generateOTP.INFO: test [] []
[2020-03-17 16:33:13] generateOTP.INFO: test [] []
[2020-03-17 16:33:13] generateOTP.INFO: test [] []
[2020-03-17 16:33:17] generateOTP.INFO: test [] []
[2020-03-17 16:33:24] generateOTP.INFO: test [] []
[2020-03-17 16:47:41] generateOTP.INFO: test [] []
[2020-03-17 16:47:44] generateOTP.INFO: test [] []
[2020-03-17 16:50:20] generateOTP.INFO: test [] []
[2020-03-17 16:51:10] generateOTP.INFO: test [] []
[2020-03-17 16:51:12] generateOTP.INFO: test [] []
[2020-03-17 16:51:13] generateOTP.INFO: test [] []
[2020-03-17 16:51:31] generateOTP.INFO: test [] []
[2020-03-17 16:52:05] generateOTP.INFO: test [] []
[2020-03-17 17:03:02] generateOTP.INFO: test [] []
[2020-03-17 17:03:26] generateOTP.INFO: test [] []
[2020-03-17 17:04:12] generateOTP.INFO: test [] []
[2020-03-17 17:14:05] generateOTP.INFO: test [] []
[2020-03-17 17:14:50] generateOTP.INFO: test [] []
[2020-03-17 17:15:47] generateOTP.INFO: test [] []
[2020-03-17 17:33:34] generateOTP.INFO: test [] []
[2020-03-17 17:34:19] generateOTP.INFO: test [] []
[2020-03-17 17:34:23] generateOTP.INFO: test [] []
[2020-03-17 17:34:58] generateOTP.INFO: test [] []
[2020-03-17 17:35:00] generateOTP.INFO: test [] []
[2020-03-17 17:35:03] generateOTP.INFO: test [] []
[2020-03-17 17:35:06] generateOTP.INFO: test [] []
[2020-03-17 17:42:30] generateOTP.INFO: test [] []
[2020-03-17 17:42:34] generateOTP.INFO: test [] []
[2020-03-17 17:43:02] generateOTP.INFO: test [] []
[2020-03-17 17:43:02] generateOTP.INFO: test [] []
[2020-03-17 17:43:11] generateOTP.INFO: test [] []
[2020-03-17 17:43:11] generateOTP.INFO: test [] []
[2020-03-17 17:43:15] generateOTP.INFO: test [] []
[2020-03-17 17:43:17] generateOTP.INFO: test [] []
[2020-03-17 17:44:37] generateOTP.INFO: test [] []
[2020-03-17 17:44:39] generateOTP.INFO: test [] []
[2020-03-17 17:44:49] generateOTP.INFO: test [] []
[2020-03-17 17:45:20] generateOTP.INFO: test [] []
[2020-03-17 17:47:03] generateOTP.INFO: test [] []
[2020-03-17 17:47:21] generateOTP.INFO: test [] []
[2020-03-17 17:48:58] generateOTP.INFO: test [] []
[2020-03-17 17:49:47] generateOTP.INFO: test [] []
[2020-03-17 17:49:54] generateOTP.INFO: test [] []
[2020-03-17 17:50:00] generateOTP.INFO: test [] []
[2020-03-17 17:50:02] generateOTP.INFO: test [] []
[2020-03-17 17:50:04] generateOTP.INFO: test [] []
[2020-03-17 17:50:20] generateOTP.INFO: test [] []
[2020-03-17 17:51:00] generateOTP.INFO: test [] []
[2020-03-17 17:51:05] generateOTP.INFO: test [] []
[2020-03-17 17:51:49] generateOTP.INFO: test [] []
[2020-03-17 17:52:29] generateOTP.INFO: test [] []
[2020-03-17 17:52:55] generateOTP.INFO: test [] []
[2020-03-17 17:53:14] generateOTP.INFO: test [] []
[2020-03-17 17:53:52] generateOTP.INFO: test [] []
[2020-03-17 17:57:10] generateOTP.INFO: test [] []
[2020-03-17 17:57:26] generateOTP.INFO: test [] []
[2020-03-17 17:57:30] generateOTP.INFO: test [] []
[2020-03-17 17:58:55] generateOTP.INFO: test [] []
[2020-03-17 17:59:08] generateOTP.INFO: test [] []
[2020-03-17 18:11:00] generateOTP.INFO: test [] []
[2020-03-17 18:11:03] generateOTP.INFO: test [] []
[2020-03-17 18:29:21] generateOTP.INFO: test [] []
[2020-03-17 18:29:47] generateOTP.INFO: test [] []
[2020-03-17 18:30:40] generateOTP.INFO: test [] []
[2020-03-17 18:31:13] generateOTP.INFO: test [] []
[2020-03-17 18:31:39] generateOTP.INFO: test [] []
[2020-03-17 18:33:31] generateOTP.INFO: test [] []
[2020-03-17 18:35:30] generateOTP.INFO: test [] []
[2020-03-17 18:37:11] generateOTP.INFO: test [] []
[2020-03-17 18:37:27] generateOTP.INFO: test [] []
[2020-03-17 18:39:19] generateOTP.INFO: test [] []
[2020-03-17 18:39:45] generateOTP.INFO: test [] []
[2020-03-17 18:40:12] generateOTP.INFO: test [] []
[2020-03-17 18:40:42] generateOTP.INFO: test [] []
[2020-03-17 18:41:04] generateOTP.INFO: test [] []
[2020-03-17 18:41:28] generateOTP.INFO: test [] []
[2020-03-17 18:41:42] generateOTP.INFO: test [] []
[2020-03-17 18:42:01] generateOTP.INFO: test [] []
[2020-03-17 18:42:18] generateOTP.INFO: test [] []
[2020-03-17 19:09:25] generateOTP.INFO: test [] []
