[2020-06-17 10:36:56] generateOTP.INFO: test [] []
[2020-06-17 10:36:57] generateOTP.INFO: test [] []
[2020-06-17 10:36:57] generateOTP.INFO: test [] []
[2020-06-17 10:37:05] generateOTP.INFO: test [] []
[2020-06-17 10:37:08] generateOTP.INFO: test [] []
[2020-06-17 10:37:16] generateOTP.INFO: test [] []
[2020-06-17 10:49:25] generateOTP.INFO: test [] []
[2020-06-17 10:54:31] generateOTP.INFO: test [] []
[2020-06-17 10:54:31] generateOTP.INFO: test [] []
[2020-06-17 10:54:32] generateOTP.INFO: test [] []
[2020-06-17 11:01:46] generateOTP.INFO: test [] []
[2020-06-17 11:01:52] generateOTP.INFO: test [] []
[2020-06-17 11:01:57] generateOTP.INFO: test [] []
[2020-06-17 11:02:11] generateOTP.INFO: test [] []
[2020-06-17 11:02:11] generateOTP.INFO: test [] []
[2020-06-17 11:02:17] generateOTP.INFO: test [] []
[2020-06-17 11:02:27] generateOTP.INFO: test [] []
[2020-06-17 11:02:57] generateOTP.INFO: test [] []
[2020-06-17 11:03:23] generateOTP.INFO: test [] []
[2020-06-17 11:03:59] generateOTP.INFO: {"edit":"0","policy_no":"415","subtype_text":"1","master_policy_number":"61-20-00020-00-00","sum_insure":"500000","familyConstruct":"1A","businessType":"New","family_members_id":"0","family_salutation":"Mr","family_gender":"Male","first_name":"fghfgh","last_name":"ghng","family_date_birth":"02-06-1994","age":"26","age_type":"years","remark":"","myGHD":{"A":{"format":"A_No"},"B":{"format":"B_No","remark":""},"C1":{"format":"C1_No"},"C2":{"format":"C2_No"},"D1":{"format":"D1_No","remark":""},"D2":{"format":"D2_No","remark":""},"D3":{"format":"D3_No","remark":""},"D4":{"format":"D4_No","remark":""},"E":{"format":"E_No","remark":""}},"family_id":"","s_date":"","marriage_date":"","premium":"7605","policyNo":"415","familyDataType":"family_construct","declare":"[]"} [] []
[2020-06-17 11:04:52] generateOTP.INFO: test [] []
[2020-06-17 12:03:39] generateOTP.INFO: test [] []
[2020-06-17 12:03:39] generateOTP.INFO: test [] []
[2020-06-17 12:03:40] generateOTP.INFO: test [] []
[2020-06-17 12:03:49] generateOTP.INFO: test [] []
[2020-06-17 12:03:58] generateOTP.INFO: test [] []
[2020-06-17 12:04:01] generateOTP.INFO: test [] []
[2020-06-17 12:04:02] generateOTP.INFO: test [] []
[2020-06-17 12:04:09] generateOTP.INFO: test [] []
[2020-06-17 12:04:12] generateOTP.INFO: test [] []
[2020-06-17 12:04:15] generateOTP.INFO: test [] []
[2020-06-17 12:04:17] generateOTP.INFO: test [] []
[2020-06-17 12:04:35] generateOTP.INFO: test [] []
[2020-06-17 12:46:15] generateOTP.INFO: test [] []
[2020-06-17 12:46:17] generateOTP.INFO: test [] []
[2020-06-17 13:03:30] generateOTP.INFO: test [] []
[2020-06-17 13:03:41] generateOTP.INFO: test [] []
[2020-06-17 13:03:42] generateOTP.INFO: test [] []
[2020-06-17 13:04:13] generateOTP.INFO: test [] []
[2020-06-17 13:05:17] generateOTP.INFO: test [] []
[2020-06-17 13:06:43] generateOTP.INFO: test [] []
[2020-06-17 13:10:54] generateOTP.INFO: test [] []
[2020-06-17 13:10:54] generateOTP.INFO: test [] []
[2020-06-17 13:10:54] generateOTP.INFO: test [] []
[2020-06-17 13:11:10] generateOTP.INFO: test [] []
[2020-06-17 13:11:12] generateOTP.INFO: test [] []
[2020-06-17 13:14:56] generateOTP.INFO: test [] []
[2020-06-17 13:16:57] generateOTP.INFO: test [] []
[2020-06-17 13:16:57] generateOTP.INFO: test [] []
[2020-06-17 13:16:58] generateOTP.INFO: test [] []
[2020-06-17 13:17:13] generateOTP.INFO: test [] []
[2020-06-17 13:17:32] generateOTP.INFO: test [] []
[2020-06-17 13:27:20] generateOTP.INFO: test [] []
[2020-06-17 13:27:24] generateOTP.INFO: test [] []
[2020-06-17 13:27:28] generateOTP.INFO: test [] []
[2020-06-17 13:27:34] generateOTP.INFO: test [] []
[2020-06-17 13:28:30] generateOTP.INFO: test [] []
[2020-06-17 13:28:30] generateOTP.INFO: test [] []
[2020-06-17 13:31:07] generateOTP.INFO: test [] []
[2020-06-17 13:31:07] generateOTP.INFO: test [] []
[2020-06-17 13:40:51] generateOTP.INFO: test [] []
[2020-06-17 13:41:06] generateOTP.INFO: test [] []
[2020-06-17 13:41:21] generateOTP.INFO: test [] []
[2020-06-17 13:43:25] generateOTP.INFO: test [] []
[2020-06-17 13:43:44] generateOTP.INFO: test [] []
[2020-06-17 13:43:45] generateOTP.INFO: test [] []
[2020-06-17 13:44:02] generateOTP.INFO: test [] []
[2020-06-17 13:46:07] generateOTP.INFO: test [] []
[2020-06-17 13:46:09] generateOTP.INFO: test [] []
[2020-06-17 13:46:13] generateOTP.INFO: test [] []
[2020-06-17 13:46:19] generateOTP.INFO: test [] []
[2020-06-17 13:51:55] generateOTP.INFO: test [] []
[2020-06-17 13:59:36] generateOTP.INFO: test [] []
[2020-06-17 13:59:43] generateOTP.INFO: test [] []
[2020-06-17 13:59:47] generateOTP.INFO: test [] []
[2020-06-17 14:03:39] generateOTP.INFO: test [] []
[2020-06-17 14:20:38] generateOTP.INFO: test [] []
[2020-06-17 14:20:52] generateOTP.INFO: test [] []
[2020-06-17 14:20:53] generateOTP.INFO: test [] []
[2020-06-17 14:20:55] generateOTP.INFO: test [] []
[2020-06-17 14:25:17] generateOTP.INFO: test [] []
[2020-06-17 14:25:17] generateOTP.INFO: test [] []
[2020-06-17 14:25:19] generateOTP.INFO: test [] []
[2020-06-17 14:25:22] generateOTP.INFO: test [] []
[2020-06-17 14:26:51] generateOTP.INFO: test [] []
[2020-06-17 14:26:52] generateOTP.INFO: test [] []
[2020-06-17 14:27:05] generateOTP.INFO: test [] []
[2020-06-17 14:30:02] generateOTP.INFO: test [] []
[2020-06-17 14:30:02] generateOTP.INFO: test [] []
[2020-06-17 14:30:03] generateOTP.INFO: test [] []
[2020-06-17 14:31:58] generateOTP.INFO: test [] []
[2020-06-17 14:33:50] generateOTP.INFO: test [] []
[2020-06-17 14:33:54] generateOTP.INFO: test [] []
[2020-06-17 14:34:16] generateOTP.INFO: test [] []
[2020-06-17 14:34:35] generateOTP.INFO: test [] []
[2020-06-17 14:36:05] generateOTP.INFO: test [] []
[2020-06-17 14:36:19] generateOTP.INFO: test [] []
[2020-06-17 14:36:20] generateOTP.INFO: test [] []
[2020-06-17 14:36:52] generateOTP.INFO: test [] []
[2020-06-17 14:37:04] generateOTP.INFO: {"edit":"0","policy_no":"392,393","subtype_text":"1","sum_insure":"500000","familyConstruct":"1A","tenure":"1 Year","family_members_id":"0","family_gender":"Male","first_name":"test","last_name":"BANKING","family_date_birth":"19-12-1988","age":"31","age_type":" years","family_id":"","s_date":"","marriage_date":"","premium":"8399.9952","policyNo":"392,393","familyDataType":"undefined","empId":"620476","product":"iWL65dcd54d9c5a65","declare":"[]"} [] []
[2020-06-17 14:37:43] documentsSave.INFO: {"ops_type":"[]","ids":"58,59"} [] []
[2020-06-17 14:37:43] documentsSaveFiles.INFO: [] [] []
[2020-06-17 14:39:13] generateOTP.INFO: test [] []
[2020-06-17 14:39:18] generateOTP.INFO: test [] []
[2020-06-17 14:39:19] generateOTP.INFO: test [] []
[2020-06-17 14:39:21] generateOTP.INFO: test [] []
[2020-06-17 14:39:26] full_quote_request1.INFO: {"ClientCreation":{"Member_Customer_ID":"2606133334","salutation":"Mr","firstName":"test","middleName":"","lastName":"BANKING","dateofBirth":"12\/19\/1988","gender":"M","educationalQualification":null,"pinCode":"622103","uidNo":"5478-2589-3688","maritalStatus":null,"nationality":"Indian","occupation":"O553","primaryEmailID":"jack@gmail.com","contactMobileNo":"7010444138","stdLandlineNo":null,"panNo":null,"passportNumber":null,"contactPerson":null,"annualIncome":null,"remarks":null,"startDate":"2020-06-17","endDate":null,"IdProof":"Adhaar Card","residenceProof":null,"ageProof":null,"others":null,"homeAddressLine1":"Om hrad ntalatiof, holOmshre, talathioficeeachol, OmshreeSada9talathi","homeAddressLine2":null,"homeAddressLine3":null,"homePinCode":"622103","homeArea":null,"homeContactMobileNo":null,"homeContactMobileNo2":null,"homeSTDLandlineNo":null,"homeFaxNo":null,"sameAsHomeAddress":"1","mailingAddressLine1":null,"mailingAddressLine2":null,"mailingAddressLine3":null,"mailingPinCode":null,"mailingArea":null,"mailingContactMobileNo":null,"mailingContactMobileNo2":null,"mailingSTDLandlineNo":null,"mailingSTDLandlineNo2":null,"mailingFaxNo":null,"bankAccountType":null,"bankAccountNo":null,"ifscCode":null,"GSTIN":null,"GSTRegistrationStatus":"Consumers","IsEIAavailable":"0","ApplyEIA":"0","EIAAccountNo":null,"EIAWith":"0","AccountType":null,"AddressProof":null,"DOBProof":null,"IdentityProof":null},"PolicyCreationRequest":{"Quotation_Number":"","MasterPolicyNumber":"61-19-00120-00-00","GroupID":"GRP001","Product_Code":"4211","intermediaryCode":"2104794","AutoRenewal":"Y","intermediaryBranchCode":"10MHMUM01","agentSignatureDate":null,"Customer_Signature_Date":null,"businessSourceChannel":null,"AssignPolicy":"0","AssigneeName":null,"leadID":"20206333","Source_Name":"AXIS_GHI","SPID":"1","TCN":null,"CRTNO":null,"RefCode1":"1","RefCode2":"051","Employee_Number":"620476","enumIsEmployeeDiscount":null,"QuoteDate":null,"IsPayment":"0","PaymentMode":null,"PolicyproductComponents":[{"PlanCode":"4211","SumInsured":"500000","SchemeCode":"4112000003"}]},"MemObj":{"Member":[{"MemberNo":1,"Salutation":"Mr","First_Name":"test","Middle_Name":null,"Last_Name":"BANKING","Gender":"M","DateOfBirth":"12\/19\/1988","Relation_Code":"R001","Marital_Status":null,"height":"0.00","weight":"0","occupation":"O553","PrimaryMember":"Y","MemberproductComponents":[{"PlanCode":"4211","MemberQuestionDetails":[{"QuestionCode":null,"Answer":null,"Remarks":null}]}],"MemberPED":[{"PEDCode":null,"Remarks":null}],"exactDiagnosis":null,"dateOfDiagnosis":null,"lastDateConsultation":null,"detailsOfTreatmentGiven":null,"doctorName":null,"hospitalName":null,"phoneNumberHosital":null,"Nominee_First_Name":"hgmh","Nominee_Last_Name":"hmjh","Nominee_Contact_Number":"7899999999","Nominee_Home_Address":null,"Nominee_Relationship_Code":"R003"}]},"ReceiptCreation":{"officeLocation":"","modeOfEntry":"","cdAcNo":null,"expiryDate":null,"payerType":"","payerCode":null,"paymentBy":"","paymentByName":null,"paymentByRelationship":null,"collectionAmount":"","collectionRcvdDate":null,"collectionMode":"","remarks":null,"instrumentNumber":null,"instrumentDate":null,"bankName":null,"branchName":null,"bankLocation":null,"micrNo":null,"chequeType":null,"ifscCode":"","PaymentGatewayName":"","TerminalID":"","CardNo":null}} [] []
[2020-06-17 14:39:32] full_quote_reponse1.INFO: "<ns0:GHI_Res xmlns:ns0=\"http:\/\/ABHICL_NBP_QuickQuote_Schemas.GHI_Response\"><errorObj><ErrorNumber>00<\/ErrorNumber><ErrorMessage>Success<\/ErrorMessage><\/errorObj><policyDtls><TransactionReferenceNumber><\/TransactionReferenceNumber><QuotationNumber>IPB100032384<\/QuotationNumber><CertificateNumber><\/CertificateNumber><LetterURL><\/LetterURL><ClientID><\/ClientID><ProductName>Group Activ Health<\/ProductName><ProductCode>4211<\/ProductCode><LineOfBusiness>42<\/LineOfBusiness><startDate><\/startDate><EndDate><\/EndDate><PolicyNumber>61-19-00120-00-00<\/PolicyNumber><ProposalNumber><\/ProposalNumber><PolicyStatus>PQ1<\/PolicyStatus><Tenure>1<\/Tenure><stpFlag>0<\/stpFlag><COIUrl>Could not find file u0027c:windowssystem32inetsrvObject cannot be cast from DBNull to other typesu0027.<\/COIUrl><\/policyDtls><premium><BasePremium>7118.64<\/BasePremium><NetPremium>7118.64<\/NetPremium><GST>1281.36<\/GST><GrossPremium>8400.00<\/GrossPremium><\/premium><receiptObj><ReceiptNumber><\/ReceiptNumber><ReceiptAmount><\/ReceiptAmount><ExcessAmount><\/ExcessAmount><\/receiptObj><\/ns0:GHI_Res>" [] []
[2020-06-17 14:39:32] generateOTP.INFO: test [] []
[2020-06-17 14:41:17] generateOTP.INFO: test [] []
[2020-06-17 14:41:19] generateOTP.INFO: test [] []
[2020-06-17 14:44:00] generateOTP.INFO: test [] []
[2020-06-17 14:44:01] generateOTP.INFO: test [] []
[2020-06-17 14:47:17] generateOTP.INFO: test [] []
[2020-06-17 14:47:17] generateOTP.INFO: test [] []
[2020-06-17 14:47:18] generateOTP.INFO: test [] []
[2020-06-17 14:52:51] generateOTP.INFO: test [] []
[2020-06-17 14:52:58] generateOTP.INFO: test [] []
[2020-06-17 14:53:03] generateOTP.INFO: test [] []
[2020-06-17 14:58:01] generateOTP.INFO: test [] []
[2020-06-17 14:58:03] generateOTP.INFO: test [] []
[2020-06-17 15:00:55] generateOTP.INFO: test [] []
[2020-06-17 15:00:56] generateOTP.INFO: test [] []
[2020-06-17 15:02:13] generateOTP.INFO: test [] []
[2020-06-17 15:02:15] generateOTP.INFO: test [] []
[2020-06-17 15:03:00] generateOTP.INFO: test [] []
[2020-06-17 15:03:02] generateOTP.INFO: test [] []
[2020-06-17 15:03:07] generateOTP.INFO: test [] []
[2020-06-17 15:03:12] generateOTP.INFO: test [] []
[2020-06-17 15:03:14] generateOTP.INFO: test [] []
[2020-06-17 15:04:56] generateOTP.INFO: test [] []
[2020-06-17 15:05:00] generateOTP.INFO: test [] []
[2020-06-17 15:05:03] generateOTP.INFO: test [] []
[2020-06-17 15:06:52] generateOTP.INFO: test [] []
[2020-06-17 15:06:53] generateOTP.INFO: test [] []
[2020-06-17 15:07:00] generateOTP.INFO: test [] []
[2020-06-17 15:07:02] generateOTP.INFO: test [] []
[2020-06-17 15:07:04] generateOTP.INFO: test [] []
[2020-06-17 15:07:53] generateOTP.INFO: test [] []
[2020-06-17 15:07:56] generateOTP.INFO: test [] []
[2020-06-17 15:08:21] generateOTP.INFO: test [] []
[2020-06-17 15:08:25] generateOTP.INFO: test [] []
[2020-06-17 15:08:26] generateOTP.INFO: test [] []
[2020-06-17 15:08:44] generateOTP.INFO: test [] []
[2020-06-17 15:08:46] generateOTP.INFO: test [] []
[2020-06-17 15:10:26] generateOTP.INFO: test [] []
[2020-06-17 15:10:29] generateOTP.INFO: test [] []
[2020-06-17 15:11:02] generateOTP.INFO: test [] []
[2020-06-17 15:11:05] generateOTP.INFO: test [] []
[2020-06-17 15:11:08] generateOTP.INFO: test [] []
[2020-06-17 15:11:26] generateOTP.INFO: test [] []
[2020-06-17 15:11:29] generateOTP.INFO: test [] []
[2020-06-17 15:11:32] generateOTP.INFO: test [] []
[2020-06-17 15:11:47] generateOTP.INFO: test [] []
[2020-06-17 15:11:49] generateOTP.INFO: test [] []
[2020-06-17 15:11:51] generateOTP.INFO: test [] []
[2020-06-17 15:12:12] generateOTP.INFO: test [] []
[2020-06-17 15:14:00] generateOTP.INFO: test [] []
[2020-06-17 15:15:09] generateOTP.INFO: test [] []
[2020-06-17 15:15:19] generateOTP.INFO: test [] []
[2020-06-17 15:20:12] generateOTP.INFO: test [] []
[2020-06-17 15:26:01] generateOTP.INFO: test [] []
[2020-06-17 15:30:04] generateOTP.INFO: test [] []
[2020-06-17 15:30:13] generateOTP.INFO: test [] []
[2020-06-17 15:34:27] generateOTP.INFO: test [] []
[2020-06-17 15:34:41] generateOTP.INFO: test [] []
[2020-06-17 15:41:07] generateOTP.INFO: test [] []
[2020-06-17 15:41:10] generateOTP.INFO: test [] []
[2020-06-17 15:41:30] generateOTP.INFO: test [] []
[2020-06-17 15:41:32] generateOTP.INFO: test [] []
[2020-06-17 15:41:51] generateOTP.INFO: test [] []
[2020-06-17 15:41:57] generateOTP.INFO: test [] []
[2020-06-17 15:45:03] generateOTP.INFO: test [] []
[2020-06-17 15:45:05] generateOTP.INFO: test [] []
[2020-06-17 15:47:30] generateOTP.INFO: test [] []
[2020-06-17 15:47:45] generateOTP.INFO: test [] []
[2020-06-17 15:47:47] generateOTP.INFO: test [] []
[2020-06-17 15:50:12] generateOTP.INFO: test [] []
[2020-06-17 15:57:00] generateOTP.INFO: test [] []
[2020-06-17 15:57:01] generateOTP.INFO: test [] []
[2020-06-17 15:58:53] generateOTP.INFO: test [] []
[2020-06-17 15:58:57] generateOTP.INFO: test [] []
[2020-06-17 15:59:25] generateOTP.INFO: test [] []
[2020-06-17 16:02:37] generateOTP.INFO: test [] []
[2020-06-17 16:02:50] generateOTP.INFO: test [] []
[2020-06-17 16:03:08] generateOTP.INFO: test [] []
[2020-06-17 16:03:09] generateOTP.INFO: test [] []
[2020-06-17 16:03:58] generateOTP.INFO: test [] []
[2020-06-17 16:04:13] generateOTP.INFO: test [] []
[2020-06-17 16:04:15] generateOTP.INFO: test [] []
[2020-06-17 16:04:56] generateOTP.INFO: test [] []
[2020-06-17 16:04:56] generateOTP.INFO: test [] []
[2020-06-17 16:05:08] generateOTP.INFO: test [] []
[2020-06-17 16:05:28] generateOTP.INFO: test [] []
[2020-06-17 16:05:50] generateOTP.INFO: test [] []
[2020-06-17 16:05:51] generateOTP.INFO: test [] []
[2020-06-17 16:06:19] generateOTP.INFO: test [] []
[2020-06-17 16:06:24] generateOTP.INFO: test [] []
[2020-06-17 16:06:34] generateOTP.INFO: test [] []
[2020-06-17 16:06:47] generateOTP.INFO: test [] []
[2020-06-17 16:06:59] generateOTP.INFO: test [] []
[2020-06-17 16:07:00] generateOTP.INFO: test [] []
[2020-06-17 16:07:26] generateOTP.INFO: test [] []
[2020-06-17 16:07:34] generateOTP.INFO: test [] []
[2020-06-17 16:07:40] generateOTP.INFO: test [] []
[2020-06-17 16:11:07] generateOTP.INFO: test [] []
[2020-06-17 16:11:20] generateOTP.INFO: test [] []
[2020-06-17 16:11:21] generateOTP.INFO: test [] []
[2020-06-17 16:11:59] generateOTP.INFO: test [] []
[2020-06-17 16:12:10] generateOTP.INFO: test [] []
[2020-06-17 16:12:11] generateOTP.INFO: test [] []
[2020-06-17 16:12:35] generateOTP.INFO: test [] []
[2020-06-17 16:12:41] generateOTP.INFO: test [] []
[2020-06-17 16:13:05] generateOTP.INFO: test [] []
[2020-06-17 16:13:45] generateOTP.INFO: test [] []
[2020-06-17 16:13:51] generateOTP.INFO: test [] []
[2020-06-17 16:13:52] generateOTP.INFO: test [] []
[2020-06-17 16:14:01] generateOTP.INFO: test [] []
[2020-06-17 16:14:08] generateOTP.INFO: test [] []
[2020-06-17 16:14:09] generateOTP.INFO: test [] []
[2020-06-17 16:14:44] generateOTP.INFO: test [] []
[2020-06-17 16:14:57] generateOTP.INFO: test [] []
[2020-06-17 16:14:59] generateOTP.INFO: test [] []
[2020-06-17 16:14:59] generateOTP.INFO: test [] []
[2020-06-17 16:15:11] generateOTP.INFO: test [] []
[2020-06-17 16:15:31] generateOTP.INFO: test [] []
[2020-06-17 16:15:31] generateOTP.INFO: test [] []
[2020-06-17 16:15:39] generateOTP.INFO: test [] []
[2020-06-17 16:16:34] generateOTP.INFO: test [] []
[2020-06-17 16:29:06] generateOTP.INFO: test [] []
[2020-06-17 16:48:50] generateOTP.INFO: test [] []
[2020-06-17 17:05:22] generateOTP.INFO: test [] []
[2020-06-17 17:05:25] generateOTP.INFO: test [] []
[2020-06-17 17:05:26] generateOTP.INFO: test [] []
[2020-06-17 17:05:52] generateOTP.INFO: test [] []
[2020-06-17 17:10:01] generateOTP.INFO: test [] []
[2020-06-17 17:10:02] generateOTP.INFO: test [] []
[2020-06-17 17:10:28] generateOTP.INFO: test [] []
[2020-06-17 17:10:29] generateOTP.INFO: test [] []
[2020-06-17 17:12:38] generateOTP.INFO: test [] []
[2020-06-17 17:12:43] generateOTP.INFO: test [] []
[2020-06-17 17:12:44] generateOTP.INFO: test [] []
[2020-06-17 17:13:00] generateOTP.INFO: test [] []
[2020-06-17 17:13:06] generateOTP.INFO: test [] []
[2020-06-17 17:53:10] generateOTP.INFO: test [] []
[2020-06-17 17:53:15] generateOTP.INFO: test [] []
[2020-06-17 18:33:21] generateOTP.INFO: test [] []
[2020-06-17 20:06:11] generateOTP.INFO: test [] []
[2020-06-17 20:06:12] generateOTP.INFO: test [] []
[2020-06-17 20:06:13] generateOTP.INFO: test [] []
[2020-06-17 20:06:17] generateOTP.INFO: test [] []
[2020-06-17 20:06:25] generateOTP.INFO: test [] []
[2020-06-17 20:06:27] generateOTP.INFO: test [] []
[2020-06-17 20:07:19] generateOTP.INFO: test [] []
