[2020-01-17 10:27:40] generateOTP.INFO: test [] []
[2020-01-17 10:27:41] generateOTP.INFO: test [] []
[2020-01-17 10:27:43] generateOTP.INFO: test [] []
[2020-01-17 10:27:58] generateOTP.INFO: test [] []
[2020-01-17 10:27:58] generateOTP.INFO: test [] []
[2020-01-17 10:27:58] generateOTP.INFO: test [] []
[2020-01-17 11:00:14] generateOTP.INFO: test [] []
[2020-01-17 11:23:17] generateOTP.INFO: test [] []
[2020-01-17 11:28:26] generateOTP.INFO: test [] []
[2020-01-17 11:36:09] generateOTP.INFO: test [] []
[2020-01-17 11:54:23] generateOTP.INFO: test [] []
[2020-01-17 11:54:25] generateOTP.INFO: test [] []
[2020-01-17 11:54:52] generateOTP.INFO: test [] []
[2020-01-17 11:55:24] generateOTP.INFO: test [] []
[2020-01-17 11:55:35] generateOTP.INFO: test [] []
[2020-01-17 11:58:17] generateOTP.INFO: test [] []
[2020-01-17 12:26:18] generateOTP.INFO: test [] []
[2020-01-17 12:29:27] generateOTP.INFO: test [] []
[2020-01-17 12:30:19] generateOTP.INFO: test [] []
[2020-01-17 12:30:55] generateOTP.INFO: test [] []
[2020-01-17 12:32:01] generateOTP.INFO: test [] []
[2020-01-17 12:32:46] generateOTP.INFO: test [] []
[2020-01-17 12:38:23] generateOTP.INFO: test [] []
[2020-01-17 12:41:11] generateOTP.INFO: test [] []
[2020-01-17 12:41:58] generateOTP.INFO: test [] []
[2020-01-17 12:43:40] generateOTP.INFO: test [] []
[2020-01-17 12:52:35] generateOTP.INFO: test [] []
[2020-01-17 12:54:46] generateOTP.INFO: test [] []
[2020-01-17 12:58:44] generateOTP.INFO: test [] []
[2020-01-17 13:05:13] generateOTP.INFO: test [] []
[2020-01-17 13:05:13] generateOTP.INFO: test [] []
[2020-01-17 13:05:14] generateOTP.INFO: test [] []
[2020-01-17 13:05:37] generateOTP.INFO: test [] []
[2020-01-17 13:06:17] generateOTP.INFO: test [] []
[2020-01-17 13:06:59] generateOTP.INFO: test [] []
[2020-01-17 13:09:16] generateOTP.INFO: test [] []
[2020-01-17 13:20:57] generateOTP.INFO: test [] []
[2020-01-17 13:20:57] generateOTP.INFO: test [] []
[2020-01-17 13:20:58] generateOTP.INFO: test [] []
[2020-01-17 13:21:01] generateOTP.INFO: test [] []
[2020-01-17 13:21:01] generateOTP.INFO: test [] []
[2020-01-17 13:21:02] generateOTP.INFO: test [] []
[2020-01-17 13:21:16] generateOTP.INFO: test [] []
[2020-01-17 13:21:16] generateOTP.INFO: test [] []
[2020-01-17 13:21:16] generateOTP.INFO: test [] []
[2020-01-17 13:23:01] generateOTP.INFO: test [] []
[2020-01-17 13:23:01] generateOTP.INFO: test [] []
[2020-01-17 13:23:01] generateOTP.INFO: test [] []
[2020-01-17 13:42:00] generateOTP.INFO: test [] []
[2020-01-17 13:42:01] generateOTP.INFO: test [] []
[2020-01-17 13:42:14] generateOTP.INFO: test [] []
[2020-01-17 13:42:14] generateOTP.INFO: test [] []
[2020-01-17 13:42:14] generateOTP.INFO: test [] []
[2020-01-17 13:42:28] generateOTP.INFO: test [] []
[2020-01-17 14:38:22] generateOTP.INFO: test [] []
[2020-01-17 14:38:23] generateOTP.INFO: test [] []
[2020-01-17 14:38:43] generateOTP.INFO: test [] []
[2020-01-17 14:38:43] generateOTP.INFO: test [] []
[2020-01-17 14:38:43] generateOTP.INFO: test [] []
[2020-01-17 14:53:19] generateOTP.INFO: test [] []
[2020-01-17 14:55:24] generateOTP.INFO: test [] []
[2020-01-17 14:57:08] generateOTP.INFO: test [] []
[2020-01-17 14:57:40] generateOTP.INFO: test [] []
[2020-01-17 14:58:15] generateOTP.INFO: test [] []
[2020-01-17 15:00:10] generateOTP.INFO: {"edit":"0","subtype_text":"3","policy_no":"379","sum_insure":"750000","familyConstruct":"2A","tenure":"1 Year","family_members_id":"0","family_gender":"Male","first_name":"Anand","middle_name":"U","last_name":"Sharma","family_date_birth":"15-08-1985","age":"34","age_type":"years","family_id":"","s_date":"","marriage_date":"","premium_parent":"","contri_parent":"","premium":"6296","policyNo":"379","familyDataType":"family_construct","product":"QBTv5db9151ad1c21","empId":"619963"} [] []
[2020-01-17 15:00:30] generateOTP.INFO: {"edit":"0","subtype_text":"3","policy_no":"379","sum_insure":"750000","familyConstruct":"2A","tenure":"1 Year","family_members_id":"1","family_gender":"Female","first_name":"Nisha","middle_name":"u","last_name":"uyguygyh","family_date_birth":"14-06-1990","age":"29","age_type":"years","family_id":"","s_date":"","marriage_date":"","premium_parent":"","contri_parent":"","premium":"6296","policyNo":"379","familyDataType":"family_construct","product":"QBTv5db9151ad1c21","empId":"619963"} [] []
[2020-01-17 15:02:57] documentsSave.INFO: {"ops_type":"[\"Enrollment form\",\"Cheque Copy\"]","ext0":"undefined","ext1":"undefined","ids":"80","update_datas":"undefined"} [] []
[2020-01-17 15:02:57] documentsSaveFiles.INFO: [{"name":"Pan2.pdf","type":"application\/pdf","tmp_name":"\/tmp\/php0WsGrH","error":0,"size":286186},{"name":"aadhar.png","type":"image\/png","tmp_name":"\/tmp\/php65Uc2i","error":0,"size":1989327}] [] []
[2020-01-17 15:03:11] generateOTP.INFO: test [] []
[2020-01-17 15:03:56] generateOTP.INFO: test [] []
[2020-01-17 15:03:56] generateOTP.INFO: test [] []
[2020-01-17 15:03:56] generateOTP.INFO: test [] []
[2020-01-17 15:07:03] generateOTP.INFO: {"edit":"0","subtype_text":"3","policy_no":"379","sum_insure":"1000000","familyConstruct":"2A","tenure":"1 Year","family_members_id":"0","family_gender":"Female","first_name":"Anushree","middle_name":"K","last_name":"Menon","family_date_birth":"20-06-1984","age":"35","age_type":"years","family_id":"","s_date":"","marriage_date":"","premium_parent":"","contri_parent":"","premium":"8395","policyNo":"379","familyDataType":"family_construct","product":"QBTv5db9151ad1c21","empId":"619964"} [] []
[2020-01-17 15:07:20] generateOTP.INFO: {"edit":"0","subtype_text":"3","policy_no":"379","sum_insure":"1000000","familyConstruct":"2A","tenure":"1 Year","family_members_id":"1","family_gender":"Male","first_name":"Samith","middle_name":"rtret","last_name":"retretret","family_date_birth":"03-01-1979","age":"41","age_type":"years","family_id":"","s_date":"","marriage_date":"","premium_parent":"","contri_parent":"","premium":"8395","policyNo":"379","familyDataType":"family_construct","product":"QBTv5db9151ad1c21","empId":"619964"} [] []
[2020-01-17 15:08:40] documentsSave.INFO: {"ops_type":"[\"Enrollment form\",\"Cheque Copy\"]","ext0":"undefined","ext1":"undefined","ids":"81","update_datas":"undefined"} [] []
[2020-01-17 15:08:40] documentsSaveFiles.INFO: [{"name":"Aadhar2.pdf","type":"application\/pdf","tmp_name":"\/tmp\/phpAW2gls","error":0,"size":365116},{"name":"AADHAR.jpg","type":"image\/jpeg","tmp_name":"\/tmp\/phpXmAqRO","error":0,"size":247909}] [] []
[2020-01-17 15:17:30] generateOTP.INFO: test [] []
[2020-01-17 15:18:13] generateOTP.INFO: test [] []
[2020-01-17 15:18:17] generateOTP.INFO: test [] []
[2020-01-17 15:18:32] generateOTP.INFO: test [] []
[2020-01-17 15:19:28] generateOTP.INFO: test [] []
[2020-01-17 15:24:58] generateOTP.INFO: test [] []
[2020-01-17 15:26:52] generateOTP.INFO: test [] []
[2020-01-17 15:26:57] generateOTP.INFO: test [] []
[2020-01-17 15:27:08] generateOTP.INFO: test [] []
[2020-01-17 15:28:32] generateOTP.INFO: test [] []
[2020-01-17 15:28:33] generateOTP.INFO: test [] []
[2020-01-17 15:28:52] generateOTP.INFO: test [] []
[2020-01-17 15:29:00] generateOTP.INFO: test [] []
[2020-01-17 15:33:26] generateOTP.INFO: test [] []
[2020-01-17 15:33:27] generateOTP.INFO: test [] []
[2020-01-17 15:33:39] generateOTP.INFO: test [] []
[2020-01-17 15:33:39] generateOTP.INFO: test [] []
[2020-01-17 15:33:39] generateOTP.INFO: test [] []
[2020-01-17 15:37:06] generateOTP.INFO: test [] []
[2020-01-17 15:38:29] generateOTP.INFO: {"edit":"0","policy_no":"378","subtype_text":"1","sum_insure":"1000000","familyConstruct":"2A+1K","tenure":"1 Year","family_members_id":"0","family_gender":"Female","first_name":"Swati","middle_name":"K","last_name":"Shah","family_date_birth":"07-04-1976","age":"43","age_type":"years","family_id":"","s_date":"","marriage_date":"","premium_parent":"","contri_parent":"","premium":"7299","policyNo":"378","familyDataType":"undefined","empId":"619965","product":"QBTv5db9151ad1c21","declare":"[]"} [] []
[2020-01-17 15:40:04] generateOTP.INFO: {"edit":"0","policy_no":"378","subtype_text":"1","sum_insure":"1000000","familyConstruct":"2A+1K","tenure":"1 Year","family_members_id":"1","family_gender":"Male","first_name":"Keerthan","middle_name":"sdeffddf","last_name":"Shah","family_date_birth":"21-08-1979","age":"40","age_type":"years","family_id":"","s_date":"","marriage_date":"","premium_parent":"","contri_parent":"","premium":"7299","policyNo":"378","familyDataType":"undefined","empId":"619965","product":"QBTv5db9151ad1c21","declare":"[]"} [] []
[2020-01-17 15:40:36] generateOTP.INFO: {"edit":"0","policy_no":"378","subtype_text":"1","sum_insure":"1000000","familyConstruct":"2A+1K","tenure":"1 Year","family_members_id":"3","family_gender":"Female","first_name":"Maanya","middle_name":"K","last_name":"Shah","family_date_birth":"26-04-2018","age":"1","age_type":"years","family_id":"","s_date":"","marriage_date":"","premium_parent":"","contri_parent":"","premium":"7299","policyNo":"378","familyDataType":"undefined","empId":"619965","product":"QBTv5db9151ad1c21","declare":"[]"} [] []
[2020-01-17 15:41:06] generateOTP.INFO: {"edit":"0","subtype_text":"3","policy_no":"379","sum_insure":"1000000","familyConstruct":"1A","tenure":"1 Year","family_members_id":"0","family_gender":"Female","first_name":"Swati","middle_name":"K","last_name":"Shah","family_date_birth":"07-04-1976","age":"43","age_type":"years","family_id":"","s_date":"","marriage_date":"","premium_parent":"","contri_parent":"","premium":"4198","policyNo":"379","familyDataType":"family_construct","product":"QBTv5db9151ad1c21","empId":"619965"} [] []
[2020-01-17 15:42:20] documentsSave.INFO: {"ops_type":"[\"Enrollment form\",\"Cheque Copy\"]","ext0":"undefined","ext1":"undefined","ids":"82,83","update_datas":"undefined"} [] []
[2020-01-17 15:42:20] documentsSaveFiles.INFO: [{"name":"PAN.jpg","type":"image\/jpeg","tmp_name":"\/tmp\/phpWqXs2G","error":0,"size":132663},{"name":"Pan2.pdf","type":"application\/pdf","tmp_name":"\/tmp\/php2unQbi","error":0,"size":286186}] [] []
[2020-01-17 15:42:35] generateOTP.INFO: test [] []
[2020-01-17 15:44:26] generateOTP.INFO: test [] []
[2020-01-17 15:44:26] generateOTP.INFO: test [] []
[2020-01-17 15:44:26] generateOTP.INFO: test [] []
[2020-01-17 16:02:28] generateOTP.INFO: test [] []
[2020-01-17 16:03:43] generateOTP.INFO: test [] []
[2020-01-17 16:04:36] generateOTP.INFO: test [] []
[2020-01-17 16:17:27] generateOTP.INFO: test [] []
[2020-01-17 16:17:28] generateOTP.INFO: test [] []
[2020-01-17 16:17:36] generateOTP.INFO: test [] []
[2020-01-17 16:20:07] generateOTP.INFO: test [] []
[2020-01-17 16:20:37] generateOTP.INFO: test [] []
[2020-01-17 16:22:04] generateOTP.INFO: test [] []
[2020-01-17 16:23:38] generateOTP.INFO: test [] []
[2020-01-17 16:24:00] generateOTP.INFO: test [] []
[2020-01-17 17:24:21] generateOTP.INFO: test [] []
[2020-01-17 17:24:22] generateOTP.INFO: test [] []
[2020-01-17 17:24:39] generateOTP.INFO: test [] []
[2020-01-17 17:24:39] generateOTP.INFO: test [] []
[2020-01-17 17:24:39] generateOTP.INFO: test [] []
[2020-01-17 17:25:23] generateOTP.INFO: test [] []
[2020-01-17 17:25:24] generateOTP.INFO: test [] []
[2020-01-17 17:26:06] generateOTP.INFO: test [] []
[2020-01-17 17:26:06] generateOTP.INFO: test [] []
[2020-01-17 17:26:06] generateOTP.INFO: test [] []
[2020-01-17 17:26:26] generateOTP.INFO: test [] []
[2020-01-17 18:04:01] generateOTP.INFO: test [] []
[2020-01-17 18:04:02] generateOTP.INFO: test [] []
[2020-01-17 18:04:10] generateOTP.INFO: test [] []
[2020-01-17 18:05:45] generateOTP.INFO: test [] []
[2020-01-17 18:05:46] generateOTP.INFO: test [] []
[2020-01-17 18:17:13] generateOTP.INFO: test [] []
[2020-01-17 18:17:46] generateOTP.INFO: test [] []
