[2019-12-17 09:04:35] generateOTP.INFO: test [] []
[2019-12-17 09:43:33] generateOTP.INFO: test [] []
[2019-12-17 09:43:34] generateOTP.INFO: test [] []
[2019-12-17 09:43:59] generateOTP.INFO: test [] []
[2019-12-17 09:44:00] generateOTP.INFO: test [] []
[2019-12-17 09:44:00] generateOTP.INFO: test [] []
[2019-12-17 09:44:00] generateOTP.INFO: test [] []
[2019-12-17 09:46:34] generateOTP.INFO: {"edit":"0","policy_no":"378","subtype_text":"1","sum_insure":"1000000","familyConstruct":"2A+2K","tenure":"1 Year","premium":"7699","family_members_id":"0","family_gender":"Male","first_name":"tri","last_name":"tru","family_date_birth":"04-12-1984","age":"35","age_type":"years","family_id":"","s_date":"","marriage_date":"","premium_parent":"","contri_parent":"","policyNo":"378","familyDataType":"undefined","empId":"619625","product":"QBTv5db9151ad1c21","declare":"[]"} [] []
[2019-12-17 09:47:39] generateOTP.INFO: {"edit":"0","policy_no":"378","subtype_text":"1","sum_insure":"1000000","familyConstruct":"2A+2K","tenure":"1 Year","premium":"7699","family_members_id":"1","family_gender":"Female","first_name":"tru","last_name":"kgyf","family_date_birth":"01-12-1988","age":"31","age_type":"years","family_id":"","s_date":"","marriage_date":"","premium_parent":"","contri_parent":"","policyNo":"378","familyDataType":"undefined","empId":"619625","product":"QBTv5db9151ad1c21","declare":"[]"} [] []
[2019-12-17 09:48:07] generateOTP.INFO: {"edit":"0","policy_no":"378","subtype_text":"1","sum_insure":"1000000","familyConstruct":"2A+2K","tenure":"1 Year","premium":"7699","family_members_id":"2","family_gender":"Male","first_name":"sdasd","last_name":"sdasd","family_date_birth":"21-12-2000","age":"18","age_type":"years","family_id":"","s_date":"","marriage_date":"","premium_parent":"","contri_parent":"","policyNo":"378","familyDataType":"undefined","empId":"619625","product":"QBTv5db9151ad1c21","declare":"[]"} [] []
[2019-12-17 09:48:49] generateOTP.INFO: {"edit":"0","policy_no":"378","subtype_text":"1","sum_insure":"1000000","familyConstruct":"2A+2K","tenure":"1 Year","premium":"7699","family_members_id":"3","family_gender":"Female","first_name":"sadas","last_name":"dasd","family_date_birth":"28-12-2006","age":"12","age_type":"years","family_id":"","s_date":"","marriage_date":"","premium_parent":"","contri_parent":"","policyNo":"378","familyDataType":"undefined","empId":"619625","product":"QBTv5db9151ad1c21","declare":"[]"} [] []
[2019-12-17 09:52:34] documentsSave.INFO: {"update_datas":"undefined","ops_type":"[\"Customer Declaration Form\",\"4\",\"Y\"]","ids":"11,12"} [] []
[2019-12-17 09:52:34] documentsSaveFiles.INFO: [{"name":"GHI-19-1000189_20191212.pdf","type":"application\/pdf","tmp_name":"\/tmp\/php6KBCIW","error":0,"size":984470},{"name":"GHI-19-1000192_20191212.pdf","type":"application\/pdf","tmp_name":"\/tmp\/phpdkFu98","error":0,"size":976738},{"name":"GHI-19-1000187_20191212.pdf","type":"application\/pdf","tmp_name":"\/tmp\/phpGXcTom","error":0,"size":975834}] [] []
[2019-12-17 09:52:52] generateOTP.INFO: test [] []
[2019-12-17 09:53:18] generateOTP.INFO: test [] []
[2019-12-17 09:53:19] generateOTP.INFO: test [] []
[2019-12-17 09:53:19] generateOTP.INFO: test [] []
[2019-12-17 09:53:20] generateOTP.INFO: test [] []
[2019-12-17 09:53:22] generateOTP.INFO: test [] []
[2019-12-17 10:01:57] generateOTP.INFO: test [] []
[2019-12-17 10:02:00] generateOTP.INFO: test [] []
[2019-12-17 10:02:02] generateOTP.INFO: test [] []
[2019-12-17 10:02:03] generateOTP.INFO: test [] []
[2019-12-17 10:02:04] generateOTP.INFO: test [] []
[2019-12-17 10:02:05] generateOTP.INFO: test [] []
[2019-12-17 10:02:05] generateOTP.INFO: test [] []
[2019-12-17 10:02:05] generateOTP.INFO: test [] []
[2019-12-17 10:02:05] generateOTP.INFO: test [] []
[2019-12-17 10:02:05] generateOTP.INFO: test [] []
[2019-12-17 10:02:09] generateOTP.INFO: test [] []
[2019-12-17 10:02:10] generateOTP.INFO: test [] []
[2019-12-17 10:02:10] generateOTP.INFO: test [] []
[2019-12-17 10:02:10] generateOTP.INFO: test [] []
[2019-12-17 10:02:12] generateOTP.INFO: test [] []
[2019-12-17 10:02:12] generateOTP.INFO: test [] []
[2019-12-17 10:02:13] generateOTP.INFO: test [] []
[2019-12-17 10:02:14] generateOTP.INFO: test [] []
[2019-12-17 10:02:15] generateOTP.INFO: test [] []
[2019-12-17 11:14:20] generateOTP.INFO: test [] []
[2019-12-17 11:14:20] generateOTP.INFO: test [] []
[2019-12-17 11:14:20] generateOTP.INFO: test [] []
[2019-12-17 11:17:33] generateOTP.INFO: test [] []
[2019-12-17 11:17:34] generateOTP.INFO: test [] []
[2019-12-17 11:17:47] generateOTP.INFO: test [] []
[2019-12-17 11:17:49] generateOTP.INFO: test [] []
[2019-12-17 11:18:28] generateOTP.INFO: test [] []
[2019-12-17 11:18:28] generateOTP.INFO: test [] []
[2019-12-17 11:18:29] generateOTP.INFO: test [] []
[2019-12-17 11:18:29] generateOTP.INFO: test [] []
[2019-12-17 11:18:41] generateOTP.INFO: test [] []
[2019-12-17 11:19:06] generateOTP.INFO: test [] []
[2019-12-17 11:19:10] generateOTP.INFO: test [] []
[2019-12-17 11:19:11] generateOTP.INFO: test [] []
[2019-12-17 11:19:11] generateOTP.INFO: test [] []
[2019-12-17 11:21:26] generateOTP.INFO: test [] []
[2019-12-17 11:21:26] generateOTP.INFO: test [] []
[2019-12-17 11:21:27] generateOTP.INFO: test [] []
[2019-12-17 11:23:36] generateOTP.INFO: test [] []
[2019-12-17 11:26:12] generateOTP.INFO: test [] []
[2019-12-17 11:26:57] generateOTP.INFO: test [] []
[2019-12-17 11:27:05] generateOTP.INFO: test [] []
[2019-12-17 11:27:05] generateOTP.INFO: test [] []
[2019-12-17 11:27:05] generateOTP.INFO: test [] []
[2019-12-17 11:27:23] generateOTP.INFO: test [] []
[2019-12-17 11:27:35] generateOTP.INFO: test [] []
[2019-12-17 11:28:02] generateOTP.INFO: test [] []
[2019-12-17 11:28:06] generateOTP.INFO: test [] []
[2019-12-17 11:28:07] generateOTP.INFO: test [] []
[2019-12-17 11:28:07] generateOTP.INFO: test [] []
[2019-12-17 11:28:35] generateOTP.INFO: test [] []
[2019-12-17 11:28:44] generateOTP.INFO: test [] []
[2019-12-17 11:37:46] generateOTP.INFO: test [] []
[2019-12-17 11:37:46] generateOTP.INFO: test [] []
[2019-12-17 11:37:47] generateOTP.INFO: test [] []
[2019-12-17 11:37:47] generateOTP.INFO: test [] []
[2019-12-17 11:37:59] generateOTP.INFO: test [] []
[2019-12-17 11:38:00] generateOTP.INFO: test [] []
[2019-12-17 11:38:29] generateOTP.INFO: test [] []
[2019-12-17 11:38:29] generateOTP.INFO: test [] []
[2019-12-17 11:38:29] generateOTP.INFO: test [] []
[2019-12-17 11:38:29] generateOTP.INFO: test [] []
[2019-12-17 12:03:08] generateOTP.INFO: test [] []
[2019-12-17 12:03:08] generateOTP.INFO: test [] []
[2019-12-17 12:03:09] generateOTP.INFO: test [] []
[2019-12-17 12:03:09] generateOTP.INFO: test [] []
[2019-12-17 12:05:49] generateOTP.INFO: {"edit":"0","policy_no":"378","subtype_text":"1","sum_insure":"800000","familyConstruct":"1A","tenure":"1 Year","premium":"5799","family_members_id":"0","family_gender":"Male","first_name":"jh,khjb","last_name":"hj,lhkjnml,kj","family_date_birth":"01-01-1962","age":"57","age_type":"years","family_id":"","s_date":"","marriage_date":"","premium_parent":"","contri_parent":"","policyNo":"378","familyDataType":"undefined","empId":"619627","product":"QBTv5db9151ad1c21","declare":"[]"} [] []
[2019-12-17 12:06:34] generateOTP.INFO: {"edit":"0","policy_no":"378","subtype_text":"1","sum_insure":"800000","familyConstruct":"2A+1K","tenure":"1 Year","premium":"7099","family_members_id":"0","family_gender":"Male","first_name":"jh,khjb","last_name":"hj,lhkjnml,kj","family_date_birth":"01-01-1962","age":"57","age_type":"years","family_id":"","s_date":"","marriage_date":"","premium_parent":"","contri_parent":"","policyNo":"378","familyDataType":"family_construct","empId":"619627","product":"QBTv5db9151ad1c21","declare":"[]"} [] []
[2019-12-17 12:06:41] generateOTP.INFO: test [] []
[2019-12-17 12:06:41] generateOTP.INFO: test [] []
[2019-12-17 12:06:42] generateOTP.INFO: test [] []
[2019-12-17 12:06:42] generateOTP.INFO: test [] []
[2019-12-17 12:07:34] generateOTP.INFO: {"edit":"0","policy_no":"378","subtype_text":"1","sum_insure":"800000","familyConstruct":"2A+1K","tenure":"1 Year","premium":"7099","family_members_id":"0","family_gender":"Male","first_name":"rfaesrfaesf","last_name":"edfsdf","family_date_birth":"10-12-1985","age":"34","age_type":"years","family_id":"","s_date":"","marriage_date":"","premium_parent":"","contri_parent":"","policyNo":"378","familyDataType":"undefined","empId":"619628","product":"QBTv5db9151ad1c21","declare":"[]"} [] []
[2019-12-17 12:07:34] generateOTP.INFO: {"edit":"0","policy_no":"378","subtype_text":"1","sum_insure":"800000","familyConstruct":"2A+1K","tenure":"1 Year","premium":"7099","family_members_id":"0","family_gender":"Male","first_name":"rfaesrfaesf","last_name":"edfsdf","family_date_birth":"10-12-1985","age":"34","age_type":"years","family_id":"","s_date":"","marriage_date":"","premium_parent":"","contri_parent":"","policyNo":"378","familyDataType":"undefined","empId":"619628","product":"QBTv5db9151ad1c21","declare":"[]"} [] []
[2019-12-17 12:08:01] generateOTP.INFO: {"edit":"0","policy_no":"378","subtype_text":"1","sum_insure":"800000","familyConstruct":"2A+1K","tenure":"1 Year","premium":"7099","family_members_id":"1","family_gender":"Female","first_name":"asdwaws","last_name":"asfcas","family_date_birth":"06-12-1962","age":"57","age_type":"years","family_id":"","s_date":"","marriage_date":"","premium_parent":"","contri_parent":"","policyNo":"378","familyDataType":"undefined","empId":"619628","product":"QBTv5db9151ad1c21","declare":"[]"} [] []
[2019-12-17 12:08:33] generateOTP.INFO: {"edit":"0","policy_no":"378","subtype_text":"1","sum_insure":"800000","familyConstruct":"2A+1K","tenure":"1 Year","premium":"7099","family_members_id":"1","family_gender":"Female","first_name":"asdwaws","last_name":"asfcas","family_date_birth":"04-12-1981","age":"38","age_type":"years","family_id":"","s_date":"","marriage_date":"","premium_parent":"","contri_parent":"","policyNo":"378","familyDataType":"undefined","empId":"619628","product":"QBTv5db9151ad1c21","declare":"[]"} [] []
[2019-12-17 12:09:09] generateOTP.INFO: {"edit":"0","policy_no":"378","subtype_text":"1","sum_insure":"800000","familyConstruct":"2A+1K","tenure":"1 Year","premium":"7099","family_members_id":"2","family_gender":"Male","first_name":"asfdas","last_name":"sadfas","family_date_birth":"16-12-2019","age":"1","age_type":"days","family_id":"","s_date":"","marriage_date":"","premium_parent":"","contri_parent":"","policyNo":"378","familyDataType":"undefined","empId":"619628","product":"QBTv5db9151ad1c21","declare":"[]"} [] []
[2019-12-17 12:09:42] generateOTP.INFO: {"edit":"0","policy_no":"378","subtype_text":"1","sum_insure":"800000","familyConstruct":"2A+1K","tenure":"1 Year","premium":"7099","family_members_id":"2","family_gender":"Male","first_name":"asfdas","last_name":"sadfas","family_date_birth":"03-02-1993","age":"26","age_type":"years","family_id":"","s_date":"","marriage_date":"","premium_parent":"","contri_parent":"","policyNo":"378","familyDataType":"undefined","empId":"619628","product":"QBTv5db9151ad1c21","declare":"[]"} [] []
[2019-12-17 12:20:13] generateOTP.INFO: test [] []
[2019-12-17 12:20:14] generateOTP.INFO: test [] []
[2019-12-17 12:20:14] generateOTP.INFO: test [] []
[2019-12-17 12:20:14] generateOTP.INFO: test [] []
[2019-12-17 12:21:48] generateOTP.INFO: {"edit":"0","subtype_text":"3","policy_no":"379","sum_insure":"750000","familyConstruct":"2A","tenure":"1 Year","premium":"6296","family_members_id":"0","family_gender":"Male","first_name":"asf","last_name":"fdsf","family_date_birth":"01-12-1983","age":"36","age_type":"years","family_id":"","s_date":"","marriage_date":"","premium_parent":"","contri_parent":"","policyNo":"379","familyDataType":"family_construct","product":"QBTv5db9151ad1c21","empId":"619629"} [] []
[2019-12-17 12:22:18] generateOTP.INFO: {"edit":"0","subtype_text":"3","policy_no":"379","sum_insure":"750000","familyConstruct":"2A","tenure":"1 Year","premium":"6296","family_members_id":"1","family_gender":"Female","first_name":"sdxasd","last_name":"asd","family_date_birth":"05-12-1951","age":"68","age_type":"years","family_id":"","s_date":"","marriage_date":"","premium_parent":"","contri_parent":"","policyNo":"379","familyDataType":"family_construct","product":"QBTv5db9151ad1c21","empId":"619629"} [] []
[2019-12-17 12:22:42] generateOTP.INFO: test [] []
[2019-12-17 12:22:45] generateOTP.INFO: test [] []
[2019-12-17 12:22:46] generateOTP.INFO: test [] []
[2019-12-17 12:22:46] generateOTP.INFO: test [] []
[2019-12-17 12:24:10] generateOTP.INFO: {"edit":"0","subtype_text":"3","policy_no":"379","sum_insure":"500000","familyConstruct":"2A","tenure":"1 Year","premium":"4198","family_members_id":"0","family_gender":"Male","first_name":"asdds","last_name":"safdasf","family_date_birth":"02-12-1951","age":"68","age_type":"years","family_id":"","s_date":"","marriage_date":"","premium_parent":"","contri_parent":"","policyNo":"379","familyDataType":"family_construct","product":"QBTv5db9151ad1c21","empId":"619630"} [] []
[2019-12-17 12:36:46] generateOTP.INFO: {"edit":"0","subtype_text":"3","policy_no":"379","sum_insure":"500000","familyConstruct":"1A","tenure":"1 Year","premium":"2099","family_members_id":"0","family_gender":"Male","first_name":"asdds","last_name":"safdasf","family_date_birth":"02-12-1951","age":"68","age_type":"years","family_id":"","s_date":"","marriage_date":"","premium_parent":"","contri_parent":"","policyNo":"379","familyDataType":"family_construct","product":"QBTv5db9151ad1c21","empId":"619630"} [] []
[2019-12-17 12:37:56] generateOTP.INFO: test [] []
[2019-12-17 12:37:57] generateOTP.INFO: test [] []
[2019-12-17 12:37:58] generateOTP.INFO: test [] []
[2019-12-17 12:37:58] generateOTP.INFO: test [] []
[2019-12-17 12:39:51] generateOTP.INFO: {"edit":"0","policy_no":"378","subtype_text":"1","sum_insure":"800000","familyConstruct":"2A","tenure":"1 Year","premium":"6699","family_members_id":"0","family_gender":"Male","first_name":"rtret","last_name":"rty","family_date_birth":"02-02-1967","age":"52","age_type":"years","family_id":"","s_date":"","marriage_date":"","premium_parent":"","contri_parent":"","policyNo":"378","familyDataType":"undefined","empId":"619631","product":"QBTv5db9151ad1c21","declare":"[]"} [] []
[2019-12-17 12:40:07] generateOTP.INFO: {"edit":"0","subtype_text":"3","policy_no":"379","sum_insure":"500000","familyConstruct":"2A","tenure":"1 Year","premium":"4198","family_members_id":"0","family_gender":"Male","first_name":"rtret","last_name":"rty","family_date_birth":"02-02-1967","age":"52","age_type":"years","family_id":"","s_date":"","marriage_date":"","premium_parent":"","contri_parent":"","policyNo":"379","familyDataType":"family_construct","product":"QBTv5db9151ad1c21","empId":"619631"} [] []
[2019-12-17 12:40:26] generateOTP.INFO: {"edit":"0","policy_no":"378","subtype_text":"1","sum_insure":"800000","familyConstruct":"2A","tenure":"1 Year","premium":"6699","family_members_id":"1","family_gender":"Female","first_name":"asfsadf","last_name":"dsfdsfdsf","family_date_birth":"04-12-1951","age":"68","age_type":"years","family_id":"","s_date":"","marriage_date":"","premium_parent":"","contri_parent":"","policyNo":"378","familyDataType":"family_construct","empId":"619631","product":"QBTv5db9151ad1c21","declare":"[]"} [] []
[2019-12-17 12:41:00] generateOTP.INFO: {"edit":"0","subtype_text":"3","policy_no":"379","sum_insure":"500000","familyConstruct":"2A","tenure":"1 Year","premium":"4198","family_members_id":"1","family_gender":"Female","first_name":"afdssdsg","last_name":"fdg","family_date_birth":"04-12-1951","age":"68","age_type":"years","family_id":"","s_date":"","marriage_date":"","premium_parent":"","contri_parent":"","policyNo":"379","familyDataType":"family_construct","product":"QBTv5db9151ad1c21","empId":"619631"} [] []
[2019-12-17 12:41:47] generateOTP.INFO: test [] []
[2019-12-17 12:41:48] generateOTP.INFO: test [] []
[2019-12-17 12:41:48] generateOTP.INFO: test [] []
[2019-12-17 12:41:48] generateOTP.INFO: test [] []
[2019-12-17 12:42:51] generateOTP.INFO: {"edit":"0","policy_no":"378","subtype_text":"1","sum_insure":"800000","familyConstruct":"2A","tenure":"1 Year","premium":"6699","family_members_id":"0","family_gender":"Male","first_name":"efsedf","last_name":"hgfdfgh","family_date_birth":"11-12-1951","age":"68","age_type":"years","family_id":"","s_date":"","marriage_date":"","premium_parent":"","contri_parent":"","policyNo":"378","familyDataType":"undefined","empId":"619632","product":"QBTv5db9151ad1c21","declare":"[]"} [] []
[2019-12-17 12:43:27] generateOTP.INFO: {"edit":"0","subtype_text":"3","policy_no":"379","sum_insure":"500000","familyConstruct":"2A","tenure":"1 Year","premium":"4198","family_members_id":"0","family_gender":"Male","first_name":"efsedf","last_name":"hgfdfgh","family_date_birth":"11-12-1951","age":"68","age_type":"years","family_id":"","s_date":"","marriage_date":"","premium_parent":"","contri_parent":"","policyNo":"379","familyDataType":"family_construct","product":"QBTv5db9151ad1c21","empId":"619632"} [] []
[2019-12-17 12:44:06] generateOTP.INFO: {"edit":"0","policy_no":"378","subtype_text":"1","sum_insure":"800000","familyConstruct":"2A","tenure":"1 Year","premium":"6699","family_members_id":"1","family_gender":"Female","first_name":"iuujh","last_name":"ygugyju","family_date_birth":"03-12-1981","age":"38","age_type":"years","family_id":"","s_date":"","marriage_date":"","premium_parent":"","contri_parent":"","policyNo":"378","familyDataType":"family_construct","empId":"619632","product":"QBTv5db9151ad1c21","declare":"[]"} [] []
[2019-12-17 15:17:36] generateOTP.INFO: test [] []
[2019-12-17 15:17:37] generateOTP.INFO: test [] []
[2019-12-17 15:18:06] generateOTP.INFO: test [] []
[2019-12-17 15:18:06] generateOTP.INFO: test [] []
[2019-12-17 15:18:06] generateOTP.INFO: test [] []
[2019-12-17 15:18:06] generateOTP.INFO: test [] []
[2019-12-17 15:23:18] generateOTP.INFO: {"edit":"0","policy_no":"378","subtype_text":"1","sum_insure":"800000","familyConstruct":"1A","tenure":"1 Year","premium":"5799","family_members_id":"0","family_gender":"Male","first_name":"Alp","last_name":"Mki","family_date_birth":"17-12-2001","age":"18","age_type":"years","family_id":"","s_date":"","marriage_date":"","premium_parent":"","contri_parent":"","policyNo":"378","familyDataType":"undefined","empId":"619633","product":"QBTv5db9151ad1c21","declare":"[]"} [] []
[2019-12-17 15:23:42] generateOTP.INFO: test [] []
[2019-12-17 15:25:20] generateOTP.INFO: test [] []
[2019-12-17 15:25:34] generateOTP.INFO: test [] []
[2019-12-17 15:25:35] generateOTP.INFO: test [] []
[2019-12-17 15:25:56] generateOTP.INFO: test [] []
[2019-12-17 15:25:57] generateOTP.INFO: test [] []
[2019-12-17 15:25:57] generateOTP.INFO: test [] []
[2019-12-17 15:25:57] generateOTP.INFO: test [] []
[2019-12-17 15:27:09] generateOTP.INFO: {"edit":"0","subtype_text":"3","policy_no":"379","sum_insure":"500000","familyConstruct":"1A","tenure":"1 Year","premium":"2099","family_members_id":"0","family_gender":"Female","first_name":"gfg","last_name":"fdgf","family_date_birth":"03-03-1994","age":"25","age_type":"years","family_id":"","s_date":"","marriage_date":"","premium_parent":"","contri_parent":"","policyNo":"379","familyDataType":"family_construct","product":"QBTv5db9151ad1c21","empId":"619634"} [] []
[2019-12-17 15:28:52] generateOTP.INFO: {"edit":"0","subtype_text":"3","policy_no":"379","sum_insure":"500000","familyConstruct":"1A","tenure":"1 Year","premium":"2099","family_members_id":"0","family_gender":"Female","first_name":"gfg","last_name":"fdgf","family_date_birth":"03-03-1994","age":"25","age_type":"years","family_id":"","s_date":"","marriage_date":"","premium_parent":"","contri_parent":"","policyNo":"379","familyDataType":"family_construct","product":"QBTv5db9151ad1c21","empId":"619634"} [] []
[2019-12-17 15:32:49] generateOTP.INFO: test [] []
[2019-12-17 15:32:49] generateOTP.INFO: test [] []
[2019-12-17 15:32:49] generateOTP.INFO: test [] []
[2019-12-17 15:32:50] generateOTP.INFO: test [] []
[2019-12-17 15:35:21] generateOTP.INFO: {"edit":"0","policy_no":"378","subtype_text":"1","sum_insure":"1000000","familyConstruct":"2A","tenure":"1 Year","premium":"6899","family_members_id":"0","family_gender":"Male","first_name":"kik","last_name":"hkk","family_date_birth":"01-12-1982","age":"37","age_type":"years","family_id":"","s_date":"","marriage_date":"","premium_parent":"","contri_parent":"","policyNo":"378","familyDataType":"family_construct","empId":"619635","product":"QBTv5db9151ad1c21","declare":"[]"} [] []
[2019-12-17 15:35:47] generateOTP.INFO: {"edit":"0","policy_no":"378","subtype_text":"1","sum_insure":"1000000","familyConstruct":"2A","tenure":"1 Year","premium":"6899","family_members_id":"1","family_gender":"Female","first_name":"sd","last_name":"sdsd","family_date_birth":"16-12-1987","age":"32","age_type":"years","family_id":"","s_date":"","marriage_date":"","premium_parent":"","contri_parent":"","policyNo":"378","familyDataType":"family_construct","empId":"619635","product":"QBTv5db9151ad1c21","declare":"[]"} [] []
[2019-12-17 15:36:12] generateOTP.INFO: {"edit":"0","subtype_text":"3","policy_no":"379","sum_insure":"750000","familyConstruct":"1A","tenure":"1 Year","premium":"3148","family_members_id":"0","family_gender":"Male","first_name":"kik","last_name":"hkk","family_date_birth":"01-12-1982","age":"37","age_type":"years","family_id":"","s_date":"","marriage_date":"","premium_parent":"","contri_parent":"","policyNo":"379","familyDataType":"family_construct","product":"QBTv5db9151ad1c21","empId":"619635"} [] []
[2019-12-17 15:37:44] generateOTP.INFO: test [] []
[2019-12-17 15:58:26] generateOTP.INFO: test [] []
[2019-12-17 15:58:27] generateOTP.INFO: test [] []
[2019-12-17 15:58:28] generateOTP.INFO: test [] []
[2019-12-17 15:58:35] generateOTP.INFO: test [] []
[2019-12-17 15:58:35] generateOTP.INFO: test [] []
[2019-12-17 15:58:35] generateOTP.INFO: test [] []
[2019-12-17 15:58:35] generateOTP.INFO: test [] []
[2019-12-17 15:58:40] generateOTP.INFO: test [] []
[2019-12-17 15:58:40] generateOTP.INFO: test [] []
[2019-12-17 15:58:40] generateOTP.INFO: test [] []
[2019-12-17 15:58:40] generateOTP.INFO: test [] []
[2019-12-17 16:19:45] generateOTP.INFO: test [] []
[2019-12-17 16:19:45] generateOTP.INFO: test [] []
[2019-12-17 16:19:45] generateOTP.INFO: test [] []
[2019-12-17 16:19:45] generateOTP.INFO: test [] []
[2019-12-17 16:21:48] generateOTP.INFO: test [] []
[2019-12-17 16:21:48] generateOTP.INFO: test [] []
[2019-12-17 16:21:48] generateOTP.INFO: test [] []
[2019-12-17 16:21:48] generateOTP.INFO: test [] []
[2019-12-17 16:24:19] generateOTP.INFO: test [] []
[2019-12-17 16:24:19] generateOTP.INFO: test [] []
[2019-12-17 16:24:19] generateOTP.INFO: test [] []
[2019-12-17 16:24:19] generateOTP.INFO: test [] []
[2019-12-17 16:33:22] generateOTP.INFO: test [] []
[2019-12-17 16:33:22] generateOTP.INFO: test [] []
[2019-12-17 16:33:22] generateOTP.INFO: test [] []
[2019-12-17 16:33:22] generateOTP.INFO: test [] []
[2019-12-17 16:33:44] generateOTP.INFO: test [] []
[2019-12-17 16:33:44] generateOTP.INFO: test [] []
[2019-12-17 16:33:44] generateOTP.INFO: test [] []
[2019-12-17 16:33:44] generateOTP.INFO: test [] []
[2019-12-17 16:34:14] generateOTP.INFO: test [] []
[2019-12-17 16:34:14] generateOTP.INFO: test [] []
[2019-12-17 16:34:14] generateOTP.INFO: test [] []
[2019-12-17 16:34:14] generateOTP.INFO: test [] []
[2019-12-17 16:35:27] generateOTP.INFO: test [] []
[2019-12-17 16:35:28] generateOTP.INFO: test [] []
[2019-12-17 16:35:28] generateOTP.INFO: test [] []
[2019-12-17 16:35:28] generateOTP.INFO: test [] []
[2019-12-17 16:35:45] generateOTP.INFO: test [] []
[2019-12-17 16:35:45] generateOTP.INFO: test [] []
[2019-12-17 16:35:45] generateOTP.INFO: test [] []
[2019-12-17 16:35:45] generateOTP.INFO: test [] []
[2019-12-17 16:36:10] generateOTP.INFO: test [] []
[2019-12-17 16:36:10] generateOTP.INFO: test [] []
[2019-12-17 16:36:10] generateOTP.INFO: test [] []
[2019-12-17 16:36:10] generateOTP.INFO: test [] []
[2019-12-17 16:41:34] generateOTP.INFO: test [] []
[2019-12-17 16:41:34] generateOTP.INFO: test [] []
[2019-12-17 16:41:34] generateOTP.INFO: test [] []
[2019-12-17 16:41:34] generateOTP.INFO: test [] []
[2019-12-17 16:45:38] generateOTP.INFO: test [] []
[2019-12-17 16:45:38] generateOTP.INFO: test [] []
[2019-12-17 16:45:38] generateOTP.INFO: test [] []
[2019-12-17 16:45:38] generateOTP.INFO: test [] []
[2019-12-17 16:47:52] generateOTP.INFO: test [] []
[2019-12-17 16:47:52] generateOTP.INFO: test [] []
[2019-12-17 16:47:52] generateOTP.INFO: test [] []
[2019-12-17 16:47:52] generateOTP.INFO: test [] []
[2019-12-17 16:48:48] generateOTP.INFO: test [] []
[2019-12-17 16:48:48] generateOTP.INFO: test [] []
[2019-12-17 16:48:48] generateOTP.INFO: test [] []
[2019-12-17 16:48:48] generateOTP.INFO: test [] []
[2019-12-17 16:49:46] generateOTP.INFO: test [] []
[2019-12-17 16:49:46] generateOTP.INFO: test [] []
[2019-12-17 16:49:46] generateOTP.INFO: test [] []
[2019-12-17 16:49:46] generateOTP.INFO: test [] []
[2019-12-17 16:50:09] generateOTP.INFO: test [] []
[2019-12-17 16:50:09] generateOTP.INFO: test [] []
[2019-12-17 16:50:09] generateOTP.INFO: test [] []
[2019-12-17 16:50:09] generateOTP.INFO: test [] []
[2019-12-17 16:51:24] generateOTP.INFO: test [] []
[2019-12-17 16:51:24] generateOTP.INFO: test [] []
[2019-12-17 16:51:24] generateOTP.INFO: test [] []
[2019-12-17 16:51:24] generateOTP.INFO: test [] []
[2019-12-17 16:52:07] generateOTP.INFO: test [] []
[2019-12-17 16:52:07] generateOTP.INFO: test [] []
[2019-12-17 16:52:07] generateOTP.INFO: test [] []
[2019-12-17 16:52:07] generateOTP.INFO: test [] []
[2019-12-17 17:04:02] generateOTP.INFO: test [] []
[2019-12-17 17:04:02] generateOTP.INFO: test [] []
[2019-12-17 17:04:02] generateOTP.INFO: test [] []
[2019-12-17 17:04:02] generateOTP.INFO: test [] []
[2019-12-17 17:04:26] generateOTP.INFO: test [] []
[2019-12-17 17:04:26] generateOTP.INFO: test [] []
[2019-12-17 17:04:26] generateOTP.INFO: test [] []
[2019-12-17 17:04:26] generateOTP.INFO: test [] []
[2019-12-17 17:05:10] generateOTP.INFO: test [] []
[2019-12-17 17:05:10] generateOTP.INFO: test [] []
[2019-12-17 17:05:10] generateOTP.INFO: test [] []
[2019-12-17 17:05:10] generateOTP.INFO: test [] []
[2019-12-17 17:06:02] generateOTP.INFO: test [] []
[2019-12-17 17:06:02] generateOTP.INFO: test [] []
[2019-12-17 17:06:02] generateOTP.INFO: test [] []
[2019-12-17 17:06:02] generateOTP.INFO: test [] []
[2019-12-17 17:06:37] generateOTP.INFO: test [] []
[2019-12-17 17:06:37] generateOTP.INFO: test [] []
[2019-12-17 17:06:37] generateOTP.INFO: test [] []
[2019-12-17 17:06:37] generateOTP.INFO: test [] []
[2019-12-17 17:07:11] generateOTP.INFO: test [] []
[2019-12-17 17:07:11] generateOTP.INFO: test [] []
[2019-12-17 17:07:11] generateOTP.INFO: test [] []
[2019-12-17 17:07:11] generateOTP.INFO: test [] []
[2019-12-17 17:11:04] generateOTP.INFO: test [] []
[2019-12-17 17:11:04] generateOTP.INFO: test [] []
[2019-12-17 17:11:04] generateOTP.INFO: test [] []
[2019-12-17 17:11:04] generateOTP.INFO: test [] []
[2019-12-17 17:29:39] generateOTP.INFO: test [] []
[2019-12-17 17:29:40] generateOTP.INFO: test [] []
[2019-12-17 17:29:40] generateOTP.INFO: test [] []
[2019-12-17 17:29:40] generateOTP.INFO: test [] []
[2019-12-17 17:33:39] generateOTP.INFO: test [] []
[2019-12-17 17:33:50] generateOTP.INFO: test [] []
[2019-12-17 17:33:50] generateOTP.INFO: test [] []
[2019-12-17 17:33:50] generateOTP.INFO: test [] []
[2019-12-17 17:51:25] generateOTP.INFO: test [] []
[2019-12-17 17:51:25] generateOTP.INFO: test [] []
[2019-12-17 17:51:25] generateOTP.INFO: test [] []
[2019-12-17 17:51:25] generateOTP.INFO: test [] []
[2019-12-17 18:01:33] generateOTP.INFO: test [] []
[2019-12-17 18:01:33] generateOTP.INFO: test [] []
[2019-12-17 18:01:33] generateOTP.INFO: test [] []
[2019-12-17 18:01:33] generateOTP.INFO: test [] []
[2019-12-17 18:01:52] generateOTP.INFO: test [] []
[2019-12-17 18:01:52] generateOTP.INFO: test [] []
[2019-12-17 18:01:52] generateOTP.INFO: test [] []
[2019-12-17 18:01:52] generateOTP.INFO: test [] []
[2019-12-17 18:03:07] generateOTP.INFO: test [] []
[2019-12-17 18:05:54] generateOTP.INFO: test [] []
[2019-12-17 18:05:55] generateOTP.INFO: test [] []
[2019-12-17 18:05:55] generateOTP.INFO: test [] []
[2019-12-17 18:05:55] generateOTP.INFO: test [] []
[2019-12-17 18:06:20] generateOTP.INFO: test [] []
[2019-12-17 18:06:58] generateOTP.INFO: test [] []
[2019-12-17 18:06:59] generateOTP.INFO: test [] []
[2019-12-17 18:06:59] generateOTP.INFO: test [] []
[2019-12-17 18:06:59] generateOTP.INFO: test [] []
[2019-12-17 18:07:16] generateOTP.INFO: test [] []
[2019-12-17 18:07:16] generateOTP.INFO: test [] []
[2019-12-17 18:07:16] generateOTP.INFO: test [] []
[2019-12-17 18:07:16] generateOTP.INFO: test [] []
[2019-12-17 18:07:55] generateOTP.INFO: test [] []
[2019-12-17 18:07:55] generateOTP.INFO: test [] []
[2019-12-17 18:07:55] generateOTP.INFO: test [] []
[2019-12-17 18:07:55] generateOTP.INFO: test [] []
[2019-12-17 18:13:12] generateOTP.INFO: test [] []
[2019-12-17 18:13:12] generateOTP.INFO: test [] []
[2019-12-17 18:13:12] generateOTP.INFO: test [] []
[2019-12-17 18:13:12] generateOTP.INFO: test [] []
[2019-12-17 18:37:49] generateOTP.INFO: test [] []
[2019-12-17 18:37:49] generateOTP.INFO: test [] []
[2019-12-17 18:37:49] generateOTP.INFO: test [] []
[2019-12-17 18:37:49] generateOTP.INFO: test [] []
[2019-12-17 18:38:38] generateOTP.INFO: test [] []
[2019-12-17 18:38:38] generateOTP.INFO: test [] []
[2019-12-17 18:38:38] generateOTP.INFO: test [] []
[2019-12-17 18:38:38] generateOTP.INFO: test [] []
[2019-12-17 18:39:17] generateOTP.INFO: test [] []
[2019-12-17 18:39:17] generateOTP.INFO: test [] []
[2019-12-17 18:39:17] generateOTP.INFO: test [] []
[2019-12-17 18:39:17] generateOTP.INFO: test [] []
[2019-12-17 18:55:01] generateOTP.INFO: test [] []
[2019-12-17 18:55:01] generateOTP.INFO: test [] []
[2019-12-17 18:55:01] generateOTP.INFO: test [] []
[2019-12-17 18:55:02] generateOTP.INFO: test [] []
[2019-12-17 18:55:28] generateOTP.INFO: test [] []
[2019-12-17 18:55:28] generateOTP.INFO: test [] []
[2019-12-17 18:55:28] generateOTP.INFO: test [] []
[2019-12-17 18:55:28] generateOTP.INFO: test [] []
[2019-12-17 18:56:20] generateOTP.INFO: test [] []
[2019-12-17 18:56:20] generateOTP.INFO: test [] []
[2019-12-17 18:56:20] generateOTP.INFO: test [] []
[2019-12-17 18:56:20] generateOTP.INFO: test [] []
[2019-12-17 18:59:21] generateOTP.INFO: test [] []
[2019-12-17 18:59:22] generateOTP.INFO: test [] []
[2019-12-17 18:59:22] generateOTP.INFO: test [] []
[2019-12-17 18:59:48] generateOTP.INFO: test [] []
[2019-12-17 18:59:48] generateOTP.INFO: test [] []
[2019-12-17 18:59:48] generateOTP.INFO: test [] []
[2019-12-17 18:59:48] generateOTP.INFO: test [] []
[2019-12-17 19:04:59] generateOTP.INFO: {"edit":"0","policy_no":"378","subtype_text":"1","sum_insure":"800000","familyConstruct":"2A","tenure":"1 Year","premium":"6699","family_members_id":"0","family_gender":"Male","first_name":"swara","last_name":"mahajan","family_date_birth":"04-12-2001","age":"18","age_type":"years","family_id":"","s_date":"","marriage_date":"","premium_parent":"","contri_parent":"","policyNo":"378","familyDataType":"undefined","empId":"619639","product":"QBTv5db9151ad1c21","declare":"[]"} [] []
[2019-12-17 19:05:27] generateOTP.INFO: {"edit":"0","policy_no":"378","subtype_text":"1","sum_insure":"800000","familyConstruct":"2A","tenure":"1 Year","premium":"6699","family_members_id":"1","family_gender":"Female","first_name":"mamata","last_name":"mahajn","family_date_birth":"14-12-2000","age":"19","age_type":"years","family_id":"","s_date":"","marriage_date":"","premium_parent":"","contri_parent":"","policyNo":"378","familyDataType":"undefined","empId":"619639","product":"QBTv5db9151ad1c21","declare":"[]"} [] []
[2019-12-17 19:13:33] generateOTP.INFO: test [] []
[2019-12-17 19:13:33] generateOTP.INFO: test [] []
[2019-12-17 19:13:34] generateOTP.INFO: test [] []
[2019-12-17 19:13:34] generateOTP.INFO: test [] []
[2019-12-17 19:16:11] generateOTP.INFO: {"edit":"0","policy_no":"378","subtype_text":"1","sum_insure":"800000","familyConstruct":"2A","tenure":"1 Year","premium":"6699","family_members_id":"0","family_gender":"Male","first_name":"swara","last_name":"wagh","family_date_birth":"08-12-1983","age":"36","age_type":"years","family_id":"","s_date":"","marriage_date":"","premium_parent":"","contri_parent":"","policyNo":"378","familyDataType":"undefined","empId":"619640","product":"QBTv5db9151ad1c21","declare":"[]"} [] []
[2019-12-17 19:16:23] generateOTP.INFO: {"edit":"0","policy_no":"378","subtype_text":"1","sum_insure":"800000","familyConstruct":"2A","tenure":"1 Year","premium":"6699","family_members_id":"1","family_gender":"Female","first_name":"ssdd","last_name":"dsg","family_date_birth":"07-12-2000","age":"19","age_type":"years","family_id":"","s_date":"","marriage_date":"","premium_parent":"","contri_parent":"","policyNo":"378","familyDataType":"undefined","empId":"619640","product":"QBTv5db9151ad1c21","declare":"[]"} [] []
[2019-12-17 19:40:26] generateOTP.INFO: test [] []
[2019-12-17 19:40:26] generateOTP.INFO: test [] []
[2019-12-17 19:40:26] generateOTP.INFO: test [] []
[2019-12-17 19:40:26] generateOTP.INFO: test [] []
