[2020-02-18 10:24:06] generateOTP.INFO: test [] []
[2020-02-18 10:24:06] generateOTP.INFO: test [] []
[2020-02-18 10:24:07] generateOTP.INFO: test [] []
[2020-02-18 10:24:53] generateOTP.INFO: test [] []
[2020-02-18 10:24:53] generateOTP.INFO: test [] []
[2020-02-18 10:24:57] generateOTP.INFO: test [] []
[2020-02-18 10:25:33] generateOTP.INFO: test [] []
[2020-02-18 10:25:38] generateOTP.INFO: test [] []
[2020-02-18 10:25:38] generateOTP.INFO: test [] []
[2020-02-18 10:27:37] documentsSave.INFO: {"ops_type":"[\"Enrollment form\",\"Cheque Copy\",\"Birth_Certificate\"]","ext0":"undefined","ext1":"undefined","ext2":"undefined","ids":"1,2","update_datas":"update","emp_id":"619823"} [] []
[2020-02-18 10:27:37] documentsSaveFiles.INFO: [{"name":"Chrysanthemum.jpg","type":"image\/jpeg","tmp_name":"\/tmp\/phpiGpDFb","error":0,"size":879394},{"name":"Jellyfish.jpg","type":"image\/jpeg","tmp_name":"\/tmp\/phpPlT85x","error":0,"size":775702},{"name":"Lighthouse.jpg","type":"image\/jpeg","tmp_name":"\/tmp\/phppS3ueV","error":0,"size":561276}] [] []
[2020-02-18 10:28:48] generateOTP.INFO: test [] []
[2020-02-18 10:28:49] generateOTP.INFO: test [] []
[2020-02-18 10:30:02] documentsSave.INFO: {"ops_type":"[\"Enrollment form\",\"Birth_Certificate_if_it_has_clear_Photo\"]","ext0":"undefined","ext1":"undefined","ids":"1,2","update_datas":"update","emp_id":"619823"} [] []
[2020-02-18 10:30:02] documentsSaveFiles.INFO: [{"name":"Penguins.jpg","type":"image\/jpeg","tmp_name":"\/tmp\/phpaUB7C8","error":0,"size":777835},{"name":"Desert.jpg","type":"image\/jpeg","tmp_name":"\/tmp\/phpBqfW2r","error":0,"size":845941}] [] []
[2020-02-18 10:32:42] documentsSave.INFO: {"ops_type":"[\"Enrollment form\",\"Birth_Certificate_if_it_has_clear_Photo\"]","ext0":"undefined","ext1":"undefined","ids":"1,2","update_datas":"update","emp_id":"619823"} [] []
[2020-02-18 10:32:42] documentsSaveFiles.INFO: [{"name":"Penguins.jpg","type":"image\/jpeg","tmp_name":"\/tmp\/phpQFRGUU","error":0,"size":777835},{"name":"Desert.jpg","type":"image\/jpeg","tmp_name":"\/tmp\/php11OiD0","error":0,"size":845941}] [] []
[2020-02-18 10:32:56] documentsSave.INFO: {"ops_type":"[\"Enrollment form\",\"Birth_Certificate_if_it_has_clear_Photo\"]","ext0":"undefined","ext1":"undefined","ids":"1,2","update_datas":"update","emp_id":"619823"} [] []
[2020-02-18 10:32:56] documentsSaveFiles.INFO: [{"name":"Penguins.jpg","type":"image\/jpeg","tmp_name":"\/tmp\/phpaUNpFG","error":0,"size":777835},{"name":"Desert.jpg","type":"image\/jpeg","tmp_name":"\/tmp\/phpIpIc5x","error":0,"size":845941}] [] []
[2020-02-18 10:34:00] documentsSave.INFO: {"ops_type":"[\"Enrollment form\",\"Birth_Certificate_if_it_has_clear_Photo\"]","ext0":"undefined","ext1":"undefined","ids":"1,2","update_datas":"update","emp_id":"619823"} [] []
[2020-02-18 10:34:00] documentsSaveFiles.INFO: [{"name":"Penguins.jpg","type":"image\/jpeg","tmp_name":"\/tmp\/phpeZhjIa","error":0,"size":777835},{"name":"Desert.jpg","type":"image\/jpeg","tmp_name":"\/tmp\/phpYhbvdw","error":0,"size":845941}] [] []
[2020-02-18 10:34:27] documentsSave.INFO: {"ops_type":"[\"Enrollment form\",\"Birth_Certificate_if_it_has_clear_Photo\"]","ext0":"undefined","ext1":"undefined","ids":"1,2","update_datas":"update","emp_id":"619823"} [] []
[2020-02-18 10:34:27] documentsSaveFiles.INFO: [{"name":"Penguins.jpg","type":"image\/jpeg","tmp_name":"\/tmp\/phpw8J0BC","error":0,"size":777835},{"name":"Desert.jpg","type":"image\/jpeg","tmp_name":"\/tmp\/phpucTIXp","error":0,"size":845941}] [] []
[2020-02-18 10:35:26] documentsSave.INFO: {"ops_type":"[\"Enrollment form\",\"Birth_Certificate_if_it_has_clear_Photo\"]","ext0":"undefined","ext1":"undefined","ids":"1,2","update_datas":"update","emp_id":"619823"} [] []
[2020-02-18 10:35:26] documentsSaveFiles.INFO: [{"name":"Penguins.jpg","type":"image\/jpeg","tmp_name":"\/tmp\/phpy15qqR","error":0,"size":777835},{"name":"Desert.jpg","type":"image\/jpeg","tmp_name":"\/tmp\/phprJHVCT","error":0,"size":845941}] [] []
[2020-02-18 10:35:58] documentsSave.INFO: {"ops_type":"[\"Enrollment form\",\"Birth_Certificate_if_it_has_clear_Photo\"]","ext0":"undefined","ext1":"undefined","ids":"1,2","update_datas":"update","emp_id":"619823"} [] []
[2020-02-18 10:35:58] documentsSaveFiles.INFO: [{"name":"Penguins.jpg","type":"image\/jpeg","tmp_name":"\/tmp\/phpD9S4Hg","error":0,"size":777835},{"name":"Desert.jpg","type":"image\/jpeg","tmp_name":"\/tmp\/phpYN7Uw1","error":0,"size":845941}] [] []
[2020-02-18 10:36:27] documentsSave.INFO: {"ops_type":"[\"Enrollment form\",\"Birth_Certificate_if_it_has_clear_Photo\"]","ext0":"undefined","ext1":"undefined","ids":"1,2","update_datas":"update","emp_id":"619823"} [] []
[2020-02-18 10:36:27] documentsSaveFiles.INFO: [{"name":"Penguins.jpg","type":"image\/jpeg","tmp_name":"\/tmp\/phpH2gvji","error":0,"size":777835},{"name":"Desert.jpg","type":"image\/jpeg","tmp_name":"\/tmp\/phpt0oKLF","error":0,"size":845941}] [] []
[2020-02-18 10:56:47] generateOTP.INFO: test [] []
[2020-02-18 10:56:48] generateOTP.INFO: test [] []
[2020-02-18 10:56:48] generateOTP.INFO: test [] []
[2020-02-18 10:57:02] generateOTP.INFO: test [] []
[2020-02-18 10:57:02] generateOTP.INFO: test [] []
[2020-02-18 10:57:06] generateOTP.INFO: test [] []
[2020-02-18 10:57:15] generateOTP.INFO: test [] []
[2020-02-18 10:57:15] generateOTP.INFO: test [] []
[2020-02-18 10:57:30] documentsSave.INFO: {"ops_type":"[\"Enrollment form\"]","ext0":"undefined","ids":"1,2","update_datas":"update","emp_id":"619823"} [] []
[2020-02-18 10:57:30] documentsSaveFiles.INFO: [{"name":"Lighthouse.jpg","type":"image\/jpeg","tmp_name":"\/tmp\/php0aMhT5","error":0,"size":561276}] [] []
[2020-02-18 11:00:32] documentsSave.INFO: {"ops_type":"[\"Enrollment form\"]","ext0":"undefined","ids":"1,2","update_datas":"update","emp_id":"619823"} [] []
[2020-02-18 11:00:32] documentsSaveFiles.INFO: [{"name":"Lighthouse.jpg","type":"image\/jpeg","tmp_name":"\/tmp\/phpg8GB62","error":0,"size":561276}] [] []
[2020-02-18 11:03:03] documentsSave.INFO: {"ops_type":"[\"Enrollment form\"]","ext0":"undefined","ids":"1,2","update_datas":"update","emp_id":"619823"} [] []
[2020-02-18 11:03:03] documentsSaveFiles.INFO: [{"name":"Lighthouse.jpg","type":"image\/jpeg","tmp_name":"\/tmp\/php1vPmru","error":0,"size":561276}] [] []
[2020-02-18 11:03:28] documentsSave.INFO: {"ops_type":"[\"Enrollment form\"]","ext0":"undefined","ids":"1,2","update_datas":"update","emp_id":"619823"} [] []
[2020-02-18 11:03:28] documentsSaveFiles.INFO: [{"name":"Lighthouse.jpg","type":"image\/jpeg","tmp_name":"\/tmp\/php5zGy7C","error":0,"size":561276}] [] []
[2020-02-18 11:05:00] documentsSave.INFO: {"ops_type":"[\"Enrollment form\"]","ext0":"undefined","ids":"1,2","update_datas":"update","emp_id":"619823"} [] []
[2020-02-18 11:05:00] documentsSaveFiles.INFO: [{"name":"Lighthouse.jpg","type":"image\/jpeg","tmp_name":"\/tmp\/phpozJD7E","error":0,"size":561276}] [] []
[2020-02-18 11:05:29] documentsSave.INFO: {"ops_type":"[\"Enrollment form\"]","ext0":"undefined","ids":"1,2","update_datas":"update","emp_id":"619823"} [] []
[2020-02-18 11:05:29] documentsSaveFiles.INFO: [{"name":"Lighthouse.jpg","type":"image\/jpeg","tmp_name":"\/tmp\/phpXfZnEg","error":0,"size":561276}] [] []
[2020-02-18 11:06:30] generateOTP.INFO: test [] []
[2020-02-18 11:06:30] generateOTP.INFO: test [] []
[2020-02-18 11:08:07] generateOTP.INFO: test [] []
[2020-02-18 11:08:07] generateOTP.INFO: test [] []
[2020-02-18 11:08:21] generateOTP.INFO: test [] []
[2020-02-18 11:08:21] generateOTP.INFO: test [] []
[2020-02-18 11:08:24] generateOTP.INFO: test [] []
[2020-02-18 11:08:47] generateOTP.INFO: test [] []
[2020-02-18 11:08:47] generateOTP.INFO: test [] []
[2020-02-18 11:09:22] generateOTP.INFO: test [] []
[2020-02-18 11:09:22] generateOTP.INFO: test [] []
[2020-02-18 11:09:53] documentsSave.INFO: {"ops_type":"[\"Enrollment form\",\"Cheque Copy\",\"Pan_Card\"]","ext0":"undefined","ext1":"undefined","ext2":"undefined","ids":"1,2","update_datas":"update","emp_id":"619823"} [] []
[2020-02-18 11:09:53] documentsSaveFiles.INFO: [{"name":"Chrysanthemum.jpg","type":"image\/jpeg","tmp_name":"\/tmp\/php6Je2jt","error":0,"size":879394},{"name":"Tulips.jpg","type":"image\/jpeg","tmp_name":"\/tmp\/phpzgQGYj","error":0,"size":620888},{"name":"Hydrangeas.jpg","type":"image\/jpeg","tmp_name":"\/tmp\/phpCX9iWa","error":0,"size":595284}] [] []
[2020-02-18 11:10:17] generateOTP.INFO: test [] []
[2020-02-18 11:10:17] generateOTP.INFO: test [] []
[2020-02-18 11:10:36] documentsSave.INFO: {"ops_type":"[\"Enrollment form\",\"Cheque Copy\",\"Pan_Card\"]","ext0":"undefined","ext1":"undefined","ext2":"undefined","ids":"1,2","update_datas":"update","emp_id":"619823"} [] []
[2020-02-18 11:10:36] documentsSaveFiles.INFO: [{"name":"Koala.jpg","type":"image\/jpeg","tmp_name":"\/tmp\/phpnzRqCG","error":0,"size":780831},{"name":"Penguins.jpg","type":"image\/jpeg","tmp_name":"\/tmp\/phpsyFFaT","error":0,"size":777835},{"name":"Tulips.jpg","type":"image\/jpeg","tmp_name":"\/tmp\/phpWFYw65","error":0,"size":620888}] [] []
[2020-02-18 11:10:58] generateOTP.INFO: test [] []
[2020-02-18 11:10:58] generateOTP.INFO: test [] []
[2020-02-18 11:11:04] generateOTP.INFO: test [] []
[2020-02-18 11:11:04] generateOTP.INFO: test [] []
[2020-02-18 11:11:10] generateOTP.INFO: test [] []
[2020-02-18 11:11:10] generateOTP.INFO: test [] []
[2020-02-18 11:11:28] generateOTP.INFO: test [] []
[2020-02-18 11:11:28] generateOTP.INFO: test [] []
[2020-02-18 11:12:15] generateOTP.INFO: test [] []
[2020-02-18 11:12:15] generateOTP.INFO: test [] []
[2020-02-18 11:12:27] generateOTP.INFO: test [] []
[2020-02-18 11:12:27] generateOTP.INFO: test [] []
[2020-02-18 11:13:10] documentsSave.INFO: {"ops_type":"[\"Enrollment form\",\"Cheque Copy\",\"Pan_Card\"]","ext0":"undefined","ext1":"undefined","ext2":"undefined","ids":"1,2","update_datas":"update","emp_id":"619823"} [] []
[2020-02-18 11:13:10] documentsSaveFiles.INFO: [{"name":"Desert.jpg","type":"image\/jpeg","tmp_name":"\/tmp\/phpIuweap","error":0,"size":845941},{"name":"Tulips.jpg","type":"image\/jpeg","tmp_name":"\/tmp\/phpRYITtZ","error":0,"size":620888},{"name":"Hydrangeas.jpg","type":"image\/jpeg","tmp_name":"\/tmp\/phpPMTM6z","error":0,"size":595284}] [] []
[2020-02-18 11:13:34] generateOTP.INFO: test [] []
[2020-02-18 11:13:34] generateOTP.INFO: test [] []
[2020-02-18 11:13:55] generateOTP.INFO: test [] []
[2020-02-18 11:13:55] generateOTP.INFO: test [] []
[2020-02-18 11:23:27] generateOTP.INFO: test [] []
[2020-02-18 11:23:30] generateOTP.INFO: test [] []
[2020-02-18 11:23:37] generateOTP.INFO: test [] []
[2020-02-18 11:23:43] generateOTP.INFO: test [] []
[2020-02-18 11:23:43] generateOTP.INFO: test [] []
[2020-02-18 11:24:04] generateOTP.INFO: test [] []
[2020-02-18 11:24:04] generateOTP.INFO: test [] []
[2020-02-18 11:25:52] generateOTP.INFO: test [] []
[2020-02-18 11:25:55] generateOTP.INFO: test [] []
[2020-02-18 11:25:55] generateOTP.INFO: test [] []
[2020-02-18 11:26:19] documentsSave.INFO: {"ops_type":"[\"Enrollment form\",\"Passport\"]","ext0":"undefined","ext1":"undefined","ids":"1,2","update_datas":"update","emp_id":"619823"} [] []
[2020-02-18 11:26:19] documentsSaveFiles.INFO: [{"name":"Penguins.jpg","type":"image\/jpeg","tmp_name":"\/tmp\/phpVHNW4t","error":0,"size":777835},{"name":"Jellyfish.jpg","type":"image\/jpeg","tmp_name":"\/tmp\/php0FFm18","error":0,"size":775702}] [] []
[2020-02-18 11:27:34] documentsSave.INFO: {"ops_type":"[\"Enrollment form\",\"Passport\"]","ext0":"undefined","ext1":"undefined","ids":"1,2","update_datas":"update","emp_id":"619823"} [] []
[2020-02-18 11:27:34] documentsSaveFiles.INFO: [{"name":"Penguins.jpg","type":"image\/jpeg","tmp_name":"\/tmp\/phpJSNWYx","error":0,"size":777835},{"name":"Jellyfish.jpg","type":"image\/jpeg","tmp_name":"\/tmp\/phpGiT6Pg","error":0,"size":775702}] [] []
[2020-02-18 11:30:23] generateOTP.INFO: test [] []
[2020-02-18 11:30:23] generateOTP.INFO: test [] []
[2020-02-18 11:30:47] documentsSave.INFO: {"ops_type":"[\"Enrollment form\",\"Cheque Copy\",\"Pan_Card\"]","ext0":"undefined","ext1":"undefined","ext2":"undefined","ids":"1,2","update_datas":"update","emp_id":"619823"} [] []
[2020-02-18 11:30:47] documentsSaveFiles.INFO: [{"name":"Jellyfish.jpg","type":"image\/jpeg","tmp_name":"\/tmp\/phpXBaF14","error":0,"size":775702},{"name":"Chrysanthemum.jpg","type":"image\/jpeg","tmp_name":"\/tmp\/phpyYEpUk","error":0,"size":879394},{"name":"Desert.jpg","type":"image\/jpeg","tmp_name":"\/tmp\/phpCGjDkB","error":0,"size":845941}] [] []
[2020-02-18 11:32:48] documentsSave.INFO: {"ops_type":"[\"Enrollment form\",\"Cheque Copy\",\"Pan_Card\"]","ext0":"undefined","ext1":"undefined","ext2":"undefined","ids":"1,2","update_datas":"update","emp_id":"619823"} [] []
[2020-02-18 11:32:48] documentsSaveFiles.INFO: [{"name":"Jellyfish.jpg","type":"image\/jpeg","tmp_name":"\/tmp\/phpG3WhZE","error":0,"size":775702},{"name":"Chrysanthemum.jpg","type":"image\/jpeg","tmp_name":"\/tmp\/phpucv95u","error":0,"size":879394},{"name":"Desert.jpg","type":"image\/jpeg","tmp_name":"\/tmp\/phpxbOz6l","error":0,"size":845941}] [] []
[2020-02-18 11:33:32] documentsSave.INFO: {"ops_type":"[\"Enrollment form\",\"Cheque Copy\",\"Pan_Card\"]","ext0":"undefined","ext1":"undefined","ext2":"undefined","ids":"1,2","update_datas":"update","emp_id":"619823"} [] []
[2020-02-18 11:33:32] documentsSaveFiles.INFO: [{"name":"Jellyfish.jpg","type":"image\/jpeg","tmp_name":"\/tmp\/php8gCgh6","error":0,"size":775702},{"name":"Chrysanthemum.jpg","type":"image\/jpeg","tmp_name":"\/tmp\/phpRAWlAn","error":0,"size":879394},{"name":"Desert.jpg","type":"image\/jpeg","tmp_name":"\/tmp\/phpjdoosF","error":0,"size":845941}] [] []
[2020-02-18 11:39:28] generateOTP.INFO: test [] []
[2020-02-18 11:39:28] generateOTP.INFO: test [] []
[2020-02-18 11:39:50] documentsSave.INFO: {"ops_type":"[\"Enrollment form\",\"Cheque Copy\",\"Passport\"]","ext0":"undefined","ext1":"undefined","ext2":"undefined","ids":"1,2","update_datas":"update","emp_id":"619823"} [] []
[2020-02-18 11:39:50] documentsSaveFiles.INFO: [{"name":"Hydrangeas.jpg","type":"image\/jpeg","tmp_name":"\/tmp\/phpN4MRDK","error":0,"size":595284},{"name":"Tulips.jpg","type":"image\/jpeg","tmp_name":"\/tmp\/phpeQcp2F","error":0,"size":620888},{"name":"Koala.jpg","type":"image\/jpeg","tmp_name":"\/tmp\/phpVFogNB","error":0,"size":780831}] [] []
[2020-02-18 11:40:36] documentsSave.INFO: {"ops_type":"[\"Enrollment form\",\"Cheque Copy\",\"Passport\"]","ext0":"undefined","ext1":"undefined","ext2":"undefined","ids":"1,2","update_datas":"update","emp_id":"619823"} [] []
[2020-02-18 11:40:36] documentsSaveFiles.INFO: [{"name":"Hydrangeas.jpg","type":"image\/jpeg","tmp_name":"\/tmp\/phpakV1yg","error":0,"size":595284},{"name":"Tulips.jpg","type":"image\/jpeg","tmp_name":"\/tmp\/phpiQthUH","error":0,"size":620888},{"name":"Koala.jpg","type":"image\/jpeg","tmp_name":"\/tmp\/phpnIsxz9","error":0,"size":780831}] [] []
[2020-02-18 11:41:11] generateOTP.INFO: test [] []
[2020-02-18 11:41:11] generateOTP.INFO: test [] []
[2020-02-18 11:41:47] generateOTP.INFO: test [] []
[2020-02-18 11:41:47] generateOTP.INFO: test [] []
[2020-02-18 11:46:11] generateOTP.INFO: test [] []
[2020-02-18 11:46:15] generateOTP.INFO: test [] []
[2020-02-18 11:46:15] generateOTP.INFO: test [] []
[2020-02-18 11:46:15] generateOTP.INFO: test [] []
[2020-02-18 11:46:15] generateOTP.INFO: test [] []
[2020-02-18 11:46:15] generateOTP.INFO: test [] []
[2020-02-18 11:46:16] generateOTP.INFO: test [] []
[2020-02-18 11:46:16] generateOTP.INFO: test [] []
[2020-02-18 11:46:16] generateOTP.INFO: test [] []
[2020-02-18 11:46:16] generateOTP.INFO: test [] []
[2020-02-18 11:46:50] generateOTP.INFO: test [] []
[2020-02-18 11:46:51] generateOTP.INFO: test [] []
[2020-02-18 11:47:05] generateOTP.INFO: test [] []
[2020-02-18 11:47:05] generateOTP.INFO: test [] []
[2020-02-18 11:47:12] generateOTP.INFO: test [] []
[2020-02-18 11:47:22] generateOTP.INFO: test [] []
[2020-02-18 11:47:22] generateOTP.INFO: test [] []
[2020-02-18 11:50:21] documentsSave.INFO: {"ops_type":"[\"Enrollment form\",\"Passport\"]","ext0":"undefined","ext1":"undefined","ids":"1,2","update_datas":"update","emp_id":"619823"} [] []
[2020-02-18 11:50:21] documentsSaveFiles.INFO: [{"name":"Tulips.jpg","type":"image\/jpeg","tmp_name":"\/tmp\/phpUbcxSb","error":0,"size":620888},{"name":"Koala.jpg","type":"image\/jpeg","tmp_name":"\/tmp\/phpyIJlsy","error":0,"size":780831}] [] []
[2020-02-18 11:51:46] documentsSave.INFO: {"ops_type":"[\"Enrollment form\",\"Passport\"]","ext0":"undefined","ext1":"undefined","ids":"1,2","update_datas":"update","emp_id":"619823"} [] []
[2020-02-18 11:51:46] documentsSaveFiles.INFO: [{"name":"Tulips.jpg","type":"image\/jpeg","tmp_name":"\/tmp\/phps8B3pB","error":0,"size":620888},{"name":"Koala.jpg","type":"image\/jpeg","tmp_name":"\/tmp\/phpjxp2nB","error":0,"size":780831}] [] []
[2020-02-18 11:52:25] documentsSave.INFO: {"ops_type":"[\"Enrollment form\",\"Passport\"]","ext0":"undefined","ext1":"undefined","ids":"1,2","update_datas":"update","emp_id":"619823"} [] []
[2020-02-18 11:52:25] documentsSaveFiles.INFO: [{"name":"Tulips.jpg","type":"image\/jpeg","tmp_name":"\/tmp\/phpvT56YF","error":0,"size":620888},{"name":"Koala.jpg","type":"image\/jpeg","tmp_name":"\/tmp\/phpZxn3NN","error":0,"size":780831}] [] []
[2020-02-18 11:54:06] documentsSave.INFO: {"ops_type":"[\"Enrollment form\",\"Passport\"]","ext0":"undefined","ext1":"undefined","ids":"1,2","update_datas":"update","emp_id":"619823"} [] []
[2020-02-18 11:54:06] documentsSaveFiles.INFO: [{"name":"Tulips.jpg","type":"image\/jpeg","tmp_name":"\/tmp\/phpR6HJNe","error":0,"size":620888},{"name":"Koala.jpg","type":"image\/jpeg","tmp_name":"\/tmp\/phpqqCuuS","error":0,"size":780831}] [] []
[2020-02-18 11:56:24] documentsSave.INFO: {"ops_type":"[\"Enrollment form\",\"Passport\"]","ext0":"undefined","ext1":"undefined","ids":"1,2","update_datas":"update","emp_id":"619823"} [] []
[2020-02-18 11:56:24] documentsSaveFiles.INFO: [{"name":"Tulips.jpg","type":"image\/jpeg","tmp_name":"\/tmp\/phpn0gIjP","error":0,"size":620888},{"name":"Koala.jpg","type":"image\/jpeg","tmp_name":"\/tmp\/phpx19quZ","error":0,"size":780831}] [] []
[2020-02-18 11:59:12] generateOTP.INFO: test [] []
[2020-02-18 11:59:12] generateOTP.INFO: test [] []
[2020-02-18 11:59:31] documentsSave.INFO: {"ops_type":"[\"Enrollment form\",\"Pan_Card\"]","ext0":"undefined","ext1":"undefined","ids":"1,2","update_datas":"update","emp_id":"619823"} [] []
[2020-02-18 11:59:31] documentsSaveFiles.INFO: [{"name":"Lighthouse.jpg","type":"image\/jpeg","tmp_name":"\/tmp\/phpSY4hXd","error":0,"size":561276},{"name":"Tulips.jpg","type":"image\/jpeg","tmp_name":"\/tmp\/phpeDsGyC","error":0,"size":620888}] [] []
[2020-02-18 11:59:51] generateOTP.INFO: test [] []
[2020-02-18 11:59:51] generateOTP.INFO: test [] []
[2020-02-18 12:00:51] documentsSave.INFO: {"ops_type":"[\"Enrollment form\",\"Passport\"]","ext0":"undefined","ext1":"undefined","ids":"1,2","update_datas":"update","emp_id":"619823"} [] []
[2020-02-18 12:00:51] documentsSaveFiles.INFO: [{"name":"Jellyfish.jpg","type":"image\/jpeg","tmp_name":"\/tmp\/phpKAgqnA","error":0,"size":775702},{"name":"Jellyfish.jpg","type":"image\/jpeg","tmp_name":"\/tmp\/phptpRIBi","error":0,"size":775702}] [] []
[2020-02-18 12:01:31] generateOTP.INFO: test [] []
[2020-02-18 12:01:31] generateOTP.INFO: test [] []
[2020-02-18 12:01:56] documentsSave.INFO: {"ops_type":"[\"Enrollment form\",\"Cheque Copy\",\"Pan_Card\"]","ext0":"undefined","ext1":"undefined","ext2":"undefined","ids":"1,2","update_datas":"update","emp_id":"619823"} [] []
[2020-02-18 12:01:56] documentsSaveFiles.INFO: [{"name":"Hydrangeas.jpg","type":"image\/jpeg","tmp_name":"\/tmp\/phpNRkVh3","error":0,"size":595284},{"name":"Desert.jpg","type":"image\/jpeg","tmp_name":"\/tmp\/php5S49eh","error":0,"size":845941},{"name":"Koala.jpg","type":"image\/jpeg","tmp_name":"\/tmp\/php4ugMsv","error":0,"size":780831}] [] []
[2020-02-18 14:26:36] generateOTP.INFO: test [] []
[2020-02-18 14:26:36] generateOTP.INFO: test [] []
[2020-02-18 14:26:37] generateOTP.INFO: test [] []
[2020-02-18 14:26:47] generateOTP.INFO: test [] []
[2020-02-18 14:26:47] generateOTP.INFO: test [] []
[2020-02-18 14:27:21] generateOTP.INFO: test [] []
[2020-02-18 14:27:21] generateOTP.INFO: test [] []
[2020-02-18 16:36:19] generateOTP.INFO: test [] []
[2020-02-18 17:40:31] generateOTP.INFO: test [] []
[2020-02-18 17:40:33] generateOTP.INFO: test [] []
