[2020-03-18 11:10:02] generateOTP.INFO: test [] []
[2020-03-18 11:10:02] generateOTP.INFO: test [] []
[2020-03-18 11:10:03] generateOTP.INFO: test [] []
[2020-03-18 11:10:37] generateOTP.INFO: test [] []
[2020-03-18 11:10:37] generateOTP.INFO: test [] []
[2020-03-18 11:13:15] generateOTP.INFO: test [] []
[2020-03-18 11:13:31] generateOTP.INFO: test [] []
[2020-03-18 11:32:02] generateOTP.INFO: test [] []
[2020-03-18 11:41:21] generateOTP.INFO: test [] []
[2020-03-18 11:41:21] generateOTP.INFO: test [] []
[2020-03-18 11:41:56] generateOTP.INFO: test [] []
[2020-03-18 11:41:56] generateOTP.INFO: test [] []
[2020-03-18 11:43:13] generateOTP.INFO: test [] []
[2020-03-18 11:51:53] generateOTP.INFO: test [] []
[2020-03-18 11:52:06] generateOTP.INFO: test [] []
[2020-03-18 11:52:07] generateOTP.INFO: test [] []
[2020-03-18 11:57:20] generateOTP.INFO: test [] []
[2020-03-18 11:58:05] generateOTP.INFO: test [] []
[2020-03-18 11:58:07] generateOTP.INFO: test [] []
[2020-03-18 12:04:33] generateOTP.INFO: test [] []
[2020-03-18 12:08:24] generateOTP.INFO: test [] []
[2020-03-18 12:08:30] generateOTP.INFO: test [] []
[2020-03-18 12:11:54] generateOTP.INFO: test [] []
[2020-03-18 12:12:39] generateOTP.INFO: test [] []
[2020-03-18 12:18:22] generateOTP.INFO: test [] []
[2020-03-18 12:18:57] generateOTP.INFO: test [] []
[2020-03-18 12:19:13] generateOTP.INFO: test [] []
[2020-03-18 12:19:23] generateOTP.INFO: test [] []
[2020-03-18 12:19:32] generateOTP.INFO: test [] []
[2020-03-18 12:19:38] generateOTP.INFO: test [] []
[2020-03-18 12:19:40] generateOTP.INFO: test [] []
[2020-03-18 12:20:05] generateOTP.INFO: test [] []
[2020-03-18 12:20:32] generateOTP.INFO: test [] []
[2020-03-18 12:20:48] generateOTP.INFO: test [] []
[2020-03-18 12:21:56] generateOTP.INFO: test [] []
[2020-03-18 12:23:48] generateOTP.INFO: test [] []
[2020-03-18 12:25:59] generateOTP.INFO: test [] []
[2020-03-18 12:26:16] generateOTP.INFO: test [] []
[2020-03-18 12:30:17] generateOTP.INFO: test [] []
[2020-03-18 12:30:57] generateOTP.INFO: test [] []
[2020-03-18 12:31:18] generateOTP.INFO: test [] []
[2020-03-18 12:32:16] generateOTP.INFO: test [] []
[2020-03-18 12:32:46] generateOTP.INFO: test [] []
[2020-03-18 12:33:10] generateOTP.INFO: test [] []
[2020-03-18 12:34:12] generateOTP.INFO: test [] []
[2020-03-18 12:34:31] generateOTP.INFO: test [] []
[2020-03-18 12:34:56] generateOTP.INFO: test [] []
[2020-03-18 12:38:29] generateOTP.INFO: test [] []
[2020-03-18 12:39:14] generateOTP.INFO: test [] []
[2020-03-18 12:40:59] generateOTP.INFO: test [] []
[2020-03-18 12:46:19] generateOTP.INFO: test [] []
[2020-03-18 12:48:00] generateOTP.INFO: test [] []
[2020-03-18 12:50:23] generateOTP.INFO: test [] []
[2020-03-18 12:53:07] generateOTP.INFO: test [] []
[2020-03-18 12:59:32] generateOTP.INFO: test [] []
[2020-03-18 13:01:15] generateOTP.INFO: test [] []
[2020-03-18 13:01:42] generateOTP.INFO: test [] []
[2020-03-18 13:04:14] generateOTP.INFO: test [] []
[2020-03-18 13:06:27] generateOTP.INFO: test [] []
[2020-03-18 13:06:34] generateOTP.INFO: test [] []
[2020-03-18 13:07:55] generateOTP.INFO: test [] []
[2020-03-18 13:08:04] generateOTP.INFO: test [] []
[2020-03-18 13:08:07] generateOTP.INFO: test [] []
[2020-03-18 13:08:09] generateOTP.INFO: test [] []
[2020-03-18 13:08:23] generateOTP.INFO: test [] []
[2020-03-18 13:09:29] generateOTP.INFO: test [] []
[2020-03-18 13:10:41] generateOTP.INFO: test [] []
[2020-03-18 13:13:06] generateOTP.INFO: test [] []
[2020-03-18 13:13:12] generateOTP.INFO: test [] []
[2020-03-18 13:15:02] generateOTP.INFO: test [] []
[2020-03-18 13:16:11] generateOTP.INFO: test [] []
[2020-03-18 13:17:18] generateOTP.INFO: test [] []
[2020-03-18 13:17:51] generateOTP.INFO: test [] []
[2020-03-18 13:19:06] generateOTP.INFO: test [] []
[2020-03-18 13:19:20] generateOTP.INFO: test [] []
[2020-03-18 13:24:41] generateOTP.INFO: test [] []
[2020-03-18 13:25:01] generateOTP.INFO: test [] []
[2020-03-18 13:26:18] generateOTP.INFO: test [] []
[2020-03-18 13:27:57] generateOTP.INFO: test [] []
[2020-03-18 14:36:11] generateOTP.INFO: test [] []
[2020-03-18 14:38:44] generateOTP.INFO: test [] []
[2020-03-18 14:38:44] generateOTP.INFO: test [] []
[2020-03-18 14:38:53] generateOTP.INFO: test [] []
[2020-03-18 14:38:53] generateOTP.INFO: test [] []
[2020-03-18 14:39:58] generateOTP.INFO: test [] []
[2020-03-18 14:40:00] generateOTP.INFO: test [] []
[2020-03-18 14:40:02] generateOTP.INFO: test [] []
[2020-03-18 14:40:03] generateOTP.INFO: test [] []
[2020-03-18 14:44:40] generateOTP.INFO: test [] []
[2020-03-18 14:52:51] generateOTP.INFO: test [] []
[2020-03-18 15:00:10] generateOTP.INFO: test [] []
[2020-03-18 15:00:16] generateOTP.INFO: test [] []
[2020-03-18 15:00:17] generateOTP.INFO: test [] []
[2020-03-18 15:04:47] generateOTP.INFO: test [] []
[2020-03-18 15:09:28] generateOTP.INFO: test [] []
[2020-03-18 15:09:32] generateOTP.INFO: test [] []
[2020-03-18 15:11:16] generateOTP.INFO: test [] []
[2020-03-18 15:13:28] generateOTP.INFO: test [] []
[2020-03-18 15:14:48] generateOTP.INFO: test [] []
[2020-03-18 15:15:27] generateOTP.INFO: test [] []
[2020-03-18 15:15:55] generateOTP.INFO: test [] []
[2020-03-18 15:15:57] generateOTP.INFO: test [] []
[2020-03-18 15:16:05] generateOTP.INFO: test [] []
[2020-03-18 15:16:21] generateOTP.INFO: test [] []
[2020-03-18 15:16:47] generateOTP.INFO: test [] []
[2020-03-18 15:17:07] generateOTP.INFO: test [] []
[2020-03-18 15:17:53] generateOTP.INFO: test [] []
[2020-03-18 15:18:32] generateOTP.INFO: test [] []
[2020-03-18 15:19:23] generateOTP.INFO: test [] []
[2020-03-18 15:20:00] generateOTP.INFO: test [] []
[2020-03-18 15:21:02] generateOTP.INFO: test [] []
[2020-03-18 15:21:43] generateOTP.INFO: test [] []
[2020-03-18 15:22:21] generateOTP.INFO: test [] []
[2020-03-18 15:23:06] generateOTP.INFO: test [] []
[2020-03-18 15:23:35] generateOTP.INFO: test [] []
[2020-03-18 15:23:50] generateOTP.INFO: test [] []
[2020-03-18 15:24:43] generateOTP.INFO: test [] []
[2020-03-18 15:24:49] generateOTP.INFO: test [] []
[2020-03-18 15:25:24] generateOTP.INFO: test [] []
[2020-03-18 15:28:06] generateOTP.INFO: test [] []
[2020-03-18 15:28:50] generateOTP.INFO: test [] []
[2020-03-18 15:28:53] generateOTP.INFO: test [] []
[2020-03-18 15:29:40] generateOTP.INFO: test [] []
[2020-03-18 15:34:39] generateOTP.INFO: test [] []
[2020-03-18 15:36:14] generateOTP.INFO: test [] []
[2020-03-18 15:48:24] generateOTP.INFO: test [] []
[2020-03-18 15:51:09] generateOTP.INFO: test [] []
[2020-03-18 15:51:23] generateOTP.INFO: test [] []
[2020-03-18 15:52:03] generateOTP.INFO: test [] []
[2020-03-18 15:52:46] generateOTP.INFO: test [] []
[2020-03-18 15:53:03] generateOTP.INFO: test [] []
[2020-03-18 15:53:21] generateOTP.INFO: test [] []
[2020-03-18 15:53:24] generateOTP.INFO: test [] []
[2020-03-18 15:53:32] generateOTP.INFO: test [] []
[2020-03-18 15:53:51] generateOTP.INFO: test [] []
[2020-03-18 16:00:10] generateOTP.INFO: test [] []
[2020-03-18 16:10:06] generateOTP.INFO: test [] []
[2020-03-18 16:10:06] generateOTP.INFO: test [] []
[2020-03-18 16:11:41] generateOTP.INFO: test [] []
[2020-03-18 16:14:27] generateOTP.INFO: test [] []
[2020-03-18 16:15:30] generateOTP.INFO: test [] []
[2020-03-18 16:15:47] generateOTP.INFO: test [] []
[2020-03-18 16:16:09] generateOTP.INFO: test [] []
[2020-03-18 16:16:40] generateOTP.INFO: test [] []
[2020-03-18 16:16:46] generateOTP.INFO: test [] []
[2020-03-18 16:16:48] generateOTP.INFO: test [] []
[2020-03-18 16:17:04] generateOTP.INFO: test [] []
[2020-03-18 16:18:32] generateOTP.INFO: test [] []
[2020-03-18 16:21:10] generateOTP.INFO: test [] []
[2020-03-18 16:22:05] generateOTP.INFO: test [] []
[2020-03-18 16:26:32] generateOTP.INFO: test [] []
[2020-03-18 16:27:11] generateOTP.INFO: test [] []
[2020-03-18 16:49:34] generateOTP.INFO: test [] []
[2020-03-18 16:49:34] generateOTP.INFO: test [] []
[2020-03-18 16:49:41] generateOTP.INFO: test [] []
[2020-03-18 16:49:46] generateOTP.INFO: test [] []
[2020-03-18 16:49:46] generateOTP.INFO: test [] []
[2020-03-18 16:50:36] generateOTP.INFO: test [] []
[2020-03-18 16:50:43] documentsSave.INFO: {"ops_type":"[]","ids":"1,2","update_datas":"update","emp_id":"620173"} [] []
[2020-03-18 16:50:43] documentsSaveFiles.INFO: [] [] []
[2020-03-18 16:50:47] generateOTP.INFO: test [] []
[2020-03-18 16:50:55] generateOTP.INFO: test [] []
[2020-03-18 16:50:56] generateOTP.INFO: test [] []
[2020-03-18 16:50:56] generateOTP.INFO: test [] []
[2020-03-18 16:51:07] documentsSave.INFO: {"ops_type":"[]","ids":"1,2","update_datas":"update","emp_id":"620173"} [] []
[2020-03-18 16:51:07] documentsSaveFiles.INFO: [] [] []
[2020-03-18 16:52:26] generateOTP.INFO: test [] []
[2020-03-18 16:52:26] generateOTP.INFO: test [] []
[2020-03-18 16:54:48] generateOTP.INFO: test [] []
[2020-03-18 16:56:43] generateOTP.INFO: test [] []
[2020-03-18 16:56:48] generateOTP.INFO: test [] []
[2020-03-18 17:00:54] generateOTP.INFO: test [] []
[2020-03-18 17:01:26] generateOTP.INFO: test [] []
[2020-03-18 17:01:33] generateOTP.INFO: test [] []
[2020-03-18 17:01:42] generateOTP.INFO: test [] []
[2020-03-18 17:02:35] generateOTP.INFO: test [] []
[2020-03-18 17:02:41] generateOTP.INFO: test [] []
[2020-03-18 17:02:52] generateOTP.INFO: test [] []
[2020-03-18 17:04:17] generateOTP.INFO: test [] []
[2020-03-18 17:05:27] generateOTP.INFO: test [] []
[2020-03-18 17:06:33] generateOTP.INFO: test [] []
[2020-03-18 17:15:55] generateOTP.INFO: test [] []
[2020-03-18 17:15:55] generateOTP.INFO: test [] []
[2020-03-18 17:16:22] generateOTP.INFO: {"edit":"0","policy_no":"378","subtype_text":"1","sum_insure":"1000000","familyConstruct":"2A+1K","tenure":"1 Year","family_members_id":"0","family_gender":"Male","first_name":"manali","middle_name":"appasaheb","last_name":"chavan","family_date_birth":"20-03-1987","age":"33","age_type":"years","family_id":"","s_date":"17-03-1988","marriage_date":"","premium_parent":"","contri_parent":"","premium":"7299","policyNo":"378","familyDataType":"family_construct","empId":"620173","product":"QBTv5db9151ad1c21","declare":"[]","abc":"2a+2k"} [] []
[2020-03-18 17:16:26] generateOTP.INFO: {"edit":"0","policy_no":"378","subtype_text":"1","sum_insure":"1000000","familyConstruct":"2A+1K","tenure":"1 Year","family_members_id":"1","family_gender":"Female","first_name":"appasaheb","middle_name":"balsingh","last_name":"chavan","family_date_birth":"17-03-1988","age":"32","age_type":"years","family_id":"","s_date":"17-03-1988","marriage_date":"","premium_parent":"","contri_parent":"","premium":"7299","policyNo":"378","familyDataType":"family_construct","empId":"620173","product":"QBTv5db9151ad1c21","declare":"[]","abc":"2a+2k"} [] []
[2020-03-18 17:16:34] generateOTP.INFO: {"edit":"0","policy_no":"378","subtype_text":"1","sum_insure":"1000000","familyConstruct":"2A+1K","tenure":"1 Year","family_members_id":"2","family_gender":"Male","first_name":"gh","middle_name":"fdg","last_name":"fd","family_date_birth":"05-03-2020","age":"13","age_type":"days","family_id":"","s_date":"17-03-1988","marriage_date":"","premium_parent":"","contri_parent":"","premium":"7299","policyNo":"378","familyDataType":"family_construct","empId":"620173","product":"QBTv5db9151ad1c21","declare":"[]","abc":"2a+2k"} [] []
[2020-03-18 17:16:39] generateOTP.INFO: {"edit":"0","policy_no":"378","subtype_text":"1","sum_insure":"1000000","familyConstruct":"2A+1K","tenure":"1 Year","family_members_id":"2","family_gender":"Male","first_name":"gh","middle_name":"fdg","last_name":"fd","family_date_birth":"18-03-1993","age":"27","age_type":"years","family_id":"","s_date":"17-03-1988","marriage_date":"","premium_parent":"","contri_parent":"","premium":"7299","policyNo":"378","familyDataType":"family_construct","empId":"620173","product":"QBTv5db9151ad1c21","declare":"[]","abc":"2a+2k"} [] []
[2020-03-18 17:16:44] generateOTP.INFO: {"edit":"0","policy_no":"378","subtype_text":"1","sum_insure":"1000000","familyConstruct":"2A+1K","tenure":"1 Year","family_members_id":"2","family_gender":"Male","first_name":"gh","middle_name":"fdg","last_name":"fd","family_date_birth":"24-03-2004","age":"16","age_type":"years","family_id":"","s_date":"17-03-1988","marriage_date":"","premium_parent":"","contri_parent":"","premium":"7299","policyNo":"378","familyDataType":"family_construct","empId":"620173","product":"QBTv5db9151ad1c21","declare":"[]","abc":"2a+2k"} [] []
[2020-03-18 17:16:49] documentsSave.INFO: {"ops_type":"[]","ids":"1,2","update_datas":"update","emp_id":"620173"} [] []
[2020-03-18 17:16:49] documentsSaveFiles.INFO: [] [] []
[2020-03-18 17:17:21] generateOTP.INFO: test [] []
[2020-03-18 17:17:21] generateOTP.INFO: test [] []
[2020-03-18 17:23:35] generateOTP.INFO: test [] []
[2020-03-18 17:44:59] generateOTP.INFO: test [] []
[2020-03-18 17:44:59] generateOTP.INFO: test [] []
[2020-03-18 17:45:34] generateOTP.INFO: test [] []
[2020-03-18 17:45:34] generateOTP.INFO: test [] []
[2020-03-18 17:45:51] generateOTP.INFO: test [] []
[2020-03-18 17:45:51] generateOTP.INFO: test [] []
[2020-03-18 17:47:00] generateOTP.INFO: test [] []
[2020-03-18 17:47:00] generateOTP.INFO: test [] []
[2020-03-18 17:56:14] generateOTP.INFO: test [] []
[2020-03-18 17:56:14] generateOTP.INFO: test [] []
[2020-03-18 18:24:02] generateOTP.INFO: test [] []
[2020-03-18 18:24:07] generateOTP.INFO: test [] []
[2020-03-18 18:24:09] generateOTP.INFO: test [] []
[2020-03-18 18:24:25] generateOTP.INFO: test [] []
[2020-03-18 18:24:27] generateOTP.INFO: test [] []
[2020-03-18 18:24:31] generateOTP.INFO: test [] []
[2020-03-18 18:24:33] generateOTP.INFO: test [] []
[2020-03-18 18:24:54] generateOTP.INFO: test [] []
[2020-03-18 18:25:08] generateOTP.INFO: test [] []
[2020-03-18 18:25:10] generateOTP.INFO: test [] []
[2020-03-18 18:25:12] generateOTP.INFO: test [] []
[2020-03-18 18:25:13] generateOTP.INFO: test [] []
[2020-03-18 18:25:53] generateOTP.INFO: test [] []
[2020-03-18 18:25:55] generateOTP.INFO: test [] []
[2020-03-18 18:26:04] generateOTP.INFO: test [] []
[2020-03-18 18:26:06] generateOTP.INFO: test [] []
[2020-03-18 18:29:20] generateOTP.INFO: test [] []
[2020-03-18 18:29:31] generateOTP.INFO: test [] []
[2020-03-18 18:29:32] generateOTP.INFO: test [] []
[2020-03-18 18:31:38] generateOTP.INFO: test [] []
[2020-03-18 18:32:22] generateOTP.INFO: test [] []
[2020-03-18 18:32:26] generateOTP.INFO: test [] []
[2020-03-18 18:32:44] generateOTP.INFO: test [] []
[2020-03-18 18:33:48] generateOTP.INFO: test [] []
[2020-03-18 18:33:50] generateOTP.INFO: test [] []
[2020-03-18 18:34:22] generateOTP.INFO: test [] []
[2020-03-18 18:34:28] generateOTP.INFO: test [] []
[2020-03-18 18:34:30] generateOTP.INFO: test [] []
[2020-03-18 18:41:36] generateOTP.INFO: test [] []
[2020-03-18 18:50:30] generateOTP.INFO: test [] []
[2020-03-18 18:50:56] generateOTP.INFO: test [] []
[2020-03-18 18:51:27] generateOTP.INFO: test [] []
[2020-03-18 18:51:34] generateOTP.INFO: test [] []
[2020-03-18 18:52:05] generateOTP.INFO: test [] []
[2020-03-18 18:52:16] generateOTP.INFO: test [] []
[2020-03-18 18:52:18] generateOTP.INFO: test [] []
[2020-03-18 18:53:13] generateOTP.INFO: test [] []
[2020-03-18 18:53:20] generateOTP.INFO: test [] []
[2020-03-18 18:53:21] generateOTP.INFO: test [] []
[2020-03-18 18:59:38] generateOTP.INFO: test [] []
[2020-03-18 18:59:45] generateOTP.INFO: test [] []
[2020-03-18 18:59:53] generateOTP.INFO: test [] []
[2020-03-18 20:05:57] generateOTP.INFO: test [] []
[2020-03-18 20:05:57] generateOTP.INFO: test [] []
[2020-03-18 20:05:57] generateOTP.INFO: test [] []
[2020-03-18 20:05:57] generateOTP.INFO: test [] []
[2020-03-18 20:05:57] generateOTP.INFO: test [] []
[2020-03-18 20:05:57] generateOTP.INFO: test [] []
[2020-03-18 20:05:57] generateOTP.INFO: test [] []
[2020-03-18 20:05:57] generateOTP.INFO: test [] []
[2020-03-18 20:05:57] generateOTP.INFO: test [] []
