[2020-08-18 11:20:37] generateOTP.INFO: test [] []
[2020-08-18 11:20:40] generateOTP.INFO: test [] []
[2020-08-18 11:20:42] generateOTP.INFO: test [] []
[2020-08-18 11:22:32] generateOTP.INFO: test [] []
[2020-08-18 11:22:37] generateOTP.INFO: test [] []
[2020-08-18 11:22:39] generateOTP.INFO: test [] []
[2020-08-18 11:26:36] generateOTP.INFO: test [] []
[2020-08-18 11:26:48] generateOTP.INFO: test [] []
[2020-08-18 11:27:32] generateOTP.INFO: test [] []
[2020-08-18 11:29:55] generateOTP.INFO: test [] []
[2020-08-18 11:33:46] generateOTP.INFO: test [] []
[2020-08-18 11:34:14] generateOTP.INFO: test [] []
[2020-08-18 11:37:40] generateOTP.INFO: test [] []
[2020-08-18 11:38:03] generateOTP.INFO: test [] []
[2020-08-18 11:39:50] generateOTP.INFO: test [] []
[2020-08-18 11:39:58] generateOTP.INFO: test [] []
[2020-08-18 11:40:07] generateOTP.INFO: test [] []
[2020-08-18 11:41:45] generateOTP.INFO: test [] []
[2020-08-18 11:42:35] generateOTP.INFO: test [] []
[2020-08-18 11:42:40] generateOTP.INFO: test [] []
[2020-08-18 11:42:45] generateOTP.INFO: test [] []
[2020-08-18 11:43:44] generateOTP.INFO: test [] []
[2020-08-18 11:43:47] generateOTP.INFO: test [] []
[2020-08-18 11:44:01] generateOTP.INFO: test [] []
[2020-08-18 11:44:42] generateOTP.INFO: test [] []
[2020-08-18 11:46:45] generateOTP.INFO: test [] []
[2020-08-18 11:47:44] generateOTP.INFO: test [] []
[2020-08-18 11:48:53] generateOTP.INFO: test [] []
[2020-08-18 11:49:37] generateOTP.INFO: test [] []
[2020-08-18 11:56:21] generateOTP.INFO: test [] []
[2020-08-18 12:03:44] generateOTP.INFO: test [] []
[2020-08-18 12:06:09] generateOTP.INFO: test [] []
[2020-08-18 12:08:00] generateOTP.INFO: test [] []
[2020-08-18 12:08:11] generateOTP.INFO: test [] []
[2020-08-18 12:08:19] generateOTP.INFO: test [] []
[2020-08-18 12:09:05] generateOTP.INFO: test [] []
[2020-08-18 12:09:55] generateOTP.INFO: test [] []
[2020-08-18 12:10:37] generateOTP.INFO: test [] []
[2020-08-18 12:10:39] generateOTP.INFO: test [] []
[2020-08-18 12:10:40] generateOTP.INFO: test [] []
[2020-08-18 12:11:06] generateOTP.INFO: test [] []
[2020-08-18 12:12:28] generateOTP.INFO: test [] []
[2020-08-18 12:13:15] generateOTP.INFO: test [] []
[2020-08-18 12:14:47] generateOTP.INFO: test [] []
[2020-08-18 12:18:26] generateOTP.INFO: test [] []
[2020-08-18 12:39:24] generateOTP.INFO: test [] []
[2020-08-18 12:39:44] generateOTP.INFO: test [] []
[2020-08-18 12:39:46] generateOTP.INFO: test [] []
[2020-08-18 12:39:46] generateOTP.INFO: test [] []
[2020-08-18 12:42:34] generateOTP.INFO: test [] []
[2020-08-18 12:42:38] generateOTP.INFO: test [] []
[2020-08-18 12:43:24] generateOTP.INFO: test [] []
[2020-08-18 12:43:26] generateOTP.INFO: test [] []
[2020-08-18 12:43:28] generateOTP.INFO: test [] []
[2020-08-18 12:43:58] generateOTP.INFO: test [] []
[2020-08-18 12:44:48] generateOTP.INFO: test [] []
[2020-08-18 12:44:50] generateOTP.INFO: test [] []
[2020-08-18 12:45:00] generateOTP.INFO: test [] []
[2020-08-18 12:45:15] generateOTP.INFO: test [] []
[2020-08-18 12:46:56] generateOTP.INFO: test [] []
[2020-08-18 12:47:23] generateOTP.INFO: test [] []
[2020-08-18 12:47:38] generateOTP.INFO: test [] []
[2020-08-18 12:48:04] generateOTP.INFO: test [] []
[2020-08-18 12:48:06] generateOTP.INFO: test [] []
[2020-08-18 12:48:31] generateOTP.INFO: {"salutation":"1","firstname":"test","lastname":"BANKING","dob":"19-12-1988","mob_no":"7010444138","panCard":"XXXXXX456A","email":"jack@gmail.com","ref1":"1","ref2":"1","comAdd":"Om hrad ntalatiof, holOmshre, talathioficeeachol, OmshreeSada9talathi","city":"MUMBAI","state":"MAHARASHTRA","pin_code":"622103","ISNRI":"N","update_emp_id":"622495","edit":"0","policy_no":"392,393","subtype_text":"1","sum_insure":"500000","anuual_income":"","familyConstruct":"1A","family_members_id":"0","family_gender":"Male","first_name":"test","last_name":"BANKING","family_date_birth":"19-12-1988","age":"31","age_type":" years","tenure":"1 Year","family_id":"","s_date":"","marriage_date":"","premium":"11799","policyNo":"392,393","familyDataType":"undefined","empId":"622495","product":"iWL65dcd54d9c5a65","declare":"[]","gender":"Male","gci_options":"Yes"} [] []
[2020-08-18 12:48:51] documentsSave.INFO: {"ops_type":"[]","ids":"3,4"} [] []
[2020-08-18 12:48:51] documentsSaveFiles.INFO: [] [] []
[2020-08-18 12:50:09] generateOTP.INFO: test [] []
[2020-08-18 12:50:09] generateOTP.INFO: test [] []
[2020-08-18 12:50:16] generateOTP.INFO: {"salutation":"1","firstname":"test","lastname":"BANKING","dob":"19-12-1988","mob_no":"7010444138","panCard":"XXXXXX456A","email":"jack@gmail.com","ref1":"1","ref2":"1","comAdd":"Om hrad ntalatiof, holOmshre, talathioficeeachol, OmshreeSada9talathi","city":"MUMBAI","state":"MAHARASHTRA","pin_code":"622103","ISNRI":"N","update_emp_id":"622496","edit":"0","policy_no":"392,393","subtype_text":"1","sum_insure":"500000","anuual_income":"","familyConstruct":"2A+1K","family_members_id":"0","family_gender":"Male","first_name":"test","last_name":"BANKING","family_date_birth":"19-12-1988","age":"31","age_type":" years","tenure":"1 Year","family_id":"","s_date":"","marriage_date":"","premium":"13901.0018","policyNo":"392,393","familyDataType":"undefined","empId":"622496","product":"iWL65dcd54d9c5a65","declare":"[]","gender":"Male","gci_options":"Yes"} [] []
[2020-08-18 12:50:26] generateOTP.INFO: {"salutation":"1","firstname":"test","lastname":"BANKING","dob":"19-12-1988","mob_no":"7010444138","panCard":"XXXXXX456A","email":"jack@gmail.com","ref1":"1","ref2":"1","comAdd":"Om hrad ntalatiof, holOmshre, talathioficeeachol, OmshreeSada9talathi","city":"MUMBAI","state":"MAHARASHTRA","pin_code":"622103","ISNRI":"N","update_emp_id":"622496","edit":"0","policy_no":"392,393","subtype_text":"1","sum_insure":"500000","anuual_income":"","familyConstruct":"2A+1K","family_members_id":"1","family_gender":"Female","first_name":"swa","last_name":"fd","family_date_birth":"14-08-1992","age":"28","age_type":" years","tenure":"1 Year","family_id":"","s_date":"","marriage_date":"","premium":"13901.0018","policyNo":"392,393","familyDataType":"undefined","empId":"622496","product":"iWL65dcd54d9c5a65","declare":"[]","gender":"Male","gci_options":"Yes"} [] []
[2020-08-18 12:50:38] generateOTP.INFO: {"salutation":"1","firstname":"test","lastname":"BANKING","dob":"19-12-1988","mob_no":"7010444138","panCard":"XXXXXX456A","email":"jack@gmail.com","ref1":"1","ref2":"1","comAdd":"Om hrad ntalatiof, holOmshre, talathioficeeachol, OmshreeSada9talathi","city":"MUMBAI","state":"MAHARASHTRA","pin_code":"622103","ISNRI":"N","update_emp_id":"622496","edit":"0","policy_no":"392,393","subtype_text":"1","sum_insure":"500000","anuual_income":"","familyConstruct":"2A+1K","family_members_id":"2","family_gender":"Male","first_name":"f","last_name":"fd","family_date_birth":"30-08-1990","age":"29","age_type":" years","tenure":"1 Year","family_id":"","s_date":"","marriage_date":"","premium":"13901.0018","policyNo":"392,393","familyDataType":"undefined","empId":"622496","product":"iWL65dcd54d9c5a65","declare":"[]","gender":"Male","gci_options":"Yes"} [] []
[2020-08-18 12:50:46] generateOTP.INFO: {"salutation":"1","firstname":"test","lastname":"BANKING","dob":"19-12-1988","mob_no":"7010444138","panCard":"XXXXXX456A","email":"jack@gmail.com","ref1":"1","ref2":"1","comAdd":"Om hrad ntalatiof, holOmshre, talathioficeeachol, OmshreeSada9talathi","city":"MUMBAI","state":"MAHARASHTRA","pin_code":"622103","ISNRI":"N","update_emp_id":"622496","edit":"0","policy_no":"392,393","subtype_text":"1","sum_insure":"500000","anuual_income":"","familyConstruct":"2A+1K","family_members_id":"2","family_gender":"Male","first_name":"f","last_name":"fd","family_date_birth":"08-08-2002","age":"18","age_type":" years","tenure":"1 Year","family_id":"","s_date":"","marriage_date":"","premium":"13901.0018","policyNo":"392,393","familyDataType":"undefined","empId":"622496","product":"iWL65dcd54d9c5a65","declare":"[]","gender":"Male","gci_options":"Yes"} [] []
[2020-08-18 12:51:02] documentsSave.INFO: {"ops_type":"[]","ids":"5,6"} [] []
[2020-08-18 12:51:02] documentsSaveFiles.INFO: [] [] []
[2020-08-18 12:53:26] generateOTP.INFO: test [] []
[2020-08-18 12:58:10] documentsSave.INFO: {"ops_type":"[]","ids":"1,2"} [] []
[2020-08-18 12:58:10] documentsSaveFiles.INFO: [] [] []
[2020-08-18 13:01:06] generateOTP.INFO: test [] []
[2020-08-18 13:01:33] generateOTP.INFO: {"salutation":"1","firstname":"test","lastname":"BANKING","dob":"19-12-1988","mob_no":"7010444138","panCard":"XXXXXX456A","email":"jack@gmail.com","ref1":"1","ref2":"1","comAdd":"Om hrad ntalatiof, holOmshre, talathioficeeachol, OmshreeSada9talathi","city":"MUMBAI","state":"MAHARASHTRA","pin_code":"622103","ISNRI":"N","update_emp_id":"622497","edit":"0","policy_no":"392,393","subtype_text":"1","sum_insure":"500000","anuual_income":"","familyConstruct":"2A+2K","family_members_id":"0","family_gender":"Male","first_name":"test","last_name":"BANKING","family_date_birth":"19-12-1988","age":"31","age_type":" years","tenure":"1 Year","family_id":"","s_date":"","marriage_date":"","premium":"16101.00","policyNo":"392,393","familyDataType":"undefined","empId":"622497","product":"iWL65dcd54d9c5a65","declare":"[]","gender":"Male","gci_options":"Yes"} [] []
[2020-08-18 13:01:41] generateOTP.INFO: {"salutation":"1","firstname":"test","lastname":"BANKING","dob":"19-12-1988","mob_no":"7010444138","panCard":"XXXXXX456A","email":"jack@gmail.com","ref1":"1","ref2":"1","comAdd":"Om hrad ntalatiof, holOmshre, talathioficeeachol, OmshreeSada9talathi","city":"MUMBAI","state":"MAHARASHTRA","pin_code":"622103","ISNRI":"N","update_emp_id":"622497","edit":"0","policy_no":"392,393","subtype_text":"1","sum_insure":"500000","anuual_income":"","familyConstruct":"2A+2K","family_members_id":"1","family_gender":"Female","first_name":"fx","last_name":"x","family_date_birth":"01-08-1991","age":"29","age_type":" years","tenure":"1 Year","family_id":"","s_date":"","marriage_date":"","premium":"16101.00","policyNo":"392,393","familyDataType":"undefined","empId":"622497","product":"iWL65dcd54d9c5a65","declare":"[]","gender":"Male","gci_options":"Yes"} [] []
[2020-08-18 13:01:52] generateOTP.INFO: {"salutation":"1","firstname":"test","lastname":"BANKING","dob":"19-12-1988","mob_no":"7010444138","panCard":"XXXXXX456A","email":"jack@gmail.com","ref1":"1","ref2":"1","comAdd":"Om hrad ntalatiof, holOmshre, talathioficeeachol, OmshreeSada9talathi","city":"MUMBAI","state":"MAHARASHTRA","pin_code":"622103","ISNRI":"N","update_emp_id":"622497","edit":"0","policy_no":"392,393","subtype_text":"1","sum_insure":"500000","anuual_income":"","familyConstruct":"2A+2K","family_members_id":"2","family_gender":"Male","first_name":"xcv","last_name":"cv","family_date_birth":"21-08-2015","age":"4","age_type":" years","tenure":"1 Year","family_id":"","s_date":"","marriage_date":"","premium":"16101.00","policyNo":"392,393","familyDataType":"undefined","empId":"622497","product":"iWL65dcd54d9c5a65","declare":"[]","gender":"Male","gci_options":"Yes"} [] []
[2020-08-18 13:02:04] generateOTP.INFO: {"salutation":"1","firstname":"test","lastname":"BANKING","dob":"19-12-1988","mob_no":"7010444138","panCard":"XXXXXX456A","email":"jack@gmail.com","ref1":"1","ref2":"1","comAdd":"Om hrad ntalatiof, holOmshre, talathioficeeachol, OmshreeSada9talathi","city":"MUMBAI","state":"MAHARASHTRA","pin_code":"622103","ISNRI":"N","update_emp_id":"622497","edit":"0","policy_no":"392,393","subtype_text":"1","sum_insure":"500000","anuual_income":"","familyConstruct":"2A+2K","family_members_id":"3","family_gender":"Female","first_name":"xc","last_name":"c","family_date_birth":"30-08-2014","age":"5","age_type":" years","tenure":"1 Year","family_id":"","s_date":"","marriage_date":"","premium":"16101.00","policyNo":"392,393","familyDataType":"undefined","empId":"622497","product":"iWL65dcd54d9c5a65","declare":"[]","gender":"Male","gci_options":"Yes"} [] []
[2020-08-18 13:02:24] documentsSave.INFO: {"ops_type":"[]","ids":"3,4"} [] []
[2020-08-18 13:02:24] documentsSaveFiles.INFO: [] [] []
[2020-08-18 13:06:03] generateOTP.INFO: test [] []
[2020-08-18 13:06:13] generateOTP.INFO: {"salutation":"1","firstname":"test","lastname":"BANKING","dob":"19-12-1988","mob_no":"7010444138","panCard":"XXXXXX456A","email":"jack@gmail.com","ref1":"1","ref2":"1","comAdd":"Om hrad ntalatiof, holOmshre, talathioficeeachol, OmshreeSada9talathi","city":"MUMBAI","state":"MAHARASHTRA","pin_code":"622103","ISNRI":"N","update_emp_id":"622498","edit":"0","policy_no":"392,393","subtype_text":"1","sum_insure":"500000","anuual_income":"","familyConstruct":"2A","family_members_id":"0","family_gender":"Male","first_name":"test","last_name":"BANKING","family_date_birth":"19-12-1988","age":"31","age_type":" years","tenure":"1 Year","family_id":"","s_date":"","marriage_date":"","premium":"11301.0016","policyNo":"392,393","familyDataType":"undefined","empId":"622498","product":"iWL65dcd54d9c5a65","declare":"[]","gender":"Male","gci_options":"Yes"} [] []
[2020-08-18 13:06:23] generateOTP.INFO: {"salutation":"1","firstname":"test","lastname":"BANKING","dob":"19-12-1988","mob_no":"7010444138","panCard":"XXXXXX456A","email":"jack@gmail.com","ref1":"1","ref2":"1","comAdd":"Om hrad ntalatiof, holOmshre, talathioficeeachol, OmshreeSada9talathi","city":"MUMBAI","state":"MAHARASHTRA","pin_code":"622103","ISNRI":"N","update_emp_id":"622498","edit":"0","policy_no":"392,393","subtype_text":"1","sum_insure":"500000","anuual_income":"","familyConstruct":"2A","family_members_id":"1","family_gender":"Female","first_name":"d","last_name":"ds","family_date_birth":"21-08-1987","age":"32","age_type":" years","tenure":"1 Year","family_id":"","s_date":"","marriage_date":"","premium":"11301.0016","policyNo":"392,393","familyDataType":"undefined","empId":"622498","product":"iWL65dcd54d9c5a65","declare":"[]","gender":"Male","gci_options":"Yes"} [] []
[2020-08-18 13:06:38] documentsSave.INFO: {"ops_type":"[]","ids":"5,6"} [] []
[2020-08-18 13:06:38] documentsSaveFiles.INFO: [] [] []
[2020-08-18 13:09:05] generateOTP.INFO: test [] []
[2020-08-18 13:09:54] generateOTP.INFO: {"salutation":"1","firstname":"test","lastname":"BANKING","dob":"19-12-1988","mob_no":"7010444138","panCard":"XXXXXX456A","email":"jack@gmail.com","ref1":"1","ref2":"1","comAdd":"Om hrad ntalatiof, holOmshre, talathioficeeachol, OmshreeSada9talathi","city":"MUMBAI","state":"MAHARASHTRA","pin_code":"622103","ISNRI":"N","update_emp_id":"622499","edit":"0","policy_no":"392,393","subtype_text":"1","sum_insure":"500000","anuual_income":"","familyConstruct":"1A","family_members_id":"0","family_gender":"Male","first_name":"test","last_name":"BANKING","family_date_birth":"19-12-1988","age":"31","age_type":" years","tenure":"1 Year","family_id":"","s_date":"","marriage_date":"","premium":"8399.9952","policyNo":"392,393","familyDataType":"undefined","empId":"622499","product":"iWL65dcd54d9c5a65","declare":"[]","gender":"Male","gci_options":"Yes"} [] []
[2020-08-18 13:10:17] documentsSave.INFO: {"ops_type":"[]","ids":"7,8"} [] []
[2020-08-18 13:10:17] documentsSaveFiles.INFO: [] [] []
[2020-08-18 13:10:35] generateOTP.INFO: test [] []
[2020-08-18 14:52:46] generateOTP.INFO: test [] []
[2020-08-18 14:52:47] generateOTP.INFO: test [] []
[2020-08-18 15:40:50] generateOTP.INFO: test [] []
[2020-08-18 15:56:00] generateOTP.INFO: test [] []
[2020-08-18 16:00:28] generateOTP.INFO: test [] []
[2020-08-18 16:06:57] generateOTP.INFO: test [] []
[2020-08-18 16:07:02] generateOTP.INFO: test [] []
[2020-08-18 16:08:47] generateOTP.INFO: test [] []
[2020-08-18 16:09:07] generateOTP.INFO: test [] []
[2020-08-18 16:09:09] generateOTP.INFO: test [] []
[2020-08-18 16:33:53] generateOTP.INFO: test [] []
[2020-08-18 16:34:42] generateOTP.INFO: test [] []
[2020-08-18 16:34:42] generateOTP.INFO: test [] []
[2020-08-18 16:34:48] generateOTP.INFO: test [] []
[2020-08-18 16:35:01] generateOTP.INFO: test [] []
[2020-08-18 16:36:09] generateOTP.INFO: test [] []
[2020-08-18 16:36:49] generateOTP.INFO: test [] []
[2020-08-18 16:37:54] generateOTP.INFO: test [] []
[2020-08-18 16:37:55] generateOTP.INFO: test [] []
[2020-08-18 16:37:56] generateOTP.INFO: test [] []
[2020-08-18 16:38:06] generateOTP.INFO: test [] []
[2020-08-18 16:38:06] generateOTP.INFO: test [] []
[2020-08-18 16:38:06] generateOTP.INFO: test [] []
[2020-08-18 16:38:06] generateOTP.INFO: test [] []
[2020-08-18 16:38:06] generateOTP.INFO: test [] []
[2020-08-18 16:38:06] generateOTP.INFO: test [] []
[2020-08-18 16:38:06] generateOTP.INFO: test [] []
[2020-08-18 16:38:06] generateOTP.INFO: test [] []
[2020-08-18 16:38:06] generateOTP.INFO: test [] []
[2020-08-18 16:38:10] generateOTP.INFO: test [] []
[2020-08-18 16:38:17] generateOTP.INFO: test [] []
[2020-08-18 16:38:19] generateOTP.INFO: test [] []
[2020-08-18 16:38:51] generateOTP.INFO: test [] []
[2020-08-18 16:39:44] generateOTP.INFO: test [] []
[2020-08-18 16:40:44] generateOTP.INFO: test [] []
[2020-08-18 16:42:05] generateOTP.INFO: test [] []
[2020-08-18 16:42:44] generateOTP.INFO: test [] []
[2020-08-18 16:42:47] generateOTP.INFO: test [] []
[2020-08-18 16:42:48] generateOTP.INFO: test [] []
[2020-08-18 16:43:03] generateOTP.INFO: test [] []
[2020-08-18 16:44:10] generateOTP.INFO: test [] []
[2020-08-18 16:44:47] generateOTP.INFO: test [] []
[2020-08-18 16:44:55] generateOTP.INFO: test [] []
[2020-08-18 16:45:09] generateOTP.INFO: test [] []
[2020-08-18 16:45:58] generateOTP.INFO: test [] []
[2020-08-18 16:47:17] generateOTP.INFO: test [] []
[2020-08-18 16:47:37] generateOTP.INFO: test [] []
[2020-08-18 16:48:12] generateOTP.INFO: test [] []
[2020-08-18 16:48:36] generateOTP.INFO: test [] []
[2020-08-18 16:48:44] generateOTP.INFO: test [] []
[2020-08-18 16:48:50] generateOTP.INFO: test [] []
[2020-08-18 16:49:04] generateOTP.INFO: test [] []
[2020-08-18 16:49:35] generateOTP.INFO: test [] []
[2020-08-18 16:49:45] generateOTP.INFO: test [] []
[2020-08-18 16:50:09] generateOTP.INFO: test [] []
[2020-08-18 16:50:19] generateOTP.INFO: test [] []
[2020-08-18 16:54:49] generateOTP.INFO: test [] []
[2020-08-18 16:55:46] generateOTP.INFO: test [] []
[2020-08-18 16:56:39] generateOTP.INFO: test [] []
[2020-08-18 16:56:47] generateOTP.INFO: test [] []
[2020-08-18 16:56:56] generateOTP.INFO: test [] []
[2020-08-18 16:57:25] generateOTP.INFO: test [] []
[2020-08-18 16:57:26] generateOTP.INFO: test [] []
[2020-08-18 16:57:36] generateOTP.INFO: test [] []
[2020-08-18 17:08:10] generateOTP.INFO: test [] []
[2020-08-18 17:08:13] generateOTP.INFO: test [] []
[2020-08-18 17:08:14] generateOTP.INFO: test [] []
[2020-08-18 17:09:34] generateOTP.INFO: test [] []
[2020-08-18 17:11:30] generateOTP.INFO: {"salutation":"1","firstname":"test","lastname":"BANKING","dob":"19-12-1988","mob_no":"7010444138","panCard":"XXXXXX456A","email":"jack@gmail.com","ref1":"1","ref2":"1","comAdd":"Om hrad ntalatiof, holOmshre, talathioficeeachol, OmshreeSada9talathi","city":"MUMBAI","state":"MAHARASHTRA","pin_code":"622103","ISNRI":"N","update_emp_id":"622501","edit":"0","policy_no":"392,393","subtype_text":"1","sum_insure":"500000","anuual_income":"","familyConstruct":"2A","family_members_id":"0","family_gender":"Male","first_name":"test","last_name":"BANKING","family_date_birth":"19-12-1988","age":"31","age_type":" years","tenure":"1 Year","family_id":"","s_date":"","marriage_date":"","premium":"15999","policyNo":"392,393","familyDataType":"undefined","empId":"622501","product":"iWL65dcd54d9c5a65","declare":"[]","gender":"Male","gci_options":"Yes"} [] []
[2020-08-18 17:11:47] generateOTP.INFO: {"salutation":"1","firstname":"test","lastname":"BANKING","dob":"19-12-1988","mob_no":"7010444138","panCard":"XXXXXX456A","email":"jack@gmail.com","ref1":"1","ref2":"1","comAdd":"Om hrad ntalatiof, holOmshre, talathioficeeachol, OmshreeSada9talathi","city":"MUMBAI","state":"MAHARASHTRA","pin_code":"622103","ISNRI":"N","update_emp_id":"622501","edit":"0","policy_no":"392,393","subtype_text":"1","sum_insure":"500000","anuual_income":"","familyConstruct":"2A","family_members_id":"1","family_gender":"Female","first_name":"Test","last_name":"Spouse","family_date_birth":"04-08-1994","age":"26","age_type":" years","tenure":"1 Year","family_id":"","s_date":"","marriage_date":"","premium":"15999","policyNo":"392,393","familyDataType":"undefined","empId":"622501","product":"iWL65dcd54d9c5a65","declare":"[]","gender":"Male","gci_options":"Yes"} [] []
[2020-08-18 17:14:35] documentsSave.INFO: {"ops_type":"[]","ids":"9,10"} [] []
[2020-08-18 17:14:35] documentsSaveFiles.INFO: [] [] []
[2020-08-18 17:14:54] generateOTP.INFO: test [] []
[2020-08-18 17:20:54] generateOTP.INFO: test [] []
[2020-08-18 17:20:55] generateOTP.INFO: test [] []
[2020-08-18 17:20:55] generateOTP.INFO: test [] []
[2020-08-18 17:21:01] generateOTP.INFO: test [] []
[2020-08-18 17:21:05] generateOTP.INFO: test [] []
[2020-08-18 17:27:48] generateOTP.INFO: test [] []
[2020-08-18 17:28:37] generateOTP.INFO: test [] []
[2020-08-18 17:28:39] generateOTP.INFO: test [] []
[2020-08-18 17:35:06] generateOTP.INFO: test [] []
[2020-08-18 17:35:19] generateOTP.INFO: test [] []
[2020-08-18 17:36:41] generateOTP.INFO: test [] []
[2020-08-18 18:02:03] generateOTP.INFO: test [] []
[2020-08-18 18:03:12] generateOTP.INFO: test [] []
[2020-08-18 18:11:10] generateOTP.INFO: test [] []
[2020-08-18 18:11:11] generateOTP.INFO: test [] []
[2020-08-18 18:11:49] generateOTP.INFO: test [] []
[2020-08-18 18:11:50] generateOTP.INFO: test [] []
[2020-08-18 18:13:17] generateOTP.INFO: test [] []
[2020-08-18 18:13:43] generateOTP.INFO: test [] []
[2020-08-18 18:14:43] generateOTP.INFO: test [] []
[2020-08-18 18:14:52] generateOTP.INFO: test [] []
[2020-08-18 18:14:58] generateOTP.INFO: test [] []
[2020-08-18 18:15:01] generateOTP.INFO: test [] []
[2020-08-18 18:38:49] generateOTP.INFO: test [] []
[2020-08-18 18:52:21] generateOTP.INFO: {"salutation":"1","firstname":"test","lastname":"BANKING","dob":"19-12-1988","mob_no":"7010444138","panCard":"XXXXXX456A","email":"jack@gmail.com","ref1":"1","ref2":"1","comAdd":"Om hrad ntalatiof, holOmshre, talathioficeeachol, OmshreeSada9talathi","city":"MUMBAI","state":"MAHARASHTRA","pin_code":"622103","ISNRI":"N","update_emp_id":"622503","edit":"0","policy_no":"392,393","subtype_text":"1","sum_insure":"500000","anuual_income":"","familyConstruct":"1A","family_members_id":"2","family_gender":"Male","first_name":"fgbnb","last_name":"gfg","family_date_birth":"12-08-1993","age":"27","age_type":" years","tenure":"1 Year","family_id":"","s_date":"","marriage_date":"","premium":"8399.9952","policyNo":"392,393","familyDataType":"undefined","empId":"622503","product":"iWL65dcd54d9c5a65","declare":"[]","gender":"Male","gci_options":"Yes"} [] []
[2020-08-18 18:57:18] generateOTP.INFO: test [] []
[2020-08-18 22:26:54] generateOTP.INFO: test [] []
[2020-08-18 22:26:54] generateOTP.INFO: test [] []
[2020-08-18 22:26:56] generateOTP.INFO: test [] []
[2020-08-18 22:27:02] generateOTP.INFO: test [] []
[2020-08-18 22:27:27] generateOTP.INFO: test [] []
