[2020-03-19 10:56:31] generateOTP.INFO: test [] []
[2020-03-19 10:56:35] generateOTP.INFO: test [] []
[2020-03-19 11:28:07] generateOTP.INFO: test [] []
[2020-03-19 11:28:09] generateOTP.INFO: test [] []
[2020-03-19 11:28:09] generateOTP.INFO: test [] []
[2020-03-19 11:29:44] generateOTP.INFO: test [] []
[2020-03-19 11:29:44] generateOTP.INFO: test [] []
[2020-03-19 11:29:48] generateOTP.INFO: test [] []
[2020-03-19 11:29:54] generateOTP.INFO: test [] []
[2020-03-19 11:29:54] generateOTP.INFO: test [] []
[2020-03-19 11:32:21] generateOTP.INFO: test [] []
[2020-03-19 11:32:21] generateOTP.INFO: test [] []
[2020-03-19 11:35:03] generateOTP.INFO: test [] []
[2020-03-19 11:35:03] generateOTP.INFO: test [] []
[2020-03-19 11:35:11] generateOTP.INFO: {"edit":"0","policy_no":"378","subtype_text":"1","sum_insure":"800000","familyConstruct":"2A+1K","tenure":"1 Year","family_members_id":"0","family_gender":"Male","first_name":"manali","middle_name":"appasaheb","last_name":"chavan","family_date_birth":"20-03-1987","age":"33","age_type":"years","family_id":"","s_date":"17-03-1988","marriage_date":"","premium_parent":"","contri_parent":"","premium":"7099","policyNo":"378","familyDataType":"family_construct","empId":"620173","product":"QBTv5db9151ad1c21","declare":"[]","abc":"2a+2k"} [] []
[2020-03-19 11:35:41] generateOTP.INFO: {"edit":"0","policy_no":"378","subtype_text":"1","sum_insure":"800000","familyConstruct":"2A+1K","tenure":"1 Year","family_members_id":"1","family_gender":"Female","first_name":"manish","middle_name":"appasaheb","last_name":"chavan","family_date_birth":"26-03-1992","age":"28","age_type":"years","family_id":"","s_date":"17-03-1988","marriage_date":"","premium_parent":"","contri_parent":"","premium":"7099","policyNo":"378","familyDataType":"family_construct","empId":"620173","product":"QBTv5db9151ad1c21","declare":"[]","abc":"2a+2k"} [] []
[2020-03-19 11:37:41] generateOTP.INFO: {"edit":"0","policy_no":"378","subtype_text":"1","sum_insure":"800000","familyConstruct":"2A+1K","tenure":"1 Year","family_members_id":"2","family_gender":"Male","first_name":"fddg","middle_name":"asf","last_name":"asff","family_date_birth":"13-03-2003","age":"17","age_type":"years","family_id":"","s_date":"17-03-1988","marriage_date":"","premium_parent":"","contri_parent":"","premium":"7099","policyNo":"378","familyDataType":"family_construct","empId":"620173","product":"QBTv5db9151ad1c21","declare":"[]","abc":"2a+2k"} [] []
[2020-03-19 11:37:50] generateOTP.INFO: {"edit":"0","subtype_text":"3","policy_no":"379","sum_insure":"500000","familyConstruct":"2A","tenure":"1 Year","family_members_id":"0","family_gender":"Male","first_name":"manali","middle_name":"appasaheb","last_name":"chavan","family_date_birth":"20-03-1987","age":"33","age_type":"years","family_id":"","s_date":"17-03-1988","marriage_date":"","premium_parent":"","contri_parent":"","premium":"4198","policyNo":"379","familyDataType":"family_construct","product":"QBTv5db9151ad1c21","empId":"620173"} [] []
[2020-03-19 11:37:56] generateOTP.INFO: {"edit":"0","subtype_text":"3","policy_no":"379","sum_insure":"500000","familyConstruct":"2A","tenure":"1 Year","family_members_id":"1","family_gender":"Female","first_name":"manish","middle_name":"appasaheb","last_name":"chavan","family_date_birth":"26-03-1992","age":"28","age_type":"years","family_id":"","s_date":"17-03-1988","marriage_date":"","premium_parent":"","contri_parent":"","premium":"4198","policyNo":"379","familyDataType":"family_construct","product":"QBTv5db9151ad1c21","empId":"620173"} [] []
[2020-03-19 11:40:20] generateOTP.INFO: test [] []
[2020-03-19 11:40:32] generateOTP.INFO: test [] []
[2020-03-19 11:40:34] generateOTP.INFO: test [] []
[2020-03-19 11:40:56] generateOTP.INFO: test [] []
[2020-03-19 11:45:19] generateOTP.INFO: test [] []
[2020-03-19 11:45:26] generateOTP.INFO: test [] []
[2020-03-19 11:45:29] generateOTP.INFO: test [] []
[2020-03-19 11:48:19] generateOTP.INFO: test [] []
[2020-03-19 11:48:19] generateOTP.INFO: test [] []
[2020-03-19 11:55:50] documentsSave.INFO: {"ops_type":"[]","ids":"1,2","update_datas":"update","emp_id":"620173"} [] []
[2020-03-19 11:55:50] documentsSaveFiles.INFO: [] [] []
[2020-03-19 11:58:25] generateOTP.INFO: test [] []
[2020-03-19 11:58:25] generateOTP.INFO: test [] []
[2020-03-19 11:58:57] generateOTP.INFO: {"edit":"0","policy_no":"378","subtype_text":"1","sum_insure":"800000","familyConstruct":"","tenure":"1 Year","family_members_id":"0","family_gender":"Male","first_name":"manali","middle_name":"appasaheb","last_name":"chavan","family_date_birth":"20-03-1987","age":"33","age_type":"years","family_id":"","s_date":"17-03-1988","marriage_date":"","premium_parent":"","contri_parent":"","premium":"undefined","policyNo":"378","familyDataType":"family_construct","empId":"620173","product":"QBTv5db9151ad1c21","declare":"[]","abc":"2a+2k"} [] []
[2020-03-19 11:59:08] generateOTP.INFO: {"edit":"0","policy_no":"378","subtype_text":"1","sum_insure":"800000","familyConstruct":"","tenure":"1 Year","family_members_id":"1","family_gender":"Female","first_name":"jk","middle_name":"gf","last_name":"gj","family_date_birth":"15-03-1996","age":"24","age_type":"years","family_id":"","s_date":"17-03-1988","marriage_date":"","premium_parent":"","contri_parent":"","premium":"undefined","policyNo":"378","familyDataType":"family_construct","empId":"620173","product":"QBTv5db9151ad1c21","declare":"[]","abc":"2a+2k"} [] []
[2020-03-19 11:59:17] generateOTP.INFO: {"edit":"0","policy_no":"378","subtype_text":"1","sum_insure":"800000","familyConstruct":"","tenure":"1 Year","family_members_id":"2","family_gender":"Male","first_name":"uyu","middle_name":"ery","last_name":"rty","family_date_birth":"18-03-1995","age":"25","age_type":"years","family_id":"","s_date":"17-03-1988","marriage_date":"","premium_parent":"","contri_parent":"","premium":"undefined","policyNo":"378","familyDataType":"family_construct","empId":"620173","product":"QBTv5db9151ad1c21","declare":"[]","abc":"2a+2k"} [] []
[2020-03-19 11:59:27] generateOTP.INFO: test [] []
[2020-03-19 11:59:27] generateOTP.INFO: test [] []
[2020-03-19 12:00:10] generateOTP.INFO: test [] []
[2020-03-19 12:00:10] generateOTP.INFO: test [] []
[2020-03-19 12:00:17] generateOTP.INFO: {"edit":"0","policy_no":"378","subtype_text":"1","sum_insure":"800000","familyConstruct":"2A+1K","tenure":"1 Year","family_members_id":"0","family_gender":"Male","first_name":"manali","middle_name":"appasaheb","last_name":"chavan","family_date_birth":"20-03-1987","age":"33","age_type":"years","family_id":"","s_date":"17-03-1988","marriage_date":"","premium_parent":"","contri_parent":"","premium":"7099","policyNo":"378","familyDataType":"family_construct","empId":"620173","product":"QBTv5db9151ad1c21","declare":"[]","abc":"2a+2k"} [] []
[2020-03-19 12:00:30] generateOTP.INFO: {"edit":"0","policy_no":"378","subtype_text":"1","sum_insure":"800000","familyConstruct":"2A+1K","tenure":"1 Year","family_members_id":"1","family_gender":"Female","first_name":"rt","middle_name":"wert","last_name":"wet","family_date_birth":"08-03-1996","age":"24","age_type":"years","family_id":"","s_date":"17-03-1988","marriage_date":"","premium_parent":"","contri_parent":"","premium":"7099","policyNo":"378","familyDataType":"family_construct","empId":"620173","product":"QBTv5db9151ad1c21","declare":"[]","abc":"2a+2k"} [] []
[2020-03-19 12:00:38] generateOTP.INFO: {"edit":"0","policy_no":"378","subtype_text":"1","sum_insure":"800000","familyConstruct":"2A+1K","tenure":"1 Year","family_members_id":"0","family_gender":"Male","first_name":"manali","middle_name":"appasaheb","last_name":"chavan","family_date_birth":"20-03-1987","age":"33","age_type":"years","family_id":"","s_date":"17-03-1988","marriage_date":"","premium_parent":"","contri_parent":"","premium":"7099","policyNo":"378","familyDataType":"family_construct","empId":"620173","product":"QBTv5db9151ad1c21","declare":"[]","abc":"2a+2k"} [] []
[2020-03-19 12:00:49] generateOTP.INFO: {"edit":"0","policy_no":"378","subtype_text":"1","sum_insure":"800000","familyConstruct":"2A+1K","tenure":"1 Year","family_members_id":"2","family_gender":"Male","first_name":"edf","middle_name":"sdf","last_name":"dsf","family_date_birth":"06-03-1997","age":"23","age_type":"years","family_id":"","s_date":"17-03-1988","marriage_date":"","premium_parent":"","contri_parent":"","premium":"7099","policyNo":"378","familyDataType":"family_construct","empId":"620173","product":"QBTv5db9151ad1c21","declare":"[]","abc":"2a+2k"} [] []
[2020-03-19 12:02:02] generateOTP.INFO: {"edit":"0","subtype_text":"3","policy_no":"379","sum_insure":"500000","familyConstruct":"2A","tenure":"1 Year","family_members_id":"0","family_gender":"Male","first_name":"manali","middle_name":"appasaheb","last_name":"chavan","family_date_birth":"20-03-1987","age":"33","age_type":"years","family_id":"","s_date":"17-03-1988","marriage_date":"","premium_parent":"","contri_parent":"","premium":"4198","policyNo":"379","familyDataType":"family_construct","product":"QBTv5db9151ad1c21","empId":"620173"} [] []
[2020-03-19 12:02:06] generateOTP.INFO: {"edit":"0","subtype_text":"3","policy_no":"379","sum_insure":"500000","familyConstruct":"2A","tenure":"1 Year","family_members_id":"1","family_gender":"Female","first_name":"rt","middle_name":"wert","last_name":"wet","family_date_birth":"08-03-1996","age":"24","age_type":"years","family_id":"","s_date":"17-03-1988","marriage_date":"","premium_parent":"","contri_parent":"","premium":"4198","policyNo":"379","familyDataType":"family_construct","product":"QBTv5db9151ad1c21","empId":"620173"} [] []
[2020-03-19 12:02:21] documentsSave.INFO: {"ops_type":"[]","ids":"1,2","update_datas":"update","emp_id":"620173"} [] []
[2020-03-19 12:02:21] documentsSaveFiles.INFO: [] [] []
[2020-03-19 12:08:31] generateOTP.INFO: test [] []
[2020-03-19 12:08:31] generateOTP.INFO: test [] []
[2020-03-19 12:09:24] generateOTP.INFO: test [] []
[2020-03-19 12:09:24] generateOTP.INFO: test [] []
[2020-03-19 12:10:15] generateOTP.INFO: test [] []
[2020-03-19 12:10:16] generateOTP.INFO: test [] []
[2020-03-19 12:10:28] generateOTP.INFO: test [] []
[2020-03-19 12:11:01] generateOTP.INFO: test [] []
[2020-03-19 12:11:03] generateOTP.INFO: test [] []
[2020-03-19 12:11:43] generateOTP.INFO: test [] []
[2020-03-19 12:11:43] generateOTP.INFO: test [] []
[2020-03-19 12:12:15] generateOTP.INFO: {"edit":"0","policy_no":"378","subtype_text":"1","sum_insure":"800000","familyConstruct":"2A+1K","tenure":"1 Year","family_members_id":"0","family_gender":"Male","first_name":"fdh","middle_name":"dfh","last_name":"hdf","family_date_birth":"09-03-1978","age":"42","age_type":"years","family_id":"","s_date":"","marriage_date":"","premium_parent":"","contri_parent":"","premium":"7099","policyNo":"378","familyDataType":"family_construct","empId":"620175","product":"QBTv5db9151ad1c21","declare":"[]","abc":"2a+2k"} [] []
[2020-03-19 12:12:23] generateOTP.INFO: {"edit":"0","policy_no":"378","subtype_text":"1","sum_insure":"800000","familyConstruct":"2A+1K","tenure":"1 Year","family_members_id":"1","family_gender":"Female","first_name":"fdh","middle_name":"dgh","last_name":"fdh","family_date_birth":"29-03-1991","age":"29","age_type":"years","family_id":"","s_date":"","marriage_date":"","premium_parent":"","contri_parent":"","premium":"7099","policyNo":"378","familyDataType":"family_construct","empId":"620175","product":"QBTv5db9151ad1c21","declare":"[]","abc":"2a+2k"} [] []
[2020-03-19 12:12:33] generateOTP.INFO: {"edit":"0","policy_no":"378","subtype_text":"1","sum_insure":"800000","familyConstruct":"2A+1K","tenure":"1 Year","family_members_id":"2","family_gender":"Male","first_name":"gh","middle_name":"dh","last_name":"dfh","family_date_birth":"23-03-2006","age":"14","age_type":"years","family_id":"","s_date":"","marriage_date":"","premium_parent":"","contri_parent":"","premium":"7099","policyNo":"378","familyDataType":"family_construct","empId":"620175","product":"QBTv5db9151ad1c21","declare":"[]","abc":"2a+2k"} [] []
[2020-03-19 12:12:44] generateOTP.INFO: {"edit":"0","subtype_text":"3","policy_no":"379","sum_insure":"500000","familyConstruct":"2A","tenure":"1 Year","family_members_id":"0","family_gender":"Male","first_name":"fdh","middle_name":"dfh","last_name":"hdf","family_date_birth":"09-03-1978","age":"42","age_type":"years","family_id":"","s_date":"","marriage_date":"","premium_parent":"","contri_parent":"","premium":"4198","policyNo":"379","familyDataType":"family_construct","product":"QBTv5db9151ad1c21","empId":"620175"} [] []
[2020-03-19 12:12:47] generateOTP.INFO: {"edit":"0","subtype_text":"3","policy_no":"379","sum_insure":"500000","familyConstruct":"2A","tenure":"1 Year","family_members_id":"1","family_gender":"Female","first_name":"fdh","middle_name":"dgh","last_name":"fdh","family_date_birth":"29-03-1991","age":"29","age_type":"years","family_id":"","s_date":"","marriage_date":"","premium_parent":"","contri_parent":"","premium":"4198","policyNo":"379","familyDataType":"family_construct","product":"QBTv5db9151ad1c21","empId":"620175"} [] []
[2020-03-19 12:13:46] documentsSave.INFO: {"ops_type":"[\"Enrollment form\",\"Cheque Copy\"]","ext0":"undefined","ext1":"undefined","ids":"1,2","update_datas":"undefined","emp_id":"620175"} [] []
[2020-03-19 12:13:46] documentsSaveFiles.INFO: [{"name":"Lighthouse.jpg","type":"image\/jpeg","tmp_name":"\/tmp\/phpH8iRJU","error":0,"size":561276},{"name":"Tulips.jpg","type":"image\/jpeg","tmp_name":"\/tmp\/phpXSNIak","error":0,"size":620888}] [] []
[2020-03-19 12:13:49] generateOTP.INFO: test [] []
[2020-03-19 12:13:54] generateOTP.INFO: test [] []
[2020-03-19 12:13:55] generateOTP.INFO: test [] []
[2020-03-19 12:13:58] generateOTP.INFO: test [] []
[2020-03-19 12:14:06] generateOTP.INFO: test [] []
[2020-03-19 12:14:25] generateOTP.INFO: test [] []
[2020-03-19 12:14:31] generateOTP.INFO: test [] []
[2020-03-19 12:14:36] generateOTP.INFO: test [] []
[2020-03-19 12:14:36] generateOTP.INFO: test [] []
[2020-03-19 12:17:43] generateOTP.INFO: test [] []
[2020-03-19 12:17:46] generateOTP.INFO: test [] []
[2020-03-19 12:17:56] generateOTP.INFO: test [] []
[2020-03-19 12:17:58] generateOTP.INFO: test [] []
[2020-03-19 12:18:00] generateOTP.INFO: test [] []
[2020-03-19 12:18:07] generateOTP.INFO: test [] []
[2020-03-19 12:18:08] generateOTP.INFO: test [] []
[2020-03-19 12:20:06] generateOTP.INFO: test [] []
[2020-03-19 12:20:15] generateOTP.INFO: test [] []
[2020-03-19 12:20:16] generateOTP.INFO: test [] []
[2020-03-19 12:20:35] generateOTP.INFO: test [] []
[2020-03-19 12:20:44] generateOTP.INFO: test [] []
[2020-03-19 12:21:23] generateOTP.INFO: test [] []
[2020-03-19 12:21:30] generateOTP.INFO: test [] []
[2020-03-19 12:21:32] generateOTP.INFO: test [] []
[2020-03-19 12:22:06] generateOTP.INFO: test [] []
[2020-03-19 12:22:18] generateOTP.INFO: test [] []
[2020-03-19 12:22:20] generateOTP.INFO: test [] []
[2020-03-19 12:22:55] generateOTP.INFO: test [] []
[2020-03-19 12:22:55] generateOTP.INFO: test [] []
[2020-03-19 12:23:04] generateOTP.INFO: test [] []
[2020-03-19 12:23:11] generateOTP.INFO: test [] []
[2020-03-19 12:23:13] generateOTP.INFO: test [] []
[2020-03-19 12:23:51] documentsSave.INFO: {"ops_type":"[]","ids":"1,2","update_datas":"update","emp_id":"620175"} [] []
[2020-03-19 12:23:51] documentsSaveFiles.INFO: [] [] []
[2020-03-19 12:23:57] generateOTP.INFO: test [] []
[2020-03-19 12:24:42] generateOTP.INFO: test [] []
[2020-03-19 12:24:42] generateOTP.INFO: test [] []
[2020-03-19 12:25:01] generateOTP.INFO: test [] []
[2020-03-19 12:25:01] generateOTP.INFO: test [] []
[2020-03-19 12:25:21] generateOTP.INFO: test [] []
[2020-03-19 12:25:26] generateOTP.INFO: test [] []
[2020-03-19 12:25:27] generateOTP.INFO: {"edit":"0","policy_no":"378","subtype_text":"1","sum_insure":"800000","familyConstruct":"2A+1K","tenure":"1 Year","family_members_id":"0","family_gender":"Male","first_name":"c","middle_name":"dgh","last_name":"gh","family_date_birth":"07-03-2002","age":"18","age_type":"years","family_id":"","s_date":"","marriage_date":"","premium_parent":"","contri_parent":"","premium":"7099","policyNo":"378","familyDataType":"family_construct","empId":"620176","product":"QBTv5db9151ad1c21","declare":"[]","abc":"2a+2k"} [] []
[2020-03-19 12:25:27] generateOTP.INFO: test [] []
[2020-03-19 12:25:34] generateOTP.INFO: test [] []
[2020-03-19 12:25:36] generateOTP.INFO: test [] []
[2020-03-19 12:25:36] generateOTP.INFO: {"edit":"0","policy_no":"378","subtype_text":"1","sum_insure":"800000","familyConstruct":"2A+1K","tenure":"1 Year","family_members_id":"1","family_gender":"Female","first_name":"gjj","middle_name":"gh","last_name":"ghj","family_date_birth":"30-03-1994","age":"26","age_type":"years","family_id":"","s_date":"","marriage_date":"","premium_parent":"","contri_parent":"","premium":"7099","policyNo":"378","familyDataType":"family_construct","empId":"620176","product":"QBTv5db9151ad1c21","declare":"[]","abc":"2a+2k"} [] []
[2020-03-19 12:25:46] generateOTP.INFO: {"edit":"0","policy_no":"378","subtype_text":"1","sum_insure":"800000","familyConstruct":"2A+1K","tenure":"1 Year","family_members_id":"2","family_gender":"Male","first_name":"ghk","middle_name":"ghkk","last_name":"ghk","family_date_birth":"22-03-2006","age":"14","age_type":"years","family_id":"","s_date":"","marriage_date":"","premium_parent":"","contri_parent":"","premium":"7099","policyNo":"378","familyDataType":"family_construct","empId":"620176","product":"QBTv5db9151ad1c21","declare":"[]","abc":"2a+2k"} [] []
[2020-03-19 12:25:53] generateOTP.INFO: {"edit":"0","subtype_text":"3","policy_no":"379","sum_insure":"500000","familyConstruct":"2A","tenure":"1 Year","family_members_id":"0","family_gender":"Male","first_name":"c","middle_name":"dgh","last_name":"gh","family_date_birth":"07-03-2002","age":"18","age_type":"years","family_id":"","s_date":"","marriage_date":"","premium_parent":"","contri_parent":"","premium":"4198","policyNo":"379","familyDataType":"family_construct","product":"QBTv5db9151ad1c21","empId":"620176"} [] []
[2020-03-19 12:25:56] generateOTP.INFO: {"edit":"0","subtype_text":"3","policy_no":"379","sum_insure":"500000","familyConstruct":"2A","tenure":"1 Year","family_members_id":"1","family_gender":"Female","first_name":"gjj","middle_name":"gh","last_name":"ghj","family_date_birth":"30-03-1994","age":"26","age_type":"years","family_id":"","s_date":"","marriage_date":"","premium_parent":"","contri_parent":"","premium":"4198","policyNo":"379","familyDataType":"family_construct","product":"QBTv5db9151ad1c21","empId":"620176"} [] []
[2020-03-19 12:26:01] generateOTP.INFO: test [] []
[2020-03-19 12:26:08] generateOTP.INFO: test [] []
[2020-03-19 12:26:09] generateOTP.INFO: test [] []
[2020-03-19 12:26:19] generateOTP.INFO: test [] []
[2020-03-19 12:26:29] documentsSave.INFO: {"ops_type":"[\"Enrollment form\",\"Cheque Copy\"]","ext0":"undefined","ext1":"undefined","ids":"3,4","update_datas":"undefined","emp_id":"620176"} [] []
[2020-03-19 12:26:29] documentsSaveFiles.INFO: [{"name":"Lighthouse.jpg","type":"image\/jpeg","tmp_name":"\/tmp\/phpAtOFzy","error":0,"size":561276},{"name":"Tulips.jpg","type":"image\/jpeg","tmp_name":"\/tmp\/php7lCwRB","error":0,"size":620888}] [] []
[2020-03-19 12:26:33] generateOTP.INFO: test [] []
[2020-03-19 12:26:37] generateOTP.INFO: test [] []
[2020-03-19 12:27:14] generateOTP.INFO: test [] []
[2020-03-19 12:27:17] generateOTP.INFO: test [] []
[2020-03-19 12:27:23] generateOTP.INFO: test [] []
[2020-03-19 12:27:24] generateOTP.INFO: test [] []
[2020-03-19 12:27:33] generateOTP.INFO: {"edit":"0","policy_no":"378","subtype_text":"1","sum_insure":"800000","familyConstruct":"2A","tenure":"1 Year","family_members_id":"0","family_gender":"Male","first_name":"fdh","middle_name":"dfh","last_name":"hdf","family_date_birth":"09-03-1978","age":"42","age_type":"years","family_id":"","s_date":"29-03-1991","marriage_date":"","premium_parent":"","contri_parent":"","premium":"6699","policyNo":"378","familyDataType":"family_construct","empId":"620175","product":"QBTv5db9151ad1c21","declare":"[]","abc":"2a+2k"} [] []
[2020-03-19 12:27:40] generateOTP.INFO: {"edit":"0","policy_no":"378","subtype_text":"1","sum_insure":"800000","familyConstruct":"2A","tenure":"1 Year","family_members_id":"1","family_gender":"Female","first_name":"fdh","middle_name":"dgh","last_name":"fdh","family_date_birth":"29-03-1991","age":"29","age_type":"years","family_id":"","s_date":"29-03-1991","marriage_date":"","premium_parent":"","contri_parent":"","premium":"6699","policyNo":"378","familyDataType":"family_construct","empId":"620175","product":"QBTv5db9151ad1c21","declare":"[]","abc":"2a+2k"} [] []
[2020-03-19 12:27:52] generateOTP.INFO: test [] []
[2020-03-19 12:28:04] generateOTP.INFO: test [] []
[2020-03-19 12:28:08] generateOTP.INFO: test [] []
[2020-03-19 12:28:18] generateOTP.INFO: test [] []
[2020-03-19 12:28:26] generateOTP.INFO: test [] []
[2020-03-19 12:28:26] generateOTP.INFO: test [] []
[2020-03-19 12:30:06] generateOTP.INFO: test [] []
[2020-03-19 12:30:08] generateOTP.INFO: test [] []
[2020-03-19 12:30:41] generateOTP.INFO: test [] []
[2020-03-19 12:31:16] generateOTP.INFO: test [] []
[2020-03-19 12:32:06] generateOTP.INFO: test [] []
[2020-03-19 12:32:08] generateOTP.INFO: test [] []
[2020-03-19 12:33:42] generateOTP.INFO: test [] []
[2020-03-19 12:33:59] generateOTP.INFO: test [] []
[2020-03-19 12:34:01] generateOTP.INFO: test [] []
[2020-03-19 12:35:13] generateOTP.INFO: test [] []
[2020-03-19 12:35:22] generateOTP.INFO: test [] []
[2020-03-19 12:35:24] generateOTP.INFO: test [] []
[2020-03-19 12:36:28] generateOTP.INFO: test [] []
[2020-03-19 12:36:36] generateOTP.INFO: test [] []
[2020-03-19 12:36:38] generateOTP.INFO: test [] []
[2020-03-19 12:36:55] generateOTP.INFO: test [] []
[2020-03-19 12:36:58] generateOTP.INFO: test [] []
[2020-03-19 12:36:58] generateOTP.INFO: test [] []
[2020-03-19 12:37:01] generateOTP.INFO: test [] []
[2020-03-19 12:37:02] generateOTP.INFO: test [] []
[2020-03-19 12:37:02] generateOTP.INFO: test [] []
[2020-03-19 12:37:03] generateOTP.INFO: test [] []
[2020-03-19 12:37:10] generateOTP.INFO: test [] []
[2020-03-19 12:37:11] generateOTP.INFO: test [] []
[2020-03-19 12:37:12] generateOTP.INFO: test [] []
[2020-03-19 12:37:13] generateOTP.INFO: test [] []
[2020-03-19 12:37:14] generateOTP.INFO: test [] []
[2020-03-19 12:37:14] generateOTP.INFO: test [] []
[2020-03-19 12:37:21] generateOTP.INFO: test [] []
[2020-03-19 12:37:25] generateOTP.INFO: test [] []
[2020-03-19 12:37:38] generateOTP.INFO: test [] []
[2020-03-19 12:37:51] generateOTP.INFO: test [] []
[2020-03-19 12:38:19] generateOTP.INFO: test [] []
[2020-03-19 12:38:20] generateOTP.INFO: test [] []
[2020-03-19 12:41:38] generateOTP.INFO: test [] []
[2020-03-19 12:41:39] generateOTP.INFO: test [] []
[2020-03-19 12:41:46] generateOTP.INFO: test [] []
[2020-03-19 12:41:49] generateOTP.INFO: test [] []
[2020-03-19 12:41:51] generateOTP.INFO: test [] []
[2020-03-19 12:42:36] generateOTP.INFO: test [] []
[2020-03-19 12:42:40] generateOTP.INFO: test [] []
[2020-03-19 12:42:42] generateOTP.INFO: test [] []
[2020-03-19 12:42:51] generateOTP.INFO: test [] []
[2020-03-19 12:42:53] generateOTP.INFO: test [] []
[2020-03-19 12:43:02] generateOTP.INFO: test [] []
[2020-03-19 12:43:06] generateOTP.INFO: test [] []
[2020-03-19 12:44:34] generateOTP.INFO: test [] []
[2020-03-19 12:44:34] generateOTP.INFO: test [] []
[2020-03-19 12:48:29] generateOTP.INFO: test [] []
[2020-03-19 12:48:40] generateOTP.INFO: test [] []
[2020-03-19 12:48:40] generateOTP.INFO: test [] []
[2020-03-19 12:48:43] generateOTP.INFO: test [] []
[2020-03-19 12:48:45] generateOTP.INFO: test [] []
[2020-03-19 12:48:54] generateOTP.INFO: test [] []
[2020-03-19 12:49:02] generateOTP.INFO: test [] []
[2020-03-19 12:49:24] generateOTP.INFO: test [] []
[2020-03-19 12:49:25] generateOTP.INFO: test [] []
[2020-03-19 12:49:28] generateOTP.INFO: test [] []
[2020-03-19 12:50:52] generateOTP.INFO: test [] []
[2020-03-19 12:50:59] generateOTP.INFO: test [] []
[2020-03-19 12:51:00] generateOTP.INFO: test [] []
[2020-03-19 12:51:07] generateOTP.INFO: test [] []
[2020-03-19 12:52:12] generateOTP.INFO: test [] []
[2020-03-19 12:52:18] generateOTP.INFO: test [] []
[2020-03-19 12:55:05] generateOTP.INFO: test [] []
[2020-03-19 12:55:05] generateOTP.INFO: test [] []
[2020-03-19 12:56:07] generateOTP.INFO: test [] []
[2020-03-19 12:56:07] generateOTP.INFO: test [] []
[2020-03-19 13:00:30] generateOTP.INFO: test [] []
[2020-03-19 13:00:32] generateOTP.INFO: test [] []
[2020-03-19 13:00:37] generateOTP.INFO: test [] []
[2020-03-19 13:00:39] generateOTP.INFO: test [] []
[2020-03-19 13:00:40] generateOTP.INFO: test [] []
[2020-03-19 13:00:41] generateOTP.INFO: test [] []
[2020-03-19 13:00:47] generateOTP.INFO: test [] []
[2020-03-19 13:00:49] generateOTP.INFO: test [] []
[2020-03-19 13:00:51] generateOTP.INFO: test [] []
[2020-03-19 13:01:12] generateOTP.INFO: test [] []
[2020-03-19 13:01:47] generateOTP.INFO: test [] []
[2020-03-19 13:01:54] generateOTP.INFO: test [] []
[2020-03-19 13:01:56] generateOTP.INFO: test [] []
[2020-03-19 13:02:26] generateOTP.INFO: test [] []
[2020-03-19 13:02:26] generateOTP.INFO: test [] []
[2020-03-19 13:04:06] generateOTP.INFO: test [] []
[2020-03-19 13:04:10] generateOTP.INFO: test [] []
[2020-03-19 13:04:11] generateOTP.INFO: test [] []
[2020-03-19 13:04:18] documentsSave.INFO: {"ops_type":"[]","ids":"3","update_datas":"update","emp_id":"620176"} [] []
[2020-03-19 13:04:18] documentsSaveFiles.INFO: [] [] []
[2020-03-19 13:04:21] generateOTP.INFO: test [] []
[2020-03-19 13:04:28] generateOTP.INFO: test [] []
[2020-03-19 13:04:28] generateOTP.INFO: test [] []
[2020-03-19 13:04:39] generateOTP.INFO: test [] []
[2020-03-19 13:04:39] generateOTP.INFO: test [] []
[2020-03-19 13:05:24] generateOTP.INFO: test [] []
[2020-03-19 13:05:24] generateOTP.INFO: test [] []
[2020-03-19 13:05:47] generateOTP.INFO: {"edit":"0","policy_no":"378","subtype_text":"1","sum_insure":"800000","familyConstruct":"2A+1K","tenure":"1 Year","family_members_id":"0","family_gender":"Male","first_name":"fg","middle_name":"sdfg","last_name":"dfg","family_date_birth":"14-03-2002","age":"18","age_type":"years","family_id":"","s_date":"","marriage_date":"","premium_parent":"","contri_parent":"","premium":"7099","policyNo":"378","familyDataType":"family_construct","empId":"620177","product":"QBTv5db9151ad1c21","declare":"[]","abc":"2a+2k"} [] []
[2020-03-19 13:05:57] generateOTP.INFO: {"edit":"0","policy_no":"378","subtype_text":"1","sum_insure":"800000","familyConstruct":"2A+1K","tenure":"1 Year","family_members_id":"1","family_gender":"Female","first_name":"fsd","middle_name":"fg","last_name":"sdf","family_date_birth":"12-03-1970","age":"50","age_type":"years","family_id":"","s_date":"","marriage_date":"","premium_parent":"","contri_parent":"","premium":"7099","policyNo":"378","familyDataType":"family_construct","empId":"620177","product":"QBTv5db9151ad1c21","declare":"[]","abc":"2a+2k"} [] []
[2020-03-19 13:06:08] generateOTP.INFO: {"edit":"0","policy_no":"378","subtype_text":"1","sum_insure":"800000","familyConstruct":"2A+1K","tenure":"1 Year","family_members_id":"2","family_gender":"Male","first_name":"fg","middle_name":"fsdg","last_name":"dsg","family_date_birth":"14-03-2008","age":"12","age_type":"years","family_id":"","s_date":"","marriage_date":"","premium_parent":"","contri_parent":"","premium":"7099","policyNo":"378","familyDataType":"family_construct","empId":"620177","product":"QBTv5db9151ad1c21","declare":"[]","abc":"2a+2k"} [] []
[2020-03-19 13:06:15] generateOTP.INFO: {"edit":"0","subtype_text":"3","policy_no":"379","sum_insure":"500000","familyConstruct":"2A","tenure":"1 Year","family_members_id":"0","family_gender":"Male","first_name":"fg","middle_name":"sdfg","last_name":"dfg","family_date_birth":"14-03-2002","age":"18","age_type":"years","family_id":"","s_date":"","marriage_date":"","premium_parent":"","contri_parent":"","premium":"4198","policyNo":"379","familyDataType":"family_construct","product":"QBTv5db9151ad1c21","empId":"620177"} [] []
[2020-03-19 13:06:18] generateOTP.INFO: {"edit":"0","subtype_text":"3","policy_no":"379","sum_insure":"500000","familyConstruct":"2A","tenure":"1 Year","family_members_id":"1","family_gender":"Female","first_name":"fsd","middle_name":"fg","last_name":"sdf","family_date_birth":"12-03-1970","age":"50","age_type":"years","family_id":"","s_date":"","marriage_date":"","premium_parent":"","contri_parent":"","premium":"4198","policyNo":"379","familyDataType":"family_construct","product":"QBTv5db9151ad1c21","empId":"620177"} [] []
[2020-03-19 13:06:36] generateOTP.INFO: test [] []
[2020-03-19 13:06:53] documentsSave.INFO: {"ops_type":"[\"Enrollment form\",\"Cheque Copy\"]","ext0":"undefined","ext1":"undefined","ids":"5,6","update_datas":"undefined","emp_id":"620177"} [] []
[2020-03-19 13:06:53] documentsSaveFiles.INFO: [{"name":"Lighthouse.jpg","type":"image\/jpeg","tmp_name":"\/tmp\/phpSAugcR","error":0,"size":561276},{"name":"Tulips.jpg","type":"image\/jpeg","tmp_name":"\/tmp\/phpIxpy8c","error":0,"size":620888}] [] []
[2020-03-19 13:06:56] generateOTP.INFO: test [] []
[2020-03-19 13:07:18] generateOTP.INFO: test [] []
[2020-03-19 13:07:20] generateOTP.INFO: test [] []
[2020-03-19 13:07:28] generateOTP.INFO: test [] []
[2020-03-19 13:07:34] generateOTP.INFO: test [] []
[2020-03-19 13:07:34] generateOTP.INFO: test [] []
[2020-03-19 13:08:05] generateOTP.INFO: {"edit":"0","subtype_text":"3","policy_no":"379","sum_insure":"500000","familyConstruct":"","tenure":"1 Year","family_members_id":"0","family_gender":"Male","first_name":"fg","middle_name":"sdfg","last_name":"dfg","family_date_birth":"14-03-2002","age":"18","age_type":"years","family_id":"","s_date":"12-03-1970","marriage_date":"","premium_parent":"","contri_parent":"","premium":"undefined","policyNo":"379","familyDataType":"family_construct","product":"QBTv5db9151ad1c21","empId":"620177"} [] []
[2020-03-19 13:08:09] generateOTP.INFO: {"edit":"0","subtype_text":"3","policy_no":"379","sum_insure":"500000","familyConstruct":"","tenure":"1 Year","family_members_id":"1","family_gender":"Female","first_name":"fsd","middle_name":"fg","last_name":"sdf","family_date_birth":"12-03-1970","age":"50","age_type":"years","family_id":"","s_date":"12-03-1970","marriage_date":"","premium_parent":"","contri_parent":"","premium":"undefined","policyNo":"379","familyDataType":"family_construct","product":"QBTv5db9151ad1c21","empId":"620177"} [] []
[2020-03-19 13:08:20] documentsSave.INFO: {"ops_type":"[]","ids":"5,6","update_datas":"update","emp_id":"620177"} [] []
[2020-03-19 13:08:20] documentsSaveFiles.INFO: [] [] []
[2020-03-19 13:08:45] generateOTP.INFO: test [] []
[2020-03-19 13:08:45] generateOTP.INFO: test [] []
[2020-03-19 13:09:26] generateOTP.INFO: test [] []
[2020-03-19 13:09:26] generateOTP.INFO: test [] []
[2020-03-19 13:10:02] documentsSave.INFO: {"ops_type":"[]","ids":"5","update_datas":"update","emp_id":"620177"} [] []
[2020-03-19 13:10:02] documentsSaveFiles.INFO: [] [] []
[2020-03-19 13:10:57] generateOTP.INFO: test [] []
[2020-03-19 13:10:57] generateOTP.INFO: test [] []
[2020-03-19 13:11:45] generateOTP.INFO: test [] []
[2020-03-19 13:11:45] generateOTP.INFO: test [] []
[2020-03-19 13:12:08] generateOTP.INFO: {"edit":"0","policy_no":"378","subtype_text":"1","sum_insure":"800000","familyConstruct":"2A+1K","tenure":"1 Year","family_members_id":"0","family_gender":"Male","first_name":"ds","middle_name":"fsdf","last_name":"fsdf","family_date_birth":"06-03-2002","age":"18","age_type":"years","family_id":"","s_date":"","marriage_date":"","premium_parent":"","contri_parent":"","premium":"7099","policyNo":"378","familyDataType":"family_construct","empId":"620178","product":"QBTv5db9151ad1c21","declare":"[]","abc":"2a+2k"} [] []
[2020-03-19 13:12:16] generateOTP.INFO: {"edit":"0","policy_no":"378","subtype_text":"1","sum_insure":"800000","familyConstruct":"2A+1K","tenure":"1 Year","family_members_id":"1","family_gender":"Female","first_name":"ewr","middle_name":"wer","last_name":"rwer","family_date_birth":"18-03-1982","age":"38","age_type":"years","family_id":"","s_date":"","marriage_date":"","premium_parent":"","contri_parent":"","premium":"7099","policyNo":"378","familyDataType":"family_construct","empId":"620178","product":"QBTv5db9151ad1c21","declare":"[]","abc":"2a+2k"} [] []
[2020-03-19 13:12:26] generateOTP.INFO: {"edit":"0","policy_no":"378","subtype_text":"1","sum_insure":"800000","familyConstruct":"2A+1K","tenure":"1 Year","family_members_id":"2","family_gender":"Male","first_name":"er","middle_name":"ewr","last_name":"er","family_date_birth":"25-03-2004","age":"16","age_type":"years","family_id":"","s_date":"","marriage_date":"","premium_parent":"","contri_parent":"","premium":"7099","policyNo":"378","familyDataType":"family_construct","empId":"620178","product":"QBTv5db9151ad1c21","declare":"[]","abc":"2a+2k"} [] []
[2020-03-19 13:12:32] generateOTP.INFO: {"edit":"0","subtype_text":"3","policy_no":"379","sum_insure":"500000","familyConstruct":"2A","tenure":"1 Year","family_members_id":"0","family_gender":"Male","first_name":"ds","middle_name":"fsdf","last_name":"fsdf","family_date_birth":"06-03-2002","age":"18","age_type":"years","family_id":"","s_date":"","marriage_date":"","premium_parent":"","contri_parent":"","premium":"4198","policyNo":"379","familyDataType":"family_construct","product":"QBTv5db9151ad1c21","empId":"620178"} [] []
[2020-03-19 13:12:37] generateOTP.INFO: {"edit":"0","subtype_text":"3","policy_no":"379","sum_insure":"500000","familyConstruct":"2A","tenure":"1 Year","family_members_id":"1","family_gender":"Female","first_name":"ewr","middle_name":"wer","last_name":"rwer","family_date_birth":"18-03-1982","age":"38","age_type":"years","family_id":"","s_date":"","marriage_date":"","premium_parent":"","contri_parent":"","premium":"4198","policyNo":"379","familyDataType":"family_construct","product":"QBTv5db9151ad1c21","empId":"620178"} [] []
[2020-03-19 13:14:12] generateOTP.INFO: test [] []
[2020-03-19 13:14:14] generateOTP.INFO: test [] []
[2020-03-19 13:14:20] generateOTP.INFO: test [] []
[2020-03-19 13:14:21] generateOTP.INFO: test [] []
[2020-03-19 13:14:23] generateOTP.INFO: test [] []
[2020-03-19 13:14:56] generateOTP.INFO: test [] []
[2020-03-19 13:15:00] generateOTP.INFO: test [] []
[2020-03-19 13:15:01] generateOTP.INFO: test [] []
[2020-03-19 13:15:08] generateOTP.INFO: test [] []
[2020-03-19 13:15:10] generateOTP.INFO: test [] []
[2020-03-19 13:15:12] generateOTP.INFO: test [] []
[2020-03-19 13:15:15] documentsSave.INFO: {"ops_type":"[\"Enrollment form\",\"Cheque Copy\"]","ext0":"undefined","ext1":"undefined","ids":"7,8","update_datas":"undefined","emp_id":"620178"} [] []
[2020-03-19 13:15:15] documentsSaveFiles.INFO: [{"name":"Tulips.jpg","type":"image\/jpeg","tmp_name":"\/tmp\/phpVBJc9e","error":0,"size":620888},{"name":"Lighthouse.jpg","type":"image\/jpeg","tmp_name":"\/tmp\/phpeI246Y","error":0,"size":561276}] [] []
[2020-03-19 13:15:18] generateOTP.INFO: test [] []
[2020-03-19 13:15:24] generateOTP.INFO: test [] []
[2020-03-19 13:15:29] generateOTP.INFO: test [] []
[2020-03-19 13:15:35] generateOTP.INFO: test [] []
[2020-03-19 13:15:36] generateOTP.INFO: test [] []
[2020-03-19 13:15:38] generateOTP.INFO: test [] []
[2020-03-19 13:15:39] generateOTP.INFO: test [] []
[2020-03-19 13:15:40] generateOTP.INFO: test [] []
[2020-03-19 13:16:17] generateOTP.INFO: test [] []
[2020-03-19 13:16:26] generateOTP.INFO: test [] []
[2020-03-19 13:16:28] generateOTP.INFO: test [] []
[2020-03-19 13:17:27] generateOTP.INFO: test [] []
[2020-03-19 13:17:28] generateOTP.INFO: test [] []
[2020-03-19 13:17:45] generateOTP.INFO: test [] []
[2020-03-19 13:17:53] generateOTP.INFO: test [] []
[2020-03-19 13:17:55] generateOTP.INFO: test [] []
[2020-03-19 13:19:43] generateOTP.INFO: test [] []
[2020-03-19 13:19:44] generateOTP.INFO: test [] []
[2020-03-19 13:20:03] generateOTP.INFO: test [] []
[2020-03-19 13:20:03] generateOTP.INFO: test [] []
[2020-03-19 13:20:27] generateOTP.INFO: {"edit":"0","subtype_text":"3","policy_no":"379","sum_insure":"500000","familyConstruct":"","tenure":"1 Year","family_members_id":"1","family_gender":"Female","first_name":"ewr","middle_name":"wer","last_name":"rwer","family_date_birth":"18-03-1982","age":"38","age_type":"years","family_id":"","s_date":"18-03-1982","marriage_date":"","premium_parent":"","contri_parent":"","premium":"undefined","policyNo":"379","familyDataType":"family_construct","product":"QBTv5db9151ad1c21","empId":"620178"} [] []
[2020-03-19 13:22:27] generateOTP.INFO: {"edit":"0","subtype_text":"3","policy_no":"379","sum_insure":"500000","familyConstruct":"","tenure":"1 Year","family_members_id":"1","family_gender":"Female","first_name":"ewr","middle_name":"wer","last_name":"rwer","family_date_birth":"18-03-1982","age":"38","age_type":"years","family_id":"","s_date":"18-03-1982","marriage_date":"","premium_parent":"","contri_parent":"","premium":"undefined","policyNo":"379","familyDataType":"family_construct","product":"QBTv5db9151ad1c21","empId":"620178"} [] []
[2020-03-19 13:23:09] generateOTP.INFO: {"edit":"0","subtype_text":"3","policy_no":"379","sum_insure":"500000","familyConstruct":"","tenure":"1 Year","family_members_id":"1","family_gender":"Female","first_name":"ewr","middle_name":"wer","last_name":"rwer","family_date_birth":"18-03-1982","age":"38","age_type":"years","family_id":"","s_date":"18-03-1982","marriage_date":"","premium_parent":"","contri_parent":"","premium":"undefined","policyNo":"379","familyDataType":"family_construct","product":"QBTv5db9151ad1c21","empId":"620178"} [] []
[2020-03-19 13:23:18] generateOTP.INFO: test [] []
[2020-03-19 13:23:58] generateOTP.INFO: test [] []
[2020-03-19 13:23:58] generateOTP.INFO: test [] []
[2020-03-19 13:24:39] generateOTP.INFO: {"edit":"0","subtype_text":"3","policy_no":"379","sum_insure":"500000","familyConstruct":"","tenure":"1 Year","family_members_id":"1","family_gender":"Female","first_name":"ewr","middle_name":"wer","last_name":"rwer","family_date_birth":"18-03-1982","age":"38","age_type":"years","family_id":"","s_date":"18-03-1982","marriage_date":"","premium_parent":"","contri_parent":"","premium":"undefined","policyNo":"379","familyDataType":"family_construct","product":"QBTv5db9151ad1c21","empId":"620178"} [] []
[2020-03-19 13:25:04] generateOTP.INFO: {"edit":"0","subtype_text":"3","policy_no":"379","sum_insure":"500000","familyConstruct":"","tenure":"1 Year","family_members_id":"1","family_gender":"Female","first_name":"ewr","middle_name":"wer","last_name":"rwer","family_date_birth":"18-03-1982","age":"38","age_type":"years","family_id":"","s_date":"18-03-1982","marriage_date":"","premium_parent":"","contri_parent":"","premium":"undefined","policyNo":"379","familyDataType":"family_construct","product":"QBTv5db9151ad1c21","empId":"620178"} [] []
[2020-03-19 13:25:47] generateOTP.INFO: {"edit":"0","subtype_text":"3","policy_no":"379","sum_insure":"500000","familyConstruct":"","tenure":"1 Year","family_members_id":"0","family_gender":"Male","first_name":"ds","middle_name":"fsdf","last_name":"fsdf","family_date_birth":"06-03-2002","age":"18","age_type":"years","family_id":"","s_date":"18-03-1982","marriage_date":"","premium_parent":"","contri_parent":"","premium":"undefined","policyNo":"379","familyDataType":"family_construct","product":"QBTv5db9151ad1c21","empId":"620178"} [] []
[2020-03-19 13:26:33] generateOTP.INFO: test [] []
[2020-03-19 13:26:33] generateOTP.INFO: test [] []
[2020-03-19 13:26:45] generateOTP.INFO: {"edit":"0","subtype_text":"3","policy_no":"379","sum_insure":"750000","familyConstruct":"2A","tenure":"1 Year","family_members_id":"0","family_gender":"Male","first_name":"ds","middle_name":"fsdf","last_name":"fsdf","family_date_birth":"06-03-2002","age":"18","age_type":"years","family_id":"","s_date":"18-03-1982","marriage_date":"","premium_parent":"","contri_parent":"","premium":"6296","policyNo":"379","familyDataType":"family_construct","product":"QBTv5db9151ad1c21","empId":"620178"} [] []
[2020-03-19 13:26:47] generateOTP.INFO: {"edit":"0","subtype_text":"3","policy_no":"379","sum_insure":"750000","familyConstruct":"2A","tenure":"1 Year","family_members_id":"1","family_gender":"Female","first_name":"ewr","middle_name":"wer","last_name":"rwer","family_date_birth":"18-03-1982","age":"38","age_type":"years","family_id":"","s_date":"18-03-1982","marriage_date":"","premium_parent":"","contri_parent":"","premium":"6296","policyNo":"379","familyDataType":"family_construct","product":"QBTv5db9151ad1c21","empId":"620178"} [] []
[2020-03-19 13:53:19] generateOTP.INFO: test [] []
[2020-03-19 13:53:41] generateOTP.INFO: test [] []
[2020-03-19 13:53:41] generateOTP.INFO: test [] []
[2020-03-19 13:54:24] generateOTP.INFO: test [] []
[2020-03-19 13:54:24] generateOTP.INFO: test [] []
[2020-03-19 13:55:14] generateOTP.INFO: test [] []
[2020-03-19 13:55:14] generateOTP.INFO: test [] []
[2020-03-19 13:55:32] generateOTP.INFO: test [] []
[2020-03-19 13:55:32] generateOTP.INFO: test [] []
[2020-03-19 13:55:39] generateOTP.INFO: {"edit":"0","subtype_text":"3","policy_no":"379","sum_insure":"500000","familyConstruct":"2A","tenure":"1 Year","family_members_id":"0","family_gender":"Male","first_name":"ds","middle_name":"fsdf","last_name":"fsdf","family_date_birth":"06-03-2002","age":"18","age_type":"years","family_id":"","s_date":"18-03-1982","marriage_date":"","premium_parent":"","contri_parent":"","premium":"4198","policyNo":"379","familyDataType":"family_construct","product":"QBTv5db9151ad1c21","empId":"620178"} [] []
[2020-03-19 13:55:43] generateOTP.INFO: {"edit":"0","subtype_text":"3","policy_no":"379","sum_insure":"500000","familyConstruct":"2A","tenure":"1 Year","family_members_id":"1","family_gender":"Female","first_name":"ewr","middle_name":"wer","last_name":"rwer","family_date_birth":"18-03-1982","age":"38","age_type":"years","family_id":"","s_date":"18-03-1982","marriage_date":"","premium_parent":"","contri_parent":"","premium":"4198","policyNo":"379","familyDataType":"family_construct","product":"QBTv5db9151ad1c21","empId":"620178"} [] []
[2020-03-19 13:55:58] generateOTP.INFO: {"edit":"0","subtype_text":"3","policy_no":"379","sum_insure":"750000","familyConstruct":"2A","tenure":"1 Year","family_members_id":"0","family_gender":"Male","first_name":"ds","middle_name":"fsdf","last_name":"fsdf","family_date_birth":"06-03-2002","age":"18","age_type":"years","family_id":"","s_date":"18-03-1982","marriage_date":"","premium_parent":"","contri_parent":"","premium":"6296","policyNo":"379","familyDataType":"family_construct","product":"QBTv5db9151ad1c21","empId":"620178"} [] []
[2020-03-19 13:56:02] generateOTP.INFO: {"edit":"0","subtype_text":"3","policy_no":"379","sum_insure":"750000","familyConstruct":"2A","tenure":"1 Year","family_members_id":"1","family_gender":"Female","first_name":"ewr","middle_name":"wer","last_name":"rwer","family_date_birth":"18-03-1982","age":"38","age_type":"years","family_id":"","s_date":"18-03-1982","marriage_date":"","premium_parent":"","contri_parent":"","premium":"6296","policyNo":"379","familyDataType":"family_construct","product":"QBTv5db9151ad1c21","empId":"620178"} [] []
[2020-03-19 13:56:16] documentsSave.INFO: {"ops_type":"[]","ids":"7,8","update_datas":"update","emp_id":"620178"} [] []
[2020-03-19 13:56:16] documentsSaveFiles.INFO: [] [] []
[2020-03-19 13:56:28] generateOTP.INFO: test [] []
[2020-03-19 13:56:28] generateOTP.INFO: test [] []
[2020-03-19 14:25:49] generateOTP.INFO: test [] []
[2020-03-19 14:25:52] generateOTP.INFO: test [] []
[2020-03-19 14:25:54] generateOTP.INFO: test [] []
[2020-03-19 14:27:48] generateOTP.INFO: test [] []
[2020-03-19 14:32:16] generateOTP.INFO: test [] []
[2020-03-19 14:32:20] generateOTP.INFO: test [] []
[2020-03-19 14:32:32] generateOTP.INFO: test [] []
[2020-03-19 14:32:33] generateOTP.INFO: test [] []
[2020-03-19 14:32:34] generateOTP.INFO: test [] []
[2020-03-19 14:33:09] generateOTP.INFO: test [] []
[2020-03-19 14:34:41] generateOTP.INFO: test [] []
[2020-03-19 14:34:59] generateOTP.INFO: test [] []
[2020-03-19 14:35:01] generateOTP.INFO: test [] []
[2020-03-19 14:37:17] generateOTP.INFO: test [] []
[2020-03-19 14:40:08] generateOTP.INFO: test [] []
[2020-03-19 14:40:31] generateOTP.INFO: test [] []
[2020-03-19 14:40:57] generateOTP.INFO: test [] []
[2020-03-19 14:41:37] generateOTP.INFO: test [] []
[2020-03-19 14:42:42] generateOTP.INFO: test [] []
[2020-03-19 14:42:45] generateOTP.INFO: test [] []
[2020-03-19 14:43:32] generateOTP.INFO: test [] []
[2020-03-19 14:44:11] generateOTP.INFO: test [] []
[2020-03-19 14:44:27] generateOTP.INFO: test [] []
[2020-03-19 14:44:42] generateOTP.INFO: test [] []
[2020-03-19 14:45:25] generateOTP.INFO: test [] []
[2020-03-19 14:45:40] generateOTP.INFO: test [] []
[2020-03-19 14:45:43] generateOTP.INFO: test [] []
[2020-03-19 14:45:46] generateOTP.INFO: test [] []
[2020-03-19 14:46:02] generateOTP.INFO: test [] []
[2020-03-19 14:46:35] generateOTP.INFO: test [] []
[2020-03-19 14:46:46] generateOTP.INFO: test [] []
[2020-03-19 14:48:35] generateOTP.INFO: test [] []
[2020-03-19 14:48:44] generateOTP.INFO: test [] []
[2020-03-19 14:49:07] generateOTP.INFO: test [] []
[2020-03-19 14:49:14] generateOTP.INFO: test [] []
[2020-03-19 14:49:31] generateOTP.INFO: test [] []
[2020-03-19 14:50:01] generateOTP.INFO: test [] []
[2020-03-19 14:51:43] generateOTP.INFO: test [] []
[2020-03-19 14:51:49] generateOTP.INFO: test [] []
[2020-03-19 14:52:57] generateOTP.INFO: test [] []
[2020-03-19 15:06:53] generateOTP.INFO: test [] []
[2020-03-19 15:07:30] generateOTP.INFO: test [] []
[2020-03-19 15:07:34] generateOTP.INFO: test [] []
[2020-03-19 15:07:36] generateOTP.INFO: test [] []
[2020-03-19 15:07:41] generateOTP.INFO: test [] []
[2020-03-19 15:07:56] generateOTP.INFO: test [] []
[2020-03-19 15:08:04] generateOTP.INFO: test [] []
[2020-03-19 15:08:06] generateOTP.INFO: test [] []
[2020-03-19 15:08:19] generateOTP.INFO: test [] []
[2020-03-19 15:10:10] generateOTP.INFO: test [] []
[2020-03-19 15:10:12] generateOTP.INFO: test [] []
[2020-03-19 15:10:20] generateOTP.INFO: test [] []
[2020-03-19 15:10:21] generateOTP.INFO: test [] []
[2020-03-19 15:10:24] generateOTP.INFO: test [] []
[2020-03-19 15:10:33] generateOTP.INFO: test [] []
[2020-03-19 15:10:34] generateOTP.INFO: test [] []
[2020-03-19 15:10:41] generateOTP.INFO: test [] []
[2020-03-19 15:10:42] generateOTP.INFO: test [] []
[2020-03-19 15:10:54] generateOTP.INFO: test [] []
[2020-03-19 15:11:08] generateOTP.INFO: test [] []
[2020-03-19 15:11:09] generateOTP.INFO: test [] []
[2020-03-19 15:11:17] generateOTP.INFO: test [] []
[2020-03-19 15:11:19] generateOTP.INFO: test [] []
[2020-03-19 15:11:41] generateOTP.INFO: test [] []
[2020-03-19 15:12:18] generateOTP.INFO: test [] []
[2020-03-19 15:12:37] generateOTP.INFO: test [] []
[2020-03-19 15:12:38] generateOTP.INFO: test [] []
[2020-03-19 15:13:00] generateOTP.INFO: test [] []
[2020-03-19 15:13:36] generateOTP.INFO: test [] []
[2020-03-19 15:13:39] generateOTP.INFO: test [] []
[2020-03-19 15:13:41] generateOTP.INFO: test [] []
[2020-03-19 15:14:14] generateOTP.INFO: test [] []
[2020-03-19 15:14:16] generateOTP.INFO: test [] []
[2020-03-19 15:14:37] generateOTP.INFO: test [] []
[2020-03-19 15:14:46] generateOTP.INFO: test [] []
[2020-03-19 15:14:47] generateOTP.INFO: test [] []
[2020-03-19 15:15:30] generateOTP.INFO: test [] []
[2020-03-19 15:17:33] generateOTP.INFO: test [] []
[2020-03-19 15:17:41] generateOTP.INFO: test [] []
[2020-03-19 15:17:42] generateOTP.INFO: test [] []
[2020-03-19 15:17:45] generateOTP.INFO: test [] []
[2020-03-19 15:17:50] generateOTP.INFO: test [] []
[2020-03-19 15:17:51] generateOTP.INFO: test [] []
[2020-03-19 15:19:22] generateOTP.INFO: test [] []
[2020-03-19 15:19:26] generateOTP.INFO: test [] []
[2020-03-19 15:19:28] generateOTP.INFO: test [] []
[2020-03-19 15:23:34] generateOTP.INFO: test [] []
[2020-03-19 15:23:57] generateOTP.INFO: test [] []
[2020-03-19 15:24:11] generateOTP.INFO: test [] []
[2020-03-19 15:24:12] generateOTP.INFO: test [] []
[2020-03-19 15:24:31] generateOTP.INFO: test [] []
[2020-03-19 15:24:40] generateOTP.INFO: test [] []
[2020-03-19 15:24:41] generateOTP.INFO: test [] []
[2020-03-19 15:25:41] generateOTP.INFO: test [] []
[2020-03-19 15:27:25] generateOTP.INFO: test [] []
[2020-03-19 15:27:33] generateOTP.INFO: test [] []
[2020-03-19 15:30:16] generateOTP.INFO: test [] []
[2020-03-19 15:33:42] generateOTP.INFO: test [] []
[2020-03-19 15:39:07] generateOTP.INFO: test [] []
[2020-03-19 15:48:44] generateOTP.INFO: test [] []
[2020-03-19 15:58:17] generateOTP.INFO: test [] []
[2020-03-19 15:59:59] generateOTP.INFO: test [] []
[2020-03-19 16:00:06] generateOTP.INFO: test [] []
[2020-03-19 16:00:08] generateOTP.INFO: test [] []
[2020-03-19 16:01:26] generateOTP.INFO: test [] []
[2020-03-19 16:01:33] generateOTP.INFO: test [] []
[2020-03-19 16:01:34] generateOTP.INFO: test [] []
[2020-03-19 16:01:57] generateOTP.INFO: test [] []
[2020-03-19 16:02:23] generateOTP.INFO: test [] []
[2020-03-19 16:02:24] generateOTP.INFO: test [] []
[2020-03-19 16:06:33] generateOTP.INFO: test [] []
[2020-03-19 16:06:35] generateOTP.INFO: test [] []
[2020-03-19 16:06:51] generateOTP.INFO: test [] []
[2020-03-19 16:07:09] generateOTP.INFO: test [] []
[2020-03-19 16:07:12] generateOTP.INFO: test [] []
[2020-03-19 16:07:14] generateOTP.INFO: test [] []
[2020-03-19 16:07:16] generateOTP.INFO: test [] []
[2020-03-19 16:07:23] generateOTP.INFO: test [] []
[2020-03-19 16:07:28] generateOTP.INFO: test [] []
[2020-03-19 16:07:29] generateOTP.INFO: test [] []
[2020-03-19 16:07:32] generateOTP.INFO: test [] []
[2020-03-19 16:08:41] generateOTP.INFO: test [] []
[2020-03-19 16:09:33] generateOTP.INFO: test [] []
[2020-03-19 16:09:45] generateOTP.INFO: test [] []
[2020-03-19 16:09:59] generateOTP.INFO: test [] []
[2020-03-19 16:10:11] generateOTP.INFO: test [] []
[2020-03-19 16:10:18] generateOTP.INFO: test [] []
[2020-03-19 16:10:23] generateOTP.INFO: test [] []
[2020-03-19 16:10:32] generateOTP.INFO: test [] []
[2020-03-19 16:10:43] generateOTP.INFO: test [] []
[2020-03-19 16:11:17] generateOTP.INFO: test [] []
[2020-03-19 16:11:40] generateOTP.INFO: test [] []
[2020-03-19 16:11:41] generateOTP.INFO: test [] []
[2020-03-19 16:11:53] generateOTP.INFO: test [] []
[2020-03-19 16:11:54] generateOTP.INFO: test [] []
[2020-03-19 16:11:55] generateOTP.INFO: test [] []
[2020-03-19 16:11:59] generateOTP.INFO: test [] []
[2020-03-19 16:18:07] generateOTP.INFO: test [] []
[2020-03-19 16:18:13] generateOTP.INFO: test [] []
[2020-03-19 16:18:15] generateOTP.INFO: test [] []
[2020-03-19 16:27:47] generateOTP.INFO: test [] []
[2020-03-19 16:28:04] generateOTP.INFO: test [] []
[2020-03-19 16:28:07] generateOTP.INFO: test [] []
[2020-03-19 16:35:26] generateOTP.INFO: test [] []
[2020-03-19 16:35:35] generateOTP.INFO: test [] []
[2020-03-19 16:35:36] generateOTP.INFO: test [] []
[2020-03-19 16:36:27] generateOTP.INFO: test [] []
[2020-03-19 16:36:44] generateOTP.INFO: test [] []
[2020-03-19 16:36:45] generateOTP.INFO: test [] []
[2020-03-19 16:36:52] generateOTP.INFO: test [] []
[2020-03-19 16:37:05] generateOTP.INFO: test [] []
[2020-03-19 16:37:10] generateOTP.INFO: test [] []
[2020-03-19 16:37:11] generateOTP.INFO: test [] []
[2020-03-19 16:37:11] generateOTP.INFO: test [] []
[2020-03-19 16:37:11] generateOTP.INFO: test [] []
[2020-03-19 16:37:11] generateOTP.INFO: test [] []
[2020-03-19 16:37:11] generateOTP.INFO: test [] []
[2020-03-19 16:37:11] generateOTP.INFO: test [] []
[2020-03-19 16:37:12] generateOTP.INFO: test [] []
[2020-03-19 16:37:12] generateOTP.INFO: test [] []
[2020-03-19 16:37:15] generateOTP.INFO: test [] []
[2020-03-19 16:37:16] generateOTP.INFO: test [] []
[2020-03-19 16:37:16] generateOTP.INFO: test [] []
[2020-03-19 16:37:16] generateOTP.INFO: test [] []
[2020-03-19 16:37:16] generateOTP.INFO: test [] []
[2020-03-19 16:37:16] generateOTP.INFO: test [] []
[2020-03-19 16:37:16] generateOTP.INFO: test [] []
[2020-03-19 16:37:16] generateOTP.INFO: test [] []
[2020-03-19 16:37:16] generateOTP.INFO: test [] []
[2020-03-19 16:38:20] generateOTP.INFO: test [] []
[2020-03-19 16:38:28] generateOTP.INFO: test [] []
[2020-03-19 16:38:29] generateOTP.INFO: test [] []
[2020-03-19 16:40:07] generateOTP.INFO: test [] []
[2020-03-19 16:42:55] generateOTP.INFO: test [] []
[2020-03-19 16:43:36] generateOTP.INFO: test [] []
[2020-03-19 16:44:01] generateOTP.INFO: test [] []
[2020-03-19 16:44:28] generateOTP.INFO: test [] []
[2020-03-19 16:44:28] generateOTP.INFO: test [] []
[2020-03-19 16:44:28] generateOTP.INFO: test [] []
[2020-03-19 16:44:28] generateOTP.INFO: test [] []
[2020-03-19 16:44:28] generateOTP.INFO: test [] []
[2020-03-19 16:44:28] generateOTP.INFO: test [] []
[2020-03-19 16:44:28] generateOTP.INFO: test [] []
[2020-03-19 16:44:28] generateOTP.INFO: test [] []
[2020-03-19 16:44:28] generateOTP.INFO: test [] []
[2020-03-19 16:44:32] generateOTP.INFO: test [] []
[2020-03-19 16:44:33] generateOTP.INFO: test [] []
[2020-03-19 16:45:07] generateOTP.INFO: test [] []
[2020-03-19 16:45:42] generateOTP.INFO: test [] []
[2020-03-19 16:46:01] generateOTP.INFO: test [] []
[2020-03-19 16:46:57] generateOTP.INFO: test [] []
[2020-03-19 16:46:57] generateOTP.INFO: test [] []
[2020-03-19 16:47:03] generateOTP.INFO: test [] []
[2020-03-19 16:47:07] generateOTP.INFO: test [] []
[2020-03-19 16:47:07] generateOTP.INFO: test [] []
[2020-03-19 16:47:34] generateOTP.INFO: test [] []
[2020-03-19 16:48:01] generateOTP.INFO: test [] []
[2020-03-19 16:48:07] generateOTP.INFO: test [] []
[2020-03-19 16:48:07] generateOTP.INFO: test [] []
[2020-03-19 16:48:28] generateOTP.INFO: test [] []
[2020-03-19 16:48:41] generateOTP.INFO: test [] []
[2020-03-19 16:49:09] documentsSave.INFO: {"ops_type":"[]","ids":"7","update_datas":"update","emp_id":"620178"} [] []
[2020-03-19 16:49:09] documentsSaveFiles.INFO: [] [] []
[2020-03-19 16:49:17] generateOTP.INFO: test [] []
[2020-03-19 16:49:24] generateOTP.INFO: test [] []
[2020-03-19 16:49:24] generateOTP.INFO: test [] []
[2020-03-19 16:49:29] generateOTP.INFO: test [] []
[2020-03-19 16:49:34] generateOTP.INFO: test [] []
[2020-03-19 16:49:41] generateOTP.INFO: test [] []
[2020-03-19 16:49:41] generateOTP.INFO: test [] []
[2020-03-19 16:50:18] generateOTP.INFO: test [] []
[2020-03-19 16:50:38] generateOTP.INFO: test [] []
[2020-03-19 16:50:49] generateOTP.INFO: test [] []
[2020-03-19 16:50:57] generateOTP.INFO: test [] []
[2020-03-19 16:51:35] generateOTP.INFO: test [] []
[2020-03-19 16:52:40] generateOTP.INFO: test [] []
[2020-03-19 16:52:45] generateOTP.INFO: test [] []
[2020-03-19 16:52:46] generateOTP.INFO: test [] []
[2020-03-19 16:54:53] generateOTP.INFO: test [] []
[2020-03-19 16:54:59] generateOTP.INFO: test [] []
[2020-03-19 16:54:59] generateOTP.INFO: test [] []
[2020-03-19 16:55:27] generateOTP.INFO: test [] []
[2020-03-19 16:55:33] generateOTP.INFO: test [] []
[2020-03-19 16:55:33] generateOTP.INFO: test [] []
[2020-03-19 16:56:39] generateOTP.INFO: test [] []
[2020-03-19 16:56:45] generateOTP.INFO: test [] []
[2020-03-19 16:56:45] generateOTP.INFO: test [] []
[2020-03-19 16:57:31] generateOTP.INFO: {"edit":"0","policy_no":"378","subtype_text":"1","sum_insure":"800000","familyConstruct":"2A+1K","tenure":"1 Year","family_members_id":"0","family_gender":"Female","first_name":"fgd","middle_name":"ggdfg","last_name":"fd","family_date_birth":"03-03-1988","age":"32","age_type":"years","family_id":"","s_date":"","marriage_date":"","premium_parent":"","contri_parent":"","premium":"7099","policyNo":"378","familyDataType":"family_construct","empId":"620179","product":"QBTv5db9151ad1c21","declare":"[]","abc":"2a+2k"} [] []
[2020-03-19 16:57:40] generateOTP.INFO: {"edit":"0","policy_no":"378","subtype_text":"1","sum_insure":"800000","familyConstruct":"2A+1K","tenure":"1 Year","family_members_id":"1","family_gender":"Male","first_name":"fgd","middle_name":"ghgfh","last_name":"h","family_date_birth":"16-03-1995","age":"25","age_type":"years","family_id":"","s_date":"","marriage_date":"","premium_parent":"","contri_parent":"","premium":"7099","policyNo":"378","familyDataType":"family_construct","empId":"620179","product":"QBTv5db9151ad1c21","declare":"[]","abc":"2a+2k"} [] []
[2020-03-19 16:57:51] generateOTP.INFO: {"edit":"0","policy_no":"378","subtype_text":"1","sum_insure":"800000","familyConstruct":"2A+1K","tenure":"1 Year","family_members_id":"2","family_gender":"Male","first_name":"dfh","middle_name":"dfh","last_name":"fdh","family_date_birth":"13-03-2009","age":"11","age_type":"years","family_id":"","s_date":"","marriage_date":"","premium_parent":"","contri_parent":"","premium":"7099","policyNo":"378","familyDataType":"family_construct","empId":"620179","product":"QBTv5db9151ad1c21","declare":"[]","abc":"2a+2k"} [] []
[2020-03-19 16:58:56] generateOTP.INFO: {"edit":"0","subtype_text":"3","policy_no":"379","sum_insure":"500000","familyConstruct":"2A","tenure":"1 Year","family_members_id":"0","family_gender":"Female","first_name":"fgd","middle_name":"ggdfg","last_name":"fd","family_date_birth":"03-03-1988","age":"32","age_type":"years","family_id":"","s_date":"","marriage_date":"","premium_parent":"","contri_parent":"","premium":"4198","policyNo":"379","familyDataType":"family_construct","product":"QBTv5db9151ad1c21","empId":"620179"} [] []
[2020-03-19 16:58:59] generateOTP.INFO: {"edit":"0","subtype_text":"3","policy_no":"379","sum_insure":"500000","familyConstruct":"2A","tenure":"1 Year","family_members_id":"1","family_gender":"Male","first_name":"fgd","middle_name":"ghgfh","last_name":"h","family_date_birth":"16-03-1995","age":"25","age_type":"years","family_id":"","s_date":"","marriage_date":"","premium_parent":"","contri_parent":"","premium":"4198","policyNo":"379","familyDataType":"family_construct","product":"QBTv5db9151ad1c21","empId":"620179"} [] []
[2020-03-19 16:59:39] documentsSave.INFO: {"ops_type":"[\"Enrollment form\",\"Cheque Copy\"]","ext0":"undefined","ext1":"undefined","ids":"1,2","update_datas":"undefined","emp_id":"620179"} [] []
[2020-03-19 16:59:39] documentsSaveFiles.INFO: [{"name":"Lighthouse.jpg","type":"image\/jpeg","tmp_name":"\/tmp\/phpLYKlU3","error":0,"size":561276},{"name":"Tulips.jpg","type":"image\/jpeg","tmp_name":"\/tmp\/phpGAaPzC","error":0,"size":620888}] [] []
[2020-03-19 16:59:41] generateOTP.INFO: test [] []
[2020-03-19 16:59:46] generateOTP.INFO: test [] []
[2020-03-19 16:59:50] generateOTP.INFO: test [] []
[2020-03-19 17:00:09] generateOTP.INFO: test [] []
[2020-03-19 17:03:13] generateOTP.INFO: test [] []
[2020-03-19 17:04:12] generateOTP.INFO: test [] []
[2020-03-19 17:04:20] generateOTP.INFO: test [] []
[2020-03-19 17:04:21] generateOTP.INFO: test [] []
[2020-03-19 17:06:44] generateOTP.INFO: test [] []
[2020-03-19 17:08:24] generateOTP.INFO: test [] []
[2020-03-19 17:08:37] generateOTP.INFO: test [] []
[2020-03-19 17:08:38] generateOTP.INFO: test [] []
[2020-03-19 17:14:40] generateOTP.INFO: test [] []
[2020-03-19 17:14:59] generateOTP.INFO: test [] []
[2020-03-19 17:14:59] generateOTP.INFO: test [] []
[2020-03-19 17:15:18] generateOTP.INFO: test [] []
[2020-03-19 17:15:18] generateOTP.INFO: test [] []
[2020-03-19 17:15:21] generateOTP.INFO: test [] []
[2020-03-19 17:15:23] generateOTP.INFO: test [] []
[2020-03-19 17:15:24] generateOTP.INFO: test [] []
[2020-03-19 17:15:36] generateOTP.INFO: test [] []
[2020-03-19 17:15:53] generateOTP.INFO: test [] []
[2020-03-19 17:15:55] generateOTP.INFO: test [] []
[2020-03-19 17:15:59] generateOTP.INFO: test [] []
[2020-03-19 17:16:03] generateOTP.INFO: test [] []
[2020-03-19 17:16:04] generateOTP.INFO: test [] []
[2020-03-19 17:16:04] generateOTP.INFO: test [] []
[2020-03-19 17:16:04] generateOTP.INFO: test [] []
[2020-03-19 17:17:01] generateOTP.INFO: {"edit":"0","subtype_text":"3","policy_no":"379","sum_insure":"500000","familyConstruct":"2A","tenure":"1 Year","family_members_id":"0","family_gender":"Female","first_name":"fgd","middle_name":"ggdfg","last_name":"fd","family_date_birth":"03-03-1988","age":"32","age_type":"years","family_id":"","s_date":"16-03-1995","marriage_date":"","premium_parent":"","contri_parent":"","premium":"4198","policyNo":"379","familyDataType":"family_construct","product":"QBTv5db9151ad1c21","empId":"620179"} [] []
[2020-03-19 17:17:04] generateOTP.INFO: {"edit":"0","subtype_text":"3","policy_no":"379","sum_insure":"500000","familyConstruct":"2A","tenure":"1 Year","family_members_id":"1","family_gender":"Male","first_name":"fgd","middle_name":"ghgfh","last_name":"h","family_date_birth":"16-03-1995","age":"25","age_type":"years","family_id":"","s_date":"16-03-1995","marriage_date":"","premium_parent":"","contri_parent":"","premium":"4198","policyNo":"379","familyDataType":"family_construct","product":"QBTv5db9151ad1c21","empId":"620179"} [] []
[2020-03-19 17:17:27] documentsSave.INFO: {"ops_type":"[]","ids":"1,2","update_datas":"update","emp_id":"620179"} [] []
[2020-03-19 17:17:27] documentsSaveFiles.INFO: [] [] []
[2020-03-19 17:18:25] generateOTP.INFO: test [] []
[2020-03-19 17:18:25] generateOTP.INFO: test [] []
[2020-03-19 17:21:51] generateOTP.INFO: test [] []
[2020-03-19 17:21:51] generateOTP.INFO: test [] []
[2020-03-19 17:22:06] generateOTP.INFO: {"edit":"0","subtype_text":"3","policy_no":"379","sum_insure":"500000","familyConstruct":"2A","tenure":"1 Year","family_members_id":"0","family_gender":"Female","first_name":"fgd","middle_name":"ggdfg","last_name":"fd","family_date_birth":"03-03-1988","age":"32","age_type":"years","family_id":"","s_date":"16-03-1995","marriage_date":"","premium_parent":"","contri_parent":"","premium":"4198","policyNo":"379","familyDataType":"family_construct","product":"QBTv5db9151ad1c21","empId":"620179"} [] []
[2020-03-19 17:22:14] generateOTP.INFO: {"edit":"0","subtype_text":"3","policy_no":"379","sum_insure":"500000","familyConstruct":"2A","tenure":"1 Year","family_members_id":"0","family_gender":"Female","first_name":"fgd","middle_name":"ggdfg","last_name":"fd","family_date_birth":"03-03-1988","age":"32","age_type":"years","family_id":"","s_date":"16-03-1995","marriage_date":"","premium_parent":"","contri_parent":"","premium":"4198","policyNo":"379","familyDataType":"family_construct","product":"QBTv5db9151ad1c21","empId":"620179"} [] []
[2020-03-19 17:22:17] generateOTP.INFO: {"edit":"0","subtype_text":"3","policy_no":"379","sum_insure":"500000","familyConstruct":"2A","tenure":"1 Year","family_members_id":"1","family_gender":"Male","first_name":"fgd","middle_name":"ghgfh","last_name":"h","family_date_birth":"16-03-1995","age":"25","age_type":"years","family_id":"","s_date":"16-03-1995","marriage_date":"","premium_parent":"","contri_parent":"","premium":"4198","policyNo":"379","familyDataType":"family_construct","product":"QBTv5db9151ad1c21","empId":"620179"} [] []
[2020-03-19 17:22:25] documentsSave.INFO: {"ops_type":"[]","ids":"1","update_datas":"update","emp_id":"620179"} [] []
[2020-03-19 17:22:25] documentsSaveFiles.INFO: [] [] []
[2020-03-19 17:22:48] generateOTP.INFO: test [] []
[2020-03-19 17:22:55] generateOTP.INFO: test [] []
[2020-03-19 17:22:57] generateOTP.INFO: test [] []
[2020-03-19 17:23:44] generateOTP.INFO: test [] []
[2020-03-19 17:23:44] generateOTP.INFO: test [] []
[2020-03-19 17:24:06] generateOTP.INFO: {"edit":"0","subtype_text":"3","policy_no":"379","sum_insure":"500000","familyConstruct":"2A","tenure":"1 Year","family_members_id":"0","family_gender":"Female","first_name":"fgd","middle_name":"ggdfg","last_name":"fd","family_date_birth":"03-03-1988","age":"32","age_type":"years","family_id":"","s_date":"16-03-1995","marriage_date":"","premium_parent":"","contri_parent":"","premium":"4198","policyNo":"379","familyDataType":"family_construct","product":"QBTv5db9151ad1c21","empId":"620179"} [] []
[2020-03-19 17:24:09] generateOTP.INFO: {"edit":"0","subtype_text":"3","policy_no":"379","sum_insure":"500000","familyConstruct":"2A","tenure":"1 Year","family_members_id":"1","family_gender":"Male","first_name":"fgd","middle_name":"ghgfh","last_name":"h","family_date_birth":"16-03-1995","age":"25","age_type":"years","family_id":"","s_date":"16-03-1995","marriage_date":"","premium_parent":"","contri_parent":"","premium":"4198","policyNo":"379","familyDataType":"family_construct","product":"QBTv5db9151ad1c21","empId":"620179"} [] []
[2020-03-19 17:24:22] documentsSave.INFO: {"ops_type":"[]","ids":"1,3","update_datas":"update","emp_id":"620179"} [] []
[2020-03-19 17:24:22] documentsSaveFiles.INFO: [] [] []
[2020-03-19 17:24:40] generateOTP.INFO: test [] []
[2020-03-19 17:24:40] generateOTP.INFO: test [] []
[2020-03-19 17:25:26] documentsSave.INFO: {"ops_type":"[]","ids":"1,4","update_datas":"update","emp_id":"620179"} [] []
[2020-03-19 17:25:26] documentsSaveFiles.INFO: [] [] []
[2020-03-19 17:25:33] generateOTP.INFO: test [] []
[2020-03-19 17:25:33] generateOTP.INFO: test [] []
[2020-03-19 17:25:43] generateOTP.INFO: {"edit":"0","policy_no":"378","subtype_text":"1","sum_insure":"800000","familyConstruct":"2A","tenure":"1 Year","family_members_id":"0","family_gender":"Female","first_name":"fgd","middle_name":"ggdfg","last_name":"fd","family_date_birth":"03-03-1988","age":"32","age_type":"years","family_id":"","s_date":"16-03-1995","marriage_date":"","premium_parent":"","contri_parent":"","premium":"6699","policyNo":"378","familyDataType":"family_construct","empId":"620179","product":"QBTv5db9151ad1c21","declare":"[]","abc":"2a+2k"} [] []
[2020-03-19 17:25:47] generateOTP.INFO: {"edit":"0","policy_no":"378","subtype_text":"1","sum_insure":"800000","familyConstruct":"2A","tenure":"1 Year","family_members_id":"1","family_gender":"Male","first_name":"fgd","middle_name":"ghgfh","last_name":"h","family_date_birth":"16-03-1995","age":"25","age_type":"years","family_id":"","s_date":"16-03-1995","marriage_date":"","premium_parent":"","contri_parent":"","premium":"6699","policyNo":"378","familyDataType":"family_construct","empId":"620179","product":"QBTv5db9151ad1c21","declare":"[]","abc":"2a+2k"} [] []
[2020-03-19 17:25:51] documentsSave.INFO: {"ops_type":"[]","ids":"4","update_datas":"update","emp_id":"620179"} [] []
[2020-03-19 17:25:51] documentsSaveFiles.INFO: [] [] []
[2020-03-19 17:26:03] generateOTP.INFO: test [] []
[2020-03-19 17:38:30] generateOTP.INFO: test [] []
[2020-03-19 17:38:33] generateOTP.INFO: test [] []
[2020-03-19 17:40:55] generateOTP.INFO: test [] []
[2020-03-19 17:46:14] generateOTP.INFO: test [] []
[2020-03-19 17:55:10] generateOTP.INFO: test [] []
[2020-03-19 17:55:13] generateOTP.INFO: test [] []
[2020-03-19 18:00:11] generateOTP.INFO: test [] []
[2020-03-19 18:01:05] generateOTP.INFO: test [] []
[2020-03-19 18:01:12] generateOTP.INFO: test [] []
[2020-03-19 18:02:19] generateOTP.INFO: test [] []
[2020-03-19 18:04:17] generateOTP.INFO: test [] []
[2020-03-19 18:05:37] generateOTP.INFO: test [] []
[2020-03-19 18:09:04] generateOTP.INFO: test [] []
[2020-03-19 18:11:18] generateOTP.INFO: test [] []
[2020-03-19 18:12:14] generateOTP.INFO: test [] []
[2020-03-19 18:12:23] generateOTP.INFO: test [] []
[2020-03-19 18:12:32] generateOTP.INFO: test [] []
[2020-03-19 18:12:45] generateOTP.INFO: test [] []
[2020-03-19 18:12:52] generateOTP.INFO: test [] []
[2020-03-19 18:12:53] generateOTP.INFO: test [] []
[2020-03-19 18:12:56] generateOTP.INFO: test [] []
[2020-03-19 18:28:13] generateOTP.INFO: test [] []
[2020-03-19 18:36:18] generateOTP.INFO: test [] []
[2020-03-19 18:36:25] generateOTP.INFO: test [] []
[2020-03-19 18:36:40] generateOTP.INFO: test [] []
[2020-03-19 18:37:46] generateOTP.INFO: test [] []
[2020-03-19 18:37:59] generateOTP.INFO: test [] []
[2020-03-19 18:38:11] generateOTP.INFO: test [] []
[2020-03-19 18:38:21] generateOTP.INFO: test [] []
[2020-03-19 18:39:30] generateOTP.INFO: test [] []
[2020-03-19 18:39:51] generateOTP.INFO: test [] []
[2020-03-19 18:39:55] generateOTP.INFO: test [] []
[2020-03-19 18:42:27] generateOTP.INFO: test [] []
[2020-03-19 18:52:32] generateOTP.INFO: test [] []
[2020-03-19 18:52:42] generateOTP.INFO: test [] []
[2020-03-19 18:54:27] generateOTP.INFO: test [] []
[2020-03-19 18:55:25] generateOTP.INFO: test [] []
[2020-03-19 18:58:00] generateOTP.INFO: test [] []
[2020-03-19 18:59:48] generateOTP.INFO: test [] []
[2020-03-19 19:05:35] generateOTP.INFO: test [] []
[2020-03-19 19:11:56] generateOTP.INFO: test [] []
[2020-03-19 23:02:14] generateOTP.INFO: test [] []
[2020-03-19 23:03:23] generateOTP.INFO: test [] []
[2020-03-19 23:03:31] generateOTP.INFO: test [] []
