[2021-02-19 00:01:13] generateOTP.INFO: test [] []
[2021-02-19 00:01:14] generateOTP.INFO: test [] []
[2021-02-19 10:07:14] generateOTP.INFO: test [] []
[2021-02-19 10:09:14] generateOTP.INFO: test [] []
[2021-02-19 10:12:32] generateOTP.INFO: test [] []
[2021-02-19 10:12:35] generateOTP.INFO: test [] []
[2021-02-19 10:17:46] generateOTP.INFO: test [] []
[2021-02-19 10:17:46] generateOTP.INFO: test [] []
[2021-02-19 10:17:49] generateOTP.INFO: test [] []
[2021-02-19 10:17:49] generateOTP.INFO: test [] []
[2021-02-19 10:17:53] generateOTP.INFO: test [] []
[2021-02-19 10:17:53] generateOTP.INFO: test [] []
[2021-02-19 10:17:53] generateOTP.INFO: test [] []
[2021-02-19 10:17:53] generateOTP.INFO: test [] []
[2021-02-19 10:18:46] generateOTP.INFO: test [] []
[2021-02-19 10:18:47] generateOTP.INFO: test [] []
[2021-02-19 10:18:47] generateOTP.INFO: test [] []
[2021-02-19 10:19:27] generateOTP.INFO: test [] []
[2021-02-19 10:19:28] generateOTP.INFO: test [] []
[2021-02-19 10:42:20] generateOTP.INFO: test [] []
[2021-02-19 10:51:40] generateOTP.INFO: test [] []
[2021-02-19 10:56:25] generateOTP.INFO: test [] []
[2021-02-19 10:56:26] generateOTP.INFO: test [] []
[2021-02-19 10:56:32] generateOTP.INFO: test [] []
[2021-02-19 10:56:32] generateOTP.INFO: test [] []
[2021-02-19 10:56:41] generateOTP.INFO: test [] []
[2021-02-19 10:56:41] generateOTP.INFO: test [] []
[2021-02-19 10:56:41] generateOTP.INFO: test [] []
[2021-02-19 10:56:42] generateOTP.INFO: test [] []
[2021-02-19 11:07:23] generateOTP.INFO: test [] []
[2021-02-19 11:17:50] generateOTP.INFO: test [] []
[2021-02-19 11:17:56] generateOTP.INFO: test [] []
[2021-02-19 11:25:17] generateOTP.INFO: test [] []
[2021-02-19 11:25:17] generateOTP.INFO: test [] []
[2021-02-19 11:25:56] generateOTP.INFO: test [] []
[2021-02-19 11:25:57] generateOTP.INFO: test [] []
[2021-02-19 11:25:57] generateOTP.INFO: test [] []
[2021-02-19 11:27:21] generateOTP.INFO: test [] []
[2021-02-19 11:27:22] generateOTP.INFO: test [] []
[2021-02-19 11:27:29] generateOTP.INFO: test [] []
[2021-02-19 11:27:29] generateOTP.INFO: test [] []
[2021-02-19 12:28:29] generateOTP.INFO: test [] []
[2021-02-19 12:28:30] generateOTP.INFO: test [] []
[2021-02-19 12:28:39] generateOTP.INFO: test [] []
[2021-02-19 12:28:40] generateOTP.INFO: test [] []
[2021-02-19 12:29:01] generateOTP.INFO: test [] []
[2021-02-19 12:29:02] generateOTP.INFO: test [] []
[2021-02-19 12:29:14] generateOTP.INFO: test [] []
[2021-02-19 12:29:15] generateOTP.INFO: test [] []
[2021-02-19 12:29:15] generateOTP.INFO: test [] []
[2021-02-19 12:29:16] generateOTP.INFO: test [] []
[2021-02-19 12:30:03] generateOTP.INFO: test [] []
[2021-02-19 12:30:04] generateOTP.INFO: test [] []
[2021-02-19 12:31:23] generateOTP.INFO: test [] []
[2021-02-19 12:31:25] generateOTP.INFO: test [] []
[2021-02-19 12:33:32] generateOTP.INFO: {"salutation":"1","firstname":"test","lastname":"BANKING","dob":"19-12-1988","mob_no":"7010444138","panCard":"XXXXXX456A","email":"jack@gmail.com","ref1":"1","ref2":"1","comAdd":"Om hrad ntalatiof, holOmshre, talathioficeeachol, OmshreeSada9talathi","city":"MUMBAI","state":"MAHARASHTRA","pin_code":"622103","ISNRI":"N","update_emp_id":"Z3VqQWo5Tno3VmtnWjdFUlBpb29Rdz09","edit":"0","policy_no":"470","subtype_text":"1","sum_insure":"5000000","anuual_income":"900000","occupation":"11","familyConstruct":"2A+2K","family_members_id":"3","family_gender":"Female","first_name":"kidone","last_name":"","family_date_birth":"02-01-2017","age":"4","age_type":" years","tenure":"1 Year","family_id":"","s_date":"02-01-1995","marriage_date":"","premium":"32799","policyNo":"470","familyDataType":"undefined","empId":"Z3VqQWo5Tno3VmtnWjdFUlBpb29Rdz09","product":"test123abc","declare":"[]","gender":"Male","gci_options":"undefined","gpa_options":"No","hidden_policy_id":"470","hidden_deductable":"0"} [] []
[2021-02-19 12:34:34] generateOTP.INFO: {"salutation":"1","firstname":"test","lastname":"BANKING","dob":"19-12-1988","mob_no":"7010444138","panCard":"XXXXXX456A","email":"jack@gmail.com","ref1":"1","ref2":"1","comAdd":"Om hrad ntalatiof, holOmshre, talathioficeeachol, OmshreeSada9talathi","city":"MUMBAI","state":"MAHARASHTRA","pin_code":"622103","ISNRI":"N","update_emp_id":"Z3VqQWo5Tno3VmtnWjdFUlBpb29Rdz09","edit":"5482","policy_no":"470","subtype_text":"1","sum_insure":"5000000","anuual_income":"900000","occupation":"11","familyConstruct":"2A+2K","family_members_id":"3","family_gender":"Female","first_name":"kidone","last_name":".","family_date_birth":"02-01-2017","age":"4","age_type":" years","tenure":"1 Year","family_id":"","s_date":"02-01-1995","marriage_date":"","premium":"32799","policyNo":"470","familyDataType":"undefined","empId":"Z3VqQWo5Tno3VmtnWjdFUlBpb29Rdz09","product":"test123abc","declare":"[]","gender":"Male","gci_options":"undefined","gpa_options":"No","hidden_policy_id":"470","hidden_deductable":"0"} [] []
[2021-02-19 12:37:14] generateOTP.INFO: {"salutation":"1","firstname":"test","lastname":"BANKING","dob":"19-12-1988","mob_no":"7010444138","panCard":"XXXXXX456A","email":"jack@gmail.com","ref1":"1","ref2":"1","comAdd":"Om hrad ntalatiof, holOmshre, talathioficeeachol, OmshreeSada9talathi","city":"MUMBAI","state":"MAHARASHTRA","pin_code":"622103","ISNRI":"N","update_emp_id":"Z3VqQWo5Tno3VmtnWjdFUlBpb29Rdz09","edit":"5482","policy_no":"470","subtype_text":"1","sum_insure":"5000000","anuual_income":"900000","occupation":"11","familyConstruct":"2A+2K","family_members_id":"3","family_gender":"Female","first_name":"kidone","last_name":".","family_date_birth":"01-01-2015","age":"6","age_type":" years","tenure":"1 Year","family_id":"","s_date":"02-01-1995","marriage_date":"","premium":"32799","policyNo":"470","familyDataType":"undefined","empId":"Z3VqQWo5Tno3VmtnWjdFUlBpb29Rdz09","product":"test123abc","declare":"[]","gender":"Male","gci_options":"undefined","gpa_options":"No","hidden_policy_id":"470","hidden_deductable":"0"} [] []
[2021-02-19 12:38:07] generateOTP.INFO: test [] []
[2021-02-19 12:40:10] generateOTP.INFO: test [] []
[2021-02-19 12:43:00] generateOTP.INFO: test [] []
[2021-02-19 12:43:00] generateOTP.INFO: test [] []
[2021-02-19 12:43:17] generateOTP.INFO: test [] []
[2021-02-19 12:43:20] generateOTP.INFO: test [] []
[2021-02-19 12:43:21] generateOTP.INFO: test [] []
[2021-02-19 12:43:32] generateOTP.INFO: test [] []
[2021-02-19 12:43:33] generateOTP.INFO: test [] []
[2021-02-19 12:45:54] generateOTP.INFO: test [] []
[2021-02-19 12:45:55] generateOTP.INFO: test [] []
[2021-02-19 12:45:56] generateOTP.INFO: test [] []
[2021-02-19 12:45:57] generateOTP.INFO: test [] []
[2021-02-19 13:07:30] generateOTP.INFO: test [] []
[2021-02-19 13:07:31] generateOTP.INFO: test [] []
[2021-02-19 13:07:36] generateOTP.INFO: test [] []
[2021-02-19 13:07:37] generateOTP.INFO: test [] []
[2021-02-19 13:07:54] generateOTP.INFO: test [] []
[2021-02-19 13:07:54] generateOTP.INFO: test [] []
[2021-02-19 13:07:54] generateOTP.INFO: test [] []
[2021-02-19 13:07:54] generateOTP.INFO: test [] []
[2021-02-19 13:07:56] generateOTP.INFO: test [] []
[2021-02-19 13:07:59] generateOTP.INFO: test [] []
[2021-02-19 13:08:04] generateOTP.INFO: test [] []
[2021-02-19 13:08:06] generateOTP.INFO: test [] []
[2021-02-19 13:08:07] generateOTP.INFO: test [] []
[2021-02-19 13:30:40] generateOTP.INFO: test [] []
[2021-02-19 13:35:06] generateOTP.INFO: test [] []
[2021-02-19 13:38:13] generateOTP.INFO: test [] []
[2021-02-19 13:42:29] generateOTP.INFO: test [] []
[2021-02-19 13:42:34] generateOTP.INFO: test [] []
[2021-02-19 13:44:16] generateOTP.INFO: {"salutation":"1","firstname":"test","lastname":"BANKING","dob":"19-12-1988","mob_no":"7010444138","panCard":"XXXXXX456A","email":"jack@gmail.com","ref1":"1","ref2":"1","comAdd":"Om hrad ntalatiof, holOmshre, talathioficeeachol, OmshreeSada9talathi","city":"Illuppur","state":"TAMIL NADU","pin_code":"622103","ISNRI":"N","update_emp_id":"Z3VqQWo5Tno3VmtnWjdFUlBpb29Rdz09","edit":"0","policy_no":"470","subtype_text":"1","sum_insure":"5000000","anuual_income":"900000","occupation":"11","familyConstruct":"2A+2K","family_members_id":"0","family_gender":"Male","first_name":"test","last_name":"BANKING","family_date_birth":"19-12-1988","age":"32","age_type":" years","tenure":"1 Year","family_id":"","s_date":"","marriage_date":"","premium":"32799","policyNo":"470","familyDataType":"undefined","empId":"Z3VqQWo5Tno3VmtnWjdFUlBpb29Rdz09","product":"test123abc","declare":"[]","gender":"Male","gci_options":"undefined","gpa_options":"Yes","hidden_policy_id":"470,471","hidden_deductable":"0"} [] []
[2021-02-19 13:48:30] generateOTP.INFO: {"salutation":"1","firstname":"test","lastname":"BANKING","dob":"19-12-1988","mob_no":"7010444138","panCard":"XXXXXX456A","email":"jack@gmail.com","ref1":"1","ref2":"1","comAdd":"Om hrad ntalatiof, holOmshre, talathioficeeachol, OmshreeSada9talathi","city":"Illuppur","state":"TAMIL NADU","pin_code":"622103","ISNRI":"N","update_emp_id":"Z3VqQWo5Tno3VmtnWjdFUlBpb29Rdz09","edit":"0","policy_no":"470","subtype_text":"1","sum_insure":"5000000","anuual_income":"900000","occupation":"11","familyConstruct":"2A+2K","family_members_id":"1","family_gender":"Female","first_name":"test","last_name":"","family_date_birth":"15-10-1991","age":"29","age_type":" years","tenure":"1 Year","family_id":"","s_date":"","marriage_date":"","premium":"32799","policyNo":"470","familyDataType":"undefined","empId":"Z3VqQWo5Tno3VmtnWjdFUlBpb29Rdz09","product":"test123abc","declare":"[]","gender":"Male","gci_options":"undefined","gpa_options":"Yes","hidden_policy_id":"470,471","hidden_deductable":"0"} [] []
[2021-02-19 13:48:55] generateOTP.INFO: {"salutation":"1","firstname":"test","lastname":"BANKING","dob":"19-12-1988","mob_no":"7010444138","panCard":"XXXXXX456A","email":"jack@gmail.com","ref1":"1","ref2":"1","comAdd":"Om hrad ntalatiof, holOmshre, talathioficeeachol, OmshreeSada9talathi","city":"Illuppur","state":"TAMIL NADU","pin_code":"622103","ISNRI":"N","update_emp_id":"Z3VqQWo5Tno3VmtnWjdFUlBpb29Rdz09","edit":"0","policy_no":"470","subtype_text":"1","sum_insure":"5000000","anuual_income":"900000","occupation":"11","familyConstruct":"2A+2K","family_members_id":"2","family_gender":"Male","first_name":"kidone","last_name":"","family_date_birth":"15-04-2008","age":"12","age_type":" years","tenure":"1 Year","family_id":"","s_date":"","marriage_date":"","premium":"32799","policyNo":"470","familyDataType":"undefined","empId":"Z3VqQWo5Tno3VmtnWjdFUlBpb29Rdz09","product":"test123abc","declare":"[]","gender":"Male","gci_options":"undefined","gpa_options":"Yes","hidden_policy_id":"470,471","hidden_deductable":"0"} [] []
[2021-02-19 13:49:14] generateOTP.INFO: {"salutation":"1","firstname":"test","lastname":"BANKING","dob":"19-12-1988","mob_no":"7010444138","panCard":"XXXXXX456A","email":"jack@gmail.com","ref1":"1","ref2":"1","comAdd":"Om hrad ntalatiof, holOmshre, talathioficeeachol, OmshreeSada9talathi","city":"Illuppur","state":"TAMIL NADU","pin_code":"622103","ISNRI":"N","update_emp_id":"Z3VqQWo5Tno3VmtnWjdFUlBpb29Rdz09","edit":"0","policy_no":"470","subtype_text":"1","sum_insure":"5000000","anuual_income":"900000","occupation":"11","familyConstruct":"2A+2K","family_members_id":"2","family_gender":"Male","first_name":"kidtwo","last_name":"","family_date_birth":"27-05-2013","age":"7","age_type":" years","tenure":"1 Year","family_id":"","s_date":"","marriage_date":"","premium":"32799","policyNo":"470","familyDataType":"undefined","empId":"Z3VqQWo5Tno3VmtnWjdFUlBpb29Rdz09","product":"test123abc","declare":"[]","gender":"Male","gci_options":"undefined","gpa_options":"Yes","hidden_policy_id":"470,471","hidden_deductable":"0"} [] []
[2021-02-19 13:51:26] generateOTP.INFO: test [] []
[2021-02-19 13:52:14] generateOTP.INFO: test [] []
[2021-02-19 13:52:35] generateOTP.INFO: test [] []
[2021-02-19 14:03:29] generateOTP.INFO: test [] []
[2021-02-19 14:03:56] generateOTP.INFO: test [] []
[2021-02-19 14:04:00] generateOTP.INFO: test [] []
[2021-02-19 14:04:16] generateOTP.INFO: test [] []
[2021-02-19 14:16:21] generateOTP.INFO: test [] []
[2021-02-19 14:16:43] generateOTP.INFO: test [] []
[2021-02-19 14:17:06] generateOTP.INFO: test [] []
[2021-02-19 14:18:41] generateOTP.INFO: test [] []
[2021-02-19 14:18:52] generateOTP.INFO: test [] []
[2021-02-19 14:20:40] generateOTP.INFO: test [] []
[2021-02-19 14:21:36] generateOTP.INFO: test [] []
[2021-02-19 14:21:40] generateOTP.INFO: test [] []
[2021-02-19 14:22:37] generateOTP.INFO: test [] []
[2021-02-19 14:24:09] generateOTP.INFO: test [] []
[2021-02-19 14:30:58] generateOTP.INFO: test [] []
[2021-02-19 14:33:10] generateOTP.INFO: test [] []
[2021-02-19 14:35:39] generateOTP.INFO: test [] []
[2021-02-19 14:43:38] generateOTP.INFO: test [] []
[2021-02-19 14:44:54] generateOTP.INFO: test [] []
[2021-02-19 14:45:01] generateOTP.INFO: test [] []
[2021-02-19 14:45:13] generateOTP.INFO: test [] []
[2021-02-19 14:55:42] generateOTP.INFO: test [] []
[2021-02-19 14:55:51] generateOTP.INFO: test [] []
[2021-02-19 14:56:04] generateOTP.INFO: test [] []
[2021-02-19 15:10:49] generateOTP.INFO: test [] []
[2021-02-19 15:10:51] generateOTP.INFO: test [] []
[2021-02-19 15:10:58] generateOTP.INFO: test [] []
[2021-02-19 15:12:13] generateOTP.INFO: test [] []
[2021-02-19 15:12:38] generateOTP.INFO: test [] []
[2021-02-19 15:24:07] generateOTP.INFO: test [] []
[2021-02-19 15:24:09] generateOTP.INFO: test [] []
[2021-02-19 15:24:28] generateOTP.INFO: test [] []
[2021-02-19 15:24:29] generateOTP.INFO: test [] []
[2021-02-19 15:24:39] generateOTP.INFO: test [] []
[2021-02-19 15:26:11] generateOTP.INFO: test [] []
[2021-02-19 15:26:12] generateOTP.INFO: test [] []
[2021-02-19 15:26:48] generateOTP.INFO: test [] []
[2021-02-19 15:29:19] generateOTP.INFO: test [] []
[2021-02-19 15:29:42] generateOTP.INFO: test [] []
[2021-02-19 15:32:17] generateOTP.INFO: test [] []
[2021-02-19 15:32:23] generateOTP.INFO: test [] []
[2021-02-19 15:32:37] generateOTP.INFO: test [] []
[2021-02-19 15:39:12] generateOTP.INFO: test [] []
[2021-02-19 15:39:12] generateOTP.INFO: test [] []
[2021-02-19 15:39:14] generateOTP.INFO: test [] []
[2021-02-19 15:39:23] generateOTP.INFO: test [] []
[2021-02-19 15:40:42] generateOTP.INFO: test [] []
[2021-02-19 15:43:41] generateOTP.INFO: test [] []
[2021-02-19 15:43:46] generateOTP.INFO: test [] []
[2021-02-19 15:43:53] generateOTP.INFO: test [] []
[2021-02-19 15:43:56] generateOTP.INFO: test [] []
[2021-02-19 15:43:59] generateOTP.INFO: test [] []
[2021-02-19 15:44:02] generateOTP.INFO: test [] []
[2021-02-19 15:44:07] generateOTP.INFO: test [] []
[2021-02-19 15:44:22] generateOTP.INFO: test [] []
[2021-02-19 15:44:45] generateOTP.INFO: test [] []
[2021-02-19 15:44:46] generateOTP.INFO: test [] []
[2021-02-19 15:44:50] generateOTP.INFO: test [] []
[2021-02-19 15:45:22] generateOTP.INFO: test [] []
[2021-02-19 16:26:11] generateOTP.INFO: test [] []
[2021-02-19 16:47:10] generateOTP.INFO: test [] []
[2021-02-19 16:47:11] generateOTP.INFO: test [] []
[2021-02-19 16:47:21] generateOTP.INFO: test [] []
[2021-02-19 16:48:09] generateOTP.INFO: test [] []
[2021-02-19 16:49:40] generateOTP.INFO: test [] []
[2021-02-19 16:49:42] generateOTP.INFO: test [] []
[2021-02-19 16:50:42] generateOTP.INFO: test [] []
[2021-02-19 16:50:44] generateOTP.INFO: test [] []
[2021-02-19 16:50:47] generateOTP.INFO: test [] []
[2021-02-19 16:50:48] generateOTP.INFO: test [] []
[2021-02-19 16:53:27] generateOTP.INFO: test [] []
[2021-02-19 16:53:55] generateOTP.INFO: test [] []
[2021-02-19 17:20:40] generateOTP.INFO: test [] []
[2021-02-19 17:21:15] generateOTP.INFO: test [] []
[2021-02-19 17:23:44] generateOTP.INFO: test [] []
[2021-02-19 17:38:53] generateOTP.INFO: test [] []
[2021-02-19 17:38:54] generateOTP.INFO: test [] []
[2021-02-19 17:38:54] generateOTP.INFO: test [] []
[2021-02-19 17:39:03] generateOTP.INFO: test [] []
[2021-02-19 17:39:24] generateOTP.INFO: test [] []
[2021-02-19 17:42:53] generateOTP.INFO: test [] []
[2021-02-19 17:44:02] generateOTP.INFO: test [] []
[2021-02-19 17:44:18] generateOTP.INFO: test [] []
[2021-02-19 17:44:37] generateOTP.INFO: test [] []
[2021-02-19 17:47:06] generateOTP.INFO: test [] []
[2021-02-19 17:47:14] generateOTP.INFO: test [] []
[2021-02-19 17:48:55] generateOTP.INFO: test [] []
[2021-02-19 17:56:40] generateOTP.INFO: test [] []
[2021-02-19 18:25:34] generateOTP.INFO: test [] []
[2021-02-19 18:25:36] generateOTP.INFO: test [] []
[2021-02-19 18:30:37] generateOTP.INFO: test [] []
[2021-02-19 18:31:21] generateOTP.INFO: test [] []
[2021-02-19 19:06:50] generateOTP.INFO: test [] []
[2021-02-19 20:20:40] generateOTP.INFO: test [] []
[2021-02-19 20:33:12] generateOTP.INFO: test [] []
[2021-02-19 20:40:00] generateOTP.INFO: test [] []
[2021-02-19 20:46:11] generateOTP.INFO: test [] []
[2021-02-19 20:46:39] generateOTP.INFO: test [] []
[2021-02-19 20:46:42] generateOTP.INFO: test [] []
[2021-02-19 20:46:45] generateOTP.INFO: test [] []
[2021-02-19 20:46:53] generateOTP.INFO: test [] []
[2021-02-19 20:49:28] generateOTP.INFO: test [] []
[2021-02-19 20:55:20] generateOTP.INFO: test [] []
[2021-02-19 20:59:37] generateOTP.INFO: test [] []
[2021-02-19 20:59:41] generateOTP.INFO: test [] []
[2021-02-19 21:19:28] generateOTP.INFO: test [] []
[2021-02-19 21:24:18] generateOTP.INFO: test [] []
[2021-02-19 21:28:54] generateOTP.INFO: test [] []
[2021-02-19 21:31:14] generateOTP.INFO: test [] []
[2021-02-19 21:31:21] generateOTP.INFO: test [] []
[2021-02-19 21:32:17] generateOTP.INFO: test [] []
[2021-02-19 21:32:20] generateOTP.INFO: test [] []
[2021-02-19 21:33:29] generateOTP.INFO: test [] []
[2021-02-19 21:33:36] generateOTP.INFO: test [] []
[2021-02-19 21:34:20] generateOTP.INFO: {"salutation":"1","firstname":"test","lastname":"BANKING","dob":"19-12-1988","mob_no":"7010444138","panCard":"XXXXXX456A","email":"jack@gmail.com","ref1":"1","ref2":"1","comAdd":"Om hrad ntalatiof, holOmshre, talathioficeeachol, OmshreeSada9talathi","city":"Illuppur","state":"TAMIL NADU","pin_code":"622103","ISNRI":"N","update_emp_id":"Z3VqQWo5Tno3VmtnWjdFUlBpb29Rdz09","edit":"0","policy_no":"470","subtype_text":"1","sum_insure":"5000000","anuual_income":"900000","occupation":"11","familyConstruct":"1A","family_members_id":"0","family_gender":"Male","first_name":"test","last_name":"BANKING","family_date_birth":"19-12-1988","age":"32","age_type":" years","tenure":"1 Year","family_id":"","s_date":"15-10-1991","marriage_date":"","premium":"12199","policyNo":"470","familyDataType":"undefined","empId":"Z3VqQWo5Tno3VmtnWjdFUlBpb29Rdz09","product":"test123abc","declare":"[]","gender":"Male","gci_options":"undefined","gpa_options":"No","hidden_policy_id":"470","hidden_deductable":"0"} [] []
[2021-02-19 21:34:25] generateOTP.INFO: test [] []
[2021-02-19 21:35:04] generateOTP.INFO: {"salutation":"1","firstname":"test","lastname":"BANKING","dob":"19-12-1988","mob_no":"7010444138","panCard":"XXXXXX456A","email":"jack@gmail.com","ref1":"1","ref2":"1","comAdd":"Om hrad ntalatiof, holOmshre, talathioficeeachol, OmshreeSada9talathi","city":"Illuppur","state":"TAMIL NADU","pin_code":"622103","ISNRI":"N","update_emp_id":"Z3VqQWo5Tno3VmtnWjdFUlBpb29Rdz09","edit":"0","policy_no":"470","subtype_text":"1","sum_insure":"5000000","anuual_income":"900000","occupation":"11","familyConstruct":"1A","family_members_id":"0","family_gender":"Male","first_name":"test","last_name":"BANKING","family_date_birth":"19-12-1988","age":"32","age_type":" years","tenure":"1 Year","family_id":"","s_date":"15-10-1991","marriage_date":"","premium":"12199","policyNo":"470","familyDataType":"undefined","empId":"Z3VqQWo5Tno3VmtnWjdFUlBpb29Rdz09","product":"test123abc","declare":"[]","gender":"Male","gci_options":"undefined","gpa_options":"No","hidden_policy_id":"470","hidden_deductable":"0"} [] []
[2021-02-19 21:36:10] generateOTP.INFO: test [] []
[2021-02-19 21:36:49] generateOTP.INFO: test [] []
[2021-02-19 21:36:56] generateOTP.INFO: test [] []
[2021-02-19 21:58:10] generateOTP.INFO: test [] []
[2021-02-19 21:58:17] generateOTP.INFO: test [] []
[2021-02-19 22:01:38] generateOTP.INFO: test [] []
[2021-02-19 22:01:41] generateOTP.INFO: test [] []
[2021-02-19 22:06:13] generateOTP.INFO: test [] []
[2021-02-19 22:12:28] generateOTP.INFO: test [] []
[2021-02-19 22:17:28] generateOTP.INFO: test [] []
[2021-02-19 22:19:25] generateOTP.INFO: test [] []
[2021-02-19 22:21:41] generateOTP.INFO: test [] []
[2021-02-19 22:23:00] generateOTP.INFO: test [] []
[2021-02-19 22:23:35] generateOTP.INFO: {"salutation":"1","firstname":"test","lastname":"BANKING","dob":"19-12-1988","mob_no":"7010444138","panCard":"XXXXXX456A","email":"jack@gmail.com","ref1":"1","ref2":"1","comAdd":"Om hrad ntalatiof, holOmshre, talathioficeeachol, OmshreeSada9talathi","city":"Illuppur","state":"TAMIL NADU","pin_code":"622103","ISNRI":"N","update_emp_id":"Z3VqQWo5Tno3VmtnWjdFUlBpb29Rdz09","edit":"0","policy_no":"470","subtype_text":"1","sum_insure":"5000000","anuual_income":"900000","occupation":"11","familyConstruct":"1A+2K","family_members_id":"0","family_gender":"Male","first_name":"test","last_name":"BANKING","family_date_birth":"19-12-1988","age":"32","age_type":" years","tenure":"1 Year","family_id":"","s_date":"15-10-1991","marriage_date":"","premium":"26398","policyNo":"470","familyDataType":"undefined","empId":"Z3VqQWo5Tno3VmtnWjdFUlBpb29Rdz09","product":"test123abc","declare":"[]","gender":"Male","gci_options":"undefined","gpa_options":"No","hidden_policy_id":"470","hidden_deductable":"0"} [] []
[2021-02-19 22:23:46] generateOTP.INFO: {"salutation":"1","firstname":"test","lastname":"BANKING","dob":"19-12-1988","mob_no":"7010444138","panCard":"XXXXXX456A","email":"jack@gmail.com","ref1":"1","ref2":"1","comAdd":"Om hrad ntalatiof, holOmshre, talathioficeeachol, OmshreeSada9talathi","city":"Illuppur","state":"TAMIL NADU","pin_code":"622103","ISNRI":"N","update_emp_id":"Z3VqQWo5Tno3VmtnWjdFUlBpb29Rdz09","edit":"0","policy_no":"470","subtype_text":"1","sum_insure":"5000000","anuual_income":"900000","occupation":"11","familyConstruct":"1A+2K","family_members_id":"2","family_gender":"Male","first_name":"testone","last_name":"","family_date_birth":"15-04-2008","age":"12","age_type":" years","tenure":"1 Year","family_id":"","s_date":"15-10-1991","marriage_date":"","premium":"26398","policyNo":"470","familyDataType":"undefined","empId":"Z3VqQWo5Tno3VmtnWjdFUlBpb29Rdz09","product":"test123abc","declare":"[]","gender":"Male","gci_options":"undefined","gpa_options":"No","hidden_policy_id":"470","hidden_deductable":"0"} [] []
[2021-02-19 22:24:01] generateOTP.INFO: {"salutation":"1","firstname":"test","lastname":"BANKING","dob":"19-12-1988","mob_no":"7010444138","panCard":"XXXXXX456A","email":"jack@gmail.com","ref1":"1","ref2":"1","comAdd":"Om hrad ntalatiof, holOmshre, talathioficeeachol, OmshreeSada9talathi","city":"Illuppur","state":"TAMIL NADU","pin_code":"622103","ISNRI":"N","update_emp_id":"Z3VqQWo5Tno3VmtnWjdFUlBpb29Rdz09","edit":"0","policy_no":"470","subtype_text":"1","sum_insure":"5000000","anuual_income":"900000","occupation":"11","familyConstruct":"1A+2K","family_members_id":"2","family_gender":"Male","first_name":"testtwo","last_name":"","family_date_birth":"27-05-2013","age":"7","age_type":" years","tenure":"1 Year","family_id":"","s_date":"15-10-1991","marriage_date":"","premium":"26398","policyNo":"470","familyDataType":"undefined","empId":"Z3VqQWo5Tno3VmtnWjdFUlBpb29Rdz09","product":"test123abc","declare":"[]","gender":"Male","gci_options":"undefined","gpa_options":"No","hidden_policy_id":"470","hidden_deductable":"0"} [] []
[2021-02-19 22:24:29] generateOTP.INFO: test [] []
[2021-02-19 22:26:45] generateOTP.INFO: test [] []
