[2019-12-19 11:32:18] generateOTP.INFO: test [] []
[2019-12-19 11:32:19] generateOTP.INFO: test [] []
[2019-12-19 11:32:19] generateOTP.INFO: test [] []
[2019-12-19 11:32:26] generateOTP.INFO: test [] []
[2019-12-19 11:32:26] generateOTP.INFO: test [] []
[2019-12-19 11:32:26] generateOTP.INFO: test [] []
[2019-12-19 11:32:26] generateOTP.INFO: test [] []
[2019-12-19 11:38:29] generateOTP.INFO: {"edit":"0","policy_no":"378","subtype_text":"1","sum_insure":"800000","familyConstruct":"1A","tenure":"1 Year","premium":"5799","family_members_id":"0","family_gender":"Male","first_name":"smita","last_name":"mohite","family_date_birth":"16-12-1981","age":"38","age_type":"years","family_id":"","s_date":"","marriage_date":"","premium_parent":"","contri_parent":"","policyNo":"378","familyDataType":"undefined","empId":"619655","product":"QBTv5db9151ad1c21","declare":"[]"} [] []
[2019-12-19 11:42:31] generateOTP.INFO: test [] []
[2019-12-19 11:42:39] generateOTP.INFO: test [] []
[2019-12-19 11:42:42] generateOTP.INFO: test [] []
[2019-12-19 11:42:44] generateOTP.INFO: test [] []
[2019-12-19 11:42:48] generateOTP.INFO: test [] []
[2019-12-19 11:44:37] generateOTP.INFO: test [] []
[2019-12-19 11:46:41] generateOTP.INFO: test [] []
[2019-12-19 11:47:28] generateOTP.INFO: test [] []
[2019-12-19 11:47:29] generateOTP.INFO: test [] []
[2019-12-19 11:47:30] generateOTP.INFO: test [] []
[2019-12-19 11:47:32] generateOTP.INFO: test [] []
[2019-12-19 11:48:01] generateOTP.INFO: test [] []
[2019-12-19 11:49:28] generateOTP.INFO: test [] []
[2019-12-19 11:50:44] generateOTP.INFO: test [] []
[2019-12-19 11:50:51] generateOTP.INFO: test [] []
[2019-12-19 11:51:07] generateOTP.INFO: test [] []
[2019-12-19 11:51:09] generateOTP.INFO: test [] []
[2019-12-19 11:57:22] generateOTP.INFO: test [] []
[2019-12-19 11:57:26] generateOTP.INFO: test [] []
[2019-12-19 11:57:27] generateOTP.INFO: test [] []
[2019-12-19 11:57:27] generateOTP.INFO: test [] []
[2019-12-19 11:59:22] generateOTP.INFO: test [] []
[2019-12-19 11:59:46] generateOTP.INFO: test [] []
[2019-12-19 12:00:07] generateOTP.INFO: test [] []
[2019-12-19 12:00:40] generateOTP.INFO: test [] []
[2019-12-19 12:06:26] generateOTP.INFO: test [] []
[2019-12-19 12:14:31] generateOTP.INFO: test [] []
[2019-12-19 12:14:31] generateOTP.INFO: test [] []
[2019-12-19 12:14:31] generateOTP.INFO: test [] []
[2019-12-19 12:16:15] generateOTP.INFO: test [] []
[2019-12-19 12:16:15] generateOTP.INFO: test [] []
[2019-12-19 12:16:15] generateOTP.INFO: test [] []
[2019-12-19 12:21:21] generateOTP.INFO: test [] []
[2019-12-19 12:21:23] generateOTP.INFO: test [] []
[2019-12-19 12:30:00] easy_pay_confirmation_post_field.INFO: {"Identifier":"1FECC19822C862A48D2E21DD30C8915B956C4EEAEA8110E23507C5D9949A7FF0B51695AA1B4B0D2F3D8818341A031522CD89B231F45DB4857C2D7CBD817F12A4","RequestUUID":"ABCD1133213","LeadId":"12345678","RequestDateTime":"2019-06-17 23:59:59","TransactionNo":"SDF234234","TransatonAmount":"11900.0016","ChequeDate":"","Status":"1","CorporateCode":"ACC0123456","PaymentFlag":"000","MICRNumber":"23424323","InstrumentNo":"","BankName":"AXIS BANK","BranchName":"chennai","IFSCCode":"UTIB0000016","ChequeType":"","AccountNumber":"9170100000000329","EasyPayId":"260618000044","ProductName":"Axis Freedom Plus","AdditionalEasyPayId":"","AdditionalField1":"","AdditionalField2":"","AdditionalField3":"","AdditionalField4":"","PaymentType":"FP"} [] []
[2019-12-19 12:30:01] easy_pay_confirmation_post_field.INFO: {"Identifier":"1FECC19822C862A48D2E21DD30C8915B956C4EEAEA8110E23507C5D9949A7FF0B51695AA1B4B0D2F3D8818341A031522CD89B231F45DB4857C2D7CBD817F12A4","RequestUUID":"ABCD1133213","LeadId":"12345678","RequestDateTime":"2019-06-17 23:59:59","TransactionNo":"SDF234234","TransatonAmount":"11900.0016","ChequeDate":"","Status":"1","CorporateCode":"ACC0123456","PaymentFlag":"000","MICRNumber":"23424323","InstrumentNo":"","BankName":"AXIS BANK","BranchName":"chennai","IFSCCode":"UTIB0000016","ChequeType":"","AccountNumber":"9170100000000329","EasyPayId":"260618000044","ProductName":"Axis Freedom Plus","AdditionalEasyPayId":"","AdditionalField1":"","AdditionalField2":"","AdditionalField3":"","AdditionalField4":"","PaymentType":"FP"} [] []
[2019-12-19 12:30:02] easy_pay_confirmation_post_field.INFO: {"Identifier":"1FECC19822C862A48D2E21DD30C8915B956C4EEAEA8110E23507C5D9949A7FF0B51695AA1B4B0D2F3D8818341A031522CD89B231F45DB4857C2D7CBD817F12A4","RequestUUID":"ABCD1133213","LeadId":"12345678","RequestDateTime":"2019-06-17 23:59:59","TransactionNo":"SDF234234","TransatonAmount":"11900.0016","ChequeDate":"","Status":"1","CorporateCode":"ACC0123456","PaymentFlag":"000","MICRNumber":"23424323","InstrumentNo":"","BankName":"AXIS BANK","BranchName":"chennai","IFSCCode":"UTIB0000016","ChequeType":"","AccountNumber":"9170100000000329","EasyPayId":"260618000044","ProductName":"Axis Freedom Plus","AdditionalEasyPayId":"","AdditionalField1":"","AdditionalField2":"","AdditionalField3":"","AdditionalField4":"","PaymentType":"FP"} [] []
[2019-12-19 12:30:50] easy_pay_confirmation_post_field.INFO: {"Identifier":"1FECC19822C862A48D2E21DD30C8915B956C4EEAEA8110E23507C5D9949A7FF0B51695AA1B4B0D2F3D8818341A031522CD89B231F45DB4857C2D7CBD817F12A4","RequestUUID":"ABCD1133213","LeadId":"12345678","RequestDateTime":"2019-06-17 23:59:59","TransactionNo":"SDF234234","TransatonAmount":"11900.0016","ChequeDate":"","Status":"1","CorporateCode":"ACC0123456","PaymentFlag":"000","MICRNumber":"23424323","InstrumentNo":"","BankName":"AXIS BANK","BranchName":"chennai","IFSCCode":"UTIB0000016","ChequeType":"","AccountNumber":"9170100000000329","EasyPayId":"260618000044","ProductName":"Axis Freedom Plus","AdditionalEasyPayId":"","AdditionalField1":"","AdditionalField2":"","AdditionalField3":"","AdditionalField4":"","PaymentType":"FP"} [] []
[2019-12-19 12:31:21] easy_pay_confirmation_post_field.INFO: {"Identifier":"1FECC19822C862A48D2E21DD30C8915B956C4EEAEA8110E23507C5D9949A7FF0B51695AA1B4B0D2F3D8818341A031522CD89B231F45DB4857C2D7CBD817F12A4","RequestUUID":"ABCD1133213","LeadId":"12345678","RequestDateTime":"2019-06-17 23:59:59","TransactionNo":"SDF234234","TransatonAmount":"11900.0016","ChequeDate":"","Status":"1","CorporateCode":"ACC0123456","PaymentFlag":"000","MICRNumber":"23424323","InstrumentNo":"","BankName":"AXIS BANK","BranchName":"chennai","IFSCCode":"UTIB0000016","ChequeType":"","AccountNumber":"9170100000000329","EasyPayId":"260618000044","ProductName":"Axis Freedom Plus","AdditionalEasyPayId":"","AdditionalField1":"","AdditionalField2":"","AdditionalField3":"","AdditionalField4":"","PaymentType":"FP"} [] []
[2019-12-19 12:31:21] get_all_data_api_post_field.INFO: {"emp_id":"619651","policy_no":"378","parent_id":"QBTv5db9151ad1c21"} [] []
[2019-12-19 12:31:21] full_quote_request1.INFO: {"ClientCreation":{"Member_Customer_ID":null,"salutation":"1","firstName":"asd","middleName":"","lastName":"dasd","dateofBirth":"12\/12\/2001","gender":"M","educationalQualification":null,"pinCode":null,"uidNo":"111111111111","maritalStatus":null,"nationality":"Indian","occupation":"O553","primaryEmailID":"smsonali1994@gmail.com","contactMobileNo":"9930115509","stdLandlineNo":null,"panNo":null,"passportNumber":null,"contactPerson":null,"annualIncome":null,"remarks":null,"startDate":"2019-12-19","endDate":null,"IdProof":"Adhaar Card","residenceProof":null,"ageProof":null,"others":null,"homeAddressLine1":null,"homeAddressLine2":null,"homeAddressLine3":null,"homePinCode":null,"homeArea":null,"homeContactMobileNo":null,"homeContactMobileNo2":null,"homeSTDLandlineNo":null,"homeFaxNo":null,"sameAsHomeAddress":"1","mailingAddressLine1":null,"mailingAddressLine2":null,"mailingAddressLine3":null,"mailingPinCode":null,"mailingArea":null,"mailingContactMobileNo":null,"mailingContactMobileNo2":null,"mailingSTDLandlineNo":null,"mailingSTDLandlineNo2":null,"mailingFaxNo":null,"bankAccountType":null,"bankAccountNo":null,"ifscCode":null,"GSTIN":null,"GSTRegistrationStatus":"Consumers","IsEIAavailable":"0","ApplyEIA":"0","EIAAccountNo":null,"EIAWith":"0","AccountType":null,"AddressProof":null,"DOBProof":null,"IdentityProof":null},"PolicyCreationRequest":{"Quotation_Number":"","MasterPolicyNumber":null,"GroupID":null,"Product_Code":"4211","intermediaryCode":null,"AutoRenewal":"Y","intermediaryBranchCode":"10MHMUM01","agentSignatureDate":null,"Customer_Signature_Date":null,"businessSourceChannel":null,"AssignPolicy":"0","AssigneeName":null,"leadID":null,"Source_Name":"AXIS_GHI","SPID":null,"TCN":null,"CRTNO":null,"RefCode1":"asd","RefCode2":"asd","Employee_Number":null,"enumIsEmployeeDiscount":null,"QuoteDate":null,"IsPayment":"0","PaymentMode":null,"PolicyproductComponents":[{"PlanCode":"4211","SumInsured":null,"SchemeCode":"4112000003"}]},"MemObj":{"Member":[{"MemberNo":1,"Salutation":"Mr","First_Name":"asd","Middle_Name":null,"Last_Name":"dasd","Gender":"M","DateOfBirth":"12\/12\/2001","Relation_Code":"R001","Marital_Status":null,"height":"0.00","weight":"0","occupation":"O553","PrimaryMember":"Y","MemberproductComponents":[{"PlanCode":"4211","MemberQuestionDetails":[{"QuestionCode":null,"Answer":null,"Remarks":null}]}],"MemberPED":{"PEDCode":null,"Remarks":null},"exactDiagnosis":null,"dateOfDiagnosis":null,"lastDateConsultation":null,"detailsOfTreatmentGiven":null,"doctorName":null,"hospitalName":null,"phoneNumberHosital":null,"Nominee_First_Name":"asd","Nominee_Last_Name":"asd","Nominee_Contact_Number":"9899999999","Nominee_Home_Address":null,"Nominee_Relationship_Code":"R004"}]},"ReceiptCreation":{"officeLocation":"","modeOfEntry":"","cdAcNo":null,"expiryDate":null,"payerType":"","payerCode":null,"paymentBy":"","paymentByName":null,"paymentByRelationship":null,"collectionAmount":"","collectionRcvdDate":null,"collectionMode":"","remarks":null,"instrumentNumber":null,"instrumentDate":null,"bankName":null,"branchName":null,"bankLocation":null,"micrNo":null,"chequeType":null,"ifscCode":"","PaymentGatewayName":"","TerminalID":"","CardNo":null}} [] []
[2019-12-19 12:31:22] full_quote_reponse1.INFO: "{\"Message\":\"System.Net.WebException: (500) Internal Server Error   at Microsoft.BizTalk.Adapter.Wcf.Runtime.WcfClient`2.RequestCallback(IAsyncResult result)\"}" [] []
[2019-12-19 12:32:10] easy_pay_confirmation_post_field.INFO: {"Identifier":"1FECC19822C862A48D2E21DD30C8915B956C4EEAEA8110E23507C5D9949A7FF0B51695AA1B4B0D2F3D8818341A031522CD89B231F45DB4857C2D7CBD817F12A4","RequestUUID":"ABCD1133213","LeadId":"12345678","RequestDateTime":"2019-06-17 23:59:59","TransactionNo":"SDF234234","TransatonAmount":"11900.0016","ChequeDate":"","Status":"1","CorporateCode":"ACC0123456","PaymentFlag":"000","MICRNumber":"23424323","InstrumentNo":"","BankName":"AXIS BANK","BranchName":"chennai","IFSCCode":"UTIB0000016","ChequeType":"","AccountNumber":"9170100000000329","EasyPayId":"260618000044","ProductName":"Axis Freedom Plus","AdditionalEasyPayId":"","AdditionalField1":"","AdditionalField2":"","AdditionalField3":"","AdditionalField4":"","PaymentType":"FP"} [] []
[2019-12-19 12:32:10] get_all_data_api_post_field.INFO: {"emp_id":"619651","policy_no":"378","parent_id":"QBTv5db9151ad1c21"} [] []
[2019-12-19 12:32:10] full_quote_request1.INFO: {"ClientCreation":{"Member_Customer_ID":null,"salutation":"1","firstName":"asd","middleName":"","lastName":"dasd","dateofBirth":"12\/12\/2001","gender":"M","educationalQualification":null,"pinCode":null,"uidNo":"111111111111","maritalStatus":null,"nationality":"Indian","occupation":"O553","primaryEmailID":"smsonali1994@gmail.com","contactMobileNo":"9930115509","stdLandlineNo":null,"panNo":null,"passportNumber":null,"contactPerson":null,"annualIncome":null,"remarks":null,"startDate":"2019-12-19","endDate":null,"IdProof":"Adhaar Card","residenceProof":null,"ageProof":null,"others":null,"homeAddressLine1":null,"homeAddressLine2":null,"homeAddressLine3":null,"homePinCode":null,"homeArea":null,"homeContactMobileNo":null,"homeContactMobileNo2":null,"homeSTDLandlineNo":null,"homeFaxNo":null,"sameAsHomeAddress":"1","mailingAddressLine1":null,"mailingAddressLine2":null,"mailingAddressLine3":null,"mailingPinCode":null,"mailingArea":null,"mailingContactMobileNo":null,"mailingContactMobileNo2":null,"mailingSTDLandlineNo":null,"mailingSTDLandlineNo2":null,"mailingFaxNo":null,"bankAccountType":null,"bankAccountNo":null,"ifscCode":null,"GSTIN":null,"GSTRegistrationStatus":"Consumers","IsEIAavailable":"0","ApplyEIA":"0","EIAAccountNo":null,"EIAWith":"0","AccountType":null,"AddressProof":null,"DOBProof":null,"IdentityProof":null},"PolicyCreationRequest":{"Quotation_Number":"","MasterPolicyNumber":null,"GroupID":null,"Product_Code":"4211","intermediaryCode":null,"AutoRenewal":"Y","intermediaryBranchCode":"10MHMUM01","agentSignatureDate":null,"Customer_Signature_Date":null,"businessSourceChannel":null,"AssignPolicy":"0","AssigneeName":null,"leadID":null,"Source_Name":"AXIS_GHI","SPID":null,"TCN":null,"CRTNO":null,"RefCode1":"asd","RefCode2":"asd","Employee_Number":null,"enumIsEmployeeDiscount":null,"QuoteDate":null,"IsPayment":"0","PaymentMode":null,"PolicyproductComponents":[{"PlanCode":"4211","SumInsured":null,"SchemeCode":"4112000003"}]},"MemObj":{"Member":[{"MemberNo":1,"Salutation":"Mr","First_Name":"asd","Middle_Name":null,"Last_Name":"dasd","Gender":"M","DateOfBirth":"12\/12\/2001","Relation_Code":"R001","Marital_Status":null,"height":"0.00","weight":"0","occupation":"O553","PrimaryMember":"Y","MemberproductComponents":[{"PlanCode":"4211","MemberQuestionDetails":[{"QuestionCode":null,"Answer":null,"Remarks":null}]}],"MemberPED":{"PEDCode":null,"Remarks":null},"exactDiagnosis":null,"dateOfDiagnosis":null,"lastDateConsultation":null,"detailsOfTreatmentGiven":null,"doctorName":null,"hospitalName":null,"phoneNumberHosital":null,"Nominee_First_Name":"asd","Nominee_Last_Name":"asd","Nominee_Contact_Number":"9899999999","Nominee_Home_Address":null,"Nominee_Relationship_Code":"R004"}]},"ReceiptCreation":{"officeLocation":"","modeOfEntry":"","cdAcNo":null,"expiryDate":null,"payerType":"","payerCode":null,"paymentBy":"","paymentByName":null,"paymentByRelationship":null,"collectionAmount":"","collectionRcvdDate":null,"collectionMode":"","remarks":null,"instrumentNumber":null,"instrumentDate":null,"bankName":null,"branchName":null,"bankLocation":null,"micrNo":null,"chequeType":null,"ifscCode":"","PaymentGatewayName":"","TerminalID":"","CardNo":null}} [] []
[2019-12-19 12:32:11] full_quote_reponse1.INFO: "{\"Message\":\"System.Net.WebException: (500) Internal Server Error   at Microsoft.BizTalk.Adapter.Wcf.Runtime.WcfClient`2.RequestCallback(IAsyncResult result)\"}" [] []
[2019-12-19 12:35:30] generateOTP.INFO: test [] []
[2019-12-19 12:38:00] generateOTP.INFO: test [] []
[2019-12-19 12:38:00] generateOTP.INFO: test [] []
[2019-12-19 14:29:11] generateOTP.INFO: test [] []
[2019-12-19 14:29:12] generateOTP.INFO: test [] []
[2019-12-19 14:29:22] generateOTP.INFO: test [] []
[2019-12-19 14:29:22] generateOTP.INFO: test [] []
[2019-12-19 14:30:00] generateOTP.INFO: test [] []
[2019-12-19 14:30:00] generateOTP.INFO: test [] []
[2019-12-19 14:31:03] generateOTP.INFO: test [] []
[2019-12-19 14:31:03] generateOTP.INFO: test [] []
[2019-12-19 14:31:08] generateOTP.INFO: test [] []
[2019-12-19 14:31:35] generateOTP.INFO: test [] []
[2019-12-19 14:31:45] generateOTP.INFO: test [] []
[2019-12-19 14:31:48] generateOTP.INFO: test [] []
[2019-12-19 14:32:35] generateOTP.INFO: test [] []
[2019-12-19 14:32:47] generateOTP.INFO: test [] []
[2019-12-19 14:32:48] generateOTP.INFO: test [] []
[2019-12-19 14:33:18] generateOTP.INFO: test [] []
[2019-12-19 14:33:19] generateOTP.INFO: test [] []
[2019-12-19 14:33:39] generateOTP.INFO: test [] []
[2019-12-19 14:33:41] generateOTP.INFO: test [] []
[2019-12-19 14:33:41] generateOTP.INFO: test [] []
[2019-12-19 14:33:42] generateOTP.INFO: test [] []
[2019-12-19 14:33:49] generateOTP.INFO: test [] []
[2019-12-19 14:33:49] generateOTP.INFO: test [] []
[2019-12-19 14:33:50] generateOTP.INFO: test [] []
[2019-12-19 14:34:09] generateOTP.INFO: test [] []
[2019-12-19 14:34:12] generateOTP.INFO: test [] []
[2019-12-19 14:34:17] generateOTP.INFO: test [] []
[2019-12-19 14:34:21] generateOTP.INFO: test [] []
[2019-12-19 14:34:41] generateOTP.INFO: test [] []
[2019-12-19 14:34:41] generateOTP.INFO: test [] []
[2019-12-19 14:34:42] generateOTP.INFO: test [] []
[2019-12-19 14:34:51] generateOTP.INFO: test [] []
[2019-12-19 14:34:51] generateOTP.INFO: test [] []
[2019-12-19 14:34:51] generateOTP.INFO: test [] []
[2019-12-19 14:40:20] generateOTP.INFO: test [] []
[2019-12-19 14:40:20] generateOTP.INFO: test [] []
[2019-12-19 14:40:20] generateOTP.INFO: test [] []
[2019-12-19 14:43:21] generateOTP.INFO: test [] []
[2019-12-19 14:43:21] generateOTP.INFO: test [] []
[2019-12-19 14:43:22] generateOTP.INFO: test [] []
[2019-12-19 14:52:56] generateOTP.INFO: test [] []
[2019-12-19 14:53:02] generateOTP.INFO: test [] []
[2019-12-19 14:53:15] generateOTP.INFO: test [] []
[2019-12-19 14:54:09] generateOTP.INFO: test [] []
[2019-12-19 14:54:09] generateOTP.INFO: test [] []
[2019-12-19 14:54:24] generateOTP.INFO: test [] []
[2019-12-19 14:54:25] generateOTP.INFO: test [] []
[2019-12-19 14:54:40] generateOTP.INFO: test [] []
[2019-12-19 14:54:40] generateOTP.INFO: test [] []
[2019-12-19 15:01:11] generateOTP.INFO: test [] []
[2019-12-19 15:01:18] generateOTP.INFO: test [] []
[2019-12-19 15:01:18] generateOTP.INFO: test [] []
[2019-12-19 15:01:18] generateOTP.INFO: test [] []
[2019-12-19 15:01:18] generateOTP.INFO: test [] []
[2019-12-19 15:01:25] generateOTP.INFO: test [] []
[2019-12-19 15:01:26] generateOTP.INFO: test [] []
[2019-12-19 15:01:32] generateOTP.INFO: test [] []
[2019-12-19 15:01:32] generateOTP.INFO: test [] []
[2019-12-19 15:01:32] generateOTP.INFO: test [] []
[2019-12-19 15:01:32] generateOTP.INFO: test [] []
[2019-12-19 15:02:40] generateOTP.INFO: {"edit":"0","policy_no":"378","subtype_text":"1","sum_insure":"800000","familyConstruct":"1A","tenure":"1 Year","premium":"5799","family_members_id":"0","family_gender":"Male","first_name":"sawer","last_name":"gfdg","family_date_birth":"08-12-1982","age":"37","age_type":"years","family_id":"","s_date":"","marriage_date":"","premium_parent":"","contri_parent":"","policyNo":"378","familyDataType":"undefined","empId":"619657","product":"QBTv5db9151ad1c21","declare":"[]"} [] []
[2019-12-19 15:17:17] generateOTP.INFO: test [] []
[2019-12-19 15:17:17] generateOTP.INFO: test [] []
[2019-12-19 15:17:17] generateOTP.INFO: test [] []
[2019-12-19 15:17:17] generateOTP.INFO: test [] []
[2019-12-19 15:17:41] generateOTP.INFO: test [] []
[2019-12-19 15:17:42] generateOTP.INFO: test [] []
[2019-12-19 15:17:42] generateOTP.INFO: test [] []
[2019-12-19 15:17:42] generateOTP.INFO: test [] []
[2019-12-19 15:17:51] generateOTP.INFO: test [] []
[2019-12-19 15:17:51] generateOTP.INFO: test [] []
[2019-12-19 15:17:51] generateOTP.INFO: test [] []
[2019-12-19 15:17:51] generateOTP.INFO: test [] []
[2019-12-19 15:17:58] generateOTP.INFO: test [] []
[2019-12-19 15:17:59] generateOTP.INFO: test [] []
[2019-12-19 15:18:05] generateOTP.INFO: test [] []
[2019-12-19 15:18:05] generateOTP.INFO: test [] []
[2019-12-19 15:18:05] generateOTP.INFO: test [] []
[2019-12-19 15:18:05] generateOTP.INFO: test [] []
[2019-12-19 15:18:40] generateOTP.INFO: test [] []
[2019-12-19 15:18:41] generateOTP.INFO: test [] []
[2019-12-19 15:18:47] generateOTP.INFO: test [] []
[2019-12-19 15:18:47] generateOTP.INFO: test [] []
[2019-12-19 15:18:47] generateOTP.INFO: test [] []
[2019-12-19 15:18:47] generateOTP.INFO: test [] []
[2019-12-19 15:18:55] generateOTP.INFO: test [] []
[2019-12-19 15:18:55] generateOTP.INFO: test [] []
[2019-12-19 15:18:55] generateOTP.INFO: test [] []
[2019-12-19 15:18:55] generateOTP.INFO: test [] []
[2019-12-19 15:19:03] generateOTP.INFO: test [] []
[2019-12-19 15:19:03] generateOTP.INFO: test [] []
[2019-12-19 15:19:03] generateOTP.INFO: test [] []
[2019-12-19 15:19:03] generateOTP.INFO: test [] []
[2019-12-19 15:19:55] generateOTP.INFO: test [] []
[2019-12-19 15:19:55] generateOTP.INFO: test [] []
[2019-12-19 15:19:55] generateOTP.INFO: test [] []
[2019-12-19 15:19:55] generateOTP.INFO: test [] []
[2019-12-19 15:20:12] generateOTP.INFO: test [] []
[2019-12-19 15:20:12] generateOTP.INFO: test [] []
[2019-12-19 15:20:12] generateOTP.INFO: test [] []
[2019-12-19 15:20:12] generateOTP.INFO: test [] []
[2019-12-19 15:20:23] generateOTP.INFO: test [] []
[2019-12-19 15:20:23] generateOTP.INFO: test [] []
[2019-12-19 15:20:23] generateOTP.INFO: test [] []
[2019-12-19 15:20:23] generateOTP.INFO: test [] []
[2019-12-19 15:20:26] generateOTP.INFO: test [] []
[2019-12-19 15:20:26] generateOTP.INFO: test [] []
[2019-12-19 15:20:26] generateOTP.INFO: test [] []
[2019-12-19 15:20:26] generateOTP.INFO: test [] []
[2019-12-19 15:21:04] generateOTP.INFO: test [] []
[2019-12-19 15:21:04] generateOTP.INFO: test [] []
[2019-12-19 15:21:04] generateOTP.INFO: test [] []
[2019-12-19 15:21:04] generateOTP.INFO: test [] []
[2019-12-19 15:21:07] generateOTP.INFO: test [] []
[2019-12-19 15:21:41] generateOTP.INFO: test [] []
[2019-12-19 15:21:41] generateOTP.INFO: test [] []
[2019-12-19 15:21:41] generateOTP.INFO: test [] []
[2019-12-19 15:21:41] generateOTP.INFO: test [] []
[2019-12-19 15:27:13] generateOTP.INFO: test [] []
[2019-12-19 15:27:13] generateOTP.INFO: test [] []
[2019-12-19 15:27:13] generateOTP.INFO: test [] []
[2019-12-19 15:27:13] generateOTP.INFO: test [] []
[2019-12-19 15:27:29] generateOTP.INFO: test [] []
[2019-12-19 15:27:30] generateOTP.INFO: test [] []
[2019-12-19 15:27:35] generateOTP.INFO: test [] []
[2019-12-19 15:27:36] generateOTP.INFO: test [] []
[2019-12-19 15:27:36] generateOTP.INFO: test [] []
[2019-12-19 15:27:36] generateOTP.INFO: test [] []
[2019-12-19 15:28:15] generateOTP.INFO: test [] []
[2019-12-19 15:28:15] generateOTP.INFO: test [] []
[2019-12-19 15:28:15] generateOTP.INFO: test [] []
[2019-12-19 15:28:15] generateOTP.INFO: test [] []
[2019-12-19 15:34:14] generateOTP.INFO: test [] []
[2019-12-19 15:34:59] generateOTP.INFO: test [] []
[2019-12-19 15:35:00] generateOTP.INFO: test [] []
[2019-12-19 15:35:09] generateOTP.INFO: test [] []
[2019-12-19 15:35:09] generateOTP.INFO: test [] []
[2019-12-19 15:35:09] generateOTP.INFO: test [] []
[2019-12-19 15:35:09] generateOTP.INFO: test [] []
[2019-12-19 15:35:16] generateOTP.INFO: test [] []
[2019-12-19 15:35:17] generateOTP.INFO: test [] []
[2019-12-19 15:36:55] generateOTP.INFO: test [] []
[2019-12-19 15:36:55] generateOTP.INFO: test [] []
[2019-12-19 15:37:16] generateOTP.INFO: {"edit":"0","policy_no":"378","subtype_text":"1","sum_insure":"800000","familyConstruct":"1A","tenure":"1 Year","premium":"5799","family_members_id":"0","family_gender":"Female","first_name":"swati","last_name":"chavan","family_date_birth":"23-12-1981","age":"37","age_type":"years","family_id":"","s_date":"","marriage_date":"","premium_parent":"","contri_parent":"","policyNo":"378","familyDataType":"undefined","empId":"619658","product":"QBTv5db9151ad1c21","declare":"[]"} [] []
[2019-12-19 15:37:47] generateOTP.INFO: test [] []
[2019-12-19 15:37:51] generateOTP.INFO: test [] []
[2019-12-19 15:37:53] generateOTP.INFO: test [] []
[2019-12-19 15:37:55] generateOTP.INFO: test [] []
[2019-12-19 15:37:55] generateOTP.INFO: test [] []
[2019-12-19 15:41:22] generateOTP.INFO: test [] []
[2019-12-19 15:41:27] generateOTP.INFO: test [] []
[2019-12-19 15:42:02] generateOTP.INFO: test [] []
[2019-12-19 15:42:02] generateOTP.INFO: test [] []
[2019-12-19 15:46:08] generateOTP.INFO: test [] []
[2019-12-19 15:46:08] generateOTP.INFO: test [] []
[2019-12-19 15:46:08] generateOTP.INFO: test [] []
[2019-12-19 15:46:08] generateOTP.INFO: test [] []
[2019-12-19 15:48:02] generateOTP.INFO: {"edit":"0","policy_no":"378","subtype_text":"1","sum_insure":"800000","familyConstruct":"1A","tenure":"1 Year","premium":"5799","family_members_id":"0","family_gender":"Male","first_name":"dfd","last_name":"dfd","family_date_birth":"16-12-2001","age":"18","age_type":"years","family_id":"","s_date":"","marriage_date":"","premium_parent":"","contri_parent":"","policyNo":"378","familyDataType":"undefined","empId":"619659","product":"QBTv5db9151ad1c21","declare":"[]"} [] []
[2019-12-19 15:53:35] generateOTP.INFO: {"edit":"0","subtype_text":"3","policy_no":"379","sum_insure":"500000","familyConstruct":"1A","tenure":"1 Year","premium":"2099","family_members_id":"0","family_gender":"Male","first_name":"dfd","last_name":"dfd","family_date_birth":"16-12-2001","age":"18","age_type":"years","family_id":"","s_date":"","marriage_date":"","premium_parent":"","contri_parent":"","policyNo":"379","familyDataType":"family_construct","product":"QBTv5db9151ad1c21","empId":"619659"} [] []
[2019-12-19 15:54:40] generateOTP.INFO: test [] []
[2019-12-19 15:56:56] generateOTP.INFO: test [] []
[2019-12-19 15:57:41] generateOTP.INFO: test [] []
[2019-12-19 16:00:29] generateOTP.INFO: test [] []
[2019-12-19 16:01:05] generateOTP.INFO: test [] []
[2019-12-19 16:01:18] generateOTP.INFO: test [] []
[2019-12-19 16:01:25] generateOTP.INFO: test [] []
[2019-12-19 16:02:56] generateOTP.INFO: test [] []
[2019-12-19 16:03:35] generateOTP.INFO: test [] []
[2019-12-19 16:03:42] generateOTP.INFO: test [] []
[2019-12-19 16:05:11] generateOTP.INFO: test [] []
[2019-12-19 16:07:35] generateOTP.INFO: test [] []
[2019-12-19 16:07:35] generateOTP.INFO: test [] []
[2019-12-19 16:07:35] generateOTP.INFO: test [] []
[2019-12-19 16:07:35] generateOTP.INFO: test [] []
[2019-12-19 16:08:52] generateOTP.INFO: {"edit":"0","policy_no":"378","subtype_text":"1","sum_insure":"800000","familyConstruct":"1A","tenure":"1 Year","premium":"5799","family_members_id":"0","family_gender":"Male","first_name":"sahil","last_name":"jethwani","family_date_birth":"18-12-2001","age":"18","age_type":"years","family_id":"","s_date":"","marriage_date":"","premium_parent":"","contri_parent":"","policyNo":"378","familyDataType":"undefined","empId":"619660","product":"QBTv5db9151ad1c21","declare":"[]"} [] []
[2019-12-19 16:10:36] generateOTP.INFO: test [] []
[2019-12-19 16:10:36] generateOTP.INFO: test [] []
[2019-12-19 16:10:36] generateOTP.INFO: test [] []
[2019-12-19 16:10:36] generateOTP.INFO: test [] []
[2019-12-19 16:11:10] generateOTP.INFO: {"edit":"0","policy_no":"378","subtype_text":"1","sum_insure":"800000","familyConstruct":"1A","tenure":"1 Year","premium":"5799","family_members_id":"0","family_gender":"Male","first_name":"sonal","last_name":"sdsd","family_date_birth":"16-12-2001","age":"18","age_type":"years","family_id":"","s_date":"","marriage_date":"","premium_parent":"","contri_parent":"","policyNo":"378","familyDataType":"undefined","empId":"619661","product":"QBTv5db9151ad1c21","declare":"[]"} [] []
[2019-12-19 16:11:17] generateOTP.INFO: {"edit":"0","subtype_text":"3","policy_no":"379","sum_insure":"500000","familyConstruct":"1A","tenure":"1 Year","premium":"2099","family_members_id":"0","family_gender":"Male","first_name":"sonal","last_name":"sdsd","family_date_birth":"16-12-2001","age":"18","age_type":"years","family_id":"","s_date":"","marriage_date":"","premium_parent":"","contri_parent":"","policyNo":"379","familyDataType":"family_construct","product":"QBTv5db9151ad1c21","empId":"619661"} [] []
[2019-12-19 16:18:24] generateOTP.INFO: test [] []
[2019-12-19 16:18:24] generateOTP.INFO: test [] []
[2019-12-19 16:18:24] generateOTP.INFO: test [] []
[2019-12-19 16:18:24] generateOTP.INFO: test [] []
[2019-12-19 16:22:28] generateOTP.INFO: {"edit":"0","policy_no":"378","subtype_text":"1","sum_insure":"800000","familyConstruct":"1A","tenure":"1 Year","premium":"5799","family_members_id":"0","family_gender":"Male","first_name":"swarali","last_name":"chaudhari","family_date_birth":"12-12-2001","age":"18","age_type":"years","family_id":"","s_date":"","marriage_date":"","premium_parent":"","contri_parent":"","policyNo":"378","familyDataType":"undefined","empId":"619662","product":"QBTv5db9151ad1c21","declare":"[]"} [] []
[2019-12-19 16:24:43] generateOTP.INFO: test [] []
[2019-12-19 16:24:47] generateOTP.INFO: test [] []
[2019-12-19 16:26:47] generateOTP.INFO: test [] []
[2019-12-19 16:26:50] generateOTP.INFO: test [] []
[2019-12-19 16:26:52] generateOTP.INFO: test [] []
[2019-12-19 16:26:55] generateOTP.INFO: test [] []
[2019-12-19 16:27:35] generateOTP.INFO: test [] []
[2019-12-19 16:27:46] generateOTP.INFO: test [] []
[2019-12-19 16:28:03] generateOTP.INFO: test [] []
[2019-12-19 16:29:26] generateOTP.INFO: test [] []
[2019-12-19 16:32:48] generateOTP.INFO: test [] []
[2019-12-19 16:32:48] generateOTP.INFO: test [] []
[2019-12-19 16:32:48] generateOTP.INFO: test [] []
[2019-12-19 16:32:48] generateOTP.INFO: test [] []
[2019-12-19 16:33:39] generateOTP.INFO: {"edit":"0","policy_no":"378","subtype_text":"1","sum_insure":"800000","familyConstruct":"1A","tenure":"1 Year","premium":"5799","family_members_id":"0","family_gender":"Male","first_name":"asf","last_name":"fdfd","family_date_birth":"26-12-1984","age":"34","age_type":"years","family_id":"","s_date":"","marriage_date":"","premium_parent":"","contri_parent":"","policyNo":"378","familyDataType":"undefined","empId":"619663","product":"QBTv5db9151ad1c21","declare":"[]"} [] []
[2019-12-19 16:36:32] generateOTP.INFO: test [] []
[2019-12-19 16:37:02] generateOTP.INFO: test [] []
[2019-12-19 16:37:19] generateOTP.INFO: test [] []
[2019-12-19 16:37:31] generateOTP.INFO: test [] []
[2019-12-19 16:37:41] generateOTP.INFO: test [] []
[2019-12-19 16:37:42] generateOTP.INFO: test [] []
[2019-12-19 16:38:09] generateOTP.INFO: test [] []
[2019-12-19 16:38:10] generateOTP.INFO: test [] []
[2019-12-19 16:39:11] generateOTP.INFO: test [] []
[2019-12-19 16:39:13] generateOTP.INFO: test [] []
[2019-12-19 16:39:16] generateOTP.INFO: test [] []
[2019-12-19 16:39:19] generateOTP.INFO: test [] []
[2019-12-19 16:39:31] generateOTP.INFO: test [] []
[2019-12-19 16:39:33] generateOTP.INFO: test [] []
[2019-12-19 16:42:39] generateOTP.INFO: test [] []
[2019-12-19 16:42:39] generateOTP.INFO: test [] []
[2019-12-19 16:42:39] generateOTP.INFO: test [] []
[2019-12-19 16:42:39] generateOTP.INFO: test [] []
[2019-12-19 16:43:12] generateOTP.INFO: {"edit":"0","policy_no":"378","subtype_text":"1","sum_insure":"800000","familyConstruct":"1A","tenure":"1 Year","premium":"5799","family_members_id":"0","family_gender":"Male","first_name":"sonalis","last_name":"mohites","family_date_birth":"12-12-2001","age":"18","age_type":"years","family_id":"","s_date":"","marriage_date":"","premium_parent":"","contri_parent":"","policyNo":"378","familyDataType":"undefined","empId":"619664","product":"QBTv5db9151ad1c21","declare":"[]"} [] []
[2019-12-19 16:44:16] generateOTP.INFO: test [] []
[2019-12-19 16:44:16] generateOTP.INFO: test [] []
[2019-12-19 16:44:17] generateOTP.INFO: test [] []
[2019-12-19 16:44:17] generateOTP.INFO: test [] []
[2019-12-19 16:45:13] generateOTP.INFO: {"edit":"0","policy_no":"378","subtype_text":"1","sum_insure":"800000","familyConstruct":"1A","tenure":"1 Year","premium":"5799","family_members_id":"0","family_gender":"Male","first_name":"gf","last_name":"gh","family_date_birth":"12-12-2001","age":"18","age_type":"years","family_id":"","s_date":"","marriage_date":"","premium_parent":"","contri_parent":"","policyNo":"378","familyDataType":"undefined","empId":"619665","product":"QBTv5db9151ad1c21","declare":"[]"} [] []
[2019-12-19 16:46:44] generateOTP.INFO: test [] []
[2019-12-19 16:47:51] generateOTP.INFO: test [] []
[2019-12-19 16:51:14] generateOTP.INFO: test [] []
[2019-12-19 16:51:17] generateOTP.INFO: test [] []
[2019-12-19 16:51:34] generateOTP.INFO: test [] []
[2019-12-19 16:51:39] generateOTP.INFO: test [] []
[2019-12-19 16:52:50] generateOTP.INFO: test [] []
[2019-12-19 16:52:50] generateOTP.INFO: test [] []
[2019-12-19 16:52:56] generateOTP.INFO: test [] []
[2019-12-19 16:52:56] generateOTP.INFO: test [] []
[2019-12-19 16:52:56] generateOTP.INFO: test [] []
[2019-12-19 16:52:56] generateOTP.INFO: test [] []
[2019-12-19 16:52:58] generateOTP.INFO: test [] []
[2019-12-19 16:53:27] generateOTP.INFO: test [] []
[2019-12-19 16:53:28] generateOTP.INFO: test [] []
[2019-12-19 16:53:28] generateOTP.INFO: test [] []
[2019-12-19 16:53:33] generateOTP.INFO: test [] []
[2019-12-19 16:54:05] generateOTP.INFO: test [] []
[2019-12-19 16:54:32] generateOTP.INFO: test [] []
[2019-12-19 16:54:33] generateOTP.INFO: test [] []
[2019-12-19 16:54:33] generateOTP.INFO: test [] []
[2019-12-19 16:55:43] generateOTP.INFO: test [] []
[2019-12-19 16:55:49] generateOTP.INFO: test [] []
[2019-12-19 16:56:50] generateOTP.INFO: test [] []
[2019-12-19 16:56:53] generateOTP.INFO: test [] []
[2019-12-19 16:56:54] generateOTP.INFO: test [] []
[2019-12-19 16:56:54] generateOTP.INFO: test [] []
[2019-12-19 16:57:42] generateOTP.INFO: test [] []
[2019-12-19 16:57:42] generateOTP.INFO: test [] []
[2019-12-19 16:57:42] generateOTP.INFO: test [] []
[2019-12-19 16:58:12] generateOTP.INFO: test [] []
[2019-12-19 16:58:12] generateOTP.INFO: test [] []
[2019-12-19 16:58:12] generateOTP.INFO: test [] []
[2019-12-19 17:02:34] generateOTP.INFO: test [] []
[2019-12-19 17:02:34] generateOTP.INFO: test [] []
[2019-12-19 17:02:35] generateOTP.INFO: test [] []
[2019-12-19 17:03:45] generateOTP.INFO: test [] []
[2019-12-19 17:03:46] generateOTP.INFO: test [] []
[2019-12-19 17:03:46] generateOTP.INFO: test [] []
[2019-12-19 17:05:44] generateOTP.INFO: test [] []
[2019-12-19 17:09:40] generateOTP.INFO: test [] []
[2019-12-19 17:09:48] generateOTP.INFO: test [] []
[2019-12-19 17:09:54] generateOTP.INFO: test [] []
[2019-12-19 17:11:01] generateOTP.INFO: test [] []
[2019-12-19 17:11:02] generateOTP.INFO: test [] []
[2019-12-19 17:11:02] generateOTP.INFO: test [] []
[2019-12-19 17:11:40] generateOTP.INFO: test [] []
[2019-12-19 17:11:41] generateOTP.INFO: test [] []
[2019-12-19 17:11:41] generateOTP.INFO: test [] []
[2019-12-19 17:13:07] generateOTP.INFO: test [] []
[2019-12-19 17:13:07] generateOTP.INFO: test [] []
[2019-12-19 17:13:07] generateOTP.INFO: test [] []
[2019-12-19 17:14:24] generateOTP.INFO: test [] []
[2019-12-19 17:14:24] generateOTP.INFO: test [] []
[2019-12-19 17:14:25] generateOTP.INFO: test [] []
[2019-12-19 17:19:06] generateOTP.INFO: test [] []
[2019-12-19 17:19:09] generateOTP.INFO: test [] []
[2019-12-19 17:20:15] generateOTP.INFO: test [] []
[2019-12-19 17:21:08] generateOTP.INFO: test [] []
[2019-12-19 17:22:07] generateOTP.INFO: test [] []
[2019-12-19 17:22:56] generateOTP.INFO: test [] []
[2019-12-19 17:34:19] generateOTP.INFO: test [] []
[2019-12-19 17:34:22] generateOTP.INFO: test [] []
[2019-12-19 17:35:09] generateOTP.INFO: test [] []
[2019-12-19 18:06:49] generateOTP.INFO: test [] []
[2019-12-19 18:06:59] generateOTP.INFO: test [] []
[2019-12-19 18:07:00] generateOTP.INFO: test [] []
[2019-12-19 18:07:01] generateOTP.INFO: test [] []
[2019-12-19 18:07:24] generateOTP.INFO: test [] []
[2019-12-19 18:07:24] generateOTP.INFO: test [] []
[2019-12-19 18:07:25] generateOTP.INFO: test [] []
[2019-12-19 18:07:25] generateOTP.INFO: test [] []
[2019-12-19 18:07:40] generateOTP.INFO: test [] []
[2019-12-19 18:08:12] generateOTP.INFO: test [] []
[2019-12-19 18:08:13] generateOTP.INFO: test [] []
[2019-12-19 18:08:14] generateOTP.INFO: test [] []
[2019-12-19 18:08:33] generateOTP.INFO: test [] []
[2019-12-19 18:08:33] generateOTP.INFO: test [] []
[2019-12-19 18:08:41] generateOTP.INFO: test [] []
[2019-12-19 18:08:41] generateOTP.INFO: test [] []
[2019-12-19 18:08:41] generateOTP.INFO: test [] []
[2019-12-19 18:08:41] generateOTP.INFO: test [] []
[2019-12-19 18:08:42] generateOTP.INFO: test [] []
[2019-12-19 18:08:42] generateOTP.INFO: test [] []
[2019-12-19 18:11:02] generateOTP.INFO: test [] []
[2019-12-19 18:11:02] generateOTP.INFO: test [] []
[2019-12-19 18:11:02] generateOTP.INFO: test [] []
[2019-12-19 18:11:02] generateOTP.INFO: test [] []
[2019-12-19 18:11:02] generateOTP.INFO: test [] []
[2019-12-19 18:11:03] generateOTP.INFO: test [] []
[2019-12-19 18:11:53] generateOTP.INFO: test [] []
[2019-12-19 18:11:53] generateOTP.INFO: test [] []
[2019-12-19 18:11:58] generateOTP.INFO: test [] []
[2019-12-19 18:11:58] generateOTP.INFO: test [] []
[2019-12-19 18:11:59] generateOTP.INFO: test [] []
[2019-12-19 18:11:59] generateOTP.INFO: test [] []
[2019-12-19 18:12:03] generateOTP.INFO: test [] []
[2019-12-19 18:12:07] generateOTP.INFO: test [] []
[2019-12-19 18:12:07] generateOTP.INFO: test [] []
[2019-12-19 18:12:28] generateOTP.INFO: test [] []
[2019-12-19 18:12:50] generateOTP.INFO: test [] []
[2019-12-19 18:13:38] generateOTP.INFO: test [] []
[2019-12-19 18:17:13] generateOTP.INFO: test [] []
[2019-12-19 18:37:57] generateOTP.INFO: test [] []
[2019-12-19 18:37:57] generateOTP.INFO: test [] []
[2019-12-19 18:38:02] generateOTP.INFO: test [] []
[2019-12-19 18:38:02] generateOTP.INFO: test [] []
[2019-12-19 18:38:02] generateOTP.INFO: test [] []
[2019-12-19 18:38:02] generateOTP.INFO: test [] []
[2019-12-19 18:38:06] generateOTP.INFO: test [] []
[2019-12-19 19:24:27] generateOTP.INFO: test [] []
[2019-12-19 19:42:00] generateOTP.INFO: test [] []
[2019-12-19 19:42:02] generateOTP.INFO: test [] []
[2019-12-19 19:42:08] generateOTP.INFO: test [] []
[2019-12-19 19:42:08] generateOTP.INFO: test [] []
[2019-12-19 19:42:08] generateOTP.INFO: test [] []
[2019-12-19 19:42:08] generateOTP.INFO: test [] []
[2019-12-19 19:42:11] generateOTP.INFO: test [] []
[2019-12-19 20:30:33] generateOTP.INFO: test [] []
[2019-12-19 20:30:33] generateOTP.INFO: test [] []
[2019-12-19 20:30:33] generateOTP.INFO: test [] []
[2019-12-19 20:30:33] generateOTP.INFO: test [] []
