[2020-01-20 10:50:16] generateOTP.INFO: test [] []
[2020-01-20 10:50:18] generateOTP.INFO: test [] []
[2020-01-20 10:50:57] generateOTP.INFO: test [] []
[2020-01-20 10:50:57] generateOTP.INFO: test [] []
[2020-01-20 10:50:57] generateOTP.INFO: test [] []
[2020-01-20 10:51:00] generateOTP.INFO: test [] []
[2020-01-20 10:51:21] generateOTP.INFO: test [] []
[2020-01-20 10:51:31] generateOTP.INFO: test [] []
[2020-01-20 10:53:47] generateOTP.INFO: {"edit":"0","policy_no":"378","subtype_text":"1","sum_insure":"2000000","familyConstruct":"1A","tenure":"1 Year","family_members_id":"0","family_gender":"Female","first_name":"Maanya","middle_name":"S","last_name":"Shah","family_date_birth":"07-01-1981","age":"39","age_type":"years","family_id":"","s_date":"","marriage_date":"","premium_parent":"","contri_parent":"","premium":"6299","policyNo":"378","familyDataType":"undefined","empId":"619966","product":"QBTv5db9151ad1c21","declare":"[]"} [] []
[2020-01-20 10:54:32] generateOTP.INFO: {"edit":"0","subtype_text":"3","policy_no":"379","sum_insure":"1000000","familyConstruct":"2A","tenure":"1 Year","family_members_id":"0","family_gender":"Female","first_name":"Maanya","middle_name":"S","last_name":"Shah","family_date_birth":"07-01-1981","age":"39","age_type":"years","family_id":"","s_date":"","marriage_date":"","premium_parent":"","contri_parent":"","premium":"8395","policyNo":"379","familyDataType":"family_construct","product":"QBTv5db9151ad1c21","empId":"619966"} [] []
[2020-01-20 10:56:47] generateOTP.INFO: {"edit":"0","subtype_text":"3","policy_no":"379","sum_insure":"1000000","familyConstruct":"2A","tenure":"1 Year","family_members_id":"1","family_gender":"Male","first_name":"Adi","middle_name":"sdfdsf","last_name":"dsfdsf","family_date_birth":"14-06-1990","age":"29","age_type":"years","family_id":"","s_date":"","marriage_date":"","premium_parent":"","contri_parent":"","premium":"8395","policyNo":"379","familyDataType":"family_construct","product":"QBTv5db9151ad1c21","empId":"619966"} [] []
[2020-01-20 10:57:18] documentsSave.INFO: {"ops_type":"[\"Enrollment form\",\"Cheque Copy\"]","ext0":"undefined","ext1":"undefined","ids":"85,86","update_datas":"undefined"} [] []
[2020-01-20 10:57:18] documentsSaveFiles.INFO: [{"name":"AADHAR.jpg","type":"image\/jpeg","tmp_name":"\/tmp\/phpcBYWJs","error":0,"size":247909},{"name":"Pan2.pdf","type":"application\/pdf","tmp_name":"\/tmp\/php8XbLyf","error":0,"size":286186}] [] []
[2020-01-20 10:57:27] generateOTP.INFO: test [] []
[2020-01-20 10:58:59] generateOTP.INFO: test [] []
[2020-01-20 11:03:29] generateOTP.INFO: test [] []
[2020-01-20 11:06:34] generateOTP.INFO: test [] []
[2020-01-20 11:06:34] generateOTP.INFO: test [] []
[2020-01-20 11:06:34] generateOTP.INFO: test [] []
[2020-01-20 11:09:24] generateOTP.INFO: {"edit":"0","subtype_text":"3","policy_no":"379","sum_insure":"750000","familyConstruct":"1A","tenure":"1 Year","family_members_id":"0","family_gender":"Male","first_name":"Khush","middle_name":"A","last_name":"Khanna","family_date_birth":"23-08-1989","age":"30","age_type":"years","family_id":"","s_date":"","marriage_date":"","premium_parent":"","contri_parent":"","premium":"3148","policyNo":"379","familyDataType":"family_construct","product":"QBTv5db9151ad1c21","empId":"619967"} [] []
[2020-01-20 11:12:05] documentsSave.INFO: {"ops_type":"[\"Enrollment form\",\"Cheque Copy\"]","ext0":"undefined","ext1":"undefined","ids":"87","update_datas":"undefined"} [] []
[2020-01-20 11:12:05] documentsSaveFiles.INFO: [{"name":"aadhar.png","type":"image\/png","tmp_name":"\/tmp\/phpnNEwKP","error":0,"size":1989327},{"name":"Pan2.pdf","type":"application\/pdf","tmp_name":"\/tmp\/phpPkzLE0","error":0,"size":286186}] [] []
[2020-01-20 11:12:19] generateOTP.INFO: test [] []
[2020-01-20 11:13:31] generateOTP.INFO: test [] []
[2020-01-20 11:13:33] generateOTP.INFO: test [] []
[2020-01-20 11:13:43] generateOTP.INFO: test [] []
[2020-01-20 11:13:43] generateOTP.INFO: test [] []
[2020-01-20 11:13:43] generateOTP.INFO: test [] []
[2020-01-20 11:13:44] generateOTP.INFO: test [] []
[2020-01-20 11:15:23] generateOTP.INFO: {"edit":"0","policy_no":"378","subtype_text":"1","sum_insure":"1000000","familyConstruct":"1A","tenure":"1 Year","family_members_id":"0","family_gender":"Male","first_name":"Aditya","middle_name":"K","last_name":"Khanna","family_date_birth":"24-01-1994","age":"25","age_type":"years","family_id":"","s_date":"","marriage_date":"","premium_parent":"","contri_parent":"","premium":"5999","policyNo":"378","familyDataType":"undefined","empId":"619968","product":"QBTv5db9151ad1c21","declare":"[]"} [] []
[2020-01-20 11:16:52] documentsSave.INFO: {"ops_type":"[\"Enrollment form\",\"Cheque Copy\"]","ext0":"undefined","ext1":"undefined","ids":"88","update_datas":"undefined"} [] []
[2020-01-20 11:16:52] documentsSaveFiles.INFO: [{"name":"92da28ce411704c2c1a2a5a00ba4b5cd.pdf_tmp562C.tmp.pdf","type":"application\/pdf","tmp_name":"\/tmp\/phpZ130l4","error":0,"size":248303},{"name":"Aadhar2.pdf","type":"application\/pdf","tmp_name":"\/tmp\/phpJGj9dT","error":0,"size":365116}] [] []
[2020-01-20 11:17:13] generateOTP.INFO: test [] []
[2020-01-20 11:17:34] generateOTP.INFO: test [] []
[2020-01-20 11:19:31] generateOTP.INFO: test [] []
[2020-01-20 11:33:17] generateOTP.INFO: test [] []
[2020-01-20 11:33:17] generateOTP.INFO: test [] []
[2020-01-20 11:33:18] generateOTP.INFO: test [] []
[2020-01-20 11:45:05] generateOTP.INFO: {"edit":"0","policy_no":"378","subtype_text":"1","sum_insure":"800000","familyConstruct":"1A","tenure":"1 Year","family_members_id":"0","family_gender":"Male","first_name":"Siddharth","middle_name":"K","last_name":"Nair","family_date_birth":"13-07-1991","age":"28","age_type":"years","family_id":"","s_date":"","marriage_date":"","premium_parent":"","contri_parent":"","premium":"5799","policyNo":"378","familyDataType":"undefined","empId":"619969","product":"QBTv5db9151ad1c21","declare":"[]"} [] []
[2020-01-20 11:45:46] generateOTP.INFO: {"edit":"0","policy_no":"378","subtype_text":"1","sum_insure":"800000","familyConstruct":"2A","tenure":"1 Year","family_members_id":"0","family_gender":"Male","first_name":"Siddharth","middle_name":"K","last_name":"Nair","family_date_birth":"13-07-1991","age":"28","age_type":"years","family_id":"","s_date":"","marriage_date":"","premium_parent":"","contri_parent":"","premium":"6699","policyNo":"378","familyDataType":"undefined","empId":"619969","product":"QBTv5db9151ad1c21","declare":"[]"} [] []
[2020-01-20 11:47:49] generateOTP.INFO: {"edit":"0","policy_no":"378","subtype_text":"1","sum_insure":"800000","familyConstruct":"2A","tenure":"1 Year","family_members_id":"1","family_gender":"Female","first_name":"Sneha","middle_name":"dfgfdg","last_name":"fdgdfg","family_date_birth":"08-09-1993","age":"26","age_type":"years","family_id":"","s_date":"","marriage_date":"","premium_parent":"","contri_parent":"","premium":"6699","policyNo":"378","familyDataType":"undefined","empId":"619969","product":"QBTv5db9151ad1c21","declare":"[]"} [] []
[2020-01-20 11:49:20] documentsSave.INFO: {"ops_type":"[\"Enrollment form\",\"Cheque Copy\"]","ext0":"undefined","ext1":"undefined","ids":"89","update_datas":"undefined"} [] []
[2020-01-20 11:49:20] documentsSaveFiles.INFO: [{"name":"aadhar.png","type":"image\/png","tmp_name":"\/tmp\/php18UO6N","error":0,"size":1989327},{"name":"aadhar.png","type":"image\/png","tmp_name":"\/tmp\/phpahetrX","error":0,"size":1989327}] [] []
[2020-01-20 11:49:30] generateOTP.INFO: test [] []
[2020-01-20 11:50:07] generateOTP.INFO: test [] []
[2020-01-20 11:51:14] generateOTP.INFO: test [] []
[2020-01-20 11:51:44] generateOTP.INFO: test [] []
[2020-01-20 11:52:27] generateOTP.INFO: test [] []
[2020-01-20 11:52:28] generateOTP.INFO: test [] []
[2020-01-20 11:52:29] generateOTP.INFO: test [] []
[2020-01-20 12:04:57] generateOTP.INFO: test [] []
[2020-01-20 12:04:59] generateOTP.INFO: test [] []
[2020-01-20 12:05:03] generateOTP.INFO: test [] []
[2020-01-20 12:05:40] generateOTP.INFO: test [] []
[2020-01-20 12:05:45] generateOTP.INFO: test [] []
[2020-01-20 12:05:45] generateOTP.INFO: test [] []
[2020-01-20 12:05:45] generateOTP.INFO: test [] []
[2020-01-20 12:05:50] generateOTP.INFO: test [] []
[2020-01-20 12:05:51] generateOTP.INFO: test [] []
[2020-01-20 12:05:52] generateOTP.INFO: test [] []
[2020-01-20 12:05:52] generateOTP.INFO: test [] []
[2020-01-20 12:05:56] generateOTP.INFO: test [] []
[2020-01-20 12:05:56] generateOTP.INFO: test [] []
[2020-01-20 12:05:56] generateOTP.INFO: test [] []
[2020-01-20 12:06:00] generateOTP.INFO: test [] []
[2020-01-20 12:06:07] generateOTP.INFO: test [] []
[2020-01-20 12:06:07] generateOTP.INFO: test [] []
[2020-01-20 12:06:07] generateOTP.INFO: test [] []
[2020-01-20 12:06:13] generateOTP.INFO: test [] []
[2020-01-20 12:06:18] generateOTP.INFO: test [] []
[2020-01-20 12:06:18] generateOTP.INFO: test [] []
[2020-01-20 12:06:18] generateOTP.INFO: test [] []
[2020-01-20 12:15:05] generateOTP.INFO: test [] []
[2020-01-20 12:15:07] generateOTP.INFO: test [] []
[2020-01-20 12:15:08] generateOTP.INFO: test [] []
[2020-01-20 12:15:21] generateOTP.INFO: test [] []
[2020-01-20 12:15:21] generateOTP.INFO: test [] []
[2020-01-20 12:15:21] generateOTP.INFO: test [] []
[2020-01-20 12:15:24] generateOTP.INFO: test [] []
[2020-01-20 12:15:35] generateOTP.INFO: test [] []
[2020-01-20 12:15:35] generateOTP.INFO: test [] []
[2020-01-20 12:15:35] generateOTP.INFO: test [] []
[2020-01-20 12:16:49] generateOTP.INFO: test [] []
[2020-01-20 12:16:49] generateOTP.INFO: test [] []
[2020-01-20 12:16:49] generateOTP.INFO: test [] []
[2020-01-20 12:17:04] generateOTP.INFO: test [] []
[2020-01-20 12:20:32] generateOTP.INFO: test [] []
[2020-01-20 12:21:46] generateOTP.INFO: test [] []
[2020-01-20 12:21:58] generateOTP.INFO: test [] []
[2020-01-20 12:22:18] generateOTP.INFO: test [] []
[2020-01-20 12:22:28] generateOTP.INFO: test [] []
[2020-01-20 12:22:28] generateOTP.INFO: test [] []
[2020-01-20 12:22:28] generateOTP.INFO: test [] []
[2020-01-20 12:22:33] generateOTP.INFO: test [] []
[2020-01-20 12:23:34] generateOTP.INFO: test [] []
[2020-01-20 12:23:40] generateOTP.INFO: test [] []
[2020-01-20 12:23:40] generateOTP.INFO: test [] []
[2020-01-20 12:23:40] generateOTP.INFO: test [] []
[2020-01-20 12:24:01] generateOTP.INFO: test [] []
[2020-01-20 12:24:04] generateOTP.INFO: test [] []
[2020-01-20 12:24:19] generateOTP.INFO: test [] []
[2020-01-20 12:24:20] generateOTP.INFO: test [] []
[2020-01-20 12:24:21] generateOTP.INFO: test [] []
[2020-01-20 12:24:28] generateOTP.INFO: test [] []
[2020-01-20 12:24:28] generateOTP.INFO: test [] []
[2020-01-20 12:24:28] generateOTP.INFO: test [] []
[2020-01-20 12:25:20] generateOTP.INFO: test [] []
[2020-01-20 12:25:20] generateOTP.INFO: test [] []
[2020-01-20 12:25:20] generateOTP.INFO: test [] []
[2020-01-20 12:25:23] generateOTP.INFO: test [] []
[2020-01-20 12:25:47] generateOTP.INFO: test [] []
[2020-01-20 12:26:17] generateOTP.INFO: test [] []
[2020-01-20 12:26:34] generateOTP.INFO: test [] []
[2020-01-20 12:26:35] generateOTP.INFO: test [] []
[2020-01-20 12:26:36] generateOTP.INFO: test [] []
[2020-01-20 12:26:42] generateOTP.INFO: test [] []
[2020-01-20 12:26:42] generateOTP.INFO: test [] []
[2020-01-20 12:26:42] generateOTP.INFO: test [] []
[2020-01-20 12:26:44] generateOTP.INFO: test [] []
[2020-01-20 12:26:56] generateOTP.INFO: test [] []
[2020-01-20 12:26:56] generateOTP.INFO: test [] []
[2020-01-20 12:26:56] generateOTP.INFO: test [] []
[2020-01-20 12:29:26] generateOTP.INFO: test [] []
[2020-01-20 12:29:29] generateOTP.INFO: test [] []
[2020-01-20 12:31:09] generateOTP.INFO: test [] []
[2020-01-20 12:31:11] generateOTP.INFO: test [] []
[2020-01-20 12:31:11] generateOTP.INFO: test [] []
[2020-01-20 12:31:16] generateOTP.INFO: test [] []
[2020-01-20 12:31:42] generateOTP.INFO: test [] []
[2020-01-20 12:31:43] generateOTP.INFO: test [] []
[2020-01-20 12:31:44] generateOTP.INFO: test [] []
[2020-01-20 12:33:06] documentsSave.INFO: {"ops_type":"[\"Enrollment form\",\"Cheque Copy\"]","ext0":"undefined","ext1":"undefined","ids":"89","update_datas":"update"} [] []
[2020-01-20 12:33:06] documentsSaveFiles.INFO: [{"name":"AADHAR.jpg","type":"image\/jpeg","tmp_name":"\/tmp\/phpI5kIB8","error":0,"size":247909},{"name":"Pan2.pdf","type":"application\/pdf","tmp_name":"\/tmp\/phpFfIsiB","error":0,"size":286186}] [] []
[2020-01-20 12:33:29] generateOTP.INFO: test [] []
[2020-01-20 12:33:51] generateOTP.INFO: test [] []
[2020-01-20 12:34:26] generateOTP.INFO: test [] []
[2020-01-20 12:34:42] generateOTP.INFO: test [] []
[2020-01-20 12:35:02] generateOTP.INFO: test [] []
[2020-01-20 12:37:56] generateOTP.INFO: test [] []
[2020-01-20 12:37:57] generateOTP.INFO: test [] []
[2020-01-20 12:37:57] generateOTP.INFO: test [] []
[2020-01-20 12:45:40] generateOTP.INFO: test [] []
[2020-01-20 13:10:49] generateOTP.INFO: test [] []
[2020-01-20 13:10:50] generateOTP.INFO: test [] []
[2020-01-20 13:10:54] generateOTP.INFO: test [] []
[2020-01-20 13:10:54] generateOTP.INFO: test [] []
[2020-01-20 13:10:54] generateOTP.INFO: test [] []
[2020-01-20 14:19:43] generateOTP.INFO: test [] []
[2020-01-20 14:19:44] generateOTP.INFO: test [] []
[2020-01-20 14:20:01] generateOTP.INFO: test [] []
[2020-01-20 14:20:01] generateOTP.INFO: test [] []
[2020-01-20 14:20:01] generateOTP.INFO: test [] []
[2020-01-20 14:20:46] generateOTP.INFO: test [] []
[2020-01-20 14:20:47] generateOTP.INFO: test [] []
[2020-01-20 14:20:53] generateOTP.INFO: test [] []
[2020-01-20 14:20:54] generateOTP.INFO: test [] []
[2020-01-20 14:21:17] generateOTP.INFO: test [] []
[2020-01-20 14:21:32] generateOTP.INFO: test [] []
[2020-01-20 14:21:32] generateOTP.INFO: test [] []
[2020-01-20 14:21:32] generateOTP.INFO: test [] []
[2020-01-20 14:21:37] generateOTP.INFO: test [] []
[2020-01-20 14:24:54] generateOTP.INFO: test [] []
[2020-01-20 14:24:54] generateOTP.INFO: test [] []
[2020-01-20 14:24:54] generateOTP.INFO: test [] []
[2020-01-20 14:26:34] generateOTP.INFO: {"edit":"0","policy_no":"378","subtype_text":"1","sum_insure":"2000000","familyConstruct":"2A+2K","tenure":"1 Year","family_members_id":"0","family_gender":"Female","first_name":"Savita","middle_name":"M","last_name":"Kumar","family_date_birth":"29-07-1982","age":"37","age_type":"years","family_id":"","s_date":"","marriage_date":"","premium_parent":"","contri_parent":"","premium":"7999","policyNo":"378","familyDataType":"undefined","empId":"619970","product":"QBTv5db9151ad1c21","declare":"[]"} [] []
[2020-01-20 14:26:52] generateOTP.INFO: {"edit":"0","policy_no":"378","subtype_text":"1","sum_insure":"2000000","familyConstruct":"2A+2K","tenure":"1 Year","family_members_id":"1","family_gender":"Male","first_name":"Mohan","middle_name":"ds","last_name":"Kumar","family_date_birth":"20-02-1990","age":"29","age_type":"years","family_id":"","s_date":"","marriage_date":"","premium_parent":"","contri_parent":"","premium":"7999","policyNo":"378","familyDataType":"undefined","empId":"619970","product":"QBTv5db9151ad1c21","declare":"[]"} [] []
[2020-01-20 14:27:04] generateOTP.INFO: {"edit":"0","policy_no":"378","subtype_text":"1","sum_insure":"2000000","familyConstruct":"2A+2K","tenure":"1 Year","family_members_id":"2","family_gender":"Male","first_name":"sidd","middle_name":"jhgjk","last_name":"jhgjh","family_date_birth":"15-01-2015","age":"5","age_type":"years","family_id":"","s_date":"","marriage_date":"","premium_parent":"","contri_parent":"","premium":"7999","policyNo":"378","familyDataType":"undefined","empId":"619970","product":"QBTv5db9151ad1c21","declare":"[]"} [] []
[2020-01-20 14:27:13] generateOTP.INFO: {"edit":"0","policy_no":"378","subtype_text":"1","sum_insure":"2000000","familyConstruct":"2A+2K","tenure":"1 Year","family_members_id":"3","family_gender":"Female","first_name":"shru","middle_name":"kjhgk","last_name":"kjghgkj","family_date_birth":"01-01-2020","age":"18","age_type":"days","family_id":"","s_date":"","marriage_date":"","premium_parent":"","contri_parent":"","premium":"7999","policyNo":"378","familyDataType":"undefined","empId":"619970","product":"QBTv5db9151ad1c21","declare":"[]"} [] []
[2020-01-20 14:27:24] generateOTP.INFO: {"edit":"0","policy_no":"378","subtype_text":"1","sum_insure":"2000000","familyConstruct":"2A+2K","tenure":"1 Year","family_members_id":"3","family_gender":"Female","first_name":"shru","middle_name":"kjhgk","last_name":"kjghgkj","family_date_birth":"01-01-2020","age":"18","age_type":"days","family_id":"","s_date":"","marriage_date":"","premium_parent":"","contri_parent":"","premium":"7999","policyNo":"378","familyDataType":"undefined","empId":"619970","product":"QBTv5db9151ad1c21","declare":"[]"} [] []
[2020-01-20 14:27:34] generateOTP.INFO: {"edit":"0","policy_no":"378","subtype_text":"1","sum_insure":"2000000","familyConstruct":"2A+2K","tenure":"1 Year","family_members_id":"3","family_gender":"Female","first_name":"shru","middle_name":"kjhgk","last_name":"kjghgkj","family_date_birth":"03-01-2019","age":"1","age_type":"years","family_id":"","s_date":"","marriage_date":"","premium_parent":"","contri_parent":"","premium":"7999","policyNo":"378","familyDataType":"undefined","empId":"619970","product":"QBTv5db9151ad1c21","declare":"[]"} [] []
[2020-01-20 14:28:48] documentsSave.INFO: {"ops_type":"[\"Enrollment form\",\"Cheque Copy\"]","ext0":"undefined","ext1":"undefined","ids":"90","update_datas":"undefined"} [] []
[2020-01-20 14:28:48] documentsSaveFiles.INFO: [{"name":"Aadhar2.pdf","type":"application\/pdf","tmp_name":"\/tmp\/phpabSME1","error":0,"size":365116},{"name":"aadhar.png","type":"image\/png","tmp_name":"\/tmp\/phpvEPwqn","error":0,"size":1989327}] [] []
[2020-01-20 14:28:54] generateOTP.INFO: test [] []
[2020-01-20 14:29:16] generateOTP.INFO: test [] []
[2020-01-20 14:29:45] generateOTP.INFO: test [] []
[2020-01-20 14:31:09] generateOTP.INFO: test [] []
[2020-01-20 14:31:09] generateOTP.INFO: test [] []
[2020-01-20 14:31:09] generateOTP.INFO: test [] []
[2020-01-20 14:32:53] generateOTP.INFO: {"edit":"0","subtype_text":"3","policy_no":"379","sum_insure":"500000","familyConstruct":"1A","tenure":"1 Year","family_members_id":"0","family_gender":"Male","first_name":"Mohan","middle_name":"Kumar","last_name":"Kumar","family_date_birth":"10-01-1974","age":"46","age_type":"years","family_id":"","s_date":"","marriage_date":"","premium_parent":"","contri_parent":"","premium":"2099","policyNo":"379","familyDataType":"family_construct","product":"QBTv5db9151ad1c21","empId":"619971"} [] []
[2020-01-20 14:33:59] documentsSave.INFO: {"ops_type":"[\"Enrollment form\",\"Cheque Copy\"]","ext0":"undefined","ext1":"undefined","ids":"91","update_datas":"undefined"} [] []
[2020-01-20 14:33:59] documentsSaveFiles.INFO: [{"name":"Pan2.pdf","type":"application\/pdf","tmp_name":"\/tmp\/phpnnE7z0","error":0,"size":286186},{"name":"Aadhar2.pdf","type":"application\/pdf","tmp_name":"\/tmp\/phpiUWWfl","error":0,"size":365116}] [] []
[2020-01-20 14:34:06] generateOTP.INFO: test [] []
[2020-01-20 14:34:20] generateOTP.INFO: test [] []
[2020-01-20 14:34:41] generateOTP.INFO: test [] []
[2020-01-20 14:39:13] generateOTP.INFO: test [] []
[2020-01-20 14:39:13] generateOTP.INFO: test [] []
[2020-01-20 14:39:17] generateOTP.INFO: test [] []
[2020-01-20 14:39:17] generateOTP.INFO: test [] []
[2020-01-20 14:39:17] generateOTP.INFO: test [] []
[2020-01-20 14:40:19] generateOTP.INFO: {"edit":"0","subtype_text":"3","policy_no":"379","sum_insure":"500000","familyConstruct":"1A","tenure":"1 Year","family_members_id":"0","family_gender":"Male","first_name":"shankar","middle_name":"mahadev","last_name":"nayak","family_date_birth":"16-01-1986","age":"34","age_type":"years","family_id":"","s_date":"","marriage_date":"","premium_parent":"","contri_parent":"","premium":"2099","policyNo":"379","familyDataType":"family_construct","product":"QBTv5db9151ad1c21","empId":"619972"} [] []
[2020-01-20 14:41:24] documentsSave.INFO: {"ops_type":"[\"Enrollment form\",\"Cheque Copy\",\"1\"]","ext0":"undefined","ext1":"undefined","ext2":"undefined","ids":"92","update_datas":"undefined"} [] []
[2020-01-20 14:41:24] documentsSaveFiles.INFO: [{"name":"Chrysanthemum.jpg","type":"image\/jpeg","tmp_name":"\/tmp\/phpO8MfOh","error":0,"size":233834},{"name":"Hydrangeas.jpg","type":"image\/jpeg","tmp_name":"\/tmp\/phptyh3JT","error":0,"size":595284},{"name":"Lighthouse.jpg","type":"image\/jpeg","tmp_name":"\/tmp\/phpFNrqWv","error":0,"size":561276}] [] []
[2020-01-20 14:41:28] generateOTP.INFO: test [] []
[2020-01-20 14:41:32] generateOTP.INFO: test [] []
[2020-01-20 14:41:45] generateOTP.INFO: test [] []
[2020-01-20 14:41:45] generateOTP.INFO: test [] []
[2020-01-20 14:41:45] generateOTP.INFO: test [] []
[2020-01-20 14:43:35] generateOTP.INFO: {"edit":"0","policy_no":"378","subtype_text":"1","sum_insure":"800000","familyConstruct":"1A","tenure":"1 Year","family_members_id":"0","family_gender":"Female","first_name":"sf","middle_name":"afsf","last_name":"asf","family_date_birth":"13-01-1983","age":"37","age_type":"years","family_id":"","s_date":"","marriage_date":"","premium_parent":"","contri_parent":"","premium":"5799","policyNo":"378","familyDataType":"undefined","empId":"619973","product":"QBTv5db9151ad1c21","declare":"[]"} [] []
[2020-01-20 14:44:13] documentsSave.INFO: {"ops_type":"[\"Enrollment form\",\"Cheque Copy\",\"2\"]","ext0":"undefined","ext1":"undefined","ext2":"undefined","ids":"93","update_datas":"undefined"} [] []
[2020-01-20 14:44:13] documentsSaveFiles.INFO: [{"name":"Jellyfish.jpg","type":"image\/jpeg","tmp_name":"\/tmp\/php6sl5qw","error":0,"size":775702},{"name":"Lighthouse.jpg","type":"image\/jpeg","tmp_name":"\/tmp\/phphovEhn","error":0,"size":561276},{"name":"Chrysanthemum.jpg","type":"image\/jpeg","tmp_name":"\/tmp\/php8DDIle","error":0,"size":233834}] [] []
[2020-01-20 14:44:16] generateOTP.INFO: test [] []
[2020-01-20 14:44:52] generateOTP.INFO: test [] []
[2020-01-20 14:44:52] generateOTP.INFO: test [] []
[2020-01-20 14:44:52] generateOTP.INFO: test [] []
[2020-01-20 14:46:05] generateOTP.INFO: {"edit":"0","policy_no":"378","subtype_text":"1","sum_insure":"800000","familyConstruct":"1A","tenure":"1 Year","family_members_id":"0","family_gender":"Male","first_name":"dfh","middle_name":"dfh","last_name":"fdh","family_date_birth":"10-01-2002","age":"18","age_type":"years","family_id":"","s_date":"","marriage_date":"","premium_parent":"","contri_parent":"","premium":"5799","policyNo":"378","familyDataType":"undefined","empId":"619974","product":"QBTv5db9151ad1c21","declare":"[]"} [] []
[2020-01-20 14:46:21] generateOTP.INFO: {"edit":"0","subtype_text":"3","policy_no":"379","sum_insure":"500000","familyConstruct":"1A","tenure":"1 Year","family_members_id":"0","family_gender":"Male","first_name":"dfh","middle_name":"dfh","last_name":"fdh","family_date_birth":"10-01-2002","age":"18","age_type":"years","family_id":"","s_date":"","marriage_date":"","premium_parent":"","contri_parent":"","premium":"2099","policyNo":"379","familyDataType":"family_construct","product":"QBTv5db9151ad1c21","empId":"619974"} [] []
[2020-01-20 14:47:15] documentsSave.INFO: {"ops_type":"[\"Enrollment form\",\"Cheque Copy\",\"3\"]","ext0":"undefined","ext1":"undefined","ext2":"undefined","ids":"94,95","update_datas":"undefined"} [] []
[2020-01-20 14:47:15] documentsSaveFiles.INFO: [{"name":"Koala.jpg","type":"image\/jpeg","tmp_name":"\/tmp\/php2x6r0q","error":0,"size":780831},{"name":"Tulips.jpg","type":"image\/jpeg","tmp_name":"\/tmp\/phpvRmooc","error":0,"size":620888},{"name":"Lighthouse.jpg","type":"image\/jpeg","tmp_name":"\/tmp\/phphcLg3X","error":0,"size":561276}] [] []
[2020-01-20 14:47:22] generateOTP.INFO: test [] []
[2020-01-20 14:47:28] generateOTP.INFO: test [] []
[2020-01-20 14:48:03] generateOTP.INFO: test [] []
[2020-01-20 14:48:10] generateOTP.INFO: test [] []
[2020-01-20 14:48:13] generateOTP.INFO: test [] []
[2020-01-20 14:49:23] generateOTP.INFO: test [] []
[2020-01-20 14:49:44] generateOTP.INFO: test [] []
[2020-01-20 14:50:05] generateOTP.INFO: test [] []
[2020-01-20 14:52:14] generateOTP.INFO: test [] []
[2020-01-20 14:52:14] generateOTP.INFO: test [] []
[2020-01-20 14:52:14] generateOTP.INFO: test [] []
[2020-01-20 14:53:09] generateOTP.INFO: {"edit":"0","policy_no":"378","subtype_text":"1","sum_insure":"800000","familyConstruct":"1A","tenure":"1 Year","family_members_id":"0","family_gender":"Male","first_name":"dsw","middle_name":"af","last_name":"af","family_date_birth":"10-01-2002","age":"18","age_type":"years","family_id":"","s_date":"","marriage_date":"","premium_parent":"","contri_parent":"","premium":"5799","policyNo":"378","familyDataType":"undefined","empId":"619975","product":"QBTv5db9151ad1c21","declare":"[]"} [] []
[2020-01-20 14:53:58] documentsSave.INFO: {"ops_type":"[\"Enrollment form\",\"Cheque Copy\",\"1\"]","ext0":"undefined","ext1":"undefined","ext2":"undefined","ids":"96","update_datas":"undefined"} [] []
[2020-01-20 14:53:58] documentsSaveFiles.INFO: [{"name":"Koala.jpg","type":"image\/jpeg","tmp_name":"\/tmp\/phpq4qLgq","error":0,"size":780831},{"name":"Lighthouse.jpg","type":"image\/jpeg","tmp_name":"\/tmp\/php0pUldb","error":0,"size":561276},{"name":"Desert.jpg","type":"image\/jpeg","tmp_name":"\/tmp\/phpoEg4xW","error":0,"size":845941}] [] []
[2020-01-20 14:54:03] generateOTP.INFO: test [] []
[2020-01-20 14:55:01] generateOTP.INFO: test [] []
[2020-01-20 14:55:01] generateOTP.INFO: test [] []
[2020-01-20 14:55:01] generateOTP.INFO: test [] []
[2020-01-20 14:55:19] generateOTP.INFO: test [] []
[2020-01-20 14:55:19] generateOTP.INFO: test [] []
[2020-01-20 14:55:19] generateOTP.INFO: test [] []
[2020-01-20 14:58:11] generateOTP.INFO: {"edit":"0","policy_no":"378","subtype_text":"1","sum_insure":"800000","familyConstruct":"1A","tenure":"1 Year","family_members_id":"0","family_gender":"Female","first_name":"dfafs","middle_name":"afffasf","last_name":"afsf","family_date_birth":"16-01-1985","age":"35","age_type":"years","family_id":"","s_date":"","marriage_date":"","premium_parent":"","contri_parent":"","premium":"5799","policyNo":"378","familyDataType":"undefined","empId":"619976","product":"QBTv5db9151ad1c21","declare":"[]"} [] []
[2020-01-20 15:00:58] documentsSave.INFO: {"ops_type":"[\"Enrollment form\",\"Cheque Copy\",\"1\"]","ext0":"undefined","ext1":"undefined","ext2":"undefined","ids":"97","update_datas":"undefined"} [] []
[2020-01-20 15:00:58] documentsSaveFiles.INFO: [{"name":"Koala.jpg","type":"image\/jpeg","tmp_name":"\/tmp\/phplRoolk","error":0,"size":780831},{"name":"Tulips.jpg","type":"image\/jpeg","tmp_name":"\/tmp\/php32aegZ","error":0,"size":620888},{"name":"Desert.jpg","type":"image\/jpeg","tmp_name":"\/tmp\/phpQ5NxyE","error":0,"size":845941}] [] []
[2020-01-20 15:01:02] generateOTP.INFO: test [] []
[2020-01-20 15:01:36] generateOTP.INFO: test [] []
[2020-01-20 15:01:36] generateOTP.INFO: test [] []
[2020-01-20 15:01:36] generateOTP.INFO: test [] []
[2020-01-20 15:16:56] generateOTP.INFO: {"edit":"0","policy_no":"378","subtype_text":"1","sum_insure":"800000","familyConstruct":"1A","tenure":"1 Year","family_members_id":"0","family_gender":"Male","first_name":"dsg","middle_name":"dsg","last_name":"sdg","family_date_birth":"03-01-2002","age":"18","age_type":"years","family_id":"","s_date":"","marriage_date":"","premium_parent":"","contri_parent":"","premium":"5799","policyNo":"378","familyDataType":"undefined","empId":"619977","product":"QBTv5db9151ad1c21","declare":"[]"} [] []
[2020-01-20 15:17:37] documentsSave.INFO: {"ops_type":"[\"Enrollment form\",\"Cheque Copy\",\"1\"]","ext0":"undefined","ext1":"undefined","ext2":"undefined","ids":"98","update_datas":"undefined"} [] []
[2020-01-20 15:17:37] documentsSaveFiles.INFO: [{"name":"Jellyfish.jpg","type":"image\/jpeg","tmp_name":"\/tmp\/phpZ0YM2S","error":0,"size":775702},{"name":"Lighthouse.jpg","type":"image\/jpeg","tmp_name":"\/tmp\/phpA2XQD6","error":0,"size":561276},{"name":"Tulips.jpg","type":"image\/jpeg","tmp_name":"\/tmp\/phprVYmyk","error":0,"size":620888}] [] []
[2020-01-20 15:17:40] generateOTP.INFO: test [] []
[2020-01-20 15:17:57] generateOTP.INFO: test [] []
[2020-01-20 15:17:57] generateOTP.INFO: test [] []
[2020-01-20 15:17:57] generateOTP.INFO: test [] []
[2020-01-20 15:18:49] generateOTP.INFO: {"edit":"0","policy_no":"378","subtype_text":"1","sum_insure":"800000","familyConstruct":"1A","tenure":"1 Year","family_members_id":"0","family_gender":"Male","first_name":"dgSG","middle_name":"sdgshf","last_name":"shfh","family_date_birth":"16-01-2002","age":"18","age_type":"years","family_id":"","s_date":"","marriage_date":"","premium_parent":"","contri_parent":"","premium":"5799","policyNo":"378","familyDataType":"undefined","empId":"619978","product":"QBTv5db9151ad1c21","declare":"[]"} [] []
[2020-01-20 15:19:31] documentsSave.INFO: {"ops_type":"[\"Enrollment form\",\"Cheque Copy\",\"2\"]","ext0":"undefined","ext1":"undefined","ext2":"undefined","ids":"99","update_datas":"undefined"} [] []
[2020-01-20 15:19:31] documentsSaveFiles.INFO: [{"name":"Lighthouse.jpg","type":"image\/jpeg","tmp_name":"\/tmp\/phpu5Q5W5","error":0,"size":561276},{"name":"Tulips.jpg","type":"image\/jpeg","tmp_name":"\/tmp\/phpYo2xjw","error":0,"size":620888},{"name":"Desert.jpg","type":"image\/jpeg","tmp_name":"\/tmp\/phplpOg7W","error":0,"size":845941}] [] []
[2020-01-20 15:19:36] generateOTP.INFO: test [] []
[2020-01-20 15:21:32] generateOTP.INFO: test [] []
[2020-01-20 15:22:10] generateOTP.INFO: test [] []
[2020-01-20 15:22:13] generateOTP.INFO: test [] []
[2020-01-20 15:22:34] generateOTP.INFO: test [] []
[2020-01-20 15:22:34] generateOTP.INFO: test [] []
[2020-01-20 15:22:34] generateOTP.INFO: test [] []
[2020-01-20 15:25:01] generateOTP.INFO: {"edit":"0","policy_no":"378","subtype_text":"1","sum_insure":"800000","familyConstruct":"1A","tenure":"1 Year","family_members_id":"0","family_gender":"Female","first_name":"Rakhi","middle_name":"K","last_name":"Khanna","family_date_birth":"23-11-1989","age":"30","age_type":"years","family_id":"","s_date":"","marriage_date":"","premium_parent":"","contri_parent":"","premium":"5799","policyNo":"378","familyDataType":"undefined","empId":"619979","product":"QBTv5db9151ad1c21","declare":"[]"} [] []
[2020-01-20 15:25:24] generateOTP.INFO: {"edit":"0","subtype_text":"3","policy_no":"379","sum_insure":"500000","familyConstruct":"1A","tenure":"1 Year","family_members_id":"0","family_gender":"Female","first_name":"Rakhi","middle_name":"K","last_name":"Khanna","family_date_birth":"23-11-1989","age":"30","age_type":"years","family_id":"","s_date":"","marriage_date":"","premium_parent":"","contri_parent":"","premium":"2099","policyNo":"379","familyDataType":"family_construct","product":"QBTv5db9151ad1c21","empId":"619979"} [] []
[2020-01-20 15:26:46] documentsSave.INFO: {"ops_type":"[\"Enrollment form\",\"Cheque Copy\"]","ext0":"undefined","ext1":"undefined","ids":"100,101","update_datas":"undefined"} [] []
[2020-01-20 15:26:46] documentsSaveFiles.INFO: [{"name":"Aadhar2.pdf","type":"application\/pdf","tmp_name":"\/tmp\/phpy3qIdP","error":0,"size":365116},{"name":"AADHAR.jpg","type":"image\/jpeg","tmp_name":"\/tmp\/phpipAhZZ","error":0,"size":247909}] [] []
[2020-01-20 15:26:58] generateOTP.INFO: test [] []
[2020-01-20 15:27:24] generateOTP.INFO: test [] []
[2020-01-20 15:28:06] generateOTP.INFO: test [] []
[2020-01-20 15:30:14] generateOTP.INFO: test [] []
[2020-01-20 15:34:59] generateOTP.INFO: test [] []
[2020-01-20 15:34:59] generateOTP.INFO: test [] []
[2020-01-20 15:34:59] generateOTP.INFO: test [] []
[2020-01-20 16:02:19] generateOTP.INFO: {"edit":"0","policy_no":"378","subtype_text":"1","sum_insure":"2000000","familyConstruct":"2A+1K","tenure":"1 Year","family_members_id":"0","family_gender":"Male","first_name":"Piyush","middle_name":"P","last_name":"Pattani","family_date_birth":"11-03-1970","age":"49","age_type":"years","family_id":"","s_date":"","marriage_date":"","premium_parent":"","contri_parent":"","premium":"7599","policyNo":"378","familyDataType":"undefined","empId":"619980","product":"QBTv5db9151ad1c21","declare":"[]"} [] []
[2020-01-20 16:02:39] generateOTP.INFO: {"edit":"0","policy_no":"378","subtype_text":"1","sum_insure":"2000000","familyConstruct":"2A+1K","tenure":"1 Year","family_members_id":"1","family_gender":"Female","first_name":"Anisha","middle_name":"dgdsg","last_name":"Pattani","family_date_birth":"19-04-1990","age":"29","age_type":"years","family_id":"","s_date":"","marriage_date":"","premium_parent":"","contri_parent":"","premium":"7599","policyNo":"378","familyDataType":"undefined","empId":"619980","product":"QBTv5db9151ad1c21","declare":"[]"} [] []
[2020-01-20 16:02:52] generateOTP.INFO: {"edit":"0","policy_no":"378","subtype_text":"1","sum_insure":"2000000","familyConstruct":"2A+1K","tenure":"1 Year","family_members_id":"2","family_gender":"Male","first_name":"Pratas","middle_name":"dsfdsf","last_name":"dsfdf","family_date_birth":"27-01-2011","age":"8","age_type":"years","family_id":"","s_date":"","marriage_date":"","premium_parent":"","contri_parent":"","premium":"7599","policyNo":"378","familyDataType":"undefined","empId":"619980","product":"QBTv5db9151ad1c21","declare":"[]"} [] []
[2020-01-20 16:03:57] documentsSave.INFO: {"ops_type":"[\"Enrollment form\",\"Cheque Copy\"]","ext0":"undefined","ext1":"undefined","ids":"102","update_datas":"undefined"} [] []
[2020-01-20 16:03:57] documentsSaveFiles.INFO: [{"name":"PAN.jpg","type":"image\/jpeg","tmp_name":"\/tmp\/phpZkqxvT","error":0,"size":132663},{"name":"Aadhar2.pdf","type":"application\/pdf","tmp_name":"\/tmp\/phpxnGevQ","error":0,"size":365116}] [] []
[2020-01-20 16:04:04] generateOTP.INFO: test [] []
[2020-01-20 16:04:23] generateOTP.INFO: test [] []
[2020-01-20 16:09:27] generateOTP.INFO: test [] []
[2020-01-20 16:09:28] generateOTP.INFO: test [] []
[2020-01-20 16:36:24] generateOTP.INFO: test [] []
[2020-01-20 16:36:38] generateOTP.INFO: test [] []
[2020-01-20 16:36:39] generateOTP.INFO: test [] []
[2020-01-20 16:36:39] generateOTP.INFO: test [] []
[2020-01-20 17:25:41] generateOTP.INFO: test [] []
[2020-01-20 17:25:46] generateOTP.INFO: test [] []
[2020-01-20 17:25:48] generateOTP.INFO: test [] []
[2020-01-20 17:25:48] generateOTP.INFO: test [] []
[2020-01-20 17:26:13] generateOTP.INFO: test [] []
[2020-01-20 17:26:13] generateOTP.INFO: test [] []
[2020-01-20 17:59:07] generateOTP.INFO: test [] []
[2020-01-20 17:59:07] generateOTP.INFO: test [] []
[2020-01-20 17:59:07] generateOTP.INFO: test [] []
[2020-01-20 17:59:10] generateOTP.INFO: test [] []
[2020-01-20 17:59:10] generateOTP.INFO: test [] []
[2020-01-20 17:59:10] generateOTP.INFO: test [] []
[2020-01-20 17:59:50] generateOTP.INFO: {"edit":"0","policy_no":"378","subtype_text":"1","sum_insure":"800000","familyConstruct":"1A","tenure":"1 Year","family_members_id":"0","family_gender":"Male","first_name":"safg","middle_name":"sgd","last_name":"gs","family_date_birth":"10-01-2002","age":"18","age_type":"years","family_id":"","s_date":"","marriage_date":"","premium_parent":"","contri_parent":"","premium":"5799","policyNo":"378","familyDataType":"undefined","empId":"619981","product":"QBTv5db9151ad1c21","declare":"[]"} [] []
[2020-01-20 18:00:40] documentsSave.INFO: {"ops_type":"[\"Enrollment form\",\"Cheque Copy\",\"13\"]","ext0":"undefined","ext1":"undefined","ext2":"undefined","ids":"103","update_datas":"undefined"} [] []
[2020-01-20 18:00:40] documentsSaveFiles.INFO: [{"name":"Koala.jpg","type":"image\/jpeg","tmp_name":"\/tmp\/phpBbKT3O","error":0,"size":780831},{"name":"Lighthouse.jpg","type":"image\/jpeg","tmp_name":"\/tmp\/phpSCRowY","error":0,"size":561276},{"name":"Tulips.jpg","type":"image\/jpeg","tmp_name":"\/tmp\/phpoZPOe8","error":0,"size":620888}] [] []
[2020-01-20 18:00:43] generateOTP.INFO: test [] []
[2020-01-20 18:00:45] generateOTP.INFO: test [] []
[2020-01-20 18:00:51] generateOTP.INFO: test [] []
[2020-01-20 18:00:55] generateOTP.INFO: test [] []
[2020-01-20 18:00:58] generateOTP.INFO: test [] []
[2020-01-20 18:01:32] generateOTP.INFO: test [] []
[2020-01-20 18:02:10] generateOTP.INFO: test [] []
[2020-01-20 18:02:10] generateOTP.INFO: test [] []
[2020-01-20 18:02:10] generateOTP.INFO: test [] []
[2020-01-20 18:05:07] generateOTP.INFO: test [] []
[2020-01-20 18:05:07] generateOTP.INFO: test [] []
[2020-01-20 18:05:07] generateOTP.INFO: test [] []
[2020-01-20 18:15:20] generateOTP.INFO: test [] []
[2020-01-20 18:34:53] generateOTP.INFO: test [] []
[2020-01-20 18:34:53] generateOTP.INFO: test [] []
[2020-01-20 18:34:53] generateOTP.INFO: test [] []
[2020-01-20 18:35:38] generateOTP.INFO: test [] []
