[2020-06-20 00:00:19] generateOTP.INFO: test [] []
[2020-06-20 00:01:35] generateOTP.INFO: test [] []
[2020-06-20 00:02:20] generateOTP.INFO: test [] []
[2020-06-20 00:02:53] generateOTP.INFO: test [] []
[2020-06-20 00:04:27] generateOTP.INFO: test [] []
[2020-06-20 00:07:00] generateOTP.INFO: test [] []
[2020-06-20 00:14:10] generateOTP.INFO: test [] []
[2020-06-20 00:15:09] generateOTP.INFO: test [] []
[2020-06-20 00:15:10] generateOTP.INFO: test [] []
[2020-06-20 00:15:23] generateOTP.INFO: test [] []
[2020-06-20 00:15:39] generateOTP.INFO: test [] []
[2020-06-20 00:21:15] generateOTP.INFO: test [] []
[2020-06-20 00:26:37] generateOTP.INFO: test [] []
[2020-06-20 00:32:46] generateOTP.INFO: test [] []
[2020-06-20 00:35:31] generateOTP.INFO: test [] []
[2020-06-20 00:39:19] generateOTP.INFO: test [] []
[2020-06-20 00:39:40] generateOTP.INFO: test [] []
[2020-06-20 07:23:59] generateOTP.INFO: test [] []
[2020-06-20 10:34:54] generateOTP.INFO: test [] []
[2020-06-20 10:34:55] generateOTP.INFO: test [] []
[2020-06-20 10:34:57] generateOTP.INFO: test [] []
[2020-06-20 10:35:17] generateOTP.INFO: test [] []
[2020-06-20 10:36:49] generateOTP.INFO: test [] []
[2020-06-20 10:40:11] generateOTP.INFO: {"edit":"0","policy_no":"415","subtype_text":"1","master_policy_number":"61-20-00020-00-00","sum_insure":"500000","familyConstruct":"2A","businessType":"New","family_members_id":"0","family_salutation":"Mr","family_gender":"Male","first_name":"abcdefg","last_name":"hijklmnop","family_date_birth":"01-06-1985","age":"35","age_type":"years","remark":"","sub_type_check":["2"],"42":"No","45":"No","50":"No","myGHD":{"A":{"format":"A_Yes"},"B":{"format":"B_No","remark":""},"C1":{"format":"C1_No","remark":""},"C2":{"format":"C2_No","remark":""},"D1":{"format":"D1_No","remark":""},"D2":{"format":"D2_No","remark":""},"D3":{"format":"D3_No","remark":""},"D4":{"format":"D4_No","remark":""},"E":{"format":"E_No","remark":""}},"family_id":"","s_date":"","marriage_date":"","premium":"9931","policyNo":"415","familyDataType":"family_construct","declare":"[{\"question\":\"42\",\"format\":\"No\"},{\"question\":\"45\",\"format\":\"No\"},{\"question\":\"50\",\"format\":\"No\"}]"} [] []
[2020-06-20 10:41:34] generateOTP.INFO: {"edit":"0","policy_no":"415","subtype_text":"1","master_policy_number":"61-20-00020-00-00","sum_insure":"500000","familyConstruct":"2A","businessType":"New","family_members_id":"1","family_salutation":"Mrs","family_gender":"Female","first_name":"kkkk","last_name":"ahahajs","family_date_birth":"01-06-1985","age":"35","age_type":"years","remark":"","myGHD":{"A":{"format":"A_No"},"B":{"format":"B_No","remark":""},"C1":{"format":"C1_No","remark":""},"C2":{"format":"C2_No","remark":""},"D1":{"format":"D1_No","remark":""},"D2":{"format":"D2_No","remark":""},"D3":{"format":"D3_No","remark":""},"D4":{"format":"D4_No","remark":""},"E":{"format":"E_No","remark":""}},"family_id":"","s_date":"","marriage_date":"","premium":"9931","policyNo":"415","familyDataType":"family_construct","declare":"[]"} [] []
[2020-06-20 10:42:11] generateOTP.INFO: test [] []
[2020-06-20 10:47:41] generateOTP.INFO: test [] []
[2020-06-20 10:47:47] generateOTP.INFO: test [] []
[2020-06-20 10:47:48] generateOTP.INFO: test [] []
[2020-06-20 10:48:03] generateOTP.INFO: test [] []
[2020-06-20 10:48:10] generateOTP.INFO: test [] []
[2020-06-20 10:48:41] generateOTP.INFO: test [] []
[2020-06-20 10:49:13] generateOTP.INFO: test [] []
[2020-06-20 10:49:19] full_quote_request1.INFO: {"ClientCreation":{"Member_Customer_ID":"159262959911111","salutation":"Mr","firstName":"abcdefg","middleName":"","lastName":"hijklmnop","dateofBirth":"06\/01\/1985","gender":"M","educationalQualification":null,"pinCode":"421201","uidNo":null,"maritalStatus":null,"nationality":"Indian","occupation":"O553","primaryEmailID":"jsjdhh@gkkg.com","contactMobileNo":"9876543212","stdLandlineNo":null,"panNo":null,"passportNumber":null,"contactPerson":null,"annualIncome":null,"remarks":null,"startDate":"2020-06-20","endDate":null,"IdProof":"Adhaar Card","residenceProof":null,"ageProof":null,"others":null,"homeAddressLine1":"jdddddddddddd","homeAddressLine2":null,"homeAddressLine3":null,"homePinCode":"421201","homeArea":null,"homeContactMobileNo":null,"homeContactMobileNo2":null,"homeSTDLandlineNo":null,"homeFaxNo":null,"sameAsHomeAddress":"1","mailingAddressLine1":null,"mailingAddressLine2":null,"mailingAddressLine3":null,"mailingPinCode":null,"mailingArea":null,"mailingContactMobileNo":null,"mailingContactMobileNo2":null,"mailingSTDLandlineNo":null,"mailingSTDLandlineNo2":null,"mailingFaxNo":null,"bankAccountType":null,"bankAccountNo":null,"ifscCode":null,"GSTIN":null,"GSTRegistrationStatus":"Consumers","IsEIAavailable":"0","ApplyEIA":"0","EIAAccountNo":null,"EIAWith":"0","AccountType":null,"AddressProof":null,"DOBProof":null,"IdentityProof":null},"PolicyCreationRequest":{"Quotation_Number":"","MasterPolicyNumber":"61-20-00020-00-00","GroupID":"GRP003","Product_Code":"4211","intermediaryCode":"2104703","AutoRenewal":"Y","intermediaryBranchCode":"10MHMUM01","agentSignatureDate":null,"Customer_Signature_Date":null,"businessSourceChannel":null,"AssignPolicy":"0","AssigneeName":null,"leadID":"1592629599","Source_Name":"AXIS_TELE","SPID":"0","TCN":null,"CRTNO":null,"RefCode1":"0","RefCode2":"069","Employee_Number":"620493","enumIsEmployeeDiscount":null,"QuoteDate":null,"IsPayment":"0","PaymentMode":null,"PolicyproductComponents":[{"PlanCode":"4211","SumInsured":"500000","SchemeCode":"4112000003"}]},"MemObj":{"Member":[{"MemberNo":1,"Salutation":"Mr","First_Name":"abcdefg","Middle_Name":null,"Last_Name":"hijklmnop","Gender":"M","DateOfBirth":"06\/01\/1985","Relation_Code":"R001","Marital_Status":null,"height":"0.00","weight":"0","occupation":"O553","PrimaryMember":"Y","MemberproductComponents":[{"PlanCode":"4211","MemberQuestionDetails":[{"QuestionCode":null,"Answer":null,"Remarks":null}]}],"MemberPED":[{"PEDCode":"PE002","Remarks":null}],"exactDiagnosis":null,"dateOfDiagnosis":null,"lastDateConsultation":null,"detailsOfTreatmentGiven":null,"doctorName":null,"hospitalName":null,"phoneNumberHosital":null,"Nominee_First_Name":"kkkk","Nominee_Last_Name":"ahahajs","Nominee_Contact_Number":"","Nominee_Home_Address":null,"Nominee_Relationship_Code":"R002"},{"MemberNo":2,"Salutation":"Mrs","First_Name":"kkkk","Middle_Name":null,"Last_Name":"ahahajs","Gender":"F","DateOfBirth":"06\/01\/1985","Relation_Code":"R002","Marital_Status":null,"height":"0.00","weight":"0","occupation":"O553","PrimaryMember":"N","MemberproductComponents":[{"PlanCode":"4211","MemberQuestionDetails":[{"QuestionCode":null,"Answer":null,"Remarks":null}]}],"MemberPED":[{"PEDCode":null,"Remarks":null}],"exactDiagnosis":null,"dateOfDiagnosis":null,"lastDateConsultation":null,"detailsOfTreatmentGiven":null,"doctorName":null,"hospitalName":null,"phoneNumberHosital":null,"Nominee_First_Name":"kkkk","Nominee_Last_Name":"ahahajs","Nominee_Contact_Number":"","Nominee_Home_Address":null,"Nominee_Relationship_Code":"R002"}]},"ReceiptCreation":{"officeLocation":"","modeOfEntry":"","cdAcNo":null,"expiryDate":null,"payerType":"","payerCode":null,"paymentBy":"","paymentByName":null,"paymentByRelationship":null,"collectionAmount":"","collectionRcvdDate":null,"collectionMode":"","remarks":null,"instrumentNumber":null,"instrumentDate":null,"bankName":null,"branchName":null,"bankLocation":null,"micrNo":null,"chequeType":null,"ifscCode":"","PaymentGatewayName":"","TerminalID":"","CardNo":null}} [] []
[2020-06-20 10:49:23] full_quote_reponse1.INFO: "<ns0:GHI_Res xmlns:ns0=\"http:\/\/ABHICL_NBP_QuickQuote_Schemas.GHI_Response\"><errorObj><ErrorNumber>00<\/ErrorNumber><ErrorMessage>Success<\/ErrorMessage><\/errorObj><policyDtls><TransactionReferenceNumber><\/TransactionReferenceNumber><QuotationNumber>TS100034797<\/QuotationNumber><CertificateNumber><\/CertificateNumber><LetterURL><\/LetterURL><ClientID><\/ClientID><ProductName>Group Activ Health<\/ProductName><ProductCode>4211<\/ProductCode><LineOfBusiness>42<\/LineOfBusiness><startDate><\/startDate><EndDate><\/EndDate><PolicyNumber>61-20-00020-00-00<\/PolicyNumber><ProposalNumber><\/ProposalNumber><PolicyStatus>PQ1<\/PolicyStatus><Tenure>1<\/Tenure><stpFlag>0<\/stpFlag><COIUrl>Could not find file u0027c:windowssystem32inetsrvObject cannot be cast from DBNull to other typesu0027.<\/COIUrl><\/policyDtls><premium><BasePremium>8416.10<\/BasePremium><NetPremium>8416.10<\/NetPremium><GST>1514.90<\/GST><GrossPremium>9931.00<\/GrossPremium><\/premium><receiptObj><ReceiptNumber><\/ReceiptNumber><ReceiptAmount><\/ReceiptAmount><ExcessAmount><\/ExcessAmount><\/receiptObj><\/ns0:GHI_Res>" [] []
[2020-06-20 10:49:36] full_quote_request2.INFO: {"ClientCreation":{"Member_Customer_ID":"159262959911111","salutation":"Mr","firstName":"abcdefg","middleName":"","lastName":"hijklmnop","dateofBirth":"06\/01\/1985","gender":"M","educationalQualification":null,"pinCode":"421201","uidNo":null,"maritalStatus":null,"nationality":"Indian","occupation":"O553","primaryEmailID":"jsjdhh@gkkg.com","contactMobileNo":"9876543212","stdLandlineNo":null,"panNo":null,"passportNumber":null,"contactPerson":null,"annualIncome":null,"remarks":null,"startDate":"2020-06-20","endDate":null,"IdProof":"Adhaar Card","residenceProof":null,"ageProof":null,"others":null,"homeAddressLine1":"jdddddddddddd","homeAddressLine2":null,"homeAddressLine3":null,"homePinCode":"421201","homeArea":null,"homeContactMobileNo":null,"homeContactMobileNo2":null,"homeSTDLandlineNo":null,"homeFaxNo":null,"sameAsHomeAddress":"1","mailingAddressLine1":null,"mailingAddressLine2":null,"mailingAddressLine3":null,"mailingPinCode":null,"mailingArea":null,"mailingContactMobileNo":null,"mailingContactMobileNo2":null,"mailingSTDLandlineNo":null,"mailingSTDLandlineNo2":null,"mailingFaxNo":null,"bankAccountType":null,"bankAccountNo":null,"ifscCode":null,"GSTIN":null,"GSTRegistrationStatus":"Consumers","IsEIAavailable":"0","ApplyEIA":"0","EIAAccountNo":null,"EIAWith":"0","AccountType":null,"AddressProof":null,"DOBProof":null,"IdentityProof":null},"PolicyCreationRequest":{"Quotation_Number":"TS100034797","MasterPolicyNumber":"61-20-00020-00-00","GroupID":"GRP003","Product_Code":"4211","intermediaryCode":"2104703","AutoRenewal":"Y","intermediaryBranchCode":"10MHMUM01","agentSignatureDate":null,"Customer_Signature_Date":null,"businessSourceChannel":null,"AssignPolicy":"0","AssigneeName":null,"leadID":"1592629599","Source_Name":"AXIS_TELE","SPID":"0","TCN":null,"CRTNO":null,"RefCode1":"0","RefCode2":"069","Employee_Number":"620493","enumIsEmployeeDiscount":null,"QuoteDate":null,"IsPayment":"1","PaymentMode":null,"PolicyproductComponents":[{"PlanCode":"4211","SumInsured":"500000","SchemeCode":"4112000003"}]},"MemObj":{"Member":[{"MemberNo":1,"Salutation":"Mr","First_Name":"abcdefg","Middle_Name":null,"Last_Name":"hijklmnop","Gender":"M","DateOfBirth":"06\/01\/1985","Relation_Code":"R001","Marital_Status":null,"height":"0.00","weight":"0","occupation":"O553","PrimaryMember":"Y","MemberproductComponents":[{"PlanCode":"4211","MemberQuestionDetails":[{"QuestionCode":null,"Answer":null,"Remarks":null}]}],"MemberPED":[{"PEDCode":"PE002","Remarks":null}],"exactDiagnosis":null,"dateOfDiagnosis":null,"lastDateConsultation":null,"detailsOfTreatmentGiven":null,"doctorName":null,"hospitalName":null,"phoneNumberHosital":null,"Nominee_First_Name":"kkkk","Nominee_Last_Name":"ahahajs","Nominee_Contact_Number":"","Nominee_Home_Address":null,"Nominee_Relationship_Code":"R002"},{"MemberNo":2,"Salutation":"Mrs","First_Name":"kkkk","Middle_Name":null,"Last_Name":"ahahajs","Gender":"F","DateOfBirth":"06\/01\/1985","Relation_Code":"R002","Marital_Status":null,"height":"0.00","weight":"0","occupation":"O553","PrimaryMember":"N","MemberproductComponents":[{"PlanCode":"4211","MemberQuestionDetails":[{"QuestionCode":null,"Answer":null,"Remarks":null}]}],"MemberPED":[{"PEDCode":null,"Remarks":null}],"exactDiagnosis":null,"dateOfDiagnosis":null,"lastDateConsultation":null,"detailsOfTreatmentGiven":null,"doctorName":null,"hospitalName":null,"phoneNumberHosital":null,"Nominee_First_Name":"kkkk","Nominee_Last_Name":"ahahajs","Nominee_Contact_Number":"","Nominee_Home_Address":null,"Nominee_Relationship_Code":"R002"}]},"ReceiptCreation":{"officeLocation":"Mumbai","modeOfEntry":"Direct","cdAcNo":null,"expiryDate":null,"payerType":"Customer","payerCode":null,"paymentBy":"Customer","paymentByName":null,"paymentByRelationship":null,"collectionAmount":9931,"collectionRcvdDate":"06\/20\/2020 10:49 AM","collectionMode":"online","remarks":null,"instrumentNumber":"pay_F4lE3Lcthhfxmv","instrumentDate":"2020-06-20","bankName":"HDFC","branchName":"0","bankLocation":null,"micrNo":null,"chequeType":null,"ifscCode":"0","PaymentGatewayName":"AXIS_NETB","TerminalID":"76010098","CardNo":null}} [] []
[2020-06-20 10:49:41] full_quote_reponse2.INFO: "<ns0:GHI_Res xmlns:ns0=\"http:\/\/ABHICL_NBP_QuickQuote_Schemas.GHI_Response\"><errorObj><ErrorNumber>00<\/ErrorNumber><ErrorMessage>Success<\/ErrorMessage><\/errorObj><policyDtls><TransactionReferenceNumber><\/TransactionReferenceNumber><QuotationNumber>TS100034798<\/QuotationNumber><CertificateNumber>GHI-TS-20-1000019<\/CertificateNumber><LetterURL>https:\/\/abpb.adityabirlahealth.com\/hbletter\/viewletter.aspx?ABH=46445&amp;TRM=GHI-TS-20-1000019<\/LetterURL><ClientID>1284254<\/ClientID><ProductName>Group Activ Health<\/ProductName><ProductCode>4211<\/ProductCode><LineOfBusiness>42<\/LineOfBusiness><startDate>6\/20\/2020 12:00:00 AM<\/startDate><EndDate>6\/19\/2021 12:00:00 AM<\/EndDate><PolicyNumber>61-20-00020-00-00<\/PolicyNumber><ProposalNumber>TS100034798<\/ProposalNumber><PolicyStatus>IF<\/PolicyStatus><Tenure>1<\/Tenure><stpFlag>0<\/stpFlag><COIUrl>Could not find file u0027c:windowssystem32inetsrvObject cannot be cast from DBNull to other typesu0027.<\/COIUrl><\/policyDtls><premium><BasePremium>8416.10<\/BasePremium><NetPremium>8416.10<\/NetPremium><GST>1514.90<\/GST><GrossPremium>9931.00<\/GrossPremium><\/premium><receiptObj><ReceiptNumber>R100181365<\/ReceiptNumber><ReceiptAmount>9931.00<\/ReceiptAmount><ExcessAmount>0.00<\/ExcessAmount><\/receiptObj><\/ns0:GHI_Res>" [] []
[2020-06-20 10:49:41] api_insert.INFO: {"emp_id":"620493","client_id":"1284254","certificate_number":"GHI-TS-20-1000019","quotation_no":"TS100034798","proposal_no":"TS100034798","policy_no":"61-20-00020-00-00","gross_premium":null,"status":"Success","start_date":"6\/20\/2020 12:00:00 AM","end_date":"6\/19\/2021 12:00:00 AM","created_date":"2020-06-20 10:49:41","proposal_no_lead":"P-202006200000","PolicyStatus":"IF","letter_url":"https:\/\/abpb.adityabirlahealth.com\/hbletter\/viewletter.aspx?ABH=46445&TRM=GHI-TS-20-1000019","type_login":""} [] []
[2020-06-20 10:49:41] generateOTP.INFO: test [] []
[2020-06-20 10:50:06] generateOTP.INFO: test [] []
[2020-06-20 10:50:07] generateOTP.INFO: test [] []
[2020-06-20 10:50:08] generateOTP.INFO: test [] []
[2020-06-20 10:50:23] generateOTP.INFO: test [] []
[2020-06-20 10:51:32] generateOTP.INFO: test [] []
[2020-06-20 10:54:08] generateOTP.INFO: {"edit":"0","policy_no":"415","subtype_text":"1","master_policy_number":"61-20-00020-00-00","sum_insure":"1000000","familyConstruct":"2A+1K","businessType":"New","family_members_id":"1","family_salutation":"Mrs","family_gender":"Female","first_name":"jjsjs","last_name":"sakksaks","family_date_birth":"01-06-1981","age":"39","age_type":"years","remark":"","sub_type_check":["1"],"43":"No","46":"No","myGHD":{"A":{"format":"A_No"},"B":{"format":"B_No","remark":""},"C1":{"format":"C1_No","remark":""},"C2":{"format":"C2_No","remark":""},"D1":{"format":"D1_No","remark":""},"D2":{"format":"D2_No","remark":""},"D3":{"format":"D3_No","remark":""},"D4":{"format":"D4_No","remark":""},"E":{"format":"E_No","remark":""}},"family_id":"","s_date":"","marriage_date":"","premium":"15903","policyNo":"415","familyDataType":"family_construct","declare":"[{\"question\":\"43\",\"format\":\"No\"},{\"question\":\"46\",\"format\":\"No\"}]"} [] []
[2020-06-20 10:55:32] generateOTP.INFO: {"edit":"0","policy_no":"415","subtype_text":"1","master_policy_number":"61-20-00020-00-00","sum_insure":"1000000","familyConstruct":"2A+1K","businessType":"New","family_members_id":"0","family_salutation":"Mr","family_gender":"Male","first_name":"hehhhe","last_name":"kkkkk","family_date_birth":"17-12-1979","age":"40","age_type":"years","remark":"","myGHD":{"A":{"format":"A_No"},"B":{"format":"B_No","remark":""},"C1":{"format":"C1_No","remark":""},"C2":{"format":"C2_No","remark":""},"D1":{"format":"D1_No","remark":""},"D2":{"format":"D2_No","remark":""},"D3":{"format":"D3_No","remark":""},"D4":{"format":"D4_No","remark":""},"E":{"format":"E_No","remark":""}},"family_id":"","s_date":"","marriage_date":"","premium":"15903","policyNo":"415","familyDataType":"family_construct","declare":"[]"} [] []
[2020-06-20 10:56:44] generateOTP.INFO: test [] []
[2020-06-20 10:56:46] generateOTP.INFO: test [] []
[2020-06-20 10:56:47] generateOTP.INFO: test [] []
[2020-06-20 10:57:03] generateOTP.INFO: test [] []
[2020-06-20 10:59:12] generateOTP.INFO: test [] []
[2020-06-20 10:59:12] generateOTP.INFO: test [] []
[2020-06-20 10:59:13] generateOTP.INFO: test [] []
[2020-06-20 10:59:59] generateOTP.INFO: test [] []
[2020-06-20 11:00:21] generateOTP.INFO: test [] []
[2020-06-20 11:00:50] generateOTP.INFO: test [] []
[2020-06-20 11:02:56] generateOTP.INFO: test [] []
[2020-06-20 11:02:56] generateOTP.INFO: test [] []
[2020-06-20 11:02:57] generateOTP.INFO: test [] []
[2020-06-20 11:03:17] generateOTP.INFO: test [] []
[2020-06-20 11:11:56] generateOTP.INFO: test [] []
[2020-06-20 11:11:58] generateOTP.INFO: test [] []
[2020-06-20 11:11:59] generateOTP.INFO: test [] []
[2020-06-20 11:12:09] generateOTP.INFO: test [] []
[2020-06-20 11:12:18] generateOTP.INFO: test [] []
[2020-06-20 11:21:47] generateOTP.INFO: test [] []
[2020-06-20 11:21:48] generateOTP.INFO: test [] []
[2020-06-20 11:22:20] generateOTP.INFO: test [] []
[2020-06-20 11:23:13] generateOTP.INFO: test [] []
[2020-06-20 11:29:21] generateOTP.INFO: test [] []
[2020-06-20 11:34:35] generateOTP.INFO: {"edit":"0","policy_no":"415","subtype_text":"1","master_policy_number":"61-20-00020-00-00","sum_insure":"500000","familyConstruct":"2A","businessType":"New","family_members_id":"0","family_salutation":"Mrs","family_gender":"Female","first_name":"dhanashree","last_name":"bhojane","family_date_birth":"09-06-1983","age":"37","age_type":"years","remark":"","myGHD":{"A":{"format":"A_Yes"},"B":{"format":"B_No","remark":""},"C1":{"format":"C1_No","remark":""},"C2":{"format":"C2_No","remark":""},"D1":{"format":"D1_No","remark":""},"D2":{"format":"D2_No","remark":""},"D3":{"format":"D3_No","remark":""},"D4":{"format":"D4_No","remark":""},"E":{"format":"E_No","remark":""}},"family_id":"","s_date":"","marriage_date":"","premium":"9931","policyNo":"415","familyDataType":"family_construct","declare":"[]"} [] []
[2020-06-20 11:36:24] generateOTP.INFO: {"edit":"0","policy_no":"415","subtype_text":"1","master_policy_number":"61-20-00020-00-00","sum_insure":"500000","familyConstruct":"2A","businessType":"New","family_members_id":"1","family_salutation":"Mr","family_gender":"Male","first_name":"spouse","last_name":"testentry","family_date_birth":"18-01-1988","age":"32","age_type":"years","remark":"","myGHD":{"A":{"format":"A_No"},"B":{"format":"B_No","remark":""},"C1":{"format":"C1_No","remark":""},"C2":{"format":"C2_No","remark":""},"D1":{"format":"D1_No","remark":""},"D2":{"format":"D2_No","remark":""},"D3":{"format":"D3_No","remark":""},"D4":{"format":"D4_No","remark":""},"E":{"format":"E_No","remark":""}},"family_id":"","s_date":"","marriage_date":"","premium":"9931","policyNo":"415","familyDataType":"family_construct","declare":"[]"} [] []
[2020-06-20 11:46:25] generateOTP.INFO: test [] []
[2020-06-20 11:46:31] generateOTP.INFO: test [] []
[2020-06-20 11:46:31] generateOTP.INFO: test [] []
[2020-06-20 11:46:45] generateOTP.INFO: test [] []
[2020-06-20 11:46:46] generateOTP.INFO: test [] []
[2020-06-20 11:46:47] generateOTP.INFO: test [] []
[2020-06-20 11:46:53] generateOTP.INFO: test [] []
[2020-06-20 11:47:00] generateOTP.INFO: test [] []
[2020-06-20 11:47:00] generateOTP.INFO: test [] []
[2020-06-20 11:49:35] generateOTP.INFO: test [] []
[2020-06-20 11:49:36] generateOTP.INFO: test [] []
[2020-06-20 11:49:40] generateOTP.INFO: test [] []
[2020-06-20 11:51:33] generateOTP.INFO: test [] []
[2020-06-20 11:51:37] generateOTP.INFO: test [] []
[2020-06-20 11:52:46] generateOTP.INFO: test [] []
[2020-06-20 11:53:59] generateOTP.INFO: test [] []
[2020-06-20 11:54:09] generateOTP.INFO: test [] []
[2020-06-20 11:55:14] generateOTP.INFO: test [] []
[2020-06-20 11:55:19] generateOTP.INFO: test [] []
[2020-06-20 11:55:20] generateOTP.INFO: test [] []
[2020-06-20 11:56:47] generateOTP.INFO: test [] []
[2020-06-20 11:56:48] generateOTP.INFO: test [] []
[2020-06-20 11:56:52] generateOTP.INFO: test [] []
[2020-06-20 11:56:54] generateOTP.INFO: test [] []
[2020-06-20 11:56:58] generateOTP.INFO: test [] []
[2020-06-20 11:57:05] generateOTP.INFO: test [] []
[2020-06-20 11:58:39] generateOTP.INFO: test [] []
[2020-06-20 11:59:09] generateOTP.INFO: test [] []
[2020-06-20 12:02:23] generateOTP.INFO: test [] []
[2020-06-20 12:02:24] generateOTP.INFO: test [] []
[2020-06-20 12:02:52] generateOTP.INFO: test [] []
[2020-06-20 12:03:07] generateOTP.INFO: test [] []
[2020-06-20 12:03:30] generateOTP.INFO: test [] []
[2020-06-20 12:03:48] generateOTP.INFO: test [] []
[2020-06-20 12:09:05] generateOTP.INFO: test [] []
[2020-06-20 12:16:41] generateOTP.INFO: test [] []
[2020-06-20 12:16:41] generateOTP.INFO: test [] []
[2020-06-20 12:16:43] generateOTP.INFO: test [] []
[2020-06-20 12:16:45] generateOTP.INFO: test [] []
[2020-06-20 12:16:49] generateOTP.INFO: test [] []
[2020-06-20 12:17:52] generateOTP.INFO: test [] []
[2020-06-20 12:19:31] generateOTP.INFO: test [] []
[2020-06-20 12:19:40] generateOTP.INFO: test [] []
[2020-06-20 12:19:57] generateOTP.INFO: test [] []
[2020-06-20 12:20:44] generateOTP.INFO: test [] []
[2020-06-20 12:23:40] generateOTP.INFO: test [] []
[2020-06-20 12:27:23] generateOTP.INFO: test [] []
[2020-06-20 12:27:47] generateOTP.INFO: test [] []
[2020-06-20 12:27:57] generateOTP.INFO: test [] []
[2020-06-20 12:28:40] generateOTP.INFO: test [] []
[2020-06-20 12:29:58] generateOTP.INFO: test [] []
[2020-06-20 12:30:55] generateOTP.INFO: test [] []
[2020-06-20 12:30:55] generateOTP.INFO: test [] []
[2020-06-20 12:30:56] generateOTP.INFO: test [] []
[2020-06-20 12:32:21] generateOTP.INFO: test [] []
[2020-06-20 12:32:24] generateOTP.INFO: test [] []
[2020-06-20 12:35:47] generateOTP.INFO: test [] []
[2020-06-20 12:35:49] generateOTP.INFO: test [] []
[2020-06-20 12:36:26] generateOTP.INFO: test [] []
[2020-06-20 12:38:16] generateOTP.INFO: test [] []
[2020-06-20 12:39:40] generateOTP.INFO: test [] []
[2020-06-20 12:39:41] generateOTP.INFO: test [] []
[2020-06-20 12:39:44] generateOTP.INFO: test [] []
[2020-06-20 12:39:55] generateOTP.INFO: test [] []
[2020-06-20 12:39:56] generateOTP.INFO: test [] []
[2020-06-20 12:39:58] generateOTP.INFO: test [] []
[2020-06-20 12:40:38] generateOTP.INFO: test [] []
[2020-06-20 12:41:34] generateOTP.INFO: test [] []
[2020-06-20 12:45:38] generateOTP.INFO: test [] []
[2020-06-20 12:45:46] generateOTP.INFO: test [] []
[2020-06-20 12:47:03] generateOTP.INFO: test [] []
[2020-06-20 12:53:55] generateOTP.INFO: test [] []
[2020-06-20 12:54:20] generateOTP.INFO: test [] []
[2020-06-20 12:54:21] generateOTP.INFO: test [] []
[2020-06-20 12:54:22] generateOTP.INFO: test [] []
[2020-06-20 12:54:34] generateOTP.INFO: test [] []
[2020-06-20 12:54:35] generateOTP.INFO: test [] []
[2020-06-20 12:54:35] generateOTP.INFO: test [] []
[2020-06-20 12:54:40] generateOTP.INFO: test [] []
[2020-06-20 12:54:41] generateOTP.INFO: test [] []
[2020-06-20 12:55:03] generateOTP.INFO: test [] []
[2020-06-20 12:55:31] generateOTP.INFO: test [] []
[2020-06-20 12:55:31] generateOTP.INFO: test [] []
[2020-06-20 12:55:32] generateOTP.INFO: test [] []
[2020-06-20 12:55:48] generateOTP.INFO: test [] []
[2020-06-20 12:55:58] generateOTP.INFO: test [] []
[2020-06-20 12:56:18] generateOTP.INFO: test [] []
[2020-06-20 12:56:49] full_quote_request1.INFO: {"ClientCreation":{"Member_Customer_ID":"159262959911117","salutation":"Mr","firstName":"Sgkkk","middleName":"","lastName":"KKKggg","dateofBirth":"12\/17\/1979","gender":"M","educationalQualification":null,"pinCode":"421203","uidNo":null,"maritalStatus":null,"nationality":"Indian","occupation":"O553","primaryEmailID":"dgshjs@gmail.com","contactMobileNo":"9988776655","stdLandlineNo":null,"panNo":null,"passportNumber":null,"contactPerson":null,"annualIncome":null,"remarks":null,"startDate":"2020-06-20","endDate":null,"IdProof":"Adhaar Card","residenceProof":null,"ageProof":null,"others":null,"homeAddressLine1":"kskskks","homeAddressLine2":null,"homeAddressLine3":null,"homePinCode":"421203","homeArea":null,"homeContactMobileNo":null,"homeContactMobileNo2":null,"homeSTDLandlineNo":null,"homeFaxNo":null,"sameAsHomeAddress":"1","mailingAddressLine1":null,"mailingAddressLine2":null,"mailingAddressLine3":null,"mailingPinCode":null,"mailingArea":null,"mailingContactMobileNo":null,"mailingContactMobileNo2":null,"mailingSTDLandlineNo":null,"mailingSTDLandlineNo2":null,"mailingFaxNo":null,"bankAccountType":null,"bankAccountNo":null,"ifscCode":null,"GSTIN":null,"GSTRegistrationStatus":"Consumers","IsEIAavailable":"0","ApplyEIA":"0","EIAAccountNo":null,"EIAWith":"0","AccountType":null,"AddressProof":null,"DOBProof":null,"IdentityProof":null},"PolicyCreationRequest":{"Quotation_Number":"","MasterPolicyNumber":"61-20-00025-00-00","GroupID":"GRP006","Product_Code":"4211","intermediaryCode":"2104703","AutoRenewal":"Y","intermediaryBranchCode":"10MHMUM01","agentSignatureDate":null,"Customer_Signature_Date":null,"businessSourceChannel":null,"AssignPolicy":"0","AssigneeName":null,"leadID":"1592637090","Source_Name":"AXIS_TELE","SPID":"0","TCN":null,"CRTNO":null,"RefCode1":"0","RefCode2":"069","Employee_Number":"620499","enumIsEmployeeDiscount":null,"QuoteDate":null,"IsPayment":"0","PaymentMode":null,"PolicyproductComponents":[{"PlanCode":"4211","SumInsured":"1000000","SchemeCode":"4112000003"}]},"MemObj":{"Member":[{"MemberNo":1,"Salutation":"Mr","First_Name":"Sgkkk","Middle_Name":null,"Last_Name":"KKKggg","Gender":"M","DateOfBirth":"12\/17\/1979","Relation_Code":"R001","Marital_Status":null,"height":"0.00","weight":"0","occupation":"O553","PrimaryMember":"Y","MemberproductComponents":[{"PlanCode":"4211","MemberQuestionDetails":[{"QuestionCode":null,"Answer":null,"Remarks":null}]}],"MemberPED":[{"PEDCode":null,"Remarks":null}],"exactDiagnosis":null,"dateOfDiagnosis":null,"lastDateConsultation":null,"detailsOfTreatmentGiven":null,"doctorName":null,"hospitalName":null,"phoneNumberHosital":null,"Nominee_First_Name":"kskks","Nominee_Last_Name":"jshjsjs","Nominee_Contact_Number":"","Nominee_Home_Address":null,"Nominee_Relationship_Code":"R002"},{"MemberNo":2,"Salutation":"Mrs","First_Name":"kskks","Middle_Name":null,"Last_Name":"jshjsjs","Gender":"F","DateOfBirth":"06\/05\/1982","Relation_Code":"R002","Marital_Status":null,"height":"0.00","weight":"0","occupation":"O553","PrimaryMember":"N","MemberproductComponents":[{"PlanCode":"4211","MemberQuestionDetails":[{"QuestionCode":null,"Answer":null,"Remarks":null}]}],"MemberPED":[{"PEDCode":"PE002","Remarks":null}],"exactDiagnosis":null,"dateOfDiagnosis":null,"lastDateConsultation":null,"detailsOfTreatmentGiven":null,"doctorName":null,"hospitalName":null,"phoneNumberHosital":null,"Nominee_First_Name":"kskks","Nominee_Last_Name":"jshjsjs","Nominee_Contact_Number":"","Nominee_Home_Address":null,"Nominee_Relationship_Code":"R002"},{"MemberNo":3,"Salutation":"Mr","First_Name":"knfksn","Middle_Name":null,"Last_Name":"ksksks","Gender":"M","DateOfBirth":"06\/08\/2002","Relation_Code":"R003","Marital_Status":null,"height":"0.00","weight":"0","occupation":"O553","PrimaryMember":"N","MemberproductComponents":[{"PlanCode":"4211","MemberQuestionDetails":[{"QuestionCode":null,"Answer":null,"Remarks":null}]}],"MemberPED":[{"PEDCode":null,"Remarks":null}],"exactDiagnosis":null,"dateOfDiagnosis":null,"lastDateConsultation":null,"detailsOfTreatmentGiven":null,"doctorName":null,"hospitalName":null,"phoneNumberHosital":null,"Nominee_First_Name":"kskks","Nominee_Last_Name":"jshjsjs","Nominee_Contact_Number":"","Nominee_Home_Address":null,"Nominee_Relationship_Code":"R002"}]},"ReceiptCreation":{"officeLocation":"","modeOfEntry":"","cdAcNo":null,"expiryDate":null,"payerType":"","payerCode":null,"paymentBy":"","paymentByName":null,"paymentByRelationship":null,"collectionAmount":"","collectionRcvdDate":null,"collectionMode":"","remarks":null,"instrumentNumber":null,"instrumentDate":null,"bankName":null,"branchName":null,"bankLocation":null,"micrNo":null,"chequeType":null,"ifscCode":"","PaymentGatewayName":"","TerminalID":"","CardNo":null}} [] []
[2020-06-20 12:56:54] full_quote_reponse1.INFO: "<ns0:GHI_Res xmlns:ns0=\"http:\/\/ABHICL_NBP_QuickQuote_Schemas.GHI_Response\"><errorObj><ErrorNumber>00<\/ErrorNumber><ErrorMessage>Success<\/ErrorMessage><\/errorObj><policyDtls><TransactionReferenceNumber><\/TransactionReferenceNumber><QuotationNumber>TS100034806<\/QuotationNumber><CertificateNumber><\/CertificateNumber><LetterURL><\/LetterURL><ClientID><\/ClientID><ProductName>Group Activ Health<\/ProductName><ProductCode>4211<\/ProductCode><LineOfBusiness>42<\/LineOfBusiness><startDate><\/startDate><EndDate><\/EndDate><PolicyNumber>61-20-00025-00-00<\/PolicyNumber><ProposalNumber><\/ProposalNumber><PolicyStatus>PQ1<\/PolicyStatus><Tenure>1<\/Tenure><stpFlag>0<\/stpFlag><COIUrl>Could not find file u0027c:windowssystem32inetsrvObject cannot be cast from DBNull to other typesu0027.<\/COIUrl><\/policyDtls><premium><BasePremium>13477.12<\/BasePremium><NetPremium>13477.12<\/NetPremium><GST>2425.88<\/GST><GrossPremium>15903.00<\/GrossPremium><\/premium><receiptObj><ReceiptNumber><\/ReceiptNumber><ReceiptAmount><\/ReceiptAmount><ExcessAmount><\/ExcessAmount><\/receiptObj><\/ns0:GHI_Res>" [] []
[2020-06-20 12:57:07] full_quote_request2.INFO: {"ClientCreation":{"Member_Customer_ID":"159262959911117","salutation":"Mr","firstName":"Sgkkk","middleName":"","lastName":"KKKggg","dateofBirth":"12\/17\/1979","gender":"M","educationalQualification":null,"pinCode":"421203","uidNo":null,"maritalStatus":null,"nationality":"Indian","occupation":"O553","primaryEmailID":"dgshjs@gmail.com","contactMobileNo":"9988776655","stdLandlineNo":null,"panNo":null,"passportNumber":null,"contactPerson":null,"annualIncome":null,"remarks":null,"startDate":"2020-06-20","endDate":null,"IdProof":"Adhaar Card","residenceProof":null,"ageProof":null,"others":null,"homeAddressLine1":"kskskks","homeAddressLine2":null,"homeAddressLine3":null,"homePinCode":"421203","homeArea":null,"homeContactMobileNo":null,"homeContactMobileNo2":null,"homeSTDLandlineNo":null,"homeFaxNo":null,"sameAsHomeAddress":"1","mailingAddressLine1":null,"mailingAddressLine2":null,"mailingAddressLine3":null,"mailingPinCode":null,"mailingArea":null,"mailingContactMobileNo":null,"mailingContactMobileNo2":null,"mailingSTDLandlineNo":null,"mailingSTDLandlineNo2":null,"mailingFaxNo":null,"bankAccountType":null,"bankAccountNo":null,"ifscCode":null,"GSTIN":null,"GSTRegistrationStatus":"Consumers","IsEIAavailable":"0","ApplyEIA":"0","EIAAccountNo":null,"EIAWith":"0","AccountType":null,"AddressProof":null,"DOBProof":null,"IdentityProof":null},"PolicyCreationRequest":{"Quotation_Number":"TS100034806","MasterPolicyNumber":"61-20-00025-00-00","GroupID":"GRP006","Product_Code":"4211","intermediaryCode":"2104703","AutoRenewal":"Y","intermediaryBranchCode":"10MHMUM01","agentSignatureDate":null,"Customer_Signature_Date":null,"businessSourceChannel":null,"AssignPolicy":"0","AssigneeName":null,"leadID":"1592637090","Source_Name":"AXIS_TELE","SPID":"0","TCN":null,"CRTNO":null,"RefCode1":"0","RefCode2":"069","Employee_Number":"620499","enumIsEmployeeDiscount":null,"QuoteDate":null,"IsPayment":"1","PaymentMode":null,"PolicyproductComponents":[{"PlanCode":"4211","SumInsured":"1000000","SchemeCode":"4112000003"}]},"MemObj":{"Member":[{"MemberNo":1,"Salutation":"Mr","First_Name":"Sgkkk","Middle_Name":null,"Last_Name":"KKKggg","Gender":"M","DateOfBirth":"12\/17\/1979","Relation_Code":"R001","Marital_Status":null,"height":"0.00","weight":"0","occupation":"O553","PrimaryMember":"Y","MemberproductComponents":[{"PlanCode":"4211","MemberQuestionDetails":[{"QuestionCode":null,"Answer":null,"Remarks":null}]}],"MemberPED":[{"PEDCode":null,"Remarks":null}],"exactDiagnosis":null,"dateOfDiagnosis":null,"lastDateConsultation":null,"detailsOfTreatmentGiven":null,"doctorName":null,"hospitalName":null,"phoneNumberHosital":null,"Nominee_First_Name":"kskks","Nominee_Last_Name":"jshjsjs","Nominee_Contact_Number":"","Nominee_Home_Address":null,"Nominee_Relationship_Code":"R002"},{"MemberNo":2,"Salutation":"Mrs","First_Name":"kskks","Middle_Name":null,"Last_Name":"jshjsjs","Gender":"F","DateOfBirth":"06\/05\/1982","Relation_Code":"R002","Marital_Status":null,"height":"0.00","weight":"0","occupation":"O553","PrimaryMember":"N","MemberproductComponents":[{"PlanCode":"4211","MemberQuestionDetails":[{"QuestionCode":null,"Answer":null,"Remarks":null}]}],"MemberPED":[{"PEDCode":"PE002","Remarks":null}],"exactDiagnosis":null,"dateOfDiagnosis":null,"lastDateConsultation":null,"detailsOfTreatmentGiven":null,"doctorName":null,"hospitalName":null,"phoneNumberHosital":null,"Nominee_First_Name":"kskks","Nominee_Last_Name":"jshjsjs","Nominee_Contact_Number":"","Nominee_Home_Address":null,"Nominee_Relationship_Code":"R002"},{"MemberNo":3,"Salutation":"Mr","First_Name":"knfksn","Middle_Name":null,"Last_Name":"ksksks","Gender":"M","DateOfBirth":"06\/08\/2002","Relation_Code":"R003","Marital_Status":null,"height":"0.00","weight":"0","occupation":"O553","PrimaryMember":"N","MemberproductComponents":[{"PlanCode":"4211","MemberQuestionDetails":[{"QuestionCode":null,"Answer":null,"Remarks":null}]}],"MemberPED":[{"PEDCode":null,"Remarks":null}],"exactDiagnosis":null,"dateOfDiagnosis":null,"lastDateConsultation":null,"detailsOfTreatmentGiven":null,"doctorName":null,"hospitalName":null,"phoneNumberHosital":null,"Nominee_First_Name":"kskks","Nominee_Last_Name":"jshjsjs","Nominee_Contact_Number":"","Nominee_Home_Address":null,"Nominee_Relationship_Code":"R002"}]},"ReceiptCreation":{"officeLocation":"Mumbai","modeOfEntry":"Direct","cdAcNo":null,"expiryDate":null,"payerType":"Customer","payerCode":null,"paymentBy":"Customer","paymentByName":null,"paymentByRelationship":null,"collectionAmount":15903,"collectionRcvdDate":"06\/20\/2020 12:57 PM","collectionMode":"online","remarks":null,"instrumentNumber":"pay_F4nOktYzmYqHKr","instrumentDate":"2020-06-20","bankName":"HDFC","branchName":"0","bankLocation":null,"micrNo":null,"chequeType":null,"ifscCode":"0","PaymentGatewayName":"AXIS_NETB","TerminalID":"76010098","CardNo":null}} [] []
[2020-06-20 12:57:12] full_quote_reponse2.INFO: "<ns0:GHI_Res xmlns:ns0=\"http:\/\/ABHICL_NBP_QuickQuote_Schemas.GHI_Response\"><errorObj><ErrorNumber>00<\/ErrorNumber><ErrorMessage>Success<\/ErrorMessage><\/errorObj><policyDtls><TransactionReferenceNumber><\/TransactionReferenceNumber><QuotationNumber>TS100034807<\/QuotationNumber><CertificateNumber>GHI-TS-20-1000023<\/CertificateNumber><LetterURL>https:\/\/abpb.adityabirlahealth.com\/hbletter\/viewletter.aspx?ABH=46454&amp;TRM=GHI-TS-20-1000023<\/LetterURL><ClientID>1284260<\/ClientID><ProductName>Group Activ Health<\/ProductName><ProductCode>4211<\/ProductCode><LineOfBusiness>42<\/LineOfBusiness><startDate>6\/20\/2020 12:00:00 AM<\/startDate><EndDate>6\/19\/2021 12:00:00 AM<\/EndDate><PolicyNumber>61-20-00025-00-00<\/PolicyNumber><ProposalNumber>TS100034807<\/ProposalNumber><PolicyStatus>IF<\/PolicyStatus><Tenure>1<\/Tenure><stpFlag>0<\/stpFlag><COIUrl>Could not find file u0027c:windowssystem32inetsrvObject cannot be cast from DBNull to other typesu0027.<\/COIUrl><\/policyDtls><premium><BasePremium>13477.12<\/BasePremium><NetPremium>13477.12<\/NetPremium><GST>2425.88<\/GST><GrossPremium>15903.00<\/GrossPremium><\/premium><receiptObj><ReceiptNumber>R100181373<\/ReceiptNumber><ReceiptAmount>15903.00<\/ReceiptAmount><ExcessAmount>0.00<\/ExcessAmount><\/receiptObj><\/ns0:GHI_Res>" [] []
[2020-06-20 12:57:12] api_insert.INFO: {"emp_id":"620499","client_id":"1284260","certificate_number":"GHI-TS-20-1000023","quotation_no":"TS100034807","proposal_no":"TS100034807","policy_no":"61-20-00025-00-00","gross_premium":null,"status":"Success","start_date":"6\/20\/2020 12:00:00 AM","end_date":"6\/19\/2021 12:00:00 AM","created_date":"2020-06-20 12:57:12","proposal_no_lead":"P-202006200004","PolicyStatus":"IF","letter_url":"https:\/\/abpb.adityabirlahealth.com\/hbletter\/viewletter.aspx?ABH=46454&TRM=GHI-TS-20-1000023","type_login":""} [] []
[2020-06-20 12:57:13] generateOTP.INFO: test [] []
[2020-06-20 13:09:14] generateOTP.INFO: test [] []
[2020-06-20 13:16:01] generateOTP.INFO: test [] []
[2020-06-20 13:16:02] generateOTP.INFO: test [] []
[2020-06-20 13:16:08] generateOTP.INFO: test [] []
[2020-06-20 13:16:13] generateOTP.INFO: test [] []
[2020-06-20 13:16:39] generateOTP.INFO: test [] []
[2020-06-20 13:17:24] generateOTP.INFO: test [] []
[2020-06-20 13:21:02] generateOTP.INFO: test [] []
[2020-06-20 13:24:14] generateOTP.INFO: test [] []
[2020-06-20 13:24:55] generateOTP.INFO: test [] []
[2020-06-20 13:24:55] generateOTP.INFO: test [] []
[2020-06-20 13:25:01] generateOTP.INFO: test [] []
[2020-06-20 13:25:11] generateOTP.INFO: test [] []
[2020-06-20 13:25:22] generateOTP.INFO: test [] []
[2020-06-20 13:25:23] generateOTP.INFO: test [] []
[2020-06-20 13:25:26] generateOTP.INFO: test [] []
[2020-06-20 13:25:45] generateOTP.INFO: test [] []
[2020-06-20 13:26:35] generateOTP.INFO: test [] []
[2020-06-20 13:26:46] full_quote_request1.INFO: {"ClientCreation":{"Member_Customer_ID":"159262959911116","salutation":"Mr","firstName":"testname","middleName":"","lastName":"one","dateofBirth":"06\/19\/1986","gender":"M","educationalQualification":null,"pinCode":"410210","uidNo":null,"maritalStatus":null,"nationality":"Indian","occupation":"O553","primaryEmailID":"testname@gmail.com","contactMobileNo":"9922313146","stdLandlineNo":null,"panNo":null,"passportNumber":null,"contactPerson":null,"annualIncome":null,"remarks":null,"startDate":"2020-06-20","endDate":null,"IdProof":"Adhaar Card","residenceProof":null,"ageProof":null,"others":null,"homeAddressLine1":"adsfasdfsadf","homeAddressLine2":null,"homeAddressLine3":null,"homePinCode":"410210","homeArea":null,"homeContactMobileNo":null,"homeContactMobileNo2":null,"homeSTDLandlineNo":null,"homeFaxNo":null,"sameAsHomeAddress":"1","mailingAddressLine1":null,"mailingAddressLine2":null,"mailingAddressLine3":null,"mailingPinCode":null,"mailingArea":null,"mailingContactMobileNo":null,"mailingContactMobileNo2":null,"mailingSTDLandlineNo":null,"mailingSTDLandlineNo2":null,"mailingFaxNo":null,"bankAccountType":null,"bankAccountNo":null,"ifscCode":null,"GSTIN":null,"GSTRegistrationStatus":"Consumers","IsEIAavailable":"0","ApplyEIA":"0","EIAAccountNo":null,"EIAWith":"0","AccountType":null,"AddressProof":null,"DOBProof":null,"IdentityProof":null},"PolicyCreationRequest":{"Quotation_Number":"","MasterPolicyNumber":"61-20-00025-00-00","GroupID":"GRP006","Product_Code":"4211","intermediaryCode":"2104703","AutoRenewal":"Y","intermediaryBranchCode":"10MHMUM01","agentSignatureDate":null,"Customer_Signature_Date":null,"businessSourceChannel":null,"AssignPolicy":"0","AssigneeName":null,"leadID":"1592636018","Source_Name":"AXIS_TELE","SPID":"0","TCN":null,"CRTNO":null,"RefCode1":"0","RefCode2":"069","Employee_Number":"620498","enumIsEmployeeDiscount":null,"QuoteDate":null,"IsPayment":"0","PaymentMode":null,"PolicyproductComponents":[{"PlanCode":"4211","SumInsured":"1000000","SchemeCode":"4112000003"}]},"MemObj":{"Member":[{"MemberNo":1,"Salutation":"Mr","First_Name":"testname","Middle_Name":null,"Last_Name":"one","Gender":"M","DateOfBirth":"06\/19\/1986","Relation_Code":"R001","Marital_Status":null,"height":"0.00","weight":"0","occupation":"O553","PrimaryMember":"Y","MemberproductComponents":[{"PlanCode":"4211","MemberQuestionDetails":[{"QuestionCode":null,"Answer":null,"Remarks":null}]}],"MemberPED":[{"PEDCode":null,"Remarks":null}],"exactDiagnosis":null,"dateOfDiagnosis":null,"lastDateConsultation":null,"detailsOfTreatmentGiven":null,"doctorName":null,"hospitalName":null,"phoneNumberHosital":null,"Nominee_First_Name":"sadfsaf","Nominee_Last_Name":"sfadfsdaf","Nominee_Contact_Number":"","Nominee_Home_Address":null,"Nominee_Relationship_Code":"R010"},{"MemberNo":2,"Salutation":"Mrs","First_Name":"fasddf","Middle_Name":null,"Last_Name":"asdfasdf","Gender":"F","DateOfBirth":"06\/17\/1982","Relation_Code":"R002","Marital_Status":null,"height":"0.00","weight":"0","occupation":"O553","PrimaryMember":"N","MemberproductComponents":[{"PlanCode":"4211","MemberQuestionDetails":[{"QuestionCode":null,"Answer":null,"Remarks":null}]}],"MemberPED":[{"PEDCode":null,"Remarks":null}],"exactDiagnosis":null,"dateOfDiagnosis":null,"lastDateConsultation":null,"detailsOfTreatmentGiven":null,"doctorName":null,"hospitalName":null,"phoneNumberHosital":null,"Nominee_First_Name":"sadfsaf","Nominee_Last_Name":"sfadfsdaf","Nominee_Contact_Number":"","Nominee_Home_Address":null,"Nominee_Relationship_Code":"R010"},{"MemberNo":3,"Salutation":"Ms","First_Name":"khjhkjhk","Middle_Name":null,"Last_Name":"dhgfgh","Gender":"F","DateOfBirth":"06\/25\/2008","Relation_Code":"R004","Marital_Status":null,"height":"0.00","weight":"0","occupation":"O553","PrimaryMember":"N","MemberproductComponents":[{"PlanCode":"4211","MemberQuestionDetails":[{"QuestionCode":null,"Answer":null,"Remarks":null}]}],"MemberPED":[{"PEDCode":null,"Remarks":null}],"exactDiagnosis":null,"dateOfDiagnosis":null,"lastDateConsultation":null,"detailsOfTreatmentGiven":null,"doctorName":null,"hospitalName":null,"phoneNumberHosital":null,"Nominee_First_Name":"sadfsaf","Nominee_Last_Name":"sfadfsdaf","Nominee_Contact_Number":"","Nominee_Home_Address":null,"Nominee_Relationship_Code":"R010"}]},"ReceiptCreation":{"officeLocation":"","modeOfEntry":"","cdAcNo":null,"expiryDate":null,"payerType":"","payerCode":null,"paymentBy":"","paymentByName":null,"paymentByRelationship":null,"collectionAmount":"","collectionRcvdDate":null,"collectionMode":"","remarks":null,"instrumentNumber":null,"instrumentDate":null,"bankName":null,"branchName":null,"bankLocation":null,"micrNo":null,"chequeType":null,"ifscCode":"","PaymentGatewayName":"","TerminalID":"","CardNo":null}} [] []
[2020-06-20 13:26:51] full_quote_reponse1.INFO: "<ns0:GHI_Res xmlns:ns0=\"http:\/\/ABHICL_NBP_QuickQuote_Schemas.GHI_Response\"><errorObj><ErrorNumber>00<\/ErrorNumber><ErrorMessage>Success<\/ErrorMessage><\/errorObj><policyDtls><TransactionReferenceNumber><\/TransactionReferenceNumber><QuotationNumber>TS100034808<\/QuotationNumber><CertificateNumber><\/CertificateNumber><LetterURL><\/LetterURL><ClientID><\/ClientID><ProductName>Group Activ Health<\/ProductName><ProductCode>4211<\/ProductCode><LineOfBusiness>42<\/LineOfBusiness><startDate><\/startDate><EndDate><\/EndDate><PolicyNumber>61-20-00025-00-00<\/PolicyNumber><ProposalNumber><\/ProposalNumber><PolicyStatus>PQ1<\/PolicyStatus><Tenure>1<\/Tenure><stpFlag>0<\/stpFlag><COIUrl>Could not find file u0027c:windowssystem32inetsrvObject cannot be cast from DBNull to other typesu0027.<\/COIUrl><\/policyDtls><premium><BasePremium>13477.12<\/BasePremium><NetPremium>13477.12<\/NetPremium><GST>2425.88<\/GST><GrossPremium>15903.00<\/GrossPremium><\/premium><receiptObj><ReceiptNumber><\/ReceiptNumber><ReceiptAmount><\/ReceiptAmount><ExcessAmount><\/ExcessAmount><\/receiptObj><\/ns0:GHI_Res>" [] []
[2020-06-20 13:27:04] full_quote_request2.INFO: {"ClientCreation":{"Member_Customer_ID":"159262959911116","salutation":"Mr","firstName":"testname","middleName":"","lastName":"one","dateofBirth":"06\/19\/1986","gender":"M","educationalQualification":null,"pinCode":"410210","uidNo":null,"maritalStatus":null,"nationality":"Indian","occupation":"O553","primaryEmailID":"testname@gmail.com","contactMobileNo":"9922313146","stdLandlineNo":null,"panNo":null,"passportNumber":null,"contactPerson":null,"annualIncome":null,"remarks":null,"startDate":"2020-06-20","endDate":null,"IdProof":"Adhaar Card","residenceProof":null,"ageProof":null,"others":null,"homeAddressLine1":"adsfasdfsadf","homeAddressLine2":null,"homeAddressLine3":null,"homePinCode":"410210","homeArea":null,"homeContactMobileNo":null,"homeContactMobileNo2":null,"homeSTDLandlineNo":null,"homeFaxNo":null,"sameAsHomeAddress":"1","mailingAddressLine1":null,"mailingAddressLine2":null,"mailingAddressLine3":null,"mailingPinCode":null,"mailingArea":null,"mailingContactMobileNo":null,"mailingContactMobileNo2":null,"mailingSTDLandlineNo":null,"mailingSTDLandlineNo2":null,"mailingFaxNo":null,"bankAccountType":null,"bankAccountNo":null,"ifscCode":null,"GSTIN":null,"GSTRegistrationStatus":"Consumers","IsEIAavailable":"0","ApplyEIA":"0","EIAAccountNo":null,"EIAWith":"0","AccountType":null,"AddressProof":null,"DOBProof":null,"IdentityProof":null},"PolicyCreationRequest":{"Quotation_Number":"TS100034808","MasterPolicyNumber":"61-20-00025-00-00","GroupID":"GRP006","Product_Code":"4211","intermediaryCode":"2104703","AutoRenewal":"Y","intermediaryBranchCode":"10MHMUM01","agentSignatureDate":null,"Customer_Signature_Date":null,"businessSourceChannel":null,"AssignPolicy":"0","AssigneeName":null,"leadID":"1592636018","Source_Name":"AXIS_TELE","SPID":"0","TCN":null,"CRTNO":null,"RefCode1":"0","RefCode2":"069","Employee_Number":"620498","enumIsEmployeeDiscount":null,"QuoteDate":null,"IsPayment":"1","PaymentMode":null,"PolicyproductComponents":[{"PlanCode":"4211","SumInsured":"1000000","SchemeCode":"4112000003"}]},"MemObj":{"Member":[{"MemberNo":1,"Salutation":"Mr","First_Name":"testname","Middle_Name":null,"Last_Name":"one","Gender":"M","DateOfBirth":"06\/19\/1986","Relation_Code":"R001","Marital_Status":null,"height":"0.00","weight":"0","occupation":"O553","PrimaryMember":"Y","MemberproductComponents":[{"PlanCode":"4211","MemberQuestionDetails":[{"QuestionCode":null,"Answer":null,"Remarks":null}]}],"MemberPED":[{"PEDCode":null,"Remarks":null}],"exactDiagnosis":null,"dateOfDiagnosis":null,"lastDateConsultation":null,"detailsOfTreatmentGiven":null,"doctorName":null,"hospitalName":null,"phoneNumberHosital":null,"Nominee_First_Name":"sadfsaf","Nominee_Last_Name":"sfadfsdaf","Nominee_Contact_Number":"","Nominee_Home_Address":null,"Nominee_Relationship_Code":"R010"},{"MemberNo":2,"Salutation":"Mrs","First_Name":"fasddf","Middle_Name":null,"Last_Name":"asdfasdf","Gender":"F","DateOfBirth":"06\/17\/1982","Relation_Code":"R002","Marital_Status":null,"height":"0.00","weight":"0","occupation":"O553","PrimaryMember":"N","MemberproductComponents":[{"PlanCode":"4211","MemberQuestionDetails":[{"QuestionCode":null,"Answer":null,"Remarks":null}]}],"MemberPED":[{"PEDCode":null,"Remarks":null}],"exactDiagnosis":null,"dateOfDiagnosis":null,"lastDateConsultation":null,"detailsOfTreatmentGiven":null,"doctorName":null,"hospitalName":null,"phoneNumberHosital":null,"Nominee_First_Name":"sadfsaf","Nominee_Last_Name":"sfadfsdaf","Nominee_Contact_Number":"","Nominee_Home_Address":null,"Nominee_Relationship_Code":"R010"},{"MemberNo":3,"Salutation":"Ms","First_Name":"khjhkjhk","Middle_Name":null,"Last_Name":"dhgfgh","Gender":"F","DateOfBirth":"06\/25\/2008","Relation_Code":"R004","Marital_Status":null,"height":"0.00","weight":"0","occupation":"O553","PrimaryMember":"N","MemberproductComponents":[{"PlanCode":"4211","MemberQuestionDetails":[{"QuestionCode":null,"Answer":null,"Remarks":null}]}],"MemberPED":[{"PEDCode":null,"Remarks":null}],"exactDiagnosis":null,"dateOfDiagnosis":null,"lastDateConsultation":null,"detailsOfTreatmentGiven":null,"doctorName":null,"hospitalName":null,"phoneNumberHosital":null,"Nominee_First_Name":"sadfsaf","Nominee_Last_Name":"sfadfsdaf","Nominee_Contact_Number":"","Nominee_Home_Address":null,"Nominee_Relationship_Code":"R010"}]},"ReceiptCreation":{"officeLocation":"Mumbai","modeOfEntry":"Direct","cdAcNo":null,"expiryDate":null,"payerType":"Customer","payerCode":null,"paymentBy":"Customer","paymentByName":null,"paymentByRelationship":null,"collectionAmount":15903,"collectionRcvdDate":"06\/20\/2020 01:26 PM","collectionMode":"online","remarks":null,"instrumentNumber":"pay_F4nuKCHS5fMjkx","instrumentDate":"2020-06-20","bankName":"SBIN","branchName":"0","bankLocation":null,"micrNo":null,"chequeType":null,"ifscCode":"0","PaymentGatewayName":"AXIS_NETB","TerminalID":"76010098","CardNo":null}} [] []
[2020-06-20 13:27:08] full_quote_reponse2.INFO: "<ns0:GHI_Res xmlns:ns0=\"http:\/\/ABHICL_NBP_QuickQuote_Schemas.GHI_Response\"><errorObj><ErrorNumber>00<\/ErrorNumber><ErrorMessage>Success<\/ErrorMessage><\/errorObj><policyDtls><TransactionReferenceNumber><\/TransactionReferenceNumber><QuotationNumber>TS100034809<\/QuotationNumber><CertificateNumber>GHI-TS-20-1000024<\/CertificateNumber><LetterURL>https:\/\/abpb.adityabirlahealth.com\/hbletter\/viewletter.aspx?ABH=46456&amp;TRM=GHI-TS-20-1000024<\/LetterURL><ClientID>1284270<\/ClientID><ProductName>Group Activ Health<\/ProductName><ProductCode>4211<\/ProductCode><LineOfBusiness>42<\/LineOfBusiness><startDate>6\/20\/2020 12:00:00 AM<\/startDate><EndDate>6\/19\/2021 12:00:00 AM<\/EndDate><PolicyNumber>61-20-00025-00-00<\/PolicyNumber><ProposalNumber>TS100034809<\/ProposalNumber><PolicyStatus>IF<\/PolicyStatus><Tenure>1<\/Tenure><stpFlag>0<\/stpFlag><COIUrl>Could not find file u0027c:windowssystem32inetsrvObject cannot be cast from DBNull to other typesu0027.<\/COIUrl><\/policyDtls><premium><BasePremium>13477.12<\/BasePremium><NetPremium>13477.12<\/NetPremium><GST>2425.88<\/GST><GrossPremium>15903.00<\/GrossPremium><\/premium><receiptObj><ReceiptNumber>R100181384<\/ReceiptNumber><ReceiptAmount>15903.00<\/ReceiptAmount><ExcessAmount>0.00<\/ExcessAmount><\/receiptObj><\/ns0:GHI_Res>" [] []
[2020-06-20 13:27:08] api_insert.INFO: {"emp_id":"620498","client_id":"1284270","certificate_number":"GHI-TS-20-1000024","quotation_no":"TS100034809","proposal_no":"TS100034809","policy_no":"61-20-00025-00-00","gross_premium":null,"status":"Success","start_date":"6\/20\/2020 12:00:00 AM","end_date":"6\/19\/2021 12:00:00 AM","created_date":"2020-06-20 13:27:08","proposal_no_lead":"P-202006200003","PolicyStatus":"IF","letter_url":"https:\/\/abpb.adityabirlahealth.com\/hbletter\/viewletter.aspx?ABH=46456&TRM=GHI-TS-20-1000024","type_login":""} [] []
[2020-06-20 13:27:10] generateOTP.INFO: test [] []
[2020-06-20 13:28:30] generateOTP.INFO: test [] []
[2020-06-20 13:28:58] generateOTP.INFO: test [] []
[2020-06-20 13:31:01] generateOTP.INFO: test [] []
[2020-06-20 13:34:15] generateOTP.INFO: test [] []
[2020-06-20 13:34:17] generateOTP.INFO: test [] []
[2020-06-20 13:34:28] generateOTP.INFO: test [] []
[2020-06-20 13:34:28] generateOTP.INFO: test [] []
[2020-06-20 13:34:35] generateOTP.INFO: test [] []
[2020-06-20 13:44:08] generateOTP.INFO: test [] []
[2020-06-20 13:44:08] generateOTP.INFO: test [] []
[2020-06-20 13:44:08] generateOTP.INFO: test [] []
[2020-06-20 13:44:15] generateOTP.INFO: test [] []
[2020-06-20 13:44:20] generateOTP.INFO: test [] []
[2020-06-20 13:44:50] generateOTP.INFO: test [] []
[2020-06-20 13:44:51] generateOTP.INFO: test [] []
[2020-06-20 13:45:09] generateOTP.INFO: test [] []
[2020-06-20 13:46:05] generateOTP.INFO: test [] []
[2020-06-20 13:46:13] generateOTP.INFO: test [] []
[2020-06-20 13:46:25] generateOTP.INFO: test [] []
[2020-06-20 13:46:26] generateOTP.INFO: test [] []
[2020-06-20 14:00:08] generateOTP.INFO: test [] []
[2020-06-20 14:00:08] generateOTP.INFO: test [] []
[2020-06-20 14:00:08] generateOTP.INFO: test [] []
[2020-06-20 14:00:46] generateOTP.INFO: test [] []
[2020-06-20 14:00:48] generateOTP.INFO: test [] []
[2020-06-20 14:01:06] generateOTP.INFO: test [] []
[2020-06-20 14:02:57] generateOTP.INFO: test [] []
[2020-06-20 14:03:57] generateOTP.INFO: test [] []
[2020-06-20 14:04:23] generateOTP.INFO: test [] []
[2020-06-20 14:10:37] generateOTP.INFO: test [] []
[2020-06-20 14:14:36] generateOTP.INFO: test [] []
[2020-06-20 14:14:45] generateOTP.INFO: test [] []
[2020-06-20 14:15:08] generateOTP.INFO: test [] []
[2020-06-20 14:16:05] generateOTP.INFO: test [] []
[2020-06-20 14:16:55] generateOTP.INFO: test [] []
[2020-06-20 14:16:56] generateOTP.INFO: test [] []
[2020-06-20 14:17:11] generateOTP.INFO: test [] []
[2020-06-20 14:17:12] generateOTP.INFO: test [] []
[2020-06-20 14:18:15] generateOTP.INFO: test [] []
[2020-06-20 14:18:15] generateOTP.INFO: test [] []
[2020-06-20 14:18:24] generateOTP.INFO: test [] []
[2020-06-20 14:18:24] generateOTP.INFO: test [] []
[2020-06-20 14:18:24] generateOTP.INFO: test [] []
[2020-06-20 14:18:24] generateOTP.INFO: test [] []
[2020-06-20 14:18:30] generateOTP.INFO: test [] []
[2020-06-20 14:25:42] generateOTP.INFO: test [] []
[2020-06-20 14:25:43] generateOTP.INFO: test [] []
[2020-06-20 14:29:08] generateOTP.INFO: test [] []
[2020-06-20 14:29:22] generateOTP.INFO: test [] []
[2020-06-20 14:30:36] generateOTP.INFO: test [] []
[2020-06-20 14:31:12] generateOTP.INFO: test [] []
[2020-06-20 14:34:37] generateOTP.INFO: test [] []
[2020-06-20 14:34:38] generateOTP.INFO: test [] []
[2020-06-20 14:34:53] generateOTP.INFO: test [] []
[2020-06-20 14:35:51] generateOTP.INFO: test [] []
[2020-06-20 14:36:04] generateOTP.INFO: test [] []
[2020-06-20 14:36:05] generateOTP.INFO: test [] []
[2020-06-20 14:36:15] generateOTP.INFO: test [] []
[2020-06-20 14:36:23] generateOTP.INFO: test [] []
[2020-06-20 14:36:31] generateOTP.INFO: test [] []
[2020-06-20 14:36:32] generateOTP.INFO: test [] []
[2020-06-20 14:37:00] generateOTP.INFO: test [] []
[2020-06-20 14:37:06] generateOTP.INFO: test [] []
[2020-06-20 14:37:15] generateOTP.INFO: test [] []
[2020-06-20 14:37:16] generateOTP.INFO: test [] []
[2020-06-20 14:37:32] generateOTP.INFO: test [] []
[2020-06-20 14:37:39] generateOTP.INFO: test [] []
[2020-06-20 14:37:59] generateOTP.INFO: test [] []
[2020-06-20 14:38:07] generateOTP.INFO: test [] []
[2020-06-20 14:38:08] generateOTP.INFO: test [] []
[2020-06-20 14:38:16] generateOTP.INFO: test [] []
[2020-06-20 14:38:22] generateOTP.INFO: test [] []
[2020-06-20 14:38:23] generateOTP.INFO: test [] []
[2020-06-20 14:38:30] generateOTP.INFO: test [] []
[2020-06-20 14:38:34] generateOTP.INFO: test [] []
[2020-06-20 14:47:16] generateOTP.INFO: test [] []
[2020-06-20 14:47:16] generateOTP.INFO: test [] []
[2020-06-20 14:47:17] generateOTP.INFO: test [] []
[2020-06-20 14:47:29] generateOTP.INFO: test [] []
[2020-06-20 16:27:13] generateOTP.INFO: test [] []
[2020-06-20 16:27:13] generateOTP.INFO: test [] []
[2020-06-20 16:27:24] generateOTP.INFO: test [] []
[2020-06-20 16:28:02] generateOTP.INFO: test [] []
[2020-06-20 16:29:05] generateOTP.INFO: test [] []
[2020-06-20 16:33:27] generateOTP.INFO: test [] []
[2020-06-20 16:35:12] generateOTP.INFO: test [] []
[2020-06-20 16:35:13] generateOTP.INFO: test [] []
[2020-06-20 16:35:14] generateOTP.INFO: test [] []
[2020-06-20 16:35:24] generateOTP.INFO: test [] []
[2020-06-20 16:35:27] generateOTP.INFO: test [] []
[2020-06-20 16:45:01] generateOTP.INFO: test [] []
[2020-06-20 16:45:19] generateOTP.INFO: test [] []
[2020-06-20 16:45:20] generateOTP.INFO: test [] []
[2020-06-20 16:45:42] generateOTP.INFO: test [] []
[2020-06-20 16:45:47] generateOTP.INFO: test [] []
[2020-06-20 16:45:51] generateOTP.INFO: test [] []
[2020-06-20 16:49:24] generateOTP.INFO: test [] []
[2020-06-20 16:50:17] generateOTP.INFO: test [] []
[2020-06-20 16:54:25] generateOTP.INFO: test [] []
[2020-06-20 17:39:32] generateOTP.INFO: test [] []
[2020-06-20 17:39:33] generateOTP.INFO: test [] []
[2020-06-20 17:39:57] generateOTP.INFO: test [] []
[2020-06-20 17:40:46] generateOTP.INFO: test [] []
[2020-06-20 17:40:47] generateOTP.INFO: test [] []
[2020-06-20 17:43:07] generateOTP.INFO: test [] []
[2020-06-20 17:43:10] generateOTP.INFO: test [] []
[2020-06-20 17:46:12] generateOTP.INFO: test [] []
[2020-06-20 17:46:12] generateOTP.INFO: test [] []
[2020-06-20 17:46:42] generateOTP.INFO: test [] []
[2020-06-20 17:47:12] generateOTP.INFO: test [] []
[2020-06-20 17:47:36] generateOTP.INFO: test [] []
[2020-06-20 17:47:37] generateOTP.INFO: test [] []
[2020-06-20 17:47:46] generateOTP.INFO: test [] []
[2020-06-20 17:47:49] generateOTP.INFO: test [] []
[2020-06-20 17:49:53] generateOTP.INFO: test [] []
[2020-06-20 17:49:54] generateOTP.INFO: test [] []
[2020-06-20 17:49:56] generateOTP.INFO: test [] []
[2020-06-20 17:50:06] generateOTP.INFO: test [] []
[2020-06-20 17:50:21] generateOTP.INFO: test [] []
[2020-06-20 18:02:14] generateOTP.INFO: test [] []
[2020-06-20 18:02:17] generateOTP.INFO: test [] []
[2020-06-20 18:02:18] generateOTP.INFO: test [] []
[2020-06-20 18:02:48] generateOTP.INFO: test [] []
[2020-06-20 18:02:48] generateOTP.INFO: test [] []
[2020-06-20 18:02:48] generateOTP.INFO: test [] []
[2020-06-20 18:02:53] generateOTP.INFO: test [] []
[2020-06-20 18:02:56] generateOTP.INFO: test [] []
[2020-06-20 18:08:19] generateOTP.INFO: test [] []
[2020-06-20 18:08:20] generateOTP.INFO: test [] []
[2020-06-20 18:08:25] generateOTP.INFO: test [] []
[2020-06-20 18:08:52] generateOTP.INFO: test [] []
[2020-06-20 18:08:52] generateOTP.INFO: test [] []
[2020-06-20 18:08:53] generateOTP.INFO: test [] []
[2020-06-20 18:09:00] generateOTP.INFO: test [] []
[2020-06-20 18:09:54] generateOTP.INFO: test [] []
[2020-06-20 18:09:56] generateOTP.INFO: test [] []
[2020-06-20 18:10:51] generateOTP.INFO: test [] []
[2020-06-20 18:12:04] generateOTP.INFO: test [] []
[2020-06-20 18:12:09] generateOTP.INFO: test [] []
[2020-06-20 18:17:19] generateOTP.INFO: test [] []
[2020-06-20 18:17:27] generateOTP.INFO: test [] []
[2020-06-20 18:17:28] generateOTP.INFO: test [] []
[2020-06-20 18:17:33] generateOTP.INFO: test [] []
[2020-06-20 18:17:35] generateOTP.INFO: test [] []
[2020-06-20 18:17:35] generateOTP.INFO: test [] []
[2020-06-20 18:17:39] generateOTP.INFO: test [] []
[2020-06-20 18:17:41] generateOTP.INFO: test [] []
[2020-06-20 18:17:50] generateOTP.INFO: test [] []
[2020-06-20 18:18:53] generateOTP.INFO: test [] []
[2020-06-20 18:18:53] generateOTP.INFO: test [] []
[2020-06-20 18:18:53] generateOTP.INFO: test [] []
[2020-06-20 18:18:58] generateOTP.INFO: test [] []
[2020-06-20 18:19:22] generateOTP.INFO: test [] []
[2020-06-20 18:19:27] generateOTP.INFO: test [] []
[2020-06-20 18:19:27] generateOTP.INFO: test [] []
[2020-06-20 18:20:57] generateOTP.INFO: test [] []
[2020-06-20 18:22:02] full_quote_request1.INFO: {"ClientCreation":{"Member_Customer_ID":"159262959911120","salutation":"Mrs","firstName":"testone","middleName":"","lastName":"test","dateofBirth":"06\/09\/1982","gender":"F","educationalQualification":null,"pinCode":"410210","uidNo":null,"maritalStatus":null,"nationality":"Indian","occupation":"O553","primaryEmailID":"testone@test.com","contactMobileNo":"9999999999","stdLandlineNo":null,"panNo":null,"passportNumber":null,"contactPerson":null,"annualIncome":null,"remarks":null,"startDate":"2020-06-20","endDate":null,"IdProof":"Adhaar Card","residenceProof":null,"ageProof":null,"others":null,"homeAddressLine1":"kharghar sector 35-H","homeAddressLine2":null,"homeAddressLine3":null,"homePinCode":"410210","homeArea":null,"homeContactMobileNo":null,"homeContactMobileNo2":null,"homeSTDLandlineNo":null,"homeFaxNo":null,"sameAsHomeAddress":"1","mailingAddressLine1":null,"mailingAddressLine2":null,"mailingAddressLine3":null,"mailingPinCode":null,"mailingArea":null,"mailingContactMobileNo":null,"mailingContactMobileNo2":null,"mailingSTDLandlineNo":null,"mailingSTDLandlineNo2":null,"mailingFaxNo":null,"bankAccountType":null,"bankAccountNo":null,"ifscCode":null,"GSTIN":null,"GSTRegistrationStatus":"Consumers","IsEIAavailable":"0","ApplyEIA":"0","EIAAccountNo":null,"EIAWith":"0","AccountType":null,"AddressProof":null,"DOBProof":null,"IdentityProof":null},"PolicyCreationRequest":{"Quotation_Number":"","MasterPolicyNumber":"61-20-00025-00-00","GroupID":"GRP004","Product_Code":"4211","intermediaryCode":"2104703","AutoRenewal":"Y","intermediaryBranchCode":"10MHMUM01","agentSignatureDate":null,"Customer_Signature_Date":null,"businessSourceChannel":null,"AssignPolicy":"0","AssigneeName":null,"leadID":"1592656841","Source_Name":"AXIS_TELE","SPID":"0","TCN":null,"CRTNO":null,"RefCode1":"0","RefCode2":"069","Employee_Number":"620502","enumIsEmployeeDiscount":null,"QuoteDate":null,"IsPayment":"0","PaymentMode":null,"PolicyproductComponents":[{"PlanCode":"4211","SumInsured":"1000000","SchemeCode":"4112000003"}]},"MemObj":{"Member":[{"MemberNo":1,"Salutation":"Mrs","First_Name":"testone","Middle_Name":null,"Last_Name":"test","Gender":"F","DateOfBirth":"06\/09\/1982","Relation_Code":"R001","Marital_Status":null,"height":"0.00","weight":"0","occupation":"O553","PrimaryMember":"Y","MemberproductComponents":[{"PlanCode":"4211","MemberQuestionDetails":[{"QuestionCode":null,"Answer":null,"Remarks":null}]}],"MemberPED":[{"PEDCode":null,"Remarks":null}],"exactDiagnosis":null,"dateOfDiagnosis":null,"lastDateConsultation":null,"detailsOfTreatmentGiven":null,"doctorName":null,"hospitalName":null,"phoneNumberHosital":null,"Nominee_First_Name":"mother","Nominee_Last_Name":"testone","Nominee_Contact_Number":"","Nominee_Home_Address":null,"Nominee_Relationship_Code":"R008"},{"MemberNo":2,"Salutation":"Mr","First_Name":"spouse","Middle_Name":null,"Last_Name":"testone","Gender":"M","DateOfBirth":"12\/18\/1980","Relation_Code":"R002","Marital_Status":null,"height":"0.00","weight":"0","occupation":"O553","PrimaryMember":"N","MemberproductComponents":[{"PlanCode":"4211","MemberQuestionDetails":[{"QuestionCode":null,"Answer":null,"Remarks":null}]}],"MemberPED":[{"PEDCode":null,"Remarks":null}],"exactDiagnosis":null,"dateOfDiagnosis":null,"lastDateConsultation":null,"detailsOfTreatmentGiven":null,"doctorName":null,"hospitalName":null,"phoneNumberHosital":null,"Nominee_First_Name":"mother","Nominee_Last_Name":"testone","Nominee_Contact_Number":"","Nominee_Home_Address":null,"Nominee_Relationship_Code":"R008"}]},"ReceiptCreation":{"officeLocation":"","modeOfEntry":"","cdAcNo":null,"expiryDate":null,"payerType":"","payerCode":null,"paymentBy":"","paymentByName":null,"paymentByRelationship":null,"collectionAmount":"","collectionRcvdDate":null,"collectionMode":"","remarks":null,"instrumentNumber":null,"instrumentDate":null,"bankName":null,"branchName":null,"bankLocation":null,"micrNo":null,"chequeType":null,"ifscCode":"","PaymentGatewayName":"","TerminalID":"","CardNo":null}} [] []
[2020-06-20 18:22:09] full_quote_reponse1.INFO: "<ns0:GHI_Res xmlns:ns0=\"http:\/\/ABHICL_NBP_QuickQuote_Schemas.GHI_Response\"><errorObj><ErrorNumber>00<\/ErrorNumber><ErrorMessage>Success<\/ErrorMessage><\/errorObj><policyDtls><TransactionReferenceNumber><\/TransactionReferenceNumber><QuotationNumber>TS100034842<\/QuotationNumber><CertificateNumber><\/CertificateNumber><LetterURL><\/LetterURL><ClientID><\/ClientID><ProductName>Group Activ Health<\/ProductName><ProductCode>4211<\/ProductCode><LineOfBusiness>42<\/LineOfBusiness><startDate><\/startDate><EndDate><\/EndDate><PolicyNumber>61-20-00025-00-00<\/PolicyNumber><ProposalNumber><\/ProposalNumber><PolicyStatus>PQ1<\/PolicyStatus><Tenure>1<\/Tenure><stpFlag>0<\/stpFlag><COIUrl>Could not find file u0027c:windowssystem32inetsrvObject cannot be cast from DBNull to other typesu0027.<\/COIUrl><\/policyDtls><premium><BasePremium>10846.61<\/BasePremium><NetPremium>10846.61<\/NetPremium><GST>1952.39<\/GST><GrossPremium>12799.00<\/GrossPremium><\/premium><receiptObj><ReceiptNumber><\/ReceiptNumber><ReceiptAmount><\/ReceiptAmount><ExcessAmount><\/ExcessAmount><\/receiptObj><\/ns0:GHI_Res>" [] []
[2020-06-20 18:22:28] full_quote_request2.INFO: {"ClientCreation":{"Member_Customer_ID":"159262959911120","salutation":"Mrs","firstName":"testone","middleName":"","lastName":"test","dateofBirth":"06\/09\/1982","gender":"F","educationalQualification":null,"pinCode":"410210","uidNo":null,"maritalStatus":null,"nationality":"Indian","occupation":"O553","primaryEmailID":"testone@test.com","contactMobileNo":"9999999999","stdLandlineNo":null,"panNo":null,"passportNumber":null,"contactPerson":null,"annualIncome":null,"remarks":null,"startDate":"2020-06-20","endDate":null,"IdProof":"Adhaar Card","residenceProof":null,"ageProof":null,"others":null,"homeAddressLine1":"kharghar sector 35-H","homeAddressLine2":null,"homeAddressLine3":null,"homePinCode":"410210","homeArea":null,"homeContactMobileNo":null,"homeContactMobileNo2":null,"homeSTDLandlineNo":null,"homeFaxNo":null,"sameAsHomeAddress":"1","mailingAddressLine1":null,"mailingAddressLine2":null,"mailingAddressLine3":null,"mailingPinCode":null,"mailingArea":null,"mailingContactMobileNo":null,"mailingContactMobileNo2":null,"mailingSTDLandlineNo":null,"mailingSTDLandlineNo2":null,"mailingFaxNo":null,"bankAccountType":null,"bankAccountNo":null,"ifscCode":null,"GSTIN":null,"GSTRegistrationStatus":"Consumers","IsEIAavailable":"0","ApplyEIA":"0","EIAAccountNo":null,"EIAWith":"0","AccountType":null,"AddressProof":null,"DOBProof":null,"IdentityProof":null},"PolicyCreationRequest":{"Quotation_Number":"TS100034842","MasterPolicyNumber":"61-20-00025-00-00","GroupID":"GRP004","Product_Code":"4211","intermediaryCode":"2104703","AutoRenewal":"Y","intermediaryBranchCode":"10MHMUM01","agentSignatureDate":null,"Customer_Signature_Date":null,"businessSourceChannel":null,"AssignPolicy":"0","AssigneeName":null,"leadID":"1592656841","Source_Name":"AXIS_TELE","SPID":"0","TCN":null,"CRTNO":null,"RefCode1":"0","RefCode2":"069","Employee_Number":"620502","enumIsEmployeeDiscount":null,"QuoteDate":null,"IsPayment":"1","PaymentMode":null,"PolicyproductComponents":[{"PlanCode":"4211","SumInsured":"1000000","SchemeCode":"4112000003"}]},"MemObj":{"Member":[{"MemberNo":1,"Salutation":"Mrs","First_Name":"testone","Middle_Name":null,"Last_Name":"test","Gender":"F","DateOfBirth":"06\/09\/1982","Relation_Code":"R001","Marital_Status":null,"height":"0.00","weight":"0","occupation":"O553","PrimaryMember":"Y","MemberproductComponents":[{"PlanCode":"4211","MemberQuestionDetails":[{"QuestionCode":null,"Answer":null,"Remarks":null}]}],"MemberPED":[{"PEDCode":null,"Remarks":null}],"exactDiagnosis":null,"dateOfDiagnosis":null,"lastDateConsultation":null,"detailsOfTreatmentGiven":null,"doctorName":null,"hospitalName":null,"phoneNumberHosital":null,"Nominee_First_Name":"mother","Nominee_Last_Name":"testone","Nominee_Contact_Number":"","Nominee_Home_Address":null,"Nominee_Relationship_Code":"R008"},{"MemberNo":2,"Salutation":"Mr","First_Name":"spouse","Middle_Name":null,"Last_Name":"testone","Gender":"M","DateOfBirth":"12\/18\/1980","Relation_Code":"R002","Marital_Status":null,"height":"0.00","weight":"0","occupation":"O553","PrimaryMember":"N","MemberproductComponents":[{"PlanCode":"4211","MemberQuestionDetails":[{"QuestionCode":null,"Answer":null,"Remarks":null}]}],"MemberPED":[{"PEDCode":null,"Remarks":null}],"exactDiagnosis":null,"dateOfDiagnosis":null,"lastDateConsultation":null,"detailsOfTreatmentGiven":null,"doctorName":null,"hospitalName":null,"phoneNumberHosital":null,"Nominee_First_Name":"mother","Nominee_Last_Name":"testone","Nominee_Contact_Number":"","Nominee_Home_Address":null,"Nominee_Relationship_Code":"R008"}]},"ReceiptCreation":{"officeLocation":"Mumbai","modeOfEntry":"Direct","cdAcNo":null,"expiryDate":null,"payerType":"Customer","payerCode":null,"paymentBy":"Customer","paymentByName":null,"paymentByRelationship":null,"collectionAmount":12799,"collectionRcvdDate":"06\/20\/2020 06:22 PM","collectionMode":"online","remarks":null,"instrumentNumber":"pay_F4swS4OYR8gSZ6","instrumentDate":"2020-06-20","bankName":"SBIN","branchName":"0","bankLocation":null,"micrNo":null,"chequeType":null,"ifscCode":"0","PaymentGatewayName":"AXIS_NETB","TerminalID":"EuxJCz8cZV9V63","CardNo":null}} [] []
[2020-06-20 18:22:33] full_quote_reponse2.INFO: "<ns0:GHI_Res xmlns:ns0=\"http:\/\/ABHICL_NBP_QuickQuote_Schemas.GHI_Response\"><errorObj><ErrorNumber>00<\/ErrorNumber><ErrorMessage>Success<\/ErrorMessage><\/errorObj><policyDtls><TransactionReferenceNumber><\/TransactionReferenceNumber><QuotationNumber>TS100034843<\/QuotationNumber><CertificateNumber>GHI-TS-20-1000026<\/CertificateNumber><LetterURL>https:\/\/abpb.adityabirlahealth.com\/hbletter\/viewletter.aspx?ABH=46490&amp;TRM=GHI-TS-20-1000026<\/LetterURL><ClientID>1284275<\/ClientID><ProductName>Group Activ Health<\/ProductName><ProductCode>4211<\/ProductCode><LineOfBusiness>42<\/LineOfBusiness><startDate>6\/20\/2020 12:00:00 AM<\/startDate><EndDate>6\/19\/2021 12:00:00 AM<\/EndDate><PolicyNumber>61-20-00025-00-00<\/PolicyNumber><ProposalNumber>TS100034843<\/ProposalNumber><PolicyStatus>IF<\/PolicyStatus><Tenure>1<\/Tenure><stpFlag>0<\/stpFlag><COIUrl>Could not find file u0027c:windowssystem32inetsrvObject cannot be cast from DBNull to other typesu0027.<\/COIUrl><\/policyDtls><premium><BasePremium>10846.61<\/BasePremium><NetPremium>10846.61<\/NetPremium><GST>1952.39<\/GST><GrossPremium>12799.00<\/GrossPremium><\/premium><receiptObj><ReceiptNumber>R100181400<\/ReceiptNumber><ReceiptAmount>12799.00<\/ReceiptAmount><ExcessAmount>0.00<\/ExcessAmount><\/receiptObj><\/ns0:GHI_Res>" [] []
[2020-06-20 18:22:34] api_insert.INFO: {"emp_id":"620502","client_id":"1284275","certificate_number":"GHI-TS-20-1000026","quotation_no":"TS100034843","proposal_no":"TS100034843","policy_no":"61-20-00025-00-00","gross_premium":null,"status":"Success","start_date":"6\/20\/2020 12:00:00 AM","end_date":"6\/19\/2021 12:00:00 AM","created_date":"2020-06-20 18:22:34","proposal_no_lead":"P-202006200005","PolicyStatus":"IF","letter_url":"https:\/\/abpb.adityabirlahealth.com\/hbletter\/viewletter.aspx?ABH=46490&TRM=GHI-TS-20-1000026","type_login":""} [] []
[2020-06-20 18:22:34] generateOTP.INFO: test [] []
[2020-06-20 18:22:46] generateOTP.INFO: test [] []
[2020-06-20 18:22:47] generateOTP.INFO: test [] []
[2020-06-20 18:22:52] generateOTP.INFO: test [] []
[2020-06-20 18:22:56] generateOTP.INFO: test [] []
[2020-06-20 18:23:56] generateOTP.INFO: test [] []
[2020-06-20 18:24:07] generateOTP.INFO: test [] []
[2020-06-20 18:24:16] generateOTP.INFO: test [] []
[2020-06-20 18:25:34] generateOTP.INFO: test [] []
[2020-06-20 18:25:35] generateOTP.INFO: test [] []
[2020-06-20 19:13:42] generateOTP.INFO: test [] []
[2020-06-20 19:13:43] generateOTP.INFO: test [] []
[2020-06-20 19:13:51] generateOTP.INFO: test [] []
[2020-06-20 19:13:58] generateOTP.INFO: test [] []
