[2020-08-20 10:15:32] generateOTP.INFO: test [] []
[2020-08-20 10:15:42] generateOTP.INFO: test [] []
[2020-08-20 10:15:43] generateOTP.INFO: test [] []
[2020-08-20 10:17:25] generateOTP.INFO: test [] []
[2020-08-20 10:31:18] generateOTP.INFO: test [] []
[2020-08-20 10:31:20] generateOTP.INFO: test [] []
[2020-08-20 10:31:27] generateOTP.INFO: test [] []
[2020-08-20 10:32:55] generateOTP.INFO: test [] []
[2020-08-20 10:46:12] generateOTP.INFO: test [] []
[2020-08-20 10:46:18] generateOTP.INFO: test [] []
[2020-08-20 10:57:39] generateOTP.INFO: test [] []
[2020-08-20 10:58:05] generateOTP.INFO: test [] []
[2020-08-20 10:58:08] generateOTP.INFO: test [] []
[2020-08-20 10:58:15] generateOTP.INFO: test [] []
[2020-08-20 11:10:44] generateOTP.INFO: test [] []
[2020-08-20 11:10:44] generateOTP.INFO: test [] []
[2020-08-20 11:10:44] generateOTP.INFO: test [] []
[2020-08-20 11:10:44] generateOTP.INFO: test [] []
[2020-08-20 11:10:45] generateOTP.INFO: test [] []
[2020-08-20 11:10:45] generateOTP.INFO: test [] []
[2020-08-20 11:10:45] generateOTP.INFO: test [] []
[2020-08-20 11:10:45] generateOTP.INFO: test [] []
[2020-08-20 11:10:45] generateOTP.INFO: test [] []
[2020-08-20 11:14:51] generateOTP.INFO: test [] []
[2020-08-20 11:17:53] generateOTP.INFO: test [] []
[2020-08-20 11:17:54] generateOTP.INFO: test [] []
[2020-08-20 11:17:56] generateOTP.INFO: test [] []
[2020-08-20 11:18:01] generateOTP.INFO: {"salutation":"2","firstname":"swatiiiiiiiQA","lastname":"Testiii","dob":"19-12-1988","mob_no":"7010444138","panCard":"XXXXXX456A","email":"jack@gmail.com","ref1":"1","ref2":"1","comAdd":"Om hrad ntalatiof, holOmshre, talathioficeeachol, OmshreeSada9talathi","city":"MUMBAI","state":"MAHARASHTRA","pin_code":"622103","ISNRI":"N","update_emp_id":"622514","edit":"0","policy_no":"454,455","subtype_text":"1","sum_insure":"1000000","anuual_income":"","occupation":"4","familyConstruct":"2A+1K","family_members_id":"0","family_gender":"Female","first_name":"swatiiiiiiiQA","last_name":"Testiii","family_date_birth":"19-12-1988","age":"31","age_type":" years","tenure":"1 Year","family_id":"","s_date":"","marriage_date":"","premium":"18500","policyNo":"454,455","familyDataType":"undefined","empId":"622514","product":"RMxC5efb5c5a320e7","declare":"[]","gender":"Female","gci_options":"Yes"} [] []
[2020-08-20 11:18:02] generateOTP.INFO: test [] []
[2020-08-20 11:18:40] generateOTP.INFO: {"salutation":"2","firstname":"swatiiiiiiiQA","lastname":"Testiii","dob":"19-12-1988","mob_no":"7010444138","panCard":"XXXXXX456A","email":"jack@gmail.com","ref1":"1","ref2":"1","comAdd":"Om hrad ntalatiof, holOmshre, talathioficeeachol, OmshreeSada9talathi","city":"MUMBAI","state":"MAHARASHTRA","pin_code":"622103","ISNRI":"N","update_emp_id":"622514","edit":"0","policy_no":"454,455","subtype_text":"1","sum_insure":"1000000","anuual_income":"","occupation":"4","familyConstruct":"2A+1K","family_members_id":"1","family_gender":"Male","first_name":"SG","last_name":"tesiiii","family_date_birth":"07-08-1987","age":"33","age_type":" years","tenure":"1 Year","family_id":"","s_date":"","marriage_date":"","premium":"18500","policyNo":"454,455","familyDataType":"undefined","empId":"622514","product":"RMxC5efb5c5a320e7","declare":"[]","gender":"Female","gci_options":"Yes"} [] []
[2020-08-20 11:18:43] generateOTP.INFO: test [] []
[2020-08-20 11:18:51] generateOTP.INFO: test [] []
[2020-08-20 11:19:11] generateOTP.INFO: {"salutation":"2","firstname":"swatiiiiiiiQA","lastname":"Testiii","dob":"19-12-1988","mob_no":"7010444138","panCard":"XXXXXX456A","email":"jack@gmail.com","ref1":"1","ref2":"1","comAdd":"Om hrad ntalatiof, holOmshre, talathioficeeachol, OmshreeSada9talathi","city":"MUMBAI","state":"MAHARASHTRA","pin_code":"622103","ISNRI":"N","update_emp_id":"622514","edit":"0","policy_no":"454,455","subtype_text":"1","sum_insure":"1000000","anuual_income":"","occupation":"4","familyConstruct":"2A+1K","family_members_id":"2","family_gender":"Male","first_name":"kjkj","last_name":"kjsdfjksjf","family_date_birth":"21-08-2008","age":"11","age_type":" years","tenure":"1 Year","family_id":"","s_date":"","marriage_date":"","premium":"18500","policyNo":"454,455","familyDataType":"undefined","empId":"622514","product":"RMxC5efb5c5a320e7","declare":"[]","gender":"Female","gci_options":"Yes"} [] []
[2020-08-20 11:19:13] generateOTP.INFO: test [] []
[2020-08-20 11:19:29] generateOTP.INFO: test [] []
[2020-08-20 11:19:58] generateOTP.INFO: test [] []
[2020-08-20 11:20:10] generateOTP.INFO: test [] []
[2020-08-20 11:20:25] generateOTP.INFO: test [] []
[2020-08-20 11:20:50] generateOTP.INFO: test [] []
[2020-08-20 11:20:59] generateOTP.INFO: test [] []
[2020-08-20 11:21:02] generateOTP.INFO: test [] []
[2020-08-20 11:21:07] generateOTP.INFO: test [] []
[2020-08-20 11:22:09] generateOTP.INFO: test [] []
[2020-08-20 11:23:13] generateOTP.INFO: test [] []
[2020-08-20 11:24:11] documentsSave.INFO: {"ops_type":"[\"0\",\"Y\"]","ids":"14,15,16"} [] []
[2020-08-20 11:24:11] documentsSaveFiles.INFO: [{"name":"Full Forms.jpeg","type":"image\/jpeg","tmp_name":"\/tmp\/php18qayk","error":0,"size":128214},{"name":"Full Forms.jpeg","type":"image\/jpeg","tmp_name":"\/tmp\/phpX38DOy","error":0,"size":128214}] [] []
[2020-08-20 11:24:54] generateOTP.INFO: test [] []
[2020-08-20 11:25:33] generateOTP.INFO: test [] []
[2020-08-20 11:25:40] generateOTP.INFO: test [] []
[2020-08-20 11:26:14] generateOTP.INFO: test [] []
[2020-08-20 11:26:16] generateOTP.INFO: test [] []
[2020-08-20 11:26:49] generateOTP.INFO: test [] []
[2020-08-20 11:26:50] generateOTP.INFO: test [] []
[2020-08-20 11:27:01] generateOTP.INFO: test [] []
[2020-08-20 11:27:10] generateOTP.INFO: test [] []
[2020-08-20 11:27:17] generateOTP.INFO: test [] []
[2020-08-20 11:29:56] generateOTP.INFO: test [] []
[2020-08-20 11:30:53] generateOTP.INFO: test [] []
[2020-08-20 11:33:24] generateOTP.INFO: test [] []
[2020-08-20 11:35:01] generateOTP.INFO: test [] []
[2020-08-20 11:35:19] generateOTP.INFO: test [] []
[2020-08-20 11:43:26] generateOTP.INFO: test [] []
[2020-08-20 11:43:49] generateOTP.INFO: test [] []
[2020-08-20 11:45:16] generateOTP.INFO: test [] []
[2020-08-20 11:45:26] generateOTP.INFO: test [] []
[2020-08-20 11:49:30] generateOTP.INFO: test [] []
[2020-08-20 11:49:53] generateOTP.INFO: test [] []
[2020-08-20 11:53:41] generateOTP.INFO: test [] []
[2020-08-20 11:53:41] generateOTP.INFO: test [] []
[2020-08-20 11:53:41] generateOTP.INFO: test [] []
[2020-08-20 11:53:52] generateOTP.INFO: test [] []
[2020-08-20 11:54:16] generateOTP.INFO: test [] []
[2020-08-20 11:54:44] generateOTP.INFO: test [] []
[2020-08-20 11:55:02] generateOTP.INFO: test [] []
[2020-08-20 11:55:49] generateOTP.INFO: {"salutation":"1","firstname":"test","lastname":"BANKING","dob":"19-12-1970","mob_no":"7010444138","panCard":"XXXXXX456A","email":"jack@gmail.com","ref1":"1","ref2":"1","comAdd":"Om hrad ntalatiof, holOmshre, talathioficeeachol, OmshreeSada9talathi","city":"MUMBAI","state":"MAHARASHTRA","pin_code":"622103","ISNRI":"N","update_emp_id":"622516","edit":"0","policy_no":"403","subtype_text":"1","sum_insure":"1000000","anuual_income":"","familyConstruct":"2A","family_members_id":"0","family_gender":"Male","first_name":"test","last_name":"BANKING","family_date_birth":"19-12-1970","age":"49","age_type":" years","tenure":"1 Year","family_id":"","s_date":"","marriage_date":"","premium":"28000","policyNo":"403","familyDataType":"undefined","empId":"622516","product":"NUKc5dd5468e43707","declare":"[]","gender":"Male","gci_options":"Yes"} [] []
[2020-08-20 11:55:53] generateOTP.INFO: test [] []
[2020-08-20 11:56:01] generateOTP.INFO: test [] []
[2020-08-20 11:56:34] generateOTP.INFO: {"salutation":"1","firstname":"test","lastname":"BANKING","dob":"19-12-1970","mob_no":"7010444138","panCard":"XXXXXX456A","email":"jack@gmail.com","ref1":"1","ref2":"1","comAdd":"Om hrad ntalatiof, holOmshre, talathioficeeachol, OmshreeSada9talathi","city":"MUMBAI","state":"MAHARASHTRA","pin_code":"622103","ISNRI":"N","update_emp_id":"622516","edit":"0","policy_no":"403","subtype_text":"1","sum_insure":"1000000","anuual_income":"","familyConstruct":"2A","family_members_id":"1","family_gender":"Female","first_name":"kjkjk","last_name":"sjdhakj","family_date_birth":"24-08-1966","age":"53","age_type":" years","tenure":"1 Year","family_id":"","s_date":"","marriage_date":"","premium":"28000","policyNo":"403","familyDataType":"undefined","empId":"622516","product":"NUKc5dd5468e43707","declare":"[]","gender":"Male","gci_options":"Yes"} [] []
[2020-08-20 11:56:34] generateOTP.INFO: {"salutation":"1","firstname":"test","lastname":"BANKING","dob":"19-12-1970","mob_no":"7010444138","panCard":"XXXXXX456A","email":"jack@gmail.com","ref1":"1","ref2":"1","comAdd":"Om hrad ntalatiof, holOmshre, talathioficeeachol, OmshreeSada9talathi","city":"MUMBAI","state":"MAHARASHTRA","pin_code":"622103","ISNRI":"N","update_emp_id":"622516","edit":"0","policy_no":"403","subtype_text":"1","sum_insure":"1000000","anuual_income":"","familyConstruct":"2A","family_members_id":"1","family_gender":"Female","first_name":"kjkjk","last_name":"sjdhakj","family_date_birth":"24-08-1966","age":"53","age_type":" years","tenure":"1 Year","family_id":"","s_date":"","marriage_date":"","premium":"28000","policyNo":"403","familyDataType":"undefined","empId":"622516","product":"NUKc5dd5468e43707","declare":"[]","gender":"Male","gci_options":"Yes"} [] []
[2020-08-20 11:58:59] generateOTP.INFO: test [] []
[2020-08-20 11:59:36] documentsSave.INFO: {"ops_type":"[\"0\",\"Y\"]"} [] []
[2020-08-20 11:59:36] documentsSaveFiles.INFO: [{"name":"Full Forms.jpeg","type":"","tmp_name":"","error":3,"size":0}] [] []
[2020-08-20 12:02:01] documentsSave.INFO: {"ops_type":"[\"0\",\"Y\"]"} [] []
[2020-08-20 12:02:01] documentsSaveFiles.INFO: [{"name":"Full Forms.jpeg","type":"","tmp_name":"","error":3,"size":0}] [] []
[2020-08-20 12:05:30] generateOTP.INFO: test [] []
[2020-08-20 12:06:13] generateOTP.INFO: test [] []
[2020-08-20 12:06:55] generateOTP.INFO: {"salutation":"1","firstname":"test","lastname":"BANKING","dob":"19-12-1988","mob_no":"7010444138","panCard":"XXXXXX456A","email":"jack@gmail.com","ref1":"1","ref2":"1","comAdd":"Om hrad ntalatiof, holOmshre, talathioficeeachol, OmshreeSada9talathi","city":"MUMBAI","state":"MAHARASHTRA","pin_code":"622103","ISNRI":"N","update_emp_id":"622517","edit":"0","policy_no":"392,393","subtype_text":"1","sum_insure":"1000000","anuual_income":"","familyConstruct":"2A","family_members_id":"0","family_gender":"Male","first_name":"test","last_name":"BANKING","family_date_birth":"19-12-1988","age":"31","age_type":" years","tenure":"1 Year","family_id":"","s_date":"","marriage_date":"","premium":"21499","policyNo":"392,393","familyDataType":"undefined","empId":"622517","product":"iWL65dcd54d9c5a65","declare":"[]","gender":"Male","gci_options":"Yes"} [] []
[2020-08-20 12:07:22] generateOTP.INFO: {"salutation":"1","firstname":"test","lastname":"BANKING","dob":"19-12-1988","mob_no":"7010444138","panCard":"XXXXXX456A","email":"jack@gmail.com","ref1":"1","ref2":"1","comAdd":"Om hrad ntalatiof, holOmshre, talathioficeeachol, OmshreeSada9talathi","city":"MUMBAI","state":"MAHARASHTRA","pin_code":"622103","ISNRI":"N","update_emp_id":"622517","edit":"0","policy_no":"392,393","subtype_text":"1","sum_insure":"1000000","anuual_income":"","familyConstruct":"2A","family_members_id":"1","family_gender":"Female","first_name":"kajdka","last_name":"akdjka","family_date_birth":"18-08-1988","age":"32","age_type":" years","tenure":"1 Year","family_id":"","s_date":"","marriage_date":"","premium":"21499","policyNo":"392,393","familyDataType":"undefined","empId":"622517","product":"iWL65dcd54d9c5a65","declare":"[]","gender":"Male","gci_options":"Yes"} [] []
[2020-08-20 12:08:49] generateOTP.INFO: test [] []
[2020-08-20 12:09:05] generateOTP.INFO: test [] []
[2020-08-20 12:09:18] generateOTP.INFO: test [] []
[2020-08-20 12:09:24] generateOTP.INFO: test [] []
[2020-08-20 12:09:30] generateOTP.INFO: test [] []
[2020-08-20 12:09:52] generateOTP.INFO: test [] []
[2020-08-20 12:10:15] generateOTP.INFO: test [] []
[2020-08-20 12:11:12] generateOTP.INFO: test [] []
[2020-08-20 12:12:22] generateOTP.INFO: test [] []
[2020-08-20 12:12:22] generateOTP.INFO: test [] []
[2020-08-20 12:12:26] generateOTP.INFO: test [] []
[2020-08-20 12:12:34] generateOTP.INFO: test [] []
[2020-08-20 12:14:12] generateOTP.INFO: test [] []
[2020-08-20 12:15:01] generateOTP.INFO: test [] []
[2020-08-20 12:15:04] generateOTP.INFO: test [] []
[2020-08-20 12:15:05] generateOTP.INFO: test [] []
[2020-08-20 12:15:21] generateOTP.INFO: test [] []
[2020-08-20 12:15:31] generateOTP.INFO: test [] []
[2020-08-20 12:15:40] generateOTP.INFO: test [] []
[2020-08-20 12:15:51] generateOTP.INFO: test [] []
[2020-08-20 12:16:02] generateOTP.INFO: test [] []
[2020-08-20 12:16:15] generateOTP.INFO: test [] []
[2020-08-20 12:16:34] generateOTP.INFO: test [] []
[2020-08-20 12:16:35] generateOTP.INFO: test [] []
[2020-08-20 12:16:36] generateOTP.INFO: test [] []
[2020-08-20 12:16:40] generateOTP.INFO: test [] []
[2020-08-20 12:17:07] generateOTP.INFO: test [] []
[2020-08-20 12:17:09] generateOTP.INFO: test [] []
[2020-08-20 12:17:12] generateOTP.INFO: test [] []
[2020-08-20 12:17:23] generateOTP.INFO: test [] []
[2020-08-20 12:17:49] generateOTP.INFO: test [] []
[2020-08-20 12:18:00] generateOTP.INFO: test [] []
[2020-08-20 12:18:22] generateOTP.INFO: test [] []
[2020-08-20 12:18:44] generateOTP.INFO: test [] []
[2020-08-20 12:25:10] generateOTP.INFO: test [] []
[2020-08-20 12:25:16] generateOTP.INFO: test [] []
[2020-08-20 12:25:31] generateOTP.INFO: test [] []
[2020-08-20 12:26:33] generateOTP.INFO: test [] []
[2020-08-20 12:34:11] generateOTP.INFO: test [] []
[2020-08-20 12:35:01] generateOTP.INFO: test [] []
[2020-08-20 12:35:27] generateOTP.INFO: test [] []
[2020-08-20 12:35:52] generateOTP.INFO: test [] []
[2020-08-20 12:37:27] generateOTP.INFO: test [] []
[2020-08-20 12:38:12] generateOTP.INFO: test [] []
[2020-08-20 12:38:56] generateOTP.INFO: test [] []
[2020-08-20 12:42:02] generateOTP.INFO: test [] []
[2020-08-20 12:45:03] generateOTP.INFO: test [] []
[2020-08-20 12:46:42] generateOTP.INFO: test [] []
[2020-08-20 12:47:22] generateOTP.INFO: test [] []
[2020-08-20 12:47:46] generateOTP.INFO: test [] []
[2020-08-20 12:48:34] generateOTP.INFO: test [] []
[2020-08-20 12:49:32] generateOTP.INFO: test [] []
[2020-08-20 12:50:12] generateOTP.INFO: test [] []
[2020-08-20 12:50:15] generateOTP.INFO: test [] []
[2020-08-20 12:50:21] generateOTP.INFO: test [] []
[2020-08-20 12:50:38] generateOTP.INFO: test [] []
[2020-08-20 12:50:51] generateOTP.INFO: test [] []
[2020-08-20 12:51:58] generateOTP.INFO: test [] []
[2020-08-20 12:52:01] generateOTP.INFO: test [] []
[2020-08-20 12:52:10] generateOTP.INFO: test [] []
[2020-08-20 12:52:22] generateOTP.INFO: test [] []
[2020-08-20 12:52:50] generateOTP.INFO: test [] []
[2020-08-20 13:04:07] generateOTP.INFO: test [] []
[2020-08-20 13:04:07] generateOTP.INFO: test [] []
[2020-08-20 13:04:07] generateOTP.INFO: test [] []
[2020-08-20 13:04:14] generateOTP.INFO: test [] []
[2020-08-20 13:04:37] generateOTP.INFO: test [] []
[2020-08-20 13:04:59] generateOTP.INFO: test [] []
[2020-08-20 13:05:03] generateOTP.INFO: test [] []
[2020-08-20 13:05:30] generateOTP.INFO: test [] []
[2020-08-20 13:07:01] generateOTP.INFO: test [] []
[2020-08-20 13:07:12] generateOTP.INFO: test [] []
[2020-08-20 13:10:18] generateOTP.INFO: test [] []
[2020-08-20 13:10:18] generateOTP.INFO: test [] []
[2020-08-20 13:14:22] generateOTP.INFO: test [] []
[2020-08-20 13:19:35] generateOTP.INFO: test [] []
[2020-08-20 13:19:35] generateOTP.INFO: test [] []
[2020-08-20 13:19:35] generateOTP.INFO: test [] []
[2020-08-20 13:19:42] generateOTP.INFO: test [] []
[2020-08-20 13:19:56] generateOTP.INFO: test [] []
[2020-08-20 13:20:54] generateOTP.INFO: test [] []
[2020-08-20 13:21:19] generateOTP.INFO: test [] []
[2020-08-20 13:21:22] generateOTP.INFO: test [] []
[2020-08-20 13:21:58] generateOTP.INFO: test [] []
[2020-08-20 13:22:27] generateOTP.INFO: test [] []
[2020-08-20 13:22:48] generateOTP.INFO: test [] []
[2020-08-20 13:22:50] generateOTP.INFO: test [] []
[2020-08-20 13:23:52] generateOTP.INFO: test [] []
[2020-08-20 13:24:30] generateOTP.INFO: test [] []
[2020-08-20 13:24:30] generateOTP.INFO: test [] []
[2020-08-20 13:24:37] generateOTP.INFO: test [] []
[2020-08-20 13:25:02] generateOTP.INFO: test [] []
[2020-08-20 13:25:12] generateOTP.INFO: test [] []
[2020-08-20 13:25:14] generateOTP.INFO: test [] []
[2020-08-20 13:25:16] generateOTP.INFO: test [] []
[2020-08-20 13:26:56] generateOTP.INFO: test [] []
[2020-08-20 13:27:15] generateOTP.INFO: test [] []
[2020-08-20 13:27:35] generateOTP.INFO: test [] []
[2020-08-20 13:28:02] generateOTP.INFO: test [] []
[2020-08-20 13:28:30] generateOTP.INFO: test [] []
[2020-08-20 13:28:47] generateOTP.INFO: test [] []
[2020-08-20 13:28:48] generateOTP.INFO: test [] []
[2020-08-20 13:28:49] generateOTP.INFO: test [] []
[2020-08-20 13:29:00] generateOTP.INFO: test [] []
[2020-08-20 13:29:01] generateOTP.INFO: test [] []
[2020-08-20 13:29:07] generateOTP.INFO: test [] []
[2020-08-20 13:29:32] generateOTP.INFO: test [] []
[2020-08-20 13:29:35] generateOTP.INFO: test [] []
[2020-08-20 13:29:47] generateOTP.INFO: test [] []
[2020-08-20 13:29:52] generateOTP.INFO: test [] []
[2020-08-20 13:30:13] generateOTP.INFO: test [] []
[2020-08-20 13:30:25] generateOTP.INFO: test [] []
[2020-08-20 13:30:36] generateOTP.INFO: test [] []
[2020-08-20 13:30:36] generateOTP.INFO: test [] []
[2020-08-20 13:30:37] generateOTP.INFO: test [] []
[2020-08-20 13:31:23] generateOTP.INFO: test [] []
[2020-08-20 13:31:35] generateOTP.INFO: test [] []
[2020-08-20 13:31:36] generateOTP.INFO: test [] []
[2020-08-20 13:31:38] generateOTP.INFO: test [] []
[2020-08-20 13:31:50] generateOTP.INFO: test [] []
[2020-08-20 13:31:51] generateOTP.INFO: test [] []
[2020-08-20 13:31:57] generateOTP.INFO: test [] []
[2020-08-20 13:31:57] generateOTP.INFO: test [] []
[2020-08-20 13:32:26] generateOTP.INFO: test [] []
[2020-08-20 13:32:27] generateOTP.INFO: test [] []
[2020-08-20 13:32:33] generateOTP.INFO: test [] []
[2020-08-20 13:32:33] generateOTP.INFO: test [] []
[2020-08-20 13:33:26] generateOTP.INFO: test [] []
[2020-08-20 13:33:34] generateOTP.INFO: test [] []
[2020-08-20 13:38:07] generateOTP.INFO: test [] []
[2020-08-20 13:38:07] generateOTP.INFO: test [] []
[2020-08-20 13:38:14] generateOTP.INFO: test [] []
[2020-08-20 13:38:15] generateOTP.INFO: test [] []
[2020-08-20 13:38:15] generateOTP.INFO: test [] []
[2020-08-20 13:38:30] generateOTP.INFO: test [] []
[2020-08-20 13:38:31] generateOTP.INFO: test [] []
[2020-08-20 13:38:37] generateOTP.INFO: test [] []
[2020-08-20 13:38:37] generateOTP.INFO: test [] []
[2020-08-20 13:38:53] generateOTP.INFO: test [] []
[2020-08-20 13:43:59] generateOTP.INFO: test [] []
[2020-08-20 13:44:33] generateOTP.INFO: test [] []
[2020-08-20 13:44:35] generateOTP.INFO: test [] []
[2020-08-20 13:44:36] generateOTP.INFO: test [] []
[2020-08-20 13:44:48] generateOTP.INFO: test [] []
[2020-08-20 13:44:53] generateOTP.INFO: test [] []
[2020-08-20 13:44:54] generateOTP.INFO: test [] []
[2020-08-20 13:44:58] generateOTP.INFO: test [] []
[2020-08-20 13:45:06] generateOTP.INFO: test [] []
[2020-08-20 13:45:48] generateOTP.INFO: test [] []
[2020-08-20 13:45:48] generateOTP.INFO: test [] []
[2020-08-20 13:45:49] generateOTP.INFO: test [] []
[2020-08-20 13:45:49] generateOTP.INFO: test [] []
[2020-08-20 13:45:50] generateOTP.INFO: test [] []
[2020-08-20 13:46:02] generateOTP.INFO: test [] []
[2020-08-20 13:46:03] generateOTP.INFO: test [] []
[2020-08-20 13:46:03] generateOTP.INFO: test [] []
[2020-08-20 13:46:03] generateOTP.INFO: test [] []
[2020-08-20 13:46:04] generateOTP.INFO: test [] []
[2020-08-20 13:46:04] generateOTP.INFO: test [] []
[2020-08-20 13:47:06] generateOTP.INFO: test [] []
[2020-08-20 13:47:07] generateOTP.INFO: test [] []
[2020-08-20 13:47:07] generateOTP.INFO: test [] []
[2020-08-20 13:47:08] generateOTP.INFO: test [] []
[2020-08-20 13:47:08] generateOTP.INFO: test [] []
[2020-08-20 13:47:08] generateOTP.INFO: test [] []
[2020-08-20 13:47:27] generateOTP.INFO: test [] []
[2020-08-20 13:47:28] generateOTP.INFO: test [] []
[2020-08-20 13:47:52] generateOTP.INFO: test [] []
[2020-08-20 13:47:53] generateOTP.INFO: test [] []
[2020-08-20 13:48:07] generateOTP.INFO: test [] []
[2020-08-20 13:48:10] generateOTP.INFO: test [] []
[2020-08-20 13:48:11] generateOTP.INFO: test [] []
[2020-08-20 13:48:13] generateOTP.INFO: test [] []
[2020-08-20 13:48:40] generateOTP.INFO: test [] []
[2020-08-20 13:48:41] generateOTP.INFO: test [] []
[2020-08-20 13:48:41] generateOTP.INFO: test [] []
[2020-08-20 13:48:53] generateOTP.INFO: test [] []
[2020-08-20 13:48:54] generateOTP.INFO: test [] []
[2020-08-20 13:48:55] generateOTP.INFO: test [] []
[2020-08-20 13:49:18] generateOTP.INFO: test [] []
[2020-08-20 13:49:24] generateOTP.INFO: test [] []
[2020-08-20 13:49:29] generateOTP.INFO: test [] []
[2020-08-20 13:49:39] generateOTP.INFO: test [] []
[2020-08-20 13:49:40] generateOTP.INFO: test [] []
[2020-08-20 13:49:46] generateOTP.INFO: test [] []
[2020-08-20 13:50:14] generateOTP.INFO: test [] []
[2020-08-20 13:51:06] generateOTP.INFO: test [] []
[2020-08-20 13:51:08] generateOTP.INFO: test [] []
[2020-08-20 13:51:08] generateOTP.INFO: test [] []
[2020-08-20 13:51:08] generateOTP.INFO: test [] []
[2020-08-20 13:51:08] generateOTP.INFO: test [] []
[2020-08-20 13:51:08] generateOTP.INFO: test [] []
[2020-08-20 13:51:09] generateOTP.INFO: test [] []
[2020-08-20 13:51:27] generateOTP.INFO: test [] []
[2020-08-20 13:51:27] generateOTP.INFO: test [] []
[2020-08-20 13:51:27] generateOTP.INFO: test [] []
[2020-08-20 13:51:55] generateOTP.INFO: test [] []
[2020-08-20 13:51:56] generateOTP.INFO: test [] []
[2020-08-20 13:52:28] generateOTP.INFO: test [] []
[2020-08-20 13:52:29] generateOTP.INFO: test [] []
[2020-08-20 13:52:29] generateOTP.INFO: test [] []
[2020-08-20 13:52:29] generateOTP.INFO: test [] []
[2020-08-20 13:52:29] generateOTP.INFO: test [] []
[2020-08-20 13:52:45] generateOTP.INFO: test [] []
[2020-08-20 13:52:47] generateOTP.INFO: test [] []
[2020-08-20 13:52:51] generateOTP.INFO: test [] []
[2020-08-20 13:52:51] generateOTP.INFO: test [] []
[2020-08-20 13:52:55] generateOTP.INFO: test [] []
[2020-08-20 13:53:13] generateOTP.INFO: test [] []
[2020-08-20 13:53:14] generateOTP.INFO: test [] []
[2020-08-20 13:53:14] generateOTP.INFO: test [] []
[2020-08-20 13:53:15] generateOTP.INFO: test [] []
[2020-08-20 13:53:15] generateOTP.INFO: test [] []
[2020-08-20 13:53:44] generateOTP.INFO: test [] []
[2020-08-20 13:53:45] generateOTP.INFO: test [] []
[2020-08-20 13:53:46] generateOTP.INFO: test [] []
[2020-08-20 13:53:46] generateOTP.INFO: test [] []
[2020-08-20 13:53:46] generateOTP.INFO: test [] []
[2020-08-20 13:53:46] generateOTP.INFO: test [] []
[2020-08-20 13:53:47] generateOTP.INFO: test [] []
[2020-08-20 13:54:00] generateOTP.INFO: test [] []
[2020-08-20 13:54:01] generateOTP.INFO: test [] []
[2020-08-20 13:54:12] generateOTP.INFO: test [] []
[2020-08-20 13:56:38] generateOTP.INFO: test [] []
[2020-08-20 13:56:40] generateOTP.INFO: test [] []
[2020-08-20 13:56:41] generateOTP.INFO: test [] []
[2020-08-20 13:56:41] generateOTP.INFO: test [] []
[2020-08-20 13:56:41] generateOTP.INFO: test [] []
[2020-08-20 13:56:41] generateOTP.INFO: test [] []
[2020-08-20 13:56:41] generateOTP.INFO: test [] []
[2020-08-20 13:56:42] generateOTP.INFO: test [] []
[2020-08-20 13:56:42] generateOTP.INFO: test [] []
[2020-08-20 13:56:42] generateOTP.INFO: test [] []
[2020-08-20 13:56:42] generateOTP.INFO: test [] []
[2020-08-20 13:57:49] generateOTP.INFO: test [] []
[2020-08-20 13:57:50] generateOTP.INFO: test [] []
[2020-08-20 13:57:50] generateOTP.INFO: test [] []
[2020-08-20 13:58:08] generateOTP.INFO: test [] []
[2020-08-20 13:58:38] generateOTP.INFO: test [] []
[2020-08-20 13:58:39] generateOTP.INFO: test [] []
[2020-08-20 13:59:11] generateOTP.INFO: test [] []
[2020-08-20 13:59:25] generateOTP.INFO: test [] []
[2020-08-20 13:59:26] generateOTP.INFO: test [] []
[2020-08-20 13:59:45] generateOTP.INFO: test [] []
[2020-08-20 13:59:58] generateOTP.INFO: test [] []
[2020-08-20 13:59:59] generateOTP.INFO: test [] []
[2020-08-20 13:59:59] generateOTP.INFO: test [] []
[2020-08-20 14:00:34] generateOTP.INFO: test [] []
[2020-08-20 14:01:03] generateOTP.INFO: test [] []
[2020-08-20 14:01:04] generateOTP.INFO: test [] []
[2020-08-20 14:01:05] generateOTP.INFO: test [] []
[2020-08-20 14:01:05] generateOTP.INFO: test [] []
[2020-08-20 14:01:05] generateOTP.INFO: test [] []
[2020-08-20 14:01:05] generateOTP.INFO: test [] []
[2020-08-20 14:01:05] generateOTP.INFO: test [] []
[2020-08-20 14:01:46] generateOTP.INFO: test [] []
[2020-08-20 14:02:15] generateOTP.INFO: test [] []
[2020-08-20 14:02:16] generateOTP.INFO: test [] []
[2020-08-20 14:02:17] generateOTP.INFO: test [] []
[2020-08-20 14:02:18] generateOTP.INFO: test [] []
[2020-08-20 14:02:29] generateOTP.INFO: test [] []
[2020-08-20 14:02:43] generateOTP.INFO: test [] []
[2020-08-20 14:02:49] generateOTP.INFO: test [] []
[2020-08-20 14:02:53] generateOTP.INFO: test [] []
[2020-08-20 14:02:58] generateOTP.INFO: test [] []
[2020-08-20 14:03:10] generateOTP.INFO: test [] []
[2020-08-20 14:03:45] generateOTP.INFO: test [] []
[2020-08-20 14:03:46] generateOTP.INFO: test [] []
[2020-08-20 14:03:50] generateOTP.INFO: test [] []
[2020-08-20 14:04:04] generateOTP.INFO: test [] []
[2020-08-20 14:04:10] generateOTP.INFO: test [] []
[2020-08-20 14:04:25] generateOTP.INFO: test [] []
[2020-08-20 14:06:31] generateOTP.INFO: test [] []
[2020-08-20 14:06:31] generateOTP.INFO: test [] []
[2020-08-20 14:06:31] generateOTP.INFO: test [] []
[2020-08-20 14:06:42] generateOTP.INFO: test [] []
[2020-08-20 14:07:25] generateOTP.INFO: test [] []
[2020-08-20 14:08:03] generateOTP.INFO: test [] []
[2020-08-20 14:08:05] generateOTP.INFO: test [] []
[2020-08-20 14:08:05] generateOTP.INFO: test [] []
[2020-08-20 14:08:05] generateOTP.INFO: test [] []
[2020-08-20 14:08:05] generateOTP.INFO: test [] []
[2020-08-20 14:08:05] generateOTP.INFO: test [] []
[2020-08-20 14:08:06] generateOTP.INFO: test [] []
[2020-08-20 14:08:06] generateOTP.INFO: test [] []
[2020-08-20 14:08:06] generateOTP.INFO: test [] []
[2020-08-20 14:08:06] generateOTP.INFO: test [] []
[2020-08-20 14:08:06] generateOTP.INFO: test [] []
[2020-08-20 14:08:06] generateOTP.INFO: test [] []
[2020-08-20 14:08:07] generateOTP.INFO: test [] []
[2020-08-20 14:08:09] generateOTP.INFO: test [] []
[2020-08-20 14:08:50] generateOTP.INFO: test [] []
[2020-08-20 14:09:18] generateOTP.INFO: test [] []
[2020-08-20 14:09:19] generateOTP.INFO: test [] []
[2020-08-20 14:09:27] generateOTP.INFO: test [] []
[2020-08-20 14:09:28] generateOTP.INFO: test [] []
[2020-08-20 14:09:28] generateOTP.INFO: test [] []
[2020-08-20 14:09:28] generateOTP.INFO: test [] []
[2020-08-20 14:09:28] generateOTP.INFO: test [] []
[2020-08-20 14:09:29] generateOTP.INFO: test [] []
[2020-08-20 14:09:29] generateOTP.INFO: test [] []
[2020-08-20 14:09:29] generateOTP.INFO: test [] []
[2020-08-20 14:09:29] generateOTP.INFO: test [] []
[2020-08-20 14:09:29] generateOTP.INFO: test [] []
[2020-08-20 14:09:42] generateOTP.INFO: test [] []
[2020-08-20 14:09:44] generateOTP.INFO: test [] []
[2020-08-20 14:09:45] generateOTP.INFO: test [] []
[2020-08-20 14:10:02] generateOTP.INFO: test [] []
[2020-08-20 14:10:13] generateOTP.INFO: test [] []
[2020-08-20 14:10:13] generateOTP.INFO: test [] []
[2020-08-20 14:10:13] generateOTP.INFO: test [] []
[2020-08-20 14:10:14] generateOTP.INFO: test [] []
[2020-08-20 14:10:26] generateOTP.INFO: test [] []
[2020-08-20 14:10:33] generateOTP.INFO: test [] []
[2020-08-20 14:10:55] generateOTP.INFO: test [] []
[2020-08-20 14:11:12] generateOTP.INFO: test [] []
[2020-08-20 14:11:55] generateOTP.INFO: test [] []
[2020-08-20 14:12:12] generateOTP.INFO: test [] []
[2020-08-20 14:12:12] generateOTP.INFO: test [] []
[2020-08-20 14:12:15] generateOTP.INFO: test [] []
[2020-08-20 14:13:08] generateOTP.INFO: test [] []
[2020-08-20 14:13:12] generateOTP.INFO: test [] []
[2020-08-20 14:13:12] generateOTP.INFO: test [] []
[2020-08-20 14:13:23] generateOTP.INFO: test [] []
[2020-08-20 14:13:38] generateOTP.INFO: test [] []
[2020-08-20 14:13:39] generateOTP.INFO: test [] []
[2020-08-20 14:14:03] generateOTP.INFO: test [] []
[2020-08-20 14:14:05] generateOTP.INFO: test [] []
[2020-08-20 14:14:35] generateOTP.INFO: test [] []
[2020-08-20 14:14:37] generateOTP.INFO: test [] []
[2020-08-20 14:14:39] generateOTP.INFO: test [] []
[2020-08-20 14:14:45] generateOTP.INFO: test [] []
[2020-08-20 14:14:45] generateOTP.INFO: test [] []
[2020-08-20 14:14:47] generateOTP.INFO: test [] []
[2020-08-20 14:14:48] generateOTP.INFO: test [] []
[2020-08-20 14:14:55] generateOTP.INFO: test [] []
[2020-08-20 14:15:22] generateOTP.INFO: test [] []
[2020-08-20 14:15:47] generateOTP.INFO: test [] []
[2020-08-20 14:15:51] generateOTP.INFO: test [] []
[2020-08-20 14:15:51] generateOTP.INFO: test [] []
[2020-08-20 14:15:54] generateOTP.INFO: test [] []
[2020-08-20 14:16:18] generateOTP.INFO: test [] []
[2020-08-20 14:16:28] generateOTP.INFO: {"salutation":"2","firstname":"Himani","lastname":"Developer","dob":"19-12-1988","mob_no":"7573937388","panCard":"XXXXXX456A","email":"jack@gmail.com","ref1":"1","ref2":"1","comAdd":"Om hrad ntalatiof, holOmshre, talathioficeeachol, OmshreeSada9talathi","city":"MUMBAI","state":"MAHARASHTRA","pin_code":"622103","ISNRI":"N","update_emp_id":"622521","edit":"0","policy_no":"454,455","subtype_text":"1","sum_insure":"1000000","anuual_income":"","occupation":"1","familyConstruct":"1A+1K","family_members_id":"0","family_gender":"Female","first_name":"Himani","last_name":"Developer","family_date_birth":"19-12-1988","age":"31","age_type":" years","tenure":"1 Year","family_id":"","s_date":"","marriage_date":"","premium":"14500","policyNo":"454,455","familyDataType":"undefined","empId":"622521","product":"RMxC5efb5c5a320e7","declare":"[]","gender":"Female","gci_options":"Yes"} [] []
[2020-08-20 14:16:48] generateOTP.INFO: test [] []
[2020-08-20 14:16:49] generateOTP.INFO: test [] []
[2020-08-20 14:16:50] generateOTP.INFO: test [] []
[2020-08-20 14:17:26] generateOTP.INFO: test [] []
[2020-08-20 14:18:09] generateOTP.INFO: test [] []
[2020-08-20 14:18:47] generateOTP.INFO: test [] []
[2020-08-20 14:20:50] generateOTP.INFO: test [] []
[2020-08-20 14:21:21] generateOTP.INFO: test [] []
[2020-08-20 14:21:21] generateOTP.INFO: test [] []
[2020-08-20 14:21:22] generateOTP.INFO: test [] []
[2020-08-20 14:23:23] generateOTP.INFO: test [] []
[2020-08-20 14:23:45] generateOTP.INFO: test [] []
[2020-08-20 14:23:45] generateOTP.INFO: test [] []
[2020-08-20 14:23:45] generateOTP.INFO: test [] []
[2020-08-20 14:24:38] generateOTP.INFO: test [] []
[2020-08-20 14:25:21] generateOTP.INFO: test [] []
[2020-08-20 14:25:42] generateOTP.INFO: test [] []
[2020-08-20 14:25:43] generateOTP.INFO: test [] []
[2020-08-20 14:25:44] generateOTP.INFO: test [] []
[2020-08-20 14:25:44] generateOTP.INFO: test [] []
[2020-08-20 14:25:45] generateOTP.INFO: test [] []
[2020-08-20 14:26:18] generateOTP.INFO: test [] []
[2020-08-20 14:27:35] generateOTP.INFO: test [] []
[2020-08-20 14:27:35] generateOTP.INFO: test [] []
[2020-08-20 14:27:35] generateOTP.INFO: test [] []
[2020-08-20 14:29:17] generateOTP.INFO: test [] []
[2020-08-20 14:29:17] generateOTP.INFO: test [] []
[2020-08-20 14:29:18] generateOTP.INFO: test [] []
[2020-08-20 14:29:36] generateOTP.INFO: test [] []
[2020-08-20 14:29:37] generateOTP.INFO: test [] []
[2020-08-20 14:29:39] generateOTP.INFO: test [] []
[2020-08-20 14:29:39] generateOTP.INFO: test [] []
[2020-08-20 14:29:43] generateOTP.INFO: test [] []
[2020-08-20 14:29:44] generateOTP.INFO: test [] []
[2020-08-20 14:29:49] generateOTP.INFO: test [] []
[2020-08-20 14:30:24] generateOTP.INFO: test [] []
[2020-08-20 14:30:31] generateOTP.INFO: test [] []
[2020-08-20 14:31:22] generateOTP.INFO: test [] []
[2020-08-20 14:31:42] generateOTP.INFO: test [] []
[2020-08-20 14:31:48] generateOTP.INFO: test [] []
[2020-08-20 14:31:48] generateOTP.INFO: test [] []
[2020-08-20 14:31:48] generateOTP.INFO: test [] []
[2020-08-20 14:32:01] generateOTP.INFO: test [] []
[2020-08-20 14:32:14] generateOTP.INFO: test [] []
[2020-08-20 14:32:14] generateOTP.INFO: test [] []
[2020-08-20 14:32:24] generateOTP.INFO: test [] []
[2020-08-20 14:33:39] generateOTP.INFO: test [] []
[2020-08-20 14:33:41] generateOTP.INFO: test [] []
[2020-08-20 14:33:42] generateOTP.INFO: test [] []
[2020-08-20 14:34:16] generateOTP.INFO: test [] []
[2020-08-20 14:34:16] generateOTP.INFO: test [] []
[2020-08-20 14:34:16] generateOTP.INFO: test [] []
[2020-08-20 14:34:20] generateOTP.INFO: test [] []
[2020-08-20 14:34:20] generateOTP.INFO: test [] []
[2020-08-20 14:34:21] generateOTP.INFO: test [] []
[2020-08-20 14:34:24] generateOTP.INFO: test [] []
[2020-08-20 14:34:24] generateOTP.INFO: test [] []
[2020-08-20 14:34:24] generateOTP.INFO: test [] []
[2020-08-20 14:34:32] documentsSave.INFO: {"ops_type":"[\"0\",\"Y\"]","ids":"21,22,23"} [] []
[2020-08-20 14:34:32] documentsSaveFiles.INFO: [{"name":"Full Forms.jpeg","type":"image\/jpeg","tmp_name":"\/tmp\/phphtAEhO","error":0,"size":128214},{"name":"Full Forms.jpeg","type":"image\/jpeg","tmp_name":"\/tmp\/phpoXg5ut","error":0,"size":128214}] [] []
[2020-08-20 14:34:44] generateOTP.INFO: test [] []
[2020-08-20 14:35:40] generateOTP.INFO: test [] []
[2020-08-20 14:35:40] generateOTP.INFO: test [] []
[2020-08-20 14:35:41] generateOTP.INFO: test [] []
[2020-08-20 14:36:04] generateOTP.INFO: test [] []
[2020-08-20 14:36:06] generateOTP.INFO: test [] []
[2020-08-20 14:36:06] generateOTP.INFO: test [] []
[2020-08-20 14:36:06] generateOTP.INFO: test [] []
[2020-08-20 14:36:36] generateOTP.INFO: test [] []
[2020-08-20 14:37:16] generateOTP.INFO: test [] []
[2020-08-20 14:38:33] generateOTP.INFO: test [] []
[2020-08-20 14:38:33] generateOTP.INFO: test [] []
[2020-08-20 14:38:33] generateOTP.INFO: test [] []
[2020-08-20 14:40:01] generateOTP.INFO: test [] []
[2020-08-20 14:40:06] generateOTP.INFO: test [] []
[2020-08-20 14:40:16] generateOTP.INFO: test [] []
[2020-08-20 14:40:21] generateOTP.INFO: test [] []
[2020-08-20 14:40:22] generateOTP.INFO: test [] []
[2020-08-20 14:40:36] generateOTP.INFO: test [] []
[2020-08-20 14:46:28] generateOTP.INFO: test [] []
[2020-08-20 14:49:29] generateOTP.INFO: test [] []
[2020-08-20 14:49:55] generateOTP.INFO: test [] []
[2020-08-20 14:50:03] generateOTP.INFO: test [] []
[2020-08-20 14:50:16] generateOTP.INFO: test [] []
[2020-08-20 14:50:42] generateOTP.INFO: test [] []
[2020-08-20 14:51:31] generateOTP.INFO: test [] []
[2020-08-20 14:51:50] generateOTP.INFO: test [] []
[2020-08-20 14:51:55] generateOTP.INFO: test [] []
[2020-08-20 14:51:58] generateOTP.INFO: test [] []
[2020-08-20 14:52:00] generateOTP.INFO: test [] []
[2020-08-20 14:52:04] generateOTP.INFO: test [] []
[2020-08-20 14:52:20] generateOTP.INFO: test [] []
[2020-08-20 14:53:08] generateOTP.INFO: test [] []
[2020-08-20 14:53:10] generateOTP.INFO: test [] []
[2020-08-20 14:53:15] generateOTP.INFO: test [] []
[2020-08-20 14:53:16] generateOTP.INFO: test [] []
[2020-08-20 14:53:42] generateOTP.INFO: test [] []
[2020-08-20 14:53:43] generateOTP.INFO: test [] []
[2020-08-20 14:53:49] generateOTP.INFO: test [] []
[2020-08-20 14:53:52] generateOTP.INFO: test [] []
[2020-08-20 14:53:58] generateOTP.INFO: test [] []
[2020-08-20 14:53:58] generateOTP.INFO: test [] []
[2020-08-20 14:54:04] generateOTP.INFO: test [] []
[2020-08-20 14:54:25] generateOTP.INFO: test [] []
[2020-08-20 14:54:27] generateOTP.INFO: test [] []
[2020-08-20 14:54:32] generateOTP.INFO: test [] []
[2020-08-20 14:54:33] generateOTP.INFO: test [] []
[2020-08-20 14:55:19] generateOTP.INFO: test [] []
[2020-08-20 14:55:22] generateOTP.INFO: test [] []
[2020-08-20 14:55:34] generateOTP.INFO: test [] []
[2020-08-20 14:55:42] generateOTP.INFO: test [] []
[2020-08-20 14:55:53] generateOTP.INFO: test [] []
[2020-08-20 14:56:03] generateOTP.INFO: test [] []
[2020-08-20 14:56:17] generateOTP.INFO: test [] []
[2020-08-20 14:56:22] generateOTP.INFO: test [] []
[2020-08-20 14:56:42] generateOTP.INFO: test [] []
[2020-08-20 14:56:58] generateOTP.INFO: test [] []
[2020-08-20 14:57:35] generateOTP.INFO: test [] []
[2020-08-20 14:57:37] generateOTP.INFO: test [] []
[2020-08-20 14:59:41] generateOTP.INFO: test [] []
[2020-08-20 14:59:52] generateOTP.INFO: test [] []
[2020-08-20 14:59:58] generateOTP.INFO: test [] []
[2020-08-20 14:59:58] generateOTP.INFO: test [] []
[2020-08-20 15:00:09] generateOTP.INFO: test [] []
[2020-08-20 15:00:10] generateOTP.INFO: test [] []
[2020-08-20 15:00:14] generateOTP.INFO: test [] []
[2020-08-20 15:00:39] generateOTP.INFO: test [] []
[2020-08-20 15:00:41] generateOTP.INFO: test [] []
[2020-08-20 15:01:23] generateOTP.INFO: test [] []
[2020-08-20 15:02:02] generateOTP.INFO: test [] []
[2020-08-20 15:02:20] generateOTP.INFO: test [] []
[2020-08-20 15:02:54] generateOTP.INFO: test [] []
[2020-08-20 15:03:05] generateOTP.INFO: test [] []
[2020-08-20 15:04:22] generateOTP.INFO: test [] []
[2020-08-20 15:04:41] generateOTP.INFO: test [] []
[2020-08-20 15:07:37] generateOTP.INFO: test [] []
[2020-08-20 15:07:39] generateOTP.INFO: test [] []
[2020-08-20 15:09:00] generateOTP.INFO: test [] []
[2020-08-20 15:09:53] generateOTP.INFO: test [] []
[2020-08-20 15:10:56] generateOTP.INFO: test [] []
[2020-08-20 15:11:44] generateOTP.INFO: test [] []
[2020-08-20 15:12:18] generateOTP.INFO: test [] []
[2020-08-20 15:12:31] generateOTP.INFO: test [] []
[2020-08-20 15:12:46] generateOTP.INFO: test [] []
[2020-08-20 15:13:10] generateOTP.INFO: test [] []
[2020-08-20 15:13:28] generateOTP.INFO: test [] []
[2020-08-20 15:14:13] generateOTP.INFO: test [] []
[2020-08-20 15:14:32] generateOTP.INFO: test [] []
[2020-08-20 15:14:49] generateOTP.INFO: test [] []
[2020-08-20 15:14:49] generateOTP.INFO: test [] []
[2020-08-20 15:14:51] generateOTP.INFO: test [] []
[2020-08-20 15:14:56] generateOTP.INFO: test [] []
[2020-08-20 15:15:05] generateOTP.INFO: test [] []
[2020-08-20 15:15:40] generateOTP.INFO: test [] []
[2020-08-20 15:15:49] generateOTP.INFO: test [] []
[2020-08-20 15:16:47] generateOTP.INFO: test [] []
[2020-08-20 15:17:29] generateOTP.INFO: test [] []
[2020-08-20 15:17:35] generateOTP.INFO: test [] []
[2020-08-20 15:17:55] generateOTP.INFO: test [] []
[2020-08-20 15:18:16] generateOTP.INFO: test [] []
[2020-08-20 15:18:24] generateOTP.INFO: test [] []
[2020-08-20 15:18:35] generateOTP.INFO: test [] []
[2020-08-20 15:19:02] generateOTP.INFO: test [] []
[2020-08-20 15:19:05] generateOTP.INFO: test [] []
[2020-08-20 15:19:11] generateOTP.INFO: test [] []
[2020-08-20 15:19:14] generateOTP.INFO: test [] []
[2020-08-20 15:19:16] generateOTP.INFO: test [] []
[2020-08-20 15:19:23] generateOTP.INFO: test [] []
[2020-08-20 15:19:25] generateOTP.INFO: test [] []
[2020-08-20 15:20:02] generateOTP.INFO: test [] []
[2020-08-20 15:20:08] generateOTP.INFO: test [] []
[2020-08-20 15:20:10] generateOTP.INFO: test [] []
[2020-08-20 15:20:11] generateOTP.INFO: test [] []
[2020-08-20 15:20:19] generateOTP.INFO: test [] []
[2020-08-20 15:21:21] generateOTP.INFO: test [] []
[2020-08-20 15:21:24] generateOTP.INFO: test [] []
[2020-08-20 15:22:19] generateOTP.INFO: test [] []
[2020-08-20 15:25:11] generateOTP.INFO: test [] []
[2020-08-20 15:25:21] generateOTP.INFO: test [] []
[2020-08-20 15:26:37] generateOTP.INFO: test [] []
[2020-08-20 15:27:39] generateOTP.INFO: test [] []
[2020-08-20 15:31:04] generateOTP.INFO: test [] []
[2020-08-20 15:37:28] generateOTP.INFO: test [] []
[2020-08-20 15:40:57] generateOTP.INFO: test [] []
[2020-08-20 15:41:19] generateOTP.INFO: test [] []
[2020-08-20 15:41:20] generateOTP.INFO: test [] []
[2020-08-20 15:41:54] generateOTP.INFO: test [] []
[2020-08-20 15:42:14] generateOTP.INFO: test [] []
[2020-08-20 15:59:44] generateOTP.INFO: test [] []
[2020-08-20 15:59:47] generateOTP.INFO: test [] []
[2020-08-20 15:59:47] generateOTP.INFO: test [] []
[2020-08-20 15:59:51] generateOTP.INFO: test [] []
[2020-08-20 15:59:52] generateOTP.INFO: test [] []
[2020-08-20 16:00:02] generateOTP.INFO: test [] []
[2020-08-20 16:00:09] generateOTP.INFO: test [] []
[2020-08-20 16:00:23] generateOTP.INFO: test [] []
[2020-08-20 16:01:42] generateOTP.INFO: test [] []
[2020-08-20 16:04:13] generateOTP.INFO: test [] []
[2020-08-20 16:04:18] generateOTP.INFO: test [] []
[2020-08-20 16:08:52] generateOTP.INFO: test [] []
[2020-08-20 16:09:11] generateOTP.INFO: test [] []
[2020-08-20 16:10:28] generateOTP.INFO: test [] []
[2020-08-20 16:13:32] generateOTP.INFO: test [] []
[2020-08-20 16:14:13] generateOTP.INFO: test [] []
[2020-08-20 16:14:56] generateOTP.INFO: test [] []
[2020-08-20 16:16:16] generateOTP.INFO: test [] []
[2020-08-20 16:17:31] generateOTP.INFO: test [] []
[2020-08-20 16:17:57] generateOTP.INFO: test [] []
[2020-08-20 16:22:44] generateOTP.INFO: test [] []
[2020-08-20 16:24:28] generateOTP.INFO: test [] []
[2020-08-20 16:24:43] generateOTP.INFO: test [] []
[2020-08-20 16:24:46] generateOTP.INFO: test [] []
[2020-08-20 16:24:56] generateOTP.INFO: test [] []
[2020-08-20 16:24:57] generateOTP.INFO: test [] []
[2020-08-20 16:25:17] generateOTP.INFO: test [] []
[2020-08-20 16:25:18] generateOTP.INFO: test [] []
[2020-08-20 16:25:26] generateOTP.INFO: test [] []
[2020-08-20 16:25:34] generateOTP.INFO: test [] []
[2020-08-20 16:25:36] generateOTP.INFO: test [] []
[2020-08-20 16:25:39] generateOTP.INFO: test [] []
[2020-08-20 16:25:41] generateOTP.INFO: test [] []
[2020-08-20 16:27:02] generateOTP.INFO: test [] []
[2020-08-20 16:27:04] generateOTP.INFO: test [] []
[2020-08-20 16:27:07] generateOTP.INFO: test [] []
[2020-08-20 16:27:09] generateOTP.INFO: test [] []
[2020-08-20 16:27:33] generateOTP.INFO: test [] []
[2020-08-20 16:27:35] generateOTP.INFO: test [] []
[2020-08-20 16:29:35] generateOTP.INFO: test [] []
[2020-08-20 16:29:59] generateOTP.INFO: test [] []
[2020-08-20 16:30:02] generateOTP.INFO: test [] []
[2020-08-20 16:30:17] generateOTP.INFO: test [] []
[2020-08-20 16:30:18] generateOTP.INFO: test [] []
[2020-08-20 16:30:19] generateOTP.INFO: test [] []
[2020-08-20 16:31:32] generateOTP.INFO: test [] []
[2020-08-20 16:31:53] generateOTP.INFO: test [] []
[2020-08-20 16:32:01] generateOTP.INFO: test [] []
[2020-08-20 16:32:18] generateOTP.INFO: test [] []
[2020-08-20 16:33:55] generateOTP.INFO: test [] []
[2020-08-20 16:34:04] generateOTP.INFO: test [] []
[2020-08-20 16:34:08] generateOTP.INFO: test [] []
[2020-08-20 16:34:16] generateOTP.INFO: test [] []
[2020-08-20 16:34:24] generateOTP.INFO: test [] []
[2020-08-20 16:35:18] generateOTP.INFO: test [] []
[2020-08-20 16:35:39] generateOTP.INFO: test [] []
[2020-08-20 16:36:16] generateOTP.INFO: test [] []
[2020-08-20 16:36:33] generateOTP.INFO: test [] []
[2020-08-20 16:36:36] generateOTP.INFO: test [] []
[2020-08-20 16:37:46] generateOTP.INFO: test [] []
[2020-08-20 16:38:11] generateOTP.INFO: test [] []
[2020-08-20 16:38:11] generateOTP.INFO: test [] []
[2020-08-20 16:38:15] generateOTP.INFO: test [] []
[2020-08-20 16:38:24] generateOTP.INFO: test [] []
[2020-08-20 16:38:51] generateOTP.INFO: test [] []
[2020-08-20 16:38:53] generateOTP.INFO: test [] []
[2020-08-20 16:39:15] generateOTP.INFO: test [] []
[2020-08-20 16:39:18] generateOTP.INFO: test [] []
[2020-08-20 16:39:22] generateOTP.INFO: test [] []
[2020-08-20 16:39:47] generateOTP.INFO: test [] []
[2020-08-20 16:39:50] generateOTP.INFO: test [] []
[2020-08-20 16:40:14] generateOTP.INFO: test [] []
[2020-08-20 16:40:15] generateOTP.INFO: test [] []
[2020-08-20 16:40:27] generateOTP.INFO: test [] []
[2020-08-20 16:40:29] generateOTP.INFO: test [] []
[2020-08-20 16:40:42] generateOTP.INFO: test [] []
[2020-08-20 16:40:54] generateOTP.INFO: test [] []
[2020-08-20 16:41:19] generateOTP.INFO: test [] []
[2020-08-20 16:41:48] generateOTP.INFO: test [] []
[2020-08-20 16:42:14] generateOTP.INFO: test [] []
[2020-08-20 16:42:20] generateOTP.INFO: test [] []
[2020-08-20 16:42:22] generateOTP.INFO: test [] []
[2020-08-20 16:42:26] generateOTP.INFO: test [] []
[2020-08-20 16:42:28] generateOTP.INFO: test [] []
[2020-08-20 16:42:47] generateOTP.INFO: test [] []
[2020-08-20 16:42:58] generateOTP.INFO: test [] []
[2020-08-20 16:43:01] generateOTP.INFO: test [] []
[2020-08-20 16:43:07] generateOTP.INFO: test [] []
[2020-08-20 16:43:09] generateOTP.INFO: test [] []
[2020-08-20 16:43:13] generateOTP.INFO: test [] []
[2020-08-20 16:43:14] generateOTP.INFO: test [] []
[2020-08-20 16:43:35] generateOTP.INFO: test [] []
[2020-08-20 16:43:52] generateOTP.INFO: test [] []
[2020-08-20 16:44:14] generateOTP.INFO: test [] []
[2020-08-20 16:53:06] generateOTP.INFO: test [] []
[2020-08-20 16:54:50] generateOTP.INFO: test [] []
[2020-08-20 16:55:22] generateOTP.INFO: test [] []
[2020-08-20 16:56:00] generateOTP.INFO: test [] []
[2020-08-20 16:56:25] generateOTP.INFO: test [] []
[2020-08-20 16:56:47] generateOTP.INFO: test [] []
[2020-08-20 16:57:16] generateOTP.INFO: test [] []
[2020-08-20 16:57:26] generateOTP.INFO: test [] []
[2020-08-20 16:58:10] generateOTP.INFO: test [] []
[2020-08-20 16:58:24] generateOTP.INFO: test [] []
[2020-08-20 17:01:09] generateOTP.INFO: test [] []
[2020-08-20 17:01:46] generateOTP.INFO: test [] []
[2020-08-20 17:01:59] generateOTP.INFO: test [] []
[2020-08-20 17:03:00] generateOTP.INFO: test [] []
[2020-08-20 17:04:20] generateOTP.INFO: test [] []
[2020-08-20 17:04:21] generateOTP.INFO: test [] []
[2020-08-20 17:04:25] generateOTP.INFO: test [] []
[2020-08-20 17:04:32] generateOTP.INFO: test [] []
[2020-08-20 17:04:50] generateOTP.INFO: test [] []
[2020-08-20 17:04:50] generateOTP.INFO: test [] []
[2020-08-20 17:04:53] generateOTP.INFO: test [] []
[2020-08-20 17:05:00] generateOTP.INFO: test [] []
[2020-08-20 17:05:01] generateOTP.INFO: test [] []
[2020-08-20 17:05:02] generateOTP.INFO: test [] []
[2020-08-20 17:05:09] generateOTP.INFO: test [] []
[2020-08-20 17:05:13] generateOTP.INFO: test [] []
[2020-08-20 17:05:14] generateOTP.INFO: test [] []
[2020-08-20 17:05:15] generateOTP.INFO: test [] []
[2020-08-20 17:05:16] generateOTP.INFO: test [] []
[2020-08-20 17:05:18] generateOTP.INFO: test [] []
[2020-08-20 17:05:22] generateOTP.INFO: test [] []
[2020-08-20 17:05:22] generateOTP.INFO: test [] []
[2020-08-20 17:05:25] generateOTP.INFO: test [] []
[2020-08-20 17:05:28] generateOTP.INFO: test [] []
[2020-08-20 17:05:34] generateOTP.INFO: test [] []
[2020-08-20 17:05:40] generateOTP.INFO: test [] []
[2020-08-20 17:05:41] generateOTP.INFO: test [] []
[2020-08-20 17:05:50] generateOTP.INFO: test [] []
[2020-08-20 17:06:08] generateOTP.INFO: test [] []
[2020-08-20 17:06:16] generateOTP.INFO: test [] []
[2020-08-20 17:06:16] generateOTP.INFO: test [] []
[2020-08-20 17:06:19] generateOTP.INFO: test [] []
[2020-08-20 17:06:21] generateOTP.INFO: test [] []
[2020-08-20 17:06:44] generateOTP.INFO: test [] []
[2020-08-20 17:07:19] generateOTP.INFO: test [] []
[2020-08-20 17:07:33] generateOTP.INFO: test [] []
[2020-08-20 17:07:47] generateOTP.INFO: test [] []
[2020-08-20 17:08:57] generateOTP.INFO: test [] []
[2020-08-20 17:09:16] generateOTP.INFO: test [] []
[2020-08-20 17:10:29] generateOTP.INFO: test [] []
[2020-08-20 17:11:03] generateOTP.INFO: test [] []
[2020-08-20 17:11:12] generateOTP.INFO: test [] []
[2020-08-20 17:11:18] generateOTP.INFO: test [] []
[2020-08-20 17:11:19] generateOTP.INFO: test [] []
[2020-08-20 17:11:41] generateOTP.INFO: test [] []
[2020-08-20 17:11:42] generateOTP.INFO: test [] []
[2020-08-20 17:11:59] generateOTP.INFO: test [] []
[2020-08-20 17:12:40] generateOTP.INFO: test [] []
[2020-08-20 17:12:51] generateOTP.INFO: test [] []
[2020-08-20 17:13:01] generateOTP.INFO: test [] []
[2020-08-20 17:13:16] generateOTP.INFO: test [] []
[2020-08-20 17:13:49] generateOTP.INFO: test [] []
[2020-08-20 17:14:49] generateOTP.INFO: test [] []
[2020-08-20 17:15:01] generateOTP.INFO: test [] []
[2020-08-20 17:16:05] generateOTP.INFO: test [] []
[2020-08-20 17:16:44] generateOTP.INFO: test [] []
[2020-08-20 17:17:28] generateOTP.INFO: test [] []
[2020-08-20 17:17:59] generateOTP.INFO: test [] []
[2020-08-20 17:18:15] generateOTP.INFO: test [] []
[2020-08-20 17:18:21] generateOTP.INFO: test [] []
[2020-08-20 17:18:37] generateOTP.INFO: test [] []
[2020-08-20 17:18:49] generateOTP.INFO: test [] []
[2020-08-20 17:18:55] generateOTP.INFO: test [] []
[2020-08-20 17:19:57] generateOTP.INFO: test [] []
[2020-08-20 17:20:14] generateOTP.INFO: test [] []
[2020-08-20 17:20:34] generateOTP.INFO: test [] []
[2020-08-20 17:20:36] generateOTP.INFO: test [] []
[2020-08-20 17:21:04] generateOTP.INFO: test [] []
[2020-08-20 17:21:49] generateOTP.INFO: test [] []
[2020-08-20 17:22:44] generateOTP.INFO: test [] []
[2020-08-20 17:22:45] generateOTP.INFO: test [] []
[2020-08-20 17:22:53] generateOTP.INFO: test [] []
[2020-08-20 17:23:00] generateOTP.INFO: test [] []
[2020-08-20 17:23:01] generateOTP.INFO: test [] []
[2020-08-20 17:23:15] generateOTP.INFO: test [] []
[2020-08-20 17:23:15] generateOTP.INFO: test [] []
[2020-08-20 17:23:16] generateOTP.INFO: test [] []
[2020-08-20 17:23:25] generateOTP.INFO: test [] []
[2020-08-20 17:23:56] generateOTP.INFO: test [] []
[2020-08-20 17:24:39] generateOTP.INFO: test [] []
[2020-08-20 17:24:39] generateOTP.INFO: test [] []
[2020-08-20 17:24:50] generateOTP.INFO: test [] []
[2020-08-20 17:25:14] generateOTP.INFO: test [] []
[2020-08-20 17:25:26] generateOTP.INFO: test [] []
[2020-08-20 17:26:59] generateOTP.INFO: test [] []
[2020-08-20 17:27:37] generateOTP.INFO: test [] []
[2020-08-20 17:28:05] generateOTP.INFO: test [] []
[2020-08-20 17:28:26] generateOTP.INFO: test [] []
[2020-08-20 17:30:30] generateOTP.INFO: test [] []
[2020-08-20 17:30:32] generateOTP.INFO: test [] []
[2020-08-20 17:30:37] generateOTP.INFO: test [] []
[2020-08-20 17:36:40] generateOTP.INFO: test [] []
[2020-08-20 17:36:42] generateOTP.INFO: test [] []
[2020-08-20 17:36:52] generateOTP.INFO: test [] []
[2020-08-20 17:37:31] generateOTP.INFO: test [] []
[2020-08-20 17:38:25] generateOTP.INFO: test [] []
[2020-08-20 17:39:26] generateOTP.INFO: test [] []
[2020-08-20 17:39:26] generateOTP.INFO: test [] []
[2020-08-20 17:39:31] generateOTP.INFO: test [] []
[2020-08-20 17:39:43] generateOTP.INFO: test [] []
[2020-08-20 17:43:34] generateOTP.INFO: test [] []
[2020-08-20 17:45:03] generateOTP.INFO: test [] []
[2020-08-20 17:46:33] generateOTP.INFO: test [] []
[2020-08-20 17:47:07] generateOTP.INFO: test [] []
[2020-08-20 17:47:24] generateOTP.INFO: test [] []
[2020-08-20 17:51:58] generateOTP.INFO: test [] []
[2020-08-20 17:52:19] generateOTP.INFO: test [] []
[2020-08-20 17:53:45] generateOTP.INFO: test [] []
[2020-08-20 17:53:46] generateOTP.INFO: test [] []
[2020-08-20 17:53:47] generateOTP.INFO: test [] []
[2020-08-20 18:03:18] generateOTP.INFO: test [] []
[2020-08-20 18:03:26] generateOTP.INFO: test [] []
[2020-08-20 18:03:27] generateOTP.INFO: test [] []
[2020-08-20 18:03:30] generateOTP.INFO: test [] []
[2020-08-20 18:03:32] generateOTP.INFO: test [] []
[2020-08-20 18:04:49] generateOTP.INFO: test [] []
[2020-08-20 18:04:49] generateOTP.INFO: test [] []
[2020-08-20 18:04:50] generateOTP.INFO: test [] []
[2020-08-20 18:04:55] generateOTP.INFO: test [] []
[2020-08-20 18:04:58] generateOTP.INFO: test [] []
[2020-08-20 18:05:41] generateOTP.INFO: test [] []
[2020-08-20 18:06:29] generateOTP.INFO: test [] []
[2020-08-20 18:06:44] generateOTP.INFO: test [] []
[2020-08-20 18:09:17] generateOTP.INFO: test [] []
[2020-08-20 18:09:24] generateOTP.INFO: test [] []
[2020-08-20 18:09:38] generateOTP.INFO: test [] []
[2020-08-20 18:09:50] generateOTP.INFO: test [] []
[2020-08-20 18:10:11] generateOTP.INFO: test [] []
[2020-08-20 18:10:33] generateOTP.INFO: test [] []
[2020-08-20 18:10:47] generateOTP.INFO: test [] []
[2020-08-20 18:10:57] generateOTP.INFO: test [] []
[2020-08-20 18:11:48] generateOTP.INFO: test [] []
[2020-08-20 18:12:16] generateOTP.INFO: test [] []
[2020-08-20 18:12:52] generateOTP.INFO: test [] []
[2020-08-20 18:14:37] generateOTP.INFO: test [] []
[2020-08-20 18:14:58] generateOTP.INFO: test [] []
[2020-08-20 18:15:13] generateOTP.INFO: test [] []
[2020-08-20 18:15:28] generateOTP.INFO: test [] []
[2020-08-20 18:16:43] generateOTP.INFO: test [] []
[2020-08-20 18:16:59] generateOTP.INFO: test [] []
[2020-08-20 18:17:39] generateOTP.INFO: test [] []
[2020-08-20 18:17:42] generateOTP.INFO: test [] []
[2020-08-20 18:17:44] generateOTP.INFO: test [] []
[2020-08-20 18:17:47] generateOTP.INFO: test [] []
[2020-08-20 18:18:08] generateOTP.INFO: test [] []
[2020-08-20 18:24:06] generateOTP.INFO: test [] []
[2020-08-20 18:24:46] generateOTP.INFO: test [] []
[2020-08-20 18:25:20] generateOTP.INFO: test [] []
[2020-08-20 18:25:28] generateOTP.INFO: test [] []
[2020-08-20 18:25:46] generateOTP.INFO: test [] []
[2020-08-20 18:26:14] generateOTP.INFO: test [] []
[2020-08-20 18:26:17] generateOTP.INFO: test [] []
[2020-08-20 18:28:11] generateOTP.INFO: test [] []
[2020-08-20 18:29:40] generateOTP.INFO: test [] []
[2020-08-20 18:29:59] generateOTP.INFO: test [] []
[2020-08-20 18:31:02] generateOTP.INFO: test [] []
[2020-08-20 18:31:31] generateOTP.INFO: test [] []
[2020-08-20 18:32:25] generateOTP.INFO: test [] []
[2020-08-20 18:33:08] generateOTP.INFO: test [] []
[2020-08-20 18:35:05] generateOTP.INFO: test [] []
[2020-08-20 18:35:10] generateOTP.INFO: test [] []
[2020-08-20 18:35:24] generateOTP.INFO: test [] []
[2020-08-20 18:35:51] generateOTP.INFO: test [] []
[2020-08-20 18:36:35] generateOTP.INFO: test [] []
[2020-08-20 18:36:46] generateOTP.INFO: test [] []
[2020-08-20 18:36:57] generateOTP.INFO: test [] []
[2020-08-20 18:37:29] generateOTP.INFO: test [] []
[2020-08-20 18:37:38] generateOTP.INFO: test [] []
[2020-08-20 18:38:06] generateOTP.INFO: test [] []
[2020-08-20 18:38:22] generateOTP.INFO: test [] []
[2020-08-20 18:38:35] generateOTP.INFO: test [] []
[2020-08-20 18:41:12] generateOTP.INFO: test [] []
[2020-08-20 18:41:28] generateOTP.INFO: test [] []
[2020-08-20 18:41:42] generateOTP.INFO: test [] []
[2020-08-20 18:41:52] generateOTP.INFO: test [] []
[2020-08-20 18:42:03] generateOTP.INFO: test [] []
[2020-08-20 18:42:11] generateOTP.INFO: test [] []
[2020-08-20 18:42:22] generateOTP.INFO: test [] []
[2020-08-20 18:42:31] generateOTP.INFO: test [] []
[2020-08-20 18:42:44] generateOTP.INFO: test [] []
[2020-08-20 18:42:57] generateOTP.INFO: test [] []
[2020-08-20 18:45:55] generateOTP.INFO: test [] []
[2020-08-20 18:48:07] generateOTP.INFO: test [] []
[2020-08-20 18:48:40] generateOTP.INFO: test [] []
[2020-08-20 18:49:07] generateOTP.INFO: test [] []
[2020-08-20 18:50:21] generateOTP.INFO: test [] []
[2020-08-20 18:53:02] generateOTP.INFO: test [] []
[2020-08-20 18:54:13] generateOTP.INFO: test [] []
[2020-08-20 18:54:15] generateOTP.INFO: test [] []
[2020-08-20 18:54:17] generateOTP.INFO: test [] []
[2020-08-20 18:54:18] generateOTP.INFO: test [] []
[2020-08-20 18:55:16] generateOTP.INFO: test [] []
[2020-08-20 18:57:06] generateOTP.INFO: test [] []
[2020-08-20 19:01:33] generateOTP.INFO: test [] []
[2020-08-20 19:02:47] generateOTP.INFO: test [] []
[2020-08-20 19:04:11] generateOTP.INFO: test [] []
[2020-08-20 19:04:20] generateOTP.INFO: test [] []
[2020-08-20 19:04:25] generateOTP.INFO: test [] []
[2020-08-20 19:04:38] generateOTP.INFO: test [] []
[2020-08-20 19:06:25] generateOTP.INFO: test [] []
[2020-08-20 19:06:25] generateOTP.INFO: test [] []
[2020-08-20 19:06:26] generateOTP.INFO: test [] []
[2020-08-20 19:06:41] generateOTP.INFO: test [] []
[2020-08-20 19:07:07] generateOTP.INFO: test [] []
[2020-08-20 19:07:44] generateOTP.INFO: test [] []
[2020-08-20 19:08:25] generateOTP.INFO: test [] []
[2020-08-20 19:08:33] generateOTP.INFO: test [] []
[2020-08-20 19:09:09] generateOTP.INFO: test [] []
[2020-08-20 19:12:09] generateOTP.INFO: test [] []
[2020-08-20 19:12:14] generateOTP.INFO: test [] []
[2020-08-20 19:12:16] generateOTP.INFO: test [] []
[2020-08-20 19:12:23] generateOTP.INFO: test [] []
[2020-08-20 19:12:42] generateOTP.INFO: test [] []
[2020-08-20 19:12:42] generateOTP.INFO: test [] []
[2020-08-20 19:12:43] generateOTP.INFO: test [] []
[2020-08-20 19:12:52] generateOTP.INFO: test [] []
[2020-08-20 19:13:08] generateOTP.INFO: test [] []
[2020-08-20 19:14:35] generateOTP.INFO: test [] []
[2020-08-20 19:16:40] generateOTP.INFO: test [] []
[2020-08-20 19:17:01] generateOTP.INFO: test [] []
[2020-08-20 19:17:08] generateOTP.INFO: test [] []
[2020-08-20 19:21:13] generateOTP.INFO: test [] []
[2020-08-20 19:21:15] generateOTP.INFO: test [] []
[2020-08-20 19:21:31] generateOTP.INFO: test [] []
[2020-08-20 19:24:52] generateOTP.INFO: test [] []
[2020-08-20 19:24:52] generateOTP.INFO: test [] []
[2020-08-20 19:24:53] generateOTP.INFO: test [] []
[2020-08-20 19:24:58] generateOTP.INFO: test [] []
[2020-08-20 19:25:08] generateOTP.INFO: test [] []
[2020-08-20 19:25:27] generateOTP.INFO: test [] []
[2020-08-20 19:25:37] generateOTP.INFO: test [] []
[2020-08-20 19:25:41] generateOTP.INFO: test [] []
[2020-08-20 19:25:49] generateOTP.INFO: test [] []
[2020-08-20 19:26:07] generateOTP.INFO: test [] []
[2020-08-20 19:26:24] generateOTP.INFO: test [] []
[2020-08-20 19:26:28] generateOTP.INFO: test [] []
[2020-08-20 19:26:29] generateOTP.INFO: test [] []
[2020-08-20 19:26:43] generateOTP.INFO: test [] []
[2020-08-20 19:26:53] generateOTP.INFO: test [] []
[2020-08-20 19:27:01] generateOTP.INFO: test [] []
[2020-08-20 19:28:00] generateOTP.INFO: test [] []
[2020-08-20 19:28:06] generateOTP.INFO: test [] []
[2020-08-20 19:28:09] generateOTP.INFO: test [] []
[2020-08-20 19:28:09] generateOTP.INFO: test [] []
[2020-08-20 19:28:18] generateOTP.INFO: test [] []
[2020-08-20 19:28:29] generateOTP.INFO: test [] []
[2020-08-20 19:28:40] generateOTP.INFO: test [] []
[2020-08-20 19:29:48] generateOTP.INFO: test [] []
[2020-08-20 19:29:58] generateOTP.INFO: test [] []
[2020-08-20 19:30:34] generateOTP.INFO: test [] []
[2020-08-20 19:30:37] generateOTP.INFO: test [] []
[2020-08-20 19:30:38] generateOTP.INFO: test [] []
[2020-08-20 19:30:40] generateOTP.INFO: test [] []
[2020-08-20 19:30:47] generateOTP.INFO: test [] []
[2020-08-20 19:30:51] generateOTP.INFO: test [] []
[2020-08-20 19:30:51] generateOTP.INFO: test [] []
[2020-08-20 19:30:52] generateOTP.INFO: test [] []
[2020-08-20 19:30:55] generateOTP.INFO: test [] []
[2020-08-20 19:30:58] generateOTP.INFO: test [] []
[2020-08-20 19:31:04] generateOTP.INFO: test [] []
[2020-08-20 19:31:06] generateOTP.INFO: test [] []
[2020-08-20 19:31:06] generateOTP.INFO: test [] []
[2020-08-20 19:31:06] generateOTP.INFO: test [] []
[2020-08-20 19:31:07] generateOTP.INFO: test [] []
[2020-08-20 19:31:08] generateOTP.INFO: test [] []
[2020-08-20 19:31:09] generateOTP.INFO: test [] []
[2020-08-20 19:31:11] generateOTP.INFO: test [] []
[2020-08-20 19:31:19] generateOTP.INFO: test [] []
[2020-08-20 19:31:27] generateOTP.INFO: test [] []
[2020-08-20 19:31:27] generateOTP.INFO: test [] []
[2020-08-20 19:31:28] generateOTP.INFO: test [] []
[2020-08-20 19:31:41] generateOTP.INFO: test [] []
[2020-08-20 19:31:49] generateOTP.INFO: test [] []
[2020-08-20 19:33:21] generateOTP.INFO: test [] []
[2020-08-20 19:34:04] generateOTP.INFO: test [] []
[2020-08-20 19:34:12] generateOTP.INFO: test [] []
[2020-08-20 19:34:16] generateOTP.INFO: test [] []
[2020-08-20 19:34:16] generateOTP.INFO: test [] []
[2020-08-20 19:34:24] generateOTP.INFO: test [] []
[2020-08-20 19:34:28] generateOTP.INFO: test [] []
[2020-08-20 19:34:47] generateOTP.INFO: test [] []
[2020-08-20 19:34:51] generateOTP.INFO: test [] []
[2020-08-20 19:35:02] generateOTP.INFO: test [] []
[2020-08-20 19:35:29] generateOTP.INFO: test [] []
[2020-08-20 19:35:29] generateOTP.INFO: test [] []
[2020-08-20 19:35:30] generateOTP.INFO: test [] []
[2020-08-20 19:35:35] generateOTP.INFO: test [] []
[2020-08-20 19:35:58] generateOTP.INFO: test [] []
[2020-08-20 19:36:21] generateOTP.INFO: test [] []
[2020-08-20 19:36:29] generateOTP.INFO: test [] []
[2020-08-20 19:36:34] generateOTP.INFO: test [] []
[2020-08-20 19:36:37] generateOTP.INFO: test [] []
[2020-08-20 19:36:37] generateOTP.INFO: test [] []
[2020-08-20 19:36:38] generateOTP.INFO: test [] []
[2020-08-20 19:36:38] generateOTP.INFO: test [] []
[2020-08-20 19:36:38] generateOTP.INFO: test [] []
[2020-08-20 19:36:38] generateOTP.INFO: test [] []
[2020-08-20 19:36:38] generateOTP.INFO: test [] []
[2020-08-20 19:36:39] generateOTP.INFO: test [] []
[2020-08-20 19:36:41] generateOTP.INFO: test [] []
[2020-08-20 19:36:42] generateOTP.INFO: test [] []
[2020-08-20 19:36:42] generateOTP.INFO: test [] []
[2020-08-20 19:36:42] generateOTP.INFO: test [] []
[2020-08-20 19:36:43] generateOTP.INFO: test [] []
[2020-08-20 19:36:47] generateOTP.INFO: test [] []
[2020-08-20 19:36:47] generateOTP.INFO: test [] []
[2020-08-20 19:36:48] generateOTP.INFO: test [] []
[2020-08-20 19:36:48] generateOTP.INFO: test [] []
[2020-08-20 19:36:57] generateOTP.INFO: test [] []
[2020-08-20 19:36:58] generateOTP.INFO: test [] []
[2020-08-20 19:36:58] generateOTP.INFO: test [] []
[2020-08-20 19:36:58] generateOTP.INFO: test [] []
[2020-08-20 19:36:58] generateOTP.INFO: test [] []
[2020-08-20 19:36:59] generateOTP.INFO: test [] []
[2020-08-20 19:36:59] generateOTP.INFO: test [] []
[2020-08-20 19:36:59] generateOTP.INFO: test [] []
[2020-08-20 19:36:59] generateOTP.INFO: test [] []
[2020-08-20 19:37:05] generateOTP.INFO: test [] []
[2020-08-20 19:37:06] generateOTP.INFO: test [] []
[2020-08-20 19:37:06] generateOTP.INFO: test [] []
[2020-08-20 19:37:06] generateOTP.INFO: test [] []
[2020-08-20 19:37:06] generateOTP.INFO: test [] []
[2020-08-20 19:37:08] generateOTP.INFO: test [] []
[2020-08-20 19:37:08] generateOTP.INFO: test [] []
[2020-08-20 19:37:14] generateOTP.INFO: test [] []
[2020-08-20 19:37:14] generateOTP.INFO: test [] []
[2020-08-20 19:37:15] generateOTP.INFO: test [] []
[2020-08-20 19:37:15] generateOTP.INFO: test [] []
[2020-08-20 19:37:16] generateOTP.INFO: test [] []
[2020-08-20 19:37:16] generateOTP.INFO: test [] []
[2020-08-20 19:37:17] generateOTP.INFO: test [] []
[2020-08-20 19:37:17] generateOTP.INFO: test [] []
[2020-08-20 19:37:17] generateOTP.INFO: test [] []
[2020-08-20 19:37:18] generateOTP.INFO: test [] []
[2020-08-20 19:37:18] generateOTP.INFO: test [] []
[2020-08-20 19:37:18] generateOTP.INFO: test [] []
[2020-08-20 19:37:19] generateOTP.INFO: test [] []
[2020-08-20 19:37:19] generateOTP.INFO: test [] []
[2020-08-20 19:37:26] generateOTP.INFO: test [] []
[2020-08-20 19:37:31] generateOTP.INFO: test [] []
[2020-08-20 19:37:31] generateOTP.INFO: test [] []
[2020-08-20 19:37:31] generateOTP.INFO: test [] []
[2020-08-20 19:37:31] generateOTP.INFO: test [] []
[2020-08-20 19:37:31] generateOTP.INFO: test [] []
[2020-08-20 19:37:32] generateOTP.INFO: test [] []
[2020-08-20 19:37:32] generateOTP.INFO: test [] []
[2020-08-20 19:37:32] generateOTP.INFO: test [] []
[2020-08-20 19:37:32] generateOTP.INFO: test [] []
[2020-08-20 19:37:35] generateOTP.INFO: test [] []
[2020-08-20 19:37:35] generateOTP.INFO: test [] []
[2020-08-20 19:37:35] generateOTP.INFO: test [] []
[2020-08-20 19:37:35] generateOTP.INFO: test [] []
[2020-08-20 19:37:36] generateOTP.INFO: test [] []
[2020-08-20 19:37:37] generateOTP.INFO: test [] []
[2020-08-20 19:37:37] generateOTP.INFO: test [] []
[2020-08-20 19:37:37] generateOTP.INFO: test [] []
[2020-08-20 19:37:38] generateOTP.INFO: test [] []
[2020-08-20 19:37:38] generateOTP.INFO: test [] []
[2020-08-20 19:37:38] generateOTP.INFO: test [] []
[2020-08-20 19:37:39] generateOTP.INFO: test [] []
[2020-08-20 19:37:39] generateOTP.INFO: test [] []
[2020-08-20 19:37:45] generateOTP.INFO: test [] []
[2020-08-20 19:37:46] generateOTP.INFO: test [] []
[2020-08-20 19:37:50] generateOTP.INFO: test [] []
[2020-08-20 19:38:03] generateOTP.INFO: test [] []
[2020-08-20 19:38:04] generateOTP.INFO: test [] []
[2020-08-20 19:38:08] generateOTP.INFO: test [] []
[2020-08-20 19:38:13] generateOTP.INFO: test [] []
[2020-08-20 19:38:20] generateOTP.INFO: test [] []
[2020-08-20 19:38:51] generateOTP.INFO: test [] []
[2020-08-20 19:39:18] generateOTP.INFO: test [] []
[2020-08-20 19:40:23] generateOTP.INFO: test [] []
[2020-08-20 19:42:56] generateOTP.INFO: test [] []
[2020-08-20 19:42:57] generateOTP.INFO: test [] []
[2020-08-20 19:42:58] generateOTP.INFO: test [] []
[2020-08-20 19:43:05] generateOTP.INFO: test [] []
[2020-08-20 19:43:30] generateOTP.INFO: test [] []
[2020-08-20 19:44:48] generateOTP.INFO: test [] []
[2020-08-20 19:44:57] generateOTP.INFO: test [] []
[2020-08-20 19:44:59] generateOTP.INFO: test [] []
[2020-08-20 19:45:56] generateOTP.INFO: test [] []
[2020-08-20 19:45:56] generateOTP.INFO: test [] []
[2020-08-20 19:47:00] generateOTP.INFO: test [] []
[2020-08-20 19:47:01] generateOTP.INFO: test [] []
[2020-08-20 19:47:08] generateOTP.INFO: test [] []
[2020-08-20 19:47:10] generateOTP.INFO: test [] []
[2020-08-20 19:47:11] generateOTP.INFO: test [] []
[2020-08-20 19:47:29] generateOTP.INFO: test [] []
[2020-08-20 19:47:31] generateOTP.INFO: test [] []
[2020-08-20 19:47:36] generateOTP.INFO: test [] []
[2020-08-20 19:47:37] generateOTP.INFO: test [] []
[2020-08-20 19:47:37] generateOTP.INFO: test [] []
[2020-08-20 19:47:42] generateOTP.INFO: test [] []
[2020-08-20 19:47:48] generateOTP.INFO: test [] []
[2020-08-20 19:47:56] generateOTP.INFO: test [] []
[2020-08-20 19:47:57] generateOTP.INFO: test [] []
[2020-08-20 19:48:54] generateOTP.INFO: test [] []
[2020-08-20 19:48:54] generateOTP.INFO: test [] []
[2020-08-20 19:48:54] generateOTP.INFO: test [] []
[2020-08-20 19:48:54] generateOTP.INFO: test [] []
[2020-08-20 19:48:54] generateOTP.INFO: test [] []
[2020-08-20 19:48:54] generateOTP.INFO: test [] []
[2020-08-20 19:48:54] generateOTP.INFO: test [] []
[2020-08-20 19:48:56] generateOTP.INFO: test [] []
[2020-08-20 19:49:22] generateOTP.INFO: test [] []
[2020-08-20 19:49:23] generateOTP.INFO: test [] []
[2020-08-20 19:49:30] generateOTP.INFO: test [] []
[2020-08-20 19:49:30] generateOTP.INFO: test [] []
[2020-08-20 19:49:33] generateOTP.INFO: test [] []
[2020-08-20 19:49:34] generateOTP.INFO: test [] []
[2020-08-20 19:49:37] generateOTP.INFO: test [] []
[2020-08-20 19:49:38] generateOTP.INFO: test [] []
[2020-08-20 19:49:38] generateOTP.INFO: test [] []
[2020-08-20 19:49:43] generateOTP.INFO: test [] []
[2020-08-20 19:49:53] generateOTP.INFO: test [] []
[2020-08-20 19:49:59] generateOTP.INFO: test [] []
[2020-08-20 19:51:25] generateOTP.INFO: test [] []
[2020-08-20 19:51:25] generateOTP.INFO: test [] []
[2020-08-20 19:51:34] generateOTP.INFO: test [] []
[2020-08-20 19:53:10] generateOTP.INFO: test [] []
[2020-08-20 19:53:10] generateOTP.INFO: test [] []
[2020-08-20 19:53:19] generateOTP.INFO: test [] []
[2020-08-20 19:53:54] generateOTP.INFO: test [] []
[2020-08-20 19:54:05] generateOTP.INFO: test [] []
[2020-08-20 19:54:06] generateOTP.INFO: test [] []
[2020-08-20 19:54:48] generateOTP.INFO: test [] []
[2020-08-20 19:54:49] generateOTP.INFO: test [] []
[2020-08-20 19:55:00] generateOTP.INFO: test [] []
[2020-08-20 19:57:33] generateOTP.INFO: test [] []
[2020-08-20 19:57:34] generateOTP.INFO: test [] []
[2020-08-20 19:57:44] generateOTP.INFO: test [] []
[2020-08-20 19:58:47] generateOTP.INFO: test [] []
[2020-08-20 20:14:40] generateOTP.INFO: test [] []
[2020-08-20 20:14:42] generateOTP.INFO: test [] []
[2020-08-20 20:14:56] generateOTP.INFO: test [] []
[2020-08-20 20:14:59] generateOTP.INFO: test [] []
[2020-08-20 20:15:00] generateOTP.INFO: test [] []
[2020-08-20 20:15:10] generateOTP.INFO: test [] []
[2020-08-20 20:16:53] generateOTP.INFO: test [] []
[2020-08-20 20:21:22] generateOTP.INFO: test [] []
[2020-08-20 20:21:39] generateOTP.INFO: test [] []
[2020-08-20 20:21:57] generateOTP.INFO: test [] []
[2020-08-20 20:22:33] generateOTP.INFO: test [] []
[2020-08-20 20:22:56] generateOTP.INFO: test [] []
[2020-08-20 20:24:31] generateOTP.INFO: test [] []
[2020-08-20 20:24:50] generateOTP.INFO: test [] []
[2020-08-20 20:24:51] generateOTP.INFO: test [] []
[2020-08-20 20:24:52] generateOTP.INFO: test [] []
[2020-08-20 20:25:08] generateOTP.INFO: test [] []
[2020-08-20 20:25:15] generateOTP.INFO: test [] []
[2020-08-20 20:25:15] generateOTP.INFO: test [] []
[2020-08-20 20:25:29] generateOTP.INFO: test [] []
[2020-08-20 20:25:30] generateOTP.INFO: test [] []
[2020-08-20 20:25:41] generateOTP.INFO: test [] []
[2020-08-20 20:26:04] generateOTP.INFO: test [] []
[2020-08-20 20:27:09] generateOTP.INFO: test [] []
[2020-08-20 20:29:18] generateOTP.INFO: test [] []
[2020-08-20 20:29:18] generateOTP.INFO: test [] []
[2020-08-20 20:30:28] generateOTP.INFO: test [] []
[2020-08-20 20:30:50] generateOTP.INFO: test [] []
[2020-08-20 20:30:58] generateOTP.INFO: test [] []
[2020-08-20 20:31:34] generateOTP.INFO: test [] []
[2020-08-20 20:32:04] generateOTP.INFO: test [] []
[2020-08-20 20:32:04] generateOTP.INFO: test [] []
[2020-08-20 20:32:39] generateOTP.INFO: test [] []
[2020-08-20 20:42:56] generateOTP.INFO: test [] []
[2020-08-20 20:47:40] generateOTP.INFO: test [] []
[2020-08-20 20:48:47] generateOTP.INFO: test [] []
[2020-08-20 20:48:48] generateOTP.INFO: test [] []
[2020-08-20 20:51:08] generateOTP.INFO: test [] []
[2020-08-20 20:51:08] generateOTP.INFO: test [] []
[2020-08-20 20:51:09] generateOTP.INFO: test [] []
[2020-08-20 20:51:10] generateOTP.INFO: test [] []
[2020-08-20 20:51:11] generateOTP.INFO: test [] []
[2020-08-20 20:51:14] generateOTP.INFO: test [] []
[2020-08-20 20:51:15] generateOTP.INFO: test [] []
[2020-08-20 20:51:21] generateOTP.INFO: test [] []
[2020-08-20 20:51:26] generateOTP.INFO: test [] []
[2020-08-20 20:52:01] generateOTP.INFO: test [] []
[2020-08-20 20:52:07] generateOTP.INFO: test [] []
[2020-08-20 20:53:29] generateOTP.INFO: test [] []
[2020-08-20 20:54:14] generateOTP.INFO: test [] []
[2020-08-20 20:54:20] generateOTP.INFO: test [] []
[2020-08-20 20:54:20] generateOTP.INFO: test [] []
[2020-08-20 20:54:31] generateOTP.INFO: test [] []
[2020-08-20 20:54:53] generateOTP.INFO: test [] []
[2020-08-20 20:54:58] generateOTP.INFO: test [] []
[2020-08-20 20:55:06] generateOTP.INFO: test [] []
[2020-08-20 20:55:07] generateOTP.INFO: test [] []
[2020-08-20 20:55:11] generateOTP.INFO: test [] []
[2020-08-20 20:55:12] generateOTP.INFO: test [] []
[2020-08-20 20:55:17] generateOTP.INFO: test [] []
[2020-08-20 20:55:26] generateOTP.INFO: test [] []
[2020-08-20 20:55:26] generateOTP.INFO: test [] []
[2020-08-20 20:55:27] generateOTP.INFO: test [] []
[2020-08-20 20:56:18] generateOTP.INFO: test [] []
[2020-08-20 20:56:48] generateOTP.INFO: test [] []
[2020-08-20 20:57:16] generateOTP.INFO: test [] []
[2020-08-20 21:02:33] generateOTP.INFO: test [] []
[2020-08-20 21:08:30] generateOTP.INFO: test [] []
[2020-08-20 21:08:31] generateOTP.INFO: test [] []
[2020-08-20 21:08:41] generateOTP.INFO: test [] []
[2020-08-20 21:09:04] generateOTP.INFO: test [] []
[2020-08-20 21:10:10] generateOTP.INFO: test [] []
[2020-08-20 21:10:15] generateOTP.INFO: test [] []
[2020-08-20 21:10:18] generateOTP.INFO: test [] []
[2020-08-20 21:10:18] generateOTP.INFO: test [] []
[2020-08-20 21:10:18] generateOTP.INFO: test [] []
[2020-08-20 21:10:18] generateOTP.INFO: test [] []
[2020-08-20 21:10:24] generateOTP.INFO: test [] []
[2020-08-20 21:10:46] generateOTP.INFO: test [] []
[2020-08-20 21:10:46] generateOTP.INFO: test [] []
[2020-08-20 21:10:47] generateOTP.INFO: test [] []
[2020-08-20 21:12:22] generateOTP.INFO: test [] []
[2020-08-20 21:12:22] generateOTP.INFO: test [] []
[2020-08-20 21:12:22] generateOTP.INFO: test [] []
[2020-08-20 21:12:23] generateOTP.INFO: test [] []
[2020-08-20 21:12:24] generateOTP.INFO: test [] []
[2020-08-20 21:12:28] generateOTP.INFO: test [] []
[2020-08-20 21:12:51] generateOTP.INFO: test [] []
[2020-08-20 21:12:59] generateOTP.INFO: test [] []
[2020-08-20 21:13:16] generateOTP.INFO: test [] []
[2020-08-20 21:13:24] generateOTP.INFO: test [] []
[2020-08-20 21:16:37] generateOTP.INFO: test [] []
[2020-08-20 21:22:45] generateOTP.INFO: test [] []
[2020-08-20 21:35:37] generateOTP.INFO: test [] []
[2020-08-20 21:35:38] generateOTP.INFO: test [] []
[2020-08-20 21:35:45] generateOTP.INFO: test [] []
[2020-08-20 21:35:45] generateOTP.INFO: test [] []
[2020-08-20 21:35:47] generateOTP.INFO: test [] []
[2020-08-20 21:42:05] generateOTP.INFO: test [] []
[2020-08-20 21:43:13] generateOTP.INFO: test [] []
[2020-08-20 21:46:00] generateOTP.INFO: test [] []
[2020-08-20 23:10:26] generateOTP.INFO: test [] []
