[2020-11-20 09:52:09] generateOTP.INFO: test [] []
[2020-11-20 09:52:10] generateOTP.INFO: test [] []
[2020-11-20 09:52:20] generateOTP.INFO: test [] []
[2020-11-20 09:52:21] generateOTP.INFO: test [] []
[2020-11-20 09:54:23] generateOTP.INFO: test [] []
[2020-11-20 09:54:23] generateOTP.INFO: test [] []
[2020-11-20 09:57:05] generateOTP.INFO: test [] []
[2020-11-20 09:57:10] generateOTP.INFO: test [] []
[2020-11-20 09:57:14] generateOTP.INFO: test [] []
[2020-11-20 09:57:15] generateOTP.INFO: test [] []
[2020-11-20 09:57:16] generateOTP.INFO: test [] []
[2020-11-20 09:57:17] generateOTP.INFO: test [] []
[2020-11-20 09:57:23] generateOTP.INFO: test [] []
[2020-11-20 10:18:47] generateOTP.INFO: test [] []
[2020-11-20 10:18:48] generateOTP.INFO: test [] []
[2020-11-20 10:58:11] generateOTP.INFO: test [] []
[2020-11-20 10:58:19] generateOTP.INFO: test [] []
[2020-11-20 10:58:29] generateOTP.INFO: test [] []
[2020-11-20 10:59:37] generateOTP.INFO: test [] []
[2020-11-20 10:59:39] generateOTP.INFO: test [] []
[2020-11-20 10:59:46] generateOTP.INFO: test [] []
[2020-11-20 10:59:58] generateOTP.INFO: test [] []
[2020-11-20 11:00:01] generateOTP.INFO: test [] []
[2020-11-20 11:00:09] generateOTP.INFO: test [] []
[2020-11-20 11:00:15] generateOTP.INFO: test [] []
[2020-11-20 11:00:16] generateOTP.INFO: test [] []
[2020-11-20 11:00:24] generateOTP.INFO: test [] []
[2020-11-20 11:02:48] generateOTP.INFO: test [] []
[2020-11-20 11:16:11] generateOTP.INFO: test [] []
[2020-11-20 11:16:11] generateOTP.INFO: test [] []
[2020-11-20 11:16:12] generateOTP.INFO: test [] []
[2020-11-20 11:16:22] generateOTP.INFO: test [] []
[2020-11-20 11:17:42] generateOTP.INFO: test [] []
[2020-11-20 11:17:57] generateOTP.INFO: test [] []
[2020-11-20 11:22:40] generateOTP.INFO: test [] []
[2020-11-20 11:23:24] generateOTP.INFO: test [] []
[2020-11-20 11:24:56] generateOTP.INFO: test [] []
[2020-11-20 11:26:22] generateOTP.INFO: test [] []
[2020-11-20 11:30:09] generateOTP.INFO: test [] []
[2020-11-20 11:30:18] generateOTP.INFO: test [] []
[2020-11-20 11:37:01] generateOTP.INFO: test [] []
[2020-11-20 11:37:09] generateOTP.INFO: test [] []
[2020-11-20 11:38:00] generateOTP.INFO: test [] []
[2020-11-20 11:38:16] generateOTP.INFO: test [] []
[2020-11-20 11:38:55] generateOTP.INFO: test [] []
[2020-11-20 11:39:00] generateOTP.INFO: test [] []
[2020-11-20 11:39:34] generateOTP.INFO: test [] []
[2020-11-20 11:40:50] generateOTP.INFO: test [] []
[2020-11-20 11:41:07] generateOTP.INFO: test [] []
[2020-11-20 11:45:08] generateOTP.INFO: test [] []
[2020-11-20 11:45:10] generateOTP.INFO: test [] []
[2020-11-20 11:45:12] generateOTP.INFO: test [] []
[2020-11-20 11:45:19] generateOTP.INFO: test [] []
[2020-11-20 11:45:20] generateOTP.INFO: test [] []
[2020-11-20 11:45:26] generateOTP.INFO: test [] []
[2020-11-20 11:45:36] generateOTP.INFO: test [] []
[2020-11-20 11:45:37] generateOTP.INFO: test [] []
[2020-11-20 11:49:47] generateOTP.INFO: test [] []
[2020-11-20 11:52:04] generateOTP.INFO: test [] []
[2020-11-20 11:52:29] generateOTP.INFO: test [] []
[2020-11-20 11:54:19] generateOTP.INFO: test [] []
[2020-11-20 11:54:20] generateOTP.INFO: test [] []
[2020-11-20 11:54:29] generateOTP.INFO: test [] []
[2020-11-20 11:54:52] generateOTP.INFO: test [] []
[2020-11-20 11:56:50] generateOTP.INFO: test [] []
[2020-11-20 11:56:51] generateOTP.INFO: test [] []
[2020-11-20 11:56:59] generateOTP.INFO: test [] []
[2020-11-20 11:57:22] generateOTP.INFO: test [] []
[2020-11-20 11:58:53] generateOTP.INFO: test [] []
[2020-11-20 11:58:53] generateOTP.INFO: test [] []
[2020-11-20 11:59:01] generateOTP.INFO: test [] []
[2020-11-20 11:59:23] generateOTP.INFO: test [] []
[2020-11-20 12:01:20] generateOTP.INFO: test [] []
[2020-11-20 12:01:20] generateOTP.INFO: test [] []
[2020-11-20 12:01:30] generateOTP.INFO: test [] []
[2020-11-20 12:01:35] generateOTP.INFO: test [] []
[2020-11-20 12:01:42] generateOTP.INFO: test [] []
[2020-11-20 12:02:28] generateOTP.INFO: test [] []
[2020-11-20 12:03:35] generateOTP.INFO: test [] []
[2020-11-20 12:03:40] generateOTP.INFO: test [] []
[2020-11-20 12:03:50] generateOTP.INFO: test [] []
[2020-11-20 12:03:58] generateOTP.INFO: test [] []
[2020-11-20 12:04:11] generateOTP.INFO: test [] []
[2020-11-20 12:04:13] generateOTP.INFO: test [] []
[2020-11-20 12:04:27] generateOTP.INFO: test [] []
[2020-11-20 12:09:40] generateOTP.INFO: test [] []
[2020-11-20 12:11:02] generateOTP.INFO: test [] []
[2020-11-20 12:11:02] generateOTP.INFO: test [] []
[2020-11-20 12:11:03] generateOTP.INFO: test [] []
[2020-11-20 12:11:09] generateOTP.INFO: test [] []
[2020-11-20 12:11:36] generateOTP.INFO: test [] []
[2020-11-20 12:23:23] generateOTP.INFO: test [] []
[2020-11-20 12:23:24] generateOTP.INFO: test [] []
[2020-11-20 12:23:32] generateOTP.INFO: test [] []
[2020-11-20 12:24:02] generateOTP.INFO: test [] []
[2020-11-20 12:24:22] generateOTP.INFO: test [] []
[2020-11-20 12:24:23] generateOTP.INFO: test [] []
[2020-11-20 12:24:30] generateOTP.INFO: test [] []
[2020-11-20 12:24:53] generateOTP.INFO: test [] []
[2020-11-20 12:25:12] generateOTP.INFO: test [] []
[2020-11-20 12:25:14] generateOTP.INFO: test [] []
[2020-11-20 12:25:21] generateOTP.INFO: test [] []
[2020-11-20 12:25:43] generateOTP.INFO: test [] []
[2020-11-20 12:26:06] generateOTP.INFO: test [] []
[2020-11-20 12:26:08] generateOTP.INFO: test [] []
[2020-11-20 12:26:14] generateOTP.INFO: test [] []
[2020-11-20 12:26:37] generateOTP.INFO: test [] []
[2020-11-20 12:38:08] generateOTP.INFO: {"salutation":"1","firstname":"test","lastname":"BANKING","dob":"19-12-1988","mob_no":"7010444138","panCard":"XXXXXX456A","email":"jack@gmail.com","ref1":"1","ref2":"1","comAdd":"Om hrad ntalatiof, holOmshre, talathioficeeachol, OmshreeSada9talathi","city":"MUMBAI","state":"MAHARASHTRA","pin_code":"622103","ISNRI":"N","update_emp_id":"623683","edit":"0","policy_no":"454,455","subtype_text":"1","sum_insure":"500000","anuual_income":"","occupation":"1","familyConstruct":"1A","family_members_id":"0","family_gender":"Male","first_name":"test","last_name":"BANKING","family_date_birth":"19-12-1988","age":"31","age_type":" years","tenure":"1 Year","family_id":"","s_date":"","marriage_date":"","premium":"8000","policyNo":"454,455","familyDataType":"undefined","empId":"623683","product":"RMxC5efb5c5a320e7","declare":"[]","gender":"Male","gci_options":"Yes"} [] []
[2020-11-20 12:41:59] generateOTP.INFO: test [] []
[2020-11-20 12:41:59] generateOTP.INFO: test [] []
[2020-11-20 12:42:00] generateOTP.INFO: test [] []
[2020-11-20 12:42:07] generateOTP.INFO: test [] []
[2020-11-20 12:42:46] generateOTP.INFO: test [] []
[2020-11-20 12:50:09] generateOTP.INFO: test [] []
[2020-11-20 12:55:13] generateOTP.INFO: test [] []
[2020-11-20 12:55:13] generateOTP.INFO: test [] []
[2020-11-20 12:55:26] generateOTP.INFO: test [] []
[2020-11-20 12:55:31] generateOTP.INFO: test [] []
[2020-11-20 12:55:38] generateOTP.INFO: test [] []
[2020-11-20 12:55:58] generateOTP.INFO: test [] []
[2020-11-20 13:00:07] generateOTP.INFO: test [] []
[2020-11-20 13:00:08] generateOTP.INFO: test [] []
[2020-11-20 13:01:21] generateOTP.INFO: test [] []
[2020-11-20 13:01:44] generateOTP.INFO: test [] []
[2020-11-20 13:02:15] generateOTP.INFO: test [] []
[2020-11-20 13:02:25] generateOTP.INFO: test [] []
[2020-11-20 13:02:28] generateOTP.INFO: test [] []
[2020-11-20 13:02:31] generateOTP.INFO: test [] []
[2020-11-20 13:02:31] generateOTP.INFO: test [] []
[2020-11-20 13:02:37] generateOTP.INFO: test [] []
[2020-11-20 13:03:11] generateOTP.INFO: test [] []
[2020-11-20 13:03:56] generateOTP.INFO: test [] []
[2020-11-20 13:04:05] generateOTP.INFO: test [] []
[2020-11-20 13:04:39] generateOTP.INFO: test [] []
[2020-11-20 13:05:07] generateOTP.INFO: test [] []
[2020-11-20 13:18:08] generateOTP.INFO: test [] []
[2020-11-20 13:18:11] generateOTP.INFO: test [] []
[2020-11-20 13:18:51] generateOTP.INFO: test [] []
[2020-11-20 13:21:10] generateOTP.INFO: test [] []
[2020-11-20 13:21:24] generateOTP.INFO: test [] []
[2020-11-20 13:22:23] generateOTP.INFO: test [] []
[2020-11-20 13:22:41] generateOTP.INFO: test [] []
[2020-11-20 13:22:52] generateOTP.INFO: test [] []
[2020-11-20 13:47:06] generateOTP.INFO: test [] []
[2020-11-20 14:24:50] generateOTP.INFO: test [] []
[2020-11-20 14:26:51] generateOTP.INFO: test [] []
[2020-11-20 15:02:04] generateOTP.INFO: test [] []
[2020-11-20 15:02:12] generateOTP.INFO: test [] []
[2020-11-20 15:06:33] generateOTP.INFO: test [] []
[2020-11-20 15:06:37] generateOTP.INFO: test [] []
[2020-11-20 15:06:59] generateOTP.INFO: test [] []
[2020-11-20 15:07:01] generateOTP.INFO: test [] []
[2020-11-20 15:07:10] generateOTP.INFO: test [] []
[2020-11-20 15:07:10] generateOTP.INFO: test [] []
[2020-11-20 15:07:10] generateOTP.INFO: test [] []
[2020-11-20 15:07:10] generateOTP.INFO: test [] []
[2020-11-20 15:07:39] generateOTP.INFO: test [] []
[2020-11-20 15:07:39] generateOTP.INFO: test [] []
[2020-11-20 15:07:50] generateOTP.INFO: test [] []
[2020-11-20 15:07:51] generateOTP.INFO: test [] []
[2020-11-20 15:10:17] full_quote_request2.INFO: {"ClientCreation":{"Member_Customer_ID":"160429416211118GHI","salutation":"Mr","firstName":"ttt","middleName":"","lastName":"yyyyyyy","dateofBirth":"11\/13\/1990","gender":"M","educationalQualification":null,"pinCode":"410206","uidNo":"","maritalStatus":null,"nationality":"Indian","occupation":"O553","primaryEmailID":"yyy@ttt.in","contactMobileNo":"9811111111","stdLandlineNo":null,"panNo":null,"passportNumber":null,"contactPerson":null,"annualIncome":null,"remarks":null,"startDate":"2020-11-20","endDate":null,"IdProof":"Adhaar Card","residenceProof":null,"ageProof":null,"others":null,"homeAddressLine1":"tt yy","homeAddressLine2":null,"homeAddressLine3":null,"homePinCode":"410206","homeArea":null,"homeContactMobileNo":null,"homeContactMobileNo2":null,"homeSTDLandlineNo":null,"homeFaxNo":null,"sameAsHomeAddress":"1","mailingAddressLine1":null,"mailingAddressLine2":null,"mailingAddressLine3":null,"mailingPinCode":null,"mailingArea":null,"mailingContactMobileNo":null,"mailingContactMobileNo2":null,"mailingSTDLandlineNo":null,"mailingSTDLandlineNo2":null,"mailingFaxNo":null,"bankAccountType":null,"bankAccountNo":null,"ifscCode":null,"GSTIN":null,"GSTRegistrationStatus":"Consumers","IsEIAavailable":"0","ApplyEIA":"0","EIAAccountNo":null,"EIAWith":"0","AccountType":null,"AddressProof":null,"DOBProof":null,"IdentityProof":null},"PolicyCreationRequest":{"Quotation_Number":"IPB100147959","MasterPolicyNumber":"61-20-00040-00-00","GroupID":"GRP001","Product_Code":"4211","SumInsured_Type":null,"Policy_Tanure":"1","Member_Type_Code":"M209","intermediaryCode":"2108233","AutoRenewal":"Y","intermediaryBranchCode":"10MHMUM01","agentSignatureDate":null,"Customer_Signature_Date":null,"businessSourceChannel":null,"AssignPolicy":"0","AssigneeName":null,"leadID":"1604311821","Source_Name":"AXIS_GHI","SPID":"0","TCN":null,"CRTNO":null,"RefCode1":"0","RefCode2":null,"Employee_Number":"3456","enumIsEmployeeDiscount":null,"QuoteDate":null,"IsPayment":"1","PaymentMode":null,"PolicyproductComponents":[{"PlanCode":"4211","SumInsured":"500000","SchemeCode":"4112000003"}]},"MemObj":{"Member":[{"MemberNo":1,"Salutation":"Mr","First_Name":"ttt yyyyyyy","Middle_Name":null,"Last_Name":".","Gender":"M","DateOfBirth":"11\/13\/1990","Relation_Code":"R001","Marital_Status":null,"height":"0.00","weight":"0","occupation":"O553","PrimaryMember":"Y","MemberproductComponents":[{"PlanCode":"4211","MemberQuestionDetails":[{"QuestionCode":null,"Answer":null,"Remarks":null}]}],"MemberPED":[{"PEDCode":null,"Remarks":null}],"exactDiagnosis":null,"dateOfDiagnosis":null,"lastDateConsultation":null,"detailsOfTreatmentGiven":null,"doctorName":null,"hospitalName":null,"phoneNumberHosital":null,"Nominee_First_Name":"Tete","Nominee_Last_Name":"Tete","Nominee_Contact_Number":null,"Nominee_Home_Address":null,"Nominee_Relationship_Code":"R002"}]},"ReceiptCreation":{"officeLocation":"Mumbai","modeOfEntry":"Direct","cdAcNo":null,"expiryDate":null,"payerType":"Customer","payerCode":null,"paymentBy":"Customer","paymentByName":null,"paymentByRelationship":null,"collectionAmount":6489,"collectionRcvdDate":"2020-11-20","collectionMode":"online","remarks":null,"instrumentNumber":"pay_G3NOnliHD18W6X","instrumentDate":"2020-11-20","bankName":"0","branchName":null,"bankLocation":null,"micrNo":null,"chequeType":null,"ifscCode":null,"PaymentGatewayName":"AXIS_GHI","TerminalID":"EuxJCz8cZV9V63","CardNo":null}} [] []
[2020-11-20 15:10:25] full_quote_reponse2.INFO: "<ns0:GHI_Res xmlns:ns0=\"http:\/\/ABHICL_NBP_QuickQuote_Schemas.GHI_Response\"><errorObj><ErrorNumber>00<\/ErrorNumber><ErrorMessage>Success<\/ErrorMessage><\/errorObj><policyDtls><TransactionReferenceNumber><\/TransactionReferenceNumber><QuotationNumber>IPB100147959<\/QuotationNumber><CertificateNumber>GHI-AX-20-1001476<\/CertificateNumber><LetterURL>https:\/\/abpb.adityabirlahealth.com\/hbletter\/viewletter.aspx?ABH=213855&amp;TRM=GHI-AX-20-1001476<\/LetterURL><ClientID>1310298<\/ClientID><ProductName>Group Activ Health<\/ProductName><ProductCode>4211<\/ProductCode><LineOfBusiness>42<\/LineOfBusiness><startDate>11\/20\/2020 12:00:00 AM<\/startDate><EndDate>11\/19\/2021 12:00:00 AM<\/EndDate><PolicyNumber>61-20-00040-00-00<\/PolicyNumber><ProposalNumber>IPB100147959<\/ProposalNumber><PolicyStatus>IF<\/PolicyStatus><Tenure>1<\/Tenure><stpFlag>0<\/stpFlag><COIUrl>https:\/\/uat_abpb.adityabirlahealth.com\/pdf\/OpenPDFFile.aspx?Path=5f67fe4c-e4d7-42dd-9f8d-97023b915fa9<\/COIUrl><\/policyDtls><premium><BasePremium>5499.00<\/BasePremium><NetPremium>5499.00<\/NetPremium><GST>989.82<\/GST><GrossPremium>6489.00<\/GrossPremium><\/premium><receiptObj><ReceiptNumber>R100207416<\/ReceiptNumber><ReceiptAmount>6489.00<\/ReceiptAmount><ExcessAmount>0.00<\/ExcessAmount><\/receiptObj><\/ns0:GHI_Res>" [] []
[2020-11-20 15:10:26] api_insert.INFO: {"emp_id":"3456","client_id":"1310298","certificate_number":"GHI-AX-20-1001476","quotation_no":"IPB100147959","proposal_no":"IPB100147959","policy_no":"61-20-00040-00-00","gross_premium":"6489.00","status":"Success","start_date":"11\/20\/2020 12:00:00 AM","end_date":"11\/19\/2021 12:00:00 AM","created_date":"2020-11-20 15:10:25","proposal_no_lead":"P-202011200000","PolicyStatus":"IF","letter_url":"https:\/\/abpb.adityabirlahealth.com\/hbletter\/viewletter.aspx?ABH=213855&TRM=GHI-AX-20-1001476","CustomerID":null,"MemberCustomerID":null,"relationship_code":"R001"} [] []
[2020-11-20 15:11:00] generateOTP.INFO: test [] []
[2020-11-20 15:11:00] generateOTP.INFO: test [] []
[2020-11-20 15:11:00] generateOTP.INFO: test [] []
[2020-11-20 15:11:00] generateOTP.INFO: test [] []
[2020-11-20 15:11:00] generateOTP.INFO: test [] []
[2020-11-20 15:11:58] generateOTP.INFO: test [] []
[2020-11-20 15:12:03] generateOTP.INFO: test [] []
[2020-11-20 15:12:49] generateOTP.INFO: test [] []
[2020-11-20 15:12:50] generateOTP.INFO: test [] []
[2020-11-20 15:12:50] generateOTP.INFO: test [] []
[2020-11-20 15:12:50] generateOTP.INFO: test [] []
[2020-11-20 15:13:50] generateOTP.INFO: test [] []
[2020-11-20 15:13:50] generateOTP.INFO: test [] []
[2020-11-20 15:13:56] generateOTP.INFO: test [] []
[2020-11-20 15:13:56] generateOTP.INFO: test [] []
[2020-11-20 15:13:56] generateOTP.INFO: test [] []
[2020-11-20 15:13:56] generateOTP.INFO: test [] []
[2020-11-20 15:14:15] generateOTP.INFO: test [] []
[2020-11-20 15:14:18] generateOTP.INFO: test [] []
[2020-11-20 15:14:20] generateOTP.INFO: test [] []
[2020-11-20 15:14:20] generateOTP.INFO: test [] []
[2020-11-20 15:14:20] generateOTP.INFO: test [] []
[2020-11-20 15:14:20] generateOTP.INFO: test [] []
[2020-11-20 15:14:24] generateOTP.INFO: test [] []
[2020-11-20 15:14:24] generateOTP.INFO: test [] []
[2020-11-20 15:14:43] generateOTP.INFO: test [] []
[2020-11-20 15:14:43] generateOTP.INFO: test [] []
[2020-11-20 15:14:43] generateOTP.INFO: test [] []
[2020-11-20 15:14:43] generateOTP.INFO: test [] []
[2020-11-20 15:14:58] generateOTP.INFO: test [] []
[2020-11-20 15:15:02] generateOTP.INFO: test [] []
[2020-11-20 15:15:02] generateOTP.INFO: test [] []
[2020-11-20 15:15:21] generateOTP.INFO: test [] []
[2020-11-20 15:15:21] generateOTP.INFO: test [] []
[2020-11-20 15:15:21] generateOTP.INFO: test [] []
[2020-11-20 15:15:22] generateOTP.INFO: test [] []
[2020-11-20 15:19:15] generateOTP.INFO: test [] []
[2020-11-20 15:46:16] generateOTP.INFO: test [] []
[2020-11-20 16:11:36] generateOTP.INFO: test [] []
[2020-11-20 16:11:39] generateOTP.INFO: test [] []
[2020-11-20 16:15:43] generateOTP.INFO: test [] []
[2020-11-20 16:17:03] generateOTP.INFO: test [] []
[2020-11-20 16:17:05] generateOTP.INFO: test [] []
[2020-11-20 16:17:08] generateOTP.INFO: test [] []
[2020-11-20 16:17:08] generateOTP.INFO: test [] []
[2020-11-20 16:17:09] generateOTP.INFO: test [] []
[2020-11-20 16:17:09] generateOTP.INFO: test [] []
[2020-11-20 16:17:09] generateOTP.INFO: test [] []
[2020-11-20 16:17:09] generateOTP.INFO: test [] []
[2020-11-20 16:17:09] generateOTP.INFO: test [] []
[2020-11-20 16:17:09] generateOTP.INFO: test [] []
[2020-11-20 16:17:09] generateOTP.INFO: test [] []
[2020-11-20 16:17:18] generateOTP.INFO: test [] []
[2020-11-20 16:17:23] generateOTP.INFO: test [] []
[2020-11-20 16:17:27] generateOTP.INFO: test [] []
[2020-11-20 16:17:28] generateOTP.INFO: test [] []
[2020-11-20 16:37:19] generateOTP.INFO: test [] []
[2020-11-20 16:37:20] generateOTP.INFO: test [] []
[2020-11-20 16:37:24] generateOTP.INFO: test [] []
[2020-11-20 16:38:33] generateOTP.INFO: test [] []
[2020-11-20 16:38:51] generateOTP.INFO: test [] []
[2020-11-20 16:41:49] generateOTP.INFO: test [] []
[2020-11-20 16:45:43] generateOTP.INFO: test [] []
[2020-11-20 17:11:07] generateOTP.INFO: test [] []
[2020-11-20 17:11:09] generateOTP.INFO: test [] []
[2020-11-20 17:11:18] generateOTP.INFO: test [] []
[2020-11-20 18:02:18] generateOTP.INFO: test [] []
[2020-11-20 19:24:14] generateOTP.INFO: test [] []
[2020-11-20 19:24:15] generateOTP.INFO: test [] []
[2020-11-20 19:25:35] generateOTP.INFO: test [] []
[2020-11-20 19:25:36] generateOTP.INFO: test [] []
[2020-11-20 19:25:53] generateOTP.INFO: test [] []
[2020-11-20 19:29:31] generateOTP.INFO: test [] []
[2020-11-20 20:06:01] generateOTP.INFO: test [] []
