[2020-09-21 10:14:07] generateOTP.INFO: test [] []
[2020-09-21 10:14:08] generateOTP.INFO: test [] []
[2020-09-21 10:19:44] generateOTP.INFO: test [] []
[2020-09-21 10:19:53] generateOTP.INFO: test [] []
[2020-09-21 10:19:54] generateOTP.INFO: test [] []
[2020-09-21 10:19:54] generateOTP.INFO: test [] []
[2020-09-21 10:19:55] generateOTP.INFO: test [] []
[2020-09-21 10:20:04] generateOTP.INFO: test [] []
[2020-09-21 10:20:31] generateOTP.INFO: test [] []
[2020-09-21 10:21:03] generateOTP.INFO: test [] []
[2020-09-21 10:21:05] generateOTP.INFO: test [] []
[2020-09-21 10:21:46] generateOTP.INFO: test [] []
[2020-09-21 10:21:52] generateOTP.INFO: test [] []
[2020-09-21 10:21:57] generateOTP.INFO: test [] []
[2020-09-21 10:22:01] generateOTP.INFO: test [] []
[2020-09-21 10:22:05] generateOTP.INFO: test [] []
[2020-09-21 10:22:29] generateOTP.INFO: test [] []
[2020-09-21 10:22:58] generateOTP.INFO: test [] []
[2020-09-21 10:23:21] generateOTP.INFO: test [] []
[2020-09-21 10:27:01] generateOTP.INFO: test [] []
[2020-09-21 10:27:10] generateOTP.INFO: test [] []
[2020-09-21 10:41:37] generateOTP.INFO: test [] []
[2020-09-21 11:44:59] generateOTP.INFO: test [] []
[2020-09-21 11:46:07] generateOTP.INFO: test [] []
[2020-09-21 11:46:07] generateOTP.INFO: test [] []
[2020-09-21 11:46:26] generateOTP.INFO: test [] []
[2020-09-21 11:46:44] generateOTP.INFO: test [] []
[2020-09-21 11:47:07] generateOTP.INFO: {"salutation":"2","firstname":"sonali","lastname":"BANKING","dob":"19-12-1988","mob_no":"7660444138","panCard":"XXXXXX456A","email":"jack@gmail.com","ref1":"1","ref2":"1","comAdd":"Om hrad ntalatiof, holOmshre, talathioficeeachol, OmshreeSada9talathi","city":"MUMBAI","state":"MAHARASHTRA","pin_code":"622103","ISNRI":"N","update_emp_id":"623321","edit":"0","policy_no":"454,455","subtype_text":"1","sum_insure":"1500000","anuual_income":"800000","occupation":"9","familyConstruct":"2A","family_members_id":"0","family_gender":"Female","first_name":"sonali","last_name":"BANKING","family_date_birth":"19-12-1988","age":"31","age_type":" years","tenure":"1 Year","family_id":"","s_date":"","marriage_date":"","premium":"17500","policyNo":"454,455","familyDataType":"undefined","empId":"623321","product":"RMxC5efb5c5a320e7","declare":"[]","gender":"Female","gci_options":"Yes"} [] []
[2020-09-21 11:47:45] generateOTP.INFO: {"salutation":"2","firstname":"sonali","lastname":"BANKING","dob":"19-12-1988","mob_no":"7660444138","panCard":"XXXXXX456A","email":"jack@gmail.com","ref1":"1","ref2":"1","comAdd":"Om hrad ntalatiof, holOmshre, talathioficeeachol, OmshreeSada9talathi","city":"MUMBAI","state":"MAHARASHTRA","pin_code":"622103","ISNRI":"N","update_emp_id":"623321","edit":"0","policy_no":"454,455","subtype_text":"1","sum_insure":"1500000","anuual_income":"800000","occupation":"9","familyConstruct":"2A","family_members_id":"1","family_gender":"Male","first_name":"shiv","last_name":"banking","family_date_birth":"15-09-1982","age":"38","age_type":" years","tenure":"1 Year","family_id":"","s_date":"","marriage_date":"","premium":"17500","policyNo":"454,455","familyDataType":"undefined","empId":"623321","product":"RMxC5efb5c5a320e7","declare":"[]","gender":"Female","gci_options":"Yes"} [] []
[2020-09-21 11:48:54] documentsSave.INFO: {"ops_type":"[\"0\",\"Y\"]","ids":"73,74,75"} [] []
[2020-09-21 11:48:54] documentsSaveFiles.INFO: [{"name":"testing.pdf","type":"application\/pdf","tmp_name":"\/tmp\/phpZwt8Bh","error":0,"size":31140},{"name":"testing.pdf","type":"application\/pdf","tmp_name":"\/tmp\/phpAPK3aT","error":0,"size":31140}] [] []
[2020-09-21 11:50:10] generateOTP.INFO: test [] []
[2020-09-21 11:55:09] generateOTP.INFO: test [] []
[2020-09-21 11:55:58] generateOTP.INFO: test [] []
[2020-09-21 11:56:18] generateOTP.INFO: test [] []
[2020-09-21 11:56:55] generateOTP.INFO: test [] []
[2020-09-21 11:57:51] generateOTP.INFO: test [] []
[2020-09-21 14:09:35] generateOTP.INFO: test [] []
[2020-09-21 14:09:36] generateOTP.INFO: test [] []
[2020-09-21 14:09:57] generateOTP.INFO: test [] []
[2020-09-21 14:10:05] generateOTP.INFO: test [] []
[2020-09-21 14:10:32] generateOTP.INFO: test [] []
[2020-09-21 14:16:24] generateOTP.INFO: test [] []
[2020-09-21 14:17:52] generateOTP.INFO: test [] []
[2020-09-21 14:17:53] generateOTP.INFO: test [] []
[2020-09-21 14:18:02] generateOTP.INFO: test [] []
[2020-09-21 14:18:06] generateOTP.INFO: test [] []
[2020-09-21 14:18:15] generateOTP.INFO: test [] []
[2020-09-21 14:24:06] generateOTP.INFO: test [] []
[2020-09-21 14:46:30] generateOTP.INFO: test [] []
[2020-09-21 14:46:31] generateOTP.INFO: test [] []
[2020-09-21 15:22:30] generateOTP.INFO: test [] []
[2020-09-21 15:49:37] generateOTP.INFO: test [] []
[2020-09-21 15:49:37] generateOTP.INFO: test [] []
[2020-09-21 16:42:19] generateOTP.INFO: test [] []
[2020-09-21 16:42:20] generateOTP.INFO: test [] []
[2020-09-21 17:22:39] generateOTP.INFO: test [] []
[2020-09-21 18:31:52] generateOTP.INFO: test [] []
[2020-09-21 18:33:52] generateOTP.INFO: test [] []
[2020-09-21 18:40:42] generateOTP.INFO: test [] []
[2020-09-21 18:41:05] generateOTP.INFO: test [] []
[2020-09-21 18:41:07] generateOTP.INFO: test [] []
[2020-09-21 18:45:46] generateOTP.INFO: test [] []
[2020-09-21 18:45:52] generateOTP.INFO: test [] []
[2020-09-21 18:45:53] generateOTP.INFO: test [] []
[2020-09-21 18:45:55] generateOTP.INFO: test [] []
[2020-09-21 18:53:11] generateOTP.INFO: test [] []
[2020-09-21 18:53:17] generateOTP.INFO: test [] []
[2020-09-21 18:53:18] generateOTP.INFO: test [] []
[2020-09-21 18:53:20] generateOTP.INFO: test [] []
[2020-09-21 18:54:48] generateOTP.INFO: test [] []
[2020-09-21 18:56:53] generateOTP.INFO: test [] []
[2020-09-21 19:25:41] generateOTP.INFO: test [] []
[2020-09-21 19:25:43] generateOTP.INFO: test [] []
[2020-09-21 19:25:45] generateOTP.INFO: test [] []
[2020-09-21 19:26:59] generateOTP.INFO: test [] []
[2020-09-21 19:27:01] generateOTP.INFO: test [] []
[2020-09-21 19:27:03] generateOTP.INFO: test [] []
[2020-09-21 20:46:03] generateOTP.INFO: test [] []
[2020-09-21 20:46:25] generateOTP.INFO: test [] []
[2020-09-21 20:46:28] generateOTP.INFO: test [] []
[2020-09-21 20:47:27] generateOTP.INFO: test [] []
[2020-09-21 20:47:35] generateOTP.INFO: test [] []
[2020-09-21 20:47:41] generateOTP.INFO: test [] []
[2020-09-21 20:48:03] generateOTP.INFO: test [] []
[2020-09-21 20:48:07] generateOTP.INFO: test [] []
[2020-09-21 20:48:12] generateOTP.INFO: test [] []
[2020-09-21 20:48:12] generateOTP.INFO: test [] []
[2020-09-21 20:48:15] generateOTP.INFO: test [] []
[2020-09-21 20:48:15] generateOTP.INFO: test [] []
[2020-09-21 20:48:15] generateOTP.INFO: test [] []
[2020-09-21 20:48:16] generateOTP.INFO: test [] []
[2020-09-21 20:48:20] generateOTP.INFO: test [] []
[2020-09-21 20:48:21] generateOTP.INFO: test [] []
[2020-09-21 20:49:02] generateOTP.INFO: test [] []
[2020-09-21 20:49:03] generateOTP.INFO: test [] []
[2020-09-21 20:52:17] generateOTP.INFO: test [] []
[2020-09-21 21:10:03] generateOTP.INFO: test [] []
[2020-09-21 21:10:05] generateOTP.INFO: test [] []
[2020-09-21 21:10:25] generateOTP.INFO: test [] []
[2020-09-21 21:10:33] generateOTP.INFO: test [] []
[2020-09-21 21:10:33] generateOTP.INFO: test [] []
[2020-09-21 21:13:25] generateOTP.INFO: test [] []
[2020-09-21 21:13:44] generateOTP.INFO: test [] []
[2020-09-21 21:13:45] generateOTP.INFO: test [] []
[2020-09-21 21:49:01] generateOTP.INFO: test [] []
[2020-09-21 22:06:07] generateOTP.INFO: test [] []
[2020-09-21 22:12:00] generateOTP.INFO: test [] []
[2020-09-21 22:12:01] generateOTP.INFO: test [] []
[2020-09-21 22:14:43] generateOTP.INFO: test [] []
[2020-09-21 22:15:01] generateOTP.INFO: test [] []
[2020-09-21 22:15:02] generateOTP.INFO: test [] []
[2020-09-21 22:15:04] generateOTP.INFO: test [] []
[2020-09-21 22:17:34] generateOTP.INFO: test [] []
[2020-09-21 22:19:20] generateOTP.INFO: test [] []
[2020-09-21 22:20:40] generateOTP.INFO: test [] []
[2020-09-21 22:22:40] generateOTP.INFO: test [] []
[2020-09-21 22:50:00] generateOTP.INFO: test [] []
[2020-09-21 22:54:22] generateOTP.INFO: test [] []
[2020-09-21 22:54:23] generateOTP.INFO: test [] []
[2020-09-21 22:54:31] generateOTP.INFO: test [] []
[2020-09-21 22:54:31] generateOTP.INFO: test [] []
[2020-09-21 22:54:31] generateOTP.INFO: test [] []
[2020-09-21 22:54:31] generateOTP.INFO: test [] []
[2020-09-21 22:54:32] generateOTP.INFO: test [] []
[2020-09-21 22:54:36] generateOTP.INFO: test [] []
[2020-09-21 22:54:49] generateOTP.INFO: test [] []
[2020-09-21 22:54:58] generateOTP.INFO: test [] []
[2020-09-21 22:55:19] generateOTP.INFO: test [] []
[2020-09-21 22:55:20] generateOTP.INFO: test [] []
[2020-09-21 22:55:22] generateOTP.INFO: test [] []
[2020-09-21 22:55:28] generateOTP.INFO: test [] []
[2020-09-21 22:55:36] generateOTP.INFO: test [] []
[2020-09-21 22:55:37] generateOTP.INFO: test [] []
[2020-09-21 22:55:46] generateOTP.INFO: test [] []
[2020-09-21 22:56:09] generateOTP.INFO: test [] []
[2020-09-21 22:56:10] generateOTP.INFO: test [] []
[2020-09-21 22:56:19] generateOTP.INFO: test [] []
[2020-09-21 22:56:20] generateOTP.INFO: test [] []
[2020-09-21 22:56:23] generateOTP.INFO: test [] []
[2020-09-21 22:56:28] generateOTP.INFO: test [] []
[2020-09-21 22:56:31] generateOTP.INFO: test [] []
[2020-09-21 22:57:03] generateOTP.INFO: test [] []
[2020-09-21 22:57:12] generateOTP.INFO: test [] []
[2020-09-21 22:57:55] generateOTP.INFO: test [] []
[2020-09-21 22:57:57] generateOTP.INFO: test [] []
[2020-09-21 22:58:18] generateOTP.INFO: test [] []
[2020-09-21 22:58:44] generateOTP.INFO: test [] []
[2020-09-21 22:59:19] generateOTP.INFO: test [] []
[2020-09-21 22:59:20] generateOTP.INFO: test [] []
[2020-09-21 22:59:31] generateOTP.INFO: test [] []
[2020-09-21 22:59:44] generateOTP.INFO: test [] []
[2020-09-21 23:00:19] generateOTP.INFO: test [] []
[2020-09-21 23:01:02] generateOTP.INFO: test [] []
[2020-09-21 23:01:51] generateOTP.INFO: test [] []
[2020-09-21 23:02:22] generateOTP.INFO: test [] []
[2020-09-21 23:02:22] generateOTP.INFO: test [] []
[2020-09-21 23:02:30] generateOTP.INFO: test [] []
[2020-09-21 23:02:46] generateOTP.INFO: test [] []
[2020-09-21 23:04:10] generateOTP.INFO: test [] []
[2020-09-21 23:04:17] generateOTP.INFO: test [] []
[2020-09-21 23:04:36] generateOTP.INFO: test [] []
[2020-09-21 23:05:14] generateOTP.INFO: test [] []
[2020-09-21 23:05:31] generateOTP.INFO: test [] []
[2020-09-21 23:57:44] generateOTP.INFO: test [] []
[2020-09-21 23:57:49] generateOTP.INFO: test [] []
[2020-09-21 23:58:12] generateOTP.INFO: test [] []
[2020-09-21 23:58:13] generateOTP.INFO: test [] []
[2020-09-21 23:58:16] generateOTP.INFO: test [] []
[2020-09-21 23:58:16] generateOTP.INFO: test [] []
[2020-09-21 23:58:21] generateOTP.INFO: test [] []
[2020-09-21 23:58:22] generateOTP.INFO: test [] []
[2020-09-21 23:58:22] generateOTP.INFO: test [] []
[2020-09-21 23:58:23] generateOTP.INFO: test [] []
[2020-09-21 23:58:43] generateOTP.INFO: test [] []
[2020-09-21 23:58:43] generateOTP.INFO: test [] []
[2020-09-21 23:58:53] generateOTP.INFO: test [] []
[2020-09-21 23:58:53] generateOTP.INFO: test [] []
[2020-09-21 23:58:53] generateOTP.INFO: test [] []
[2020-09-21 23:58:53] generateOTP.INFO: test [] []
[2020-09-21 23:58:56] generateOTP.INFO: test [] []
[2020-09-21 23:58:56] generateOTP.INFO: test [] []
[2020-09-21 23:58:58] generateOTP.INFO: test [] []
[2020-09-21 23:59:00] generateOTP.INFO: test [] []
[2020-09-21 23:59:02] generateOTP.INFO: test [] []
[2020-09-21 23:59:03] generateOTP.INFO: test [] []
[2020-09-21 23:59:45] generateOTP.INFO: test [] []
