[2021-04-21 10:08:44] generateOTP.INFO: test [] []
[2021-04-21 10:08:49] generateOTP.INFO: test [] []
[2021-04-21 10:09:00] generateOTP.INFO: test [] []
[2021-04-21 10:12:32] generateOTP.INFO: test [] []
[2021-04-21 10:17:33] generateOTP.INFO: test [] []
[2021-04-21 10:17:33] generateOTP.INFO: test [] []
[2021-04-21 10:17:33] generateOTP.INFO: test [] []
[2021-04-21 10:18:41] generateOTP.INFO: test [] []
[2021-04-21 10:18:45] generateOTP.INFO: test [] []
[2021-04-21 10:22:19] generateOTP.INFO: test [] []
[2021-04-21 10:22:19] generateOTP.INFO: test [] []
[2021-04-21 10:22:32] generateOTP.INFO: test [] []
[2021-04-21 10:25:22] generateOTP.INFO: test [] []
[2021-04-21 10:33:47] generateOTP.INFO: test [] []
[2021-04-21 10:33:48] generateOTP.INFO: test [] []
[2021-04-21 10:33:58] generateOTP.INFO: test [] []
[2021-04-21 10:36:50] generateOTP.INFO: test [] []
[2021-04-21 10:38:43] generateOTP.INFO: test [] []
[2021-04-21 10:39:53] generateOTP.INFO: test [] []
[2021-04-21 10:45:44] generateOTP.INFO: test [] []
[2021-04-21 10:46:34] generateOTP.INFO: test [] []
[2021-04-21 11:08:39] generateOTP.INFO: test [] []
[2021-04-21 11:08:40] generateOTP.INFO: test [] []
[2021-04-21 11:09:14] generateOTP.INFO: test [] []
[2021-04-21 11:09:45] generateOTP.INFO: test [] []
[2021-04-21 11:09:45] generateOTP.INFO: test [] []
[2021-04-21 11:10:00] generateOTP.INFO: test [] []
[2021-04-21 11:10:26] generateOTP.INFO: test [] []
[2021-04-21 11:11:24] generateOTP.INFO: test [] []
[2021-04-21 11:11:43] generateOTP.INFO: test [] []
[2021-04-21 11:12:33] generateOTP.INFO: test [] []
[2021-04-21 11:12:40] generateOTP.INFO: test [] []
[2021-04-21 11:15:39] generateOTP.INFO: test [] []
[2021-04-21 11:17:16] generateOTP.INFO: test [] []
[2021-04-21 11:19:55] generateOTP.INFO: test [] []
[2021-04-21 11:23:10] generateOTP.INFO: test [] []
[2021-04-21 11:26:26] generateOTP.INFO: test [] []
[2021-04-21 11:26:26] generateOTP.INFO: test [] []
[2021-04-21 11:26:26] generateOTP.INFO: test [] []
[2021-04-21 11:26:33] generateOTP.INFO: test [] []
[2021-04-21 11:27:07] generateOTP.INFO: test [] []
[2021-04-21 11:27:11] generateOTP.INFO: test [] []
[2021-04-21 11:27:24] generateOTP.INFO: test [] []
[2021-04-21 11:27:36] generateOTP.INFO: test [] []
[2021-04-21 11:28:13] generateOTP.INFO: test [] []
[2021-04-21 11:48:26] generateOTP.INFO: test [] []
[2021-04-21 11:48:26] generateOTP.INFO: test [] []
[2021-04-21 11:48:26] generateOTP.INFO: test [] []
[2021-04-21 12:09:38] generateOTP.INFO: test [] []
[2021-04-21 12:09:38] generateOTP.INFO: test [] []
[2021-04-21 12:10:47] generateOTP.INFO: test [] []
[2021-04-21 12:10:47] generateOTP.INFO: test [] []
[2021-04-21 12:27:44] generateOTP.INFO: test [] []
[2021-04-21 12:27:54] generateOTP.INFO: test [] []
[2021-04-21 12:33:06] generateOTP.INFO: test [] []
[2021-04-21 12:33:06] generateOTP.INFO: test [] []
[2021-04-21 12:33:12] generateOTP.INFO: test [] []
[2021-04-21 12:46:40] generateOTP.INFO: test [] []
[2021-04-21 12:46:45] generateOTP.INFO: test [] []
[2021-04-21 12:46:49] generateOTP.INFO: test [] []
[2021-04-21 12:50:38] generateOTP.INFO: test [] []
[2021-04-21 12:54:32] generateOTP.INFO: test [] []
[2021-04-21 12:54:33] generateOTP.INFO: test [] []
[2021-04-21 12:54:33] generateOTP.INFO: test [] []
[2021-04-21 12:54:55] generateOTP.INFO: test [] []
[2021-04-21 12:55:39] generateOTP.INFO: test [] []
[2021-04-21 13:01:44] generateOTP.INFO: test [] []
[2021-04-21 13:04:40] generateOTP.INFO: test [] []
[2021-04-21 13:06:20] generateOTP.INFO: test [] []
[2021-04-21 13:38:07] generateOTP.INFO: test [] []
[2021-04-21 13:38:09] generateOTP.INFO: test [] []
[2021-04-21 13:38:10] generateOTP.INFO: test [] []
[2021-04-21 13:38:10] generateOTP.INFO: test [] []
[2021-04-21 13:47:41] generateOTP.INFO: test [] []
[2021-04-21 13:54:03] generateOTP.INFO: test [] []
[2021-04-21 13:54:06] generateOTP.INFO: test [] []
[2021-04-21 13:54:07] generateOTP.INFO: test [] []
[2021-04-21 13:59:57] generateOTP.INFO: test [] []
[2021-04-21 14:00:33] generateOTP.INFO: {"salutation":"1","firstname":"test","lastname":"BANKING","dob":"19-12-1988","mob_no":"7010444138","panCard":"XXXXXX456A","email":"jack@gmail.com","ref1":"1","ref2":"1","comAdd":"Om hrad ntalatiof, holOmshre, talathioficeeachol, OmshreeSada9talathi","city":"MUMBAI","state":"MAHARASHTRA","pin_code":"622103","ISNRI":"N","update_emp_id":"OC9KMlJ6MkNUdk5hZ2Fsc0VMU29mZz09","edit":"0","policy_no":"460,461","subtype_text":"1","sum_insure":"1000000","anuual_income":"","occupation":"1","familyConstruct":"2A","family_members_id":"0","family_gender":"Male","first_name":"test","last_name":"BANKING","family_date_birth":"19-12-1988","age":"32","age_type":" years","tenure":"1 Year","premiumgci":"0","family_id":"","s_date":"","marriage_date":"","premium":"undefined","policyNo":"460,461","familyDataType":"undefined","empId":"OC9KMlJ6MkNUdk5hZ2Fsc0VMU29mZz09","product":"YFsa5f4cb15ead28c","declare":"[]","gender":"Male","gci_options":"Yes"} [] []
[2021-04-21 14:00:54] generateOTP.INFO: {"salutation":"1","firstname":"test","lastname":"BANKING","dob":"19-12-1988","mob_no":"7010444138","panCard":"XXXXXX456A","email":"jack@gmail.com","ref1":"1","ref2":"1","comAdd":"Om hrad ntalatiof, holOmshre, talathioficeeachol, OmshreeSada9talathi","city":"MUMBAI","state":"MAHARASHTRA","pin_code":"622103","ISNRI":"N","update_emp_id":"OC9KMlJ6MkNUdk5hZ2Fsc0VMU29mZz09","edit":"0","policy_no":"460,461","subtype_text":"1","sum_insure":"1000000","anuual_income":"","occupation":"1","familyConstruct":"2A","family_members_id":"1","family_gender":"Female","first_name":"test","last_name":"testing","family_date_birth":"02-04-1970","age":"51","age_type":" years","tenure":"1 Year","premiumgci":"4100","family_id":"","s_date":"","marriage_date":"","premium":"undefined","policyNo":"460,461","familyDataType":"undefined","empId":"OC9KMlJ6MkNUdk5hZ2Fsc0VMU29mZz09","product":"YFsa5f4cb15ead28c","declare":"[]","gender":"Male","gci_options":"Yes"} [] []
[2021-04-21 14:01:41] generateOTP.INFO: test [] []
[2021-04-21 14:04:32] generateOTP.INFO: test [] []
[2021-04-21 14:04:42] generateOTP.INFO: test [] []
[2021-04-21 14:05:31] generateOTP.INFO: test [] []
[2021-04-21 14:06:04] generateOTP.INFO: test [] []
[2021-04-21 14:07:26] generateOTP.INFO: test [] []
[2021-04-21 14:08:05] generateOTP.INFO: test [] []
[2021-04-21 14:09:11] generateOTP.INFO: test [] []
[2021-04-21 14:09:19] generateOTP.INFO: test [] []
[2021-04-21 14:11:36] generateOTP.INFO: test [] []
[2021-04-21 14:11:37] generateOTP.INFO: test [] []
[2021-04-21 14:12:13] generateOTP.INFO: test [] []
[2021-04-21 14:12:13] generateOTP.INFO: test [] []
[2021-04-21 14:12:16] generateOTP.INFO: test [] []
[2021-04-21 14:12:16] generateOTP.INFO: test [] []
[2021-04-21 14:14:14] generateOTP.INFO: test [] []
[2021-04-21 14:21:46] generateOTP.INFO: test [] []
[2021-04-21 14:22:05] generateOTP.INFO: test [] []
[2021-04-21 14:22:42] generateOTP.INFO: test [] []
[2021-04-21 14:22:59] generateOTP.INFO: test [] []
[2021-04-21 14:27:01] generateOTP.INFO: test [] []
[2021-04-21 14:33:24] generateOTP.INFO: test [] []
[2021-04-21 14:33:25] generateOTP.INFO: test [] []
[2021-04-21 14:34:19] generateOTP.INFO: test [] []
[2021-04-21 14:34:51] generateOTP.INFO: test [] []
[2021-04-21 14:35:42] generateOTP.INFO: test [] []
[2021-04-21 14:38:54] generateOTP.INFO: test [] []
[2021-04-21 14:39:24] generateOTP.INFO: test [] []
[2021-04-21 14:40:28] generateOTP.INFO: test [] []
[2021-04-21 14:42:27] generateOTP.INFO: test [] []
[2021-04-21 14:42:29] generateOTP.INFO: test [] []
[2021-04-21 15:13:50] generateOTP.INFO: test [] []
[2021-04-21 15:14:48] generateOTP.INFO: test [] []
[2021-04-21 15:16:03] generateOTP.INFO: test [] []
[2021-04-21 15:16:24] generateOTP.INFO: test [] []
[2021-04-21 15:16:27] generateOTP.INFO: test [] []
[2021-04-21 15:17:43] generateOTP.INFO: test [] []
[2021-04-21 15:18:04] generateOTP.INFO: test [] []
[2021-04-21 15:18:04] generateOTP.INFO: test [] []
[2021-04-21 15:19:20] generateOTP.INFO: test [] []
[2021-04-21 15:19:39] generateOTP.INFO: test [] []
[2021-04-21 15:24:32] generateOTP.INFO: test [] []
[2021-04-21 15:24:46] generateOTP.INFO: test [] []
[2021-04-21 15:27:07] generateOTP.INFO: test [] []
[2021-04-21 15:29:11] generateOTP.INFO: test [] []
[2021-04-21 15:33:21] generateOTP.INFO: test [] []
[2021-04-21 15:34:18] generateOTP.INFO: test [] []
[2021-04-21 15:34:45] generateOTP.INFO: test [] []
[2021-04-21 15:34:52] generateOTP.INFO: test [] []
[2021-04-21 15:34:52] generateOTP.INFO: test [] []
[2021-04-21 15:34:52] generateOTP.INFO: test [] []
[2021-04-21 15:34:53] generateOTP.INFO: test [] []
[2021-04-21 15:34:53] generateOTP.INFO: test [] []
[2021-04-21 15:35:01] generateOTP.INFO: test [] []
[2021-04-21 15:35:24] generateOTP.INFO: test [] []
[2021-04-21 15:36:41] generateOTP.INFO: test [] []
[2021-04-21 15:37:44] generateOTP.INFO: test [] []
[2021-04-21 15:41:04] generateOTP.INFO: test [] []
[2021-04-21 15:41:58] generateOTP.INFO: test [] []
[2021-04-21 15:43:12] generateOTP.INFO: test [] []
[2021-04-21 15:43:20] generateOTP.INFO: test [] []
[2021-04-21 15:43:26] generateOTP.INFO: test [] []
[2021-04-21 15:43:30] generateOTP.INFO: test [] []
[2021-04-21 15:43:48] generateOTP.INFO: test [] []
[2021-04-21 15:45:03] generateOTP.INFO: test [] []
[2021-04-21 15:46:14] generateOTP.INFO: test [] []
[2021-04-21 15:46:34] generateOTP.INFO: test [] []
[2021-04-21 15:47:16] generateOTP.INFO: test [] []
[2021-04-21 15:47:39] generateOTP.INFO: test [] []
[2021-04-21 15:47:47] generateOTP.INFO: test [] []
[2021-04-21 15:48:39] generateOTP.INFO: test [] []
[2021-04-21 15:48:52] generateOTP.INFO: test [] []
[2021-04-21 15:50:28] generateOTP.INFO: test [] []
[2021-04-21 15:50:43] generateOTP.INFO: {"salutation":"1","firstname":"test","lastname":"BANKING","dob":"19-12-1988","mob_no":"7010444138","panCard":"XXXXXX456A","email":"jack@gmail.com","ref1":"1","ref2":"1","comAdd":"Om hrad ntalatiof, holOmshre, talathioficeeachol, OmshreeSada9talathi","city":"Illuppur","state":"TAMIL NADU","pin_code":"622103","ISNRI":"N","update_emp_id":"OC9KMlJ6MkNUdk5hZ2Fsc0VMU29mZz09","edit":"0","policy_no":"460,461","subtype_text":"1","sum_insure":"500000","anuual_income":"","occupation":"2","familyConstruct":"2A","family_members_id":"0","family_gender":"Male","first_name":"test","last_name":"BANKING","family_date_birth":"19-12-1988","age":"32","age_type":" years","tenure":"1 Year","premiumgci":"0","family_id":"","s_date":"02-04-1970","marriage_date":"","premium":"undefined","policyNo":"460,461","familyDataType":"undefined","empId":"OC9KMlJ6MkNUdk5hZ2Fsc0VMU29mZz09","product":"YFsa5f4cb15ead28c","declare":"[]","gender":"Male","gci_options":"Yes"} [] []
[2021-04-21 15:51:01] generateOTP.INFO: {"salutation":"1","firstname":"test","lastname":"BANKING","dob":"19-12-1988","mob_no":"7010444138","panCard":"XXXXXX456A","email":"jack@gmail.com","ref1":"1","ref2":"1","comAdd":"Om hrad ntalatiof, holOmshre, talathioficeeachol, OmshreeSada9talathi","city":"Illuppur","state":"TAMIL NADU","pin_code":"622103","ISNRI":"N","update_emp_id":"OC9KMlJ6MkNUdk5hZ2Fsc0VMU29mZz09","edit":"0","policy_no":"460,461","subtype_text":"1","sum_insure":"500000","anuual_income":"","occupation":"2","familyConstruct":"2A","family_members_id":"1","family_gender":"Female","first_name":"teee","last_name":"eee","family_date_birth":"04-04-1970","age":"51","age_type":" years","tenure":"1 Year","premiumgci":"2800","family_id":"","s_date":"02-04-1970","marriage_date":"","premium":"undefined","policyNo":"460,461","familyDataType":"undefined","empId":"OC9KMlJ6MkNUdk5hZ2Fsc0VMU29mZz09","product":"YFsa5f4cb15ead28c","declare":"[]","gender":"Male","gci_options":"Yes"} [] []
[2021-04-21 15:52:35] generateOTP.INFO: test [] []
[2021-04-21 15:54:39] generateOTP.INFO: test [] []
[2021-04-21 15:55:33] generateOTP.INFO: test [] []
[2021-04-21 15:56:20] generateOTP.INFO: test [] []
[2021-04-21 15:56:32] generateOTP.INFO: {"salutation":"1","firstname":"test","lastname":"BANKING","dob":"19-12-1988","mob_no":"7010444138","panCard":"XXXXXX456A","email":"jack@gmail.com","ref1":"1","ref2":"1","comAdd":"Om hrad ntalatiof, holOmshre, talathioficeeachol, OmshreeSada9talathi","city":"Illuppur","state":"TAMIL NADU","pin_code":"622103","ISNRI":"N","update_emp_id":"OC9KMlJ6MkNUdk5hZ2Fsc0VMU29mZz09","edit":"0","policy_no":"460,461","subtype_text":"1","sum_insure":"500000","anuual_income":"","occupation":"2","familyConstruct":"1A","family_members_id":"0","family_gender":"Male","first_name":"test","last_name":"BANKING","family_date_birth":"19-12-1988","age":"32","age_type":" years","tenure":"1 Year","premiumgci":"0","family_id":"","s_date":"02-04-1970","marriage_date":"","premium":"undefined","policyNo":"460,461","familyDataType":"undefined","empId":"OC9KMlJ6MkNUdk5hZ2Fsc0VMU29mZz09","product":"YFsa5f4cb15ead28c","declare":"[]","gender":"Male","gci_options":"Yes"} [] []
[2021-04-21 15:56:45] generateOTP.INFO: {"salutation":"1","firstname":"test","lastname":"BANKING","dob":"19-12-1988","mob_no":"7010444138","panCard":"XXXXXX456A","email":"jack@gmail.com","ref1":"1","ref2":"1","comAdd":"Om hrad ntalatiof, holOmshre, talathioficeeachol, OmshreeSada9talathi","city":"Illuppur","state":"TAMIL NADU","pin_code":"622103","ISNRI":"N","update_emp_id":"OC9KMlJ6MkNUdk5hZ2Fsc0VMU29mZz09","edit":"0","policy_no":"460,461","subtype_text":"1","sum_insure":"500000","anuual_income":"","occupation":"2","familyConstruct":"1A","family_members_id":"1","family_gender":"Female","first_name":"xcv","last_name":"xcv","family_date_birth":"03-04-2008","age":"13","age_type":" years","tenure":"1 Year","premiumgci":"2800","family_id":"","s_date":"02-04-1970","marriage_date":"","premium":"undefined","policyNo":"460,461","familyDataType":"undefined","empId":"OC9KMlJ6MkNUdk5hZ2Fsc0VMU29mZz09","product":"YFsa5f4cb15ead28c","declare":"[]","gender":"Male","gci_options":"Yes"} [] []
[2021-04-21 15:56:52] generateOTP.INFO: {"salutation":"1","firstname":"test","lastname":"BANKING","dob":"19-12-1988","mob_no":"7010444138","panCard":"XXXXXX456A","email":"jack@gmail.com","ref1":"1","ref2":"1","comAdd":"Om hrad ntalatiof, holOmshre, talathioficeeachol, OmshreeSada9talathi","city":"Illuppur","state":"TAMIL NADU","pin_code":"622103","ISNRI":"N","update_emp_id":"OC9KMlJ6MkNUdk5hZ2Fsc0VMU29mZz09","edit":"0","policy_no":"460,461","subtype_text":"1","sum_insure":"500000","anuual_income":"","occupation":"2","familyConstruct":"1A","family_members_id":"1","family_gender":"Female","first_name":"xcv","last_name":"xcv","family_date_birth":"06-04-1973","age":"48","age_type":" years","tenure":"1 Year","premiumgci":"2800","family_id":"","s_date":"02-04-1970","marriage_date":"","premium":"undefined","policyNo":"460,461","familyDataType":"undefined","empId":"OC9KMlJ6MkNUdk5hZ2Fsc0VMU29mZz09","product":"YFsa5f4cb15ead28c","declare":"[]","gender":"Male","gci_options":"Yes"} [] []
[2021-04-21 15:57:06] generateOTP.INFO: test [] []
[2021-04-21 15:58:32] generateOTP.INFO: test [] []
[2021-04-21 15:58:43] generateOTP.INFO: {"salutation":"1","firstname":"test","lastname":"BANKING","dob":"19-12-1988","mob_no":"7010444138","panCard":"XXXXXX456A","email":"jack@gmail.com","ref1":"1","ref2":"1","comAdd":"Om hrad ntalatiof, holOmshre, talathioficeeachol, OmshreeSada9talathi","city":"Illuppur","state":"TAMIL NADU","pin_code":"622103","ISNRI":"N","update_emp_id":"OC9KMlJ6MkNUdk5hZ2Fsc0VMU29mZz09","edit":"0","policy_no":"460,461","subtype_text":"1","sum_insure":"500000","anuual_income":"","occupation":"2","familyConstruct":"1A","family_members_id":"0","family_gender":"Male","first_name":"test","last_name":"BANKING","family_date_birth":"19-12-1988","age":"32","age_type":" years","tenure":"1 Year","premiumgci":"0","family_id":"","s_date":"02-04-1970","marriage_date":"","premium":"undefined","policyNo":"460,461","familyDataType":"undefined","empId":"OC9KMlJ6MkNUdk5hZ2Fsc0VMU29mZz09","product":"YFsa5f4cb15ead28c","declare":"[]","gender":"Male","gci_options":"Yes"} [] []
[2021-04-21 16:01:00] generateOTP.INFO: test [] []
[2021-04-21 16:01:00] generateOTP.INFO: test [] []
[2021-04-21 16:01:07] generateOTP.INFO: test [] []
[2021-04-21 16:01:08] generateOTP.INFO: test [] []
[2021-04-21 16:01:35] generateOTP.INFO: test [] []
[2021-04-21 16:03:26] generateOTP.INFO: test [] []
[2021-04-21 16:03:55] generateOTP.INFO: {"salutation":"1","firstname":"test","lastname":"BANKING","dob":"19-12-1988","mob_no":"7010444138","panCard":"XXXXXX456A","email":"jack@gmail.com","ref1":"1","ref2":"1","comAdd":"Om hrad ntalatiof, holOmshre, talathioficeeachol, OmshreeSada9talathi","city":"Illuppur","state":"TAMIL NADU","pin_code":"622103","ISNRI":"N","update_emp_id":"OC9KMlJ6MkNUdk5hZ2Fsc0VMU29mZz09","edit":"0","policy_no":"460,461","subtype_text":"1","sum_insure":"500000","anuual_income":"","occupation":"2","familyConstruct":"1A","family_members_id":"0","family_gender":"Male","first_name":"test","last_name":"BANKING","family_date_birth":"19-12-1988","age":"32","age_type":" years","tenure":"1 Year","premiumgci":"","family_id":"","s_date":"02-04-1970","marriage_date":"","premium":"undefined","policyNo":"460,461","familyDataType":"undefined","empId":"OC9KMlJ6MkNUdk5hZ2Fsc0VMU29mZz09","product":"YFsa5f4cb15ead28c","declare":"[]","gender":"Male","gci_options":"Yes"} [] []
[2021-04-21 16:04:01] generateOTP.INFO: test [] []
[2021-04-21 16:05:15] generateOTP.INFO: test [] []
[2021-04-21 16:05:52] generateOTP.INFO: test [] []
[2021-04-21 16:06:12] generateOTP.INFO: {"salutation":"1","firstname":"test","lastname":"BANKING","dob":"19-12-1988","mob_no":"7010444138","panCard":"XXXXXX456A","email":"jack@gmail.com","ref1":"1","ref2":"1","comAdd":"Om hrad ntalatiof, holOmshre, talathioficeeachol, OmshreeSada9talathi","city":"Illuppur","state":"TAMIL NADU","pin_code":"622103","ISNRI":"N","update_emp_id":"OC9KMlJ6MkNUdk5hZ2Fsc0VMU29mZz09","edit":"0","policy_no":"460,461","subtype_text":"1","sum_insure":"5000000","anuual_income":"900000","occupation":"3","familyConstruct":"1A","family_members_id":"0","family_gender":"Male","first_name":"test","last_name":"BANKING","family_date_birth":"19-12-1988","age":"32","age_type":" years","tenure":"1 Year","premiumgci":"0","family_id":"","s_date":"02-04-1970","marriage_date":"","premium":"undefined","policyNo":"460,461","familyDataType":"undefined","empId":"OC9KMlJ6MkNUdk5hZ2Fsc0VMU29mZz09","product":"YFsa5f4cb15ead28c","declare":"[]","gender":"Male","gci_options":"Yes"} [] []
[2021-04-21 16:06:29] generateOTP.INFO: test [] []
[2021-04-21 16:06:39] generateOTP.INFO: test [] []
[2021-04-21 16:08:19] generateOTP.INFO: test [] []
[2021-04-21 16:10:21] generateOTP.INFO: test [] []
[2021-04-21 16:10:22] generateOTP.INFO: test [] []
[2021-04-21 16:10:28] generateOTP.INFO: test [] []
[2021-04-21 16:10:29] generateOTP.INFO: test [] []
[2021-04-21 16:10:39] generateOTP.INFO: test [] []
[2021-04-21 16:10:40] generateOTP.INFO: test [] []
[2021-04-21 16:10:44] generateOTP.INFO: test [] []
[2021-04-21 16:10:57] generateOTP.INFO: test [] []
[2021-04-21 16:10:57] generateOTP.INFO: test [] []
[2021-04-21 16:10:59] generateOTP.INFO: test [] []
[2021-04-21 16:10:59] generateOTP.INFO: test [] []
[2021-04-21 16:11:01] generateOTP.INFO: test [] []
[2021-04-21 16:11:01] generateOTP.INFO: test [] []
[2021-04-21 16:11:01] generateOTP.INFO: test [] []
[2021-04-21 16:11:01] generateOTP.INFO: test [] []
[2021-04-21 16:11:03] generateOTP.INFO: test [] []
[2021-04-21 16:11:03] generateOTP.INFO: test [] []
[2021-04-21 16:11:07] generateOTP.INFO: test [] []
[2021-04-21 16:11:07] generateOTP.INFO: test [] []
[2021-04-21 16:11:07] generateOTP.INFO: test [] []
[2021-04-21 16:11:07] generateOTP.INFO: test [] []
[2021-04-21 16:11:10] generateOTP.INFO: test [] []
[2021-04-21 16:11:10] generateOTP.INFO: test [] []
[2021-04-21 16:11:18] generateOTP.INFO: test [] []
[2021-04-21 16:11:18] generateOTP.INFO: test [] []
[2021-04-21 16:11:40] generateOTP.INFO: test [] []
[2021-04-21 16:11:41] generateOTP.INFO: test [] []
[2021-04-21 16:13:18] generateOTP.INFO: test [] []
[2021-04-21 16:16:04] generateOTP.INFO: test [] []
[2021-04-21 16:16:08] generateOTP.INFO: test [] []
[2021-04-21 16:16:13] generateOTP.INFO: test [] []
[2021-04-21 16:16:19] generateOTP.INFO: test [] []
[2021-04-21 16:16:51] generateOTP.INFO: test [] []
[2021-04-21 16:17:39] generateOTP.INFO: test [] []
[2021-04-21 16:18:42] generateOTP.INFO: test [] []
[2021-04-21 16:18:48] generateOTP.INFO: test [] []
[2021-04-21 16:21:42] generateOTP.INFO: test [] []
[2021-04-21 16:22:18] generateOTP.INFO: test [] []
[2021-04-21 16:23:28] generateOTP.INFO: test [] []
[2021-04-21 16:23:28] generateOTP.INFO: test [] []
[2021-04-21 16:23:28] generateOTP.INFO: test [] []
[2021-04-21 16:23:28] generateOTP.INFO: test [] []
[2021-04-21 16:23:28] generateOTP.INFO: test [] []
[2021-04-21 16:24:00] generateOTP.INFO: test [] []
[2021-04-21 16:24:00] generateOTP.INFO: test [] []
[2021-04-21 16:24:02] generateOTP.INFO: test [] []
[2021-04-21 16:24:09] generateOTP.INFO: test [] []
[2021-04-21 16:24:09] generateOTP.INFO: test [] []
[2021-04-21 16:24:11] generateOTP.INFO: test [] []
[2021-04-21 16:24:11] generateOTP.INFO: test [] []
[2021-04-21 16:24:14] generateOTP.INFO: test [] []
[2021-04-21 16:24:14] generateOTP.INFO: test [] []
[2021-04-21 16:24:14] generateOTP.INFO: test [] []
[2021-04-21 16:24:15] generateOTP.INFO: test [] []
[2021-04-21 16:24:17] generateOTP.INFO: test [] []
[2021-04-21 16:24:17] generateOTP.INFO: test [] []
[2021-04-21 16:24:17] generateOTP.INFO: test [] []
[2021-04-21 16:24:25] generateOTP.INFO: test [] []
[2021-04-21 16:24:25] generateOTP.INFO: test [] []
[2021-04-21 16:24:57] generateOTP.INFO: test [] []
[2021-04-21 16:25:20] generateOTP.INFO: test [] []
[2021-04-21 16:25:45] generateOTP.INFO: test [] []
[2021-04-21 16:25:45] generateOTP.INFO: test [] []
[2021-04-21 16:25:45] generateOTP.INFO: test [] []
[2021-04-21 16:25:45] generateOTP.INFO: test [] []
[2021-04-21 16:25:46] generateOTP.INFO: test [] []
[2021-04-21 16:26:06] generateOTP.INFO: test [] []
[2021-04-21 16:26:19] documentsSave.INFO: {"ops_type":"[\"0\",\"Y\"]","ids":"1678,1679"} [] []
[2021-04-21 16:26:19] documentsSaveFiles.INFO: [{"name":"download.png","type":"image\/png","tmp_name":"\/tmp\/php7Fg9i8","error":0,"size":57862},{"name":"download.png","type":"image\/png","tmp_name":"\/tmp\/php0RRM7w","error":0,"size":57862}] [] []
[2021-04-21 16:26:23] generateOTP.INFO: test [] []
[2021-04-21 16:27:34] generateOTP.INFO: test [] []
[2021-04-21 16:28:12] generateOTP.INFO: test [] []
[2021-04-21 16:30:02] easy_pay_enquiry_post_field.INFO: {"Identifier":"138100BFC37AD6E9027852C28ACCCB0C6D180A909F6852600C85E30C6115EDDCAD9E9F3A21B52864AD353A8058D8A2EEB4E33B8D42AD3990CB5EFC25D2D56A2E","RequestUUID":"ABCD1133213","LeadId":"202142100","RequestDatetime":"2019-06-17 18:42:00","CorporateCode":"ACC0123456"} [] []
[2021-04-21 16:30:03] generateOTP.INFO: test [] []
[2021-04-21 16:31:54] easy_pay_confirmation_post_field.INFO: {"Identifier":"9AD39401897CF5DD69169C9685F5E6DC7D6E2E0FA5DC5FF3963AEBAE08FA2CDA9F11AAF4826C7D0C90B0E7AB37F8273BEE429A2DC5F18159C6C096CA2F0B6DAC","RequestUUID":"ABCD1133213","LeadId":"202142100","RequestDateTime":"2019-06-17 23:59:59","TransactionNo":"SDF234234","TransatonAmount":"22500","ChequeDate":"","Status":"1","CorporateCode":"ACC0123456","PaymentFlag":"000","MICRNumber":"23424323","InstrumentNo":"23423423423","BankName":"","BranchName":"","IFSCCode":"","ChequeType":"","AccountNumber":"9170100000000329","EasyPayId":"260618000044","ProductName":"Group active secure","AdditionalEasyPayId":"","AdditionalField1":"","AdditionalField2":"","AdditionalField3":"","AdditionalField4":"","PaymentType":"FP"} [] []
[2021-04-21 16:31:55] full_quote_request1.INFO: {"ClientCreation":{"Member_Customer_ID":"202142100GPA1","salutation":"Mr","firstName":"test","middleName":"","lastName":"BANKING","dateofBirth":"12\/19\/1988","gender":"M","educationalQualification":null,"pinCode":"622103","uidNo":"5478-2589-3688","maritalStatus":null,"nationality":"Indian","occupation":"O553","primaryEmailID":"jack@gmail.com","contactMobileNo":"7010444138","stdLandlineNo":null,"panNo":null,"passportNumber":null,"contactPerson":null,"annualIncome":"900000","remarks":null,"startDate":"2021-04-21","endDate":null,"IdProof":"Adhaar Card","residenceProof":null,"ageProof":null,"others":null,"homeAddressLine1":"Om hrad ntalatiof, holOmshre, talathioficeeachol, OmshreeSada9talathi","homeAddressLine2":null,"homeAddressLine3":null,"homePinCode":"622103","homeArea":null,"homeContactMobileNo":null,"homeContactMobileNo2":null,"homeSTDLandlineNo":null,"homeFaxNo":null,"sameAsHomeAddress":"1","mailingAddressLine1":null,"mailingAddressLine2":null,"mailingAddressLine3":null,"mailingPinCode":null,"mailingArea":null,"mailingContactMobileNo":null,"mailingContactMobileNo2":null,"mailingSTDLandlineNo":null,"mailingSTDLandlineNo2":null,"mailingFaxNo":null,"bankAccountType":null,"bankAccountNo":null,"ifscCode":null,"GSTIN":null,"GSTRegistrationStatus":"Consumers","IsEIAavailable":"0","ApplyEIA":"0","EIAAccountNo":null,"EIAWith":"0","AccountType":null,"AddressProof":null,"DOBProof":null,"IdentityProof":null},"PolicyCreationRequest":{"Quotation_Number":"","MasterPolicyNumber":"62-20-00015-00-00","GroupID":"GRP006","Product_Code":"4112","SumInsured_Type":null,"Policy_Tanure":"1","Member_Type_Code":"M209","intermediaryCode":"2104794","AutoRenewal":"1","AutoDebit":"1","intermediaryBranchCode":"10MHMUM01","agentSignatureDate":null,"Customer_Signature_Date":null,"businessSourceChannel":null,"AssignPolicy":"0","AssigneeName":null,"leadID":"202142100","Source_Name":"AXIS_GFB","SPID":"1","TCN":null,"CRTNO":null,"RefCode1":"1","RefCode2":"051","Employee_Number":"625492","enumIsEmployeeDiscount":null,"QuoteDate":null,"IsPayment":"0","PaymentMode":null,"PolicyproductComponents":[{"PlanCode":"4112","SumInsured":"5000000","SchemeCode":"4112000003"}]},"MemObj":{"Member":[{"MemberNo":1,"Salutation":"Mr","First_Name":"test","Middle_Name":null,"Last_Name":"BANKING","Gender":"M","DateOfBirth":"12\/19\/1988","Relation_Code":"R001","Marital_Status":null,"height":"0.00","weight":"0","occupation":"O553","PrimaryMember":"Y","MemberproductComponents":[{"PlanCode":"4112","MemberQuestionDetails":[{"QuestionCode":null,"Answer":null,"Remarks":null}]}],"MemberPED":[{"PEDCode":null,"Remarks":null}],"exactDiagnosis":null,"dateOfDiagnosis":null,"lastDateConsultation":null,"detailsOfTreatmentGiven":null,"doctorName":null,"hospitalName":null,"phoneNumberHosital":null,"Nominee_First_Name":"FGDFG","Nominee_Last_Name":"DFGFG","Nominee_Contact_Number":"7997777777","Nominee_Home_Address":null,"Nominee_Relationship_Code":"R002"}]},"ReceiptCreation":{"officeLocation":"","modeOfEntry":"","cdAcNo":null,"expiryDate":null,"payerType":"","payerCode":null,"paymentBy":"","paymentByName":null,"paymentByRelationship":null,"collectionAmount":"","collectionRcvdDate":null,"collectionMode":"","remarks":null,"instrumentNumber":null,"instrumentDate":null,"bankName":null,"branchName":null,"bankLocation":null,"micrNo":null,"chequeType":null,"ifscCode":"","PaymentGatewayName":"","TerminalID":"","CardNo":null}} [] []
[2021-04-21 16:31:56] full_quote_reponse1.INFO: "<ns0:GFB_Res xmlns:ns0=\"http:\/\/ABHICL_NBP_QuickQuote_Schemas.GFB_Response\"><errorObj><ErrorNumber>00<\/ErrorNumber><ErrorMessage>Success<\/ErrorMessage><\/errorObj><policyDtls><TransactionReferenceNumber><\/TransactionReferenceNumber><QuotationNumber>AS100790782<\/QuotationNumber><CertificateNumber><\/CertificateNumber><LetterURL><\/LetterURL><ClientID><\/ClientID><ProductName>Group Activ Secure - Personal Accident<\/ProductName><ProductCode>4112<\/ProductCode><LineOfBusiness>41<\/LineOfBusiness><startDate><\/startDate><EndDate><\/EndDate><PolicyNumber>62-20-00015-00-00<\/PolicyNumber><ProposalNumber><\/ProposalNumber><PolicyStatus>PQ1<\/PolicyStatus><Tenure>1<\/Tenure><stpFlag>0<\/stpFlag><MemberCustomerID>202142100GPA1<\/MemberCustomerID><\/policyDtls><premium><BasePremium>11864.41<\/BasePremium><NetPremium>11864.41<\/NetPremium><GST>2135.59<\/GST><GrossPremium>14000.00<\/GrossPremium><\/premium><receiptObj><ReceiptNumber \/><ReceiptAmount \/><ExcessAmount \/><\/receiptObj><\/ns0:GFB_Res>" [] []
[2021-04-21 16:31:57] full_quote_request2.INFO: {"ClientCreation":{"Member_Customer_ID":"202142100GPA1","salutation":"Mr","firstName":"test","middleName":"","lastName":"BANKING","dateofBirth":"12\/19\/1988","gender":"M","educationalQualification":null,"pinCode":"622103","uidNo":"5478-2589-3688","maritalStatus":null,"nationality":"Indian","occupation":"O553","primaryEmailID":"jack@gmail.com","contactMobileNo":"7010444138","stdLandlineNo":null,"panNo":null,"passportNumber":null,"contactPerson":null,"annualIncome":"900000","remarks":null,"startDate":"2021-04-21","endDate":null,"IdProof":"Adhaar Card","residenceProof":null,"ageProof":null,"others":null,"homeAddressLine1":"Om hrad ntalatiof, holOmshre, talathioficeeachol, OmshreeSada9talathi","homeAddressLine2":null,"homeAddressLine3":null,"homePinCode":"622103","homeArea":null,"homeContactMobileNo":null,"homeContactMobileNo2":null,"homeSTDLandlineNo":null,"homeFaxNo":null,"sameAsHomeAddress":"1","mailingAddressLine1":null,"mailingAddressLine2":null,"mailingAddressLine3":null,"mailingPinCode":null,"mailingArea":null,"mailingContactMobileNo":null,"mailingContactMobileNo2":null,"mailingSTDLandlineNo":null,"mailingSTDLandlineNo2":null,"mailingFaxNo":null,"bankAccountType":null,"bankAccountNo":null,"ifscCode":null,"GSTIN":null,"GSTRegistrationStatus":"Consumers","IsEIAavailable":"0","ApplyEIA":"0","EIAAccountNo":null,"EIAWith":"0","AccountType":null,"AddressProof":null,"DOBProof":null,"IdentityProof":null},"PolicyCreationRequest":{"Quotation_Number":"AS100790782","MasterPolicyNumber":"62-20-00015-00-00","GroupID":"GRP006","Product_Code":"4112","SumInsured_Type":null,"Policy_Tanure":"1","Member_Type_Code":"M209","intermediaryCode":"2104794","AutoRenewal":"1","AutoDebit":"1","intermediaryBranchCode":"10MHMUM01","agentSignatureDate":null,"Customer_Signature_Date":null,"businessSourceChannel":null,"AssignPolicy":"0","AssigneeName":null,"leadID":"202142100","Source_Name":"AXIS_GFB","SPID":"1","TCN":null,"CRTNO":null,"RefCode1":"1","RefCode2":"051","Employee_Number":"625492","enumIsEmployeeDiscount":null,"QuoteDate":null,"IsPayment":"1","PaymentMode":null,"PolicyproductComponents":[{"PlanCode":"4112","SumInsured":"5000000","SchemeCode":"4112000003"}]},"MemObj":{"Member":[{"MemberNo":1,"Salutation":"Mr","First_Name":"test","Middle_Name":null,"Last_Name":"BANKING","Gender":"M","DateOfBirth":"12\/19\/1988","Relation_Code":"R001","Marital_Status":null,"height":"0.00","weight":"0","occupation":"O553","PrimaryMember":"Y","MemberproductComponents":[{"PlanCode":"4112","MemberQuestionDetails":[{"QuestionCode":null,"Answer":null,"Remarks":null}]}],"MemberPED":[{"PEDCode":null,"Remarks":null}],"exactDiagnosis":null,"dateOfDiagnosis":null,"lastDateConsultation":null,"detailsOfTreatmentGiven":null,"doctorName":null,"hospitalName":null,"phoneNumberHosital":null,"Nominee_First_Name":"FGDFG","Nominee_Last_Name":"DFGFG","Nominee_Contact_Number":"7997777777","Nominee_Home_Address":null,"Nominee_Relationship_Code":"R002"}]},"ReceiptCreation":{"officeLocation":"Mumbai","modeOfEntry":"Direct","cdAcNo":null,"expiryDate":null,"payerType":"Customer","payerCode":null,"paymentBy":"Customer","paymentByName":null,"paymentByRelationship":null,"collectionAmount":14000,"collectionRcvdDate":"2019-06-17 23:59:59","collectionMode":"RTGS\/ NEFT","remarks":null,"instrumentNumber":"260618000044","instrumentDate":"2019-06-17 23:59:59","bankName":"Axis Bank Limited","branchName":"","bankLocation":null,"micrNo":"23424323","chequeType":null,"ifscCode":null,"PaymentGatewayName":"AXIS_GFB","TerminalID":"","CardNo":null},"CombiCreation":{"Combi_flag":"1","Combi_identifier":"leadid","Combi_value":"202142100","Combi_code":"AXIS_GFB","Combi_Count":2,"Combi_product_count":2}} [] []
[2021-04-21 16:32:03] full_quote_reponse2.INFO: "<ns0:GFB_Res xmlns:ns0=\"http:\/\/ABHICL_NBP_QuickQuote_Schemas.GFB_Response\"><errorObj><ErrorNumber>00<\/ErrorNumber><ErrorMessage>Success<\/ErrorMessage><\/errorObj><policyDtls><TransactionReferenceNumber><\/TransactionReferenceNumber><QuotationNumber>AS100790782<\/QuotationNumber><CertificateNumber>GFB-AS-21-2000003<\/CertificateNumber><LetterURL>https:\/\/abpb.adityabirlahealth.com\/hbletter\/viewletter.aspx?ABH=877502&amp;TRM=GFB-AS-21-2000003<\/LetterURL><ClientID>0001501126<\/ClientID><ProductName>Group Activ Secure<\/ProductName><ProductCode>4000<\/ProductCode><LineOfBusiness>40<\/LineOfBusiness><startDate>4\/21\/2021 12:00:00 AM<\/startDate><EndDate>4\/20\/2022 12:00:00 AM<\/EndDate><PolicyNumber>62-20-00015-00-00<\/PolicyNumber><ProposalNumber>AS100790782<\/ProposalNumber><PolicyStatus>IF<\/PolicyStatus><Tenure>1<\/Tenure><stpFlag>0<\/stpFlag><MemberCustomerID>202142100GPA1<\/MemberCustomerID><\/policyDtls><premium><BasePremium>11864.41<\/BasePremium><NetPremium>11864.41<\/NetPremium><GST>2135.59<\/GST><GrossPremium>14000.00<\/GrossPremium><\/premium><receiptObj><ReceiptNumber>R70114054<\/ReceiptNumber><ReceiptAmount>14000.00<\/ReceiptAmount><ExcessAmount>0.00<\/ExcessAmount><\/receiptObj><\/ns0:GFB_Res>" [] []
[2021-04-21 16:32:03] api_insert.INFO: {"emp_id":"625492","proposal_id":"1678","member_fr_id":"0","client_id":"0001501126","certificate_number":"GFB-AS-21-2000003","quotation_no":"AS100790782","proposal_no":"AS100790782","policy_no":"62-20-00015-00-00","gross_premium":"14000.00","status":"Success","start_date":"4\/21\/2021 12:00:00 AM","end_date":"4\/20\/2022 12:00:00 AM","created_date":"2021-04-21 16:32:03","proposal_no_lead":"P-1697647246355615","PolicyStatus":"IF","letter_url":"https:\/\/abpb.adityabirlahealth.com\/hbletter\/viewletter.aspx?ABH=877502&TRM=GFB-AS-21-2000003","CustomerID":"202142100GPA1","MemberCustomerID":"202142100GPA1","create_policy_type":0,"ReceiptNumber":"R70114054"} [] []
[2021-04-21 16:32:04] full_quote_request1.INFO: {"ClientCreation":{"Member_Customer_ID":"202142100GCI1","salutation":"Mr","firstName":"test","middleName":"","lastName":"BANKING","dateofBirth":"12\/19\/1988","gender":"M","educationalQualification":null,"pinCode":"622103","uidNo":"5478-2589-3688","maritalStatus":null,"nationality":"Indian","occupation":"O553","primaryEmailID":"jack@gmail.com","contactMobileNo":"7010444138","stdLandlineNo":null,"panNo":null,"passportNumber":null,"contactPerson":null,"annualIncome":"900000","remarks":null,"startDate":"2021-04-21","endDate":null,"IdProof":"Adhaar Card","residenceProof":null,"ageProof":null,"others":null,"homeAddressLine1":"Om hrad ntalatiof, holOmshre, talathioficeeachol, OmshreeSada9talathi","homeAddressLine2":null,"homeAddressLine3":null,"homePinCode":"622103","homeArea":null,"homeContactMobileNo":null,"homeContactMobileNo2":null,"homeSTDLandlineNo":null,"homeFaxNo":null,"sameAsHomeAddress":"1","mailingAddressLine1":null,"mailingAddressLine2":null,"mailingAddressLine3":null,"mailingPinCode":null,"mailingArea":null,"mailingContactMobileNo":null,"mailingContactMobileNo2":null,"mailingSTDLandlineNo":null,"mailingSTDLandlineNo2":null,"mailingFaxNo":null,"bankAccountType":null,"bankAccountNo":null,"ifscCode":null,"GSTIN":null,"GSTRegistrationStatus":"Consumers","IsEIAavailable":"0","ApplyEIA":"0","EIAAccountNo":null,"EIAWith":"0","AccountType":null,"AddressProof":null,"DOBProof":null,"IdentityProof":null},"PolicyCreationRequest":{"Quotation_Number":"","MasterPolicyNumber":"62-20-00015-00-00","GroupID":"GRP006","Product_Code":"4216","SumInsured_Type":null,"Policy_Tanure":"1","Member_Type_Code":"M209","intermediaryCode":"2104794","AutoRenewal":"1","AutoDebit":"1","intermediaryBranchCode":"10MHMUM01","agentSignatureDate":null,"Customer_Signature_Date":null,"businessSourceChannel":null,"AssignPolicy":"0","AssigneeName":null,"leadID":"202142100","Source_Name":"AXIS_GFB","SPID":"1","TCN":null,"CRTNO":null,"RefCode1":"1","RefCode2":"051","Employee_Number":"625492","enumIsEmployeeDiscount":null,"QuoteDate":null,"IsPayment":"0","PaymentMode":null,"PolicyproductComponents":[{"PlanCode":"4216","SumInsured":"5000000","SchemeCode":"4112000003"}]},"MemObj":{"Member":[{"MemberNo":1,"Salutation":"Mr","First_Name":"test","Middle_Name":null,"Last_Name":"BANKING","Gender":"M","DateOfBirth":"12\/19\/1988","Relation_Code":"R001","Marital_Status":null,"height":"0.00","weight":"0","occupation":"O553","PrimaryMember":"Y","MemberproductComponents":[{"PlanCode":"4216","MemberQuestionDetails":[{"QuestionCode":null,"Answer":null,"Remarks":null}]}],"MemberPED":[{"PEDCode":null,"Remarks":null}],"exactDiagnosis":null,"dateOfDiagnosis":null,"lastDateConsultation":null,"detailsOfTreatmentGiven":null,"doctorName":null,"hospitalName":null,"phoneNumberHosital":null,"Nominee_First_Name":"FGDFG","Nominee_Last_Name":"DFGFG","Nominee_Contact_Number":"7997777777","Nominee_Home_Address":null,"Nominee_Relationship_Code":"R002"}]},"ReceiptCreation":{"officeLocation":"","modeOfEntry":"","cdAcNo":null,"expiryDate":null,"payerType":"","payerCode":null,"paymentBy":"","paymentByName":null,"paymentByRelationship":null,"collectionAmount":"","collectionRcvdDate":null,"collectionMode":"","remarks":null,"instrumentNumber":null,"instrumentDate":null,"bankName":null,"branchName":null,"bankLocation":null,"micrNo":null,"chequeType":null,"ifscCode":"","PaymentGatewayName":"","TerminalID":"","CardNo":null}} [] []
[2021-04-21 16:32:05] full_quote_reponse1.INFO: "<ns0:GFB_Res xmlns:ns0=\"http:\/\/ABHICL_NBP_QuickQuote_Schemas.GFB_Response\"><errorObj><ErrorNumber>00<\/ErrorNumber><ErrorMessage>Success<\/ErrorMessage><\/errorObj><policyDtls><TransactionReferenceNumber><\/TransactionReferenceNumber><QuotationNumber>AS100790783<\/QuotationNumber><CertificateNumber><\/CertificateNumber><LetterURL><\/LetterURL><ClientID><\/ClientID><ProductName>Group Activ Secure - Critical Illness<\/ProductName><ProductCode>4216<\/ProductCode><LineOfBusiness>42<\/LineOfBusiness><startDate><\/startDate><EndDate><\/EndDate><PolicyNumber>62-20-00015-00-00<\/PolicyNumber><ProposalNumber><\/ProposalNumber><PolicyStatus>PQ1<\/PolicyStatus><Tenure>1<\/Tenure><stpFlag>0<\/stpFlag><MemberCustomerID>202142100GCI1<\/MemberCustomerID><\/policyDtls><premium><BasePremium>7203.39<\/BasePremium><NetPremium>7203.39<\/NetPremium><GST>1296.61<\/GST><GrossPremium>8500.00<\/GrossPremium><\/premium><receiptObj><ReceiptNumber \/><ReceiptAmount \/><ExcessAmount \/><\/receiptObj><\/ns0:GFB_Res>" [] []
[2021-04-21 16:32:06] full_quote_request2.INFO: {"ClientCreation":{"Member_Customer_ID":"202142100GCI1","salutation":"Mr","firstName":"test","middleName":"","lastName":"BANKING","dateofBirth":"12\/19\/1988","gender":"M","educationalQualification":null,"pinCode":"622103","uidNo":"5478-2589-3688","maritalStatus":null,"nationality":"Indian","occupation":"O553","primaryEmailID":"jack@gmail.com","contactMobileNo":"7010444138","stdLandlineNo":null,"panNo":null,"passportNumber":null,"contactPerson":null,"annualIncome":"900000","remarks":null,"startDate":"2021-04-21","endDate":null,"IdProof":"Adhaar Card","residenceProof":null,"ageProof":null,"others":null,"homeAddressLine1":"Om hrad ntalatiof, holOmshre, talathioficeeachol, OmshreeSada9talathi","homeAddressLine2":null,"homeAddressLine3":null,"homePinCode":"622103","homeArea":null,"homeContactMobileNo":null,"homeContactMobileNo2":null,"homeSTDLandlineNo":null,"homeFaxNo":null,"sameAsHomeAddress":"1","mailingAddressLine1":null,"mailingAddressLine2":null,"mailingAddressLine3":null,"mailingPinCode":null,"mailingArea":null,"mailingContactMobileNo":null,"mailingContactMobileNo2":null,"mailingSTDLandlineNo":null,"mailingSTDLandlineNo2":null,"mailingFaxNo":null,"bankAccountType":null,"bankAccountNo":null,"ifscCode":null,"GSTIN":null,"GSTRegistrationStatus":"Consumers","IsEIAavailable":"0","ApplyEIA":"0","EIAAccountNo":null,"EIAWith":"0","AccountType":null,"AddressProof":null,"DOBProof":null,"IdentityProof":null},"PolicyCreationRequest":{"Quotation_Number":"AS100790783","MasterPolicyNumber":"62-20-00015-00-00","GroupID":"GRP006","Product_Code":"4216","SumInsured_Type":null,"Policy_Tanure":"1","Member_Type_Code":"M209","intermediaryCode":"2104794","AutoRenewal":"1","AutoDebit":"1","intermediaryBranchCode":"10MHMUM01","agentSignatureDate":null,"Customer_Signature_Date":null,"businessSourceChannel":null,"AssignPolicy":"0","AssigneeName":null,"leadID":"202142100","Source_Name":"AXIS_GFB","SPID":"1","TCN":null,"CRTNO":null,"RefCode1":"1","RefCode2":"051","Employee_Number":"625492","enumIsEmployeeDiscount":null,"QuoteDate":null,"IsPayment":"1","PaymentMode":null,"PolicyproductComponents":[{"PlanCode":"4216","SumInsured":"5000000","SchemeCode":"4112000003"}]},"MemObj":{"Member":[{"MemberNo":1,"Salutation":"Mr","First_Name":"test","Middle_Name":null,"Last_Name":"BANKING","Gender":"M","DateOfBirth":"12\/19\/1988","Relation_Code":"R001","Marital_Status":null,"height":"0.00","weight":"0","occupation":"O553","PrimaryMember":"Y","MemberproductComponents":[{"PlanCode":"4216","MemberQuestionDetails":[{"QuestionCode":null,"Answer":null,"Remarks":null}]}],"MemberPED":[{"PEDCode":null,"Remarks":null}],"exactDiagnosis":null,"dateOfDiagnosis":null,"lastDateConsultation":null,"detailsOfTreatmentGiven":null,"doctorName":null,"hospitalName":null,"phoneNumberHosital":null,"Nominee_First_Name":"FGDFG","Nominee_Last_Name":"DFGFG","Nominee_Contact_Number":"7997777777","Nominee_Home_Address":null,"Nominee_Relationship_Code":"R002"}]},"ReceiptCreation":{"officeLocation":"Mumbai","modeOfEntry":"Direct","cdAcNo":null,"expiryDate":null,"payerType":"Customer","payerCode":null,"paymentBy":"Customer","paymentByName":null,"paymentByRelationship":null,"collectionAmount":8500,"collectionRcvdDate":"2019-06-17 23:59:59","collectionMode":"RTGS\/ NEFT","remarks":null,"instrumentNumber":"260618000044","instrumentDate":"2019-06-17 23:59:59","bankName":"Axis Bank Limited","branchName":"","bankLocation":null,"micrNo":"23424323","chequeType":null,"ifscCode":null,"PaymentGatewayName":"AXIS_GFB","TerminalID":"","CardNo":null},"CombiCreation":{"Combi_flag":"1","Combi_identifier":"leadid","Combi_value":"202142100","Combi_code":"AXIS_GFB","Combi_Count":2,"Combi_product_count":2}} [] []
[2021-04-21 16:32:10] full_quote_reponse2.INFO: "<ns0:GFB_Res xmlns:ns0=\"http:\/\/ABHICL_NBP_QuickQuote_Schemas.GFB_Response\"><errorObj><ErrorNumber>00<\/ErrorNumber><ErrorMessage>Success<\/ErrorMessage><\/errorObj><policyDtls><TransactionReferenceNumber><\/TransactionReferenceNumber><QuotationNumber>AS100790783<\/QuotationNumber><CertificateNumber>GFB-AS-21-2000004<\/CertificateNumber><LetterURL>https:\/\/abpb.adityabirlahealth.com\/hbletter\/viewletter.aspx?ABH=877504&amp;TRM=GFB-AS-21-2000004<\/LetterURL><ClientID>0001501127<\/ClientID><ProductName>Group Activ Secure<\/ProductName><ProductCode>4000<\/ProductCode><LineOfBusiness>40<\/LineOfBusiness><startDate>4\/21\/2021 12:00:00 AM<\/startDate><EndDate>4\/20\/2022 12:00:00 AM<\/EndDate><PolicyNumber>62-20-00015-00-00<\/PolicyNumber><ProposalNumber>AS100790783<\/ProposalNumber><PolicyStatus>IF<\/PolicyStatus><Tenure>1<\/Tenure><stpFlag>0<\/stpFlag><MemberCustomerID>202142100GCI1<\/MemberCustomerID><\/policyDtls><premium><BasePremium>7203.39<\/BasePremium><NetPremium>7203.39<\/NetPremium><GST>1296.61<\/GST><GrossPremium>8500.00<\/GrossPremium><\/premium><receiptObj><ReceiptNumber>R70114055<\/ReceiptNumber><ReceiptAmount>8500.00<\/ReceiptAmount><ExcessAmount>0.00<\/ExcessAmount><\/receiptObj><\/ns0:GFB_Res>" [] []
[2021-04-21 16:32:10] api_insert.INFO: {"emp_id":"625492","proposal_id":"1679","member_fr_id":"0","client_id":"0001501127","certificate_number":"GFB-AS-21-2000004","quotation_no":"AS100790783","proposal_no":"AS100790783","policy_no":"62-20-00015-00-00","gross_premium":"8500.00","status":"Success","start_date":"4\/21\/2021 12:00:00 AM","end_date":"4\/20\/2022 12:00:00 AM","created_date":"2021-04-21 16:32:10","proposal_no_lead":"P-1697647247408292","PolicyStatus":"IF","letter_url":"https:\/\/abpb.adityabirlahealth.com\/hbletter\/viewletter.aspx?ABH=877504&TRM=GFB-AS-21-2000004","CustomerID":"202142100GCI1","MemberCustomerID":"202142100GCI1","create_policy_type":0,"ReceiptNumber":"R70114055"} [] []
[2021-04-21 16:33:38] generateOTP.INFO: test [] []
[2021-04-21 16:33:56] generateOTP.INFO: {"salutation":"1","firstname":"test","lastname":"BANKING","dob":"19-12-1988","mob_no":"7010444138","panCard":"XXXXXX456A","email":"jack@gmail.com","ref1":"1","ref2":"1","comAdd":"Om hrad ntalatiof, holOmshre, talathioficeeachol, OmshreeSada9talathi","city":"Illuppur","state":"TAMIL NADU","pin_code":"622103","ISNRI":"N","update_emp_id":"NmhhTS9XMXh0SlF3MGdPK0Nmdit5UT09","edit":"0","policy_no":"460,461","subtype_text":"1","sum_insure":"500000","anuual_income":"","occupation":"11","familyConstruct":"2A","family_members_id":"0","family_gender":"Male","first_name":"test","last_name":"BANKING","family_date_birth":"19-12-1988","age":"32","age_type":" years","tenure":"1 Year","premiumgci":"0","family_id":"","s_date":"","marriage_date":"","premium":"undefined","policyNo":"460,461","familyDataType":"undefined","empId":"NmhhTS9XMXh0SlF3MGdPK0Nmdit5UT09","product":"YFsa5f4cb15ead28c","declare":"[]","gender":"Male","gci_options":"Yes"} [] []
[2021-04-21 16:34:12] generateOTP.INFO: {"salutation":"1","firstname":"test","lastname":"BANKING","dob":"19-12-1988","mob_no":"7010444138","panCard":"XXXXXX456A","email":"jack@gmail.com","ref1":"1","ref2":"1","comAdd":"Om hrad ntalatiof, holOmshre, talathioficeeachol, OmshreeSada9talathi","city":"Illuppur","state":"TAMIL NADU","pin_code":"622103","ISNRI":"N","update_emp_id":"NmhhTS9XMXh0SlF3MGdPK0Nmdit5UT09","edit":"0","policy_no":"460,461","subtype_text":"1","sum_insure":"500000","anuual_income":"","occupation":"11","familyConstruct":"2A","family_members_id":"1","family_gender":"Female","first_name":"fdf","last_name":"sdf","family_date_birth":"02-04-1970","age":"51","age_type":" years","tenure":"1 Year","premiumgci":"2800","family_id":"","s_date":"","marriage_date":"","premium":"undefined","policyNo":"460,461","familyDataType":"undefined","empId":"NmhhTS9XMXh0SlF3MGdPK0Nmdit5UT09","product":"YFsa5f4cb15ead28c","declare":"[]","gender":"Male","gci_options":"Yes"} [] []
[2021-04-21 16:34:28] documentsSave.INFO: {"ops_type":"[]","ids":"1680,1681"} [] []
[2021-04-21 16:34:28] documentsSaveFiles.INFO: [] [] []
[2021-04-21 16:34:32] generateOTP.INFO: test [] []
[2021-04-21 16:35:29] generateOTP.INFO: test [] []
[2021-04-21 16:35:41] full_quote_request1.INFO: {"ClientCreation":{"Member_Customer_ID":"334534511GPA1","salutation":"Mr","firstName":"test","middleName":"","lastName":"BANKING","dateofBirth":"12\/19\/1988","gender":"M","educationalQualification":null,"pinCode":"622103","uidNo":"5478-2589-3688","maritalStatus":null,"nationality":"Indian","occupation":"O553","primaryEmailID":"jack@gmail.com","contactMobileNo":"7010444138","stdLandlineNo":null,"panNo":null,"passportNumber":null,"contactPerson":null,"annualIncome":null,"remarks":null,"startDate":"2021-04-21","endDate":null,"IdProof":"Adhaar Card","residenceProof":null,"ageProof":null,"others":null,"homeAddressLine1":"Om hrad ntalatiof, holOmshre, talathioficeeachol, OmshreeSada9talathi","homeAddressLine2":null,"homeAddressLine3":null,"homePinCode":"622103","homeArea":null,"homeContactMobileNo":null,"homeContactMobileNo2":null,"homeSTDLandlineNo":null,"homeFaxNo":null,"sameAsHomeAddress":"1","mailingAddressLine1":null,"mailingAddressLine2":null,"mailingAddressLine3":null,"mailingPinCode":null,"mailingArea":null,"mailingContactMobileNo":null,"mailingContactMobileNo2":null,"mailingSTDLandlineNo":null,"mailingSTDLandlineNo2":null,"mailingFaxNo":null,"bankAccountType":null,"bankAccountNo":null,"ifscCode":null,"GSTIN":null,"GSTRegistrationStatus":"Consumers","IsEIAavailable":"0","ApplyEIA":"0","EIAAccountNo":null,"EIAWith":"0","AccountType":null,"AddressProof":null,"DOBProof":null,"IdentityProof":null},"PolicyCreationRequest":{"Quotation_Number":"","MasterPolicyNumber":"62-20-00015-00-00","GroupID":"GRP001","Product_Code":"4112","SumInsured_Type":null,"Policy_Tanure":"1","Member_Type_Code":"M209","intermediaryCode":"2104794","AutoRenewal":"0","AutoDebit":"0","intermediaryBranchCode":"10MHMUM01","agentSignatureDate":null,"Customer_Signature_Date":null,"businessSourceChannel":null,"AssignPolicy":"0","AssigneeName":null,"leadID":"334534511","Source_Name":"AXIS_GFB","SPID":"1","TCN":null,"CRTNO":null,"RefCode1":"1","RefCode2":"051","Employee_Number":"625483","enumIsEmployeeDiscount":null,"QuoteDate":null,"IsPayment":"0","PaymentMode":null,"PolicyproductComponents":[{"PlanCode":"4112","SumInsured":"500000","SchemeCode":"4112000003"}]},"MemObj":{"Member":[{"MemberNo":1,"Salutation":"Mr","First_Name":"test","Middle_Name":null,"Last_Name":"BANKING","Gender":"M","DateOfBirth":"12\/19\/1988","Relation_Code":"R001","Marital_Status":null,"height":"0.00","weight":"0","occupation":"O553","PrimaryMember":"Y","MemberproductComponents":[{"PlanCode":"4112","MemberQuestionDetails":[{"QuestionCode":null,"Answer":null,"Remarks":null}]}],"MemberPED":[{"PEDCode":null,"Remarks":null}],"exactDiagnosis":null,"dateOfDiagnosis":null,"lastDateConsultation":null,"detailsOfTreatmentGiven":null,"doctorName":null,"hospitalName":null,"phoneNumberHosital":null,"Nominee_First_Name":"fdf","Nominee_Last_Name":"sdf","Nominee_Contact_Number":"4555555555","Nominee_Home_Address":null,"Nominee_Relationship_Code":"R002"}]},"ReceiptCreation":{"officeLocation":"","modeOfEntry":"","cdAcNo":null,"expiryDate":null,"payerType":"","payerCode":null,"paymentBy":"","paymentByName":null,"paymentByRelationship":null,"collectionAmount":"","collectionRcvdDate":null,"collectionMode":"","remarks":null,"instrumentNumber":null,"instrumentDate":null,"bankName":null,"branchName":null,"bankLocation":null,"micrNo":null,"chequeType":null,"ifscCode":"","PaymentGatewayName":"","TerminalID":"","CardNo":null}} [] []
[2021-04-21 16:35:42] full_quote_reponse1.INFO: "<ns0:GFB_Res xmlns:ns0=\"http:\/\/ABHICL_NBP_QuickQuote_Schemas.GFB_Response\"><errorObj><ErrorNumber>00<\/ErrorNumber><ErrorMessage>Success<\/ErrorMessage><\/errorObj><policyDtls><TransactionReferenceNumber><\/TransactionReferenceNumber><QuotationNumber>AS100790789<\/QuotationNumber><CertificateNumber><\/CertificateNumber><LetterURL><\/LetterURL><ClientID><\/ClientID><ProductName>Group Activ Secure - Personal Accident<\/ProductName><ProductCode>4112<\/ProductCode><LineOfBusiness>41<\/LineOfBusiness><startDate><\/startDate><EndDate><\/EndDate><PolicyNumber>62-20-00015-00-00<\/PolicyNumber><ProposalNumber><\/ProposalNumber><PolicyStatus>PQ1<\/PolicyStatus><Tenure>1<\/Tenure><stpFlag>0<\/stpFlag><MemberCustomerID>334534511GPA1<\/MemberCustomerID><\/policyDtls><premium><BasePremium>2372.88<\/BasePremium><NetPremium>2372.88<\/NetPremium><GST>427.12<\/GST><GrossPremium>2800.00<\/GrossPremium><\/premium><receiptObj><ReceiptNumber \/><ReceiptAmount \/><ExcessAmount \/><\/receiptObj><\/ns0:GFB_Res>" [] []
[2021-04-21 16:35:42] full_quote_request1.INFO: {"ClientCreation":{"Member_Customer_ID":"334534511GPA2","salutation":"Mr","firstName":"test","middleName":"","lastName":"BANKING","dateofBirth":"12\/19\/1988","gender":"M","educationalQualification":null,"pinCode":"622103","uidNo":"5478-2589-3688","maritalStatus":null,"nationality":"Indian","occupation":"O553","primaryEmailID":"jack@gmail.com","contactMobileNo":"7010444138","stdLandlineNo":null,"panNo":null,"passportNumber":null,"contactPerson":null,"annualIncome":null,"remarks":null,"startDate":"2021-04-21","endDate":null,"IdProof":"Adhaar Card","residenceProof":null,"ageProof":null,"others":null,"homeAddressLine1":"Om hrad ntalatiof, holOmshre, talathioficeeachol, OmshreeSada9talathi","homeAddressLine2":null,"homeAddressLine3":null,"homePinCode":"622103","homeArea":null,"homeContactMobileNo":null,"homeContactMobileNo2":null,"homeSTDLandlineNo":null,"homeFaxNo":null,"sameAsHomeAddress":"1","mailingAddressLine1":null,"mailingAddressLine2":null,"mailingAddressLine3":null,"mailingPinCode":null,"mailingArea":null,"mailingContactMobileNo":null,"mailingContactMobileNo2":null,"mailingSTDLandlineNo":null,"mailingSTDLandlineNo2":null,"mailingFaxNo":null,"bankAccountType":null,"bankAccountNo":null,"ifscCode":null,"GSTIN":null,"GSTRegistrationStatus":"Consumers","IsEIAavailable":"0","ApplyEIA":"0","EIAAccountNo":null,"EIAWith":"0","AccountType":null,"AddressProof":null,"DOBProof":null,"IdentityProof":null},"PolicyCreationRequest":{"Quotation_Number":"","MasterPolicyNumber":"62-20-00015-00-00","GroupID":"GRP001","Product_Code":"4112","SumInsured_Type":null,"Policy_Tanure":"1","Member_Type_Code":"M209","intermediaryCode":"2104794","AutoRenewal":"0","AutoDebit":"0","intermediaryBranchCode":"10MHMUM01","agentSignatureDate":null,"Customer_Signature_Date":null,"businessSourceChannel":null,"AssignPolicy":"0","AssigneeName":null,"leadID":"334534511","Source_Name":"AXIS_GFB","SPID":"1","TCN":null,"CRTNO":null,"RefCode1":"1","RefCode2":"051","Employee_Number":"625483","enumIsEmployeeDiscount":null,"QuoteDate":null,"IsPayment":"0","PaymentMode":null,"PolicyproductComponents":[{"PlanCode":"4112","SumInsured":"500000","SchemeCode":"4112000003"}]},"MemObj":{"Member":[{"MemberNo":1,"Salutation":"Mrs","First_Name":"fdf","Middle_Name":null,"Last_Name":"sdf","Gender":"F","DateOfBirth":"04\/02\/1970","Relation_Code":"R002","Marital_Status":null,"height":"0.00","weight":"0","occupation":"O553","PrimaryMember":"Y","MemberproductComponents":[{"PlanCode":"4112","MemberQuestionDetails":[{"QuestionCode":null,"Answer":null,"Remarks":null}]}],"MemberPED":[{"PEDCode":null,"Remarks":null}],"exactDiagnosis":null,"dateOfDiagnosis":null,"lastDateConsultation":null,"detailsOfTreatmentGiven":null,"doctorName":null,"hospitalName":null,"phoneNumberHosital":null,"Nominee_First_Name":"fdf","Nominee_Last_Name":"sdf","Nominee_Contact_Number":"4555555555","Nominee_Home_Address":null,"Nominee_Relationship_Code":"R002"}]},"ReceiptCreation":{"officeLocation":"","modeOfEntry":"","cdAcNo":null,"expiryDate":null,"payerType":"","payerCode":null,"paymentBy":"","paymentByName":null,"paymentByRelationship":null,"collectionAmount":"","collectionRcvdDate":null,"collectionMode":"","remarks":null,"instrumentNumber":null,"instrumentDate":null,"bankName":null,"branchName":null,"bankLocation":null,"micrNo":null,"chequeType":null,"ifscCode":"","PaymentGatewayName":"","TerminalID":"","CardNo":null}} [] []
[2021-04-21 16:35:44] full_quote_reponse1.INFO: "<ns0:GFB_Res xmlns:ns0=\"http:\/\/ABHICL_NBP_QuickQuote_Schemas.GFB_Response\"><errorObj><ErrorNumber>301<\/ErrorNumber><ErrorMessage>Please Provide self member in Member Relationship Code<\/ErrorMessage><\/errorObj><policyDtls><TransactionReferenceNumber><\/TransactionReferenceNumber><QuotationNumber><\/QuotationNumber><CertificateNumber><\/CertificateNumber><LetterURL><\/LetterURL><ClientID><\/ClientID><ProductName>Group Activ Secure - Personal Accident<\/ProductName><ProductCode>4112<\/ProductCode><LineOfBusiness>41<\/LineOfBusiness><startDate><\/startDate><EndDate><\/EndDate><PolicyNumber>62-20-00015-00-00<\/PolicyNumber><ProposalNumber><\/ProposalNumber><PolicyStatus>PQ1<\/PolicyStatus><Tenure>1<\/Tenure><stpFlag>0<\/stpFlag><MemberCustomerID>334534511GPA2<\/MemberCustomerID><\/policyDtls><premium><BasePremium \/><NetPremium \/><GST \/><GrossPremium \/><\/premium><receiptObj><ReceiptNumber \/><ReceiptAmount \/><ExcessAmount \/><\/receiptObj><\/ns0:GFB_Res>" [] []
[2021-04-21 16:35:44] full_quote_request1.INFO: {"ClientCreation":{"Member_Customer_ID":"334534511GCI1","salutation":"Mr","firstName":"test","middleName":"","lastName":"BANKING","dateofBirth":"12\/19\/1988","gender":"M","educationalQualification":null,"pinCode":"622103","uidNo":"5478-2589-3688","maritalStatus":null,"nationality":"Indian","occupation":"O553","primaryEmailID":"jack@gmail.com","contactMobileNo":"7010444138","stdLandlineNo":null,"panNo":null,"passportNumber":null,"contactPerson":null,"annualIncome":null,"remarks":null,"startDate":"2021-04-21","endDate":null,"IdProof":"Adhaar Card","residenceProof":null,"ageProof":null,"others":null,"homeAddressLine1":"Om hrad ntalatiof, holOmshre, talathioficeeachol, OmshreeSada9talathi","homeAddressLine2":null,"homeAddressLine3":null,"homePinCode":"622103","homeArea":null,"homeContactMobileNo":null,"homeContactMobileNo2":null,"homeSTDLandlineNo":null,"homeFaxNo":null,"sameAsHomeAddress":"1","mailingAddressLine1":null,"mailingAddressLine2":null,"mailingAddressLine3":null,"mailingPinCode":null,"mailingArea":null,"mailingContactMobileNo":null,"mailingContactMobileNo2":null,"mailingSTDLandlineNo":null,"mailingSTDLandlineNo2":null,"mailingFaxNo":null,"bankAccountType":null,"bankAccountNo":null,"ifscCode":null,"GSTIN":null,"GSTRegistrationStatus":"Consumers","IsEIAavailable":"0","ApplyEIA":"0","EIAAccountNo":null,"EIAWith":"0","AccountType":null,"AddressProof":null,"DOBProof":null,"IdentityProof":null},"PolicyCreationRequest":{"Quotation_Number":"","MasterPolicyNumber":"62-20-00015-00-00","GroupID":"GRP001","Product_Code":"4216","SumInsured_Type":null,"Policy_Tanure":"1","Member_Type_Code":"M209","intermediaryCode":"2104794","AutoRenewal":"0","AutoDebit":"0","intermediaryBranchCode":"10MHMUM01","agentSignatureDate":null,"Customer_Signature_Date":null,"businessSourceChannel":null,"AssignPolicy":"0","AssigneeName":null,"leadID":"334534511","Source_Name":"AXIS_GFB","SPID":"1","TCN":null,"CRTNO":null,"RefCode1":"1","RefCode2":"051","Employee_Number":"625483","enumIsEmployeeDiscount":null,"QuoteDate":null,"IsPayment":"0","PaymentMode":null,"PolicyproductComponents":[{"PlanCode":"4216","SumInsured":"500000","SchemeCode":"4112000003"}]},"MemObj":{"Member":[{"MemberNo":1,"Salutation":"Mr","First_Name":"test","Middle_Name":null,"Last_Name":"BANKING","Gender":"M","DateOfBirth":"12\/19\/1988","Relation_Code":"R001","Marital_Status":null,"height":"0.00","weight":"0","occupation":"O553","PrimaryMember":"Y","MemberproductComponents":[{"PlanCode":"4216","MemberQuestionDetails":[{"QuestionCode":null,"Answer":null,"Remarks":null}]}],"MemberPED":[{"PEDCode":null,"Remarks":null}],"exactDiagnosis":null,"dateOfDiagnosis":null,"lastDateConsultation":null,"detailsOfTreatmentGiven":null,"doctorName":null,"hospitalName":null,"phoneNumberHosital":null,"Nominee_First_Name":"fdf","Nominee_Last_Name":"sdf","Nominee_Contact_Number":"4555555555","Nominee_Home_Address":null,"Nominee_Relationship_Code":"R002"}]},"ReceiptCreation":{"officeLocation":"","modeOfEntry":"","cdAcNo":null,"expiryDate":null,"payerType":"","payerCode":null,"paymentBy":"","paymentByName":null,"paymentByRelationship":null,"collectionAmount":"","collectionRcvdDate":null,"collectionMode":"","remarks":null,"instrumentNumber":null,"instrumentDate":null,"bankName":null,"branchName":null,"bankLocation":null,"micrNo":null,"chequeType":null,"ifscCode":"","PaymentGatewayName":"","TerminalID":"","CardNo":null}} [] []
[2021-04-21 16:35:45] full_quote_reponse1.INFO: "<ns0:GFB_Res xmlns:ns0=\"http:\/\/ABHICL_NBP_QuickQuote_Schemas.GFB_Response\"><errorObj><ErrorNumber>00<\/ErrorNumber><ErrorMessage>Success<\/ErrorMessage><\/errorObj><policyDtls><TransactionReferenceNumber><\/TransactionReferenceNumber><QuotationNumber>AS100790790<\/QuotationNumber><CertificateNumber><\/CertificateNumber><LetterURL><\/LetterURL><ClientID><\/ClientID><ProductName>Group Activ Secure - Critical Illness<\/ProductName><ProductCode>4216<\/ProductCode><LineOfBusiness>42<\/LineOfBusiness><startDate><\/startDate><EndDate><\/EndDate><PolicyNumber>62-20-00015-00-00<\/PolicyNumber><ProposalNumber><\/ProposalNumber><PolicyStatus>PQ1<\/PolicyStatus><Tenure>1<\/Tenure><stpFlag>0<\/stpFlag><MemberCustomerID>334534511GCI1<\/MemberCustomerID><\/policyDtls><premium><BasePremium>1440.68<\/BasePremium><NetPremium>1440.68<\/NetPremium><GST>259.32<\/GST><GrossPremium>1700.00<\/GrossPremium><\/premium><receiptObj><ReceiptNumber \/><ReceiptAmount \/><ExcessAmount \/><\/receiptObj><\/ns0:GFB_Res>" [] []
[2021-04-21 16:35:45] full_quote_request1.INFO: {"ClientCreation":{"Member_Customer_ID":"334534511GCI2","salutation":"Mr","firstName":"test","middleName":"","lastName":"BANKING","dateofBirth":"12\/19\/1988","gender":"M","educationalQualification":null,"pinCode":"622103","uidNo":"5478-2589-3688","maritalStatus":null,"nationality":"Indian","occupation":"O553","primaryEmailID":"jack@gmail.com","contactMobileNo":"7010444138","stdLandlineNo":null,"panNo":null,"passportNumber":null,"contactPerson":null,"annualIncome":null,"remarks":null,"startDate":"2021-04-21","endDate":null,"IdProof":"Adhaar Card","residenceProof":null,"ageProof":null,"others":null,"homeAddressLine1":"Om hrad ntalatiof, holOmshre, talathioficeeachol, OmshreeSada9talathi","homeAddressLine2":null,"homeAddressLine3":null,"homePinCode":"622103","homeArea":null,"homeContactMobileNo":null,"homeContactMobileNo2":null,"homeSTDLandlineNo":null,"homeFaxNo":null,"sameAsHomeAddress":"1","mailingAddressLine1":null,"mailingAddressLine2":null,"mailingAddressLine3":null,"mailingPinCode":null,"mailingArea":null,"mailingContactMobileNo":null,"mailingContactMobileNo2":null,"mailingSTDLandlineNo":null,"mailingSTDLandlineNo2":null,"mailingFaxNo":null,"bankAccountType":null,"bankAccountNo":null,"ifscCode":null,"GSTIN":null,"GSTRegistrationStatus":"Consumers","IsEIAavailable":"0","ApplyEIA":"0","EIAAccountNo":null,"EIAWith":"0","AccountType":null,"AddressProof":null,"DOBProof":null,"IdentityProof":null},"PolicyCreationRequest":{"Quotation_Number":"","MasterPolicyNumber":"62-20-00015-00-00","GroupID":"GRP001","Product_Code":"4216","SumInsured_Type":null,"Policy_Tanure":"1","Member_Type_Code":"M209","intermediaryCode":"2104794","AutoRenewal":"0","AutoDebit":"0","intermediaryBranchCode":"10MHMUM01","agentSignatureDate":null,"Customer_Signature_Date":null,"businessSourceChannel":null,"AssignPolicy":"0","AssigneeName":null,"leadID":"334534511","Source_Name":"AXIS_GFB","SPID":"1","TCN":null,"CRTNO":null,"RefCode1":"1","RefCode2":"051","Employee_Number":"625483","enumIsEmployeeDiscount":null,"QuoteDate":null,"IsPayment":"0","PaymentMode":null,"PolicyproductComponents":[{"PlanCode":"4216","SumInsured":"500000","SchemeCode":"4112000003"}]},"MemObj":{"Member":[{"MemberNo":1,"Salutation":"Mrs","First_Name":"fdf","Middle_Name":null,"Last_Name":"sdf","Gender":"F","DateOfBirth":"04\/02\/1970","Relation_Code":"R002","Marital_Status":null,"height":"0.00","weight":"0","occupation":"O553","PrimaryMember":"Y","MemberproductComponents":[{"PlanCode":"4216","MemberQuestionDetails":[{"QuestionCode":null,"Answer":null,"Remarks":null}]}],"MemberPED":[{"PEDCode":null,"Remarks":null}],"exactDiagnosis":null,"dateOfDiagnosis":null,"lastDateConsultation":null,"detailsOfTreatmentGiven":null,"doctorName":null,"hospitalName":null,"phoneNumberHosital":null,"Nominee_First_Name":"fdf","Nominee_Last_Name":"sdf","Nominee_Contact_Number":"4555555555","Nominee_Home_Address":null,"Nominee_Relationship_Code":"R002"}]},"ReceiptCreation":{"officeLocation":"","modeOfEntry":"","cdAcNo":null,"expiryDate":null,"payerType":"","payerCode":null,"paymentBy":"","paymentByName":null,"paymentByRelationship":null,"collectionAmount":"","collectionRcvdDate":null,"collectionMode":"","remarks":null,"instrumentNumber":null,"instrumentDate":null,"bankName":null,"branchName":null,"bankLocation":null,"micrNo":null,"chequeType":null,"ifscCode":"","PaymentGatewayName":"","TerminalID":"","CardNo":null}} [] []
[2021-04-21 16:35:47] full_quote_reponse1.INFO: "<ns0:GFB_Res xmlns:ns0=\"http:\/\/ABHICL_NBP_QuickQuote_Schemas.GFB_Response\"><errorObj><ErrorNumber>301<\/ErrorNumber><ErrorMessage>Please Provide self member in Member Relationship Code<\/ErrorMessage><\/errorObj><policyDtls><TransactionReferenceNumber><\/TransactionReferenceNumber><QuotationNumber><\/QuotationNumber><CertificateNumber><\/CertificateNumber><LetterURL><\/LetterURL><ClientID><\/ClientID><ProductName>Group Activ Secure - Critical Illness<\/ProductName><ProductCode>4216<\/ProductCode><LineOfBusiness>42<\/LineOfBusiness><startDate><\/startDate><EndDate><\/EndDate><PolicyNumber>62-20-00015-00-00<\/PolicyNumber><ProposalNumber><\/ProposalNumber><PolicyStatus>PQ1<\/PolicyStatus><Tenure>1<\/Tenure><stpFlag>0<\/stpFlag><MemberCustomerID>334534511GCI2<\/MemberCustomerID><\/policyDtls><premium><BasePremium \/><NetPremium \/><GST \/><GrossPremium \/><\/premium><receiptObj><ReceiptNumber \/><ReceiptAmount \/><ExcessAmount \/><\/receiptObj><\/ns0:GFB_Res>" [] []
[2021-04-21 16:35:48] generateOTP.INFO: test [] []
[2021-04-21 16:37:51] generateOTP.INFO: test [] []
[2021-04-21 16:37:52] generateOTP.INFO: test [] []
[2021-04-21 16:38:00] generateOTP.INFO: test [] []
[2021-04-21 16:44:10] generateOTP.INFO: test [] []
[2021-04-21 16:44:11] generateOTP.INFO: test [] []
[2021-04-21 16:44:34] generateOTP.INFO: test [] []
[2021-04-21 16:52:14] generateOTP.INFO: test [] []
[2021-04-21 16:52:20] generateOTP.INFO: test [] []
[2021-04-21 16:52:59] generateOTP.INFO: test [] []
[2021-04-21 16:52:59] generateOTP.INFO: test [] []
[2021-04-21 16:53:04] generateOTP.INFO: test [] []
[2021-04-21 16:53:04] generateOTP.INFO: test [] []
[2021-04-21 16:53:22] generateOTP.INFO: test [] []
[2021-04-21 16:53:22] generateOTP.INFO: test [] []
[2021-04-21 16:53:22] generateOTP.INFO: test [] []
[2021-04-21 16:53:24] generateOTP.INFO: test [] []
[2021-04-21 16:54:31] generateOTP.INFO: test [] []
[2021-04-21 16:54:33] generateOTP.INFO: test [] []
[2021-04-21 16:54:36] generateOTP.INFO: test [] []
[2021-04-21 16:55:49] generateOTP.INFO: test [] []
[2021-04-21 16:55:50] generateOTP.INFO: test [] []
[2021-04-21 16:55:55] generateOTP.INFO: test [] []
[2021-04-21 16:55:56] generateOTP.INFO: test [] []
[2021-04-21 16:56:13] generateOTP.INFO: test [] []
[2021-04-21 16:56:13] generateOTP.INFO: test [] []
[2021-04-21 16:56:13] generateOTP.INFO: test [] []
[2021-04-21 16:56:14] generateOTP.INFO: test [] []
[2021-04-21 16:57:13] generateOTP.INFO: test [] []
[2021-04-21 16:57:13] generateOTP.INFO: test [] []
[2021-04-21 16:57:13] generateOTP.INFO: test [] []
[2021-04-21 16:57:14] generateOTP.INFO: test [] []
[2021-04-21 16:57:15] generateOTP.INFO: test [] []
[2021-04-21 16:57:21] generateOTP.INFO: test [] []
[2021-04-21 16:57:54] generateOTP.INFO: test [] []
[2021-04-21 16:57:56] generateOTP.INFO: test [] []
[2021-04-21 16:57:57] generateOTP.INFO: test [] []
[2021-04-21 16:58:36] generateOTP.INFO: test [] []
[2021-04-21 17:00:43] generateOTP.INFO: test [] []
[2021-04-21 17:03:02] generateOTP.INFO: test [] []
[2021-04-21 17:03:51] generateOTP.INFO: test [] []
[2021-04-21 17:04:33] generateOTP.INFO: test [] []
[2021-04-21 17:04:33] generateOTP.INFO: test [] []
[2021-04-21 17:04:34] generateOTP.INFO: test [] []
[2021-04-21 17:04:41] generateOTP.INFO: test [] []
[2021-04-21 17:05:26] generateOTP.INFO: test [] []
[2021-04-21 17:05:26] generateOTP.INFO: test [] []
[2021-04-21 17:05:26] generateOTP.INFO: test [] []
[2021-04-21 17:05:26] generateOTP.INFO: test [] []
[2021-04-21 17:05:27] generateOTP.INFO: test [] []
[2021-04-21 17:11:36] generateOTP.INFO: test [] []
[2021-04-21 17:16:48] generateOTP.INFO: test [] []
[2021-04-21 17:28:54] generateOTP.INFO: test [] []
[2021-04-21 17:28:55] generateOTP.INFO: test [] []
[2021-04-21 17:32:13] generateOTP.INFO: test [] []
[2021-04-21 17:32:14] generateOTP.INFO: test [] []
[2021-04-21 17:32:20] generateOTP.INFO: test [] []
[2021-04-21 17:32:20] generateOTP.INFO: test [] []
[2021-04-21 17:48:14] generateOTP.INFO: test [] []
[2021-04-21 17:49:18] generateOTP.INFO: test [] []
[2021-04-21 17:50:47] generateOTP.INFO: test [] []
[2021-04-21 17:51:40] generateOTP.INFO: test [] []
[2021-04-21 17:51:41] generateOTP.INFO: test [] []
[2021-04-21 17:53:27] generateOTP.INFO: test [] []
[2021-04-21 18:00:36] generateOTP.INFO: test [] []
[2021-04-21 18:00:36] generateOTP.INFO: test [] []
[2021-04-21 18:00:37] generateOTP.INFO: test [] []
[2021-04-21 18:47:27] generateOTP.INFO: test [] []
[2021-04-21 18:54:58] generateOTP.INFO: test [] []
[2021-04-21 19:05:25] generateOTP.INFO: test [] []
[2021-04-21 19:05:26] generateOTP.INFO: test [] []
[2021-04-21 19:06:02] generateOTP.INFO: test [] []
[2021-04-21 19:06:02] generateOTP.INFO: test [] []
[2021-04-21 19:06:04] generateOTP.INFO: test [] []
[2021-04-21 19:06:04] generateOTP.INFO: test [] []
[2021-04-21 19:06:19] generateOTP.INFO: test [] []
[2021-04-21 19:06:19] generateOTP.INFO: test [] []
[2021-04-21 19:06:19] generateOTP.INFO: test [] []
[2021-04-21 19:06:20] generateOTP.INFO: test [] []
[2021-04-21 19:06:55] generateOTP.INFO: test [] []
[2021-04-21 19:06:55] generateOTP.INFO: test [] []
[2021-04-21 19:07:22] generateOTP.INFO: test [] []
[2021-04-21 19:07:23] generateOTP.INFO: test [] []
[2021-04-21 19:08:29] generateOTP.INFO: test [] []
[2021-04-21 19:08:29] generateOTP.INFO: test [] []
[2021-04-21 19:09:30] generateOTP.INFO: test [] []
[2021-04-21 19:09:30] generateOTP.INFO: test [] []
[2021-04-21 19:09:30] generateOTP.INFO: test [] []
[2021-04-21 19:50:38] generateOTP.INFO: test [] []
[2021-04-21 19:50:38] generateOTP.INFO: test [] []
[2021-04-21 20:43:46] generateOTP.INFO: test [] []
[2021-04-21 20:43:46] generateOTP.INFO: test [] []
[2021-04-21 20:43:59] generateOTP.INFO: test [] []
[2021-04-21 20:43:59] generateOTP.INFO: test [] []
[2021-04-21 20:44:02] generateOTP.INFO: test [] []
[2021-04-21 20:44:02] generateOTP.INFO: test [] []
