[2020-01-21 10:59:14] generateOTP.INFO: test [] []
[2020-01-21 10:59:16] generateOTP.INFO: test [] []
[2020-01-21 10:59:31] generateOTP.INFO: test [] []
[2020-01-21 10:59:32] generateOTP.INFO: test [] []
[2020-01-21 10:59:32] generateOTP.INFO: test [] []
[2020-01-21 11:02:44] generateOTP.INFO: test [] []
[2020-01-21 11:02:46] generateOTP.INFO: test [] []
[2020-01-21 11:02:58] generateOTP.INFO: test [] []
[2020-01-21 11:02:58] generateOTP.INFO: test [] []
[2020-01-21 11:02:58] generateOTP.INFO: test [] []
[2020-01-21 11:03:23] generateOTP.INFO: test [] []
[2020-01-21 11:03:23] generateOTP.INFO: test [] []
[2020-01-21 11:03:23] generateOTP.INFO: test [] []
[2020-01-21 11:07:47] generateOTP.INFO: test [] []
[2020-01-21 11:07:47] generateOTP.INFO: test [] []
[2020-01-21 11:07:47] generateOTP.INFO: test [] []
[2020-01-21 11:34:41] generateOTP.INFO: test [] []
[2020-01-21 11:34:41] generateOTP.INFO: test [] []
[2020-01-21 11:34:41] generateOTP.INFO: test [] []
[2020-01-21 11:35:22] generateOTP.INFO: {"edit":"0","policy_no":"378","subtype_text":"1","sum_insure":"800000","familyConstruct":"1A","tenure":"1 Year","family_members_id":"0","family_gender":"Male","first_name":"sf","middle_name":"sdzf","last_name":"sfd","family_date_birth":"03-01-1985","age":"35","age_type":"years","family_id":"","s_date":"","marriage_date":"","premium_parent":"","contri_parent":"","premium":"5799","policyNo":"378","familyDataType":"undefined","empId":"619982","product":"QBTv5db9151ad1c21","declare":"[]"} [] []
[2020-01-21 11:35:35] generateOTP.INFO: {"edit":"0","subtype_text":"3","policy_no":"379","sum_insure":"500000","familyConstruct":"1A","tenure":"1 Year","family_members_id":"0","family_gender":"Male","first_name":"sf","middle_name":"sdzf","last_name":"sfd","family_date_birth":"03-01-1985","age":"35","age_type":"years","family_id":"","s_date":"","marriage_date":"","premium_parent":"","contri_parent":"","premium":"2099","policyNo":"379","familyDataType":"family_construct","product":"QBTv5db9151ad1c21","empId":"619982"} [] []
[2020-01-21 11:36:22] documentsSave.INFO: {"ops_type":"[\"Enrollment form\",\"Cheque Copy\",\"1\"]","ext0":"undefined","ext1":"undefined","ext2":"undefined","ids":"104,105","update_datas":"undefined"} [] []
[2020-01-21 11:36:22] documentsSaveFiles.INFO: [{"name":"Penguins.jpg","type":"image\/jpeg","tmp_name":"\/tmp\/phprAMu1O","error":0,"size":777835},{"name":"Chrysanthemum.jpg","type":"image\/jpeg","tmp_name":"\/tmp\/phpGr10j0","error":0,"size":879394},{"name":"Tulips.jpg","type":"image\/jpeg","tmp_name":"\/tmp\/phpCoUH3c","error":0,"size":620888}] [] []
[2020-01-21 11:36:25] generateOTP.INFO: test [] []
[2020-01-21 11:36:28] generateOTP.INFO: test [] []
[2020-01-21 11:36:33] generateOTP.INFO: test [] []
[2020-01-21 11:36:34] generateOTP.INFO: test [] []
[2020-01-21 11:36:36] generateOTP.INFO: test [] []
[2020-01-21 11:36:42] generateOTP.INFO: test [] []
[2020-01-21 11:37:55] generateOTP.INFO: test [] []
[2020-01-21 11:38:33] generateOTP.INFO: test [] []
[2020-01-21 11:54:33] generateOTP.INFO: test [] []
[2020-01-21 11:54:38] generateOTP.INFO: test [] []
[2020-01-21 11:54:56] generateOTP.INFO: test [] []
[2020-01-21 12:01:29] generateOTP.INFO: {"edit":"0","policy_no":"378","subtype_text":"1","sum_insure":"1000000","familyConstruct":"2A+1K","tenure":"1 Year","family_members_id":"0","family_gender":"Male","first_name":"Krishna","middle_name":"D","last_name":"Khanna","family_date_birth":"19-06-1981","age":"38","age_type":"years","family_id":"","s_date":"","marriage_date":"","premium_parent":"","contri_parent":"","premium":"7299","policyNo":"378","familyDataType":"undefined","empId":"619983","product":"QBTv5db9151ad1c21","declare":"[]"} [] []
[2020-01-21 12:01:50] generateOTP.INFO: {"edit":"0","policy_no":"378","subtype_text":"1","sum_insure":"1000000","familyConstruct":"2A+1K","tenure":"1 Year","family_members_id":"1","family_gender":"Female","first_name":"Radha","middle_name":"A","last_name":"Khanna","family_date_birth":"30-06-1989","age":"30","age_type":"years","family_id":"","s_date":"","marriage_date":"","premium_parent":"","contri_parent":"","premium":"7299","policyNo":"378","familyDataType":"undefined","empId":"619983","product":"QBTv5db9151ad1c21","declare":"[]"} [] []
[2020-01-21 12:02:05] generateOTP.INFO: {"edit":"0","policy_no":"378","subtype_text":"1","sum_insure":"1000000","familyConstruct":"2A+1K","tenure":"1 Year","family_members_id":"2","family_gender":"Male","first_name":"Yadu","middle_name":"k","last_name":"Khanna","family_date_birth":"10-01-2018","age":"2","age_type":"years","family_id":"","s_date":"","marriage_date":"","premium_parent":"","contri_parent":"","premium":"7299","policyNo":"378","familyDataType":"undefined","empId":"619983","product":"QBTv5db9151ad1c21","declare":"[]"} [] []
[2020-01-21 12:04:31] documentsSave.INFO: {"ops_type":"[\"Enrollment form\",\"Cheque Copy\"]","ext0":"undefined","ext1":"undefined","ids":"106","update_datas":"undefined"} [] []
[2020-01-21 12:04:31] documentsSaveFiles.INFO: [{"name":"Aadhar2.pdf","type":"application\/pdf","tmp_name":"\/tmp\/phpy0kBI2","error":0,"size":365116},{"name":"PAN.jpg","type":"image\/jpeg","tmp_name":"\/tmp\/phpMSBYtr","error":0,"size":132663}] [] []
[2020-01-21 12:04:39] generateOTP.INFO: test [] []
[2020-01-21 12:05:43] generateOTP.INFO: test [] []
[2020-01-21 12:05:43] generateOTP.INFO: test [] []
[2020-01-21 12:05:43] generateOTP.INFO: test [] []
[2020-01-21 12:07:51] generateOTP.INFO: {"edit":"0","subtype_text":"3","policy_no":"379","sum_insure":"500000","familyConstruct":"1A","tenure":"1 Year","family_members_id":"0","family_gender":"Female","first_name":"Radha","middle_name":"K","last_name":"Khanna","family_date_birth":"04-02-1992","age":"27","age_type":"years","family_id":"","s_date":"","marriage_date":"","premium_parent":"","contri_parent":"","premium":"2099","policyNo":"379","familyDataType":"family_construct","product":"QBTv5db9151ad1c21","empId":"619984"} [] []
[2020-01-21 12:09:08] documentsSave.INFO: {"ops_type":"[\"Enrollment form\",\"Cheque Copy\"]","ext0":"undefined","ext1":"undefined","ids":"107","update_datas":"undefined"} [] []
[2020-01-21 12:09:08] documentsSaveFiles.INFO: [{"name":"Pan2.pdf","type":"application\/pdf","tmp_name":"\/tmp\/phpF9xK58","error":0,"size":286186},{"name":"aadhar.png","type":"image\/png","tmp_name":"\/tmp\/phpkOJndE","error":0,"size":1989327}] [] []
[2020-01-21 12:09:15] generateOTP.INFO: test [] []
[2020-01-21 12:09:42] generateOTP.INFO: test [] []
[2020-01-21 12:11:06] generateOTP.INFO: test [] []
[2020-01-21 12:12:16] generateOTP.INFO: test [] []
[2020-01-21 12:16:02] generateOTP.INFO: test [] []
[2020-01-21 12:16:02] generateOTP.INFO: test [] []
[2020-01-21 12:16:14] generateOTP.INFO: test [] []
[2020-01-21 12:16:53] generateOTP.INFO: test [] []
[2020-01-21 12:28:05] generateOTP.INFO: test [] []
[2020-01-21 12:28:05] generateOTP.INFO: test [] []
[2020-01-21 12:28:05] generateOTP.INFO: test [] []
[2020-01-21 12:29:46] generateOTP.INFO: {"edit":"0","policy_no":"378","subtype_text":"1","sum_insure":"1000000","familyConstruct":"2A","tenure":"1 Year","family_members_id":"0","family_gender":"Female","first_name":"Raji","middle_name":"S","last_name":"Nair","family_date_birth":"13-07-1983","age":"36","age_type":"years","family_id":"","s_date":"","marriage_date":"","premium_parent":"","contri_parent":"","premium":"6899","policyNo":"378","familyDataType":"undefined","empId":"619985","product":"QBTv5db9151ad1c21","declare":"[]"} [] []
[2020-01-21 12:30:05] generateOTP.INFO: {"edit":"0","policy_no":"378","subtype_text":"1","sum_insure":"1000000","familyConstruct":"2A","tenure":"1 Year","family_members_id":"1","family_gender":"Male","first_name":"Sathian","middle_name":"V","last_name":"Nair","family_date_birth":"19-05-1972","age":"47","age_type":"years","family_id":"","s_date":"","marriage_date":"","premium_parent":"","contri_parent":"","premium":"6899","policyNo":"378","familyDataType":"undefined","empId":"619985","product":"QBTv5db9151ad1c21","declare":"[]"} [] []
[2020-01-21 12:30:29] generateOTP.INFO: {"edit":"0","subtype_text":"3","policy_no":"379","sum_insure":"750000","familyConstruct":"2A","tenure":"1 Year","family_members_id":"0","family_gender":"Female","first_name":"Raji","middle_name":"S","last_name":"Nair","family_date_birth":"13-07-1983","age":"36","age_type":"years","family_id":"","s_date":"","marriage_date":"","premium_parent":"","contri_parent":"","premium":"6296","policyNo":"379","familyDataType":"family_construct","product":"QBTv5db9151ad1c21","empId":"619985"} [] []
[2020-01-21 12:30:33] generateOTP.INFO: {"edit":"0","subtype_text":"3","policy_no":"379","sum_insure":"750000","familyConstruct":"2A","tenure":"1 Year","family_members_id":"1","family_gender":"Male","first_name":"Sathian","middle_name":"V","last_name":"Nair","family_date_birth":"19-05-1972","age":"47","age_type":"years","family_id":"","s_date":"","marriage_date":"","premium_parent":"","contri_parent":"","premium":"6296","policyNo":"379","familyDataType":"family_construct","product":"QBTv5db9151ad1c21","empId":"619985"} [] []
[2020-01-21 12:32:26] generateOTP.INFO: test [] []
[2020-01-21 12:32:33] generateOTP.INFO: test [] []
[2020-01-21 12:32:40] generateOTP.INFO: test [] []
[2020-01-21 12:33:50] generateOTP.INFO: test [] []
[2020-01-21 12:33:54] generateOTP.INFO: test [] []
[2020-01-21 12:33:54] generateOTP.INFO: test [] []
[2020-01-21 12:34:30] documentsSave.INFO: {"ops_type":"[\"Enrollment form\",\"Cheque Copy\"]","ext0":"undefined","ext1":"undefined","ids":"108,109","update_datas":"undefined"} [] []
[2020-01-21 12:34:30] documentsSaveFiles.INFO: [{"name":"Aadhar2.pdf","type":"application\/pdf","tmp_name":"\/tmp\/phpKGMSEd","error":0,"size":365116},{"name":"Pan2.pdf","type":"application\/pdf","tmp_name":"\/tmp\/phpKnPevN","error":0,"size":286186}] [] []
[2020-01-21 12:34:38] generateOTP.INFO: test [] []
[2020-01-21 12:35:22] generateOTP.INFO: test [] []
[2020-01-21 12:36:10] generateOTP.INFO: test [] []
[2020-01-21 12:38:41] generateOTP.INFO: test [] []
[2020-01-21 12:39:06] generateOTP.INFO: test [] []
[2020-01-21 12:53:13] generateOTP.INFO: test [] []
[2020-01-21 13:08:00] generateOTP.INFO: test [] []
[2020-01-21 13:08:37] generateOTP.INFO: test [] []
[2020-01-21 13:15:53] generateOTP.INFO: test [] []
[2020-01-21 14:17:57] generateOTP.INFO: test [] []
[2020-01-21 14:17:58] generateOTP.INFO: test [] []
[2020-01-21 14:18:09] generateOTP.INFO: test [] []
[2020-01-21 14:18:09] generateOTP.INFO: test [] []
[2020-01-21 14:18:09] generateOTP.INFO: test [] []
[2020-01-21 14:18:18] generateOTP.INFO: test [] []
[2020-01-21 14:18:57] generateOTP.INFO: test [] []
[2020-01-21 14:18:57] generateOTP.INFO: test [] []
[2020-01-21 14:20:39] generateOTP.INFO: test [] []
[2020-01-21 14:20:44] generateOTP.INFO: test [] []
[2020-01-21 14:21:16] generateOTP.INFO: test [] []
[2020-01-21 14:21:34] generateOTP.INFO: test [] []
[2020-01-21 14:21:35] generateOTP.INFO: test [] []
[2020-01-21 14:21:39] generateOTP.INFO: test [] []
[2020-01-21 14:21:39] generateOTP.INFO: test [] []
[2020-01-21 14:22:31] generateOTP.INFO: test [] []
[2020-01-21 14:22:31] generateOTP.INFO: test [] []
[2020-01-21 14:22:31] generateOTP.INFO: test [] []
[2020-01-21 14:22:37] generateOTP.INFO: test [] []
[2020-01-21 14:22:38] generateOTP.INFO: test [] []
[2020-01-21 14:22:47] generateOTP.INFO: test [] []
[2020-01-21 14:22:52] generateOTP.INFO: test [] []
[2020-01-21 14:22:59] generateOTP.INFO: test [] []
[2020-01-21 14:23:00] generateOTP.INFO: test [] []
[2020-01-21 14:23:12] generateOTP.INFO: test [] []
[2020-01-21 14:23:15] generateOTP.INFO: test [] []
[2020-01-21 14:23:15] generateOTP.INFO: test [] []
[2020-01-21 14:23:15] generateOTP.INFO: test [] []
[2020-01-21 14:23:53] generateOTP.INFO: test [] []
[2020-01-21 14:25:40] generateOTP.INFO: {"edit":"0","policy_no":"378","subtype_text":"1","sum_insure":"800000","familyConstruct":"1A","tenure":"1 Year","family_members_id":"0","family_gender":"Female","first_name":"Shruthi","middle_name":"Mohan","last_name":"Nair","family_date_birth":"24-09-1987","age":"32","age_type":"years","family_id":"","s_date":"","marriage_date":"","premium_parent":"","contri_parent":"","premium":"5799","policyNo":"378","familyDataType":"undefined","empId":"619986","product":"QBTv5db9151ad1c21","declare":"[]"} [] []
[2020-01-21 14:25:48] generateOTP.INFO: test [] []
[2020-01-21 14:27:00] documentsSave.INFO: {"ops_type":"[\"Enrollment form\",\"Cheque Copy\"]","ext0":"undefined","ext1":"undefined","ids":"110","update_datas":"undefined"} [] []
[2020-01-21 14:27:00] documentsSaveFiles.INFO: [{"name":"Pan2.pdf","type":"application\/pdf","tmp_name":"\/tmp\/php0QqRoC","error":0,"size":286186},{"name":"aadhar.png","type":"image\/png","tmp_name":"\/tmp\/phpyhM1OA","error":0,"size":1989327}] [] []
[2020-01-21 14:27:07] generateOTP.INFO: test [] []
[2020-01-21 14:28:11] generateOTP.INFO: test [] []
[2020-01-21 14:28:13] generateOTP.INFO: test [] []
[2020-01-21 14:28:26] generateOTP.INFO: test [] []
[2020-01-21 14:28:49] generateOTP.INFO: test [] []
[2020-01-21 14:28:51] generateOTP.INFO: test [] []
[2020-01-21 14:28:51] generateOTP.INFO: test [] []
[2020-01-21 14:30:18] documentsSave.INFO: {"ops_type":"[\"Enrollment form\",\"Cheque Copy\"]","ext0":"undefined","ext1":"undefined","ids":"110","update_datas":"update"} [] []
[2020-01-21 14:30:18] documentsSaveFiles.INFO: [{"name":"Pan2.pdf","type":"application\/pdf","tmp_name":"\/tmp\/phpiRoa9o","error":0,"size":286186},{"name":"PAN.jpg","type":"image\/jpeg","tmp_name":"\/tmp\/phpuRKcka","error":0,"size":132663}] [] []
[2020-01-21 14:30:24] generateOTP.INFO: test [] []
[2020-01-21 14:30:31] generateOTP.INFO: test [] []
[2020-01-21 14:30:53] generateOTP.INFO: test [] []
[2020-01-21 14:31:03] generateOTP.INFO: test [] []
[2020-01-21 14:31:10] generateOTP.INFO: test [] []
[2020-01-21 14:31:20] generateOTP.INFO: test [] []
[2020-01-21 14:31:22] generateOTP.INFO: test [] []
[2020-01-21 14:31:23] generateOTP.INFO: test [] []
[2020-01-21 14:31:30] generateOTP.INFO: test [] []
[2020-01-21 14:31:30] generateOTP.INFO: test [] []
[2020-01-21 14:31:30] generateOTP.INFO: test [] []
[2020-01-21 14:31:59] generateOTP.INFO: test [] []
[2020-01-21 14:32:04] generateOTP.INFO: {"edit":"0","policy_no":"378","subtype_text":"1","sum_insure":"800000","familyConstruct":"1A","tenure":"1 Year","family_members_id":"0","family_gender":"Male","first_name":"gdfh","middle_name":"dhhf","last_name":"shf","family_date_birth":"03-01-2002","age":"18","age_type":"years","family_id":"","s_date":"","marriage_date":"","premium_parent":"","contri_parent":"","premium":"5799","policyNo":"378","familyDataType":"undefined","empId":"619987","product":"QBTv5db9151ad1c21","declare":"[]"} [] []
[2020-01-21 14:33:47] documentsSave.INFO: {"ops_type":"[\"Enrollment form\",\"Cheque Copy\",\"16\"]","ext0":"undefined","ext1":"undefined","ext2":"undefined","ids":"111","update_datas":"undefined"} [] []
[2020-01-21 14:33:47] documentsSaveFiles.INFO: [{"name":"Desert.jpg","type":"image\/jpeg","tmp_name":"\/tmp\/php0LkY3B","error":0,"size":845941},{"name":"Lighthouse.jpg","type":"image\/jpeg","tmp_name":"\/tmp\/php4IWAGg","error":0,"size":561276},{"name":"Tulips.jpg","type":"image\/jpeg","tmp_name":"\/tmp\/phplIM6Kj","error":0,"size":620888}] [] []
[2020-01-21 14:33:50] generateOTP.INFO: test [] []
[2020-01-21 14:33:56] generateOTP.INFO: test [] []
[2020-01-21 14:34:10] generateOTP.INFO: test [] []
[2020-01-21 14:34:47] generateOTP.INFO: test [] []
[2020-01-21 14:34:59] generateOTP.INFO: test [] []
[2020-01-21 14:36:08] generateOTP.INFO: test [] []
[2020-01-21 14:36:15] generateOTP.INFO: test [] []
[2020-01-21 14:36:21] generateOTP.INFO: test [] []
[2020-01-21 14:36:45] generateOTP.INFO: test [] []
[2020-01-21 14:36:46] generateOTP.INFO: test [] []
[2020-01-21 14:36:46] generateOTP.INFO: test [] []
[2020-01-21 14:37:20] generateOTP.INFO: test [] []
[2020-01-21 14:37:20] generateOTP.INFO: test [] []
[2020-01-21 14:37:20] generateOTP.INFO: test [] []
[2020-01-21 14:37:34] documentsSave.INFO: {"ops_type":"[]","ids":"111","update_datas":"update"} [] []
[2020-01-21 14:37:34] documentsSaveFiles.INFO: [] [] []
[2020-01-21 14:37:38] generateOTP.INFO: test [] []
[2020-01-21 14:37:54] generateOTP.INFO: test [] []
[2020-01-21 14:37:54] generateOTP.INFO: test [] []
[2020-01-21 14:37:54] generateOTP.INFO: test [] []
[2020-01-21 14:38:05] generateOTP.INFO: test [] []
[2020-01-21 14:38:12] generateOTP.INFO: test [] []
[2020-01-21 14:38:15] generateOTP.INFO: test [] []
[2020-01-21 14:38:27] generateOTP.INFO: test [] []
[2020-01-21 14:38:30] generateOTP.INFO: {"edit":"0","subtype_text":"3","policy_no":"379","sum_insure":"1000000","familyConstruct":"1A","tenure":"1 Year","family_members_id":"0","family_gender":"Male","first_name":"Ani","middle_name":"K","last_name":"Nair","family_date_birth":"13-01-1987","age":"33","age_type":"years","family_id":"","s_date":"","marriage_date":"","premium_parent":"","contri_parent":"","premium":"4198","policyNo":"379","familyDataType":"family_construct","product":"QBTv5db9151ad1c21","empId":"619988"} [] []
[2020-01-21 14:39:07] generateOTP.INFO: test [] []
[2020-01-21 14:39:24] documentsSave.INFO: {"ops_type":"[\"Enrollment form\",\"Cheque Copy\"]","ext0":"undefined","ext1":"undefined","ids":"112","update_datas":"undefined"} [] []
[2020-01-21 14:39:24] documentsSaveFiles.INFO: [{"name":"PAN.jpg","type":"image\/jpeg","tmp_name":"\/tmp\/phpJoSr4e","error":0,"size":132663},{"name":"Pan2.pdf","type":"application\/pdf","tmp_name":"\/tmp\/phpShNv7P","error":0,"size":286186}] [] []
[2020-01-21 14:39:34] generateOTP.INFO: test [] []
[2020-01-21 14:40:39] generateOTP.INFO: test [] []
[2020-01-21 14:41:06] generateOTP.INFO: test [] []
[2020-01-21 14:41:22] generateOTP.INFO: test [] []
[2020-01-21 14:41:45] generateOTP.INFO: test [] []
[2020-01-21 14:41:45] generateOTP.INFO: test [] []
[2020-01-21 14:41:45] generateOTP.INFO: test [] []
[2020-01-21 14:42:14] documentsSave.INFO: {"ops_type":"[\"Enrollment form\",\"Cheque Copy\"]","ext0":"undefined","ext1":"undefined","ids":"112","update_datas":"update"} [] []
[2020-01-21 14:42:14] documentsSaveFiles.INFO: [{"name":"PAN.jpg","type":"image\/jpeg","tmp_name":"\/tmp\/phpsQofEv","error":0,"size":132663},{"name":"92da28ce411704c2c1a2a5a00ba4b5cd.pdf_tmp562C.tmp.pdf","type":"application\/pdf","tmp_name":"\/tmp\/phpC9Bahn","error":0,"size":248303}] [] []
[2020-01-21 14:42:21] generateOTP.INFO: test [] []
[2020-01-21 14:42:35] generateOTP.INFO: test [] []
[2020-01-21 14:43:06] generateOTP.INFO: test [] []
[2020-01-21 14:43:52] generateOTP.INFO: test [] []
[2020-01-21 14:45:56] generateOTP.INFO: test [] []
[2020-01-21 14:45:56] generateOTP.INFO: test [] []
[2020-01-21 14:45:56] generateOTP.INFO: test [] []
[2020-01-21 14:47:16] generateOTP.INFO: test [] []
[2020-01-21 14:47:30] generateOTP.INFO: {"edit":"0","subtype_text":"3","policy_no":"379","sum_insure":"500000","familyConstruct":"1A","tenure":"1 Year","family_members_id":"0","family_gender":"Female","first_name":"Aishu","middle_name":"K","last_name":"Sudip","family_date_birth":"28-08-1987","age":"32","age_type":"years","family_id":"","s_date":"","marriage_date":"","premium_parent":"","contri_parent":"","premium":"2099","policyNo":"379","familyDataType":"family_construct","product":"QBTv5db9151ad1c21","empId":"619989"} [] []
[2020-01-21 14:49:07] generateOTP.INFO: test [] []
[2020-01-21 14:50:39] documentsSave.INFO: {"ops_type":"[\"Enrollment form\",\"Cheque Copy\"]","ext0":"undefined","ext1":"undefined","ids":"113","update_datas":"undefined"} [] []
[2020-01-21 14:50:39] documentsSaveFiles.INFO: [{"name":"aadhar.png","type":"image\/png","tmp_name":"\/tmp\/phpZWruO0","error":0,"size":1989327},{"name":"Pan2.pdf","type":"application\/pdf","tmp_name":"\/tmp\/phpexSb9r","error":0,"size":286186}] [] []
[2020-01-21 14:50:44] generateOTP.INFO: test [] []
[2020-01-21 14:50:46] generateOTP.INFO: test [] []
[2020-01-21 14:51:05] generateOTP.INFO: test [] []
[2020-01-21 14:51:40] generateOTP.INFO: test [] []
[2020-01-21 14:52:36] generateOTP.INFO: test [] []
[2020-01-21 14:52:51] generateOTP.INFO: test [] []
[2020-01-21 14:54:00] generateOTP.INFO: test [] []
[2020-01-21 15:50:57] generateOTP.INFO: test [] []
[2020-01-21 15:50:58] generateOTP.INFO: test [] []
[2020-01-21 16:16:46] generateOTP.INFO: test [] []
[2020-01-21 16:16:47] generateOTP.INFO: test [] []
[2020-01-21 16:19:44] generateOTP.INFO: test [] []
[2020-01-21 16:51:10] generateOTP.INFO: test [] []
[2020-01-21 16:51:10] generateOTP.INFO: test [] []
[2020-01-21 16:51:10] generateOTP.INFO: test [] []
[2020-01-21 16:51:15] generateOTP.INFO: test [] []
[2020-01-21 16:51:40] generateOTP.INFO: test [] []
[2020-01-21 16:51:41] generateOTP.INFO: test [] []
[2020-01-21 16:51:42] generateOTP.INFO: test [] []
[2020-01-21 16:51:52] generateOTP.INFO: test [] []
[2020-01-21 16:51:56] generateOTP.INFO: test [] []
[2020-01-21 17:01:29] generateOTP.INFO: test [] []
[2020-01-21 17:01:31] generateOTP.INFO: test [] []
[2020-01-21 17:01:45] generateOTP.INFO: test [] []
[2020-01-21 17:11:43] generateOTP.INFO: test [] []
[2020-01-21 17:32:27] generateOTP.INFO: test [] []
[2020-01-21 17:32:28] generateOTP.INFO: test [] []
[2020-01-21 18:28:10] generateOTP.INFO: test [] []
[2020-01-21 18:28:10] generateOTP.INFO: test [] []
[2020-01-21 18:28:11] generateOTP.INFO: test [] []
[2020-01-21 18:28:19] generateOTP.INFO: test [] []
[2020-01-21 18:28:19] generateOTP.INFO: test [] []
[2020-01-21 18:28:19] generateOTP.INFO: test [] []
[2020-01-21 18:28:24] generateOTP.INFO: test [] []
[2020-01-21 19:13:03] generateOTP.INFO: test [] []
[2020-01-21 19:13:11] generateOTP.INFO: test [] []
[2020-01-21 19:13:11] generateOTP.INFO: test [] []
