[2020-12-21 09:19:55] generateOTP.INFO: test [] []
[2020-12-21 09:20:01] generateOTP.INFO: test [] []
[2020-12-21 09:20:11] generateOTP.INFO: test [] []
[2020-12-21 09:27:49] generateOTP.INFO: test [] []
[2020-12-21 09:27:55] generateOTP.INFO: test [] []
[2020-12-21 09:27:57] generateOTP.INFO: test [] []
[2020-12-21 10:03:40] generateOTP.INFO: test [] []
[2020-12-21 10:03:56] generateOTP.INFO: test [] []
[2020-12-21 10:20:41] generateOTP.INFO: test [] []
[2020-12-21 10:25:11] generateOTP.INFO: test [] []
[2020-12-21 10:27:19] generateOTP.INFO: test [] []
[2020-12-21 10:27:31] generateOTP.INFO: test [] []
[2020-12-21 10:41:54] generateOTP.INFO: test [] []
[2020-12-21 10:43:39] generateOTP.INFO: test [] []
[2020-12-21 10:46:32] generateOTP.INFO: test [] []
[2020-12-21 10:46:45] generateOTP.INFO: test [] []
[2020-12-21 10:47:01] generateOTP.INFO: test [] []
[2020-12-21 10:50:25] generateOTP.INFO: test [] []
[2020-12-21 10:51:48] generateOTP.INFO: test [] []
[2020-12-21 10:52:05] generateOTP.INFO: test [] []
[2020-12-21 10:53:20] generateOTP.INFO: test [] []
[2020-12-21 10:53:52] generateOTP.INFO: test [] []
[2020-12-21 10:54:04] generateOTP.INFO: test [] []
[2020-12-21 10:54:25] generateOTP.INFO: test [] []
[2020-12-21 10:55:24] generateOTP.INFO: test [] []
[2020-12-21 10:55:29] generateOTP.INFO: test [] []
[2020-12-21 10:56:50] generateOTP.INFO: test [] []
[2020-12-21 10:57:11] generateOTP.INFO: test [] []
[2020-12-21 10:57:53] generateOTP.INFO: test [] []
[2020-12-21 10:58:02] generateOTP.INFO: test [] []
[2020-12-21 10:58:14] generateOTP.INFO: test [] []
[2020-12-21 10:58:45] generateOTP.INFO: test [] []
[2020-12-21 11:04:45] generateOTP.INFO: test [] []
[2020-12-21 11:05:01] generateOTP.INFO: test [] []
[2020-12-21 11:05:22] generateOTP.INFO: test [] []
[2020-12-21 11:05:27] generateOTP.INFO: test [] []
[2020-12-21 11:06:23] generateOTP.INFO: test [] []
[2020-12-21 11:06:35] generateOTP.INFO: test [] []
[2020-12-21 11:06:47] generateOTP.INFO: test [] []
[2020-12-21 11:07:23] generateOTP.INFO: test [] []
[2020-12-21 11:07:51] generateOTP.INFO: test [] []
[2020-12-21 11:08:07] generateOTP.INFO: test [] []
[2020-12-21 11:15:18] generateOTP.INFO: test [] []
[2020-12-21 11:15:21] generateOTP.INFO: test [] []
[2020-12-21 11:15:22] generateOTP.INFO: test [] []
[2020-12-21 11:15:26] generateOTP.INFO: test [] []
[2020-12-21 11:15:36] generateOTP.INFO: test [] []
[2020-12-21 11:15:38] generateOTP.INFO: test [] []
[2020-12-21 11:15:38] generateOTP.INFO: test [] []
[2020-12-21 11:15:43] generateOTP.INFO: test [] []
[2020-12-21 11:16:44] generateOTP.INFO: test [] []
[2020-12-21 11:17:29] generateOTP.INFO: test [] []
[2020-12-21 11:17:31] generateOTP.INFO: test [] []
[2020-12-21 11:17:50] generateOTP.INFO: test [] []
[2020-12-21 11:17:57] generateOTP.INFO: test [] []
[2020-12-21 11:18:47] generateOTP.INFO: test [] []
[2020-12-21 11:19:20] generateOTP.INFO: test [] []
[2020-12-21 11:32:59] generateOTP.INFO: test [] []
[2020-12-21 11:45:43] generateOTP.INFO: test [] []
[2020-12-21 11:45:46] generateOTP.INFO: test [] []
[2020-12-21 11:50:22] generateOTP.INFO: test [] []
[2020-12-21 11:50:25] generateOTP.INFO: test [] []
[2020-12-21 11:51:48] generateOTP.INFO: test [] []
[2020-12-21 11:52:18] generateOTP.INFO: test [] []
[2020-12-21 11:52:37] generateOTP.INFO: test [] []
[2020-12-21 11:53:14] generateOTP.INFO: test [] []
[2020-12-21 12:08:55] generateOTP.INFO: test [] []
[2020-12-21 12:09:06] generateOTP.INFO: test [] []
[2020-12-21 12:14:09] generateOTP.INFO: test [] []
[2020-12-21 12:14:10] generateOTP.INFO: test [] []
[2020-12-21 12:14:11] generateOTP.INFO: test [] []
[2020-12-21 12:14:12] generateOTP.INFO: test [] []
[2020-12-21 12:14:16] generateOTP.INFO: test [] []
[2020-12-21 12:14:28] generateOTP.INFO: test [] []
[2020-12-21 12:34:33] generateOTP.INFO: test [] []
[2020-12-21 12:40:10] generateOTP.INFO: test [] []
[2020-12-21 12:40:18] generateOTP.INFO: test [] []
[2020-12-21 12:44:10] generateOTP.INFO: test [] []
[2020-12-21 12:44:29] generateOTP.INFO: test [] []
[2020-12-21 12:44:36] generateOTP.INFO: test [] []
[2020-12-21 12:44:49] generateOTP.INFO: test [] []
[2020-12-21 12:44:51] generateOTP.INFO: test [] []
[2020-12-21 12:44:59] generateOTP.INFO: test [] []
[2020-12-21 12:46:19] generateOTP.INFO: test [] []
[2020-12-21 12:46:32] generateOTP.INFO: test [] []
[2020-12-21 12:46:42] generateOTP.INFO: test [] []
[2020-12-21 12:48:34] generateOTP.INFO: test [] []
[2020-12-21 12:49:41] generateOTP.INFO: test [] []
[2020-12-21 12:51:44] generateOTP.INFO: test [] []
[2020-12-21 12:52:15] generateOTP.INFO: test [] []
[2020-12-21 12:52:35] generateOTP.INFO: test [] []
[2020-12-21 12:53:22] generateOTP.INFO: test [] []
[2020-12-21 12:56:27] generateOTP.INFO: test [] []
[2020-12-21 12:57:02] generateOTP.INFO: test [] []
[2020-12-21 12:57:05] generateOTP.INFO: test [] []
[2020-12-21 12:59:35] generateOTP.INFO: test [] []
[2020-12-21 13:05:55] generateOTP.INFO: test [] []
[2020-12-21 13:13:30] generateOTP.INFO: test [] []
[2020-12-21 13:13:57] generateOTP.INFO: test [] []
[2020-12-21 13:15:11] generateOTP.INFO: test [] []
[2020-12-21 13:15:58] generateOTP.INFO: test [] []
[2020-12-21 13:21:11] generateOTP.INFO: test [] []
[2020-12-21 13:21:49] generateOTP.INFO: test [] []
[2020-12-21 13:23:37] generateOTP.INFO: test [] []
[2020-12-21 13:23:44] generateOTP.INFO: test [] []
[2020-12-21 13:26:11] generateOTP.INFO: test [] []
[2020-12-21 13:28:04] generateOTP.INFO: test [] []
[2020-12-21 13:31:55] generateOTP.INFO: test [] []
[2020-12-21 13:35:58] generateOTP.INFO: test [] []
[2020-12-21 13:37:19] generateOTP.INFO: test [] []
[2020-12-21 13:37:39] generateOTP.INFO: test [] []
[2020-12-21 13:39:32] generateOTP.INFO: test [] []
[2020-12-21 13:40:04] generateOTP.INFO: test [] []
[2020-12-21 13:40:55] generateOTP.INFO: test [] []
[2020-12-21 13:43:01] generateOTP.INFO: test [] []
[2020-12-21 13:57:36] generateOTP.INFO: test [] []
[2020-12-21 13:57:51] generateOTP.INFO: test [] []
[2020-12-21 14:01:49] generateOTP.INFO: test [] []
[2020-12-21 14:02:07] generateOTP.INFO: test [] []
[2020-12-21 14:05:08] generateOTP.INFO: test [] []
[2020-12-21 14:21:08] generateOTP.INFO: test [] []
[2020-12-21 14:42:11] generateOTP.INFO: test [] []
[2020-12-21 14:45:42] generateOTP.INFO: test [] []
[2020-12-21 14:47:07] generateOTP.INFO: test [] []
[2020-12-21 14:47:14] generateOTP.INFO: test [] []
[2020-12-21 14:49:22] generateOTP.INFO: test [] []
[2020-12-21 14:49:40] generateOTP.INFO: {"salutation":"1","firstname":"test","lastname":"BANKING","dob":"19-12-1988","mob_no":"7010444138","panCard":"XXXXXX456A","email":"jack@gmail.com","ref1":"1","ref2":"1","comAdd":"Om hrad ntalatiof, holOmshre, talathioficeeachol, OmshreeSada9talathi","city":"MUMBAI","state":"MAHARASHTRA","pin_code":"622103","ISNRI":"N","update_emp_id":"624089","edit":"0","policy_no":"392,393","subtype_text":"1","sum_insure":"500000","anuual_income":"","familyConstruct":"2A","family_members_id":"0","family_gender":"Male","first_name":"test","last_name":"BANKING","family_date_birth":"19-12-1988","age":"32","age_type":" years","tenure":"1 Year","family_id":"","s_date":"","marriage_date":"","premium":"11701","policyNo":"392,393","familyDataType":"undefined","empId":"624089","product":"iWL65dcd54d9c5a65","declare":"[]","gender":"Male","gci_options":"Yes"} [] []
[2020-12-21 14:49:55] generateOTP.INFO: {"salutation":"1","firstname":"test","lastname":"BANKING","dob":"19-12-1988","mob_no":"7010444138","panCard":"XXXXXX456A","email":"jack@gmail.com","ref1":"1","ref2":"1","comAdd":"Om hrad ntalatiof, holOmshre, talathioficeeachol, OmshreeSada9talathi","city":"MUMBAI","state":"MAHARASHTRA","pin_code":"622103","ISNRI":"N","update_emp_id":"624089","edit":"0","policy_no":"392,393","subtype_text":"1","sum_insure":"500000","anuual_income":"","familyConstruct":"2A","family_members_id":"1","family_gender":"Female","first_name":"etst","last_name":"test","family_date_birth":"09-12-1999","age":"21","age_type":" years","tenure":"1 Year","family_id":"","s_date":"","marriage_date":"","premium":"11701","policyNo":"392,393","familyDataType":"undefined","empId":"624089","product":"iWL65dcd54d9c5a65","declare":"[]","gender":"Male","gci_options":"Yes"} [] []
[2020-12-21 14:49:55] generateOTP.INFO: test [] []
[2020-12-21 14:51:15] documentsSave.INFO: {"ops_type":"[]","ids":"645,646"} [] []
[2020-12-21 14:51:15] documentsSaveFiles.INFO: [] [] []
[2020-12-21 14:51:23] generateOTP.INFO: test [] []
[2020-12-21 14:51:32] generateOTP.INFO: test [] []
[2020-12-21 14:51:33] generateOTP.INFO: test [] []
[2020-12-21 14:51:35] generateOTP.INFO: test [] []
[2020-12-21 14:51:39] generateOTP.INFO: test [] []
[2020-12-21 14:51:41] generateOTP.INFO: test [] []
[2020-12-21 14:51:50] generateOTP.INFO: test [] []
[2020-12-21 14:51:59] generateOTP.INFO: test [] []
[2020-12-21 14:52:10] generateOTP.INFO: test [] []
[2020-12-21 14:52:20] generateOTP.INFO: test [] []
[2020-12-21 14:52:38] generateOTP.INFO: test [] []
[2020-12-21 14:53:37] generateOTP.INFO: test [] []
[2020-12-21 14:53:58] generateOTP.INFO: test [] []
[2020-12-21 14:54:12] full_quote_request1.INFO: {"ClientCreation":{"Member_Customer_ID":"098923528000044GHIR03","salutation":"Mr","firstName":"test","middleName":"","lastName":"BANKING","dateofBirth":"12\/19\/1988","gender":"M","educationalQualification":null,"pinCode":"622103","uidNo":"5478-2589-3688","maritalStatus":null,"nationality":"Indian","occupation":"O553","primaryEmailID":"jack@gmail.com","contactMobileNo":"7010444138","stdLandlineNo":null,"panNo":null,"passportNumber":null,"contactPerson":null,"annualIncome":null,"remarks":null,"startDate":"2020-12-21","endDate":null,"IdProof":"Adhaar Card","residenceProof":null,"ageProof":null,"others":null,"homeAddressLine1":"Om hrad ntalatiof, holOmshre, talathioficeeachol, OmshreeSada9talathi","homeAddressLine2":null,"homeAddressLine3":null,"homePinCode":"622103","homeArea":null,"homeContactMobileNo":null,"homeContactMobileNo2":null,"homeSTDLandlineNo":null,"homeFaxNo":null,"sameAsHomeAddress":"1","mailingAddressLine1":null,"mailingAddressLine2":null,"mailingAddressLine3":null,"mailingPinCode":null,"mailingArea":null,"mailingContactMobileNo":null,"mailingContactMobileNo2":null,"mailingSTDLandlineNo":null,"mailingSTDLandlineNo2":null,"mailingFaxNo":null,"bankAccountType":null,"bankAccountNo":null,"ifscCode":null,"GSTIN":null,"GSTRegistrationStatus":"Consumers","IsEIAavailable":"0","ApplyEIA":"0","EIAAccountNo":null,"EIAWith":"0","AccountType":null,"AddressProof":null,"DOBProof":null,"IdentityProof":null},"PolicyCreationRequest":{"Quotation_Number":"","MasterPolicyNumber":"71-20-00030-00-00","GroupID":"GRP003","Product_Code":"4211","SumInsured_Type":null,"Policy_Tanure":"1","Member_Type_Code":"M209","intermediaryCode":"2104794","AutoRenewal":"Y","intermediaryBranchCode":"10MHMUM01","agentSignatureDate":null,"Customer_Signature_Date":null,"businessSourceChannel":null,"AssignPolicy":"0","AssigneeName":null,"leadID":"20201985723512","Source_Name":"AXIS_PL_GHI","SPID":"1","TCN":null,"CRTNO":null,"RefCode1":"1","RefCode2":"051","Employee_Number":"624089","enumIsEmployeeDiscount":null,"QuoteDate":null,"IsPayment":"0","PaymentMode":null,"PolicyproductComponents":[{"PlanCode":"4211","SumInsured":"500000","SchemeCode":"4112000003"}]},"MemObj":{"Member":[{"MemberNo":1,"Salutation":"Mr","First_Name":"test","Middle_Name":null,"Last_Name":"BANKING","Gender":"M","DateOfBirth":"12\/19\/1988","Relation_Code":"R001","Marital_Status":null,"height":"0.00","weight":"0","occupation":"O553","PrimaryMember":"Y","MemberproductComponents":[{"PlanCode":"4211","MemberQuestionDetails":[{"QuestionCode":null,"Answer":null,"Remarks":null}]}],"MemberPED":[{"PEDCode":null,"Remarks":null}],"exactDiagnosis":null,"dateOfDiagnosis":null,"lastDateConsultation":null,"detailsOfTreatmentGiven":null,"doctorName":null,"hospitalName":null,"phoneNumberHosital":null,"Nominee_First_Name":"etst","Nominee_Last_Name":"test","Nominee_Contact_Number":"9999999999","Nominee_Home_Address":null,"Nominee_Relationship_Code":"R002"},{"MemberNo":2,"Salutation":"Mrs","First_Name":"etst","Middle_Name":null,"Last_Name":"test","Gender":"F","DateOfBirth":"12\/09\/1999","Relation_Code":"R002","Marital_Status":null,"height":"0.00","weight":"0","occupation":"O553","PrimaryMember":"N","MemberproductComponents":[{"PlanCode":"4211","MemberQuestionDetails":[{"QuestionCode":null,"Answer":null,"Remarks":null}]}],"MemberPED":[{"PEDCode":null,"Remarks":null}],"exactDiagnosis":null,"dateOfDiagnosis":null,"lastDateConsultation":null,"detailsOfTreatmentGiven":null,"doctorName":null,"hospitalName":null,"phoneNumberHosital":null,"Nominee_First_Name":"etst","Nominee_Last_Name":"test","Nominee_Contact_Number":"9999999999","Nominee_Home_Address":null,"Nominee_Relationship_Code":"R002"}]},"ReceiptCreation":{"officeLocation":"","modeOfEntry":"","cdAcNo":null,"expiryDate":null,"payerType":"","payerCode":null,"paymentBy":"","paymentByName":null,"paymentByRelationship":null,"collectionAmount":"","collectionRcvdDate":null,"collectionMode":"","remarks":null,"instrumentNumber":null,"instrumentDate":null,"bankName":null,"branchName":null,"bankLocation":null,"micrNo":null,"chequeType":null,"ifscCode":"","PaymentGatewayName":"","TerminalID":"","CardNo":null}} [] []
[2020-12-21 14:54:14] full_quote_reponse1.INFO: "<ns0:GHI_Res xmlns:ns0=\"http:\/\/ABHICL_NBP_QuickQuote_Schemas.GHI_Response\"><errorObj><ErrorNumber>00<\/ErrorNumber><ErrorMessage>Success<\/ErrorMessage><\/errorObj><policyDtls><TransactionReferenceNumber><\/TransactionReferenceNumber><QuotationNumber>AG100712925<\/QuotationNumber><CertificateNumber><\/CertificateNumber><LetterURL><\/LetterURL><ClientID><\/ClientID><ProductName>Group Activ Health<\/ProductName><ProductCode>4211<\/ProductCode><LineOfBusiness>42<\/LineOfBusiness><startDate><\/startDate><EndDate><\/EndDate><PolicyNumber>71-20-00030-00-00<\/PolicyNumber><ProposalNumber><\/ProposalNumber><PolicyStatus>PQ1<\/PolicyStatus><Tenure>1<\/Tenure><stpFlag>0<\/stpFlag><MemberCustomerID>098923528000044GHIR03<\/MemberCustomerID><\/policyDtls><premium><BasePremium>9916.10<\/BasePremium><NetPremium>9916.10<\/NetPremium><GST>1784.90<\/GST><GrossPremium>11701.00<\/GrossPremium><\/premium><receiptObj><ReceiptNumber \/><ReceiptAmount \/><ExcessAmount \/><\/receiptObj><\/ns0:GHI_Res>" [] []
[2020-12-21 14:54:15] full_quote_request1.INFO: {"ClientCreation":{"Member_Customer_ID":"098923528000044GPR03","salutation":"Mr","firstName":"test","middleName":"","lastName":"BANKING","dateofBirth":"12\/19\/1988","gender":"M","educationalQualification":null,"pinCode":"622103","uidNo":"5478-2589-3688","maritalStatus":null,"nationality":"Indian","occupation":"O553","primaryEmailID":"jack@gmail.com","contactMobileNo":"7010444138","stdLandlineNo":null,"panNo":null,"passportNumber":null,"contactPerson":null,"annualIncome":null,"remarks":null,"startDate":"2020-12-21","endDate":null,"IdProof":"Adhaar Card","residenceProof":null,"ageProof":null,"others":null,"homeAddressLine1":"Om hrad ntalatiof, holOmshre, talathioficeeachol, OmshreeSada9talathi","homeAddressLine2":null,"homeAddressLine3":null,"homePinCode":"622103","homeArea":null,"homeContactMobileNo":null,"homeContactMobileNo2":null,"homeSTDLandlineNo":null,"homeFaxNo":null,"sameAsHomeAddress":"1","mailingAddressLine1":null,"mailingAddressLine2":null,"mailingAddressLine3":null,"mailingPinCode":null,"mailingArea":null,"mailingContactMobileNo":null,"mailingContactMobileNo2":null,"mailingSTDLandlineNo":null,"mailingSTDLandlineNo2":null,"mailingFaxNo":null,"bankAccountType":null,"bankAccountNo":null,"ifscCode":null,"GSTIN":null,"GSTRegistrationStatus":"Consumers","IsEIAavailable":"0","ApplyEIA":"0","EIAAccountNo":null,"EIAWith":"0","AccountType":null,"AddressProof":null,"DOBProof":null,"IdentityProof":null},"PolicyCreationRequest":{"Quotation_Number":"","MasterPolicyNumber":"74-20-00018-00-00","GroupID":"GRP003","Product_Code":"4224","SumInsured_Type":null,"Policy_Tanure":"1","Member_Type_Code":"M209","intermediaryCode":"2104794","AutoRenewal":"Y","intermediaryBranchCode":"10MHMUM01","agentSignatureDate":null,"Customer_Signature_Date":null,"businessSourceChannel":null,"AssignPolicy":"0","AssigneeName":null,"leadID":"20201985723512","Source_Name":"AXIS_PL_GP","SPID":"1","TCN":null,"CRTNO":null,"RefCode1":"1","RefCode2":"051","Employee_Number":"624089","enumIsEmployeeDiscount":null,"QuoteDate":null,"IsPayment":"0","PaymentMode":null,"PolicyproductComponents":[{"PlanCode":"4224","SumInsured":"500000","SchemeCode":"4112000003"}]},"MemObj":{"Member":[{"MemberNo":1,"Salutation":"Mr","First_Name":"test","Middle_Name":null,"Last_Name":"BANKING","Gender":"M","DateOfBirth":"12\/19\/1988","Relation_Code":"R001","Marital_Status":null,"height":"0.00","weight":"0","occupation":"O553","PrimaryMember":"Y","MemberproductComponents":[{"PlanCode":"4224","MemberQuestionDetails":[{"QuestionCode":null,"Answer":null,"Remarks":null}]}],"MemberPED":[{"PEDCode":null,"Remarks":null}],"exactDiagnosis":null,"dateOfDiagnosis":null,"lastDateConsultation":null,"detailsOfTreatmentGiven":null,"doctorName":null,"hospitalName":null,"phoneNumberHosital":null,"Nominee_First_Name":"etst","Nominee_Last_Name":"test","Nominee_Contact_Number":"9999999999","Nominee_Home_Address":null,"Nominee_Relationship_Code":"R002"},{"MemberNo":2,"Salutation":"Mrs","First_Name":"etst","Middle_Name":null,"Last_Name":"test","Gender":"F","DateOfBirth":"12\/09\/1999","Relation_Code":"R002","Marital_Status":null,"height":"0.00","weight":"0","occupation":"O553","PrimaryMember":"N","MemberproductComponents":[{"PlanCode":"4224","MemberQuestionDetails":[{"QuestionCode":null,"Answer":null,"Remarks":null}]}],"MemberPED":[{"PEDCode":null,"Remarks":null}],"exactDiagnosis":null,"dateOfDiagnosis":null,"lastDateConsultation":null,"detailsOfTreatmentGiven":null,"doctorName":null,"hospitalName":null,"phoneNumberHosital":null,"Nominee_First_Name":"etst","Nominee_Last_Name":"test","Nominee_Contact_Number":"9999999999","Nominee_Home_Address":null,"Nominee_Relationship_Code":"R002"}]},"ReceiptCreation":{"officeLocation":"","modeOfEntry":"","cdAcNo":null,"expiryDate":null,"payerType":"","payerCode":null,"paymentBy":"","paymentByName":null,"paymentByRelationship":null,"collectionAmount":"","collectionRcvdDate":null,"collectionMode":"","remarks":null,"instrumentNumber":null,"instrumentDate":null,"bankName":null,"branchName":null,"bankLocation":null,"micrNo":null,"chequeType":null,"ifscCode":"","PaymentGatewayName":"","TerminalID":"","CardNo":null}} [] []
[2020-12-21 14:54:18] full_quote_reponse1.INFO: "<ns0:GroupProtectRes xmlns:ns0=\"http:\/\/ABHICL_NBP_QuickQuote_Schemas.GroupProtectResponse\"><errorObj><ErrorNumber>00<\/ErrorNumber><ErrorMessage>Success<\/ErrorMessage><\/errorObj><policyDtls><TransactionReferenceNumber><\/TransactionReferenceNumber><QuotationNumber>AL100712926<\/QuotationNumber><CertificateNumber><\/CertificateNumber><LetterURL><\/LetterURL><ClientID><\/ClientID><ProductName>Group Protect<\/ProductName><ProductCode>4224<\/ProductCode><LineOfBusiness>42<\/LineOfBusiness><startDate>1\/1\/1900 12:00:00 AM<\/startDate><EndDate>1\/1\/1900 12:00:00 AM<\/EndDate><PolicyNumber>74-20-00018-00-00<\/PolicyNumber><ProposalNumber><\/ProposalNumber><PolicyStatus>PQ1<\/PolicyStatus><Tenure>1<\/Tenure><stpFlag>0<\/stpFlag><MemberCustomerID>098923528000044GPR03<\/MemberCustomerID><\/policyDtls><premium><BasePremium>1269.50<\/BasePremium><NetPremium>1269.50<\/NetPremium><GST>228.51<\/GST><GrossPremium>1498.00<\/GrossPremium><\/premium><receiptObj><ReceiptNumber \/><ReceiptAmount \/><ExcessAmount \/><\/receiptObj><\/ns0:GroupProtectRes>" [] []
[2020-12-21 14:54:21] generateOTP.INFO: test [] []
[2020-12-21 14:54:43] generateOTP.INFO: test [] []
[2020-12-21 14:54:59] generateOTP.INFO: test [] []
[2020-12-21 14:55:13] generateOTP.INFO: test [] []
[2020-12-21 14:57:06] generateOTP.INFO: test [] []
[2020-12-21 14:57:31] generateOTP.INFO: test [] []
[2020-12-21 14:59:03] generateOTP.INFO: test [] []
[2020-12-21 14:59:07] generateOTP.INFO: test [] []
[2020-12-21 14:59:16] generateOTP.INFO: test [] []
[2020-12-21 15:01:37] generateOTP.INFO: test [] []
[2020-12-21 15:02:17] generateOTP.INFO: test [] []
[2020-12-21 15:06:52] generateOTP.INFO: test [] []
[2020-12-21 15:08:55] generateOTP.INFO: test [] []
[2020-12-21 15:09:05] generateOTP.INFO: test [] []
[2020-12-21 15:21:28] generateOTP.INFO: test [] []
[2020-12-21 15:22:05] generateOTP.INFO: test [] []
[2020-12-21 15:25:03] generateOTP.INFO: test [] []
[2020-12-21 15:30:51] generateOTP.INFO: test [] []
[2020-12-21 15:32:10] generateOTP.INFO: test [] []
[2020-12-21 15:32:14] generateOTP.INFO: test [] []
[2020-12-21 15:33:24] generateOTP.INFO: test [] []
[2020-12-21 15:34:20] generateOTP.INFO: test [] []
[2020-12-21 15:35:39] generateOTP.INFO: test [] []
[2020-12-21 15:36:19] generateOTP.INFO: test [] []
[2020-12-21 15:36:48] generateOTP.INFO: test [] []
[2020-12-21 15:37:13] generateOTP.INFO: test [] []
[2020-12-21 15:38:16] generateOTP.INFO: test [] []
[2020-12-21 15:39:31] generateOTP.INFO: test [] []
[2020-12-21 15:40:04] generateOTP.INFO: test [] []
[2020-12-21 15:40:16] generateOTP.INFO: test [] []
[2020-12-21 15:40:55] generateOTP.INFO: test [] []
[2020-12-21 15:41:18] generateOTP.INFO: test [] []
[2020-12-21 15:41:55] generateOTP.INFO: test [] []
[2020-12-21 15:43:00] generateOTP.INFO: test [] []
[2020-12-21 15:43:18] generateOTP.INFO: test [] []
[2020-12-21 15:43:32] generateOTP.INFO: test [] []
[2020-12-21 15:45:40] generateOTP.INFO: test [] []
[2020-12-21 15:47:15] generateOTP.INFO: test [] []
[2020-12-21 15:47:25] generateOTP.INFO: test [] []
[2020-12-21 15:47:45] generateOTP.INFO: test [] []
[2020-12-21 15:48:29] generateOTP.INFO: test [] []
[2020-12-21 15:49:02] generateOTP.INFO: test [] []
[2020-12-21 15:49:08] generateOTP.INFO: test [] []
[2020-12-21 15:52:32] generateOTP.INFO: test [] []
[2020-12-21 15:52:38] generateOTP.INFO: test [] []
[2020-12-21 15:53:02] generateOTP.INFO: test [] []
[2020-12-21 15:53:28] generateOTP.INFO: test [] []
[2020-12-21 16:27:33] generateOTP.INFO: test [] []
[2020-12-21 16:46:32] generateOTP.INFO: test [] []
[2020-12-21 17:07:43] generateOTP.INFO: test [] []
[2020-12-21 17:24:29] generateOTP.INFO: test [] []
[2020-12-21 17:24:53] generateOTP.INFO: test [] []
[2020-12-21 17:25:40] generateOTP.INFO: test [] []
[2020-12-21 18:23:55] generateOTP.INFO: test [] []
[2020-12-21 18:24:11] generateOTP.INFO: test [] []
[2020-12-21 18:31:11] generateOTP.INFO: test [] []
[2020-12-21 18:31:14] generateOTP.INFO: test [] []
[2020-12-21 18:31:35] generateOTP.INFO: test [] []
[2020-12-21 18:31:37] generateOTP.INFO: test [] []
[2020-12-21 18:31:56] generateOTP.INFO: test [] []
[2020-12-21 18:32:22] generateOTP.INFO: test [] []
[2020-12-21 18:38:49] generateOTP.INFO: test [] []
[2020-12-21 18:40:24] generateOTP.INFO: test [] []
[2020-12-21 18:40:47] generateOTP.INFO: test [] []
[2020-12-21 18:41:18] generateOTP.INFO: test [] []
[2020-12-21 18:41:52] generateOTP.INFO: test [] []
[2020-12-21 18:42:34] generateOTP.INFO: test [] []
[2020-12-21 18:44:20] generateOTP.INFO: test [] []
[2020-12-21 18:44:51] generateOTP.INFO: test [] []
[2020-12-21 18:45:48] generateOTP.INFO: test [] []
[2020-12-21 18:45:50] generateOTP.INFO: test [] []
[2020-12-21 18:45:54] generateOTP.INFO: test [] []
[2020-12-21 18:47:41] generateOTP.INFO: test [] []
