[2020-06-22 06:47:06] generateOTP.INFO: test [] []
[2020-06-22 06:47:10] generateOTP.INFO: test [] []
[2020-06-22 06:47:12] generateOTP.INFO: test [] []
[2020-06-22 06:47:36] generateOTP.INFO: test [] []
[2020-06-22 07:20:39] generateOTP.INFO: test [] []
[2020-06-22 09:03:12] generateOTP.INFO: test [] []
[2020-06-22 10:17:12] generateOTP.INFO: test [] []
[2020-06-22 10:17:14] generateOTP.INFO: test [] []
[2020-06-22 10:17:25] generateOTP.INFO: test [] []
[2020-06-22 10:17:27] generateOTP.INFO: test [] []
[2020-06-22 10:17:41] generateOTP.INFO: test [] []
[2020-06-22 10:20:52] generateOTP.INFO: test [] []
[2020-06-22 10:21:14] generateOTP.INFO: test [] []
[2020-06-22 10:21:20] generateOTP.INFO: test [] []
[2020-06-22 10:21:29] generateOTP.INFO: test [] []
[2020-06-22 10:22:58] generateOTP.INFO: test [] []
[2020-06-22 10:23:12] generateOTP.INFO: test [] []
[2020-06-22 10:23:14] generateOTP.INFO: test [] []
[2020-06-22 10:23:25] generateOTP.INFO: test [] []
[2020-06-22 10:23:29] generateOTP.INFO: test [] []
[2020-06-22 10:23:44] generateOTP.INFO: test [] []
[2020-06-22 10:24:46] generateOTP.INFO: test [] []
[2020-06-22 10:24:49] generateOTP.INFO: test [] []
[2020-06-22 10:27:33] generateOTP.INFO: test [] []
[2020-06-22 10:27:43] generateOTP.INFO: test [] []
[2020-06-22 10:28:02] generateOTP.INFO: test [] []
[2020-06-22 10:29:21] generateOTP.INFO: test [] []
[2020-06-22 10:31:23] generateOTP.INFO: test [] []
[2020-06-22 10:33:40] generateOTP.INFO: test [] []
[2020-06-22 10:33:42] generateOTP.INFO: test [] []
[2020-06-22 10:33:52] generateOTP.INFO: test [] []
[2020-06-22 10:36:58] generateOTP.INFO: test [] []
[2020-06-22 10:41:23] generateOTP.INFO: test [] []
[2020-06-22 10:41:27] generateOTP.INFO: test [] []
[2020-06-22 10:41:28] generateOTP.INFO: test [] []
[2020-06-22 10:41:30] generateOTP.INFO: test [] []
[2020-06-22 10:41:45] generateOTP.INFO: test [] []
[2020-06-22 10:42:20] generateOTP.INFO: test [] []
[2020-06-22 10:42:21] generateOTP.INFO: test [] []
[2020-06-22 10:42:22] generateOTP.INFO: test [] []
[2020-06-22 10:42:47] generateOTP.INFO: test [] []
[2020-06-22 10:42:52] generateOTP.INFO: test [] []
[2020-06-22 10:43:18] generateOTP.INFO: test [] []
[2020-06-22 10:43:49] generateOTP.INFO: test [] []
[2020-06-22 10:43:52] full_quote_request1.INFO: {"ClientCreation":{"Member_Customer_ID":"159280241211111","salutation":"Mr","firstName":"Testerabc","middleName":"","lastName":"Testerxyz","dateofBirth":"06\/01\/1983","gender":"M","educationalQualification":null,"pinCode":"421201","uidNo":null,"maritalStatus":null,"nationality":"Indian","occupation":"O553","primaryEmailID":"testeraaa@gmail.com","contactMobileNo":"9876598765","stdLandlineNo":null,"panNo":null,"passportNumber":null,"contactPerson":null,"annualIncome":null,"remarks":null,"startDate":"2020-06-22","endDate":null,"IdProof":"Adhaar Card","residenceProof":null,"ageProof":null,"others":null,"homeAddressLine1":"hjskakak aaaa","homeAddressLine2":null,"homeAddressLine3":null,"homePinCode":"421201","homeArea":null,"homeContactMobileNo":null,"homeContactMobileNo2":null,"homeSTDLandlineNo":null,"homeFaxNo":null,"sameAsHomeAddress":"1","mailingAddressLine1":null,"mailingAddressLine2":null,"mailingAddressLine3":null,"mailingPinCode":null,"mailingArea":null,"mailingContactMobileNo":null,"mailingContactMobileNo2":null,"mailingSTDLandlineNo":null,"mailingSTDLandlineNo2":null,"mailingFaxNo":null,"bankAccountType":null,"bankAccountNo":null,"ifscCode":null,"GSTIN":null,"GSTRegistrationStatus":"Consumers","IsEIAavailable":"0","ApplyEIA":"0","EIAAccountNo":null,"EIAWith":"0","AccountType":null,"AddressProof":null,"DOBProof":null,"IdentityProof":null},"PolicyCreationRequest":{"Quotation_Number":"","MasterPolicyNumber":"61-20-00025-00-00","GroupID":"GRP003","Product_Code":"4211","intermediaryCode":"2104703","AutoRenewal":"Y","intermediaryBranchCode":"10MHMUM01","agentSignatureDate":null,"Customer_Signature_Date":null,"businessSourceChannel":null,"AssignPolicy":"0","AssigneeName":null,"leadID":"1592802412","Source_Name":"AXIS_TELE","SPID":"0","TCN":null,"CRTNO":null,"RefCode1":"0","RefCode2":"069","Employee_Number":"620504","enumIsEmployeeDiscount":null,"QuoteDate":null,"IsPayment":"0","PaymentMode":null,"PolicyproductComponents":[{"PlanCode":"4211","SumInsured":"500000","SchemeCode":"4112000003"}]},"MemObj":{"Member":[{"MemberNo":1,"Salutation":"Mr","First_Name":"Testerabc","Middle_Name":null,"Last_Name":"Testerxyz","Gender":"M","DateOfBirth":"06\/01\/1983","Relation_Code":"R001","Marital_Status":null,"height":"0.00","weight":"0","occupation":"O553","PrimaryMember":"Y","MemberproductComponents":[{"PlanCode":"4211","MemberQuestionDetails":[{"QuestionCode":null,"Answer":null,"Remarks":null}]}],"MemberPED":[{"PEDCode":"PE003","Remarks":null}],"exactDiagnosis":null,"dateOfDiagnosis":null,"lastDateConsultation":null,"detailsOfTreatmentGiven":null,"doctorName":null,"hospitalName":null,"phoneNumberHosital":null,"Nominee_First_Name":"jjhshaha","Nominee_Last_Name":"wretetey","Nominee_Contact_Number":"","Nominee_Home_Address":null,"Nominee_Relationship_Code":"R002"},{"MemberNo":2,"Salutation":"Mrs","First_Name":"jjhshaha","Middle_Name":null,"Last_Name":"wretetey","Gender":"F","DateOfBirth":"06\/01\/1985","Relation_Code":"R002","Marital_Status":null,"height":"0.00","weight":"0","occupation":"O553","PrimaryMember":"N","MemberproductComponents":[{"PlanCode":"4211","MemberQuestionDetails":[{"QuestionCode":null,"Answer":null,"Remarks":null}]}],"MemberPED":[{"PEDCode":null,"Remarks":null}],"exactDiagnosis":null,"dateOfDiagnosis":null,"lastDateConsultation":null,"detailsOfTreatmentGiven":null,"doctorName":null,"hospitalName":null,"phoneNumberHosital":null,"Nominee_First_Name":"jjhshaha","Nominee_Last_Name":"wretetey","Nominee_Contact_Number":"","Nominee_Home_Address":null,"Nominee_Relationship_Code":"R002"}]},"ReceiptCreation":{"officeLocation":"","modeOfEntry":"","cdAcNo":null,"expiryDate":null,"payerType":"","payerCode":null,"paymentBy":"","paymentByName":null,"paymentByRelationship":null,"collectionAmount":"","collectionRcvdDate":null,"collectionMode":"","remarks":null,"instrumentNumber":null,"instrumentDate":null,"bankName":null,"branchName":null,"bankLocation":null,"micrNo":null,"chequeType":null,"ifscCode":"","PaymentGatewayName":"","TerminalID":"","CardNo":null}} [] []
[2020-06-22 10:43:56] full_quote_reponse1.INFO: "<ns0:GHI_Res xmlns:ns0=\"http:\/\/ABHICL_NBP_QuickQuote_Schemas.GHI_Response\"><errorObj><ErrorNumber>00<\/ErrorNumber><ErrorMessage>Success<\/ErrorMessage><\/errorObj><policyDtls><TransactionReferenceNumber><\/TransactionReferenceNumber><QuotationNumber>TS100035009<\/QuotationNumber><CertificateNumber><\/CertificateNumber><LetterURL><\/LetterURL><ClientID><\/ClientID><ProductName>Group Activ Health<\/ProductName><ProductCode>4211<\/ProductCode><LineOfBusiness>42<\/LineOfBusiness><startDate><\/startDate><EndDate><\/EndDate><PolicyNumber>61-20-00025-00-00<\/PolicyNumber><ProposalNumber><\/ProposalNumber><PolicyStatus>PQ1<\/PolicyStatus><Tenure>1<\/Tenure><stpFlag>0<\/stpFlag><COIUrl>Could not find file u0027c:windowssystem32inetsrvObject cannot be cast from DBNull to other typesu0027.<\/COIUrl><\/policyDtls><premium><BasePremium>8416.10<\/BasePremium><NetPremium>8416.10<\/NetPremium><GST>1514.90<\/GST><GrossPremium>9931.00<\/GrossPremium><\/premium><receiptObj><ReceiptNumber><\/ReceiptNumber><ReceiptAmount><\/ReceiptAmount><ExcessAmount><\/ExcessAmount><\/receiptObj><\/ns0:GHI_Res>" [] []
[2020-06-22 10:44:08] full_quote_request2.INFO: {"ClientCreation":{"Member_Customer_ID":"159280241211111","salutation":"Mr","firstName":"Testerabc","middleName":"","lastName":"Testerxyz","dateofBirth":"06\/01\/1983","gender":"M","educationalQualification":null,"pinCode":"421201","uidNo":null,"maritalStatus":null,"nationality":"Indian","occupation":"O553","primaryEmailID":"testeraaa@gmail.com","contactMobileNo":"9876598765","stdLandlineNo":null,"panNo":null,"passportNumber":null,"contactPerson":null,"annualIncome":null,"remarks":null,"startDate":"2020-06-22","endDate":null,"IdProof":"Adhaar Card","residenceProof":null,"ageProof":null,"others":null,"homeAddressLine1":"hjskakak aaaa","homeAddressLine2":null,"homeAddressLine3":null,"homePinCode":"421201","homeArea":null,"homeContactMobileNo":null,"homeContactMobileNo2":null,"homeSTDLandlineNo":null,"homeFaxNo":null,"sameAsHomeAddress":"1","mailingAddressLine1":null,"mailingAddressLine2":null,"mailingAddressLine3":null,"mailingPinCode":null,"mailingArea":null,"mailingContactMobileNo":null,"mailingContactMobileNo2":null,"mailingSTDLandlineNo":null,"mailingSTDLandlineNo2":null,"mailingFaxNo":null,"bankAccountType":null,"bankAccountNo":null,"ifscCode":null,"GSTIN":null,"GSTRegistrationStatus":"Consumers","IsEIAavailable":"0","ApplyEIA":"0","EIAAccountNo":null,"EIAWith":"0","AccountType":null,"AddressProof":null,"DOBProof":null,"IdentityProof":null},"PolicyCreationRequest":{"Quotation_Number":"TS100035009","MasterPolicyNumber":"61-20-00025-00-00","GroupID":"GRP003","Product_Code":"4211","intermediaryCode":"2104703","AutoRenewal":"Y","intermediaryBranchCode":"10MHMUM01","agentSignatureDate":null,"Customer_Signature_Date":null,"businessSourceChannel":null,"AssignPolicy":"0","AssigneeName":null,"leadID":"1592802412","Source_Name":"AXIS_TELE","SPID":"0","TCN":null,"CRTNO":null,"RefCode1":"0","RefCode2":"069","Employee_Number":"620504","enumIsEmployeeDiscount":null,"QuoteDate":null,"IsPayment":"1","PaymentMode":null,"PolicyproductComponents":[{"PlanCode":"4211","SumInsured":"500000","SchemeCode":"4112000003"}]},"MemObj":{"Member":[{"MemberNo":1,"Salutation":"Mr","First_Name":"Testerabc","Middle_Name":null,"Last_Name":"Testerxyz","Gender":"M","DateOfBirth":"06\/01\/1983","Relation_Code":"R001","Marital_Status":null,"height":"0.00","weight":"0","occupation":"O553","PrimaryMember":"Y","MemberproductComponents":[{"PlanCode":"4211","MemberQuestionDetails":[{"QuestionCode":null,"Answer":null,"Remarks":null}]}],"MemberPED":[{"PEDCode":"PE003","Remarks":null}],"exactDiagnosis":null,"dateOfDiagnosis":null,"lastDateConsultation":null,"detailsOfTreatmentGiven":null,"doctorName":null,"hospitalName":null,"phoneNumberHosital":null,"Nominee_First_Name":"jjhshaha","Nominee_Last_Name":"wretetey","Nominee_Contact_Number":"","Nominee_Home_Address":null,"Nominee_Relationship_Code":"R002"},{"MemberNo":2,"Salutation":"Mrs","First_Name":"jjhshaha","Middle_Name":null,"Last_Name":"wretetey","Gender":"F","DateOfBirth":"06\/01\/1985","Relation_Code":"R002","Marital_Status":null,"height":"0.00","weight":"0","occupation":"O553","PrimaryMember":"N","MemberproductComponents":[{"PlanCode":"4211","MemberQuestionDetails":[{"QuestionCode":null,"Answer":null,"Remarks":null}]}],"MemberPED":[{"PEDCode":null,"Remarks":null}],"exactDiagnosis":null,"dateOfDiagnosis":null,"lastDateConsultation":null,"detailsOfTreatmentGiven":null,"doctorName":null,"hospitalName":null,"phoneNumberHosital":null,"Nominee_First_Name":"jjhshaha","Nominee_Last_Name":"wretetey","Nominee_Contact_Number":"","Nominee_Home_Address":null,"Nominee_Relationship_Code":"R002"}]},"ReceiptCreation":{"officeLocation":"Mumbai","modeOfEntry":"Direct","cdAcNo":null,"expiryDate":null,"payerType":"Customer","payerCode":null,"paymentBy":"Customer","paymentByName":null,"paymentByRelationship":null,"collectionAmount":9931,"collectionRcvdDate":"06\/22\/2020 10:44 AM","collectionMode":"online","remarks":null,"instrumentNumber":"pay_F5YCW1BqSKbypf","instrumentDate":"2020-06-22","bankName":"HDFC","branchName":"0","bankLocation":null,"micrNo":null,"chequeType":null,"ifscCode":"0","PaymentGatewayName":"AXIS_NETB","TerminalID":"EuxJCz8cZV9V63","CardNo":null}} [] []
[2020-06-22 10:44:13] full_quote_reponse2.INFO: "<ns0:GHI_Res xmlns:ns0=\"http:\/\/ABHICL_NBP_QuickQuote_Schemas.GHI_Response\"><errorObj><ErrorNumber>00<\/ErrorNumber><ErrorMessage>Success<\/ErrorMessage><\/errorObj><policyDtls><TransactionReferenceNumber><\/TransactionReferenceNumber><QuotationNumber>TS100035010<\/QuotationNumber><CertificateNumber>GHI-TS-20-1000029<\/CertificateNumber><LetterURL>https:\/\/abpb.adityabirlahealth.com\/hbletter\/viewletter.aspx?ABH=46657&amp;TRM=GHI-TS-20-1000029<\/LetterURL><ClientID>1284288<\/ClientID><ProductName>Group Activ Health<\/ProductName><ProductCode>4211<\/ProductCode><LineOfBusiness>42<\/LineOfBusiness><startDate>6\/22\/2020 12:00:00 AM<\/startDate><EndDate>6\/21\/2021 12:00:00 AM<\/EndDate><PolicyNumber>61-20-00025-00-00<\/PolicyNumber><ProposalNumber>TS100035010<\/ProposalNumber><PolicyStatus>IF<\/PolicyStatus><Tenure>1<\/Tenure><stpFlag>0<\/stpFlag><COIUrl>Could not find file u0027c:windowssystem32inetsrvObject cannot be cast from DBNull to other typesu0027.<\/COIUrl><\/policyDtls><premium><BasePremium>8416.10<\/BasePremium><NetPremium>8416.10<\/NetPremium><GST>1514.90<\/GST><GrossPremium>9931.00<\/GrossPremium><\/premium><receiptObj><ReceiptNumber>R100181414<\/ReceiptNumber><ReceiptAmount>9931.00<\/ReceiptAmount><ExcessAmount>0.00<\/ExcessAmount><\/receiptObj><\/ns0:GHI_Res>" [] []
[2020-06-22 10:44:13] api_insert.INFO: {"emp_id":"620504","client_id":"1284288","certificate_number":"GHI-TS-20-1000029","quotation_no":"TS100035010","proposal_no":"TS100035010","policy_no":"61-20-00025-00-00","gross_premium":null,"status":"Success","start_date":"6\/22\/2020 12:00:00 AM","end_date":"6\/21\/2021 12:00:00 AM","created_date":"2020-06-22 10:44:13","proposal_no_lead":"P-202006220000","PolicyStatus":"IF","letter_url":"https:\/\/abpb.adityabirlahealth.com\/hbletter\/viewletter.aspx?ABH=46657&TRM=GHI-TS-20-1000029","type_login":""} [] []
[2020-06-22 10:44:14] generateOTP.INFO: test [] []
[2020-06-22 10:44:26] generateOTP.INFO: test [] []
[2020-06-22 10:44:26] generateOTP.INFO: test [] []
[2020-06-22 10:44:27] generateOTP.INFO: test [] []
[2020-06-22 10:44:39] generateOTP.INFO: test [] []
[2020-06-22 10:45:41] generateOTP.INFO: test [] []
[2020-06-22 10:45:46] generateOTP.INFO: test [] []
[2020-06-22 10:45:47] generateOTP.INFO: test [] []
[2020-06-22 10:45:48] generateOTP.INFO: test [] []
[2020-06-22 10:45:59] generateOTP.INFO: test [] []
[2020-06-22 10:47:51] generateOTP.INFO: test [] []
[2020-06-22 10:48:49] generateOTP.INFO: test [] []
[2020-06-22 10:48:51] generateOTP.INFO: test [] []
[2020-06-22 10:48:52] generateOTP.INFO: test [] []
[2020-06-22 10:49:05] generateOTP.INFO: test [] []
[2020-06-22 10:49:17] generateOTP.INFO: test [] []
[2020-06-22 10:52:35] generateOTP.INFO: test [] []
[2020-06-22 10:52:40] generateOTP.INFO: test [] []
[2020-06-22 10:52:43] generateOTP.INFO: test [] []
[2020-06-22 10:52:44] generateOTP.INFO: test [] []
[2020-06-22 10:53:12] generateOTP.INFO: test [] []
[2020-06-22 10:53:18] generateOTP.INFO: test [] []
[2020-06-22 10:54:02] generateOTP.INFO: test [] []
[2020-06-22 10:55:46] generateOTP.INFO: test [] []
[2020-06-22 10:55:48] full_quote_request1.INFO: {"ClientCreation":{"Member_Customer_ID":"159280241211112","salutation":"Ms","firstName":"ututiriore","middleName":"","lastName":"qwwewrrw","dateofBirth":"06\/01\/1985","gender":"F","educationalQualification":null,"pinCode":"421203","uidNo":null,"maritalStatus":null,"nationality":"Indian","occupation":"O553","primaryEmailID":"yuru@sdds.com","contactMobileNo":"8912345678","stdLandlineNo":null,"panNo":null,"passportNumber":null,"contactPerson":null,"annualIncome":null,"remarks":null,"startDate":"2020-06-22","endDate":null,"IdProof":"Adhaar Card","residenceProof":null,"ageProof":null,"others":null,"homeAddressLine1":"jdjkskska","homeAddressLine2":null,"homeAddressLine3":null,"homePinCode":"421203","homeArea":null,"homeContactMobileNo":null,"homeContactMobileNo2":null,"homeSTDLandlineNo":null,"homeFaxNo":null,"sameAsHomeAddress":"1","mailingAddressLine1":null,"mailingAddressLine2":null,"mailingAddressLine3":null,"mailingPinCode":null,"mailingArea":null,"mailingContactMobileNo":null,"mailingContactMobileNo2":null,"mailingSTDLandlineNo":null,"mailingSTDLandlineNo2":null,"mailingFaxNo":null,"bankAccountType":null,"bankAccountNo":null,"ifscCode":null,"GSTIN":null,"GSTRegistrationStatus":"Consumers","IsEIAavailable":"0","ApplyEIA":"0","EIAAccountNo":null,"EIAWith":"0","AccountType":null,"AddressProof":null,"DOBProof":null,"IdentityProof":null},"PolicyCreationRequest":{"Quotation_Number":"","MasterPolicyNumber":"61-20-00025-00-00","GroupID":"GRP001","Product_Code":"4211","intermediaryCode":"2104703","AutoRenewal":"Y","intermediaryBranchCode":"10MHMUM01","agentSignatureDate":null,"Customer_Signature_Date":null,"businessSourceChannel":null,"AssignPolicy":"0","AssigneeName":null,"leadID":"1592802935","Source_Name":"AXIS_TELE","SPID":"0","TCN":null,"CRTNO":null,"RefCode1":"0","RefCode2":"069","Employee_Number":"620505","enumIsEmployeeDiscount":null,"QuoteDate":null,"IsPayment":"0","PaymentMode":null,"PolicyproductComponents":[{"PlanCode":"4211","SumInsured":"500000","SchemeCode":"4112000003"}]},"MemObj":{"Member":[{"MemberNo":1,"Salutation":"Mrs","First_Name":"ututiriore","Middle_Name":null,"Last_Name":"qwwewrrw","Gender":"F","DateOfBirth":"06\/01\/1985","Relation_Code":"R001","Marital_Status":null,"height":"0.00","weight":"0","occupation":"O553","PrimaryMember":"Y","MemberproductComponents":[{"PlanCode":"4211","MemberQuestionDetails":[{"QuestionCode":null,"Answer":null,"Remarks":null}]}],"MemberPED":[{"PEDCode":"PE002","Remarks":null}],"exactDiagnosis":null,"dateOfDiagnosis":null,"lastDateConsultation":null,"detailsOfTreatmentGiven":null,"doctorName":null,"hospitalName":null,"phoneNumberHosital":null,"Nominee_First_Name":"ueeeeeee","Nominee_Last_Name":"sjjskaa","Nominee_Contact_Number":"","Nominee_Home_Address":null,"Nominee_Relationship_Code":"R002"}]},"ReceiptCreation":{"officeLocation":"","modeOfEntry":"","cdAcNo":null,"expiryDate":null,"payerType":"","payerCode":null,"paymentBy":"","paymentByName":null,"paymentByRelationship":null,"collectionAmount":"","collectionRcvdDate":null,"collectionMode":"","remarks":null,"instrumentNumber":null,"instrumentDate":null,"bankName":null,"branchName":null,"bankLocation":null,"micrNo":null,"chequeType":null,"ifscCode":"","PaymentGatewayName":"","TerminalID":"","CardNo":null}} [] []
[2020-06-22 10:55:54] full_quote_reponse1.INFO: "<ns0:GHI_Res xmlns:ns0=\"http:\/\/ABHICL_NBP_QuickQuote_Schemas.GHI_Response\"><errorObj><ErrorNumber>00<\/ErrorNumber><ErrorMessage>Success<\/ErrorMessage><\/errorObj><policyDtls><TransactionReferenceNumber><\/TransactionReferenceNumber><QuotationNumber>TS100035011<\/QuotationNumber><CertificateNumber><\/CertificateNumber><LetterURL><\/LetterURL><ClientID><\/ClientID><ProductName>Group Activ Health<\/ProductName><ProductCode>4211<\/ProductCode><LineOfBusiness>42<\/LineOfBusiness><startDate><\/startDate><EndDate><\/EndDate><PolicyNumber>61-20-00025-00-00<\/PolicyNumber><ProposalNumber><\/ProposalNumber><PolicyStatus>PQ1<\/PolicyStatus><Tenure>1<\/Tenure><stpFlag>0<\/stpFlag><COIUrl>Could not find file u0027c:windowssystem32inetsrvObject cannot be cast from DBNull to other typesu0027.<\/COIUrl><\/policyDtls><premium><BasePremium>6444.92<\/BasePremium><NetPremium>6444.92<\/NetPremium><GST>1160.09<\/GST><GrossPremium>7605.00<\/GrossPremium><\/premium><receiptObj><ReceiptNumber><\/ReceiptNumber><ReceiptAmount><\/ReceiptAmount><ExcessAmount><\/ExcessAmount><\/receiptObj><\/ns0:GHI_Res>" [] []
[2020-06-22 10:56:14] full_quote_request2.INFO: {"ClientCreation":{"Member_Customer_ID":"159280241211112","salutation":"Ms","firstName":"ututiriore","middleName":"","lastName":"qwwewrrw","dateofBirth":"06\/01\/1985","gender":"F","educationalQualification":null,"pinCode":"421203","uidNo":null,"maritalStatus":null,"nationality":"Indian","occupation":"O553","primaryEmailID":"yuru@sdds.com","contactMobileNo":"8912345678","stdLandlineNo":null,"panNo":null,"passportNumber":null,"contactPerson":null,"annualIncome":null,"remarks":null,"startDate":"2020-06-22","endDate":null,"IdProof":"Adhaar Card","residenceProof":null,"ageProof":null,"others":null,"homeAddressLine1":"jdjkskska","homeAddressLine2":null,"homeAddressLine3":null,"homePinCode":"421203","homeArea":null,"homeContactMobileNo":null,"homeContactMobileNo2":null,"homeSTDLandlineNo":null,"homeFaxNo":null,"sameAsHomeAddress":"1","mailingAddressLine1":null,"mailingAddressLine2":null,"mailingAddressLine3":null,"mailingPinCode":null,"mailingArea":null,"mailingContactMobileNo":null,"mailingContactMobileNo2":null,"mailingSTDLandlineNo":null,"mailingSTDLandlineNo2":null,"mailingFaxNo":null,"bankAccountType":null,"bankAccountNo":null,"ifscCode":null,"GSTIN":null,"GSTRegistrationStatus":"Consumers","IsEIAavailable":"0","ApplyEIA":"0","EIAAccountNo":null,"EIAWith":"0","AccountType":null,"AddressProof":null,"DOBProof":null,"IdentityProof":null},"PolicyCreationRequest":{"Quotation_Number":"TS100035011","MasterPolicyNumber":"61-20-00025-00-00","GroupID":"GRP001","Product_Code":"4211","intermediaryCode":"2104703","AutoRenewal":"Y","intermediaryBranchCode":"10MHMUM01","agentSignatureDate":null,"Customer_Signature_Date":null,"businessSourceChannel":null,"AssignPolicy":"0","AssigneeName":null,"leadID":"1592802935","Source_Name":"AXIS_TELE","SPID":"0","TCN":null,"CRTNO":null,"RefCode1":"0","RefCode2":"069","Employee_Number":"620505","enumIsEmployeeDiscount":null,"QuoteDate":null,"IsPayment":"1","PaymentMode":null,"PolicyproductComponents":[{"PlanCode":"4211","SumInsured":"500000","SchemeCode":"4112000003"}]},"MemObj":{"Member":[{"MemberNo":1,"Salutation":"Mrs","First_Name":"ututiriore","Middle_Name":null,"Last_Name":"qwwewrrw","Gender":"F","DateOfBirth":"06\/01\/1985","Relation_Code":"R001","Marital_Status":null,"height":"0.00","weight":"0","occupation":"O553","PrimaryMember":"Y","MemberproductComponents":[{"PlanCode":"4211","MemberQuestionDetails":[{"QuestionCode":null,"Answer":null,"Remarks":null}]}],"MemberPED":[{"PEDCode":"PE002","Remarks":null}],"exactDiagnosis":null,"dateOfDiagnosis":null,"lastDateConsultation":null,"detailsOfTreatmentGiven":null,"doctorName":null,"hospitalName":null,"phoneNumberHosital":null,"Nominee_First_Name":"ueeeeeee","Nominee_Last_Name":"sjjskaa","Nominee_Contact_Number":"","Nominee_Home_Address":null,"Nominee_Relationship_Code":"R002"}]},"ReceiptCreation":{"officeLocation":"Mumbai","modeOfEntry":"Direct","cdAcNo":null,"expiryDate":null,"payerType":"Customer","payerCode":null,"paymentBy":"Customer","paymentByName":null,"paymentByRelationship":null,"collectionAmount":7605,"collectionRcvdDate":"06\/22\/2020 10:56 AM","collectionMode":"online","remarks":null,"instrumentNumber":"pay_F5YPItCjcxu85q","instrumentDate":"2020-06-22","bankName":"HDFC","branchName":"0","bankLocation":null,"micrNo":null,"chequeType":null,"ifscCode":"0","PaymentGatewayName":"AXIS_NETB","TerminalID":"EuxJCz8cZV9V63","CardNo":null}} [] []
[2020-06-22 10:56:17] full_quote_reponse2.INFO: "<ns0:GHI_Res xmlns:ns0=\"http:\/\/ABHICL_NBP_QuickQuote_Schemas.GHI_Response\"><errorObj><ErrorNumber>00<\/ErrorNumber><ErrorMessage>Success<\/ErrorMessage><\/errorObj><policyDtls><TransactionReferenceNumber><\/TransactionReferenceNumber><QuotationNumber>TS100035013<\/QuotationNumber><CertificateNumber>GHI-TS-20-1000030<\/CertificateNumber><LetterURL>https:\/\/abpb.adityabirlahealth.com\/hbletter\/viewletter.aspx?ABH=46660&amp;TRM=GHI-TS-20-1000030<\/LetterURL><ClientID>1284289<\/ClientID><ProductName>Group Activ Health<\/ProductName><ProductCode>4211<\/ProductCode><LineOfBusiness>42<\/LineOfBusiness><startDate>6\/22\/2020 12:00:00 AM<\/startDate><EndDate>6\/21\/2021 12:00:00 AM<\/EndDate><PolicyNumber>61-20-00025-00-00<\/PolicyNumber><ProposalNumber>TS100035013<\/ProposalNumber><PolicyStatus>IF<\/PolicyStatus><Tenure>1<\/Tenure><stpFlag>0<\/stpFlag><COIUrl>Could not find file u0027c:windowssystem32inetsrvObject cannot be cast from DBNull to other typesu0027.<\/COIUrl><\/policyDtls><premium><BasePremium>6444.92<\/BasePremium><NetPremium>6444.92<\/NetPremium><GST>1160.09<\/GST><GrossPremium>7605.00<\/GrossPremium><\/premium><receiptObj><ReceiptNumber>R100181416<\/ReceiptNumber><ReceiptAmount>7605.00<\/ReceiptAmount><ExcessAmount>0.00<\/ExcessAmount><\/receiptObj><\/ns0:GHI_Res>" [] []
[2020-06-22 10:56:17] api_insert.INFO: {"emp_id":"620505","client_id":"1284289","certificate_number":"GHI-TS-20-1000030","quotation_no":"TS100035013","proposal_no":"TS100035013","policy_no":"61-20-00025-00-00","gross_premium":null,"status":"Success","start_date":"6\/22\/2020 12:00:00 AM","end_date":"6\/21\/2021 12:00:00 AM","created_date":"2020-06-22 10:56:17","proposal_no_lead":"P-202006220001","PolicyStatus":"IF","letter_url":"https:\/\/abpb.adityabirlahealth.com\/hbletter\/viewletter.aspx?ABH=46660&TRM=GHI-TS-20-1000030","type_login":""} [] []
[2020-06-22 10:56:18] generateOTP.INFO: test [] []
[2020-06-22 10:58:19] generateOTP.INFO: test [] []
[2020-06-22 10:58:19] generateOTP.INFO: test [] []
[2020-06-22 10:58:20] generateOTP.INFO: test [] []
[2020-06-22 10:58:27] generateOTP.INFO: test [] []
[2020-06-22 10:58:51] generateOTP.INFO: test [] []
[2020-06-22 11:01:43] generateOTP.INFO: test [] []
[2020-06-22 11:02:03] generateOTP.INFO: test [] []
[2020-06-22 11:02:31] generateOTP.INFO: test [] []
[2020-06-22 11:04:54] generateOTP.INFO: test [] []
[2020-06-22 11:05:04] generateOTP.INFO: test [] []
[2020-06-22 11:05:18] generateOTP.INFO: test [] []
[2020-06-22 11:05:25] generateOTP.INFO: test [] []
[2020-06-22 11:05:42] generateOTP.INFO: test [] []
[2020-06-22 11:06:56] generateOTP.INFO: test [] []
[2020-06-22 11:18:05] generateOTP.INFO: test [] []
[2020-06-22 11:18:05] generateOTP.INFO: test [] []
[2020-06-22 11:18:05] generateOTP.INFO: test [] []
[2020-06-22 11:18:15] generateOTP.INFO: test [] []
[2020-06-22 11:18:19] generateOTP.INFO: test [] []
[2020-06-22 11:19:05] generateOTP.INFO: test [] []
[2020-06-22 11:19:37] generateOTP.INFO: test [] []
[2020-06-22 11:20:00] generateOTP.INFO: test [] []
[2020-06-22 11:48:32] generateOTP.INFO: test [] []
[2020-06-22 11:48:32] generateOTP.INFO: test [] []
[2020-06-22 11:48:40] generateOTP.INFO: test [] []
[2020-06-22 11:48:45] generateOTP.INFO: test [] []
[2020-06-22 11:59:39] generateOTP.INFO: test [] []
[2020-06-22 12:00:01] generateOTP.INFO: test [] []
[2020-06-22 12:00:44] generateOTP.INFO: test [] []
[2020-06-22 12:24:30] generateOTP.INFO: test [] []
[2020-06-22 12:24:35] generateOTP.INFO: test [] []
[2020-06-22 12:37:23] generateOTP.INFO: test [] []
[2020-06-22 12:37:25] generateOTP.INFO: test [] []
[2020-06-22 12:37:36] generateOTP.INFO: test [] []
[2020-06-22 12:48:10] generateOTP.INFO: test [] []
[2020-06-22 12:48:10] generateOTP.INFO: test [] []
[2020-06-22 12:48:17] generateOTP.INFO: test [] []
[2020-06-22 12:48:23] generateOTP.INFO: test [] []
[2020-06-22 12:52:50] generateOTP.INFO: test [] []
[2020-06-22 12:54:46] generateOTP.INFO: test [] []
[2020-06-22 13:26:06] generateOTP.INFO: test [] []
[2020-06-22 13:31:12] generateOTP.INFO: test [] []
[2020-06-22 13:31:13] generateOTP.INFO: test [] []
[2020-06-22 14:38:48] generateOTP.INFO: test [] []
[2020-06-22 14:38:58] generateOTP.INFO: test [] []
[2020-06-22 14:38:59] generateOTP.INFO: test [] []
[2020-06-22 15:27:05] generateOTP.INFO: test [] []
[2020-06-22 15:27:22] generateOTP.INFO: test [] []
[2020-06-22 15:31:21] generateOTP.INFO: test [] []
[2020-06-22 15:39:56] generateOTP.INFO: test [] []
[2020-06-22 15:41:07] generateOTP.INFO: test [] []
[2020-06-22 15:41:30] generateOTP.INFO: test [] []
[2020-06-22 15:43:14] generateOTP.INFO: test [] []
[2020-06-22 15:43:45] generateOTP.INFO: test [] []
[2020-06-22 15:44:15] generateOTP.INFO: test [] []
[2020-06-22 15:45:41] generateOTP.INFO: test [] []
[2020-06-22 15:46:42] generateOTP.INFO: test [] []
[2020-06-22 15:46:50] generateOTP.INFO: test [] []
[2020-06-22 15:49:48] generateOTP.INFO: test [] []
[2020-06-22 15:50:42] generateOTP.INFO: test [] []
[2020-06-22 15:56:52] generateOTP.INFO: test [] []
[2020-06-22 15:57:25] generateOTP.INFO: test [] []
[2020-06-22 15:58:08] generateOTP.INFO: {"edit":"0","policy_no":"392,393","subtype_text":"1","sum_insure":"500000","familyConstruct":"1A","tenure":"1 Year","family_members_id":"0","family_gender":"Male","first_name":"test","last_name":"BANKING","family_date_birth":"19-12-1988","age":"31","age_type":" years","family_id":"","s_date":"","marriage_date":"","premium":"8399.9952","policyNo":"392,393","familyDataType":"undefined","empId":"620506","product":"iWL65dcd54d9c5a65","declare":"[]"} [] []
[2020-06-22 15:58:34] generateOTP.INFO: test [] []
[2020-06-22 16:01:29] generateOTP.INFO: test [] []
[2020-06-22 16:01:37] generateOTP.INFO: test [] []
[2020-06-22 16:11:12] generateOTP.INFO: test [] []
[2020-06-22 16:11:22] generateOTP.INFO: test [] []
[2020-06-22 16:12:09] generateOTP.INFO: test [] []
[2020-06-22 16:16:13] generateOTP.INFO: test [] []
[2020-06-22 16:30:35] generateOTP.INFO: test [] []
[2020-06-22 16:30:37] generateOTP.INFO: test [] []
[2020-06-22 16:30:48] generateOTP.INFO: test [] []
[2020-06-22 17:39:13] generateOTP.INFO: test [] []
[2020-06-22 17:39:13] generateOTP.INFO: test [] []
[2020-06-22 17:39:14] generateOTP.INFO: test [] []
[2020-06-22 17:39:18] generateOTP.INFO: test [] []
[2020-06-22 17:39:25] generateOTP.INFO: test [] []
[2020-06-22 17:39:26] generateOTP.INFO: test [] []
[2020-06-22 17:39:45] generateOTP.INFO: test [] []
[2020-06-22 17:39:47] generateOTP.INFO: test [] []
[2020-06-22 17:39:55] generateOTP.INFO: test [] []
[2020-06-22 17:40:01] generateOTP.INFO: test [] []
[2020-06-22 17:40:09] generateOTP.INFO: test [] []
[2020-06-22 17:40:10] generateOTP.INFO: test [] []
[2020-06-22 17:40:19] generateOTP.INFO: test [] []
[2020-06-22 17:40:30] generateOTP.INFO: test [] []
[2020-06-22 17:40:43] generateOTP.INFO: test [] []
[2020-06-22 17:41:02] generateOTP.INFO: test [] []
[2020-06-22 17:41:02] generateOTP.INFO: test [] []
[2020-06-22 17:41:08] generateOTP.INFO: test [] []
[2020-06-22 17:41:13] generateOTP.INFO: test [] []
[2020-06-22 17:41:43] generateOTP.INFO: test [] []
[2020-06-22 17:41:44] generateOTP.INFO: test [] []
[2020-06-22 18:33:12] generateOTP.INFO: test [] []
[2020-06-22 18:33:24] generateOTP.INFO: test [] []
[2020-06-22 18:33:26] generateOTP.INFO: test [] []
[2020-06-22 19:18:57] generateOTP.INFO: test [] []
[2020-06-22 19:19:03] generateOTP.INFO: test [] []
[2020-06-22 19:19:15] generateOTP.INFO: test [] []
[2020-06-22 19:19:21] generateOTP.INFO: test [] []
[2020-06-22 19:19:25] generateOTP.INFO: test [] []
[2020-06-22 19:19:30] generateOTP.INFO: test [] []
[2020-06-22 19:19:30] generateOTP.INFO: test [] []
[2020-06-22 19:19:36] generateOTP.INFO: test [] []
[2020-06-22 19:19:40] generateOTP.INFO: test [] []
[2020-06-22 19:19:48] generateOTP.INFO: test [] []
[2020-06-22 19:19:52] generateOTP.INFO: test [] []
[2020-06-22 19:19:56] generateOTP.INFO: test [] []
[2020-06-22 19:23:45] generateOTP.INFO: test [] []
[2020-06-22 19:36:43] generateOTP.INFO: test [] []
[2020-06-22 19:40:45] generateOTP.INFO: test [] []
[2020-06-22 19:41:00] generateOTP.INFO: test [] []
[2020-06-22 19:41:02] generateOTP.INFO: test [] []
[2020-06-22 19:45:28] generateOTP.INFO: test [] []
[2020-06-22 19:45:30] generateOTP.INFO: test [] []
[2020-06-22 19:45:36] generateOTP.INFO: test [] []
[2020-06-22 19:45:37] generateOTP.INFO: test [] []
[2020-06-22 19:45:52] generateOTP.INFO: test [] []
[2020-06-22 19:46:30] generateOTP.INFO: test [] []
[2020-06-22 19:46:41] generateOTP.INFO: test [] []
[2020-06-22 19:46:53] generateOTP.INFO: test [] []
[2020-06-22 19:47:06] generateOTP.INFO: test [] []
[2020-06-22 19:55:08] generateOTP.INFO: test [] []
[2020-06-22 19:57:59] generateOTP.INFO: test [] []
[2020-06-22 19:58:27] generateOTP.INFO: test [] []
[2020-06-22 20:08:36] generateOTP.INFO: test [] []
[2020-06-22 20:08:47] generateOTP.INFO: test [] []
[2020-06-22 20:08:49] generateOTP.INFO: test [] []
[2020-06-22 20:13:40] generateOTP.INFO: test [] []
[2020-06-22 20:13:40] generateOTP.INFO: test [] []
[2020-06-22 20:13:41] generateOTP.INFO: test [] []
[2020-06-22 20:13:45] generateOTP.INFO: test [] []
[2020-06-22 20:13:48] generateOTP.INFO: test [] []
[2020-06-22 20:21:59] generateOTP.INFO: test [] []
[2020-06-22 20:22:01] generateOTP.INFO: test [] []
[2020-06-22 20:22:10] generateOTP.INFO: test [] []
[2020-06-22 20:22:16] generateOTP.INFO: test [] []
[2020-06-22 20:22:26] generateOTP.INFO: test [] []
[2020-06-22 21:03:18] generateOTP.INFO: test [] []
[2020-06-22 21:03:26] generateOTP.INFO: test [] []
[2020-06-22 21:17:48] generateOTP.INFO: test [] []
[2020-06-22 21:31:04] generateOTP.INFO: test [] []
[2020-06-22 21:34:17] generateOTP.INFO: test [] []
[2020-06-22 21:34:18] generateOTP.INFO: test [] []
[2020-06-22 21:40:59] generateOTP.INFO: test [] []
[2020-06-22 21:47:33] generateOTP.INFO: test [] []
