[2021-04-22 10:08:14] generateOTP.INFO: test [] []
[2021-04-22 10:08:22] generateOTP.INFO: test [] []
[2021-04-22 10:13:18] generateOTP.INFO: test [] []
[2021-04-22 10:13:26] generateOTP.INFO: test [] []
[2021-04-22 10:13:30] generateOTP.INFO: test [] []
[2021-04-22 10:13:46] generateOTP.INFO: test [] []
[2021-04-22 10:15:50] generateOTP.INFO: test [] []
[2021-04-22 10:16:17] generateOTP.INFO: test [] []
[2021-04-22 10:20:23] generateOTP.INFO: test [] []
[2021-04-22 10:20:36] generateOTP.INFO: test [] []
[2021-04-22 10:22:43] generateOTP.INFO: test [] []
[2021-04-22 10:23:16] generateOTP.INFO: test [] []
[2021-04-22 10:24:20] generateOTP.INFO: test [] []
[2021-04-22 10:24:23] generateOTP.INFO: test [] []
[2021-04-22 10:24:32] generateOTP.INFO: test [] []
[2021-04-22 10:24:32] generateOTP.INFO: test [] []
[2021-04-22 10:24:35] generateOTP.INFO: test [] []
[2021-04-22 10:24:35] generateOTP.INFO: test [] []
[2021-04-22 10:24:35] generateOTP.INFO: test [] []
[2021-04-22 10:24:36] generateOTP.INFO: test [] []
[2021-04-22 10:24:39] generateOTP.INFO: test [] []
[2021-04-22 10:24:39] generateOTP.INFO: test [] []
[2021-04-22 10:26:36] generateOTP.INFO: test [] []
[2021-04-22 10:26:52] generateOTP.INFO: test [] []
[2021-04-22 10:27:10] generateOTP.INFO: test [] []
[2021-04-22 10:27:10] generateOTP.INFO: test [] []
[2021-04-22 10:27:13] generateOTP.INFO: test [] []
[2021-04-22 10:27:14] generateOTP.INFO: test [] []
[2021-04-22 10:27:44] generateOTP.INFO: test [] []
[2021-04-22 10:27:44] generateOTP.INFO: test [] []
[2021-04-22 10:28:07] generateOTP.INFO: test [] []
[2021-04-22 10:28:07] generateOTP.INFO: test [] []
[2021-04-22 10:28:16] generateOTP.INFO: test [] []
[2021-04-22 10:28:45] generateOTP.INFO: test [] []
[2021-04-22 10:28:45] generateOTP.INFO: test [] []
[2021-04-22 10:28:48] generateOTP.INFO: test [] []
[2021-04-22 10:28:48] generateOTP.INFO: test [] []
[2021-04-22 10:28:48] generateOTP.INFO: test [] []
[2021-04-22 10:28:48] generateOTP.INFO: test [] []
[2021-04-22 10:28:50] generateOTP.INFO: test [] []
[2021-04-22 10:28:50] generateOTP.INFO: test [] []
[2021-04-22 10:29:03] generateOTP.INFO: test [] []
[2021-04-22 10:29:03] generateOTP.INFO: test [] []
[2021-04-22 10:30:47] generateOTP.INFO: test [] []
[2021-04-22 10:30:55] generateOTP.INFO: test [] []
[2021-04-22 10:30:55] generateOTP.INFO: test [] []
[2021-04-22 10:30:55] generateOTP.INFO: test [] []
[2021-04-22 10:30:55] generateOTP.INFO: test [] []
[2021-04-22 10:30:55] generateOTP.INFO: test [] []
[2021-04-22 10:30:55] generateOTP.INFO: test [] []
[2021-04-22 10:31:58] generateOTP.INFO: test [] []
[2021-04-22 10:31:58] generateOTP.INFO: test [] []
[2021-04-22 10:32:19] generateOTP.INFO: test [] []
[2021-04-22 10:32:24] generateOTP.INFO: test [] []
[2021-04-22 10:32:35] generateOTP.INFO: test [] []
[2021-04-22 10:33:04] generateOTP.INFO: test [] []
[2021-04-22 10:33:15] generateOTP.INFO: test [] []
[2021-04-22 10:33:53] generateOTP.INFO: test [] []
[2021-04-22 10:35:17] generateOTP.INFO: test [] []
[2021-04-22 10:35:41] generateOTP.INFO: test [] []
[2021-04-22 10:36:27] generateOTP.INFO: test [] []
[2021-04-22 11:13:56] generateOTP.INFO: test [] []
[2021-04-22 11:17:27] generateOTP.INFO: test [] []
[2021-04-22 11:17:27] generateOTP.INFO: test [] []
[2021-04-22 11:17:39] generateOTP.INFO: test [] []
[2021-04-22 11:17:51] generateOTP.INFO: test [] []
[2021-04-22 11:18:49] generateOTP.INFO: test [] []
[2021-04-22 11:18:50] generateOTP.INFO: test [] []
[2021-04-22 11:18:58] generateOTP.INFO: test [] []
[2021-04-22 11:19:27] generateOTP.INFO: test [] []
[2021-04-22 11:19:43] generateOTP.INFO: test [] []
[2021-04-22 11:23:27] generateOTP.INFO: test [] []
[2021-04-22 11:23:40] generateOTP.INFO: test [] []
[2021-04-22 11:26:53] generateOTP.INFO: test [] []
[2021-04-22 11:27:00] generateOTP.INFO: test [] []
[2021-04-22 11:27:06] generateOTP.INFO: test [] []
[2021-04-22 11:28:29] generateOTP.INFO: test [] []
[2021-04-22 11:28:39] generateOTP.INFO: test [] []
[2021-04-22 11:29:19] generateOTP.INFO: test [] []
[2021-04-22 11:29:47] generateOTP.INFO: test [] []
[2021-04-22 11:30:11] generateOTP.INFO: test [] []
[2021-04-22 11:31:18] generateOTP.INFO: test [] []
[2021-04-22 11:36:44] generateOTP.INFO: test [] []
[2021-04-22 11:36:50] generateOTP.INFO: test [] []
[2021-04-22 11:36:51] generateOTP.INFO: test [] []
[2021-04-22 11:36:56] generateOTP.INFO: test [] []
[2021-04-22 11:36:56] generateOTP.INFO: test [] []
[2021-04-22 11:37:03] generateOTP.INFO: test [] []
[2021-04-22 11:37:04] generateOTP.INFO: test [] []
[2021-04-22 11:37:20] generateOTP.INFO: test [] []
[2021-04-22 11:37:21] generateOTP.INFO: test [] []
[2021-04-22 11:37:22] generateOTP.INFO: test [] []
[2021-04-22 11:37:23] generateOTP.INFO: test [] []
[2021-04-22 11:37:28] generateOTP.INFO: test [] []
[2021-04-22 11:37:37] generateOTP.INFO: test [] []
[2021-04-22 11:37:37] generateOTP.INFO: test [] []
[2021-04-22 11:37:37] generateOTP.INFO: test [] []
[2021-04-22 11:37:37] generateOTP.INFO: test [] []
[2021-04-22 11:37:54] generateOTP.INFO: test [] []
[2021-04-22 11:38:48] generateOTP.INFO: test [] []
[2021-04-22 11:40:16] generateOTP.INFO: test [] []
[2021-04-22 11:40:16] generateOTP.INFO: test [] []
[2021-04-22 11:41:20] generateOTP.INFO: test [] []
[2021-04-22 11:41:21] generateOTP.INFO: test [] []
[2021-04-22 11:43:53] generateOTP.INFO: test [] []
[2021-04-22 11:44:00] generateOTP.INFO: test [] []
[2021-04-22 11:44:04] generateOTP.INFO: test [] []
[2021-04-22 11:44:06] generateOTP.INFO: test [] []
[2021-04-22 11:44:44] generateOTP.INFO: test [] []
[2021-04-22 11:44:45] generateOTP.INFO: test [] []
[2021-04-22 11:44:46] generateOTP.INFO: test [] []
[2021-04-22 11:44:46] generateOTP.INFO: test [] []
[2021-04-22 11:44:46] generateOTP.INFO: test [] []
[2021-04-22 11:44:46] generateOTP.INFO: test [] []
[2021-04-22 11:44:48] generateOTP.INFO: test [] []
[2021-04-22 11:44:49] generateOTP.INFO: test [] []
[2021-04-22 11:46:21] generateOTP.INFO: test [] []
[2021-04-22 11:57:37] generateOTP.INFO: test [] []
[2021-04-22 11:57:48] generateOTP.INFO: test [] []
[2021-04-22 11:58:07] generateOTP.INFO: test [] []
[2021-04-22 11:58:32] generateOTP.INFO: test [] []
[2021-04-22 11:58:35] generateOTP.INFO: test [] []
[2021-04-22 11:58:36] generateOTP.INFO: test [] []
[2021-04-22 11:59:28] generateOTP.INFO: test [] []
[2021-04-22 11:59:29] generateOTP.INFO: test [] []
[2021-04-22 11:59:52] generateOTP.INFO: test [] []
[2021-04-22 12:01:25] generateOTP.INFO: test [] []
[2021-04-22 12:02:20] generateOTP.INFO: test [] []
[2021-04-22 12:02:20] generateOTP.INFO: test [] []
[2021-04-22 12:02:31] generateOTP.INFO: test [] []
[2021-04-22 12:02:32] generateOTP.INFO: test [] []
[2021-04-22 12:02:32] generateOTP.INFO: test [] []
[2021-04-22 12:02:32] generateOTP.INFO: test [] []
[2021-04-22 12:02:43] generateOTP.INFO: test [] []
[2021-04-22 12:02:43] generateOTP.INFO: test [] []
[2021-04-22 12:03:09] generateOTP.INFO: test [] []
[2021-04-22 12:03:09] generateOTP.INFO: test [] []
[2021-04-22 12:04:46] generateOTP.INFO: test [] []
[2021-04-22 12:05:19] generateOTP.INFO: test [] []
[2021-04-22 12:06:03] generateOTP.INFO: test [] []
[2021-04-22 12:06:05] generateOTP.INFO: test [] []
[2021-04-22 12:25:07] generateOTP.INFO: test [] []
[2021-04-22 12:25:08] generateOTP.INFO: test [] []
[2021-04-22 12:25:43] generateOTP.INFO: test [] []
[2021-04-22 12:26:07] generateOTP.INFO: test [] []
[2021-04-22 12:26:07] generateOTP.INFO: test [] []
[2021-04-22 12:26:16] generateOTP.INFO: test [] []
[2021-04-22 12:26:33] generateOTP.INFO: test [] []
[2021-04-22 12:26:34] generateOTP.INFO: test [] []
[2021-04-22 12:27:03] generateOTP.INFO: test [] []
[2021-04-22 12:27:29] generateOTP.INFO: test [] []
[2021-04-22 12:28:12] generateOTP.INFO: test [] []
[2021-04-22 12:28:13] generateOTP.INFO: test [] []
[2021-04-22 12:28:31] generateOTP.INFO: test [] []
[2021-04-22 12:28:40] generateOTP.INFO: test [] []
[2021-04-22 12:28:40] generateOTP.INFO: test [] []
[2021-04-22 12:28:51] generateOTP.INFO: test [] []
[2021-04-22 12:29:27] generateOTP.INFO: test [] []
[2021-04-22 12:29:28] generateOTP.INFO: test [] []
[2021-04-22 12:29:39] generateOTP.INFO: test [] []
[2021-04-22 12:29:39] generateOTP.INFO: test [] []
[2021-04-22 12:29:39] generateOTP.INFO: test [] []
[2021-04-22 12:29:40] generateOTP.INFO: test [] []
[2021-04-22 12:31:11] generateOTP.INFO: {"salutation":"1","firstname":"test","lastname":"BANKING","dob":"19-12-1988","mob_no":"7010444138","panCard":"XXXXXX456A","email":"jack@gmail.com","ref1":"1","ref2":"1","comAdd":"Om hrad ntalatiof, holOmshre, talathioficeeachol, OmshreeSada9talathi","city":"MUMBAI","state":"MAHARASHTRA","pin_code":"622103","ISNRI":"N","update_emp_id":"b05uMHZQSHdmMzFQc1F4UXl3Y0tVZz09","edit":"0","policy_no":"460,461","subtype_text":"1","sum_insure":"500000","anuual_income":"","occupation":"7","familyConstruct":"2A","family_members_id":"0","family_gender":"Male","first_name":"test","last_name":"BANKING","family_date_birth":"19-12-1988","age":"32","age_type":" years","tenure":"1 Year","premiumgci":"0","family_id":"","s_date":"","marriage_date":"","premium":"undefined","policyNo":"460,461","familyDataType":"undefined","empId":"b05uMHZQSHdmMzFQc1F4UXl3Y0tVZz09","product":"YFsa5f4cb15ead28c","declare":"[]","gender":"Male","gci_options":"Yes"} [] []
[2021-04-22 12:31:32] generateOTP.INFO: {"salutation":"1","firstname":"test","lastname":"BANKING","dob":"19-12-1988","mob_no":"7010444138","panCard":"XXXXXX456A","email":"jack@gmail.com","ref1":"1","ref2":"1","comAdd":"Om hrad ntalatiof, holOmshre, talathioficeeachol, OmshreeSada9talathi","city":"MUMBAI","state":"MAHARASHTRA","pin_code":"622103","ISNRI":"N","update_emp_id":"b05uMHZQSHdmMzFQc1F4UXl3Y0tVZz09","edit":"0","policy_no":"460,461","subtype_text":"1","sum_insure":"500000","anuual_income":"","occupation":"7","familyConstruct":"2A","family_members_id":"1","family_gender":"Female","first_name":"sfdfdf","last_name":"dsf","family_date_birth":"09-04-1970","age":"51","age_type":" years","tenure":"1 Year","premiumgci":"2800","family_id":"","s_date":"","marriage_date":"","premium":"undefined","policyNo":"460,461","familyDataType":"undefined","empId":"b05uMHZQSHdmMzFQc1F4UXl3Y0tVZz09","product":"YFsa5f4cb15ead28c","declare":"[]","gender":"Male","gci_options":"Yes"} [] []
[2021-04-22 12:44:12] generateOTP.INFO: test [] []
[2021-04-22 12:44:24] generateOTP.INFO: {"salutation":"1","firstname":"test","lastname":"BANKING","dob":"19-12-1988","mob_no":"7010444138","panCard":"XXXXXX456A","email":"jack@gmail.com","ref1":"1","ref2":"1","comAdd":"Om hrad ntalatiof, holOmshre, talathioficeeachol, OmshreeSada9talathi","city":"Illuppur","state":"TAMIL NADU","pin_code":"622103","ISNRI":"N","update_emp_id":"b05uMHZQSHdmMzFQc1F4UXl3Y0tVZz09","edit":"0","policy_no":"460,461","subtype_text":"1","sum_insure":"500000","anuual_income":"","occupation":"5","familyConstruct":"2A","family_members_id":"0","family_gender":"Male","first_name":"test","last_name":"BANKING","family_date_birth":"19-12-1988","age":"32","age_type":" years","tenure":"1 Year","premiumgci":"0","family_id":"","s_date":"09-04-1970","marriage_date":"","premium":"undefined","policyNo":"460,461","familyDataType":"undefined","empId":"b05uMHZQSHdmMzFQc1F4UXl3Y0tVZz09","product":"YFsa5f4cb15ead28c","declare":"[]","gender":"Male","gci_options":"Yes"} [] []
[2021-04-22 12:44:41] generateOTP.INFO: {"salutation":"1","firstname":"test","lastname":"BANKING","dob":"19-12-1988","mob_no":"7010444138","panCard":"XXXXXX456A","email":"jack@gmail.com","ref1":"1","ref2":"1","comAdd":"Om hrad ntalatiof, holOmshre, talathioficeeachol, OmshreeSada9talathi","city":"Illuppur","state":"TAMIL NADU","pin_code":"622103","ISNRI":"N","update_emp_id":"b05uMHZQSHdmMzFQc1F4UXl3Y0tVZz09","edit":"0","policy_no":"460,461","subtype_text":"1","sum_insure":"500000","anuual_income":"","occupation":"5","familyConstruct":"2A","family_members_id":"1","family_gender":"Female","first_name":"test","last_name":"","family_date_birth":"02-04-1970","age":"51","age_type":" years","tenure":"1 Year","premiumgci":"2800","family_id":"","s_date":"09-04-1970","marriage_date":"","premium":"undefined","policyNo":"460,461","familyDataType":"undefined","empId":"b05uMHZQSHdmMzFQc1F4UXl3Y0tVZz09","product":"YFsa5f4cb15ead28c","declare":"[]","gender":"Male","gci_options":"Yes"} [] []
[2021-04-22 12:46:58] generateOTP.INFO: {"salutation":"1","firstname":"test","lastname":"BANKING","dob":"19-12-1988","mob_no":"7010444138","panCard":"XXXXXX456A","email":"jack@gmail.com","ref1":"1","ref2":"1","comAdd":"Om hrad ntalatiof, holOmshre, talathioficeeachol, OmshreeSada9talathi","city":"Illuppur","state":"TAMIL NADU","pin_code":"622103","ISNRI":"N","update_emp_id":"b05uMHZQSHdmMzFQc1F4UXl3Y0tVZz09","edit":"0","policy_no":"460,461","subtype_text":"1","sum_insure":"500000","anuual_income":"0","occupation":"5","familyConstruct":"2A","family_members_id":"1","family_gender":"Female","first_name":"ss","last_name":"ss","family_date_birth":"16-04-1970","age":"51","age_type":" years","tenure":"1 Year","premiumgci":"5600","family_id":"","s_date":"09-04-1970","marriage_date":"","premium":"undefined","policyNo":"460,461","familyDataType":"undefined","empId":"b05uMHZQSHdmMzFQc1F4UXl3Y0tVZz09","product":"YFsa5f4cb15ead28c","declare":"[]","gender":"Male","gci_options":"Yes"} [] []
[2021-04-22 13:00:17] generateOTP.INFO: test [] []
[2021-04-22 13:00:19] generateOTP.INFO: test [] []
[2021-04-22 13:00:31] generateOTP.INFO: test [] []
[2021-04-22 13:01:01] generateOTP.INFO: test [] []
[2021-04-22 13:10:32] generateOTP.INFO: test [] []
[2021-04-22 13:12:27] generateOTP.INFO: test [] []
[2021-04-22 13:12:40] generateOTP.INFO: test [] []
[2021-04-22 13:19:35] generateOTP.INFO: {"salutation":"1","firstname":"test","lastname":"BANKING","dob":"19-12-1988","mob_no":"7010444138","panCard":"XXXXXX456A","email":"jack@gmail.com","ref1":"1","ref2":"1","comAdd":"Om hrad ntalatiof, holOmshre, talathioficeeachol, OmshreeSada9talathi","city":"Illuppur","state":"TAMIL NADU","pin_code":"622103","ISNRI":"N","update_emp_id":"b05uMHZQSHdmMzFQc1F4UXl3Y0tVZz09","edit":"0","policy_no":"460,461","subtype_text":"1","sum_insure":"500000","anuual_income":"0","occupation":"5","familyConstruct":"2A","family_members_id":"0","family_gender":"Male","first_name":"test","last_name":"BANKING","family_date_birth":"19-12-1988","age":"32","age_type":" years","tenure":"1 Year","premiumgci":"5600","family_id":"","s_date":"09-04-1970","marriage_date":"","premium":"undefined","policyNo":"460,461","familyDataType":"undefined","empId":"b05uMHZQSHdmMzFQc1F4UXl3Y0tVZz09","product":"YFsa5f4cb15ead28c","declare":"[]","gender":"Male","gci_options":"Yes"} [] []
[2021-04-22 13:20:49] generateOTP.INFO: {"salutation":"1","firstname":"test","lastname":"BANKING","dob":"19-12-1988","mob_no":"7010444138","panCard":"XXXXXX456A","email":"jack@gmail.com","ref1":"1","ref2":"1","comAdd":"Om hrad ntalatiof, holOmshre, talathioficeeachol, OmshreeSada9talathi","city":"Illuppur","state":"TAMIL NADU","pin_code":"622103","ISNRI":"N","update_emp_id":"b05uMHZQSHdmMzFQc1F4UXl3Y0tVZz09","edit":"0","policy_no":"460,461","subtype_text":"1","sum_insure":"500000","anuual_income":"0","occupation":"5","familyConstruct":"2A","family_members_id":"0","family_gender":"Male","first_name":"test","last_name":"BANKING","family_date_birth":"19-12-1988","age":"32","age_type":" years","tenure":"1 Year","premiumgci":"5600","family_id":"","s_date":"09-04-1970","marriage_date":"","premium":"undefined","policyNo":"460,461","familyDataType":"undefined","empId":"b05uMHZQSHdmMzFQc1F4UXl3Y0tVZz09","product":"YFsa5f4cb15ead28c","declare":"[]","gender":"Male","gci_options":"Yes"} [] []
[2021-04-22 13:34:17] generateOTP.INFO: test [] []
[2021-04-22 13:34:20] generateOTP.INFO: test [] []
[2021-04-22 13:34:26] generateOTP.INFO: test [] []
[2021-04-22 13:34:38] generateOTP.INFO: test [] []
[2021-04-22 13:36:15] generateOTP.INFO: test [] []
[2021-04-22 13:37:20] generateOTP.INFO: test [] []
[2021-04-22 13:38:08] generateOTP.INFO: test [] []
[2021-04-22 13:41:12] generateOTP.INFO: test [] []
[2021-04-22 13:41:13] generateOTP.INFO: test [] []
[2021-04-22 13:41:24] generateOTP.INFO: test [] []
[2021-04-22 13:41:51] generateOTP.INFO: test [] []
[2021-04-22 13:51:34] generateOTP.INFO: test [] []
[2021-04-22 13:53:14] generateOTP.INFO: test [] []
[2021-04-22 14:04:07] generateOTP.INFO: test [] []
[2021-04-22 14:04:07] generateOTP.INFO: test [] []
[2021-04-22 14:04:08] generateOTP.INFO: test [] []
[2021-04-22 14:04:14] generateOTP.INFO: test [] []
[2021-04-22 14:04:24] generateOTP.INFO: test [] []
[2021-04-22 14:04:43] generateOTP.INFO: test [] []
[2021-04-22 14:05:33] generateOTP.INFO: test [] []
[2021-04-22 14:06:28] generateOTP.INFO: test [] []
[2021-04-22 14:06:36] generateOTP.INFO: test [] []
[2021-04-22 14:07:18] generateOTP.INFO: test [] []
[2021-04-22 14:07:25] generateOTP.INFO: test [] []
[2021-04-22 14:08:49] generateOTP.INFO: test [] []
[2021-04-22 14:08:55] generateOTP.INFO: test [] []
[2021-04-22 14:09:03] generateOTP.INFO: test [] []
[2021-04-22 14:09:13] generateOTP.INFO: test [] []
[2021-04-22 14:10:53] generateOTP.INFO: test [] []
[2021-04-22 14:10:59] generateOTP.INFO: test [] []
[2021-04-22 14:12:29] generateOTP.INFO: test [] []
[2021-04-22 14:12:40] generateOTP.INFO: test [] []
[2021-04-22 14:12:40] generateOTP.INFO: test [] []
[2021-04-22 14:12:58] generateOTP.INFO: test [] []
[2021-04-22 14:12:59] generateOTP.INFO: test [] []
[2021-04-22 14:13:03] generateOTP.INFO: test [] []
[2021-04-22 14:13:03] generateOTP.INFO: test [] []
[2021-04-22 14:13:07] generateOTP.INFO: test [] []
[2021-04-22 14:13:07] generateOTP.INFO: test [] []
[2021-04-22 14:13:07] generateOTP.INFO: test [] []
[2021-04-22 14:13:08] generateOTP.INFO: test [] []
[2021-04-22 14:13:19] generateOTP.INFO: test [] []
[2021-04-22 14:13:19] generateOTP.INFO: test [] []
[2021-04-22 14:13:27] generateOTP.INFO: test [] []
[2021-04-22 14:13:27] generateOTP.INFO: test [] []
[2021-04-22 14:13:27] generateOTP.INFO: test [] []
[2021-04-22 14:13:27] generateOTP.INFO: test [] []
[2021-04-22 14:15:46] generateOTP.INFO: test [] []
[2021-04-22 14:15:46] generateOTP.INFO: test [] []
[2021-04-22 14:16:03] generateOTP.INFO: test [] []
[2021-04-22 14:16:03] generateOTP.INFO: test [] []
[2021-04-22 14:16:03] generateOTP.INFO: test [] []
[2021-04-22 14:16:03] generateOTP.INFO: test [] []
[2021-04-22 14:16:12] generateOTP.INFO: test [] []
[2021-04-22 14:16:12] generateOTP.INFO: test [] []
[2021-04-22 14:16:16] generateOTP.INFO: test [] []
[2021-04-22 14:16:17] generateOTP.INFO: test [] []
[2021-04-22 14:16:27] generateOTP.INFO: test [] []
[2021-04-22 14:16:28] generateOTP.INFO: test [] []
[2021-04-22 14:16:33] generateOTP.INFO: test [] []
[2021-04-22 14:16:33] generateOTP.INFO: test [] []
[2021-04-22 14:18:47] generateOTP.INFO: test [] []
[2021-04-22 14:18:48] generateOTP.INFO: test [] []
[2021-04-22 14:24:07] generateOTP.INFO: test [] []
[2021-04-22 14:24:10] generateOTP.INFO: test [] []
[2021-04-22 14:24:16] generateOTP.INFO: test [] []
[2021-04-22 14:24:17] generateOTP.INFO: test [] []
[2021-04-22 14:24:28] generateOTP.INFO: test [] []
[2021-04-22 14:24:30] generateOTP.INFO: test [] []
[2021-04-22 14:25:49] generateOTP.INFO: test [] []
[2021-04-22 14:25:50] generateOTP.INFO: test [] []
[2021-04-22 14:26:12] generateOTP.INFO: test [] []
[2021-04-22 14:26:12] generateOTP.INFO: test [] []
[2021-04-22 14:30:37] generateOTP.INFO: test [] []
[2021-04-22 14:31:08] generateOTP.INFO: test [] []
[2021-04-22 14:33:38] generateOTP.INFO: test [] []
[2021-04-22 14:33:39] generateOTP.INFO: test [] []
[2021-04-22 14:33:41] generateOTP.INFO: test [] []
[2021-04-22 14:33:42] generateOTP.INFO: test [] []
[2021-04-22 14:34:53] generateOTP.INFO: test [] []
[2021-04-22 14:34:54] generateOTP.INFO: test [] []
[2021-04-22 14:36:54] generateOTP.INFO: test [] []
[2021-04-22 14:36:54] generateOTP.INFO: test [] []
[2021-04-22 14:37:07] generateOTP.INFO: test [] []
[2021-04-22 14:37:07] generateOTP.INFO: test [] []
[2021-04-22 14:56:27] generateOTP.INFO: test [] []
[2021-04-22 14:56:53] generateOTP.INFO: {"salutation":"1","firstname":"test","lastname":"BANKING","dob":"19-12-1988","mob_no":"7010444138","panCard":"XXXXXX456A","email":"jack@gmail.com","ref1":"1","ref2":"1","comAdd":"Om hrad ntalatiof, holOmshre, talathioficeeachol, OmshreeSada9talathi","city":"Illuppur","state":"TAMIL NADU","pin_code":"622103","ISNRI":"N","update_emp_id":"b05uMHZQSHdmMzFQc1F4UXl3Y0tVZz09","edit":"0","policy_no":"460,461","subtype_text":"1","sum_insure":"500000","anuual_income":"","occupation":"5","familyConstruct":"1A","family_members_id":"0","family_gender":"Male","first_name":"test","last_name":"BANKING","family_date_birth":"19-12-1988","age":"32","age_type":" years","tenure":"1 Year","premiumgci":"","family_id":"","s_date":"09-04-1970","marriage_date":"","premium":"undefined","policyNo":"460,461","familyDataType":"undefined","empId":"b05uMHZQSHdmMzFQc1F4UXl3Y0tVZz09","product":"YFsa5f4cb15ead28c","declare":"[]","gender":"Male","gci_options":"Yes"} [] []
[2021-04-22 15:06:20] generateOTP.INFO: test [] []
[2021-04-22 15:09:41] generateOTP.INFO: test [] []
[2021-04-22 15:09:45] generateOTP.INFO: test [] []
[2021-04-22 15:09:45] generateOTP.INFO: test [] []
[2021-04-22 15:09:51] generateOTP.INFO: test [] []
[2021-04-22 15:09:56] generateOTP.INFO: test [] []
[2021-04-22 15:09:58] generateOTP.INFO: test [] []
[2021-04-22 15:09:59] generateOTP.INFO: test [] []
[2021-04-22 15:10:00] generateOTP.INFO: test [] []
[2021-04-22 15:10:00] generateOTP.INFO: test [] []
[2021-04-22 15:10:00] generateOTP.INFO: test [] []
[2021-04-22 15:10:00] generateOTP.INFO: test [] []
[2021-04-22 15:10:01] generateOTP.INFO: test [] []
[2021-04-22 15:10:01] generateOTP.INFO: test [] []
[2021-04-22 15:10:04] generateOTP.INFO: test [] []
[2021-04-22 15:11:56] generateOTP.INFO: test [] []
[2021-04-22 15:11:58] generateOTP.INFO: test [] []
[2021-04-22 15:12:04] generateOTP.INFO: test [] []
[2021-04-22 15:12:05] generateOTP.INFO: test [] []
[2021-04-22 15:12:09] generateOTP.INFO: test [] []
[2021-04-22 15:12:13] generateOTP.INFO: test [] []
[2021-04-22 15:13:04] generateOTP.INFO: test [] []
[2021-04-22 15:14:30] generateOTP.INFO: test [] []
[2021-04-22 15:14:32] generateOTP.INFO: test [] []
[2021-04-22 15:14:33] generateOTP.INFO: test [] []
[2021-04-22 15:16:09] generateOTP.INFO: test [] []
[2021-04-22 15:23:18] generateOTP.INFO: test [] []
[2021-04-22 15:23:33] generateOTP.INFO: {"salutation":"1","firstname":"test","lastname":"BANKING","dob":"19-12-1988","mob_no":"7010444138","panCard":"XXXXXX456A","email":"jack@gmail.com","ref1":"1","ref2":"1","comAdd":"Om hrad ntalatiof, holOmshre, talathioficeeachol, OmshreeSada9talathi","city":"Illuppur","state":"TAMIL NADU","pin_code":"622103","ISNRI":"N","update_emp_id":"b05uMHZQSHdmMzFQc1F4UXl3Y0tVZz09","edit":"0","policy_no":"460,461","subtype_text":"1","sum_insure":"500000","anuual_income":"","occupation":"5","familyConstruct":"1A","family_members_id":"0","family_gender":"Male","first_name":"test","last_name":"BANKING","family_date_birth":"19-12-1988","age":"32","age_type":" years","tenure":"1 Year","premiumgci":"0","family_id":"","s_date":"09-04-1970","marriage_date":"","premium":"undefined","policyNo":"460,461","familyDataType":"undefined","empId":"b05uMHZQSHdmMzFQc1F4UXl3Y0tVZz09","product":"YFsa5f4cb15ead28c","declare":"[]","gender":"Male","gci_options":"Yes"} [] []
[2021-04-22 15:24:26] generateOTP.INFO: test [] []
[2021-04-22 15:24:35] generateOTP.INFO: test [] []
[2021-04-22 15:24:41] generateOTP.INFO: test [] []
[2021-04-22 15:24:51] generateOTP.INFO: test [] []
[2021-04-22 15:25:11] generateOTP.INFO: {"salutation":"1","firstname":"test","lastname":"BANKING","dob":"19-12-1988","mob_no":"7010444138","panCard":"XXXXXX456A","email":"jack@gmail.com","ref1":"1","ref2":"1","comAdd":"Om hrad ntalatiof, holOmshre, talathioficeeachol, OmshreeSada9talathi","city":"Illuppur","state":"TAMIL NADU","pin_code":"622103","ISNRI":"N","update_emp_id":"b05uMHZQSHdmMzFQc1F4UXl3Y0tVZz09","edit":"0","policy_no":"460,461","subtype_text":"1","sum_insure":"500000","anuual_income":"","occupation":"5","familyConstruct":"1A","family_members_id":"0","family_gender":"Male","first_name":"test","last_name":"BANKING","family_date_birth":"19-12-1988","age":"32","age_type":" years","tenure":"1 Year","premiumgci":"","family_id":"","s_date":"09-04-1970","marriage_date":"","premium":"undefined","policyNo":"460,461","familyDataType":"undefined","empId":"b05uMHZQSHdmMzFQc1F4UXl3Y0tVZz09","product":"YFsa5f4cb15ead28c","declare":"[]","gender":"Male","gci_options":"Yes"} [] []
[2021-04-22 15:25:17] generateOTP.INFO: test [] []
[2021-04-22 15:25:21] generateOTP.INFO: test [] []
[2021-04-22 15:27:24] generateOTP.INFO: test [] []
[2021-04-22 15:27:39] generateOTP.INFO: test [] []
[2021-04-22 15:28:49] generateOTP.INFO: {"salutation":"1","firstname":"test","lastname":"BANKING","dob":"19-12-1988","mob_no":"7010444138","panCard":"XXXXXX456A","email":"jack@gmail.com","ref1":"1","ref2":"1","comAdd":"Om hrad ntalatiof, holOmshre, talathioficeeachol, OmshreeSada9talathi","city":"Illuppur","state":"TAMIL NADU","pin_code":"622103","ISNRI":"N","update_emp_id":"b05uMHZQSHdmMzFQc1F4UXl3Y0tVZz09","edit":"0","policy_no":"460,461","subtype_text":"1","sum_insure":"500000","anuual_income":"","occupation":"5","familyConstruct":"1A","family_members_id":"0","family_gender":"Male","first_name":"test","last_name":"BANKING","family_date_birth":"19-12-1988","age":"32","age_type":" years","tenure":"1 Year","premiumgci":"0","family_id":"","s_date":"09-04-1970","marriage_date":"","premium":"undefined","policyNo":"460,461","familyDataType":"undefined","empId":"b05uMHZQSHdmMzFQc1F4UXl3Y0tVZz09","product":"YFsa5f4cb15ead28c","declare":"[]","gender":"Male","gci_options":"Yes"} [] []
[2021-04-22 15:30:17] generateOTP.INFO: test [] []
[2021-04-22 15:32:13] generateOTP.INFO: test [] []
[2021-04-22 15:32:23] generateOTP.INFO: {"salutation":"1","firstname":"test","lastname":"BANKING","dob":"19-12-1988","mob_no":"7010444138","panCard":"XXXXXX456A","email":"jack@gmail.com","ref1":"1","ref2":"1","comAdd":"Om hrad ntalatiof, holOmshre, talathioficeeachol, OmshreeSada9talathi","city":"Illuppur","state":"TAMIL NADU","pin_code":"622103","ISNRI":"N","update_emp_id":"b05uMHZQSHdmMzFQc1F4UXl3Y0tVZz09","edit":"0","policy_no":"460,461","subtype_text":"1","sum_insure":"500000","anuual_income":"","occupation":"5","familyConstruct":"1A","family_members_id":"0","family_gender":"Male","first_name":"test","last_name":"BANKING","family_date_birth":"19-12-1988","age":"32","age_type":" years","tenure":"1 Year","premiumgci":"0","family_id":"","s_date":"09-04-1970","marriage_date":"","premium":"undefined","policyNo":"460,461","familyDataType":"undefined","empId":"b05uMHZQSHdmMzFQc1F4UXl3Y0tVZz09","product":"YFsa5f4cb15ead28c","declare":"[]","gender":"Male","gci_options":"Yes"} [] []
[2021-04-22 15:58:52] generateOTP.INFO: test [] []
[2021-04-22 16:00:11] generateOTP.INFO: test [] []
[2021-04-22 16:00:34] generateOTP.INFO: test [] []
[2021-04-22 16:02:31] generateOTP.INFO: test [] []
[2021-04-22 16:02:47] generateOTP.INFO: test [] []
[2021-04-22 16:15:28] generateOTP.INFO: test [] []
[2021-04-22 16:25:21] generateOTP.INFO: test [] []
[2021-04-22 16:25:22] generateOTP.INFO: test [] []
[2021-04-22 16:25:46] generateOTP.INFO: test [] []
[2021-04-22 16:25:46] generateOTP.INFO: test [] []
[2021-04-22 16:25:46] generateOTP.INFO: test [] []
[2021-04-22 16:25:46] generateOTP.INFO: test [] []
[2021-04-22 16:26:10] generateOTP.INFO: test [] []
[2021-04-22 16:26:10] generateOTP.INFO: test [] []
[2021-04-22 16:26:10] generateOTP.INFO: test [] []
[2021-04-22 16:26:20] generateOTP.INFO: test [] []
[2021-04-22 16:26:37] generateOTP.INFO: test [] []
[2021-04-22 16:26:37] generateOTP.INFO: test [] []
[2021-04-22 16:26:51] generateOTP.INFO: test [] []
[2021-04-22 16:26:51] generateOTP.INFO: test [] []
[2021-04-22 16:27:07] generateOTP.INFO: test [] []
[2021-04-22 16:27:07] generateOTP.INFO: test [] []
[2021-04-22 16:27:07] generateOTP.INFO: test [] []
[2021-04-22 16:27:08] generateOTP.INFO: test [] []
[2021-04-22 16:28:12] generateOTP.INFO: test [] []
[2021-04-22 16:28:13] generateOTP.INFO: test [] []
[2021-04-22 16:28:49] generateOTP.INFO: test [] []
[2021-04-22 16:28:53] generateOTP.INFO: test [] []
[2021-04-22 16:28:53] generateOTP.INFO: test [] []
[2021-04-22 16:29:13] generateOTP.INFO: test [] []
[2021-04-22 16:29:26] generateOTP.INFO: test [] []
[2021-04-22 16:34:52] generateOTP.INFO: test [] []
[2021-04-22 16:35:35] generateOTP.INFO: test [] []
[2021-04-22 16:35:36] generateOTP.INFO: test [] []
[2021-04-22 16:35:54] generateOTP.INFO: test [] []
[2021-04-22 16:38:05] generateOTP.INFO: test [] []
[2021-04-22 16:38:25] generateOTP.INFO: test [] []
[2021-04-22 16:38:28] generateOTP.INFO: test [] []
[2021-04-22 16:38:35] generateOTP.INFO: test [] []
[2021-04-22 16:39:36] generateOTP.INFO: test [] []
[2021-04-22 16:39:36] generateOTP.INFO: test [] []
[2021-04-22 16:39:36] generateOTP.INFO: test [] []
[2021-04-22 16:39:37] generateOTP.INFO: test [] []
[2021-04-22 16:41:36] generateOTP.INFO: test [] []
[2021-04-22 16:41:37] generateOTP.INFO: test [] []
[2021-04-22 16:41:45] generateOTP.INFO: test [] []
[2021-04-22 16:41:45] generateOTP.INFO: test [] []
[2021-04-22 16:41:45] generateOTP.INFO: test [] []
[2021-04-22 16:41:46] generateOTP.INFO: test [] []
[2021-04-22 16:41:48] generateOTP.INFO: test [] []
[2021-04-22 16:41:48] generateOTP.INFO: test [] []
[2021-04-22 16:41:51] generateOTP.INFO: test [] []
[2021-04-22 16:41:51] generateOTP.INFO: test [] []
[2021-04-22 16:41:56] generateOTP.INFO: test [] []
[2021-04-22 16:41:56] generateOTP.INFO: test [] []
[2021-04-22 16:41:59] generateOTP.INFO: test [] []
[2021-04-22 16:41:59] generateOTP.INFO: test [] []
[2021-04-22 16:42:58] generateOTP.INFO: test [] []
[2021-04-22 16:43:11] generateOTP.INFO: test [] []
[2021-04-22 16:43:15] generateOTP.INFO: test [] []
[2021-04-22 16:43:38] generateOTP.INFO: test [] []
[2021-04-22 16:43:41] generateOTP.INFO: test [] []
[2021-04-22 16:43:41] generateOTP.INFO: test [] []
[2021-04-22 16:43:42] generateOTP.INFO: test [] []
[2021-04-22 16:44:08] generateOTP.INFO: test [] []
[2021-04-22 16:44:09] generateOTP.INFO: test [] []
[2021-04-22 16:44:43] generateOTP.INFO: test [] []
[2021-04-22 16:44:46] generateOTP.INFO: test [] []
[2021-04-22 16:46:18] generateOTP.INFO: test [] []
[2021-04-22 16:50:44] generateOTP.INFO: test [] []
[2021-04-22 16:51:08] generateOTP.INFO: test [] []
[2021-04-22 16:51:17] generateOTP.INFO: test [] []
[2021-04-22 16:51:17] generateOTP.INFO: test [] []
[2021-04-22 16:52:08] generateOTP.INFO: test [] []
[2021-04-22 16:52:08] generateOTP.INFO: test [] []
[2021-04-22 16:52:09] generateOTP.INFO: test [] []
[2021-04-22 16:52:09] generateOTP.INFO: test [] []
[2021-04-22 16:52:09] generateOTP.INFO: test [] []
[2021-04-22 16:52:57] generateOTP.INFO: test [] []
[2021-04-22 16:53:11] generateOTP.INFO: test [] []
[2021-04-22 16:53:11] generateOTP.INFO: test [] []
[2021-04-22 16:54:17] generateOTP.INFO: test [] []
[2021-04-22 16:54:17] generateOTP.INFO: test [] []
[2021-04-22 16:54:49] generateOTP.INFO: test [] []
[2021-04-22 16:54:50] generateOTP.INFO: test [] []
[2021-04-22 16:54:57] generateOTP.INFO: test [] []
[2021-04-22 16:54:57] generateOTP.INFO: test [] []
[2021-04-22 16:54:58] generateOTP.INFO: test [] []
[2021-04-22 16:54:58] generateOTP.INFO: test [] []
[2021-04-22 16:55:09] generateOTP.INFO: test [] []
[2021-04-22 16:55:09] generateOTP.INFO: test [] []
[2021-04-22 16:55:23] generateOTP.INFO: test [] []
[2021-04-22 16:55:27] generateOTP.INFO: test [] []
[2021-04-22 16:55:31] generateOTP.INFO: test [] []
[2021-04-22 16:55:31] generateOTP.INFO: test [] []
[2021-04-22 16:55:58] generateOTP.INFO: test [] []
[2021-04-22 16:56:14] generateOTP.INFO: test [] []
[2021-04-22 16:56:36] generateOTP.INFO: test [] []
[2021-04-22 16:57:09] generateOTP.INFO: test [] []
[2021-04-22 16:59:09] generateOTP.INFO: test [] []
[2021-04-22 16:59:28] generateOTP.INFO: test [] []
[2021-04-22 17:01:22] generateOTP.INFO: test [] []
[2021-04-22 17:01:22] generateOTP.INFO: test [] []
[2021-04-22 17:01:22] generateOTP.INFO: test [] []
[2021-04-22 17:01:22] generateOTP.INFO: test [] []
[2021-04-22 17:05:35] generateOTP.INFO: test [] []
[2021-04-22 17:06:00] generateOTP.INFO: test [] []
[2021-04-22 17:12:31] generateOTP.INFO: test [] []
[2021-04-22 17:12:32] generateOTP.INFO: test [] []
[2021-04-22 17:13:17] generateOTP.INFO: test [] []
[2021-04-22 17:13:17] generateOTP.INFO: test [] []
[2021-04-22 17:13:21] generateOTP.INFO: test [] []
[2021-04-22 17:13:22] generateOTP.INFO: test [] []
[2021-04-22 17:16:56] generateOTP.INFO: test [] []
[2021-04-22 17:17:08] generateOTP.INFO: test [] []
[2021-04-22 17:17:08] generateOTP.INFO: test [] []
[2021-04-22 17:17:08] generateOTP.INFO: test [] []
[2021-04-22 17:17:09] generateOTP.INFO: test [] []
[2021-04-22 17:18:13] generateOTP.INFO: test [] []
[2021-04-22 17:18:31] generateOTP.INFO: test [] []
[2021-04-22 17:18:51] generateOTP.INFO: test [] []
[2021-04-22 17:18:52] generateOTP.INFO: test [] []
[2021-04-22 17:18:54] generateOTP.INFO: test [] []
[2021-04-22 17:20:07] generateOTP.INFO: test [] []
[2021-04-22 17:20:32] generateOTP.INFO: test [] []
[2021-04-22 17:20:33] generateOTP.INFO: test [] []
[2021-04-22 17:22:55] generateOTP.INFO: test [] []
[2021-04-22 17:23:16] generateOTP.INFO: test [] []
[2021-04-22 17:23:56] generateOTP.INFO: test [] []
[2021-04-22 17:23:56] generateOTP.INFO: test [] []
[2021-04-22 17:24:06] generateOTP.INFO: test [] []
[2021-04-22 17:24:06] generateOTP.INFO: test [] []
[2021-04-22 17:24:07] generateOTP.INFO: test [] []
[2021-04-22 17:24:07] generateOTP.INFO: test [] []
[2021-04-22 17:24:21] generateOTP.INFO: test [] []
[2021-04-22 17:24:22] generateOTP.INFO: test [] []
[2021-04-22 17:27:33] generateOTP.INFO: test [] []
[2021-04-22 17:30:24] generateOTP.INFO: test [] []
[2021-04-22 17:30:28] generateOTP.INFO: test [] []
[2021-04-22 17:33:47] generateOTP.INFO: test [] []
[2021-04-22 17:37:05] generateOTP.INFO: test [] []
[2021-04-22 17:37:32] generateOTP.INFO: test [] []
[2021-04-22 17:37:33] generateOTP.INFO: test [] []
[2021-04-22 17:55:16] generateOTP.INFO: test [] []
[2021-04-22 18:00:09] generateOTP.INFO: test [] []
[2021-04-22 18:20:15] generateOTP.INFO: test [] []
[2021-04-22 18:20:17] generateOTP.INFO: test [] []
[2021-04-22 18:20:17] generateOTP.INFO: test [] []
[2021-04-22 18:20:28] generateOTP.INFO: test [] []
[2021-04-22 18:20:28] generateOTP.INFO: test [] []
[2021-04-22 18:30:13] generateOTP.INFO: test [] []
[2021-04-22 18:36:00] generateOTP.INFO: test [] []
[2021-04-22 18:36:22] generateOTP.INFO: test [] []
[2021-04-22 18:36:41] generateOTP.INFO: test [] []
[2021-04-22 18:37:33] generateOTP.INFO: test [] []
[2021-04-22 18:39:27] generateOTP.INFO: test [] []
[2021-04-22 18:44:34] generateOTP.INFO: test [] []
[2021-04-22 18:48:02] generateOTP.INFO: test [] []
[2021-04-22 18:59:00] generateOTP.INFO: test [] []
[2021-04-22 19:03:19] generateOTP.INFO: test [] []
[2021-04-22 19:05:20] generateOTP.INFO: test [] []
[2021-04-22 19:05:32] generateOTP.INFO: {"salutation":"1","firstname":"test","lastname":"BANKING","dob":"19-12-1988","mob_no":"7010444138","panCard":"XXXXXX456A","email":"jack@gmail.com","ref1":"1","ref2":"1","comAdd":"Om hrad ntalatiof, holOmshre, talathioficeeachol, OmshreeSada9talathi","city":"Illuppur","state":"TAMIL NADU","pin_code":"622103","ISNRI":"N","update_emp_id":"b05uMHZQSHdmMzFQc1F4UXl3Y0tVZz09","edit":"0","policy_no":"460,461","subtype_text":"1","sum_insure":"2000000","anuual_income":"900000","occupation":"5","familyConstruct":"1A","family_members_id":"0","family_gender":"Male","first_name":"test","last_name":"BANKING","family_date_birth":"19-12-1988","age":"32","age_type":" years","tenure":"1 Year","premiumgci":"0","family_id":"","s_date":"09-04-1970","marriage_date":"","premium":"undefined","policyNo":"460,461","familyDataType":"undefined","empId":"b05uMHZQSHdmMzFQc1F4UXl3Y0tVZz09","product":"YFsa5f4cb15ead28c","declare":"[]","gender":"Male","gci_options":"Yes"} [] []
[2021-04-22 19:05:43] generateOTP.INFO: test [] []
[2021-04-22 19:06:23] generateOTP.INFO: {"salutation":"1","firstname":"test","lastname":"BANKING","dob":"19-12-1988","mob_no":"7010444138","panCard":"XXXXXX456A","email":"jack@gmail.com","ref1":"1","ref2":"1","comAdd":"Om hrad ntalatiof, holOmshre, talathioficeeachol, OmshreeSada9talathi","city":"Illuppur","state":"TAMIL NADU","pin_code":"622103","ISNRI":"N","update_emp_id":"b05uMHZQSHdmMzFQc1F4UXl3Y0tVZz09","edit":"0","policy_no":"460,461","subtype_text":"1","sum_insure":"2000000","anuual_income":"900000","occupation":"5","familyConstruct":"2A","family_members_id":"0","family_gender":"Male","first_name":"test","last_name":"BANKING","family_date_birth":"19-12-1988","age":"32","age_type":" years","tenure":"1 Year","premiumgci":"","family_id":"","s_date":"09-04-1970","marriage_date":"","premium":"undefined","policyNo":"460,461","familyDataType":"undefined","empId":"b05uMHZQSHdmMzFQc1F4UXl3Y0tVZz09","product":"YFsa5f4cb15ead28c","declare":"[]","gender":"Male","gci_options":"Yes"} [] []
[2021-04-22 19:07:46] generateOTP.INFO: {"salutation":"1","firstname":"test","lastname":"BANKING","dob":"19-12-1988","mob_no":"7010444138","panCard":"XXXXXX456A","email":"jack@gmail.com","ref1":"1","ref2":"1","comAdd":"Om hrad ntalatiof, holOmshre, talathioficeeachol, OmshreeSada9talathi","city":"Illuppur","state":"TAMIL NADU","pin_code":"622103","ISNRI":"N","update_emp_id":"b05uMHZQSHdmMzFQc1F4UXl3Y0tVZz09","edit":"0","policy_no":"460,461","subtype_text":"1","sum_insure":"2000000","anuual_income":"900000","occupation":"5","familyConstruct":"2A","family_members_id":"1","family_gender":"Female","first_name":"sdsad","last_name":"","family_date_birth":"02-04-1970","age":"51","age_type":" years","tenure":"1 Year","premiumgci":"5700","family_id":"","s_date":"09-04-1970","marriage_date":"","premium":"undefined","policyNo":"460,461","familyDataType":"undefined","empId":"b05uMHZQSHdmMzFQc1F4UXl3Y0tVZz09","product":"YFsa5f4cb15ead28c","declare":"[]","gender":"Male","gci_options":"Yes"} [] []
[2021-04-22 19:08:03] generateOTP.INFO: test [] []
[2021-04-22 19:08:17] generateOTP.INFO: test [] []
[2021-04-22 20:05:15] generateOTP.INFO: test [] []
[2021-04-22 20:05:15] generateOTP.INFO: test [] []
[2021-04-22 20:05:23] generateOTP.INFO: test [] []
[2021-04-22 20:05:23] generateOTP.INFO: test [] []
