[2020-09-22 00:00:01] generateOTP.INFO: test [] []
[2020-09-22 00:00:03] generateOTP.INFO: test [] []
[2020-09-22 10:02:55] generateOTP.INFO: test [] []
[2020-09-22 10:04:54] generateOTP.INFO: test [] []
[2020-09-22 10:06:36] generateOTP.INFO: test [] []
[2020-09-22 10:06:46] generateOTP.INFO: test [] []
[2020-09-22 10:06:53] generateOTP.INFO: test [] []
[2020-09-22 10:06:53] generateOTP.INFO: test [] []
[2020-09-22 10:25:26] generateOTP.INFO: test [] []
[2020-09-22 10:25:28] generateOTP.INFO: test [] []
[2020-09-22 10:25:40] generateOTP.INFO: test [] []
[2020-09-22 10:26:36] generateOTP.INFO: test [] []
[2020-09-22 10:26:37] generateOTP.INFO: test [] []
[2020-09-22 10:29:44] generateOTP.INFO: test [] []
[2020-09-22 10:30:09] generateOTP.INFO: {"salutation":"1","firstname":"test","lastname":"BANKING","dob":"19-12-1970","mob_no":"7010444138","panCard":"XXXXXX456A","email":"jack@gmail.com","ref1":"1","ref2":"1","comAdd":"Om hrad ntalatiof, holOmshre, talathioficeeachol, OmshreeSada9talathi","city":"MUMBAI","state":"MAHARASHTRA","pin_code":"622103","ISNRI":"N","update_emp_id":"623323","edit":"0","policy_no":"403","subtype_text":"1","sum_insure":"500000","anuual_income":"","familyConstruct":"1A","family_members_id":"0","family_gender":"Male","first_name":"test","last_name":"BANKING","family_date_birth":"19-12-1970","age":"49","age_type":" years","tenure":"1 Year","family_id":"","s_date":"","marriage_date":"","premium":"13500","policyNo":"403","familyDataType":"undefined","empId":"623323","product":"NUKc5dd5468e43707","declare":"[]","gender":"Male","gci_options":"Yes"} [] []
[2020-09-22 10:30:42] generateOTP.INFO: {"salutation":"1","firstname":"test","lastname":"BANKING","dob":"19-12-1970","mob_no":"7010444138","panCard":"XXXXXX456A","email":"jack@gmail.com","ref1":"1","ref2":"1","comAdd":"Om hrad ntalatiof, holOmshre, talathioficeeachol, OmshreeSada9talathi","city":"MUMBAI","state":"MAHARASHTRA","pin_code":"622103","ISNRI":"N","update_emp_id":"623323","edit":"0","policy_no":"403","subtype_text":"1","sum_insure":"500000","anuual_income":"","familyConstruct":"1A","family_members_id":"1","family_gender":"Female","first_name":"SGGG","last_name":"testii","family_date_birth":"07-09-1972","age":"48","age_type":" years","tenure":"1 Year","family_id":"","s_date":"","marriage_date":"","premium":"13500","policyNo":"403","familyDataType":"undefined","empId":"623323","product":"NUKc5dd5468e43707","declare":"[]","gender":"Male","gci_options":"Yes"} [] []
[2020-09-22 10:31:49] generateOTP.INFO: {"salutation":"1","firstname":"test","lastname":"BANKING","dob":"19-12-1970","mob_no":"7010444138","panCard":"XXXXXX456A","email":"jack@gmail.com","ref1":"1","ref2":"1","comAdd":"Om hrad ntalatiof, holOmshre, talathioficeeachol, OmshreeSada9talathi","city":"MUMBAI","state":"MAHARASHTRA","pin_code":"622103","ISNRI":"N","update_emp_id":"623323","edit":"0","policy_no":"403","subtype_text":"1","sum_insure":"500000","anuual_income":"","familyConstruct":"2A","family_members_id":"0","family_gender":"Male","first_name":"test","last_name":"BANKING","family_date_birth":"19-12-1970","age":"49","age_type":" years","tenure":"1 Year","family_id":"","s_date":"","marriage_date":"","premium":"23000","policyNo":"403","familyDataType":"undefined","empId":"623323","product":"NUKc5dd5468e43707","declare":"[]","gender":"Male","gci_options":"Yes"} [] []
[2020-09-22 10:33:51] generateOTP.INFO: test [] []
[2020-09-22 10:34:16] generateOTP.INFO: {"salutation":"2","firstname":"swati","lastname":"BANKING","dob":"19-12-1972","mob_no":"7010444138","panCard":"XXXXXX456A","email":"jack@gmail.com","ref1":"1","ref2":"1","comAdd":"Om hrad ntalatiof, holOmshre, talathioficeeachol, OmshreeSada9talathi","city":"MUMBAI","state":"MAHARASHTRA","pin_code":"622103","ISNRI":"N","update_emp_id":"623324","edit":"0","policy_no":"403","subtype_text":"1","sum_insure":"1000000","anuual_income":"","familyConstruct":"2A","family_members_id":"0","family_gender":"Male","first_name":"swati","last_name":"BANKING","family_date_birth":"19-12-1972","age":"47","age_type":" years","tenure":"1 Year","family_id":"","s_date":"","marriage_date":"","premium":"28000","policyNo":"403","familyDataType":"undefined","empId":"623324","product":"NUKc5dd5468e43707","declare":"[]","gender":"Male","gci_options":"Yes"} [] []
[2020-09-22 10:34:45] generateOTP.INFO: {"salutation":"2","firstname":"swati","lastname":"BANKING","dob":"19-12-1972","mob_no":"7010444138","panCard":"XXXXXX456A","email":"jack@gmail.com","ref1":"1","ref2":"1","comAdd":"Om hrad ntalatiof, holOmshre, talathioficeeachol, OmshreeSada9talathi","city":"MUMBAI","state":"MAHARASHTRA","pin_code":"622103","ISNRI":"N","update_emp_id":"623324","edit":"0","policy_no":"403","subtype_text":"1","sum_insure":"1000000","anuual_income":"","familyConstruct":"2A","family_members_id":"1","family_gender":"Female","first_name":"sgg","last_name":"testii","family_date_birth":"09-09-1970","age":"50","age_type":" years","tenure":"1 Year","family_id":"","s_date":"","marriage_date":"","premium":"28000","policyNo":"403","familyDataType":"undefined","empId":"623324","product":"NUKc5dd5468e43707","declare":"[]","gender":"Male","gci_options":"Yes"} [] []
[2020-09-22 10:34:50] generateOTP.INFO: test [] []
[2020-09-22 10:34:51] generateOTP.INFO: test [] []
[2020-09-22 10:35:06] generateOTP.INFO: test [] []
[2020-09-22 10:35:07] generateOTP.INFO: test [] []
[2020-09-22 10:35:08] generateOTP.INFO: test [] []
[2020-09-22 10:35:09] generateOTP.INFO: test [] []
[2020-09-22 10:35:12] generateOTP.INFO: test [] []
[2020-09-22 10:35:12] generateOTP.INFO: test [] []
[2020-09-22 10:35:12] generateOTP.INFO: test [] []
[2020-09-22 10:35:13] generateOTP.INFO: test [] []
[2020-09-22 10:35:15] generateOTP.INFO: test [] []
[2020-09-22 10:35:16] generateOTP.INFO: test [] []
[2020-09-22 10:35:26] generateOTP.INFO: test [] []
[2020-09-22 10:35:37] generateOTP.INFO: test [] []
[2020-09-22 10:35:39] generateOTP.INFO: test [] []
[2020-09-22 10:35:45] generateOTP.INFO: test [] []
[2020-09-22 10:35:55] generateOTP.INFO: test [] []
[2020-09-22 10:35:55] generateOTP.INFO: test [] []
[2020-09-22 10:35:58] generateOTP.INFO: test [] []
[2020-09-22 10:35:58] generateOTP.INFO: test [] []
[2020-09-22 10:35:59] generateOTP.INFO: test [] []
[2020-09-22 10:36:03] documentsSave.INFO: {"ops_type":"[\"0\",\"Y\"]","ids":"76"} [] []
[2020-09-22 10:36:03] documentsSaveFiles.INFO: [{"name":"Full Forms.jpeg","type":"image\/jpeg","tmp_name":"\/tmp\/php1jtJjz","error":0,"size":128214},{"name":"Full Forms.jpeg","type":"image\/jpeg","tmp_name":"\/tmp\/phpy2RBY9","error":0,"size":128214}] [] []
[2020-09-22 10:36:07] generateOTP.INFO: test [] []
[2020-09-22 10:36:08] generateOTP.INFO: test [] []
[2020-09-22 10:36:13] generateOTP.INFO: test [] []
[2020-09-22 10:36:27] generateOTP.INFO: test [] []
[2020-09-22 10:36:28] generateOTP.INFO: test [] []
[2020-09-22 10:36:31] generateOTP.INFO: test [] []
[2020-09-22 10:36:32] generateOTP.INFO: test [] []
[2020-09-22 10:36:45] generateOTP.INFO: test [] []
[2020-09-22 10:36:46] generateOTP.INFO: test [] []
[2020-09-22 10:36:47] generateOTP.INFO: test [] []
[2020-09-22 10:36:49] generateOTP.INFO: test [] []
[2020-09-22 10:36:52] generateOTP.INFO: test [] []
[2020-09-22 10:37:03] generateOTP.INFO: test [] []
[2020-09-22 10:37:03] generateOTP.INFO: test [] []
[2020-09-22 10:37:03] generateOTP.INFO: test [] []
[2020-09-22 10:37:13] generateOTP.INFO: test [] []
[2020-09-22 10:37:15] generateOTP.INFO: test [] []
[2020-09-22 10:38:20] generateOTP.INFO: test [] []
[2020-09-22 10:38:50] generateOTP.INFO: {"salutation":"1","firstname":"test","lastname":"BANKING","dob":"19-12-1970","mob_no":"7010444138","panCard":"XXXXXX456A","email":"jack@gmail.com","ref1":"1","ref2":"1","comAdd":"Om hrad ntalatiof, holOmshre, talathioficeeachol, OmshreeSada9talathi","city":"MUMBAI","state":"MAHARASHTRA","pin_code":"622103","ISNRI":"N","update_emp_id":"623325","edit":"0","policy_no":"403","subtype_text":"1","sum_insure":"1500000","anuual_income":"","familyConstruct":"2A","family_members_id":"0","family_gender":"Male","first_name":"test","last_name":"BANKING","family_date_birth":"19-12-1970","age":"49","age_type":" years","tenure":"1 Year","family_id":"","s_date":"","marriage_date":"","premium":"32500","policyNo":"403","familyDataType":"undefined","empId":"623325","product":"NUKc5dd5468e43707","declare":"[]","gender":"Male","gci_options":"Yes"} [] []
[2020-09-22 10:39:02] generateOTP.INFO: test [] []
[2020-09-22 10:39:34] generateOTP.INFO: {"salutation":"1","firstname":"test","lastname":"BANKING","dob":"19-12-1970","mob_no":"7010444138","panCard":"XXXXXX456A","email":"jack@gmail.com","ref1":"1","ref2":"1","comAdd":"Om hrad ntalatiof, holOmshre, talathioficeeachol, OmshreeSada9talathi","city":"MUMBAI","state":"MAHARASHTRA","pin_code":"622103","ISNRI":"N","update_emp_id":"623325","edit":"0","policy_no":"403","subtype_text":"1","sum_insure":"500000","anuual_income":"400000","familyConstruct":"2A","family_members_id":"0","family_gender":"Male","first_name":"test","last_name":"BANKING","family_date_birth":"19-12-1970","age":"49","age_type":" years","tenure":"1 Year","family_id":"","s_date":"","marriage_date":"","premium":"23000","policyNo":"403","familyDataType":"undefined","empId":"623325","product":"NUKc5dd5468e43707","declare":"[]","gender":"Male","gci_options":"Yes"} [] []
[2020-09-22 10:40:05] generateOTP.INFO: {"salutation":"1","firstname":"test","lastname":"BANKING","dob":"19-12-1970","mob_no":"7010444138","panCard":"XXXXXX456A","email":"jack@gmail.com","ref1":"1","ref2":"1","comAdd":"Om hrad ntalatiof, holOmshre, talathioficeeachol, OmshreeSada9talathi","city":"MUMBAI","state":"MAHARASHTRA","pin_code":"622103","ISNRI":"N","update_emp_id":"623325","edit":"0","policy_no":"403","subtype_text":"1","sum_insure":"500000","anuual_income":"400000","familyConstruct":"2A","family_members_id":"1","family_gender":"Female","first_name":"sggg","last_name":"testii","family_date_birth":"06-09-2001","age":"19","age_type":" years","tenure":"1 Year","family_id":"","s_date":"","marriage_date":"","premium":"23000","policyNo":"403","familyDataType":"undefined","empId":"623325","product":"NUKc5dd5468e43707","declare":"[]","gender":"Male","gci_options":"Yes"} [] []
[2020-09-22 10:40:07] generateOTP.INFO: test [] []
[2020-09-22 10:40:16] generateOTP.INFO: {"salutation":"1","firstname":"test","lastname":"BANKING","dob":"19-12-1970","mob_no":"7010444138","panCard":"XXXXXX456A","email":"jack@gmail.com","ref1":"1","ref2":"1","comAdd":"Om hrad ntalatiof, holOmshre, talathioficeeachol, OmshreeSada9talathi","city":"MUMBAI","state":"MAHARASHTRA","pin_code":"622103","ISNRI":"N","update_emp_id":"623325","edit":"0","policy_no":"403","subtype_text":"1","sum_insure":"500000","anuual_income":"400000","familyConstruct":"2A","family_members_id":"1","family_gender":"Female","first_name":"sggg","last_name":"testii","family_date_birth":"17-09-1970","age":"50","age_type":" years","tenure":"1 Year","family_id":"","s_date":"","marriage_date":"","premium":"23000","policyNo":"403","familyDataType":"undefined","empId":"623325","product":"NUKc5dd5468e43707","declare":"[]","gender":"Male","gci_options":"Yes"} [] []
[2020-09-22 10:40:19] generateOTP.INFO: test [] []
[2020-09-22 10:40:21] generateOTP.INFO: test [] []
[2020-09-22 10:40:27] generateOTP.INFO: test [] []
[2020-09-22 10:40:41] generateOTP.INFO: test [] []
[2020-09-22 10:41:14] generateOTP.INFO: test [] []
[2020-09-22 10:41:24] generateOTP.INFO: test [] []
[2020-09-22 10:41:29] generateOTP.INFO: test [] []
[2020-09-22 10:41:34] generateOTP.INFO: test [] []
[2020-09-22 10:41:40] generateOTP.INFO: test [] []
[2020-09-22 10:41:48] generateOTP.INFO: test [] []
[2020-09-22 10:41:50] generateOTP.INFO: test [] []
[2020-09-22 10:41:59] generateOTP.INFO: test [] []
[2020-09-22 10:42:12] generateOTP.INFO: test [] []
[2020-09-22 10:42:13] generateOTP.INFO: test [] []
[2020-09-22 10:42:34] generateOTP.INFO: test [] []
[2020-09-22 10:43:40] generateOTP.INFO: test [] []
[2020-09-22 10:43:41] generateOTP.INFO: test [] []
[2020-09-22 10:43:41] generateOTP.INFO: test [] []
[2020-09-22 10:43:43] generateOTP.INFO: test [] []
[2020-09-22 10:45:34] generateOTP.INFO: test [] []
[2020-09-22 10:45:44] generateOTP.INFO: test [] []
[2020-09-22 10:45:46] generateOTP.INFO: test [] []
[2020-09-22 10:46:23] generateOTP.INFO: test [] []
[2020-09-22 10:46:23] generateOTP.INFO: test [] []
[2020-09-22 10:46:23] generateOTP.INFO: test [] []
[2020-09-22 10:46:23] generateOTP.INFO: test [] []
[2020-09-22 10:46:57] generateOTP.INFO: test [] []
[2020-09-22 10:46:58] generateOTP.INFO: test [] []
[2020-09-22 10:46:58] generateOTP.INFO: test [] []
[2020-09-22 10:47:02] generateOTP.INFO: test [] []
[2020-09-22 10:47:09] generateOTP.INFO: test [] []
[2020-09-22 10:47:11] generateOTP.INFO: test [] []
[2020-09-22 10:48:06] generateOTP.INFO: test [] []
[2020-09-22 10:48:08] generateOTP.INFO: test [] []
[2020-09-22 10:48:31] generateOTP.INFO: test [] []
[2020-09-22 10:48:32] generateOTP.INFO: test [] []
[2020-09-22 10:48:32] generateOTP.INFO: test [] []
[2020-09-22 10:48:32] generateOTP.INFO: test [] []
[2020-09-22 10:48:53] generateOTP.INFO: test [] []
[2020-09-22 10:49:33] generateOTP.INFO: {"salutation":"1","firstname":"test","lastname":"BANKING","dob":"19-12-1970","mob_no":"7010444138","panCard":"XXXXXX456A","email":"jack@gmail.com","ref1":"1","ref2":"1","comAdd":"Om hrad ntalatiof, holOmshre, talathioficeeachol, OmshreeSada9talathi","city":"MUMBAI","state":"MAHARASHTRA","pin_code":"622103","ISNRI":"N","update_emp_id":"623326","edit":"0","policy_no":"403","subtype_text":"1","sum_insure":"1500000","anuual_income":"","familyConstruct":"2A","family_members_id":"0","family_gender":"Male","first_name":"test","last_name":"BANKING","family_date_birth":"19-12-1970","age":"49","age_type":" years","tenure":"1 Year","family_id":"","s_date":"","marriage_date":"","premium":"32500","policyNo":"403","familyDataType":"undefined","empId":"623326","product":"NUKc5dd5468e43707","declare":"[]","gender":"Male","gci_options":"Yes"} [] []
[2020-09-22 10:50:52] generateOTP.INFO: test [] []
[2020-09-22 10:51:10] generateOTP.INFO: test [] []
[2020-09-22 10:51:11] generateOTP.INFO: test [] []
[2020-09-22 10:51:58] generateOTP.INFO: test [] []
[2020-09-22 10:52:06] generateOTP.INFO: test [] []
[2020-09-22 10:53:11] generateOTP.INFO: test [] []
[2020-09-22 10:53:12] generateOTP.INFO: test [] []
[2020-09-22 10:53:36] generateOTP.INFO: test [] []
[2020-09-22 10:53:38] generateOTP.INFO: test [] []
[2020-09-22 10:53:41] generateOTP.INFO: test [] []
[2020-09-22 10:53:46] generateOTP.INFO: test [] []
[2020-09-22 10:53:47] generateOTP.INFO: test [] []
[2020-09-22 10:53:53] generateOTP.INFO: test [] []
[2020-09-22 10:54:37] generateOTP.INFO: {"salutation":"1","firstname":"test","lastname":"BANKING","dob":"19-12-1970","mob_no":"7010444138","panCard":"XXXXXX456A","email":"jack@gmail.com","ref1":"1","ref2":"1","comAdd":"Om hrad ntalatiof, holOmshre, talathioficeeachol, OmshreeSada9talathi","city":"MUMBAI","state":"MAHARASHTRA","pin_code":"622103","ISNRI":"N","update_emp_id":"623326","edit":"0","policy_no":"403","subtype_text":"1","sum_insure":"500000","anuual_income":"","familyConstruct":"2A","family_members_id":"0","family_gender":"Male","first_name":"test","last_name":"BANKING","family_date_birth":"19-12-1970","age":"49","age_type":" years","tenure":"1 Year","family_id":"","s_date":"","marriage_date":"","premium":"23000","policyNo":"403","familyDataType":"undefined","empId":"623326","product":"NUKc5dd5468e43707","declare":"[]","gender":"Male","gci_options":"Yes"} [] []
[2020-09-22 10:56:06] generateOTP.INFO: test [] []
[2020-09-22 10:56:17] generateOTP.INFO: test [] []
[2020-09-22 10:56:19] generateOTP.INFO: test [] []
[2020-09-22 10:56:28] generateOTP.INFO: test [] []
[2020-09-22 10:56:28] generateOTP.INFO: test [] []
[2020-09-22 10:56:28] generateOTP.INFO: test [] []
[2020-09-22 10:56:28] generateOTP.INFO: test [] []
[2020-09-22 10:56:33] generateOTP.INFO: test [] []
[2020-09-22 10:59:31] generateOTP.INFO: test [] []
[2020-09-22 10:59:41] generateOTP.INFO: test [] []
[2020-09-22 10:59:43] generateOTP.INFO: test [] []
[2020-09-22 11:12:19] generateOTP.INFO: test [] []
[2020-09-22 11:13:00] generateOTP.INFO: test [] []
[2020-09-22 11:13:16] generateOTP.INFO: test [] []
[2020-09-22 11:13:40] generateOTP.INFO: test [] []
[2020-09-22 11:13:52] generateOTP.INFO: test [] []
[2020-09-22 11:14:45] generateOTP.INFO: test [] []
[2020-09-22 11:15:03] generateOTP.INFO: test [] []
[2020-09-22 11:16:15] generateOTP.INFO: test [] []
[2020-09-22 11:16:56] generateOTP.INFO: test [] []
[2020-09-22 11:26:29] generateOTP.INFO: test [] []
[2020-09-22 11:31:58] generateOTP.INFO: test [] []
[2020-09-22 11:32:36] generateOTP.INFO: test [] []
[2020-09-22 11:33:12] generateOTP.INFO: test [] []
[2020-09-22 11:33:20] generateOTP.INFO: test [] []
[2020-09-22 11:33:23] generateOTP.INFO: test [] []
[2020-09-22 11:34:34] generateOTP.INFO: test [] []
[2020-09-22 11:34:34] generateOTP.INFO: test [] []
[2020-09-22 11:35:00] generateOTP.INFO: test [] []
[2020-09-22 11:36:39] generateOTP.INFO: test [] []
[2020-09-22 11:37:14] generateOTP.INFO: test [] []
[2020-09-22 11:43:12] generateOTP.INFO: test [] []
[2020-09-22 11:46:16] generateOTP.INFO: test [] []
[2020-09-22 11:46:17] generateOTP.INFO: test [] []
[2020-09-22 11:47:50] generateOTP.INFO: test [] []
[2020-09-22 11:47:51] generateOTP.INFO: test [] []
[2020-09-22 11:47:55] generateOTP.INFO: test [] []
[2020-09-22 11:47:56] generateOTP.INFO: test [] []
[2020-09-22 11:50:53] generateOTP.INFO: test [] []
[2020-09-22 11:51:00] generateOTP.INFO: test [] []
[2020-09-22 11:51:05] generateOTP.INFO: test [] []
[2020-09-22 11:51:06] generateOTP.INFO: test [] []
[2020-09-22 11:51:21] generateOTP.INFO: test [] []
[2020-09-22 11:51:22] generateOTP.INFO: test [] []
[2020-09-22 11:55:23] generateOTP.INFO: test [] []
[2020-09-22 11:55:24] generateOTP.INFO: test [] []
[2020-09-22 11:58:49] generateOTP.INFO: test [] []
[2020-09-22 11:58:50] generateOTP.INFO: test [] []
[2020-09-22 11:58:54] generateOTP.INFO: test [] []
[2020-09-22 11:58:55] generateOTP.INFO: test [] []
[2020-09-22 11:58:56] generateOTP.INFO: test [] []
[2020-09-22 11:58:57] generateOTP.INFO: test [] []
[2020-09-22 11:58:57] generateOTP.INFO: test [] []
[2020-09-22 11:58:58] generateOTP.INFO: test [] []
[2020-09-22 11:58:59] generateOTP.INFO: test [] []
[2020-09-22 11:58:59] generateOTP.INFO: test [] []
[2020-09-22 11:59:00] generateOTP.INFO: test [] []
[2020-09-22 11:59:00] generateOTP.INFO: test [] []
[2020-09-22 11:59:01] generateOTP.INFO: test [] []
[2020-09-22 11:59:01] generateOTP.INFO: test [] []
[2020-09-22 11:59:03] generateOTP.INFO: test [] []
[2020-09-22 11:59:03] generateOTP.INFO: test [] []
[2020-09-22 11:59:04] generateOTP.INFO: test [] []
[2020-09-22 11:59:04] generateOTP.INFO: test [] []
[2020-09-22 11:59:04] generateOTP.INFO: test [] []
[2020-09-22 11:59:05] generateOTP.INFO: test [] []
[2020-09-22 11:59:06] generateOTP.INFO: test [] []
[2020-09-22 11:59:06] generateOTP.INFO: test [] []
[2020-09-22 11:59:07] generateOTP.INFO: test [] []
[2020-09-22 11:59:07] generateOTP.INFO: test [] []
[2020-09-22 11:59:08] generateOTP.INFO: test [] []
[2020-09-22 11:59:08] generateOTP.INFO: test [] []
[2020-09-22 11:59:08] generateOTP.INFO: test [] []
[2020-09-22 11:59:09] generateOTP.INFO: test [] []
[2020-09-22 11:59:10] generateOTP.INFO: test [] []
[2020-09-22 12:01:54] generateOTP.INFO: test [] []
[2020-09-22 12:01:55] generateOTP.INFO: test [] []
[2020-09-22 12:01:56] generateOTP.INFO: test [] []
[2020-09-22 12:01:57] generateOTP.INFO: test [] []
[2020-09-22 12:01:57] generateOTP.INFO: test [] []
[2020-09-22 12:01:58] generateOTP.INFO: test [] []
[2020-09-22 12:01:58] generateOTP.INFO: test [] []
[2020-09-22 12:01:59] generateOTP.INFO: test [] []
[2020-09-22 12:02:00] generateOTP.INFO: test [] []
[2020-09-22 12:02:00] generateOTP.INFO: test [] []
[2020-09-22 12:02:01] generateOTP.INFO: test [] []
[2020-09-22 12:02:02] generateOTP.INFO: test [] []
[2020-09-22 12:02:02] generateOTP.INFO: test [] []
[2020-09-22 12:02:03] generateOTP.INFO: test [] []
[2020-09-22 12:02:03] generateOTP.INFO: test [] []
[2020-09-22 12:02:04] generateOTP.INFO: test [] []
[2020-09-22 12:02:04] generateOTP.INFO: test [] []
[2020-09-22 12:02:05] generateOTP.INFO: test [] []
[2020-09-22 12:02:05] generateOTP.INFO: test [] []
[2020-09-22 12:02:06] generateOTP.INFO: test [] []
[2020-09-22 12:02:07] generateOTP.INFO: test [] []
[2020-09-22 12:02:07] generateOTP.INFO: test [] []
[2020-09-22 12:02:08] generateOTP.INFO: test [] []
[2020-09-22 12:02:09] generateOTP.INFO: test [] []
[2020-09-22 12:02:09] generateOTP.INFO: test [] []
[2020-09-22 12:02:10] generateOTP.INFO: test [] []
[2020-09-22 12:02:11] generateOTP.INFO: test [] []
[2020-09-22 12:06:00] generateOTP.INFO: test [] []
[2020-09-22 12:06:01] generateOTP.INFO: test [] []
[2020-09-22 12:06:23] generateOTP.INFO: test [] []
[2020-09-22 12:06:24] generateOTP.INFO: test [] []
[2020-09-22 12:06:49] generateOTP.INFO: test [] []
[2020-09-22 12:06:49] generateOTP.INFO: test [] []
[2020-09-22 12:06:53] generateOTP.INFO: test [] []
[2020-09-22 12:06:53] generateOTP.INFO: test [] []
[2020-09-22 12:07:19] generateOTP.INFO: test [] []
[2020-09-22 12:07:20] generateOTP.INFO: test [] []
[2020-09-22 12:08:35] generateOTP.INFO: test [] []
[2020-09-22 12:08:36] generateOTP.INFO: test [] []
[2020-09-22 12:09:37] generateOTP.INFO: test [] []
[2020-09-22 12:09:38] generateOTP.INFO: test [] []
[2020-09-22 12:16:28] generateOTP.INFO: test [] []
[2020-09-22 12:16:29] generateOTP.INFO: test [] []
[2020-09-22 12:19:59] generateOTP.INFO: test [] []
[2020-09-22 12:20:00] generateOTP.INFO: test [] []
[2020-09-22 12:20:02] generateOTP.INFO: test [] []
[2020-09-22 12:20:03] generateOTP.INFO: test [] []
[2020-09-22 12:20:06] generateOTP.INFO: test [] []
[2020-09-22 12:20:06] generateOTP.INFO: test [] []
[2020-09-22 12:20:19] generateOTP.INFO: test [] []
[2020-09-22 12:20:19] generateOTP.INFO: test [] []
[2020-09-22 12:20:28] generateOTP.INFO: test [] []
[2020-09-22 12:20:28] generateOTP.INFO: test [] []
[2020-09-22 12:42:43] generateOTP.INFO: test [] []
[2020-09-22 12:42:44] generateOTP.INFO: test [] []
[2020-09-22 12:42:49] generateOTP.INFO: test [] []
[2020-09-22 12:42:50] generateOTP.INFO: test [] []
[2020-09-22 12:42:52] generateOTP.INFO: test [] []
[2020-09-22 12:42:52] generateOTP.INFO: test [] []
[2020-09-22 12:42:54] generateOTP.INFO: test [] []
[2020-09-22 12:42:55] generateOTP.INFO: test [] []
[2020-09-22 12:42:57] generateOTP.INFO: test [] []
[2020-09-22 12:42:58] generateOTP.INFO: test [] []
[2020-09-22 12:43:00] generateOTP.INFO: test [] []
[2020-09-22 12:43:01] generateOTP.INFO: test [] []
[2020-09-22 12:43:55] generateOTP.INFO: test [] []
[2020-09-22 12:43:56] generateOTP.INFO: test [] []
[2020-09-22 12:44:29] generateOTP.INFO: test [] []
[2020-09-22 12:44:30] generateOTP.INFO: test [] []
[2020-09-22 12:44:32] generateOTP.INFO: test [] []
[2020-09-22 12:44:51] generateOTP.INFO: test [] []
[2020-09-22 12:44:51] generateOTP.INFO: test [] []
[2020-09-22 12:47:11] generateOTP.INFO: test [] []
[2020-09-22 12:47:12] generateOTP.INFO: test [] []
[2020-09-22 12:47:16] generateOTP.INFO: test [] []
[2020-09-22 12:47:16] generateOTP.INFO: test [] []
[2020-09-22 12:47:35] generateOTP.INFO: test [] []
[2020-09-22 12:47:35] generateOTP.INFO: test [] []
[2020-09-22 12:47:37] generateOTP.INFO: test [] []
[2020-09-22 12:47:38] generateOTP.INFO: test [] []
[2020-09-22 12:58:28] generateOTP.INFO: test [] []
[2020-09-22 12:58:29] generateOTP.INFO: test [] []
[2020-09-22 12:58:31] generateOTP.INFO: test [] []
[2020-09-22 12:58:32] generateOTP.INFO: test [] []
[2020-09-22 12:58:35] generateOTP.INFO: test [] []
[2020-09-22 12:58:35] generateOTP.INFO: test [] []
[2020-09-22 12:59:11] generateOTP.INFO: test [] []
[2020-09-22 12:59:12] generateOTP.INFO: test [] []
[2020-09-22 12:59:46] generateOTP.INFO: test [] []
[2020-09-22 12:59:46] generateOTP.INFO: test [] []
[2020-09-22 13:00:41] generateOTP.INFO: test [] []
[2020-09-22 13:00:47] generateOTP.INFO: test [] []
[2020-09-22 13:00:49] generateOTP.INFO: test [] []
[2020-09-22 13:00:57] generateOTP.INFO: test [] []
[2020-09-22 13:00:58] generateOTP.INFO: test [] []
[2020-09-22 13:07:47] generateOTP.INFO: test [] []
[2020-09-22 13:07:47] generateOTP.INFO: test [] []
[2020-09-22 13:07:49] generateOTP.INFO: test [] []
[2020-09-22 13:07:50] generateOTP.INFO: test [] []
[2020-09-22 13:07:52] generateOTP.INFO: test [] []
[2020-09-22 13:07:52] generateOTP.INFO: test [] []
[2020-09-22 13:07:52] generateOTP.INFO: test [] []
[2020-09-22 13:07:53] generateOTP.INFO: test [] []
[2020-09-22 13:07:56] generateOTP.INFO: test [] []
[2020-09-22 13:07:57] generateOTP.INFO: test [] []
[2020-09-22 13:08:30] generateOTP.INFO: test [] []
[2020-09-22 13:08:31] generateOTP.INFO: test [] []
[2020-09-22 13:09:04] generateOTP.INFO: test [] []
[2020-09-22 13:11:07] generateOTP.INFO: test [] []
[2020-09-22 13:16:08] generateOTP.INFO: test [] []
[2020-09-22 13:16:09] generateOTP.INFO: test [] []
[2020-09-22 13:16:35] generateOTP.INFO: test [] []
[2020-09-22 13:16:37] generateOTP.INFO: test [] []
[2020-09-22 13:17:19] generateOTP.INFO: test [] []
[2020-09-22 13:17:19] generateOTP.INFO: test [] []
[2020-09-22 13:17:33] generateOTP.INFO: test [] []
[2020-09-22 13:17:33] generateOTP.INFO: test [] []
[2020-09-22 13:18:22] generateOTP.INFO: test [] []
[2020-09-22 13:18:22] generateOTP.INFO: test [] []
[2020-09-22 13:18:36] generateOTP.INFO: test [] []
[2020-09-22 13:18:36] generateOTP.INFO: test [] []
[2020-09-22 13:18:40] generateOTP.INFO: test [] []
[2020-09-22 13:18:41] generateOTP.INFO: test [] []
[2020-09-22 13:18:44] generateOTP.INFO: test [] []
[2020-09-22 13:18:44] generateOTP.INFO: test [] []
[2020-09-22 13:19:00] generateOTP.INFO: test [] []
[2020-09-22 13:19:03] generateOTP.INFO: test [] []
[2020-09-22 13:19:10] generateOTP.INFO: test [] []
[2020-09-22 13:19:10] generateOTP.INFO: test [] []
[2020-09-22 13:19:11] generateOTP.INFO: test [] []
[2020-09-22 13:19:12] generateOTP.INFO: test [] []
[2020-09-22 13:19:20] generateOTP.INFO: test [] []
[2020-09-22 13:19:20] generateOTP.INFO: test [] []
[2020-09-22 13:19:20] generateOTP.INFO: test [] []
[2020-09-22 13:19:20] generateOTP.INFO: test [] []
[2020-09-22 13:20:02] generateOTP.INFO: test [] []
[2020-09-22 13:20:02] generateOTP.INFO: test [] []
[2020-09-22 13:20:02] generateOTP.INFO: test [] []
[2020-09-22 13:20:02] generateOTP.INFO: test [] []
[2020-09-22 13:20:32] generateOTP.INFO: test [] []
[2020-09-22 13:20:32] generateOTP.INFO: test [] []
[2020-09-22 13:27:00] generateOTP.INFO: test [] []
[2020-09-22 13:29:50] generateOTP.INFO: test [] []
[2020-09-22 13:44:10] generateOTP.INFO: test [] []
[2020-09-22 13:44:11] generateOTP.INFO: test [] []
[2020-09-22 13:44:13] generateOTP.INFO: test [] []
[2020-09-22 13:44:14] generateOTP.INFO: test [] []
[2020-09-22 13:44:27] generateOTP.INFO: test [] []
[2020-09-22 13:44:28] generateOTP.INFO: test [] []
[2020-09-22 13:44:30] generateOTP.INFO: test [] []
[2020-09-22 13:44:30] generateOTP.INFO: test [] []
[2020-09-22 13:44:35] generateOTP.INFO: test [] []
[2020-09-22 13:44:35] generateOTP.INFO: test [] []
[2020-09-22 13:44:35] generateOTP.INFO: test [] []
[2020-09-22 13:44:36] generateOTP.INFO: test [] []
[2020-09-22 13:45:38] generateOTP.INFO: test [] []
[2020-09-22 13:45:38] generateOTP.INFO: test [] []
[2020-09-22 13:46:26] generateOTP.INFO: test [] []
[2020-09-22 13:46:26] generateOTP.INFO: test [] []
[2020-09-22 13:46:30] generateOTP.INFO: test [] []
[2020-09-22 13:46:30] generateOTP.INFO: test [] []
[2020-09-22 13:46:37] generateOTP.INFO: test [] []
[2020-09-22 13:46:37] generateOTP.INFO: test [] []
[2020-09-22 13:46:37] generateOTP.INFO: test [] []
[2020-09-22 13:46:37] generateOTP.INFO: test [] []
[2020-09-22 13:46:48] generateOTP.INFO: test [] []
[2020-09-22 13:46:49] generateOTP.INFO: test [] []
[2020-09-22 13:46:55] generateOTP.INFO: test [] []
[2020-09-22 13:46:56] generateOTP.INFO: test [] []
[2020-09-22 13:46:59] generateOTP.INFO: test [] []
[2020-09-22 13:47:04] generateOTP.INFO: test [] []
[2020-09-22 13:47:05] generateOTP.INFO: test [] []
[2020-09-22 13:47:39] generateOTP.INFO: test [] []
[2020-09-22 13:47:44] generateOTP.INFO: test [] []
[2020-09-22 13:47:47] generateOTP.INFO: test [] []
[2020-09-22 13:47:49] generateOTP.INFO: test [] []
[2020-09-22 13:47:50] generateOTP.INFO: test [] []
[2020-09-22 13:47:59] generateOTP.INFO: test [] []
[2020-09-22 13:48:02] generateOTP.INFO: test [] []
[2020-09-22 13:48:02] generateOTP.INFO: test [] []
[2020-09-22 13:48:09] generateOTP.INFO: test [] []
[2020-09-22 13:48:30] generateOTP.INFO: test [] []
[2020-09-22 13:53:23] generateOTP.INFO: test [] []
[2020-09-22 13:54:14] generateOTP.INFO: test [] []
[2020-09-22 13:55:06] generateOTP.INFO: test [] []
[2020-09-22 13:57:26] generateOTP.INFO: test [] []
[2020-09-22 13:58:04] generateOTP.INFO: test [] []
[2020-09-22 13:58:50] generateOTP.INFO: test [] []
[2020-09-22 14:00:48] generateOTP.INFO: test [] []
[2020-09-22 14:00:48] generateOTP.INFO: test [] []
[2020-09-22 14:01:23] generateOTP.INFO: test [] []
[2020-09-22 14:01:24] generateOTP.INFO: test [] []
[2020-09-22 14:01:38] generateOTP.INFO: test [] []
[2020-09-22 14:02:55] generateOTP.INFO: test [] []
[2020-09-22 14:02:57] generateOTP.INFO: test [] []
[2020-09-22 14:03:36] generateOTP.INFO: test [] []
[2020-09-22 14:03:45] generateOTP.INFO: test [] []
[2020-09-22 14:03:57] generateOTP.INFO: test [] []
[2020-09-22 14:04:22] generateOTP.INFO: test [] []
[2020-09-22 14:05:29] generateOTP.INFO: test [] []
[2020-09-22 14:05:46] generateOTP.INFO: test [] []
[2020-09-22 14:06:30] generateOTP.INFO: test [] []
[2020-09-22 14:14:22] generateOTP.INFO: test [] []
[2020-09-22 14:14:23] generateOTP.INFO: test [] []
[2020-09-22 14:14:28] generateOTP.INFO: test [] []
[2020-09-22 14:14:56] generateOTP.INFO: test [] []
[2020-09-22 14:18:03] generateOTP.INFO: test [] []
[2020-09-22 14:21:53] generateOTP.INFO: test [] []
[2020-09-22 14:52:08] generateOTP.INFO: test [] []
[2020-09-22 14:52:08] generateOTP.INFO: test [] []
[2020-09-22 14:52:29] generateOTP.INFO: test [] []
[2020-09-22 14:52:30] generateOTP.INFO: test [] []
[2020-09-22 14:52:31] generateOTP.INFO: test [] []
[2020-09-22 14:52:31] generateOTP.INFO: test [] []
[2020-09-22 14:52:34] generateOTP.INFO: test [] []
[2020-09-22 14:52:34] generateOTP.INFO: test [] []
[2020-09-22 14:52:34] generateOTP.INFO: test [] []
[2020-09-22 14:52:34] generateOTP.INFO: test [] []
[2020-09-22 14:52:49] generateOTP.INFO: test [] []
[2020-09-22 14:52:50] generateOTP.INFO: test [] []
[2020-09-22 14:53:17] generateOTP.INFO: test [] []
[2020-09-22 14:53:18] generateOTP.INFO: test [] []
[2020-09-22 14:54:48] generateOTP.INFO: test [] []
[2020-09-22 14:54:50] generateOTP.INFO: test [] []
[2020-09-22 14:55:20] generateOTP.INFO: test [] []
[2020-09-22 14:56:05] generateOTP.INFO: test [] []
[2020-09-22 14:56:14] generateOTP.INFO: test [] []
[2020-09-22 15:04:52] generateOTP.INFO: test [] []
[2020-09-22 15:04:53] generateOTP.INFO: test [] []
[2020-09-22 15:05:19] generateOTP.INFO: test [] []
[2020-09-22 15:05:20] generateOTP.INFO: test [] []
[2020-09-22 15:05:32] generateOTP.INFO: test [] []
[2020-09-22 15:11:39] generateOTP.INFO: test [] []
[2020-09-22 15:11:42] generateOTP.INFO: test [] []
[2020-09-22 15:13:07] generateOTP.INFO: test [] []
[2020-09-22 15:13:08] generateOTP.INFO: test [] []
[2020-09-22 15:15:50] generateOTP.INFO: test [] []
[2020-09-22 15:16:03] generateOTP.INFO: test [] []
[2020-09-22 15:16:22] generateOTP.INFO: test [] []
[2020-09-22 15:16:41] generateOTP.INFO: test [] []
[2020-09-22 15:16:53] generateOTP.INFO: test [] []
[2020-09-22 15:18:08] generateOTP.INFO: test [] []
[2020-09-22 15:18:24] generateOTP.INFO: test [] []
[2020-09-22 15:53:07] generateOTP.INFO: test [] []
[2020-09-22 15:53:08] generateOTP.INFO: test [] []
[2020-09-22 16:44:41] generateOTP.INFO: test [] []
[2020-09-22 17:25:58] generateOTP.INFO: test [] []
[2020-09-22 17:26:00] generateOTP.INFO: test [] []
[2020-09-22 18:23:44] generateOTP.INFO: test [] []
[2020-09-22 18:24:03] generateOTP.INFO: test [] []
[2020-09-22 18:24:06] generateOTP.INFO: test [] []
[2020-09-22 18:24:57] generateOTP.INFO: test [] []
[2020-09-22 18:25:53] generateOTP.INFO: test [] []
[2020-09-22 18:26:21] generateOTP.INFO: test [] []
[2020-09-22 18:26:23] generateOTP.INFO: test [] []
[2020-09-22 18:27:20] generateOTP.INFO: test [] []
[2020-09-22 18:27:26] generateOTP.INFO: test [] []
[2020-09-22 18:27:27] generateOTP.INFO: test [] []
[2020-09-22 18:43:58] generateOTP.INFO: test [] []
[2020-09-22 18:43:59] generateOTP.INFO: test [] []
[2020-09-22 19:07:51] generateOTP.INFO: test [] []
[2020-09-22 19:07:52] generateOTP.INFO: test [] []
[2020-09-22 19:07:53] generateOTP.INFO: test [] []
