[2020-10-22 10:40:55] generateOTP.INFO: test [] []
[2020-10-22 10:41:07] generateOTP.INFO: test [] []
[2020-10-22 12:29:56] generateOTP.INFO: test [] []
[2020-10-22 12:30:18] generateOTP.INFO: test [] []
[2020-10-22 12:31:08] generateOTP.INFO: test [] []
[2020-10-22 12:31:18] generateOTP.INFO: test [] []
[2020-10-22 12:31:26] generateOTP.INFO: test [] []
[2020-10-22 12:31:56] generateOTP.INFO: test [] []
[2020-10-22 12:32:23] generateOTP.INFO: test [] []
[2020-10-22 12:32:43] generateOTP.INFO: test [] []
[2020-10-22 12:33:37] generateOTP.INFO: test [] []
[2020-10-22 12:34:13] generateOTP.INFO: test [] []
[2020-10-22 12:34:47] generateOTP.INFO: test [] []
[2020-10-22 12:40:08] generateOTP.INFO: test [] []
[2020-10-22 14:58:05] generateOTP.INFO: test [] []
[2020-10-22 14:58:18] generateOTP.INFO: test [] []
[2020-10-22 14:58:56] generateOTP.INFO: test [] []
[2020-10-22 14:58:58] generateOTP.INFO: test [] []
[2020-10-22 14:59:00] generateOTP.INFO: test [] []
[2020-10-22 14:59:01] generateOTP.INFO: test [] []
[2020-10-22 14:59:03] generateOTP.INFO: test [] []
[2020-10-22 14:59:03] generateOTP.INFO: test [] []
[2020-10-22 14:59:03] generateOTP.INFO: test [] []
[2020-10-22 14:59:04] generateOTP.INFO: test [] []
[2020-10-22 14:59:09] generateOTP.INFO: test [] []
[2020-10-22 14:59:09] generateOTP.INFO: test [] []
[2020-10-22 14:59:19] generateOTP.INFO: test [] []
[2020-10-22 14:59:20] generateOTP.INFO: test [] []
[2020-10-22 17:13:14] generateOTP.INFO: test [] []
[2020-10-22 17:13:16] generateOTP.INFO: test [] []
[2020-10-22 17:13:32] generateOTP.INFO: test [] []
[2020-10-22 17:14:01] generateOTP.INFO: test [] []
[2020-10-22 17:14:52] generateOTP.INFO: test [] []
[2020-10-22 17:15:15] generateOTP.INFO: test [] []
[2020-10-22 17:15:38] generateOTP.INFO: test [] []
[2020-10-22 17:49:41] generateOTP.INFO: test [] []
[2020-10-22 17:49:42] generateOTP.INFO: test [] []
[2020-10-22 17:49:58] generateOTP.INFO: test [] []
[2020-10-22 17:49:59] generateOTP.INFO: test [] []
[2020-10-22 17:50:00] generateOTP.INFO: test [] []
[2020-10-22 17:50:01] generateOTP.INFO: test [] []
[2020-10-22 17:50:02] generateOTP.INFO: test [] []
[2020-10-22 17:50:03] generateOTP.INFO: test [] []
[2020-10-22 17:50:03] generateOTP.INFO: test [] []
[2020-10-22 17:50:03] generateOTP.INFO: test [] []
[2020-10-22 17:50:05] generateOTP.INFO: test [] []
[2020-10-22 17:50:05] generateOTP.INFO: test [] []
[2020-10-22 17:50:14] generateOTP.INFO: test [] []
[2020-10-22 17:50:15] generateOTP.INFO: test [] []
[2020-10-22 17:53:00] generateOTP.INFO: test [] []
[2020-10-22 17:54:30] generateOTP.INFO: test [] []
[2020-10-22 17:55:01] generateOTP.INFO: {"salutation":"1","firstname":"test","lastname":"BANKING","dob":"19-12-1988","mob_no":"7010444138","panCard":"XXXXXX456A","email":"jack@gmail.com","ref1":"1","ref2":"1","comAdd":"Om hrad ntalatiof, holOmshre, talathioficeeachol, OmshreeSada9talathi","city":"MUMBAI","state":"MAHARASHTRA","pin_code":"622103","ISNRI":"N","update_emp_id":"623502","edit":"0","policy_no":"392,393","subtype_text":"1","sum_insure":"500000","anuual_income":"","familyConstruct":"2A","family_members_id":"0","family_gender":"Male","first_name":"test","last_name":"BANKING","family_date_birth":"19-12-1988","age":"31","age_type":" years","tenure":"1 Year","family_id":"","s_date":"","marriage_date":"","premium":"11301.0016","policyNo":"392,393","familyDataType":"undefined","empId":"623502","product":"iWL65dcd54d9c5a65","declare":"[]","gender":"Male","gci_options":"Yes"} [] []
[2020-10-22 17:55:16] generateOTP.INFO: {"salutation":"1","firstname":"test","lastname":"BANKING","dob":"19-12-1988","mob_no":"7010444138","panCard":"XXXXXX456A","email":"jack@gmail.com","ref1":"1","ref2":"1","comAdd":"Om hrad ntalatiof, holOmshre, talathioficeeachol, OmshreeSada9talathi","city":"MUMBAI","state":"MAHARASHTRA","pin_code":"622103","ISNRI":"N","update_emp_id":"623502","edit":"0","policy_no":"392,393","subtype_text":"1","sum_insure":"500000","anuual_income":"","familyConstruct":"2A","family_members_id":"1","family_gender":"Female","first_name":"sass","last_name":"asdas","family_date_birth":"10-10-1990","age":"30","age_type":" years","tenure":"1 Year","family_id":"","s_date":"","marriage_date":"","premium":"11301.0016","policyNo":"392,393","familyDataType":"undefined","empId":"623502","product":"iWL65dcd54d9c5a65","declare":"[]","gender":"Male","gci_options":"Yes"} [] []
[2020-10-22 17:55:45] documentsSave.INFO: {"ops_type":"[]","ids":"243,244"} [] []
[2020-10-22 17:55:45] documentsSaveFiles.INFO: [] [] []
[2020-10-22 17:56:04] generateOTP.INFO: test [] []
[2020-10-22 17:56:22] generateOTP.INFO: test [] []
[2020-10-22 17:57:16] generateOTP.INFO: test [] []
[2020-10-22 17:57:42] full_quote_request1.INFO: {"ClientCreation":{"Member_Customer_ID":"234234234GHIR03","salutation":"Mr","firstName":"test","middleName":"","lastName":"BANKING","dateofBirth":"12\/19\/1988","gender":"M","educationalQualification":null,"pinCode":"622103","uidNo":"5478-2589-3688","maritalStatus":null,"nationality":"Indian","occupation":"O553","primaryEmailID":"jack@gmail.com","contactMobileNo":"7010444138","stdLandlineNo":null,"panNo":null,"passportNumber":null,"contactPerson":null,"annualIncome":null,"remarks":null,"startDate":"2020-10-22","endDate":null,"IdProof":"Adhaar Card","residenceProof":null,"ageProof":null,"others":null,"homeAddressLine1":"Om hrad ntalatiof, holOmshre, talathioficeeachol, OmshreeSada9talathi","homeAddressLine2":null,"homeAddressLine3":null,"homePinCode":"622103","homeArea":null,"homeContactMobileNo":null,"homeContactMobileNo2":null,"homeSTDLandlineNo":null,"homeFaxNo":null,"sameAsHomeAddress":"1","mailingAddressLine1":null,"mailingAddressLine2":null,"mailingAddressLine3":null,"mailingPinCode":null,"mailingArea":null,"mailingContactMobileNo":null,"mailingContactMobileNo2":null,"mailingSTDLandlineNo":null,"mailingSTDLandlineNo2":null,"mailingFaxNo":null,"bankAccountType":null,"bankAccountNo":null,"ifscCode":null,"GSTIN":null,"GSTRegistrationStatus":"Consumers","IsEIAavailable":"0","ApplyEIA":"0","EIAAccountNo":null,"EIAWith":"0","AccountType":null,"AddressProof":null,"DOBProof":null,"IdentityProof":null},"PolicyCreationRequest":{"Quotation_Number":"","MasterPolicyNumber":"61-20-00032-00-00","GroupID":"GRP003","Product_Code":"4211","SumInsured_Type":null,"Policy_Tanure":"1","Member_Type_Code":"M209","intermediaryCode":"2104794","AutoRenewal":"Y","intermediaryBranchCode":"10MHMUM01","agentSignatureDate":null,"Customer_Signature_Date":null,"businessSourceChannel":null,"AssignPolicy":"0","AssigneeName":null,"leadID":"343242344","Source_Name":"AXIS_GHI","SPID":"1","TCN":null,"CRTNO":null,"RefCode1":"1","RefCode2":"051","Employee_Number":"623502","enumIsEmployeeDiscount":null,"QuoteDate":null,"IsPayment":"0","PaymentMode":null,"PolicyproductComponents":[{"PlanCode":"4211","SumInsured":"500000","SchemeCode":"4112000003"}]},"MemObj":{"Member":[{"MemberNo":1,"Salutation":"Mr","First_Name":"test","Middle_Name":null,"Last_Name":"BANKING","Gender":"M","DateOfBirth":"12\/19\/1988","Relation_Code":"R001","Marital_Status":null,"height":"0.00","weight":"0","occupation":"O553","PrimaryMember":"Y","MemberproductComponents":[{"PlanCode":"4211","MemberQuestionDetails":[{"QuestionCode":null,"Answer":null,"Remarks":null}]}],"MemberPED":[{"PEDCode":null,"Remarks":null}],"exactDiagnosis":null,"dateOfDiagnosis":null,"lastDateConsultation":null,"detailsOfTreatmentGiven":null,"doctorName":null,"hospitalName":null,"phoneNumberHosital":null,"Nominee_First_Name":"Tete","Nominee_Last_Name":"Tete","Nominee_Contact_Number":"6777777777","Nominee_Home_Address":null,"Nominee_Relationship_Code":"R002"},{"MemberNo":2,"Salutation":"Mrs","First_Name":"sass","Middle_Name":null,"Last_Name":"asdas","Gender":"F","DateOfBirth":"10\/10\/1990","Relation_Code":"R002","Marital_Status":null,"height":"0.00","weight":"0","occupation":"O553","PrimaryMember":"N","MemberproductComponents":[{"PlanCode":"4211","MemberQuestionDetails":[{"QuestionCode":null,"Answer":null,"Remarks":null}]}],"MemberPED":[{"PEDCode":null,"Remarks":null}],"exactDiagnosis":null,"dateOfDiagnosis":null,"lastDateConsultation":null,"detailsOfTreatmentGiven":null,"doctorName":null,"hospitalName":null,"phoneNumberHosital":null,"Nominee_First_Name":"Tete","Nominee_Last_Name":"Tete","Nominee_Contact_Number":"6777777777","Nominee_Home_Address":null,"Nominee_Relationship_Code":"R002"}]},"ReceiptCreation":{"officeLocation":"","modeOfEntry":"","cdAcNo":null,"expiryDate":null,"payerType":"","payerCode":null,"paymentBy":"","paymentByName":null,"paymentByRelationship":null,"collectionAmount":"","collectionRcvdDate":null,"collectionMode":"","remarks":null,"instrumentNumber":null,"instrumentDate":null,"bankName":null,"branchName":null,"bankLocation":null,"micrNo":null,"chequeType":null,"ifscCode":"","PaymentGatewayName":"","TerminalID":"","CardNo":null}} [] []
[2020-10-22 17:57:49] full_quote_reponse1.INFO: "<ns0:GHI_Res xmlns:ns0=\"http:\/\/ABHICL_NBP_QuickQuote_Schemas.GHI_Response\"><errorObj><ErrorNumber>00<\/ErrorNumber><ErrorMessage>Success<\/ErrorMessage><\/errorObj><policyDtls><TransactionReferenceNumber><\/TransactionReferenceNumber><QuotationNumber>AX100130747<\/QuotationNumber><CertificateNumber><\/CertificateNumber><LetterURL><\/LetterURL><ClientID><\/ClientID><ProductName>Group Activ Health<\/ProductName><ProductCode>4211<\/ProductCode><LineOfBusiness>42<\/LineOfBusiness><startDate><\/startDate><EndDate><\/EndDate><PolicyNumber>61-20-00032-00-00<\/PolicyNumber><ProposalNumber><\/ProposalNumber><PolicyStatus>PQ1<\/PolicyStatus><Tenure>1<\/Tenure><stpFlag>0<\/stpFlag><COIUrl>https:\/\/uat_abpb.adityabirlahealth.com\/pdf\/OpenPDFFile.aspx?Path=42a25c1e-c074-4cd5-8619-c0c0aa018e0d<\/COIUrl><\/policyDtls><premium><BasePremium>9577.12<\/BasePremium><NetPremium>9577.12<\/NetPremium><GST>1723.88<\/GST><GrossPremium>11301.00<\/GrossPremium><\/premium><receiptObj><ReceiptNumber><\/ReceiptNumber><ReceiptAmount><\/ReceiptAmount><ExcessAmount><\/ExcessAmount><\/receiptObj><\/ns0:GHI_Res>" [] []
[2020-10-22 17:57:49] full_quote_request1.INFO: {"ClientCreation":{"Member_Customer_ID":"234234234GP1","salutation":"Mr","firstName":"test","middleName":"","lastName":"BANKING","dateofBirth":"12\/19\/1988","gender":"M","educationalQualification":null,"pinCode":"622103","uidNo":"5478-2589-3688","maritalStatus":null,"nationality":"Indian","occupation":"O553","primaryEmailID":"jack@gmail.com","contactMobileNo":"7010444138","stdLandlineNo":null,"panNo":null,"passportNumber":null,"contactPerson":null,"annualIncome":null,"remarks":null,"startDate":"2020-10-22","endDate":null,"IdProof":"Adhaar Card","residenceProof":null,"ageProof":null,"others":null,"homeAddressLine1":"Om hrad ntalatiof, holOmshre, talathioficeeachol, OmshreeSada9talathi","homeAddressLine2":null,"homeAddressLine3":null,"homePinCode":"622103","homeArea":null,"homeContactMobileNo":null,"homeContactMobileNo2":null,"homeSTDLandlineNo":null,"homeFaxNo":null,"sameAsHomeAddress":"1","mailingAddressLine1":null,"mailingAddressLine2":null,"mailingAddressLine3":null,"mailingPinCode":null,"mailingArea":null,"mailingContactMobileNo":null,"mailingContactMobileNo2":null,"mailingSTDLandlineNo":null,"mailingSTDLandlineNo2":null,"mailingFaxNo":null,"bankAccountType":null,"bankAccountNo":null,"ifscCode":null,"GSTIN":null,"GSTRegistrationStatus":"Consumers","IsEIAavailable":"0","ApplyEIA":"0","EIAAccountNo":null,"EIAWith":"0","AccountType":null,"AddressProof":null,"DOBProof":null,"IdentityProof":null},"PolicyCreationRequest":{"Quotation_Number":"","MasterPolicyNumber":"64-20-00011-00-00","GroupID":"GRP001","Product_Code":"4224","SumInsured_Type":null,"Policy_Tanure":"1","Member_Type_Code":"M209","intermediaryCode":"2104794","AutoRenewal":"Y","intermediaryBranchCode":"10MHMUM01","agentSignatureDate":null,"Customer_Signature_Date":null,"businessSourceChannel":null,"AssignPolicy":"0","AssigneeName":null,"leadID":"343242344","Source_Name":"Group_Protect","SPID":"1","TCN":null,"CRTNO":null,"RefCode1":"1","RefCode2":"051","Employee_Number":"623502","enumIsEmployeeDiscount":null,"QuoteDate":null,"IsPayment":"0","PaymentMode":null,"PolicyproductComponents":[{"PlanCode":"4224","SumInsured":"500000","SchemeCode":"4112000003"}]},"MemObj":{"Member":[{"MemberNo":1,"Salutation":"Mr","First_Name":"test","Middle_Name":null,"Last_Name":"BANKING","Gender":"M","DateOfBirth":"12\/19\/1988","Relation_Code":"R001","Marital_Status":null,"height":"0.00","weight":"0","occupation":"O553","PrimaryMember":"Y","MemberproductComponents":[{"PlanCode":"4224","MemberQuestionDetails":[{"QuestionCode":null,"Answer":null,"Remarks":null}]}],"MemberPED":[{"PEDCode":null,"Remarks":null}],"exactDiagnosis":null,"dateOfDiagnosis":null,"lastDateConsultation":null,"detailsOfTreatmentGiven":null,"doctorName":null,"hospitalName":null,"phoneNumberHosital":null,"Nominee_First_Name":"Tete","Nominee_Last_Name":"Tete","Nominee_Contact_Number":"6777777777","Nominee_Home_Address":null,"Nominee_Relationship_Code":"R002"}]},"ReceiptCreation":{"officeLocation":"","modeOfEntry":"","cdAcNo":null,"expiryDate":null,"payerType":"","payerCode":null,"paymentBy":"","paymentByName":null,"paymentByRelationship":null,"collectionAmount":"","collectionRcvdDate":null,"collectionMode":"","remarks":null,"instrumentNumber":null,"instrumentDate":null,"bankName":null,"branchName":null,"bankLocation":null,"micrNo":null,"chequeType":null,"ifscCode":"","PaymentGatewayName":"","TerminalID":"","CardNo":null}} [] []
[2020-10-22 17:57:55] full_quote_reponse1.INFO: "<ns0:GroupProtectRes xmlns:ns0=\"http:\/\/ABHICL_NBP_QuickQuote_Schemas.GroupProtectResponse\"><errorObj><ErrorNumber>00<\/ErrorNumber><ErrorMessage>Success<\/ErrorMessage><\/errorObj><policyDtls><TransactionReferenceNumber><\/TransactionReferenceNumber><QuotationNumber>GRP100130748<\/QuotationNumber><CertificateNumber><\/CertificateNumber><LetterURL><\/LetterURL><ClientID><\/ClientID><ProductName>Group Protect<\/ProductName><ProductCode>4224<\/ProductCode><LineOfBusiness>42<\/LineOfBusiness><startDate>1\/1\/1900 12:00:00 AM<\/startDate><EndDate>1\/1\/1900 12:00:00 AM<\/EndDate><PolicyNumber>64-20-00011-00-00<\/PolicyNumber><ProposalNumber><\/ProposalNumber><PolicyStatus>PQ1<\/PolicyStatus><Tenure>1<\/Tenure><stpFlag>0<\/stpFlag><MemberCustomerID>234234234GP1<\/MemberCustomerID><COIUrl>https:\/\/uat_abpb.adityabirlahealth.com\/pdf\/OpenPDFFile.aspx?Path=82ced401-b873-445c-ba0e-2cb6054d3b2b<\/COIUrl><\/policyDtls><premium><BasePremium>507.63<\/BasePremium><NetPremium>507.63<\/NetPremium><GST>91.37<\/GST><GrossPremium>599.00<\/GrossPremium><\/premium><receiptObj><ReceiptNumber><\/ReceiptNumber><ReceiptAmount><\/ReceiptAmount><ExcessAmount><\/ExcessAmount><\/receiptObj><\/ns0:GroupProtectRes>" [] []
[2020-10-22 17:57:55] full_quote_request1.INFO: {"ClientCreation":{"Member_Customer_ID":"234234234GP2","salutation":"Mr","firstName":"test","middleName":"","lastName":"BANKING","dateofBirth":"12\/19\/1988","gender":"M","educationalQualification":null,"pinCode":"622103","uidNo":"5478-2589-3688","maritalStatus":null,"nationality":"Indian","occupation":"O553","primaryEmailID":"jack@gmail.com","contactMobileNo":"7010444138","stdLandlineNo":null,"panNo":null,"passportNumber":null,"contactPerson":null,"annualIncome":null,"remarks":null,"startDate":"2020-10-22","endDate":null,"IdProof":"Adhaar Card","residenceProof":null,"ageProof":null,"others":null,"homeAddressLine1":"Om hrad ntalatiof, holOmshre, talathioficeeachol, OmshreeSada9talathi","homeAddressLine2":null,"homeAddressLine3":null,"homePinCode":"622103","homeArea":null,"homeContactMobileNo":null,"homeContactMobileNo2":null,"homeSTDLandlineNo":null,"homeFaxNo":null,"sameAsHomeAddress":"1","mailingAddressLine1":null,"mailingAddressLine2":null,"mailingAddressLine3":null,"mailingPinCode":null,"mailingArea":null,"mailingContactMobileNo":null,"mailingContactMobileNo2":null,"mailingSTDLandlineNo":null,"mailingSTDLandlineNo2":null,"mailingFaxNo":null,"bankAccountType":null,"bankAccountNo":null,"ifscCode":null,"GSTIN":null,"GSTRegistrationStatus":"Consumers","IsEIAavailable":"0","ApplyEIA":"0","EIAAccountNo":null,"EIAWith":"0","AccountType":null,"AddressProof":null,"DOBProof":null,"IdentityProof":null},"PolicyCreationRequest":{"Quotation_Number":"","MasterPolicyNumber":"64-20-00011-00-00","GroupID":"GRP001","Product_Code":"4224","SumInsured_Type":null,"Policy_Tanure":"1","Member_Type_Code":"M209","intermediaryCode":"2104794","AutoRenewal":"Y","intermediaryBranchCode":"10MHMUM01","agentSignatureDate":null,"Customer_Signature_Date":null,"businessSourceChannel":null,"AssignPolicy":"0","AssigneeName":null,"leadID":"343242344","Source_Name":"Group_Protect","SPID":"1","TCN":null,"CRTNO":null,"RefCode1":"1","RefCode2":"051","Employee_Number":"623502","enumIsEmployeeDiscount":null,"QuoteDate":null,"IsPayment":"0","PaymentMode":null,"PolicyproductComponents":[{"PlanCode":"4224","SumInsured":"500000","SchemeCode":"4112000003"}]},"MemObj":{"Member":[{"MemberNo":1,"Salutation":"Mrs","First_Name":"sass","Middle_Name":null,"Last_Name":"asdas","Gender":"F","DateOfBirth":"10\/10\/1990","Relation_Code":"R002","Marital_Status":null,"height":"0.00","weight":"0","occupation":"O553","PrimaryMember":"Y","MemberproductComponents":[{"PlanCode":"4224","MemberQuestionDetails":[{"QuestionCode":null,"Answer":null,"Remarks":null}]}],"MemberPED":[{"PEDCode":null,"Remarks":null}],"exactDiagnosis":null,"dateOfDiagnosis":null,"lastDateConsultation":null,"detailsOfTreatmentGiven":null,"doctorName":null,"hospitalName":null,"phoneNumberHosital":null,"Nominee_First_Name":"Tete","Nominee_Last_Name":"Tete","Nominee_Contact_Number":"6777777777","Nominee_Home_Address":null,"Nominee_Relationship_Code":"R002"}]},"ReceiptCreation":{"officeLocation":"","modeOfEntry":"","cdAcNo":null,"expiryDate":null,"payerType":"","payerCode":null,"paymentBy":"","paymentByName":null,"paymentByRelationship":null,"collectionAmount":"","collectionRcvdDate":null,"collectionMode":"","remarks":null,"instrumentNumber":null,"instrumentDate":null,"bankName":null,"branchName":null,"bankLocation":null,"micrNo":null,"chequeType":null,"ifscCode":"","PaymentGatewayName":"","TerminalID":"","CardNo":null}} [] []
[2020-10-22 17:58:01] full_quote_reponse1.INFO: "<ns0:GroupProtectRes xmlns:ns0=\"http:\/\/ABHICL_NBP_QuickQuote_Schemas.GroupProtectResponse\"><errorObj><ErrorNumber>00<\/ErrorNumber><ErrorMessage>Success<\/ErrorMessage><\/errorObj><policyDtls><TransactionReferenceNumber><\/TransactionReferenceNumber><QuotationNumber>GRP100130749<\/QuotationNumber><CertificateNumber><\/CertificateNumber><LetterURL><\/LetterURL><ClientID><\/ClientID><ProductName>Group Protect<\/ProductName><ProductCode>4224<\/ProductCode><LineOfBusiness>42<\/LineOfBusiness><startDate>1\/1\/1900 12:00:00 AM<\/startDate><EndDate>1\/1\/1900 12:00:00 AM<\/EndDate><PolicyNumber>64-20-00011-00-00<\/PolicyNumber><ProposalNumber><\/ProposalNumber><PolicyStatus>PQ1<\/PolicyStatus><Tenure>1<\/Tenure><stpFlag>0<\/stpFlag><MemberCustomerID>234234234GP2<\/MemberCustomerID><COIUrl>https:\/\/uat_abpb.adityabirlahealth.com\/pdf\/OpenPDFFile.aspx?Path=aa815579-2e82-4620-a21b-daf577473aaf<\/COIUrl><\/policyDtls><premium><BasePremium>507.63<\/BasePremium><NetPremium>507.63<\/NetPremium><GST>91.37<\/GST><GrossPremium>599.00<\/GrossPremium><\/premium><receiptObj><ReceiptNumber><\/ReceiptNumber><ReceiptAmount><\/ReceiptAmount><ExcessAmount><\/ExcessAmount><\/receiptObj><\/ns0:GroupProtectRes>" [] []
[2020-10-22 19:16:40] generateOTP.INFO: test [] []
[2020-10-22 19:16:40] generateOTP.INFO: test [] []
[2020-10-22 19:19:29] generateOTP.INFO: test [] []
[2020-10-22 19:42:20] generateOTP.INFO: test [] []
[2020-10-22 19:43:33] generateOTP.INFO: test [] []
[2020-10-22 19:48:38] generateOTP.INFO: test [] []
[2020-10-22 19:49:27] generateOTP.INFO: test [] []
[2020-10-22 19:51:25] generateOTP.INFO: test [] []
[2020-10-22 19:57:14] generateOTP.INFO: test [] []
[2020-10-22 19:59:07] generateOTP.INFO: test [] []
[2020-10-22 21:51:45] generateOTP.INFO: test [] []
[2020-10-22 21:52:07] generateOTP.INFO: test [] []
[2020-10-22 21:52:09] generateOTP.INFO: test [] []
[2020-10-22 21:52:36] generateOTP.INFO: test [] []
[2020-10-22 21:52:37] generateOTP.INFO: test [] []
[2020-10-22 21:52:40] generateOTP.INFO: test [] []
[2020-10-22 21:52:40] generateOTP.INFO: test [] []
[2020-10-22 21:52:45] generateOTP.INFO: test [] []
[2020-10-22 21:52:45] generateOTP.INFO: test [] []
[2020-10-22 21:52:45] generateOTP.INFO: test [] []
[2020-10-22 21:52:46] generateOTP.INFO: test [] []
[2020-10-22 21:53:20] generateOTP.INFO: test [] []
[2020-10-22 21:53:20] generateOTP.INFO: test [] []
[2020-10-22 21:54:13] generateOTP.INFO: test [] []
[2020-10-22 21:54:14] generateOTP.INFO: test [] []
[2020-10-22 21:56:45] generateOTP.INFO: test [] []
[2020-10-22 21:57:24] generateOTP.INFO: test [] []
[2020-10-22 21:57:35] generateOTP.INFO: test [] []
[2020-10-22 21:57:59] generateOTP.INFO: test [] []
[2020-10-22 21:58:41] generateOTP.INFO: test [] []
[2020-10-22 21:58:58] generateOTP.INFO: test [] []
[2020-10-22 21:59:40] generateOTP.INFO: test [] []
[2020-10-22 21:59:40] generateOTP.INFO: test [] []
