[2020-04-23 00:31:16] generateOTP.INFO: test [] []
[2020-04-23 00:31:17] generateOTP.INFO: test [] []
[2020-04-23 00:31:21] generateOTP.INFO: test [] []
[2020-04-23 00:32:00] generateOTP.INFO: test [] []
[2020-04-23 00:32:01] generateOTP.INFO: test [] []
[2020-04-23 00:32:13] generateOTP.INFO: test [] []
[2020-04-23 00:32:16] generateOTP.INFO: test [] []
[2020-04-23 00:32:17] generateOTP.INFO: test [] []
[2020-04-23 00:32:39] generateOTP.INFO: test [] []
[2020-04-23 00:32:42] generateOTP.INFO: test [] []
[2020-04-23 00:32:42] generateOTP.INFO: test [] []
[2020-04-23 00:32:50] generateOTP.INFO: test [] []
[2020-04-23 00:32:59] generateOTP.INFO: test [] []
[2020-04-23 00:33:00] generateOTP.INFO: test [] []
[2020-04-23 00:33:08] generateOTP.INFO: test [] []
[2020-04-23 00:33:11] generateOTP.INFO: test [] []
[2020-04-23 00:33:12] generateOTP.INFO: test [] []
[2020-04-23 00:33:19] generateOTP.INFO: test [] []
[2020-04-23 00:44:01] generateOTP.INFO: test [] []
[2020-04-23 00:44:04] generateOTP.INFO: test [] []
[2020-04-23 00:44:07] generateOTP.INFO: test [] []
[2020-04-23 00:44:09] generateOTP.INFO: test [] []
[2020-04-23 00:44:51] generateOTP.INFO: test [] []
[2020-04-23 00:44:53] generateOTP.INFO: test [] []
[2020-04-23 00:44:54] generateOTP.INFO: test [] []
[2020-04-23 00:45:08] generateOTP.INFO: test [] []
[2020-04-23 00:45:11] generateOTP.INFO: test [] []
[2020-04-23 00:45:11] generateOTP.INFO: test [] []
[2020-04-23 00:47:48] generateOTP.INFO: test [] []
[2020-04-23 00:47:51] generateOTP.INFO: test [] []
[2020-04-23 00:47:52] generateOTP.INFO: test [] []
[2020-04-23 00:48:00] generateOTP.INFO: test [] []
[2020-04-23 00:48:03] generateOTP.INFO: test [] []
[2020-04-23 00:48:04] generateOTP.INFO: test [] []
[2020-04-23 00:50:25] generateOTP.INFO: test [] []
[2020-04-23 00:50:46] generateOTP.INFO: test [] []
[2020-04-23 00:50:47] generateOTP.INFO: test [] []
[2020-04-23 00:51:44] generateOTP.INFO: test [] []
[2020-04-23 00:51:46] generateOTP.INFO: test [] []
[2020-04-23 00:51:47] generateOTP.INFO: test [] []
[2020-04-23 00:51:56] generateOTP.INFO: test [] []
[2020-04-23 00:52:51] generateOTP.INFO: test [] []
[2020-04-23 00:55:10] generateOTP.INFO: test [] []
[2020-04-23 00:55:13] generateOTP.INFO: test [] []
[2020-04-23 00:55:13] generateOTP.INFO: test [] []
[2020-04-23 00:56:13] generateOTP.INFO: test [] []
[2020-04-23 00:57:14] generateOTP.INFO: test [] []
[2020-04-23 00:57:15] generateOTP.INFO: test [] []
[2020-04-23 00:57:26] generateOTP.INFO: test [] []
[2020-04-23 00:57:29] generateOTP.INFO: test [] []
[2020-04-23 00:57:30] generateOTP.INFO: test [] []
[2020-04-23 00:57:36] generateOTP.INFO: test [] []
[2020-04-23 00:57:38] generateOTP.INFO: test [] []
[2020-04-23 00:57:39] generateOTP.INFO: test [] []
[2020-04-23 00:58:04] generateOTP.INFO: test [] []
[2020-04-23 00:58:06] generateOTP.INFO: test [] []
[2020-04-23 00:58:07] generateOTP.INFO: test [] []
[2020-04-23 09:04:00] generateOTP.INFO: test [] []
[2020-04-23 09:52:33] generateOTP.INFO: test [] []
[2020-04-23 10:17:06] generateOTP.INFO: test [] []
[2020-04-23 10:17:08] generateOTP.INFO: test [] []
[2020-04-23 10:17:15] generateOTP.INFO: test [] []
[2020-04-23 10:17:24] generateOTP.INFO: test [] []
[2020-04-23 10:17:46] generateOTP.INFO: test [] []
[2020-04-23 10:17:56] generateOTP.INFO: test [] []
[2020-04-23 10:18:05] generateOTP.INFO: test [] []
[2020-04-23 10:18:45] generateOTP.INFO: test [] []
[2020-04-23 10:19:31] generateOTP.INFO: test [] []
[2020-04-23 10:22:41] generateOTP.INFO: test [] []
[2020-04-23 10:22:41] generateOTP.INFO: test [] []
[2020-04-23 10:22:58] generateOTP.INFO: test [] []
[2020-04-23 10:23:12] generateOTP.INFO: test [] []
[2020-04-23 10:23:20] generateOTP.INFO: test [] []
[2020-04-23 10:26:52] generateOTP.INFO: test [] []
[2020-04-23 10:27:49] generateOTP.INFO: test [] []
[2020-04-23 10:28:22] generateOTP.INFO: test [] []
[2020-04-23 10:31:36] generateOTP.INFO: test [] []
[2020-04-23 10:31:36] generateOTP.INFO: test [] []
[2020-04-23 10:31:37] generateOTP.INFO: test [] []
[2020-04-23 10:31:46] generateOTP.INFO: test [] []
[2020-04-23 10:31:51] generateOTP.INFO: test [] []
[2020-04-23 10:31:51] generateOTP.INFO: test [] []
[2020-04-23 10:31:56] generateOTP.INFO: test [] []
[2020-04-23 10:32:04] generateOTP.INFO: test [] []
[2020-04-23 10:32:05] generateOTP.INFO: test [] []
[2020-04-23 10:32:10] generateOTP.INFO: test [] []
[2020-04-23 10:32:15] generateOTP.INFO: test [] []
[2020-04-23 10:32:57] generateOTP.INFO: test [] []
[2020-04-23 10:34:39] generateOTP.INFO: test [] []
[2020-04-23 10:34:41] generateOTP.INFO: test [] []
[2020-04-23 10:35:14] generateOTP.INFO: test [] []
[2020-04-23 10:35:25] generateOTP.INFO: test [] []
[2020-04-23 10:35:26] generateOTP.INFO: test [] []
[2020-04-23 10:36:16] generateOTP.INFO: test [] []
[2020-04-23 10:36:18] generateOTP.INFO: test [] []
[2020-04-23 10:37:06] generateOTP.INFO: test [] []
[2020-04-23 10:37:38] generateOTP.INFO: test [] []
[2020-04-23 10:37:40] generateOTP.INFO: test [] []
[2020-04-23 10:38:47] generateOTP.INFO: test [] []
[2020-04-23 10:38:59] generateOTP.INFO: test [] []
[2020-04-23 10:39:00] generateOTP.INFO: test [] []
[2020-04-23 10:39:13] generateOTP.INFO: test [] []
[2020-04-23 10:39:14] generateOTP.INFO: test [] []
[2020-04-23 10:39:26] generateOTP.INFO: test [] []
[2020-04-23 10:39:39] generateOTP.INFO: test [] []
[2020-04-23 10:39:43] generateOTP.INFO: test [] []
[2020-04-23 10:40:01] generateOTP.INFO: test [] []
[2020-04-23 10:40:09] generateOTP.INFO: test [] []
[2020-04-23 10:40:35] generateOTP.INFO: test [] []
[2020-04-23 10:40:35] generateOTP.INFO: test [] []
[2020-04-23 10:40:37] generateOTP.INFO: test [] []
[2020-04-23 10:41:12] generateOTP.INFO: test [] []
[2020-04-23 10:41:17] generateOTP.INFO: test [] []
[2020-04-23 10:41:19] generateOTP.INFO: test [] []
[2020-04-23 10:41:38] generateOTP.INFO: test [] []
[2020-04-23 10:41:39] generateOTP.INFO: test [] []
[2020-04-23 10:41:58] generateOTP.INFO: test [] []
[2020-04-23 10:42:35] generateOTP.INFO: test [] []
[2020-04-23 10:42:46] generateOTP.INFO: test [] []
[2020-04-23 10:42:47] generateOTP.INFO: test [] []
[2020-04-23 10:43:23] generateOTP.INFO: test [] []
[2020-04-23 10:43:28] generateOTP.INFO: test [] []
[2020-04-23 10:43:46] generateOTP.INFO: test [] []
[2020-04-23 10:44:26] generateOTP.INFO: test [] []
[2020-04-23 10:44:45] generateOTP.INFO: test [] []
[2020-04-23 10:44:46] generateOTP.INFO: test [] []
[2020-04-23 10:44:53] generateOTP.INFO: test [] []
[2020-04-23 10:44:55] generateOTP.INFO: test [] []
[2020-04-23 10:45:37] generateOTP.INFO: test [] []
[2020-04-23 10:45:38] generateOTP.INFO: test [] []
[2020-04-23 10:45:52] generateOTP.INFO: test [] []
[2020-04-23 10:46:52] generateOTP.INFO: test [] []
[2020-04-23 10:46:55] generateOTP.INFO: test [] []
[2020-04-23 10:47:12] generateOTP.INFO: test [] []
[2020-04-23 10:47:13] generateOTP.INFO: test [] []
[2020-04-23 10:47:38] generateOTP.INFO: test [] []
[2020-04-23 10:47:50] generateOTP.INFO: test [] []
[2020-04-23 10:47:51] generateOTP.INFO: test [] []
[2020-04-23 10:48:19] generateOTP.INFO: test [] []
[2020-04-23 10:48:26] generateOTP.INFO: test [] []
[2020-04-23 10:48:27] generateOTP.INFO: test [] []
[2020-04-23 10:51:25] generateOTP.INFO: test [] []
[2020-04-23 10:51:48] generateOTP.INFO: test [] []
[2020-04-23 10:51:54] generateOTP.INFO: test [] []
[2020-04-23 10:51:54] generateOTP.INFO: test [] []
[2020-04-23 10:51:54] generateOTP.INFO: test [] []
[2020-04-23 10:51:59] generateOTP.INFO: test [] []
[2020-04-23 10:52:02] generateOTP.INFO: test [] []
[2020-04-23 10:52:13] generateOTP.INFO: test [] []
[2020-04-23 10:52:16] generateOTP.INFO: test [] []
[2020-04-23 10:52:22] generateOTP.INFO: test [] []
[2020-04-23 10:52:25] generateOTP.INFO: test [] []
[2020-04-23 10:52:28] generateOTP.INFO: test [] []
[2020-04-23 10:52:47] generateOTP.INFO: test [] []
[2020-04-23 10:53:13] generateOTP.INFO: test [] []
[2020-04-23 10:53:22] generateOTP.INFO: test [] []
[2020-04-23 10:53:26] generateOTP.INFO: test [] []
[2020-04-23 10:53:28] generateOTP.INFO: test [] []
[2020-04-23 10:53:35] generateOTP.INFO: test [] []
[2020-04-23 10:53:44] generateOTP.INFO: test [] []
[2020-04-23 10:54:08] generateOTP.INFO: test [] []
[2020-04-23 10:54:19] generateOTP.INFO: test [] []
[2020-04-23 10:54:22] generateOTP.INFO: test [] []
[2020-04-23 10:55:32] generateOTP.INFO: test [] []
[2020-04-23 10:55:33] generateOTP.INFO: test [] []
[2020-04-23 10:57:09] generateOTP.INFO: test [] []
[2020-04-23 10:57:39] generateOTP.INFO: test [] []
[2020-04-23 10:57:41] generateOTP.INFO: test [] []
[2020-04-23 10:58:27] generateOTP.INFO: test [] []
[2020-04-23 10:59:23] generateOTP.INFO: test [] []
[2020-04-23 10:59:25] generateOTP.INFO: test [] []
[2020-04-23 11:01:33] generateOTP.INFO: test [] []
[2020-04-23 11:01:37] generateOTP.INFO: test [] []
[2020-04-23 11:01:52] generateOTP.INFO: test [] []
[2020-04-23 11:02:02] generateOTP.INFO: test [] []
[2020-04-23 11:02:04] generateOTP.INFO: test [] []
[2020-04-23 11:02:06] generateOTP.INFO: test [] []
[2020-04-23 11:02:07] generateOTP.INFO: test [] []
[2020-04-23 11:04:04] generateOTP.INFO: test [] []
[2020-04-23 11:04:22] generateOTP.INFO: test [] []
[2020-04-23 11:04:23] generateOTP.INFO: test [] []
[2020-04-23 11:05:33] generateOTP.INFO: test [] []
[2020-04-23 11:05:55] generateOTP.INFO: test [] []
[2020-04-23 11:06:20] generateOTP.INFO: test [] []
[2020-04-23 11:06:21] generateOTP.INFO: test [] []
[2020-04-23 11:06:34] generateOTP.INFO: test [] []
[2020-04-23 11:06:41] generateOTP.INFO: test [] []
[2020-04-23 11:07:00] generateOTP.INFO: test [] []
[2020-04-23 11:07:07] generateOTP.INFO: test [] []
[2020-04-23 11:07:13] generateOTP.INFO: test [] []
[2020-04-23 11:07:45] generateOTP.INFO: test [] []
[2020-04-23 11:07:56] generateOTP.INFO: test [] []
[2020-04-23 11:08:38] generateOTP.INFO: test [] []
[2020-04-23 11:08:51] generateOTP.INFO: test [] []
[2020-04-23 11:09:08] generateOTP.INFO: test [] []
[2020-04-23 11:09:15] generateOTP.INFO: test [] []
[2020-04-23 11:09:47] generateOTP.INFO: test [] []
[2020-04-23 11:09:50] generateOTP.INFO: test [] []
[2020-04-23 11:10:38] generateOTP.INFO: test [] []
[2020-04-23 11:11:17] generateOTP.INFO: test [] []
[2020-04-23 11:11:27] generateOTP.INFO: test [] []
[2020-04-23 11:11:31] generateOTP.INFO: test [] []
[2020-04-23 11:11:33] generateOTP.INFO: test [] []
[2020-04-23 11:11:45] generateOTP.INFO: test [] []
[2020-04-23 11:11:58] generateOTP.INFO: test [] []
[2020-04-23 11:13:05] generateOTP.INFO: test [] []
[2020-04-23 11:13:06] generateOTP.INFO: test [] []
[2020-04-23 11:13:28] generateOTP.INFO: test [] []
[2020-04-23 11:14:45] generateOTP.INFO: test [] []
[2020-04-23 11:14:51] generateOTP.INFO: test [] []
[2020-04-23 11:15:53] generateOTP.INFO: test [] []
[2020-04-23 11:16:04] generateOTP.INFO: test [] []
[2020-04-23 11:16:08] generateOTP.INFO: test [] []
[2020-04-23 11:16:09] generateOTP.INFO: test [] []
[2020-04-23 11:16:14] generateOTP.INFO: test [] []
[2020-04-23 11:16:32] generateOTP.INFO: test [] []
[2020-04-23 11:16:46] generateOTP.INFO: test [] []
[2020-04-23 11:16:51] generateOTP.INFO: test [] []
[2020-04-23 11:17:06] generateOTP.INFO: test [] []
[2020-04-23 11:17:13] generateOTP.INFO: test [] []
[2020-04-23 11:19:38] generateOTP.INFO: test [] []
[2020-04-23 11:19:58] generateOTP.INFO: test [] []
[2020-04-23 11:20:27] generateOTP.INFO: test [] []
[2020-04-23 11:20:39] generateOTP.INFO: test [] []
[2020-04-23 11:21:27] generateOTP.INFO: test [] []
[2020-04-23 11:22:15] generateOTP.INFO: test [] []
[2020-04-23 11:22:42] generateOTP.INFO: test [] []
[2020-04-23 11:22:44] generateOTP.INFO: test [] []
[2020-04-23 11:23:13] generateOTP.INFO: test [] []
[2020-04-23 11:23:21] generateOTP.INFO: test [] []
[2020-04-23 11:23:43] generateOTP.INFO: test [] []
[2020-04-23 11:24:05] generateOTP.INFO: test [] []
[2020-04-23 11:24:29] generateOTP.INFO: test [] []
[2020-04-23 11:24:43] generateOTP.INFO: test [] []
[2020-04-23 11:24:49] generateOTP.INFO: test [] []
[2020-04-23 11:24:54] generateOTP.INFO: test [] []
[2020-04-23 11:24:58] generateOTP.INFO: test [] []
[2020-04-23 11:25:01] generateOTP.INFO: test [] []
[2020-04-23 11:25:04] generateOTP.INFO: test [] []
[2020-04-23 11:25:07] generateOTP.INFO: test [] []
[2020-04-23 11:25:30] generateOTP.INFO: test [] []
[2020-04-23 11:25:42] generateOTP.INFO: test [] []
[2020-04-23 11:25:55] generateOTP.INFO: test [] []
[2020-04-23 11:26:05] generateOTP.INFO: test [] []
[2020-04-23 11:26:08] generateOTP.INFO: test [] []
[2020-04-23 11:26:10] generateOTP.INFO: test [] []
[2020-04-23 11:26:35] generateOTP.INFO: test [] []
[2020-04-23 11:26:45] generateOTP.INFO: test [] []
[2020-04-23 11:27:34] generateOTP.INFO: test [] []
[2020-04-23 11:27:35] generateOTP.INFO: test [] []
[2020-04-23 11:27:41] generateOTP.INFO: test [] []
[2020-04-23 11:27:55] generateOTP.INFO: test [] []
[2020-04-23 11:28:06] generateOTP.INFO: test [] []
[2020-04-23 11:28:09] generateOTP.INFO: test [] []
[2020-04-23 11:28:24] generateOTP.INFO: test [] []
[2020-04-23 11:28:31] generateOTP.INFO: test [] []
[2020-04-23 11:28:38] generateOTP.INFO: test [] []
[2020-04-23 11:28:42] generateOTP.INFO: test [] []
[2020-04-23 11:28:49] generateOTP.INFO: test [] []
[2020-04-23 11:29:01] generateOTP.INFO: test [] []
[2020-04-23 11:29:05] generateOTP.INFO: test [] []
[2020-04-23 11:30:45] generateOTP.INFO: test [] []
[2020-04-23 11:31:29] generateOTP.INFO: test [] []
[2020-04-23 11:31:33] generateOTP.INFO: test [] []
[2020-04-23 11:32:01] generateOTP.INFO: test [] []
[2020-04-23 11:32:14] generateOTP.INFO: test [] []
[2020-04-23 11:32:17] generateOTP.INFO: test [] []
[2020-04-23 11:32:28] generateOTP.INFO: test [] []
[2020-04-23 11:32:31] generateOTP.INFO: test [] []
[2020-04-23 11:32:34] generateOTP.INFO: test [] []
[2020-04-23 11:32:37] generateOTP.INFO: test [] []
[2020-04-23 11:32:39] generateOTP.INFO: test [] []
[2020-04-23 11:32:43] generateOTP.INFO: test [] []
[2020-04-23 11:35:34] generateOTP.INFO: test [] []
[2020-04-23 11:35:41] generateOTP.INFO: test [] []
[2020-04-23 11:36:00] generateOTP.INFO: test [] []
[2020-04-23 11:36:35] generateOTP.INFO: test [] []
[2020-04-23 11:37:26] generateOTP.INFO: test [] []
[2020-04-23 11:37:43] generateOTP.INFO: test [] []
[2020-04-23 11:38:09] generateOTP.INFO: test [] []
[2020-04-23 11:38:50] generateOTP.INFO: test [] []
[2020-04-23 11:39:14] generateOTP.INFO: test [] []
[2020-04-23 11:41:18] generateOTP.INFO: test [] []
[2020-04-23 11:42:16] generateOTP.INFO: test [] []
[2020-04-23 11:42:35] generateOTP.INFO: test [] []
[2020-04-23 11:42:41] generateOTP.INFO: test [] []
[2020-04-23 11:43:53] generateOTP.INFO: test [] []
[2020-04-23 11:44:10] generateOTP.INFO: test [] []
[2020-04-23 11:44:11] generateOTP.INFO: test [] []
[2020-04-23 11:44:22] generateOTP.INFO: test [] []
[2020-04-23 11:44:27] generateOTP.INFO: test [] []
[2020-04-23 11:45:24] generateOTP.INFO: test [] []
[2020-04-23 11:45:47] generateOTP.INFO: test [] []
[2020-04-23 11:48:08] generateOTP.INFO: test [] []
[2020-04-23 11:48:09] generateOTP.INFO: test [] []
[2020-04-23 11:48:11] generateOTP.INFO: test [] []
[2020-04-23 11:48:22] generateOTP.INFO: test [] []
[2020-04-23 11:48:36] generateOTP.INFO: test [] []
[2020-04-23 11:49:26] generateOTP.INFO: test [] []
[2020-04-23 11:49:27] generateOTP.INFO: test [] []
[2020-04-23 11:49:30] generateOTP.INFO: test [] []
[2020-04-23 11:49:35] generateOTP.INFO: test [] []
[2020-04-23 11:49:40] generateOTP.INFO: test [] []
[2020-04-23 11:51:28] generateOTP.INFO: test [] []
[2020-04-23 11:51:32] generateOTP.INFO: test [] []
[2020-04-23 11:51:36] generateOTP.INFO: test [] []
[2020-04-23 11:51:42] generateOTP.INFO: test [] []
[2020-04-23 11:53:37] generateOTP.INFO: test [] []
[2020-04-23 11:54:19] generateOTP.INFO: test [] []
[2020-04-23 11:54:31] generateOTP.INFO: test [] []
[2020-04-23 11:55:00] generateOTP.INFO: test [] []
[2020-04-23 11:56:58] generateOTP.INFO: test [] []
[2020-04-23 11:57:07] generateOTP.INFO: test [] []
[2020-04-23 11:59:49] generateOTP.INFO: test [] []
[2020-04-23 12:00:24] generateOTP.INFO: test [] []
[2020-04-23 12:00:40] generateOTP.INFO: test [] []
[2020-04-23 12:01:15] generateOTP.INFO: test [] []
[2020-04-23 12:01:25] generateOTP.INFO: test [] []
[2020-04-23 12:01:26] generateOTP.INFO: test [] []
[2020-04-23 12:01:30] generateOTP.INFO: test [] []
[2020-04-23 12:01:30] generateOTP.INFO: test [] []
[2020-04-23 12:01:31] generateOTP.INFO: test [] []
[2020-04-23 12:01:32] generateOTP.INFO: test [] []
[2020-04-23 12:01:43] generateOTP.INFO: test [] []
[2020-04-23 12:02:47] generateOTP.INFO: test [] []
[2020-04-23 12:03:19] generateOTP.INFO: test [] []
[2020-04-23 12:03:33] generateOTP.INFO: test [] []
[2020-04-23 12:04:09] generateOTP.INFO: test [] []
[2020-04-23 12:04:34] generateOTP.INFO: test [] []
[2020-04-23 12:06:18] generateOTP.INFO: test [] []
[2020-04-23 12:06:25] generateOTP.INFO: test [] []
[2020-04-23 12:06:31] generateOTP.INFO: test [] []
[2020-04-23 12:08:42] generateOTP.INFO: test [] []
[2020-04-23 12:12:52] generateOTP.INFO: test [] []
[2020-04-23 12:13:02] generateOTP.INFO: test [] []
[2020-04-23 12:13:58] generateOTP.INFO: test [] []
[2020-04-23 12:24:28] generateOTP.INFO: test [] []
[2020-04-23 12:24:30] generateOTP.INFO: test [] []
[2020-04-23 12:25:27] generateOTP.INFO: test [] []
[2020-04-23 12:26:01] generateOTP.INFO: test [] []
[2020-04-23 12:29:39] generateOTP.INFO: test [] []
[2020-04-23 12:30:50] generateOTP.INFO: test [] []
[2020-04-23 12:31:13] generateOTP.INFO: test [] []
[2020-04-23 12:32:19] generateOTP.INFO: {"edit":"0","policy_no":"403","subtype_text":"1","sum_insure":"500000","familyConstruct":"1A","tenure":"1 Year","family_members_id":"1","family_gender":"Female","first_name":"ddd","last_name":"eee","family_date_birth":"23-04-1953","age":"67","age_type":"years","family_id":"","s_date":"","marriage_date":"","premium":"13500","policyNo":"403","familyDataType":"undefined","empId":"620318","product":"NUKc5dd5468e43707","declare":"[]"} [] []
[2020-04-23 12:32:48] generateOTP.INFO: {"edit":"0","policy_no":"403","subtype_text":"1","sum_insure":"500000","familyConstruct":"1A","tenure":"1 Year","family_members_id":"4","family_gender":"Female","first_name":"rrr","last_name":"ff","family_date_birth":"02-04-2014","age":"6","age_type":"years","family_id":"","s_date":"","marriage_date":"","premium":"13500","policyNo":"403","familyDataType":"undefined","empId":"620318","product":"NUKc5dd5468e43707","declare":"[]"} [] []
[2020-04-23 12:32:55] generateOTP.INFO: {"edit":"0","policy_no":"403","subtype_text":"1","sum_insure":"500000","familyConstruct":"1A","tenure":"1 Year","family_members_id":"4","family_gender":"Female","first_name":"rrr","last_name":"ff","family_date_birth":"30-04-1953","age":"66","age_type":"years","family_id":"","s_date":"","marriage_date":"","premium":"13500","policyNo":"403","familyDataType":"undefined","empId":"620318","product":"NUKc5dd5468e43707","declare":"[]"} [] []
[2020-04-23 12:36:28] generateOTP.INFO: test [] []
[2020-04-23 12:37:10] generateOTP.INFO: test [] []
[2020-04-23 12:40:43] generateOTP.INFO: test [] []
[2020-04-23 12:40:47] generateOTP.INFO: test [] []
[2020-04-23 12:40:53] generateOTP.INFO: test [] []
[2020-04-23 12:41:00] generateOTP.INFO: test [] []
[2020-04-23 12:41:40] generateOTP.INFO: test [] []
[2020-04-23 12:42:05] generateOTP.INFO: test [] []
[2020-04-23 12:42:17] generateOTP.INFO: test [] []
[2020-04-23 12:42:19] generateOTP.INFO: test [] []
[2020-04-23 12:42:33] generateOTP.INFO: test [] []
[2020-04-23 12:43:02] generateOTP.INFO: test [] []
[2020-04-23 12:43:02] generateOTP.INFO: test [] []
[2020-04-23 12:43:02] generateOTP.INFO: test [] []
[2020-04-23 12:43:03] generateOTP.INFO: test [] []
[2020-04-23 12:43:14] generateOTP.INFO: test [] []
[2020-04-23 12:43:48] generateOTP.INFO: test [] []
[2020-04-23 12:43:58] generateOTP.INFO: test [] []
[2020-04-23 12:44:18] generateOTP.INFO: test [] []
[2020-04-23 12:45:13] generateOTP.INFO: test [] []
[2020-04-23 12:45:19] generateOTP.INFO: test [] []
[2020-04-23 12:48:12] generateOTP.INFO: test [] []
[2020-04-23 12:49:03] generateOTP.INFO: test [] []
[2020-04-23 13:00:38] generateOTP.INFO: test [] []
[2020-04-23 13:00:53] generateOTP.INFO: test [] []
[2020-04-23 13:00:55] generateOTP.INFO: test [] []
[2020-04-23 13:01:01] generateOTP.INFO: test [] []
[2020-04-23 13:01:13] generateOTP.INFO: test [] []
[2020-04-23 13:01:14] generateOTP.INFO: test [] []
[2020-04-23 13:01:20] generateOTP.INFO: test [] []
[2020-04-23 13:01:24] generateOTP.INFO: test [] []
[2020-04-23 13:02:02] generateOTP.INFO: test [] []
[2020-04-23 13:02:17] generateOTP.INFO: test [] []
[2020-04-23 13:02:18] generateOTP.INFO: test [] []
[2020-04-23 13:02:47] generateOTP.INFO: test [] []
[2020-04-23 13:04:58] generateOTP.INFO: test [] []
[2020-04-23 13:06:09] generateOTP.INFO: test [] []
[2020-04-23 13:06:13] generateOTP.INFO: test [] []
[2020-04-23 13:06:55] generateOTP.INFO: test [] []
[2020-04-23 13:20:12] generateOTP.INFO: test [] []
[2020-04-23 13:20:22] generateOTP.INFO: test [] []
[2020-04-23 13:20:23] generateOTP.INFO: test [] []
[2020-04-23 13:20:31] generateOTP.INFO: test [] []
[2020-04-23 13:20:47] generateOTP.INFO: test [] []
[2020-04-23 13:20:49] generateOTP.INFO: test [] []
[2020-04-23 13:20:55] generateOTP.INFO: test [] []
[2020-04-23 13:21:06] generateOTP.INFO: test [] []
[2020-04-23 13:21:18] generateOTP.INFO: test [] []
[2020-04-23 13:21:19] generateOTP.INFO: test [] []
[2020-04-23 13:21:25] generateOTP.INFO: test [] []
[2020-04-23 13:21:36] generateOTP.INFO: test [] []
[2020-04-23 13:21:37] generateOTP.INFO: test [] []
[2020-04-23 13:22:03] generateOTP.INFO: test [] []
[2020-04-23 13:23:06] generateOTP.INFO: test [] []
[2020-04-23 13:23:15] generateOTP.INFO: test [] []
[2020-04-23 13:23:37] generateOTP.INFO: test [] []
[2020-04-23 13:23:39] generateOTP.INFO: test [] []
[2020-04-23 13:23:42] generateOTP.INFO: test [] []
[2020-04-23 13:23:47] generateOTP.INFO: test [] []
[2020-04-23 13:23:51] generateOTP.INFO: test [] []
[2020-04-23 13:24:02] generateOTP.INFO: test [] []
[2020-04-23 13:24:03] generateOTP.INFO: test [] []
[2020-04-23 13:24:05] generateOTP.INFO: test [] []
[2020-04-23 13:24:12] generateOTP.INFO: test [] []
[2020-04-23 13:24:32] generateOTP.INFO: test [] []
[2020-04-23 13:24:45] generateOTP.INFO: test [] []
[2020-04-23 13:24:46] generateOTP.INFO: test [] []
[2020-04-23 13:24:49] generateOTP.INFO: test [] []
[2020-04-23 13:24:52] generateOTP.INFO: test [] []
[2020-04-23 13:24:54] generateOTP.INFO: test [] []
[2020-04-23 13:24:59] generateOTP.INFO: test [] []
[2020-04-23 13:25:15] generateOTP.INFO: test [] []
[2020-04-23 13:25:17] generateOTP.INFO: test [] []
[2020-04-23 13:25:18] generateOTP.INFO: test [] []
[2020-04-23 13:25:26] generateOTP.INFO: test [] []
[2020-04-23 13:26:21] generateOTP.INFO: test [] []
[2020-04-23 13:26:27] generateOTP.INFO: test [] []
[2020-04-23 13:27:11] generateOTP.INFO: test [] []
[2020-04-23 13:27:17] generateOTP.INFO: test [] []
[2020-04-23 13:27:52] generateOTP.INFO: test [] []
[2020-04-23 13:33:07] generateOTP.INFO: test [] []
[2020-04-23 13:33:09] generateOTP.INFO: test [] []
[2020-04-23 13:33:15] generateOTP.INFO: test [] []
[2020-04-23 13:33:19] generateOTP.INFO: test [] []
[2020-04-23 13:33:21] generateOTP.INFO: test [] []
[2020-04-23 13:33:35] generateOTP.INFO: test [] []
[2020-04-23 13:33:53] generateOTP.INFO: test [] []
[2020-04-23 13:34:55] generateOTP.INFO: test [] []
[2020-04-23 13:35:01] generateOTP.INFO: test [] []
[2020-04-23 13:35:13] generateOTP.INFO: test [] []
[2020-04-23 13:35:31] generateOTP.INFO: test [] []
[2020-04-23 13:35:35] generateOTP.INFO: test [] []
[2020-04-23 13:36:17] generateOTP.INFO: test [] []
[2020-04-23 14:32:34] generateOTP.INFO: test [] []
[2020-04-23 14:32:36] generateOTP.INFO: test [] []
[2020-04-23 14:32:43] generateOTP.INFO: test [] []
[2020-04-23 14:32:58] generateOTP.INFO: test [] []
[2020-04-23 14:33:04] generateOTP.INFO: test [] []
[2020-04-23 14:35:23] generateOTP.INFO: test [] []
[2020-04-23 14:41:03] generateOTP.INFO: test [] []
[2020-04-23 14:41:03] generateOTP.INFO: test [] []
[2020-04-23 14:41:03] generateOTP.INFO: test [] []
[2020-04-23 14:42:43] generateOTP.INFO: test [] []
[2020-04-23 14:42:49] generateOTP.INFO: test [] []
[2020-04-23 14:43:14] generateOTP.INFO: test [] []
[2020-04-23 14:43:28] generateOTP.INFO: test [] []
[2020-04-23 14:43:34] generateOTP.INFO: test [] []
[2020-04-23 14:43:40] generateOTP.INFO: test [] []
[2020-04-23 14:45:16] generateOTP.INFO: test [] []
[2020-04-23 14:47:00] generateOTP.INFO: test [] []
[2020-04-23 14:47:32] generateOTP.INFO: test [] []
[2020-04-23 14:47:52] generateOTP.INFO: test [] []
[2020-04-23 14:57:32] generateOTP.INFO: test [] []
[2020-04-23 14:57:58] generateOTP.INFO: test [] []
[2020-04-23 15:01:47] generateOTP.INFO: test [] []
[2020-04-23 15:02:08] generateOTP.INFO: test [] []
[2020-04-23 15:04:00] generateOTP.INFO: test [] []
[2020-04-23 15:04:01] generateOTP.INFO: test [] []
[2020-04-23 15:04:35] generateOTP.INFO: test [] []
[2020-04-23 15:04:36] generateOTP.INFO: test [] []
[2020-04-23 15:04:37] generateOTP.INFO: test [] []
[2020-04-23 15:04:44] generateOTP.INFO: test [] []
[2020-04-23 15:05:12] generateOTP.INFO: test [] []
[2020-04-23 15:09:24] generateOTP.INFO: test [] []
[2020-04-23 15:09:50] generateOTP.INFO: test [] []
[2020-04-23 15:10:39] generateOTP.INFO: test [] []
[2020-04-23 15:11:05] generateOTP.INFO: test [] []
[2020-04-23 15:11:16] generateOTP.INFO: test [] []
[2020-04-23 15:11:21] generateOTP.INFO: test [] []
[2020-04-23 15:11:58] generateOTP.INFO: test [] []
[2020-04-23 15:12:40] generateOTP.INFO: test [] []
[2020-04-23 15:13:37] generateOTP.INFO: test [] []
[2020-04-23 15:13:38] generateOTP.INFO: test [] []
[2020-04-23 15:13:45] generateOTP.INFO: test [] []
[2020-04-23 15:13:49] generateOTP.INFO: test [] []
[2020-04-23 15:14:01] generateOTP.INFO: test [] []
[2020-04-23 15:14:41] generateOTP.INFO: test [] []
[2020-04-23 15:15:40] generateOTP.INFO: test [] []
[2020-04-23 15:21:31] generateOTP.INFO: test [] []
[2020-04-23 15:22:18] generateOTP.INFO: test [] []
[2020-04-23 15:23:26] generateOTP.INFO: test [] []
[2020-04-23 15:24:41] generateOTP.INFO: test [] []
[2020-04-23 15:25:10] generateOTP.INFO: test [] []
[2020-04-23 15:26:42] generateOTP.INFO: test [] []
[2020-04-23 15:27:09] generateOTP.INFO: test [] []
[2020-04-23 15:30:54] generateOTP.INFO: test [] []
[2020-04-23 15:31:49] generateOTP.INFO: test [] []
[2020-04-23 15:32:56] generateOTP.INFO: test [] []
[2020-04-23 15:37:04] generateOTP.INFO: test [] []
[2020-04-23 15:44:13] generateOTP.INFO: test [] []
[2020-04-23 15:44:13] generateOTP.INFO: test [] []
[2020-04-23 15:44:40] generateOTP.INFO: test [] []
[2020-04-23 15:44:55] generateOTP.INFO: test [] []
[2020-04-23 15:44:59] generateOTP.INFO: test [] []
[2020-04-23 15:45:31] generateOTP.INFO: test [] []
[2020-04-23 15:45:38] generateOTP.INFO: test [] []
[2020-04-23 15:45:39] generateOTP.INFO: test [] []
[2020-04-23 15:45:57] generateOTP.INFO: test [] []
[2020-04-23 15:46:00] generateOTP.INFO: test [] []
[2020-04-23 15:46:01] generateOTP.INFO: test [] []
[2020-04-23 15:46:06] generateOTP.INFO: test [] []
[2020-04-23 15:46:57] generateOTP.INFO: test [] []
[2020-04-23 15:49:02] generateOTP.INFO: test [] []
[2020-04-23 15:49:07] generateOTP.INFO: test [] []
[2020-04-23 15:49:19] generateOTP.INFO: test [] []
[2020-04-23 15:49:25] generateOTP.INFO: test [] []
[2020-04-23 15:50:02] generateOTP.INFO: test [] []
[2020-04-23 15:51:04] generateOTP.INFO: test [] []
[2020-04-23 15:51:04] generateOTP.INFO: test [] []
[2020-04-23 15:52:03] generateOTP.INFO: test [] []
[2020-04-23 15:52:45] generateOTP.INFO: test [] []
[2020-04-23 15:52:48] generateOTP.INFO: test [] []
[2020-04-23 15:53:15] generateOTP.INFO: test [] []
[2020-04-23 15:53:25] generateOTP.INFO: test [] []
[2020-04-23 15:53:46] generateOTP.INFO: test [] []
[2020-04-23 15:54:04] generateOTP.INFO: test [] []
[2020-04-23 15:54:08] generateOTP.INFO: test [] []
[2020-04-23 15:54:08] generateOTP.INFO: test [] []
[2020-04-23 15:54:13] generateOTP.INFO: test [] []
[2020-04-23 15:54:42] generateOTP.INFO: test [] []
[2020-04-23 15:54:53] generateOTP.INFO: test [] []
[2020-04-23 15:54:57] generateOTP.INFO: test [] []
[2020-04-23 15:55:52] generateOTP.INFO: test [] []
[2020-04-23 16:00:44] generateOTP.INFO: test [] []
[2020-04-23 16:19:54] generateOTP.INFO: test [] []
[2020-04-23 16:21:47] generateOTP.INFO: {"edit":"0","policy_no":"403","subtype_text":"1","sum_insure":"500000","familyConstruct":"1A","tenure":"1 Year","family_members_id":"1","family_gender":"Female","first_name":"ggg","last_name":"fgg","family_date_birth":"25-04-1957","age":"62","age_type":"years","family_id":"","s_date":"23-04-1953","marriage_date":"","premium":"13500","policyNo":"403","familyDataType":"undefined","empId":"620318","product":"NUKc5dd5468e43707","declare":"[]"} [] []
[2020-04-23 16:22:54] documentsSave.INFO: {"ops_type":"[\"0\",\"Y\"]","ids":"201"} [] []
[2020-04-23 16:22:54] documentsSaveFiles.INFO: [{"name":"Chrysanthemum.jpg","type":"image\/jpeg","tmp_name":"\/tmp\/php9kjhTe","error":0,"size":879394},{"name":"Jellyfish.jpg","type":"image\/jpeg","tmp_name":"\/tmp\/phpWhYRPo","error":0,"size":775702}] [] []
[2020-04-23 16:23:08] generateOTP.INFO: test [] []
[2020-04-23 16:25:36] generateOTP.INFO: {"edit":"0","policy_no":"392,393","subtype_text":"1","sum_insure":"500000","familyConstruct":"1A+1K","tenure":"1 Year","family_members_id":"2","family_gender":"Male","first_name":"bb","last_name":"bb","family_date_birth":"17-04-1992","age":"28","age_type":"years","family_id":"","s_date":"","marriage_date":"","premium":"14602","policyNo":"392,393","familyDataType":"undefined","empId":"620319","product":"iWL65dcd54d9c5a65","declare":"[]"} [] []
[2020-04-23 16:25:42] generateOTP.INFO: {"edit":"0","policy_no":"392,393","subtype_text":"1","sum_insure":"500000","familyConstruct":"1A+1K","tenure":"1 Year","family_members_id":"2","family_gender":"Male","first_name":"bb","last_name":"bb","family_date_birth":"18-04-2013","age":"7","age_type":"years","family_id":"","s_date":"","marriage_date":"","premium":"14602","policyNo":"392,393","familyDataType":"undefined","empId":"620319","product":"iWL65dcd54d9c5a65","declare":"[]"} [] []
[2020-04-23 16:26:19] generateOTP.INFO: {"edit":"0","policy_no":"392,393","subtype_text":"1","sum_insure":"500000","familyConstruct":"1A+1K","tenure":"1 Year","family_members_id":"0","family_gender":"Male","first_name":"test","last_name":"BANKING","family_date_birth":"19-12-1988","age":"31","age_type":"years","family_id":"","s_date":"","marriage_date":"","premium":"14602","policyNo":"392,393","familyDataType":"undefined","empId":"620319","product":"iWL65dcd54d9c5a65","declare":"[]"} [] []
[2020-04-23 16:26:32] documentsSave.INFO: {"ops_type":"[\"0\",\"Y\"]","ids":"202,203"} [] []
[2020-04-23 16:26:32] documentsSaveFiles.INFO: [{"name":"Tulips.jpg","type":"image\/jpeg","tmp_name":"\/tmp\/php1Eptj7","error":0,"size":620888},{"name":"Koala.jpg","type":"image\/jpeg","tmp_name":"\/tmp\/phpXH7mh9","error":0,"size":780831}] [] []
[2020-04-23 16:31:52] generateOTP.INFO: test [] []
[2020-04-23 16:32:13] generateOTP.INFO: {"edit":"0","policy_no":"403","subtype_text":"1","sum_insure":"1000000","familyConstruct":"2A","tenure":"1 Year","family_members_id":"4","family_gender":"Female","first_name":"ddd","last_name":"ddds","family_date_birth":"22-04-1993","age":"27","age_type":"years","family_id":"","s_date":"","marriage_date":"","premium":"28000","policyNo":"403","familyDataType":"undefined","empId":"620320","product":"NUKc5dd5468e43707","declare":"[]"} [] []
[2020-04-23 16:32:45] generateOTP.INFO: {"edit":"0","policy_no":"403","subtype_text":"1","sum_insure":"1000000","familyConstruct":"2A","tenure":"1 Year","family_members_id":"4","family_gender":"Female","first_name":"ddd","last_name":"ddds","family_date_birth":"07-04-1955","age":"65","age_type":"years","family_id":"","s_date":"","marriage_date":"","premium":"28000","policyNo":"403","familyDataType":"undefined","empId":"620320","product":"NUKc5dd5468e43707","declare":"[]"} [] []
[2020-04-23 16:33:36] generateOTP.INFO: {"edit":"0","policy_no":"403","subtype_text":"1","sum_insure":"1000000","familyConstruct":"2A","tenure":"1 Year","family_members_id":"1","family_gender":"Female","first_name":"fff","last_name":"hh","family_date_birth":"25-04-1963","age":"56","age_type":"years","family_id":"","s_date":"","marriage_date":"","premium":"28000","policyNo":"403","familyDataType":"undefined","empId":"620320","product":"NUKc5dd5468e43707","declare":"[]"} [] []
[2020-04-23 16:33:49] documentsSave.INFO: {"ops_type":"[\"0\",\"Y\"]","ids":"204"} [] []
[2020-04-23 16:33:49] documentsSaveFiles.INFO: [{"name":"Penguins.jpg","type":"image\/jpeg","tmp_name":"\/tmp\/phpVKbEPY","error":0,"size":777835},{"name":"Tulips.jpg","type":"image\/jpeg","tmp_name":"\/tmp\/phpgezAZT","error":0,"size":620888}] [] []
[2020-04-23 17:08:18] generateOTP.INFO: test [] []
[2020-04-23 17:08:26] generateOTP.INFO: test [] []
[2020-04-23 17:59:25] generateOTP.INFO: test [] []
[2020-04-23 17:59:45] generateOTP.INFO: test [] []
[2020-04-23 17:59:50] generateOTP.INFO: test [] []
[2020-04-23 18:17:10] generateOTP.INFO: test [] []
[2020-04-23 18:17:35] generateOTP.INFO: test [] []
[2020-04-23 18:17:54] generateOTP.INFO: test [] []
[2020-04-23 20:18:10] generateOTP.INFO: test [] []
[2020-04-23 20:18:26] generateOTP.INFO: test [] []
[2020-04-23 20:38:07] generateOTP.INFO: test [] []
[2020-04-23 20:38:08] generateOTP.INFO: test [] []
[2020-04-23 20:38:08] generateOTP.INFO: test [] []
[2020-04-23 20:38:08] generateOTP.INFO: test [] []
[2020-04-23 20:38:08] generateOTP.INFO: test [] []
[2020-04-23 20:38:09] generateOTP.INFO: test [] []
[2020-04-23 20:38:09] generateOTP.INFO: test [] []
[2020-04-23 20:38:09] generateOTP.INFO: test [] []
[2020-04-23 20:38:09] generateOTP.INFO: test [] []
[2020-04-23 20:38:32] generateOTP.INFO: test [] []
[2020-04-23 20:58:34] generateOTP.INFO: {"edit":"0","policy_no":"392,393","subtype_text":"1","sum_insure":"500000","familyConstruct":"1A","tenure":"1 Year","family_members_id":"0","family_gender":"Male","first_name":"test","last_name":"BANKING","family_date_birth":"19-12-1988","age":"31","age_type":"years","family_id":"","s_date":"","marriage_date":"","premium":"11102","policyNo":"392,393","familyDataType":"undefined","empId":"620321","product":"iWL65dcd54d9c5a65","declare":"[]"} [] []
[2020-04-23 20:59:00] documentsSave.INFO: {"ops_type":"[]","ids":"205,206"} [] []
[2020-04-23 20:59:00] documentsSaveFiles.INFO: [] [] []
[2020-04-23 20:59:42] generateOTP.INFO: test [] []
[2020-04-23 21:00:29] generateOTP.INFO: test [] []
[2020-04-23 21:00:52] generateOTP.INFO: test [] []
