[2019-12-23 11:03:18] generateOTP.INFO: test [] []
[2019-12-23 11:03:21] generateOTP.INFO: test [] []
[2019-12-23 11:04:12] generateOTP.INFO: test [] []
[2019-12-23 11:04:14] generateOTP.INFO: test [] []
[2019-12-23 11:04:14] generateOTP.INFO: test [] []
[2019-12-23 11:04:14] generateOTP.INFO: test [] []
[2019-12-23 11:20:04] generateOTP.INFO: {"edit":"0","subtype_text":"3","policy_no":"379","sum_insure":"500000","familyConstruct":"1A","tenure":"1 Year","premium":"2099","family_members_id":"0","family_gender":"Female","first_name":"Shraddha","last_name":"shah","family_date_birth":"08-04-1983","age":"36","age_type":"years","family_id":"","s_date":"","marriage_date":"","premium_parent":"","contri_parent":"","policyNo":"379","familyDataType":"family_construct","product":"QBTv5db9151ad1c21","empId":"619691"} [] []
[2019-12-23 11:23:50] generateOTP.INFO: test [] []
[2019-12-23 11:23:56] generateOTP.INFO: test [] []
[2019-12-23 11:25:15] generateOTP.INFO: test [] []
[2019-12-23 11:25:22] generateOTP.INFO: test [] []
[2019-12-23 11:26:25] generateOTP.INFO: test [] []
[2019-12-23 11:26:26] generateOTP.INFO: test [] []
[2019-12-23 11:29:40] generateOTP.INFO: test [] []
[2019-12-23 11:29:40] generateOTP.INFO: test [] []
[2019-12-23 11:29:40] generateOTP.INFO: test [] []
[2019-12-23 11:29:40] generateOTP.INFO: test [] []
[2019-12-23 11:29:45] generateOTP.INFO: test [] []
[2019-12-23 11:29:52] generateOTP.INFO: test [] []
[2019-12-23 11:29:53] generateOTP.INFO: test [] []
[2019-12-23 11:30:00] generateOTP.INFO: test [] []
[2019-12-23 11:30:00] generateOTP.INFO: test [] []
[2019-12-23 11:30:00] generateOTP.INFO: test [] []
[2019-12-23 11:30:00] generateOTP.INFO: test [] []
[2019-12-23 11:30:30] generateOTP.INFO: test [] []
[2019-12-23 11:42:03] generateOTP.INFO: test [] []
[2019-12-23 11:42:04] generateOTP.INFO: test [] []
[2019-12-23 11:42:04] generateOTP.INFO: test [] []
[2019-12-23 11:42:04] generateOTP.INFO: test [] []
[2019-12-23 11:45:44] generateOTP.INFO: test [] []
[2019-12-23 11:46:44] generateOTP.INFO: test [] []
[2019-12-23 11:46:45] generateOTP.INFO: test [] []
[2019-12-23 11:46:46] generateOTP.INFO: test [] []
[2019-12-23 11:46:46] generateOTP.INFO: test [] []
[2019-12-23 11:48:09] generateOTP.INFO: test [] []
[2019-12-23 11:48:09] generateOTP.INFO: test [] []
[2019-12-23 11:48:09] generateOTP.INFO: test [] []
[2019-12-23 11:48:10] generateOTP.INFO: test [] []
[2019-12-23 11:48:55] generateOTP.INFO: test [] []
[2019-12-23 11:48:55] generateOTP.INFO: test [] []
[2019-12-23 11:48:56] generateOTP.INFO: test [] []
[2019-12-23 11:48:56] generateOTP.INFO: test [] []
[2019-12-23 11:49:56] generateOTP.INFO: test [] []
[2019-12-23 11:52:24] generateOTP.INFO: {"edit":"0","subtype_text":"3","policy_no":"379","sum_insure":"750000","familyConstruct":"2A","tenure":"1 Year","premium":"6296","family_members_id":"0","family_gender":"Female","first_name":"Maanya","last_name":"shah","family_date_birth":"01-04-1980","age":"39","age_type":"years","family_id":"","s_date":"","marriage_date":"","premium_parent":"","contri_parent":"","policyNo":"379","familyDataType":"family_construct","product":"QBTv5db9151ad1c21","empId":"619692"} [] []
[2019-12-23 11:52:44] generateOTP.INFO: {"edit":"0","subtype_text":"3","policy_no":"379","sum_insure":"750000","familyConstruct":"2A","tenure":"1 Year","premium":"6296","family_members_id":"1","family_gender":"Male","first_name":"dfdsfd","last_name":"sfdfdf","family_date_birth":"06-12-1989","age":"30","age_type":"years","family_id":"","s_date":"","marriage_date":"","premium_parent":"","contri_parent":"","policyNo":"379","familyDataType":"family_construct","product":"QBTv5db9151ad1c21","empId":"619692"} [] []
[2019-12-23 11:52:44] generateOTP.INFO: test [] []
[2019-12-23 11:53:49] generateOTP.INFO: test [] []
[2019-12-23 11:54:03] generateOTP.INFO: test [] []
[2019-12-23 11:54:07] generateOTP.INFO: test [] []
[2019-12-23 11:54:07] generateOTP.INFO: test [] []
[2019-12-23 11:54:08] generateOTP.INFO: test [] []
[2019-12-23 11:54:08] generateOTP.INFO: test [] []
[2019-12-23 11:54:08] generateOTP.INFO: test [] []
[2019-12-23 11:54:14] generateOTP.INFO: test [] []
[2019-12-23 12:00:53] generateOTP.INFO: test [] []
[2019-12-23 12:01:55] generateOTP.INFO: test [] []
[2019-12-23 12:02:38] generateOTP.INFO: test [] []
[2019-12-23 12:02:39] generateOTP.INFO: test [] []
[2019-12-23 12:02:40] generateOTP.INFO: test [] []
[2019-12-23 12:05:52] generateOTP.INFO: test [] []
[2019-12-23 12:05:53] generateOTP.INFO: test [] []
[2019-12-23 12:05:53] generateOTP.INFO: test [] []
[2019-12-23 12:06:13] generateOTP.INFO: {"edit":"0","policy_no":"392,393","subtype_text":"1","sum_insure":"500000","familyConstruct":"1A+1K","tenure":"1 Year","family_members_id":"0","family_gender":"Female","first_name":"test","last_name":"BANKING","family_date_birth":"01-11-1989","age":"30","age_type":"years","family_id":"","s_date":"","marriage_date":"","premium_parent":"","contri_parent":"","premium":"11301.0016","policyNo":"392,393","familyDataType":"undefined","empId":"619363","product":"iWL65dcd54d9c5a65","declare":"[]"} [] []
[2019-12-23 12:06:25] generateOTP.INFO: {"edit":"0","policy_no":"392,393","subtype_text":"1","sum_insure":"500000","familyConstruct":"1A+1K","tenure":"1 Year","family_members_id":"2","family_gender":"Male","first_name":"gjhny","last_name":"gyjhnty","family_date_birth":"19-12-2018","age":"1","age_type":"years","family_id":"","s_date":"","marriage_date":"","premium_parent":"","contri_parent":"","premium":"11301.0016","policyNo":"392,393","familyDataType":"undefined","empId":"619363","product":"iWL65dcd54d9c5a65","declare":"[]"} [] []
[2019-12-23 12:07:48] generateOTP.INFO: test [] []
[2019-12-23 12:10:57] generateOTP.INFO: test [] []
[2019-12-23 12:10:57] generateOTP.INFO: test [] []
[2019-12-23 12:10:58] generateOTP.INFO: test [] []
[2019-12-23 12:10:58] generateOTP.INFO: test [] []
[2019-12-23 12:16:51] generateOTP.INFO: {"edit":"0","policy_no":"378","subtype_text":"1","sum_insure":"800000","familyConstruct":"1A","tenure":"1 Year","premium":"5799","family_members_id":"0","family_gender":"Male","first_name":"Rajiv","last_name":"Nair","family_date_birth":"08-02-1979","age":"40","age_type":"years","family_id":"","s_date":"","marriage_date":"","premium_parent":"","contri_parent":"","policyNo":"378","familyDataType":"undefined","empId":"619693","product":"QBTv5db9151ad1c21","declare":"[]"} [] []
[2019-12-23 12:17:41] generateOTP.INFO: {"edit":"0","subtype_text":"3","policy_no":"379","sum_insure":"500000","familyConstruct":"1A","tenure":"1 Year","premium":"2099","family_members_id":"0","family_gender":"Male","first_name":"Rajiv","last_name":"Nair","family_date_birth":"08-02-1979","age":"40","age_type":"years","family_id":"","s_date":"","marriage_date":"","premium_parent":"","contri_parent":"","policyNo":"379","familyDataType":"family_construct","product":"QBTv5db9151ad1c21","empId":"619693"} [] []
[2019-12-23 12:19:23] generateOTP.INFO: test [] []
[2019-12-23 12:29:13] generateOTP.INFO: test [] []
[2019-12-23 12:29:22] generateOTP.INFO: test [] []
[2019-12-23 12:29:23] generateOTP.INFO: test [] []
[2019-12-23 12:29:56] generateOTP.INFO: test [] []
[2019-12-23 12:29:56] generateOTP.INFO: test [] []
[2019-12-23 12:29:57] generateOTP.INFO: test [] []
[2019-12-23 12:29:57] generateOTP.INFO: test [] []
[2019-12-23 13:00:56] generateOTP.INFO: {"edit":"0","policy_no":"378","subtype_text":"1","sum_insure":"1000000","familyConstruct":"2A","tenure":"1 Year","premium":"6899","family_members_id":"0","family_gender":"Female","first_name":"Anjali","last_name":"Jain","family_date_birth":"19-01-1983","age":"36","age_type":"years","family_id":"","s_date":"","marriage_date":"","premium_parent":"","contri_parent":"","policyNo":"378","familyDataType":"undefined","empId":"619694","product":"QBTv5db9151ad1c21","declare":"[]"} [] []
[2019-12-23 13:01:24] generateOTP.INFO: {"edit":"0","policy_no":"378","subtype_text":"1","sum_insure":"1000000","familyConstruct":"2A","tenure":"1 Year","premium":"6899","family_members_id":"1","family_gender":"Male","first_name":"anand","last_name":"saaj","family_date_birth":"05-09-1969","age":"50","age_type":"years","family_id":"","s_date":"","marriage_date":"","premium_parent":"","contri_parent":"","policyNo":"378","familyDataType":"undefined","empId":"619694","product":"QBTv5db9151ad1c21","declare":"[]"} [] []
[2019-12-23 13:02:11] generateOTP.INFO: {"edit":"0","subtype_text":"3","policy_no":"379","sum_insure":"750000","familyConstruct":"2A","tenure":"1 Year","premium":"6296","family_members_id":"0","family_gender":"Female","first_name":"Anjali","last_name":"Jain","family_date_birth":"19-01-1983","age":"36","age_type":"years","family_id":"","s_date":"","marriage_date":"","premium_parent":"","contri_parent":"","policyNo":"379","familyDataType":"family_construct","product":"QBTv5db9151ad1c21","empId":"619694"} [] []
[2019-12-23 14:03:47] generateOTP.INFO: test [] []
[2019-12-23 14:03:47] generateOTP.INFO: test [] []
[2019-12-23 14:03:47] generateOTP.INFO: test [] []
[2019-12-23 14:03:47] generateOTP.INFO: test [] []
[2019-12-23 14:03:47] generateOTP.INFO: test [] []
[2019-12-23 14:03:54] generateOTP.INFO: test [] []
[2019-12-23 14:03:54] generateOTP.INFO: test [] []
[2019-12-23 14:04:01] generateOTP.INFO: test [] []
[2019-12-23 14:04:01] generateOTP.INFO: test [] []
[2019-12-23 14:04:01] generateOTP.INFO: test [] []
[2019-12-23 14:04:01] generateOTP.INFO: test [] []
[2019-12-23 14:07:18] generateOTP.INFO: {"edit":"0","policy_no":"378","subtype_text":"1","sum_insure":"800000","familyConstruct":"1A","tenure":"1 Year","premium":"5799","family_members_id":"0","family_gender":"Male","first_name":"hitesh","last_name":"chavan","family_date_birth":"18-12-1985","age":"34","age_type":"years","family_id":"","s_date":"","marriage_date":"","premium_parent":"","contri_parent":"","policyNo":"378","familyDataType":"undefined","empId":"619695","product":"QBTv5db9151ad1c21","declare":"[]"} [] []
[2019-12-23 14:07:27] generateOTP.INFO: {"edit":"0","subtype_text":"3","policy_no":"379","sum_insure":"500000","familyConstruct":"2A","tenure":"1 Year","premium":"4198","family_members_id":"0","family_gender":"Male","first_name":"hitesh","last_name":"chavan","family_date_birth":"18-12-1985","age":"34","age_type":"years","family_id":"","s_date":"","marriage_date":"","premium_parent":"","contri_parent":"","policyNo":"379","familyDataType":"family_construct","product":"QBTv5db9151ad1c21","empId":"619695"} [] []
[2019-12-23 14:07:37] generateOTP.INFO: {"edit":"0","subtype_text":"3","policy_no":"379","sum_insure":"500000","familyConstruct":"2A","tenure":"1 Year","premium":"4198","family_members_id":"1","family_gender":"Female","first_name":"ghj","last_name":"gh","family_date_birth":"05-12-2001","age":"18","age_type":"years","family_id":"","s_date":"","marriage_date":"","premium_parent":"","contri_parent":"","policyNo":"379","familyDataType":"family_construct","product":"QBTv5db9151ad1c21","empId":"619695"} [] []
[2019-12-23 14:08:45] generateOTP.INFO: test [] []
[2019-12-23 14:08:55] generateOTP.INFO: test [] []
[2019-12-23 14:08:55] generateOTP.INFO: test [] []
[2019-12-23 14:08:55] generateOTP.INFO: test [] []
[2019-12-23 14:08:55] generateOTP.INFO: test [] []
[2019-12-23 14:12:40] generateOTP.INFO: test [] []
[2019-12-23 14:12:40] generateOTP.INFO: test [] []
[2019-12-23 14:12:40] generateOTP.INFO: test [] []
[2019-12-23 14:12:40] generateOTP.INFO: test [] []
[2019-12-23 14:12:44] generateOTP.INFO: test [] []
[2019-12-23 14:12:44] generateOTP.INFO: test [] []
[2019-12-23 14:12:44] generateOTP.INFO: test [] []
[2019-12-23 14:12:44] generateOTP.INFO: test [] []
[2019-12-23 14:13:15] generateOTP.INFO: test [] []
[2019-12-23 14:13:15] generateOTP.INFO: test [] []
[2019-12-23 14:13:15] generateOTP.INFO: test [] []
[2019-12-23 14:13:15] generateOTP.INFO: test [] []
[2019-12-23 14:14:43] generateOTP.INFO: test [] []
[2019-12-23 14:14:45] generateOTP.INFO: test [] []
[2019-12-23 14:14:49] generateOTP.INFO: test [] []
[2019-12-23 14:15:23] generateOTP.INFO: test [] []
[2019-12-23 14:15:23] generateOTP.INFO: test [] []
[2019-12-23 14:15:24] generateOTP.INFO: test [] []
[2019-12-23 14:15:24] generateOTP.INFO: test [] []
[2019-12-23 14:37:26] generateOTP.INFO: {"edit":"0","policy_no":"378","subtype_text":"1","sum_insure":"1000000","familyConstruct":"2A","tenure":"1 Year","premium":"6899","family_members_id":"0","family_gender":"Female","first_name":"Raji","last_name":"Nair","family_date_birth":"01-04-1964","age":"55","age_type":"years","family_id":"","s_date":"","marriage_date":"","premium_parent":"","contri_parent":"","policyNo":"378","familyDataType":"undefined","empId":"619696","product":"QBTv5db9151ad1c21","declare":"[]"} [] []
[2019-12-23 14:37:45] generateOTP.INFO: {"edit":"0","policy_no":"378","subtype_text":"1","sum_insure":"1000000","familyConstruct":"2A","tenure":"1 Year","premium":"6899","family_members_id":"1","family_gender":"Male","first_name":"zxcffdsf","last_name":"dsfdsfdf","family_date_birth":"02-12-1969","age":"50","age_type":"years","family_id":"","s_date":"","marriage_date":"","premium_parent":"","contri_parent":"","policyNo":"378","familyDataType":"undefined","empId":"619696","product":"QBTv5db9151ad1c21","declare":"[]"} [] []
[2019-12-23 14:39:02] generateOTP.INFO: {"edit":"0","subtype_text":"3","policy_no":"379","sum_insure":"750000","familyConstruct":"2A","tenure":"1 Year","premium":"6296","family_members_id":"0","family_gender":"Female","first_name":"Raji","last_name":"Nair","family_date_birth":"01-04-1964","age":"55","age_type":"years","family_id":"","s_date":"","marriage_date":"","premium_parent":"","contri_parent":"","policyNo":"379","familyDataType":"family_construct","product":"QBTv5db9151ad1c21","empId":"619696"} [] []
[2019-12-23 14:47:49] generateOTP.INFO: test [] []
[2019-12-23 14:47:50] generateOTP.INFO: test [] []
[2019-12-23 14:47:56] generateOTP.INFO: test [] []
[2019-12-23 14:47:56] generateOTP.INFO: test [] []
[2019-12-23 14:47:57] generateOTP.INFO: test [] []
[2019-12-23 14:47:57] generateOTP.INFO: test [] []
[2019-12-23 14:48:48] generateOTP.INFO: {"edit":"0","subtype_text":"3","policy_no":"379","sum_insure":"500000","familyConstruct":"2A","tenure":"1 Year","premium":"4198","family_members_id":"0","family_gender":"Male","first_name":"jj","last_name":"kjk","family_date_birth":"15-12-1988","age":"31","age_type":"years","family_id":"","s_date":"","marriage_date":"","premium_parent":"","contri_parent":"","policyNo":"379","familyDataType":"family_construct","product":"QBTv5db9151ad1c21","empId":"619697"} [] []
[2019-12-23 14:48:57] generateOTP.INFO: {"edit":"0","subtype_text":"3","policy_no":"379","sum_insure":"500000","familyConstruct":"2A","tenure":"1 Year","premium":"4198","family_members_id":"1","family_gender":"Female","first_name":"fxcghb","last_name":"dh","family_date_birth":"21-12-2000","age":"19","age_type":"years","family_id":"","s_date":"","marriage_date":"","premium_parent":"","contri_parent":"","policyNo":"379","familyDataType":"family_construct","product":"QBTv5db9151ad1c21","empId":"619697"} [] []
[2019-12-23 14:57:39] generateOTP.INFO: test [] []
[2019-12-23 14:57:40] generateOTP.INFO: test [] []
[2019-12-23 14:57:40] generateOTP.INFO: test [] []
[2019-12-23 14:57:40] generateOTP.INFO: test [] []
[2019-12-23 14:58:40] generateOTP.INFO: {"edit":"0","subtype_text":"3","policy_no":"379","sum_insure":"500000","familyConstruct":"2A","tenure":"1 Year","premium":"4198","family_members_id":"0","family_gender":"Male","first_name":"gj","last_name":"kghkg","family_date_birth":"24-12-1980","age":"38","age_type":"years","family_id":"","s_date":"","marriage_date":"","premium_parent":"","contri_parent":"","policyNo":"379","familyDataType":"family_construct","product":"QBTv5db9151ad1c21","empId":"619698"} [] []
[2019-12-23 14:58:49] generateOTP.INFO: {"edit":"0","subtype_text":"3","policy_no":"379","sum_insure":"500000","familyConstruct":"2A","tenure":"1 Year","premium":"4198","family_members_id":"1","family_gender":"Female","first_name":"dg","last_name":"hfg","family_date_birth":"12-12-2002","age":"17","age_type":"years","family_id":"","s_date":"","marriage_date":"","premium_parent":"","contri_parent":"","policyNo":"379","familyDataType":"family_construct","product":"QBTv5db9151ad1c21","empId":"619698"} [] []
[2019-12-23 14:58:56] generateOTP.INFO: {"edit":"0","subtype_text":"3","policy_no":"379","sum_insure":"500000","familyConstruct":"2A","tenure":"1 Year","premium":"4198","family_members_id":"1","family_gender":"Female","first_name":"dg","last_name":"hfg","family_date_birth":"17-12-1965","age":"54","age_type":"years","family_id":"","s_date":"","marriage_date":"","premium_parent":"","contri_parent":"","policyNo":"379","familyDataType":"family_construct","product":"QBTv5db9151ad1c21","empId":"619698"} [] []
[2019-12-23 14:59:24] generateOTP.INFO: {"edit":"0","subtype_text":"3","policy_no":"379","sum_insure":"750000","familyConstruct":"2A","tenure":"1 Year","premium":"6296","family_members_id":"1","family_gender":"Male","first_name":"zxcffdsf","last_name":"dsfdsfdf","family_date_birth":"02-12-1969","age":"50","age_type":"years","family_id":"","s_date":"","marriage_date":"","premium_parent":"","contri_parent":"","policyNo":"379","familyDataType":"family_construct","product":"QBTv5db9151ad1c21","empId":"619696"} [] []
[2019-12-23 15:01:45] generateOTP.INFO: test [] []
[2019-12-23 15:03:16] generateOTP.INFO: test [] []
[2019-12-23 15:03:17] generateOTP.INFO: test [] []
[2019-12-23 15:03:35] generateOTP.INFO: test [] []
[2019-12-23 15:03:36] generateOTP.INFO: test [] []
[2019-12-23 15:03:36] generateOTP.INFO: test [] []
[2019-12-23 15:03:36] generateOTP.INFO: test [] []
[2019-12-23 15:12:08] generateOTP.INFO: test [] []
[2019-12-23 15:12:10] generateOTP.INFO: test [] []
[2019-12-23 15:18:07] generateOTP.INFO: {"edit":"0","policy_no":"378","subtype_text":"1","sum_insure":"800000","familyConstruct":"1A","tenure":"1 Year","premium":"5799","family_members_id":"0","family_gender":"Male","first_name":"Anand","last_name":"kjhkjkj","family_date_birth":"05-03-1975","age":"44","age_type":"years","family_id":"","s_date":"","marriage_date":"","premium_parent":"","contri_parent":"","policyNo":"378","familyDataType":"undefined","empId":"619699","product":"QBTv5db9151ad1c21","declare":"[]"} [] []
[2019-12-23 15:19:57] generateOTP.INFO: test [] []
[2019-12-23 15:20:07] generateOTP.INFO: test [] []
[2019-12-23 15:20:38] generateOTP.INFO: test [] []
[2019-12-23 15:20:38] generateOTP.INFO: test [] []
[2019-12-23 15:21:29] generateOTP.INFO: test [] []
[2019-12-23 15:21:31] generateOTP.INFO: test [] []
[2019-12-23 15:21:51] generateOTP.INFO: test [] []
[2019-12-23 15:21:52] generateOTP.INFO: test [] []
[2019-12-23 15:21:53] generateOTP.INFO: test [] []
[2019-12-23 15:21:53] generateOTP.INFO: test [] []
[2019-12-23 15:22:22] generateOTP.INFO: test [] []
[2019-12-23 15:23:09] generateOTP.INFO: test [] []
[2019-12-23 15:25:46] generateOTP.INFO: test [] []
[2019-12-23 15:25:47] generateOTP.INFO: test [] []
[2019-12-23 15:25:47] generateOTP.INFO: test [] []
[2019-12-23 15:25:47] generateOTP.INFO: test [] []
[2019-12-23 15:43:04] generateOTP.INFO: test [] []
[2019-12-23 15:43:06] generateOTP.INFO: test [] []
[2019-12-23 15:43:27] generateOTP.INFO: test [] []
[2019-12-23 15:43:27] generateOTP.INFO: test [] []
[2019-12-23 15:43:27] generateOTP.INFO: test [] []
[2019-12-23 15:43:28] generateOTP.INFO: test [] []
[2019-12-23 15:44:31] generateOTP.INFO: {"edit":"0","subtype_text":"3","policy_no":"379","sum_insure":"500000","familyConstruct":"2A","tenure":"1 Year","premium":"4198","family_members_id":"0","family_gender":"Male","first_name":"sdg","last_name":"gsg","family_date_birth":"21-12-2001","age":"18","age_type":"years","family_id":"","s_date":"","marriage_date":"","premium_parent":"","contri_parent":"","policyNo":"379","familyDataType":"family_construct","product":"QBTv5db9151ad1c21","empId":"619700"} [] []
[2019-12-23 15:45:42] generateOTP.INFO: {"edit":"0","subtype_text":"3","policy_no":"379","sum_insure":"500000","familyConstruct":"2A","tenure":"1 Year","premium":"4198","family_members_id":"1","family_gender":"Female","first_name":"ffd","last_name":"ggf","family_date_birth":"06-12-2019","age":"17","age_type":"days","family_id":"","s_date":"","marriage_date":"","premium_parent":"","contri_parent":"","policyNo":"379","familyDataType":"family_construct","product":"QBTv5db9151ad1c21","empId":"619700"} [] []
[2019-12-23 15:45:49] generateOTP.INFO: {"edit":"0","subtype_text":"3","policy_no":"379","sum_insure":"500000","familyConstruct":"2A","tenure":"1 Year","premium":"4198","family_members_id":"1","family_gender":"Female","first_name":"ffd","last_name":"ggf","family_date_birth":"19-12-1991","age":"28","age_type":"years","family_id":"","s_date":"","marriage_date":"","premium_parent":"","contri_parent":"","policyNo":"379","familyDataType":"family_construct","product":"QBTv5db9151ad1c21","empId":"619700"} [] []
[2019-12-23 16:01:18] generateOTP.INFO: test [] []
[2019-12-23 16:01:23] generateOTP.INFO: test [] []
[2019-12-23 16:01:23] generateOTP.INFO: test [] []
[2019-12-23 16:01:24] generateOTP.INFO: test [] []
[2019-12-23 16:01:24] generateOTP.INFO: test [] []
[2019-12-23 16:23:06] generateOTP.INFO: {"edit":"0","subtype_text":"3","policy_no":"379","sum_insure":"500000","familyConstruct":"2A","tenure":"1 Year","premium":"4198","family_members_id":"0","family_gender":"Male","first_name":"sdg","last_name":"gsg","family_date_birth":"21-12-2001","age":"18","age_type":"years","family_id":"","s_date":"","marriage_date":"","premium_parent":"","contri_parent":"","policyNo":"379","familyDataType":"family_construct","product":"QBTv5db9151ad1c21","empId":"619700"} [] []
[2019-12-23 16:23:17] generateOTP.INFO: test [] []
[2019-12-23 16:23:17] generateOTP.INFO: test [] []
[2019-12-23 16:23:18] generateOTP.INFO: test [] []
[2019-12-23 16:23:18] generateOTP.INFO: test [] []
[2019-12-23 16:23:25] generateOTP.INFO: test [] []
[2019-12-23 16:23:25] generateOTP.INFO: test [] []
[2019-12-23 16:23:25] generateOTP.INFO: test [] []
[2019-12-23 16:23:25] generateOTP.INFO: test [] []
[2019-12-23 16:24:12] generateOTP.INFO: test [] []
[2019-12-23 16:24:13] generateOTP.INFO: test [] []
[2019-12-23 16:24:13] generateOTP.INFO: test [] []
[2019-12-23 16:24:13] generateOTP.INFO: test [] []
[2019-12-23 16:27:33] generateOTP.INFO: test [] []
[2019-12-23 16:27:33] generateOTP.INFO: test [] []
[2019-12-23 16:27:33] generateOTP.INFO: test [] []
[2019-12-23 16:27:33] generateOTP.INFO: test [] []
[2019-12-23 16:37:04] generateOTP.INFO: test [] []
[2019-12-23 16:37:05] generateOTP.INFO: test [] []
[2019-12-23 16:37:05] generateOTP.INFO: test [] []
[2019-12-23 16:37:05] generateOTP.INFO: test [] []
[2019-12-23 16:38:03] generateOTP.INFO: test [] []
[2019-12-23 16:38:03] generateOTP.INFO: test [] []
[2019-12-23 16:38:03] generateOTP.INFO: test [] []
[2019-12-23 16:38:03] generateOTP.INFO: test [] []
[2019-12-23 16:38:35] generateOTP.INFO: test [] []
[2019-12-23 16:38:35] generateOTP.INFO: test [] []
[2019-12-23 16:38:36] generateOTP.INFO: test [] []
[2019-12-23 16:38:36] generateOTP.INFO: test [] []
[2019-12-23 16:39:19] generateOTP.INFO: test [] []
[2019-12-23 16:39:20] generateOTP.INFO: test [] []
[2019-12-23 16:39:20] generateOTP.INFO: test [] []
[2019-12-23 16:39:20] generateOTP.INFO: test [] []
[2019-12-23 16:40:31] generateOTP.INFO: test [] []
[2019-12-23 16:40:31] generateOTP.INFO: test [] []
[2019-12-23 16:40:31] generateOTP.INFO: test [] []
[2019-12-23 16:40:31] generateOTP.INFO: test [] []
[2019-12-23 16:41:39] generateOTP.INFO: test [] []
[2019-12-23 16:41:40] generateOTP.INFO: test [] []
[2019-12-23 16:41:40] generateOTP.INFO: test [] []
[2019-12-23 16:41:40] generateOTP.INFO: test [] []
[2019-12-23 16:42:14] generateOTP.INFO: test [] []
[2019-12-23 16:42:14] generateOTP.INFO: test [] []
[2019-12-23 16:42:14] generateOTP.INFO: test [] []
[2019-12-23 16:42:14] generateOTP.INFO: test [] []
[2019-12-23 16:42:42] generateOTP.INFO: test [] []
[2019-12-23 16:42:42] generateOTP.INFO: test [] []
[2019-12-23 16:42:42] generateOTP.INFO: test [] []
[2019-12-23 16:42:42] generateOTP.INFO: test [] []
[2019-12-23 16:43:21] generateOTP.INFO: test [] []
[2019-12-23 16:43:21] generateOTP.INFO: test [] []
[2019-12-23 16:43:21] generateOTP.INFO: test [] []
[2019-12-23 16:43:21] generateOTP.INFO: test [] []
[2019-12-23 16:45:00] generateOTP.INFO: test [] []
[2019-12-23 16:45:01] generateOTP.INFO: test [] []
[2019-12-23 16:45:01] generateOTP.INFO: test [] []
[2019-12-23 16:45:01] generateOTP.INFO: test [] []
[2019-12-23 16:45:39] generateOTP.INFO: test [] []
[2019-12-23 16:45:39] generateOTP.INFO: test [] []
[2019-12-23 16:45:39] generateOTP.INFO: test [] []
[2019-12-23 16:45:39] generateOTP.INFO: test [] []
[2019-12-23 16:51:50] generateOTP.INFO: test [] []
[2019-12-23 16:51:51] generateOTP.INFO: test [] []
[2019-12-23 16:52:28] generateOTP.INFO: test [] []
[2019-12-23 16:52:29] generateOTP.INFO: test [] []
[2019-12-23 16:52:29] generateOTP.INFO: test [] []
[2019-12-23 16:52:29] generateOTP.INFO: test [] []
[2019-12-23 16:57:04] generateOTP.INFO: test [] []
[2019-12-23 16:57:05] generateOTP.INFO: test [] []
[2019-12-23 16:57:05] generateOTP.INFO: test [] []
[2019-12-23 16:57:05] generateOTP.INFO: test [] []
[2019-12-23 17:06:39] generateOTP.INFO: {"edit":"0","subtype_text":"3","policy_no":"379","sum_insure":"500000","familyConstruct":"1A","tenure":"1 Year","premium":"2099","family_members_id":"0","family_gender":"Male","first_name":"sdsd","last_name":"sdsd","family_date_birth":"17-12-1985","age":"34","age_type":"years","family_id":"","s_date":"","marriage_date":"","premium_parent":"","contri_parent":"","policyNo":"379","familyDataType":"family_construct","product":"QBTv5db9151ad1c21","empId":"619701"} [] []
[2019-12-23 17:18:43] generateOTP.INFO: test [] []
[2019-12-23 17:18:43] generateOTP.INFO: test [] []
[2019-12-23 17:18:44] generateOTP.INFO: test [] []
[2019-12-23 17:18:50] generateOTP.INFO: test [] []
[2019-12-23 17:18:50] generateOTP.INFO: test [] []
[2019-12-23 17:18:50] generateOTP.INFO: test [] []
[2019-12-23 17:18:50] generateOTP.INFO: test [] []
[2019-12-23 17:18:54] generateOTP.INFO: test [] []
[2019-12-23 17:21:37] generateOTP.INFO: test [] []
[2019-12-23 17:21:37] generateOTP.INFO: test [] []
[2019-12-23 17:21:56] generateOTP.INFO: test [] []
[2019-12-23 17:25:18] generateOTP.INFO: test [] []
[2019-12-23 17:25:20] generateOTP.INFO: test [] []
[2019-12-23 17:26:07] generateOTP.INFO: test [] []
[2019-12-23 17:26:31] generateOTP.INFO: test [] []
[2019-12-23 17:26:31] generateOTP.INFO: test [] []
[2019-12-23 17:26:32] generateOTP.INFO: test [] []
[2019-12-23 17:26:32] generateOTP.INFO: test [] []
[2019-12-23 17:27:53] generateOTP.INFO: test [] []
[2019-12-23 17:27:53] generateOTP.INFO: test [] []
[2019-12-23 17:27:53] generateOTP.INFO: test [] []
[2019-12-23 17:27:53] generateOTP.INFO: test [] []
[2019-12-23 17:28:47] generateOTP.INFO: {"edit":"0","subtype_text":"3","policy_no":"379","sum_insure":"500000","familyConstruct":"2A","tenure":"1 Year","premium":"4198","family_members_id":"0","family_gender":"Male","first_name":"sfgdf","last_name":"gsd","family_date_birth":"11-12-1973","age":"46","age_type":"years","family_id":"","s_date":"","marriage_date":"","premium_parent":"","contri_parent":"","policyNo":"379","familyDataType":"family_construct","product":"QBTv5db9151ad1c21","empId":"619702"} [] []
[2019-12-23 17:28:57] generateOTP.INFO: {"edit":"0","subtype_text":"3","policy_no":"379","sum_insure":"500000","familyConstruct":"2A","tenure":"1 Year","premium":"4198","family_members_id":"1","family_gender":"Female","first_name":"hgfj","last_name":"jjh","family_date_birth":"16-12-2000","age":"19","age_type":"years","family_id":"","s_date":"","marriage_date":"","premium_parent":"","contri_parent":"","policyNo":"379","familyDataType":"family_construct","product":"QBTv5db9151ad1c21","empId":"619702"} [] []
[2019-12-23 17:33:35] generateOTP.INFO: test [] []
[2019-12-23 17:34:11] generateOTP.INFO: test [] []
[2019-12-23 17:34:11] generateOTP.INFO: test [] []
[2019-12-23 17:34:12] generateOTP.INFO: test [] []
[2019-12-23 17:34:12] generateOTP.INFO: test [] []
[2019-12-23 17:35:42] generateOTP.INFO: test [] []
[2019-12-23 17:35:42] generateOTP.INFO: test [] []
[2019-12-23 17:35:43] generateOTP.INFO: test [] []
[2019-12-23 17:35:43] generateOTP.INFO: test [] []
[2019-12-23 17:44:08] generateOTP.INFO: test [] []
[2019-12-23 17:44:08] generateOTP.INFO: test [] []
[2019-12-23 17:44:09] generateOTP.INFO: test [] []
[2019-12-23 17:44:09] generateOTP.INFO: test [] []
[2019-12-23 18:15:58] generateOTP.INFO: test [] []
[2019-12-23 18:15:59] generateOTP.INFO: test [] []
[2019-12-23 18:16:06] generateOTP.INFO: test [] []
[2019-12-23 18:16:06] generateOTP.INFO: test [] []
[2019-12-23 18:16:07] generateOTP.INFO: test [] []
[2019-12-23 18:16:07] generateOTP.INFO: test [] []
[2019-12-23 18:16:09] generateOTP.INFO: test [] []
[2019-12-23 18:17:50] generateOTP.INFO: test [] []
[2019-12-23 18:17:51] generateOTP.INFO: test [] []
[2019-12-23 18:17:56] generateOTP.INFO: test [] []
[2019-12-23 18:17:56] generateOTP.INFO: test [] []
[2019-12-23 18:17:56] generateOTP.INFO: test [] []
[2019-12-23 18:17:56] generateOTP.INFO: test [] []
[2019-12-23 18:25:15] generateOTP.INFO: test [] []
[2019-12-23 18:25:15] generateOTP.INFO: test [] []
[2019-12-23 18:25:15] generateOTP.INFO: test [] []
[2019-12-23 18:25:15] generateOTP.INFO: test [] []
[2019-12-23 18:27:07] generateOTP.INFO: test [] []
[2019-12-23 18:27:07] generateOTP.INFO: test [] []
[2019-12-23 18:27:07] generateOTP.INFO: test [] []
[2019-12-23 18:27:07] generateOTP.INFO: test [] []
[2019-12-23 18:28:01] generateOTP.INFO: test [] []
[2019-12-23 18:28:01] generateOTP.INFO: test [] []
[2019-12-23 18:28:01] generateOTP.INFO: test [] []
[2019-12-23 18:28:02] generateOTP.INFO: test [] []
[2019-12-23 18:28:24] generateOTP.INFO: test [] []
[2019-12-23 18:28:24] generateOTP.INFO: test [] []
[2019-12-23 18:28:24] generateOTP.INFO: test [] []
[2019-12-23 18:28:24] generateOTP.INFO: test [] []
[2019-12-23 18:29:11] generateOTP.INFO: test [] []
[2019-12-23 18:29:11] generateOTP.INFO: test [] []
[2019-12-23 18:29:11] generateOTP.INFO: test [] []
[2019-12-23 18:29:11] generateOTP.INFO: test [] []
[2019-12-23 18:46:49] generateOTP.INFO: test [] []
[2019-12-23 18:46:53] generateOTP.INFO: test [] []
[2019-12-23 18:47:01] generateOTP.INFO: test [] []
[2019-12-23 19:03:38] generateOTP.INFO: test [] []
[2019-12-23 19:03:45] generateOTP.INFO: test [] []
[2019-12-23 19:05:53] generateOTP.INFO: test [] []
[2019-12-23 19:05:53] generateOTP.INFO: test [] []
[2019-12-23 19:05:53] generateOTP.INFO: test [] []
[2019-12-23 19:05:53] generateOTP.INFO: test [] []
[2019-12-23 19:07:15] generateOTP.INFO: test [] []
[2019-12-23 19:07:15] generateOTP.INFO: test [] []
[2019-12-23 19:07:15] generateOTP.INFO: test [] []
[2019-12-23 19:07:16] generateOTP.INFO: test [] []
[2019-12-23 19:10:09] generateOTP.INFO: test [] []
[2019-12-23 19:10:09] generateOTP.INFO: test [] []
[2019-12-23 19:10:09] generateOTP.INFO: test [] []
[2019-12-23 19:10:09] generateOTP.INFO: test [] []
[2019-12-23 19:10:35] generateOTP.INFO: test [] []
[2019-12-23 19:10:35] generateOTP.INFO: test [] []
[2019-12-23 19:10:35] generateOTP.INFO: test [] []
[2019-12-23 19:10:35] generateOTP.INFO: test [] []
[2019-12-23 19:18:34] generateOTP.INFO: test [] []
[2019-12-23 19:18:34] generateOTP.INFO: test [] []
[2019-12-23 19:18:35] generateOTP.INFO: test [] []
[2019-12-23 19:18:35] generateOTP.INFO: test [] []
[2019-12-23 19:20:13] generateOTP.INFO: test [] []
[2019-12-23 19:20:13] generateOTP.INFO: test [] []
[2019-12-23 19:20:13] generateOTP.INFO: test [] []
[2019-12-23 19:20:13] generateOTP.INFO: test [] []
[2019-12-23 19:27:27] generateOTP.INFO: test [] []
[2019-12-23 19:27:27] generateOTP.INFO: test [] []
[2019-12-23 19:27:27] generateOTP.INFO: test [] []
[2019-12-23 19:27:27] generateOTP.INFO: test [] []
[2019-12-23 19:28:54] generateOTP.INFO: test [] []
[2019-12-23 19:28:54] generateOTP.INFO: test [] []
[2019-12-23 19:28:54] generateOTP.INFO: test [] []
[2019-12-23 19:28:54] generateOTP.INFO: test [] []
