[2020-06-24 12:12:54] generateOTP.INFO: test [] []
[2020-06-24 12:13:03] generateOTP.INFO: test [] []
[2020-06-24 12:13:04] generateOTP.INFO: test [] []
[2020-06-24 12:13:12] generateOTP.INFO: test [] []
[2020-06-24 12:13:17] generateOTP.INFO: test [] []
[2020-06-24 12:30:40] generateOTP.INFO: test [] []
[2020-06-24 12:30:57] generateOTP.INFO: test [] []
[2020-06-24 12:33:11] generateOTP.INFO: test [] []
[2020-06-24 12:33:11] generateOTP.INFO: test [] []
[2020-06-24 12:33:27] generateOTP.INFO: test [] []
[2020-06-24 12:34:27] generateOTP.INFO: test [] []
[2020-06-24 12:34:33] generateOTP.INFO: test [] []
[2020-06-24 12:34:37] generateOTP.INFO: test [] []
[2020-06-24 12:34:38] generateOTP.INFO: test [] []
[2020-06-24 12:34:47] generateOTP.INFO: test [] []
[2020-06-24 12:34:51] generateOTP.INFO: test [] []
[2020-06-24 12:34:52] generateOTP.INFO: test [] []
[2020-06-24 12:35:04] generateOTP.INFO: test [] []
[2020-06-24 12:35:07] generateOTP.INFO: test [] []
[2020-06-24 12:35:11] generateOTP.INFO: test [] []
[2020-06-24 12:35:52] generateOTP.INFO: test [] []
[2020-06-24 12:37:38] generateOTP.INFO: test [] []
[2020-06-24 12:39:43] generateOTP.INFO: test [] []
[2020-06-24 12:40:43] generateOTP.INFO: test [] []
[2020-06-24 12:51:59] generateOTP.INFO: test [] []
[2020-06-24 12:51:59] generateOTP.INFO: test [] []
[2020-06-24 12:51:59] generateOTP.INFO: test [] []
[2020-06-24 12:52:11] generateOTP.INFO: test [] []
[2020-06-24 12:52:19] generateOTP.INFO: test [] []
[2020-06-24 12:52:52] generateOTP.INFO: test [] []
[2020-06-24 12:54:30] generateOTP.INFO: test [] []
[2020-06-24 12:57:15] generateOTP.INFO: test [] []
[2020-06-24 12:57:38] generateOTP.INFO: test [] []
[2020-06-24 12:58:19] generateOTP.INFO: test [] []
[2020-06-24 12:58:44] generateOTP.INFO: test [] []
[2020-06-24 13:00:06] generateOTP.INFO: test [] []
[2020-06-24 13:02:06] generateOTP.INFO: test [] []
[2020-06-24 13:02:50] generateOTP.INFO: test [] []
[2020-06-24 13:03:11] generateOTP.INFO: test [] []
[2020-06-24 13:05:08] generateOTP.INFO: test [] []
[2020-06-24 13:06:57] generateOTP.INFO: test [] []
[2020-06-24 13:18:23] generateOTP.INFO: test [] []
[2020-06-24 13:18:23] generateOTP.INFO: test [] []
[2020-06-24 13:18:50] generateOTP.INFO: test [] []
[2020-06-24 13:19:15] generateOTP.INFO: test [] []
[2020-06-24 13:20:16] generateOTP.INFO: test [] []
[2020-06-24 13:20:52] generateOTP.INFO: test [] []
[2020-06-24 13:21:48] generateOTP.INFO: test [] []
[2020-06-24 13:22:49] generateOTP.INFO: test [] []
[2020-06-24 13:23:06] generateOTP.INFO: test [] []
[2020-06-24 13:23:43] generateOTP.INFO: test [] []
[2020-06-24 13:50:48] generateOTP.INFO: test [] []
[2020-06-24 13:50:49] generateOTP.INFO: test [] []
[2020-06-24 13:50:51] generateOTP.INFO: test [] []
[2020-06-24 14:09:56] generateOTP.INFO: test [] []
[2020-06-24 14:09:58] generateOTP.INFO: test [] []
[2020-06-24 14:10:19] generateOTP.INFO: test [] []
[2020-06-24 14:11:12] generateOTP.INFO: test [] []
[2020-06-24 14:31:19] generateOTP.INFO: test [] []
[2020-06-24 14:31:20] generateOTP.INFO: test [] []
[2020-06-24 14:31:28] generateOTP.INFO: test [] []
[2020-06-24 14:32:11] generateOTP.INFO: test [] []
[2020-06-24 14:35:09] generateOTP.INFO: test [] []
[2020-06-24 14:35:09] generateOTP.INFO: test [] []
[2020-06-24 14:35:09] generateOTP.INFO: test [] []
[2020-06-24 14:35:20] generateOTP.INFO: test [] []
[2020-06-24 14:35:30] generateOTP.INFO: test [] []
[2020-06-24 15:06:08] generateOTP.INFO: test [] []
[2020-06-24 15:06:12] generateOTP.INFO: test [] []
[2020-06-24 15:06:23] generateOTP.INFO: test [] []
[2020-06-24 15:07:26] generateOTP.INFO: test [] []
[2020-06-24 15:07:57] generateOTP.INFO: test [] []
[2020-06-24 15:08:28] generateOTP.INFO: test [] []
[2020-06-24 15:38:12] generateOTP.INFO: test [] []
[2020-06-24 15:38:13] generateOTP.INFO: test [] []
[2020-06-24 15:38:14] generateOTP.INFO: test [] []
[2020-06-24 15:38:19] generateOTP.INFO: test [] []
[2020-06-24 15:38:20] generateOTP.INFO: test [] []
[2020-06-24 15:46:46] generateOTP.INFO: test [] []
[2020-06-24 15:50:34] generateOTP.INFO: {"edit":"0","policy_no":"392,393","subtype_text":"1","sum_insure":"500000","familyConstruct":"1A","tenure":"1 Year","family_members_id":"0","family_gender":"Male","first_name":"test","last_name":"BANKING","family_date_birth":"19-12-1988","age":"31","age_type":" years","family_id":"","s_date":"","marriage_date":"","premium":"8399.9952","policyNo":"392,393","familyDataType":"undefined","empId":"620523","product":"iWL65dcd54d9c5a65","declare":"[]"} [] []
[2020-06-24 15:55:43] documentsSave.INFO: {"ops_type":"[\"0\",\"Y\"]","ids":"78,79"} [] []
[2020-06-24 15:55:43] documentsSaveFiles.INFO: [{"name":"Chrysanthemum.jpg","type":"image\/jpeg","tmp_name":"\/tmp\/phprz1uQG","error":0,"size":879394},{"name":"Penguins.jpg","type":"image\/jpeg","tmp_name":"\/tmp\/phpOoB34Q","error":0,"size":777835}] [] []
[2020-06-24 16:00:33] generateOTP.INFO: test [] []
[2020-06-24 16:01:18] generateOTP.INFO: {"edit":"0","policy_no":"392,393","subtype_text":"1","sum_insure":"500000","familyConstruct":"1A","tenure":"1 Year","family_members_id":"0","family_gender":"Male","first_name":"test","last_name":"BANKING","family_date_birth":"19-12-1988","age":"31","age_type":" years","family_id":"","s_date":"","marriage_date":"","premium":"8399.9952","policyNo":"392,393","familyDataType":"undefined","empId":"620524","product":"iWL65dcd54d9c5a65","declare":"[]"} [] []
[2020-06-24 16:01:48] generateOTP.INFO: test [] []
[2020-06-24 16:01:49] generateOTP.INFO: test [] []
[2020-06-24 16:01:50] generateOTP.INFO: test [] []
[2020-06-24 16:01:58] documentsSave.INFO: {"ops_type":"[\"0\",\"Y\"]","ids":"80,81"} [] []
[2020-06-24 16:01:58] documentsSaveFiles.INFO: [{"name":"Penguins.jpg","type":"image\/jpeg","tmp_name":"\/tmp\/phpBjRsVA","error":0,"size":777835},{"name":"Tulips.jpg","type":"image\/jpeg","tmp_name":"\/tmp\/phptaMufs","error":0,"size":620888}] [] []
[2020-06-24 16:02:11] generateOTP.INFO: test [] []
[2020-06-24 16:02:16] generateOTP.INFO: test [] []
[2020-06-24 16:03:59] generateOTP.INFO: test [] []
[2020-06-24 16:04:54] generateOTP.INFO: test [] []
[2020-06-24 16:05:04] generateOTP.INFO: {"edit":"0","policy_no":"392,393","subtype_text":"1","sum_insure":"500000","familyConstruct":"1A","tenure":"1 Year","family_members_id":"0","family_gender":"Male","first_name":"test","last_name":"BANKING","family_date_birth":"19-12-1988","age":"31","age_type":" years","family_id":"","s_date":"","marriage_date":"","premium":"8399.9952","policyNo":"392,393","familyDataType":"undefined","empId":"620525","product":"iWL65dcd54d9c5a65","declare":"[]"} [] []
[2020-06-24 16:05:56] documentsSave.INFO: {"ops_type":"[\"0\",\"Y\"]","ids":"82,83"} [] []
[2020-06-24 16:05:56] documentsSaveFiles.INFO: [{"name":"Penguins.jpg","type":"image\/jpeg","tmp_name":"\/tmp\/phpCaTI9B","error":0,"size":777835},{"name":"Tulips.jpg","type":"image\/jpeg","tmp_name":"\/tmp\/php24qZOt","error":0,"size":620888}] [] []
[2020-06-24 16:07:59] generateOTP.INFO: test [] []
[2020-06-24 16:08:37] generateOTP.INFO: test [] []
[2020-06-24 16:08:44] generateOTP.INFO: test [] []
[2020-06-24 17:18:41] generateOTP.INFO: test [] []
[2020-06-24 17:19:02] generateOTP.INFO: test [] []
[2020-06-24 17:19:03] generateOTP.INFO: test [] []
[2020-06-24 17:19:26] generateOTP.INFO: test [] []
[2020-06-24 17:21:23] generateOTP.INFO: test [] []
[2020-06-24 17:21:24] generateOTP.INFO: test [] []
[2020-06-24 17:21:31] generateOTP.INFO: test [] []
[2020-06-24 17:27:07] generateOTP.INFO: test [] []
[2020-06-24 17:28:30] generateOTP.INFO: test [] []
[2020-06-24 17:30:26] generateOTP.INFO: test [] []
[2020-06-24 17:30:30] generateOTP.INFO: test [] []
[2020-06-24 17:32:08] generateOTP.INFO: test [] []
[2020-06-24 17:32:22] generateOTP.INFO: test [] []
[2020-06-24 17:35:28] generateOTP.INFO: test [] []
[2020-06-24 17:35:35] generateOTP.INFO: test [] []
[2020-06-24 17:35:36] generateOTP.INFO: test [] []
[2020-06-24 17:35:42] generateOTP.INFO: test [] []
[2020-06-24 17:35:46] generateOTP.INFO: test [] []
[2020-06-24 17:36:42] generateOTP.INFO: test [] []
[2020-06-24 17:38:18] generateOTP.INFO: test [] []
[2020-06-24 17:38:18] generateOTP.INFO: test [] []
[2020-06-24 17:38:37] generateOTP.INFO: test [] []
[2020-06-24 17:39:54] generateOTP.INFO: test [] []
[2020-06-24 17:39:55] generateOTP.INFO: test [] []
[2020-06-24 17:39:56] generateOTP.INFO: test [] []
[2020-06-24 17:41:02] generateOTP.INFO: test [] []
[2020-06-24 17:41:10] generateOTP.INFO: test [] []
[2020-06-24 17:42:00] generateOTP.INFO: test [] []
[2020-06-24 17:42:02] generateOTP.INFO: test [] []
[2020-06-24 17:42:27] generateOTP.INFO: test [] []
[2020-06-24 17:42:29] generateOTP.INFO: test [] []
[2020-06-24 17:42:48] generateOTP.INFO: test [] []
[2020-06-24 17:43:02] generateOTP.INFO: test [] []
[2020-06-24 17:43:29] generateOTP.INFO: test [] []
[2020-06-24 17:43:34] generateOTP.INFO: test [] []
[2020-06-24 17:43:35] generateOTP.INFO: test [] []
[2020-06-24 17:43:40] generateOTP.INFO: test [] []
[2020-06-24 17:43:42] generateOTP.INFO: test [] []
[2020-06-24 17:43:50] generateOTP.INFO: test [] []
[2020-06-24 17:44:11] generateOTP.INFO: test [] []
[2020-06-24 17:44:20] generateOTP.INFO: test [] []
[2020-06-24 17:44:48] generateOTP.INFO: test [] []
[2020-06-24 17:46:33] generateOTP.INFO: test [] []
[2020-06-24 17:46:34] generateOTP.INFO: test [] []
[2020-06-24 17:46:35] generateOTP.INFO: test [] []
[2020-06-24 17:46:47] generateOTP.INFO: test [] []
[2020-06-24 17:46:53] generateOTP.INFO: test [] []
[2020-06-24 17:47:42] generateOTP.INFO: test [] []
[2020-06-24 17:48:37] generateOTP.INFO: test [] []
[2020-06-24 17:48:39] generateOTP.INFO: test [] []
[2020-06-24 17:48:39] generateOTP.INFO: test [] []
[2020-06-24 17:48:46] generateOTP.INFO: test [] []
[2020-06-24 17:48:49] generateOTP.INFO: test [] []
[2020-06-24 17:48:49] generateOTP.INFO: test [] []
[2020-06-24 17:48:54] generateOTP.INFO: test [] []
[2020-06-24 17:48:56] generateOTP.INFO: test [] []
[2020-06-24 17:49:02] generateOTP.INFO: test [] []
[2020-06-24 17:49:04] generateOTP.INFO: test [] []
[2020-06-24 17:49:09] generateOTP.INFO: test [] []
[2020-06-24 17:49:25] generateOTP.INFO: test [] []
[2020-06-24 17:49:54] generateOTP.INFO: test [] []
[2020-06-24 17:49:54] generateOTP.INFO: test [] []
[2020-06-24 17:49:56] generateOTP.INFO: test [] []
[2020-06-24 17:49:57] generateOTP.INFO: test [] []
[2020-06-24 17:50:08] generateOTP.INFO: test [] []
[2020-06-24 17:50:14] generateOTP.INFO: test [] []
[2020-06-24 17:51:04] generateOTP.INFO: test [] []
[2020-06-24 17:51:36] generateOTP.INFO: test [] []
[2020-06-24 17:51:41] generateOTP.INFO: test [] []
[2020-06-24 17:57:08] generateOTP.INFO: {"edit":"0","policy_no":"378","subtype_text":"1","sum_insure":"800000","familyConstruct":"2A+1K","tenure":"1 Year","family_members_id":"0","family_gender":"Female","first_name":"gdfhdgh","middle_name":"fhdfhdf","last_name":"dhfhdh","family_date_birth":"03-06-2002","age":"18","age_type":"years","family_id":"","s_date":"","marriage_date":"","premium":"7099","policyNo":"378","familyDataType":"family_construct","empId":"620526","product":"QBTv5db9151ad1c21","declare":"[]","abc":"2a+2k"} [] []
[2020-06-24 17:57:24] generateOTP.INFO: {"edit":"0","policy_no":"378","subtype_text":"1","sum_insure":"800000","familyConstruct":"2A+1K","tenure":"1 Year","family_members_id":"1","family_gender":"Male","first_name":"gdsfgdsfg","middle_name":"dsfgsfg","last_name":"gdsfgdsfg","family_date_birth":"01-06-1978","age":"42","age_type":"years","family_id":"","s_date":"","marriage_date":"","premium":"7099","policyNo":"378","familyDataType":"family_construct","empId":"620526","product":"QBTv5db9151ad1c21","declare":"[]","abc":"2a+2k"} [] []
[2020-06-24 17:57:42] generateOTP.INFO: {"edit":"0","policy_no":"378","subtype_text":"1","sum_insure":"800000","familyConstruct":"2A+1K","tenure":"1 Year","family_members_id":"2","family_gender":"Male","first_name":"dasfsdf","middle_name":"fsadfsa","last_name":"fsdafadf","family_date_birth":"12-06-2014","age":"6","age_type":"years","family_id":"","s_date":"","marriage_date":"","premium":"7099","policyNo":"378","familyDataType":"family_construct","empId":"620526","product":"QBTv5db9151ad1c21","declare":"[]","abc":"2a+2k"} [] []
[2020-06-24 17:58:14] generateOTP.INFO: {"edit":"0","subtype_text":"3","policy_no":"379","sum_insure":"500000","familyConstruct":"1A","tenure":"1 Year","family_members_id":"0","family_gender":"Female","first_name":"gdfhdgh","middle_name":"fhdfhdf","last_name":"dhfhdh","family_date_birth":"03-06-2002","age":"18","age_type":"years","family_id":"","s_date":"","marriage_date":"","premium":"2099","policyNo":"379","familyDataType":"family_construct","product":"QBTv5db9151ad1c21","empId":"620526"} [] []
[2020-06-24 18:00:04] documentsSave.INFO: {"ops_type":"[\"Enrollment form\",\"Cheque Copy\",\"Passport\"]","ext0":"undefined","ext1":"undefined","ext2":"undefined","ids":"84,85","update_datas":"undefined","emp_id":"620526"} [] []
[2020-06-24 18:00:04] documentsSaveFiles.INFO: [{"name":"Welcome_letter (1).pdf","type":"application\/pdf","tmp_name":"\/tmp\/phpnkEU1m","error":0,"size":345968},{"name":"Welcome_letter (2).pdf","type":"application\/pdf","tmp_name":"\/tmp\/phpLysFRY","error":0,"size":345968},{"name":"Welcome_letter (1).pdf","type":"application\/pdf","tmp_name":"\/tmp\/php4dWQ2B","error":0,"size":345968}] [] []
[2020-06-24 18:00:07] generateOTP.INFO: test [] []
[2020-06-24 18:00:28] generateOTP.INFO: test [] []
[2020-06-24 18:01:04] generateOTP.INFO: test [] []
[2020-06-24 18:03:05] generateOTP.INFO: test [] []
[2020-06-24 18:03:29] generateOTP.INFO: test [] []
[2020-06-24 18:04:11] generateOTP.INFO: test [] []
[2020-06-24 18:04:20] generateOTP.INFO: test [] []
[2020-06-24 18:04:21] generateOTP.INFO: test [] []
[2020-06-24 18:06:16] documentsSave.INFO: {"ops_type":"[\"Enrollment form\",\"Cheque Copy\",\"NREGS_Job_Card\"]","ext0":"undefined","ext1":"undefined","ext2":"undefined","ids":"84,85","update_datas":"update","emp_id":"620526"} [] []
[2020-06-24 18:06:16] documentsSaveFiles.INFO: [{"name":"Appointment_Letter.pdf","type":"application\/pdf","tmp_name":"\/tmp\/php85YzBF","error":0,"size":523424},{"name":"Appointment_Letter.pdf","type":"application\/pdf","tmp_name":"\/tmp\/phpy9K3Pz","error":0,"size":523424},{"name":"Appointment_Letter.pdf","type":"application\/pdf","tmp_name":"\/tmp\/phpRZdiJv","error":0,"size":523424}] [] []
[2020-06-24 18:06:21] generateOTP.INFO: test [] []
[2020-06-24 18:06:42] generateOTP.INFO: test [] []
[2020-06-24 18:07:25] generateOTP.INFO: test [] []
[2020-06-24 18:07:28] generateOTP.INFO: test [] []
[2020-06-24 18:07:45] generateOTP.INFO: test [] []
[2020-06-24 18:09:23] generateOTP.INFO: test [] []
[2020-06-24 18:09:33] generateOTP.INFO: test [] []
[2020-06-24 18:14:53] generateOTP.INFO: test [] []
[2020-06-24 18:14:53] generateOTP.INFO: test [] []
[2020-06-24 18:15:03] generateOTP.INFO: test [] []
[2020-06-24 18:15:10] generateOTP.INFO: test [] []
[2020-06-24 18:15:33] generateOTP.INFO: test [] []
[2020-06-24 18:16:17] generateOTP.INFO: test [] []
[2020-06-24 18:16:31] generateOTP.INFO: test [] []
[2020-06-24 18:16:32] generateOTP.INFO: test [] []
[2020-06-24 18:17:08] generateOTP.INFO: test [] []
[2020-06-24 18:17:22] generateOTP.INFO: test [] []
[2020-06-24 18:17:22] generateOTP.INFO: test [] []
[2020-06-24 18:17:48] generateOTP.INFO: test [] []
[2020-06-24 18:18:51] generateOTP.INFO: test [] []
[2020-06-24 18:18:59] generateOTP.INFO: test [] []
[2020-06-24 18:19:05] generateOTP.INFO: test [] []
[2020-06-24 18:21:52] generateOTP.INFO: test [] []
[2020-06-24 18:24:26] generateOTP.INFO: test [] []
[2020-06-24 18:24:31] generateOTP.INFO: test [] []
[2020-06-24 18:25:54] generateOTP.INFO: test [] []
[2020-06-24 18:26:41] generateOTP.INFO: test [] []
[2020-06-24 18:27:15] generateOTP.INFO: test [] []
[2020-06-24 18:27:26] generateOTP.INFO: test [] []
[2020-06-24 18:27:27] generateOTP.INFO: test [] []
[2020-06-24 18:27:32] generateOTP.INFO: test [] []
[2020-06-24 18:28:22] generateOTP.INFO: test [] []
[2020-06-24 18:28:48] generateOTP.INFO: test [] []
[2020-06-24 18:28:52] generateOTP.INFO: test [] []
[2020-06-24 18:29:22] generateOTP.INFO: test [] []
[2020-06-24 19:22:22] generateOTP.INFO: test [] []
[2020-06-24 19:22:23] generateOTP.INFO: test [] []
[2020-06-24 19:22:28] generateOTP.INFO: test [] []
[2020-06-24 19:23:32] generateOTP.INFO: test [] []
[2020-06-24 19:30:45] generateOTP.INFO: test [] []
[2020-06-24 19:30:45] generateOTP.INFO: test [] []
[2020-06-24 19:30:52] generateOTP.INFO: test [] []
[2020-06-24 19:30:54] generateOTP.INFO: test [] []
[2020-06-24 19:30:54] generateOTP.INFO: test [] []
[2020-06-24 19:31:01] generateOTP.INFO: test [] []
[2020-06-24 19:31:02] generateOTP.INFO: test [] []
[2020-06-24 19:31:03] generateOTP.INFO: test [] []
[2020-06-24 19:31:10] generateOTP.INFO: test [] []
[2020-06-24 19:31:19] generateOTP.INFO: test [] []
[2020-06-24 19:31:27] generateOTP.INFO: test [] []
[2020-06-24 19:31:28] generateOTP.INFO: test [] []
[2020-06-24 19:31:48] generateOTP.INFO: test [] []
[2020-06-24 19:38:24] generateOTP.INFO: test [] []
[2020-06-24 19:38:45] generateOTP.INFO: test [] []
[2020-06-24 19:38:47] generateOTP.INFO: test [] []
[2020-06-24 19:38:48] generateOTP.INFO: test [] []
[2020-06-24 19:38:53] generateOTP.INFO: test [] []
[2020-06-24 19:39:54] generateOTP.INFO: test [] []
[2020-06-24 19:39:55] generateOTP.INFO: test [] []
[2020-06-24 19:40:00] generateOTP.INFO: test [] []
[2020-06-24 19:40:41] generateOTP.INFO: test [] []
[2020-06-24 19:40:42] generateOTP.INFO: test [] []
[2020-06-24 19:41:13] generateOTP.INFO: test [] []
[2020-06-24 19:41:23] generateOTP.INFO: test [] []
[2020-06-24 19:41:32] generateOTP.INFO: test [] []
[2020-06-24 19:41:37] generateOTP.INFO: test [] []
[2020-06-24 19:42:04] generateOTP.INFO: test [] []
[2020-06-24 19:42:09] generateOTP.INFO: test [] []
[2020-06-24 19:42:14] generateOTP.INFO: test [] []
[2020-06-24 19:42:21] generateOTP.INFO: test [] []
[2020-06-24 19:42:25] generateOTP.INFO: test [] []
[2020-06-24 19:42:37] generateOTP.INFO: test [] []
[2020-06-24 19:42:41] generateOTP.INFO: test [] []
[2020-06-24 19:42:46] generateOTP.INFO: test [] []
[2020-06-24 19:42:55] generateOTP.INFO: test [] []
[2020-06-24 19:43:03] generateOTP.INFO: test [] []
[2020-06-24 19:43:07] generateOTP.INFO: test [] []
[2020-06-24 20:11:17] generateOTP.INFO: test [] []
[2020-06-24 20:11:19] generateOTP.INFO: test [] []
[2020-06-24 21:46:47] generateOTP.INFO: test [] []
[2020-06-24 21:48:25] generateOTP.INFO: test [] []
[2020-06-24 21:49:37] generateOTP.INFO: test [] []
[2020-06-24 21:51:14] generateOTP.INFO: test [] []
[2020-06-24 21:52:49] generateOTP.INFO: {"edit":"0","policy_no":"392,393","subtype_text":"1","sum_insure":"500000","familyConstruct":"1A","tenure":"1 Year","family_members_id":"0","family_gender":"Male","first_name":"test","last_name":"BANKING","family_date_birth":"19-12-1988","age":"31","age_type":" years","family_id":"","s_date":"","marriage_date":"","premium":"8399.9952","policyNo":"392,393","familyDataType":"undefined","empId":"620527","product":"iWL65dcd54d9c5a65","declare":"[]"} [] []
[2020-06-24 21:55:33] generateOTP.INFO: test [] []
[2020-06-24 21:57:27] generateOTP.INFO: test [] []
[2020-06-24 21:58:03] generateOTP.INFO: test [] []
[2020-06-24 21:58:09] generateOTP.INFO: test [] []
[2020-06-24 22:00:30] generateOTP.INFO: test [] []
[2020-06-24 22:03:15] generateOTP.INFO: test [] []
[2020-06-24 22:03:50] generateOTP.INFO: test [] []
[2020-06-24 22:05:23] generateOTP.INFO: test [] []
[2020-06-24 22:07:30] generateOTP.INFO: test [] []
[2020-06-24 22:09:07] generateOTP.INFO: test [] []
[2020-06-24 22:10:33] generateOTP.INFO: test [] []
[2020-06-24 22:12:37] generateOTP.INFO: test [] []
[2020-06-24 22:17:28] generateOTP.INFO: test [] []
[2020-06-24 22:17:59] generateOTP.INFO: test [] []
[2020-06-24 22:18:44] generateOTP.INFO: test [] []
[2020-06-24 22:21:26] generateOTP.INFO: test [] []
[2020-06-24 22:24:03] generateOTP.INFO: test [] []
[2020-06-24 22:44:33] generateOTP.INFO: test [] []
[2020-06-24 22:53:08] generateOTP.INFO: test [] []
[2020-06-24 22:54:16] generateOTP.INFO: test [] []
[2020-06-24 22:55:27] generateOTP.INFO: test [] []
[2020-06-24 22:56:10] generateOTP.INFO: test [] []
[2020-06-24 22:56:12] generateOTP.INFO: test [] []
[2020-06-24 22:56:13] generateOTP.INFO: test [] []
[2020-06-24 22:56:20] generateOTP.INFO: test [] []
[2020-06-24 22:56:21] generateOTP.INFO: test [] []
[2020-06-24 22:57:00] generateOTP.INFO: test [] []
[2020-06-24 23:01:12] generateOTP.INFO: test [] []
[2020-06-24 23:03:18] generateOTP.INFO: test [] []
[2020-06-24 23:04:14] generateOTP.INFO: test [] []
[2020-06-24 23:04:37] generateOTP.INFO: test [] []
[2020-06-24 23:06:00] generateOTP.INFO: test [] []
[2020-06-24 23:09:37] generateOTP.INFO: test [] []
[2020-06-24 23:15:11] generateOTP.INFO: test [] []
[2020-06-24 23:15:29] generateOTP.INFO: test [] []
[2020-06-24 23:16:54] generateOTP.INFO: test [] []
[2020-06-24 23:18:15] generateOTP.INFO: test [] []
[2020-06-24 23:19:32] generateOTP.INFO: test [] []
[2020-06-24 23:21:01] generateOTP.INFO: test [] []
[2020-06-24 23:27:17] generateOTP.INFO: test [] []
[2020-06-24 23:28:14] generateOTP.INFO: test [] []
[2020-06-24 23:29:53] generateOTP.INFO: test [] []
[2020-06-24 23:31:07] generateOTP.INFO: test [] []
[2020-06-24 23:31:36] generateOTP.INFO: test [] []
[2020-06-24 23:32:15] generateOTP.INFO: test [] []
[2020-06-24 23:38:30] generateOTP.INFO: test [] []
[2020-06-24 23:42:06] generateOTP.INFO: test [] []
[2020-06-24 23:44:45] generateOTP.INFO: test [] []
[2020-06-24 23:58:49] generateOTP.INFO: test [] []
[2020-06-24 23:59:18] generateOTP.INFO: test [] []
