[2020-05-26 10:05:33] generateOTP.INFO: test [] []
[2020-05-26 10:51:15] generateOTP.INFO: test [] []
[2020-05-26 10:51:23] generateOTP.INFO: test [] []
[2020-05-26 10:51:25] generateOTP.INFO: test [] []
[2020-05-26 11:12:59] generateOTP.INFO: test [] []
[2020-05-26 11:13:03] generateOTP.INFO: test [] []
[2020-05-26 11:13:07] generateOTP.INFO: test [] []
[2020-05-26 11:13:09] generateOTP.INFO: test [] []
[2020-05-26 11:15:47] generateOTP.INFO: test [] []
[2020-05-26 11:16:12] generateOTP.INFO: test [] []
[2020-05-26 11:16:13] generateOTP.INFO: test [] []
[2020-05-26 11:19:24] generateOTP.INFO: test [] []
[2020-05-26 11:20:04] generateOTP.INFO: test [] []
[2020-05-26 11:20:07] generateOTP.INFO: test [] []
[2020-05-26 11:20:42] generateOTP.INFO: test [] []
[2020-05-26 11:20:42] generateOTP.INFO: test [] []
[2020-05-26 11:20:43] generateOTP.INFO: test [] []
[2020-05-26 11:20:43] generateOTP.INFO: test [] []
[2020-05-26 11:20:44] generateOTP.INFO: test [] []
[2020-05-26 11:41:28] generateOTP.INFO: test [] []
[2020-05-26 11:41:35] generateOTP.INFO: test [] []
[2020-05-26 11:41:40] generateOTP.INFO: test [] []
[2020-05-26 11:41:53] generateOTP.INFO: test [] []
[2020-05-26 11:42:06] generateOTP.INFO: test [] []
[2020-05-26 11:42:47] generateOTP.INFO: test [] []
[2020-05-26 11:42:52] generateOTP.INFO: test [] []
[2020-05-26 11:43:05] generateOTP.INFO: test [] []
[2020-05-26 11:44:31] generateOTP.INFO: test [] []
[2020-05-26 11:49:21] generateOTP.INFO: test [] []
[2020-05-26 11:49:23] generateOTP.INFO: test [] []
[2020-05-26 11:49:28] generateOTP.INFO: test [] []
[2020-05-26 11:49:44] generateOTP.INFO: test [] []
[2020-05-26 11:49:47] generateOTP.INFO: test [] []
[2020-05-26 11:51:37] generateOTP.INFO: test [] []
[2020-05-26 11:51:52] generateOTP.INFO: test [] []
[2020-05-26 11:51:55] generateOTP.INFO: test [] []
[2020-05-26 11:54:05] generateOTP.INFO: test [] []
[2020-05-26 11:54:06] generateOTP.INFO: test [] []
[2020-05-26 11:55:13] generateOTP.INFO: test [] []
[2020-05-26 11:55:14] generateOTP.INFO: test [] []
[2020-05-26 11:55:23] generateOTP.INFO: test [] []
[2020-05-26 11:55:52] generateOTP.INFO: test [] []
[2020-05-26 11:55:55] generateOTP.INFO: test [] []
[2020-05-26 11:55:58] generateOTP.INFO: test [] []
[2020-05-26 11:57:27] generateOTP.INFO: test [] []
[2020-05-26 11:57:48] generateOTP.INFO: test [] []
[2020-05-26 11:57:50] generateOTP.INFO: test [] []
[2020-05-26 11:59:54] generateOTP.INFO: test [] []
[2020-05-26 12:00:57] generateOTP.INFO: test [] []
[2020-05-26 12:01:18] generateOTP.INFO: test [] []
[2020-05-26 12:01:21] generateOTP.INFO: test [] []
[2020-05-26 12:04:06] generateOTP.INFO: test [] []
[2020-05-26 12:04:10] generateOTP.INFO: test [] []
[2020-05-26 12:04:12] generateOTP.INFO: test [] []
[2020-05-26 12:07:59] generateOTP.INFO: test [] []
[2020-05-26 12:08:11] generateOTP.INFO: test [] []
[2020-05-26 12:08:13] generateOTP.INFO: test [] []
[2020-05-26 12:08:20] generateOTP.INFO: test [] []
[2020-05-26 12:10:27] generateOTP.INFO: test [] []
[2020-05-26 12:41:51] generateOTP.INFO: test [] []
[2020-05-26 12:42:04] generateOTP.INFO: test [] []
[2020-05-26 12:42:05] generateOTP.INFO: test [] []
[2020-05-26 12:42:08] generateOTP.INFO: test [] []
[2020-05-26 12:42:22] generateOTP.INFO: test [] []
[2020-05-26 12:42:25] generateOTP.INFO: test [] []
[2020-05-26 12:48:43] generateOTP.INFO: test [] []
[2020-05-26 12:49:42] generateOTP.INFO: test [] []
[2020-05-26 12:49:43] generateOTP.INFO: test [] []
[2020-05-26 12:50:45] generateOTP.INFO: test [] []
[2020-05-26 12:52:17] generateOTP.INFO: test [] []
[2020-05-26 12:52:19] generateOTP.INFO: test [] []
[2020-05-26 12:52:21] generateOTP.INFO: test [] []
[2020-05-26 12:52:22] generateOTP.INFO: test [] []
[2020-05-26 12:53:01] generateOTP.INFO: test [] []
[2020-05-26 12:53:45] generateOTP.INFO: test [] []
[2020-05-26 12:53:48] generateOTP.INFO: test [] []
[2020-05-26 12:54:17] generateOTP.INFO: test [] []
[2020-05-26 12:59:24] generateOTP.INFO: test [] []
[2020-05-26 12:59:24] generateOTP.INFO: test [] []
[2020-05-26 12:59:32] generateOTP.INFO: test [] []
[2020-05-26 12:59:38] generateOTP.INFO: test [] []
[2020-05-26 13:00:22] generateOTP.INFO: test [] []
[2020-05-26 13:05:43] generateOTP.INFO: test [] []
[2020-05-26 13:08:49] generateOTP.INFO: test [] []
[2020-05-26 13:08:50] generateOTP.INFO: test [] []
[2020-05-26 13:09:20] generateOTP.INFO: test [] []
[2020-05-26 13:11:06] generateOTP.INFO: test [] []
[2020-05-26 13:11:54] generateOTP.INFO: test [] []
[2020-05-26 13:12:05] generateOTP.INFO: test [] []
[2020-05-26 13:14:50] generateOTP.INFO: test [] []
[2020-05-26 13:14:52] generateOTP.INFO: test [] []
[2020-05-26 13:15:21] generateOTP.INFO: test [] []
[2020-05-26 13:15:23] generateOTP.INFO: test [] []
[2020-05-26 13:15:28] generateOTP.INFO: test [] []
[2020-05-26 13:15:44] generateOTP.INFO: test [] []
[2020-05-26 13:15:45] generateOTP.INFO: test [] []
[2020-05-26 13:15:56] generateOTP.INFO: test [] []
[2020-05-26 13:19:18] generateOTP.INFO: test [] []
[2020-05-26 13:20:13] generateOTP.INFO: test [] []
[2020-05-26 13:29:22] generateOTP.INFO: {"edit":"0","policy_no":"378","subtype_text":"1","sum_insure":"1000000","familyConstruct":"2A","tenure":"1 Year","family_members_id":"0","family_gender":"Male","first_name":"jgjhghj","middle_name":"ghjghjg","last_name":"jghjg","family_date_birth":"15-05-2002","age":"18","age_type":"years","family_id":"","s_date":"","marriage_date":"","premium":"6899","policyNo":"378","familyDataType":"family_construct","empId":"620373","product":"QBTv5db9151ad1c21","declare":"[]","abc":"2a+2k"} [] []
[2020-05-26 13:29:36] generateOTP.INFO: {"edit":"0","policy_no":"378","subtype_text":"1","sum_insure":"1000000","familyConstruct":"2A","tenure":"1 Year","family_members_id":"1","family_gender":"Female","first_name":"jkjhkjh","middle_name":"jhkjhjk","last_name":"jhjkhjk","family_date_birth":"18-05-1995","age":"25","age_type":"years","family_id":"","s_date":"","marriage_date":"","premium":"6899","policyNo":"378","familyDataType":"family_construct","empId":"620373","product":"QBTv5db9151ad1c21","declare":"[]","abc":"2a+2k"} [] []
[2020-05-26 13:31:19] documentsSave.INFO: {"ops_type":"[\"Enrollment form\",\"Cheque Copy\",\"Birth_Certificate\"]","ext0":"undefined","ext1":"undefined","ext2":"undefined","ids":"242","update_datas":"undefined","emp_id":"620373"} [] []
[2020-05-26 13:31:19] documentsSaveFiles.INFO: [{"name":"step 1.png","type":"image\/png","tmp_name":"\/tmp\/phpR9zhUF","error":0,"size":238314},{"name":"step 1.png","type":"image\/png","tmp_name":"\/tmp\/phpMjQD6G","error":0,"size":238314},{"name":"step 1.png","type":"image\/png","tmp_name":"\/tmp\/phpXbh85Q","error":0,"size":238314}] [] []
[2020-05-26 13:31:22] generateOTP.INFO: test [] []
[2020-05-26 13:32:22] generateOTP.INFO: test [] []
[2020-05-26 13:34:16] generateOTP.INFO: test [] []
[2020-05-26 13:40:19] generateOTP.INFO: test [] []
[2020-05-26 13:41:37] generateOTP.INFO: test [] []
[2020-05-26 13:41:46] generateOTP.INFO: test [] []
[2020-05-26 13:41:55] generateOTP.INFO: test [] []
[2020-05-26 13:42:22] generateOTP.INFO: test [] []
[2020-05-26 13:42:42] generateOTP.INFO: test [] []
[2020-05-26 13:42:42] generateOTP.INFO: test [] []
[2020-05-26 13:45:12] generateOTP.INFO: test [] []
[2020-05-26 13:45:44] generateOTP.INFO: test [] []
[2020-05-26 13:46:37] generateOTP.INFO: test [] []
[2020-05-26 13:46:39] generateOTP.INFO: test [] []
[2020-05-26 13:46:54] generateOTP.INFO: test [] []
[2020-05-26 13:46:57] generateOTP.INFO: test [] []
[2020-05-26 13:48:43] generateOTP.INFO: test [] []
[2020-05-26 13:49:06] generateOTP.INFO: test [] []
[2020-05-26 13:49:19] generateOTP.INFO: test [] []
[2020-05-26 13:49:20] generateOTP.INFO: test [] []
[2020-05-26 13:50:50] generateOTP.INFO: test [] []
[2020-05-26 13:54:50] generateOTP.INFO: test [] []
[2020-05-26 13:57:14] generateOTP.INFO: test [] []
[2020-05-26 13:57:18] generateOTP.INFO: test [] []
[2020-05-26 13:57:18] generateOTP.INFO: test [] []
[2020-05-26 13:57:30] generateOTP.INFO: test [] []
[2020-05-26 13:57:33] generateOTP.INFO: test [] []
[2020-05-26 13:57:33] generateOTP.INFO: test [] []
[2020-05-26 15:15:55] generateOTP.INFO: test [] []
[2020-05-26 15:16:04] generateOTP.INFO: test [] []
[2020-05-26 15:16:06] generateOTP.INFO: test [] []
[2020-05-26 15:42:28] generateOTP.INFO: test [] []
[2020-05-26 15:42:34] generateOTP.INFO: test [] []
[2020-05-26 15:42:36] generateOTP.INFO: test [] []
[2020-05-26 15:47:04] generateOTP.INFO: test [] []
[2020-05-26 15:47:04] generateOTP.INFO: test [] []
[2020-05-26 15:47:10] generateOTP.INFO: test [] []
[2020-05-26 15:48:04] generateOTP.INFO: test [] []
[2020-05-26 15:48:05] generateOTP.INFO: test [] []
[2020-05-26 15:48:08] generateOTP.INFO: test [] []
[2020-05-26 15:48:08] generateOTP.INFO: test [] []
[2020-05-26 15:48:18] generateOTP.INFO: test [] []
[2020-05-26 15:48:36] generateOTP.INFO: test [] []
[2020-05-26 15:48:38] generateOTP.INFO: test [] []
[2020-05-26 16:23:52] generateOTP.INFO: test [] []
[2020-05-26 16:23:58] generateOTP.INFO: test [] []
[2020-05-26 16:24:16] generateOTP.INFO: test [] []
[2020-05-26 16:24:20] generateOTP.INFO: test [] []
[2020-05-26 16:24:45] generateOTP.INFO: test [] []
[2020-05-26 16:25:06] generateOTP.INFO: test [] []
[2020-05-26 16:25:10] generateOTP.INFO: test [] []
[2020-05-26 16:30:25] generateOTP.INFO: test [] []
[2020-05-26 16:30:39] generateOTP.INFO: test [] []
[2020-05-26 16:30:42] generateOTP.INFO: test [] []
[2020-05-26 16:34:49] generateOTP.INFO: test [] []
[2020-05-26 16:34:53] generateOTP.INFO: test [] []
[2020-05-26 16:37:03] generateOTP.INFO: test [] []
[2020-05-26 16:37:04] generateOTP.INFO: test [] []
[2020-05-26 17:20:12] generateOTP.INFO: test [] []
[2020-05-26 17:20:13] generateOTP.INFO: test [] []
[2020-05-26 17:20:14] generateOTP.INFO: test [] []
[2020-05-26 17:20:20] generateOTP.INFO: test [] []
[2020-05-26 17:22:20] generateOTP.INFO: test [] []
[2020-05-26 17:22:23] generateOTP.INFO: test [] []
[2020-05-26 17:22:35] generateOTP.INFO: test [] []
[2020-05-26 17:23:35] generateOTP.INFO: test [] []
[2020-05-26 17:23:50] generateOTP.INFO: test [] []
[2020-05-26 17:23:51] generateOTP.INFO: test [] []
[2020-05-26 17:23:52] generateOTP.INFO: test [] []
[2020-05-26 17:24:32] generateOTP.INFO: test [] []
[2020-05-26 17:24:32] generateOTP.INFO: test [] []
[2020-05-26 17:24:33] generateOTP.INFO: test [] []
[2020-05-26 17:24:50] generateOTP.INFO: test [] []
[2020-05-26 17:25:08] generateOTP.INFO: test [] []
[2020-05-26 17:39:57] generateOTP.INFO: test [] []
[2020-05-26 17:39:57] generateOTP.INFO: test [] []
[2020-05-26 17:40:08] generateOTP.INFO: test [] []
[2020-05-26 17:40:15] generateOTP.INFO: test [] []
[2020-05-26 17:41:51] generateOTP.INFO: test [] []
[2020-05-26 17:45:41] generateOTP.INFO: test [] []
[2020-05-26 17:45:42] generateOTP.INFO: test [] []
[2020-05-26 17:45:49] generateOTP.INFO: test [] []
[2020-05-26 17:46:04] generateOTP.INFO: test [] []
[2020-05-26 17:46:05] generateOTP.INFO: test [] []
[2020-05-26 17:48:00] generateOTP.INFO: test [] []
[2020-05-26 17:48:05] generateOTP.INFO: test [] []
[2020-05-26 17:48:07] generateOTP.INFO: test [] []
[2020-05-26 17:51:34] generateOTP.INFO: test [] []
[2020-05-26 17:53:10] generateOTP.INFO: test [] []
[2020-05-26 17:53:11] generateOTP.INFO: test [] []
[2020-05-26 17:53:16] generateOTP.INFO: test [] []
[2020-05-26 17:53:26] generateOTP.INFO: test [] []
[2020-05-26 18:26:37] generateOTP.INFO: test [] []
[2020-05-26 18:31:23] generateOTP.INFO: test [] []
[2020-05-26 18:34:50] generateOTP.INFO: test [] []
[2020-05-26 18:34:51] generateOTP.INFO: test [] []
[2020-05-26 18:35:42] generateOTP.INFO: test [] []
[2020-05-26 18:36:12] generateOTP.INFO: test [] []
[2020-05-26 18:36:19] generateOTP.INFO: test [] []
[2020-05-26 18:36:20] generateOTP.INFO: test [] []
[2020-05-26 18:36:28] generateOTP.INFO: test [] []
[2020-05-26 18:37:29] generateOTP.INFO: test [] []
[2020-05-26 18:39:31] generateOTP.INFO: test [] []
[2020-05-26 18:40:41] generateOTP.INFO: test [] []
[2020-05-26 18:41:11] generateOTP.INFO: test [] []
[2020-05-26 18:47:14] generateOTP.INFO: test [] []
[2020-05-26 18:48:05] generateOTP.INFO: test [] []
[2020-05-26 18:48:35] generateOTP.INFO: test [] []
[2020-05-26 18:48:37] generateOTP.INFO: test [] []
[2020-05-26 18:53:04] generateOTP.INFO: test [] []
[2020-05-26 18:54:13] generateOTP.INFO: test [] []
[2020-05-26 18:55:29] generateOTP.INFO: test [] []
[2020-05-26 18:55:30] generateOTP.INFO: test [] []
[2020-05-26 18:55:31] generateOTP.INFO: test [] []
[2020-05-26 19:02:30] generateOTP.INFO: test [] []
[2020-05-26 19:04:17] generateOTP.INFO: test [] []
[2020-05-26 19:04:23] generateOTP.INFO: test [] []
[2020-05-26 19:19:44] generateOTP.INFO: test [] []
