[2020-02-26 10:34:54] generateOTP.INFO: test [] []
[2020-02-26 11:35:23] generateOTP.INFO: test [] []
[2020-02-26 13:11:55] generateOTP.INFO: test [] []
[2020-02-26 13:13:02] generateOTP.INFO: test [] []
[2020-02-26 14:30:59] generateOTP.INFO: test [] []
[2020-02-26 14:59:33] generateOTP.INFO: test [] []
[2020-02-26 15:06:06] generateOTP.INFO: test [] []
[2020-02-26 15:06:07] generateOTP.INFO: test [] []
[2020-02-26 15:06:07] generateOTP.INFO: test [] []
[2020-02-26 15:06:11] generateOTP.INFO: test [] []
[2020-02-26 15:06:11] generateOTP.INFO: test [] []
[2020-02-26 15:22:16] generateOTP.INFO: test [] []
[2020-02-26 15:22:31] generateOTP.INFO: test [] []
[2020-02-26 15:32:44] generateOTP.INFO: test [] []
[2020-02-26 15:33:49] generateOTP.INFO: test [] []
[2020-02-26 15:33:52] generateOTP.INFO: test [] []
[2020-02-26 15:33:52] generateOTP.INFO: test [] []
[2020-02-26 15:34:17] generateOTP.INFO: test [] []
[2020-02-26 15:34:17] generateOTP.INFO: test [] []
[2020-02-26 15:34:17] generateOTP.INFO: test [] []
[2020-02-26 15:37:57] generateOTP.INFO: test [] []
[2020-02-26 15:37:57] generateOTP.INFO: test [] []
[2020-02-26 15:39:15] generateOTP.INFO: test [] []
[2020-02-26 15:40:39] generateOTP.INFO: test [] []
[2020-02-26 15:40:39] generateOTP.INFO: test [] []
[2020-02-26 15:40:47] generateOTP.INFO: test [] []
[2020-02-26 15:42:16] generateOTP.INFO: test [] []
[2020-02-26 15:52:02] generateOTP.INFO: {"edit":"0","policy_no":"378","subtype_text":"1","sum_insure":"800000","familyConstruct":"2A","tenure":"1 Year","family_members_id":"0","family_gender":"Male","first_name":"dhanashree","middle_name":"shivaji ","last_name":"datir","family_date_birth":"23-02-1989","age":"31","age_type":"years","family_id":"","s_date":"","marriage_date":"","premium_parent":"","contri_parent":"","premium":"6699","policyNo":"378","familyDataType":"undefined","empId":"620026","product":"QBTv5db9151ad1c21","declare":"[]"} [] []
[2020-02-26 15:52:33] generateOTP.INFO: test [] []
[2020-02-26 15:52:42] generateOTP.INFO: {"edit":"0","policy_no":"378","subtype_text":"1","sum_insure":"800000","familyConstruct":"2A","tenure":"1 Year","family_members_id":"1","family_gender":"Female","first_name":"pravin ","middle_name":"bb","last_name":"ss","family_date_birth":"10-02-1981","age":"39","age_type":"years","family_id":"","s_date":"","marriage_date":"","premium_parent":"","contri_parent":"","premium":"6699","policyNo":"378","familyDataType":"undefined","empId":"620026","product":"QBTv5db9151ad1c21","declare":"[]"} [] []
[2020-02-26 15:52:58] generateOTP.INFO: {"edit":"0","policy_no":"378","subtype_text":"1","sum_insure":"800000","familyConstruct":"2A","tenure":"1 Year","family_members_id":"2","family_gender":"Male","first_name":"sahil","middle_name":"ss","last_name":"pp","family_date_birth":"10-02-2016","age":"4","age_type":"years","family_id":"","s_date":"","marriage_date":"","premium_parent":"","contri_parent":"","premium":"6699","policyNo":"378","familyDataType":"undefined","empId":"620026","product":"QBTv5db9151ad1c21","declare":"[]"} [] []
[2020-02-26 15:53:09] generateOTP.INFO: {"edit":"0","policy_no":"378","subtype_text":"1","sum_insure":"800000","familyConstruct":"2A","tenure":"1 Year","family_members_id":"2","family_gender":"Male","first_name":"sahil","middle_name":"ss","last_name":"pp","family_date_birth":"10-02-2016","age":"4","age_type":"years","family_id":"","s_date":"","marriage_date":"","premium_parent":"","contri_parent":"","premium":"6699","policyNo":"378","familyDataType":"undefined","empId":"620026","product":"QBTv5db9151ad1c21","declare":"[]"} [] []
[2020-02-26 15:53:34] generateOTP.INFO: {"edit":"0","policy_no":"378","subtype_text":"1","sum_insure":"800000","familyConstruct":"2A","tenure":"1 Year","family_members_id":"3","family_gender":"Female","first_name":"chaitali","middle_name":"gdfg","last_name":"dfgdsfg","family_date_birth":"14-02-2018","age":"2","age_type":"years","family_id":"","s_date":"","marriage_date":"","premium_parent":"","contri_parent":"","premium":"6699","policyNo":"378","familyDataType":"undefined","empId":"620026","product":"QBTv5db9151ad1c21","declare":"[]"} [] []
[2020-02-26 15:54:12] generateOTP.INFO: test [] []
[2020-02-26 15:54:12] generateOTP.INFO: test [] []
[2020-02-26 15:54:44] generateOTP.INFO: test [] []
[2020-02-26 15:54:44] generateOTP.INFO: test [] []
[2020-02-26 15:55:20] generateOTP.INFO: {"edit":"0","policy_no":"378","subtype_text":"1","sum_insure":"800000","familyConstruct":"2A","tenure":"1 Year","family_members_id":"1","family_gender":"Female","first_name":"fdsfds","middle_name":"sdfsdf","last_name":"dsfaf","family_date_birth":"08-02-2018","age":"2","age_type":"years","family_id":"","s_date":"","marriage_date":"","premium_parent":"","contri_parent":"","premium":"6699","policyNo":"378","familyDataType":"undefined","empId":"620026","product":"QBTv5db9151ad1c21","declare":"[]"} [] []
[2020-02-26 15:55:28] generateOTP.INFO: {"edit":"0","policy_no":"378","subtype_text":"1","sum_insure":"800000","familyConstruct":"2A","tenure":"1 Year","family_members_id":"1","family_gender":"Female","first_name":"fdsfds","middle_name":"sdfsdf","last_name":"dsfaf","family_date_birth":"10-02-1994","age":"26","age_type":"years","family_id":"","s_date":"","marriage_date":"","premium_parent":"","contri_parent":"","premium":"6699","policyNo":"378","familyDataType":"undefined","empId":"620026","product":"QBTv5db9151ad1c21","declare":"[]"} [] []
[2020-02-26 15:56:14] generateOTP.INFO: {"edit":"0","subtype_text":"3","policy_no":"379","sum_insure":"750000","familyConstruct":"1A","tenure":"1 Year","family_members_id":"0","family_gender":"Male","first_name":"dhanashree","middle_name":"shivaji ","last_name":"datir","family_date_birth":"23-02-1989","age":"31","age_type":"years","family_id":"","s_date":"","marriage_date":"","premium_parent":"","contri_parent":"","premium":"3148","policyNo":"379","familyDataType":"family_construct","product":"QBTv5db9151ad1c21","empId":"620026"} [] []
[2020-02-26 15:56:32] generateOTP.INFO: {"edit":"0","subtype_text":"3","policy_no":"379","sum_insure":"750000","familyConstruct":"2A","tenure":"1 Year","family_members_id":"1","family_gender":"Female","first_name":"fdsfds","middle_name":"sdfsdf","last_name":"dsfaf","family_date_birth":"10-02-1994","age":"26","age_type":"years","family_id":"","s_date":"","marriage_date":"","premium_parent":"","contri_parent":"","premium":"6296","policyNo":"379","familyDataType":"family_construct","product":"QBTv5db9151ad1c21","empId":"620026"} [] []
[2020-02-26 15:58:53] generateOTP.INFO: {"edit":"0","policy_no":"378","subtype_text":"1","sum_insure":"800000","familyConstruct":"1A","tenure":"1 Year","family_members_id":"1","family_gender":"Female","first_name":"dfsf","middle_name":"sdfadsf","last_name":"asfsadf","family_date_birth":"07-02-1995","age":"25","age_type":"years","family_id":"","s_date":"","marriage_date":"","premium_parent":"","contri_parent":"","premium":"5799","policyNo":"378","familyDataType":"family_construct","empId":"620026","product":"QBTv5db9151ad1c21","declare":"[]"} [] []
[2020-02-26 16:02:19] generateOTP.INFO: {"edit":"0","policy_no":"378","subtype_text":"1","sum_insure":"800000","familyConstruct":"2A","tenure":"1 Year","family_members_id":"0","family_gender":"Male","first_name":"dhanashree","middle_name":"shivaji ","last_name":"datir","family_date_birth":"23-02-1989","age":"31","age_type":"years","family_id":"","s_date":"","marriage_date":"","premium_parent":"","contri_parent":"","premium":"6699","policyNo":"378","familyDataType":"family_construct","empId":"620026","product":"QBTv5db9151ad1c21","declare":"[]"} [] []
[2020-02-26 16:02:24] generateOTP.INFO: test [] []
[2020-02-26 16:02:24] generateOTP.INFO: test [] []
[2020-02-26 16:02:31] generateOTP.INFO: {"edit":"0","subtype_text":"3","policy_no":"379","sum_insure":"750000","familyConstruct":"1A","tenure":"1 Year","family_members_id":"1","family_gender":"Female","first_name":"dfsf","middle_name":"sdfadsf","last_name":"asfsadf","family_date_birth":"07-02-1995","age":"25","age_type":"years","family_id":"","s_date":"","marriage_date":"","premium_parent":"","contri_parent":"","premium":"3148","policyNo":"379","familyDataType":"family_construct","product":"QBTv5db9151ad1c21","empId":"620026"} [] []
[2020-02-26 16:02:38] generateOTP.INFO: {"edit":"0","subtype_text":"3","policy_no":"379","sum_insure":"750000","familyConstruct":"1A","tenure":"1 Year","family_members_id":"1","family_gender":"Female","first_name":"dfsf","middle_name":"sdfadsf","last_name":"asfsadf","family_date_birth":"07-02-1995","age":"25","age_type":"years","family_id":"","s_date":"","marriage_date":"","premium_parent":"","contri_parent":"","premium":"3148","policyNo":"379","familyDataType":"family_construct","product":"QBTv5db9151ad1c21","empId":"620026"} [] []
[2020-02-26 16:03:50] generateOTP.INFO: {"edit":"0","subtype_text":"3","policy_no":"379","sum_insure":"750000","familyConstruct":"2A","tenure":"1 Year","family_members_id":"0","family_gender":"Male","first_name":"dhanashree","middle_name":"shivaji ","last_name":"datir","family_date_birth":"23-02-1989","age":"31","age_type":"years","family_id":"","s_date":"","marriage_date":"","premium_parent":"","contri_parent":"","premium":"6296","policyNo":"379","familyDataType":"family_construct","product":"QBTv5db9151ad1c21","empId":"620026"} [] []
[2020-02-26 16:03:54] generateOTP.INFO: {"edit":"0","subtype_text":"3","policy_no":"379","sum_insure":"750000","familyConstruct":"2A","tenure":"1 Year","family_members_id":"1","family_gender":"Female","first_name":"dfsf","middle_name":"sdfadsf","last_name":"asfsadf","family_date_birth":"07-02-1995","age":"25","age_type":"years","family_id":"","s_date":"","marriage_date":"","premium_parent":"","contri_parent":"","premium":"6296","policyNo":"379","familyDataType":"family_construct","product":"QBTv5db9151ad1c21","empId":"620026"} [] []
[2020-02-26 16:05:38] generateOTP.INFO: test [] []
[2020-02-26 16:05:42] generateOTP.INFO: test [] []
[2020-02-26 16:05:51] generateOTP.INFO: test [] []
[2020-02-26 16:05:51] generateOTP.INFO: test [] []
[2020-02-26 16:12:05] generateOTP.INFO: test [] []
[2020-02-26 16:17:06] generateOTP.INFO: test [] []
[2020-02-26 16:18:17] generateOTP.INFO: test [] []
[2020-02-26 16:19:09] generateOTP.INFO: test [] []
[2020-02-26 16:19:15] generateOTP.INFO: test [] []
[2020-02-26 16:20:22] generateOTP.INFO: test [] []
[2020-02-26 16:24:15] generateOTP.INFO: test [] []
[2020-02-26 16:24:27] generateOTP.INFO: test [] []
[2020-02-26 16:24:34] generateOTP.INFO: test [] []
[2020-02-26 16:24:55] generateOTP.INFO: test [] []
[2020-02-26 16:25:12] generateOTP.INFO: test [] []
[2020-02-26 16:27:43] generateOTP.INFO: test [] []
[2020-02-26 16:31:20] generateOTP.INFO: test [] []
[2020-02-26 16:45:24] generateOTP.INFO: test [] []
[2020-02-26 16:45:42] generateOTP.INFO: test [] []
[2020-02-26 16:46:34] generateOTP.INFO: test [] []
[2020-02-26 16:48:19] generateOTP.INFO: test [] []
[2020-02-26 16:51:59] generateOTP.INFO: test [] []
[2020-02-26 16:52:01] generateOTP.INFO: test [] []
[2020-02-26 16:53:50] generateOTP.INFO: test [] []
[2020-02-26 16:57:50] generateOTP.INFO: test [] []
[2020-02-26 16:57:50] generateOTP.INFO: test [] []
[2020-02-26 17:10:29] generateOTP.INFO: test [] []
[2020-02-26 17:12:20] generateOTP.INFO: test [] []
[2020-02-26 17:14:20] generateOTP.INFO: test [] []
[2020-02-26 17:15:29] generateOTP.INFO: test [] []
[2020-02-26 17:18:06] generateOTP.INFO: test [] []
[2020-02-26 17:18:08] generateOTP.INFO: test [] []
[2020-02-26 17:18:15] generateOTP.INFO: test [] []
[2020-02-26 17:19:08] generateOTP.INFO: test [] []
[2020-02-26 17:19:08] generateOTP.INFO: test [] []
[2020-02-26 17:19:46] generateOTP.INFO: test [] []
[2020-02-26 17:24:59] generateOTP.INFO: test [] []
[2020-02-26 17:25:00] generateOTP.INFO: test [] []
[2020-02-26 17:26:13] generateOTP.INFO: test [] []
[2020-02-26 17:26:13] generateOTP.INFO: test [] []
[2020-02-26 17:26:32] generateOTP.INFO: test [] []
[2020-02-26 17:26:32] generateOTP.INFO: test [] []
[2020-02-26 17:27:25] generateOTP.INFO: test [] []
[2020-02-26 17:27:25] generateOTP.INFO: test [] []
[2020-02-26 17:37:05] generateOTP.INFO: test [] []
[2020-02-26 17:37:05] generateOTP.INFO: test [] []
[2020-02-26 18:12:05] generateOTP.INFO: test [] []
[2020-02-26 18:12:05] generateOTP.INFO: test [] []
[2020-02-26 18:12:06] generateOTP.INFO: test [] []
[2020-02-26 18:12:11] generateOTP.INFO: test [] []
[2020-02-26 18:12:11] generateOTP.INFO: test [] []
[2020-02-26 18:20:00] generateOTP.INFO: test [] []
[2020-02-26 18:20:46] generateOTP.INFO: test [] []
[2020-02-26 18:20:47] generateOTP.INFO: test [] []
[2020-02-26 18:20:52] generateOTP.INFO: test [] []
[2020-02-26 18:20:52] generateOTP.INFO: test [] []
[2020-02-26 18:21:06] generateOTP.INFO: test [] []
[2020-02-26 18:21:06] generateOTP.INFO: test [] []
[2020-02-26 18:21:45] generateOTP.INFO: test [] []
[2020-02-26 18:22:28] generateOTP.INFO: test [] []
[2020-02-26 18:23:40] generateOTP.INFO: test [] []
[2020-02-26 18:23:40] generateOTP.INFO: test [] []
[2020-02-26 18:24:04] generateOTP.INFO: test [] []
[2020-02-26 18:24:23] generateOTP.INFO: test [] []
[2020-02-26 18:24:24] generateOTP.INFO: test [] []
[2020-02-26 18:24:24] generateOTP.INFO: test [] []
[2020-02-26 18:24:25] generateOTP.INFO: test [] []
[2020-02-26 18:24:25] generateOTP.INFO: test [] []
[2020-02-26 18:24:25] generateOTP.INFO: test [] []
[2020-02-26 18:24:25] generateOTP.INFO: test [] []
[2020-02-26 18:24:26] generateOTP.INFO: test [] []
[2020-02-26 18:24:26] generateOTP.INFO: test [] []
[2020-02-26 18:24:26] generateOTP.INFO: test [] []
[2020-02-26 18:25:20] generateOTP.INFO: test [] []
[2020-02-26 18:25:20] generateOTP.INFO: test [] []
[2020-02-26 18:25:20] generateOTP.INFO: test [] []
[2020-02-26 18:25:21] generateOTP.INFO: test [] []
[2020-02-26 18:25:38] generateOTP.INFO: test [] []
[2020-02-26 18:27:01] generateOTP.INFO: test [] []
[2020-02-26 18:27:06] generateOTP.INFO: test [] []
[2020-02-26 18:27:06] generateOTP.INFO: test [] []
[2020-02-26 18:27:15] generateOTP.INFO: test [] []
[2020-02-26 18:27:17] generateOTP.INFO: test [] []
[2020-02-26 18:27:18] generateOTP.INFO: test [] []
[2020-02-26 18:27:18] generateOTP.INFO: test [] []
[2020-02-26 18:27:44] generateOTP.INFO: test [] []
[2020-02-26 18:28:14] generateOTP.INFO: test [] []
[2020-02-26 18:28:41] generateOTP.INFO: test [] []
[2020-02-26 18:29:03] generateOTP.INFO: test [] []
[2020-02-26 18:29:04] generateOTP.INFO: test [] []
[2020-02-26 18:29:06] generateOTP.INFO: test [] []
[2020-02-26 18:29:06] generateOTP.INFO: test [] []
[2020-02-26 18:29:06] generateOTP.INFO: test [] []
[2020-02-26 18:29:25] generateOTP.INFO: test [] []
[2020-02-26 18:32:36] generateOTP.INFO: test [] []
[2020-02-26 18:32:36] generateOTP.INFO: test [] []
[2020-02-26 18:38:21] generateOTP.INFO: test [] []
[2020-02-26 18:38:21] generateOTP.INFO: test [] []
[2020-02-26 18:38:43] generateOTP.INFO: test [] []
[2020-02-26 18:41:41] generateOTP.INFO: test [] []
[2020-02-26 18:44:19] generateOTP.INFO: test [] []
[2020-02-26 18:44:20] generateOTP.INFO: test [] []
[2020-02-26 18:44:20] generateOTP.INFO: test [] []
[2020-02-26 18:45:08] generateOTP.INFO: test [] []
[2020-02-26 18:45:08] generateOTP.INFO: test [] []
[2020-02-26 18:47:30] generateOTP.INFO: test [] []
[2020-02-26 18:47:30] generateOTP.INFO: test [] []
[2020-02-26 18:47:32] generateOTP.INFO: test [] []
[2020-02-26 18:47:32] generateOTP.INFO: test [] []
[2020-02-26 18:48:10] generateOTP.INFO: test [] []
[2020-02-26 18:48:13] generateOTP.INFO: test [] []
[2020-02-26 18:49:57] generateOTP.INFO: test [] []
[2020-02-26 18:49:57] generateOTP.INFO: test [] []
[2020-02-26 18:50:07] generateOTP.INFO: test [] []
[2020-02-26 18:51:23] generateOTP.INFO: test [] []
[2020-02-26 18:51:32] generateOTP.INFO: test [] []
[2020-02-26 18:51:32] generateOTP.INFO: test [] []
[2020-02-26 19:24:29] generateOTP.INFO: test [] []
[2020-02-26 19:24:29] generateOTP.INFO: test [] []
[2020-02-26 19:24:51] generateOTP.INFO: test [] []
