[2019-12-26 10:09:39] generateOTP.INFO: test [] []
[2019-12-26 10:09:40] generateOTP.INFO: test [] []
[2019-12-26 10:19:08] generateOTP.INFO: test [] []
[2019-12-26 10:19:08] generateOTP.INFO: test [] []
[2019-12-26 10:19:09] generateOTP.INFO: test [] []
[2019-12-26 10:19:09] generateOTP.INFO: test [] []
[2019-12-26 10:33:09] generateOTP.INFO: test [] []
[2019-12-26 10:33:14] generateOTP.INFO: test [] []
[2019-12-26 10:33:16] generateOTP.INFO: test [] []
[2019-12-26 10:33:16] generateOTP.INFO: test [] []
[2019-12-26 10:33:16] generateOTP.INFO: test [] []
[2019-12-26 10:33:16] generateOTP.INFO: test [] []
[2019-12-26 10:33:38] generateOTP.INFO: test [] []
[2019-12-26 10:33:38] generateOTP.INFO: test [] []
[2019-12-26 10:33:38] generateOTP.INFO: test [] []
[2019-12-26 10:33:38] generateOTP.INFO: test [] []
[2019-12-26 10:35:28] generateOTP.INFO: test [] []
[2019-12-26 10:35:29] generateOTP.INFO: test [] []
[2019-12-26 10:35:34] generateOTP.INFO: test [] []
[2019-12-26 10:35:34] generateOTP.INFO: test [] []
[2019-12-26 10:35:34] generateOTP.INFO: test [] []
[2019-12-26 10:35:34] generateOTP.INFO: test [] []
[2019-12-26 10:36:35] generateOTP.INFO: test [] []
[2019-12-26 10:36:35] generateOTP.INFO: test [] []
[2019-12-26 10:36:35] generateOTP.INFO: test [] []
[2019-12-26 10:36:35] generateOTP.INFO: test [] []
[2019-12-26 10:42:51] generateOTP.INFO: test [] []
[2019-12-26 10:42:51] generateOTP.INFO: test [] []
[2019-12-26 10:42:51] generateOTP.INFO: test [] []
[2019-12-26 10:42:51] generateOTP.INFO: test [] []
[2019-12-26 10:43:54] generateOTP.INFO: test [] []
[2019-12-26 10:43:54] generateOTP.INFO: test [] []
[2019-12-26 10:43:54] generateOTP.INFO: test [] []
[2019-12-26 10:43:54] generateOTP.INFO: test [] []
[2019-12-26 10:44:28] generateOTP.INFO: {"edit":"0","subtype_text":"3","policy_no":"379","sum_insure":"1000000","familyConstruct":"2A","tenure":"1 Year","premium":"8395","family_members_id":"0","family_gender":"Female","first_name":"Savita","middle_name":"Mohan","last_name":"Kumar","family_date_birth":"07-07-1968","age":"51","age_type":"years","family_id":"","s_date":"","marriage_date":"","premium_parent":"","contri_parent":"","policyNo":"379","familyDataType":"family_construct","product":"QBTv5db9151ad1c21","empId":"619733"} [] []
[2019-12-26 10:44:45] generateOTP.INFO: test [] []
[2019-12-26 10:44:45] generateOTP.INFO: test [] []
[2019-12-26 10:44:45] generateOTP.INFO: test [] []
[2019-12-26 10:44:45] generateOTP.INFO: test [] []
[2019-12-26 10:44:56] generateOTP.INFO: {"edit":"0","subtype_text":"3","policy_no":"379","sum_insure":"1000000","familyConstruct":"2A","tenure":"1 Year","premium":"8395","family_members_id":"1","family_gender":"Male","first_name":"Mohan","middle_name":"P","last_name":"Kumar","family_date_birth":"28-02-1965","age":"53","age_type":"years","family_id":"","s_date":"","marriage_date":"","premium_parent":"","contri_parent":"","policyNo":"379","familyDataType":"family_construct","product":"QBTv5db9151ad1c21","empId":"619733"} [] []
[2019-12-26 10:45:28] generateOTP.INFO: test [] []
[2019-12-26 10:45:28] generateOTP.INFO: test [] []
[2019-12-26 10:45:28] generateOTP.INFO: test [] []
[2019-12-26 10:45:28] generateOTP.INFO: test [] []
[2019-12-26 10:45:58] generateOTP.INFO: test [] []
[2019-12-26 10:45:58] generateOTP.INFO: test [] []
[2019-12-26 10:45:58] generateOTP.INFO: test [] []
[2019-12-26 10:45:58] generateOTP.INFO: test [] []
[2019-12-26 10:46:57] generateOTP.INFO: test [] []
[2019-12-26 10:46:57] generateOTP.INFO: test [] []
[2019-12-26 10:46:57] generateOTP.INFO: test [] []
[2019-12-26 10:46:57] generateOTP.INFO: test [] []
[2019-12-26 10:50:19] documentsSave.INFO: {"ops_type":"[\"Customer Declaration Form\",\"0\"]","ext0":"undefined","ext1":"undefined","ids":"40"} [] []
[2019-12-26 10:50:19] documentsSaveFiles.INFO: {"path0":{"name":"HDFC Details.txt","type":"text\/plain","tmp_name":"\/tmp\/phpZRnFs1","error":0,"size":622},"path1":{"name":"HDFC-Flow.xlsx","type":"application\/vnd.openxmlformats-officedocument.spreadsheetml.sheet","tmp_name":"\/tmp\/phpnQlidN","error":0,"size":503965}} [] []
[2019-12-26 10:50:44] generateOTP.INFO: test [] []
[2019-12-26 11:03:22] generateOTP.INFO: test [] []
[2019-12-26 11:03:22] generateOTP.INFO: test [] []
[2019-12-26 11:03:38] generateOTP.INFO: test [] []
[2019-12-26 11:03:38] generateOTP.INFO: test [] []
[2019-12-26 11:03:39] generateOTP.INFO: test [] []
[2019-12-26 11:03:39] generateOTP.INFO: test [] []
[2019-12-26 11:07:43] generateOTP.INFO: {"edit":"0","subtype_text":"3","policy_no":"379","sum_insure":"1000000","familyConstruct":"1A","tenure":"1 Year","premium":"4198","family_members_id":"0","family_gender":"Male","first_name":"Mohan","middle_name":"Kumar","last_name":"P","family_date_birth":"01-03-1963","age":"56","age_type":"years","family_id":"","s_date":"","marriage_date":"","premium_parent":"","contri_parent":"","policyNo":"379","familyDataType":"family_construct","product":"QBTv5db9151ad1c21","empId":"619734"} [] []
[2019-12-26 11:08:03] generateOTP.INFO: test [] []
[2019-12-26 11:08:04] generateOTP.INFO: test [] []
[2019-12-26 11:08:05] generateOTP.INFO: test [] []
[2019-12-26 11:08:05] generateOTP.INFO: test [] []
[2019-12-26 11:11:32] generateOTP.INFO: {"edit":"0","subtype_text":"3","policy_no":"379","sum_insure":"1000000","familyConstruct":"1A","tenure":"1 Year","premium":"4198","family_members_id":"0","family_gender":"Male","first_name":"Mohan","middle_name":"Kumar","last_name":"P","family_date_birth":"11-03-1965","age":"54","age_type":"years","family_id":"","s_date":"","marriage_date":"","premium_parent":"","contri_parent":"","policyNo":"379","familyDataType":"family_construct","product":"QBTv5db9151ad1c21","empId":"619735"} [] []
[2019-12-26 11:12:26] documentsSave.INFO: {"ops_type":"[\"Customer Declaration Form\",\"0\"]","ext0":"undefined","ext1":"undefined","ids":"41"} [] []
[2019-12-26 11:12:26] documentsSaveFiles.INFO: {"path0":{"name":"Cancer secure-SI 15L-Issue.xlsx","type":"application\/vnd.openxmlformats-officedocument.spreadsheetml.sheet","tmp_name":"\/tmp\/php9jq4vn","error":0,"size":1628083},"path1":{"name":"HDFC_With different login.xlsx","type":"","tmp_name":"","error":1,"size":0}} [] []
[2019-12-26 11:12:40] generateOTP.INFO: test [] []
[2019-12-26 11:20:06] generateOTP.INFO: test [] []
[2019-12-26 11:20:07] generateOTP.INFO: test [] []
[2019-12-26 11:20:21] generateOTP.INFO: test [] []
[2019-12-26 11:20:21] generateOTP.INFO: test [] []
[2019-12-26 11:20:22] generateOTP.INFO: test [] []
[2019-12-26 11:20:22] generateOTP.INFO: test [] []
[2019-12-26 11:31:49] generateOTP.INFO: {"edit":"0","policy_no":"378","subtype_text":"1","sum_insure":"1000000","familyConstruct":"2A+2K","tenure":"1 Year","premium":"7699","family_members_id":"0","family_gender":"Female","first_name":"Shruthi","middle_name":"Rajiv","last_name":"Nair","family_date_birth":"02-01-1993","age":"26","age_type":"years","family_id":"","s_date":"","marriage_date":"","premium_parent":"","contri_parent":"","policyNo":"378","familyDataType":"undefined","empId":"619736","product":"QBTv5db9151ad1c21","declare":"[]"} [] []
[2019-12-26 11:32:13] generateOTP.INFO: {"edit":"0","policy_no":"378","subtype_text":"1","sum_insure":"1000000","familyConstruct":"2A+2K","tenure":"1 Year","premium":"7699","family_members_id":"1","family_gender":"Male","first_name":"Rajiv","middle_name":"dsf","last_name":"efewf","family_date_birth":"01-12-1991","age":"28","age_type":"years","family_id":"","s_date":"","marriage_date":"","premium_parent":"","contri_parent":"","policyNo":"378","familyDataType":"undefined","empId":"619736","product":"QBTv5db9151ad1c21","declare":"[]"} [] []
[2019-12-26 11:33:27] generateOTP.INFO: {"edit":"0","policy_no":"378","subtype_text":"1","sum_insure":"1000000","familyConstruct":"2A+2K","tenure":"1 Year","premium":"7699","family_members_id":"2","family_gender":"Male","first_name":"dfgdfg","middle_name":"fdgfg","last_name":"dfgfdg","family_date_birth":"11-12-2012","age":"7","age_type":"years","family_id":"","s_date":"","marriage_date":"","premium_parent":"","contri_parent":"","policyNo":"378","familyDataType":"undefined","empId":"619736","product":"QBTv5db9151ad1c21","declare":"[]"} [] []
[2019-12-26 11:33:40] generateOTP.INFO: {"edit":"0","policy_no":"378","subtype_text":"1","sum_insure":"1000000","familyConstruct":"2A+2K","tenure":"1 Year","premium":"7699","family_members_id":"3","family_gender":"Female","first_name":"fdgfg","middle_name":"dfgdf","last_name":"gdfgfdg","family_date_birth":"08-04-2004","age":"15","age_type":"years","family_id":"","s_date":"","marriage_date":"","premium_parent":"","contri_parent":"","policyNo":"378","familyDataType":"undefined","empId":"619736","product":"QBTv5db9151ad1c21","declare":"[]"} [] []
[2019-12-26 11:34:08] generateOTP.INFO: {"edit":"0","subtype_text":"3","policy_no":"379","sum_insure":"750000","familyConstruct":"1A","tenure":"1 Year","premium":"3148","family_members_id":"0","family_gender":"Female","first_name":"Shruthi","middle_name":"Rajiv","last_name":"Nair","family_date_birth":"02-01-1993","age":"26","age_type":"years","family_id":"","s_date":"","marriage_date":"","premium_parent":"","contri_parent":"","policyNo":"379","familyDataType":"family_construct","product":"QBTv5db9151ad1c21","empId":"619736"} [] []
[2019-12-26 11:35:25] documentsSave.INFO: {"ops_type":"[\"Customer Declaration Form\",\"0\"]","ext0":"undefined","ext1":"undefined","ids":"42,43"} [] []
[2019-12-26 11:35:25] documentsSaveFiles.INFO: {"path0":{"name":"Cancer secure-SI 15L-Issue.xlsx","type":"application\/vnd.openxmlformats-officedocument.spreadsheetml.sheet","tmp_name":"\/tmp\/phpjPOoRE","error":0,"size":1628083},"path1":{"name":"HDFC Details.txt","type":"text\/plain","tmp_name":"\/tmp\/phpZ8Z854","error":0,"size":622}} [] []
[2019-12-26 11:35:38] generateOTP.INFO: test [] []
[2019-12-26 11:53:34] generateOTP.INFO: test [] []
[2019-12-26 11:53:34] generateOTP.INFO: test [] []
[2019-12-26 11:53:35] generateOTP.INFO: test [] []
[2019-12-26 12:07:02] generateOTP.INFO: test [] []
[2019-12-26 12:07:04] generateOTP.INFO: test [] []
[2019-12-26 12:07:09] generateOTP.INFO: test [] []
[2019-12-26 12:07:10] generateOTP.INFO: test [] []
[2019-12-26 12:07:10] generateOTP.INFO: test [] []
[2019-12-26 12:07:18] generateOTP.INFO: test [] []
[2019-12-26 12:07:18] generateOTP.INFO: test [] []
[2019-12-26 12:07:18] generateOTP.INFO: test [] []
[2019-12-26 12:07:18] generateOTP.INFO: test [] []
[2019-12-26 12:11:00] generateOTP.INFO: test [] []
[2019-12-26 12:11:01] generateOTP.INFO: test [] []
[2019-12-26 12:11:01] generateOTP.INFO: test [] []
[2019-12-26 12:11:18] generateOTP.INFO: test [] []
[2019-12-26 12:11:19] generateOTP.INFO: test [] []
[2019-12-26 12:22:04] generateOTP.INFO: test [] []
[2019-12-26 12:22:04] generateOTP.INFO: test [] []
[2019-12-26 12:22:04] generateOTP.INFO: test [] []
[2019-12-26 12:23:55] generateOTP.INFO: test [] []
[2019-12-26 12:23:55] generateOTP.INFO: test [] []
[2019-12-26 12:23:55] generateOTP.INFO: test [] []
[2019-12-26 12:24:04] generateOTP.INFO: {"edit":"0","policy_no":"378","subtype_text":"1","sum_insure":"1000000","familyConstruct":"1A","tenure":"1 Year","premium":"5999","family_members_id":"0","family_gender":"Male","first_name":"leela","middle_name":"V","last_name":"Nair","family_date_birth":"11-03-1970","age":"49","age_type":"years","family_id":"","s_date":"","marriage_date":"","premium_parent":"","contri_parent":"","policyNo":"378","familyDataType":"undefined","empId":"619738","product":"QBTv5db9151ad1c21","declare":"[]"} [] []
[2019-12-26 12:24:36] generateOTP.INFO: {"edit":"0","subtype_text":"3","policy_no":"379","sum_insure":"500000","familyConstruct":"2A","tenure":"1 Year","premium":"4198","family_members_id":"0","family_gender":"Male","first_name":"leela","middle_name":"V","last_name":"Nair","family_date_birth":"11-03-1970","age":"49","age_type":"years","family_id":"","s_date":"","marriage_date":"","premium_parent":"","contri_parent":"","policyNo":"379","familyDataType":"family_construct","product":"QBTv5db9151ad1c21","empId":"619738"} [] []
[2019-12-26 12:25:28] generateOTP.INFO: {"edit":"0","subtype_text":"3","policy_no":"379","sum_insure":"500000","familyConstruct":"2A","tenure":"1 Year","premium":"4198","family_members_id":"1","family_gender":"Female","first_name":"VR ","middle_name":"dsgdgfdg","last_name":"Nair","family_date_birth":"09-12-1987","age":"32","age_type":"years","family_id":"","s_date":"","marriage_date":"","premium_parent":"","contri_parent":"","policyNo":"379","familyDataType":"family_construct","product":"QBTv5db9151ad1c21","empId":"619738"} [] []
[2019-12-26 12:25:57] documentsSave.INFO: {"ops_type":"[\"Customer Declaration Form\",\"0\"]","ext0":"undefined","ext1":"undefined","ids":"44,45"} [] []
[2019-12-26 12:25:57] documentsSaveFiles.INFO: {"path0":{"name":"CI_Issue.xlsx","type":"application\/vnd.openxmlformats-officedocument.spreadsheetml.sheet","tmp_name":"\/tmp\/phpaDRTca","error":0,"size":757374},"path1":{"name":"HDFC_Defect list.xlsx","type":"application\/vnd.openxmlformats-officedocument.spreadsheetml.sheet","tmp_name":"\/tmp\/phpLMjnV4","error":0,"size":12361}} [] []
[2019-12-26 12:26:02] generateOTP.INFO: test [] []
[2019-12-26 12:45:27] generateOTP.INFO: test [] []
[2019-12-26 12:45:28] generateOTP.INFO: test [] []
[2019-12-26 12:45:50] generateOTP.INFO: test [] []
[2019-12-26 12:45:50] generateOTP.INFO: test [] []
[2019-12-26 12:45:51] generateOTP.INFO: test [] []
[2019-12-26 12:45:51] generateOTP.INFO: test [] []
[2019-12-26 12:59:43] generateOTP.INFO: {"edit":"0","policy_no":"378","subtype_text":"1","sum_insure":"2000000","familyConstruct":"2A+1K","tenure":"1 Year","premium":"7599","family_members_id":"0","family_gender":"Male","first_name":"Arun","middle_name":"Jay","last_name":"Nair","family_date_birth":"12-10-1979","age":"40","age_type":"years","family_id":"","s_date":"","marriage_date":"","premium_parent":"","contri_parent":"","policyNo":"378","familyDataType":"undefined","empId":"619739","product":"QBTv5db9151ad1c21","declare":"[]"} [] []
[2019-12-26 13:01:02] generateOTP.INFO: {"edit":"0","policy_no":"378","subtype_text":"1","sum_insure":"2000000","familyConstruct":"2A+1K","tenure":"1 Year","premium":"7599","family_members_id":"1","family_gender":"Female","first_name":"Harida","middle_name":"K","last_name":"Unni","family_date_birth":"09-04-1992","age":"27","age_type":"years","family_id":"","s_date":"","marriage_date":"","premium_parent":"","contri_parent":"","policyNo":"378","familyDataType":"undefined","empId":"619739","product":"QBTv5db9151ad1c21","declare":"[]"} [] []
[2019-12-26 13:01:17] generateOTP.INFO: {"edit":"0","policy_no":"378","subtype_text":"1","sum_insure":"2000000","familyConstruct":"2A+1K","tenure":"1 Year","premium":"7599","family_members_id":"3","family_gender":"Female","first_name":"Aruma","middle_name":"rge","last_name":"efbgvergre","family_date_birth":"12-12-2006","age":"13","age_type":"years","family_id":"","s_date":"","marriage_date":"","premium_parent":"","contri_parent":"","policyNo":"378","familyDataType":"undefined","empId":"619739","product":"QBTv5db9151ad1c21","declare":"[]"} [] []
[2019-12-26 13:02:37] documentsSave.INFO: {"ops_type":"[\"Customer Declaration Form\",\"0\"]","ext0":"undefined","ext1":"undefined","ids":"46"} [] []
[2019-12-26 13:02:37] documentsSaveFiles.INFO: {"path0":{"name":"Cancer secure-SI grt 25L-age 36_NSTP not triggered.xlsx","type":"application\/vnd.openxmlformats-officedocument.spreadsheetml.sheet","tmp_name":"\/tmp\/phpsT8UDJ","error":0,"size":1707868},"path1":{"name":"HDFC Details.txt","type":"text\/plain","tmp_name":"\/tmp\/phpvTV7cJ","error":0,"size":622}} [] []
[2019-12-26 13:02:45] generateOTP.INFO: test [] []
[2019-12-26 13:20:28] generateOTP.INFO: test [] []
[2019-12-26 13:20:34] generateOTP.INFO: test [] []
[2019-12-26 13:20:34] generateOTP.INFO: test [] []
[2019-12-26 13:20:40] generateOTP.INFO: test [] []
[2019-12-26 13:20:40] generateOTP.INFO: test [] []
[2019-12-26 13:20:40] generateOTP.INFO: test [] []
[2019-12-26 13:20:40] generateOTP.INFO: test [] []
[2019-12-26 13:28:38] generateOTP.INFO: test [] []
[2019-12-26 13:28:38] generateOTP.INFO: test [] []
[2019-12-26 13:28:38] generateOTP.INFO: test [] []
[2019-12-26 13:28:38] generateOTP.INFO: test [] []
[2019-12-26 13:58:36] generateOTP.INFO: test [] []
[2019-12-26 13:58:36] generateOTP.INFO: test [] []
[2019-12-26 13:58:36] generateOTP.INFO: test [] []
[2019-12-26 13:58:36] generateOTP.INFO: test [] []
[2019-12-26 14:02:28] generateOTP.INFO: test [] []
[2019-12-26 14:02:28] generateOTP.INFO: test [] []
[2019-12-26 14:02:28] generateOTP.INFO: test [] []
[2019-12-26 14:02:28] generateOTP.INFO: test [] []
[2019-12-26 14:03:01] generateOTP.INFO: test [] []
[2019-12-26 14:03:01] generateOTP.INFO: test [] []
[2019-12-26 14:03:01] generateOTP.INFO: test [] []
[2019-12-26 14:03:01] generateOTP.INFO: test [] []
[2019-12-26 14:03:40] generateOTP.INFO: test [] []
[2019-12-26 14:03:40] generateOTP.INFO: test [] []
[2019-12-26 14:03:40] generateOTP.INFO: test [] []
[2019-12-26 14:03:40] generateOTP.INFO: test [] []
[2019-12-26 14:04:25] generateOTP.INFO: test [] []
[2019-12-26 14:04:25] generateOTP.INFO: test [] []
[2019-12-26 14:04:25] generateOTP.INFO: test [] []
[2019-12-26 14:04:25] generateOTP.INFO: test [] []
[2019-12-26 14:05:40] generateOTP.INFO: test [] []
[2019-12-26 14:05:40] generateOTP.INFO: test [] []
[2019-12-26 14:05:40] generateOTP.INFO: test [] []
[2019-12-26 14:05:40] generateOTP.INFO: test [] []
[2019-12-26 14:06:23] generateOTP.INFO: test [] []
[2019-12-26 14:06:24] generateOTP.INFO: test [] []
[2019-12-26 14:06:25] generateOTP.INFO: test [] []
[2019-12-26 14:06:39] generateOTP.INFO: test [] []
[2019-12-26 14:06:39] generateOTP.INFO: test [] []
[2019-12-26 14:06:39] generateOTP.INFO: test [] []
[2019-12-26 14:06:39] generateOTP.INFO: test [] []
[2019-12-26 14:07:08] generateOTP.INFO: test [] []
[2019-12-26 14:07:13] generateOTP.INFO: test [] []
[2019-12-26 14:07:47] generateOTP.INFO: test [] []
[2019-12-26 14:07:47] generateOTP.INFO: test [] []
[2019-12-26 14:07:47] generateOTP.INFO: test [] []
[2019-12-26 14:07:47] generateOTP.INFO: test [] []
[2019-12-26 14:08:08] generateOTP.INFO: test [] []
[2019-12-26 14:08:08] generateOTP.INFO: test [] []
[2019-12-26 14:08:08] generateOTP.INFO: test [] []
[2019-12-26 14:08:08] generateOTP.INFO: test [] []
[2019-12-26 14:10:46] generateOTP.INFO: test [] []
[2019-12-26 14:10:46] generateOTP.INFO: test [] []
[2019-12-26 14:10:46] generateOTP.INFO: test [] []
[2019-12-26 14:11:05] generateOTP.INFO: test [] []
[2019-12-26 14:11:05] generateOTP.INFO: test [] []
[2019-12-26 14:11:05] generateOTP.INFO: test [] []
[2019-12-26 14:11:50] generateOTP.INFO: {"edit":"0","policy_no":"392,393","subtype_text":"1","sum_insure":"500000","familyConstruct":"2A","tenure":"1 Year","family_members_id":"0","family_gender":"Male","first_name":"test","last_name":"BANKING","family_date_birth":"19-12-1988","age":"31","age_type":"years","family_id":"","s_date":"","marriage_date":"","premium_parent":"","contri_parent":"","premium":"11301.0016","policyNo":"392,393","familyDataType":"undefined","empId":"619737","product":"iWL65dcd54d9c5a65","declare":"[]"} [] []
[2019-12-26 14:12:05] generateOTP.INFO: {"edit":"0","policy_no":"392,393","subtype_text":"1","sum_insure":"500000","familyConstruct":"2A","tenure":"1 Year","family_members_id":"1","family_gender":"Female","first_name":"dzf","last_name":"sdg","family_date_birth":"23-12-1980","age":"39","age_type":"years","sub_type_check":["1","2"],"20":"No","18":"No","19":"No","family_id":"","s_date":"","marriage_date":"","premium_parent":"","contri_parent":"","premium":"11301.0016","policyNo":"392,393","familyDataType":"undefined","empId":"619737","product":"iWL65dcd54d9c5a65","declare":"[{\"question\":\"20\",\"format\":\"No\"},{\"question\":\"18\",\"format\":\"No\"},{\"question\":\"19\",\"format\":\"No\"}]"} [] []
[2019-12-26 14:12:31] generateOTP.INFO: test [] []
[2019-12-26 14:12:32] generateOTP.INFO: test [] []
[2019-12-26 14:12:54] generateOTP.INFO: test [] []
[2019-12-26 14:12:56] generateOTP.INFO: {"edit":"0","policy_no":"392,393","subtype_text":"1","sum_insure":"500000","familyConstruct":"2A","tenure":"1 Year","premium":"11301.0016","family_members_id":"0","family_gender":"Male","first_name":"asdf","middle_name":"sg","last_name":"gsdg","family_date_birth":"17-12-1981","age":"38","age_type":"years","family_id":"","s_date":"","marriage_date":"","premium_parent":"","contri_parent":"","policyNo":"392,393","familyDataType":"undefined","empId":"619740","product":"iWL65dcd54d9c5a65","declare":"[]"} [] []
[2019-12-26 14:13:14] generateOTP.INFO: {"edit":"0","policy_no":"392,393","subtype_text":"1","sum_insure":"500000","familyConstruct":"2A","tenure":"1 Year","premium":"11301.0016","family_members_id":"1","family_gender":"Female","first_name":"df","middle_name":"sf","last_name":"ffa","family_date_birth":"20-12-1962","age":"57","age_type":"years","sub_type_check":["1","2"],"20":"No","18":"No","19":"No","family_id":"","s_date":"","marriage_date":"","premium_parent":"","contri_parent":"","policyNo":"392,393","familyDataType":"undefined","empId":"619740","product":"iWL65dcd54d9c5a65","declare":"[{\"question\":\"20\",\"format\":\"No\"},{\"question\":\"18\",\"format\":\"No\"},{\"question\":\"19\",\"format\":\"No\"}]"} [] []
[2019-12-26 14:13:26] generateOTP.INFO: {"edit":"0","policy_no":"392,393","subtype_text":"1","sum_insure":"500000","familyConstruct":"2A","tenure":"1 Year","premium":"11301.0016","family_members_id":"1","family_gender":"Female","first_name":"df","middle_name":"sf","last_name":"ffa","family_date_birth":"26-12-1974","age":"45","age_type":"years","sub_type_check":["1","2"],"20":"No","18":"No","19":"No","family_id":"","s_date":"","marriage_date":"","premium_parent":"","contri_parent":"","policyNo":"392,393","familyDataType":"undefined","empId":"619740","product":"iWL65dcd54d9c5a65","declare":"[{\"question\":\"20\",\"format\":\"No\"},{\"question\":\"18\",\"format\":\"No\"},{\"question\":\"19\",\"format\":\"No\"}]"} [] []
[2019-12-26 14:13:40] generateOTP.INFO: test [] []
[2019-12-26 14:14:22] generateOTP.INFO: {"edit":"111","policy_no":"392,393","subtype_text":"1","sum_insure":"500000","familyConstruct":"2A","tenure":"1 Year","premium":"11301.0016","family_members_id":"1","family_gender":"Female","first_name":"df","middle_name":"sf","last_name":"ffa","family_date_birth":"26-12-1974","age":"45","age_type":"years","sub_type_check":["1","2"],"20":"No","18":"No","19":"No","family_id":"","s_date":"","marriage_date":"","premium_parent":"","contri_parent":"","policyNo":"392,393","familyDataType":"undefined","empId":"619740","product":"iWL65dcd54d9c5a65","declare":"[{\"question\":\"20\",\"format\":\"No\"},{\"question\":\"18\",\"format\":\"No\"},{\"question\":\"19\",\"format\":\"No\"}]"} [] []
[2019-12-26 14:16:11] generateOTP.INFO: test [] []
[2019-12-26 14:16:11] generateOTP.INFO: test [] []
[2019-12-26 14:16:29] generateOTP.INFO: test [] []
[2019-12-26 14:16:30] generateOTP.INFO: test [] []
[2019-12-26 14:16:30] generateOTP.INFO: test [] []
[2019-12-26 14:16:30] generateOTP.INFO: test [] []
[2019-12-26 14:18:26] generateOTP.INFO: {"edit":"0","policy_no":"378","subtype_text":"1","sum_insure":"800000","familyConstruct":"1A","tenure":"1 Year","premium":"5799","family_members_id":"0","family_gender":"Female","first_name":"reetr","middle_name":"rt","last_name":"retret","family_date_birth":"21-12-1976","age":"43","age_type":"years","family_id":"","s_date":"","marriage_date":"","premium_parent":"","contri_parent":"","policyNo":"378","familyDataType":"undefined","empId":"619741","product":"QBTv5db9151ad1c21","declare":"[]"} [] []
[2019-12-26 14:18:36] generateOTP.INFO: {"edit":"0","subtype_text":"3","policy_no":"379","sum_insure":"750000","familyConstruct":"2A","tenure":"1 Year","premium":"6296","family_members_id":"0","family_gender":"Female","first_name":"reetr","middle_name":"rt","last_name":"retret","family_date_birth":"21-12-1976","age":"43","age_type":"years","family_id":"","s_date":"","marriage_date":"","premium_parent":"","contri_parent":"","policyNo":"379","familyDataType":"family_construct","product":"QBTv5db9151ad1c21","empId":"619741"} [] []
[2019-12-26 14:18:49] generateOTP.INFO: {"edit":"0","subtype_text":"3","policy_no":"379","sum_insure":"750000","familyConstruct":"2A","tenure":"1 Year","premium":"6296","family_members_id":"1","family_gender":"Male","first_name":"twret","middle_name":"wtwet","last_name":"ewtret","family_date_birth":"11-12-1990","age":"29","age_type":"years","family_id":"","s_date":"","marriage_date":"","premium_parent":"","contri_parent":"","policyNo":"379","familyDataType":"family_construct","product":"QBTv5db9151ad1c21","empId":"619741"} [] []
[2019-12-26 14:21:35] generateOTP.INFO: test [] []
[2019-12-26 14:21:35] generateOTP.INFO: test [] []
[2019-12-26 14:21:35] generateOTP.INFO: test [] []
[2019-12-26 14:21:35] generateOTP.INFO: test [] []
[2019-12-26 14:25:14] generateOTP.INFO: test [] []
[2019-12-26 14:25:14] generateOTP.INFO: test [] []
[2019-12-26 14:25:14] generateOTP.INFO: test [] []
[2019-12-26 14:25:14] generateOTP.INFO: test [] []
[2019-12-26 14:26:33] generateOTP.INFO: test [] []
[2019-12-26 14:26:33] generateOTP.INFO: test [] []
[2019-12-26 14:26:33] generateOTP.INFO: test [] []
[2019-12-26 14:26:33] generateOTP.INFO: test [] []
[2019-12-26 14:26:40] generateOTP.INFO: test [] []
[2019-12-26 14:26:40] generateOTP.INFO: test [] []
[2019-12-26 14:26:40] generateOTP.INFO: test [] []
[2019-12-26 14:26:40] generateOTP.INFO: test [] []
[2019-12-26 14:28:07] generateOTP.INFO: {"edit":"0","subtype_text":"3","policy_no":"379","sum_insure":"750000","familyConstruct":"2A","tenure":"1 Year","premium":"6296","family_members_id":"0","family_gender":"Female","first_name":"reetr","middle_name":"rt","last_name":"retret","family_date_birth":"21-12-1976","age":"43","age_type":"years","family_id":"","s_date":"","marriage_date":"","premium_parent":"","contri_parent":"","policyNo":"379","familyDataType":"family_construct","product":"QBTv5db9151ad1c21","empId":"619741"} [] []
[2019-12-26 14:28:44] generateOTP.INFO: test [] []
[2019-12-26 14:28:44] generateOTP.INFO: test [] []
[2019-12-26 14:28:44] generateOTP.INFO: test [] []
[2019-12-26 14:28:44] generateOTP.INFO: test [] []
[2019-12-26 14:29:08] generateOTP.INFO: test [] []
[2019-12-26 14:29:09] generateOTP.INFO: test [] []
[2019-12-26 14:29:09] generateOTP.INFO: test [] []
[2019-12-26 14:29:09] generateOTP.INFO: test [] []
[2019-12-26 14:30:28] generateOTP.INFO: test [] []
[2019-12-26 14:30:28] generateOTP.INFO: test [] []
[2019-12-26 14:30:28] generateOTP.INFO: test [] []
[2019-12-26 14:30:28] generateOTP.INFO: test [] []
[2019-12-26 14:30:31] generateOTP.INFO: {"edit":"0","policy_no":"378","subtype_text":"1","sum_insure":"800000","familyConstruct":"1A","tenure":"1 Year","premium":"5799","family_members_id":"0","family_gender":"Female","first_name":"reetr","middle_name":"rt","last_name":"retret","family_date_birth":"21-12-1976","age":"43","age_type":"years","family_id":"","s_date":"","marriage_date":"","premium_parent":"","contri_parent":"","policyNo":"378","familyDataType":"family_construct","empId":"619741","product":"QBTv5db9151ad1c21","declare":"[]"} [] []
[2019-12-26 14:30:58] generateOTP.INFO: {"edit":"0","subtype_text":"3","policy_no":"379","sum_insure":"750000","familyConstruct":"2A","tenure":"1 Year","premium":"6296","family_members_id":"0","family_gender":"Female","first_name":"reetr","middle_name":"rt","last_name":"retret","family_date_birth":"21-12-1976","age":"43","age_type":"years","family_id":"","s_date":"","marriage_date":"","premium_parent":"","contri_parent":"","policyNo":"379","familyDataType":"family_construct","product":"QBTv5db9151ad1c21","empId":"619741"} [] []
[2019-12-26 14:33:23] generateOTP.INFO: test [] []
[2019-12-26 14:33:29] generateOTP.INFO: test [] []
[2019-12-26 14:33:49] generateOTP.INFO: test [] []
[2019-12-26 14:33:49] generateOTP.INFO: test [] []
[2019-12-26 14:33:49] generateOTP.INFO: test [] []
[2019-12-26 14:33:50] generateOTP.INFO: test [] []
[2019-12-26 14:39:22] generateOTP.INFO: test [] []
[2019-12-26 14:39:22] generateOTP.INFO: test [] []
[2019-12-26 14:39:22] generateOTP.INFO: test [] []
[2019-12-26 14:39:22] generateOTP.INFO: test [] []
[2019-12-26 14:41:04] generateOTP.INFO: test [] []
[2019-12-26 14:41:04] generateOTP.INFO: test [] []
[2019-12-26 14:41:04] generateOTP.INFO: test [] []
[2019-12-26 14:41:04] generateOTP.INFO: test [] []
[2019-12-26 14:41:49] generateOTP.INFO: test [] []
[2019-12-26 14:41:49] generateOTP.INFO: test [] []
[2019-12-26 14:41:49] generateOTP.INFO: test [] []
[2019-12-26 14:41:49] generateOTP.INFO: test [] []
[2019-12-26 14:43:24] generateOTP.INFO: test [] []
[2019-12-26 14:43:24] generateOTP.INFO: test [] []
[2019-12-26 14:43:24] generateOTP.INFO: test [] []
[2019-12-26 14:43:25] generateOTP.INFO: test [] []
[2019-12-26 14:44:15] generateOTP.INFO: test [] []
[2019-12-26 14:44:15] generateOTP.INFO: test [] []
[2019-12-26 14:44:15] generateOTP.INFO: test [] []
[2019-12-26 14:44:15] generateOTP.INFO: test [] []
[2019-12-26 14:44:31] generateOTP.INFO: test [] []
[2019-12-26 14:44:31] generateOTP.INFO: test [] []
[2019-12-26 14:44:31] generateOTP.INFO: test [] []
[2019-12-26 14:44:31] generateOTP.INFO: test [] []
[2019-12-26 14:45:23] generateOTP.INFO: test [] []
[2019-12-26 14:45:23] generateOTP.INFO: test [] []
[2019-12-26 14:45:23] generateOTP.INFO: test [] []
[2019-12-26 14:45:23] generateOTP.INFO: test [] []
[2019-12-26 14:45:40] generateOTP.INFO: test [] []
[2019-12-26 14:45:40] generateOTP.INFO: test [] []
[2019-12-26 14:45:40] generateOTP.INFO: test [] []
[2019-12-26 14:45:40] generateOTP.INFO: test [] []
[2019-12-26 14:47:09] generateOTP.INFO: test [] []
[2019-12-26 14:47:09] generateOTP.INFO: test [] []
[2019-12-26 14:47:09] generateOTP.INFO: test [] []
[2019-12-26 14:47:09] generateOTP.INFO: test [] []
[2019-12-26 14:48:22] generateOTP.INFO: {"edit":"0","policy_no":"378","subtype_text":"1","sum_insure":"2000000","familyConstruct":"2A+2K","tenure":"1 Year","premium":"7999","family_members_id":"0","family_gender":"Female","first_name":"Pratas","middle_name":"P","last_name":"Pattani","family_date_birth":"13-08-1990","age":"29","age_type":"years","family_id":"","s_date":"","marriage_date":"","premium_parent":"","contri_parent":"","policyNo":"378","familyDataType":"undefined","empId":"619742","product":"QBTv5db9151ad1c21","declare":"[]"} [] []
[2019-12-26 14:50:59] generateOTP.INFO: test [] []
[2019-12-26 14:50:59] generateOTP.INFO: test [] []
[2019-12-26 14:50:59] generateOTP.INFO: test [] []
[2019-12-26 14:50:59] generateOTP.INFO: test [] []
[2019-12-26 14:51:04] generateOTP.INFO: test [] []
[2019-12-26 14:51:04] generateOTP.INFO: test [] []
[2019-12-26 14:51:05] generateOTP.INFO: test [] []
[2019-12-26 14:51:06] generateOTP.INFO: test [] []
[2019-12-26 14:51:06] generateOTP.INFO: test [] []
[2019-12-26 14:51:06] generateOTP.INFO: test [] []
[2019-12-26 14:51:06] generateOTP.INFO: test [] []
[2019-12-26 14:51:25] generateOTP.INFO: test [] []
[2019-12-26 14:51:25] generateOTP.INFO: test [] []
[2019-12-26 14:51:25] generateOTP.INFO: test [] []
[2019-12-26 14:51:25] generateOTP.INFO: test [] []
[2019-12-26 14:51:42] generateOTP.INFO: test [] []
[2019-12-26 14:51:42] generateOTP.INFO: test [] []
[2019-12-26 14:51:42] generateOTP.INFO: test [] []
[2019-12-26 14:51:42] generateOTP.INFO: test [] []
[2019-12-26 14:52:37] generateOTP.INFO: test [] []
[2019-12-26 14:52:37] generateOTP.INFO: test [] []
[2019-12-26 14:52:37] generateOTP.INFO: test [] []
[2019-12-26 14:52:38] generateOTP.INFO: test [] []
[2019-12-26 14:52:50] generateOTP.INFO: test [] []
[2019-12-26 14:52:50] generateOTP.INFO: test [] []
[2019-12-26 14:52:50] generateOTP.INFO: test [] []
[2019-12-26 14:52:50] generateOTP.INFO: test [] []
[2019-12-26 14:53:25] generateOTP.INFO: test [] []
[2019-12-26 14:53:25] generateOTP.INFO: test [] []
[2019-12-26 14:53:25] generateOTP.INFO: test [] []
[2019-12-26 14:53:25] generateOTP.INFO: test [] []
[2019-12-26 14:54:59] generateOTP.INFO: test [] []
[2019-12-26 14:54:59] generateOTP.INFO: test [] []
[2019-12-26 14:54:59] generateOTP.INFO: test [] []
[2019-12-26 14:54:59] generateOTP.INFO: test [] []
[2019-12-26 14:56:38] generateOTP.INFO: test [] []
[2019-12-26 14:56:38] generateOTP.INFO: test [] []
[2019-12-26 14:56:38] generateOTP.INFO: test [] []
[2019-12-26 14:56:38] generateOTP.INFO: test [] []
[2019-12-26 14:56:46] generateOTP.INFO: test [] []
[2019-12-26 14:56:46] generateOTP.INFO: test [] []
[2019-12-26 14:56:46] generateOTP.INFO: test [] []
[2019-12-26 14:56:46] generateOTP.INFO: test [] []
[2019-12-26 14:57:29] generateOTP.INFO: test [] []
[2019-12-26 14:57:29] generateOTP.INFO: test [] []
[2019-12-26 14:57:29] generateOTP.INFO: test [] []
[2019-12-26 14:57:29] generateOTP.INFO: test [] []
[2019-12-26 14:57:32] generateOTP.INFO: test [] []
[2019-12-26 14:57:32] generateOTP.INFO: test [] []
[2019-12-26 14:57:32] generateOTP.INFO: test [] []
[2019-12-26 14:57:32] generateOTP.INFO: test [] []
[2019-12-26 14:57:42] generateOTP.INFO: test [] []
[2019-12-26 14:57:42] generateOTP.INFO: test [] []
[2019-12-26 14:57:42] generateOTP.INFO: test [] []
[2019-12-26 14:57:42] generateOTP.INFO: test [] []
[2019-12-26 14:58:09] generateOTP.INFO: test [] []
[2019-12-26 14:58:09] generateOTP.INFO: test [] []
[2019-12-26 14:58:09] generateOTP.INFO: test [] []
[2019-12-26 14:58:09] generateOTP.INFO: test [] []
[2019-12-26 14:58:12] generateOTP.INFO: test [] []
[2019-12-26 14:58:12] generateOTP.INFO: test [] []
[2019-12-26 14:58:12] generateOTP.INFO: test [] []
[2019-12-26 14:58:13] generateOTP.INFO: test [] []
[2019-12-26 14:58:33] generateOTP.INFO: test [] []
[2019-12-26 14:58:33] generateOTP.INFO: test [] []
[2019-12-26 14:58:34] generateOTP.INFO: test [] []
[2019-12-26 14:58:34] generateOTP.INFO: test [] []
[2019-12-26 15:00:26] generateOTP.INFO: test [] []
[2019-12-26 15:00:26] generateOTP.INFO: test [] []
[2019-12-26 15:00:26] generateOTP.INFO: test [] []
[2019-12-26 15:00:26] generateOTP.INFO: test [] []
[2019-12-26 15:03:38] generateOTP.INFO: test [] []
[2019-12-26 15:03:38] generateOTP.INFO: test [] []
[2019-12-26 15:03:39] generateOTP.INFO: test [] []
[2019-12-26 15:03:39] generateOTP.INFO: test [] []
[2019-12-26 15:03:39] generateOTP.INFO: test [] []
[2019-12-26 15:03:39] generateOTP.INFO: test [] []
[2019-12-26 15:03:54] generateOTP.INFO: test [] []
[2019-12-26 15:03:54] generateOTP.INFO: test [] []
[2019-12-26 15:03:54] generateOTP.INFO: test [] []
[2019-12-26 15:03:54] generateOTP.INFO: test [] []
[2019-12-26 15:04:00] generateOTP.INFO: test [] []
[2019-12-26 15:04:00] generateOTP.INFO: test [] []
[2019-12-26 15:04:01] generateOTP.INFO: test [] []
[2019-12-26 15:04:01] generateOTP.INFO: test [] []
[2019-12-26 15:04:59] generateOTP.INFO: test [] []
[2019-12-26 15:04:59] generateOTP.INFO: test [] []
[2019-12-26 15:04:59] generateOTP.INFO: test [] []
[2019-12-26 15:04:59] generateOTP.INFO: test [] []
[2019-12-26 15:05:38] generateOTP.INFO: test [] []
[2019-12-26 15:05:38] generateOTP.INFO: test [] []
[2019-12-26 15:05:38] generateOTP.INFO: test [] []
[2019-12-26 15:05:38] generateOTP.INFO: test [] []
[2019-12-26 15:05:42] generateOTP.INFO: test [] []
[2019-12-26 15:05:42] generateOTP.INFO: test [] []
[2019-12-26 15:05:42] generateOTP.INFO: test [] []
[2019-12-26 15:05:42] generateOTP.INFO: test [] []
[2019-12-26 15:07:07] generateOTP.INFO: test [] []
[2019-12-26 15:07:07] generateOTP.INFO: test [] []
[2019-12-26 15:07:07] generateOTP.INFO: test [] []
[2019-12-26 15:07:07] generateOTP.INFO: test [] []
[2019-12-26 15:07:08] generateOTP.INFO: test [] []
[2019-12-26 15:07:08] generateOTP.INFO: test [] []
[2019-12-26 15:07:08] generateOTP.INFO: test [] []
[2019-12-26 15:07:08] generateOTP.INFO: test [] []
[2019-12-26 15:07:10] generateOTP.INFO: test [] []
[2019-12-26 15:07:10] generateOTP.INFO: test [] []
[2019-12-26 15:07:10] generateOTP.INFO: test [] []
[2019-12-26 15:07:10] generateOTP.INFO: test [] []
[2019-12-26 15:10:31] generateOTP.INFO: {"edit":"0","policy_no":"378","subtype_text":"1","sum_insure":"800000","familyConstruct":"2A","tenure":"1 Year","premium":"6699","family_members_id":"0","family_gender":"Male","first_name":"smith","middle_name":"indra","last_name":"jadhav","family_date_birth":"31-12-1981","age":"37","age_type":"years","family_id":"","s_date":"","marriage_date":"","premium_parent":"","contri_parent":"","policyNo":"378","familyDataType":"undefined","empId":"619743","product":"QBTv5db9151ad1c21","declare":"[]"} [] []
[2019-12-26 15:10:45] generateOTP.INFO: {"edit":"0","policy_no":"378","subtype_text":"1","sum_insure":"800000","familyConstruct":"2A","tenure":"1 Year","premium":"6699","family_members_id":"1","family_gender":"Female","first_name":"sdz","middle_name":"dgf","last_name":"fdasfd","family_date_birth":"21-12-1977","age":"42","age_type":"years","family_id":"","s_date":"","marriage_date":"","premium_parent":"","contri_parent":"","policyNo":"378","familyDataType":"undefined","empId":"619743","product":"QBTv5db9151ad1c21","declare":"[]"} [] []
[2019-12-26 15:10:59] generateOTP.INFO: {"edit":"0","subtype_text":"3","policy_no":"379","sum_insure":"500000","familyConstruct":"2A","tenure":"1 Year","premium":"4198","family_members_id":"1","family_gender":"Female","first_name":"sdz","middle_name":"dgf","last_name":"fdasfd","family_date_birth":"21-12-1977","age":"42","age_type":"years","family_id":"","s_date":"","marriage_date":"","premium_parent":"","contri_parent":"","policyNo":"379","familyDataType":"family_construct","product":"QBTv5db9151ad1c21","empId":"619743"} [] []
[2019-12-26 15:11:05] generateOTP.INFO: {"edit":"0","subtype_text":"3","policy_no":"379","sum_insure":"500000","familyConstruct":"2A","tenure":"1 Year","premium":"4198","family_members_id":"0","family_gender":"Male","first_name":"smith","middle_name":"indra","last_name":"jadhav","family_date_birth":"31-12-1981","age":"37","age_type":"years","family_id":"","s_date":"","marriage_date":"","premium_parent":"","contri_parent":"","policyNo":"379","familyDataType":"family_construct","product":"QBTv5db9151ad1c21","empId":"619743"} [] []
[2019-12-26 15:12:45] generateOTP.INFO: test [] []
[2019-12-26 15:12:45] generateOTP.INFO: test [] []
[2019-12-26 15:12:45] generateOTP.INFO: test [] []
[2019-12-26 15:12:45] generateOTP.INFO: test [] []
[2019-12-26 15:13:28] generateOTP.INFO: test [] []
[2019-12-26 15:13:28] generateOTP.INFO: test [] []
[2019-12-26 15:13:29] generateOTP.INFO: test [] []
[2019-12-26 15:13:29] generateOTP.INFO: test [] []
[2019-12-26 15:14:12] generateOTP.INFO: {"edit":"0","policy_no":"378","subtype_text":"1","sum_insure":"800000","familyConstruct":"1A","tenure":"1 Year","premium":"5799","family_members_id":"0","family_gender":"Male","first_name":"fg","middle_name":"fsdg","last_name":"gd","family_date_birth":"05-12-1984","age":"35","age_type":"years","family_id":"","s_date":"","marriage_date":"","premium_parent":"","contri_parent":"","policyNo":"378","familyDataType":"undefined","empId":"619744","product":"QBTv5db9151ad1c21","declare":"[]"} [] []
[2019-12-26 15:14:20] generateOTP.INFO: {"edit":"0","subtype_text":"3","policy_no":"379","sum_insure":"500000","familyConstruct":"2A","tenure":"1 Year","premium":"4198","family_members_id":"0","family_gender":"Male","first_name":"fg","middle_name":"fsdg","last_name":"gd","family_date_birth":"05-12-1984","age":"35","age_type":"years","family_id":"","s_date":"","marriage_date":"","premium_parent":"","contri_parent":"","policyNo":"379","familyDataType":"family_construct","product":"QBTv5db9151ad1c21","empId":"619744"} [] []
[2019-12-26 15:14:29] generateOTP.INFO: {"edit":"0","subtype_text":"3","policy_no":"379","sum_insure":"500000","familyConstruct":"2A","tenure":"1 Year","premium":"4198","family_members_id":"1","family_gender":"Female","first_name":"fgg","middle_name":"dg","last_name":"df","family_date_birth":"12-12-2001","age":"18","age_type":"years","family_id":"","s_date":"","marriage_date":"","premium_parent":"","contri_parent":"","policyNo":"379","familyDataType":"family_construct","product":"QBTv5db9151ad1c21","empId":"619744"} [] []
[2019-12-26 15:16:51] generateOTP.INFO: test [] []
[2019-12-26 15:16:51] generateOTP.INFO: test [] []
[2019-12-26 15:16:51] generateOTP.INFO: test [] []
[2019-12-26 15:16:51] generateOTP.INFO: test [] []
[2019-12-26 15:17:10] generateOTP.INFO: test [] []
[2019-12-26 15:17:10] generateOTP.INFO: test [] []
[2019-12-26 15:17:11] generateOTP.INFO: test [] []
[2019-12-26 15:17:11] generateOTP.INFO: test [] []
[2019-12-26 15:17:21] generateOTP.INFO: test [] []
[2019-12-26 15:17:21] generateOTP.INFO: test [] []
[2019-12-26 15:17:21] generateOTP.INFO: test [] []
[2019-12-26 15:17:21] generateOTP.INFO: test [] []
[2019-12-26 15:18:19] generateOTP.INFO: test [] []
[2019-12-26 15:18:19] generateOTP.INFO: test [] []
[2019-12-26 15:18:19] generateOTP.INFO: test [] []
[2019-12-26 15:18:19] generateOTP.INFO: test [] []
[2019-12-26 15:18:23] generateOTP.INFO: test [] []
[2019-12-26 15:18:23] generateOTP.INFO: test [] []
[2019-12-26 15:18:23] generateOTP.INFO: test [] []
[2019-12-26 15:18:23] generateOTP.INFO: test [] []
[2019-12-26 15:20:17] generateOTP.INFO: {"edit":"0","policy_no":"378","subtype_text":"1","sum_insure":"800000","familyConstruct":"1A","tenure":"1 Year","premium":"5799","family_members_id":"0","family_gender":"Male","first_name":"fgch","middle_name":"fgj","last_name":"fhj","family_date_birth":"23-12-1971","age":"48","age_type":"years","family_id":"","s_date":"","marriage_date":"","premium_parent":"","contri_parent":"","policyNo":"378","familyDataType":"undefined","empId":"619745","product":"QBTv5db9151ad1c21","declare":"[]"} [] []
[2019-12-26 15:20:23] generateOTP.INFO: {"edit":"0","subtype_text":"3","policy_no":"379","sum_insure":"500000","familyConstruct":"1A","tenure":"1 Year","premium":"2099","family_members_id":"0","family_gender":"Male","first_name":"fgch","middle_name":"fgj","last_name":"fhj","family_date_birth":"23-12-1971","age":"48","age_type":"years","family_id":"","s_date":"","marriage_date":"","premium_parent":"","contri_parent":"","policyNo":"379","familyDataType":"family_construct","product":"QBTv5db9151ad1c21","empId":"619745"} [] []
[2019-12-26 15:21:05] documentsSave.INFO: {"ops_type":"[\"Customer Declaration Form\",\"2\",\"0\"]","ext0":"undefined","ext1":"undefined","ext2":"undefined","ids":"51,52"} [] []
[2019-12-26 15:21:05] documentsSaveFiles.INFO: {"path0":{"name":"Desert.jpg","type":"image\/jpeg","tmp_name":"\/tmp\/php9tMwQ9","error":0,"size":845941},"path1":{"name":"Penguins.jpg","type":"image\/jpeg","tmp_name":"\/tmp\/phptdiJSt","error":0,"size":777835},"path2":{"name":"Tulips.jpg","type":"image\/jpeg","tmp_name":"\/tmp\/php4rcckQ","error":0,"size":620888}} [] []
[2019-12-26 15:21:09] generateOTP.INFO: test [] []
[2019-12-26 15:23:33] generateOTP.INFO: test [] []
[2019-12-26 15:23:35] generateOTP.INFO: test [] []
[2019-12-26 15:23:35] generateOTP.INFO: test [] []
[2019-12-26 15:23:36] generateOTP.INFO: test [] []
[2019-12-26 15:23:36] generateOTP.INFO: test [] []
[2019-12-26 15:24:49] generateOTP.INFO: {"edit":"0","policy_no":"378","subtype_text":"1","sum_insure":"800000","familyConstruct":"1A","tenure":"1 Year","premium":"5799","family_members_id":"0","family_gender":"Male","first_name":"deepak","middle_name":"pratap","last_name":"kadam","family_date_birth":"13-12-1973","age":"46","age_type":"years","family_id":"","s_date":"","marriage_date":"","premium_parent":"","contri_parent":"","policyNo":"378","familyDataType":"undefined","empId":"619746","product":"QBTv5db9151ad1c21","declare":"[]"} [] []
[2019-12-26 15:24:58] generateOTP.INFO: {"edit":"0","subtype_text":"3","policy_no":"379","sum_insure":"500000","familyConstruct":"1A","tenure":"1 Year","premium":"2099","family_members_id":"0","family_gender":"Male","first_name":"deepak","middle_name":"pratap","last_name":"kadam","family_date_birth":"13-12-1973","age":"46","age_type":"years","family_id":"","s_date":"","marriage_date":"","premium_parent":"","contri_parent":"","policyNo":"379","familyDataType":"family_construct","product":"QBTv5db9151ad1c21","empId":"619746"} [] []
[2019-12-26 15:25:47] documentsSave.INFO: {"ops_type":"[\"Customer Declaration Form\",\"1\",\"0\"]","ext0":"undefined","ext1":"undefined","ext2":"undefined","ids":"1,2"} [] []
[2019-12-26 15:25:47] documentsSaveFiles.INFO: {"path0":{"name":"Hydrangeas.jpg","type":"image\/jpeg","tmp_name":"\/tmp\/phpLbNPCz","error":0,"size":595284},"path1":{"name":"Chrysanthemum.jpg","type":"image\/jpeg","tmp_name":"\/tmp\/phpPuM1Si","error":0,"size":879394},"path2":{"name":"Tulips.jpg","type":"image\/jpeg","tmp_name":"\/tmp\/phpo7Gxt4","error":0,"size":620888}} [] []
[2019-12-26 15:25:50] generateOTP.INFO: test [] []
[2019-12-26 15:25:56] generateOTP.INFO: {"edit":"0","policy_no":"378","subtype_text":"1","sum_insure":"2000000","familyConstruct":"2A+2K","tenure":"1 Year","premium":"7999","family_members_id":"1","family_gender":"Male","first_name":"aasd","middle_name":"tyuu","last_name":"ddded","family_date_birth":"15-05-1989","age":"30","age_type":"years","family_id":"","s_date":"","marriage_date":"","premium_parent":"","contri_parent":"","policyNo":"378","familyDataType":"family_construct","empId":"619742","product":"QBTv5db9151ad1c21","declare":"[]"} [] []
[2019-12-26 15:26:43] generateOTP.INFO: test [] []
[2019-12-26 15:26:43] generateOTP.INFO: test [] []
[2019-12-26 15:26:44] generateOTP.INFO: test [] []
[2019-12-26 15:26:44] generateOTP.INFO: test [] []
[2019-12-26 15:27:06] generateOTP.INFO: {"edit":"0","policy_no":"378","subtype_text":"1","sum_insure":"2000000","familyConstruct":"2A+2K","tenure":"1 Year","premium":"7999","family_members_id":"2","family_gender":"Male","first_name":"duggu","middle_name":"uylui","last_name":"iulghugl","family_date_birth":"06-04-1993","age":"26","age_type":"years","family_id":"","s_date":"","marriage_date":"","premium_parent":"","contri_parent":"","policyNo":"378","familyDataType":"family_construct","empId":"619742","product":"QBTv5db9151ad1c21","declare":"[]"} [] []
[2019-12-26 15:27:16] generateOTP.INFO: {"edit":"0","policy_no":"378","subtype_text":"1","sum_insure":"2000000","familyConstruct":"2A+2K","tenure":"1 Year","premium":"7999","family_members_id":"2","family_gender":"Male","first_name":"duggu","middle_name":"uylui","last_name":"iulghugl","family_date_birth":"25-04-2000","age":"19","age_type":"years","family_id":"","s_date":"","marriage_date":"","premium_parent":"","contri_parent":"","policyNo":"378","familyDataType":"family_construct","empId":"619742","product":"QBTv5db9151ad1c21","declare":"[]"} [] []
[2019-12-26 15:27:34] generateOTP.INFO: test [] []
[2019-12-26 15:27:34] generateOTP.INFO: test [] []
[2019-12-26 15:27:34] generateOTP.INFO: test [] []
[2019-12-26 15:27:34] generateOTP.INFO: test [] []
[2019-12-26 15:28:11] generateOTP.INFO: {"edit":"0","policy_no":"378","subtype_text":"1","sum_insure":"2000000","familyConstruct":"2A+2K","tenure":"1 Year","premium":"7999","family_members_id":"2","family_gender":"Male","first_name":"duggu","middle_name":"uylui","last_name":"iulghugl","family_date_birth":"25-04-2000","age":"19","age_type":"years","family_id":"","s_date":"","marriage_date":"","premium_parent":"","contri_parent":"","policyNo":"378","familyDataType":"family_construct","empId":"619742","product":"QBTv5db9151ad1c21","declare":"[]"} [] []
[2019-12-26 15:28:46] generateOTP.INFO: test [] []
[2019-12-26 15:28:46] generateOTP.INFO: test [] []
[2019-12-26 15:28:46] generateOTP.INFO: test [] []
[2019-12-26 15:28:46] generateOTP.INFO: test [] []
[2019-12-26 15:30:01] generateOTP.INFO: {"edit":"0","policy_no":"378","subtype_text":"1","sum_insure":"800000","familyConstruct":"2A","tenure":"1 Year","premium":"6699","family_members_id":"0","family_gender":"Male","first_name":"sonali","middle_name":"shankar","last_name":"mohittes","family_date_birth":"15-12-1982","age":"37","age_type":"years","family_id":"","s_date":"","marriage_date":"","premium_parent":"","contri_parent":"","policyNo":"378","familyDataType":"undefined","empId":"619747","product":"QBTv5db9151ad1c21","declare":"[]"} [] []
[2019-12-26 15:30:33] generateOTP.INFO: {"edit":"0","policy_no":"378","subtype_text":"1","sum_insure":"800000","familyConstruct":"2A","tenure":"1 Year","premium":"6699","family_members_id":"1","family_gender":"Female","first_name":"smith","middle_name":"sgsd","last_name":"ggsg","family_date_birth":"27-12-2001","age":"17","age_type":"years","family_id":"","s_date":"","marriage_date":"","premium_parent":"","contri_parent":"","policyNo":"378","familyDataType":"undefined","empId":"619747","product":"QBTv5db9151ad1c21","declare":"[]"} [] []
[2019-12-26 15:30:44] generateOTP.INFO: {"edit":"0","policy_no":"378","subtype_text":"1","sum_insure":"800000","familyConstruct":"2A","tenure":"1 Year","premium":"6699","family_members_id":"1","family_gender":"Female","first_name":"smith","middle_name":"sgsd","last_name":"ggsg","family_date_birth":"15-12-1982","age":"37","age_type":"years","family_id":"","s_date":"","marriage_date":"","premium_parent":"","contri_parent":"","policyNo":"378","familyDataType":"undefined","empId":"619747","product":"QBTv5db9151ad1c21","declare":"[]"} [] []
[2019-12-26 15:30:52] generateOTP.INFO: {"edit":"0","subtype_text":"3","policy_no":"379","sum_insure":"500000","familyConstruct":"1A","tenure":"1 Year","premium":"2099","family_members_id":"0","family_gender":"Male","first_name":"sonali","middle_name":"shankar","last_name":"mohittes","family_date_birth":"15-12-1982","age":"37","age_type":"years","family_id":"","s_date":"","marriage_date":"","premium_parent":"","contri_parent":"","policyNo":"379","familyDataType":"family_construct","product":"QBTv5db9151ad1c21","empId":"619747"} [] []
[2019-12-26 15:31:44] documentsSave.INFO: {"ops_type":"[\"Customer Declaration Form\",\"2\",\"0\"]","ext0":"undefined","ext1":"undefined","ext2":"undefined","ids":"1,2"} [] []
[2019-12-26 15:31:44] documentsSaveFiles.INFO: {"path0":{"name":"Hydrangeas.jpg","type":"image\/jpeg","tmp_name":"\/tmp\/phpnNU9Q4","error":0,"size":595284},"path1":{"name":"Lighthouse.jpg","type":"image\/jpeg","tmp_name":"\/tmp\/php9FRAoj","error":0,"size":561276},"path2":{"name":"Tulips.jpg","type":"image\/jpeg","tmp_name":"\/tmp\/phpifI1sz","error":0,"size":620888}} [] []
[2019-12-26 15:32:55] generateOTP.INFO: {"edit":"0","subtype_text":"3","policy_no":"379","sum_insure":"500000","familyConstruct":"2A","tenure":"1 Year","premium":"4198","family_members_id":"0","family_gender":"Female","first_name":"Pratas","middle_name":"P","last_name":"Pattani","family_date_birth":"13-08-1990","age":"29","age_type":"years","family_id":"","s_date":"","marriage_date":"","premium_parent":"","contri_parent":"","policyNo":"379","familyDataType":"family_construct","product":"QBTv5db9151ad1c21","empId":"619742"} [] []
[2019-12-26 15:40:10] generateOTP.INFO: {"edit":"0","subtype_text":"3","policy_no":"379","sum_insure":"500000","familyConstruct":"2A","tenure":"1 Year","premium":"4198","family_members_id":"1","family_gender":"Male","first_name":"adfdsf","middle_name":"dsfds","last_name":"fdsfdsf","family_date_birth":"01-12-1991","age":"28","age_type":"years","family_id":"","s_date":"","marriage_date":"","premium_parent":"","contri_parent":"","policyNo":"379","familyDataType":"family_construct","product":"QBTv5db9151ad1c21","empId":"619742"} [] []
[2019-12-26 15:40:19] documentsSave.INFO: {"ops_type":"[\"Customer Declaration Form\",\"0\"]","ext0":"undefined","ext1":"undefined","ids":"3"} [] []
[2019-12-26 15:40:19] documentsSaveFiles.INFO: {"path0":{"name":"HDFC Netbanking SS.xlsx","type":"","tmp_name":"","error":1,"size":0},"path1":{"name":"HDFC Details.txt","type":"text\/plain","tmp_name":"\/tmp\/phpmN6uDF","error":0,"size":622}} [] []
[2019-12-26 15:40:30] generateOTP.INFO: test [] []
[2019-12-26 15:40:38] generateOTP.INFO: test [] []
[2019-12-26 15:40:39] generateOTP.INFO: test [] []
[2019-12-26 15:40:56] generateOTP.INFO: test [] []
[2019-12-26 15:40:56] generateOTP.INFO: test [] []
[2019-12-26 15:40:56] generateOTP.INFO: test [] []
[2019-12-26 15:40:57] generateOTP.INFO: test [] []
[2019-12-26 15:48:14] generateOTP.INFO: {"edit":"0","policy_no":"378","subtype_text":"1","sum_insure":"800000","familyConstruct":"2A","tenure":"1 Year","premium":"6699","family_members_id":"0","family_gender":"Female","first_name":"Puja","middle_name":"A","last_name":"Agarwal","family_date_birth":"08-04-1986","age":"33","age_type":"years","family_id":"","s_date":"","marriage_date":"","premium_parent":"","contri_parent":"","policyNo":"378","familyDataType":"undefined","empId":"619748","product":"QBTv5db9151ad1c21","declare":"[]"} [] []
[2019-12-26 15:48:54] generateOTP.INFO: {"edit":"0","policy_no":"378","subtype_text":"1","sum_insure":"800000","familyConstruct":"2A","tenure":"1 Year","premium":"6699","family_members_id":"1","family_gender":"Male","first_name":"ajay","middle_name":"jghj","last_name":"khanna","family_date_birth":"08-12-1998","age":"21","age_type":"years","family_id":"","s_date":"","marriage_date":"","premium_parent":"","contri_parent":"","policyNo":"378","familyDataType":"undefined","empId":"619748","product":"QBTv5db9151ad1c21","declare":"[]"} [] []
[2019-12-26 15:51:48] generateOTP.INFO: test [] []
[2019-12-26 15:51:48] generateOTP.INFO: test [] []
[2019-12-26 15:51:48] generateOTP.INFO: test [] []
[2019-12-26 15:51:48] generateOTP.INFO: test [] []
[2019-12-26 15:52:21] generateOTP.INFO: test [] []
[2019-12-26 15:52:21] generateOTP.INFO: test [] []
[2019-12-26 15:52:21] generateOTP.INFO: test [] []
[2019-12-26 15:52:21] generateOTP.INFO: test [] []
[2019-12-26 15:52:49] generateOTP.INFO: test [] []
[2019-12-26 15:52:49] generateOTP.INFO: test [] []
[2019-12-26 15:52:49] generateOTP.INFO: test [] []
[2019-12-26 15:52:49] generateOTP.INFO: test [] []
[2019-12-26 15:55:15] generateOTP.INFO: test [] []
[2019-12-26 15:55:15] generateOTP.INFO: test [] []
[2019-12-26 15:55:15] generateOTP.INFO: test [] []
[2019-12-26 15:55:15] generateOTP.INFO: test [] []
[2019-12-26 15:56:15] generateOTP.INFO: test [] []
[2019-12-26 15:56:15] generateOTP.INFO: test [] []
[2019-12-26 15:56:15] generateOTP.INFO: test [] []
[2019-12-26 15:56:15] generateOTP.INFO: test [] []
[2019-12-26 16:05:27] generateOTP.INFO: test [] []
[2019-12-26 16:05:27] generateOTP.INFO: test [] []
[2019-12-26 16:05:27] generateOTP.INFO: test [] []
[2019-12-26 16:05:27] generateOTP.INFO: test [] []
[2019-12-26 16:06:02] generateOTP.INFO: test [] []
[2019-12-26 16:06:03] generateOTP.INFO: test [] []
[2019-12-26 16:06:03] generateOTP.INFO: test [] []
[2019-12-26 16:06:03] generateOTP.INFO: test [] []
[2019-12-26 16:06:11] generateOTP.INFO: test [] []
[2019-12-26 16:06:11] generateOTP.INFO: test [] []
[2019-12-26 16:06:11] generateOTP.INFO: test [] []
[2019-12-26 16:06:11] generateOTP.INFO: test [] []
[2019-12-26 16:07:02] generateOTP.INFO: test [] []
[2019-12-26 16:07:02] generateOTP.INFO: test [] []
[2019-12-26 16:07:02] generateOTP.INFO: test [] []
[2019-12-26 16:07:03] generateOTP.INFO: test [] []
[2019-12-26 16:07:06] generateOTP.INFO: test [] []
[2019-12-26 16:07:06] generateOTP.INFO: test [] []
[2019-12-26 16:07:06] generateOTP.INFO: test [] []
[2019-12-26 16:07:06] generateOTP.INFO: test [] []
[2019-12-26 16:09:23] generateOTP.INFO: test [] []
[2019-12-26 16:09:23] generateOTP.INFO: test [] []
[2019-12-26 16:09:23] generateOTP.INFO: test [] []
[2019-12-26 16:09:24] generateOTP.INFO: test [] []
[2019-12-26 16:10:54] generateOTP.INFO: test [] []
[2019-12-26 16:10:54] generateOTP.INFO: test [] []
[2019-12-26 16:10:54] generateOTP.INFO: test [] []
[2019-12-26 16:10:54] generateOTP.INFO: test [] []
[2019-12-26 16:11:03] generateOTP.INFO: test [] []
[2019-12-26 16:11:03] generateOTP.INFO: test [] []
[2019-12-26 16:11:03] generateOTP.INFO: test [] []
[2019-12-26 16:11:03] generateOTP.INFO: test [] []
[2019-12-26 16:12:05] generateOTP.INFO: test [] []
[2019-12-26 16:12:05] generateOTP.INFO: test [] []
[2019-12-26 16:12:05] generateOTP.INFO: test [] []
[2019-12-26 16:12:05] generateOTP.INFO: test [] []
[2019-12-26 16:13:12] generateOTP.INFO: test [] []
[2019-12-26 16:13:12] generateOTP.INFO: test [] []
[2019-12-26 16:13:12] generateOTP.INFO: test [] []
[2019-12-26 16:13:12] generateOTP.INFO: test [] []
[2019-12-26 16:16:53] generateOTP.INFO: test [] []
[2019-12-26 16:16:53] generateOTP.INFO: test [] []
[2019-12-26 16:16:54] generateOTP.INFO: test [] []
[2019-12-26 16:16:54] generateOTP.INFO: test [] []
[2019-12-26 16:17:09] generateOTP.INFO: test [] []
[2019-12-26 16:17:09] generateOTP.INFO: test [] []
[2019-12-26 16:17:14] generateOTP.INFO: test [] []
[2019-12-26 16:17:14] generateOTP.INFO: test [] []
[2019-12-26 16:17:14] generateOTP.INFO: test [] []
[2019-12-26 16:17:14] generateOTP.INFO: test [] []
[2019-12-26 16:17:17] generateOTP.INFO: test [] []
[2019-12-26 16:17:18] generateOTP.INFO: test [] []
[2019-12-26 16:21:59] generateOTP.INFO: test [] []
[2019-12-26 16:21:59] generateOTP.INFO: test [] []
[2019-12-26 16:22:00] generateOTP.INFO: test [] []
[2019-12-26 16:22:00] generateOTP.INFO: test [] []
[2019-12-26 16:28:54] generateOTP.INFO: test [] []
[2019-12-26 16:28:55] generateOTP.INFO: test [] []
[2019-12-26 16:29:10] generateOTP.INFO: test [] []
[2019-12-26 16:29:11] generateOTP.INFO: test [] []
[2019-12-26 16:29:12] generateOTP.INFO: test [] []
[2019-12-26 16:29:12] generateOTP.INFO: test [] []
[2019-12-26 16:30:46] generateOTP.INFO: test [] []
[2019-12-26 16:30:46] generateOTP.INFO: test [] []
[2019-12-26 16:30:46] generateOTP.INFO: test [] []
[2019-12-26 16:30:46] generateOTP.INFO: test [] []
[2019-12-26 16:33:04] generateOTP.INFO: test [] []
[2019-12-26 16:33:04] generateOTP.INFO: test [] []
[2019-12-26 16:33:04] generateOTP.INFO: test [] []
[2019-12-26 16:33:04] generateOTP.INFO: test [] []
[2019-12-26 16:33:10] generateOTP.INFO: test [] []
[2019-12-26 16:33:10] generateOTP.INFO: test [] []
[2019-12-26 16:33:11] generateOTP.INFO: test [] []
[2019-12-26 16:33:11] generateOTP.INFO: test [] []
[2019-12-26 16:36:15] generateOTP.INFO: test [] []
[2019-12-26 16:36:15] generateOTP.INFO: test [] []
[2019-12-26 16:36:15] generateOTP.INFO: test [] []
[2019-12-26 16:36:15] generateOTP.INFO: test [] []
[2019-12-26 16:36:45] generateOTP.INFO: test [] []
[2019-12-26 16:36:45] generateOTP.INFO: test [] []
[2019-12-26 16:36:45] generateOTP.INFO: test [] []
[2019-12-26 16:36:45] generateOTP.INFO: test [] []
[2019-12-26 16:42:32] generateOTP.INFO: {"edit":"0","policy_no":"378","subtype_text":"1","sum_insure":"800000","familyConstruct":"1A","tenure":"1 Year","premium":"5799","family_members_id":"0","family_gender":"Female","first_name":"Pallavi","middle_name":"Parag","last_name":"Nair","family_date_birth":"19-01-1995","age":"24","age_type":"years","family_id":"","s_date":"","marriage_date":"","premium_parent":"","contri_parent":"","policyNo":"378","familyDataType":"undefined","empId":"619749","product":"QBTv5db9151ad1c21","declare":"[]"} [] []
[2019-12-26 16:45:29] documentsSave.INFO: {"ops_type":"[\"Customer Declaration Form\",\"0\"]","ext0":"undefined","ext1":"undefined","ids":"4"} [] []
[2019-12-26 16:45:29] documentsSaveFiles.INFO: {"path0":{"name":"R02-Untick after address change.xlsx","type":"application\/vnd.openxmlformats-officedocument.spreadsheetml.sheet","tmp_name":"\/tmp\/phpUW2LBD","error":0,"size":532793},"path1":{"name":"Diamond.xlsx","type":"application\/vnd.openxmlformats-officedocument.spreadsheetml.sheet","tmp_name":"\/tmp\/phpMKrWpp","error":0,"size":407964}} [] []
[2019-12-26 16:46:37] generateOTP.INFO: test [] []
[2019-12-26 16:46:38] generateOTP.INFO: test [] []
[2019-12-26 16:46:42] generateOTP.INFO: test [] []
[2019-12-26 16:46:42] generateOTP.INFO: test [] []
[2019-12-26 16:46:42] generateOTP.INFO: test [] []
[2019-12-26 16:46:42] generateOTP.INFO: test [] []
[2019-12-26 16:47:06] generateOTP.INFO: test [] []
[2019-12-26 16:47:06] generateOTP.INFO: test [] []
[2019-12-26 16:47:07] generateOTP.INFO: test [] []
[2019-12-26 16:50:43] generateOTP.INFO: test [] []
[2019-12-26 16:50:43] generateOTP.INFO: test [] []
[2019-12-26 16:50:44] generateOTP.INFO: test [] []
[2019-12-26 16:50:44] generateOTP.INFO: test [] []
[2019-12-26 16:51:28] generateOTP.INFO: test [] []
[2019-12-26 16:51:28] generateOTP.INFO: test [] []
[2019-12-26 16:51:28] generateOTP.INFO: test [] []
[2019-12-26 16:51:28] generateOTP.INFO: test [] []
[2019-12-26 16:52:19] generateOTP.INFO: test [] []
[2019-12-26 16:52:19] generateOTP.INFO: test [] []
[2019-12-26 16:52:19] generateOTP.INFO: test [] []
[2019-12-26 16:52:20] generateOTP.INFO: test [] []
[2019-12-26 16:54:40] generateOTP.INFO: test [] []
[2019-12-26 16:54:46] generateOTP.INFO: test [] []
[2019-12-26 16:54:47] generateOTP.INFO: test [] []
[2019-12-26 16:54:47] generateOTP.INFO: test [] []
[2019-12-26 16:54:47] generateOTP.INFO: test [] []
[2019-12-26 16:55:26] generateOTP.INFO: test [] []
[2019-12-26 16:55:27] generateOTP.INFO: test [] []
[2019-12-26 16:55:33] generateOTP.INFO: test [] []
[2019-12-26 16:55:33] generateOTP.INFO: test [] []
[2019-12-26 16:55:33] generateOTP.INFO: test [] []
[2019-12-26 16:55:33] generateOTP.INFO: test [] []
[2019-12-26 16:55:44] generateOTP.INFO: test [] []
[2019-12-26 16:55:45] generateOTP.INFO: test [] []
[2019-12-26 16:55:45] generateOTP.INFO: test [] []
[2019-12-26 16:55:45] generateOTP.INFO: test [] []
[2019-12-26 17:11:01] generateOTP.INFO: test [] []
[2019-12-26 17:11:01] generateOTP.INFO: test [] []
[2019-12-26 17:11:02] generateOTP.INFO: test [] []
[2019-12-26 17:13:06] generateOTP.INFO: test [] []
[2019-12-26 17:13:06] generateOTP.INFO: test [] []
[2019-12-26 17:13:06] generateOTP.INFO: test [] []
[2019-12-26 17:13:50] generateOTP.INFO: {"edit":"0","policy_no":"378","subtype_text":"1","sum_insure":"800000","familyConstruct":"1A","tenure":"1 Year","premium":"5799","family_members_id":"0","family_gender":"Female","first_name":"Sandhya","middle_name":"fg","last_name":"pisal","family_date_birth":"19-05-1988","age":"31","age_type":"years","family_id":"","s_date":"","marriage_date":"","premium_parent":"","contri_parent":"","policyNo":"378","familyDataType":"undefined","empId":"619751","product":"QBTv5db9151ad1c21","declare":"[]"} [] []
[2019-12-26 17:17:43] documentsSave.INFO: {"ops_type":"[\"Customer Declaration Form\",\"0\"]","ext0":"undefined","ext1":"undefined","ids":"5"} [] []
[2019-12-26 17:17:43] documentsSaveFiles.INFO: {"path0":{"name":"SS-Activ Health-Platinum.xlsx","type":"","tmp_name":"","error":1,"size":0},"path1":{"name":"R01-Platinum.xlsx","type":"","tmp_name":"","error":1,"size":0}} [] []
[2019-12-26 17:17:48] generateOTP.INFO: test [] []
[2019-12-26 17:23:30] generateOTP.INFO: test [] []
[2019-12-26 17:23:30] generateOTP.INFO: test [] []
[2019-12-26 17:23:31] generateOTP.INFO: test [] []
[2019-12-26 17:23:47] generateOTP.INFO: test [] []
[2019-12-26 17:23:48] generateOTP.INFO: test [] []
[2019-12-26 17:23:48] generateOTP.INFO: test [] []
[2019-12-26 17:23:48] generateOTP.INFO: test [] []
[2019-12-26 17:39:22] generateOTP.INFO: test [] []
[2019-12-26 17:39:23] generateOTP.INFO: test [] []
[2019-12-26 17:39:24] generateOTP.INFO: test [] []
[2019-12-26 17:39:24] generateOTP.INFO: test [] []
[2019-12-26 17:39:24] generateOTP.INFO: test [] []
[2019-12-26 17:39:24] generateOTP.INFO: test [] []
[2019-12-26 17:39:24] generateOTP.INFO: test [] []
[2019-12-26 17:39:24] generateOTP.INFO: test [] []
[2019-12-26 17:39:46] generateOTP.INFO: test [] []
[2019-12-26 17:39:47] generateOTP.INFO: test [] []
[2019-12-26 17:39:53] generateOTP.INFO: test [] []
[2019-12-26 17:39:53] generateOTP.INFO: test [] []
[2019-12-26 17:39:53] generateOTP.INFO: test [] []
[2019-12-26 17:39:53] generateOTP.INFO: test [] []
[2019-12-26 17:42:54] generateOTP.INFO: test [] []
[2019-12-26 17:42:54] generateOTP.INFO: test [] []
[2019-12-26 17:42:54] generateOTP.INFO: test [] []
[2019-12-26 17:43:15] generateOTP.INFO: test [] []
[2019-12-26 17:43:15] generateOTP.INFO: test [] []
[2019-12-26 17:43:15] generateOTP.INFO: test [] []
[2019-12-26 17:47:07] generateOTP.INFO: test [] []
[2019-12-26 17:47:07] generateOTP.INFO: test [] []
[2019-12-26 17:47:07] generateOTP.INFO: test [] []
[2019-12-26 17:48:26] generateOTP.INFO: test [] []
[2019-12-26 17:48:26] generateOTP.INFO: test [] []
[2019-12-26 17:48:26] generateOTP.INFO: test [] []
[2019-12-26 17:49:11] generateOTP.INFO: test [] []
[2019-12-26 17:49:11] generateOTP.INFO: test [] []
[2019-12-26 17:49:11] generateOTP.INFO: test [] []
[2019-12-26 17:49:26] generateOTP.INFO: test [] []
[2019-12-26 17:49:26] generateOTP.INFO: test [] []
[2019-12-26 17:49:26] generateOTP.INFO: test [] []
[2019-12-26 17:49:56] generateOTP.INFO: test [] []
[2019-12-26 17:49:56] generateOTP.INFO: test [] []
[2019-12-26 17:49:56] generateOTP.INFO: test [] []
[2019-12-26 17:50:03] generateOTP.INFO: test [] []
[2019-12-26 17:50:03] generateOTP.INFO: test [] []
[2019-12-26 17:50:03] generateOTP.INFO: test [] []
[2019-12-26 17:50:27] generateOTP.INFO: test [] []
[2019-12-26 17:50:27] generateOTP.INFO: test [] []
[2019-12-26 17:50:27] generateOTP.INFO: test [] []
[2019-12-26 17:50:40] generateOTP.INFO: test [] []
[2019-12-26 17:50:40] generateOTP.INFO: test [] []
[2019-12-26 17:50:40] generateOTP.INFO: test [] []
[2019-12-26 17:50:41] generateOTP.INFO: {"edit":"0","policy_no":"378","subtype_text":"1","sum_insure":"1000000","familyConstruct":"2A","tenure":"1 Year","premium":"6899","family_members_id":"0","family_gender":"Male","first_name":"Mohan","middle_name":"Kumar","last_name":"Nair","family_date_birth":"07-04-1989","age":"30","age_type":"years","family_id":"","s_date":"","marriage_date":"","premium_parent":"","contri_parent":"","policyNo":"378","familyDataType":"undefined","empId":"619752","product":"QBTv5db9151ad1c21","declare":"[]"} [] []
[2019-12-26 17:51:06] generateOTP.INFO: {"edit":"0","policy_no":"378","subtype_text":"1","sum_insure":"1000000","familyConstruct":"2A","tenure":"1 Year","premium":"6899","family_members_id":"1","family_gender":"Female","first_name":"Savita","middle_name":"mohan","last_name":"p","family_date_birth":"10-03-1989","age":"30","age_type":"years","family_id":"","s_date":"","marriage_date":"","premium_parent":"","contri_parent":"","policyNo":"378","familyDataType":"undefined","empId":"619752","product":"QBTv5db9151ad1c21","declare":"[]"} [] []
[2019-12-26 17:51:19] generateOTP.INFO: test [] []
[2019-12-26 17:51:19] generateOTP.INFO: test [] []
[2019-12-26 17:51:19] generateOTP.INFO: test [] []
[2019-12-26 17:51:42] generateOTP.INFO: test [] []
[2019-12-26 17:51:42] generateOTP.INFO: test [] []
[2019-12-26 17:51:42] generateOTP.INFO: test [] []
[2019-12-26 17:52:13] generateOTP.INFO: test [] []
[2019-12-26 17:52:13] generateOTP.INFO: test [] []
[2019-12-26 17:52:13] generateOTP.INFO: test [] []
[2019-12-26 17:52:55] generateOTP.INFO: test [] []
[2019-12-26 17:52:56] generateOTP.INFO: test [] []
[2019-12-26 17:53:01] generateOTP.INFO: test [] []
[2019-12-26 17:53:01] generateOTP.INFO: test [] []
[2019-12-26 17:53:01] generateOTP.INFO: test [] []
[2019-12-26 17:53:01] generateOTP.INFO: test [] []
[2019-12-26 17:53:16] generateOTP.INFO: test [] []
[2019-12-26 17:53:16] generateOTP.INFO: test [] []
[2019-12-26 17:53:16] generateOTP.INFO: test [] []
[2019-12-26 17:53:16] generateOTP.INFO: test [] []
[2019-12-26 18:00:32] generateOTP.INFO: test [] []
[2019-12-26 18:00:32] generateOTP.INFO: test [] []
[2019-12-26 18:00:32] generateOTP.INFO: test [] []
[2019-12-26 18:01:05] generateOTP.INFO: test [] []
[2019-12-26 18:01:05] generateOTP.INFO: test [] []
[2019-12-26 18:01:05] generateOTP.INFO: test [] []
[2019-12-26 18:01:05] generateOTP.INFO: test [] []
[2019-12-26 18:01:07] generateOTP.INFO: test [] []
[2019-12-26 18:01:07] generateOTP.INFO: test [] []
[2019-12-26 18:01:07] generateOTP.INFO: test [] []
[2019-12-26 18:01:41] generateOTP.INFO: test [] []
[2019-12-26 18:01:41] generateOTP.INFO: test [] []
[2019-12-26 18:01:41] generateOTP.INFO: test [] []
[2019-12-26 18:05:13] generateOTP.INFO: test [] []
[2019-12-26 18:05:13] generateOTP.INFO: test [] []
[2019-12-26 18:05:13] generateOTP.INFO: test [] []
[2019-12-26 18:05:13] generateOTP.INFO: test [] []
[2019-12-26 18:05:24] generateOTP.INFO: test [] []
[2019-12-26 18:05:24] generateOTP.INFO: test [] []
[2019-12-26 18:05:24] generateOTP.INFO: test [] []
[2019-12-26 18:06:02] generateOTP.INFO: test [] []
[2019-12-26 18:06:02] generateOTP.INFO: test [] []
[2019-12-26 18:06:03] generateOTP.INFO: test [] []
[2019-12-26 18:07:02] generateOTP.INFO: test [] []
[2019-12-26 18:07:02] generateOTP.INFO: test [] []
[2019-12-26 18:07:02] generateOTP.INFO: test [] []
[2019-12-26 18:08:17] generateOTP.INFO: test [] []
[2019-12-26 18:08:17] generateOTP.INFO: test [] []
[2019-12-26 18:08:17] generateOTP.INFO: test [] []
[2019-12-26 18:10:10] generateOTP.INFO: test [] []
[2019-12-26 18:10:10] generateOTP.INFO: test [] []
[2019-12-26 18:10:10] generateOTP.INFO: test [] []
[2019-12-26 18:11:24] generateOTP.INFO: test [] []
[2019-12-26 18:11:24] generateOTP.INFO: test [] []
[2019-12-26 18:11:24] generateOTP.INFO: test [] []
[2019-12-26 18:12:14] generateOTP.INFO: test [] []
[2019-12-26 18:12:14] generateOTP.INFO: test [] []
[2019-12-26 18:12:15] generateOTP.INFO: test [] []
[2019-12-26 18:20:53] generateOTP.INFO: test [] []
[2019-12-26 18:20:53] generateOTP.INFO: test [] []
[2019-12-26 18:20:53] generateOTP.INFO: test [] []
[2019-12-26 18:20:53] generateOTP.INFO: test [] []
[2019-12-26 18:21:28] generateOTP.INFO: test [] []
[2019-12-26 18:21:28] generateOTP.INFO: test [] []
[2019-12-26 18:21:28] generateOTP.INFO: test [] []
[2019-12-26 18:21:28] generateOTP.INFO: test [] []
[2019-12-26 18:23:18] generateOTP.INFO: test [] []
[2019-12-26 18:26:18] generateOTP.INFO: test [] []
[2019-12-26 18:26:18] generateOTP.INFO: test [] []
[2019-12-26 18:26:18] generateOTP.INFO: test [] []
[2019-12-26 18:26:18] generateOTP.INFO: test [] []
[2019-12-26 18:26:43] generateOTP.INFO: test [] []
[2019-12-26 18:26:43] generateOTP.INFO: test [] []
[2019-12-26 18:26:43] generateOTP.INFO: test [] []
[2019-12-26 18:26:43] generateOTP.INFO: test [] []
[2019-12-26 18:34:56] generateOTP.INFO: test [] []
[2019-12-26 18:34:56] generateOTP.INFO: test [] []
[2019-12-26 18:34:56] generateOTP.INFO: test [] []
[2019-12-26 18:34:56] generateOTP.INFO: test [] []
[2019-12-26 18:36:18] generateOTP.INFO: test [] []
[2019-12-26 18:36:18] generateOTP.INFO: test [] []
[2019-12-26 18:36:18] generateOTP.INFO: test [] []
[2019-12-26 18:36:18] generateOTP.INFO: test [] []
[2019-12-26 18:38:55] generateOTP.INFO: test [] []
[2019-12-26 18:38:55] generateOTP.INFO: test [] []
[2019-12-26 18:38:55] generateOTP.INFO: test [] []
[2019-12-26 18:38:55] generateOTP.INFO: test [] []
[2019-12-26 18:47:10] generateOTP.INFO: test [] []
[2019-12-26 18:47:10] generateOTP.INFO: test [] []
[2019-12-26 18:47:10] generateOTP.INFO: test [] []
[2019-12-26 18:47:10] generateOTP.INFO: test [] []
[2019-12-26 18:47:36] generateOTP.INFO: test [] []
[2019-12-26 18:47:36] generateOTP.INFO: test [] []
[2019-12-26 18:47:36] generateOTP.INFO: test [] []
[2019-12-26 18:47:37] generateOTP.INFO: test [] []
[2019-12-26 18:49:37] generateOTP.INFO: test [] []
[2019-12-26 18:49:37] generateOTP.INFO: test [] []
[2019-12-26 18:49:38] generateOTP.INFO: test [] []
[2019-12-26 18:49:38] generateOTP.INFO: test [] []
[2019-12-26 18:52:37] generateOTP.INFO: test [] []
[2019-12-26 18:52:37] generateOTP.INFO: test [] []
[2019-12-26 18:52:37] generateOTP.INFO: test [] []
[2019-12-26 18:52:37] generateOTP.INFO: test [] []
[2019-12-26 18:54:35] generateOTP.INFO: test [] []
[2019-12-26 18:54:35] generateOTP.INFO: test [] []
[2019-12-26 18:54:36] generateOTP.INFO: test [] []
[2019-12-26 18:54:36] generateOTP.INFO: test [] []
[2019-12-26 18:54:39] generateOTP.INFO: test [] []
[2019-12-26 18:54:39] generateOTP.INFO: test [] []
[2019-12-26 18:54:44] generateOTP.INFO: test [] []
[2019-12-26 18:54:44] generateOTP.INFO: test [] []
[2019-12-26 18:54:44] generateOTP.INFO: test [] []
[2019-12-26 18:54:44] generateOTP.INFO: test [] []
[2019-12-26 18:54:48] generateOTP.INFO: test [] []
[2019-12-26 18:54:48] generateOTP.INFO: test [] []
[2019-12-26 18:54:49] generateOTP.INFO: test [] []
[2019-12-26 18:54:49] generateOTP.INFO: test [] []
[2019-12-26 18:56:39] generateOTP.INFO: test [] []
[2019-12-26 18:56:39] generateOTP.INFO: test [] []
[2019-12-26 18:56:39] generateOTP.INFO: test [] []
[2019-12-26 18:56:39] generateOTP.INFO: test [] []
[2019-12-26 18:57:01] generateOTP.INFO: test [] []
[2019-12-26 18:57:01] generateOTP.INFO: test [] []
[2019-12-26 18:57:01] generateOTP.INFO: test [] []
[2019-12-26 18:57:01] generateOTP.INFO: test [] []
[2019-12-26 18:57:33] generateOTP.INFO: test [] []
[2019-12-26 18:57:33] generateOTP.INFO: test [] []
[2019-12-26 18:57:34] generateOTP.INFO: test [] []
[2019-12-26 18:57:34] generateOTP.INFO: test [] []
[2019-12-26 18:58:00] generateOTP.INFO: test [] []
[2019-12-26 18:58:00] generateOTP.INFO: test [] []
[2019-12-26 18:58:00] generateOTP.INFO: test [] []
[2019-12-26 18:58:00] generateOTP.INFO: test [] []
[2019-12-26 18:58:46] generateOTP.INFO: test [] []
[2019-12-26 18:58:46] generateOTP.INFO: test [] []
[2019-12-26 18:58:47] generateOTP.INFO: test [] []
[2019-12-26 18:58:47] generateOTP.INFO: test [] []
[2019-12-26 18:59:55] generateOTP.INFO: test [] []
[2019-12-26 18:59:55] generateOTP.INFO: test [] []
[2019-12-26 18:59:55] generateOTP.INFO: test [] []
[2019-12-26 18:59:55] generateOTP.INFO: test [] []
[2019-12-26 19:00:12] generateOTP.INFO: test [] []
[2019-12-26 19:00:12] generateOTP.INFO: test [] []
[2019-12-26 19:00:12] generateOTP.INFO: test [] []
[2019-12-26 19:00:12] generateOTP.INFO: test [] []
[2019-12-26 19:00:28] generateOTP.INFO: test [] []
[2019-12-26 19:00:28] generateOTP.INFO: test [] []
[2019-12-26 19:00:28] generateOTP.INFO: test [] []
[2019-12-26 19:00:28] generateOTP.INFO: test [] []
[2019-12-26 19:00:52] generateOTP.INFO: test [] []
[2019-12-26 19:00:52] generateOTP.INFO: test [] []
[2019-12-26 19:00:52] generateOTP.INFO: test [] []
[2019-12-26 19:00:52] generateOTP.INFO: test [] []
[2019-12-26 19:01:08] generateOTP.INFO: test [] []
[2019-12-26 19:01:08] generateOTP.INFO: test [] []
[2019-12-26 19:01:08] generateOTP.INFO: test [] []
[2019-12-26 19:01:08] generateOTP.INFO: test [] []
[2019-12-26 19:01:37] generateOTP.INFO: test [] []
[2019-12-26 19:01:37] generateOTP.INFO: test [] []
[2019-12-26 19:01:52] generateOTP.INFO: test [] []
[2019-12-26 19:01:52] generateOTP.INFO: test [] []
[2019-12-26 19:01:52] generateOTP.INFO: test [] []
[2019-12-26 19:01:52] generateOTP.INFO: test [] []
[2019-12-26 19:03:13] generateOTP.INFO: test [] []
[2019-12-26 19:03:13] generateOTP.INFO: test [] []
[2019-12-26 19:03:13] generateOTP.INFO: test [] []
[2019-12-26 19:03:13] generateOTP.INFO: test [] []
[2019-12-26 19:04:19] generateOTP.INFO: test [] []
[2019-12-26 19:04:19] generateOTP.INFO: test [] []
[2019-12-26 19:04:19] generateOTP.INFO: test [] []
[2019-12-26 19:04:19] generateOTP.INFO: test [] []
[2019-12-26 19:04:53] generateOTP.INFO: test [] []
[2019-12-26 19:04:53] generateOTP.INFO: test [] []
[2019-12-26 19:04:53] generateOTP.INFO: test [] []
[2019-12-26 19:04:53] generateOTP.INFO: test [] []
[2019-12-26 19:06:15] generateOTP.INFO: test [] []
[2019-12-26 19:06:15] generateOTP.INFO: test [] []
[2019-12-26 19:06:16] generateOTP.INFO: test [] []
[2019-12-26 19:06:16] generateOTP.INFO: test [] []
[2019-12-26 19:07:01] generateOTP.INFO: {"edit":"0","policy_no":"378","subtype_text":"1","sum_insure":"800000","familyConstruct":"1A","tenure":"1 Year","premium":"5799","family_members_id":"0","family_gender":"Male","first_name":"dfh","middle_name":"hd","last_name":"dgfh","family_date_birth":"12-12-1990","age":"29","age_type":"years","family_id":"","s_date":"","marriage_date":"","premium_parent":"","contri_parent":"","policyNo":"378","familyDataType":"undefined","empId":"619754","product":"QBTv5db9151ad1c21","declare":"[]"} [] []
[2019-12-26 19:07:06] generateOTP.INFO: {"edit":"0","subtype_text":"3","policy_no":"379","sum_insure":"500000","familyConstruct":"1A","tenure":"1 Year","premium":"2099","family_members_id":"0","family_gender":"Male","first_name":"dfh","middle_name":"hd","last_name":"dgfh","family_date_birth":"12-12-1990","age":"29","age_type":"years","family_id":"","s_date":"","marriage_date":"","premium_parent":"","contri_parent":"","policyNo":"379","familyDataType":"family_construct","product":"QBTv5db9151ad1c21","empId":"619754"} [] []
[2019-12-26 19:07:30] generateOTP.INFO: test [] []
[2019-12-26 19:07:30] generateOTP.INFO: test [] []
[2019-12-26 19:07:30] generateOTP.INFO: test [] []
[2019-12-26 19:07:30] generateOTP.INFO: test [] []
[2019-12-26 19:08:21] documentsSave.INFO: {"ops_type":"[\"Customer Declaration Form\",\"8\",\"0\"]","ext0":"undefined","ext1":"undefined","ext2":"undefined","ids":"6,7"} [] []
[2019-12-26 19:08:21] documentsSaveFiles.INFO: {"path0":{"name":"Lighthouse.jpg","type":"image\/jpeg","tmp_name":"\/tmp\/phpmPyZes","error":0,"size":561276},"path1":{"name":"Tulips.jpg","type":"image\/jpeg","tmp_name":"\/tmp\/phpQ5f3q3","error":0,"size":620888},"path2":{"name":"Lighthouse.jpg","type":"image\/jpeg","tmp_name":"\/tmp\/phpIhxgyG","error":0,"size":561276}} [] []
[2019-12-26 19:08:25] generateOTP.INFO: test [] []
[2019-12-26 19:08:25] generateOTP.INFO: test [] []
[2019-12-26 19:08:25] generateOTP.INFO: test [] []
[2019-12-26 19:08:25] generateOTP.INFO: test [] []
[2019-12-26 19:10:28] generateOTP.INFO: test [] []
[2019-12-26 19:10:28] generateOTP.INFO: test [] []
[2019-12-26 19:10:29] generateOTP.INFO: test [] []
[2019-12-26 19:10:29] generateOTP.INFO: test [] []
[2019-12-26 19:12:15] generateOTP.INFO: test [] []
[2019-12-26 19:12:15] generateOTP.INFO: test [] []
[2019-12-26 19:12:15] generateOTP.INFO: test [] []
[2019-12-26 19:12:15] generateOTP.INFO: test [] []
[2019-12-26 19:14:18] generateOTP.INFO: test [] []
[2019-12-26 19:14:18] generateOTP.INFO: test [] []
[2019-12-26 19:14:18] generateOTP.INFO: test [] []
[2019-12-26 19:14:18] generateOTP.INFO: test [] []
[2019-12-26 19:17:14] generateOTP.INFO: test [] []
[2019-12-26 19:17:14] generateOTP.INFO: test [] []
[2019-12-26 19:17:14] generateOTP.INFO: test [] []
[2019-12-26 19:17:14] generateOTP.INFO: test [] []
[2019-12-26 19:17:54] generateOTP.INFO: test [] []
[2019-12-26 19:17:54] generateOTP.INFO: test [] []
[2019-12-26 19:17:54] generateOTP.INFO: test [] []
[2019-12-26 19:17:54] generateOTP.INFO: test [] []
[2019-12-26 19:19:57] generateOTP.INFO: test [] []
[2019-12-26 19:19:57] generateOTP.INFO: test [] []
[2019-12-26 19:19:57] generateOTP.INFO: test [] []
[2019-12-26 19:19:57] generateOTP.INFO: test [] []
[2019-12-26 19:23:31] generateOTP.INFO: test [] []
[2019-12-26 19:23:31] generateOTP.INFO: test [] []
[2019-12-26 19:23:31] generateOTP.INFO: test [] []
[2019-12-26 19:23:31] generateOTP.INFO: test [] []
[2019-12-26 19:25:12] generateOTP.INFO: test [] []
[2019-12-26 19:25:12] generateOTP.INFO: test [] []
[2019-12-26 19:25:12] generateOTP.INFO: test [] []
[2019-12-26 19:25:12] generateOTP.INFO: test [] []
[2019-12-26 19:26:24] generateOTP.INFO: test [] []
[2019-12-26 19:26:24] generateOTP.INFO: test [] []
[2019-12-26 19:26:24] generateOTP.INFO: test [] []
[2019-12-26 19:26:24] generateOTP.INFO: test [] []
[2019-12-26 19:27:26] generateOTP.INFO: test [] []
[2019-12-26 19:27:26] generateOTP.INFO: test [] []
[2019-12-26 19:27:26] generateOTP.INFO: test [] []
[2019-12-26 19:27:26] generateOTP.INFO: test [] []
