[2020-02-27 10:57:09] generateOTP.INFO: test [] []
[2020-02-27 10:57:12] generateOTP.INFO: test [] []
[2020-02-27 10:57:18] generateOTP.INFO: test [] []
[2020-02-27 10:58:19] generateOTP.INFO: test [] []
[2020-02-27 11:00:35] generateOTP.INFO: test [] []
[2020-02-27 11:00:53] generateOTP.INFO: test [] []
[2020-02-27 11:06:33] generateOTP.INFO: test [] []
[2020-02-27 11:07:19] generateOTP.INFO: test [] []
[2020-02-27 11:08:22] generateOTP.INFO: test [] []
[2020-02-27 11:08:23] generateOTP.INFO: test [] []
[2020-02-27 11:09:13] documentsSave.INFO: {"ops_type":"[\"Enrollment form\",\"Cheque Copy\"]","ext0":"undefined","ext1":"undefined","ids":"57,58","update_datas":"update","emp_id":"619895"} [] []
[2020-02-27 11:09:13] documentsSaveFiles.INFO: [{"name":"Hydrangeas.jpg","type":"image\/jpeg","tmp_name":"\/tmp\/php0UzjxT","error":0,"size":595284},{"name":"Koala.jpg","type":"image\/jpeg","tmp_name":"\/tmp\/phphbeTT6","error":0,"size":780831}] [] []
[2020-02-27 11:09:23] generateOTP.INFO: test [] []
[2020-02-27 11:09:46] generateOTP.INFO: test [] []
[2020-02-27 11:09:53] generateOTP.INFO: test [] []
[2020-02-27 11:09:53] generateOTP.INFO: test [] []
[2020-02-27 11:10:05] generateOTP.INFO: test [] []
[2020-02-27 11:10:25] generateOTP.INFO: test [] []
[2020-02-27 11:10:25] generateOTP.INFO: test [] []
[2020-02-27 11:10:40] generateOTP.INFO: test [] []
[2020-02-27 11:12:31] generateOTP.INFO: {"edit":"0","policy_no":"378","subtype_text":"1","sum_insure":"800000","familyConstruct":"2A+1K","tenure":"1 Year","family_members_id":"0","family_gender":"Male","first_name":"customer","middle_name":"cust","last_name":"custom","family_date_birth":"07-02-1983","age":"37","age_type":"years","family_id":"","s_date":"","marriage_date":"","premium_parent":"","contri_parent":"","premium":"7099","policyNo":"378","familyDataType":"undefined","empId":"620027","product":"QBTv5db9151ad1c21","declare":"[]"} [] []
[2020-02-27 11:12:45] generateOTP.INFO: {"edit":"0","policy_no":"378","subtype_text":"1","sum_insure":"800000","familyConstruct":"2A+1K","tenure":"1 Year","family_members_id":"1","family_gender":"Female","first_name":"gfdsfdsf","middle_name":"sfsdfsdf","last_name":"fsadfsdf","family_date_birth":"26-02-2019","age":"1","age_type":"years","family_id":"","s_date":"","marriage_date":"","premium_parent":"","contri_parent":"","premium":"7099","policyNo":"378","familyDataType":"undefined","empId":"620027","product":"QBTv5db9151ad1c21","declare":"[]"} [] []
[2020-02-27 11:12:55] generateOTP.INFO: {"edit":"0","policy_no":"378","subtype_text":"1","sum_insure":"800000","familyConstruct":"2A+1K","tenure":"1 Year","family_members_id":"1","family_gender":"Female","first_name":"gfdsfdsf","middle_name":"sfsdfsdf","last_name":"fsadfsdf","family_date_birth":"21-02-1995","age":"25","age_type":"years","family_id":"","s_date":"","marriage_date":"","premium_parent":"","contri_parent":"","premium":"7099","policyNo":"378","familyDataType":"undefined","empId":"620027","product":"QBTv5db9151ad1c21","declare":"[]"} [] []
[2020-02-27 11:13:08] generateOTP.INFO: {"edit":"0","policy_no":"378","subtype_text":"1","sum_insure":"800000","familyConstruct":"2A+1K","tenure":"1 Year","family_members_id":"2","family_gender":"Male","first_name":"fdsfdsf","middle_name":"asfsdfsd","last_name":"sfsadf","family_date_birth":"01-02-2012","age":"8","age_type":"years","family_id":"","s_date":"","marriage_date":"","premium_parent":"","contri_parent":"","premium":"7099","policyNo":"378","familyDataType":"undefined","empId":"620027","product":"QBTv5db9151ad1c21","declare":"[]"} [] []
[2020-02-27 11:13:21] generateOTP.INFO: {"edit":"0","policy_no":"378","subtype_text":"1","sum_insure":"800000","familyConstruct":"2A+1K","tenure":"1 Year","family_members_id":"2","family_gender":"Male","first_name":"sdfdsf","middle_name":"sfdfs","last_name":"sdff","family_date_birth":"07-02-2017","age":"3","age_type":"years","family_id":"","s_date":"","marriage_date":"","premium_parent":"","contri_parent":"","premium":"7099","policyNo":"378","familyDataType":"undefined","empId":"620027","product":"QBTv5db9151ad1c21","declare":"[]"} [] []
[2020-02-27 11:14:13] generateOTP.INFO: {"edit":"0","subtype_text":"3","policy_no":"379","sum_insure":"750000","familyConstruct":"2A","tenure":"1 Year","family_members_id":"0","family_gender":"Male","first_name":"customer","middle_name":"cust","last_name":"custom","family_date_birth":"07-02-1983","age":"37","age_type":"years","family_id":"","s_date":"","marriage_date":"","premium_parent":"","contri_parent":"","premium":"6296","policyNo":"379","familyDataType":"family_construct","product":"QBTv5db9151ad1c21","empId":"620027"} [] []
[2020-02-27 11:14:19] generateOTP.INFO: {"edit":"0","subtype_text":"3","policy_no":"379","sum_insure":"750000","familyConstruct":"2A","tenure":"1 Year","family_members_id":"0","family_gender":"Male","first_name":"customer","middle_name":"cust","last_name":"custom","family_date_birth":"07-02-1983","age":"37","age_type":"years","family_id":"","s_date":"","marriage_date":"","premium_parent":"","contri_parent":"","premium":"6296","policyNo":"379","familyDataType":"family_construct","product":"QBTv5db9151ad1c21","empId":"620027"} [] []
[2020-02-27 11:14:23] generateOTP.INFO: {"edit":"0","subtype_text":"3","policy_no":"379","sum_insure":"750000","familyConstruct":"2A","tenure":"1 Year","family_members_id":"1","family_gender":"Female","first_name":"gfdsfdsf","middle_name":"sfsdfsdf","last_name":"fsadfsdf","family_date_birth":"21-02-1995","age":"25","age_type":"years","family_id":"","s_date":"","marriage_date":"","premium_parent":"","contri_parent":"","premium":"6296","policyNo":"379","familyDataType":"family_construct","product":"QBTv5db9151ad1c21","empId":"620027"} [] []
[2020-02-27 11:17:57] generateOTP.INFO: test [] []
[2020-02-27 11:17:58] generateOTP.INFO: test [] []
[2020-02-27 11:18:05] generateOTP.INFO: test [] []
[2020-02-27 11:18:05] generateOTP.INFO: test [] []
[2020-02-27 11:18:14] generateOTP.INFO: test [] []
[2020-02-27 11:19:08] generateOTP.INFO: test [] []
[2020-02-27 11:19:08] generateOTP.INFO: test [] []
[2020-02-27 11:19:11] generateOTP.INFO: {"edit":"0","policy_no":"378","subtype_text":"1","sum_insure":"800000","familyConstruct":"1A","tenure":"1 Year","family_members_id":"0","family_gender":"Female","first_name":"dgsdfg","middle_name":"dfsgdsfgdsf","last_name":"gdsfgdfsg","family_date_birth":"02-02-1990","age":"30","age_type":"years","family_id":"","s_date":"","marriage_date":"","premium_parent":"","contri_parent":"","premium":"5799","policyNo":"378","familyDataType":"undefined","empId":"620028","product":"QBTv5db9151ad1c21","declare":"[]"} [] []
[2020-02-27 11:19:59] generateOTP.INFO: test [] []
[2020-02-27 11:20:06] generateOTP.INFO: test [] []
[2020-02-27 11:20:07] generateOTP.INFO: test [] []
[2020-02-27 11:20:23] generateOTP.INFO: test [] []
[2020-02-27 11:20:23] generateOTP.INFO: test [] []
[2020-02-27 11:20:34] generateOTP.INFO: test [] []
[2020-02-27 11:21:53] generateOTP.INFO: {"edit":"0","policy_no":"378","subtype_text":"1","sum_insure":"800000","familyConstruct":"2A","tenure":"1 Year","family_members_id":"0","family_gender":"Female","first_name":"fsdafdf","middle_name":"sadfsadfasd","last_name":"fasdfsadf","family_date_birth":"23-02-1982","age":"38","age_type":"years","family_id":"","s_date":"","marriage_date":"","premium_parent":"","contri_parent":"","premium":"6699","policyNo":"378","familyDataType":"undefined","empId":"620029","product":"QBTv5db9151ad1c21","declare":"[]"} [] []
[2020-02-27 11:21:57] generateOTP.INFO: {"edit":"0","policy_no":"378","subtype_text":"1","sum_insure":"800000","familyConstruct":"2A","tenure":"1 Year","family_members_id":"0","family_gender":"Female","first_name":"fsdafdf","middle_name":"sadfsadfasd","last_name":"fasdfsadf","family_date_birth":"23-02-1982","age":"38","age_type":"years","family_id":"","s_date":"","marriage_date":"","premium_parent":"","contri_parent":"","premium":"6699","policyNo":"378","familyDataType":"undefined","empId":"620029","product":"QBTv5db9151ad1c21","declare":"[]"} [] []
[2020-02-27 11:22:33] generateOTP.INFO: {"edit":"0","policy_no":"378","subtype_text":"1","sum_insure":"800000","familyConstruct":"2A","tenure":"1 Year","family_members_id":"1","family_gender":"Male","first_name":"hfgdhgfds","middle_name":"gdfsgdsgf","last_name":"sdfgdsfg","family_date_birth":"07-02-2012","age":"8","age_type":"years","family_id":"","s_date":"","marriage_date":"","premium_parent":"","contri_parent":"","premium":"6699","policyNo":"378","familyDataType":"undefined","empId":"620029","product":"QBTv5db9151ad1c21","declare":"[]"} [] []
[2020-02-27 11:22:39] generateOTP.INFO: {"edit":"0","policy_no":"378","subtype_text":"1","sum_insure":"800000","familyConstruct":"2A","tenure":"1 Year","family_members_id":"1","family_gender":"Male","first_name":"hfgdhgfds","middle_name":"gdfsgdsgf","last_name":"sdfgdsfg","family_date_birth":"24-02-1994","age":"26","age_type":"years","family_id":"","s_date":"","marriage_date":"","premium_parent":"","contri_parent":"","premium":"6699","policyNo":"378","familyDataType":"undefined","empId":"620029","product":"QBTv5db9151ad1c21","declare":"[]"} [] []
[2020-02-27 11:23:00] generateOTP.INFO: test [] []
[2020-02-27 11:24:20] generateOTP.INFO: test [] []
[2020-02-27 11:24:20] generateOTP.INFO: test [] []
[2020-02-27 11:25:23] generateOTP.INFO: test [] []
[2020-02-27 11:27:20] generateOTP.INFO: test [] []
[2020-02-27 11:29:28] generateOTP.INFO: test [] []
[2020-02-27 11:29:53] generateOTP.INFO: test [] []
[2020-02-27 11:30:48] generateOTP.INFO: test [] []
[2020-02-27 11:30:50] generateOTP.INFO: test [] []
[2020-02-27 11:30:51] generateOTP.INFO: test [] []
[2020-02-27 11:30:57] generateOTP.INFO: test [] []
[2020-02-27 11:30:57] generateOTP.INFO: test [] []
[2020-02-27 11:33:11] generateOTP.INFO: {"edit":"0","policy_no":"378","subtype_text":"1","sum_insure":"800000","familyConstruct":"1A","tenure":"1 Year","family_members_id":"0","family_gender":"Male","first_name":"ghfgch","middle_name":"ghbfg","last_name":"fghfg","family_date_birth":"01-02-2002","age":"18","age_type":"years","family_id":"","s_date":"","marriage_date":"","premium_parent":"","contri_parent":"","premium":"5799","policyNo":"378","familyDataType":"undefined","empId":"620032","product":"QBTv5db9151ad1c21","declare":"[]"} [] []
[2020-02-27 11:33:32] generateOTP.INFO: {"edit":"0","policy_no":"378","subtype_text":"1","sum_insure":"800000","familyConstruct":"2A","tenure":"1 Year","family_members_id":"0","family_gender":"Male","first_name":"jghk","middle_name":"kg","last_name":"gkk","family_date_birth":"09-02-2002","age":"18","age_type":"years","family_id":"","s_date":"","marriage_date":"","premium_parent":"","contri_parent":"","premium":"6699","policyNo":"378","familyDataType":"undefined","empId":"620031","product":"QBTv5db9151ad1c21","declare":"[]"} [] []
[2020-02-27 11:33:39] generateOTP.INFO: {"edit":"0","subtype_text":"3","policy_no":"379","sum_insure":"500000","familyConstruct":"1A","tenure":"1 Year","family_members_id":"0","family_gender":"Male","first_name":"jghk","middle_name":"kg","last_name":"gkk","family_date_birth":"09-02-2002","age":"18","age_type":"years","family_id":"","s_date":"","marriage_date":"","premium_parent":"","contri_parent":"","premium":"2099","policyNo":"379","familyDataType":"family_construct","product":"QBTv5db9151ad1c21","empId":"620031"} [] []
[2020-02-27 11:37:35] documentsSave.INFO: {"ops_type":"[\"Enrollment form\",\"Cheque Copy\",\"Birth_Certificate\"]","ext0":"undefined","ext1":"undefined","ext2":"undefined","ids":"","update_datas":"undefined","emp_id":"620031"} [] []
[2020-02-27 11:37:35] documentsSaveFiles.INFO: [{"name":"Chrysanthemum.jpg","type":"image\/jpeg","tmp_name":"\/tmp\/phpPtB6aM","error":0,"size":879394},{"name":"Tulips.jpg","type":"image\/jpeg","tmp_name":"\/tmp\/php4oJ9tT","error":0,"size":620888},{"name":"Penguins.jpg","type":"image\/jpeg","tmp_name":"\/tmp\/phpiJYP21","error":0,"size":777835}] [] []
[2020-02-27 11:38:00] generateOTP.INFO: test [] []
[2020-02-27 11:38:00] generateOTP.INFO: test [] []
[2020-02-27 11:38:45] generateOTP.INFO: {"edit":"0","policy_no":"378","subtype_text":"1","sum_insure":"800000","familyConstruct":"1A","tenure":"1 Year","family_members_id":"0","family_gender":"Male","first_name":"vbcb","middle_name":"xcb","last_name":"xcb","family_date_birth":"14-02-2002","age":"18","age_type":"years","family_id":"","s_date":"","marriage_date":"","premium_parent":"","contri_parent":"","premium":"5799","policyNo":"378","familyDataType":"undefined","empId":"620033","product":"QBTv5db9151ad1c21","declare":"[]"} [] []
[2020-02-27 11:38:54] generateOTP.INFO: {"edit":"0","subtype_text":"3","policy_no":"379","sum_insure":"500000","familyConstruct":"1A","tenure":"1 Year","family_members_id":"0","family_gender":"Male","first_name":"vbcb","middle_name":"xcb","last_name":"xcb","family_date_birth":"14-02-2002","age":"18","age_type":"years","family_id":"","s_date":"","marriage_date":"","premium_parent":"","contri_parent":"","premium":"2099","policyNo":"379","familyDataType":"family_construct","product":"QBTv5db9151ad1c21","empId":"620033"} [] []
[2020-02-27 11:41:24] generateOTP.INFO: test [] []
[2020-02-27 11:42:52] generateOTP.INFO: test [] []
[2020-02-27 11:42:52] generateOTP.INFO: test [] []
[2020-02-27 11:45:27] generateOTP.INFO: {"edit":"0","policy_no":"378","subtype_text":"1","sum_insure":"2000000","familyConstruct":"1A","tenure":"1 Year","family_members_id":"0","family_gender":"Female","first_name":"sahil","middle_name":"sakib","last_name":"mishra","family_date_birth":"21-02-1978","age":"42","age_type":"years","family_id":"","s_date":"","marriage_date":"","premium_parent":"","contri_parent":"","premium":"6299","policyNo":"378","familyDataType":"undefined","empId":"620034","product":"QBTv5db9151ad1c21","declare":"[]"} [] []
[2020-02-27 11:45:42] generateOTP.INFO: {"edit":"0","policy_no":"378","subtype_text":"1","sum_insure":"2000000","familyConstruct":"2A","tenure":"1 Year","family_members_id":"1","family_gender":"Male","first_name":"gdfgdsfg","middle_name":"gdsfgsdfgds","last_name":"fgsdfgd","family_date_birth":"01-02-1994","age":"26","age_type":"years","family_id":"","s_date":"","marriage_date":"","premium_parent":"","contri_parent":"","premium":"7299","policyNo":"378","familyDataType":"undefined","empId":"620034","product":"QBTv5db9151ad1c21","declare":"[]"} [] []
[2020-02-27 11:45:46] generateOTP.INFO: {"edit":"0","policy_no":"378","subtype_text":"1","sum_insure":"2000000","familyConstruct":"2A","tenure":"1 Year","family_members_id":"1","family_gender":"Male","first_name":"gdfgdsfg","middle_name":"gdsfgsdfgds","last_name":"fgsdfgd","family_date_birth":"01-02-1994","age":"26","age_type":"years","family_id":"","s_date":"","marriage_date":"","premium_parent":"","contri_parent":"","premium":"7299","policyNo":"378","familyDataType":"undefined","empId":"620034","product":"QBTv5db9151ad1c21","declare":"[]"} [] []
[2020-02-27 11:49:39] generateOTP.INFO: test [] []
[2020-02-27 11:49:39] generateOTP.INFO: test [] []
[2020-02-27 11:50:23] generateOTP.INFO: {"edit":"0","policy_no":"378","subtype_text":"1","sum_insure":"800000","familyConstruct":"1A","tenure":"1 Year","family_members_id":"0","family_gender":"Male","first_name":"fsdg","middle_name":"dsgg","last_name":"sdgg","family_date_birth":"19-02-2002","age":"18","age_type":"years","family_id":"","s_date":"","marriage_date":"","premium_parent":"","contri_parent":"","premium":"5799","policyNo":"378","familyDataType":"undefined","empId":"620035","product":"QBTv5db9151ad1c21","declare":"[]"} [] []
[2020-02-27 11:55:43] generateOTP.INFO: test [] []
[2020-02-27 11:55:44] generateOTP.INFO: test [] []
[2020-02-27 11:55:49] generateOTP.INFO: test [] []
[2020-02-27 11:55:49] generateOTP.INFO: test [] []
[2020-02-27 11:56:25] generateOTP.INFO: test [] []
[2020-02-27 11:56:25] generateOTP.INFO: test [] []
[2020-02-27 11:57:19] generateOTP.INFO: {"edit":"0","policy_no":"378","subtype_text":"1","sum_insure":"800000","familyConstruct":"1A","tenure":"1 Year","family_members_id":"0","family_gender":"Male","first_name":"zf","middle_name":"asdfdf","last_name":"fad","family_date_birth":"07-02-2002","age":"18","age_type":"years","family_id":"","s_date":"","marriage_date":"","premium_parent":"","contri_parent":"","premium":"5799","policyNo":"378","familyDataType":"undefined","empId":"620036","product":"QBTv5db9151ad1c21","declare":"[]"} [] []
[2020-02-27 12:01:30] generateOTP.INFO: test [] []
[2020-02-27 12:01:30] generateOTP.INFO: test [] []
[2020-02-27 12:02:19] generateOTP.INFO: {"edit":"0","policy_no":"378","subtype_text":"1","sum_insure":"800000","familyConstruct":"1A","tenure":"1 Year","family_members_id":"0","family_gender":"Male","first_name":"fdg","middle_name":"sdg","last_name":"sdfg","family_date_birth":"26-02-2002","age":"18","age_type":"years","family_id":"","s_date":"","marriage_date":"","premium_parent":"","contri_parent":"","premium":"5799","policyNo":"378","familyDataType":"undefined","empId":"620037","product":"QBTv5db9151ad1c21","declare":"[]"} [] []
[2020-02-27 12:02:33] generateOTP.INFO: test [] []
[2020-02-27 12:09:36] generateOTP.INFO: test [] []
[2020-02-27 12:09:36] generateOTP.INFO: test [] []
[2020-02-27 12:10:25] generateOTP.INFO: {"edit":"0","policy_no":"378","subtype_text":"1","sum_insure":"800000","familyConstruct":"1A","tenure":"1 Year","family_members_id":"0","family_gender":"Male","first_name":"dfh","middle_name":"fgh","last_name":"fdh","family_date_birth":"20-02-2002","age":"18","age_type":"years","family_id":"","s_date":"","marriage_date":"","premium_parent":"","contri_parent":"","premium":"5799","policyNo":"378","familyDataType":"undefined","empId":"620038","product":"QBTv5db9151ad1c21","declare":"[]"} [] []
[2020-02-27 12:13:28] generateOTP.INFO: test [] []
[2020-02-27 12:13:28] generateOTP.INFO: test [] []
[2020-02-27 12:14:15] generateOTP.INFO: {"edit":"0","policy_no":"378","subtype_text":"1","sum_insure":"800000","familyConstruct":"1A","tenure":"1 Year","family_members_id":"0","family_gender":"Male","first_name":"bnb","middle_name":"vbcb","last_name":"vbc","family_date_birth":"21-02-2002","age":"18","age_type":"years","family_id":"","s_date":"","marriage_date":"","premium_parent":"","contri_parent":"","premium":"5799","policyNo":"378","familyDataType":"undefined","empId":"620039","product":"QBTv5db9151ad1c21","declare":"[]"} [] []
[2020-02-27 12:18:25] generateOTP.INFO: test [] []
[2020-02-27 12:18:25] generateOTP.INFO: test [] []
[2020-02-27 12:19:37] generateOTP.INFO: {"edit":"0","policy_no":"378","subtype_text":"1","sum_insure":"800000","familyConstruct":"1A","tenure":"1 Year","family_members_id":"0","family_gender":"Male","first_name":"gh","middle_name":"fgc","last_name":"jjf","family_date_birth":"26-02-2002","age":"18","age_type":"years","family_id":"","s_date":"","marriage_date":"","premium_parent":"","contri_parent":"","premium":"5799","policyNo":"378","familyDataType":"undefined","empId":"620040","product":"QBTv5db9151ad1c21","declare":"[]"} [] []
[2020-02-27 12:26:10] generateOTP.INFO: test [] []
[2020-02-27 12:26:10] generateOTP.INFO: test [] []
[2020-02-27 12:27:07] generateOTP.INFO: {"edit":"0","policy_no":"378","subtype_text":"1","sum_insure":"800000","familyConstruct":"1A","tenure":"1 Year","family_members_id":"0","family_gender":"Male","first_name":"fgfdh","middle_name":"dfhdf","last_name":"fdh","family_date_birth":"13-02-2002","age":"18","age_type":"years","family_id":"","s_date":"","marriage_date":"","premium_parent":"","contri_parent":"","premium":"5799","policyNo":"378","familyDataType":"undefined","empId":"620041","product":"QBTv5db9151ad1c21","declare":"[]"} [] []
[2020-02-27 12:28:29] generateOTP.INFO: test [] []
[2020-02-27 12:28:29] generateOTP.INFO: test [] []
[2020-02-27 12:29:25] generateOTP.INFO: test [] []
[2020-02-27 12:29:25] generateOTP.INFO: test [] []
[2020-02-27 12:29:45] generateOTP.INFO: test [] []
[2020-02-27 12:29:46] generateOTP.INFO: test [] []
[2020-02-27 12:30:10] generateOTP.INFO: test [] []
[2020-02-27 12:30:10] generateOTP.INFO: test [] []
[2020-02-27 12:31:06] generateOTP.INFO: test [] []
[2020-02-27 12:31:06] generateOTP.INFO: test [] []
[2020-02-27 12:32:53] generateOTP.INFO: test [] []
[2020-02-27 12:32:53] generateOTP.INFO: test [] []
[2020-02-27 12:33:34] generateOTP.INFO: {"edit":"0","policy_no":"378","subtype_text":"1","sum_insure":"800000","familyConstruct":"1A","tenure":"1 Year","family_members_id":"0","family_gender":"Male","first_name":"hfj","middle_name":"jfgj","last_name":"jfgj","family_date_birth":"12-02-2002","age":"18","age_type":"years","family_id":"","s_date":"","marriage_date":"","premium_parent":"","contri_parent":"","premium":"5799","policyNo":"378","familyDataType":"undefined","empId":"620043","product":"QBTv5db9151ad1c21","declare":"[]"} [] []
[2020-02-27 12:33:52] generateOTP.INFO: {"edit":"0","subtype_text":"3","policy_no":"379","sum_insure":"500000","familyConstruct":"1A","tenure":"1 Year","family_members_id":"0","family_gender":"Male","first_name":"hfj","middle_name":"jfgj","last_name":"jfgj","family_date_birth":"12-02-2002","age":"18","age_type":"years","family_id":"","s_date":"","marriage_date":"","premium_parent":"","contri_parent":"","premium":"2099","policyNo":"379","familyDataType":"family_construct","product":"QBTv5db9151ad1c21","empId":"620043"} [] []
[2020-02-27 12:35:32] generateOTP.INFO: test [] []
[2020-02-27 12:35:32] generateOTP.INFO: test [] []
[2020-02-27 12:44:03] generateOTP.INFO: test [] []
[2020-02-27 12:44:03] generateOTP.INFO: test [] []
[2020-02-27 12:44:03] generateOTP.INFO: test [] []
[2020-02-27 12:44:03] generateOTP.INFO: test [] []
[2020-02-27 12:44:03] generateOTP.INFO: test [] []
[2020-02-27 12:44:03] generateOTP.INFO: test [] []
[2020-02-27 12:44:03] generateOTP.INFO: test [] []
[2020-02-27 12:44:03] generateOTP.INFO: test [] []
[2020-02-27 12:44:05] generateOTP.INFO: test [] []
[2020-02-27 12:44:07] generateOTP.INFO: test [] []
[2020-02-27 12:45:36] generateOTP.INFO: test [] []
[2020-02-27 12:45:36] generateOTP.INFO: test [] []
[2020-02-27 12:45:37] generateOTP.INFO: test [] []
[2020-02-27 12:45:49] generateOTP.INFO: test [] []
[2020-02-27 12:45:49] generateOTP.INFO: test [] []
[2020-02-27 12:46:49] generateOTP.INFO: {"edit":"0","policy_no":"378","subtype_text":"1","sum_insure":"800000","familyConstruct":"1A","tenure":"1 Year","family_members_id":"0","family_gender":"Male","first_name":"fgfg","middle_name":"gdhg","last_name":"ghh","family_date_birth":"20-02-2002","age":"18","age_type":"years","family_id":"","s_date":"","marriage_date":"","premium_parent":"","contri_parent":"","premium":"5799","policyNo":"378","familyDataType":"undefined","empId":"620044","product":"QBTv5db9151ad1c21","declare":"[]"} [] []
[2020-02-27 12:47:11] generateOTP.INFO: {"edit":"0","subtype_text":"3","policy_no":"379","sum_insure":"500000","familyConstruct":"1A","tenure":"1 Year","family_members_id":"0","family_gender":"Male","first_name":"fgfg","middle_name":"gdhg","last_name":"ghh","family_date_birth":"20-02-2002","age":"18","age_type":"years","family_id":"","s_date":"","marriage_date":"","premium_parent":"","contri_parent":"","premium":"2099","policyNo":"379","familyDataType":"family_construct","product":"QBTv5db9151ad1c21","empId":"620044"} [] []
[2020-02-27 12:47:48] generateOTP.INFO: {"edit":"0","subtype_text":"3","policy_no":"379","sum_insure":"500000","familyConstruct":"1A","tenure":"1 Year","family_members_id":"0","family_gender":"Male","first_name":"fgfg","middle_name":"gdhg","last_name":"ghh","family_date_birth":"20-02-2002","age":"18","age_type":"years","family_id":"","s_date":"","marriage_date":"","premium_parent":"","contri_parent":"","premium":"2099","policyNo":"379","familyDataType":"family_construct","product":"QBTv5db9151ad1c21","empId":"620044"} [] []
[2020-02-27 12:48:18] generateOTP.INFO: test [] []
[2020-02-27 12:48:18] generateOTP.INFO: test [] []
[2020-02-27 12:48:59] generateOTP.INFO: test [] []
[2020-02-27 12:48:59] generateOTP.INFO: test [] []
[2020-02-27 12:49:29] generateOTP.INFO: {"edit":"0","subtype_text":"3","policy_no":"379","sum_insure":"500000","familyConstruct":"1A","tenure":"1 Year","family_members_id":"0","family_gender":"Female","first_name":"fgg","middle_name":"dh","last_name":"dhg","family_date_birth":"13-02-2002","age":"18","age_type":"years","family_id":"","s_date":"","marriage_date":"","premium_parent":"","contri_parent":"","premium":"2099","policyNo":"379","familyDataType":"family_construct","product":"QBTv5db9151ad1c21","empId":"620045"} [] []
[2020-02-27 12:50:16] generateOTP.INFO: {"edit":"0","subtype_text":"3","policy_no":"379","sum_insure":"500000","familyConstruct":"1A","tenure":"1 Year","family_members_id":"0","family_gender":"Female","first_name":"fgg","middle_name":"dh","last_name":"dhg","family_date_birth":"13-02-2002","age":"18","age_type":"years","family_id":"","s_date":"","marriage_date":"","premium_parent":"","contri_parent":"","premium":"2099","policyNo":"379","familyDataType":"family_construct","product":"QBTv5db9151ad1c21","empId":"620045"} [] []
[2020-02-27 12:50:23] generateOTP.INFO: test [] []
[2020-02-27 12:50:23] generateOTP.INFO: test [] []
[2020-02-27 12:51:31] generateOTP.INFO: {"edit":"0","policy_no":"378","subtype_text":"1","sum_insure":"800000","familyConstruct":"1A","tenure":"1 Year","family_members_id":"0","family_gender":"Male","first_name":"jhgj","middle_name":"jfgj","last_name":"fgj","family_date_birth":"26-02-2002","age":"18","age_type":"years","family_id":"","s_date":"","marriage_date":"","premium_parent":"","contri_parent":"","premium":"5799","policyNo":"378","familyDataType":"undefined","empId":"620046","product":"QBTv5db9151ad1c21","declare":"[]"} [] []
[2020-02-27 12:52:24] generateOTP.INFO: {"edit":"0","subtype_text":"3","policy_no":"379","sum_insure":"500000","familyConstruct":"1A","tenure":"1 Year","family_members_id":"0","family_gender":"Male","first_name":"jhgj","middle_name":"jfgj","last_name":"fgj","family_date_birth":"26-02-2002","age":"18","age_type":"years","family_id":"","s_date":"","marriage_date":"","premium_parent":"","contri_parent":"","premium":"2099","policyNo":"379","familyDataType":"family_construct","product":"QBTv5db9151ad1c21","empId":"620046"} [] []
[2020-02-27 12:52:57] generateOTP.INFO: {"edit":"0","subtype_text":"3","policy_no":"379","sum_insure":"500000","familyConstruct":"1A","tenure":"1 Year","family_members_id":"0","family_gender":"Male","first_name":"jhgj","middle_name":"jfgj","last_name":"fgj","family_date_birth":"26-02-2002","age":"18","age_type":"years","family_id":"","s_date":"","marriage_date":"","premium_parent":"","contri_parent":"","premium":"2099","policyNo":"379","familyDataType":"family_construct","product":"QBTv5db9151ad1c21","empId":"620046"} [] []
[2020-02-27 12:54:49] generateOTP.INFO: test [] []
[2020-02-27 12:54:49] generateOTP.INFO: test [] []
[2020-02-27 12:55:29] generateOTP.INFO: {"edit":"0","policy_no":"378","subtype_text":"1","sum_insure":"800000","familyConstruct":"1A","tenure":"1 Year","family_members_id":"0","family_gender":"Male","first_name":"fxg","middle_name":"gdfg","last_name":"sdg","family_date_birth":"19-02-2002","age":"18","age_type":"years","family_id":"","s_date":"","marriage_date":"","premium_parent":"","contri_parent":"","premium":"5799","policyNo":"378","familyDataType":"undefined","empId":"620047","product":"QBTv5db9151ad1c21","declare":"[]"} [] []
[2020-02-27 12:56:31] generateOTP.INFO: {"edit":"0","subtype_text":"3","policy_no":"379","sum_insure":"500000","familyConstruct":"1A","tenure":"1 Year","family_members_id":"0","family_gender":"Male","first_name":"fxg","middle_name":"gdfg","last_name":"sdg","family_date_birth":"19-02-2002","age":"18","age_type":"years","family_id":"","s_date":"","marriage_date":"","premium_parent":"","contri_parent":"","premium":"2099","policyNo":"379","familyDataType":"family_construct","product":"QBTv5db9151ad1c21","empId":"620047"} [] []
[2020-02-27 12:58:19] generateOTP.INFO: {"edit":"0","subtype_text":"3","policy_no":"379","sum_insure":"750000","familyConstruct":"1A","tenure":"1 Year","family_members_id":"0","family_gender":"Male","first_name":"fxg","middle_name":"gdfg","last_name":"sdg","family_date_birth":"19-02-2002","age":"18","age_type":"years","family_id":"","s_date":"","marriage_date":"","premium_parent":"","contri_parent":"","premium":"3148","policyNo":"379","familyDataType":"family_construct","product":"QBTv5db9151ad1c21","empId":"620047"} [] []
[2020-02-27 12:59:43] generateOTP.INFO: {"edit":"0","subtype_text":"3","policy_no":"379","sum_insure":"750000","familyConstruct":"1A","tenure":"1 Year","family_members_id":"0","family_gender":"Male","first_name":"fxg","middle_name":"gdfg","last_name":"sdg","family_date_birth":"19-02-2002","age":"18","age_type":"years","family_id":"","s_date":"","marriage_date":"","premium_parent":"","contri_parent":"","premium":"3148","policyNo":"379","familyDataType":"family_construct","product":"QBTv5db9151ad1c21","empId":"620047"} [] []
[2020-02-27 13:00:44] generateOTP.INFO: {"edit":"0","subtype_text":"3","policy_no":"379","sum_insure":"750000","familyConstruct":"1A","tenure":"1 Year","family_members_id":"0","family_gender":"Male","first_name":"fxg","middle_name":"gdfg","last_name":"sdg","family_date_birth":"19-02-2002","age":"18","age_type":"years","family_id":"","s_date":"","marriage_date":"","premium_parent":"","contri_parent":"","premium":"3148","policyNo":"379","familyDataType":"family_construct","product":"QBTv5db9151ad1c21","empId":"620047"} [] []
[2020-02-27 13:02:06] generateOTP.INFO: test [] []
[2020-02-27 13:02:06] generateOTP.INFO: test [] []
[2020-02-27 13:02:41] generateOTP.INFO: {"edit":"0","policy_no":"378","subtype_text":"1","sum_insure":"800000","familyConstruct":"1A","tenure":"1 Year","family_members_id":"0","family_gender":"Male","first_name":"hdgh","middle_name":"hdfh","last_name":"dfhh","family_date_birth":"20-02-2002","age":"18","age_type":"years","family_id":"","s_date":"","marriage_date":"","premium_parent":"","contri_parent":"","premium":"5799","policyNo":"378","familyDataType":"undefined","empId":"620048","product":"QBTv5db9151ad1c21","declare":"[]"} [] []
[2020-02-27 13:02:59] generateOTP.INFO: {"edit":"0","subtype_text":"3","policy_no":"379","sum_insure":"500000","familyConstruct":"1A","tenure":"1 Year","family_members_id":"0","family_gender":"Male","first_name":"hdgh","middle_name":"hdfh","last_name":"dfhh","family_date_birth":"20-02-2002","age":"18","age_type":"years","family_id":"","s_date":"","marriage_date":"","premium_parent":"","contri_parent":"","premium":"2099","policyNo":"379","familyDataType":"family_construct","product":"QBTv5db9151ad1c21","empId":"620048"} [] []
[2020-02-27 13:03:37] generateOTP.INFO: {"edit":"0","subtype_text":"3","policy_no":"379","sum_insure":"750000","familyConstruct":"1A","tenure":"1 Year","family_members_id":"0","family_gender":"Male","first_name":"hdgh","middle_name":"hdfh","last_name":"dfhh","family_date_birth":"20-02-2002","age":"18","age_type":"years","family_id":"","s_date":"","marriage_date":"","premium_parent":"","contri_parent":"","premium":"3148","policyNo":"379","familyDataType":"family_construct","product":"QBTv5db9151ad1c21","empId":"620048"} [] []
[2020-02-27 13:05:14] generateOTP.INFO: test [] []
[2020-02-27 13:05:14] generateOTP.INFO: test [] []
[2020-02-27 13:05:17] generateOTP.INFO: test [] []
[2020-02-27 13:05:17] generateOTP.INFO: test [] []
[2020-02-27 13:05:46] generateOTP.INFO: {"edit":"0","policy_no":"378","subtype_text":"1","sum_insure":"800000","familyConstruct":"1A","tenure":"1 Year","family_members_id":"0","family_gender":"Male","first_name":"gdfg","middle_name":"dhf","last_name":"h","family_date_birth":"20-02-2002","age":"18","age_type":"years","family_id":"","s_date":"","marriage_date":"","premium_parent":"","contri_parent":"","premium":"5799","policyNo":"378","familyDataType":"undefined","empId":"620049","product":"QBTv5db9151ad1c21","declare":"[]"} [] []
[2020-02-27 13:06:05] generateOTP.INFO: {"edit":"0","subtype_text":"3","policy_no":"379","sum_insure":"750000","familyConstruct":"1A","tenure":"1 Year","family_members_id":"0","family_gender":"Male","first_name":"gdfg","middle_name":"dhf","last_name":"h","family_date_birth":"20-02-2002","age":"18","age_type":"years","family_id":"","s_date":"","marriage_date":"","premium_parent":"","contri_parent":"","premium":"3148","policyNo":"379","familyDataType":"family_construct","product":"QBTv5db9151ad1c21","empId":"620049"} [] []
[2020-02-27 13:06:47] generateOTP.INFO: {"edit":"0","subtype_text":"3","policy_no":"379","sum_insure":"500000","familyConstruct":"1A","tenure":"1 Year","family_members_id":"0","family_gender":"Male","first_name":"gdfg","middle_name":"dhf","last_name":"h","family_date_birth":"20-02-2002","age":"18","age_type":"years","family_id":"","s_date":"","marriage_date":"","premium_parent":"","contri_parent":"","premium":"2099","policyNo":"379","familyDataType":"family_construct","product":"QBTv5db9151ad1c21","empId":"620049"} [] []
[2020-02-27 13:10:18] generateOTP.INFO: test [] []
[2020-02-27 13:10:18] generateOTP.INFO: test [] []
[2020-02-27 13:11:01] generateOTP.INFO: {"edit":"0","policy_no":"378","subtype_text":"1","sum_insure":"800000","familyConstruct":"1A","tenure":"1 Year","family_members_id":"0","family_gender":"Male","first_name":"d","middle_name":"hdh","last_name":"dhf","family_date_birth":"27-02-2002","age":"18","age_type":"years","family_id":"","s_date":"","marriage_date":"","premium_parent":"","contri_parent":"","premium":"5799","policyNo":"378","familyDataType":"undefined","empId":"620050","product":"QBTv5db9151ad1c21","declare":"[]"} [] []
[2020-02-27 13:11:28] generateOTP.INFO: {"edit":"0","subtype_text":"3","policy_no":"379","sum_insure":"500000","familyConstruct":"1A","tenure":"1 Year","family_members_id":"0","family_gender":"Male","first_name":"d","middle_name":"hdh","last_name":"dhf","family_date_birth":"27-02-2002","age":"18","age_type":"years","family_id":"","s_date":"","marriage_date":"","premium_parent":"","contri_parent":"","premium":"2099","policyNo":"379","familyDataType":"family_construct","product":"QBTv5db9151ad1c21","empId":"620050"} [] []
[2020-02-27 13:50:03] generateOTP.INFO: test [] []
[2020-02-27 13:50:03] generateOTP.INFO: test [] []
[2020-02-27 13:50:35] generateOTP.INFO: {"edit":"0","policy_no":"378","subtype_text":"1","sum_insure":"800000","familyConstruct":"1A","tenure":"1 Year","family_members_id":"0","family_gender":"Male","first_name":"dfh","middle_name":"fsdh","last_name":"sdg","family_date_birth":"18-02-2002","age":"18","age_type":"years","family_id":"","s_date":"","marriage_date":"","premium_parent":"","contri_parent":"","premium":"5799","policyNo":"378","familyDataType":"undefined","empId":"620051","product":"QBTv5db9151ad1c21","declare":"[]"} [] []
[2020-02-27 13:52:59] generateOTP.INFO: test [] []
[2020-02-27 13:56:11] generateOTP.INFO: {"edit":"0","policy_no":"378","subtype_text":"1","sum_insure":"800000","familyConstruct":"1A","tenure":"1 Year","family_members_id":"0","family_gender":"Male","first_name":"dfh","middle_name":"fsdh","last_name":"sdg","family_date_birth":"18-02-2002","age":"18","age_type":"years","family_id":"","s_date":"","marriage_date":"","premium_parent":"","contri_parent":"","premium":"5799","policyNo":"378","familyDataType":"undefined","empId":"620051","product":"QBTv5db9151ad1c21","declare":"[]"} [] []
[2020-02-27 13:56:18] generateOTP.INFO: {"edit":"0","subtype_text":"3","policy_no":"379","sum_insure":"500000","familyConstruct":"1A","tenure":"1 Year","family_members_id":"0","family_gender":"Male","first_name":"dfh","middle_name":"fsdh","last_name":"sdg","family_date_birth":"18-02-2002","age":"18","age_type":"years","family_id":"","s_date":"","marriage_date":"","premium_parent":"","contri_parent":"","premium":"2099","policyNo":"379","familyDataType":"family_construct","product":"QBTv5db9151ad1c21","empId":"620051"} [] []
[2020-02-27 13:59:05] generateOTP.INFO: test [] []
[2020-02-27 13:59:05] generateOTP.INFO: test [] []
[2020-02-27 13:59:31] generateOTP.INFO: {"edit":"0","policy_no":"378","subtype_text":"1","sum_insure":"800000","familyConstruct":"1A","tenure":"1 Year","family_members_id":"0","family_gender":"Male","first_name":"dfsg","middle_name":"g","last_name":"gf","family_date_birth":"12-02-2002","age":"18","age_type":"years","family_id":"","s_date":"","marriage_date":"","premium_parent":"","contri_parent":"","premium":"5799","policyNo":"378","familyDataType":"undefined","empId":"620052","product":"QBTv5db9151ad1c21","declare":"[]"} [] []
[2020-02-27 14:00:31] documentsSave.INFO: {"ops_type":"[\"Enrollment form\",\"Cheque Copy\",\"Domicile_Certificate\"]","ext0":"undefined","ext1":"undefined","ext2":"undefined","ids":"150","update_datas":"undefined","emp_id":"620052"} [] []
[2020-02-27 14:00:31] documentsSaveFiles.INFO: [{"name":"Lighthouse.jpg","type":"image\/jpeg","tmp_name":"\/tmp\/phpgyXiYQ","error":0,"size":561276},{"name":"Tulips.jpg","type":"image\/jpeg","tmp_name":"\/tmp\/phpEe5cN1","error":0,"size":620888},{"name":"Desert.jpg","type":"image\/jpeg","tmp_name":"\/tmp\/phpoEoHKg","error":0,"size":845941}] [] []
[2020-02-27 14:00:38] generateOTP.INFO: test [] []
[2020-02-27 14:00:41] generateOTP.INFO: test [] []
[2020-02-27 14:00:45] generateOTP.INFO: test [] []
[2020-02-27 14:00:45] generateOTP.INFO: test [] []
[2020-02-27 14:01:21] generateOTP.INFO: {"edit":"0","policy_no":"378","subtype_text":"1","sum_insure":"800000","familyConstruct":"1A","tenure":"1 Year","family_members_id":"0","family_gender":"Female","first_name":"sdfg","middle_name":"fgdg","last_name":"dsfg","family_date_birth":"20-02-2002","age":"18","age_type":"years","family_id":"","s_date":"","marriage_date":"","premium_parent":"","contri_parent":"","premium":"5799","policyNo":"378","familyDataType":"undefined","empId":"620053","product":"QBTv5db9151ad1c21","declare":"[]"} [] []
[2020-02-27 14:02:19] documentsSave.INFO: {"ops_type":"[\"Enrollment form\",\"Cheque Copy\"]","ext0":"undefined","ext1":"undefined","ids":"151","update_datas":"undefined","emp_id":"620053"} [] []
[2020-02-27 14:02:19] documentsSaveFiles.INFO: [{"name":"Tulips.jpg","type":"image\/jpeg","tmp_name":"\/tmp\/phpiUr0sK","error":0,"size":620888},{"name":"Chrysanthemum.jpg","type":"image\/jpeg","tmp_name":"\/tmp\/php3VxGPP","error":0,"size":879394}] [] []
[2020-02-27 14:02:23] generateOTP.INFO: test [] []
[2020-02-27 14:02:39] generateOTP.INFO: test [] []
[2020-02-27 14:02:40] generateOTP.INFO: test [] []
[2020-02-27 14:02:40] generateOTP.INFO: test [] []
[2020-02-27 14:02:40] generateOTP.INFO: test [] []
[2020-02-27 14:02:40] generateOTP.INFO: test [] []
[2020-02-27 14:02:40] generateOTP.INFO: test [] []
[2020-02-27 14:02:41] generateOTP.INFO: test [] []
[2020-02-27 14:02:47] generateOTP.INFO: test [] []
[2020-02-27 14:02:47] generateOTP.INFO: test [] []
[2020-02-27 14:03:36] generateOTP.INFO: {"edit":"0","policy_no":"378","subtype_text":"1","sum_insure":"1000000","familyConstruct":"1A","tenure":"1 Year","family_members_id":"0","family_gender":"Male","first_name":"ffsfs","middle_name":"fsdfsd","last_name":"fsdfsdf","family_date_birth":"02-02-1983","age":"37","age_type":"years","family_id":"","s_date":"","marriage_date":"","premium_parent":"","contri_parent":"","premium":"5999","policyNo":"378","familyDataType":"undefined","empId":"620054","product":"QBTv5db9151ad1c21","declare":"[]"} [] []
[2020-02-27 14:04:16] documentsSave.INFO: {"ops_type":"[\"Enrollment form\",\"Cheque Copy\",\"Voter_ID\"]","ext0":"undefined","ext1":"undefined","ext2":"undefined","ids":"152","update_datas":"undefined","emp_id":"620054"} [] []
[2020-02-27 14:04:16] documentsSaveFiles.INFO: [{"name":"Desert.jpg","type":"image\/jpeg","tmp_name":"\/tmp\/phpT8O9JH","error":0,"size":845941},{"name":"Hydrangeas.jpg","type":"image\/jpeg","tmp_name":"\/tmp\/phpP23gua","error":0,"size":595284},{"name":"Lighthouse.jpg","type":"image\/jpeg","tmp_name":"\/tmp\/phpjopY9E","error":0,"size":561276}] [] []
[2020-02-27 14:04:21] generateOTP.INFO: test [] []
[2020-02-27 14:04:40] generateOTP.INFO: test [] []
[2020-02-27 14:04:59] generateOTP.INFO: test [] []
[2020-02-27 14:06:19] generateOTP.INFO: {"edit":"0","policy_no":"378","subtype_text":"1","sum_insure":"1000000","familyConstruct":"1A","tenure":"1 Year","family_members_id":"0","family_gender":"Male","first_name":"gdsgff","middle_name":"dsfsf","last_name":"dsfdsfs","family_date_birth":"12-02-1985","age":"35","age_type":"years","family_id":"","s_date":"","marriage_date":"","premium_parent":"","contri_parent":"","premium":"5999","policyNo":"378","familyDataType":"undefined","empId":"620055","product":"QBTv5db9151ad1c21","declare":"[]"} [] []
[2020-02-27 14:07:16] documentsSave.INFO: {"ops_type":"[\"Enrollment form\",\"Cheque Copy\",\"Aadhar_Card\"]","ext0":"undefined","ext1":"undefined","ext2":"undefined","ids":"153","update_datas":"undefined","emp_id":"620055"} [] []
[2020-02-27 14:07:16] documentsSaveFiles.INFO: [{"name":"Desert.jpg","type":"image\/jpeg","tmp_name":"\/tmp\/phptqeGOX","error":0,"size":845941},{"name":"Lighthouse.jpg","type":"image\/jpeg","tmp_name":"\/tmp\/phpmOMGHg","error":0,"size":561276},{"name":"Penguins.jpg","type":"image\/jpeg","tmp_name":"\/tmp\/phpiufRiA","error":0,"size":777835}] [] []
[2020-02-27 14:08:19] generateOTP.INFO: test [] []
[2020-02-27 14:09:10] generateOTP.INFO: test [] []
[2020-02-27 14:09:13] generateOTP.INFO: test [] []
[2020-02-27 14:09:28] generateOTP.INFO: test [] []
[2020-02-27 14:09:32] generateOTP.INFO: test [] []
[2020-02-27 14:09:45] generateOTP.INFO: test [] []
[2020-02-27 14:10:31] generateOTP.INFO: test [] []
[2020-02-27 14:11:26] generateOTP.INFO: test [] []
[2020-02-27 14:11:34] generateOTP.INFO: test [] []
[2020-02-27 14:11:58] generateOTP.INFO: test [] []
[2020-02-27 14:12:32] generateOTP.INFO: test [] []
[2020-02-27 14:12:47] generateOTP.INFO: test [] []
[2020-02-27 14:13:44] generateOTP.INFO: test [] []
[2020-02-27 14:13:56] generateOTP.INFO: test [] []
[2020-02-27 14:14:13] generateOTP.INFO: test [] []
[2020-02-27 14:14:20] generateOTP.INFO: test [] []
[2020-02-27 14:19:54] generateOTP.INFO: test [] []
[2020-02-27 14:20:03] generateOTP.INFO: test [] []
[2020-02-27 14:23:48] generateOTP.INFO: test [] []
[2020-02-27 14:23:49] generateOTP.INFO: test [] []
[2020-02-27 14:23:55] generateOTP.INFO: test [] []
[2020-02-27 14:24:14] generateOTP.INFO: test [] []
[2020-02-27 14:24:26] generateOTP.INFO: test [] []
[2020-02-27 14:24:29] generateOTP.INFO: test [] []
[2020-02-27 14:24:54] generateOTP.INFO: test [] []
[2020-02-27 14:24:56] generateOTP.INFO: test [] []
[2020-02-27 14:25:30] generateOTP.INFO: test [] []
[2020-02-27 14:26:13] generateOTP.INFO: test [] []
[2020-02-27 14:27:38] generateOTP.INFO: test [] []
[2020-02-27 14:27:38] generateOTP.INFO: test [] []
[2020-02-27 14:28:00] generateOTP.INFO: test [] []
[2020-02-27 14:28:03] generateOTP.INFO: test [] []
[2020-02-27 14:28:03] generateOTP.INFO: test [] []
[2020-02-27 14:28:14] generateOTP.INFO: test [] []
[2020-02-27 14:28:14] generateOTP.INFO: test [] []
[2020-02-27 14:28:14] generateOTP.INFO: test [] []
[2020-02-27 14:28:23] generateOTP.INFO: test [] []
[2020-02-27 14:29:23] generateOTP.INFO: {"edit":"0","policy_no":"378","subtype_text":"1","sum_insure":"800000","familyConstruct":"1A","tenure":"1 Year","family_members_id":"0","family_gender":"Female","first_name":"fbcv","middle_name":"bnv","last_name":"bn","family_date_birth":"20-02-2002","age":"18","age_type":"years","family_id":"","s_date":"","marriage_date":"","premium_parent":"","contri_parent":"","premium":"5799","policyNo":"378","familyDataType":"undefined","empId":"620056","product":"QBTv5db9151ad1c21","declare":"[]"} [] []
[2020-02-27 14:29:25] generateOTP.INFO: test [] []
[2020-02-27 14:29:27] generateOTP.INFO: test [] []
[2020-02-27 14:29:40] generateOTP.INFO: {"edit":"0","policy_no":"378","subtype_text":"1","sum_insure":"800000","familyConstruct":"2A","tenure":"1 Year","family_members_id":"0","family_gender":"Female","first_name":"fbcv","middle_name":"bnv","last_name":"bn","family_date_birth":"20-02-2002","age":"18","age_type":"years","family_id":"","s_date":"","marriage_date":"","premium_parent":"","contri_parent":"","premium":"6699","policyNo":"378","familyDataType":"undefined","empId":"620056","product":"QBTv5db9151ad1c21","declare":"[]"} [] []
[2020-02-27 14:29:59] generateOTP.INFO: {"edit":"0","policy_no":"378","subtype_text":"1","sum_insure":"800000","familyConstruct":"2A","tenure":"1 Year","family_members_id":"1","family_gender":"Male","first_name":"fgh","middle_name":"gh","last_name":"hg","family_date_birth":"22-02-1999","age":"21","age_type":"years","family_id":"","s_date":"","marriage_date":"","premium_parent":"","contri_parent":"","premium":"6699","policyNo":"378","familyDataType":"undefined","empId":"620056","product":"QBTv5db9151ad1c21","declare":"[]"} [] []
[2020-02-27 14:32:33] generateOTP.INFO: test [] []
[2020-02-27 14:32:46] generateOTP.INFO: test [] []
[2020-02-27 14:32:50] generateOTP.INFO: test [] []
[2020-02-27 14:33:01] generateOTP.INFO: test [] []
[2020-02-27 14:33:46] generateOTP.INFO: test [] []
[2020-02-27 14:33:46] generateOTP.INFO: test [] []
[2020-02-27 14:33:52] generateOTP.INFO: test [] []
[2020-02-27 14:34:48] generateOTP.INFO: {"edit":"0","policy_no":"378","subtype_text":"1","sum_insure":"800000","familyConstruct":"2A+1K","tenure":"1 Year","family_members_id":"0","family_gender":"Female","first_name":"f","middle_name":"gh","last_name":"fgh","family_date_birth":"07-02-2002","age":"18","age_type":"years","family_id":"","s_date":"","marriage_date":"","premium_parent":"","contri_parent":"","premium":"7099","policyNo":"378","familyDataType":"undefined","empId":"620057","product":"QBTv5db9151ad1c21","declare":"[]"} [] []
[2020-02-27 14:35:19] generateOTP.INFO: {"edit":"0","policy_no":"378","subtype_text":"1","tenure":"1 Year","family_members_id":"1","family_gender":"Male","first_name":"w","middle_name":"dsf","last_name":"dsf","family_date_birth":"16-02-1994","age":"26","age_type":"years","family_id":"","s_date":"","marriage_date":"","premium_parent":"","contri_parent":"","premium":"7099","policyNo":"378","familyDataType":"undefined","empId":"620057","product":"QBTv5db9151ad1c21","declare":"[]"} [] []
[2020-02-27 14:36:55] generateOTP.INFO: test [] []
[2020-02-27 14:36:55] generateOTP.INFO: test [] []
[2020-02-27 14:37:30] generateOTP.INFO: {"edit":"0","policy_no":"378","subtype_text":"1","sum_insure":"800000","familyConstruct":"2A","tenure":"1 Year","family_members_id":"0","family_gender":"Male","first_name":"gh","middle_name":"hg","last_name":"gh","family_date_birth":"11-02-2002","age":"18","age_type":"years","family_id":"","s_date":"","marriage_date":"","premium_parent":"","contri_parent":"","premium":"6699","policyNo":"378","familyDataType":"undefined","empId":"620058","product":"QBTv5db9151ad1c21","declare":"[]"} [] []
[2020-02-27 14:37:45] generateOTP.INFO: {"edit":"0","policy_no":"378","subtype_text":"1","tenure":"1 Year","family_members_id":"1","family_gender":"Female","first_name":"fgg","middle_name":"gfd","last_name":"fggf","family_date_birth":"12-02-2020","age":"14","age_type":"days","family_id":"","s_date":"","marriage_date":"","premium_parent":"","contri_parent":"","premium":"6699","policyNo":"378","familyDataType":"undefined","empId":"620058","product":"QBTv5db9151ad1c21","declare":"[]"} [] []
[2020-02-27 14:37:54] generateOTP.INFO: {"edit":"0","policy_no":"378","subtype_text":"1","tenure":"1 Year","family_members_id":"1","family_gender":"Female","first_name":"fgg","middle_name":"gfd","last_name":"fggf","family_date_birth":"27-02-1996","age":"24","age_type":"years","family_id":"","s_date":"","marriage_date":"","premium_parent":"","contri_parent":"","premium":"6699","policyNo":"378","familyDataType":"undefined","empId":"620058","product":"QBTv5db9151ad1c21","declare":"[]"} [] []
[2020-02-27 14:39:10] generateOTP.INFO: test [] []
[2020-02-27 14:39:10] generateOTP.INFO: test [] []
[2020-02-27 14:39:42] generateOTP.INFO: {"edit":"0","policy_no":"378","subtype_text":"1","sum_insure":"800000","familyConstruct":"1A","tenure":"1 Year","family_members_id":"0","family_gender":"Male","first_name":"dz","middle_name":"sdf","last_name":"sdf","family_date_birth":"06-02-2002","age":"18","age_type":"years","family_id":"","s_date":"","marriage_date":"","premium_parent":"","contri_parent":"","premium":"5799","policyNo":"378","familyDataType":"undefined","empId":"620059","product":"QBTv5db9151ad1c21","declare":"[]"} [] []
[2020-02-27 14:40:33] generateOTP.INFO: test [] []
[2020-02-27 14:40:33] generateOTP.INFO: test [] []
[2020-02-27 14:40:49] generateOTP.INFO: test [] []
[2020-02-27 14:41:31] generateOTP.INFO: {"edit":"0","policy_no":"378","subtype_text":"1","sum_insure":"800000","familyConstruct":"1A","tenure":"1 Year","family_members_id":"0","family_gender":"Female","first_name":"fdsg","middle_name":"gg","last_name":"gsd","family_date_birth":"13-02-2002","age":"18","age_type":"years","family_id":"","s_date":"","marriage_date":"","premium_parent":"","contri_parent":"","premium":"5799","policyNo":"378","familyDataType":"undefined","empId":"620060","product":"QBTv5db9151ad1c21","declare":"[]"} [] []
[2020-02-27 14:41:50] generateOTP.INFO: test [] []
[2020-02-27 14:42:46] generateOTP.INFO: test [] []
[2020-02-27 14:42:57] generateOTP.INFO: test [] []
[2020-02-27 14:43:23] generateOTP.INFO: test [] []
[2020-02-27 14:43:36] generateOTP.INFO: test [] []
[2020-02-27 14:43:37] generateOTP.INFO: test [] []
[2020-02-27 14:43:43] generateOTP.INFO: test [] []
[2020-02-27 14:44:01] generateOTP.INFO: test [] []
[2020-02-27 14:44:20] generateOTP.INFO: test [] []
[2020-02-27 14:46:58] generateOTP.INFO: test [] []
[2020-02-27 14:47:00] generateOTP.INFO: test [] []
[2020-02-27 14:47:05] generateOTP.INFO: test [] []
[2020-02-27 14:47:15] generateOTP.INFO: test [] []
[2020-02-27 14:47:15] generateOTP.INFO: test [] []
[2020-02-27 14:47:26] generateOTP.INFO: test [] []
[2020-02-27 14:47:26] generateOTP.INFO: test [] []
[2020-02-27 14:49:53] generateOTP.INFO: test [] []
[2020-02-27 14:50:19] generateOTP.INFO: test [] []
[2020-02-27 14:51:01] generateOTP.INFO: test [] []
[2020-02-27 14:51:53] generateOTP.INFO: test [] []
[2020-02-27 15:14:38] generateOTP.INFO: test [] []
[2020-02-27 15:14:59] generateOTP.INFO: test [] []
[2020-02-27 15:15:00] generateOTP.INFO: test [] []
[2020-02-27 15:15:00] generateOTP.INFO: test [] []
[2020-02-27 15:15:04] generateOTP.INFO: test [] []
[2020-02-27 15:15:04] generateOTP.INFO: test [] []
[2020-02-27 15:15:08] generateOTP.INFO: test [] []
[2020-02-27 15:15:20] generateOTP.INFO: test [] []
[2020-02-27 15:15:20] generateOTP.INFO: test [] []
[2020-02-27 15:15:34] generateOTP.INFO: test [] []
[2020-02-27 15:15:52] generateOTP.INFO: test [] []
[2020-02-27 15:24:09] generateOTP.INFO: test [] []
[2020-02-27 15:25:21] generateOTP.INFO: test [] []
[2020-02-27 15:25:21] generateOTP.INFO: test [] []
[2020-02-27 15:25:42] generateOTP.INFO: test [] []
[2020-02-27 15:26:13] generateOTP.INFO: test [] []
[2020-02-27 15:26:31] generateOTP.INFO: test [] []
[2020-02-27 15:27:54] generateOTP.INFO: test [] []
[2020-02-27 15:31:45] generateOTP.INFO: test [] []
[2020-02-27 15:32:06] generateOTP.INFO: test [] []
[2020-02-27 15:32:25] generateOTP.INFO: test [] []
[2020-02-27 15:33:09] generateOTP.INFO: test [] []
[2020-02-27 15:33:12] generateOTP.INFO: test [] []
[2020-02-27 15:33:30] generateOTP.INFO: test [] []
[2020-02-27 15:44:22] generateOTP.INFO: test [] []
[2020-02-27 15:44:23] generateOTP.INFO: test [] []
[2020-02-27 15:44:27] generateOTP.INFO: test [] []
[2020-02-27 15:45:36] generateOTP.INFO: test [] []
[2020-02-27 15:45:59] generateOTP.INFO: test [] []
[2020-02-27 15:46:15] generateOTP.INFO: test [] []
[2020-02-27 15:46:22] generateOTP.INFO: test [] []
[2020-02-27 15:46:52] generateOTP.INFO: test [] []
[2020-02-27 15:46:57] generateOTP.INFO: test [] []
[2020-02-27 15:47:13] generateOTP.INFO: test [] []
[2020-02-27 15:47:16] generateOTP.INFO: test [] []
[2020-02-27 15:47:28] generateOTP.INFO: test [] []
[2020-02-27 15:47:48] generateOTP.INFO: test [] []
[2020-02-27 15:48:04] generateOTP.INFO: test [] []
[2020-02-27 15:48:05] generateOTP.INFO: test [] []
[2020-02-27 15:48:10] generateOTP.INFO: test [] []
[2020-02-27 15:48:10] generateOTP.INFO: test [] []
[2020-02-27 15:48:13] generateOTP.INFO: test [] []
[2020-02-27 15:48:15] generateOTP.INFO: test [] []
[2020-02-27 15:48:25] generateOTP.INFO: test [] []
[2020-02-27 15:48:25] generateOTP.INFO: test [] []
[2020-02-27 15:48:59] documentsSave.INFO: {"ops_type":"[\"Enrollment form\",\"Cheque Copy\",\"School_Leaving_Certificate\"]","ext0":"undefined","ext1":"undefined","ext2":"undefined","ids":"152","update_datas":"update","emp_id":"620054"} [] []
[2020-02-27 15:48:59] documentsSaveFiles.INFO: [{"name":"Chrysanthemum.jpg","type":"image\/jpeg","tmp_name":"\/tmp\/php52AOQ1","error":0,"size":879394},{"name":"Tulips.jpg","type":"image\/jpeg","tmp_name":"\/tmp\/phpc6HiNo","error":0,"size":620888},{"name":"Hydrangeas.jpg","type":"image\/jpeg","tmp_name":"\/tmp\/php4hm8iN","error":0,"size":595284}] [] []
[2020-02-27 15:49:02] generateOTP.INFO: test [] []
[2020-02-27 15:49:07] generateOTP.INFO: test [] []
[2020-02-27 15:49:13] generateOTP.INFO: test [] []
[2020-02-27 15:49:36] generateOTP.INFO: test [] []
[2020-02-27 15:49:40] generateOTP.INFO: test [] []
[2020-02-27 15:49:41] generateOTP.INFO: test [] []
[2020-02-27 15:50:14] documentsSave.INFO: {"ops_type":"[\"Enrollment form\",\"Cheque Copy\",\"Passport\"]","ext0":"undefined","ext1":"undefined","ext2":"undefined","ids":"152","update_datas":"update","emp_id":"620054"} [] []
[2020-02-27 15:50:14] documentsSaveFiles.INFO: [{"name":"Desert.jpg","type":"image\/jpeg","tmp_name":"\/tmp\/phpucf1x8","error":0,"size":845941},{"name":"Jellyfish.jpg","type":"image\/jpeg","tmp_name":"\/tmp\/phpNLXqfC","error":0,"size":775702},{"name":"Tulips.jpg","type":"image\/jpeg","tmp_name":"\/tmp\/phpJ0qtZ7","error":0,"size":620888}] [] []
[2020-02-27 15:50:17] generateOTP.INFO: test [] []
[2020-02-27 15:50:20] generateOTP.INFO: test [] []
[2020-02-27 15:50:24] generateOTP.INFO: test [] []
[2020-02-27 15:50:54] generateOTP.INFO: test [] []
[2020-02-27 15:52:40] generateOTP.INFO: test [] []
[2020-02-27 15:53:29] generateOTP.INFO: test [] []
[2020-02-27 15:54:11] generateOTP.INFO: test [] []
[2020-02-27 15:54:12] generateOTP.INFO: test [] []
[2020-02-27 15:54:40] generateOTP.INFO: test [] []
[2020-02-27 15:54:46] documentsSave.INFO: {"ops_type":"[\"Enrollment form\",\"Cheque Copy\",\"Driving_License\"]","ext0":"undefined","ext1":"undefined","ext2":"undefined","ids":"152","update_datas":"update","emp_id":"620054"} [] []
[2020-02-27 15:54:46] documentsSaveFiles.INFO: [{"name":"Chrysanthemum.jpg","type":"image\/jpeg","tmp_name":"\/tmp\/phpS2STIY","error":0,"size":879394},{"name":"Penguins.jpg","type":"image\/jpeg","tmp_name":"\/tmp\/phpS2E1kj","error":0,"size":777835},{"name":"Jellyfish.jpg","type":"image\/jpeg","tmp_name":"\/tmp\/phpjOgZPE","error":0,"size":775702}] [] []
[2020-02-27 15:54:50] generateOTP.INFO: test [] []
[2020-02-27 15:54:53] generateOTP.INFO: test [] []
[2020-02-27 15:54:54] generateOTP.INFO: test [] []
[2020-02-27 15:55:37] generateOTP.INFO: test [] []
[2020-02-27 15:55:55] generateOTP.INFO: test [] []
[2020-02-27 15:56:01] generateOTP.INFO: test [] []
[2020-02-27 15:56:04] generateOTP.INFO: test [] []
[2020-02-27 15:56:14] generateOTP.INFO: test [] []
[2020-02-27 15:56:19] generateOTP.INFO: test [] []
[2020-02-27 15:56:20] generateOTP.INFO: test [] []
[2020-02-27 15:56:23] generateOTP.INFO: test [] []
[2020-02-27 15:57:10] generateOTP.INFO: test [] []
[2020-02-27 15:57:26] generateOTP.INFO: test [] []
[2020-02-27 15:57:28] generateOTP.INFO: test [] []
[2020-02-27 15:57:30] generateOTP.INFO: test [] []
[2020-02-27 15:57:35] generateOTP.INFO: test [] []
[2020-02-27 15:57:35] generateOTP.INFO: test [] []
[2020-02-27 15:57:38] generateOTP.INFO: test [] []
[2020-02-27 15:57:49] generateOTP.INFO: test [] []
[2020-02-27 15:57:49] generateOTP.INFO: test [] []
[2020-02-27 15:57:53] generateOTP.INFO: test [] []
[2020-02-27 15:59:17] generateOTP.INFO: test [] []
[2020-02-27 15:59:33] generateOTP.INFO: test [] []
[2020-02-27 16:00:20] generateOTP.INFO: test [] []
[2020-02-27 16:00:38] generateOTP.INFO: test [] []
[2020-02-27 16:00:48] generateOTP.INFO: test [] []
[2020-02-27 16:00:57] generateOTP.INFO: test [] []
[2020-02-27 16:01:00] generateOTP.INFO: test [] []
[2020-02-27 16:01:06] generateOTP.INFO: test [] []
[2020-02-27 16:01:34] generateOTP.INFO: test [] []
[2020-02-27 16:01:44] generateOTP.INFO: test [] []
[2020-02-27 16:01:44] generateOTP.INFO: test [] []
[2020-02-27 16:01:47] generateOTP.INFO: test [] []
[2020-02-27 16:01:56] generateOTP.INFO: test [] []
[2020-02-27 16:02:00] generateOTP.INFO: test [] []
[2020-02-27 16:03:10] generateOTP.INFO: {"edit":"0","policy_no":"378","subtype_text":"1","sum_insure":"800000","familyConstruct":"2A","tenure":"1 Year","family_members_id":"0","family_gender":"Male","first_name":"fasdf","middle_name":"sdfdsf","last_name":"sadfasf","family_date_birth":"06-02-1980","age":"40","age_type":"years","family_id":"","s_date":"","marriage_date":"","premium_parent":"","contri_parent":"","premium":"6699","policyNo":"378","familyDataType":"undefined","empId":"620061","product":"QBTv5db9151ad1c21","declare":"[]"} [] []
[2020-02-27 16:03:19] generateOTP.INFO: {"edit":"0","policy_no":"378","subtype_text":"1","tenure":"1 Year","family_members_id":"1","family_gender":"Female","first_name":"fsdfsadf","middle_name":"sadfasdfsadf","last_name":"sfsadf","family_date_birth":"24-02-1994","age":"26","age_type":"years","family_id":"","s_date":"","marriage_date":"","premium_parent":"","contri_parent":"","premium":"6699","policyNo":"378","familyDataType":"undefined","empId":"620061","product":"QBTv5db9151ad1c21","declare":"[]"} [] []
[2020-02-27 16:03:42] generateOTP.INFO: {"edit":"0","subtype_text":"3","policy_no":"379","sum_insure":"500000","familyConstruct":"1A","tenure":"1 Year","family_members_id":"0","family_gender":"Male","first_name":"fasdf","middle_name":"sdfdsf","last_name":"sadfasf","family_date_birth":"06-02-1980","age":"40","age_type":"years","family_id":"","s_date":"","marriage_date":"","premium_parent":"","contri_parent":"","premium":"2099","policyNo":"379","familyDataType":"family_construct","product":"QBTv5db9151ad1c21","empId":"620061"} [] []
[2020-02-27 16:06:08] generateOTP.INFO: test [] []
[2020-02-27 16:06:40] generateOTP.INFO: test [] []
[2020-02-27 16:08:16] generateOTP.INFO: {"edit":"0","policy_no":"378","subtype_text":"1","sum_insure":"1000000","familyConstruct":"1A","tenure":"1 Year","family_members_id":"0","family_gender":"Female","first_name":"hdfg","middle_name":"gkg","last_name":"jflkf","family_date_birth":"10-02-1975","age":"45","age_type":"years","family_id":"","s_date":"","marriage_date":"","premium_parent":"","contri_parent":"","premium":"5999","policyNo":"378","familyDataType":"undefined","empId":"620062","product":"QBTv5db9151ad1c21","declare":"[]"} [] []
[2020-02-27 16:08:16] generateOTP.INFO: test [] []
[2020-02-27 16:08:16] generateOTP.INFO: test [] []
[2020-02-27 16:08:30] generateOTP.INFO: {"edit":"0","subtype_text":"3","policy_no":"379","sum_insure":"750000","familyConstruct":"1A","tenure":"1 Year","family_members_id":"0","family_gender":"Female","first_name":"hdfg","middle_name":"gkg","last_name":"jflkf","family_date_birth":"10-02-1975","age":"45","age_type":"years","family_id":"","s_date":"","marriage_date":"","premium_parent":"","contri_parent":"","premium":"3148","policyNo":"379","familyDataType":"family_construct","product":"QBTv5db9151ad1c21","empId":"620062"} [] []
[2020-02-27 16:08:52] documentsSave.INFO: {"ops_type":"[\"Enrollment form\",\"Cheque Copy\",\"Passport\"]","ext0":"undefined","ext1":"undefined","ext2":"undefined","ids":"131,132","update_datas":"update","emp_id":"620008"} [] []
[2020-02-27 16:08:52] documentsSaveFiles.INFO: [{"name":"Desert.jpg","type":"image\/jpeg","tmp_name":"\/tmp\/phpFquBe8","error":0,"size":845941},{"name":"Tulips.jpg","type":"image\/jpeg","tmp_name":"\/tmp\/phpiIBUwB","error":0,"size":620888},{"name":"Lighthouse.jpg","type":"image\/jpeg","tmp_name":"\/tmp\/phpNq0j15","error":0,"size":561276}] [] []
[2020-02-27 16:08:55] generateOTP.INFO: test [] []
[2020-02-27 16:09:07] generateOTP.INFO: test [] []
[2020-02-27 16:09:07] generateOTP.INFO: test [] []
[2020-02-27 16:09:13] generateOTP.INFO: test [] []
[2020-02-27 16:09:15] documentsSave.INFO: {"ops_type":"[\"Enrollment form\",\"Cheque Copy\",\"Aadhar_Card\"]","ext0":"undefined","ext1":"undefined","ext2":"undefined","ids":"154,155","update_datas":"undefined","emp_id":"620062"} [] []
[2020-02-27 16:09:15] documentsSaveFiles.INFO: [{"name":"Desert.jpg","type":"image\/jpeg","tmp_name":"\/tmp\/phpTWcxkY","error":0,"size":845941},{"name":"Tulips.jpg","type":"image\/jpeg","tmp_name":"\/tmp\/phprCMZZJ","error":0,"size":620888},{"name":"Koala.jpg","type":"image\/jpeg","tmp_name":"\/tmp\/phpGIiVCw","error":0,"size":780831}] [] []
[2020-02-27 16:09:16] generateOTP.INFO: test [] []
[2020-02-27 16:10:17] generateOTP.INFO: test [] []
[2020-02-27 16:10:18] generateOTP.INFO: test [] []
[2020-02-27 16:10:23] generateOTP.INFO: test [] []
[2020-02-27 16:10:37] generateOTP.INFO: test [] []
[2020-02-27 16:10:52] generateOTP.INFO: test [] []
[2020-02-27 16:10:53] generateOTP.INFO: test [] []
[2020-02-27 16:10:58] generateOTP.INFO: test [] []
[2020-02-27 16:11:12] documentsSave.INFO: {"ops_type":"[\"Enrollment form\",\"Cheque Copy\",\"Aadhar_Card\"]","ext0":"undefined","ext1":"undefined","ext2":"undefined","ids":"131,132","update_datas":"update","emp_id":"620008"} [] []
[2020-02-27 16:11:12] documentsSaveFiles.INFO: [{"name":"Jellyfish.jpg","type":"image\/jpeg","tmp_name":"\/tmp\/phpoZrqWc","error":0,"size":775702},{"name":"Desert.jpg","type":"image\/jpeg","tmp_name":"\/tmp\/phpkkTspl","error":0,"size":845941},{"name":"Hydrangeas.jpg","type":"image\/jpeg","tmp_name":"\/tmp\/phpj4Rgxu","error":0,"size":595284}] [] []
[2020-02-27 16:11:15] generateOTP.INFO: test [] []
[2020-02-27 16:11:29] generateOTP.INFO: test [] []
[2020-02-27 16:11:33] generateOTP.INFO: test [] []
[2020-02-27 16:12:24] generateOTP.INFO: test [] []
[2020-02-27 16:12:46] generateOTP.INFO: test [] []
[2020-02-27 16:12:46] generateOTP.INFO: test [] []
[2020-02-27 16:12:49] generateOTP.INFO: test [] []
[2020-02-27 16:13:46] generateOTP.INFO: test [] []
[2020-02-27 16:13:53] generateOTP.INFO: test [] []
[2020-02-27 16:13:53] generateOTP.INFO: test [] []
[2020-02-27 16:13:57] generateOTP.INFO: test [] []
[2020-02-27 16:14:21] generateOTP.INFO: test [] []
[2020-02-27 16:14:31] generateOTP.INFO: test [] []
[2020-02-27 16:14:31] generateOTP.INFO: test [] []
[2020-02-27 16:14:36] generateOTP.INFO: test [] []
[2020-02-27 16:15:06] generateOTP.INFO: test [] []
[2020-02-27 16:15:10] generateOTP.INFO: test [] []
[2020-02-27 16:15:13] generateOTP.INFO: test [] []
[2020-02-27 16:15:13] generateOTP.INFO: test [] []
[2020-02-27 16:15:19] generateOTP.INFO: test [] []
[2020-02-27 16:15:24] generateOTP.INFO: test [] []
[2020-02-27 16:15:30] generateOTP.INFO: test [] []
[2020-02-27 16:15:30] generateOTP.INFO: test [] []
[2020-02-27 16:15:48] generateOTP.INFO: test [] []
[2020-02-27 16:15:48] generateOTP.INFO: test [] []
[2020-02-27 16:16:13] documentsSave.INFO: {"ops_type":"[\"Enrollment form\",\"Cheque Copy\",\"Voter_ID\"]","ext0":"undefined","ext1":"undefined","ext2":"undefined","ids":"154,155","update_datas":"update","emp_id":"620062"} [] []
[2020-02-27 16:16:13] documentsSaveFiles.INFO: [{"name":"Hydrangeas.jpg","type":"image\/jpeg","tmp_name":"\/tmp\/phpbghGPe","error":0,"size":595284},{"name":"Jellyfish.jpg","type":"image\/jpeg","tmp_name":"\/tmp\/php2XKhBN","error":0,"size":775702},{"name":"Lighthouse.jpg","type":"image\/jpeg","tmp_name":"\/tmp\/phpVoAKop","error":0,"size":561276}] [] []
[2020-02-27 16:16:16] generateOTP.INFO: test [] []
[2020-02-27 16:16:23] generateOTP.INFO: test [] []
[2020-02-27 16:16:23] generateOTP.INFO: test [] []
[2020-02-27 16:18:24] documentsSave.INFO: {"ops_type":"[\"Enrollment form\",\"Cheque Copy\",\"Ration\/PDS_Photo_Card\"]","ext0":"undefined","ext1":"undefined","ext2":"undefined","ids":"154,155","update_datas":"update","emp_id":"620062"} [] []
[2020-02-27 16:18:24] documentsSaveFiles.INFO: [{"name":"Hydrangeas.jpg","type":"image\/jpeg","tmp_name":"\/tmp\/phpSwtI6m","error":0,"size":595284},{"name":"Jellyfish.jpg","type":"image\/jpeg","tmp_name":"\/tmp\/phpBfBY13","error":0,"size":775702},{"name":"Chrysanthemum.jpg","type":"image\/jpeg","tmp_name":"\/tmp\/phpFGvXFM","error":0,"size":879394}] [] []
[2020-02-27 16:18:29] generateOTP.INFO: test [] []
[2020-02-27 16:18:29] generateOTP.INFO: test [] []
[2020-02-27 16:18:57] documentsSave.INFO: {"ops_type":"[\"Enrollment form\",\"Cheque Copy\"]","ext0":"undefined","ext1":"undefined","ids":"154,155","update_datas":"update","emp_id":"620062"} [] []
[2020-02-27 16:18:57] documentsSaveFiles.INFO: [{"name":"Penguins.jpg","type":"image\/jpeg","tmp_name":"\/tmp\/phpTZq1a8","error":0,"size":777835},{"name":"Koala.jpg","type":"image\/jpeg","tmp_name":"\/tmp\/phpbs8quB","error":0,"size":780831}] [] []
[2020-02-27 16:19:00] generateOTP.INFO: test [] []
[2020-02-27 16:19:12] generateOTP.INFO: test [] []
[2020-02-27 16:19:12] generateOTP.INFO: test [] []
[2020-02-27 16:19:36] documentsSave.INFO: {"ops_type":"[\"Enrollment form\",\"Cheque Copy\",\"Passport\"]","ext0":"undefined","ext1":"undefined","ext2":"undefined","ids":"154,155","update_datas":"update","emp_id":"620062"} [] []
[2020-02-27 16:19:36] documentsSaveFiles.INFO: [{"name":"Jellyfish.jpg","type":"image\/jpeg","tmp_name":"\/tmp\/phpAfJwmh","error":0,"size":775702},{"name":"Desert.jpg","type":"image\/jpeg","tmp_name":"\/tmp\/phplBXCMT","error":0,"size":845941},{"name":"Koala.jpg","type":"image\/jpeg","tmp_name":"\/tmp\/phpj6nRRy","error":0,"size":780831}] [] []
[2020-02-27 16:19:40] generateOTP.INFO: test [] []
[2020-02-27 16:19:40] generateOTP.INFO: test [] []
[2020-02-27 16:20:08] documentsSave.INFO: {"ops_type":"[\"Enrollment form\",\"Cheque Copy\",\"Voter_ID\"]","ext0":"undefined","ext1":"undefined","ext2":"undefined","ids":"154,155","update_datas":"update","emp_id":"620062"} [] []
[2020-02-27 16:20:08] documentsSaveFiles.INFO: [{"name":"Tulips.jpg","type":"image\/jpeg","tmp_name":"\/tmp\/phpjW3S31","error":0,"size":620888},{"name":"Chrysanthemum.jpg","type":"image\/jpeg","tmp_name":"\/tmp\/php35lw3n","error":0,"size":879394},{"name":"Penguins.jpg","type":"image\/jpeg","tmp_name":"\/tmp\/phpa0dlsN","error":0,"size":777835}] [] []
[2020-02-27 16:20:13] generateOTP.INFO: test [] []
[2020-02-27 16:20:13] generateOTP.INFO: test [] []
[2020-02-27 16:20:59] documentsSave.INFO: {"ops_type":"[\"Enrollment form\",\"Cheque Copy\",\"Goverment_Photo_ID_Card\"]","ext0":"undefined","ext1":"undefined","ext2":"undefined","ids":"154,155","update_datas":"update","emp_id":"620062"} [] []
[2020-02-27 16:20:59] documentsSaveFiles.INFO: [{"name":"LifeKaPlan_Mob_Testing_.pdf","type":"application\/pdf","tmp_name":"\/tmp\/php9dRSmO","error":0,"size":751721},{"name":"Penguins.jpg","type":"image\/jpeg","tmp_name":"\/tmp\/phpoBOPiX","error":0,"size":777835},{"name":"Jellyfish.jpg","type":"image\/jpeg","tmp_name":"\/tmp\/phpKNBMi7","error":0,"size":775702}] [] []
[2020-02-27 16:21:04] generateOTP.INFO: test [] []
[2020-02-27 16:21:04] generateOTP.INFO: test [] []
[2020-02-27 16:21:21] generateOTP.INFO: test [] []
[2020-02-27 16:21:33] generateOTP.INFO: test [] []
[2020-02-27 16:21:38] generateOTP.INFO: test [] []
[2020-02-27 16:21:41] generateOTP.INFO: test [] []
[2020-02-27 16:22:01] generateOTP.INFO: test [] []
[2020-02-27 16:22:09] generateOTP.INFO: test [] []
[2020-02-27 16:22:34] generateOTP.INFO: test [] []
[2020-02-27 16:22:34] generateOTP.INFO: test [] []
[2020-02-27 16:22:35] generateOTP.INFO: test [] []
[2020-02-27 16:22:36] generateOTP.INFO: test [] []
[2020-02-27 16:22:42] generateOTP.INFO: test [] []
[2020-02-27 16:22:42] generateOTP.INFO: test [] []
[2020-02-27 16:22:42] generateOTP.INFO: test [] []
[2020-02-27 16:22:42] generateOTP.INFO: test [] []
[2020-02-27 16:22:45] generateOTP.INFO: test [] []
[2020-02-27 16:22:45] generateOTP.INFO: test [] []
[2020-02-27 16:22:50] generateOTP.INFO: test [] []
[2020-02-27 16:22:52] generateOTP.INFO: test [] []
[2020-02-27 16:24:57] generateOTP.INFO: test [] []
[2020-02-27 16:24:58] generateOTP.INFO: test [] []
[2020-02-27 16:25:04] generateOTP.INFO: test [] []
[2020-02-27 16:25:05] generateOTP.INFO: test [] []
[2020-02-27 16:25:13] generateOTP.INFO: test [] []
[2020-02-27 16:25:13] generateOTP.INFO: test [] []
[2020-02-27 16:25:17] generateOTP.INFO: test [] []
[2020-02-27 16:25:17] generateOTP.INFO: test [] []
[2020-02-27 16:25:19] generateOTP.INFO: test [] []
[2020-02-27 16:25:19] generateOTP.INFO: test [] []
[2020-02-27 16:26:47] generateOTP.INFO: {"edit":"0","policy_no":"378","subtype_text":"1","sum_insure":"800000","familyConstruct":"2A","tenure":"1 Year","family_members_id":"0","family_gender":"Female","first_name":"hgfdhgas","middle_name":"khgksdf","last_name":"jdfhfdghfd","family_date_birth":"09-02-1983","age":"37","age_type":"years","family_id":"","s_date":"","marriage_date":"","premium_parent":"","contri_parent":"","premium":"6699","policyNo":"378","familyDataType":"undefined","empId":"620063","product":"QBTv5db9151ad1c21","declare":"[]"} [] []
[2020-02-27 16:26:51] generateOTP.INFO: {"edit":"0","policy_no":"378","subtype_text":"1","tenure":"1 Year","family_members_id":"0","family_gender":"Female","first_name":"hgfdhgas","middle_name":"khgksdf","last_name":"jdfhfdghfd","family_date_birth":"09-02-1983","age":"37","age_type":"years","family_id":"","s_date":"","marriage_date":"","premium_parent":"","contri_parent":"","premium":"6699","policyNo":"378","familyDataType":"undefined","empId":"620063","product":"QBTv5db9151ad1c21","declare":"[]"} [] []
[2020-02-27 16:27:14] generateOTP.INFO: {"edit":"0","policy_no":"378","subtype_text":"1","tenure":"1 Year","family_members_id":"1","family_gender":"Male","first_name":"gfdhfhdfgh","middle_name":"fgdhdgfh","last_name":"gfhdhdgfh","family_date_birth":"23-02-1993","age":"27","age_type":"years","family_id":"","s_date":"","marriage_date":"","premium_parent":"","contri_parent":"","premium":"6699","policyNo":"378","familyDataType":"undefined","empId":"620063","product":"QBTv5db9151ad1c21","declare":"[]"} [] []
[2020-02-27 16:27:22] generateOTP.INFO: {"edit":"0","subtype_text":"3","policy_no":"379","sum_insure":"750000","familyConstruct":"1A","tenure":"1 Year","family_members_id":"0","family_gender":"Female","first_name":"hgfdhgas","middle_name":"khgksdf","last_name":"jdfhfdghfd","family_date_birth":"09-02-1983","age":"37","age_type":"years","family_id":"","s_date":"","marriage_date":"","premium_parent":"","contri_parent":"","premium":"3148","policyNo":"379","familyDataType":"family_construct","product":"QBTv5db9151ad1c21","empId":"620063"} [] []
[2020-02-27 16:30:00] documentsSave.INFO: {"ops_type":"[\"Enrollment form\",\"Cheque Copy\",\"CGHS\/ECHS_photo_Card\"]","ext0":"undefined","ext1":"undefined","ext2":"undefined","ids":"156,157","update_datas":"undefined","emp_id":"620063"} [] []
[2020-02-27 16:30:00] documentsSaveFiles.INFO: [{"name":"Tulips.jpg","type":"image\/jpeg","tmp_name":"\/tmp\/phpdpdjRq","error":0,"size":620888},{"name":"sample_pdf.pdf","type":"application\/pdf","tmp_name":"\/tmp\/phpMEtJwb","error":0,"size":3028},{"name":"Pic1.png","type":"image\/png","tmp_name":"\/tmp\/phpH6rscW","error":0,"size":4578}] [] []
[2020-02-27 16:30:03] generateOTP.INFO: test [] []
[2020-02-27 16:30:26] generateOTP.INFO: test [] []
[2020-02-27 16:30:43] generateOTP.INFO: test [] []
[2020-02-27 16:30:45] generateOTP.INFO: test [] []
[2020-02-27 16:30:47] generateOTP.INFO: test [] []
[2020-02-27 16:31:24] generateOTP.INFO: test [] []
[2020-02-27 16:31:43] generateOTP.INFO: test [] []
[2020-02-27 16:31:47] generateOTP.INFO: test [] []
[2020-02-27 16:31:48] generateOTP.INFO: test [] []
[2020-02-27 16:32:38] documentsSave.INFO: {"ops_type":"[\"Enrollment form\",\"Cheque Copy\",\"Aadhar_Card\"]","ext0":"undefined","ext1":"undefined","ext2":"undefined","ids":"156,157","update_datas":"update","emp_id":"620063"} [] []
[2020-02-27 16:32:38] documentsSaveFiles.INFO: [{"name":"Desert.jpg","type":"image\/jpeg","tmp_name":"\/tmp\/phpRwoCnZ","error":0,"size":845941},{"name":"Koala.jpg","type":"image\/jpeg","tmp_name":"\/tmp\/phpoV8Eij","error":0,"size":780831},{"name":"Jellyfish.jpg","type":"image\/jpeg","tmp_name":"\/tmp\/phpz6gPzE","error":0,"size":775702}] [] []
[2020-02-27 16:32:41] generateOTP.INFO: test [] []
[2020-02-27 16:32:46] generateOTP.INFO: test [] []
[2020-02-27 16:33:45] generateOTP.INFO: test [] []
[2020-02-27 16:33:53] generateOTP.INFO: test [] []
[2020-02-27 16:33:59] generateOTP.INFO: test [] []
[2020-02-27 16:34:01] generateOTP.INFO: test [] []
[2020-02-27 16:34:03] generateOTP.INFO: test [] []
[2020-02-27 16:34:44] generateOTP.INFO: test [] []
[2020-02-27 16:35:50] generateOTP.INFO: test [] []
[2020-02-27 16:36:19] generateOTP.INFO: test [] []
[2020-02-27 16:36:19] generateOTP.INFO: test [] []
[2020-02-27 16:36:31] generateOTP.INFO: test [] []
[2020-02-27 16:36:44] generateOTP.INFO: test [] []
[2020-02-27 16:36:58] generateOTP.INFO: test [] []
[2020-02-27 16:36:59] generateOTP.INFO: test [] []
[2020-02-27 16:37:58] documentsSave.INFO: {"ops_type":"[\"Enrollment form\",\"Cheque Copy\",\"Passport\"]","ext0":"undefined","ext1":"undefined","ext2":"undefined","ids":"156,157","update_datas":"update","emp_id":"620063"} [] []
[2020-02-27 16:37:58] documentsSaveFiles.INFO: [{"name":"Pic1.png","type":"image\/png","tmp_name":"\/tmp\/phpb4IYWt","error":0,"size":4578},{"name":"Pic1.png","type":"image\/png","tmp_name":"\/tmp\/phpJQzTth","error":0,"size":4578},{"name":"Pic1.png","type":"image\/png","tmp_name":"\/tmp\/phpjUVa14","error":0,"size":4578}] [] []
[2020-02-27 16:38:20] generateOTP.INFO: test [] []
[2020-02-27 16:38:53] generateOTP.INFO: test [] []
[2020-02-27 16:42:03] generateOTP.INFO: test [] []
[2020-02-27 16:42:26] generateOTP.INFO: test [] []
[2020-02-27 16:42:59] generateOTP.INFO: test [] []
[2020-02-27 16:48:46] generateOTP.INFO: test [] []
[2020-02-27 16:48:55] documentsSave.INFO: {"ops_type":"[]","ids":"156,157","update_datas":"update","emp_id":"620063"} [] []
[2020-02-27 16:48:55] documentsSaveFiles.INFO: [] [] []
[2020-02-27 16:51:24] generateOTP.INFO: test [] []
[2020-02-27 16:51:24] generateOTP.INFO: test [] []
[2020-02-27 16:51:47] generateOTP.INFO: test [] []
[2020-02-27 16:52:31] generateOTP.INFO: test [] []
[2020-02-27 16:52:31] generateOTP.INFO: test [] []
[2020-02-27 16:53:48] generateOTP.INFO: test [] []
[2020-02-27 16:53:48] generateOTP.INFO: test [] []
[2020-02-27 16:54:34] generateOTP.INFO: {"edit":"0","policy_no":"378","subtype_text":"1","sum_insure":"1000000","familyConstruct":"1A","tenure":"1 Year","family_members_id":"0","family_gender":"Female","first_name":"yhgf","middle_name":"jg","last_name":"j","family_date_birth":"13-02-2002","age":"18","age_type":"years","family_id":"","s_date":"","marriage_date":"","premium_parent":"","contri_parent":"","premium":"5999","policyNo":"378","familyDataType":"undefined","empId":"620064","product":"QBTv5db9151ad1c21","declare":"[]"} [] []
[2020-02-27 16:56:47] documentsSave.INFO: {"ops_type":"[\"Enrollment form\",\"Cheque Copy\",\"Passport\"]","ext0":"undefined","ext1":"undefined","ext2":"undefined","ids":"158","update_datas":"undefined","emp_id":"620064"} [] []
[2020-02-27 16:56:47] documentsSaveFiles.INFO: [{"name":"Tulips.jpg","type":"image\/jpeg","tmp_name":"\/tmp\/phpQhMHG2","error":0,"size":620888},{"name":"Desert.jpg","type":"image\/jpeg","tmp_name":"\/tmp\/phpLtqJdp","error":0,"size":845941},{"name":"Koala.jpg","type":"image\/jpeg","tmp_name":"\/tmp\/phpzFGaUP","error":0,"size":780831}] [] []
[2020-02-27 16:56:51] generateOTP.INFO: test [] []
[2020-02-27 16:58:56] generateOTP.INFO: test [] []
[2020-02-27 16:58:56] generateOTP.INFO: test [] []
[2020-02-27 16:59:37] generateOTP.INFO: {"edit":"0","policy_no":"378","subtype_text":"1","sum_insure":"800000","familyConstruct":"1A","tenure":"1 Year","family_members_id":"0","family_gender":"Male","first_name":"hgfgh","middle_name":"fh","last_name":"hf","family_date_birth":"19-02-2002","age":"18","age_type":"years","family_id":"","s_date":"","marriage_date":"","premium_parent":"","contri_parent":"","premium":"5799","policyNo":"378","familyDataType":"undefined","empId":"620065","product":"QBTv5db9151ad1c21","declare":"[]"} [] []
[2020-02-27 17:00:26] documentsSave.INFO: {"ops_type":"[\"Enrollment form\",\"Cheque Copy\",\"Domicile_Certificate\"]","ext0":"undefined","ext1":"undefined","ext2":"undefined","ids":"159","update_datas":"undefined","emp_id":"620065"} [] []
[2020-02-27 17:00:26] documentsSaveFiles.INFO: [{"name":"Penguins.jpg","type":"image\/jpeg","tmp_name":"\/tmp\/phpjeKlL0","error":0,"size":777835},{"name":"Jellyfish.jpg","type":"image\/jpeg","tmp_name":"\/tmp\/phpCcIRem","error":0,"size":775702},{"name":"Chrysanthemum.jpg","type":"image\/jpeg","tmp_name":"\/tmp\/phplAr0KI","error":0,"size":879394}] [] []
[2020-02-27 17:00:33] generateOTP.INFO: test [] []
[2020-02-27 17:00:39] generateOTP.INFO: test [] []
[2020-02-27 17:00:39] generateOTP.INFO: test [] []
[2020-02-27 17:01:15] generateOTP.INFO: {"edit":"0","policy_no":"378","subtype_text":"1","sum_insure":"800000","familyConstruct":"1A","tenure":"1 Year","family_members_id":"0","family_gender":"Male","first_name":"sdg","middle_name":"dsg","last_name":"dg","family_date_birth":"19-02-2002","age":"18","age_type":"years","family_id":"","s_date":"","marriage_date":"","premium_parent":"","contri_parent":"","premium":"5799","policyNo":"378","familyDataType":"undefined","empId":"620066","product":"QBTv5db9151ad1c21","declare":"[]"} [] []
[2020-02-27 17:03:41] documentsSave.INFO: {"ops_type":"[\"Enrollment form\",\"Cheque Copy\",\"Birth_Certificate\"]","ext0":"undefined","ext1":"undefined","ext2":"undefined","ids":"160","update_datas":"undefined","emp_id":"620066"} [] []
[2020-02-27 17:03:41] documentsSaveFiles.INFO: [{"name":"Hydrangeas.jpg","type":"image\/jpeg","tmp_name":"\/tmp\/phphQxXxE","error":0,"size":595284},{"name":"Tulips.jpg","type":"image\/jpeg","tmp_name":"\/tmp\/phpsFGU1C","error":0,"size":620888},{"name":"Koala.jpg","type":"image\/jpeg","tmp_name":"\/tmp\/phpanxNZC","error":0,"size":780831}] [] []
[2020-02-27 17:03:44] generateOTP.INFO: test [] []
[2020-02-27 17:09:56] generateOTP.INFO: test [] []
[2020-02-27 17:09:57] generateOTP.INFO: test [] []
[2020-02-27 17:09:57] generateOTP.INFO: test [] []
[2020-02-27 17:10:01] generateOTP.INFO: test [] []
[2020-02-27 17:10:01] generateOTP.INFO: test [] []
[2020-02-27 17:10:08] generateOTP.INFO: test [] []
[2020-02-27 17:17:48] generateOTP.INFO: test [] []
[2020-02-27 17:17:51] generateOTP.INFO: test [] []
[2020-02-27 17:18:01] generateOTP.INFO: test [] []
[2020-02-27 17:18:01] generateOTP.INFO: test [] []
[2020-02-27 17:18:14] generateOTP.INFO: test [] []
[2020-02-27 17:18:14] generateOTP.INFO: test [] []
[2020-02-27 17:54:55] generateOTP.INFO: test [] []
[2020-02-27 17:54:55] generateOTP.INFO: test [] []
[2020-02-27 18:03:41] generateOTP.INFO: test [] []
[2020-02-27 18:03:42] generateOTP.INFO: test [] []
[2020-02-27 18:04:06] generateOTP.INFO: test [] []
[2020-02-27 18:04:06] generateOTP.INFO: test [] []
[2020-02-27 18:08:44] generateOTP.INFO: test [] []
[2020-02-27 18:08:45] generateOTP.INFO: test [] []
[2020-02-27 18:08:46] generateOTP.INFO: test [] []
[2020-02-27 18:08:50] generateOTP.INFO: test [] []
[2020-02-27 18:08:50] generateOTP.INFO: test [] []
[2020-02-27 18:08:54] generateOTP.INFO: test [] []
[2020-02-27 18:09:24] generateOTP.INFO: test [] []
[2020-02-27 18:09:25] generateOTP.INFO: test [] []
[2020-02-27 18:09:34] generateOTP.INFO: test [] []
[2020-02-27 18:09:34] generateOTP.INFO: test [] []
[2020-02-27 18:17:34] generateOTP.INFO: test [] []
[2020-02-27 18:17:34] generateOTP.INFO: test [] []
[2020-02-27 18:19:28] generateOTP.INFO: test [] []
[2020-02-27 18:29:25] generateOTP.INFO: test [] []
[2020-02-27 18:29:25] generateOTP.INFO: test [] []
[2020-02-27 18:29:30] generateOTP.INFO: test [] []
[2020-02-27 18:29:45] generateOTP.INFO: test [] []
[2020-02-27 18:29:46] generateOTP.INFO: test [] []
[2020-02-27 18:29:48] generateOTP.INFO: test [] []
[2020-02-27 18:30:06] generateOTP.INFO: test [] []
[2020-02-27 18:30:56] generateOTP.INFO: test [] []
[2020-02-27 18:31:36] generateOTP.INFO: test [] []
[2020-02-27 18:31:51] generateOTP.INFO: test [] []
[2020-02-27 18:31:52] generateOTP.INFO: test [] []
[2020-02-27 18:31:57] generateOTP.INFO: test [] []
[2020-02-27 18:31:57] generateOTP.INFO: test [] []
[2020-02-27 18:32:00] generateOTP.INFO: test [] []
[2020-02-27 18:32:01] generateOTP.INFO: test [] []
[2020-02-27 18:32:01] generateOTP.INFO: test [] []
[2020-02-27 18:32:35] generateOTP.INFO: test [] []
[2020-02-27 18:32:48] generateOTP.INFO: test [] []
[2020-02-27 18:33:04] generateOTP.INFO: test [] []
[2020-02-27 18:33:23] generateOTP.INFO: test [] []
[2020-02-27 18:35:14] generateOTP.INFO: test [] []
[2020-02-27 18:35:32] generateOTP.INFO: test [] []
[2020-02-27 18:36:03] generateOTP.INFO: test [] []
[2020-02-27 18:36:13] generateOTP.INFO: test [] []
[2020-02-27 18:36:21] generateOTP.INFO: test [] []
[2020-02-27 18:36:21] generateOTP.INFO: test [] []
[2020-02-27 18:37:55] generateOTP.INFO: test [] []
[2020-02-27 18:38:12] generateOTP.INFO: test [] []
[2020-02-27 18:38:23] generateOTP.INFO: test [] []
[2020-02-27 18:39:28] generateOTP.INFO: test [] []
[2020-02-27 18:39:33] generateOTP.INFO: test [] []
[2020-02-27 18:40:26] generateOTP.INFO: test [] []
[2020-02-27 18:40:31] generateOTP.INFO: test [] []
[2020-02-27 18:40:37] generateOTP.INFO: test [] []
[2020-02-27 18:40:37] generateOTP.INFO: test [] []
[2020-02-27 18:40:45] generateOTP.INFO: test [] []
[2020-02-27 18:41:00] generateOTP.INFO: test [] []
[2020-02-27 18:41:05] generateOTP.INFO: test [] []
[2020-02-27 18:41:05] generateOTP.INFO: test [] []
[2020-02-27 18:41:10] generateOTP.INFO: test [] []
[2020-02-27 18:41:15] generateOTP.INFO: test [] []
[2020-02-27 18:41:15] generateOTP.INFO: test [] []
[2020-02-27 18:42:12] generateOTP.INFO: test [] []
[2020-02-27 18:42:49] generateOTP.INFO: test [] []
[2020-02-27 18:43:56] generateOTP.INFO: test [] []
[2020-02-27 18:44:07] generateOTP.INFO: test [] []
[2020-02-27 18:44:07] generateOTP.INFO: test [] []
[2020-02-27 18:44:22] generateOTP.INFO: test [] []
[2020-02-27 18:44:22] generateOTP.INFO: test [] []
[2020-02-27 18:44:33] generateOTP.INFO: test [] []
[2020-02-27 18:45:42] generateOTP.INFO: test [] []
[2020-02-27 18:46:02] generateOTP.INFO: test [] []
[2020-02-27 18:46:02] generateOTP.INFO: test [] []
[2020-02-27 18:48:11] generateOTP.INFO: test [] []
[2020-02-27 18:48:17] generateOTP.INFO: test [] []
[2020-02-27 18:48:22] generateOTP.INFO: test [] []
[2020-02-27 18:48:46] generateOTP.INFO: test [] []
[2020-02-27 18:48:51] generateOTP.INFO: test [] []
[2020-02-27 18:48:56] generateOTP.INFO: test [] []
[2020-02-27 18:49:04] generateOTP.INFO: test [] []
[2020-02-27 18:49:17] generateOTP.INFO: test [] []
[2020-02-27 18:49:20] generateOTP.INFO: test [] []
[2020-02-27 18:49:39] generateOTP.INFO: test [] []
[2020-02-27 18:49:42] generateOTP.INFO: test [] []
[2020-02-27 18:51:36] generateOTP.INFO: test [] []
[2020-02-27 18:52:04] generateOTP.INFO: test [] []
[2020-02-27 18:52:05] generateOTP.INFO: test [] []
[2020-02-27 18:52:10] generateOTP.INFO: test [] []
[2020-02-27 18:52:10] generateOTP.INFO: test [] []
[2020-02-27 18:53:24] generateOTP.INFO: test [] []
[2020-02-27 18:53:57] generateOTP.INFO: test [] []
[2020-02-27 18:54:22] generateOTP.INFO: test [] []
[2020-02-27 18:54:30] generateOTP.INFO: test [] []
[2020-02-27 18:57:45] generateOTP.INFO: test [] []
[2020-02-27 18:57:48] generateOTP.INFO: test [] []
