[2021-04-27 10:19:33] generateOTP.INFO: test [] []
[2021-04-27 10:19:34] generateOTP.INFO: test [] []
[2021-04-27 10:19:58] generateOTP.INFO: test [] []
[2021-04-27 10:20:21] generateOTP.INFO: test [] []
[2021-04-27 11:33:36] generateOTP.INFO: test [] []
[2021-04-27 11:33:45] generateOTP.INFO: test [] []
[2021-04-27 11:33:45] generateOTP.INFO: test [] []
[2021-04-27 11:33:46] generateOTP.INFO: test [] []
[2021-04-27 11:33:46] generateOTP.INFO: test [] []
[2021-04-27 11:33:46] generateOTP.INFO: test [] []
[2021-04-27 11:33:47] generateOTP.INFO: test [] []
[2021-04-27 11:33:48] generateOTP.INFO: test [] []
[2021-04-27 11:33:48] generateOTP.INFO: test [] []
[2021-04-27 11:33:50] generateOTP.INFO: test [] []
[2021-04-27 11:33:50] generateOTP.INFO: test [] []
[2021-04-27 11:35:53] generateOTP.INFO: test [] []
[2021-04-27 11:35:54] generateOTP.INFO: test [] []
[2021-04-27 11:35:54] generateOTP.INFO: test [] []
[2021-04-27 11:35:54] generateOTP.INFO: test [] []
[2021-04-27 11:35:54] generateOTP.INFO: test [] []
[2021-04-27 11:43:43] generateOTP.INFO: test [] []
[2021-04-27 11:43:43] generateOTP.INFO: test [] []
[2021-04-27 11:43:45] generateOTP.INFO: test [] []
[2021-04-27 11:44:16] generateOTP.INFO: test [] []
[2021-04-27 11:44:39] generateOTP.INFO: test [] []
[2021-04-27 11:45:42] generateOTP.INFO: test [] []
[2021-04-27 11:46:17] generateOTP.INFO: test [] []
[2021-04-27 11:46:38] generateOTP.INFO: test [] []
[2021-04-27 11:57:22] generateOTP.INFO: test [] []
[2021-04-27 11:57:23] generateOTP.INFO: test [] []
[2021-04-27 11:57:23] generateOTP.INFO: test [] []
[2021-04-27 11:57:30] generateOTP.INFO: test [] []
[2021-04-27 12:02:59] generateOTP.INFO: test [] []
[2021-04-27 12:03:00] generateOTP.INFO: test [] []
[2021-04-27 12:03:12] generateOTP.INFO: test [] []
[2021-04-27 12:03:28] generateOTP.INFO: test [] []
[2021-04-27 12:04:22] generateOTP.INFO: test [] []
[2021-04-27 12:10:25] generateOTP.INFO: test [] []
[2021-04-27 12:12:18] generateOTP.INFO: test [] []
[2021-04-27 12:12:39] generateOTP.INFO: test [] []
[2021-04-27 12:14:18] generateOTP.INFO: test [] []
[2021-04-27 12:17:09] generateOTP.INFO: test [] []
[2021-04-27 12:17:34] generateOTP.INFO: test [] []
[2021-04-27 12:17:35] generateOTP.INFO: test [] []
[2021-04-27 12:23:33] generateOTP.INFO: test [] []
[2021-04-27 12:23:34] generateOTP.INFO: test [] []
[2021-04-27 12:23:49] generateOTP.INFO: test [] []
[2021-04-27 12:23:53] generateOTP.INFO: test [] []
[2021-04-27 12:23:53] generateOTP.INFO: test [] []
[2021-04-27 12:28:31] generateOTP.INFO: test [] []
[2021-04-27 12:28:33] generateOTP.INFO: test [] []
[2021-04-27 12:28:41] generateOTP.INFO: test [] []
[2021-04-27 12:30:09] generateOTP.INFO: test [] []
[2021-04-27 12:31:14] generateOTP.INFO: test [] []
[2021-04-27 12:32:05] generateOTP.INFO: test [] []
[2021-04-27 12:32:20] generateOTP.INFO: test [] []
[2021-04-27 12:33:02] generateOTP.INFO: test [] []
[2021-04-27 12:33:02] generateOTP.INFO: test [] []
[2021-04-27 12:33:11] generateOTP.INFO: test [] []
[2021-04-27 12:35:11] generateOTP.INFO: test [] []
[2021-04-27 12:35:12] generateOTP.INFO: test [] []
[2021-04-27 12:35:31] generateOTP.INFO: test [] []
[2021-04-27 12:35:34] generateOTP.INFO: test [] []
[2021-04-27 12:35:39] generateOTP.INFO: test [] []
[2021-04-27 12:35:39] generateOTP.INFO: test [] []
[2021-04-27 12:36:07] generateOTP.INFO: test [] []
[2021-04-27 12:36:57] generateOTP.INFO: test [] []
[2021-04-27 12:36:57] generateOTP.INFO: test [] []
[2021-04-27 12:37:40] generateOTP.INFO: test [] []
[2021-04-27 12:37:40] generateOTP.INFO: test [] []
[2021-04-27 12:37:53] generateOTP.INFO: test [] []
[2021-04-27 12:37:56] generateOTP.INFO: test [] []
[2021-04-27 12:37:58] generateOTP.INFO: test [] []
[2021-04-27 12:37:59] generateOTP.INFO: test [] []
[2021-04-27 12:38:37] generateOTP.INFO: test [] []
[2021-04-27 12:39:42] generateOTP.INFO: test [] []
[2021-04-27 12:40:32] generateOTP.INFO: test [] []
[2021-04-27 12:40:44] generateOTP.INFO: test [] []
[2021-04-27 12:41:19] generateOTP.INFO: test [] []
[2021-04-27 12:41:26] generateOTP.INFO: test [] []
[2021-04-27 12:41:27] generateOTP.INFO: test [] []
[2021-04-27 12:41:40] generateOTP.INFO: test [] []
[2021-04-27 12:43:38] generateOTP.INFO: test [] []
[2021-04-27 12:43:49] generateOTP.INFO: test [] []
[2021-04-27 12:43:49] generateOTP.INFO: test [] []
[2021-04-27 12:43:55] generateOTP.INFO: test [] []
[2021-04-27 12:45:02] generateOTP.INFO: test [] []
[2021-04-27 12:45:03] generateOTP.INFO: test [] []
[2021-04-27 12:46:16] generateOTP.INFO: test [] []
[2021-04-27 12:50:31] generateOTP.INFO: test [] []
[2021-04-27 12:52:16] generateOTP.INFO: test [] []
[2021-04-27 12:52:22] generateOTP.INFO: test [] []
[2021-04-27 12:52:22] generateOTP.INFO: test [] []
[2021-04-27 12:52:27] generateOTP.INFO: test [] []
[2021-04-27 12:52:57] generateOTP.INFO: test [] []
[2021-04-27 12:53:11] generateOTP.INFO: test [] []
[2021-04-27 12:53:39] generateOTP.INFO: test [] []
[2021-04-27 12:54:34] generateOTP.INFO: test [] []
[2021-04-27 12:54:44] generateOTP.INFO: test [] []
[2021-04-27 12:59:11] generateOTP.INFO: test [] []
[2021-04-27 12:59:11] generateOTP.INFO: test [] []
[2021-04-27 12:59:11] generateOTP.INFO: test [] []
[2021-04-27 12:59:17] generateOTP.INFO: test [] []
[2021-04-27 12:59:18] generateOTP.INFO: test [] []
[2021-04-27 12:59:25] generateOTP.INFO: test [] []
[2021-04-27 12:59:25] generateOTP.INFO: test [] []
[2021-04-27 12:59:32] generateOTP.INFO: test [] []
[2021-04-27 12:59:34] generateOTP.INFO: test [] []
[2021-04-27 12:59:57] generateOTP.INFO: test [] []
[2021-04-27 13:02:01] generateOTP.INFO: test [] []
[2021-04-27 13:02:06] generateOTP.INFO: test [] []
[2021-04-27 13:02:16] generateOTP.INFO: test [] []
[2021-04-27 13:02:16] generateOTP.INFO: test [] []
[2021-04-27 13:02:22] generateOTP.INFO: test [] []
[2021-04-27 13:02:54] generateOTP.INFO: test [] []
[2021-04-27 13:03:35] generateOTP.INFO: test [] []
[2021-04-27 13:03:54] generateOTP.INFO: test [] []
[2021-04-27 13:04:16] generateOTP.INFO: test [] []
[2021-04-27 13:04:17] generateOTP.INFO: test [] []
[2021-04-27 13:04:23] generateOTP.INFO: test [] []
[2021-04-27 13:04:44] generateOTP.INFO: test [] []
[2021-04-27 13:05:00] generateOTP.INFO: test [] []
[2021-04-27 13:09:57] generateOTP.INFO: test [] []
[2021-04-27 13:09:57] generateOTP.INFO: test [] []
[2021-04-27 13:10:05] generateOTP.INFO: test [] []
[2021-04-27 13:10:11] generateOTP.INFO: test [] []
[2021-04-27 13:15:49] generateOTP.INFO: test [] []
[2021-04-27 13:16:21] generateOTP.INFO: test [] []
[2021-04-27 13:16:53] generateOTP.INFO: test [] []
[2021-04-27 13:19:18] generateOTP.INFO: test [] []
[2021-04-27 13:19:31] generateOTP.INFO: test [] []
[2021-04-27 13:32:57] generateOTP.INFO: test [] []
[2021-04-27 13:33:15] generateOTP.INFO: test [] []
[2021-04-27 13:35:23] generateOTP.INFO: test [] []
[2021-04-27 13:35:24] generateOTP.INFO: test [] []
[2021-04-27 13:36:53] generateOTP.INFO: test [] []
[2021-04-27 13:38:38] generateOTP.INFO: test [] []
[2021-04-27 13:40:49] generateOTP.INFO: test [] []
[2021-04-27 13:41:07] generateOTP.INFO: test [] []
[2021-04-27 13:46:59] generateOTP.INFO: test [] []
[2021-04-27 13:46:59] generateOTP.INFO: test [] []
[2021-04-27 13:47:00] generateOTP.INFO: test [] []
[2021-04-27 13:47:05] generateOTP.INFO: test [] []
[2021-04-27 13:47:19] generateOTP.INFO: test [] []
[2021-04-27 13:57:37] generateOTP.INFO: test [] []
[2021-04-27 13:57:42] generateOTP.INFO: test [] []
[2021-04-27 13:57:42] generateOTP.INFO: test [] []
[2021-04-27 13:58:03] generateOTP.INFO: test [] []
[2021-04-27 13:59:30] generateOTP.INFO: test [] []
[2021-04-27 14:02:52] generateOTP.INFO: test [] []
[2021-04-27 14:03:01] generateOTP.INFO: test [] []
[2021-04-27 14:07:28] generateOTP.INFO: test [] []
[2021-04-27 14:07:31] generateOTP.INFO: test [] []
[2021-04-27 14:43:04] generateOTP.INFO: test [] []
[2021-04-27 14:43:05] generateOTP.INFO: test [] []
[2021-04-27 14:43:12] generateOTP.INFO: test [] []
[2021-04-27 14:43:16] generateOTP.INFO: test [] []
[2021-04-27 14:43:40] generateOTP.INFO: test [] []
[2021-04-27 14:43:40] generateOTP.INFO: test [] []
[2021-04-27 14:44:54] generateOTP.INFO: test [] []
[2021-04-27 14:45:15] generateOTP.INFO: test [] []
[2021-04-27 14:46:31] generateOTP.INFO: test [] []
[2021-04-27 14:51:27] generateOTP.INFO: test [] []
[2021-04-27 14:57:23] generateOTP.INFO: test [] []
[2021-04-27 14:57:25] generateOTP.INFO: test [] []
[2021-04-27 14:57:32] generateOTP.INFO: test [] []
[2021-04-27 14:59:33] generateOTP.INFO: test [] []
[2021-04-27 15:00:34] generateOTP.INFO: test [] []
[2021-04-27 15:01:55] generateOTP.INFO: test [] []
[2021-04-27 15:02:29] generateOTP.INFO: test [] []
[2021-04-27 15:03:11] generateOTP.INFO: test [] []
[2021-04-27 15:03:14] generateOTP.INFO: test [] []
[2021-04-27 15:03:39] generateOTP.INFO: test [] []
[2021-04-27 15:03:39] generateOTP.INFO: test [] []
[2021-04-27 15:03:39] generateOTP.INFO: test [] []
[2021-04-27 15:03:54] generateOTP.INFO: test [] []
[2021-04-27 15:04:15] generateOTP.INFO: {"salutation":"1","firstname":"test","lastname":"BANKING","dob":"19-12-1988","mob_no":"7010444138","panCard":"XXXXXX456A","email":"jack@gmail.com","ref1":"1","ref2":"1","comAdd":"Om hrad ntalatiof, holOmshre, talathioficeeachol, OmshreeSada9talathi","city":"MUMBAI","state":"MAHARASHTRA","pin_code":"400004","ISNRI":"N","update_emp_id":"bWNKd1RGdEFWdlltc3NPNkRWbzQ4UT09","edit":"0","policy_no":"460,461","subtype_text":"1","sum_insure":"500000","anuual_income":"","occupation":"5","familyConstruct":"1A","family_members_id":"0","family_gender":"Male","first_name":"test","last_name":"BANKING","family_date_birth":"19-12-1988","age":"32","age_type":" years","tenure":"1 Year","premiumgci":"0","family_id":"","s_date":"","marriage_date":"","premium":"undefined","policyNo":"460,461","familyDataType":"undefined","empId":"bWNKd1RGdEFWdlltc3NPNkRWbzQ4UT09","product":"YFsa5f4cb15ead28c","declare":"[]","gender":"Male","gci_options":"Yes"} [] []
[2021-04-27 15:04:52] generateOTP.INFO: test [] []
[2021-04-27 15:05:11] documentsSave.INFO: {"ops_type":"[]","ids":"1709,1710"} [] []
[2021-04-27 15:05:11] documentsSaveFiles.INFO: [] [] []
[2021-04-27 15:05:16] generateOTP.INFO: test [] []
[2021-04-27 15:05:23] generateOTP.INFO: test [] []
[2021-04-27 15:05:26] generateOTP.INFO: test [] []
[2021-04-27 15:05:33] generateOTP.INFO: test [] []
[2021-04-27 15:05:57] generateOTP.INFO: test [] []
[2021-04-27 15:06:02] generateOTP.INFO: test [] []
[2021-04-27 15:06:06] generateOTP.INFO: test [] []
[2021-04-27 15:06:12] generateOTP.INFO: test [] []
[2021-04-27 15:06:34] generateOTP.INFO: test [] []
[2021-04-27 15:07:00] full_quote_request1.INFO: {"ClientCreation":{"Member_Customer_ID":"56565GPAR101","salutation":"Mr","firstName":"test","middleName":"","lastName":"BANKING","dateofBirth":"12\/19\/1988","gender":"M","educationalQualification":null,"pinCode":"400004","uidNo":"5478-2589-3688","maritalStatus":null,"nationality":"Indian","occupation":"O553","primaryEmailID":"jack@gmail.com","contactMobileNo":"7010444138","stdLandlineNo":null,"panNo":null,"passportNumber":null,"contactPerson":null,"annualIncome":null,"remarks":null,"startDate":"2021-04-27","endDate":null,"IdProof":"Adhaar Card","residenceProof":null,"ageProof":null,"others":null,"homeAddressLine1":"Om hrad ntalatiof, holOmshre, talathioficeeachol, OmshreeSada9talathi","homeAddressLine2":null,"homeAddressLine3":null,"homePinCode":"400004","homeArea":null,"homeContactMobileNo":null,"homeContactMobileNo2":null,"homeSTDLandlineNo":null,"homeFaxNo":null,"sameAsHomeAddress":"1","mailingAddressLine1":null,"mailingAddressLine2":null,"mailingAddressLine3":null,"mailingPinCode":null,"mailingArea":null,"mailingContactMobileNo":null,"mailingContactMobileNo2":null,"mailingSTDLandlineNo":null,"mailingSTDLandlineNo2":null,"mailingFaxNo":null,"bankAccountType":null,"bankAccountNo":null,"ifscCode":null,"GSTIN":null,"GSTRegistrationStatus":"Consumers","IsEIAavailable":"0","ApplyEIA":"0","EIAAccountNo":null,"EIAWith":"0","AccountType":null,"AddressProof":null,"DOBProof":null,"IdentityProof":null},"PolicyCreationRequest":{"Quotation_Number":"","MasterPolicyNumber":"62-21-00001-00-00","GroupID":"GRP001","Product_Code":"4112","SumInsured_Type":null,"Policy_Tanure":"1","Member_Type_Code":"M209","intermediaryCode":"2104794","AutoRenewal":"0","AutoDebit":"0","intermediaryBranchCode":"10MHMUM01","agentSignatureDate":null,"Customer_Signature_Date":null,"businessSourceChannel":null,"AssignPolicy":"0","AssigneeName":null,"leadID":"6546546","Source_Name":"AXIS_GFB","SPID":"1","TCN":null,"CRTNO":null,"RefCode1":"1","RefCode2":"051","Employee_Number":"625535","enumIsEmployeeDiscount":null,"QuoteDate":null,"IsPayment":"0","PaymentMode":null,"PolicyproductComponents":[{"PlanCode":"4112","SumInsured":"500000","SchemeCode":"4112000003"}]},"MemObj":{"Member":[{"MemberNo":1,"Salutation":"Mr","First_Name":"test","Middle_Name":null,"Last_Name":"BANKING","Gender":"M","DateOfBirth":"12\/19\/1988","Relation_Code":"R001","Marital_Status":null,"height":"0.00","weight":"0","occupation":"O553","PrimaryMember":"Y","MemberproductComponents":[{"PlanCode":"4112","MemberQuestionDetails":[{"QuestionCode":null,"Answer":null,"Remarks":null}]}],"MemberPED":[{"PEDCode":null,"Remarks":null}],"exactDiagnosis":null,"dateOfDiagnosis":null,"lastDateConsultation":null,"detailsOfTreatmentGiven":null,"doctorName":null,"hospitalName":null,"phoneNumberHosital":null,"Nominee_First_Name":"adsfsd","Nominee_Last_Name":"sdfdf","Nominee_Contact_Number":"0000000000","Nominee_Home_Address":null,"Nominee_Relationship_Code":"R002"}]},"ReceiptCreation":{"officeLocation":"","modeOfEntry":"","cdAcNo":null,"expiryDate":null,"payerType":"","payerCode":null,"paymentBy":"","paymentByName":null,"paymentByRelationship":null,"collectionAmount":"","collectionRcvdDate":null,"collectionMode":"","remarks":null,"instrumentNumber":null,"instrumentDate":null,"bankName":null,"branchName":null,"bankLocation":null,"micrNo":null,"chequeType":null,"ifscCode":"","PaymentGatewayName":"","TerminalID":"","CardNo":null}} [] []
[2021-04-27 15:07:04] full_quote_reponse1.INFO: "<ns0:GFB_Res xmlns:ns0=\"http:\/\/ABHICL_NBP_QuickQuote_Schemas.GFB_Response\"><errorObj><ErrorNumber>00<\/ErrorNumber><ErrorMessage>Success<\/ErrorMessage><\/errorObj><policyDtls><TransactionReferenceNumber><\/TransactionReferenceNumber><QuotationNumber>AS100793680<\/QuotationNumber><CertificateNumber><\/CertificateNumber><LetterURL><\/LetterURL><ClientID><\/ClientID><ProductName>Group Activ Secure - Personal Accident<\/ProductName><ProductCode>4112<\/ProductCode><LineOfBusiness>41<\/LineOfBusiness><startDate><\/startDate><EndDate><\/EndDate><PolicyNumber>62-21-00001-00-00<\/PolicyNumber><ProposalNumber><\/ProposalNumber><PolicyStatus>PQ1<\/PolicyStatus><Tenure>1<\/Tenure><stpFlag>0<\/stpFlag><MemberCustomerID>56565GPAR101<\/MemberCustomerID><\/policyDtls><premium><BasePremium>2515.25<\/BasePremium><NetPremium>2515.25<\/NetPremium><GST>452.75<\/GST><GrossPremium>2968.00<\/GrossPremium><\/premium><receiptObj><ReceiptNumber \/><ReceiptAmount \/><ExcessAmount \/><\/receiptObj><\/ns0:GFB_Res>" [] []
[2021-04-27 15:07:05] full_quote_request1.INFO: {"ClientCreation":{"Member_Customer_ID":"56565GCIR101","salutation":"Mr","firstName":"test","middleName":"","lastName":"BANKING","dateofBirth":"12\/19\/1988","gender":"M","educationalQualification":null,"pinCode":"400004","uidNo":"5478-2589-3688","maritalStatus":null,"nationality":"Indian","occupation":"O553","primaryEmailID":"jack@gmail.com","contactMobileNo":"7010444138","stdLandlineNo":null,"panNo":null,"passportNumber":null,"contactPerson":null,"annualIncome":null,"remarks":null,"startDate":"2021-04-27","endDate":null,"IdProof":"Adhaar Card","residenceProof":null,"ageProof":null,"others":null,"homeAddressLine1":"Om hrad ntalatiof, holOmshre, talathioficeeachol, OmshreeSada9talathi","homeAddressLine2":null,"homeAddressLine3":null,"homePinCode":"400004","homeArea":null,"homeContactMobileNo":null,"homeContactMobileNo2":null,"homeSTDLandlineNo":null,"homeFaxNo":null,"sameAsHomeAddress":"1","mailingAddressLine1":null,"mailingAddressLine2":null,"mailingAddressLine3":null,"mailingPinCode":null,"mailingArea":null,"mailingContactMobileNo":null,"mailingContactMobileNo2":null,"mailingSTDLandlineNo":null,"mailingSTDLandlineNo2":null,"mailingFaxNo":null,"bankAccountType":null,"bankAccountNo":null,"ifscCode":null,"GSTIN":null,"GSTRegistrationStatus":"Consumers","IsEIAavailable":"0","ApplyEIA":"0","EIAAccountNo":null,"EIAWith":"0","AccountType":null,"AddressProof":null,"DOBProof":null,"IdentityProof":null},"PolicyCreationRequest":{"Quotation_Number":"","MasterPolicyNumber":"62-21-00001-00-00","GroupID":"GRP001","Product_Code":"4216","SumInsured_Type":null,"Policy_Tanure":"1","Member_Type_Code":"M209","intermediaryCode":"2104794","AutoRenewal":"0","AutoDebit":"0","intermediaryBranchCode":"10MHMUM01","agentSignatureDate":null,"Customer_Signature_Date":null,"businessSourceChannel":null,"AssignPolicy":"0","AssigneeName":null,"leadID":"6546546","Source_Name":"AXIS_GFB","SPID":"1","TCN":null,"CRTNO":null,"RefCode1":"1","RefCode2":"051","Employee_Number":"625535","enumIsEmployeeDiscount":null,"QuoteDate":null,"IsPayment":"0","PaymentMode":null,"PolicyproductComponents":[{"PlanCode":"4216","SumInsured":"500000","SchemeCode":"4112000003"}]},"MemObj":{"Member":[{"MemberNo":1,"Salutation":"Mr","First_Name":"test","Middle_Name":null,"Last_Name":"BANKING","Gender":"M","DateOfBirth":"12\/19\/1988","Relation_Code":"R001","Marital_Status":null,"height":"0.00","weight":"0","occupation":"O553","PrimaryMember":"Y","MemberproductComponents":[{"PlanCode":"4216","MemberQuestionDetails":[{"QuestionCode":null,"Answer":null,"Remarks":null}]}],"MemberPED":[{"PEDCode":null,"Remarks":null}],"exactDiagnosis":null,"dateOfDiagnosis":null,"lastDateConsultation":null,"detailsOfTreatmentGiven":null,"doctorName":null,"hospitalName":null,"phoneNumberHosital":null,"Nominee_First_Name":"adsfsd","Nominee_Last_Name":"sdfdf","Nominee_Contact_Number":"0000000000","Nominee_Home_Address":null,"Nominee_Relationship_Code":"R002"}]},"ReceiptCreation":{"officeLocation":"","modeOfEntry":"","cdAcNo":null,"expiryDate":null,"payerType":"","payerCode":null,"paymentBy":"","paymentByName":null,"paymentByRelationship":null,"collectionAmount":"","collectionRcvdDate":null,"collectionMode":"","remarks":null,"instrumentNumber":null,"instrumentDate":null,"bankName":null,"branchName":null,"bankLocation":null,"micrNo":null,"chequeType":null,"ifscCode":"","PaymentGatewayName":"","TerminalID":"","CardNo":null}} [] []
[2021-04-27 15:07:07] full_quote_reponse1.INFO: "<ns0:GFB_Res xmlns:ns0=\"http:\/\/ABHICL_NBP_QuickQuote_Schemas.GFB_Response\"><errorObj><ErrorNumber>00<\/ErrorNumber><ErrorMessage>Success<\/ErrorMessage><\/errorObj><policyDtls><TransactionReferenceNumber><\/TransactionReferenceNumber><QuotationNumber>AS100793681<\/QuotationNumber><CertificateNumber><\/CertificateNumber><LetterURL><\/LetterURL><ClientID><\/ClientID><ProductName>Group Activ Secure - Critical Illness<\/ProductName><ProductCode>4216<\/ProductCode><LineOfBusiness>42<\/LineOfBusiness><startDate><\/startDate><EndDate><\/EndDate><PolicyNumber>62-21-00001-00-00<\/PolicyNumber><ProposalNumber><\/ProposalNumber><PolicyStatus>PQ1<\/PolicyStatus><Tenure>1<\/Tenure><stpFlag>0<\/stpFlag><MemberCustomerID>56565GCIR101<\/MemberCustomerID><\/policyDtls><premium><BasePremium>1527.12<\/BasePremium><NetPremium>1527.12<\/NetPremium><GST>274.88<\/GST><GrossPremium>1802.00<\/GrossPremium><\/premium><receiptObj><ReceiptNumber \/><ReceiptAmount \/><ExcessAmount \/><\/receiptObj><\/ns0:GFB_Res>" [] []
[2021-04-27 15:07:08] generateOTP.INFO: test [] []
[2021-04-27 15:07:12] generateOTP.INFO: test [] []
[2021-04-27 15:07:16] generateOTP.INFO: test [] []
[2021-04-27 15:07:39] generateOTP.INFO: test [] []
[2021-04-27 15:07:59] full_quote_request2.INFO: {"ClientCreation":{"Member_Customer_ID":"56565GPAR101","salutation":"Mr","firstName":"test","middleName":"","lastName":"BANKING","dateofBirth":"12\/19\/1988","gender":"M","educationalQualification":null,"pinCode":"400004","uidNo":"5478-2589-3688","maritalStatus":null,"nationality":"Indian","occupation":"O553","primaryEmailID":"jack@gmail.com","contactMobileNo":"7010444138","stdLandlineNo":null,"panNo":null,"passportNumber":null,"contactPerson":null,"annualIncome":null,"remarks":null,"startDate":"2021-04-27","endDate":null,"IdProof":"Adhaar Card","residenceProof":null,"ageProof":null,"others":null,"homeAddressLine1":"Om hrad ntalatiof, holOmshre, talathioficeeachol, OmshreeSada9talathi","homeAddressLine2":null,"homeAddressLine3":null,"homePinCode":"400004","homeArea":null,"homeContactMobileNo":null,"homeContactMobileNo2":null,"homeSTDLandlineNo":null,"homeFaxNo":null,"sameAsHomeAddress":"1","mailingAddressLine1":null,"mailingAddressLine2":null,"mailingAddressLine3":null,"mailingPinCode":null,"mailingArea":null,"mailingContactMobileNo":null,"mailingContactMobileNo2":null,"mailingSTDLandlineNo":null,"mailingSTDLandlineNo2":null,"mailingFaxNo":null,"bankAccountType":null,"bankAccountNo":null,"ifscCode":null,"GSTIN":null,"GSTRegistrationStatus":"Consumers","IsEIAavailable":"0","ApplyEIA":"0","EIAAccountNo":null,"EIAWith":"0","AccountType":null,"AddressProof":null,"DOBProof":null,"IdentityProof":null},"PolicyCreationRequest":{"Quotation_Number":"AS100793680","MasterPolicyNumber":"62-21-00001-00-00","GroupID":"GRP001","Product_Code":"4112","SumInsured_Type":null,"Policy_Tanure":"1","Member_Type_Code":"M209","intermediaryCode":"2104794","AutoRenewal":"0","AutoDebit":"0","intermediaryBranchCode":"10MHMUM01","agentSignatureDate":null,"Customer_Signature_Date":null,"businessSourceChannel":null,"AssignPolicy":"0","AssigneeName":null,"leadID":"6546546","Source_Name":"AXIS_GFB","SPID":"1","TCN":null,"CRTNO":null,"RefCode1":"1","RefCode2":"051","Employee_Number":"625535","enumIsEmployeeDiscount":null,"QuoteDate":null,"IsPayment":"1","PaymentMode":null,"PolicyproductComponents":[{"PlanCode":"4112","SumInsured":"500000","SchemeCode":"4112000003"}]},"MemObj":{"Member":[{"MemberNo":1,"Salutation":"Mr","First_Name":"test","Middle_Name":null,"Last_Name":"BANKING","Gender":"M","DateOfBirth":"12\/19\/1988","Relation_Code":"R001","Marital_Status":null,"height":"0.00","weight":"0","occupation":"O553","PrimaryMember":"Y","MemberproductComponents":[{"PlanCode":"4112","MemberQuestionDetails":[{"QuestionCode":null,"Answer":null,"Remarks":null}]}],"MemberPED":[{"PEDCode":null,"Remarks":null}],"exactDiagnosis":null,"dateOfDiagnosis":null,"lastDateConsultation":null,"detailsOfTreatmentGiven":null,"doctorName":null,"hospitalName":null,"phoneNumberHosital":null,"Nominee_First_Name":"adsfsd","Nominee_Last_Name":"sdfdf","Nominee_Contact_Number":"0000000000","Nominee_Home_Address":null,"Nominee_Relationship_Code":"R002"}]},"ReceiptCreation":{"officeLocation":"Mumbai","modeOfEntry":"Direct","cdAcNo":null,"expiryDate":null,"payerType":"Customer","payerCode":null,"paymentBy":"Customer","paymentByName":null,"paymentByRelationship":null,"collectionAmount":2968,"collectionRcvdDate":"2021-04-27","collectionMode":"online","remarks":null,"instrumentNumber":"pay_H3tlPad4NRfp0w","instrumentDate":"2021-04-27","bankName":"AXIS BANK","branchName":"ANNA NAGAR CHENNAI","bankLocation":null,"micrNo":null,"chequeType":null,"ifscCode":"UTIB0000016","PaymentGatewayName":"AXIS_GFB","TerminalID":"EuxJCz8cZV9V63","CardNo":null},"CombiCreation":{"Combi_flag":"1","Combi_identifier":"leadid","Combi_value":"6546546","Combi_code":"AXIS_GFB","Combi_Count":2,"Combi_product_count":2}} [] []
[2021-04-27 15:08:02] full_quote_reponse2.INFO: "<ns0:GFB_Res xmlns:ns0=\"http:\/\/ABHICL_NBP_QuickQuote_Schemas.GFB_Response\"><errorObj><ErrorNumber>00<\/ErrorNumber><ErrorMessage>Success<\/ErrorMessage><\/errorObj><policyDtls><TransactionReferenceNumber><\/TransactionReferenceNumber><QuotationNumber>AS100793680<\/QuotationNumber><CertificateNumber>GFB-AS-21-2000013<\/CertificateNumber><LetterURL>https:\/\/abpb.adityabirlahealth.com\/hbletter\/viewletter.aspx?ABH=882179&amp;TRM=GFB-AS-21-2000013<\/LetterURL><ClientID>0001503503<\/ClientID><ProductName>Group Activ Secure<\/ProductName><ProductCode>4000<\/ProductCode><LineOfBusiness>40<\/LineOfBusiness><startDate>4\/27\/2021 12:00:00 AM<\/startDate><EndDate>4\/26\/2022 12:00:00 AM<\/EndDate><PolicyNumber>62-21-00001-00-00<\/PolicyNumber><ProposalNumber>AS100793680<\/ProposalNumber><PolicyStatus>IF<\/PolicyStatus><Tenure>1<\/Tenure><stpFlag>0<\/stpFlag><MemberCustomerID>56565GPAR101<\/MemberCustomerID><\/policyDtls><premium><BasePremium>2515.25<\/BasePremium><NetPremium>2515.25<\/NetPremium><GST>452.75<\/GST><GrossPremium>2968.00<\/GrossPremium><\/premium><receiptObj><ReceiptNumber>R70120846<\/ReceiptNumber><ReceiptAmount>2968.00<\/ReceiptAmount><ExcessAmount>0.00<\/ExcessAmount><\/receiptObj><\/ns0:GFB_Res>" [] []
[2021-04-27 15:08:02] api_insert.INFO: {"emp_id":"625535","proposal_id":"1709","member_fr_id":"0","client_id":"0001503503","certificate_number":"GFB-AS-21-2000013","quotation_no":"AS100793680","proposal_no":"AS100793680","policy_no":"62-21-00001-00-00","gross_premium":"2968.00","status":"Success","start_date":"4\/27\/2021 12:00:00 AM","end_date":"4\/26\/2022 12:00:00 AM","created_date":"2021-04-27 15:08:02","proposal_no_lead":"P-1698185724444300","PolicyStatus":"IF","letter_url":"https:\/\/abpb.adityabirlahealth.com\/hbletter\/viewletter.aspx?ABH=882179&TRM=GFB-AS-21-2000013","CustomerID":"56565GPAR101","MemberCustomerID":"56565GPAR101","create_policy_type":0,"ReceiptNumber":"R70120846"} [] []
[2021-04-27 15:08:02] full_quote_request2.INFO: {"ClientCreation":{"Member_Customer_ID":"56565GCIR101","salutation":"Mr","firstName":"test","middleName":"","lastName":"BANKING","dateofBirth":"12\/19\/1988","gender":"M","educationalQualification":null,"pinCode":"400004","uidNo":"5478-2589-3688","maritalStatus":null,"nationality":"Indian","occupation":"O553","primaryEmailID":"jack@gmail.com","contactMobileNo":"7010444138","stdLandlineNo":null,"panNo":null,"passportNumber":null,"contactPerson":null,"annualIncome":null,"remarks":null,"startDate":"2021-04-27","endDate":null,"IdProof":"Adhaar Card","residenceProof":null,"ageProof":null,"others":null,"homeAddressLine1":"Om hrad ntalatiof, holOmshre, talathioficeeachol, OmshreeSada9talathi","homeAddressLine2":null,"homeAddressLine3":null,"homePinCode":"400004","homeArea":null,"homeContactMobileNo":null,"homeContactMobileNo2":null,"homeSTDLandlineNo":null,"homeFaxNo":null,"sameAsHomeAddress":"1","mailingAddressLine1":null,"mailingAddressLine2":null,"mailingAddressLine3":null,"mailingPinCode":null,"mailingArea":null,"mailingContactMobileNo":null,"mailingContactMobileNo2":null,"mailingSTDLandlineNo":null,"mailingSTDLandlineNo2":null,"mailingFaxNo":null,"bankAccountType":null,"bankAccountNo":null,"ifscCode":null,"GSTIN":null,"GSTRegistrationStatus":"Consumers","IsEIAavailable":"0","ApplyEIA":"0","EIAAccountNo":null,"EIAWith":"0","AccountType":null,"AddressProof":null,"DOBProof":null,"IdentityProof":null},"PolicyCreationRequest":{"Quotation_Number":"AS100793681","MasterPolicyNumber":"62-21-00001-00-00","GroupID":"GRP001","Product_Code":"4216","SumInsured_Type":null,"Policy_Tanure":"1","Member_Type_Code":"M209","intermediaryCode":"2104794","AutoRenewal":"0","AutoDebit":"0","intermediaryBranchCode":"10MHMUM01","agentSignatureDate":null,"Customer_Signature_Date":null,"businessSourceChannel":null,"AssignPolicy":"0","AssigneeName":null,"leadID":"6546546","Source_Name":"AXIS_GFB","SPID":"1","TCN":null,"CRTNO":null,"RefCode1":"1","RefCode2":"051","Employee_Number":"625535","enumIsEmployeeDiscount":null,"QuoteDate":null,"IsPayment":"1","PaymentMode":null,"PolicyproductComponents":[{"PlanCode":"4216","SumInsured":"500000","SchemeCode":"4112000003"}]},"MemObj":{"Member":[{"MemberNo":1,"Salutation":"Mr","First_Name":"test","Middle_Name":null,"Last_Name":"BANKING","Gender":"M","DateOfBirth":"12\/19\/1988","Relation_Code":"R001","Marital_Status":null,"height":"0.00","weight":"0","occupation":"O553","PrimaryMember":"Y","MemberproductComponents":[{"PlanCode":"4216","MemberQuestionDetails":[{"QuestionCode":null,"Answer":null,"Remarks":null}]}],"MemberPED":[{"PEDCode":null,"Remarks":null}],"exactDiagnosis":null,"dateOfDiagnosis":null,"lastDateConsultation":null,"detailsOfTreatmentGiven":null,"doctorName":null,"hospitalName":null,"phoneNumberHosital":null,"Nominee_First_Name":"adsfsd","Nominee_Last_Name":"sdfdf","Nominee_Contact_Number":"0000000000","Nominee_Home_Address":null,"Nominee_Relationship_Code":"R002"}]},"ReceiptCreation":{"officeLocation":"Mumbai","modeOfEntry":"Direct","cdAcNo":null,"expiryDate":null,"payerType":"Customer","payerCode":null,"paymentBy":"Customer","paymentByName":null,"paymentByRelationship":null,"collectionAmount":1802,"collectionRcvdDate":"2021-04-27","collectionMode":"online","remarks":null,"instrumentNumber":"pay_H3tlPad4NRfp0w","instrumentDate":"2021-04-27","bankName":"AXIS BANK","branchName":"ANNA NAGAR CHENNAI","bankLocation":null,"micrNo":null,"chequeType":null,"ifscCode":"UTIB0000016","PaymentGatewayName":"AXIS_GFB","TerminalID":"EuxJCz8cZV9V63","CardNo":null},"CombiCreation":{"Combi_flag":"1","Combi_identifier":"leadid","Combi_value":"6546546","Combi_code":"AXIS_GFB","Combi_Count":2,"Combi_product_count":2}} [] []
[2021-04-27 15:08:03] generateOTP.INFO: test [] []
[2021-04-27 15:08:04] full_quote_reponse2.INFO: "<ns0:GFB_Res xmlns:ns0=\"http:\/\/ABHICL_NBP_QuickQuote_Schemas.GFB_Response\"><errorObj><ErrorNumber>00<\/ErrorNumber><ErrorMessage>Success<\/ErrorMessage><\/errorObj><policyDtls><TransactionReferenceNumber><\/TransactionReferenceNumber><QuotationNumber>AS100793681<\/QuotationNumber><CertificateNumber>GFB-AS-21-2000014<\/CertificateNumber><LetterURL>https:\/\/abpb.adityabirlahealth.com\/hbletter\/viewletter.aspx?ABH=882180&amp;TRM=GFB-AS-21-2000014<\/LetterURL><ClientID>0001503504<\/ClientID><ProductName>Group Activ Secure<\/ProductName><ProductCode>4000<\/ProductCode><LineOfBusiness>40<\/LineOfBusiness><startDate>4\/27\/2021 12:00:00 AM<\/startDate><EndDate>4\/26\/2022 12:00:00 AM<\/EndDate><PolicyNumber>62-21-00001-00-00<\/PolicyNumber><ProposalNumber>AS100793681<\/ProposalNumber><PolicyStatus>IF<\/PolicyStatus><Tenure>1<\/Tenure><stpFlag>0<\/stpFlag><MemberCustomerID>56565GCIR101<\/MemberCustomerID><\/policyDtls><premium><BasePremium>1527.12<\/BasePremium><NetPremium>1527.12<\/NetPremium><GST>274.88<\/GST><GrossPremium>1802.00<\/GrossPremium><\/premium><receiptObj><ReceiptNumber>R70120847<\/ReceiptNumber><ReceiptAmount>1802.00<\/ReceiptAmount><ExcessAmount>0.00<\/ExcessAmount><\/receiptObj><\/ns0:GFB_Res>" [] []
[2021-04-27 15:08:05] api_insert.INFO: {"emp_id":"625535","proposal_id":"1710","member_fr_id":"0","client_id":"0001503504","certificate_number":"GFB-AS-21-2000014","quotation_no":"AS100793681","proposal_no":"AS100793681","policy_no":"62-21-00001-00-00","gross_premium":"1802.00","status":"Success","start_date":"4\/27\/2021 12:00:00 AM","end_date":"4\/26\/2022 12:00:00 AM","created_date":"2021-04-27 15:08:05","proposal_no_lead":"P-1698185725068101","PolicyStatus":"IF","letter_url":"https:\/\/abpb.adityabirlahealth.com\/hbletter\/viewletter.aspx?ABH=882180&TRM=GFB-AS-21-2000014","CustomerID":"56565GCIR101","MemberCustomerID":"56565GCIR101","create_policy_type":0,"ReceiptNumber":"R70120847"} [] []
[2021-04-27 15:08:06] generateOTP.INFO: test [] []
[2021-04-27 15:08:07] generateOTP.INFO: test [] []
[2021-04-27 15:08:17] generateOTP.INFO: test [] []
[2021-04-27 15:09:39] generateOTP.INFO: test [] []
[2021-04-27 15:12:44] generateOTP.INFO: test [] []
[2021-04-27 15:13:28] generateOTP.INFO: test [] []
[2021-04-27 15:14:13] generateOTP.INFO: {"salutation":"1","firstname":"test","lastname":"BANKING","dob":"19-12-1988","mob_no":"7010444138","panCard":"XXXXXX456A","email":"jack@gmail.com","ref1":"1","ref2":"1","comAdd":"Om hrad ntalatiof, holOmshre, talathioficeeachol, OmshreeSada9talathi","city":"MUMBAI","state":"MAHARASHTRA","pin_code":"400004","ISNRI":"N","update_emp_id":"eUREOG1PWDhUQ3lrRGcxSnY4MDRzUT09","edit":"0","policy_no":"460,461","subtype_text":"1","sum_insure":"500000","anuual_income":"","occupation":"5","familyConstruct":"1A","family_members_id":"0","family_gender":"Male","first_name":"test","last_name":"BANKING","family_date_birth":"19-12-1988","age":"32","age_type":" years","tenure":"1 Year","premiumgci":"0","family_id":"","s_date":"","marriage_date":"","premium":"undefined","policyNo":"460,461","familyDataType":"undefined","empId":"eUREOG1PWDhUQ3lrRGcxSnY4MDRzUT09","product":"YFsa5f4cb15ead28c","declare":"[]","gender":"Male","gci_options":"Yes"} [] []
[2021-04-27 15:16:20] generateOTP.INFO: test [] []
[2021-04-27 15:17:04] generateOTP.INFO: test [] []
[2021-04-27 15:19:54] generateOTP.INFO: test [] []
[2021-04-27 15:19:56] generateOTP.INFO: test [] []
[2021-04-27 15:20:06] generateOTP.INFO: test [] []
[2021-04-27 15:20:17] generateOTP.INFO: test [] []
[2021-04-27 15:20:41] generateOTP.INFO: test [] []
[2021-04-27 15:20:43] generateOTP.INFO: test [] []
[2021-04-27 15:20:47] generateOTP.INFO: test [] []
[2021-04-27 15:21:57] generateOTP.INFO: test [] []
[2021-04-27 15:24:11] generateOTP.INFO: test [] []
[2021-04-27 15:24:49] generateOTP.INFO: test [] []
[2021-04-27 15:26:19] generateOTP.INFO: test [] []
[2021-04-27 15:28:30] generateOTP.INFO: test [] []
[2021-04-27 15:28:31] generateOTP.INFO: test [] []
[2021-04-27 15:28:31] generateOTP.INFO: test [] []
[2021-04-27 15:28:39] generateOTP.INFO: test [] []
[2021-04-27 15:29:18] generateOTP.INFO: test [] []
[2021-04-27 15:29:22] generateOTP.INFO: test [] []
[2021-04-27 15:33:12] generateOTP.INFO: test [] []
[2021-04-27 15:33:13] generateOTP.INFO: test [] []
[2021-04-27 15:33:22] generateOTP.INFO: test [] []
[2021-04-27 15:33:32] generateOTP.INFO: test [] []
[2021-04-27 15:34:30] generateOTP.INFO: test [] []
[2021-04-27 15:36:22] generateOTP.INFO: test [] []
[2021-04-27 15:40:33] documentsSave.INFO: {"ops_type":"[]","ids":"1711,1712"} [] []
[2021-04-27 15:40:33] documentsSaveFiles.INFO: [] [] []
[2021-04-27 15:40:37] generateOTP.INFO: test [] []
[2021-04-27 15:40:51] generateOTP.INFO: test [] []
[2021-04-27 15:41:19] generateOTP.INFO: test [] []
[2021-04-27 15:41:25] generateOTP.INFO: test [] []
[2021-04-27 15:41:28] generateOTP.INFO: test [] []
[2021-04-27 15:41:29] generateOTP.INFO: test [] []
[2021-04-27 15:48:38] full_quote_request1.INFO: {"ClientCreation":{"Member_Customer_ID":"989046516GPAR101","salutation":"Mr","firstName":"test","middleName":"","lastName":"BANKING","dateofBirth":"12\/19\/1988","gender":"M","educationalQualification":null,"pinCode":"400004","uidNo":"5478-2589-3688","maritalStatus":null,"nationality":"Indian","occupation":"O553","primaryEmailID":"jack@gmail.com","contactMobileNo":"7010444138","stdLandlineNo":null,"panNo":null,"passportNumber":null,"contactPerson":null,"annualIncome":null,"remarks":null,"startDate":"2021-04-27","endDate":null,"IdProof":"Adhaar Card","residenceProof":null,"ageProof":null,"others":null,"homeAddressLine1":"Om hrad ntalatiof, holOmshre, talathioficeeachol, OmshreeSada9talathi","homeAddressLine2":null,"homeAddressLine3":null,"homePinCode":"400004","homeArea":null,"homeContactMobileNo":null,"homeContactMobileNo2":null,"homeSTDLandlineNo":null,"homeFaxNo":null,"sameAsHomeAddress":"1","mailingAddressLine1":null,"mailingAddressLine2":null,"mailingAddressLine3":null,"mailingPinCode":null,"mailingArea":null,"mailingContactMobileNo":null,"mailingContactMobileNo2":null,"mailingSTDLandlineNo":null,"mailingSTDLandlineNo2":null,"mailingFaxNo":null,"bankAccountType":null,"bankAccountNo":null,"ifscCode":null,"GSTIN":null,"GSTRegistrationStatus":"Consumers","IsEIAavailable":"0","ApplyEIA":"0","EIAAccountNo":null,"EIAWith":"0","AccountType":null,"AddressProof":null,"DOBProof":null,"IdentityProof":null},"PolicyCreationRequest":{"Quotation_Number":"","MasterPolicyNumber":"62-21-00001-00-00","GroupID":"GRP001","Product_Code":"4112","SumInsured_Type":null,"Policy_Tanure":"1","Member_Type_Code":"M209","intermediaryCode":"2104794","AutoRenewal":"0","AutoDebit":"0","intermediaryBranchCode":"10MHMUM01","agentSignatureDate":null,"Customer_Signature_Date":null,"businessSourceChannel":null,"AssignPolicy":"0","AssigneeName":null,"leadID":"465450","Source_Name":"AXIS_GFB","SPID":"1","TCN":null,"CRTNO":null,"RefCode1":"1","RefCode2":"051","Employee_Number":"625536","enumIsEmployeeDiscount":null,"QuoteDate":null,"IsPayment":"0","PaymentMode":null,"PolicyproductComponents":[{"PlanCode":"4112","SumInsured":"500000","SchemeCode":"4112000003"}]},"MemObj":{"Member":[{"MemberNo":1,"Salutation":"Mr","First_Name":"test","Middle_Name":null,"Last_Name":"BANKING","Gender":"M","DateOfBirth":"12\/19\/1988","Relation_Code":"R001","Marital_Status":null,"height":"0.00","weight":"0","occupation":"O553","PrimaryMember":"Y","MemberproductComponents":[{"PlanCode":"4112","MemberQuestionDetails":[{"QuestionCode":null,"Answer":null,"Remarks":null}]}],"MemberPED":[{"PEDCode":null,"Remarks":null}],"exactDiagnosis":null,"dateOfDiagnosis":null,"lastDateConsultation":null,"detailsOfTreatmentGiven":null,"doctorName":null,"hospitalName":null,"phoneNumberHosital":null,"Nominee_First_Name":"kfjgdkj","Nominee_Last_Name":"fgjdflkjl","Nominee_Contact_Number":"0000000000","Nominee_Home_Address":null,"Nominee_Relationship_Code":"R003"}]},"ReceiptCreation":{"officeLocation":"","modeOfEntry":"","cdAcNo":null,"expiryDate":null,"payerType":"","payerCode":null,"paymentBy":"","paymentByName":null,"paymentByRelationship":null,"collectionAmount":"","collectionRcvdDate":null,"collectionMode":"","remarks":null,"instrumentNumber":null,"instrumentDate":null,"bankName":null,"branchName":null,"bankLocation":null,"micrNo":null,"chequeType":null,"ifscCode":"","PaymentGatewayName":"","TerminalID":"","CardNo":null}} [] []
[2021-04-27 15:48:40] full_quote_reponse1.INFO: "<ns0:GFB_Res xmlns:ns0=\"http:\/\/ABHICL_NBP_QuickQuote_Schemas.GFB_Response\"><errorObj><ErrorNumber>00<\/ErrorNumber><ErrorMessage>Success<\/ErrorMessage><\/errorObj><policyDtls><TransactionReferenceNumber><\/TransactionReferenceNumber><QuotationNumber>AS100793729<\/QuotationNumber><CertificateNumber><\/CertificateNumber><LetterURL><\/LetterURL><ClientID><\/ClientID><ProductName>Group Activ Secure - Personal Accident<\/ProductName><ProductCode>4112<\/ProductCode><LineOfBusiness>41<\/LineOfBusiness><startDate><\/startDate><EndDate><\/EndDate><PolicyNumber>62-21-00001-00-00<\/PolicyNumber><ProposalNumber><\/ProposalNumber><PolicyStatus>PQ1<\/PolicyStatus><Tenure>1<\/Tenure><stpFlag>0<\/stpFlag><MemberCustomerID>989046516GPAR101<\/MemberCustomerID><\/policyDtls><premium><BasePremium>2515.25<\/BasePremium><NetPremium>2515.25<\/NetPremium><GST>452.75<\/GST><GrossPremium>2968.00<\/GrossPremium><\/premium><receiptObj><ReceiptNumber \/><ReceiptAmount \/><ExcessAmount \/><\/receiptObj><\/ns0:GFB_Res>" [] []
[2021-04-27 15:48:41] full_quote_request1.INFO: {"ClientCreation":{"Member_Customer_ID":"989046516GCIR101","salutation":"Mr","firstName":"test","middleName":"","lastName":"BANKING","dateofBirth":"12\/19\/1988","gender":"M","educationalQualification":null,"pinCode":"400004","uidNo":"5478-2589-3688","maritalStatus":null,"nationality":"Indian","occupation":"O553","primaryEmailID":"jack@gmail.com","contactMobileNo":"7010444138","stdLandlineNo":null,"panNo":null,"passportNumber":null,"contactPerson":null,"annualIncome":null,"remarks":null,"startDate":"2021-04-27","endDate":null,"IdProof":"Adhaar Card","residenceProof":null,"ageProof":null,"others":null,"homeAddressLine1":"Om hrad ntalatiof, holOmshre, talathioficeeachol, OmshreeSada9talathi","homeAddressLine2":null,"homeAddressLine3":null,"homePinCode":"400004","homeArea":null,"homeContactMobileNo":null,"homeContactMobileNo2":null,"homeSTDLandlineNo":null,"homeFaxNo":null,"sameAsHomeAddress":"1","mailingAddressLine1":null,"mailingAddressLine2":null,"mailingAddressLine3":null,"mailingPinCode":null,"mailingArea":null,"mailingContactMobileNo":null,"mailingContactMobileNo2":null,"mailingSTDLandlineNo":null,"mailingSTDLandlineNo2":null,"mailingFaxNo":null,"bankAccountType":null,"bankAccountNo":null,"ifscCode":null,"GSTIN":null,"GSTRegistrationStatus":"Consumers","IsEIAavailable":"0","ApplyEIA":"0","EIAAccountNo":null,"EIAWith":"0","AccountType":null,"AddressProof":null,"DOBProof":null,"IdentityProof":null},"PolicyCreationRequest":{"Quotation_Number":"","MasterPolicyNumber":"62-21-00001-00-00","GroupID":"GRP001","Product_Code":"4216","SumInsured_Type":null,"Policy_Tanure":"1","Member_Type_Code":"M209","intermediaryCode":"2104794","AutoRenewal":"0","AutoDebit":"0","intermediaryBranchCode":"10MHMUM01","agentSignatureDate":null,"Customer_Signature_Date":null,"businessSourceChannel":null,"AssignPolicy":"0","AssigneeName":null,"leadID":"465450","Source_Name":"AXIS_GFB","SPID":"1","TCN":null,"CRTNO":null,"RefCode1":"1","RefCode2":"051","Employee_Number":"625536","enumIsEmployeeDiscount":null,"QuoteDate":null,"IsPayment":"0","PaymentMode":null,"PolicyproductComponents":[{"PlanCode":"4216","SumInsured":"500000","SchemeCode":"4112000003"}]},"MemObj":{"Member":[{"MemberNo":1,"Salutation":"Mr","First_Name":"test","Middle_Name":null,"Last_Name":"BANKING","Gender":"M","DateOfBirth":"12\/19\/1988","Relation_Code":"R001","Marital_Status":null,"height":"0.00","weight":"0","occupation":"O553","PrimaryMember":"Y","MemberproductComponents":[{"PlanCode":"4216","MemberQuestionDetails":[{"QuestionCode":null,"Answer":null,"Remarks":null}]}],"MemberPED":[{"PEDCode":null,"Remarks":null}],"exactDiagnosis":null,"dateOfDiagnosis":null,"lastDateConsultation":null,"detailsOfTreatmentGiven":null,"doctorName":null,"hospitalName":null,"phoneNumberHosital":null,"Nominee_First_Name":"kfjgdkj","Nominee_Last_Name":"fgjdflkjl","Nominee_Contact_Number":"0000000000","Nominee_Home_Address":null,"Nominee_Relationship_Code":"R003"}]},"ReceiptCreation":{"officeLocation":"","modeOfEntry":"","cdAcNo":null,"expiryDate":null,"payerType":"","payerCode":null,"paymentBy":"","paymentByName":null,"paymentByRelationship":null,"collectionAmount":"","collectionRcvdDate":null,"collectionMode":"","remarks":null,"instrumentNumber":null,"instrumentDate":null,"bankName":null,"branchName":null,"bankLocation":null,"micrNo":null,"chequeType":null,"ifscCode":"","PaymentGatewayName":"","TerminalID":"","CardNo":null}} [] []
[2021-04-27 15:48:43] full_quote_reponse1.INFO: "<ns0:GFB_Res xmlns:ns0=\"http:\/\/ABHICL_NBP_QuickQuote_Schemas.GFB_Response\"><errorObj><ErrorNumber>00<\/ErrorNumber><ErrorMessage>Success<\/ErrorMessage><\/errorObj><policyDtls><TransactionReferenceNumber><\/TransactionReferenceNumber><QuotationNumber>AS100793730<\/QuotationNumber><CertificateNumber><\/CertificateNumber><LetterURL><\/LetterURL><ClientID><\/ClientID><ProductName>Group Activ Secure - Critical Illness<\/ProductName><ProductCode>4216<\/ProductCode><LineOfBusiness>42<\/LineOfBusiness><startDate><\/startDate><EndDate><\/EndDate><PolicyNumber>62-21-00001-00-00<\/PolicyNumber><ProposalNumber><\/ProposalNumber><PolicyStatus>PQ1<\/PolicyStatus><Tenure>1<\/Tenure><stpFlag>0<\/stpFlag><MemberCustomerID>989046516GCIR101<\/MemberCustomerID><\/policyDtls><premium><BasePremium>1527.12<\/BasePremium><NetPremium>1527.12<\/NetPremium><GST>274.88<\/GST><GrossPremium>1802.00<\/GrossPremium><\/premium><receiptObj><ReceiptNumber \/><ReceiptAmount \/><ExcessAmount \/><\/receiptObj><\/ns0:GFB_Res>" [] []
[2021-04-27 15:48:50] generateOTP.INFO: test [] []
[2021-04-27 15:48:51] generateOTP.INFO: test [] []
[2021-04-27 15:50:20] generateOTP.INFO: test [] []
[2021-04-27 16:00:50] generateOTP.INFO: test [] []
[2021-04-27 16:03:35] generateOTP.INFO: test [] []
[2021-04-27 16:03:47] generateOTP.INFO: test [] []
[2021-04-27 16:03:48] generateOTP.INFO: test [] []
[2021-04-27 16:04:03] generateOTP.INFO: test [] []
[2021-04-27 16:04:09] generateOTP.INFO: test [] []
[2021-04-27 16:04:58] generateOTP.INFO: test [] []
[2021-04-27 16:05:53] generateOTP.INFO: test [] []
[2021-04-27 16:08:13] generateOTP.INFO: test [] []
[2021-04-27 16:08:25] generateOTP.INFO: test [] []
[2021-04-27 16:08:29] generateOTP.INFO: test [] []
[2021-04-27 16:10:47] generateOTP.INFO: test [] []
[2021-04-27 16:11:06] generateOTP.INFO: test [] []
[2021-04-27 16:11:16] generateOTP.INFO: test [] []
[2021-04-27 16:11:39] generateOTP.INFO: test [] []
[2021-04-27 16:11:59] generateOTP.INFO: test [] []
[2021-04-27 16:11:59] generateOTP.INFO: test [] []
[2021-04-27 16:12:08] generateOTP.INFO: test [] []
[2021-04-27 16:13:15] generateOTP.INFO: test [] []
[2021-04-27 16:13:17] generateOTP.INFO: test [] []
[2021-04-27 16:13:27] generateOTP.INFO: test [] []
[2021-04-27 16:13:53] generateOTP.INFO: test [] []
[2021-04-27 16:13:53] generateOTP.INFO: test [] []
[2021-04-27 16:14:25] generateOTP.INFO: test [] []
[2021-04-27 16:14:50] generateOTP.INFO: test [] []
[2021-04-27 16:25:39] generateOTP.INFO: test [] []
[2021-04-27 16:25:52] generateOTP.INFO: test [] []
[2021-04-27 16:28:06] generateOTP.INFO: test [] []
[2021-04-27 16:29:30] generateOTP.INFO: test [] []
[2021-04-27 16:30:06] generateOTP.INFO: test [] []
[2021-04-27 16:30:08] generateOTP.INFO: test [] []
[2021-04-27 16:30:09] generateOTP.INFO: test [] []
[2021-04-27 16:30:20] generateOTP.INFO: test [] []
[2021-04-27 16:30:25] generateOTP.INFO: test [] []
[2021-04-27 16:30:55] generateOTP.INFO: test [] []
[2021-04-27 16:32:56] generateOTP.INFO: test [] []
[2021-04-27 16:33:21] generateOTP.INFO: test [] []
[2021-04-27 16:34:14] generateOTP.INFO: test [] []
[2021-04-27 16:34:52] generateOTP.INFO: test [] []
[2021-04-27 16:36:04] generateOTP.INFO: test [] []
[2021-04-27 16:36:38] generateOTP.INFO: test [] []
[2021-04-27 16:36:42] generateOTP.INFO: test [] []
[2021-04-27 16:37:30] generateOTP.INFO: test [] []
[2021-04-27 16:38:10] generateOTP.INFO: test [] []
[2021-04-27 16:39:23] generateOTP.INFO: test [] []
[2021-04-27 16:39:53] generateOTP.INFO: test [] []
[2021-04-27 16:39:57] generateOTP.INFO: test [] []
[2021-04-27 16:40:43] generateOTP.INFO: test [] []
[2021-04-27 16:41:04] generateOTP.INFO: test [] []
[2021-04-27 16:42:36] generateOTP.INFO: test [] []
[2021-04-27 16:42:49] generateOTP.INFO: test [] []
[2021-04-27 16:42:52] generateOTP.INFO: test [] []
[2021-04-27 16:42:53] generateOTP.INFO: test [] []
[2021-04-27 16:43:44] generateOTP.INFO: test [] []
[2021-04-27 16:44:09] generateOTP.INFO: test [] []
[2021-04-27 16:44:24] generateOTP.INFO: test [] []
[2021-04-27 16:44:24] generateOTP.INFO: test [] []
[2021-04-27 16:44:24] generateOTP.INFO: test [] []
[2021-04-27 16:44:32] generateOTP.INFO: {"salutation":"1","firstname":"test","lastname":"BANKING","dob":"19-12-1988","mob_no":"7010444138","panCard":"XXXXXX456A","email":"jack@gmail.com","ref1":"1","ref2":"1","comAdd":"Om hrad ntalatiof, holOmshre, talathioficeeachol, OmshreeSada9talathi","city":"MUMBAI","state":"MAHARASHTRA","pin_code":"622103","ISNRI":"N","update_emp_id":"NVVPVUIwTndVZy9uSjJiNTcreGZ0QT09","edit":"0","policy_no":"460,461","subtype_text":"1","sum_insure":"500000","anuual_income":"","occupation":"1","familyConstruct":"1A","family_members_id":"0","family_gender":"Male","first_name":"test","last_name":"BANKING","family_date_birth":"19-12-1988","age":"32","age_type":" years","tenure":"1 Year","premiumgci":"0","family_id":"","s_date":"","marriage_date":"","premium":"undefined","policyNo":"460,461","familyDataType":"undefined","empId":"NVVPVUIwTndVZy9uSjJiNTcreGZ0QT09","product":"YFsa5f4cb15ead28c","declare":"[]","gender":"Male","gci_options":"Yes"} [] []
[2021-04-27 16:44:34] generateOTP.INFO: test [] []
[2021-04-27 16:44:35] generateOTP.INFO: test [] []
[2021-04-27 16:44:35] generateOTP.INFO: test [] []
[2021-04-27 16:44:41] generateOTP.INFO: test [] []
[2021-04-27 16:44:43] generateOTP.INFO: test [] []
[2021-04-27 16:44:45] generateOTP.INFO: test [] []
[2021-04-27 16:45:32] generateOTP.INFO: test [] []
[2021-04-27 16:45:42] generateOTP.INFO: test [] []
[2021-04-27 16:45:48] generateOTP.INFO: test [] []
[2021-04-27 16:45:52] generateOTP.INFO: test [] []
[2021-04-27 16:46:09] generateOTP.INFO: test [] []
[2021-04-27 16:46:09] generateOTP.INFO: test [] []
[2021-04-27 16:46:11] generateOTP.INFO: test [] []
[2021-04-27 16:46:13] generateOTP.INFO: test [] []
[2021-04-27 16:46:18] generateOTP.INFO: test [] []
[2021-04-27 16:46:23] generateOTP.INFO: test [] []
[2021-04-27 16:46:26] generateOTP.INFO: test [] []
[2021-04-27 16:46:32] generateOTP.INFO: test [] []
[2021-04-27 16:47:08] generateOTP.INFO: test [] []
[2021-04-27 16:47:10] generateOTP.INFO: test [] []
[2021-04-27 16:47:13] generateOTP.INFO: test [] []
[2021-04-27 16:47:16] generateOTP.INFO: test [] []
[2021-04-27 16:47:22] generateOTP.INFO: test [] []
[2021-04-27 16:47:26] generateOTP.INFO: test [] []
[2021-04-27 16:48:12] generateOTP.INFO: test [] []
[2021-04-27 16:50:14] generateOTP.INFO: test [] []
[2021-04-27 16:50:24] generateOTP.INFO: test [] []
[2021-04-27 16:50:55] generateOTP.INFO: test [] []
[2021-04-27 16:51:00] generateOTP.INFO: test [] []
[2021-04-27 16:51:17] generateOTP.INFO: test [] []
[2021-04-27 16:51:26] generateOTP.INFO: {"salutation":"1","firstname":"test","lastname":"BANKING","dob":"19-12-1988","mob_no":"7010444138","panCard":"XXXXXX456A","email":"jack@gmail.com","ref1":"1","ref2":"1","comAdd":"Om hrad ntalatiof, holOmshre, talathioficeeachol, OmshreeSada9talathi","city":"Illuppur","state":"TAMIL NADU","pin_code":"622103","ISNRI":"N","update_emp_id":"NVVPVUIwTndVZy9uSjJiNTcreGZ0QT09","edit":"0","policy_no":"460,461","subtype_text":"1","sum_insure":"500000","anuual_income":"","occupation":"1","familyConstruct":"1A","family_members_id":"0","family_gender":"Male","first_name":"test","last_name":"BANKING","family_date_birth":"19-12-1988","age":"32","age_type":" years","tenure":"1 Year","premiumgci":"0","family_id":"","s_date":"","marriage_date":"","premium":"undefined","policyNo":"460,461","familyDataType":"undefined","empId":"NVVPVUIwTndVZy9uSjJiNTcreGZ0QT09","product":"YFsa5f4cb15ead28c","declare":"[]","gender":"Male","gci_options":"Yes"} [] []
[2021-04-27 16:51:41] generateOTP.INFO: test [] []
[2021-04-27 16:52:16] generateOTP.INFO: test [] []
[2021-04-27 16:52:26] generateOTP.INFO: test [] []
[2021-04-27 16:53:49] generateOTP.INFO: test [] []
[2021-04-27 16:53:50] generateOTP.INFO: test [] []
[2021-04-27 16:54:42] generateOTP.INFO: test [] []
[2021-04-27 16:54:50] generateOTP.INFO: test [] []
[2021-04-27 16:55:37] generateOTP.INFO: test [] []
[2021-04-27 16:56:37] generateOTP.INFO: test [] []
[2021-04-27 16:56:49] generateOTP.INFO: test [] []
[2021-04-27 16:57:15] generateOTP.INFO: test [] []
[2021-04-27 16:57:28] generateOTP.INFO: test [] []
[2021-04-27 16:59:19] generateOTP.INFO: test [] []
[2021-04-27 16:59:20] generateOTP.INFO: test [] []
[2021-04-27 16:59:29] generateOTP.INFO: test [] []
[2021-04-27 16:59:35] generateOTP.INFO: test [] []
[2021-04-27 16:59:44] generateOTP.INFO: test [] []
[2021-04-27 16:59:45] generateOTP.INFO: test [] []
[2021-04-27 17:00:36] generateOTP.INFO: test [] []
[2021-04-27 17:00:52] generateOTP.INFO: test [] []
[2021-04-27 17:00:53] generateOTP.INFO: test [] []
[2021-04-27 17:01:04] generateOTP.INFO: test [] []
[2021-04-27 17:01:09] generateOTP.INFO: test [] []
[2021-04-27 17:01:15] generateOTP.INFO: test [] []
[2021-04-27 17:01:20] generateOTP.INFO: test [] []
[2021-04-27 17:01:27] generateOTP.INFO: test [] []
[2021-04-27 17:02:32] generateOTP.INFO: test [] []
[2021-04-27 17:02:38] generateOTP.INFO: test [] []
[2021-04-27 17:02:39] generateOTP.INFO: test [] []
[2021-04-27 17:02:43] generateOTP.INFO: test [] []
[2021-04-27 17:02:44] generateOTP.INFO: test [] []
[2021-04-27 17:02:58] generateOTP.INFO: test [] []
[2021-04-27 17:03:06] generateOTP.INFO: {"salutation":"1","firstname":"test","lastname":"BANKING","dob":"19-12-1988","mob_no":"7010444138","panCard":"XXXXXX456A","email":"jack@gmail.com","ref1":"1","ref2":"1","comAdd":"Om hrad ntalatiof, holOmshre, talathioficeeachol, OmshreeSada9talathi","city":"Illuppur","state":"TAMIL NADU","pin_code":"622103","ISNRI":"N","update_emp_id":"NVVPVUIwTndVZy9uSjJiNTcreGZ0QT09","edit":"0","policy_no":"460,461","subtype_text":"1","sum_insure":"500000","anuual_income":"","occupation":"1","familyConstruct":"1A","family_members_id":"0","family_gender":"Male","first_name":"test","last_name":"BANKING","family_date_birth":"19-12-1988","age":"32","age_type":" years","tenure":"1 Year","premiumgci":"0","family_id":"","s_date":"","marriage_date":"","premium":"undefined","policyNo":"460,461","familyDataType":"undefined","empId":"NVVPVUIwTndVZy9uSjJiNTcreGZ0QT09","product":"YFsa5f4cb15ead28c","declare":"[]","gender":"Male","gci_options":"Yes"} [] []
[2021-04-27 17:03:21] generateOTP.INFO: test [] []
[2021-04-27 17:03:21] generateOTP.INFO: test [] []
[2021-04-27 17:03:54] generateOTP.INFO: test [] []
[2021-04-27 17:03:58] generateOTP.INFO: test [] []
[2021-04-27 17:04:06] generateOTP.INFO: test [] []
[2021-04-27 17:04:41] generateOTP.INFO: test [] []
[2021-04-27 17:04:42] generateOTP.INFO: test [] []
[2021-04-27 17:04:51] generateOTP.INFO: test [] []
[2021-04-27 17:04:55] generateOTP.INFO: test [] []
[2021-04-27 17:05:47] generateOTP.INFO: test [] []
[2021-04-27 17:06:44] generateOTP.INFO: test [] []
[2021-04-27 17:08:23] generateOTP.INFO: test [] []
[2021-04-27 17:09:24] generateOTP.INFO: test [] []
[2021-04-27 17:11:48] generateOTP.INFO: test [] []
[2021-04-27 17:13:01] generateOTP.INFO: test [] []
[2021-04-27 17:13:10] generateOTP.INFO: test [] []
[2021-04-27 17:14:19] generateOTP.INFO: test [] []
[2021-04-27 17:14:26] generateOTP.INFO: test [] []
[2021-04-27 17:15:33] generateOTP.INFO: test [] []
[2021-04-27 17:16:18] generateOTP.INFO: test [] []
[2021-04-27 17:16:22] generateOTP.INFO: test [] []
[2021-04-27 17:16:23] generateOTP.INFO: test [] []
[2021-04-27 17:16:37] generateOTP.INFO: test [] []
[2021-04-27 17:16:37] generateOTP.INFO: test [] []
[2021-04-27 17:16:37] generateOTP.INFO: test [] []
[2021-04-27 17:16:39] generateOTP.INFO: test [] []
[2021-04-27 17:16:39] generateOTP.INFO: test [] []
[2021-04-27 17:16:40] generateOTP.INFO: test [] []
[2021-04-27 17:16:40] generateOTP.INFO: test [] []
[2021-04-27 17:16:40] generateOTP.INFO: test [] []
[2021-04-27 17:16:41] generateOTP.INFO: test [] []
[2021-04-27 17:16:42] generateOTP.INFO: test [] []
[2021-04-27 17:16:43] generateOTP.INFO: test [] []
[2021-04-27 17:16:51] generateOTP.INFO: test [] []
[2021-04-27 17:16:52] generateOTP.INFO: test [] []
[2021-04-27 17:16:58] generateOTP.INFO: test [] []
[2021-04-27 17:17:18] generateOTP.INFO: {"salutation":"1","firstname":"test","lastname":"BANKING","dob":"19-12-1988","mob_no":"7010444138","panCard":"XXXXXX456A","email":"jack@gmail.com","ref1":"1","ref2":"1","comAdd":"Om hrad ntalatiof, holOmshre, talathioficeeachol, OmshreeSada9talathi","city":"MUMBAI","state":"MAHARASHTRA","pin_code":"622103","ISNRI":"N","update_emp_id":"aFA5MVZFMW83ZmkxaE50SFQ5cGd3UT09","edit":"0","policy_no":"470","subtype_text":"1","sum_insure":"5000000","familyConstruct":"1A","occupation":"","anuual_income":"","family_members_id":"0","family_gender":"Male","first_name":"test","last_name":"BANKING","family_date_birth":"19-12-1988","age":"32","age_type":" years","tenure":"1 Year","family_id":"","s_date":"","marriage_date":"","premium":"12199","policyNo":"470","familyDataType":"undefined","empId":"aFA5MVZFMW83ZmkxaE50SFQ5cGd3UT09","product":"test123abc","declare":"[]","gender":"Male","gci_options":"undefined","gpa_options":"No","hidden_policy_id":"470","hidden_deductable":"0"} [] []
[2021-04-27 17:17:28] generateOTP.INFO: test [] []
[2021-04-27 17:17:50] generateOTP.INFO: test [] []
[2021-04-27 17:18:03] generateOTP.INFO: test [] []
[2021-04-27 17:18:08] generateOTP.INFO: test [] []
[2021-04-27 17:18:08] generateOTP.INFO: test [] []
[2021-04-27 17:18:08] generateOTP.INFO: test [] []
[2021-04-27 17:18:08] generateOTP.INFO: test [] []
[2021-04-27 17:18:08] generateOTP.INFO: test [] []
[2021-04-27 17:18:17] generateOTP.INFO: {"salutation":"1","firstname":"test","lastname":"BANKING","dob":"19-12-1988","mob_no":"7010444138","panCard":"XXXXXX456A","email":"jack@gmail.com","ref1":"1","ref2":"1","comAdd":"Om hrad ntalatiof, holOmshre, talathioficeeachol, OmshreeSada9talathi","city":"MUMBAI","state":"MAHARASHTRA","pin_code":"622103","ISNRI":"N","update_emp_id":"aFA5MVZFMW83ZmkxaE50SFQ5cGd3UT09","edit":"0","policy_no":"470","subtype_text":"1","sum_insure":"5000000","familyConstruct":"1A","occupation":"1","anuual_income":"900000","family_members_id":"0","family_gender":"Male","first_name":"test","last_name":"BANKING","family_date_birth":"19-12-1988","age":"32","age_type":" years","tenure":"1 Year","family_id":"","s_date":"","marriage_date":"","premium":"12199","policyNo":"470","familyDataType":"undefined","empId":"aFA5MVZFMW83ZmkxaE50SFQ5cGd3UT09","product":"test123abc","declare":"[]","gender":"Male","gci_options":"undefined","gpa_options":"Yes","hidden_policy_id":"470,471","hidden_deductable":"0"} [] []
[2021-04-27 17:18:45] generateOTP.INFO: test [] []
[2021-04-27 17:18:53] generateOTP.INFO: test [] []
[2021-04-27 17:18:53] generateOTP.INFO: test [] []
[2021-04-27 17:18:55] generateOTP.INFO: {"salutation":"1","firstname":"test","lastname":"BANKING","dob":"19-12-1988","mob_no":"7010444138","panCard":"XXXXXX456A","email":"jack@gmail.com","ref1":"1","ref2":"1","comAdd":"Om hrad ntalatiof, holOmshre, talathioficeeachol, OmshreeSada9talathi","city":"MUMBAI","state":"MAHARASHTRA","pin_code":"622103","ISNRI":"N","update_emp_id":"aFA5MVZFMW83ZmkxaE50SFQ5cGd3UT09","edit":"0","policy_no":"470","subtype_text":"1","sum_insure":"5000000","familyConstruct":"1A","occupation":"1","anuual_income":"900000","family_members_id":"0","family_gender":"Male","first_name":"test","last_name":"BANKING","family_date_birth":"19-12-1988","age":"32","age_type":" years","tenure":"1 Year","family_id":"","s_date":"","marriage_date":"","premium":"12199","policyNo":"470","familyDataType":"undefined","empId":"aFA5MVZFMW83ZmkxaE50SFQ5cGd3UT09","product":"test123abc","declare":"[]","gender":"Male","gci_options":"undefined","gpa_options":"Yes","hidden_policy_id":"470,471","hidden_deductable":"0"} [] []
[2021-04-27 17:18:56] generateOTP.INFO: test [] []
[2021-04-27 17:18:56] generateOTP.INFO: test [] []
[2021-04-27 17:18:56] generateOTP.INFO: test [] []
[2021-04-27 17:18:56] generateOTP.INFO: test [] []
[2021-04-27 17:18:58] generateOTP.INFO: test [] []
[2021-04-27 17:18:58] generateOTP.INFO: test [] []
[2021-04-27 17:19:00] generateOTP.INFO: test [] []
[2021-04-27 17:19:00] generateOTP.INFO: test [] []
[2021-04-27 17:21:02] generateOTP.INFO: test [] []
[2021-04-27 17:21:02] generateOTP.INFO: test [] []
[2021-04-27 17:21:02] generateOTP.INFO: test [] []
[2021-04-27 17:21:18] generateOTP.INFO: test [] []
[2021-04-27 17:21:18] generateOTP.INFO: test [] []
[2021-04-27 17:21:18] generateOTP.INFO: test [] []
[2021-04-27 17:21:18] generateOTP.INFO: test [] []
[2021-04-27 17:21:18] generateOTP.INFO: test [] []
[2021-04-27 17:21:20] generateOTP.INFO: test [] []
[2021-04-27 17:21:23] generateOTP.INFO: test [] []
[2021-04-27 17:24:46] generateOTP.INFO: test [] []
[2021-04-27 17:24:48] generateOTP.INFO: test [] []
[2021-04-27 17:24:55] generateOTP.INFO: test [] []
[2021-04-27 17:25:31] generateOTP.INFO: test [] []
[2021-04-27 17:25:42] generateOTP.INFO: test [] []
[2021-04-27 17:26:39] generateOTP.INFO: test [] []
[2021-04-27 17:26:39] generateOTP.INFO: test [] []
[2021-04-27 17:26:39] generateOTP.INFO: test [] []
[2021-04-27 17:26:48] generateOTP.INFO: test [] []
[2021-04-27 17:26:52] generateOTP.INFO: test [] []
[2021-04-27 17:27:08] generateOTP.INFO: test [] []
[2021-04-27 17:27:36] generateOTP.INFO: {"salutation":"1","firstname":"test","lastname":"BANKING","dob":"19-12-1988","mob_no":"7010444138","panCard":"XXXXXX456A","email":"jack@gmail.com","ref1":"1","ref2":"1","comAdd":"Om hrad ntalatiof, holOmshre, talathioficeeachol, OmshreeSada9talathi","city":"Illuppur","state":"TAMIL NADU","pin_code":"622103","ISNRI":"N","update_emp_id":"NVVPVUIwTndVZy9uSjJiNTcreGZ0QT09","edit":"0","policy_no":"460,461","subtype_text":"1","sum_insure":"500000","anuual_income":"","occupation":"1","familyConstruct":"1A","family_members_id":"0","family_gender":"Male","first_name":"test","last_name":"BANKING","family_date_birth":"19-12-1988","age":"32","age_type":" years","tenure":"1 Year","premiumgci":"","family_id":"","s_date":"","marriage_date":"","premium":"undefined","policyNo":"460,461","familyDataType":"undefined","empId":"NVVPVUIwTndVZy9uSjJiNTcreGZ0QT09","product":"YFsa5f4cb15ead28c","declare":"[]","gender":"Male","gci_options":"Yes"} [] []
[2021-04-27 17:28:10] generateOTP.INFO: test [] []
[2021-04-27 17:28:10] generateOTP.INFO: test [] []
[2021-04-27 17:28:16] generateOTP.INFO: test [] []
[2021-04-27 17:29:08] generateOTP.INFO: test [] []
[2021-04-27 17:29:19] generateOTP.INFO: test [] []
[2021-04-27 17:29:20] generateOTP.INFO: test [] []
[2021-04-27 17:29:20] generateOTP.INFO: test [] []
[2021-04-27 17:29:27] generateOTP.INFO: test [] []
[2021-04-27 17:29:45] generateOTP.INFO: test [] []
[2021-04-27 17:29:48] generateOTP.INFO: test [] []
[2021-04-27 17:30:27] generateOTP.INFO: test [] []
[2021-04-27 17:31:11] generateOTP.INFO: test [] []
[2021-04-27 17:31:23] generateOTP.INFO: {"salutation":"1","firstname":"test","lastname":"BANKING","dob":"19-12-1988","mob_no":"7010444138","panCard":"XXXXXX456A","email":"jack@gmail.com","ref1":"1","ref2":"1","comAdd":"Om hrad ntalatiof, holOmshre, talathioficeeachol, OmshreeSada9talathi","city":"Illuppur","state":"TAMIL NADU","pin_code":"622103","ISNRI":"N","update_emp_id":"NVVPVUIwTndVZy9uSjJiNTcreGZ0QT09","edit":"0","policy_no":"460,461","subtype_text":"1","sum_insure":"500000","anuual_income":"","occupation":"1","familyConstruct":"1A","family_members_id":"1","family_gender":"Female","first_name":"sadsd","last_name":"","family_date_birth":"03-04-1981","age":"40","age_type":" years","tenure":"1 Year","premiumgci":"","family_id":"","s_date":"","marriage_date":"","premium":"undefined","policyNo":"460,461","familyDataType":"undefined","empId":"NVVPVUIwTndVZy9uSjJiNTcreGZ0QT09","product":"YFsa5f4cb15ead28c","declare":"[]","gender":"Male","gci_options":"Yes"} [] []
[2021-04-27 17:31:36] generateOTP.INFO: {"salutation":"1","firstname":"test","lastname":"BANKING","dob":"19-12-1988","mob_no":"7010444138","panCard":"XXXXXX456A","email":"jack@gmail.com","ref1":"1","ref2":"1","comAdd":"Om hrad ntalatiof, holOmshre, talathioficeeachol, OmshreeSada9talathi","city":"Illuppur","state":"TAMIL NADU","pin_code":"622103","ISNRI":"N","update_emp_id":"NVVPVUIwTndVZy9uSjJiNTcreGZ0QT09","edit":"7580","policy_no":"460,461","subtype_text":"1","sum_insure":"500000","anuual_income":"","occupation":"1","familyConstruct":"1A","family_members_id":"1","family_gender":"Female","first_name":"test","last_name":".","family_date_birth":"03-04-1981","age":"40","age_type":" years","tenure":"1 Year","premiumgci":"2968","family_id":"","s_date":"","marriage_date":"","premium":"undefined","policyNo":"460,461","familyDataType":"undefined","empId":"NVVPVUIwTndVZy9uSjJiNTcreGZ0QT09","product":"YFsa5f4cb15ead28c","declare":"[]","gender":"Male","gci_options":"Yes"} [] []
[2021-04-27 17:31:49] generateOTP.INFO: test [] []
[2021-04-27 17:32:26] generateOTP.INFO: {"salutation":"1","firstname":"test","lastname":"BANKING","dob":"19-12-1988","mob_no":"7010444138","panCard":"XXXXXX456A","email":"jack@gmail.com","ref1":"1","ref2":"1","comAdd":"Om hrad ntalatiof, holOmshre, talathioficeeachol, OmshreeSada9talathi","city":"Illuppur","state":"TAMIL NADU","pin_code":"622103","ISNRI":"N","update_emp_id":"NVVPVUIwTndVZy9uSjJiNTcreGZ0QT09","edit":"7580","policy_no":"460,461","subtype_text":"1","sum_insure":"500000","anuual_income":"0","occupation":"1","familyConstruct":"1A","family_members_id":"1","family_gender":"Female","first_name":"test","last_name":".","family_date_birth":"04-04-1991","age":"40","age_type":" years","tenure":"1 Year","premiumgci":"2968","family_id":"","s_date":"03-04-1981","marriage_date":"","premium":"undefined","policyNo":"460,461","familyDataType":"undefined","empId":"NVVPVUIwTndVZy9uSjJiNTcreGZ0QT09","product":"YFsa5f4cb15ead28c","declare":"[]","gender":"Male","gci_options":"Yes"} [] []
[2021-04-27 17:32:40] generateOTP.INFO: test [] []
[2021-04-27 17:33:49] generateOTP.INFO: test [] []
[2021-04-27 17:34:06] generateOTP.INFO: test [] []
[2021-04-27 17:34:13] generateOTP.INFO: test [] []
[2021-04-27 17:34:20] generateOTP.INFO: test [] []
[2021-04-27 17:34:23] generateOTP.INFO: test [] []
[2021-04-27 17:35:48] generateOTP.INFO: test [] []
[2021-04-27 17:35:49] generateOTP.INFO: test [] []
[2021-04-27 17:35:53] generateOTP.INFO: test [] []
[2021-04-27 17:35:56] generateOTP.INFO: test [] []
[2021-04-27 17:38:19] generateOTP.INFO: test [] []
[2021-04-27 17:41:38] generateOTP.INFO: test [] []
[2021-04-27 17:41:42] generateOTP.INFO: test [] []
[2021-04-27 17:45:39] generateOTP.INFO: test [] []
[2021-04-27 17:45:44] generateOTP.INFO: test [] []
[2021-04-27 17:46:07] generateOTP.INFO: test [] []
[2021-04-27 17:46:12] generateOTP.INFO: test [] []
[2021-04-27 17:47:31] generateOTP.INFO: test [] []
[2021-04-27 17:50:35] generateOTP.INFO: test [] []
[2021-04-27 17:54:02] generateOTP.INFO: test [] []
[2021-04-27 17:54:17] generateOTP.INFO: test [] []
[2021-04-27 17:58:50] generateOTP.INFO: test [] []
[2021-04-27 18:01:11] generateOTP.INFO: test [] []
[2021-04-27 18:03:15] generateOTP.INFO: test [] []
[2021-04-27 18:03:39] generateOTP.INFO: test [] []
[2021-04-27 18:03:57] generateOTP.INFO: test [] []
[2021-04-27 18:04:57] generateOTP.INFO: test [] []
[2021-04-27 18:06:45] generateOTP.INFO: test [] []
[2021-04-27 18:07:23] generateOTP.INFO: test [] []
[2021-04-27 18:07:29] generateOTP.INFO: test [] []
[2021-04-27 18:07:29] generateOTP.INFO: test [] []
[2021-04-27 18:07:30] generateOTP.INFO: test [] []
[2021-04-27 18:07:59] generateOTP.INFO: test [] []
[2021-04-27 18:08:02] generateOTP.INFO: test [] []
[2021-04-27 18:09:41] generateOTP.INFO: test [] []
[2021-04-27 18:12:26] generateOTP.INFO: test [] []
[2021-04-27 18:12:34] generateOTP.INFO: test [] []
[2021-04-27 18:20:36] generateOTP.INFO: test [] []
[2021-04-27 18:20:36] generateOTP.INFO: test [] []
[2021-04-27 18:20:37] generateOTP.INFO: test [] []
[2021-04-27 18:20:52] generateOTP.INFO: test [] []
[2021-04-27 18:20:55] generateOTP.INFO: test [] []
[2021-04-27 18:22:15] generateOTP.INFO: test [] []
[2021-04-27 18:23:26] generateOTP.INFO: test [] []
[2021-04-27 18:23:38] generateOTP.INFO: test [] []
[2021-04-27 18:23:59] generateOTP.INFO: {"salutation":"1","firstname":"test","lastname":"BANKING","dob":"19-12-1988","mob_no":"7010444138","panCard":"XXXXXX456A","email":"jack@gmail.com","ref1":"1","ref2":"1","comAdd":"Om hrad ntalatiof, holOmshre, talathioficeeachol, OmshreeSada9talathi","city":"Illuppur","state":"TAMIL NADU","pin_code":"622103","ISNRI":"N","update_emp_id":"NVVPVUIwTndVZy9uSjJiNTcreGZ0QT09","edit":"0","policy_no":"460,461","subtype_text":"1","sum_insure":"500000","anuual_income":"","occupation":"1","familyConstruct":"2A","family_members_id":"0","family_gender":"Male","first_name":"test","last_name":"BANKING","family_date_birth":"19-12-1988","age":"32","age_type":" years","tenure":"1 Year","premiumgci":"0","family_id":"","s_date":"04-04-1991","marriage_date":"","premium":"undefined","policyNo":"460,461","familyDataType":"undefined","empId":"NVVPVUIwTndVZy9uSjJiNTcreGZ0QT09","product":"YFsa5f4cb15ead28c","declare":"[]","gender":"Male","gci_options":"Yes"} [] []
[2021-04-27 18:24:19] generateOTP.INFO: {"salutation":"1","firstname":"test","lastname":"BANKING","dob":"19-12-1988","mob_no":"7010444138","panCard":"XXXXXX456A","email":"jack@gmail.com","ref1":"1","ref2":"1","comAdd":"Om hrad ntalatiof, holOmshre, talathioficeeachol, OmshreeSada9talathi","city":"Illuppur","state":"TAMIL NADU","pin_code":"622103","ISNRI":"N","update_emp_id":"NVVPVUIwTndVZy9uSjJiNTcreGZ0QT09","edit":"0","policy_no":"460,461","subtype_text":"1","sum_insure":"500000","anuual_income":"","occupation":"1","familyConstruct":"2A","family_members_id":"1","family_gender":"Female","first_name":"FFSDF","last_name":"SDFFSD","family_date_birth":"02-04-1970","age":"51","age_type":" years","tenure":"1 Year","premiumgci":"2968","family_id":"","s_date":"04-04-1991","marriage_date":"","premium":"undefined","policyNo":"460,461","familyDataType":"undefined","empId":"NVVPVUIwTndVZy9uSjJiNTcreGZ0QT09","product":"YFsa5f4cb15ead28c","declare":"[]","gender":"Male","gci_options":"Yes"} [] []
[2021-04-27 18:25:04] generateOTP.INFO: test [] []
[2021-04-27 18:25:28] generateOTP.INFO: test [] []
[2021-04-27 18:26:05] generateOTP.INFO: test [] []
[2021-04-27 18:26:51] generateOTP.INFO: {"salutation":"1","firstname":"test","lastname":"BANKING","dob":"19-12-1988","mob_no":"7010444138","panCard":"XXXXXX456A","email":"jack@gmail.com","ref1":"1","ref2":"1","comAdd":"Om hrad ntalatiof, holOmshre, talathioficeeachol, OmshreeSada9talathi","city":"MUMBAI","state":"MAHARASHTRA","pin_code":"622103","ISNRI":"N","update_emp_id":"aGxTKzZyc21XZHJtVVRoRjM0RGFuZz09","edit":"0","policy_no":"460,461","subtype_text":"1","sum_insure":"500000","anuual_income":"","occupation":"5","familyConstruct":"1A","family_members_id":"0","family_gender":"Male","first_name":"test","last_name":"BANKING","family_date_birth":"19-12-1988","age":"32","age_type":" years","tenure":"1 Year","premiumgci":"0","family_id":"","s_date":"","marriage_date":"","premium":"undefined","policyNo":"460,461","familyDataType":"undefined","empId":"aGxTKzZyc21XZHJtVVRoRjM0RGFuZz09","product":"YFsa5f4cb15ead28c","declare":"[]","gender":"Male","gci_options":"Yes"} [] []
[2021-04-27 18:34:49] generateOTP.INFO: test [] []
[2021-04-27 18:34:50] generateOTP.INFO: test [] []
[2021-04-27 18:34:50] generateOTP.INFO: test [] []
[2021-04-27 18:35:00] generateOTP.INFO: test [] []
[2021-04-27 18:35:03] generateOTP.INFO: test [] []
[2021-04-27 18:38:19] generateOTP.INFO: test [] []
[2021-04-27 18:40:49] generateOTP.INFO: test [] []
[2021-04-27 18:42:55] generateOTP.INFO: test [] []
[2021-04-27 18:43:39] generateOTP.INFO: test [] []
[2021-04-27 18:53:56] generateOTP.INFO: test [] []
[2021-04-27 18:53:56] generateOTP.INFO: test [] []
[2021-04-27 18:53:56] generateOTP.INFO: test [] []
[2021-04-27 18:54:10] generateOTP.INFO: test [] []
[2021-04-27 18:54:13] generateOTP.INFO: test [] []
[2021-04-27 18:54:54] generateOTP.INFO: test [] []
[2021-04-27 18:55:16] generateOTP.INFO: test [] []
[2021-04-27 18:55:48] generateOTP.INFO: test [] []
[2021-04-27 18:56:38] generateOTP.INFO: test [] []
[2021-04-27 18:58:44] generateOTP.INFO: test [] []
[2021-04-27 19:00:38] generateOTP.INFO: test [] []
[2021-04-27 19:01:04] generateOTP.INFO: test [] []
[2021-04-27 19:08:50] generateOTP.INFO: test [] []
[2021-04-27 19:09:17] generateOTP.INFO: test [] []
[2021-04-27 19:09:44] generateOTP.INFO: test [] []
[2021-04-27 19:09:58] generateOTP.INFO: test [] []
[2021-04-27 19:14:23] generateOTP.INFO: test [] []
[2021-04-27 19:16:59] generateOTP.INFO: test [] []
[2021-04-27 19:17:22] generateOTP.INFO: test [] []
[2021-04-27 19:19:23] generateOTP.INFO: test [] []
[2021-04-27 19:26:13] generateOTP.INFO: test [] []
[2021-04-27 19:26:23] generateOTP.INFO: test [] []
[2021-04-27 19:26:36] generateOTP.INFO: test [] []
[2021-04-27 19:38:49] generateOTP.INFO: test [] []
[2021-04-27 19:44:41] generateOTP.INFO: test [] []
[2021-04-27 19:44:41] generateOTP.INFO: test [] []
[2021-04-27 19:44:46] generateOTP.INFO: test [] []
[2021-04-27 19:47:22] generateOTP.INFO: test [] []
[2021-04-27 19:48:18] generateOTP.INFO: test [] []
[2021-04-27 19:50:30] generateOTP.INFO: test [] []
[2021-04-27 19:50:30] generateOTP.INFO: test [] []
[2021-04-27 19:50:38] generateOTP.INFO: test [] []
[2021-04-27 19:56:49] generateOTP.INFO: test [] []
[2021-04-27 19:56:52] generateOTP.INFO: test [] []
[2021-04-27 20:28:24] generateOTP.INFO: test [] []
