[2019-12-27 09:53:32] generateOTP.INFO: test [] []
[2019-12-27 09:58:20] generateOTP.INFO: test [] []
[2019-12-27 09:58:24] generateOTP.INFO: test [] []
[2019-12-27 10:06:39] generateOTP.INFO: test [] []
[2019-12-27 10:06:40] generateOTP.INFO: test [] []
[2019-12-27 10:06:54] generateOTP.INFO: test [] []
[2019-12-27 10:06:54] generateOTP.INFO: test [] []
[2019-12-27 10:06:54] generateOTP.INFO: test [] []
[2019-12-27 10:06:54] generateOTP.INFO: test [] []
[2019-12-27 10:08:57] generateOTP.INFO: test [] []
[2019-12-27 10:08:57] generateOTP.INFO: test [] []
[2019-12-27 10:08:57] generateOTP.INFO: test [] []
[2019-12-27 10:08:57] generateOTP.INFO: test [] []
[2019-12-27 10:15:01] generateOTP.INFO: test [] []
[2019-12-27 10:15:01] generateOTP.INFO: test [] []
[2019-12-27 10:15:01] generateOTP.INFO: test [] []
[2019-12-27 10:15:01] generateOTP.INFO: test [] []
[2019-12-27 10:16:09] generateOTP.INFO: test [] []
[2019-12-27 10:16:09] generateOTP.INFO: test [] []
[2019-12-27 10:16:09] generateOTP.INFO: test [] []
[2019-12-27 10:16:09] generateOTP.INFO: test [] []
[2019-12-27 10:21:41] generateOTP.INFO: test [] []
[2019-12-27 10:21:41] generateOTP.INFO: test [] []
[2019-12-27 10:21:41] generateOTP.INFO: test [] []
[2019-12-27 10:21:42] generateOTP.INFO: test [] []
[2019-12-27 10:28:36] generateOTP.INFO: {"edit":"0","subtype_text":"3","policy_no":"379","sum_insure":"500000","familyConstruct":"1A","tenure":"1 Year","family_members_id":"0","family_gender":"Female","first_name":"hgvjh","middle_name":"gvtyg","last_name":"hjb","family_date_birth":"30-12-1987","age":"31","age_type":"years","family_id":"","s_date":"","marriage_date":"","premium_parent":"","contri_parent":"","premium":"2099","policyNo":"379","familyDataType":"family_construct","product":"QBTv5db9151ad1c21","empId":"619755"} [] []
[2019-12-27 10:28:40] generateOTP.INFO: {"edit":"0","policy_no":"378","subtype_text":"1","sum_insure":"800000","familyConstruct":"1A","tenure":"1 Year","family_members_id":"0","family_gender":"Female","first_name":"hgvjh","middle_name":"gvtyg","last_name":"hjb","family_date_birth":"30-12-1987","age":"31","age_type":"years","family_id":"","s_date":"","marriage_date":"","premium_parent":"","contri_parent":"","premium":"5799","policyNo":"378","familyDataType":"family_construct","empId":"619755","product":"QBTv5db9151ad1c21","declare":"[]"} [] []
[2019-12-27 10:28:46] documentsSave.INFO: {"ops_type":"[\"Customer Declaration Form\",\"2\",\"0\"]","ext0":"undefined","ext1":"undefined","ext2":"undefined","ids":"8,9"} [] []
[2019-12-27 10:28:46] documentsSaveFiles.INFO: {"path0":{"name":"Lighthouse.jpg","type":"image\/jpeg","tmp_name":"\/tmp\/phpXdJP5a","error":0,"size":561276},"path1":{"name":"Tulips.jpg","type":"image\/jpeg","tmp_name":"\/tmp\/phpeyIrpM","error":0,"size":620888},"path2":{"name":"Desert.jpg","type":"image\/jpeg","tmp_name":"\/tmp\/phpDONWip","error":0,"size":845941}} [] []
[2019-12-27 10:28:49] generateOTP.INFO: test [] []
[2019-12-27 10:29:33] generateOTP.INFO: test [] []
[2019-12-27 10:29:45] generateOTP.INFO: test [] []
[2019-12-27 10:33:09] generateOTP.INFO: test [] []
[2019-12-27 10:33:09] generateOTP.INFO: test [] []
[2019-12-27 10:33:09] generateOTP.INFO: test [] []
[2019-12-27 10:33:09] generateOTP.INFO: test [] []
[2019-12-27 10:54:22] generateOTP.INFO: test [] []
[2019-12-27 10:54:23] generateOTP.INFO: test [] []
[2019-12-27 10:54:29] generateOTP.INFO: test [] []
[2019-12-27 10:54:29] generateOTP.INFO: test [] []
[2019-12-27 10:54:29] generateOTP.INFO: test [] []
[2019-12-27 10:54:29] generateOTP.INFO: test [] []
[2019-12-27 10:57:07] generateOTP.INFO: test [] []
[2019-12-27 10:57:07] generateOTP.INFO: test [] []
[2019-12-27 10:57:07] generateOTP.INFO: test [] []
[2019-12-27 10:57:07] generateOTP.INFO: test [] []
[2019-12-27 11:11:04] generateOTP.INFO: test [] []
[2019-12-27 11:11:04] generateOTP.INFO: test [] []
[2019-12-27 11:11:04] generateOTP.INFO: test [] []
[2019-12-27 11:11:04] generateOTP.INFO: test [] []
[2019-12-27 11:13:44] generateOTP.INFO: test [] []
[2019-12-27 11:13:47] generateOTP.INFO: test [] []
[2019-12-27 11:19:10] generateOTP.INFO: test [] []
[2019-12-27 11:19:10] generateOTP.INFO: test [] []
[2019-12-27 11:19:10] generateOTP.INFO: test [] []
[2019-12-27 11:19:10] generateOTP.INFO: test [] []
[2019-12-27 11:26:09] generateOTP.INFO: test [] []
[2019-12-27 11:26:09] generateOTP.INFO: test [] []
[2019-12-27 11:26:09] generateOTP.INFO: test [] []
[2019-12-27 11:26:09] generateOTP.INFO: test [] []
[2019-12-27 11:26:18] generateOTP.INFO: test [] []
[2019-12-27 11:26:18] generateOTP.INFO: test [] []
[2019-12-27 11:26:19] generateOTP.INFO: test [] []
[2019-12-27 11:26:19] generateOTP.INFO: test [] []
[2019-12-27 11:26:20] generateOTP.INFO: test [] []
[2019-12-27 11:26:20] generateOTP.INFO: test [] []
[2019-12-27 11:26:20] generateOTP.INFO: test [] []
[2019-12-27 11:26:20] generateOTP.INFO: test [] []
[2019-12-27 11:26:48] generateOTP.INFO: test [] []
[2019-12-27 11:26:48] generateOTP.INFO: test [] []
[2019-12-27 11:26:48] generateOTP.INFO: test [] []
[2019-12-27 11:26:48] generateOTP.INFO: test [] []
[2019-12-27 11:28:41] generateOTP.INFO: test [] []
[2019-12-27 11:28:41] generateOTP.INFO: test [] []
[2019-12-27 11:28:41] generateOTP.INFO: test [] []
[2019-12-27 11:28:41] generateOTP.INFO: test [] []
[2019-12-27 11:30:01] generateOTP.INFO: test [] []
[2019-12-27 11:30:01] generateOTP.INFO: test [] []
[2019-12-27 11:30:01] generateOTP.INFO: test [] []
[2019-12-27 11:30:01] generateOTP.INFO: test [] []
[2019-12-27 11:31:59] generateOTP.INFO: test [] []
[2019-12-27 11:31:59] generateOTP.INFO: test [] []
[2019-12-27 11:31:59] generateOTP.INFO: test [] []
[2019-12-27 11:31:59] generateOTP.INFO: test [] []
[2019-12-27 11:32:03] generateOTP.INFO: test [] []
[2019-12-27 11:32:03] generateOTP.INFO: test [] []
[2019-12-27 11:32:04] generateOTP.INFO: test [] []
[2019-12-27 11:32:04] generateOTP.INFO: test [] []
[2019-12-27 11:32:20] generateOTP.INFO: test [] []
[2019-12-27 11:32:20] generateOTP.INFO: test [] []
[2019-12-27 11:32:20] generateOTP.INFO: test [] []
[2019-12-27 11:32:20] generateOTP.INFO: test [] []
[2019-12-27 11:32:23] generateOTP.INFO: test [] []
[2019-12-27 11:32:23] generateOTP.INFO: test [] []
[2019-12-27 11:32:23] generateOTP.INFO: test [] []
[2019-12-27 11:32:23] generateOTP.INFO: test [] []
[2019-12-27 11:33:52] generateOTP.INFO: test [] []
[2019-12-27 11:33:52] generateOTP.INFO: test [] []
[2019-12-27 11:33:52] generateOTP.INFO: test [] []
[2019-12-27 11:33:52] generateOTP.INFO: test [] []
[2019-12-27 11:35:26] generateOTP.INFO: test [] []
[2019-12-27 11:35:26] generateOTP.INFO: test [] []
[2019-12-27 11:35:26] generateOTP.INFO: test [] []
[2019-12-27 11:35:26] generateOTP.INFO: test [] []
[2019-12-27 11:36:47] generateOTP.INFO: test [] []
[2019-12-27 11:36:47] generateOTP.INFO: test [] []
[2019-12-27 11:36:47] generateOTP.INFO: test [] []
[2019-12-27 11:36:47] generateOTP.INFO: test [] []
[2019-12-27 11:37:13] generateOTP.INFO: test [] []
[2019-12-27 11:37:13] generateOTP.INFO: test [] []
[2019-12-27 11:37:13] generateOTP.INFO: test [] []
[2019-12-27 11:37:13] generateOTP.INFO: test [] []
[2019-12-27 11:38:00] generateOTP.INFO: test [] []
[2019-12-27 11:38:00] generateOTP.INFO: test [] []
[2019-12-27 11:38:01] generateOTP.INFO: test [] []
[2019-12-27 11:38:01] generateOTP.INFO: test [] []
[2019-12-27 11:39:45] generateOTP.INFO: test [] []
[2019-12-27 11:39:46] generateOTP.INFO: test [] []
[2019-12-27 11:39:46] generateOTP.INFO: test [] []
[2019-12-27 11:39:46] generateOTP.INFO: test [] []
[2019-12-27 11:39:49] generateOTP.INFO: test [] []
[2019-12-27 11:39:49] generateOTP.INFO: test [] []
[2019-12-27 11:39:49] generateOTP.INFO: test [] []
[2019-12-27 11:39:49] generateOTP.INFO: test [] []
[2019-12-27 11:40:35] generateOTP.INFO: test [] []
[2019-12-27 11:40:35] generateOTP.INFO: test [] []
[2019-12-27 11:40:35] generateOTP.INFO: test [] []
[2019-12-27 11:40:35] generateOTP.INFO: test [] []
[2019-12-27 11:44:36] generateOTP.INFO: test [] []
[2019-12-27 11:44:36] generateOTP.INFO: test [] []
[2019-12-27 11:44:36] generateOTP.INFO: test [] []
[2019-12-27 11:44:36] generateOTP.INFO: test [] []
[2019-12-27 11:45:43] generateOTP.INFO: {"edit":"0","policy_no":"378","subtype_text":"1","sum_insure":"800000","familyConstruct":"1A","tenure":"1 Year","family_members_id":"0","family_gender":"Male","first_name":"pranav","middle_name":"satisj","last_name":"gahrat","family_date_birth":"14-12-1988","age":"31","age_type":"years","family_id":"","s_date":"","marriage_date":"","premium_parent":"","contri_parent":"","premium":"5799","policyNo":"378","familyDataType":"undefined","empId":"619758","product":"QBTv5db9151ad1c21","declare":"[]"} [] []
[2019-12-27 11:45:55] generateOTP.INFO: {"edit":"0","subtype_text":"3","policy_no":"379","sum_insure":"500000","familyConstruct":"2A","tenure":"1 Year","family_members_id":"0","family_gender":"Male","first_name":"pranav","middle_name":"satisj","last_name":"gahrat","family_date_birth":"14-12-1988","age":"31","age_type":"years","family_id":"","s_date":"","marriage_date":"","premium_parent":"","contri_parent":"","premium":"4198","policyNo":"379","familyDataType":"family_construct","product":"QBTv5db9151ad1c21","empId":"619758"} [] []
[2019-12-27 11:46:05] generateOTP.INFO: {"edit":"0","subtype_text":"3","policy_no":"379","sum_insure":"500000","familyConstruct":"2A","tenure":"1 Year","family_members_id":"1","family_gender":"Female","first_name":"gd","middle_name":"gdf","last_name":"mohites","family_date_birth":"04-12-2000","age":"19","age_type":"years","family_id":"","s_date":"","marriage_date":"","premium_parent":"","contri_parent":"","premium":"4198","policyNo":"379","familyDataType":"family_construct","product":"QBTv5db9151ad1c21","empId":"619758"} [] []
[2019-12-27 11:46:21] generateOTP.INFO: {"edit":"18","subtype_text":"3","policy_no":"379","sum_insure":"500000","familyConstruct":"2A","tenure":"1 Year","family_members_id":"1","family_gender":"Female","first_name":"gd","middle_name":"erwet","last_name":"mohites","family_date_birth":"04-12-2000","age":"19","age_type":"years","family_id":"","s_date":"","marriage_date":"","premium_parent":"","contri_parent":"","premium":"4198","policyNo":"379","familyDataType":"family_construct","product":"QBTv5db9151ad1c21","empId":"619758"} [] []
[2019-12-27 11:47:32] generateOTP.INFO: test [] []
[2019-12-27 11:47:32] generateOTP.INFO: test [] []
[2019-12-27 11:47:32] generateOTP.INFO: test [] []
[2019-12-27 11:47:32] generateOTP.INFO: test [] []
[2019-12-27 11:49:28] generateOTP.INFO: test [] []
[2019-12-27 11:49:30] generateOTP.INFO: test [] []
[2019-12-27 11:49:58] generateOTP.INFO: test [] []
[2019-12-27 11:49:58] generateOTP.INFO: test [] []
[2019-12-27 11:49:58] generateOTP.INFO: test [] []
[2019-12-27 11:49:59] generateOTP.INFO: test [] []
[2019-12-27 11:52:52] generateOTP.INFO: {"edit":"0","policy_no":"378","subtype_text":"1","sum_insure":"800000","familyConstruct":"1A","tenure":"1 Year","family_members_id":"0","family_gender":"Male","first_name":"dfh","middle_name":"fgjhj","last_name":"jff","family_date_birth":"07-12-1983","age":"36","age_type":"years","family_id":"","s_date":"","marriage_date":"","premium_parent":"","contri_parent":"","premium":"5799","policyNo":"378","familyDataType":"undefined","empId":"619759","product":"QBTv5db9151ad1c21","declare":"[]"} [] []
[2019-12-27 11:53:02] generateOTP.INFO: {"edit":"0","subtype_text":"3","policy_no":"379","sum_insure":"500000","familyConstruct":"1A","tenure":"1 Year","family_members_id":"0","family_gender":"Male","first_name":"dfh","middle_name":"fgjhj","last_name":"jff","family_date_birth":"07-12-1983","age":"36","age_type":"years","family_id":"","s_date":"","marriage_date":"","premium_parent":"","contri_parent":"","premium":"2099","policyNo":"379","familyDataType":"family_construct","product":"QBTv5db9151ad1c21","empId":"619759"} [] []
[2019-12-27 11:56:47] generateOTP.INFO: test [] []
[2019-12-27 11:56:47] generateOTP.INFO: test [] []
[2019-12-27 11:56:47] generateOTP.INFO: test [] []
[2019-12-27 11:56:47] generateOTP.INFO: test [] []
[2019-12-27 11:56:53] generateOTP.INFO: test [] []
[2019-12-27 11:56:53] generateOTP.INFO: test [] []
[2019-12-27 11:56:53] generateOTP.INFO: test [] []
[2019-12-27 11:56:53] generateOTP.INFO: test [] []
[2019-12-27 11:57:00] generateOTP.INFO: test [] []
[2019-12-27 11:57:00] generateOTP.INFO: test [] []
[2019-12-27 11:57:00] generateOTP.INFO: test [] []
[2019-12-27 11:57:00] generateOTP.INFO: test [] []
[2019-12-27 11:57:03] generateOTP.INFO: test [] []
[2019-12-27 11:57:03] generateOTP.INFO: test [] []
[2019-12-27 11:57:03] generateOTP.INFO: test [] []
[2019-12-27 11:57:03] generateOTP.INFO: test [] []
[2019-12-27 12:02:53] generateOTP.INFO: test [] []
[2019-12-27 12:02:54] generateOTP.INFO: test [] []
[2019-12-27 12:03:25] generateOTP.INFO: test [] []
[2019-12-27 12:03:25] generateOTP.INFO: test [] []
[2019-12-27 12:03:25] generateOTP.INFO: test [] []
[2019-12-27 12:03:25] generateOTP.INFO: test [] []
[2019-12-27 12:03:34] generateOTP.INFO: {"edit":"0","policy_no":"378","subtype_text":"1","sum_insure":"800000","familyConstruct":"1A","tenure":"1 Year","family_members_id":"0","family_gender":"Male","first_name":"vhj","middle_name":"ghk","last_name":"kghk","family_date_birth":"24-12-2001","age":"18","age_type":"years","family_id":"","s_date":"","marriage_date":"","premium_parent":"","contri_parent":"","premium":"5799","policyNo":"378","familyDataType":"undefined","empId":"619760","product":"QBTv5db9151ad1c21","declare":"[]"} [] []
[2019-12-27 12:03:43] generateOTP.INFO: {"edit":"0","subtype_text":"3","policy_no":"379","sum_insure":"500000","familyConstruct":"1A","tenure":"1 Year","family_members_id":"0","family_gender":"Male","first_name":"vhj","middle_name":"ghk","last_name":"kghk","family_date_birth":"24-12-2001","age":"18","age_type":"years","family_id":"","s_date":"","marriage_date":"","premium_parent":"","contri_parent":"","premium":"2099","policyNo":"379","familyDataType":"family_construct","product":"QBTv5db9151ad1c21","empId":"619760"} [] []
[2019-12-27 12:04:49] generateOTP.INFO: {"edit":"0","policy_no":"378","subtype_text":"1","sum_insure":"800000","familyConstruct":"1A","tenure":"1 Year","family_members_id":"0","family_gender":"Male","first_name":"Mohan","middle_name":"hgf","last_name":"jgkjhvg","family_date_birth":"14-02-1978","age":"41","age_type":"years","family_id":"","s_date":"","marriage_date":"","premium_parent":"","contri_parent":"","premium":"5799","policyNo":"378","familyDataType":"undefined","empId":"619761","product":"QBTv5db9151ad1c21","declare":"[]"} [] []
[2019-12-27 12:05:09] generateOTP.INFO: {"edit":"0","subtype_text":"3","policy_no":"379","sum_insure":"1000000","familyConstruct":"2A","tenure":"1 Year","family_members_id":"0","family_gender":"Male","first_name":"Mohan","middle_name":"hgf","last_name":"jgkjhvg","family_date_birth":"14-02-1978","age":"41","age_type":"years","family_id":"","s_date":"","marriage_date":"","premium_parent":"","contri_parent":"","premium":"8395","policyNo":"379","familyDataType":"family_construct","product":"QBTv5db9151ad1c21","empId":"619761"} [] []
[2019-12-27 12:05:24] generateOTP.INFO: {"edit":"0","subtype_text":"3","policy_no":"379","sum_insure":"1000000","familyConstruct":"2A","tenure":"1 Year","family_members_id":"1","family_gender":"Female","first_name":"frsdf","middle_name":"erwrew","last_name":"ewrewr","family_date_birth":"19-06-1991","age":"28","age_type":"years","family_id":"","s_date":"","marriage_date":"","premium_parent":"","contri_parent":"","premium":"8395","policyNo":"379","familyDataType":"family_construct","product":"QBTv5db9151ad1c21","empId":"619761"} [] []
[2019-12-27 12:06:38] documentsSave.INFO: {"ops_type":"[\"Customer Declaration Form\",\"3\",\"0\"]","ext0":"undefined","ext1":"undefined","ext2":"undefined","ids":"10,11"} [] []
[2019-12-27 12:06:38] documentsSaveFiles.INFO: {"path0":{"name":"Hydrangeas.jpg","type":"image\/jpeg","tmp_name":"\/tmp\/php4OvorF","error":0,"size":595284},"path1":{"name":"Tulips.jpg","type":"image\/jpeg","tmp_name":"\/tmp\/phps7d69K","error":0,"size":620888},"path2":{"name":"Lighthouse.jpg","type":"image\/jpeg","tmp_name":"\/tmp\/php4e6EyS","error":0,"size":561276}} [] []
[2019-12-27 12:06:42] generateOTP.INFO: test [] []
[2019-12-27 12:06:55] generateOTP.INFO: test [] []
[2019-12-27 12:06:55] generateOTP.INFO: test [] []
[2019-12-27 12:06:55] generateOTP.INFO: test [] []
[2019-12-27 12:06:56] generateOTP.INFO: test [] []
[2019-12-27 12:07:30] documentsSave.INFO: {"ops_type":"[\"Customer Declaration Form\",\"0\"]","ext0":"undefined","ext1":"undefined","ids":"12,13"} [] []
[2019-12-27 12:07:30] documentsSaveFiles.INFO: {"path0":{"name":"COI_1A-1K-Cancer Secure.pdf","type":"application\/pdf","tmp_name":"\/tmp\/phpy61PyA","error":0,"size":1345494},"path1":{"name":"COI-1A-CS.pdf","type":"application\/pdf","tmp_name":"\/tmp\/phpjbRTJA","error":0,"size":1345480}} [] []
[2019-12-27 12:07:36] generateOTP.INFO: test [] []
[2019-12-27 12:07:45] generateOTP.INFO: test [] []
[2019-12-27 12:08:50] generateOTP.INFO: test [] []
[2019-12-27 12:08:50] generateOTP.INFO: test [] []
[2019-12-27 12:08:50] generateOTP.INFO: test [] []
[2019-12-27 12:08:50] generateOTP.INFO: test [] []
[2019-12-27 12:09:24] generateOTP.INFO: test [] []
[2019-12-27 12:09:24] generateOTP.INFO: test [] []
[2019-12-27 12:09:24] generateOTP.INFO: test [] []
[2019-12-27 12:09:24] generateOTP.INFO: test [] []
[2019-12-27 12:10:03] generateOTP.INFO: test [] []
[2019-12-27 12:10:03] generateOTP.INFO: test [] []
[2019-12-27 12:10:03] generateOTP.INFO: test [] []
[2019-12-27 12:10:03] generateOTP.INFO: test [] []
[2019-12-27 12:16:18] generateOTP.INFO: test [] []
[2019-12-27 12:16:18] generateOTP.INFO: test [] []
[2019-12-27 12:16:18] generateOTP.INFO: test [] []
[2019-12-27 12:16:18] generateOTP.INFO: test [] []
[2019-12-27 12:23:49] generateOTP.INFO: test [] []
[2019-12-27 12:23:49] generateOTP.INFO: test [] []
[2019-12-27 12:23:49] generateOTP.INFO: test [] []
[2019-12-27 12:23:49] generateOTP.INFO: test [] []
[2019-12-27 12:24:25] generateOTP.INFO: test [] []
[2019-12-27 12:24:25] generateOTP.INFO: test [] []
[2019-12-27 12:24:25] generateOTP.INFO: test [] []
[2019-12-27 12:24:25] generateOTP.INFO: test [] []
[2019-12-27 12:29:00] generateOTP.INFO: test [] []
[2019-12-27 12:29:00] generateOTP.INFO: test [] []
[2019-12-27 12:29:00] generateOTP.INFO: test [] []
[2019-12-27 12:29:00] generateOTP.INFO: test [] []
[2019-12-27 12:31:45] generateOTP.INFO: test [] []
[2019-12-27 12:31:45] generateOTP.INFO: test [] []
[2019-12-27 12:31:45] generateOTP.INFO: test [] []
[2019-12-27 12:31:45] generateOTP.INFO: test [] []
[2019-12-27 12:33:18] generateOTP.INFO: test [] []
[2019-12-27 12:33:18] generateOTP.INFO: test [] []
[2019-12-27 12:33:18] generateOTP.INFO: test [] []
[2019-12-27 12:33:18] generateOTP.INFO: test [] []
[2019-12-27 12:35:25] generateOTP.INFO: test [] []
[2019-12-27 12:35:25] generateOTP.INFO: test [] []
[2019-12-27 12:35:26] generateOTP.INFO: test [] []
[2019-12-27 12:35:26] generateOTP.INFO: test [] []
[2019-12-27 12:35:33] generateOTP.INFO: test [] []
[2019-12-27 12:35:33] generateOTP.INFO: test [] []
[2019-12-27 12:35:34] generateOTP.INFO: test [] []
[2019-12-27 12:35:34] generateOTP.INFO: test [] []
[2019-12-27 12:36:27] generateOTP.INFO: {"edit":"0","policy_no":"378","subtype_text":"1","sum_insure":"1000000","familyConstruct":"1A","tenure":"1 Year","family_members_id":"0","family_gender":"Male","first_name":"Ajit","middle_name":"asd","last_name":"asd","family_date_birth":"09-02-1977","age":"42","age_type":"years","family_id":"","s_date":"","marriage_date":"","premium_parent":"","contri_parent":"","premium":"5999","policyNo":"378","familyDataType":"undefined","empId":"619762","product":"QBTv5db9151ad1c21","declare":"[]"} [] []
[2019-12-27 12:37:09] generateOTP.INFO: test [] []
[2019-12-27 12:37:10] generateOTP.INFO: test [] []
[2019-12-27 12:38:19] documentsSave.INFO: {"ops_type":"[\"Customer Declaration Form\",\"0\"]","ext0":"undefined","ext1":"undefined","ids":"14"} [] []
[2019-12-27 12:38:19] documentsSaveFiles.INFO: {"path0":{"name":"CS_COI-Observations.txt","type":"text\/plain","tmp_name":"\/tmp\/php6S1Vnt","error":0,"size":337},"path1":{"name":"SS-Validations.xlsx","type":"application\/vnd.openxmlformats-officedocument.spreadsheetml.sheet","tmp_name":"\/tmp\/phpuOGcpl","error":0,"size":2059929}} [] []
[2019-12-27 12:42:57] generateOTP.INFO: test [] []
[2019-12-27 12:42:57] generateOTP.INFO: test [] []
[2019-12-27 12:42:57] generateOTP.INFO: test [] []
[2019-12-27 12:42:57] generateOTP.INFO: test [] []
[2019-12-27 12:45:34] generateOTP.INFO: test [] []
[2019-12-27 12:45:34] generateOTP.INFO: test [] []
[2019-12-27 12:45:34] generateOTP.INFO: test [] []
[2019-12-27 12:45:34] generateOTP.INFO: test [] []
[2019-12-27 12:47:27] generateOTP.INFO: test [] []
[2019-12-27 12:47:45] generateOTP.INFO: test [] []
[2019-12-27 12:47:45] generateOTP.INFO: test [] []
[2019-12-27 12:47:45] generateOTP.INFO: test [] []
[2019-12-27 12:47:45] generateOTP.INFO: test [] []
[2019-12-27 12:49:12] generateOTP.INFO: test [] []
[2019-12-27 12:49:12] generateOTP.INFO: test [] []
[2019-12-27 12:49:12] generateOTP.INFO: test [] []
[2019-12-27 12:49:12] generateOTP.INFO: test [] []
[2019-12-27 12:50:03] generateOTP.INFO: test [] []
[2019-12-27 12:50:03] generateOTP.INFO: test [] []
[2019-12-27 12:50:03] generateOTP.INFO: test [] []
[2019-12-27 12:50:03] generateOTP.INFO: test [] []
[2019-12-27 12:50:16] generateOTP.INFO: test [] []
[2019-12-27 12:50:16] generateOTP.INFO: test [] []
[2019-12-27 12:50:16] generateOTP.INFO: test [] []
[2019-12-27 12:50:16] generateOTP.INFO: test [] []
[2019-12-27 12:51:00] generateOTP.INFO: test [] []
[2019-12-27 12:51:00] generateOTP.INFO: test [] []
[2019-12-27 12:51:00] generateOTP.INFO: test [] []
[2019-12-27 12:51:00] generateOTP.INFO: test [] []
[2019-12-27 12:53:17] generateOTP.INFO: test [] []
[2019-12-27 12:53:17] generateOTP.INFO: test [] []
[2019-12-27 12:53:17] generateOTP.INFO: test [] []
[2019-12-27 12:53:17] generateOTP.INFO: test [] []
[2019-12-27 12:54:44] generateOTP.INFO: test [] []
[2019-12-27 12:54:44] generateOTP.INFO: test [] []
[2019-12-27 12:54:45] generateOTP.INFO: test [] []
[2019-12-27 12:54:47] generateOTP.INFO: test [] []
[2019-12-27 12:54:47] generateOTP.INFO: test [] []
[2019-12-27 12:54:47] generateOTP.INFO: test [] []
[2019-12-27 12:54:47] generateOTP.INFO: test [] []
[2019-12-27 12:57:19] generateOTP.INFO: test [] []
[2019-12-27 12:57:19] generateOTP.INFO: test [] []
[2019-12-27 12:57:19] generateOTP.INFO: test [] []
[2019-12-27 12:57:20] generateOTP.INFO: test [] []
[2019-12-27 12:58:28] generateOTP.INFO: test [] []
[2019-12-27 12:58:29] generateOTP.INFO: test [] []
[2019-12-27 12:58:29] generateOTP.INFO: test [] []
[2019-12-27 13:00:27] generateOTP.INFO: test [] []
[2019-12-27 13:00:28] generateOTP.INFO: test [] []
[2019-12-27 13:00:31] generateOTP.INFO: test [] []
[2019-12-27 13:00:44] generateOTP.INFO: test [] []
[2019-12-27 13:01:06] generateOTP.INFO: test [] []
[2019-12-27 13:01:26] generateOTP.INFO: test [] []
[2019-12-27 13:01:26] generateOTP.INFO: test [] []
[2019-12-27 13:01:26] generateOTP.INFO: test [] []
[2019-12-27 13:01:26] generateOTP.INFO: test [] []
[2019-12-27 13:02:06] generateOTP.INFO: test [] []
[2019-12-27 13:02:07] generateOTP.INFO: test [] []
[2019-12-27 13:02:07] generateOTP.INFO: test [] []
[2019-12-27 13:02:07] generateOTP.INFO: test [] []
[2019-12-27 13:02:07] generateOTP.INFO: test [] []
[2019-12-27 13:02:07] generateOTP.INFO: test [] []
[2019-12-27 13:02:07] generateOTP.INFO: test [] []
[2019-12-27 13:02:07] generateOTP.INFO: test [] []
[2019-12-27 13:03:17] generateOTP.INFO: test [] []
[2019-12-27 13:03:17] generateOTP.INFO: test [] []
[2019-12-27 13:03:18] generateOTP.INFO: test [] []
[2019-12-27 13:03:18] generateOTP.INFO: test [] []
[2019-12-27 13:03:54] generateOTP.INFO: test [] []
[2019-12-27 13:06:02] generateOTP.INFO: test [] []
[2019-12-27 13:06:02] generateOTP.INFO: test [] []
[2019-12-27 13:06:03] generateOTP.INFO: test [] []
[2019-12-27 13:06:03] generateOTP.INFO: test [] []
[2019-12-27 13:34:25] generateOTP.INFO: test [] []
[2019-12-27 13:34:25] generateOTP.INFO: test [] []
[2019-12-27 13:34:25] generateOTP.INFO: test [] []
[2019-12-27 13:34:26] generateOTP.INFO: test [] []
[2019-12-27 13:37:11] generateOTP.INFO: test [] []
[2019-12-27 13:39:23] generateOTP.INFO: test [] []
[2019-12-27 13:40:09] generateOTP.INFO: test [] []
[2019-12-27 13:42:49] generateOTP.INFO: test [] []
[2019-12-27 13:42:49] generateOTP.INFO: test [] []
[2019-12-27 13:42:50] generateOTP.INFO: test [] []
[2019-12-27 13:42:50] generateOTP.INFO: test [] []
[2019-12-27 13:46:49] generateOTP.INFO: test [] []
[2019-12-27 13:46:50] generateOTP.INFO: test [] []
[2019-12-27 13:46:51] generateOTP.INFO: test [] []
[2019-12-27 13:46:51] generateOTP.INFO: test [] []
[2019-12-27 13:53:51] generateOTP.INFO: test [] []
[2019-12-27 13:53:52] generateOTP.INFO: test [] []
[2019-12-27 13:53:52] generateOTP.INFO: test [] []
[2019-12-27 13:53:52] generateOTP.INFO: test [] []
[2019-12-27 13:54:17] generateOTP.INFO: test [] []
[2019-12-27 13:54:52] generateOTP.INFO: test [] []
[2019-12-27 13:55:23] generateOTP.INFO: test [] []
[2019-12-27 13:55:23] generateOTP.INFO: test [] []
[2019-12-27 13:55:23] generateOTP.INFO: test [] []
[2019-12-27 13:55:23] generateOTP.INFO: test [] []
[2019-12-27 13:56:55] generateOTP.INFO: test [] []
[2019-12-27 13:56:55] generateOTP.INFO: test [] []
[2019-12-27 13:56:56] generateOTP.INFO: test [] []
[2019-12-27 13:56:56] generateOTP.INFO: test [] []
[2019-12-27 13:58:35] generateOTP.INFO: test [] []
[2019-12-27 13:58:36] generateOTP.INFO: test [] []
[2019-12-27 13:58:36] generateOTP.INFO: test [] []
[2019-12-27 13:58:36] generateOTP.INFO: test [] []
[2019-12-27 13:59:07] generateOTP.INFO: test [] []
[2019-12-27 13:59:07] generateOTP.INFO: test [] []
[2019-12-27 13:59:07] generateOTP.INFO: test [] []
[2019-12-27 13:59:07] generateOTP.INFO: test [] []
[2019-12-27 14:02:38] generateOTP.INFO: test [] []
[2019-12-27 14:02:38] generateOTP.INFO: test [] []
[2019-12-27 14:02:38] generateOTP.INFO: test [] []
[2019-12-27 14:02:38] generateOTP.INFO: test [] []
[2019-12-27 14:04:00] generateOTP.INFO: test [] []
[2019-12-27 14:04:01] generateOTP.INFO: test [] []
[2019-12-27 14:04:01] generateOTP.INFO: test [] []
[2019-12-27 14:04:01] generateOTP.INFO: test [] []
[2019-12-27 14:04:15] generateOTP.INFO: test [] []
[2019-12-27 14:04:15] generateOTP.INFO: test [] []
[2019-12-27 14:04:15] generateOTP.INFO: test [] []
[2019-12-27 14:04:15] generateOTP.INFO: test [] []
[2019-12-27 14:05:21] generateOTP.INFO: test [] []
[2019-12-27 14:05:21] generateOTP.INFO: test [] []
[2019-12-27 14:05:21] generateOTP.INFO: test [] []
[2019-12-27 14:05:21] generateOTP.INFO: test [] []
[2019-12-27 14:05:57] generateOTP.INFO: test [] []
[2019-12-27 14:05:57] generateOTP.INFO: test [] []
[2019-12-27 14:05:57] generateOTP.INFO: test [] []
[2019-12-27 14:05:57] generateOTP.INFO: test [] []
[2019-12-27 14:07:32] generateOTP.INFO: test [] []
[2019-12-27 14:07:32] generateOTP.INFO: test [] []
[2019-12-27 14:07:33] generateOTP.INFO: test [] []
[2019-12-27 14:07:33] generateOTP.INFO: test [] []
[2019-12-27 14:10:58] generateOTP.INFO: test [] []
[2019-12-27 14:10:59] generateOTP.INFO: test [] []
[2019-12-27 14:10:59] generateOTP.INFO: test [] []
[2019-12-27 14:10:59] generateOTP.INFO: test [] []
[2019-12-27 14:13:10] generateOTP.INFO: test [] []
[2019-12-27 14:13:10] generateOTP.INFO: test [] []
[2019-12-27 14:13:10] generateOTP.INFO: test [] []
[2019-12-27 14:13:10] generateOTP.INFO: test [] []
[2019-12-27 14:14:46] generateOTP.INFO: test [] []
[2019-12-27 14:14:47] generateOTP.INFO: test [] []
[2019-12-27 14:14:47] generateOTP.INFO: test [] []
[2019-12-27 14:14:47] generateOTP.INFO: test [] []
[2019-12-27 14:15:25] generateOTP.INFO: test [] []
[2019-12-27 14:15:25] generateOTP.INFO: test [] []
[2019-12-27 14:15:25] generateOTP.INFO: test [] []
[2019-12-27 14:15:25] generateOTP.INFO: test [] []
[2019-12-27 14:15:42] generateOTP.INFO: test [] []
[2019-12-27 14:15:42] generateOTP.INFO: test [] []
[2019-12-27 14:15:42] generateOTP.INFO: test [] []
[2019-12-27 14:15:42] generateOTP.INFO: test [] []
[2019-12-27 14:16:36] generateOTP.INFO: test [] []
[2019-12-27 14:16:36] generateOTP.INFO: test [] []
[2019-12-27 14:16:36] generateOTP.INFO: test [] []
[2019-12-27 14:16:36] generateOTP.INFO: test [] []
[2019-12-27 14:17:45] generateOTP.INFO: test [] []
[2019-12-27 14:17:45] generateOTP.INFO: test [] []
[2019-12-27 14:17:45] generateOTP.INFO: test [] []
[2019-12-27 14:17:45] generateOTP.INFO: test [] []
[2019-12-27 14:19:41] generateOTP.INFO: test [] []
[2019-12-27 14:19:42] generateOTP.INFO: test [] []
[2019-12-27 14:19:42] generateOTP.INFO: test [] []
[2019-12-27 14:19:42] generateOTP.INFO: test [] []
[2019-12-27 14:22:09] generateOTP.INFO: test [] []
[2019-12-27 14:22:09] generateOTP.INFO: test [] []
[2019-12-27 14:22:09] generateOTP.INFO: test [] []
[2019-12-27 14:22:09] generateOTP.INFO: test [] []
[2019-12-27 14:22:53] generateOTP.INFO: test [] []
[2019-12-27 14:22:53] generateOTP.INFO: test [] []
[2019-12-27 14:22:53] generateOTP.INFO: test [] []
[2019-12-27 14:22:53] generateOTP.INFO: test [] []
[2019-12-27 14:23:33] generateOTP.INFO: test [] []
[2019-12-27 14:23:33] generateOTP.INFO: test [] []
[2019-12-27 14:23:50] generateOTP.INFO: test [] []
[2019-12-27 14:23:50] generateOTP.INFO: test [] []
[2019-12-27 14:23:50] generateOTP.INFO: test [] []
[2019-12-27 14:23:50] generateOTP.INFO: test [] []
[2019-12-27 14:24:46] generateOTP.INFO: test [] []
[2019-12-27 14:24:53] generateOTP.INFO: test [] []
[2019-12-27 14:26:07] generateOTP.INFO: test [] []
[2019-12-27 14:26:07] generateOTP.INFO: test [] []
[2019-12-27 14:26:07] generateOTP.INFO: test [] []
[2019-12-27 14:26:07] generateOTP.INFO: test [] []
[2019-12-27 14:32:57] generateOTP.INFO: test [] []
[2019-12-27 14:32:57] generateOTP.INFO: test [] []
[2019-12-27 14:32:57] generateOTP.INFO: test [] []
[2019-12-27 14:32:57] generateOTP.INFO: test [] []
[2019-12-27 14:41:38] generateOTP.INFO: test [] []
[2019-12-27 14:41:39] generateOTP.INFO: test [] []
[2019-12-27 14:41:39] generateOTP.INFO: test [] []
[2019-12-27 14:41:39] generateOTP.INFO: test [] []
[2019-12-27 14:42:51] generateOTP.INFO: {"edit":"0","policy_no":"378","subtype_text":"1","sum_insure":"800000","familyConstruct":"1A","tenure":"1 Year","family_members_id":"0","family_gender":"Female","first_name":"Shruthi","middle_name":"Rajiv","last_name":"Nair","family_date_birth":"19-06-1980","age":"39","age_type":"years","family_id":"","s_date":"","marriage_date":"","premium_parent":"","contri_parent":"","premium":"5799","policyNo":"378","familyDataType":"undefined","empId":"619763","product":"QBTv5db9151ad1c21","declare":"[]"} [] []
[2019-12-27 14:43:10] generateOTP.INFO: test [] []
[2019-12-27 14:43:10] generateOTP.INFO: test [] []
[2019-12-27 14:43:10] generateOTP.INFO: test [] []
[2019-12-27 14:43:10] generateOTP.INFO: test [] []
[2019-12-27 14:43:28] generateOTP.INFO: {"edit":"0","subtype_text":"3","policy_no":"379","sum_insure":"1000000","familyConstruct":"2A","tenure":"1 Year","family_members_id":"0","family_gender":"Female","first_name":"Shruthi","middle_name":"Rajiv","last_name":"Nair","family_date_birth":"19-06-1980","age":"39","age_type":"years","family_id":"","s_date":"","marriage_date":"","premium_parent":"","contri_parent":"","premium":"8395","policyNo":"379","familyDataType":"family_construct","product":"QBTv5db9151ad1c21","empId":"619763"} [] []
[2019-12-27 14:43:55] generateOTP.INFO: test [] []
[2019-12-27 14:43:55] generateOTP.INFO: test [] []
[2019-12-27 14:43:55] generateOTP.INFO: test [] []
[2019-12-27 14:43:55] generateOTP.INFO: test [] []
[2019-12-27 14:44:34] generateOTP.INFO: test [] []
[2019-12-27 14:44:34] generateOTP.INFO: test [] []
[2019-12-27 14:44:34] generateOTP.INFO: test [] []
[2019-12-27 14:44:34] generateOTP.INFO: test [] []
[2019-12-27 14:46:42] generateOTP.INFO: test [] []
[2019-12-27 14:46:42] generateOTP.INFO: test [] []
[2019-12-27 14:46:42] generateOTP.INFO: test [] []
[2019-12-27 14:46:42] generateOTP.INFO: test [] []
[2019-12-27 14:48:29] generateOTP.INFO: test [] []
[2019-12-27 14:48:29] generateOTP.INFO: test [] []
[2019-12-27 14:48:29] generateOTP.INFO: test [] []
[2019-12-27 14:48:29] generateOTP.INFO: test [] []
[2019-12-27 14:48:46] generateOTP.INFO: {"edit":"0","subtype_text":"3","policy_no":"379","sum_insure":"1000000","familyConstruct":"2A","tenure":"1 Year","family_members_id":"1","family_gender":"Male","first_name":"Rajiv","middle_name":"hjjk","last_name":"fdgfdg","family_date_birth":"07-06-1978","age":"41","age_type":"years","family_id":"","s_date":"","marriage_date":"","premium_parent":"","contri_parent":"","premium":"8395","policyNo":"379","familyDataType":"family_construct","product":"QBTv5db9151ad1c21","empId":"619763"} [] []
[2019-12-27 14:48:52] documentsSave.INFO: {"ops_type":"[\"Customer Declaration Form\",\"0\"]","ext0":"undefined","ext1":"undefined","ids":"16,17"} [] []
[2019-12-27 14:48:52] documentsSaveFiles.INFO: {"path0":{"name":"QC and Log details.xlsx","type":"application\/vnd.openxmlformats-officedocument.spreadsheetml.sheet","tmp_name":"\/tmp\/phpTi5qC0","error":0,"size":1377964},"path1":{"name":"Upload documents-Delete option.xlsx","type":"application\/vnd.openxmlformats-officedocument.spreadsheetml.sheet","tmp_name":"\/tmp\/php0jLKPq","error":0,"size":133259}} [] []
[2019-12-27 14:49:38] generateOTP.INFO: test [] []
[2019-12-27 14:49:43] generateOTP.INFO: test [] []
[2019-12-27 14:49:43] generateOTP.INFO: test [] []
[2019-12-27 14:49:44] generateOTP.INFO: test [] []
[2019-12-27 14:49:44] generateOTP.INFO: test [] []
[2019-12-27 14:50:24] generateOTP.INFO: test [] []
[2019-12-27 14:51:18] generateOTP.INFO: test [] []
[2019-12-27 14:51:20] generateOTP.INFO: test [] []
[2019-12-27 14:51:26] generateOTP.INFO: test [] []
[2019-12-27 14:51:27] generateOTP.INFO: test [] []
[2019-12-27 14:51:27] generateOTP.INFO: test [] []
[2019-12-27 14:51:27] generateOTP.INFO: test [] []
[2019-12-27 14:51:42] generateOTP.INFO: test [] []
[2019-12-27 14:51:48] generateOTP.INFO: test [] []
[2019-12-27 14:52:42] generateOTP.INFO: test [] []
[2019-12-27 14:52:42] generateOTP.INFO: test [] []
[2019-12-27 14:52:43] generateOTP.INFO: test [] []
[2019-12-27 14:52:43] generateOTP.INFO: test [] []
[2019-12-27 14:56:23] generateOTP.INFO: test [] []
[2019-12-27 14:56:23] generateOTP.INFO: test [] []
[2019-12-27 14:56:23] generateOTP.INFO: test [] []
[2019-12-27 14:56:23] generateOTP.INFO: test [] []
[2019-12-27 14:57:30] generateOTP.INFO: test [] []
[2019-12-27 14:57:31] generateOTP.INFO: test [] []
[2019-12-27 14:57:31] generateOTP.INFO: test [] []
[2019-12-27 14:57:31] generateOTP.INFO: test [] []
[2019-12-27 14:59:17] generateOTP.INFO: test [] []
[2019-12-27 14:59:17] generateOTP.INFO: test [] []
[2019-12-27 14:59:17] generateOTP.INFO: test [] []
[2019-12-27 14:59:17] generateOTP.INFO: test [] []
[2019-12-27 15:01:02] generateOTP.INFO: test [] []
[2019-12-27 15:01:02] generateOTP.INFO: test [] []
[2019-12-27 15:01:02] generateOTP.INFO: test [] []
[2019-12-27 15:01:02] generateOTP.INFO: test [] []
[2019-12-27 15:02:03] generateOTP.INFO: test [] []
[2019-12-27 15:02:03] generateOTP.INFO: test [] []
[2019-12-27 15:02:03] generateOTP.INFO: test [] []
[2019-12-27 15:02:03] generateOTP.INFO: test [] []
[2019-12-27 15:04:05] generateOTP.INFO: test [] []
[2019-12-27 15:04:06] generateOTP.INFO: test [] []
[2019-12-27 15:04:06] generateOTP.INFO: test [] []
[2019-12-27 15:04:06] generateOTP.INFO: test [] []
[2019-12-27 15:06:41] generateOTP.INFO: test [] []
[2019-12-27 15:06:41] generateOTP.INFO: test [] []
[2019-12-27 15:06:41] generateOTP.INFO: test [] []
[2019-12-27 15:06:41] generateOTP.INFO: test [] []
[2019-12-27 15:08:56] generateOTP.INFO: test [] []
[2019-12-27 15:08:56] generateOTP.INFO: test [] []
[2019-12-27 15:09:13] generateOTP.INFO: test [] []
[2019-12-27 15:09:14] generateOTP.INFO: test [] []
[2019-12-27 15:09:14] generateOTP.INFO: test [] []
[2019-12-27 15:09:14] generateOTP.INFO: test [] []
[2019-12-27 15:09:40] generateOTP.INFO: test [] []
[2019-12-27 15:09:49] generateOTP.INFO: test [] []
[2019-12-27 15:11:01] generateOTP.INFO: test [] []
[2019-12-27 15:11:02] generateOTP.INFO: test [] []
[2019-12-27 15:11:02] generateOTP.INFO: test [] []
[2019-12-27 15:12:37] generateOTP.INFO: test [] []
[2019-12-27 15:12:38] generateOTP.INFO: test [] []
[2019-12-27 15:12:39] generateOTP.INFO: test [] []
[2019-12-27 15:12:41] generateOTP.INFO: test [] []
[2019-12-27 15:12:41] generateOTP.INFO: test [] []
[2019-12-27 15:12:41] generateOTP.INFO: test [] []
[2019-12-27 15:13:09] generateOTP.INFO: test [] []
[2019-12-27 15:13:09] generateOTP.INFO: test [] []
[2019-12-27 15:13:10] generateOTP.INFO: test [] []
[2019-12-27 15:13:10] generateOTP.INFO: test [] []
[2019-12-27 15:13:33] generateOTP.INFO: test [] []
[2019-12-27 15:13:33] generateOTP.INFO: test [] []
[2019-12-27 15:13:33] generateOTP.INFO: test [] []
[2019-12-27 15:13:33] generateOTP.INFO: test [] []
[2019-12-27 15:15:09] generateOTP.INFO: test [] []
[2019-12-27 15:15:09] generateOTP.INFO: test [] []
[2019-12-27 15:15:09] generateOTP.INFO: test [] []
[2019-12-27 15:15:09] generateOTP.INFO: test [] []
[2019-12-27 15:18:11] generateOTP.INFO: {"edit":"0","policy_no":"378","subtype_text":"1","sum_insure":"800000","familyConstruct":"1A","tenure":"1 Year","family_members_id":"0","family_gender":"Male","first_name":"dasfd","middle_name":"ddf","last_name":"dsd","family_date_birth":"12-12-2001","age":"18","age_type":"years","family_id":"","s_date":"","marriage_date":"","premium_parent":"","contri_parent":"","premium":"5799","policyNo":"378","familyDataType":"undefined","empId":"619764","product":"QBTv5db9151ad1c21","declare":"[]"} [] []
[2019-12-27 15:18:17] generateOTP.INFO: {"edit":"0","subtype_text":"3","policy_no":"379","sum_insure":"500000","familyConstruct":"1A","tenure":"1 Year","family_members_id":"0","family_gender":"Male","first_name":"dasfd","middle_name":"ddf","last_name":"dsd","family_date_birth":"12-12-2001","age":"18","age_type":"years","family_id":"","s_date":"","marriage_date":"","premium_parent":"","contri_parent":"","premium":"2099","policyNo":"379","familyDataType":"family_construct","product":"QBTv5db9151ad1c21","empId":"619764"} [] []
[2019-12-27 15:19:01] documentsSave.INFO: {"ops_type":"[\"Customer Declaration Form\",\"0\"]","ext0":"undefined","ext1":"undefined","ids":"18,19"} [] []
[2019-12-27 15:19:01] documentsSaveFiles.INFO: {"path0":{"name":"Desert.jpg","type":"image\/jpeg","tmp_name":"\/tmp\/php3AGfKr","error":0,"size":845941},"path1":{"name":"Tulips.jpg","type":"image\/jpeg","tmp_name":"\/tmp\/phpvoP7Rz","error":0,"size":620888}} [] []
[2019-12-27 15:23:10] generateOTP.INFO: test [] []
[2019-12-27 15:23:15] generateOTP.INFO: test [] []
[2019-12-27 15:23:16] generateOTP.INFO: test [] []
[2019-12-27 15:23:16] generateOTP.INFO: test [] []
[2019-12-27 15:23:16] generateOTP.INFO: test [] []
[2019-12-27 15:24:07] generateOTP.INFO: test [] []
[2019-12-27 15:24:07] generateOTP.INFO: test [] []
[2019-12-27 15:24:08] generateOTP.INFO: test [] []
[2019-12-27 15:24:08] generateOTP.INFO: test [] []
[2019-12-27 15:31:39] generateOTP.INFO: test [] []
[2019-12-27 15:31:39] generateOTP.INFO: test [] []
[2019-12-27 15:31:40] generateOTP.INFO: test [] []
[2019-12-27 15:31:40] generateOTP.INFO: test [] []
[2019-12-27 15:35:12] generateOTP.INFO: test [] []
[2019-12-27 15:35:13] generateOTP.INFO: test [] []
[2019-12-27 15:35:13] generateOTP.INFO: test [] []
[2019-12-27 15:35:13] generateOTP.INFO: test [] []
[2019-12-27 15:39:01] generateOTP.INFO: test [] []
[2019-12-27 15:42:14] generateOTP.INFO: test [] []
[2019-12-27 15:42:14] generateOTP.INFO: test [] []
[2019-12-27 15:42:14] generateOTP.INFO: test [] []
[2019-12-27 15:42:14] generateOTP.INFO: test [] []
[2019-12-27 15:45:16] generateOTP.INFO: test [] []
[2019-12-27 15:45:17] generateOTP.INFO: test [] []
[2019-12-27 15:45:17] generateOTP.INFO: test [] []
[2019-12-27 15:45:17] generateOTP.INFO: test [] []
[2019-12-27 15:47:04] generateOTP.INFO: test [] []
[2019-12-27 15:47:05] generateOTP.INFO: test [] []
[2019-12-27 15:47:06] generateOTP.INFO: test [] []
[2019-12-27 15:47:06] generateOTP.INFO: test [] []
[2019-12-27 15:47:08] generateOTP.INFO: test [] []
[2019-12-27 15:47:09] generateOTP.INFO: test [] []
[2019-12-27 15:47:18] generateOTP.INFO: test [] []
[2019-12-27 15:47:29] generateOTP.INFO: test [] []
[2019-12-27 15:47:29] generateOTP.INFO: test [] []
[2019-12-27 15:47:29] generateOTP.INFO: test [] []
[2019-12-27 15:47:29] generateOTP.INFO: test [] []
[2019-12-27 15:49:14] generateOTP.INFO: test [] []
[2019-12-27 16:12:44] generateOTP.INFO: test [] []
[2019-12-27 16:12:52] generateOTP.INFO: test [] []
[2019-12-27 16:15:59] generateOTP.INFO: test [] []
[2019-12-27 16:15:59] generateOTP.INFO: test [] []
[2019-12-27 16:20:49] generateOTP.INFO: test [] []
[2019-12-27 16:20:50] generateOTP.INFO: test [] []
[2019-12-27 16:21:12] generateOTP.INFO: test [] []
[2019-12-27 16:21:13] generateOTP.INFO: test [] []
[2019-12-27 16:21:13] generateOTP.INFO: test [] []
[2019-12-27 16:21:13] generateOTP.INFO: test [] []
[2019-12-27 16:24:17] generateOTP.INFO: test [] []
[2019-12-27 16:24:17] generateOTP.INFO: test [] []
[2019-12-27 16:24:17] generateOTP.INFO: test [] []
[2019-12-27 16:24:17] generateOTP.INFO: test [] []
[2019-12-27 16:25:15] generateOTP.INFO: test [] []
[2019-12-27 16:25:24] generateOTP.INFO: test [] []
[2019-12-27 16:25:31] generateOTP.INFO: test [] []
[2019-12-27 16:25:31] generateOTP.INFO: test [] []
[2019-12-27 16:25:32] generateOTP.INFO: test [] []
[2019-12-27 16:25:32] generateOTP.INFO: test [] []
[2019-12-27 16:26:36] generateOTP.INFO: {"edit":"0","policy_no":"378","subtype_text":"1","sum_insure":"1000000","familyConstruct":"2A+1K","tenure":"1 Year","family_members_id":"0","family_gender":"Female","first_name":"Savita","middle_name":"M","last_name":"Nair","family_date_birth":"06-04-1972","age":"47","age_type":"years","family_id":"","s_date":"","marriage_date":"","premium_parent":"","contri_parent":"","premium":"7299","policyNo":"378","familyDataType":"undefined","empId":"619766","product":"QBTv5db9151ad1c21","declare":"[]"} [] []
[2019-12-27 16:26:54] generateOTP.INFO: {"edit":"0","policy_no":"378","subtype_text":"1","sum_insure":"1000000","familyConstruct":"2A+1K","tenure":"1 Year","family_members_id":"1","family_gender":"Male","first_name":"Mohan","middle_name":"eftew","last_name":"rgregtrg","family_date_birth":"24-05-1989","age":"30","age_type":"years","family_id":"","s_date":"","marriage_date":"","premium_parent":"","contri_parent":"","premium":"7299","policyNo":"378","familyDataType":"undefined","empId":"619766","product":"QBTv5db9151ad1c21","declare":"[]"} [] []
[2019-12-27 16:27:09] generateOTP.INFO: {"edit":"0","policy_no":"378","subtype_text":"1","sum_insure":"1000000","familyConstruct":"2A+1K","tenure":"1 Year","family_members_id":"2","family_gender":"Male","first_name":"aryan","middle_name":"kjh","last_name":"kjnhkjnhkj","family_date_birth":"19-12-2018","age":"1","age_type":"years","family_id":"","s_date":"","marriage_date":"","premium_parent":"","contri_parent":"","premium":"7299","policyNo":"378","familyDataType":"undefined","empId":"619766","product":"QBTv5db9151ad1c21","declare":"[]"} [] []
[2019-12-27 16:28:30] generateOTP.INFO: test [] []
[2019-12-27 16:28:31] generateOTP.INFO: test [] []
[2019-12-27 16:28:31] generateOTP.INFO: test [] []
[2019-12-27 16:28:38] generateOTP.INFO: test [] []
[2019-12-27 16:28:38] generateOTP.INFO: test [] []
[2019-12-27 16:28:38] generateOTP.INFO: test [] []
[2019-12-27 16:28:38] generateOTP.INFO: test [] []
[2019-12-27 16:28:56] documentsSave.INFO: {"ops_type":"[\"Customer Declaration Form\",\"0\"]","ext0":"undefined","ext1":"undefined","ids":"20"} [] []
[2019-12-27 16:28:56] documentsSaveFiles.INFO: {"path0":{"name":"SS_Combo.xlsx","type":"application\/vnd.openxmlformats-officedocument.spreadsheetml.sheet","tmp_name":"\/tmp\/phpwyYhLE","error":0,"size":1468820},"path1":{"name":"Health declaration-upload docs.xlsx","type":"application\/vnd.openxmlformats-officedocument.spreadsheetml.sheet","tmp_name":"\/tmp\/phpb4eEhJ","error":0,"size":756961}} [] []
[2019-12-27 16:29:18] generateOTP.INFO: test [] []
[2019-12-27 16:29:53] generateOTP.INFO: test [] []
[2019-12-27 16:29:53] generateOTP.INFO: test [] []
[2019-12-27 16:29:53] generateOTP.INFO: test [] []
[2019-12-27 16:29:53] generateOTP.INFO: test [] []
[2019-12-27 16:30:01] generateOTP.INFO: test [] []
[2019-12-27 16:30:02] generateOTP.INFO: test [] []
[2019-12-27 16:30:02] generateOTP.INFO: test [] []
[2019-12-27 16:30:02] generateOTP.INFO: test [] []
[2019-12-27 16:30:33] generateOTP.INFO: test [] []
[2019-12-27 16:34:10] generateOTP.INFO: {"edit":"0","subtype_text":"3","policy_no":"379","sum_insure":"1000000","familyConstruct":"2A","tenure":"1 Year","family_members_id":"0","family_gender":"Male","first_name":"Rajiv","middle_name":"asad","last_name":"Nair","family_date_birth":"16-05-1990","age":"29","age_type":"years","family_id":"","s_date":"","marriage_date":"","premium_parent":"","contri_parent":"","premium":"8395","policyNo":"379","familyDataType":"family_construct","product":"QBTv5db9151ad1c21","empId":"619767"} [] []
[2019-12-27 16:34:38] generateOTP.INFO: {"edit":"0","subtype_text":"3","policy_no":"379","sum_insure":"1000000","familyConstruct":"2A","tenure":"1 Year","family_members_id":"1","family_gender":"Female","first_name":"raji","middle_name":"fsgf","last_name":"fgdsfdsf","family_date_birth":"06-09-1989","age":"30","age_type":"years","family_id":"","s_date":"","marriage_date":"","premium_parent":"","contri_parent":"","premium":"8395","policyNo":"379","familyDataType":"family_construct","product":"QBTv5db9151ad1c21","empId":"619767"} [] []
[2019-12-27 16:35:55] documentsSave.INFO: {"ops_type":"[\"Customer Declaration Form\",\"0\"]","ext0":"undefined","ext1":"undefined","ids":"21"} [] []
[2019-12-27 16:35:55] documentsSaveFiles.INFO: {"path0":{"name":"QC and Log details.xlsx","type":"application\/vnd.openxmlformats-officedocument.spreadsheetml.sheet","tmp_name":"\/tmp\/phpVXI1Rx","error":0,"size":1377964},"path1":{"name":"SS_GHI only.xlsx","type":"","tmp_name":"","error":1,"size":0}} [] []
[2019-12-27 16:36:02] generateOTP.INFO: test [] []
[2019-12-27 16:36:19] generateOTP.INFO: test [] []
[2019-12-27 16:36:32] generateOTP.INFO: test [] []
[2019-12-27 16:36:33] generateOTP.INFO: test [] []
[2019-12-27 16:36:51] generateOTP.INFO: test [] []
[2019-12-27 16:38:03] generateOTP.INFO: test [] []
[2019-12-27 16:38:03] generateOTP.INFO: test [] []
[2019-12-27 16:38:03] generateOTP.INFO: test [] []
[2019-12-27 16:38:03] generateOTP.INFO: test [] []
[2019-12-27 16:38:11] generateOTP.INFO: test [] []
[2019-12-27 16:38:19] generateOTP.INFO: test [] []
[2019-12-27 16:38:51] generateOTP.INFO: test [] []
[2019-12-27 16:38:52] generateOTP.INFO: test [] []
[2019-12-27 16:38:52] generateOTP.INFO: test [] []
[2019-12-27 16:38:52] generateOTP.INFO: test [] []
[2019-12-27 16:40:58] generateOTP.INFO: test [] []
[2019-12-27 16:41:16] generateOTP.INFO: test [] []
[2019-12-27 16:41:55] generateOTP.INFO: test [] []
[2019-12-27 16:43:28] generateOTP.INFO: test [] []
[2019-12-27 16:43:28] generateOTP.INFO: test [] []
[2019-12-27 16:43:28] generateOTP.INFO: test [] []
[2019-12-27 16:43:28] generateOTP.INFO: test [] []
[2019-12-27 16:45:03] generateOTP.INFO: test [] []
[2019-12-27 16:45:34] generateOTP.INFO: test [] []
[2019-12-27 16:45:35] generateOTP.INFO: test [] []
[2019-12-27 16:45:59] generateOTP.INFO: test [] []
[2019-12-27 16:45:59] generateOTP.INFO: test [] []
[2019-12-27 16:46:00] generateOTP.INFO: test [] []
[2019-12-27 16:46:00] generateOTP.INFO: test [] []
[2019-12-27 16:47:23] generateOTP.INFO: {"edit":"0","policy_no":"378","subtype_text":"1","sum_insure":"2000000","familyConstruct":"1A","tenure":"1 Year","family_members_id":"0","family_gender":"Female","first_name":"Asha","middle_name":"jhgjh","last_name":"jhbgjh","family_date_birth":"21-04-1988","age":"31","age_type":"years","family_id":"","s_date":"","marriage_date":"","premium_parent":"","contri_parent":"","premium":"6299","policyNo":"378","familyDataType":"undefined","empId":"619768","product":"QBTv5db9151ad1c21","declare":"[]"} [] []
[2019-12-27 16:47:32] generateOTP.INFO: {"edit":"0","subtype_text":"3","policy_no":"379","sum_insure":"500000","familyConstruct":"1A","tenure":"1 Year","family_members_id":"0","family_gender":"Female","first_name":"Asha","middle_name":"jhgjh","last_name":"jhbgjh","family_date_birth":"21-04-1988","age":"31","age_type":"years","family_id":"","s_date":"","marriage_date":"","premium_parent":"","contri_parent":"","premium":"2099","policyNo":"379","familyDataType":"family_construct","product":"QBTv5db9151ad1c21","empId":"619768"} [] []
[2019-12-27 16:48:31] documentsSave.INFO: [] [] []
[2019-12-27 16:48:31] documentsSaveFiles.INFO: [] [] []
[2019-12-27 16:49:02] generateOTP.INFO: test [] []
[2019-12-27 16:49:03] generateOTP.INFO: test [] []
[2019-12-27 16:49:03] generateOTP.INFO: test [] []
[2019-12-27 16:49:03] generateOTP.INFO: test [] []
[2019-12-27 16:49:10] documentsSave.INFO: {"ops_type":"[\"Customer Declaration Form\",\"0\"]","ext0":"undefined","ext1":"undefined","ids":"24,25"} [] []
[2019-12-27 16:49:10] documentsSaveFiles.INFO: {"path0":{"name":"COI-1A-CS.pdf","type":"application\/pdf","tmp_name":"\/tmp\/phpcMJJ5V","error":0,"size":1345480},"path1":{"name":"COI_1A-1K-Cancer Secure.pdf","type":"application\/pdf","tmp_name":"\/tmp\/phpbnGSIh","error":0,"size":1345494}} [] []
[2019-12-27 16:49:15] generateOTP.INFO: test [] []
[2019-12-27 16:50:20] generateOTP.INFO: test [] []
[2019-12-27 16:54:04] generateOTP.INFO: test [] []
[2019-12-27 16:54:04] generateOTP.INFO: test [] []
[2019-12-27 16:54:04] generateOTP.INFO: test [] []
[2019-12-27 16:54:04] generateOTP.INFO: test [] []
[2019-12-27 16:55:17] generateOTP.INFO: test [] []
[2019-12-27 16:55:17] generateOTP.INFO: test [] []
[2019-12-27 16:55:17] generateOTP.INFO: test [] []
[2019-12-27 16:55:17] generateOTP.INFO: test [] []
[2019-12-27 16:56:23] generateOTP.INFO: test [] []
[2019-12-27 16:56:23] generateOTP.INFO: test [] []
[2019-12-27 16:56:23] generateOTP.INFO: test [] []
[2019-12-27 16:56:23] generateOTP.INFO: test [] []
[2019-12-27 16:58:02] generateOTP.INFO: test [] []
[2019-12-27 16:58:02] generateOTP.INFO: test [] []
[2019-12-27 16:58:02] generateOTP.INFO: test [] []
[2019-12-27 16:58:02] generateOTP.INFO: test [] []
[2019-12-27 16:59:04] generateOTP.INFO: {"edit":"0","policy_no":"378","subtype_text":"1","sum_insure":"800000","familyConstruct":"1A","tenure":"1 Year","family_members_id":"0","family_gender":"Male","first_name":"om","middle_name":"pratik","last_name":"kanare","family_date_birth":"14-12-1988","age":"31","age_type":"years","family_id":"","s_date":"","marriage_date":"","premium_parent":"","contri_parent":"","premium":"5799","policyNo":"378","familyDataType":"undefined","empId":"619769","product":"QBTv5db9151ad1c21","declare":"[]"} [] []
[2019-12-27 16:59:16] generateOTP.INFO: {"edit":"0","subtype_text":"3","policy_no":"379","sum_insure":"500000","familyConstruct":"1A","tenure":"1 Year","family_members_id":"0","family_gender":"Male","first_name":"om","middle_name":"pratik","last_name":"kanare","family_date_birth":"14-12-1988","age":"31","age_type":"years","family_id":"","s_date":"","marriage_date":"","premium_parent":"","contri_parent":"","premium":"2099","policyNo":"379","familyDataType":"family_construct","product":"QBTv5db9151ad1c21","empId":"619769"} [] []
[2019-12-27 17:03:10] documentsSave.INFO: {"ops_type":"[\"Customer Declaration Form\",\"1\",\"0\"]","ext0":"undefined","ext1":"undefined","ext2":"undefined","ids":"26,27"} [] []
[2019-12-27 17:03:10] documentsSaveFiles.INFO: {"path0":{"name":"Chrysanthemum.jpg","type":"image\/jpeg","tmp_name":"\/tmp\/phpZlcUrC","error":0,"size":879394},"path1":{"name":"Desert.jpg","type":"image\/jpeg","tmp_name":"\/tmp\/phputwGad","error":0,"size":845941},"path2":{"name":"Hydrangeas.jpg","type":"image\/jpeg","tmp_name":"\/tmp\/phpDMMD1n","error":0,"size":595284}} [] []
[2019-12-27 17:03:16] generateOTP.INFO: test [] []
[2019-12-27 17:03:20] generateOTP.INFO: test [] []
[2019-12-27 17:06:27] generateOTP.INFO: test [] []
[2019-12-27 17:06:27] generateOTP.INFO: test [] []
[2019-12-27 17:06:27] generateOTP.INFO: test [] []
[2019-12-27 17:06:27] generateOTP.INFO: test [] []
[2019-12-27 17:07:22] generateOTP.INFO: test [] []
[2019-12-27 17:07:30] generateOTP.INFO: test [] []
[2019-12-27 17:07:40] generateOTP.INFO: test [] []
[2019-12-27 17:07:41] generateOTP.INFO: test [] []
[2019-12-27 17:08:30] generateOTP.INFO: test [] []
[2019-12-27 17:08:30] generateOTP.INFO: test [] []
[2019-12-27 17:09:36] generateOTP.INFO: test [] []
[2019-12-27 17:10:01] generateOTP.INFO: test [] []
[2019-12-27 17:10:22] generateOTP.INFO: test [] []
[2019-12-27 17:47:03] generateOTP.INFO: test [] []
[2019-12-27 17:48:41] generateOTP.INFO: test [] []
[2019-12-27 17:48:42] generateOTP.INFO: test [] []
[2019-12-27 17:49:40] generateOTP.INFO: test [] []
[2019-12-27 17:49:40] generateOTP.INFO: test [] []
[2019-12-27 17:49:40] generateOTP.INFO: test [] []
[2019-12-27 17:49:40] generateOTP.INFO: test [] []
[2019-12-27 17:50:23] generateOTP.INFO: test [] []
[2019-12-27 17:50:26] generateOTP.INFO: test [] []
[2019-12-27 17:50:31] generateOTP.INFO: test [] []
[2019-12-27 17:50:31] generateOTP.INFO: test [] []
[2019-12-27 17:50:32] generateOTP.INFO: test [] []
[2019-12-27 17:50:32] generateOTP.INFO: test [] []
[2019-12-27 17:52:06] generateOTP.INFO: {"edit":"0","policy_no":"378","subtype_text":"1","sum_insure":"800000","familyConstruct":"1A","tenure":"1 Year","family_members_id":"0","family_gender":"Male","first_name":"sai","middle_name":"ram","last_name":"k","family_date_birth":"15-12-1988","age":"31","age_type":"years","family_id":"","s_date":"","marriage_date":"","premium_parent":"","contri_parent":"","premium":"5799","policyNo":"378","familyDataType":"undefined","empId":"619770","product":"QBTv5db9151ad1c21","declare":"[]"} [] []
[2019-12-27 17:52:16] generateOTP.INFO: {"edit":"0","subtype_text":"3","policy_no":"379","sum_insure":"500000","familyConstruct":"1A","tenure":"1 Year","family_members_id":"0","family_gender":"Male","first_name":"sai","middle_name":"ram","last_name":"k","family_date_birth":"15-12-1988","age":"31","age_type":"years","family_id":"","s_date":"","marriage_date":"","premium_parent":"","contri_parent":"","premium":"2099","policyNo":"379","familyDataType":"family_construct","product":"QBTv5db9151ad1c21","empId":"619770"} [] []
[2019-12-27 17:53:42] documentsSave.INFO: {"ops_type":"[\"Customer Declaration Form\",\"18\",\"0\"]","ext0":"undefined","ext1":"undefined","ext2":"undefined","ids":"28,29"} [] []
[2019-12-27 17:53:42] documentsSaveFiles.INFO: {"path0":{"name":"Desert.jpg","type":"image\/jpeg","tmp_name":"\/tmp\/phpOfT4L7","error":0,"size":845941},"path1":{"name":"Hydrangeas.jpg","type":"image\/jpeg","tmp_name":"\/tmp\/phpqgTpS4","error":0,"size":595284},"path2":{"name":"Koala.jpg","type":"image\/jpeg","tmp_name":"\/tmp\/phpoCNsrL","error":0,"size":780831}} [] []
[2019-12-27 17:53:47] generateOTP.INFO: test [] []
[2019-12-27 17:53:52] generateOTP.INFO: test [] []
[2019-12-27 17:53:52] generateOTP.INFO: test [] []
[2019-12-27 17:53:52] generateOTP.INFO: test [] []
[2019-12-27 17:53:52] generateOTP.INFO: test [] []
[2019-12-27 18:00:33] generateOTP.INFO: test [] []
[2019-12-27 18:00:34] generateOTP.INFO: test [] []
[2019-12-27 18:00:34] generateOTP.INFO: test [] []
[2019-12-27 18:00:34] generateOTP.INFO: test [] []
[2019-12-27 18:04:39] generateOTP.INFO: test [] []
[2019-12-27 18:04:39] generateOTP.INFO: test [] []
[2019-12-27 18:04:39] generateOTP.INFO: test [] []
[2019-12-27 18:04:39] generateOTP.INFO: test [] []
[2019-12-27 18:04:40] generateOTP.INFO: test [] []
[2019-12-27 18:04:40] generateOTP.INFO: test [] []
[2019-12-27 18:04:40] generateOTP.INFO: test [] []
[2019-12-27 18:04:46] generateOTP.INFO: test [] []
[2019-12-27 18:04:46] generateOTP.INFO: test [] []
[2019-12-27 18:04:54] generateOTP.INFO: test [] []
[2019-12-27 18:04:54] generateOTP.INFO: test [] []
[2019-12-27 18:04:54] generateOTP.INFO: test [] []
[2019-12-27 18:04:54] generateOTP.INFO: test [] []
[2019-12-27 18:07:57] generateOTP.INFO: test [] []
[2019-12-27 18:07:58] generateOTP.INFO: test [] []
[2019-12-27 18:08:00] generateOTP.INFO: test [] []
[2019-12-27 18:08:02] generateOTP.INFO: test [] []
[2019-12-27 18:08:07] generateOTP.INFO: test [] []
[2019-12-27 18:08:07] generateOTP.INFO: test [] []
[2019-12-27 18:08:07] generateOTP.INFO: test [] []
[2019-12-27 18:08:08] generateOTP.INFO: test [] []
[2019-12-27 18:09:01] generateOTP.INFO: test [] []
[2019-12-27 18:09:09] generateOTP.INFO: test [] []
[2019-12-27 18:09:09] generateOTP.INFO: test [] []
[2019-12-27 18:09:09] generateOTP.INFO: test [] []
[2019-12-27 18:09:09] generateOTP.INFO: test [] []
[2019-12-27 18:10:19] generateOTP.INFO: test [] []
[2019-12-27 18:10:19] generateOTP.INFO: test [] []
[2019-12-27 18:10:19] generateOTP.INFO: test [] []
[2019-12-27 18:10:19] generateOTP.INFO: test [] []
[2019-12-27 18:10:42] generateOTP.INFO: test [] []
[2019-12-27 18:10:42] generateOTP.INFO: test [] []
[2019-12-27 18:10:42] generateOTP.INFO: test [] []
[2019-12-27 18:10:42] generateOTP.INFO: test [] []
[2019-12-27 18:11:01] generateOTP.INFO: test [] []
[2019-12-27 18:12:13] generateOTP.INFO: test [] []
[2019-12-27 18:12:13] generateOTP.INFO: test [] []
[2019-12-27 18:12:13] generateOTP.INFO: test [] []
[2019-12-27 18:12:13] generateOTP.INFO: test [] []
[2019-12-27 18:13:30] generateOTP.INFO: test [] []
[2019-12-27 18:13:30] generateOTP.INFO: test [] []
[2019-12-27 18:13:30] generateOTP.INFO: test [] []
[2019-12-27 18:13:30] generateOTP.INFO: test [] []
[2019-12-27 18:13:50] generateOTP.INFO: test [] []
[2019-12-27 18:13:55] generateOTP.INFO: test [] []
[2019-12-27 18:13:55] generateOTP.INFO: test [] []
[2019-12-27 18:13:55] generateOTP.INFO: test [] []
[2019-12-27 18:13:55] generateOTP.INFO: test [] []
[2019-12-27 18:16:30] generateOTP.INFO: test [] []
[2019-12-27 18:16:30] generateOTP.INFO: test [] []
[2019-12-27 18:16:30] generateOTP.INFO: test [] []
[2019-12-27 18:16:30] generateOTP.INFO: test [] []
[2019-12-27 18:17:02] generateOTP.INFO: test [] []
[2019-12-27 18:17:02] generateOTP.INFO: test [] []
[2019-12-27 18:17:02] generateOTP.INFO: test [] []
[2019-12-27 18:17:02] generateOTP.INFO: test [] []
[2019-12-27 18:17:42] generateOTP.INFO: test [] []
[2019-12-27 18:17:43] generateOTP.INFO: test [] []
[2019-12-27 18:17:43] generateOTP.INFO: test [] []
[2019-12-27 18:17:43] generateOTP.INFO: test [] []
[2019-12-27 18:18:18] generateOTP.INFO: test [] []
[2019-12-27 18:18:18] generateOTP.INFO: test [] []
[2019-12-27 18:18:18] generateOTP.INFO: test [] []
[2019-12-27 18:18:18] generateOTP.INFO: test [] []
[2019-12-27 18:18:38] generateOTP.INFO: test [] []
[2019-12-27 18:18:39] generateOTP.INFO: test [] []
[2019-12-27 18:18:39] generateOTP.INFO: test [] []
[2019-12-27 18:18:39] generateOTP.INFO: test [] []
[2019-12-27 18:19:29] generateOTP.INFO: test [] []
[2019-12-27 18:19:30] generateOTP.INFO: test [] []
[2019-12-27 18:19:30] generateOTP.INFO: test [] []
[2019-12-27 18:19:30] generateOTP.INFO: test [] []
[2019-12-27 18:19:42] generateOTP.INFO: test [] []
[2019-12-27 18:19:42] generateOTP.INFO: test [] []
[2019-12-27 18:19:43] generateOTP.INFO: test [] []
[2019-12-27 18:19:43] generateOTP.INFO: test [] []
[2019-12-27 18:22:40] generateOTP.INFO: test [] []
[2019-12-27 18:22:40] generateOTP.INFO: test [] []
[2019-12-27 18:22:41] generateOTP.INFO: test [] []
[2019-12-27 18:22:41] generateOTP.INFO: test [] []
[2019-12-27 18:23:57] generateOTP.INFO: test [] []
[2019-12-27 18:23:57] generateOTP.INFO: test [] []
[2019-12-27 18:23:58] generateOTP.INFO: test [] []
[2019-12-27 18:23:58] generateOTP.INFO: test [] []
[2019-12-27 18:24:29] generateOTP.INFO: test [] []
[2019-12-27 18:24:29] generateOTP.INFO: test [] []
[2019-12-27 18:24:29] generateOTP.INFO: test [] []
[2019-12-27 18:24:29] generateOTP.INFO: test [] []
[2019-12-27 18:30:26] generateOTP.INFO: test [] []
[2019-12-27 18:30:26] generateOTP.INFO: test [] []
[2019-12-27 18:30:26] generateOTP.INFO: test [] []
[2019-12-27 18:30:26] generateOTP.INFO: test [] []
[2019-12-27 18:30:46] generateOTP.INFO: test [] []
[2019-12-27 18:30:46] generateOTP.INFO: test [] []
[2019-12-27 18:30:46] generateOTP.INFO: test [] []
[2019-12-27 18:30:46] generateOTP.INFO: test [] []
[2019-12-27 18:31:29] generateOTP.INFO: test [] []
[2019-12-27 18:31:29] generateOTP.INFO: test [] []
[2019-12-27 18:31:29] generateOTP.INFO: test [] []
[2019-12-27 18:31:29] generateOTP.INFO: test [] []
[2019-12-27 18:35:50] generateOTP.INFO: {"edit":"0","policy_no":"378","subtype_text":"1","sum_insure":"800000","familyConstruct":"2A","tenure":"1 Year","family_members_id":"0","family_gender":"Male","first_name":"abhiraJ","middle_name":"PRATAP","last_name":"WAGH","family_date_birth":"08-12-1982","age":"37","age_type":"years","family_id":"","s_date":"","marriage_date":"","premium_parent":"","contri_parent":"","premium":"6699","policyNo":"378","familyDataType":"undefined","empId":"619774","product":"QBTv5db9151ad1c21","declare":"[]"} [] []
[2019-12-27 18:40:40] generateOTP.INFO: test [] []
[2019-12-27 18:40:40] generateOTP.INFO: test [] []
[2019-12-27 18:40:40] generateOTP.INFO: test [] []
[2019-12-27 18:40:40] generateOTP.INFO: test [] []
[2019-12-27 18:43:45] generateOTP.INFO: {"edit":"0","policy_no":"378","subtype_text":"1","sum_insure":"800000","familyConstruct":"2A","tenure":"1 Year","family_members_id":"0","family_gender":"Male","first_name":"Abhijit","middle_name":"pratap","last_name":"wagh","family_date_birth":"08-12-1983","age":"36","age_type":"years","family_id":"","s_date":"","marriage_date":"","premium_parent":"","contri_parent":"","premium":"6699","policyNo":"378","familyDataType":"undefined","empId":"619775","product":"QBTv5db9151ad1c21","declare":"[]"} [] []
[2019-12-27 18:44:06] generateOTP.INFO: {"edit":"0","policy_no":"378","subtype_text":"1","sum_insure":"800000","familyConstruct":"2A","tenure":"1 Year","family_members_id":"1","family_gender":"Female","first_name":"sonal","middle_name":"abhijit","last_name":"wagh","family_date_birth":"25-12-1974","age":"45","age_type":"years","family_id":"","s_date":"","marriage_date":"","premium_parent":"","contri_parent":"","premium":"6699","policyNo":"378","familyDataType":"undefined","empId":"619775","product":"QBTv5db9151ad1c21","declare":"[]"} [] []
[2019-12-27 18:44:28] generateOTP.INFO: {"edit":"0","subtype_text":"3","policy_no":"379","sum_insure":"500000","familyConstruct":"1A","tenure":"1 Year","family_members_id":"0","family_gender":"Male","first_name":"Abhijit","middle_name":"pratap","last_name":"wagh","family_date_birth":"08-12-1983","age":"36","age_type":"years","family_id":"","s_date":"","marriage_date":"","premium_parent":"","contri_parent":"","premium":"2099","policyNo":"379","familyDataType":"family_construct","product":"QBTv5db9151ad1c21","empId":"619775"} [] []
[2019-12-27 18:46:09] documentsSave.INFO: {"ops_type":"[\"Customer Declaration Form\",\"2\",\"0\"]","ext0":"undefined","ext1":"undefined","ext2":"undefined","ids":"1,2"} [] []
[2019-12-27 18:46:09] documentsSaveFiles.INFO: {"path0":{"name":"Lighthouse.jpg","type":"image\/jpeg","tmp_name":"\/tmp\/phpsVX6yb","error":0,"size":561276},"path1":{"name":"Tulips.jpg","type":"image\/jpeg","tmp_name":"\/tmp\/php5a0P8N","error":0,"size":620888},"path2":{"name":"Penguins.jpg","type":"image\/jpeg","tmp_name":"\/tmp\/phpBpYQad","error":0,"size":777835}} [] []
[2019-12-27 18:46:16] generateOTP.INFO: test [] []
[2019-12-27 18:46:30] generateOTP.INFO: test [] []
[2019-12-27 18:46:44] generateOTP.INFO: test [] []
[2019-12-27 18:46:44] generateOTP.INFO: test [] []
[2019-12-27 18:46:44] generateOTP.INFO: test [] []
[2019-12-27 18:46:44] generateOTP.INFO: test [] []
[2019-12-27 18:50:06] generateOTP.INFO: {"edit":"0","policy_no":"378","subtype_text":"1","sum_insure":"800000","familyConstruct":"1A","tenure":"1 Year","family_members_id":"0","family_gender":"Female","first_name":"smita","middle_name":"indra","last_name":"jadhav","family_date_birth":"16-12-1971","age":"48","age_type":"years","family_id":"","s_date":"","marriage_date":"","premium_parent":"","contri_parent":"","premium":"5799","policyNo":"378","familyDataType":"undefined","empId":"619776","product":"QBTv5db9151ad1c21","declare":"[]"} [] []
[2019-12-27 18:52:47] documentsSave.INFO: {"ops_type":"[\"Customer Declaration Form\",\"1\",\"0\"]","ext0":"undefined","ext1":"undefined","ext2":"undefined","ids":"3"} [] []
[2019-12-27 18:52:47] documentsSaveFiles.INFO: {"path0":{"name":"Desert.jpg","type":"image\/jpeg","tmp_name":"\/tmp\/phpuvoXNz","error":0,"size":845941},"path1":{"name":"Tulips.jpg","type":"image\/jpeg","tmp_name":"\/tmp\/phpSTSds2","error":0,"size":620888},"path2":{"name":"Lighthouse.jpg","type":"image\/jpeg","tmp_name":"\/tmp\/phpBiQFna","error":0,"size":561276}} [] []
[2019-12-27 18:52:50] generateOTP.INFO: test [] []
[2019-12-27 18:53:20] generateOTP.INFO: test [] []
[2019-12-27 18:53:21] generateOTP.INFO: test [] []
[2019-12-27 18:56:05] generateOTP.INFO: test [] []
[2019-12-27 18:56:05] generateOTP.INFO: test [] []
[2019-12-27 18:56:05] generateOTP.INFO: test [] []
[2019-12-27 18:56:05] generateOTP.INFO: test [] []
[2019-12-27 19:04:52] generateOTP.INFO: {"edit":"0","policy_no":"378","subtype_text":"1","sum_insure":"800000","familyConstruct":"1A","tenure":"1 Year","family_members_id":"0","family_gender":"Male","first_name":"mangal","middle_name":"ramchandra ","last_name":"deshmukh","family_date_birth":"12-12-2001","age":"18","age_type":"years","family_id":"","s_date":"","marriage_date":"","premium_parent":"","contri_parent":"","premium":"5799","policyNo":"378","familyDataType":"undefined","empId":"619777","product":"QBTv5db9151ad1c21","declare":"[]"} [] []
[2019-12-27 19:04:59] generateOTP.INFO: {"edit":"0","subtype_text":"3","policy_no":"379","sum_insure":"500000","familyConstruct":"1A","tenure":"1 Year","family_members_id":"0","family_gender":"Male","first_name":"mangal","middle_name":"ramchandra ","last_name":"deshmukh","family_date_birth":"12-12-2001","age":"18","age_type":"years","family_id":"","s_date":"","marriage_date":"","premium_parent":"","contri_parent":"","premium":"2099","policyNo":"379","familyDataType":"family_construct","product":"QBTv5db9151ad1c21","empId":"619777"} [] []
[2019-12-27 19:06:14] documentsSave.INFO: {"ops_type":"[\"Customer Declaration Form\",\"1\",\"0\"]","ext0":"undefined","ext1":"undefined","ext2":"undefined","ids":"4,5"} [] []
[2019-12-27 19:06:14] documentsSaveFiles.INFO: {"path0":{"name":"Desert.jpg","type":"image\/jpeg","tmp_name":"\/tmp\/php9TKRAg","error":0,"size":845941},"path1":{"name":"Tulips.jpg","type":"image\/jpeg","tmp_name":"\/tmp\/phpFqqnas","error":0,"size":620888},"path2":{"name":"Desert.jpg","type":"image\/jpeg","tmp_name":"\/tmp\/phpNPZ8HA","error":0,"size":845941}} [] []
[2019-12-27 19:07:07] documentsSave.INFO: {"ops_type":"[\"Customer Declaration Form\",\"1\",\"0\"]","ext0":"undefined","ext1":"undefined","ext2":"undefined","ids":"4,5"} [] []
[2019-12-27 19:07:07] documentsSaveFiles.INFO: {"path0":{"name":"Desert.jpg","type":"image\/jpeg","tmp_name":"\/tmp\/phplUScMs","error":0,"size":845941},"path1":{"name":"Tulips.jpg","type":"image\/jpeg","tmp_name":"\/tmp\/phpG4t8Fr","error":0,"size":620888},"path2":{"name":"Desert.jpg","type":"image\/jpeg","tmp_name":"\/tmp\/php0Wiyku","error":0,"size":845941}} [] []
[2019-12-27 19:07:47] documentsSave.INFO: {"ops_type":"[\"Customer Declaration Form\",\"1\",\"0\"]","ext0":"undefined","ext1":"undefined","ext2":"undefined","ids":"4,5"} [] []
[2019-12-27 19:07:47] documentsSaveFiles.INFO: {"path0":{"name":"Desert.jpg","type":"image\/jpeg","tmp_name":"\/tmp\/phpDqjmmf","error":0,"size":845941},"path1":{"name":"Tulips.jpg","type":"image\/jpeg","tmp_name":"\/tmp\/phpXXmoVi","error":0,"size":620888},"path2":{"name":"Desert.jpg","type":"image\/jpeg","tmp_name":"\/tmp\/php0Iou3x","error":0,"size":845941}} [] []
[2019-12-27 19:09:32] documentsSave.INFO: {"ops_type":"[\"Customer Declaration Form\",\"1\",\"0\"]","ext0":"undefined","ext1":"undefined","ext2":"undefined","ids":"4,5"} [] []
[2019-12-27 19:09:32] documentsSaveFiles.INFO: {"path0":{"name":"Desert.jpg","type":"image\/jpeg","tmp_name":"\/tmp\/phpXZL1Ub","error":0,"size":845941},"path1":{"name":"Tulips.jpg","type":"image\/jpeg","tmp_name":"\/tmp\/phpM5n3x2","error":0,"size":620888},"path2":{"name":"Desert.jpg","type":"image\/jpeg","tmp_name":"\/tmp\/phpYXPFn1","error":0,"size":845941}} [] []
[2019-12-27 19:10:25] documentsSave.INFO: {"ops_type":"[\"Customer Declaration Form\",\"1\",\"0\"]","ext0":"undefined","ext1":"undefined","ext2":"undefined","ids":"4,5"} [] []
[2019-12-27 19:10:25] documentsSaveFiles.INFO: {"path0":{"name":"Desert.jpg","type":"image\/jpeg","tmp_name":"\/tmp\/phpfMoOvs","error":0,"size":845941},"path1":{"name":"Tulips.jpg","type":"image\/jpeg","tmp_name":"\/tmp\/phpnhM8hh","error":0,"size":620888},"path2":{"name":"Desert.jpg","type":"image\/jpeg","tmp_name":"\/tmp\/php1iOJW8","error":0,"size":845941}} [] []
[2019-12-27 19:10:47] documentsSave.INFO: {"ops_type":"[\"Customer Declaration Form\",\"1\",\"0\"]","ext0":"undefined","ext1":"undefined","ext2":"undefined","ids":"4,5"} [] []
[2019-12-27 19:10:47] documentsSaveFiles.INFO: {"path0":{"name":"Desert.jpg","type":"image\/jpeg","tmp_name":"\/tmp\/phpX3Iuar","error":0,"size":845941},"path1":{"name":"Tulips.jpg","type":"image\/jpeg","tmp_name":"\/tmp\/phpkJ5lao","error":0,"size":620888},"path2":{"name":"Desert.jpg","type":"image\/jpeg","tmp_name":"\/tmp\/php3sAQ1s","error":0,"size":845941}} [] []
[2019-12-27 19:11:55] documentsSave.INFO: {"ops_type":"[\"Customer Declaration Form\",\"1\",\"0\"]","ext0":"undefined","ext1":"undefined","ext2":"undefined","ids":"4,5"} [] []
[2019-12-27 19:11:55] documentsSaveFiles.INFO: {"path0":{"name":"Desert.jpg","type":"image\/jpeg","tmp_name":"\/tmp\/phpd4oiBH","error":0,"size":845941},"path1":{"name":"Tulips.jpg","type":"image\/jpeg","tmp_name":"\/tmp\/phpFDFasp","error":0,"size":620888},"path2":{"name":"Desert.jpg","type":"image\/jpeg","tmp_name":"\/tmp\/phpFaWQY9","error":0,"size":845941}} [] []
[2019-12-27 19:12:47] documentsSave.INFO: {"ops_type":"[\"Customer Declaration Form\",\"1\",\"0\"]","ext0":"undefined","ext1":"undefined","ext2":"undefined","ids":"4,5"} [] []
[2019-12-27 19:12:47] documentsSaveFiles.INFO: {"path0":{"name":"Desert.jpg","type":"image\/jpeg","tmp_name":"\/tmp\/phpri9oeG","error":0,"size":845941},"path1":{"name":"Tulips.jpg","type":"image\/jpeg","tmp_name":"\/tmp\/phpXuwjJ6","error":0,"size":620888},"path2":{"name":"Desert.jpg","type":"image\/jpeg","tmp_name":"\/tmp\/phpm1N8QJ","error":0,"size":845941}} [] []
[2019-12-27 19:13:21] documentsSave.INFO: {"ops_type":"[\"Customer Declaration Form\",\"1\",\"0\"]","ext0":"undefined","ext1":"undefined","ext2":"undefined","ids":"4,5"} [] []
[2019-12-27 19:13:21] documentsSaveFiles.INFO: {"path0":{"name":"Desert.jpg","type":"image\/jpeg","tmp_name":"\/tmp\/php6ZXsWj","error":0,"size":845941},"path1":{"name":"Tulips.jpg","type":"image\/jpeg","tmp_name":"\/tmp\/phpEc5z1A","error":0,"size":620888},"path2":{"name":"Desert.jpg","type":"image\/jpeg","tmp_name":"\/tmp\/phpsYK6j1","error":0,"size":845941}} [] []
[2019-12-27 19:14:06] documentsSave.INFO: {"ops_type":"[\"Customer Declaration Form\",\"1\",\"0\"]","ext0":"undefined","ext1":"undefined","ext2":"undefined","ids":"4,5"} [] []
[2019-12-27 19:14:06] documentsSaveFiles.INFO: {"path0":{"name":"Desert.jpg","type":"image\/jpeg","tmp_name":"\/tmp\/phpEyw99s","error":0,"size":845941},"path1":{"name":"Tulips.jpg","type":"image\/jpeg","tmp_name":"\/tmp\/phpOAH0l9","error":0,"size":620888},"path2":{"name":"Desert.jpg","type":"image\/jpeg","tmp_name":"\/tmp\/phpHbkrs4","error":0,"size":845941}} [] []
[2019-12-27 19:15:13] documentsSave.INFO: {"ops_type":"[\"Customer Declaration Form\",\"1\",\"0\"]","ext0":"undefined","ext1":"undefined","ext2":"undefined","ids":"4,5"} [] []
[2019-12-27 19:15:13] documentsSaveFiles.INFO: {"path0":{"name":"Desert.jpg","type":"image\/jpeg","tmp_name":"\/tmp\/phptUbhWy","error":0,"size":845941},"path1":{"name":"Tulips.jpg","type":"image\/jpeg","tmp_name":"\/tmp\/phpbo6jF3","error":0,"size":620888},"path2":{"name":"Desert.jpg","type":"image\/jpeg","tmp_name":"\/tmp\/phpvjnmwB","error":0,"size":845941}} [] []
[2019-12-27 19:16:38] documentsSave.INFO: {"ops_type":"[\"Customer Declaration Form\",\"1\",\"0\"]","ext0":"undefined","ext1":"undefined","ext2":"undefined","ids":"4,5"} [] []
[2019-12-27 19:16:38] documentsSaveFiles.INFO: {"path0":{"name":"Desert.jpg","type":"image\/jpeg","tmp_name":"\/tmp\/phpKUK3SD","error":0,"size":845941},"path1":{"name":"Tulips.jpg","type":"image\/jpeg","tmp_name":"\/tmp\/phplVxkwn","error":0,"size":620888},"path2":{"name":"Desert.jpg","type":"image\/jpeg","tmp_name":"\/tmp\/phpOYghFg","error":0,"size":845941}} [] []
[2019-12-27 19:28:23] documentsSave.INFO: {"ops_type":"[\"Customer Declaration Form\",\"1\",\"0\"]","ext0":"undefined","ext1":"undefined","ext2":"undefined","ids":"4,5"} [] []
[2019-12-27 19:28:23] documentsSaveFiles.INFO: {"path0":{"name":"Desert.jpg","type":"image\/jpeg","tmp_name":"\/tmp\/phpqxyxxV","error":0,"size":845941},"path1":{"name":"Tulips.jpg","type":"image\/jpeg","tmp_name":"\/tmp\/phpjngppx","error":0,"size":620888},"path2":{"name":"Desert.jpg","type":"image\/jpeg","tmp_name":"\/tmp\/php2m9BQd","error":0,"size":845941}} [] []
[2019-12-27 19:28:27] documentsSave.INFO: {"ops_type":"[\"Customer Declaration Form\",\"1\",\"0\"]","ext0":"undefined","ext1":"undefined","ext2":"undefined","ids":"4,5"} [] []
[2019-12-27 19:28:27] documentsSaveFiles.INFO: {"path0":{"name":"Desert.jpg","type":"image\/jpeg","tmp_name":"\/tmp\/phpPnWrm4","error":0,"size":845941},"path1":{"name":"Tulips.jpg","type":"image\/jpeg","tmp_name":"\/tmp\/php2p54EW","error":0,"size":620888},"path2":{"name":"Desert.jpg","type":"image\/jpeg","tmp_name":"\/tmp\/php50qESQ","error":0,"size":845941}} [] []
