[2019-11-27 15:30:41] generateOTP.INFO: test [] []
[2019-11-27 15:30:41] generateOTP.INFO: test [] []
[2019-11-27 15:35:26] generateOTP.INFO: test [] []
[2019-11-27 15:35:32] generateOTP.INFO: test [] []
[2019-11-27 15:55:01] generateOTP.INFO: test [] []
[2019-11-27 16:11:10] generateOTP.INFO: test [] []
[2019-11-27 16:12:01] generateOTP.INFO: test [] []
[2019-11-27 16:12:01] generateOTP.INFO: test [] []
[2019-11-27 16:12:05] generateOTP.INFO: test [] []
[2019-11-27 16:12:30] generateOTP.INFO: {"edit":"8","policy_no":"392,393","subtype_text":"1","sum_insure":"1000000","familyConstruct":"2A+2K","tenure":"1 Year","family_members_id":"2","family_gender":"Male","first_name":"sdsd","last_name":"sdsd","family_date_birth":"14-11-2002","age":"17","age_type":"years","15":"No","16":"No","17":"No","18":"No","19":"No","20":"No","21":"No","family_id":"","s_date":"20-11-1998","marriage_date":"","premium_parent":"","contri_parent":"","premium":"20101.9962","policyNo":"392,393","familyDataType":"undefined","empId":"619438","product":"iWL65dcd54d9c5a65","declare":"[{\"question\":\"15\",\"format\":\"No\"},{\"question\":\"16\",\"format\":\"No\"},{\"question\":\"17\",\"format\":\"No\"},{\"question\":\"18\",\"format\":\"No\"},{\"question\":\"19\",\"format\":\"No\"},{\"question\":\"20\",\"format\":\"No\"},{\"question\":\"21\",\"format\":\"No\"}]"} [] []
[2019-11-27 16:12:47] generateOTP.INFO: {"edit":"8","policy_no":"392,393","subtype_text":"1","sum_insure":"1000000","familyConstruct":"2A+2K","tenure":"1 Year","family_members_id":"2","family_gender":"Male","first_name":"sdsd","last_name":"sdsd","family_date_birth":"14-11-2002","age":"17","age_type":"years","15":"No","16":"No","17":"No","18":"No","19":"No","20":"No","21":"No","family_id":"","s_date":"20-11-1998","marriage_date":"","premium_parent":"","contri_parent":"","premium":"20101.9962","policyNo":"392,393","familyDataType":"undefined","empId":"619438","product":"iWL65dcd54d9c5a65","declare":"[{\"question\":\"15\",\"format\":\"No\"},{\"question\":\"16\",\"format\":\"No\"},{\"question\":\"17\",\"format\":\"No\"},{\"question\":\"18\",\"format\":\"No\"},{\"question\":\"19\",\"format\":\"No\"},{\"question\":\"20\",\"format\":\"No\"},{\"question\":\"21\",\"format\":\"No\"}]"} [] []
[2019-11-27 16:13:19] generateOTP.INFO: {"edit":"8","policy_no":"392,393","subtype_text":"1","sum_insure":"1000000","familyConstruct":"2A+2K","tenure":"1 Year","family_members_id":"2","family_gender":"Male","first_name":"sdsd","last_name":"sdsd","family_date_birth":"14-11-2002","age":"17","age_type":"years","15":"No","16":"No","17":"No","18":"No","19":"No","20":"No","21":"No","family_id":"","s_date":"20-11-1998","marriage_date":"","premium_parent":"","contri_parent":"","premium":"20101.9962","policyNo":"392,393","familyDataType":"undefined","empId":"619438","product":"iWL65dcd54d9c5a65","declare":"[{\"question\":\"15\",\"format\":\"No\"},{\"question\":\"16\",\"format\":\"No\"},{\"question\":\"17\",\"format\":\"No\"},{\"question\":\"18\",\"format\":\"No\"},{\"question\":\"19\",\"format\":\"No\"},{\"question\":\"20\",\"format\":\"No\"},{\"question\":\"21\",\"format\":\"No\"}]"} [] []
[2019-11-27 16:14:21] generateOTP.INFO: {"edit":"8","policy_no":"392,393","subtype_text":"1","sum_insure":"1000000","familyConstruct":"2A+2K","tenure":"1 Year","family_members_id":"2","family_gender":"Male","first_name":"sdsd","last_name":"sdsd","family_date_birth":"14-11-2002","age":"17","age_type":"years","15":"No","16":"No","17":"No","18":"No","19":"No","20":"No","21":"No","family_id":"","s_date":"20-11-1998","marriage_date":"","premium_parent":"","contri_parent":"","premium":"20101.9962","policyNo":"392,393","familyDataType":"undefined","empId":"619438","product":"iWL65dcd54d9c5a65","declare":"[{\"question\":\"15\",\"format\":\"No\"},{\"question\":\"16\",\"format\":\"No\"},{\"question\":\"17\",\"format\":\"No\"},{\"question\":\"18\",\"format\":\"No\"},{\"question\":\"19\",\"format\":\"No\"},{\"question\":\"20\",\"format\":\"No\"},{\"question\":\"21\",\"format\":\"No\"}]"} [] []
[2019-11-27 16:14:39] generateOTP.INFO: {"edit":"8","policy_no":"392,393","subtype_text":"1","sum_insure":"1000000","familyConstruct":"2A+2K","tenure":"1 Year","family_members_id":"2","family_gender":"Male","first_name":"sdsd","last_name":"sdsd","family_date_birth":"14-11-2002","age":"17","age_type":"years","15":"No","16":"No","17":"No","18":"No","19":"No","20":"No","21":"No","family_id":"","s_date":"20-11-1998","marriage_date":"","premium_parent":"","contri_parent":"","premium":"20101.9962","policyNo":"392,393","familyDataType":"undefined","empId":"619438","product":"iWL65dcd54d9c5a65","declare":"[{\"question\":\"15\",\"format\":\"No\"},{\"question\":\"16\",\"format\":\"No\"},{\"question\":\"17\",\"format\":\"No\"},{\"question\":\"18\",\"format\":\"No\"},{\"question\":\"19\",\"format\":\"No\"},{\"question\":\"20\",\"format\":\"No\"},{\"question\":\"21\",\"format\":\"No\"}]"} [] []
[2019-11-27 16:15:53] generateOTP.INFO: test [] []
[2019-11-27 16:15:54] generateOTP.INFO: test [] []
[2019-11-27 16:15:54] generateOTP.INFO: test [] []
[2019-11-27 16:16:10] generateOTP.INFO: {"edit":"0","policy_no":"392,393","subtype_text":"1","sum_insure":"1000000","familyConstruct":"1A+1K","tenure":"1 Year","family_members_id":"0","family_gender":"Male","first_name":"Trisha","last_name":"BANKING","family_date_birth":"19-12-1988","age":"30","age_type":"years","15":"No","16":"No","17":"No","18":"No","19":"No","20":"No","21":"No","family_id":"","s_date":"20-11-1998","marriage_date":"","premium_parent":"","contri_parent":"","premium":"14302.0012","policyNo":"392,393","familyDataType":"undefined","empId":"619438","product":"iWL65dcd54d9c5a65","declare":"[{\"question\":\"15\",\"format\":\"No\"},{\"question\":\"16\",\"format\":\"No\"},{\"question\":\"17\",\"format\":\"No\"},{\"question\":\"18\",\"format\":\"No\"},{\"question\":\"19\",\"format\":\"No\"},{\"question\":\"20\",\"format\":\"No\"},{\"question\":\"21\",\"format\":\"No\"}]"} [] []
[2019-11-27 16:16:20] generateOTP.INFO: test [] []
[2019-11-27 16:16:25] generateOTP.INFO: test [] []
[2019-11-27 16:16:32] generateOTP.INFO: test [] []
[2019-11-27 16:16:32] generateOTP.INFO: test [] []
[2019-11-27 16:16:32] generateOTP.INFO: test [] []
[2019-11-27 16:16:41] generateOTP.INFO: test [] []
[2019-11-27 16:17:13] generateOTP.INFO: {"edit":"0","policy_no":"392,393","subtype_text":"1","sum_insure":"1000000","familyConstruct":"1A+1K","tenure":"1 Year","family_members_id":"2","family_gender":"Male","first_name":"sdsd","last_name":"sdsd","family_date_birth":"22-11-2016","age":"3","age_type":"years","15":"No","16":"No","17":"No","18":"No","19":"No","20":"No","21":"No","family_id":"","s_date":"20-11-1998","marriage_date":"","premium_parent":"","contri_parent":"","premium":"14302.0012","policyNo":"392,393","familyDataType":"undefined","empId":"619438","product":"iWL65dcd54d9c5a65","declare":"[{\"question\":\"15\",\"format\":\"No\"},{\"question\":\"16\",\"format\":\"No\"},{\"question\":\"17\",\"format\":\"No\"},{\"question\":\"18\",\"format\":\"No\"},{\"question\":\"19\",\"format\":\"No\"},{\"question\":\"20\",\"format\":\"No\"},{\"question\":\"21\",\"format\":\"No\"}]"} [] []
[2019-11-27 16:17:37] generateOTP.INFO: {"edit":"10","policy_no":"392,393","subtype_text":"1","sum_insure":"1000000","familyConstruct":"1A+1K","tenure":"1 Year","family_members_id":"1","family_gender":"Female","first_name":"sdsd","last_name":"sdsd","family_date_birth":"24-11-1988","age":"31","age_type":"years","15":"No","16":"No","17":"No","18":"No","19":"No","20":"No","21":"No","family_id":"","s_date":"20-11-1998","marriage_date":"","premium_parent":"","contri_parent":"","premium":"14302.0012","policyNo":"392,393","familyDataType":"undefined","empId":"619438","product":"iWL65dcd54d9c5a65","declare":"[{\"question\":\"15\",\"format\":\"No\"},{\"question\":\"16\",\"format\":\"No\"},{\"question\":\"17\",\"format\":\"No\"},{\"question\":\"18\",\"format\":\"No\"},{\"question\":\"19\",\"format\":\"No\"},{\"question\":\"20\",\"format\":\"No\"},{\"question\":\"21\",\"format\":\"No\"}]"} [] []
[2019-11-27 16:18:05] generateOTP.INFO: {"edit":"10","policy_no":"392,393","subtype_text":"1","sum_insure":"1000000","familyConstruct":"1A+1K","tenure":"1 Year","family_members_id":"1","family_gender":"Female","first_name":"sdsd","last_name":"sdsd","family_date_birth":"24-11-1988","age":"31","age_type":"years","15":"No","16":"No","17":"No","18":"No","19":"No","20":"No","21":"No","family_id":"","s_date":"20-11-1998","marriage_date":"","premium_parent":"","contri_parent":"","premium":"14302.0012","policyNo":"392,393","familyDataType":"undefined","empId":"619438","product":"iWL65dcd54d9c5a65","declare":"[{\"question\":\"15\",\"format\":\"No\"},{\"question\":\"16\",\"format\":\"No\"},{\"question\":\"17\",\"format\":\"No\"},{\"question\":\"18\",\"format\":\"No\"},{\"question\":\"19\",\"format\":\"No\"},{\"question\":\"20\",\"format\":\"No\"},{\"question\":\"21\",\"format\":\"No\"}]"} [] []
[2019-11-27 16:21:15] generateOTP.INFO: test [] []
[2019-11-27 16:21:15] generateOTP.INFO: test [] []
[2019-11-27 16:21:15] generateOTP.INFO: test [] []
[2019-11-27 16:22:56] generateOTP.INFO: {"edit":"10","policy_no":"392,393","subtype_text":"1","sum_insure":"1000000","familyConstruct":"1A+1K","tenure":"1 Year","family_members_id":"0","family_gender":"Male","first_name":"Trisha","last_name":"BANKING","family_date_birth":"19-12-1988","age":"30","age_type":"years","15":"No","16":"No","17":"No","18":"No","19":"No","20":"No","21":"No","family_id":"","s_date":"20-11-1998","marriage_date":"","premium_parent":"","contri_parent":"","premium":"14302.0012","policyNo":"392,393","familyDataType":"undefined","empId":"619438","product":"iWL65dcd54d9c5a65","declare":"[{\"question\":\"15\",\"format\":\"No\"},{\"question\":\"16\",\"format\":\"No\"},{\"question\":\"17\",\"format\":\"No\"},{\"question\":\"18\",\"format\":\"No\"},{\"question\":\"19\",\"format\":\"No\"},{\"question\":\"20\",\"format\":\"No\"},{\"question\":\"21\",\"format\":\"No\"}]"} [] []
[2019-11-27 16:41:29] generateOTP.INFO: test [] []
[2019-11-27 16:41:30] generateOTP.INFO: test [] []
[2019-11-27 16:41:30] generateOTP.INFO: test [] []
[2019-11-27 16:41:32] generateOTP.INFO: test [] []
[2019-11-27 16:41:33] generateOTP.INFO: test [] []
[2019-11-27 16:41:33] generateOTP.INFO: test [] []
[2019-11-27 16:41:47] generateOTP.INFO: {"edit":"0","policy_no":"392,393","subtype_text":"1","sum_insure":"1000000","familyConstruct":"2A","tenure":"1 Year","family_members_id":"0","family_gender":"Male","first_name":"Trisha","last_name":"BANKING","family_date_birth":"19-12-1988","age":"30","age_type":"years","15":"No","16":"No","17":"No","18":"No","19":"No","20":"No","21":"No","family_id":"","s_date":"20-11-1998","marriage_date":"","premium_parent":"","contri_parent":"","premium":"14302.0512","policyNo":"392,393","familyDataType":"undefined","empId":"619438","product":"iWL65dcd54d9c5a65","declare":"[{\"question\":\"15\",\"format\":\"No\"},{\"question\":\"16\",\"format\":\"No\"},{\"question\":\"17\",\"format\":\"No\"},{\"question\":\"18\",\"format\":\"No\"},{\"question\":\"19\",\"format\":\"No\"},{\"question\":\"20\",\"format\":\"No\"},{\"question\":\"21\",\"format\":\"No\"}]"} [] []
[2019-11-27 16:42:03] generateOTP.INFO: {"edit":"0","policy_no":"392,393","subtype_text":"1","sum_insure":"1000000","familyConstruct":"2A","tenure":"1 Year","family_members_id":"1","family_gender":"Female","first_name":"sdsd","last_name":"sdsd","family_date_birth":"25-11-1992","age":"27","age_type":"years","15":"No","16":"No","17":"No","18":"No","19":"No","20":"No","21":"No","family_id":"","s_date":"20-11-1998","marriage_date":"","premium_parent":"","contri_parent":"","premium":"14302.0512","policyNo":"392,393","familyDataType":"undefined","empId":"619438","product":"iWL65dcd54d9c5a65","declare":"[{\"question\":\"15\",\"format\":\"No\"},{\"question\":\"16\",\"format\":\"No\"},{\"question\":\"17\",\"format\":\"No\"},{\"question\":\"18\",\"format\":\"No\"},{\"question\":\"19\",\"format\":\"No\"},{\"question\":\"20\",\"format\":\"No\"},{\"question\":\"21\",\"format\":\"No\"}]"} [] []
[2019-11-27 16:43:25] generateOTP.INFO: test [] []
[2019-11-27 16:43:25] generateOTP.INFO: test [] []
[2019-11-27 16:43:25] generateOTP.INFO: test [] []
[2019-11-27 16:44:03] generateOTP.INFO: test [] []
[2019-11-27 16:44:03] generateOTP.INFO: test [] []
[2019-11-27 16:44:04] generateOTP.INFO: test [] []
[2019-11-27 16:45:16] generateOTP.INFO: test [] []
[2019-11-27 16:45:16] generateOTP.INFO: test [] []
[2019-11-27 16:45:22] generateOTP.INFO: test [] []
[2019-11-27 16:46:31] generateOTP.INFO: {"edit":"0","policy_no":"392,393","subtype_text":"1","sum_insure":"1000000","familyConstruct":"2A+1K","tenure":"1 Year","family_members_id":"0","family_gender":"Female","first_name":"anjali","last_name":"pawar","family_date_birth":"15-01-1988","age":"31","age_type":"years","15":"No","16":"No","17":"No","18":"No","19":"No","20":"No","21":"No","family_id":"","s_date":"","marriage_date":"","premium_parent":"","contri_parent":"","premium":"17402.0028","policyNo":"392,393","familyDataType":"undefined","empId":"619499","product":"iWL65dcd54d9c5a65","declare":"[{\"question\":\"15\",\"format\":\"No\"},{\"question\":\"16\",\"format\":\"No\"},{\"question\":\"17\",\"format\":\"No\"},{\"question\":\"18\",\"format\":\"No\"},{\"question\":\"19\",\"format\":\"No\"},{\"question\":\"20\",\"format\":\"No\"},{\"question\":\"21\",\"format\":\"No\"}]"} [] []
[2019-11-27 16:46:45] generateOTP.INFO: {"edit":"0","policy_no":"392,393","subtype_text":"1","sum_insure":"1000000","familyConstruct":"2A+1K","tenure":"1 Year","family_members_id":"1","family_gender":"Male","first_name":"yt","last_name":"t","family_date_birth":"22-11-2001","age":"18","age_type":"years","15":"No","16":"No","17":"No","18":"No","19":"No","20":"No","21":"No","family_id":"","s_date":"","marriage_date":"","premium_parent":"","contri_parent":"","premium":"17402.0028","policyNo":"392,393","familyDataType":"undefined","empId":"619499","product":"iWL65dcd54d9c5a65","declare":"[{\"question\":\"15\",\"format\":\"No\"},{\"question\":\"16\",\"format\":\"No\"},{\"question\":\"17\",\"format\":\"No\"},{\"question\":\"18\",\"format\":\"No\"},{\"question\":\"19\",\"format\":\"No\"},{\"question\":\"20\",\"format\":\"No\"},{\"question\":\"21\",\"format\":\"No\"}]"} [] []
[2019-11-27 16:50:04] generateOTP.INFO: test [] []
[2019-11-27 16:50:11] generateOTP.INFO: test [] []
[2019-11-27 16:50:40] generateOTP.INFO: test [] []
[2019-11-27 16:50:41] generateOTP.INFO: test [] []
[2019-11-27 16:50:42] generateOTP.INFO: test [] []
[2019-11-27 16:50:42] generateOTP.INFO: test [] []
[2019-11-27 16:54:55] generateOTP.INFO: test [] []
[2019-11-27 16:54:56] generateOTP.INFO: test [] []
[2019-11-27 16:54:56] generateOTP.INFO: test [] []
[2019-11-27 16:55:22] generateOTP.INFO: {"edit":"14","policy_no":"392,393","subtype_text":"1","sum_insure":"1000000","familyConstruct":"2A+1K","tenure":"1 Year","family_members_id":"1","family_gender":"Male","first_name":"ytfyg","last_name":"t","family_date_birth":"22-11-2001","age":"18","age_type":"years","15":"No","16":"No","17":"No","18":"No","19":"No","20":"No","21":"No","family_id":"","s_date":"22-11-2001","marriage_date":"","premium_parent":"","contri_parent":"","premium":"17402.0028","policyNo":"392,393","familyDataType":"undefined","empId":"619499","product":"iWL65dcd54d9c5a65","declare":"[{\"question\":\"15\",\"format\":\"No\"},{\"question\":\"16\",\"format\":\"No\"},{\"question\":\"17\",\"format\":\"No\"},{\"question\":\"18\",\"format\":\"No\"},{\"question\":\"19\",\"format\":\"No\"},{\"question\":\"20\",\"format\":\"No\"},{\"question\":\"21\",\"format\":\"No\"}]"} [] []
[2019-11-27 16:56:05] generateOTP.INFO: {"edit":"0","policy_no":"392,393","subtype_text":"1","sum_insure":"1000000","familyConstruct":"2A+1K","tenure":"1 Year","family_members_id":"1","family_gender":"Male","first_name":"gff","last_name":"hggh","family_date_birth":"15-11-1990","age":"29","age_type":"years","15":"No","16":"No","17":"No","18":"No","19":"No","20":"No","21":"No","family_id":"","s_date":"22-11-2001","marriage_date":"","premium_parent":"","contri_parent":"","premium":"17402.0028","policyNo":"392,393","familyDataType":"undefined","empId":"619499","product":"iWL65dcd54d9c5a65","declare":"[{\"question\":\"15\",\"format\":\"No\"},{\"question\":\"16\",\"format\":\"No\"},{\"question\":\"17\",\"format\":\"No\"},{\"question\":\"18\",\"format\":\"No\"},{\"question\":\"19\",\"format\":\"No\"},{\"question\":\"20\",\"format\":\"No\"},{\"question\":\"21\",\"format\":\"No\"}]"} [] []
[2019-11-27 16:59:34] generateOTP.INFO: test [] []
[2019-11-27 16:59:34] generateOTP.INFO: test [] []
[2019-11-27 16:59:34] generateOTP.INFO: test [] []
[2019-11-27 17:02:19] generateOTP.INFO: {"edit":"0","policy_no":"392,393","subtype_text":"1","sum_insure":"1000000","familyConstruct":"2A+1K","tenure":"1 Year","family_members_id":"1","family_gender":"Male","first_name":"ytu","last_name":"uyu","family_date_birth":"06-11-1991","age":"28","age_type":"years","15":"No","16":"No","17":"No","18":"No","19":"No","20":"No","21":"No","family_id":"","s_date":"22-11-2001","marriage_date":"","premium_parent":"","contri_parent":"","premium":"17402.0028","policyNo":"392,393","familyDataType":"undefined","empId":"619499","product":"iWL65dcd54d9c5a65","declare":"[{\"question\":\"15\",\"format\":\"No\"},{\"question\":\"16\",\"format\":\"No\"},{\"question\":\"17\",\"format\":\"No\"},{\"question\":\"18\",\"format\":\"No\"},{\"question\":\"19\",\"format\":\"No\"},{\"question\":\"20\",\"format\":\"No\"},{\"question\":\"21\",\"format\":\"No\"}]"} [] []
[2019-11-27 17:09:40] generateOTP.INFO: {"edit":"0","policy_no":"392,393","subtype_text":"1","sum_insure":"1000000","familyConstruct":"2A","tenure":"1 Year","family_members_id":"1","family_gender":"Male","first_name":"ytu","last_name":"uyu","family_date_birth":"06-11-1991","age":"28","age_type":"years","15":"No","16":"No","17":"No","18":"No","19":"No","20":"No","21":"No","family_id":"","s_date":"22-11-2001","marriage_date":"","premium_parent":"","contri_parent":"","premium":"14302.0512","policyNo":"392,393","familyDataType":"undefined","empId":"619499","product":"iWL65dcd54d9c5a65","declare":"[{\"question\":\"15\",\"format\":\"No\"},{\"question\":\"16\",\"format\":\"No\"},{\"question\":\"17\",\"format\":\"No\"},{\"question\":\"18\",\"format\":\"No\"},{\"question\":\"19\",\"format\":\"No\"},{\"question\":\"20\",\"format\":\"No\"},{\"question\":\"21\",\"format\":\"No\"}]"} [] []
[2019-11-27 17:09:52] generateOTP.INFO: {"edit":"0","policy_no":"392,393","subtype_text":"1","sum_insure":"1000000","familyConstruct":"2A","tenure":"1 Year","family_members_id":"0","family_gender":"Female","first_name":"anjali","last_name":"pawar","family_date_birth":"15-01-1988","age":"31","age_type":"years","15":"No","16":"No","17":"No","18":"No","19":"No","20":"No","21":"No","family_id":"","s_date":"22-11-2001","marriage_date":"","premium_parent":"","contri_parent":"","premium":"14302.0512","policyNo":"392,393","familyDataType":"undefined","empId":"619499","product":"iWL65dcd54d9c5a65","declare":"[{\"question\":\"15\",\"format\":\"No\"},{\"question\":\"16\",\"format\":\"No\"},{\"question\":\"17\",\"format\":\"No\"},{\"question\":\"18\",\"format\":\"No\"},{\"question\":\"19\",\"format\":\"No\"},{\"question\":\"20\",\"format\":\"No\"},{\"question\":\"21\",\"format\":\"No\"}]"} [] []
[2019-11-27 18:45:41] generateOTP.INFO: test [] []
[2019-11-27 18:45:49] generateOTP.INFO: test [] []
[2019-11-27 18:46:06] generateOTP.INFO: test [] []
[2019-11-27 18:46:52] generateOTP.INFO: test [] []
[2019-11-27 18:46:53] generateOTP.INFO: test [] []
[2019-11-27 18:46:53] generateOTP.INFO: test [] []
[2019-11-27 19:26:08] generateOTP.INFO: test [] []
[2019-11-27 19:26:09] generateOTP.INFO: test [] []
[2019-11-27 19:26:09] generateOTP.INFO: test [] []
[2019-11-27 19:26:35] generateOTP.INFO: {"edit":"0","policy_no":"392,393","subtype_text":"1","sum_insure":"1000000","familyConstruct":"2A+2K","tenure":"1 Year","family_members_id":"0","family_gender":"Male","first_name":"Trisha","last_name":"BANKING","family_date_birth":"19-12-1988","age":"30","age_type":"years","15":"No","16":"No","17":"No","18":"No","19":"No","20":"No","21":"No","family_id":"","s_date":"20-11-1998","marriage_date":"","premium_parent":"","contri_parent":"","premium":"20101.9962","policyNo":"392,393","familyDataType":"undefined","empId":"619438","product":"iWL65dcd54d9c5a65","declare":"[{\"question\":\"15\",\"format\":\"No\"},{\"question\":\"16\",\"format\":\"No\"},{\"question\":\"17\",\"format\":\"No\"},{\"question\":\"18\",\"format\":\"No\"},{\"question\":\"19\",\"format\":\"No\"},{\"question\":\"20\",\"format\":\"No\"},{\"question\":\"21\",\"format\":\"No\"}]"} [] []
[2019-11-27 19:26:48] generateOTP.INFO: {"edit":"0","policy_no":"392,393","subtype_text":"1","sum_insure":"1000000","familyConstruct":"2A+2K","tenure":"1 Year","family_members_id":"1","family_gender":"Female","first_name":"sdsd","last_name":"sdsds","family_date_birth":"16-11-2000","age":"19","age_type":"years","15":"No","16":"No","17":"No","18":"No","19":"No","20":"No","21":"No","family_id":"","s_date":"20-11-1998","marriage_date":"","premium_parent":"","contri_parent":"","premium":"20101.9962","policyNo":"392,393","familyDataType":"undefined","empId":"619438","product":"iWL65dcd54d9c5a65","declare":"[{\"question\":\"15\",\"format\":\"No\"},{\"question\":\"16\",\"format\":\"No\"},{\"question\":\"17\",\"format\":\"No\"},{\"question\":\"18\",\"format\":\"No\"},{\"question\":\"19\",\"format\":\"No\"},{\"question\":\"20\",\"format\":\"No\"},{\"question\":\"21\",\"format\":\"No\"}]"} [] []
[2019-11-27 19:27:04] generateOTP.INFO: test [] []
[2019-11-27 19:27:08] generateOTP.INFO: test [] []
[2019-11-27 19:27:15] generateOTP.INFO: test [] []
[2019-11-27 19:27:29] generateOTP.INFO: {"edit":"0","policy_no":"392,393","subtype_text":"1","sum_insure":"1000000","familyConstruct":"2A+2K","tenure":"1 Year","family_members_id":"2","family_gender":"Male","first_name":"sdsd","last_name":"sdsds","family_date_birth":"30-11-2017","age":"1","age_type":"years","15":"No","16":"No","17":"No","18":"No","19":"No","20":"No","21":"No","family_id":"","s_date":"20-11-1998","marriage_date":"","premium_parent":"","contri_parent":"","premium":"20101.9962","policyNo":"392,393","familyDataType":"undefined","empId":"619438","product":"iWL65dcd54d9c5a65","declare":"[{\"question\":\"15\",\"format\":\"No\"},{\"question\":\"16\",\"format\":\"No\"},{\"question\":\"17\",\"format\":\"No\"},{\"question\":\"18\",\"format\":\"No\"},{\"question\":\"19\",\"format\":\"No\"},{\"question\":\"20\",\"format\":\"No\"},{\"question\":\"21\",\"format\":\"No\"}]"} [] []
[2019-11-27 19:27:39] generateOTP.INFO: test [] []
[2019-11-27 19:27:45] generateOTP.INFO: {"edit":"0","policy_no":"392,393","subtype_text":"1","sum_insure":"1000000","familyConstruct":"2A+2K","tenure":"1 Year","family_members_id":"3","family_gender":"Female","first_name":"zxZX","last_name":"zxzxzx","family_date_birth":"30-11-2016","age":"2","age_type":"years","15":"No","16":"No","17":"No","18":"No","19":"No","20":"No","21":"No","family_id":"","s_date":"20-11-1998","marriage_date":"","premium_parent":"","contri_parent":"","premium":"20101.9962","policyNo":"392,393","familyDataType":"undefined","empId":"619438","product":"iWL65dcd54d9c5a65","declare":"[{\"question\":\"15\",\"format\":\"No\"},{\"question\":\"16\",\"format\":\"No\"},{\"question\":\"17\",\"format\":\"No\"},{\"question\":\"18\",\"format\":\"No\"},{\"question\":\"19\",\"format\":\"No\"},{\"question\":\"20\",\"format\":\"No\"},{\"question\":\"21\",\"format\":\"No\"}]"} [] []
[2019-11-27 19:28:23] generateOTP.INFO: {"edit":"0","policy_no":"392,393","subtype_text":"1","sum_insure":"1000000","familyConstruct":"2A+2K","tenure":"1 Year","family_members_id":"2","family_gender":"Male","first_name":"sdsd","last_name":"sdsd","family_date_birth":"28-11-2013","age":"5","age_type":"years","15":"No","16":"No","17":"No","18":"No","19":"No","20":"No","21":"No","family_id":"","s_date":"20-11-1998","marriage_date":"","premium_parent":"","contri_parent":"","premium":"20101.9962","policyNo":"392,393","familyDataType":"undefined","empId":"619438","product":"iWL65dcd54d9c5a65","declare":"[{\"question\":\"15\",\"format\":\"No\"},{\"question\":\"16\",\"format\":\"No\"},{\"question\":\"17\",\"format\":\"No\"},{\"question\":\"18\",\"format\":\"No\"},{\"question\":\"19\",\"format\":\"No\"},{\"question\":\"20\",\"format\":\"No\"},{\"question\":\"21\",\"format\":\"No\"}]"} [] []
[2019-11-27 19:28:43] generateOTP.INFO: {"edit":"0","policy_no":"392,393","subtype_text":"1","sum_insure":"1000000","familyConstruct":"2A+2K","tenure":"1 Year","family_members_id":"2","family_gender":"Male","first_name":"sdsd","last_name":"sdsd","family_date_birth":"28-11-2013","age":"5","age_type":"years","15":"No","16":"No","17":"No","18":"No","19":"No","20":"No","21":"No","family_id":"","s_date":"20-11-1998","marriage_date":"","premium_parent":"","contri_parent":"","premium":"20101.9962","policyNo":"392,393","familyDataType":"undefined","empId":"619438","product":"iWL65dcd54d9c5a65","declare":"[{\"question\":\"15\",\"format\":\"No\"},{\"question\":\"16\",\"format\":\"No\"},{\"question\":\"17\",\"format\":\"No\"},{\"question\":\"18\",\"format\":\"No\"},{\"question\":\"19\",\"format\":\"No\"},{\"question\":\"20\",\"format\":\"No\"},{\"question\":\"21\",\"format\":\"No\"}]"} [] []
