[2020-02-28 10:20:09] generateOTP.INFO: test [] []
[2020-02-28 10:20:10] generateOTP.INFO: test [] []
[2020-02-28 11:20:07] generateOTP.INFO: test [] []
[2020-02-28 11:20:08] generateOTP.INFO: test [] []
[2020-02-28 11:20:09] generateOTP.INFO: test [] []
[2020-02-28 11:20:20] generateOTP.INFO: test [] []
[2020-02-28 11:20:20] generateOTP.INFO: test [] []
[2020-02-28 11:20:24] generateOTP.INFO: test [] []
[2020-02-28 11:21:43] generateOTP.INFO: test [] []
[2020-02-28 11:21:43] generateOTP.INFO: test [] []
[2020-02-28 11:28:38] generateOTP.INFO: test [] []
[2020-02-28 11:50:43] generateOTP.INFO: {"edit":"0","policy_no":"378","subtype_text":"1","sum_insure":"800000","familyConstruct":"1A","tenure":"1 Year","family_members_id":"0","family_gender":"Male","first_name":"gh","middle_name":"kjh","last_name":"jh","family_date_birth":"17-02-2002","age":"18","age_type":"years","family_id":"","s_date":"","marriage_date":"","premium_parent":"","contri_parent":"","premium":"5799","policyNo":"378","familyDataType":"family_construct","empId":"620067","product":"QBTv5db9151ad1c21","declare":"[]"} [] []
[2020-02-28 11:51:00] generateOTP.INFO: {"edit":"0","subtype_text":"3","policy_no":"379","sum_insure":"500000","familyConstruct":"1A","tenure":"1 Year","family_members_id":"0","family_gender":"Male","first_name":"gh","middle_name":"kjh","last_name":"jh","family_date_birth":"17-02-2002","age":"18","age_type":"years","family_id":"","s_date":"","marriage_date":"","premium_parent":"","contri_parent":"","premium":"2099","policyNo":"379","familyDataType":"family_construct","product":"QBTv5db9151ad1c21","empId":"620067"} [] []
[2020-02-28 11:52:00] documentsSave.INFO: {"ops_type":"[\"Enrollment form\",\"Cheque Copy\",\"Birth_Certificate\"]","ext0":"undefined","ext1":"undefined","ext2":"undefined","ids":"161,162","update_datas":"undefined","emp_id":"620067"} [] []
[2020-02-28 11:52:00] documentsSaveFiles.INFO: [{"name":"Desert.jpg","type":"image\/jpeg","tmp_name":"\/tmp\/php8fBgCQ","error":0,"size":845941},{"name":"Tulips.jpg","type":"image\/jpeg","tmp_name":"\/tmp\/phpkTTzsG","error":0,"size":620888},{"name":"Penguins.jpg","type":"image\/jpeg","tmp_name":"\/tmp\/phpK3gLlx","error":0,"size":777835}] [] []
[2020-02-28 11:52:02] generateOTP.INFO: test [] []
[2020-02-28 11:52:20] generateOTP.INFO: test [] []
[2020-02-28 11:53:21] generateOTP.INFO: test [] []
[2020-02-28 11:54:04] generateOTP.INFO: test [] []
[2020-02-28 11:56:02] generateOTP.INFO: test [] []
[2020-02-28 11:56:09] generateOTP.INFO: test [] []
[2020-02-28 11:58:54] generateOTP.INFO: test [] []
[2020-02-28 11:59:00] generateOTP.INFO: test [] []
[2020-02-28 11:59:00] generateOTP.INFO: test [] []
[2020-02-28 11:59:50] generateOTP.INFO: test [] []
[2020-02-28 11:59:50] generateOTP.INFO: test [] []
[2020-02-28 11:59:57] generateOTP.INFO: test [] []
[2020-02-28 12:02:06] generateOTP.INFO: test [] []
[2020-02-28 12:05:10] generateOTP.INFO: test [] []
[2020-02-28 12:10:10] generateOTP.INFO: test [] []
[2020-02-28 12:37:05] generateOTP.INFO: test [] []
[2020-02-28 12:43:11] generateOTP.INFO: test [] []
[2020-02-28 12:43:25] generateOTP.INFO: test [] []
[2020-02-28 12:43:29] generateOTP.INFO: test [] []
[2020-02-28 12:45:37] generateOTP.INFO: test [] []
[2020-02-28 12:47:02] generateOTP.INFO: test [] []
[2020-02-28 12:47:50] generateOTP.INFO: test [] []
[2020-02-28 12:49:32] generateOTP.INFO: test [] []
[2020-02-28 12:50:45] generateOTP.INFO: test [] []
[2020-02-28 12:50:54] generateOTP.INFO: test [] []
[2020-02-28 13:07:58] generateOTP.INFO: test [] []
[2020-02-28 13:07:59] generateOTP.INFO: test [] []
[2020-02-28 13:08:00] generateOTP.INFO: test [] []
[2020-02-28 13:08:21] generateOTP.INFO: test [] []
[2020-02-28 13:08:21] generateOTP.INFO: test [] []
[2020-02-28 13:08:45] generateOTP.INFO: test [] []
[2020-02-28 13:08:56] generateOTP.INFO: test [] []
[2020-02-28 13:11:42] generateOTP.INFO: test [] []
[2020-02-28 13:11:46] generateOTP.INFO: test [] []
[2020-02-28 13:11:58] generateOTP.INFO: test [] []
[2020-02-28 13:11:59] generateOTP.INFO: test [] []
[2020-02-28 13:12:12] generateOTP.INFO: test [] []
[2020-02-28 13:12:16] generateOTP.INFO: test [] []
[2020-02-28 13:12:56] generateOTP.INFO: test [] []
[2020-02-28 13:14:26] generateOTP.INFO: test [] []
[2020-02-28 13:14:29] generateOTP.INFO: test [] []
[2020-02-28 13:50:57] generateOTP.INFO: test [] []
[2020-02-28 13:50:57] generateOTP.INFO: test [] []
[2020-02-28 13:51:06] generateOTP.INFO: test [] []
[2020-02-28 14:17:54] generateOTP.INFO: test [] []
[2020-02-28 14:17:55] generateOTP.INFO: test [] []
[2020-02-28 14:18:05] generateOTP.INFO: test [] []
[2020-02-28 14:18:06] generateOTP.INFO: test [] []
[2020-02-28 14:18:09] generateOTP.INFO: test [] []
[2020-02-28 14:19:07] generateOTP.INFO: test [] []
[2020-02-28 14:19:31] generateOTP.INFO: test [] []
[2020-02-28 14:21:42] generateOTP.INFO: test [] []
[2020-02-28 14:21:42] generateOTP.INFO: test [] []
[2020-02-28 14:21:57] generateOTP.INFO: test [] []
[2020-02-28 14:22:38] generateOTP.INFO: test [] []
[2020-02-28 14:23:07] generateOTP.INFO: test [] []
[2020-02-28 14:23:38] generateOTP.INFO: test [] []
[2020-02-28 14:24:41] generateOTP.INFO: test [] []
[2020-02-28 14:25:00] generateOTP.INFO: test [] []
[2020-02-28 14:25:02] generateOTP.INFO: test [] []
[2020-02-28 14:25:32] generateOTP.INFO: test [] []
[2020-02-28 14:25:33] generateOTP.INFO: test [] []
[2020-02-28 14:25:36] generateOTP.INFO: test [] []
[2020-02-28 14:26:28] generateOTP.INFO: test [] []
[2020-02-28 14:27:10] generateOTP.INFO: test [] []
[2020-02-28 14:27:10] generateOTP.INFO: test [] []
[2020-02-28 14:27:13] generateOTP.INFO: test [] []
[2020-02-28 14:35:14] generateOTP.INFO: test [] []
[2020-02-28 14:35:14] generateOTP.INFO: test [] []
[2020-02-28 14:54:27] generateOTP.INFO: test [] []
[2020-02-28 14:56:38] generateOTP.INFO: test [] []
[2020-02-28 14:56:39] generateOTP.INFO: test [] []
[2020-02-28 15:01:29] generateOTP.INFO: test [] []
[2020-02-28 15:01:29] generateOTP.INFO: test [] []
[2020-02-28 15:13:47] generateOTP.INFO: test [] []
[2020-02-28 15:18:15] generateOTP.INFO: test [] []
[2020-02-28 15:21:01] generateOTP.INFO: test [] []
[2020-02-28 15:21:45] generateOTP.INFO: test [] []
[2020-02-28 15:22:32] generateOTP.INFO: test [] []
[2020-02-28 15:23:54] generateOTP.INFO: test [] []
[2020-02-28 15:24:32] generateOTP.INFO: test [] []
[2020-02-28 15:24:46] generateOTP.INFO: test [] []
[2020-02-28 15:26:05] generateOTP.INFO: test [] []
[2020-02-28 15:26:25] generateOTP.INFO: test [] []
[2020-02-28 15:26:29] generateOTP.INFO: test [] []
[2020-02-28 15:26:35] generateOTP.INFO: test [] []
[2020-02-28 15:26:35] generateOTP.INFO: test [] []
[2020-02-28 15:26:38] generateOTP.INFO: test [] []
[2020-02-28 15:26:38] generateOTP.INFO: test [] []
[2020-02-28 15:26:41] generateOTP.INFO: test [] []
[2020-02-28 15:27:38] generateOTP.INFO: test [] []
[2020-02-28 15:27:53] generateOTP.INFO: test [] []
[2020-02-28 15:28:02] generateOTP.INFO: test [] []
[2020-02-28 15:34:13] generateOTP.INFO: test [] []
[2020-02-28 15:34:31] generateOTP.INFO: test [] []
[2020-02-28 15:36:47] generateOTP.INFO: test [] []
[2020-02-28 15:37:11] generateOTP.INFO: test [] []
[2020-02-28 15:38:58] generateOTP.INFO: test [] []
[2020-02-28 15:39:29] generateOTP.INFO: test [] []
[2020-02-28 15:39:54] generateOTP.INFO: test [] []
[2020-02-28 15:43:18] generateOTP.INFO: test [] []
[2020-02-28 15:45:48] generateOTP.INFO: test [] []
[2020-02-28 15:46:37] generateOTP.INFO: test [] []
[2020-02-28 15:47:32] generateOTP.INFO: test [] []
[2020-02-28 15:53:17] generateOTP.INFO: test [] []
[2020-02-28 15:55:19] generateOTP.INFO: test [] []
[2020-02-28 16:02:30] generateOTP.INFO: test [] []
[2020-02-28 16:03:53] generateOTP.INFO: test [] []
[2020-02-28 16:04:44] generateOTP.INFO: test [] []
[2020-02-28 16:08:26] generateOTP.INFO: test [] []
[2020-02-28 16:08:29] generateOTP.INFO: test [] []
[2020-02-28 16:12:19] generateOTP.INFO: test [] []
[2020-02-28 17:11:59] generateOTP.INFO: test [] []
[2020-02-28 17:12:01] generateOTP.INFO: test [] []
[2020-02-28 17:12:04] generateOTP.INFO: test [] []
[2020-02-28 17:12:04] generateOTP.INFO: test [] []
[2020-02-28 17:12:05] generateOTP.INFO: test [] []
[2020-02-28 17:12:06] generateOTP.INFO: test [] []
[2020-02-28 17:12:07] generateOTP.INFO: test [] []
[2020-02-28 17:12:14] generateOTP.INFO: test [] []
[2020-02-28 17:12:14] generateOTP.INFO: test [] []
[2020-02-28 17:12:18] generateOTP.INFO: test [] []
[2020-02-28 17:14:36] generateOTP.INFO: test [] []
[2020-02-28 17:17:07] generateOTP.INFO: test [] []
[2020-02-28 17:19:40] generateOTP.INFO: test [] []
[2020-02-28 17:20:43] generateOTP.INFO: test [] []
[2020-02-28 17:21:09] generateOTP.INFO: test [] []
[2020-02-28 17:23:48] generateOTP.INFO: test [] []
[2020-02-28 17:25:09] generateOTP.INFO: test [] []
[2020-02-28 17:25:29] generateOTP.INFO: test [] []
[2020-02-28 17:32:30] generateOTP.INFO: test [] []
[2020-02-28 17:33:03] generateOTP.INFO: test [] []
[2020-02-28 18:33:51] generateOTP.INFO: test [] []
[2020-02-28 18:33:52] generateOTP.INFO: test [] []
[2020-02-28 18:34:01] generateOTP.INFO: test [] []
[2020-02-28 18:34:01] generateOTP.INFO: test [] []
[2020-02-28 18:34:05] generateOTP.INFO: test [] []
[2020-02-28 18:38:32] generateOTP.INFO: test [] []
[2020-02-28 18:38:51] generateOTP.INFO: test [] []
[2020-02-28 18:47:27] generateOTP.INFO: test [] []
[2020-02-28 18:52:20] generateOTP.INFO: test [] []
[2020-02-28 18:54:23] generateOTP.INFO: test [] []
[2020-02-28 18:55:41] generateOTP.INFO: test [] []
[2020-02-28 18:57:03] generateOTP.INFO: test [] []
[2020-02-28 19:00:41] generateOTP.INFO: test [] []
[2020-02-28 19:00:50] generateOTP.INFO: test [] []
[2020-02-28 19:01:39] generateOTP.INFO: test [] []
[2020-02-28 19:02:30] generateOTP.INFO: test [] []
[2020-02-28 19:07:24] generateOTP.INFO: test [] []
[2020-02-28 19:07:43] generateOTP.INFO: test [] []
[2020-02-28 19:08:17] generateOTP.INFO: test [] []
[2020-02-28 19:08:33] generateOTP.INFO: test [] []
[2020-02-28 19:10:15] generateOTP.INFO: test [] []
