[2020-03-28 00:00:51] generateOTP.INFO: test [] []
[2020-03-28 00:02:00] generateOTP.INFO: test [] []
[2020-03-28 00:02:51] generateOTP.INFO: test [] []
[2020-03-28 00:03:48] generateOTP.INFO: test [] []
[2020-03-28 00:03:51] generateOTP.INFO: test [] []
[2020-03-28 00:03:53] generateOTP.INFO: test [] []
[2020-03-28 00:04:07] generateOTP.INFO: test [] []
[2020-03-28 00:06:37] generateOTP.INFO: test [] []
[2020-03-28 11:31:26] generateOTP.INFO: test [] []
[2020-03-28 11:32:39] generateOTP.INFO: test [] []
[2020-03-28 11:33:22] generateOTP.INFO: test [] []
[2020-03-28 11:49:07] generateOTP.INFO: test [] []
[2020-03-28 13:47:53] generateOTP.INFO: test [] []
[2020-03-28 13:47:54] generateOTP.INFO: test [] []
[2020-03-28 13:50:36] generateOTP.INFO: test [] []
[2020-03-28 13:50:36] generateOTP.INFO: test [] []
[2020-03-28 13:50:57] generateOTP.INFO: test [] []
[2020-03-28 13:50:58] generateOTP.INFO: test [] []
[2020-03-28 14:09:34] generateOTP.INFO: test [] []
[2020-03-28 14:09:35] generateOTP.INFO: test [] []
[2020-03-28 14:18:34] generateOTP.INFO: test [] []
[2020-03-28 14:18:34] generateOTP.INFO: test [] []
[2020-03-28 14:24:16] generateOTP.INFO: test [] []
[2020-03-28 14:24:17] generateOTP.INFO: test [] []
[2020-03-28 15:05:56] generateOTP.INFO: test [] []
[2020-03-28 15:05:57] generateOTP.INFO: test [] []
[2020-03-28 15:05:59] generateOTP.INFO: test [] []
[2020-03-28 15:22:27] generateOTP.INFO: test [] []
[2020-03-28 15:27:47] generateOTP.INFO: test [] []
[2020-03-28 15:27:48] generateOTP.INFO: test [] []
[2020-03-28 15:28:33] generateOTP.INFO: test [] []
[2020-03-28 15:28:33] generateOTP.INFO: test [] []
[2020-03-28 15:29:10] generateOTP.INFO: test [] []
[2020-03-28 15:29:10] generateOTP.INFO: test [] []
[2020-03-28 15:29:24] generateOTP.INFO: test [] []
[2020-03-28 15:29:25] generateOTP.INFO: test [] []
[2020-03-28 15:29:47] generateOTP.INFO: test [] []
[2020-03-28 15:29:47] generateOTP.INFO: test [] []
[2020-03-28 15:31:19] generateOTP.INFO: test [] []
[2020-03-28 15:31:19] generateOTP.INFO: test [] []
[2020-03-28 15:32:16] generateOTP.INFO: test [] []
[2020-03-28 15:32:16] generateOTP.INFO: test [] []
[2020-03-28 15:32:50] generateOTP.INFO: test [] []
[2020-03-28 15:32:50] generateOTP.INFO: test [] []
[2020-03-28 15:34:13] generateOTP.INFO: test [] []
[2020-03-28 15:34:19] generateOTP.INFO: test [] []
[2020-03-28 15:34:19] generateOTP.INFO: test [] []
[2020-03-28 15:34:24] generateOTP.INFO: test [] []
[2020-03-28 15:34:25] generateOTP.INFO: test [] []
[2020-03-28 15:39:08] generateOTP.INFO: {"edit":"0","policy_no":"403","subtype_text":"1","sum_insure":"500000","familyConstruct":"1A","tenure":"1 Year","family_members_id":"0","family_gender":"Male","first_name":"test","last_name":"BANKING","family_date_birth":"19-12-1988","age":"31","age_type":"years","family_id":"","s_date":"","marriage_date":"","premium_parent":"","contri_parent":"","premium":"13500","policyNo":"403","familyDataType":"undefined","empId":"620196","product":"NUKc5dd5468e43707","declare":"[]"} [] []
[2020-03-28 15:40:19] generateOTP.INFO: test [] []
[2020-03-28 15:40:20] generateOTP.INFO: test [] []
[2020-03-28 15:40:34] generateOTP.INFO: {"edit":"0","policy_no":"403","subtype_text":"1","sum_insure":"500000","familyConstruct":"1A","tenure":"1 Year","family_members_id":"0","family_gender":"Male","first_name":"test","last_name":"BANKING","family_date_birth":"19-12-1962","age":"57","age_type":"years","family_id":"","s_date":"","marriage_date":"","premium_parent":"","contri_parent":"","premium":"13500","policyNo":"403","familyDataType":"undefined","empId":"620197","product":"NUKc5dd5468e43707","declare":"[]"} [] []
[2020-03-28 15:43:27] generateOTP.INFO: test [] []
[2020-03-28 15:43:27] generateOTP.INFO: test [] []
[2020-03-28 15:44:25] documentsSave.INFO: {"ops_type":"[\"0\",\"Y\"]","ids":"22"} [] []
[2020-03-28 15:44:25] documentsSaveFiles.INFO: [{"name":"Penguins.jpg","type":"image\/jpeg","tmp_name":"\/tmp\/phpC6OsUX","error":0,"size":777835},{"name":"Koala.jpg","type":"image\/jpeg","tmp_name":"\/tmp\/phpq05eCK","error":0,"size":780831}] [] []
[2020-03-28 15:44:38] generateOTP.INFO: test [] []
[2020-03-28 15:53:12] generateOTP.INFO: test [] []
[2020-03-28 15:53:13] generateOTP.INFO: test [] []
[2020-03-28 15:54:14] generateOTP.INFO: test [] []
[2020-03-28 15:56:02] generateOTP.INFO: test [] []
[2020-03-28 15:56:02] generateOTP.INFO: test [] []
[2020-03-28 15:57:54] generateOTP.INFO: test [] []
[2020-03-28 15:57:55] generateOTP.INFO: test [] []
[2020-03-28 16:00:56] generateOTP.INFO: {"edit":"0","policy_no":"403","subtype_text":"1","sum_insure":"500000","familyConstruct":"1A","tenure":"1 Year","family_members_id":"0","family_gender":"Male","first_name":"test","last_name":"BANKING","family_date_birth":"19-12-1962","age":"57","age_type":"years","family_id":"","s_date":"","marriage_date":"","premium_parent":"","contri_parent":"","premium":"13500","policyNo":"403","familyDataType":"undefined","empId":"620199","product":"NUKc5dd5468e43707","declare":"[]"} [] []
[2020-03-28 16:01:46] documentsSave.INFO: {"ops_type":"[\"0\",\"Y\"]","ids":"23"} [] []
[2020-03-28 16:01:46] documentsSaveFiles.INFO: [{"name":"Penguins.jpg","type":"image\/jpeg","tmp_name":"\/tmp\/phpVGCWNf","error":0,"size":777835},{"name":"Tulips.jpg","type":"image\/jpeg","tmp_name":"\/tmp\/phpLOfE0P","error":0,"size":620888}] [] []
[2020-03-28 16:02:40] generateOTP.INFO: test [] []
[2020-03-28 16:02:41] generateOTP.INFO: test [] []
[2020-03-28 16:02:51] generateOTP.INFO: {"edit":"0","policy_no":"403","subtype_text":"1","sum_insure":"500000","familyConstruct":"1A","tenure":"1 Year","family_members_id":"0","family_gender":"Male","first_name":"test","last_name":"BANKING","family_date_birth":"19-12-1962","age":"57","age_type":"years","family_id":"","s_date":"","marriage_date":"","premium_parent":"","contri_parent":"","premium":"13500","policyNo":"403","familyDataType":"undefined","empId":"620200","product":"NUKc5dd5468e43707","declare":"[]"} [] []
[2020-03-28 16:03:25] documentsSave.INFO: {"ops_type":"[\"0\",\"Y\"]","ids":"24"} [] []
[2020-03-28 16:03:25] documentsSaveFiles.INFO: [{"name":"Tulips.jpg","type":"image\/jpeg","tmp_name":"\/tmp\/phpUZzqIa","error":0,"size":620888},{"name":"Lighthouse.jpg","type":"image\/jpeg","tmp_name":"\/tmp\/phphFnOH9","error":0,"size":561276}] [] []
[2020-03-28 16:05:14] generateOTP.INFO: test [] []
[2020-03-28 16:05:15] generateOTP.INFO: test [] []
[2020-03-28 16:05:35] generateOTP.INFO: {"edit":"0","policy_no":"403","subtype_text":"1","sum_insure":"500000","familyConstruct":"1A","tenure":"1 Year","family_members_id":"0","family_gender":"Male","first_name":"test","last_name":"BANKING","family_date_birth":"19-12-1962","age":"57","age_type":"years","family_id":"","s_date":"","marriage_date":"","premium_parent":"","contri_parent":"","premium":"13500","policyNo":"403","familyDataType":"undefined","empId":"620201","product":"NUKc5dd5468e43707","declare":"[]"} [] []
[2020-03-28 16:06:16] documentsSave.INFO: {"ops_type":"[\"0\",\"Y\"]","ids":"25"} [] []
[2020-03-28 16:06:16] documentsSaveFiles.INFO: [{"name":"Penguins.jpg","type":"image\/jpeg","tmp_name":"\/tmp\/phpfquxHb","error":0,"size":777835},{"name":"Koala.jpg","type":"image\/jpeg","tmp_name":"\/tmp\/phpCzcB4e","error":0,"size":780831}] [] []
[2020-03-28 16:11:16] generateOTP.INFO: test [] []
[2020-03-28 16:11:17] generateOTP.INFO: test [] []
[2020-03-28 16:21:12] generateOTP.INFO: {"edit":"0","policy_no":"403","subtype_text":"1","sum_insure":"500000","familyConstruct":"1A","tenure":"1 Year","family_members_id":"0","family_gender":"Male","first_name":"test","last_name":"BANKING","family_date_birth":"19-12-1962","age":"57","age_type":"years","family_id":"","s_date":"","marriage_date":"","premium_parent":"","contri_parent":"","premium":"13500","policyNo":"403","familyDataType":"undefined","empId":"620202","product":"NUKc5dd5468e43707","declare":"[]"} [] []
[2020-03-28 16:21:44] documentsSave.INFO: {"ops_type":"[\"0\",\"Y\"]","ids":"28"} [] []
[2020-03-28 16:21:44] documentsSaveFiles.INFO: [{"name":"Lighthouse.jpg","type":"image\/jpeg","tmp_name":"\/tmp\/php4NsZt9","error":0,"size":561276},{"name":"Tulips.jpg","type":"image\/jpeg","tmp_name":"\/tmp\/phpM4zCV7","error":0,"size":620888}] [] []
[2020-03-28 16:31:20] generateOTP.INFO: test [] []
[2020-03-28 16:31:21] generateOTP.INFO: test [] []
[2020-03-28 16:31:45] generateOTP.INFO: test [] []
[2020-03-28 16:31:46] generateOTP.INFO: test [] []
[2020-03-28 16:32:10] generateOTP.INFO: test [] []
[2020-03-28 16:32:23] generateOTP.INFO: test [] []
[2020-03-28 16:32:23] generateOTP.INFO: test [] []
[2020-03-28 16:32:35] generateOTP.INFO: test [] []
[2020-03-28 16:35:19] generateOTP.INFO: test [] []
[2020-03-28 16:35:58] generateOTP.INFO: test [] []
[2020-03-28 16:36:33] generateOTP.INFO: test [] []
[2020-03-28 16:37:14] generateOTP.INFO: test [] []
[2020-03-28 16:39:55] generateOTP.INFO: test [] []
[2020-03-28 17:05:34] generateOTP.INFO: test [] []
[2020-03-28 17:05:35] generateOTP.INFO: test [] []
[2020-03-28 17:06:23] generateOTP.INFO: {"edit":"0","policy_no":"403","subtype_text":"1","sum_insure":"500000","familyConstruct":"2A","tenure":"1 Year","family_members_id":"4","family_gender":"Female","first_name":"dasfs","last_name":"d","family_date_birth":"25-03-1955","age":"65","age_type":"years","family_id":"","s_date":"","marriage_date":"","premium_parent":"","contri_parent":"","premium":"23000","policyNo":"403","familyDataType":"undefined","empId":"620203","product":"NUKc5dd5468e43707","declare":"[]"} [] []
[2020-03-28 17:06:41] generateOTP.INFO: {"edit":"0","policy_no":"403","subtype_text":"1","sum_insure":"500000","familyConstruct":"2A","tenure":"1 Year","family_members_id":"5","family_gender":"Male","first_name":"df","last_name":"dfdf","family_date_birth":"23-03-1955","age":"65","age_type":"years","family_id":"","s_date":"","marriage_date":"","premium_parent":"","contri_parent":"","premium":"23000","policyNo":"403","familyDataType":"undefined","empId":"620203","product":"NUKc5dd5468e43707","declare":"[]"} [] []
[2020-03-28 17:11:48] documentsSave.INFO: {"ops_type":"[\"0\",\"Y\"]","ids":"30"} [] []
[2020-03-28 17:11:48] documentsSaveFiles.INFO: [{"name":"Lighthouse.jpg","type":"image\/jpeg","tmp_name":"\/tmp\/phpNdrVe8","error":0,"size":561276},{"name":"Koala.jpg","type":"image\/jpeg","tmp_name":"\/tmp\/phpNyLqG3","error":0,"size":780831}] [] []
[2020-03-28 17:11:50] generateOTP.INFO: test [] []
[2020-03-28 17:12:02] generateOTP.INFO: test [] []
[2020-03-28 17:12:02] generateOTP.INFO: test [] []
[2020-03-28 17:13:25] generateOTP.INFO: {"edit":"0","policy_no":"378","subtype_text":"1","sum_insure":"800000","familyConstruct":"2A","tenure":"1 Year","family_members_id":"1","family_gender":"Female","first_name":"trt","middle_name":"rt","last_name":"dfff","family_date_birth":"07-03-1991","age":"29","age_type":"years","family_id":"","s_date":"","marriage_date":"","premium_parent":"","contri_parent":"","premium":"6699","policyNo":"378","familyDataType":"family_construct","empId":"620204","product":"QBTv5db9151ad1c21","declare":"[]","abc":"2a+2k"} [] []
[2020-03-28 17:13:34] generateOTP.INFO: {"edit":"0","subtype_text":"3","policy_no":"379","sum_insure":"500000","familyConstruct":"2A","tenure":"1 Year","family_members_id":"0","family_gender":"Male","first_name":"ddd","middle_name":"ff","last_name":"gg","family_date_birth":"12-03-2002","age":"18","age_type":"years","family_id":"","s_date":"","marriage_date":"","premium_parent":"","contri_parent":"","premium":"4198","policyNo":"379","familyDataType":"family_construct","product":"QBTv5db9151ad1c21","empId":"620204"} [] []
[2020-03-28 17:13:39] generateOTP.INFO: {"edit":"0","subtype_text":"3","policy_no":"379","sum_insure":"500000","familyConstruct":"2A","tenure":"1 Year","family_members_id":"1","family_gender":"Female","first_name":"trt","middle_name":"rt","last_name":"dfff","family_date_birth":"07-03-1991","age":"29","age_type":"years","family_id":"","s_date":"","marriage_date":"","premium_parent":"","contri_parent":"","premium":"4198","policyNo":"379","familyDataType":"family_construct","product":"QBTv5db9151ad1c21","empId":"620204"} [] []
[2020-03-28 17:17:54] generateOTP.INFO: {"edit":"0","policy_no":"378","subtype_text":"1","sum_insure":"800000","familyConstruct":"2A","tenure":"1 Year","family_members_id":"1","family_gender":"Female","first_name":"trt","middle_name":"rt","last_name":"dfff","family_date_birth":"07-03-1991","age":"29","age_type":"years","family_id":"","s_date":"","marriage_date":"","premium_parent":"","contri_parent":"","premium":"6699","policyNo":"378","familyDataType":"family_construct","empId":"620204","product":"QBTv5db9151ad1c21","declare":"[]","abc":"2a+2k"} [] []
[2020-03-28 17:18:01] generateOTP.INFO: {"edit":"0","policy_no":"378","subtype_text":"1","sum_insure":"800000","familyConstruct":"2A","tenure":"1 Year","family_members_id":"0","family_gender":"Male","first_name":"ddd","middle_name":"ff","last_name":"gg","family_date_birth":"12-03-2002","age":"18","age_type":"years","family_id":"","s_date":"","marriage_date":"","premium_parent":"","contri_parent":"","premium":"6699","policyNo":"378","familyDataType":"family_construct","empId":"620204","product":"QBTv5db9151ad1c21","declare":"[]","abc":"2a+2k"} [] []
[2020-03-28 17:18:12] documentsSave.INFO: {"ops_type":"[\"Enrollment form\",\"Cheque Copy\"]","ext0":"undefined","ext1":"undefined","ids":"31,32","update_datas":"undefined","emp_id":"620204"} [] []
[2020-03-28 17:18:12] documentsSaveFiles.INFO: [{"name":"Penguins.jpg","type":"image\/jpeg","tmp_name":"\/tmp\/phpWwwpN4","error":0,"size":777835},{"name":"Tulips.jpg","type":"image\/jpeg","tmp_name":"\/tmp\/php2OfPNY","error":0,"size":620888}] [] []
[2020-03-28 17:18:18] generateOTP.INFO: test [] []
[2020-03-28 17:19:00] generateOTP.INFO: test [] []
[2020-03-28 17:31:13] generateOTP.INFO: test [] []
[2020-03-28 17:31:17] generateOTP.INFO: test [] []
[2020-03-28 17:31:26] generateOTP.INFO: test [] []
[2020-03-28 17:31:27] generateOTP.INFO: test [] []
[2020-03-28 17:32:46] generateOTP.INFO: test [] []
[2020-03-28 17:32:50] generateOTP.INFO: test [] []
[2020-03-28 17:34:33] generateOTP.INFO: test [] []
[2020-03-28 17:34:38] generateOTP.INFO: test [] []
[2020-03-28 17:35:10] generateOTP.INFO: test [] []
[2020-03-28 17:35:10] generateOTP.INFO: test [] []
[2020-03-28 19:01:33] generateOTP.INFO: test [] []
[2020-03-28 19:06:58] generateOTP.INFO: test [] []
[2020-03-28 19:07:02] generateOTP.INFO: test [] []
[2020-03-28 19:07:03] generateOTP.INFO: test [] []
[2020-03-28 19:07:12] generateOTP.INFO: test [] []
[2020-03-28 19:09:54] generateOTP.INFO: test [] []
[2020-03-28 19:10:07] generateOTP.INFO: test [] []
[2020-03-28 19:11:57] generateOTP.INFO: test [] []
[2020-03-28 19:12:24] generateOTP.INFO: test [] []
[2020-03-28 19:12:52] generateOTP.INFO: test [] []
[2020-03-28 19:14:51] generateOTP.INFO: test [] []
[2020-03-28 19:16:22] generateOTP.INFO: test [] []
[2020-03-28 19:16:36] generateOTP.INFO: test [] []
[2020-03-28 19:16:37] generateOTP.INFO: test [] []
[2020-03-28 19:17:13] generateOTP.INFO: test [] []
[2020-03-28 19:18:43] generateOTP.INFO: test [] []
[2020-03-28 19:18:50] generateOTP.INFO: test [] []
[2020-03-28 19:18:52] generateOTP.INFO: test [] []
[2020-03-28 19:18:54] generateOTP.INFO: test [] []
[2020-03-28 19:18:57] generateOTP.INFO: test [] []
[2020-03-28 19:43:11] generateOTP.INFO: test [] []
[2020-03-28 19:45:32] generateOTP.INFO: test [] []
[2020-03-28 19:45:39] generateOTP.INFO: test [] []
[2020-03-28 19:47:59] generateOTP.INFO: test [] []
[2020-03-28 19:57:13] generateOTP.INFO: test [] []
[2020-03-28 20:06:48] generateOTP.INFO: test [] []
[2020-03-28 20:07:34] generateOTP.INFO: test [] []
[2020-03-28 20:08:27] generateOTP.INFO: test [] []
[2020-03-28 20:08:30] generateOTP.INFO: test [] []
[2020-03-28 20:21:02] generateOTP.INFO: test [] []
[2020-03-28 20:21:15] generateOTP.INFO: test [] []
[2020-03-28 20:21:17] generateOTP.INFO: test [] []
[2020-03-28 20:21:50] generateOTP.INFO: test [] []
[2020-03-28 20:22:06] generateOTP.INFO: test [] []
[2020-03-28 20:22:07] generateOTP.INFO: test [] []
[2020-03-28 20:22:08] generateOTP.INFO: test [] []
[2020-03-28 20:22:33] generateOTP.INFO: test [] []
[2020-03-28 20:22:34] generateOTP.INFO: test [] []
[2020-03-28 20:22:35] generateOTP.INFO: test [] []
[2020-03-28 20:22:36] generateOTP.INFO: test [] []
[2020-03-28 20:22:36] generateOTP.INFO: test [] []
[2020-03-28 20:22:42] generateOTP.INFO: test [] []
[2020-03-28 20:26:14] generateOTP.INFO: test [] []
[2020-03-28 20:27:17] generateOTP.INFO: test [] []
[2020-03-28 20:32:34] generateOTP.INFO: test [] []
[2020-03-28 20:32:39] generateOTP.INFO: test [] []
[2020-03-28 20:38:03] generateOTP.INFO: test [] []
[2020-03-28 20:38:07] generateOTP.INFO: test [] []
[2020-03-28 20:45:28] generateOTP.INFO: test [] []
[2020-03-28 20:45:32] generateOTP.INFO: test [] []
[2020-03-28 21:08:58] generateOTP.INFO: test [] []
[2020-03-28 21:17:15] generateOTP.INFO: test [] []
[2020-03-28 21:26:06] generateOTP.INFO: test [] []
[2020-03-28 21:26:30] generateOTP.INFO: test [] []
[2020-03-28 21:26:33] generateOTP.INFO: test [] []
[2020-03-28 21:27:29] generateOTP.INFO: test [] []
[2020-03-28 21:29:08] generateOTP.INFO: test [] []
[2020-03-28 21:31:48] generateOTP.INFO: test [] []
[2020-03-28 21:34:29] generateOTP.INFO: test [] []
[2020-03-28 21:41:24] generateOTP.INFO: test [] []
[2020-03-28 22:06:50] generateOTP.INFO: test [] []
[2020-03-28 22:16:11] generateOTP.INFO: test [] []
