[2021-04-28 10:10:48] generateOTP.INFO: test [] []
[2021-04-28 10:10:53] generateOTP.INFO: test [] []
[2021-04-28 10:11:11] generateOTP.INFO: test [] []
[2021-04-28 10:11:40] generateOTP.INFO: test [] []
[2021-04-28 10:11:45] generateOTP.INFO: test [] []
[2021-04-28 10:12:26] generateOTP.INFO: test [] []
[2021-04-28 10:12:32] generateOTP.INFO: test [] []
[2021-04-28 10:13:41] generateOTP.INFO: test [] []
[2021-04-28 10:15:09] generateOTP.INFO: test [] []
[2021-04-28 10:15:18] generateOTP.INFO: test [] []
[2021-04-28 10:15:23] generateOTP.INFO: test [] []
[2021-04-28 10:15:35] generateOTP.INFO: test [] []
[2021-04-28 10:15:46] generateOTP.INFO: test [] []
[2021-04-28 10:17:51] generateOTP.INFO: test [] []
[2021-04-28 10:19:07] generateOTP.INFO: test [] []
[2021-04-28 10:19:07] generateOTP.INFO: test [] []
[2021-04-28 10:26:05] generateOTP.INFO: test [] []
[2021-04-28 10:26:19] generateOTP.INFO: test [] []
[2021-04-28 10:30:05] generateOTP.INFO: test [] []
[2021-04-28 10:30:05] generateOTP.INFO: test [] []
[2021-04-28 10:30:16] generateOTP.INFO: test [] []
[2021-04-28 10:56:16] generateOTP.INFO: test [] []
[2021-04-28 10:56:16] generateOTP.INFO: test [] []
[2021-04-28 10:56:26] generateOTP.INFO: test [] []
[2021-04-28 10:56:29] generateOTP.INFO: test [] []
[2021-04-28 10:56:37] generateOTP.INFO: test [] []
[2021-04-28 10:59:51] generateOTP.INFO: test [] []
[2021-04-28 10:59:51] generateOTP.INFO: test [] []
[2021-04-28 10:59:52] generateOTP.INFO: test [] []
[2021-04-28 11:02:36] generateOTP.INFO: test [] []
[2021-04-28 11:02:36] generateOTP.INFO: test [] []
[2021-04-28 11:02:43] generateOTP.INFO: test [] []
[2021-04-28 11:46:52] generateOTP.INFO: test [] []
[2021-04-28 11:46:53] generateOTP.INFO: test [] []
[2021-04-28 11:46:54] generateOTP.INFO: test [] []
[2021-04-28 11:47:06] generateOTP.INFO: test [] []
[2021-04-28 12:34:09] generateOTP.INFO: test [] []
[2021-04-28 12:34:10] generateOTP.INFO: test [] []
[2021-04-28 12:34:12] generateOTP.INFO: test [] []
[2021-04-28 12:34:31] generateOTP.INFO: test [] []
[2021-04-28 12:45:03] generateOTP.INFO: test [] []
[2021-04-28 12:58:05] generateOTP.INFO: test [] []
[2021-04-28 12:58:08] generateOTP.INFO: test [] []
[2021-04-28 13:14:12] generateOTP.INFO: test [] []
[2021-04-28 13:14:35] generateOTP.INFO: test [] []
[2021-04-28 13:31:22] generateOTP.INFO: test [] []
[2021-04-28 13:31:22] generateOTP.INFO: test [] []
[2021-04-28 13:31:22] generateOTP.INFO: test [] []
[2021-04-28 13:31:38] generateOTP.INFO: test [] []
[2021-04-28 13:40:47] generateOTP.INFO: test [] []
[2021-04-28 13:40:48] generateOTP.INFO: test [] []
[2021-04-28 13:40:48] generateOTP.INFO: test [] []
[2021-04-28 13:40:59] generateOTP.INFO: test [] []
[2021-04-28 13:41:56] generateOTP.INFO: test [] []
[2021-04-28 13:53:57] generateOTP.INFO: test [] []
[2021-04-28 13:54:01] generateOTP.INFO: test [] []
[2021-04-28 13:54:14] generateOTP.INFO: test [] []
[2021-04-28 13:54:25] generateOTP.INFO: test [] []
[2021-04-28 13:55:31] generateOTP.INFO: test [] []
[2021-04-28 13:55:32] generateOTP.INFO: test [] []
[2021-04-28 13:55:41] generateOTP.INFO: test [] []
[2021-04-28 13:55:45] generateOTP.INFO: test [] []
[2021-04-28 14:13:37] generateOTP.INFO: test [] []
[2021-04-28 14:18:15] generateOTP.INFO: test [] []
[2021-04-28 14:18:15] generateOTP.INFO: test [] []
[2021-04-28 14:18:17] generateOTP.INFO: test [] []
[2021-04-28 14:18:17] generateOTP.INFO: test [] []
[2021-04-28 14:18:17] generateOTP.INFO: test [] []
[2021-04-28 14:18:17] generateOTP.INFO: test [] []
[2021-04-28 14:18:17] generateOTP.INFO: test [] []
[2021-04-28 14:18:17] generateOTP.INFO: test [] []
[2021-04-28 14:18:17] generateOTP.INFO: test [] []
[2021-04-28 14:18:30] generateOTP.INFO: test [] []
[2021-04-28 14:22:40] generateOTP.INFO: test [] []
[2021-04-28 14:29:00] generateOTP.INFO: test [] []
[2021-04-28 14:33:23] generateOTP.INFO: test [] []
[2021-04-28 14:33:23] generateOTP.INFO: test [] []
[2021-04-28 14:33:34] generateOTP.INFO: test [] []
[2021-04-28 14:34:12] generateOTP.INFO: test [] []
[2021-04-28 14:39:29] generateOTP.INFO: test [] []
[2021-04-28 14:39:33] generateOTP.INFO: test [] []
[2021-04-28 14:39:51] generateOTP.INFO: test [] []
[2021-04-28 14:40:32] generateOTP.INFO: test [] []
[2021-04-28 14:41:30] generateOTP.INFO: test [] []
[2021-04-28 14:42:48] generateOTP.INFO: test [] []
[2021-04-28 14:43:27] generateOTP.INFO: test [] []
[2021-04-28 14:44:00] generateOTP.INFO: test [] []
[2021-04-28 14:44:20] generateOTP.INFO: test [] []
[2021-04-28 14:45:52] generateOTP.INFO: test [] []
[2021-04-28 14:47:40] generateOTP.INFO: test [] []
[2021-04-28 14:49:26] generateOTP.INFO: test [] []
[2021-04-28 14:59:41] generateOTP.INFO: test [] []
[2021-04-28 14:59:44] generateOTP.INFO: test [] []
[2021-04-28 14:59:45] generateOTP.INFO: test [] []
[2021-04-28 15:00:05] generateOTP.INFO: test [] []
[2021-04-28 15:00:30] generateOTP.INFO: test [] []
[2021-04-28 15:01:46] generateOTP.INFO: test [] []
[2021-04-28 15:01:46] generateOTP.INFO: test [] []
[2021-04-28 15:01:47] generateOTP.INFO: test [] []
[2021-04-28 15:01:55] generateOTP.INFO: test [] []
[2021-04-28 15:02:11] generateOTP.INFO: test [] []
[2021-04-28 15:02:28] generateOTP.INFO: test [] []
[2021-04-28 15:06:18] generateOTP.INFO: test [] []
[2021-04-28 15:06:19] generateOTP.INFO: test [] []
[2021-04-28 15:06:24] generateOTP.INFO: test [] []
[2021-04-28 15:06:43] generateOTP.INFO: test [] []
[2021-04-28 15:09:23] generateOTP.INFO: test [] []
[2021-04-28 15:09:31] generateOTP.INFO: test [] []
[2021-04-28 15:09:49] generateOTP.INFO: test [] []
[2021-04-28 15:09:55] generateOTP.INFO: test [] []
[2021-04-28 15:10:08] generateOTP.INFO: test [] []
[2021-04-28 15:11:45] generateOTP.INFO: test [] []
[2021-04-28 15:11:51] generateOTP.INFO: test [] []
[2021-04-28 15:11:53] generateOTP.INFO: test [] []
[2021-04-28 15:11:54] generateOTP.INFO: test [] []
[2021-04-28 15:12:08] generateOTP.INFO: test [] []
[2021-04-28 15:12:12] generateOTP.INFO: test [] []
[2021-04-28 15:12:18] generateOTP.INFO: test [] []
[2021-04-28 15:12:35] generateOTP.INFO: test [] []
[2021-04-28 15:12:35] generateOTP.INFO: test [] []
[2021-04-28 15:13:02] generateOTP.INFO: test [] []
[2021-04-28 15:13:24] generateOTP.INFO: test [] []
[2021-04-28 15:15:03] generateOTP.INFO: test [] []
[2021-04-28 15:15:24] generateOTP.INFO: test [] []
[2021-04-28 15:15:32] generateOTP.INFO: test [] []
[2021-04-28 15:15:32] generateOTP.INFO: test [] []
[2021-04-28 15:15:42] generateOTP.INFO: test [] []
[2021-04-28 15:15:42] generateOTP.INFO: test [] []
[2021-04-28 15:15:43] generateOTP.INFO: test [] []
[2021-04-28 15:15:43] generateOTP.INFO: test [] []
[2021-04-28 15:15:50] generateOTP.INFO: test [] []
[2021-04-28 15:15:50] generateOTP.INFO: test [] []
[2021-04-28 15:15:50] generateOTP.INFO: test [] []
[2021-04-28 15:15:50] generateOTP.INFO: test [] []
[2021-04-28 15:15:52] generateOTP.INFO: test [] []
[2021-04-28 15:15:53] generateOTP.INFO: test [] []
[2021-04-28 15:16:04] generateOTP.INFO: test [] []
[2021-04-28 15:16:04] generateOTP.INFO: test [] []
[2021-04-28 15:16:13] generateOTP.INFO: test [] []
[2021-04-28 15:16:14] generateOTP.INFO: test [] []
[2021-04-28 15:16:22] generateOTP.INFO: test [] []
[2021-04-28 15:16:22] generateOTP.INFO: test [] []
[2021-04-28 15:16:22] generateOTP.INFO: test [] []
[2021-04-28 15:16:22] generateOTP.INFO: test [] []
[2021-04-28 15:16:24] generateOTP.INFO: test [] []
[2021-04-28 15:18:01] generateOTP.INFO: test [] []
[2021-04-28 15:18:03] generateOTP.INFO: test [] []
[2021-04-28 15:20:12] generateOTP.INFO: test [] []
[2021-04-28 15:20:13] generateOTP.INFO: test [] []
[2021-04-28 15:20:13] generateOTP.INFO: test [] []
[2021-04-28 15:20:22] generateOTP.INFO: test [] []
[2021-04-28 15:21:35] generateOTP.INFO: test [] []
[2021-04-28 15:21:57] generateOTP.INFO: test [] []
[2021-04-28 15:22:11] generateOTP.INFO: test [] []
[2021-04-28 15:30:28] generateOTP.INFO: test [] []
[2021-04-28 15:30:42] generateOTP.INFO: test [] []
[2021-04-28 15:30:52] generateOTP.INFO: test [] []
[2021-04-28 15:31:01] generateOTP.INFO: test [] []
[2021-04-28 15:33:31] generateOTP.INFO: test [] []
[2021-04-28 15:42:47] generateOTP.INFO: test [] []
[2021-04-28 15:42:49] generateOTP.INFO: test [] []
[2021-04-28 15:42:57] generateOTP.INFO: test [] []
[2021-04-28 15:43:09] generateOTP.INFO: test [] []
[2021-04-28 15:43:11] generateOTP.INFO: test [] []
[2021-04-28 15:43:33] generateOTP.INFO: test [] []
[2021-04-28 15:48:02] generateOTP.INFO: test [] []
[2021-04-28 15:48:49] generateOTP.INFO: test [] []
[2021-04-28 15:49:00] generateOTP.INFO: test [] []
[2021-04-28 15:49:26] generateOTP.INFO: test [] []
[2021-04-28 15:49:29] generateOTP.INFO: test [] []
[2021-04-28 15:49:47] generateOTP.INFO: test [] []
[2021-04-28 15:51:38] generateOTP.INFO: test [] []
[2021-04-28 15:51:39] generateOTP.INFO: test [] []
[2021-04-28 15:51:42] generateOTP.INFO: test [] []
[2021-04-28 15:52:10] generateOTP.INFO: test [] []
[2021-04-28 15:52:10] generateOTP.INFO: test [] []
[2021-04-28 15:52:11] generateOTP.INFO: test [] []
[2021-04-28 15:52:20] generateOTP.INFO: test [] []
[2021-04-28 15:52:42] generateOTP.INFO: test [] []
[2021-04-28 15:53:13] generateOTP.INFO: test [] []
[2021-04-28 15:53:15] generateOTP.INFO: test [] []
[2021-04-28 15:53:17] generateOTP.INFO: test [] []
[2021-04-28 15:53:32] generateOTP.INFO: test [] []
[2021-04-28 15:54:06] generateOTP.INFO: test [] []
[2021-04-28 15:54:41] generateOTP.INFO: test [] []
[2021-04-28 15:56:12] generateOTP.INFO: test [] []
[2021-04-28 15:56:20] generateOTP.INFO: test [] []
[2021-04-28 15:56:25] generateOTP.INFO: test [] []
[2021-04-28 15:56:45] generateOTP.INFO: test [] []
[2021-04-28 15:57:03] generateOTP.INFO: test [] []
[2021-04-28 15:57:03] generateOTP.INFO: test [] []
[2021-04-28 15:57:24] generateOTP.INFO: test [] []
[2021-04-28 15:57:46] generateOTP.INFO: test [] []
[2021-04-28 15:58:14] generateOTP.INFO: test [] []
[2021-04-28 15:58:27] generateOTP.INFO: test [] []
[2021-04-28 15:58:37] generateOTP.INFO: test [] []
[2021-04-28 15:59:15] generateOTP.INFO: test [] []
[2021-04-28 15:59:42] generateOTP.INFO: test [] []
[2021-04-28 16:00:08] generateOTP.INFO: test [] []
[2021-04-28 16:00:46] generateOTP.INFO: test [] []
[2021-04-28 16:05:39] generateOTP.INFO: test [] []
[2021-04-28 16:05:40] generateOTP.INFO: test [] []
[2021-04-28 16:05:47] generateOTP.INFO: test [] []
[2021-04-28 16:06:03] generateOTP.INFO: test [] []
[2021-04-28 16:11:11] generateOTP.INFO: test [] []
[2021-04-28 16:11:28] generateOTP.INFO: test [] []
[2021-04-28 16:11:41] generateOTP.INFO: test [] []
[2021-04-28 16:12:01] generateOTP.INFO: test [] []
[2021-04-28 16:13:03] generateOTP.INFO: test [] []
[2021-04-28 16:13:47] generateOTP.INFO: test [] []
[2021-04-28 16:19:18] generateOTP.INFO: test [] []
[2021-04-28 16:19:20] generateOTP.INFO: test [] []
[2021-04-28 16:19:34] generateOTP.INFO: test [] []
[2021-04-28 16:47:07] generateOTP.INFO: test [] []
[2021-04-28 16:47:08] generateOTP.INFO: test [] []
[2021-04-28 16:47:08] generateOTP.INFO: test [] []
[2021-04-28 16:47:13] generateOTP.INFO: test [] []
[2021-04-28 16:47:16] generateOTP.INFO: test [] []
[2021-04-28 16:47:17] generateOTP.INFO: test [] []
[2021-04-28 16:47:49] generateOTP.INFO: test [] []
[2021-04-28 16:47:49] generateOTP.INFO: test [] []
[2021-04-28 16:47:50] generateOTP.INFO: test [] []
[2021-04-28 16:47:50] generateOTP.INFO: test [] []
[2021-04-28 16:47:52] generateOTP.INFO: test [] []
[2021-04-28 16:47:52] generateOTP.INFO: test [] []
[2021-04-28 16:47:52] generateOTP.INFO: test [] []
[2021-04-28 16:47:52] generateOTP.INFO: test [] []
[2021-04-28 16:47:54] generateOTP.INFO: test [] []
[2021-04-28 16:47:54] generateOTP.INFO: test [] []
[2021-04-28 16:48:03] generateOTP.INFO: test [] []
[2021-04-28 16:48:04] generateOTP.INFO: test [] []
[2021-04-28 16:48:50] generateOTP.INFO: test [] []
[2021-04-28 16:49:00] generateOTP.INFO: test [] []
[2021-04-28 16:49:00] generateOTP.INFO: test [] []
[2021-04-28 16:49:00] generateOTP.INFO: test [] []
[2021-04-28 16:49:00] generateOTP.INFO: test [] []
[2021-04-28 16:49:00] generateOTP.INFO: test [] []
[2021-04-28 16:49:16] generateOTP.INFO: test [] []
[2021-04-28 16:54:32] generateOTP.INFO: test [] []
[2021-04-28 16:54:36] generateOTP.INFO: test [] []
[2021-04-28 16:55:35] generateOTP.INFO: test [] []
[2021-04-28 16:55:43] generateOTP.INFO: test [] []
[2021-04-28 17:00:36] generateOTP.INFO: test [] []
[2021-04-28 17:00:56] generateOTP.INFO: test [] []
[2021-04-28 17:01:16] generateOTP.INFO: test [] []
[2021-04-28 17:01:39] generateOTP.INFO: test [] []
[2021-04-28 18:00:18] generateOTP.INFO: test [] []
[2021-04-28 18:00:18] generateOTP.INFO: test [] []
[2021-04-28 18:00:20] generateOTP.INFO: test [] []
[2021-04-28 18:00:34] generateOTP.INFO: test [] []
[2021-04-28 18:00:37] generateOTP.INFO: test [] []
[2021-04-28 18:18:46] generateOTP.INFO: test [] []
[2021-04-28 18:18:47] generateOTP.INFO: test [] []
[2021-04-28 18:18:48] generateOTP.INFO: test [] []
[2021-04-28 18:18:49] generateOTP.INFO: test [] []
[2021-04-28 18:19:06] generateOTP.INFO: test [] []
[2021-04-28 18:19:27] generateOTP.INFO: test [] []
[2021-04-28 18:44:40] generateOTP.INFO: test [] []
[2021-04-28 18:45:03] generateOTP.INFO: test [] []
[2021-04-28 18:45:12] generateOTP.INFO: {"salutation":"1","firstname":"test","lastname":"BANKING","dob":"19-12-1988","mob_no":"7010444138","panCard":"XXXXXX456A","email":"jack@gmail.com","ref1":"1","ref2":"1","comAdd":"Om hrad ntalatiof, holOmshre, talathioficeeachol, OmshreeSada9talathi","city":"Illuppur","state":"TAMIL NADU","pin_code":"622103","ISNRI":"N","update_emp_id":"NVVPVUIwTndVZy9uSjJiNTcreGZ0QT09","edit":"0","policy_no":"460,461","subtype_text":"1","sum_insure":"500000","anuual_income":"","occupation":"1","familyConstruct":"1A","family_members_id":"0","family_gender":"Male","first_name":"test","last_name":"BANKING","family_date_birth":"19-12-1988","age":"32","age_type":" years","tenure":"1 Year","premiumgci":"0","family_id":"","s_date":"04-04-1991","marriage_date":"","premium":"undefined","policyNo":"460,461","familyDataType":"undefined","empId":"NVVPVUIwTndVZy9uSjJiNTcreGZ0QT09","product":"YFsa5f4cb15ead28c","declare":"[]","gender":"Male","gci_options":"Yes"} [] []
[2021-04-28 18:54:50] generateOTP.INFO: test [] []
[2021-04-28 18:55:24] generateOTP.INFO: {"salutation":"1","firstname":"test","lastname":"BANKING","dob":"19-12-1988","mob_no":"7010444138","panCard":"XXXXXX456A","email":"jack@gmail.com","ref1":"1","ref2":"1","comAdd":"Om hrad ntalatiof, holOmshre, talathioficeeachol, OmshreeSada9talathi","city":"Illuppur","state":"TAMIL NADU","pin_code":"622103","ISNRI":"N","update_emp_id":"NVVPVUIwTndVZy9uSjJiNTcreGZ0QT09","edit":"0","policy_no":"460,461","subtype_text":"1","sum_insure":"500000","anuual_income":"","occupation":"1","familyConstruct":"2A","family_members_id":"0","family_gender":"Male","first_name":"test","last_name":"BANKING","family_date_birth":"19-12-1988","age":"32","age_type":" years","tenure":"1 Year","premiumgci":"","family_id":"","s_date":"04-04-1991","marriage_date":"","premium":"undefined","policyNo":"460,461","familyDataType":"undefined","empId":"NVVPVUIwTndVZy9uSjJiNTcreGZ0QT09","product":"YFsa5f4cb15ead28c","declare":"[]","gender":"Male","gci_options":"Yes"} [] []
[2021-04-28 18:56:25] generateOTP.INFO: {"salutation":"1","firstname":"test","lastname":"BANKING","dob":"19-12-1988","mob_no":"7010444138","panCard":"XXXXXX456A","email":"jack@gmail.com","ref1":"1","ref2":"1","comAdd":"Om hrad ntalatiof, holOmshre, talathioficeeachol, OmshreeSada9talathi","city":"Illuppur","state":"TAMIL NADU","pin_code":"622103","ISNRI":"N","update_emp_id":"NVVPVUIwTndVZy9uSjJiNTcreGZ0QT09","edit":"0","policy_no":"460,461","subtype_text":"1","sum_insure":"500000","anuual_income":"","occupation":"1","familyConstruct":"2A","family_members_id":"1","family_gender":"Female","first_name":"fhf","last_name":"fgjjfj","family_date_birth":"05-04-1990","age":"31","age_type":" years","tenure":"1 Year","premiumgci":"2968","family_id":"","s_date":"04-04-1991","marriage_date":"","premium":"undefined","policyNo":"460,461","familyDataType":"undefined","empId":"NVVPVUIwTndVZy9uSjJiNTcreGZ0QT09","product":"YFsa5f4cb15ead28c","declare":"[]","gender":"Male","gci_options":"Yes"} [] []
[2021-04-28 18:56:50] documentsSave.INFO: {"ops_type":"[]","ids":"1721,1722"} [] []
[2021-04-28 18:56:50] documentsSaveFiles.INFO: [] [] []
[2021-04-28 18:56:53] generateOTP.INFO: test [] []
[2021-04-28 18:57:50] generateOTP.INFO: test [] []
[2021-04-28 18:58:04] full_quote_request1.INFO: {"ClientCreation":{"Member_Customer_ID":"202142799GPAR101","salutation":"Mr","firstName":"test","middleName":"","lastName":"BANKING","dateofBirth":"12\/19\/1988","gender":"M","educationalQualification":null,"pinCode":"622103","uidNo":"5478-2589-3688","maritalStatus":null,"nationality":"Indian","occupation":"O553","primaryEmailID":"jack@gmail.com","contactMobileNo":"7010444138","stdLandlineNo":null,"panNo":null,"passportNumber":null,"contactPerson":null,"annualIncome":null,"remarks":null,"startDate":"2021-04-28","endDate":null,"IdProof":"Adhaar Card","residenceProof":null,"ageProof":null,"others":null,"homeAddressLine1":"Om hrad ntalatiof, holOmshre, talathioficeeachol, OmshreeSada9talathi","homeAddressLine2":null,"homeAddressLine3":null,"homePinCode":"622103","homeArea":null,"homeContactMobileNo":null,"homeContactMobileNo2":null,"homeSTDLandlineNo":null,"homeFaxNo":null,"sameAsHomeAddress":"1","mailingAddressLine1":null,"mailingAddressLine2":null,"mailingAddressLine3":null,"mailingPinCode":null,"mailingArea":null,"mailingContactMobileNo":null,"mailingContactMobileNo2":null,"mailingSTDLandlineNo":null,"mailingSTDLandlineNo2":null,"mailingFaxNo":null,"bankAccountType":null,"bankAccountNo":null,"ifscCode":null,"GSTIN":null,"GSTRegistrationStatus":"Consumers","IsEIAavailable":"0","ApplyEIA":"0","EIAAccountNo":null,"EIAWith":"0","AccountType":null,"AddressProof":null,"DOBProof":null,"IdentityProof":null},"PolicyCreationRequest":{"Quotation_Number":"","MasterPolicyNumber":"62-21-00001-00-00","GroupID":"GRP001","Product_Code":"4112","SumInsured_Type":null,"Policy_Tanure":"1","Member_Type_Code":"M209","intermediaryCode":"2104794","AutoRenewal":"0","AutoDebit":"0","intermediaryBranchCode":"10MHMUM01","agentSignatureDate":null,"Customer_Signature_Date":null,"businessSourceChannel":null,"AssignPolicy":"0","AssigneeName":null,"leadID":"202142799","Source_Name":"AXIS_GFB","SPID":"1","TCN":null,"CRTNO":null,"RefCode1":"1","RefCode2":"051","Employee_Number":"625537","enumIsEmployeeDiscount":null,"QuoteDate":null,"IsPayment":"0","PaymentMode":null,"PolicyproductComponents":[{"PlanCode":"4112","SumInsured":"500000","SchemeCode":"4112000003"}]},"MemObj":{"Member":[{"MemberNo":1,"Salutation":"Mr","First_Name":"test","Middle_Name":null,"Last_Name":"BANKING","Gender":"M","DateOfBirth":"12\/19\/1988","Relation_Code":"R001","Marital_Status":null,"height":"0.00","weight":"0","occupation":"O553","PrimaryMember":"Y","MemberproductComponents":[{"PlanCode":"4112","MemberQuestionDetails":[{"QuestionCode":null,"Answer":null,"Remarks":null}]}],"MemberPED":[{"PEDCode":null,"Remarks":null}],"exactDiagnosis":null,"dateOfDiagnosis":null,"lastDateConsultation":null,"detailsOfTreatmentGiven":null,"doctorName":null,"hospitalName":null,"phoneNumberHosital":null,"Nominee_First_Name":"fhf","Nominee_Last_Name":"fgjjfj","Nominee_Contact_Number":"9999999999","Nominee_Home_Address":null,"Nominee_Relationship_Code":"R002"}]},"ReceiptCreation":{"officeLocation":"","modeOfEntry":"","cdAcNo":null,"expiryDate":null,"payerType":"","payerCode":null,"paymentBy":"","paymentByName":null,"paymentByRelationship":null,"collectionAmount":"","collectionRcvdDate":null,"collectionMode":"","remarks":null,"instrumentNumber":null,"instrumentDate":null,"bankName":null,"branchName":null,"bankLocation":null,"micrNo":null,"chequeType":null,"ifscCode":"","PaymentGatewayName":"","TerminalID":"","CardNo":null}} [] []
[2021-04-28 18:58:07] full_quote_reponse1.INFO: "<ns0:GFB_Res xmlns:ns0=\"http:\/\/ABHICL_NBP_QuickQuote_Schemas.GFB_Response\"><errorObj><ErrorNumber>00<\/ErrorNumber><ErrorMessage>Success<\/ErrorMessage><\/errorObj><policyDtls><TransactionReferenceNumber><\/TransactionReferenceNumber><QuotationNumber>AS100794930<\/QuotationNumber><CertificateNumber><\/CertificateNumber><LetterURL><\/LetterURL><ClientID><\/ClientID><ProductName>Group Activ Secure - Personal Accident<\/ProductName><ProductCode>4112<\/ProductCode><LineOfBusiness>41<\/LineOfBusiness><startDate><\/startDate><EndDate><\/EndDate><PolicyNumber>62-21-00001-00-00<\/PolicyNumber><ProposalNumber><\/ProposalNumber><PolicyStatus>PQ1<\/PolicyStatus><Tenure>1<\/Tenure><stpFlag>0<\/stpFlag><MemberCustomerID>202142799GPAR101<\/MemberCustomerID><\/policyDtls><premium><BasePremium>2515.25<\/BasePremium><NetPremium>2515.25<\/NetPremium><GST>452.75<\/GST><GrossPremium>2968.00<\/GrossPremium><\/premium><receiptObj><ReceiptNumber \/><ReceiptAmount \/><ExcessAmount \/><\/receiptObj><\/ns0:GFB_Res>" [] []
[2021-04-28 18:58:07] full_quote_request1.INFO: {"ClientCreation":{"Member_Customer_ID":"202142799GPAR102","salutation":"Mr","firstName":"test","middleName":"","lastName":"BANKING","dateofBirth":"12\/19\/1988","gender":"M","educationalQualification":null,"pinCode":"622103","uidNo":"5478-2589-3688","maritalStatus":null,"nationality":"Indian","occupation":"O553","primaryEmailID":"jack@gmail.com","contactMobileNo":"7010444138","stdLandlineNo":null,"panNo":null,"passportNumber":null,"contactPerson":null,"annualIncome":null,"remarks":null,"startDate":"2021-04-28","endDate":null,"IdProof":"Adhaar Card","residenceProof":null,"ageProof":null,"others":null,"homeAddressLine1":"Om hrad ntalatiof, holOmshre, talathioficeeachol, OmshreeSada9talathi","homeAddressLine2":null,"homeAddressLine3":null,"homePinCode":"622103","homeArea":null,"homeContactMobileNo":null,"homeContactMobileNo2":null,"homeSTDLandlineNo":null,"homeFaxNo":null,"sameAsHomeAddress":"1","mailingAddressLine1":null,"mailingAddressLine2":null,"mailingAddressLine3":null,"mailingPinCode":null,"mailingArea":null,"mailingContactMobileNo":null,"mailingContactMobileNo2":null,"mailingSTDLandlineNo":null,"mailingSTDLandlineNo2":null,"mailingFaxNo":null,"bankAccountType":null,"bankAccountNo":null,"ifscCode":null,"GSTIN":null,"GSTRegistrationStatus":"Consumers","IsEIAavailable":"0","ApplyEIA":"0","EIAAccountNo":null,"EIAWith":"0","AccountType":null,"AddressProof":null,"DOBProof":null,"IdentityProof":null},"PolicyCreationRequest":{"Quotation_Number":"","MasterPolicyNumber":"62-21-00001-00-00","GroupID":"GRP001","Product_Code":"4112","SumInsured_Type":null,"Policy_Tanure":"1","Member_Type_Code":"M209","intermediaryCode":"2104794","AutoRenewal":"0","AutoDebit":"0","intermediaryBranchCode":"10MHMUM01","agentSignatureDate":null,"Customer_Signature_Date":null,"businessSourceChannel":null,"AssignPolicy":"0","AssigneeName":null,"leadID":"202142799","Source_Name":"AXIS_GFB","SPID":"1","TCN":null,"CRTNO":null,"RefCode1":"1","RefCode2":"051","Employee_Number":"625537","enumIsEmployeeDiscount":null,"QuoteDate":null,"IsPayment":"0","PaymentMode":null,"PolicyproductComponents":[{"PlanCode":"4112","SumInsured":"500000","SchemeCode":"4112000003"}]},"MemObj":{"Member":[{"MemberNo":1,"Salutation":"Mrs","First_Name":"fhf","Middle_Name":null,"Last_Name":"fgjjfj","Gender":"F","DateOfBirth":"04\/05\/1990","Relation_Code":"R002","Marital_Status":null,"height":"0.00","weight":"0","occupation":"O553","PrimaryMember":"Y","MemberproductComponents":[{"PlanCode":"4112","MemberQuestionDetails":[{"QuestionCode":null,"Answer":null,"Remarks":null}]}],"MemberPED":[{"PEDCode":null,"Remarks":null}],"exactDiagnosis":null,"dateOfDiagnosis":null,"lastDateConsultation":null,"detailsOfTreatmentGiven":null,"doctorName":null,"hospitalName":null,"phoneNumberHosital":null,"Nominee_First_Name":"fhf","Nominee_Last_Name":"fgjjfj","Nominee_Contact_Number":"9999999999","Nominee_Home_Address":null,"Nominee_Relationship_Code":"R002"}]},"ReceiptCreation":{"officeLocation":"","modeOfEntry":"","cdAcNo":null,"expiryDate":null,"payerType":"","payerCode":null,"paymentBy":"","paymentByName":null,"paymentByRelationship":null,"collectionAmount":"","collectionRcvdDate":null,"collectionMode":"","remarks":null,"instrumentNumber":null,"instrumentDate":null,"bankName":null,"branchName":null,"bankLocation":null,"micrNo":null,"chequeType":null,"ifscCode":"","PaymentGatewayName":"","TerminalID":"","CardNo":null}} [] []
[2021-04-28 18:58:09] full_quote_reponse1.INFO: "<ns0:GFB_Res xmlns:ns0=\"http:\/\/ABHICL_NBP_QuickQuote_Schemas.GFB_Response\"><errorObj><ErrorNumber>00<\/ErrorNumber><ErrorMessage>Success<\/ErrorMessage><\/errorObj><policyDtls><TransactionReferenceNumber><\/TransactionReferenceNumber><QuotationNumber>AS100794931<\/QuotationNumber><CertificateNumber><\/CertificateNumber><LetterURL><\/LetterURL><ClientID><\/ClientID><ProductName>Group Activ Secure - Personal Accident<\/ProductName><ProductCode>4112<\/ProductCode><LineOfBusiness>41<\/LineOfBusiness><startDate><\/startDate><EndDate><\/EndDate><PolicyNumber>62-21-00001-00-00<\/PolicyNumber><ProposalNumber><\/ProposalNumber><PolicyStatus>PQ1<\/PolicyStatus><Tenure>1<\/Tenure><stpFlag>0<\/stpFlag><MemberCustomerID>202142799GPAR102<\/MemberCustomerID><\/policyDtls><premium><BasePremium>2515.25<\/BasePremium><NetPremium>2515.25<\/NetPremium><GST>452.75<\/GST><GrossPremium>2968.00<\/GrossPremium><\/premium><receiptObj><ReceiptNumber \/><ReceiptAmount \/><ExcessAmount \/><\/receiptObj><\/ns0:GFB_Res>" [] []
[2021-04-28 18:58:09] full_quote_request1.INFO: {"ClientCreation":{"Member_Customer_ID":"202142799GCIR101","salutation":"Mr","firstName":"test","middleName":"","lastName":"BANKING","dateofBirth":"12\/19\/1988","gender":"M","educationalQualification":null,"pinCode":"622103","uidNo":"5478-2589-3688","maritalStatus":null,"nationality":"Indian","occupation":"O553","primaryEmailID":"jack@gmail.com","contactMobileNo":"7010444138","stdLandlineNo":null,"panNo":null,"passportNumber":null,"contactPerson":null,"annualIncome":null,"remarks":null,"startDate":"2021-04-28","endDate":null,"IdProof":"Adhaar Card","residenceProof":null,"ageProof":null,"others":null,"homeAddressLine1":"Om hrad ntalatiof, holOmshre, talathioficeeachol, OmshreeSada9talathi","homeAddressLine2":null,"homeAddressLine3":null,"homePinCode":"622103","homeArea":null,"homeContactMobileNo":null,"homeContactMobileNo2":null,"homeSTDLandlineNo":null,"homeFaxNo":null,"sameAsHomeAddress":"1","mailingAddressLine1":null,"mailingAddressLine2":null,"mailingAddressLine3":null,"mailingPinCode":null,"mailingArea":null,"mailingContactMobileNo":null,"mailingContactMobileNo2":null,"mailingSTDLandlineNo":null,"mailingSTDLandlineNo2":null,"mailingFaxNo":null,"bankAccountType":null,"bankAccountNo":null,"ifscCode":null,"GSTIN":null,"GSTRegistrationStatus":"Consumers","IsEIAavailable":"0","ApplyEIA":"0","EIAAccountNo":null,"EIAWith":"0","AccountType":null,"AddressProof":null,"DOBProof":null,"IdentityProof":null},"PolicyCreationRequest":{"Quotation_Number":"","MasterPolicyNumber":"62-21-00001-00-00","GroupID":"GRP001","Product_Code":"4216","SumInsured_Type":null,"Policy_Tanure":"1","Member_Type_Code":"M209","intermediaryCode":"2104794","AutoRenewal":"0","AutoDebit":"0","intermediaryBranchCode":"10MHMUM01","agentSignatureDate":null,"Customer_Signature_Date":null,"businessSourceChannel":null,"AssignPolicy":"0","AssigneeName":null,"leadID":"202142799","Source_Name":"AXIS_GFB","SPID":"1","TCN":null,"CRTNO":null,"RefCode1":"1","RefCode2":"051","Employee_Number":"625537","enumIsEmployeeDiscount":null,"QuoteDate":null,"IsPayment":"0","PaymentMode":null,"PolicyproductComponents":[{"PlanCode":"4216","SumInsured":"500000","SchemeCode":"4112000003"}]},"MemObj":{"Member":[{"MemberNo":1,"Salutation":"Mr","First_Name":"test","Middle_Name":null,"Last_Name":"BANKING","Gender":"M","DateOfBirth":"12\/19\/1988","Relation_Code":"R001","Marital_Status":null,"height":"0.00","weight":"0","occupation":"O553","PrimaryMember":"Y","MemberproductComponents":[{"PlanCode":"4216","MemberQuestionDetails":[{"QuestionCode":null,"Answer":null,"Remarks":null}]}],"MemberPED":[{"PEDCode":null,"Remarks":null}],"exactDiagnosis":null,"dateOfDiagnosis":null,"lastDateConsultation":null,"detailsOfTreatmentGiven":null,"doctorName":null,"hospitalName":null,"phoneNumberHosital":null,"Nominee_First_Name":"fhf","Nominee_Last_Name":"fgjjfj","Nominee_Contact_Number":"9999999999","Nominee_Home_Address":null,"Nominee_Relationship_Code":"R002"}]},"ReceiptCreation":{"officeLocation":"","modeOfEntry":"","cdAcNo":null,"expiryDate":null,"payerType":"","payerCode":null,"paymentBy":"","paymentByName":null,"paymentByRelationship":null,"collectionAmount":"","collectionRcvdDate":null,"collectionMode":"","remarks":null,"instrumentNumber":null,"instrumentDate":null,"bankName":null,"branchName":null,"bankLocation":null,"micrNo":null,"chequeType":null,"ifscCode":"","PaymentGatewayName":"","TerminalID":"","CardNo":null}} [] []
[2021-04-28 18:58:11] full_quote_reponse1.INFO: "<ns0:GFB_Res xmlns:ns0=\"http:\/\/ABHICL_NBP_QuickQuote_Schemas.GFB_Response\"><errorObj><ErrorNumber>00<\/ErrorNumber><ErrorMessage>Success<\/ErrorMessage><\/errorObj><policyDtls><TransactionReferenceNumber><\/TransactionReferenceNumber><QuotationNumber>AS100794932<\/QuotationNumber><CertificateNumber><\/CertificateNumber><LetterURL><\/LetterURL><ClientID><\/ClientID><ProductName>Group Activ Secure - Critical Illness<\/ProductName><ProductCode>4216<\/ProductCode><LineOfBusiness>42<\/LineOfBusiness><startDate><\/startDate><EndDate><\/EndDate><PolicyNumber>62-21-00001-00-00<\/PolicyNumber><ProposalNumber><\/ProposalNumber><PolicyStatus>PQ1<\/PolicyStatus><Tenure>1<\/Tenure><stpFlag>0<\/stpFlag><MemberCustomerID>202142799GCIR101<\/MemberCustomerID><\/policyDtls><premium><BasePremium>1527.12<\/BasePremium><NetPremium>1527.12<\/NetPremium><GST>274.88<\/GST><GrossPremium>1802.00<\/GrossPremium><\/premium><receiptObj><ReceiptNumber \/><ReceiptAmount \/><ExcessAmount \/><\/receiptObj><\/ns0:GFB_Res>" [] []
[2021-04-28 18:58:11] full_quote_request1.INFO: {"ClientCreation":{"Member_Customer_ID":"202142799GCIR102","salutation":"Mr","firstName":"test","middleName":"","lastName":"BANKING","dateofBirth":"12\/19\/1988","gender":"M","educationalQualification":null,"pinCode":"622103","uidNo":"5478-2589-3688","maritalStatus":null,"nationality":"Indian","occupation":"O553","primaryEmailID":"jack@gmail.com","contactMobileNo":"7010444138","stdLandlineNo":null,"panNo":null,"passportNumber":null,"contactPerson":null,"annualIncome":null,"remarks":null,"startDate":"2021-04-28","endDate":null,"IdProof":"Adhaar Card","residenceProof":null,"ageProof":null,"others":null,"homeAddressLine1":"Om hrad ntalatiof, holOmshre, talathioficeeachol, OmshreeSada9talathi","homeAddressLine2":null,"homeAddressLine3":null,"homePinCode":"622103","homeArea":null,"homeContactMobileNo":null,"homeContactMobileNo2":null,"homeSTDLandlineNo":null,"homeFaxNo":null,"sameAsHomeAddress":"1","mailingAddressLine1":null,"mailingAddressLine2":null,"mailingAddressLine3":null,"mailingPinCode":null,"mailingArea":null,"mailingContactMobileNo":null,"mailingContactMobileNo2":null,"mailingSTDLandlineNo":null,"mailingSTDLandlineNo2":null,"mailingFaxNo":null,"bankAccountType":null,"bankAccountNo":null,"ifscCode":null,"GSTIN":null,"GSTRegistrationStatus":"Consumers","IsEIAavailable":"0","ApplyEIA":"0","EIAAccountNo":null,"EIAWith":"0","AccountType":null,"AddressProof":null,"DOBProof":null,"IdentityProof":null},"PolicyCreationRequest":{"Quotation_Number":"","MasterPolicyNumber":"62-21-00001-00-00","GroupID":"GRP001","Product_Code":"4216","SumInsured_Type":null,"Policy_Tanure":"1","Member_Type_Code":"M209","intermediaryCode":"2104794","AutoRenewal":"0","AutoDebit":"0","intermediaryBranchCode":"10MHMUM01","agentSignatureDate":null,"Customer_Signature_Date":null,"businessSourceChannel":null,"AssignPolicy":"0","AssigneeName":null,"leadID":"202142799","Source_Name":"AXIS_GFB","SPID":"1","TCN":null,"CRTNO":null,"RefCode1":"1","RefCode2":"051","Employee_Number":"625537","enumIsEmployeeDiscount":null,"QuoteDate":null,"IsPayment":"0","PaymentMode":null,"PolicyproductComponents":[{"PlanCode":"4216","SumInsured":"500000","SchemeCode":"4112000003"}]},"MemObj":{"Member":[{"MemberNo":1,"Salutation":"Mrs","First_Name":"fhf","Middle_Name":null,"Last_Name":"fgjjfj","Gender":"F","DateOfBirth":"04\/05\/1990","Relation_Code":"R002","Marital_Status":null,"height":"0.00","weight":"0","occupation":"O553","PrimaryMember":"Y","MemberproductComponents":[{"PlanCode":"4216","MemberQuestionDetails":[{"QuestionCode":null,"Answer":null,"Remarks":null}]}],"MemberPED":[{"PEDCode":null,"Remarks":null}],"exactDiagnosis":null,"dateOfDiagnosis":null,"lastDateConsultation":null,"detailsOfTreatmentGiven":null,"doctorName":null,"hospitalName":null,"phoneNumberHosital":null,"Nominee_First_Name":"fhf","Nominee_Last_Name":"fgjjfj","Nominee_Contact_Number":"9999999999","Nominee_Home_Address":null,"Nominee_Relationship_Code":"R002"}]},"ReceiptCreation":{"officeLocation":"","modeOfEntry":"","cdAcNo":null,"expiryDate":null,"payerType":"","payerCode":null,"paymentBy":"","paymentByName":null,"paymentByRelationship":null,"collectionAmount":"","collectionRcvdDate":null,"collectionMode":"","remarks":null,"instrumentNumber":null,"instrumentDate":null,"bankName":null,"branchName":null,"bankLocation":null,"micrNo":null,"chequeType":null,"ifscCode":"","PaymentGatewayName":"","TerminalID":"","CardNo":null}} [] []
[2021-04-28 18:58:13] full_quote_reponse1.INFO: "<ns0:GFB_Res xmlns:ns0=\"http:\/\/ABHICL_NBP_QuickQuote_Schemas.GFB_Response\"><errorObj><ErrorNumber>00<\/ErrorNumber><ErrorMessage>Success<\/ErrorMessage><\/errorObj><policyDtls><TransactionReferenceNumber><\/TransactionReferenceNumber><QuotationNumber>AS100794933<\/QuotationNumber><CertificateNumber><\/CertificateNumber><LetterURL><\/LetterURL><ClientID><\/ClientID><ProductName>Group Activ Secure - Critical Illness<\/ProductName><ProductCode>4216<\/ProductCode><LineOfBusiness>42<\/LineOfBusiness><startDate><\/startDate><EndDate><\/EndDate><PolicyNumber>62-21-00001-00-00<\/PolicyNumber><ProposalNumber><\/ProposalNumber><PolicyStatus>PQ1<\/PolicyStatus><Tenure>1<\/Tenure><stpFlag>0<\/stpFlag><MemberCustomerID>202142799GCIR102<\/MemberCustomerID><\/policyDtls><premium><BasePremium>1527.12<\/BasePremium><NetPremium>1527.12<\/NetPremium><GST>274.88<\/GST><GrossPremium>1802.00<\/GrossPremium><\/premium><receiptObj><ReceiptNumber \/><ReceiptAmount \/><ExcessAmount \/><\/receiptObj><\/ns0:GFB_Res>" [] []
[2021-04-28 19:00:51] generateOTP.INFO: test [] []
[2021-04-28 19:01:01] generateOTP.INFO: test [] []
[2021-04-28 19:02:33] full_quote_request2.INFO: {"ClientCreation":{"Member_Customer_ID":"202142799GPAR101","salutation":"Mr","firstName":"test","middleName":"","lastName":"BANKING","dateofBirth":"12\/19\/1988","gender":"M","educationalQualification":null,"pinCode":"622103","uidNo":"5478-2589-3688","maritalStatus":null,"nationality":"Indian","occupation":"O553","primaryEmailID":"jack@gmail.com","contactMobileNo":"7010444138","stdLandlineNo":null,"panNo":null,"passportNumber":null,"contactPerson":null,"annualIncome":null,"remarks":null,"startDate":"2021-04-28","endDate":null,"IdProof":"Adhaar Card","residenceProof":null,"ageProof":null,"others":null,"homeAddressLine1":"Om hrad ntalatiof, holOmshre, talathioficeeachol, OmshreeSada9talathi","homeAddressLine2":null,"homeAddressLine3":null,"homePinCode":"622103","homeArea":null,"homeContactMobileNo":null,"homeContactMobileNo2":null,"homeSTDLandlineNo":null,"homeFaxNo":null,"sameAsHomeAddress":"1","mailingAddressLine1":null,"mailingAddressLine2":null,"mailingAddressLine3":null,"mailingPinCode":null,"mailingArea":null,"mailingContactMobileNo":null,"mailingContactMobileNo2":null,"mailingSTDLandlineNo":null,"mailingSTDLandlineNo2":null,"mailingFaxNo":null,"bankAccountType":null,"bankAccountNo":null,"ifscCode":null,"GSTIN":null,"GSTRegistrationStatus":"Consumers","IsEIAavailable":"0","ApplyEIA":"0","EIAAccountNo":null,"EIAWith":"0","AccountType":null,"AddressProof":null,"DOBProof":null,"IdentityProof":null},"PolicyCreationRequest":{"Quotation_Number":"AS100794930","MasterPolicyNumber":"62-21-00001-00-00","GroupID":"GRP001","Product_Code":"4112","SumInsured_Type":null,"Policy_Tanure":"1","Member_Type_Code":"M209","intermediaryCode":"2104794","AutoRenewal":"0","AutoDebit":"0","intermediaryBranchCode":"10MHMUM01","agentSignatureDate":null,"Customer_Signature_Date":null,"businessSourceChannel":null,"AssignPolicy":"0","AssigneeName":null,"leadID":"202142799","Source_Name":"AXIS_GFB","SPID":"1","TCN":null,"CRTNO":null,"RefCode1":"1","RefCode2":"051","Employee_Number":"625537","enumIsEmployeeDiscount":null,"QuoteDate":null,"IsPayment":"1","PaymentMode":null,"PolicyproductComponents":[{"PlanCode":"4112","SumInsured":"500000","SchemeCode":"4112000003"}]},"MemObj":{"Member":[{"MemberNo":1,"Salutation":"Mr","First_Name":"test","Middle_Name":null,"Last_Name":"BANKING","Gender":"M","DateOfBirth":"12\/19\/1988","Relation_Code":"R001","Marital_Status":null,"height":"0.00","weight":"0","occupation":"O553","PrimaryMember":"Y","MemberproductComponents":[{"PlanCode":"4112","MemberQuestionDetails":[{"QuestionCode":null,"Answer":null,"Remarks":null}]}],"MemberPED":[{"PEDCode":null,"Remarks":null}],"exactDiagnosis":null,"dateOfDiagnosis":null,"lastDateConsultation":null,"detailsOfTreatmentGiven":null,"doctorName":null,"hospitalName":null,"phoneNumberHosital":null,"Nominee_First_Name":"fhf","Nominee_Last_Name":"fgjjfj","Nominee_Contact_Number":"9999999999","Nominee_Home_Address":null,"Nominee_Relationship_Code":"R002"}]},"ReceiptCreation":{"officeLocation":"Mumbai","modeOfEntry":"Direct","cdAcNo":null,"expiryDate":null,"payerType":"Customer","payerCode":null,"paymentBy":"Customer","paymentByName":null,"paymentByRelationship":null,"collectionAmount":2968,"collectionRcvdDate":"2021-04-28","collectionMode":"online","remarks":null,"instrumentNumber":"pay_H4MIIFWZzKi6r2","instrumentDate":"2021-04-28","bankName":"AXIS BANK","branchName":"ANNA NAGAR CHENNAI","bankLocation":null,"micrNo":null,"chequeType":null,"ifscCode":"UTIB0000016","PaymentGatewayName":"AXIS_GFB","TerminalID":"EuxJCz8cZV9V63","CardNo":null},"CombiCreation":{"Combi_flag":"1","Combi_identifier":"leadid","Combi_value":"202142799","Combi_code":"AXIS_GFB","Combi_Count":4,"Combi_product_count":4}} [] []
[2021-04-28 19:02:39] full_quote_reponse2.INFO: "<ns0:GFB_Res xmlns:ns0=\"http:\/\/ABHICL_NBP_QuickQuote_Schemas.GFB_Response\"><errorObj><ErrorNumber>00<\/ErrorNumber><ErrorMessage>Success<\/ErrorMessage><\/errorObj><policyDtls><TransactionReferenceNumber><\/TransactionReferenceNumber><QuotationNumber>AS100794930<\/QuotationNumber><CertificateNumber>GFB-AS-21-2000015<\/CertificateNumber><LetterURL>https:\/\/abpb.adityabirlahealth.com\/hbletter\/viewletter.aspx?ABH=884038&amp;TRM=GFB-AS-21-2000015<\/LetterURL><ClientID>0001504115<\/ClientID><ProductName>Group Activ Secure<\/ProductName><ProductCode>4000<\/ProductCode><LineOfBusiness>40<\/LineOfBusiness><startDate>4\/28\/2021 12:00:00 AM<\/startDate><EndDate>4\/27\/2022 12:00:00 AM<\/EndDate><PolicyNumber>62-21-00001-00-00<\/PolicyNumber><ProposalNumber>AS100794930<\/ProposalNumber><PolicyStatus>IF<\/PolicyStatus><Tenure>1<\/Tenure><stpFlag>0<\/stpFlag><MemberCustomerID>202142799GPAR101<\/MemberCustomerID><\/policyDtls><premium><BasePremium>2515.25<\/BasePremium><NetPremium>2515.25<\/NetPremium><GST>452.75<\/GST><GrossPremium>2968.00<\/GrossPremium><\/premium><receiptObj><ReceiptNumber>R70121450<\/ReceiptNumber><ReceiptAmount>2968.00<\/ReceiptAmount><ExcessAmount>0.00<\/ExcessAmount><\/receiptObj><\/ns0:GFB_Res>" [] []
[2021-04-28 19:02:39] api_insert.INFO: {"emp_id":"625537","proposal_id":"1721","member_fr_id":"0","client_id":"0001504115","certificate_number":"GFB-AS-21-2000015","quotation_no":"AS100794930","proposal_no":"AS100794930","policy_no":"62-21-00001-00-00","gross_premium":"2968.00","status":"Success","start_date":"4\/28\/2021 12:00:00 AM","end_date":"4\/27\/2022 12:00:00 AM","created_date":"2021-04-28 19:02:39","proposal_no_lead":"P-1698290893797457","PolicyStatus":"IF","letter_url":"https:\/\/abpb.adityabirlahealth.com\/hbletter\/viewletter.aspx?ABH=884038&TRM=GFB-AS-21-2000015","CustomerID":"202142799GPAR101","MemberCustomerID":"202142799GPAR101","create_policy_type":0,"ReceiptNumber":"R70121450"} [] []
[2021-04-28 19:02:40] full_quote_request2.INFO: {"ClientCreation":{"Member_Customer_ID":"202142799GPAR102","salutation":"Mr","firstName":"test","middleName":"","lastName":"BANKING","dateofBirth":"12\/19\/1988","gender":"M","educationalQualification":null,"pinCode":"622103","uidNo":"5478-2589-3688","maritalStatus":null,"nationality":"Indian","occupation":"O553","primaryEmailID":"jack@gmail.com","contactMobileNo":"7010444138","stdLandlineNo":null,"panNo":null,"passportNumber":null,"contactPerson":null,"annualIncome":null,"remarks":null,"startDate":"2021-04-28","endDate":null,"IdProof":"Adhaar Card","residenceProof":null,"ageProof":null,"others":null,"homeAddressLine1":"Om hrad ntalatiof, holOmshre, talathioficeeachol, OmshreeSada9talathi","homeAddressLine2":null,"homeAddressLine3":null,"homePinCode":"622103","homeArea":null,"homeContactMobileNo":null,"homeContactMobileNo2":null,"homeSTDLandlineNo":null,"homeFaxNo":null,"sameAsHomeAddress":"1","mailingAddressLine1":null,"mailingAddressLine2":null,"mailingAddressLine3":null,"mailingPinCode":null,"mailingArea":null,"mailingContactMobileNo":null,"mailingContactMobileNo2":null,"mailingSTDLandlineNo":null,"mailingSTDLandlineNo2":null,"mailingFaxNo":null,"bankAccountType":null,"bankAccountNo":null,"ifscCode":null,"GSTIN":null,"GSTRegistrationStatus":"Consumers","IsEIAavailable":"0","ApplyEIA":"0","EIAAccountNo":null,"EIAWith":"0","AccountType":null,"AddressProof":null,"DOBProof":null,"IdentityProof":null},"PolicyCreationRequest":{"Quotation_Number":"AS100794931","MasterPolicyNumber":"62-21-00001-00-00","GroupID":"GRP001","Product_Code":"4112","SumInsured_Type":null,"Policy_Tanure":"1","Member_Type_Code":"M209","intermediaryCode":"2104794","AutoRenewal":"0","AutoDebit":"0","intermediaryBranchCode":"10MHMUM01","agentSignatureDate":null,"Customer_Signature_Date":null,"businessSourceChannel":null,"AssignPolicy":"0","AssigneeName":null,"leadID":"202142799","Source_Name":"AXIS_GFB","SPID":"1","TCN":null,"CRTNO":null,"RefCode1":"1","RefCode2":"051","Employee_Number":"625537","enumIsEmployeeDiscount":null,"QuoteDate":null,"IsPayment":"1","PaymentMode":null,"PolicyproductComponents":[{"PlanCode":"4112","SumInsured":"500000","SchemeCode":"4112000003"}]},"MemObj":{"Member":[{"MemberNo":1,"Salutation":"Mrs","First_Name":"fhf","Middle_Name":null,"Last_Name":"fgjjfj","Gender":"F","DateOfBirth":"04\/05\/1990","Relation_Code":"R002","Marital_Status":null,"height":"0.00","weight":"0","occupation":"O553","PrimaryMember":"Y","MemberproductComponents":[{"PlanCode":"4112","MemberQuestionDetails":[{"QuestionCode":null,"Answer":null,"Remarks":null}]}],"MemberPED":[{"PEDCode":null,"Remarks":null}],"exactDiagnosis":null,"dateOfDiagnosis":null,"lastDateConsultation":null,"detailsOfTreatmentGiven":null,"doctorName":null,"hospitalName":null,"phoneNumberHosital":null,"Nominee_First_Name":"fhf","Nominee_Last_Name":"fgjjfj","Nominee_Contact_Number":"9999999999","Nominee_Home_Address":null,"Nominee_Relationship_Code":"R002"}]},"ReceiptCreation":{"officeLocation":"Mumbai","modeOfEntry":"Direct","cdAcNo":null,"expiryDate":null,"payerType":"Customer","payerCode":null,"paymentBy":"Customer","paymentByName":null,"paymentByRelationship":null,"collectionAmount":2968,"collectionRcvdDate":"2021-04-28","collectionMode":"online","remarks":null,"instrumentNumber":"pay_H4MIIFWZzKi6r2","instrumentDate":"2021-04-28","bankName":"AXIS BANK","branchName":"ANNA NAGAR CHENNAI","bankLocation":null,"micrNo":null,"chequeType":null,"ifscCode":"UTIB0000016","PaymentGatewayName":"AXIS_GFB","TerminalID":"EuxJCz8cZV9V63","CardNo":null},"CombiCreation":{"Combi_flag":"1","Combi_identifier":"leadid","Combi_value":"202142799","Combi_code":"AXIS_GFB","Combi_Count":4,"Combi_product_count":4}} [] []
[2021-04-28 19:02:42] full_quote_reponse2.INFO: "<ns0:GFB_Res xmlns:ns0=\"http:\/\/ABHICL_NBP_QuickQuote_Schemas.GFB_Response\"><errorObj><ErrorNumber>00<\/ErrorNumber><ErrorMessage>Success<\/ErrorMessage><\/errorObj><policyDtls><TransactionReferenceNumber><\/TransactionReferenceNumber><QuotationNumber>AS100794931<\/QuotationNumber><CertificateNumber>GFB-AS-21-2000016<\/CertificateNumber><LetterURL>https:\/\/abpb.adityabirlahealth.com\/hbletter\/viewletter.aspx?ABH=884039&amp;TRM=GFB-AS-21-2000016<\/LetterURL><ClientID>0001504116<\/ClientID><ProductName>Group Activ Secure<\/ProductName><ProductCode>4000<\/ProductCode><LineOfBusiness>40<\/LineOfBusiness><startDate>4\/28\/2021 12:00:00 AM<\/startDate><EndDate>4\/27\/2022 12:00:00 AM<\/EndDate><PolicyNumber>62-21-00001-00-00<\/PolicyNumber><ProposalNumber>AS100794931<\/ProposalNumber><PolicyStatus>IF<\/PolicyStatus><Tenure>1<\/Tenure><stpFlag>0<\/stpFlag><MemberCustomerID>202142799GPAR102<\/MemberCustomerID><\/policyDtls><premium><BasePremium>2515.25<\/BasePremium><NetPremium>2515.25<\/NetPremium><GST>452.75<\/GST><GrossPremium>2968.00<\/GrossPremium><\/premium><receiptObj><ReceiptNumber>R70121451<\/ReceiptNumber><ReceiptAmount>2968.00<\/ReceiptAmount><ExcessAmount>0.00<\/ExcessAmount><\/receiptObj><\/ns0:GFB_Res>" [] []
[2021-04-28 19:02:42] api_insert.INFO: {"emp_id":"625537","proposal_id":"1721","member_fr_id":"1","client_id":"0001504116","certificate_number":"GFB-AS-21-2000016","quotation_no":"AS100794931","proposal_no":"AS100794931","policy_no":"62-21-00001-00-00","gross_premium":"2968.00","status":"Success","start_date":"4\/28\/2021 12:00:00 AM","end_date":"4\/27\/2022 12:00:00 AM","created_date":"2021-04-28 19:02:42","proposal_no_lead":"P-1698290893797457","PolicyStatus":"IF","letter_url":"https:\/\/abpb.adityabirlahealth.com\/hbletter\/viewletter.aspx?ABH=884039&TRM=GFB-AS-21-2000016","CustomerID":"202142799GPAR102","MemberCustomerID":"202142799GPAR102","create_policy_type":0,"ReceiptNumber":"R70121451"} [] []
[2021-04-28 19:02:43] full_quote_request2.INFO: {"ClientCreation":{"Member_Customer_ID":"202142799GCIR101","salutation":"Mr","firstName":"test","middleName":"","lastName":"BANKING","dateofBirth":"12\/19\/1988","gender":"M","educationalQualification":null,"pinCode":"622103","uidNo":"5478-2589-3688","maritalStatus":null,"nationality":"Indian","occupation":"O553","primaryEmailID":"jack@gmail.com","contactMobileNo":"7010444138","stdLandlineNo":null,"panNo":null,"passportNumber":null,"contactPerson":null,"annualIncome":null,"remarks":null,"startDate":"2021-04-28","endDate":null,"IdProof":"Adhaar Card","residenceProof":null,"ageProof":null,"others":null,"homeAddressLine1":"Om hrad ntalatiof, holOmshre, talathioficeeachol, OmshreeSada9talathi","homeAddressLine2":null,"homeAddressLine3":null,"homePinCode":"622103","homeArea":null,"homeContactMobileNo":null,"homeContactMobileNo2":null,"homeSTDLandlineNo":null,"homeFaxNo":null,"sameAsHomeAddress":"1","mailingAddressLine1":null,"mailingAddressLine2":null,"mailingAddressLine3":null,"mailingPinCode":null,"mailingArea":null,"mailingContactMobileNo":null,"mailingContactMobileNo2":null,"mailingSTDLandlineNo":null,"mailingSTDLandlineNo2":null,"mailingFaxNo":null,"bankAccountType":null,"bankAccountNo":null,"ifscCode":null,"GSTIN":null,"GSTRegistrationStatus":"Consumers","IsEIAavailable":"0","ApplyEIA":"0","EIAAccountNo":null,"EIAWith":"0","AccountType":null,"AddressProof":null,"DOBProof":null,"IdentityProof":null},"PolicyCreationRequest":{"Quotation_Number":"AS100794932","MasterPolicyNumber":"62-21-00001-00-00","GroupID":"GRP001","Product_Code":"4216","SumInsured_Type":null,"Policy_Tanure":"1","Member_Type_Code":"M209","intermediaryCode":"2104794","AutoRenewal":"0","AutoDebit":"0","intermediaryBranchCode":"10MHMUM01","agentSignatureDate":null,"Customer_Signature_Date":null,"businessSourceChannel":null,"AssignPolicy":"0","AssigneeName":null,"leadID":"202142799","Source_Name":"AXIS_GFB","SPID":"1","TCN":null,"CRTNO":null,"RefCode1":"1","RefCode2":"051","Employee_Number":"625537","enumIsEmployeeDiscount":null,"QuoteDate":null,"IsPayment":"1","PaymentMode":null,"PolicyproductComponents":[{"PlanCode":"4216","SumInsured":"500000","SchemeCode":"4112000003"}]},"MemObj":{"Member":[{"MemberNo":1,"Salutation":"Mr","First_Name":"test","Middle_Name":null,"Last_Name":"BANKING","Gender":"M","DateOfBirth":"12\/19\/1988","Relation_Code":"R001","Marital_Status":null,"height":"0.00","weight":"0","occupation":"O553","PrimaryMember":"Y","MemberproductComponents":[{"PlanCode":"4216","MemberQuestionDetails":[{"QuestionCode":null,"Answer":null,"Remarks":null}]}],"MemberPED":[{"PEDCode":null,"Remarks":null}],"exactDiagnosis":null,"dateOfDiagnosis":null,"lastDateConsultation":null,"detailsOfTreatmentGiven":null,"doctorName":null,"hospitalName":null,"phoneNumberHosital":null,"Nominee_First_Name":"fhf","Nominee_Last_Name":"fgjjfj","Nominee_Contact_Number":"9999999999","Nominee_Home_Address":null,"Nominee_Relationship_Code":"R002"}]},"ReceiptCreation":{"officeLocation":"Mumbai","modeOfEntry":"Direct","cdAcNo":null,"expiryDate":null,"payerType":"Customer","payerCode":null,"paymentBy":"Customer","paymentByName":null,"paymentByRelationship":null,"collectionAmount":1802,"collectionRcvdDate":"2021-04-28","collectionMode":"online","remarks":null,"instrumentNumber":"pay_H4MIIFWZzKi6r2","instrumentDate":"2021-04-28","bankName":"AXIS BANK","branchName":"ANNA NAGAR CHENNAI","bankLocation":null,"micrNo":null,"chequeType":null,"ifscCode":"UTIB0000016","PaymentGatewayName":"AXIS_GFB","TerminalID":"EuxJCz8cZV9V63","CardNo":null},"CombiCreation":{"Combi_flag":"1","Combi_identifier":"leadid","Combi_value":"202142799","Combi_code":"AXIS_GFB","Combi_Count":4,"Combi_product_count":4}} [] []
[2021-04-28 19:02:45] full_quote_reponse2.INFO: "<ns0:GFB_Res xmlns:ns0=\"http:\/\/ABHICL_NBP_QuickQuote_Schemas.GFB_Response\"><errorObj><ErrorNumber>00<\/ErrorNumber><ErrorMessage>Success<\/ErrorMessage><\/errorObj><policyDtls><TransactionReferenceNumber><\/TransactionReferenceNumber><QuotationNumber>AS100794932<\/QuotationNumber><CertificateNumber>GFB-AS-21-2000017<\/CertificateNumber><LetterURL>https:\/\/abpb.adityabirlahealth.com\/hbletter\/viewletter.aspx?ABH=884040&amp;TRM=GFB-AS-21-2000017<\/LetterURL><ClientID>0001504117<\/ClientID><ProductName>Group Activ Secure<\/ProductName><ProductCode>4000<\/ProductCode><LineOfBusiness>40<\/LineOfBusiness><startDate>4\/28\/2021 12:00:00 AM<\/startDate><EndDate>4\/27\/2022 12:00:00 AM<\/EndDate><PolicyNumber>62-21-00001-00-00<\/PolicyNumber><ProposalNumber>AS100794932<\/ProposalNumber><PolicyStatus>IF<\/PolicyStatus><Tenure>1<\/Tenure><stpFlag>0<\/stpFlag><MemberCustomerID>202142799GCIR101<\/MemberCustomerID><\/policyDtls><premium><BasePremium>1527.12<\/BasePremium><NetPremium>1527.12<\/NetPremium><GST>274.88<\/GST><GrossPremium>1802.00<\/GrossPremium><\/premium><receiptObj><ReceiptNumber>R70121452<\/ReceiptNumber><ReceiptAmount>1802.00<\/ReceiptAmount><ExcessAmount>0.00<\/ExcessAmount><\/receiptObj><\/ns0:GFB_Res>" [] []
[2021-04-28 19:02:45] api_insert.INFO: {"emp_id":"625537","proposal_id":"1722","member_fr_id":"0","client_id":"0001504117","certificate_number":"GFB-AS-21-2000017","quotation_no":"AS100794932","proposal_no":"AS100794932","policy_no":"62-21-00001-00-00","gross_premium":"1802.00","status":"Success","start_date":"4\/28\/2021 12:00:00 AM","end_date":"4\/27\/2022 12:00:00 AM","created_date":"2021-04-28 19:02:45","proposal_no_lead":"P-1698290895811553","PolicyStatus":"IF","letter_url":"https:\/\/abpb.adityabirlahealth.com\/hbletter\/viewletter.aspx?ABH=884040&TRM=GFB-AS-21-2000017","CustomerID":"202142799GCIR101","MemberCustomerID":"202142799GCIR101","create_policy_type":0,"ReceiptNumber":"R70121452"} [] []
[2021-04-28 19:02:46] full_quote_request2.INFO: {"ClientCreation":{"Member_Customer_ID":"202142799GCIR102","salutation":"Mr","firstName":"test","middleName":"","lastName":"BANKING","dateofBirth":"12\/19\/1988","gender":"M","educationalQualification":null,"pinCode":"622103","uidNo":"5478-2589-3688","maritalStatus":null,"nationality":"Indian","occupation":"O553","primaryEmailID":"jack@gmail.com","contactMobileNo":"7010444138","stdLandlineNo":null,"panNo":null,"passportNumber":null,"contactPerson":null,"annualIncome":null,"remarks":null,"startDate":"2021-04-28","endDate":null,"IdProof":"Adhaar Card","residenceProof":null,"ageProof":null,"others":null,"homeAddressLine1":"Om hrad ntalatiof, holOmshre, talathioficeeachol, OmshreeSada9talathi","homeAddressLine2":null,"homeAddressLine3":null,"homePinCode":"622103","homeArea":null,"homeContactMobileNo":null,"homeContactMobileNo2":null,"homeSTDLandlineNo":null,"homeFaxNo":null,"sameAsHomeAddress":"1","mailingAddressLine1":null,"mailingAddressLine2":null,"mailingAddressLine3":null,"mailingPinCode":null,"mailingArea":null,"mailingContactMobileNo":null,"mailingContactMobileNo2":null,"mailingSTDLandlineNo":null,"mailingSTDLandlineNo2":null,"mailingFaxNo":null,"bankAccountType":null,"bankAccountNo":null,"ifscCode":null,"GSTIN":null,"GSTRegistrationStatus":"Consumers","IsEIAavailable":"0","ApplyEIA":"0","EIAAccountNo":null,"EIAWith":"0","AccountType":null,"AddressProof":null,"DOBProof":null,"IdentityProof":null},"PolicyCreationRequest":{"Quotation_Number":"AS100794933","MasterPolicyNumber":"62-21-00001-00-00","GroupID":"GRP001","Product_Code":"4216","SumInsured_Type":null,"Policy_Tanure":"1","Member_Type_Code":"M209","intermediaryCode":"2104794","AutoRenewal":"0","AutoDebit":"0","intermediaryBranchCode":"10MHMUM01","agentSignatureDate":null,"Customer_Signature_Date":null,"businessSourceChannel":null,"AssignPolicy":"0","AssigneeName":null,"leadID":"202142799","Source_Name":"AXIS_GFB","SPID":"1","TCN":null,"CRTNO":null,"RefCode1":"1","RefCode2":"051","Employee_Number":"625537","enumIsEmployeeDiscount":null,"QuoteDate":null,"IsPayment":"1","PaymentMode":null,"PolicyproductComponents":[{"PlanCode":"4216","SumInsured":"500000","SchemeCode":"4112000003"}]},"MemObj":{"Member":[{"MemberNo":1,"Salutation":"Mrs","First_Name":"fhf","Middle_Name":null,"Last_Name":"fgjjfj","Gender":"F","DateOfBirth":"04\/05\/1990","Relation_Code":"R002","Marital_Status":null,"height":"0.00","weight":"0","occupation":"O553","PrimaryMember":"Y","MemberproductComponents":[{"PlanCode":"4216","MemberQuestionDetails":[{"QuestionCode":null,"Answer":null,"Remarks":null}]}],"MemberPED":[{"PEDCode":null,"Remarks":null}],"exactDiagnosis":null,"dateOfDiagnosis":null,"lastDateConsultation":null,"detailsOfTreatmentGiven":null,"doctorName":null,"hospitalName":null,"phoneNumberHosital":null,"Nominee_First_Name":"fhf","Nominee_Last_Name":"fgjjfj","Nominee_Contact_Number":"9999999999","Nominee_Home_Address":null,"Nominee_Relationship_Code":"R002"}]},"ReceiptCreation":{"officeLocation":"Mumbai","modeOfEntry":"Direct","cdAcNo":null,"expiryDate":null,"payerType":"Customer","payerCode":null,"paymentBy":"Customer","paymentByName":null,"paymentByRelationship":null,"collectionAmount":1802,"collectionRcvdDate":"2021-04-28","collectionMode":"online","remarks":null,"instrumentNumber":"pay_H4MIIFWZzKi6r2","instrumentDate":"2021-04-28","bankName":"AXIS BANK","branchName":"ANNA NAGAR CHENNAI","bankLocation":null,"micrNo":null,"chequeType":null,"ifscCode":"UTIB0000016","PaymentGatewayName":"AXIS_GFB","TerminalID":"EuxJCz8cZV9V63","CardNo":null},"CombiCreation":{"Combi_flag":"1","Combi_identifier":"leadid","Combi_value":"202142799","Combi_code":"AXIS_GFB","Combi_Count":4,"Combi_product_count":4}} [] []
[2021-04-28 19:02:48] full_quote_reponse2.INFO: "<ns0:GFB_Res xmlns:ns0=\"http:\/\/ABHICL_NBP_QuickQuote_Schemas.GFB_Response\"><errorObj><ErrorNumber>00<\/ErrorNumber><ErrorMessage>Success<\/ErrorMessage><\/errorObj><policyDtls><TransactionReferenceNumber><\/TransactionReferenceNumber><QuotationNumber>AS100794933<\/QuotationNumber><CertificateNumber>GFB-AS-21-2000018<\/CertificateNumber><LetterURL>https:\/\/abpb.adityabirlahealth.com\/hbletter\/viewletter.aspx?ABH=884041&amp;TRM=GFB-AS-21-2000018<\/LetterURL><ClientID>0001504118<\/ClientID><ProductName>Group Activ Secure<\/ProductName><ProductCode>4000<\/ProductCode><LineOfBusiness>40<\/LineOfBusiness><startDate>4\/28\/2021 12:00:00 AM<\/startDate><EndDate>4\/27\/2022 12:00:00 AM<\/EndDate><PolicyNumber>62-21-00001-00-00<\/PolicyNumber><ProposalNumber>AS100794933<\/ProposalNumber><PolicyStatus>IF<\/PolicyStatus><Tenure>1<\/Tenure><stpFlag>0<\/stpFlag><MemberCustomerID>202142799GCIR102<\/MemberCustomerID><\/policyDtls><premium><BasePremium>1527.12<\/BasePremium><NetPremium>1527.12<\/NetPremium><GST>274.88<\/GST><GrossPremium>1802.00<\/GrossPremium><\/premium><receiptObj><ReceiptNumber>R70121453<\/ReceiptNumber><ReceiptAmount>1802.00<\/ReceiptAmount><ExcessAmount>0.00<\/ExcessAmount><\/receiptObj><\/ns0:GFB_Res>" [] []
[2021-04-28 19:02:48] api_insert.INFO: {"emp_id":"625537","proposal_id":"1722","member_fr_id":"1","client_id":"0001504118","certificate_number":"GFB-AS-21-2000018","quotation_no":"AS100794933","proposal_no":"AS100794933","policy_no":"62-21-00001-00-00","gross_premium":"1802.00","status":"Success","start_date":"4\/28\/2021 12:00:00 AM","end_date":"4\/27\/2022 12:00:00 AM","created_date":"2021-04-28 19:02:48","proposal_no_lead":"P-1698290895811553","PolicyStatus":"IF","letter_url":"https:\/\/abpb.adityabirlahealth.com\/hbletter\/viewletter.aspx?ABH=884041&TRM=GFB-AS-21-2000018","CustomerID":"202142799GCIR102","MemberCustomerID":"202142799GCIR102","create_policy_type":0,"ReceiptNumber":"R70121453"} [] []
[2021-04-28 19:02:50] generateOTP.INFO: test [] []
