[2020-04-28 12:05:11] generateOTP.INFO: test [] []
[2020-04-28 12:05:17] generateOTP.INFO: test [] []
[2020-04-28 12:05:18] generateOTP.INFO: test [] []
[2020-04-28 12:05:27] generateOTP.INFO: test [] []
[2020-04-28 12:58:55] generateOTP.INFO: test [] []
[2020-04-28 12:59:00] generateOTP.INFO: test [] []
[2020-04-28 12:59:02] generateOTP.INFO: test [] []
[2020-04-28 12:59:55] generateOTP.INFO: test [] []
[2020-04-28 13:03:22] generateOTP.INFO: test [] []
[2020-04-28 13:08:28] generateOTP.INFO: test [] []
[2020-04-28 13:08:33] generateOTP.INFO: test [] []
[2020-04-28 13:29:00] generateOTP.INFO: test [] []
[2020-04-28 13:29:02] generateOTP.INFO: test [] []
[2020-04-28 13:29:13] generateOTP.INFO: test [] []
[2020-04-28 13:29:14] generateOTP.INFO: test [] []
[2020-04-28 13:30:37] generateOTP.INFO: test [] []
[2020-04-28 14:29:46] generateOTP.INFO: test [] []
[2020-04-28 14:29:49] generateOTP.INFO: test [] []
[2020-04-28 14:29:52] generateOTP.INFO: test [] []
[2020-04-28 14:30:25] generateOTP.INFO: test [] []
[2020-04-28 14:30:34] generateOTP.INFO: test [] []
[2020-04-28 14:30:35] generateOTP.INFO: test [] []
[2020-04-28 14:30:57] generateOTP.INFO: test [] []
[2020-04-28 14:33:36] generateOTP.INFO: test [] []
[2020-04-28 14:33:39] generateOTP.INFO: test [] []
[2020-04-28 14:33:41] generateOTP.INFO: test [] []
[2020-04-28 14:33:45] generateOTP.INFO: test [] []
[2020-04-28 14:34:13] generateOTP.INFO: test [] []
[2020-04-28 14:34:14] generateOTP.INFO: test [] []
[2020-04-28 14:34:16] generateOTP.INFO: test [] []
[2020-04-28 14:34:18] generateOTP.INFO: test [] []
[2020-04-28 14:34:21] generateOTP.INFO: test [] []
[2020-04-28 14:34:23] generateOTP.INFO: test [] []
[2020-04-28 14:34:25] generateOTP.INFO: test [] []
[2020-04-28 14:34:26] generateOTP.INFO: test [] []
[2020-04-28 14:34:28] generateOTP.INFO: test [] []
[2020-04-28 14:34:29] generateOTP.INFO: test [] []
[2020-04-28 14:34:30] generateOTP.INFO: test [] []
[2020-04-28 14:34:31] generateOTP.INFO: test [] []
[2020-04-28 14:34:38] generateOTP.INFO: test [] []
[2020-04-28 14:34:44] generateOTP.INFO: test [] []
[2020-04-28 14:34:48] generateOTP.INFO: test [] []
[2020-04-28 14:35:16] generateOTP.INFO: test [] []
[2020-04-28 14:41:16] generateOTP.INFO: test [] []
[2020-04-28 14:41:17] generateOTP.INFO: test [] []
[2020-04-28 15:18:30] generateOTP.INFO: test [] []
[2020-04-28 15:18:31] generateOTP.INFO: test [] []
[2020-04-28 15:18:52] generateOTP.INFO: test [] []
[2020-04-28 15:20:27] generateOTP.INFO: test [] []
[2020-04-28 15:20:29] generateOTP.INFO: test [] []
[2020-04-28 15:20:29] generateOTP.INFO: test [] []
[2020-04-28 15:20:40] generateOTP.INFO: test [] []
[2020-04-28 15:23:03] generateOTP.INFO: test [] []
[2020-04-28 15:26:17] generateOTP.INFO: test [] []
[2020-04-28 15:51:59] generateOTP.INFO: test [] []
[2020-04-28 15:52:03] generateOTP.INFO: test [] []
[2020-04-28 15:52:37] generateOTP.INFO: test [] []
[2020-04-28 15:53:18] generateOTP.INFO: test [] []
[2020-04-28 15:53:19] generateOTP.INFO: test [] []
[2020-04-28 15:53:53] generateOTP.INFO: test [] []
[2020-04-28 15:57:15] generateOTP.INFO: test [] []
[2020-04-28 15:57:24] generateOTP.INFO: test [] []
[2020-04-28 15:57:59] generateOTP.INFO: test [] []
[2020-04-28 15:58:16] generateOTP.INFO: test [] []
[2020-04-28 16:23:33] generateOTP.INFO: test [] []
[2020-04-28 16:25:42] generateOTP.INFO: test [] []
[2020-04-28 16:25:42] generateOTP.INFO: test [] []
[2020-04-28 16:26:03] generateOTP.INFO: test [] []
[2020-04-28 16:28:58] generateOTP.INFO: test [] []
[2020-04-28 16:29:01] generateOTP.INFO: test [] []
[2020-04-28 16:30:09] generateOTP.INFO: test [] []
[2020-04-28 16:30:12] generateOTP.INFO: test [] []
[2020-04-28 16:31:22] generateOTP.INFO: test [] []
[2020-04-28 16:34:21] generateOTP.INFO: test [] []
[2020-04-28 16:34:46] generateOTP.INFO: test [] []
[2020-04-28 16:39:08] generateOTP.INFO: test [] []
[2020-04-28 16:40:50] generateOTP.INFO: test [] []
[2020-04-28 16:41:37] generateOTP.INFO: test [] []
[2020-04-28 16:42:43] generateOTP.INFO: test [] []
[2020-04-28 16:48:28] generateOTP.INFO: test [] []
[2020-04-28 16:49:09] generateOTP.INFO: test [] []
[2020-04-28 16:49:44] generateOTP.INFO: test [] []
[2020-04-28 17:10:59] generateOTP.INFO: test [] []
[2020-04-28 17:12:35] generateOTP.INFO: test [] []
[2020-04-28 17:14:10] generateOTP.INFO: test [] []
[2020-04-28 17:15:58] generateOTP.INFO: test [] []
[2020-04-28 17:18:23] generateOTP.INFO: test [] []
[2020-04-28 17:21:22] generateOTP.INFO: test [] []
[2020-04-28 17:23:27] generateOTP.INFO: test [] []
[2020-04-28 17:25:23] generateOTP.INFO: test [] []
[2020-04-28 17:26:13] generateOTP.INFO: test [] []
[2020-04-28 17:27:25] generateOTP.INFO: test [] []
[2020-04-28 17:27:52] generateOTP.INFO: test [] []
[2020-04-28 17:27:59] generateOTP.INFO: test [] []
[2020-04-28 17:28:00] generateOTP.INFO: test [] []
[2020-04-28 17:28:01] generateOTP.INFO: test [] []
[2020-04-28 17:28:20] generateOTP.INFO: {"edit":"0","policy_no":"378","subtype_text":"1","sum_insure":"800000","familyConstruct":"1A","tenure":"1 Year","family_members_id":"0","family_gender":"Female","first_name":"t","middle_name":"rt","last_name":"rtt","family_date_birth":"30-04-1975","age":"45","age_type":"years","family_id":"","s_date":"","marriage_date":"","premium":"5799","policyNo":"378","familyDataType":"family_construct","empId":"620329","product":"QBTv5db9151ad1c21","declare":"[]","abc":"2a+2k"} [] []
[2020-04-28 17:28:32] generateOTP.INFO: {"edit":"0","subtype_text":"3","policy_no":"379","sum_insure":"500000","familyConstruct":"1A","tenure":"1 Year","family_members_id":"0","family_gender":"Female","first_name":"t","middle_name":"rt","last_name":"rtt","family_date_birth":"30-04-1975","age":"45","age_type":"years","family_id":"","s_date":"","marriage_date":"","premium":"2099","policyNo":"379","familyDataType":"family_construct","product":"QBTv5db9151ad1c21","empId":"620329"} [] []
[2020-04-28 17:31:34] generateOTP.INFO: test [] []
[2020-04-28 17:31:35] generateOTP.INFO: test [] []
[2020-04-28 17:31:58] generateOTP.INFO: test [] []
[2020-04-28 17:32:58] generateOTP.INFO: {"edit":"0","policy_no":"378","subtype_text":"1","sum_insure":"800000","familyConstruct":"1A","tenure":"1 Year","family_members_id":"0","family_gender":"Male","first_name":"fds","middle_name":"dg","last_name":"gd","family_date_birth":"23-04-2002","age":"18","age_type":"years","family_id":"","s_date":"","marriage_date":"","premium":"5799","policyNo":"378","familyDataType":"family_construct","empId":"620330","product":"QBTv5db9151ad1c21","declare":"[]","abc":"2a+2k"} [] []
[2020-04-28 17:33:08] generateOTP.INFO: {"edit":"0","subtype_text":"3","policy_no":"379","sum_insure":"500000","familyConstruct":"1A","tenure":"1 Year","family_members_id":"0","family_gender":"Male","first_name":"fds","middle_name":"dg","last_name":"gd","family_date_birth":"23-04-2002","age":"18","age_type":"years","family_id":"","s_date":"","marriage_date":"","premium":"2099","policyNo":"379","familyDataType":"family_construct","product":"QBTv5db9151ad1c21","empId":"620330"} [] []
[2020-04-28 17:33:35] generateOTP.INFO: test [] []
[2020-04-28 17:33:36] generateOTP.INFO: test [] []
[2020-04-28 17:33:51] documentsSave.INFO: {"ops_type":"[\"Enrollment form\",\"Cheque Copy\"]","ext0":"undefined","ext1":"undefined","ids":"207,208","update_datas":"undefined","emp_id":"620330"} [] []
[2020-04-28 17:33:51] documentsSaveFiles.INFO: [{"name":"Jellyfish.jpg","type":"image\/jpeg","tmp_name":"\/tmp\/phpOm0E3C","error":0,"size":775702},{"name":"Koala.jpg","type":"image\/jpeg","tmp_name":"\/tmp\/php6a6zPD","error":0,"size":780831}] [] []
[2020-04-28 17:35:04] generateOTP.INFO: test [] []
[2020-04-28 17:35:06] generateOTP.INFO: test [] []
[2020-04-28 17:35:17] generateOTP.INFO: test [] []
[2020-04-28 17:35:33] generateOTP.INFO: test [] []
[2020-04-28 17:35:34] generateOTP.INFO: test [] []
[2020-04-28 17:35:49] generateOTP.INFO: test [] []
[2020-04-28 17:37:55] generateOTP.INFO: test [] []
[2020-04-28 17:41:21] generateOTP.INFO: test [] []
[2020-04-28 17:45:50] generateOTP.INFO: test [] []
[2020-04-28 17:50:25] generateOTP.INFO: test [] []
[2020-04-28 17:57:25] generateOTP.INFO: test [] []
[2020-04-28 17:57:28] generateOTP.INFO: test [] []
[2020-04-28 17:57:31] generateOTP.INFO: test [] []
[2020-04-28 17:57:46] generateOTP.INFO: test [] []
[2020-04-28 17:57:52] generateOTP.INFO: test [] []
[2020-04-28 17:58:46] generateOTP.INFO: test [] []
[2020-04-28 18:17:03] generateOTP.INFO: test [] []
[2020-04-28 18:17:03] generateOTP.INFO: test [] []
[2020-04-28 18:19:52] generateOTP.INFO: test [] []
[2020-04-28 18:22:06] generateOTP.INFO: test [] []
[2020-04-28 18:22:06] generateOTP.INFO: test [] []
[2020-04-28 18:22:13] generateOTP.INFO: test [] []
[2020-04-28 18:22:16] generateOTP.INFO: test [] []
[2020-04-28 18:22:20] generateOTP.INFO: test [] []
[2020-04-28 18:23:06] generateOTP.INFO: test [] []
[2020-04-28 18:23:28] generateOTP.INFO: test [] []
[2020-04-28 18:24:45] generateOTP.INFO: test [] []
[2020-04-28 18:25:26] generateOTP.INFO: test [] []
[2020-04-28 18:26:10] generateOTP.INFO: test [] []
[2020-04-28 18:26:24] generateOTP.INFO: test [] []
[2020-04-28 18:26:42] generateOTP.INFO: test [] []
[2020-04-28 18:27:38] generateOTP.INFO: test [] []
[2020-04-28 18:28:21] generateOTP.INFO: test [] []
[2020-04-28 18:30:27] generateOTP.INFO: test [] []
[2020-04-28 18:30:37] generateOTP.INFO: test [] []
[2020-04-28 18:30:43] generateOTP.INFO: test [] []
[2020-04-28 18:30:48] generateOTP.INFO: test [] []
[2020-04-28 18:30:48] generateOTP.INFO: test [] []
[2020-04-28 18:30:49] generateOTP.INFO: test [] []
[2020-04-28 18:30:52] generateOTP.INFO: test [] []
[2020-04-28 18:33:30] generateOTP.INFO: test [] []
[2020-04-28 18:33:36] generateOTP.INFO: test [] []
[2020-04-28 18:33:38] generateOTP.INFO: test [] []
[2020-04-28 18:33:39] generateOTP.INFO: test [] []
[2020-04-28 18:33:40] generateOTP.INFO: test [] []
[2020-04-28 18:33:44] generateOTP.INFO: test [] []
[2020-04-28 18:33:44] generateOTP.INFO: test [] []
[2020-04-28 18:33:44] generateOTP.INFO: test [] []
[2020-04-28 18:33:44] generateOTP.INFO: test [] []
[2020-04-28 18:33:44] generateOTP.INFO: test [] []
[2020-04-28 18:33:44] generateOTP.INFO: test [] []
[2020-04-28 18:33:44] generateOTP.INFO: test [] []
[2020-04-28 18:33:44] generateOTP.INFO: test [] []
[2020-04-28 18:33:44] generateOTP.INFO: test [] []
[2020-04-28 18:33:44] generateOTP.INFO: test [] []
[2020-04-28 18:33:44] generateOTP.INFO: test [] []
[2020-04-28 18:33:45] generateOTP.INFO: test [] []
[2020-04-28 18:33:45] generateOTP.INFO: test [] []
[2020-04-28 18:34:04] generateOTP.INFO: test [] []
[2020-04-28 18:42:56] generateOTP.INFO: test [] []
[2020-04-28 18:42:58] generateOTP.INFO: test [] []
[2020-04-28 18:43:04] generateOTP.INFO: test [] []
[2020-04-28 18:43:17] generateOTP.INFO: test [] []
[2020-04-28 18:44:41] generateOTP.INFO: {"edit":"0","policy_no":"378","subtype_text":"1","sum_insure":"800000","familyConstruct":"1A","tenure":"1 Year","family_members_id":"0","family_gender":"Female","first_name":"yvjxf","middle_name":"Ghgvkj","last_name":"Vubjh","family_date_birth":"09-04-1986","age":"34","age_type":"years","family_id":"","s_date":"","marriage_date":"","premium":"5799","policyNo":"378","familyDataType":"family_construct","empId":"620331","product":"QBTv5db9151ad1c21","declare":"[]","abc":"2a+2k"} [] []
[2020-04-28 18:45:03] generateOTP.INFO: test [] []
[2020-04-28 18:47:05] documentsSave.INFO: {"ops_type":"[\"Enrollment form\",\"Cheque Copy\"]","ext0":"undefined","ext1":"undefined","ids":"209","update_datas":"undefined","emp_id":"620331"} [] []
[2020-04-28 18:47:05] documentsSaveFiles.INFO: [{"name":"IMG-20200428-WA0005.jpeg","type":"image\/jpeg","tmp_name":"\/tmp\/phpxJ84w6","error":0,"size":3137404},{"name":"IMG-20200428-WA0005.jpeg","type":"image\/jpeg","tmp_name":"\/tmp\/php5BrBwK","error":0,"size":3137404}] [] []
[2020-04-28 18:47:12] generateOTP.INFO: test [] []
[2020-04-28 18:48:27] generateOTP.INFO: test [] []
[2020-04-28 18:48:29] generateOTP.INFO: test [] []
[2020-04-28 18:52:45] generateOTP.INFO: test [] []
[2020-04-28 18:53:07] generateOTP.INFO: test [] []
[2020-04-28 18:53:07] generateOTP.INFO: test [] []
[2020-04-28 18:53:16] generateOTP.INFO: test [] []
[2020-04-28 18:53:20] generateOTP.INFO: test [] []
[2020-04-28 18:53:20] generateOTP.INFO: test [] []
[2020-04-28 18:53:25] generateOTP.INFO: test [] []
[2020-04-28 18:55:23] generateOTP.INFO: {"edit":"0","policy_no":"378","subtype_text":"1","sum_insure":"1000000","familyConstruct":"2A","tenure":"1 Year","family_members_id":"0","family_gender":"Female","first_name":"Dhanashree","middle_name":"VINAYAK","last_name":"Datir","family_date_birth":"16-04-1981","age":"39","age_type":"years","family_id":"","s_date":"","marriage_date":"","premium":"6899","policyNo":"378","familyDataType":"family_construct","empId":"620332","product":"QBTv5db9151ad1c21","declare":"[]","abc":"2a+2k"} [] []
[2020-04-28 18:55:45] generateOTP.INFO: {"edit":"0","policy_no":"378","subtype_text":"1","sum_insure":"1000000","familyConstruct":"2A","tenure":"1 Year","family_members_id":"1","family_gender":"Male","first_name":"Ppp","middle_name":"VINAYAK","last_name":"DATIR","family_date_birth":"28-04-1978","age":"42","age_type":"years","family_id":"","s_date":"","marriage_date":"","premium":"6899","policyNo":"378","familyDataType":"family_construct","empId":"620332","product":"QBTv5db9151ad1c21","declare":"[]","abc":"2a+2k"} [] []
[2020-04-28 18:57:06] documentsSave.INFO: {"ops_type":"[\"Enrollment form\",\"Cheque Copy\",\"Aadhar_Card\"]","ext0":"undefined","ext1":"undefined","ext2":"undefined","ids":"210","update_datas":"undefined","emp_id":"620332"} [] []
[2020-04-28 18:57:06] documentsSaveFiles.INFO: [{"name":"IMG-20200426-WA0051.jpg","type":"image\/jpeg","tmp_name":"\/tmp\/phpUxf3Rn","error":0,"size":94753},{"name":"IMG-20200426-WA0000.jpg","type":"image\/jpeg","tmp_name":"\/tmp\/php7P9Ox3","error":0,"size":90151},{"name":"IMG-20200428-WA0006.jpg","type":"image\/jpeg","tmp_name":"\/tmp\/phphCwnGJ","error":0,"size":137161}] [] []
[2020-04-28 18:57:11] generateOTP.INFO: test [] []
[2020-04-28 18:57:18] generateOTP.INFO: test [] []
[2020-04-28 18:57:19] generateOTP.INFO: test [] []
[2020-04-28 18:57:23] generateOTP.INFO: test [] []
[2020-04-28 18:57:39] generateOTP.INFO: {"edit":"0","policy_no":"378","subtype_text":"1","sum_insure":"800000","familyConstruct":"1A","tenure":"1 Year","family_members_id":"0","family_gender":"Female","first_name":"Vhhj","middle_name":"Bhhj","last_name":"Ghh","family_date_birth":"10-04-1998","age":"22","age_type":"years","family_id":"","s_date":"","marriage_date":"","premium":"5799","policyNo":"378","familyDataType":"family_construct","empId":"620333","product":"QBTv5db9151ad1c21","declare":"[]","abc":"2a+2k"} [] []
[2020-04-28 18:58:37] generateOTP.INFO: test [] []
[2020-04-28 18:58:48] generateOTP.INFO: test [] []
[2020-04-28 18:58:48] generateOTP.INFO: test [] []
[2020-04-28 18:58:53] generateOTP.INFO: test [] []
[2020-04-28 18:59:01] generateOTP.INFO: test [] []
[2020-04-28 18:59:09] generateOTP.INFO: test [] []
[2020-04-28 19:04:42] generateOTP.INFO: test [] []
[2020-04-28 19:05:16] documentsSave.INFO: {"ops_type":"[\"Cheque Copy\"]","ext0":"undefined","ids":"210","update_datas":"update","emp_id":"620332"} [] []
[2020-04-28 19:05:16] documentsSaveFiles.INFO: [{"name":"Screenshot_20200428-185812.jpg","type":"image\/jpeg","tmp_name":"\/tmp\/phpA730d9","error":0,"size":329689}] [] []
[2020-04-28 19:05:20] generateOTP.INFO: test [] []
[2020-04-28 19:05:26] generateOTP.INFO: test [] []
[2020-04-28 19:05:26] generateOTP.INFO: test [] []
[2020-04-28 19:05:35] generateOTP.INFO: test [] []
[2020-04-28 19:05:40] generateOTP.INFO: test [] []
[2020-04-28 19:05:40] generateOTP.INFO: test [] []
[2020-04-28 19:05:44] generateOTP.INFO: test [] []
[2020-04-28 19:05:50] generateOTP.INFO: test [] []
[2020-04-28 19:06:21] generateOTP.INFO: test [] []
[2020-04-28 19:06:30] generateOTP.INFO: test [] []
[2020-04-28 19:06:34] generateOTP.INFO: test [] []
[2020-04-28 19:06:39] generateOTP.INFO: test [] []
[2020-04-28 19:07:09] generateOTP.INFO: test [] []
[2020-04-28 19:08:17] generateOTP.INFO: test [] []
[2020-04-28 19:08:18] generateOTP.INFO: test [] []
[2020-04-28 19:08:24] generateOTP.INFO: test [] []
[2020-04-28 19:08:30] generateOTP.INFO: test [] []
[2020-04-28 19:08:30] generateOTP.INFO: test [] []
[2020-04-28 19:08:34] generateOTP.INFO: test [] []
[2020-04-28 19:09:43] generateOTP.INFO: test [] []
[2020-04-28 19:09:45] generateOTP.INFO: test [] []
[2020-04-28 19:09:45] generateOTP.INFO: test [] []
[2020-04-28 19:09:50] generateOTP.INFO: test [] []
[2020-04-28 19:10:15] generateOTP.INFO: test [] []
[2020-04-28 19:10:42] generateOTP.INFO: test [] []
[2020-04-28 19:11:09] generateOTP.INFO: test [] []
[2020-04-28 19:11:30] generateOTP.INFO: test [] []
[2020-04-28 19:13:15] generateOTP.INFO: test [] []
[2020-04-28 19:13:15] generateOTP.INFO: test [] []
[2020-04-28 19:13:33] generateOTP.INFO: test [] []
[2020-04-28 19:13:39] generateOTP.INFO: test [] []
[2020-04-28 19:13:39] generateOTP.INFO: test [] []
[2020-04-28 19:13:43] generateOTP.INFO: test [] []
[2020-04-28 19:13:46] generateOTP.INFO: test [] []
[2020-04-28 21:40:28] generateOTP.INFO: test [] []
[2020-04-28 21:42:48] generateOTP.INFO: test [] []
[2020-04-28 21:42:49] generateOTP.INFO: test [] []
