[2021-09-28 00:13:00] generateOTP.INFO: test [] []
[2021-09-28 01:57:03] generateOTP.INFO: test [] []
[2021-09-28 05:23:21] generateOTP.INFO: test [] []
[2021-09-28 07:30:17] generateOTP.INFO: test [] []
[2021-09-28 07:30:18] generateOTP.INFO: test [] []
[2021-09-28 07:30:18] generateOTP.INFO: test [] []
[2021-09-28 08:08:23] generateOTP.INFO: test [] []
[2021-09-28 09:42:06] generateOTP.INFO: test [] []
[2021-09-28 10:26:37] generateOTP.INFO: test [] []
[2021-09-28 11:01:16] generateOTP.INFO: test [] []
[2021-09-28 11:01:16] generateOTP.INFO: test [] []
[2021-09-28 11:01:17] generateOTP.INFO: test [] []
[2021-09-28 11:01:30] generateOTP.INFO: test [] []
[2021-09-28 11:01:47] generateOTP.INFO: test [] []
[2021-09-28 11:01:49] generateOTP.INFO: test [] []
[2021-09-28 11:01:49] generateOTP.INFO: test [] []
[2021-09-28 11:02:00] generateOTP.INFO: test [] []
[2021-09-28 11:02:09] generateOTP.INFO: test [] []
[2021-09-28 11:09:37] generateOTP.INFO: test [] []
[2021-09-28 11:13:43] generateOTP.INFO: test [] []
[2021-09-28 11:13:44] generateOTP.INFO: test [] []
[2021-09-28 11:13:55] generateOTP.INFO: test [] []
[2021-09-28 11:14:10] generateOTP.INFO: test [] []
[2021-09-28 11:27:22] generateOTP.INFO: test [] []
[2021-09-28 11:27:24] generateOTP.INFO: test [] []
[2021-09-28 11:42:28] generateOTP.INFO: test [] []
[2021-09-28 11:42:28] generateOTP.INFO: test [] []
[2021-09-28 11:42:35] generateOTP.INFO: test [] []
[2021-09-28 11:42:43] generateOTP.INFO: test [] []
[2021-09-28 11:42:51] generateOTP.INFO: test [] []
[2021-09-28 11:49:11] generateOTP.INFO: test [] []
[2021-09-28 12:21:33] generateOTP.INFO: test [] []
[2021-09-28 12:21:33] generateOTP.INFO: test [] []
[2021-09-28 12:21:55] generateOTP.INFO: test [] []
[2021-09-28 12:22:00] generateOTP.INFO: test [] []
[2021-09-28 12:30:29] generateOTP.INFO: test [] []
[2021-09-28 12:30:32] generateOTP.INFO: test [] []
[2021-09-28 12:38:35] generateOTP.INFO: test [] []
[2021-09-28 13:21:53] generateOTP.INFO: test [] []
[2021-09-28 13:21:53] generateOTP.INFO: test [] []
[2021-09-28 13:32:24] generateOTP.INFO: test [] []
[2021-09-28 13:32:35] generateOTP.INFO: test [] []
[2021-09-28 13:32:46] generateOTP.INFO: test [] []
[2021-09-28 13:33:36] generateOTP.INFO: test [] []
[2021-09-28 13:40:55] generateOTP.INFO: test [] []
[2021-09-28 14:09:48] generateOTP.INFO: test [] []
[2021-09-28 14:09:50] generateOTP.INFO: test [] []
[2021-09-28 14:10:03] generateOTP.INFO: test [] []
[2021-09-28 14:10:17] generateOTP.INFO: test [] []
[2021-09-28 14:23:01] generateOTP.INFO: test [] []
[2021-09-28 14:23:01] generateOTP.INFO: test [] []
[2021-09-28 14:23:02] generateOTP.INFO: test [] []
[2021-09-28 14:23:09] generateOTP.INFO: test [] []
[2021-09-28 14:23:19] generateOTP.INFO: test [] []
[2021-09-28 14:23:43] generateOTP.INFO: test [] []
[2021-09-28 14:23:50] generateOTP.INFO: test [] []
[2021-09-28 14:23:51] generateOTP.INFO: test [] []
[2021-09-28 14:23:52] generateOTP.INFO: test [] []
[2021-09-28 14:24:05] generateOTP.INFO: test [] []
[2021-09-28 14:24:12] generateOTP.INFO: test [] []
[2021-09-28 15:01:20] generateOTP.INFO: test [] []
[2021-09-28 15:01:21] generateOTP.INFO: test [] []
[2021-09-28 15:02:40] generateOTP.INFO: test [] []
[2021-09-28 15:04:09] generateOTP.INFO: test [] []
[2021-09-28 15:04:16] generateOTP.INFO: test [] []
[2021-09-28 15:04:58] generateOTP.INFO: test [] []
[2021-09-28 15:07:39] generateOTP.INFO: test [] []
[2021-09-28 15:08:37] generateOTP.INFO: test [] []
[2021-09-28 15:10:50] generateOTP.INFO: test [] []
[2021-09-28 15:12:11] generateOTP.INFO: test [] []
[2021-09-28 15:12:40] generateOTP.INFO: test [] []
[2021-09-28 15:15:35] generateOTP.INFO: test [] []
[2021-09-28 15:16:48] generateOTP.INFO: test [] []
[2021-09-28 15:16:48] generateOTP.INFO: test [] []
[2021-09-28 15:17:00] generateOTP.INFO: test [] []
[2021-09-28 15:17:19] generateOTP.INFO: test [] []
[2021-09-28 15:18:57] generateOTP.INFO: test [] []
[2021-09-28 15:19:04] generateOTP.INFO: test [] []
[2021-09-28 15:19:08] generateOTP.INFO: test [] []
[2021-09-28 15:19:33] generateOTP.INFO: test [] []
[2021-09-28 15:20:14] generateOTP.INFO: test [] []
[2021-09-28 15:21:45] generateOTP.INFO: test [] []
[2021-09-28 15:46:50] generateOTP.INFO: test [] []
[2021-09-28 15:49:27] generateOTP.INFO: test [] []
[2021-09-28 15:49:41] generateOTP.INFO: test [] []
[2021-09-28 16:00:23] generateOTP.INFO: test [] []
[2021-09-28 16:00:37] generateOTP.INFO: test [] []
[2021-09-28 16:02:31] generateOTP.INFO: test [] []
[2021-09-28 16:03:08] generateOTP.INFO: test [] []
[2021-09-28 16:04:11] generateOTP.INFO: test [] []
[2021-09-28 16:04:37] generateOTP.INFO: test [] []
[2021-09-28 16:12:43] generateOTP.INFO: test [] []
[2021-09-28 16:17:10] generateOTP.INFO: test [] []
[2021-09-28 16:17:27] generateOTP.INFO: test [] []
[2021-09-28 16:20:07] generateOTP.INFO: test [] []
[2021-09-28 16:20:22] generateOTP.INFO: test [] []
[2021-09-28 16:21:29] generateOTP.INFO: test [] []
[2021-09-28 16:23:18] generateOTP.INFO: test [] []
[2021-09-28 16:24:13] generateOTP.INFO: test [] []
[2021-09-28 16:26:38] generateOTP.INFO: test [] []
[2021-09-28 16:28:55] generateOTP.INFO: test [] []
[2021-09-28 16:29:20] generateOTP.INFO: test [] []
[2021-09-28 16:33:59] generateOTP.INFO: test [] []
[2021-09-28 16:34:43] generateOTP.INFO: test [] []
[2021-09-28 16:34:54] generateOTP.INFO: test [] []
[2021-09-28 16:35:07] generateOTP.INFO: test [] []
[2021-09-28 16:36:35] generateOTP.INFO: test [] []
[2021-09-28 16:37:26] generateOTP.INFO: test [] []
[2021-09-28 16:38:15] generateOTP.INFO: test [] []
[2021-09-28 16:39:27] generateOTP.INFO: test [] []
[2021-09-28 16:40:28] generateOTP.INFO: test [] []
[2021-09-28 16:41:21] generateOTP.INFO: test [] []
[2021-09-28 16:41:38] generateOTP.INFO: {"salutation":"1","firstname":"DASDASDP","lastname":"SADASD","dob":"02-09-2003","mob_no":"8888888888","panCard":"","email":"ww@rrrr.in","ref1":"0","ref2":"0","comAdd":"dwdeed","city":"Panvel","state":"MAHARASHTRA","pin_code":"410218","ISNRI":"N","update_emp_id":"QVdyMU5hSllRY2I4dDM2cWt3QXA4UT09","edit":"0","policy_no":"470","subtype_text":"1","sum_insure":"5000000","familyConstruct":"1A","occupation":"","anuual_income":"","family_members_id":"0","family_gender":"Male","first_name":"DASDASDP","last_name":"SADASD","family_date_birth":"02-09-2003","age":"18","age_type":" years","tenure":"1 Year","mem_mob":"8888888888","mem_email":"ww@rrrr.in","family_id":"","s_date":"","marriage_date":"","premium":"12199","policyNo":"470","familyDataType":"undefined","empId":"QVdyMU5hSllRY2I4dDM2cWt3QXA4UT09","product":"test123abc","declare":"[]","gender":"Male","gci_options":"undefined","gpa_options":"No","hidden_policy_id":"470","hidden_deductable":"0"} [] []
[2021-09-28 16:41:53] documentsSave.INFO: {"ops_type":"[]","ids":"3208"} [] []
[2021-09-28 16:41:53] documentsSaveFiles.INFO: [] [] []
[2021-09-28 16:42:03] generateOTP.INFO: test [] []
[2021-09-28 16:43:32] generateOTP.INFO: test [] []
[2021-09-28 16:43:45] full_quote_request1.INFO: {"ClientCreation":{"Member_Customer_ID":"1632826691GHIR11","salutation":"Mr","firstName":"DASDASDP","middleName":"","lastName":"SADASD","dateofBirth":"09\/02\/2003","gender":"M","educationalQualification":null,"pinCode":"410218","uidNo":"0","maritalStatus":null,"nationality":"Indian","occupation":"O553","primaryEmailID":"ww@rrrr.in","contactMobileNo":"8888888888","stdLandlineNo":null,"panNo":null,"passportNumber":null,"contactPerson":null,"annualIncome":null,"remarks":null,"startDate":"2021-09-28","endDate":null,"IdProof":null,"residenceProof":null,"ageProof":null,"others":null,"homeAddressLine1":"dwdeed","homeAddressLine2":null,"homeAddressLine3":null,"homePinCode":"410218","homeArea":null,"homeContactMobileNo":null,"homeContactMobileNo2":null,"homeSTDLandlineNo":null,"homeFaxNo":null,"sameAsHomeAddress":"1","mailingAddressLine1":null,"mailingAddressLine2":null,"mailingAddressLine3":null,"mailingPinCode":null,"mailingArea":null,"mailingContactMobileNo":null,"mailingContactMobileNo2":null,"mailingSTDLandlineNo":null,"mailingSTDLandlineNo2":null,"mailingFaxNo":null,"bankAccountType":null,"bankAccountNo":null,"ifscCode":null,"GSTIN":null,"GSTRegistrationStatus":"Consumers","IsEIAavailable":"0","ApplyEIA":"0","EIAAccountNo":null,"EIAWith":"0","AccountType":null,"AddressProof":null,"DOBProof":null,"IdentityProof":null},"PolicyCreationRequest":{"Quotation_Number":"","MasterPolicyNumber":"71-20-00045-00-00","GroupID":"GRP001","Product_Code":"4211","SumInsured_Type":null,"Policy_Tanure":"1","Member_Type_Code":"M209","intermediaryCode":null,"AutoRenewal":"0","AutoDebit":"0","intermediaryBranchCode":"10MHMUM01","agentSignatureDate":null,"Customer_Signature_Date":null,"businessSourceChannel":null,"AssignPolicy":"0","AssigneeName":null,"leadID":"SL1632826691","Source_Name":"AXIS_GHIEW_XL","SPID":"435345","TCN":null,"CRTNO":null,"RefCode1":"435345","RefCode2":"","Employee_Number":"627049","enumIsEmployeeDiscount":null,"QuoteDate":null,"IsPayment":"0","PaymentMode":null,"PolicyproductComponents":[{"PlanCode":"4211","SumInsured":"5000000","SchemeCode":"4112000003"}]},"MemObj":{"Member":[{"MemberNo":1,"Salutation":"Mr","First_Name":"DASDASDP","Middle_Name":null,"Last_Name":"SADASD","Gender":"M","DateOfBirth":"09\/02\/2003","Relation_Code":"R001","Marital_Status":null,"height":"0.00","weight":"0","occupation":"O553","PrimaryMember":"Y","MemberproductComponents":[{"PlanCode":"4211","MemberQuestionDetails":[{"QuestionCode":null,"Answer":null,"Remarks":null}]}],"MemberPED":[{"PEDCode":null,"Remarks":null}],"exactDiagnosis":null,"dateOfDiagnosis":null,"lastDateConsultation":null,"detailsOfTreatmentGiven":null,"doctorName":null,"hospitalName":null,"phoneNumberHosital":null,"Nominee_First_Name":"TETE","Nominee_Last_Name":"TETE","Nominee_Contact_Number":"7777777777","Nominee_Home_Address":null,"Nominee_Relationship_Code":"R002"}]},"ReceiptCreation":{"officeLocation":"","modeOfEntry":"","cdAcNo":null,"expiryDate":null,"payerType":"","payerCode":null,"paymentBy":"","paymentByName":null,"paymentByRelationship":null,"collectionAmount":"","collectionRcvdDate":null,"collectionMode":"","remarks":null,"instrumentNumber":null,"instrumentDate":null,"bankName":null,"branchName":null,"bankLocation":null,"micrNo":null,"chequeType":null,"ifscCode":"","PaymentGatewayName":"","TerminalID":"H6bzurUIQggI2Z","CardNo":null}} [] []
[2021-09-28 16:43:48] full_quote_reponse1.INFO: "<ns0:GHI_Res xmlns:ns0=\"http:\/\/ABHICL_NBP_QuickQuote_Schemas.GHI_Response\"><errorObj><ErrorNumber>999<\/ErrorNumber><ErrorMessage>Intermediary is mandatory<\/ErrorMessage><\/errorObj><policyDtls><TransactionReferenceNumber \/><QuotationNumber \/><CertificateNumber \/><LetterURL \/><ClientID \/><ProductName \/><ProductCode \/><LineOfBusiness \/><startDate \/><EndDate \/><PolicyNumber \/><ProposalNumber \/><PolicyStatus \/><Tenure \/><stpFlag \/><MemberCustomerID \/><\/policyDtls><premium><BasePremium \/><NetPremium \/><GST \/><GrossPremium \/><\/premium><receiptObj><ReceiptNumber \/><ReceiptAmount \/><ExcessAmount \/><\/receiptObj><\/ns0:GHI_Res>" [] []
[2021-09-28 16:43:51] generateOTP.INFO: test [] []
[2021-09-28 16:46:34] generateOTP.INFO: test [] []
[2021-09-28 16:46:34] generateOTP.INFO: test [] []
[2021-09-28 16:46:34] generateOTP.INFO: test [] []
[2021-09-28 16:50:06] generateOTP.INFO: test [] []
[2021-09-28 16:50:28] generateOTP.INFO: test [] []
[2021-09-28 16:51:11] generateOTP.INFO: test [] []
[2021-09-28 16:51:26] generateOTP.INFO: {"salutation":"1","firstname":"ertertet","lastname":"rtert","dob":"01-09-1993","mob_no":"7777777777","panCard":"","email":"yyy@ttt.in","ref1":"0","ref2":"0","comAdd":"test address","city":"Panvel","state":"MAHARASHTRA","pin_code":"410218","ISNRI":"N","update_emp_id":"TzF0WHREWHcvbTlwM2pEa1hTblE3QT09","edit":"0","policy_no":"470","subtype_text":"1","sum_insure":"5000000","familyConstruct":"1A","occupation":"","anuual_income":"","family_members_id":"0","family_gender":"Male","first_name":"ertertet","last_name":"rtert","family_date_birth":"01-09-1993","age":"28","age_type":" years","tenure":"1 Year","mem_mob":"7777777777","mem_email":"yyy@ttt.in","family_id":"","s_date":"","marriage_date":"","premium":"12199","policyNo":"470","familyDataType":"undefined","empId":"TzF0WHREWHcvbTlwM2pEa1hTblE3QT09","product":"test123abc","declare":"[]","gender":"Male","gci_options":"undefined","gpa_options":"No","hidden_policy_id":"470","hidden_deductable":"0"} [] []
[2021-09-28 16:51:41] documentsSave.INFO: {"ops_type":"[]","ids":"3209"} [] []
[2021-09-28 16:51:41] documentsSaveFiles.INFO: [] [] []
[2021-09-28 16:51:46] generateOTP.INFO: test [] []
[2021-09-28 16:52:28] generateOTP.INFO: test [] []
[2021-09-28 16:52:59] full_quote_request1.INFO: {"ClientCreation":{"Member_Customer_ID":"1632828059GHIR11","salutation":"Mr","firstName":"ertertet","middleName":"","lastName":"rtert","dateofBirth":"09\/01\/1993","gender":"M","educationalQualification":null,"pinCode":"410218","uidNo":"0","maritalStatus":null,"nationality":"Indian","occupation":"O553","primaryEmailID":"yyy@ttt.in","contactMobileNo":"7777777777","stdLandlineNo":null,"panNo":null,"passportNumber":null,"contactPerson":null,"annualIncome":null,"remarks":null,"startDate":"2021-09-28","endDate":null,"IdProof":null,"residenceProof":null,"ageProof":null,"others":null,"homeAddressLine1":"test address","homeAddressLine2":null,"homeAddressLine3":null,"homePinCode":"410218","homeArea":null,"homeContactMobileNo":null,"homeContactMobileNo2":null,"homeSTDLandlineNo":null,"homeFaxNo":null,"sameAsHomeAddress":"1","mailingAddressLine1":null,"mailingAddressLine2":null,"mailingAddressLine3":null,"mailingPinCode":null,"mailingArea":null,"mailingContactMobileNo":null,"mailingContactMobileNo2":null,"mailingSTDLandlineNo":null,"mailingSTDLandlineNo2":null,"mailingFaxNo":null,"bankAccountType":null,"bankAccountNo":null,"ifscCode":null,"GSTIN":null,"GSTRegistrationStatus":"Consumers","IsEIAavailable":"0","ApplyEIA":"0","EIAAccountNo":null,"EIAWith":"0","AccountType":null,"AddressProof":null,"DOBProof":null,"IdentityProof":null},"PolicyCreationRequest":{"Quotation_Number":"","MasterPolicyNumber":"71-20-00045-00-00","GroupID":"GRP001","Product_Code":"4211","SumInsured_Type":null,"Policy_Tanure":"1","Member_Type_Code":"M209","intermediaryCode":null,"AutoRenewal":"0","AutoDebit":"0","intermediaryBranchCode":"10MHMUM01","agentSignatureDate":null,"Customer_Signature_Date":null,"businessSourceChannel":null,"AssignPolicy":"0","AssigneeName":null,"leadID":"SL1632828059","Source_Name":"AXIS_GHIEW_XL","SPID":"435345","TCN":null,"CRTNO":null,"RefCode1":"435345","RefCode2":"","Employee_Number":"627050","enumIsEmployeeDiscount":null,"QuoteDate":null,"IsPayment":"0","PaymentMode":null,"PolicyproductComponents":[{"PlanCode":"4211","SumInsured":"5000000","SchemeCode":"4112000003"}]},"MemObj":{"Member":[{"MemberNo":1,"Salutation":"Mr","First_Name":"ertertet","Middle_Name":null,"Last_Name":"rtert","Gender":"M","DateOfBirth":"09\/01\/1993","Relation_Code":"R001","Marital_Status":null,"height":"0.00","weight":"0","occupation":"O553","PrimaryMember":"Y","MemberproductComponents":[{"PlanCode":"4211","MemberQuestionDetails":[{"QuestionCode":null,"Answer":null,"Remarks":null}]}],"MemberPED":[{"PEDCode":null,"Remarks":null}],"exactDiagnosis":null,"dateOfDiagnosis":null,"lastDateConsultation":null,"detailsOfTreatmentGiven":null,"doctorName":null,"hospitalName":null,"phoneNumberHosital":null,"Nominee_First_Name":"TETE","Nominee_Last_Name":"TETE","Nominee_Contact_Number":"7777777777","Nominee_Home_Address":null,"Nominee_Relationship_Code":"R002"}]},"ReceiptCreation":{"officeLocation":"","modeOfEntry":"","cdAcNo":null,"expiryDate":null,"payerType":"","payerCode":null,"paymentBy":"","paymentByName":null,"paymentByRelationship":null,"collectionAmount":"","collectionRcvdDate":null,"collectionMode":"","remarks":null,"instrumentNumber":null,"instrumentDate":null,"bankName":null,"branchName":null,"bankLocation":null,"micrNo":null,"chequeType":null,"ifscCode":"","PaymentGatewayName":"","TerminalID":"H6bzurUIQggI2Z","CardNo":null}} [] []
[2021-09-28 16:53:01] full_quote_reponse1.INFO: "<ns0:GHI_Res xmlns:ns0=\"http:\/\/ABHICL_NBP_QuickQuote_Schemas.GHI_Response\"><errorObj><ErrorNumber>999<\/ErrorNumber><ErrorMessage>Intermediary is mandatory<\/ErrorMessage><\/errorObj><policyDtls><TransactionReferenceNumber \/><QuotationNumber \/><CertificateNumber \/><LetterURL \/><ClientID \/><ProductName \/><ProductCode \/><LineOfBusiness \/><startDate \/><EndDate \/><PolicyNumber \/><ProposalNumber \/><PolicyStatus \/><Tenure \/><stpFlag \/><MemberCustomerID \/><\/policyDtls><premium><BasePremium \/><NetPremium \/><GST \/><GrossPremium \/><\/premium><receiptObj><ReceiptNumber \/><ReceiptAmount \/><ExcessAmount \/><\/receiptObj><\/ns0:GHI_Res>" [] []
[2021-09-28 16:53:04] generateOTP.INFO: test [] []
[2021-09-28 16:55:25] generateOTP.INFO: test [] []
[2021-09-28 16:55:39] generateOTP.INFO: test [] []
[2021-09-28 16:56:20] generateOTP.INFO: test [] []
[2021-09-28 16:56:34] generateOTP.INFO: {"salutation":"1","firstname":"TTTffff","lastname":"YYYYYYY","dob":"01-09-1992","mob_no":"7777777777","panCard":"","email":"yyy@ttt.in","ref1":"0","ref2":"0","comAdd":"test address","city":"Panvel","state":"MAHARASHTRA","pin_code":"410218","ISNRI":"N","update_emp_id":"TnhPM2NxNDN4WEw0VWordTA3QWpqdz09","edit":"0","policy_no":"470","subtype_text":"1","sum_insure":"5000000","familyConstruct":"1A","occupation":"","anuual_income":"","family_members_id":"0","family_gender":"Male","first_name":"TTTffff","last_name":"YYYYYYY","family_date_birth":"01-09-1992","age":"29","age_type":" years","tenure":"1 Year","mem_mob":"7777777777","mem_email":"yyy@ttt.in","family_id":"","s_date":"","marriage_date":"","premium":"12199","policyNo":"470","familyDataType":"undefined","empId":"TnhPM2NxNDN4WEw0VWordTA3QWpqdz09","product":"test123abc","declare":"[]","gender":"Male","gci_options":"undefined","gpa_options":"No","hidden_policy_id":"470","hidden_deductable":"0"} [] []
[2021-09-28 17:01:20] generateOTP.INFO: test [] []
[2021-09-28 17:01:35] generateOTP.INFO: test [] []
[2021-09-28 17:02:15] generateOTP.INFO: test [] []
[2021-09-28 17:02:33] generateOTP.INFO: {"salutation":"1","firstname":"rgdgf","lastname":"fdgdfg","dob":"01-09-2003","mob_no":"8989999999","panCard":"","email":"tttt@tttt.in","ref1":"0","ref2":"0","comAdd":"wewe","city":"Panvel","state":"MAHARASHTRA","pin_code":"410218","ISNRI":"N","update_emp_id":"RDdlaTdELytVcjFaZ0E3S1RvS3FNdz09","edit":"0","policy_no":"470","subtype_text":"1","sum_insure":"5000000","familyConstruct":"1A","occupation":"","anuual_income":"","family_members_id":"0","family_gender":"Male","first_name":"rgdgf","last_name":"fdgdfg","family_date_birth":"01-09-2003","age":"18","age_type":" years","tenure":"1 Year","mem_mob":"8989999999","mem_email":"tttt@tttt.in","family_id":"","s_date":"","marriage_date":"","premium":"12199","policyNo":"470","familyDataType":"undefined","empId":"RDdlaTdELytVcjFaZ0E3S1RvS3FNdz09","product":"test123abc","declare":"[]","gender":"Male","gci_options":"undefined","gpa_options":"No","hidden_policy_id":"470","hidden_deductable":"0"} [] []
[2021-09-28 17:02:48] documentsSave.INFO: {"ops_type":"[]","ids":"3211"} [] []
[2021-09-28 17:02:48] documentsSaveFiles.INFO: [] [] []
[2021-09-28 17:02:52] generateOTP.INFO: test [] []
[2021-09-28 17:03:39] generateOTP.INFO: test [] []
[2021-09-28 17:04:02] full_quote_request1.INFO: {"ClientCreation":{"Member_Customer_ID":"1632828722GHIR11","salutation":"Mr","firstName":"rgdgf","middleName":"","lastName":"fdgdfg","dateofBirth":"09\/01\/2003","gender":"M","educationalQualification":null,"pinCode":"410218","uidNo":"0","maritalStatus":null,"nationality":"Indian","occupation":"O553","primaryEmailID":"tttt@tttt.in","contactMobileNo":"8989999999","stdLandlineNo":null,"panNo":null,"passportNumber":null,"contactPerson":null,"annualIncome":null,"remarks":null,"startDate":"2021-09-28","endDate":null,"IdProof":null,"residenceProof":null,"ageProof":null,"others":null,"homeAddressLine1":"wewe","homeAddressLine2":null,"homeAddressLine3":null,"homePinCode":"410218","homeArea":null,"homeContactMobileNo":null,"homeContactMobileNo2":null,"homeSTDLandlineNo":null,"homeFaxNo":null,"sameAsHomeAddress":"1","mailingAddressLine1":null,"mailingAddressLine2":null,"mailingAddressLine3":null,"mailingPinCode":null,"mailingArea":null,"mailingContactMobileNo":null,"mailingContactMobileNo2":null,"mailingSTDLandlineNo":null,"mailingSTDLandlineNo2":null,"mailingFaxNo":null,"bankAccountType":null,"bankAccountNo":null,"ifscCode":null,"GSTIN":null,"GSTRegistrationStatus":"Consumers","IsEIAavailable":"0","ApplyEIA":"0","EIAAccountNo":null,"EIAWith":"0","AccountType":null,"AddressProof":null,"DOBProof":null,"IdentityProof":null},"PolicyCreationRequest":{"Quotation_Number":"","MasterPolicyNumber":"71-20-00045-00-00","GroupID":"GRP001","Product_Code":"4211","SumInsured_Type":null,"Policy_Tanure":"1","Member_Type_Code":"M209","intermediaryCode":"2111573","AutoRenewal":"0","AutoDebit":"0","intermediaryBranchCode":"10MHMUM01","agentSignatureDate":null,"Customer_Signature_Date":null,"businessSourceChannel":null,"AssignPolicy":"0","AssigneeName":null,"leadID":"SL1632828722","Source_Name":"AXIS_GHIEW_XL","SPID":"435345","TCN":null,"CRTNO":null,"RefCode1":"435345","RefCode2":"","Employee_Number":"627052","enumIsEmployeeDiscount":null,"QuoteDate":null,"IsPayment":"0","PaymentMode":null,"PolicyproductComponents":[{"PlanCode":"4211","SumInsured":"5000000","SchemeCode":"4112000003"}]},"MemObj":{"Member":[{"MemberNo":1,"Salutation":"Mr","First_Name":"rgdgf","Middle_Name":null,"Last_Name":"fdgdfg","Gender":"M","DateOfBirth":"09\/01\/2003","Relation_Code":"R001","Marital_Status":null,"height":"0.00","weight":"0","occupation":"O553","PrimaryMember":"Y","MemberproductComponents":[{"PlanCode":"4211","MemberQuestionDetails":[{"QuestionCode":null,"Answer":null,"Remarks":null}]}],"MemberPED":[{"PEDCode":null,"Remarks":null}],"exactDiagnosis":null,"dateOfDiagnosis":null,"lastDateConsultation":null,"detailsOfTreatmentGiven":null,"doctorName":null,"hospitalName":null,"phoneNumberHosital":null,"Nominee_First_Name":"TETE","Nominee_Last_Name":"TETE","Nominee_Contact_Number":"8845454545","Nominee_Home_Address":null,"Nominee_Relationship_Code":"R002"}]},"ReceiptCreation":{"officeLocation":"","modeOfEntry":"","cdAcNo":null,"expiryDate":null,"payerType":"","payerCode":null,"paymentBy":"","paymentByName":null,"paymentByRelationship":null,"collectionAmount":"","collectionRcvdDate":null,"collectionMode":"","remarks":null,"instrumentNumber":null,"instrumentDate":null,"bankName":null,"branchName":null,"bankLocation":null,"micrNo":null,"chequeType":null,"ifscCode":"","PaymentGatewayName":"","TerminalID":"H6bzurUIQggI2Z","CardNo":null}} [] []
[2021-09-28 17:04:09] full_quote_reponse1.INFO: "<ns0:GHI_Res xmlns:ns0=\"http:\/\/ABHICL_NBP_QuickQuote_Schemas.GHI_Response\"><errorObj><ErrorNumber>00<\/ErrorNumber><ErrorMessage>Success<\/ErrorMessage><\/errorObj><policyDtls><TransactionReferenceNumber><\/TransactionReferenceNumber><QuotationNumber>XL100882002<\/QuotationNumber><CertificateNumber><\/CertificateNumber><LetterURL><\/LetterURL><ClientID><\/ClientID><ProductName>Group Activ Health<\/ProductName><ProductCode>4211<\/ProductCode><LineOfBusiness>42<\/LineOfBusiness><startDate><\/startDate><EndDate><\/EndDate><PolicyNumber>71-20-00045-00-00<\/PolicyNumber><ProposalNumber><\/ProposalNumber><PolicyStatus>PQ1<\/PolicyStatus><Tenure>1<\/Tenure><stpFlag>0<\/stpFlag><MemberCustomerID>1632828722GHIR11<\/MemberCustomerID><\/policyDtls><premium><BasePremium>10338.00<\/BasePremium><NetPremium>10338.00<\/NetPremium><GST>1860.84<\/GST><GrossPremium>12199.00<\/GrossPremium><\/premium><receiptObj><ReceiptNumber \/><ReceiptAmount \/><ExcessAmount \/><\/receiptObj><\/ns0:GHI_Res>" [] []
[2021-09-28 17:04:32] full_quote_request2.INFO: {"ClientCreation":{"Member_Customer_ID":"1632828722GHIR11","salutation":"Mr","firstName":"rgdgf","middleName":"","lastName":"fdgdfg","dateofBirth":"09\/01\/2003","gender":"M","educationalQualification":null,"pinCode":"410218","uidNo":"0","maritalStatus":null,"nationality":"Indian","occupation":"O553","primaryEmailID":"tttt@tttt.in","contactMobileNo":"8989999999","stdLandlineNo":null,"panNo":null,"passportNumber":null,"contactPerson":null,"annualIncome":null,"remarks":null,"startDate":"2021-09-28","endDate":null,"IdProof":"Adhaar Card","residenceProof":null,"ageProof":null,"others":null,"homeAddressLine1":"wewe","homeAddressLine2":null,"homeAddressLine3":null,"homePinCode":"410218","homeArea":null,"homeContactMobileNo":null,"homeContactMobileNo2":null,"homeSTDLandlineNo":null,"homeFaxNo":null,"sameAsHomeAddress":"1","mailingAddressLine1":null,"mailingAddressLine2":null,"mailingAddressLine3":null,"mailingPinCode":null,"mailingArea":null,"mailingContactMobileNo":null,"mailingContactMobileNo2":null,"mailingSTDLandlineNo":null,"mailingSTDLandlineNo2":null,"mailingFaxNo":null,"bankAccountType":null,"bankAccountNo":null,"ifscCode":null,"GSTIN":null,"GSTRegistrationStatus":"Consumers","IsEIAavailable":"0","ApplyEIA":"0","EIAAccountNo":null,"EIAWith":"0","AccountType":null,"AddressProof":null,"DOBProof":null,"IdentityProof":null},"PolicyCreationRequest":{"Quotation_Number":"XL100882002","MasterPolicyNumber":"71-20-00045-00-00","GroupID":"GRP001","Product_Code":"4211","SumInsured_Type":null,"Policy_Tanure":"1","Member_Type_Code":"M209","intermediaryCode":"2111573","AutoRenewal":"0","AutoDebit":"0","intermediaryBranchCode":"10MHMUM01","agentSignatureDate":null,"Customer_Signature_Date":null,"businessSourceChannel":null,"AssignPolicy":"0","AssigneeName":null,"leadID":"SL1632828722","Source_Name":"AXIS_GHIEW_XL","SPID":"435345","TCN":null,"CRTNO":null,"RefCode1":"435345","RefCode2":"","Employee_Number":"627052","enumIsEmployeeDiscount":null,"QuoteDate":null,"IsPayment":"1","PaymentMode":null,"PolicyproductComponents":[{"PlanCode":"4211","SumInsured":"5000000","SchemeCode":"4112000003"}]},"MemObj":{"Member":[{"MemberNo":1,"Salutation":"Mr","First_Name":"rgdgf","Middle_Name":null,"Last_Name":"fdgdfg","Gender":"M","DateOfBirth":"09\/01\/2003","Relation_Code":"R001","Marital_Status":null,"height":"0.00","weight":"0","occupation":"O553","PrimaryMember":"Y","MemberproductComponents":[{"PlanCode":"4211","MemberQuestionDetails":[{"QuestionCode":null,"Answer":null,"Remarks":null}]}],"MemberPED":[{"PEDCode":null,"Remarks":null}],"exactDiagnosis":null,"dateOfDiagnosis":null,"lastDateConsultation":null,"detailsOfTreatmentGiven":null,"doctorName":null,"hospitalName":null,"phoneNumberHosital":null,"Nominee_First_Name":"TETE","Nominee_Last_Name":"TETE","Nominee_Contact_Number":"8845454545","Nominee_Home_Address":null,"Nominee_Relationship_Code":"R002"}]},"ReceiptCreation":{"officeLocation":"Mumbai","modeOfEntry":"Direct","cdAcNo":null,"expiryDate":null,"payerType":"Customer","payerCode":null,"paymentBy":"Customer","paymentByName":null,"paymentByRelationship":null,"collectionAmount":12199,"collectionRcvdDate":"2021-09-28","collectionMode":"online","remarks":null,"instrumentNumber":"pay_I2s11kogzyUsfp","instrumentDate":"2021-09-28","bankName":"Axis Bank Ltd","branchName":"","bankLocation":null,"micrNo":null,"chequeType":null,"ifscCode":"","PaymentGatewayName":"AXIS_GHIEW_XL","TerminalID":"H6bzurUIQggI2Z","CardNo":null},"CombiCreation":{"Combi_flag":"0","Combi_identifier":"leadid","Combi_value":"SL1632828722","Combi_code":"AXIS_GHIEW_XL","Combi_Count":1,"Combi_product_count":1}} [] []
[2021-09-28 17:04:40] full_quote_reponse2.INFO: "<ns0:GHI_Res xmlns:ns0=\"http:\/\/ABHICL_NBP_QuickQuote_Schemas.GHI_Response\"><errorObj><ErrorNumber>00<\/ErrorNumber><ErrorMessage>Success<\/ErrorMessage><\/errorObj><policyDtls><TransactionReferenceNumber><\/TransactionReferenceNumber><QuotationNumber>XL100882002<\/QuotationNumber><CertificateNumber>GHI-XL-21-2000400<\/CertificateNumber><LetterURL>https:\/\/abpb.adityabirlahealth.com\/hbletter\/viewletter.aspx?ABH=1024302&amp;TRM=GHI-XL-21-2000400<\/LetterURL><ClientID>0001533737<\/ClientID><ProductName>Group Activ Health<\/ProductName><ProductCode>4211<\/ProductCode><LineOfBusiness>42<\/LineOfBusiness><startDate>9\/28\/2021 12:00:00 AM<\/startDate><EndDate>9\/27\/2022 11:59:00 PM<\/EndDate><PolicyNumber>71-20-00045-00-00<\/PolicyNumber><ProposalNumber>XL100882002<\/ProposalNumber><PolicyStatus>IF<\/PolicyStatus><Tenure>1<\/Tenure><stpFlag>0<\/stpFlag><MemberCustomerID>1632828722GHIR11<\/MemberCustomerID><\/policyDtls><premium><BasePremium>10338.00<\/BasePremium><NetPremium>10338.00<\/NetPremium><GST>1860.84<\/GST><GrossPremium>12199.00<\/GrossPremium><\/premium><receiptObj><ReceiptNumber>R70152724<\/ReceiptNumber><ReceiptAmount>12199.00<\/ReceiptAmount><ExcessAmount>0.00<\/ExcessAmount><\/receiptObj><\/ns0:GHI_Res>" [] []
[2021-09-28 17:04:40] api_insert.INFO: {"emp_id":"627052","proposal_id":"3211","member_fr_id":0,"client_id":"0001533737","certificate_number":"GHI-XL-21-2000400","quotation_no":"XL100882002","proposal_no":"XL100882002","policy_no":"71-20-00045-00-00","gross_premium":"12199.00","status":"Success","start_date":"9\/28\/2021 12:00:00 AM","end_date":"9\/27\/2022 11:59:00 PM","created_date":"2021-09-28 17:04:40","proposal_no_lead":"P-1712145057598392","PolicyStatus":"IF","letter_url":"https:\/\/abpb.adityabirlahealth.com\/hbletter\/viewletter.aspx?ABH=1024302&TRM=GHI-XL-21-2000400","CustomerID":"1632828722GHIR11","MemberCustomerID":"1632828722GHIR11","create_policy_type":0,"ReceiptNumber":"R70152724"} [] []
[2021-09-28 17:04:43] generateOTP.INFO: test [] []
[2021-09-28 17:33:51] generateOTP.INFO: test [] []
[2021-09-28 18:36:45] generateOTP.INFO: test [] []
[2021-09-28 18:37:04] generateOTP.INFO: test [] []
[2021-09-28 18:38:25] generateOTP.INFO: test [] []
[2021-09-28 18:39:11] generateOTP.INFO: test [] []
[2021-09-28 18:41:35] generateOTP.INFO: test [] []
[2021-09-28 18:42:41] generateOTP.INFO: test [] []
[2021-09-28 20:58:40] generateOTP.INFO: test [] []
[2021-09-28 20:58:40] generateOTP.INFO: test [] []
[2021-09-28 22:51:09] generateOTP.INFO: test [] []
