[2020-12-28 10:43:11] generateOTP.INFO: test [] []
[2020-12-28 10:43:13] generateOTP.INFO: test [] []
[2020-12-28 10:43:31] generateOTP.INFO: test [] []
[2020-12-28 10:44:06] generateOTP.INFO: test [] []
[2020-12-28 10:52:12] generateOTP.INFO: test [] []
[2020-12-28 10:54:24] generateOTP.INFO: test [] []
[2020-12-28 10:56:35] generateOTP.INFO: test [] []
[2020-12-28 10:57:01] generateOTP.INFO: test [] []
[2020-12-28 10:57:43] generateOTP.INFO: test [] []
[2020-12-28 10:58:41] generateOTP.INFO: test [] []
[2020-12-28 11:11:27] generateOTP.INFO: test [] []
[2020-12-28 11:11:27] generateOTP.INFO: test [] []
[2020-12-28 11:11:28] generateOTP.INFO: test [] []
[2020-12-28 11:11:42] generateOTP.INFO: test [] []
[2020-12-28 11:12:14] generateOTP.INFO: test [] []
[2020-12-28 11:23:59] generateOTP.INFO: test [] []
[2020-12-28 11:25:17] generateOTP.INFO: test [] []
[2020-12-28 11:31:22] generateOTP.INFO: test [] []
[2020-12-28 11:33:18] generateOTP.INFO: test [] []
[2020-12-28 11:35:35] generateOTP.INFO: test [] []
[2020-12-28 11:37:30] generateOTP.INFO: test [] []
[2020-12-28 11:45:43] generateOTP.INFO: test [] []
[2020-12-28 11:45:49] generateOTP.INFO: test [] []
[2020-12-28 13:08:29] generateOTP.INFO: test [] []
[2020-12-28 13:08:30] generateOTP.INFO: test [] []
[2020-12-28 13:08:38] generateOTP.INFO: test [] []
[2020-12-28 13:23:56] generateOTP.INFO: test [] []
[2020-12-28 13:23:57] generateOTP.INFO: test [] []
[2020-12-28 13:50:49] generateOTP.INFO: test [] []
[2020-12-28 13:50:50] generateOTP.INFO: test [] []
[2020-12-28 13:51:16] generateOTP.INFO: test [] []
[2020-12-28 14:17:29] generateOTP.INFO: test [] []
[2020-12-28 14:19:04] generateOTP.INFO: test [] []
[2020-12-28 14:20:09] generateOTP.INFO: test [] []
[2020-12-28 14:23:59] generateOTP.INFO: test [] []
[2020-12-28 14:36:22] generateOTP.INFO: test [] []
[2020-12-28 14:36:57] generateOTP.INFO: test [] []
[2020-12-28 14:37:44] generateOTP.INFO: test [] []
[2020-12-28 14:38:46] generateOTP.INFO: test [] []
[2020-12-28 14:39:03] generateOTP.INFO: test [] []
[2020-12-28 14:39:56] generateOTP.INFO: test [] []
[2020-12-28 14:39:57] generateOTP.INFO: test [] []
[2020-12-28 14:40:03] generateOTP.INFO: test [] []
[2020-12-28 14:40:34] generateOTP.INFO: test [] []
[2020-12-28 14:53:32] generateOTP.INFO: test [] []
[2020-12-28 14:53:32] generateOTP.INFO: test [] []
[2020-12-28 14:53:33] generateOTP.INFO: test [] []
[2020-12-28 14:53:46] generateOTP.INFO: test [] []
[2020-12-28 14:54:10] generateOTP.INFO: test [] []
[2020-12-28 16:13:15] generateOTP.INFO: test [] []
[2020-12-28 16:39:35] generateOTP.INFO: test [] []
[2020-12-28 16:40:28] generateOTP.INFO: test [] []
[2020-12-28 16:40:57] generateOTP.INFO: test [] []
[2020-12-28 16:43:11] generateOTP.INFO: test [] []
[2020-12-28 16:43:50] generateOTP.INFO: test [] []
[2020-12-28 16:49:36] generateOTP.INFO: test [] []
[2020-12-28 16:49:46] generateOTP.INFO: test [] []
[2020-12-28 16:49:51] generateOTP.INFO: test [] []
[2020-12-28 16:50:41] generateOTP.INFO: test [] []
[2020-12-28 16:50:56] generateOTP.INFO: test [] []
[2020-12-28 16:53:45] generateOTP.INFO: test [] []
[2020-12-28 16:54:35] generateOTP.INFO: test [] []
[2020-12-28 16:56:52] generateOTP.INFO: test [] []
[2020-12-28 16:56:53] generateOTP.INFO: test [] []
[2020-12-28 16:56:59] generateOTP.INFO: test [] []
[2020-12-28 16:57:40] generateOTP.INFO: test [] []
[2020-12-28 16:59:07] generateOTP.INFO: test [] []
[2020-12-28 17:00:04] generateOTP.INFO: test [] []
[2020-12-28 17:02:18] generateOTP.INFO: test [] []
[2020-12-28 17:02:25] generateOTP.INFO: test [] []
[2020-12-28 17:03:01] generateOTP.INFO: test [] []
[2020-12-28 17:04:31] generateOTP.INFO: test [] []
[2020-12-28 17:04:42] generateOTP.INFO: test [] []
[2020-12-28 17:08:29] generateOTP.INFO: test [] []
[2020-12-28 17:08:30] generateOTP.INFO: test [] []
[2020-12-28 17:08:38] generateOTP.INFO: test [] []
[2020-12-28 17:08:59] generateOTP.INFO: test [] []
[2020-12-28 17:10:06] generateOTP.INFO: test [] []
[2020-12-28 17:10:10] generateOTP.INFO: test [] []
[2020-12-28 17:11:32] generateOTP.INFO: test [] []
[2020-12-28 17:11:46] generateOTP.INFO: test [] []
[2020-12-28 17:13:34] generateOTP.INFO: test [] []
[2020-12-28 17:13:52] generateOTP.INFO: test [] []
[2020-12-28 17:14:51] generateOTP.INFO: test [] []
[2020-12-28 17:15:09] generateOTP.INFO: test [] []
[2020-12-28 17:15:41] generateOTP.INFO: test [] []
[2020-12-28 17:15:56] generateOTP.INFO: test [] []
[2020-12-28 17:19:46] generateOTP.INFO: test [] []
[2020-12-28 17:19:46] generateOTP.INFO: test [] []
[2020-12-28 17:19:48] generateOTP.INFO: test [] []
[2020-12-28 17:19:56] generateOTP.INFO: test [] []
[2020-12-28 17:20:08] generateOTP.INFO: test [] []
[2020-12-28 17:20:23] generateOTP.INFO: test [] []
[2020-12-28 17:21:03] generateOTP.INFO: test [] []
[2020-12-28 17:21:26] generateOTP.INFO: test [] []
[2020-12-28 17:21:56] generateOTP.INFO: test [] []
[2020-12-28 17:22:43] generateOTP.INFO: test [] []
[2020-12-28 17:23:20] generateOTP.INFO: test [] []
[2020-12-28 17:24:37] generateOTP.INFO: test [] []
[2020-12-28 17:27:15] generateOTP.INFO: test [] []
[2020-12-28 17:27:21] generateOTP.INFO: test [] []
[2020-12-28 17:27:24] generateOTP.INFO: test [] []
[2020-12-28 17:27:40] generateOTP.INFO: test [] []
[2020-12-28 17:27:49] generateOTP.INFO: test [] []
[2020-12-28 17:27:58] generateOTP.INFO: test [] []
[2020-12-28 17:28:51] generateOTP.INFO: test [] []
[2020-12-28 17:32:04] generateOTP.INFO: test [] []
[2020-12-28 17:32:24] generateOTP.INFO: test [] []
[2020-12-28 17:35:06] generateOTP.INFO: test [] []
[2020-12-28 17:36:32] generateOTP.INFO: test [] []
[2020-12-28 17:36:46] generateOTP.INFO: {"salutation":"1","firstname":"test","lastname":"BANKING","dob":"19-12-1988","mob_no":"7010444138","panCard":"XXXXXX456A","email":"jack@gmail.com","ref1":"1","ref2":"1","comAdd":"Om hrad ntalatiof, holOmshre, talathioficeeachol, OmshreeSada9talathi","city":"MUMBAI","state":"MAHARASHTRA","pin_code":"622103","ISNRI":"N","update_emp_id":"624108","edit":"0","policy_no":"454,455","subtype_text":"1","sum_insure":"1500000","anuual_income":"900000","occupation":"5","familyConstruct":"2A","family_members_id":"0","family_gender":"Male","first_name":"test","last_name":"BANKING","family_date_birth":"19-12-1988","age":"32","age_type":" years","tenure":"1 Year","family_id":"","s_date":"","marriage_date":"","premium":"17500","policyNo":"454,455","familyDataType":"undefined","empId":"624108","product":"RMxC5efb5c5a320e7","declare":"[]","gender":"Male","gci_options":"Yes"} [] []
[2020-12-28 17:37:04] generateOTP.INFO: {"salutation":"1","firstname":"test","lastname":"BANKING","dob":"19-12-1988","mob_no":"7010444138","panCard":"XXXXXX456A","email":"jack@gmail.com","ref1":"1","ref2":"1","comAdd":"Om hrad ntalatiof, holOmshre, talathioficeeachol, OmshreeSada9talathi","city":"MUMBAI","state":"MAHARASHTRA","pin_code":"622103","ISNRI":"N","update_emp_id":"624108","edit":"0","policy_no":"454,455","subtype_text":"1","sum_insure":"1500000","anuual_income":"900000","occupation":"5","familyConstruct":"2A","family_members_id":"1","family_gender":"Female","first_name":"test","last_name":"spouse","family_date_birth":"06-12-1990","age":"30","age_type":" years","tenure":"1 Year","family_id":"","s_date":"","marriage_date":"","premium":"17500","policyNo":"454,455","familyDataType":"undefined","empId":"624108","product":"RMxC5efb5c5a320e7","declare":"[]","gender":"Male","gci_options":"Yes"} [] []
[2020-12-28 17:37:43] generateOTP.INFO: test [] []
[2020-12-28 17:37:44] generateOTP.INFO: test [] []
[2020-12-28 17:37:50] generateOTP.INFO: test [] []
[2020-12-28 17:38:14] generateOTP.INFO: test [] []
[2020-12-28 17:39:18] documentsSave.INFO: {"ops_type":"[\"0\",\"Y\"]","ids":"669,670,671"} [] []
[2020-12-28 17:39:18] documentsSaveFiles.INFO: [{"name":"download.png","type":"image\/png","tmp_name":"\/tmp\/phpk7EUpx","error":0,"size":57862},{"name":"download.png","type":"image\/png","tmp_name":"\/tmp\/phpDstDvE","error":0,"size":57862}] [] []
[2020-12-28 17:39:30] generateOTP.INFO: test [] []
[2020-12-28 17:39:36] generateOTP.INFO: test [] []
[2020-12-28 17:40:29] generateOTP.INFO: test [] []
[2020-12-28 18:04:02] generateOTP.INFO: test [] []
[2020-12-28 18:04:03] generateOTP.INFO: test [] []
[2020-12-28 18:04:03] generateOTP.INFO: test [] []
[2020-12-28 18:04:04] generateOTP.INFO: test [] []
[2020-12-28 18:04:04] generateOTP.INFO: test [] []
[2020-12-28 18:04:04] generateOTP.INFO: test [] []
[2020-12-28 18:04:04] generateOTP.INFO: test [] []
[2020-12-28 18:04:04] generateOTP.INFO: test [] []
[2020-12-28 18:04:05] generateOTP.INFO: test [] []
[2020-12-28 18:04:46] generateOTP.INFO: test [] []
[2020-12-28 18:05:36] generateOTP.INFO: test [] []
[2020-12-28 18:05:49] generateOTP.INFO: test [] []
[2020-12-28 18:06:43] generateOTP.INFO: {"salutation":"1","firstname":"test","lastname":"BANKING","dob":"19-12-1988","mob_no":"7010444138","panCard":"XXXXXX456A","email":"jack@gmail.com","ref1":"1","ref2":"1","comAdd":"Om hrad ntalatiof, holOmshre, talathioficeeachol, OmshreeSada9talathi","city":"MUMBAI","state":"MAHARASHTRA","pin_code":"622103","ISNRI":"N","update_emp_id":"624110","edit":"0","policy_no":"454,455","subtype_text":"1","sum_insure":"500000","anuual_income":"","occupation":"1","familyConstruct":"2A","family_members_id":"0","family_gender":"Male","first_name":"test","last_name":"BANKING","family_date_birth":"19-12-1988","age":"32","age_type":" years","tenure":"1 Year","family_id":"","s_date":"","marriage_date":"","premium":"11500","policyNo":"454,455","familyDataType":"undefined","empId":"624110","product":"RMxC5efb5c5a320e7","declare":"[]","gender":"Male","gci_options":"Yes"} [] []
[2020-12-28 18:07:05] generateOTP.INFO: {"salutation":"1","firstname":"test","lastname":"BANKING","dob":"19-12-1988","mob_no":"7010444138","panCard":"XXXXXX456A","email":"jack@gmail.com","ref1":"1","ref2":"1","comAdd":"Om hrad ntalatiof, holOmshre, talathioficeeachol, OmshreeSada9talathi","city":"MUMBAI","state":"MAHARASHTRA","pin_code":"622103","ISNRI":"N","update_emp_id":"624110","edit":"0","policy_no":"454,455","subtype_text":"1","sum_insure":"500000","anuual_income":"","occupation":"1","familyConstruct":"2A","family_members_id":"1","family_gender":"Female","first_name":"test","last_name":"spouse","family_date_birth":"03-12-1992","age":"28","age_type":" years","tenure":"1 Year","family_id":"","s_date":"","marriage_date":"","premium":"11500","policyNo":"454,455","familyDataType":"undefined","empId":"624110","product":"RMxC5efb5c5a320e7","declare":"[]","gender":"Male","gci_options":"Yes"} [] []
[2020-12-28 18:07:37] documentsSave.INFO: {"ops_type":"[\"0\",\"Y\"]","ids":"672,673,674"} [] []
[2020-12-28 18:07:37] documentsSaveFiles.INFO: [{"name":"download.png","type":"image\/png","tmp_name":"\/tmp\/phpfJkwHM","error":0,"size":57862},{"name":"download.png","type":"image\/png","tmp_name":"\/tmp\/phpY4qwyD","error":0,"size":57862}] [] []
[2020-12-28 18:07:49] generateOTP.INFO: test [] []
[2020-12-28 18:08:43] generateOTP.INFO: test [] []
[2020-12-28 18:09:11] generateOTP.INFO: test [] []
[2020-12-28 18:16:09] generateOTP.INFO: test [] []
[2020-12-28 19:03:51] generateOTP.INFO: test [] []
[2020-12-28 19:03:53] generateOTP.INFO: test [] []
[2020-12-28 19:04:16] generateOTP.INFO: test [] []
[2020-12-28 19:04:57] generateOTP.INFO: test [] []
[2020-12-28 19:06:13] generateOTP.INFO: test [] []
[2020-12-28 19:12:29] generateOTP.INFO: test [] []
[2020-12-28 19:13:42] generateOTP.INFO: test [] []
[2020-12-28 19:14:00] generateOTP.INFO: test [] []
[2020-12-28 19:15:37] easy_pay_enquiry_post_field.INFO: {"Identifier":"93FA083AD8EE3C7AEFEAD69B8DB0E9FC6614C79BA541CFDC785427736840D60A60BD8EFBE61E6A3CF0F83EF93875E8D74698D75CF40C4B32F35796D5B8C932E4","RequestUUID":"ABCD1133213","LeadId":"2020122804","RequestDatetime":"2019-06-17 18:42:00","CorporateCode":"ACC0123456"} [] []
[2020-12-28 19:15:49] easy_pay_enquiry_post_field.INFO: {"Identifier":"93FA083AD8EE3C7AEFEAD69B8DB0E9FC6614C79BA541CFDC785427736840D60A60BD8EFBE61E6A3CF0F83EF93875E8D74698D75CF40C4B32F35796D5B8C932E4","RequestUUID":"ABCD1133213","LeadId":"2020122804","RequestDatetime":"2019-06-17 18:42:00","CorporateCode":"ACC0123456"} [] []
[2020-12-28 19:16:15] easy_pay_enquiry_post_field.INFO: {"Identifier":"6D22BCDB1E85A6FF350430ACA1485D014CB9B9B4E2090DB4B162B1C4969F4B482D46A7469D2C96B4C9B06CD6D0DCEACF54DAD3D63B6B44E61CF71B37973E99A3","RequestUUID":"ABCD1133213","LeadId":"2020122804","RequestDatetime":"2019-06-17 18:42:00","CorporateCode":"ACC0123456"} [] []
[2020-12-28 19:17:25] easy_pay_confirmation_post_field.INFO: {"Identifier":"9859BD8DB9A4CC2827602F96E5975E4CFBCE27B2B3269A70C39601946322085813D5F717DD702084CD33490BE3EB6FBC2108AC881C3E5696C688A510397975BB","RequestUUID":"ABCD1133213","LeadId":"2020122804","RequestDateTime":"2019-06-17 23:59:59","TransactionNo":"SDF234234","TransatonAmount":"15500","ChequeDate":"","Status":"1","CorporateCode":"ACC0123456","PaymentFlag":"000","MICRNumber":"23424323","InstrumentNo":"23423423423","BankName":"","BranchName":"","IFSCCode":"","ChequeType":"","AccountNumber":"9170100000000329","EasyPayId":"260618000044","ProductName":"Axis Health Pro","AdditionalEasyPayId":"","AdditionalField1":"","AdditionalField2":"","AdditionalField3":"","AdditionalField4":"","PaymentType":"FP"} [] []
[2020-12-28 19:17:28] full_quote_request1.INFO: {"ClientCreation":{"Member_Customer_ID":"2020122804GHI","salutation":"Mr","firstName":"test","middleName":"","lastName":"BANKING","dateofBirth":"12\/19\/1988","gender":"M","educationalQualification":null,"pinCode":"622103","uidNo":"5478-2589-3688","maritalStatus":null,"nationality":"Indian","occupation":"O553","primaryEmailID":"jack@gmail.com","contactMobileNo":"7010444138","stdLandlineNo":null,"panNo":null,"passportNumber":null,"contactPerson":null,"annualIncome":null,"remarks":null,"startDate":"2020-12-28","endDate":null,"IdProof":"Adhaar Card","residenceProof":null,"ageProof":null,"others":null,"homeAddressLine1":"Om hrad ntalatiof, holOmshre, talathioficeeachol, OmshreeSada9talathi","homeAddressLine2":null,"homeAddressLine3":null,"homePinCode":"622103","homeArea":null,"homeContactMobileNo":null,"homeContactMobileNo2":null,"homeSTDLandlineNo":null,"homeFaxNo":null,"sameAsHomeAddress":"1","mailingAddressLine1":null,"mailingAddressLine2":null,"mailingAddressLine3":null,"mailingPinCode":null,"mailingArea":null,"mailingContactMobileNo":null,"mailingContactMobileNo2":null,"mailingSTDLandlineNo":null,"mailingSTDLandlineNo2":null,"mailingFaxNo":null,"bankAccountType":null,"bankAccountNo":null,"ifscCode":null,"GSTIN":null,"GSTRegistrationStatus":"Consumers","IsEIAavailable":"0","ApplyEIA":"0","EIAAccountNo":null,"EIAWith":"0","AccountType":null,"AddressProof":null,"DOBProof":null,"IdentityProof":null},"PolicyCreationRequest":{"Quotation_Number":"","MasterPolicyNumber":"61-20-00026-00-00","GroupID":"GRP006","Product_Code":"4211","SumInsured_Type":null,"Policy_Tanure":"1","Member_Type_Code":"M209","intermediaryCode":"2106233","AutoRenewal":"Y","intermediaryBranchCode":"10MHMUM01","agentSignatureDate":null,"Customer_Signature_Date":null,"businessSourceChannel":null,"AssignPolicy":"0","AssigneeName":null,"leadID":"2020122804","Source_Name":"AXIS_COMBI_EW","SPID":"1","TCN":null,"CRTNO":null,"RefCode1":"1","RefCode2":"2478","Employee_Number":"624110","enumIsEmployeeDiscount":null,"QuoteDate":null,"IsPayment":"0","PaymentMode":null,"PolicyproductComponents":[{"PlanCode":"4211","SumInsured":"500000","SchemeCode":"4112000003"}]},"MemObj":{"Member":[{"MemberNo":1,"Salutation":"Mr","First_Name":"test","Middle_Name":null,"Last_Name":"BANKING","Gender":"M","DateOfBirth":"12\/19\/1988","Relation_Code":"R001","Marital_Status":null,"height":"0.00","weight":"0","occupation":"O553","PrimaryMember":"Y","MemberproductComponents":[{"PlanCode":"4211","MemberQuestionDetails":[{"QuestionCode":null,"Answer":null,"Remarks":null}]}],"MemberPED":[{"PEDCode":null,"Remarks":null}],"exactDiagnosis":null,"dateOfDiagnosis":null,"lastDateConsultation":null,"detailsOfTreatmentGiven":null,"doctorName":null,"hospitalName":null,"phoneNumberHosital":null,"Nominee_First_Name":"test","Nominee_Last_Name":"spouse","Nominee_Contact_Number":"9999999999","Nominee_Home_Address":null,"Nominee_Relationship_Code":"R002"},{"MemberNo":2,"Salutation":"Mrs","First_Name":"test","Middle_Name":null,"Last_Name":"spouse","Gender":"F","DateOfBirth":"12\/03\/1992","Relation_Code":"R002","Marital_Status":null,"height":"0.00","weight":"0","occupation":"O553","PrimaryMember":"N","MemberproductComponents":[{"PlanCode":"4211","MemberQuestionDetails":[{"QuestionCode":null,"Answer":null,"Remarks":null}]}],"MemberPED":[{"PEDCode":null,"Remarks":null}],"exactDiagnosis":null,"dateOfDiagnosis":null,"lastDateConsultation":null,"detailsOfTreatmentGiven":null,"doctorName":null,"hospitalName":null,"phoneNumberHosital":null,"Nominee_First_Name":"test","Nominee_Last_Name":"spouse","Nominee_Contact_Number":"9999999999","Nominee_Home_Address":null,"Nominee_Relationship_Code":"R002"}]},"ReceiptCreation":{"officeLocation":"","modeOfEntry":"","cdAcNo":null,"expiryDate":null,"payerType":"","payerCode":null,"paymentBy":"","paymentByName":null,"paymentByRelationship":null,"collectionAmount":"","collectionRcvdDate":null,"collectionMode":"","remarks":null,"instrumentNumber":null,"instrumentDate":null,"bankName":null,"branchName":null,"bankLocation":null,"micrNo":null,"chequeType":null,"ifscCode":"","PaymentGatewayName":"","TerminalID":"","CardNo":null}} [] []
[2020-12-28 19:17:29] full_quote_reponse1.INFO: "" [] []
[2020-12-28 19:17:47] easy_pay_confirmation_post_field.INFO: {"Identifier":"9859BD8DB9A4CC2827602F96E5975E4CFBCE27B2B3269A70C39601946322085813D5F717DD702084CD33490BE3EB6FBC2108AC881C3E5696C688A510397975BB","RequestUUID":"ABCD1133213","LeadId":"2020122804","RequestDateTime":"2019-06-17 23:59:59","TransactionNo":"SDF234234","TransatonAmount":"15500","ChequeDate":"","Status":"1","CorporateCode":"ACC0123456","PaymentFlag":"000","MICRNumber":"23424323","InstrumentNo":"23423423423","BankName":"","BranchName":"","IFSCCode":"","ChequeType":"","AccountNumber":"9170100000000329","EasyPayId":"260618000044","ProductName":"Axis Health Pro","AdditionalEasyPayId":"","AdditionalField1":"","AdditionalField2":"","AdditionalField3":"","AdditionalField4":"","PaymentType":"FP"} [] []
[2020-12-28 19:18:12] generateOTP.INFO: test [] []
[2020-12-28 19:19:10] generateOTP.INFO: test [] []
[2020-12-28 19:19:14] generateOTP.INFO: test [] []
[2020-12-28 20:05:54] generateOTP.INFO: test [] []
[2020-12-28 20:06:19] generateOTP.INFO: test [] []
[2020-12-28 20:06:19] generateOTP.INFO: test [] []
[2020-12-28 20:06:19] generateOTP.INFO: test [] []
[2020-12-28 20:07:12] generateOTP.INFO: test [] []
[2020-12-28 20:09:39] generateOTP.INFO: {"salutation":"1","firstname":"test","lastname":"BANKING","dob":"19-12-1988","mob_no":"7010444138","panCard":"XXXXXX456A","email":"jack@gmail.com","ref1":"1","ref2":"1","comAdd":"Om hrad ntalatiof, holOmshre, talathioficeeachol, OmshreeSada9talathi","city":"MUMBAI","state":"MAHARASHTRA","pin_code":"622103","ISNRI":"N","update_emp_id":"624112","edit":"0","policy_no":"454,455","subtype_text":"1","sum_insure":"500000","anuual_income":"","occupation":"1","familyConstruct":"2A","family_members_id":"0","family_gender":"Male","first_name":"test","last_name":"BANKING","family_date_birth":"19-12-1988","age":"32","age_type":" years","tenure":"1 Year","family_id":"","s_date":"","marriage_date":"","premium":"11500","policyNo":"454,455","familyDataType":"undefined","empId":"624112","product":"RMxC5efb5c5a320e7","declare":"[]","gender":"Male","gci_options":"Yes"} [] []
[2020-12-28 20:09:50] generateOTP.INFO: {"salutation":"1","firstname":"test","lastname":"BANKING","dob":"19-12-1988","mob_no":"7010444138","panCard":"XXXXXX456A","email":"jack@gmail.com","ref1":"1","ref2":"1","comAdd":"Om hrad ntalatiof, holOmshre, talathioficeeachol, OmshreeSada9talathi","city":"MUMBAI","state":"MAHARASHTRA","pin_code":"622103","ISNRI":"N","update_emp_id":"624112","edit":"0","policy_no":"454,455","subtype_text":"1","sum_insure":"500000","anuual_income":"","occupation":"1","familyConstruct":"2A","family_members_id":"0","family_gender":"Male","first_name":"test","last_name":"BANKING","family_date_birth":"19-12-1988","age":"32","age_type":" years","tenure":"1 Year","family_id":"","s_date":"","marriage_date":"","premium":"11500","policyNo":"454,455","familyDataType":"undefined","empId":"624112","product":"RMxC5efb5c5a320e7","declare":"[]","gender":"Male","gci_options":"Yes"} [] []
[2020-12-28 20:11:16] generateOTP.INFO: {"salutation":"1","firstname":"test","lastname":"BANKING","dob":"19-12-1988","mob_no":"7010444138","panCard":"XXXXXX456A","email":"jack@gmail.com","ref1":"1","ref2":"1","comAdd":"Om hrad ntalatiof, holOmshre, talathioficeeachol, OmshreeSada9talathi","city":"MUMBAI","state":"MAHARASHTRA","pin_code":"622103","ISNRI":"N","update_emp_id":"624112","edit":"0","policy_no":"454,455","subtype_text":"1","sum_insure":"500000","anuual_income":"","occupation":"1","familyConstruct":"2A","family_members_id":"1","family_gender":"Female","first_name":"test","last_name":"spouse","family_date_birth":"01-12-1978","age":"42","age_type":" years","tenure":"1 Year","family_id":"","s_date":"","marriage_date":"","premium":"11500","policyNo":"454,455","familyDataType":"undefined","empId":"624112","product":"RMxC5efb5c5a320e7","declare":"[]","gender":"Male","gci_options":"Yes"} [] []
[2020-12-28 20:11:35] generateOTP.INFO: {"salutation":"1","firstname":"test","lastname":"BANKING","dob":"19-12-1988","mob_no":"7010444138","panCard":"XXXXXX456A","email":"jack@gmail.com","ref1":"1","ref2":"1","comAdd":"Om hrad ntalatiof, holOmshre, talathioficeeachol, OmshreeSada9talathi","city":"MUMBAI","state":"MAHARASHTRA","pin_code":"622103","ISNRI":"N","update_emp_id":"624112","edit":"0","policy_no":"454,455","subtype_text":"1","sum_insure":"500000","anuual_income":"","occupation":"1","familyConstruct":"2A","family_members_id":"1","family_gender":"Female","first_name":"test","last_name":"spouse","family_date_birth":"01-12-1978","age":"42","age_type":" years","tenure":"1 Year","family_id":"","s_date":"","marriage_date":"","premium":"11500","policyNo":"454,455","familyDataType":"undefined","empId":"624112","product":"RMxC5efb5c5a320e7","declare":"[]","gender":"Male","gci_options":"Yes"} [] []
[2020-12-28 20:13:34] documentsSave.INFO: {"ops_type":"[]","ids":"675,676,677"} [] []
[2020-12-28 20:13:34] documentsSaveFiles.INFO: [] [] []
[2020-12-28 20:13:39] generateOTP.INFO: test [] []
