[2020-01-29 11:20:15] generateOTP.INFO: test [] []
[2020-01-29 11:20:16] generateOTP.INFO: test [] []
[2020-01-29 11:20:17] generateOTP.INFO: test [] []
[2020-01-29 11:20:25] generateOTP.INFO: test [] []
[2020-01-29 11:20:25] generateOTP.INFO: test [] []
[2020-01-29 11:20:25] generateOTP.INFO: test [] []
[2020-01-29 11:20:28] generateOTP.INFO: test [] []
[2020-01-29 11:28:20] generateOTP.INFO: test [] []
[2020-01-29 11:36:14] generateOTP.INFO: test [] []
[2020-01-29 11:36:14] generateOTP.INFO: test [] []
[2020-01-29 11:36:14] generateOTP.INFO: test [] []
[2020-01-29 11:37:28] generateOTP.INFO: test [] []
[2020-01-29 11:37:28] generateOTP.INFO: test [] []
[2020-01-29 11:37:28] generateOTP.INFO: test [] []
[2020-01-29 11:42:46] generateOTP.INFO: test [] []
[2020-01-29 11:42:49] generateOTP.INFO: test [] []
[2020-01-29 11:42:52] generateOTP.INFO: test [] []
[2020-01-29 11:42:59] generateOTP.INFO: test [] []
[2020-01-29 11:43:03] generateOTP.INFO: test [] []
[2020-01-29 11:43:16] generateOTP.INFO: test [] []
[2020-01-29 11:43:16] generateOTP.INFO: test [] []
[2020-01-29 11:43:16] generateOTP.INFO: test [] []
[2020-01-29 11:45:17] generateOTP.INFO: test [] []
[2020-01-29 11:45:17] generateOTP.INFO: test [] []
[2020-01-29 11:45:17] generateOTP.INFO: test [] []
[2020-01-29 11:52:49] generateOTP.INFO: test [] []
[2020-01-29 11:52:50] generateOTP.INFO: test [] []
[2020-01-29 11:52:50] generateOTP.INFO: test [] []
[2020-01-29 11:55:42] generateOTP.INFO: test [] []
[2020-01-29 11:55:42] generateOTP.INFO: test [] []
[2020-01-29 11:55:42] generateOTP.INFO: test [] []
[2020-01-29 11:55:52] generateOTP.INFO: test [] []
[2020-01-29 11:55:52] generateOTP.INFO: test [] []
[2020-01-29 11:55:52] generateOTP.INFO: test [] []
[2020-01-29 11:56:12] generateOTP.INFO: test [] []
[2020-01-29 11:56:12] generateOTP.INFO: test [] []
[2020-01-29 11:56:12] generateOTP.INFO: test [] []
[2020-01-29 12:01:03] generateOTP.INFO: test [] []
[2020-01-29 12:01:09] generateOTP.INFO: test [] []
[2020-01-29 12:02:11] generateOTP.INFO: test [] []
[2020-01-29 12:02:11] generateOTP.INFO: test [] []
[2020-01-29 12:02:12] generateOTP.INFO: test [] []
[2020-01-29 12:05:20] generateOTP.INFO: test [] []
[2020-01-29 12:05:20] generateOTP.INFO: test [] []
[2020-01-29 12:05:22] generateOTP.INFO: test [] []
[2020-01-29 12:05:31] documentsSave.INFO: {"ops_type":"[]","ids":"","update_datas":"undefined"} [] []
[2020-01-29 12:05:31] documentsSaveFiles.INFO: [] [] []
[2020-01-29 12:05:39] generateOTP.INFO: test [] []
[2020-01-29 12:05:39] generateOTP.INFO: test [] []
[2020-01-29 12:05:39] generateOTP.INFO: test [] []
[2020-01-29 12:05:47] generateOTP.INFO: test [] []
[2020-01-29 12:05:47] generateOTP.INFO: test [] []
[2020-01-29 12:05:47] generateOTP.INFO: test [] []
[2020-01-29 12:05:59] documentsSave.INFO: {"ops_type":"[]","ids":"","update_datas":"undefined"} [] []
[2020-01-29 12:05:59] documentsSaveFiles.INFO: [] [] []
[2020-01-29 12:06:04] generateOTP.INFO: test [] []
[2020-01-29 12:06:04] generateOTP.INFO: test [] []
[2020-01-29 12:06:04] generateOTP.INFO: test [] []
[2020-01-29 12:07:07] generateOTP.INFO: test [] []
[2020-01-29 12:07:08] generateOTP.INFO: test [] []
[2020-01-29 12:07:08] generateOTP.INFO: test [] []
[2020-01-29 12:12:41] generateOTP.INFO: {"edit":"0","policy_no":"378","subtype_text":"1","sum_insure":"800000","familyConstruct":"1A","tenure":"1 Year","family_members_id":"0","family_gender":"Male","first_name":"fh","middle_name":"ghfg","last_name":"hg","family_date_birth":"15-01-2002","age":"18","age_type":"years","family_id":"","s_date":"","marriage_date":"","premium_parent":"","contri_parent":"","premium":"5799","policyNo":"378","familyDataType":"undefined","empId":"619994","product":"QBTv5db9151ad1c21","declare":"[]"} [] []
[2020-01-29 12:14:36] documentsSave.INFO: {"ops_type":"[\"Enrollment form\",\"Cheque Copy\",\"1\"]","ext0":"undefined","ext1":"undefined","ext2":"undefined","ids":"114","update_datas":"undefined"} [] []
[2020-01-29 12:14:36] documentsSaveFiles.INFO: [{"name":"Chrysanthemum.jpg","type":"image\/jpeg","tmp_name":"\/tmp\/phpTzPsm0","error":0,"size":879394},{"name":"Penguins.jpg","type":"image\/jpeg","tmp_name":"\/tmp\/phppZiRWr","error":0,"size":777835},{"name":"Tulips.jpg","type":"image\/jpeg","tmp_name":"\/tmp\/phpgVKigW","error":0,"size":620888}] [] []
[2020-01-29 12:15:05] generateOTP.INFO: test [] []
[2020-01-29 12:15:05] generateOTP.INFO: test [] []
[2020-01-29 12:15:05] generateOTP.INFO: test [] []
[2020-01-29 12:17:11] generateOTP.INFO: {"edit":"0","policy_no":"378","subtype_text":"1","sum_insure":"800000","familyConstruct":"1A","tenure":"1 Year","family_members_id":"0","family_gender":"Male","first_name":"fg","middle_name":"fgg","last_name":"dfh","family_date_birth":"23-01-2002","age":"18","age_type":"years","family_id":"","s_date":"","marriage_date":"","premium_parent":"","contri_parent":"","premium":"5799","policyNo":"378","familyDataType":"undefined","empId":"619995","product":"QBTv5db9151ad1c21","declare":"[]"} [] []
[2020-01-29 12:17:16] documentsSave.INFO: {"ops_type":"[\"Enrollment form\",\"Cheque Copy\",\"1\"]","ext0":"undefined","ext1":"undefined","ext2":"undefined","ids":"115","update_datas":"undefined"} [] []
[2020-01-29 12:17:16] documentsSaveFiles.INFO: [{"name":"Hydrangeas.jpg","type":"image\/jpeg","tmp_name":"\/tmp\/phpY4Io7L","error":0,"size":595284},{"name":"Tulips.jpg","type":"image\/jpeg","tmp_name":"\/tmp\/phpKTpukY","error":0,"size":620888},{"name":"Penguins.jpg","type":"image\/jpeg","tmp_name":"\/tmp\/php02IXcc","error":0,"size":777835}] [] []
[2020-01-29 12:18:57] generateOTP.INFO: test [] []
[2020-01-29 12:18:57] generateOTP.INFO: test [] []
[2020-01-29 12:18:57] generateOTP.INFO: test [] []
[2020-01-29 12:19:15] generateOTP.INFO: test [] []
[2020-01-29 12:19:15] generateOTP.INFO: test [] []
[2020-01-29 12:19:15] generateOTP.INFO: test [] []
[2020-01-29 12:19:53] generateOTP.INFO: {"edit":"0","policy_no":"378","subtype_text":"1","sum_insure":"800000","familyConstruct":"1A","tenure":"1 Year","family_members_id":"0","family_gender":"Male","first_name":"fxdg","middle_name":"sdg","last_name":"gsdg","family_date_birth":"29-01-2002","age":"18","age_type":"years","family_id":"","s_date":"","marriage_date":"","premium_parent":"","contri_parent":"","premium":"5799","policyNo":"378","familyDataType":"undefined","empId":"619996","product":"QBTv5db9151ad1c21","declare":"[]"} [] []
[2020-01-29 12:20:59] documentsSave.INFO: {"ops_type":"[\"Enrollment form\",\"Cheque Copy\",\"1\"]","ext0":"undefined","ext1":"undefined","ext2":"undefined","ids":"116","update_datas":"undefined"} [] []
[2020-01-29 12:20:59] documentsSaveFiles.INFO: [{"name":"Penguins.jpg","type":"image\/jpeg","tmp_name":"\/tmp\/phprrWasU","error":0,"size":777835},{"name":"Tulips.jpg","type":"image\/jpeg","tmp_name":"\/tmp\/phpI6za2f","error":0,"size":620888},{"name":"Chrysanthemum.jpg","type":"image\/jpeg","tmp_name":"\/tmp\/phpVt4i3C","error":0,"size":879394}] [] []
[2020-01-29 12:21:24] generateOTP.INFO: test [] []
[2020-01-29 12:21:24] generateOTP.INFO: test [] []
[2020-01-29 12:21:24] generateOTP.INFO: test [] []
[2020-01-29 12:22:05] generateOTP.INFO: {"edit":"0","policy_no":"378","subtype_text":"1","sum_insure":"800000","familyConstruct":"1A","tenure":"1 Year","family_members_id":"0","family_gender":"Male","first_name":"fg","middle_name":"hfg","last_name":"jdg","family_date_birth":"16-01-2002","age":"18","age_type":"years","family_id":"","s_date":"","marriage_date":"","premium_parent":"","contri_parent":"","premium":"5799","policyNo":"378","familyDataType":"undefined","empId":"619997","product":"QBTv5db9151ad1c21","declare":"[]"} [] []
[2020-01-29 12:22:48] documentsSave.INFO: {"ops_type":"[\"Enrollment form\",\"Cheque Copy\",\"1\"]","ext0":"undefined","ext1":"undefined","ext2":"undefined","ids":"117","update_datas":"undefined"} [] []
[2020-01-29 12:22:48] documentsSaveFiles.INFO: [{"name":"Desert.jpg","type":"image\/jpeg","tmp_name":"\/tmp\/phpdQrRSQ","error":0,"size":845941},{"name":"Tulips.jpg","type":"image\/jpeg","tmp_name":"\/tmp\/phpEOTJE8","error":0,"size":620888},{"name":"Penguins.jpg","type":"image\/jpeg","tmp_name":"\/tmp\/php17yHct","error":0,"size":777835}] [] []
[2020-01-29 12:24:28] generateOTP.INFO: test [] []
[2020-01-29 12:24:28] generateOTP.INFO: test [] []
[2020-01-29 12:24:28] generateOTP.INFO: test [] []
[2020-01-29 12:25:13] generateOTP.INFO: {"edit":"0","policy_no":"378","subtype_text":"1","sum_insure":"800000","familyConstruct":"1A","tenure":"1 Year","family_members_id":"0","family_gender":"Male","first_name":"cfg","middle_name":"jf","last_name":"jjdfg","family_date_birth":"29-01-2002","age":"18","age_type":"years","family_id":"","s_date":"","marriage_date":"","premium_parent":"","contri_parent":"","premium":"5799","policyNo":"378","familyDataType":"undefined","empId":"619998","product":"QBTv5db9151ad1c21","declare":"[]"} [] []
[2020-01-29 12:26:29] documentsSave.INFO: {"ops_type":"[\"Enrollment form\",\"Cheque Copy\",\"2\"]","ext0":"undefined","ext1":"undefined","ext2":"undefined","ids":"118","update_datas":"undefined"} [] []
[2020-01-29 12:26:29] documentsSaveFiles.INFO: [{"name":"Hydrangeas.jpg","type":"image\/jpeg","tmp_name":"\/tmp\/php07fj5U","error":0,"size":595284},{"name":"Tulips.jpg","type":"image\/jpeg","tmp_name":"\/tmp\/phpgcLyDf","error":0,"size":620888},{"name":"Penguins.jpg","type":"image\/jpeg","tmp_name":"\/tmp\/phpljj51B","error":0,"size":777835}] [] []
[2020-01-29 12:29:33] generateOTP.INFO: test [] []
[2020-01-29 12:29:37] generateOTP.INFO: test [] []
[2020-01-29 12:29:37] generateOTP.INFO: test [] []
[2020-01-29 12:29:37] generateOTP.INFO: test [] []
[2020-01-29 12:30:19] generateOTP.INFO: {"edit":"0","policy_no":"378","subtype_text":"1","sum_insure":"800000","familyConstruct":"1A","tenure":"1 Year","family_members_id":"0","family_gender":"Male","first_name":"gzdf","middle_name":"gdfh","last_name":"fdh","family_date_birth":"23-01-2002","age":"18","age_type":"years","family_id":"","s_date":"","marriage_date":"","premium_parent":"","contri_parent":"","premium":"5799","policyNo":"378","familyDataType":"undefined","empId":"619999","product":"QBTv5db9151ad1c21","declare":"[]"} [] []
[2020-01-29 12:31:10] documentsSave.INFO: {"ops_type":"[\"Enrollment form\",\"Cheque Copy\",\"1\"]","ext0":"undefined","ext1":"undefined","ext2":"undefined","ids":"119","update_datas":"undefined"} [] []
[2020-01-29 12:31:10] documentsSaveFiles.INFO: [{"name":"Desert.jpg","type":"image\/jpeg","tmp_name":"\/tmp\/phpE6XqUe","error":0,"size":845941},{"name":"Tulips.jpg","type":"image\/jpeg","tmp_name":"\/tmp\/phpfHZg7U","error":0,"size":620888},{"name":"Lighthouse.jpg","type":"image\/jpeg","tmp_name":"\/tmp\/php0q43LC","error":0,"size":561276}] [] []
[2020-01-29 12:35:31] generateOTP.INFO: test [] []
[2020-01-29 12:35:32] generateOTP.INFO: test [] []
[2020-01-29 12:35:33] generateOTP.INFO: test [] []
[2020-01-29 12:35:55] generateOTP.INFO: test [] []
[2020-01-29 12:35:55] generateOTP.INFO: test [] []
[2020-01-29 12:35:55] generateOTP.INFO: test [] []
[2020-01-29 12:41:33] generateOTP.INFO: test [] []
[2020-01-29 12:41:36] generateOTP.INFO: test [] []
[2020-01-29 12:41:36] generateOTP.INFO: test [] []
[2020-01-29 12:41:37] generateOTP.INFO: test [] []
[2020-01-29 12:56:36] generateOTP.INFO: test [] []
[2020-01-29 12:56:36] generateOTP.INFO: test [] []
[2020-01-29 12:56:36] generateOTP.INFO: test [] []
[2020-01-29 12:57:49] generateOTP.INFO: test [] []
[2020-01-29 12:59:18] generateOTP.INFO: test [] []
[2020-01-29 12:59:22] generateOTP.INFO: test [] []
[2020-01-29 13:10:24] generateOTP.INFO: test [] []
[2020-01-29 13:10:25] generateOTP.INFO: test [] []
[2020-01-29 13:10:32] generateOTP.INFO: test [] []
[2020-01-29 13:10:32] generateOTP.INFO: test [] []
[2020-01-29 13:10:32] generateOTP.INFO: test [] []
[2020-01-29 13:10:58] generateOTP.INFO: test [] []
[2020-01-29 14:36:42] generateOTP.INFO: test [] []
[2020-01-29 14:36:51] generateOTP.INFO: test [] []
[2020-01-29 14:37:02] generateOTP.INFO: test [] []
[2020-01-29 14:37:02] generateOTP.INFO: test [] []
[2020-01-29 14:37:02] generateOTP.INFO: test [] []
[2020-01-29 14:37:09] generateOTP.INFO: test [] []
[2020-01-29 14:37:09] generateOTP.INFO: test [] []
[2020-01-29 14:37:09] generateOTP.INFO: test [] []
[2020-01-29 14:57:23] generateOTP.INFO: test [] []
[2020-01-29 14:57:29] generateOTP.INFO: test [] []
[2020-01-29 14:57:40] generateOTP.INFO: test [] []
[2020-01-29 14:57:40] generateOTP.INFO: test [] []
[2020-01-29 14:57:41] generateOTP.INFO: test [] []
[2020-01-29 15:15:51] generateOTP.INFO: test [] []
[2020-01-29 15:18:52] generateOTP.INFO: test [] []
[2020-01-29 15:18:52] generateOTP.INFO: test [] []
[2020-01-29 15:18:53] generateOTP.INFO: test [] []
[2020-01-29 15:18:54] generateOTP.INFO: test [] []
[2020-01-29 15:18:55] generateOTP.INFO: test [] []
[2020-01-29 15:18:56] generateOTP.INFO: test [] []
[2020-01-29 15:18:57] generateOTP.INFO: test [] []
[2020-01-29 15:19:04] generateOTP.INFO: test [] []
[2020-01-29 15:19:04] generateOTP.INFO: test [] []
[2020-01-29 15:19:04] generateOTP.INFO: test [] []
[2020-01-29 15:19:08] generateOTP.INFO: test [] []
[2020-01-29 15:40:20] generateOTP.INFO: test [] []
[2020-01-29 16:15:37] generateOTP.INFO: test [] []
[2020-01-29 16:15:42] generateOTP.INFO: test [] []
[2020-01-29 16:18:11] generateOTP.INFO: test [] []
[2020-01-29 16:18:13] generateOTP.INFO: test [] []
[2020-01-29 16:23:25] generateOTP.INFO: test [] []
[2020-01-29 16:24:40] generateOTP.INFO: test [] []
[2020-01-29 16:34:21] generateOTP.INFO: test [] []
[2020-01-29 16:34:57] generateOTP.INFO: test [] []
[2020-01-29 16:34:59] generateOTP.INFO: test [] []
[2020-01-29 16:35:52] generateOTP.INFO: test [] []
[2020-01-29 16:35:55] generateOTP.INFO: test [] []
[2020-01-29 16:36:01] generateOTP.INFO: test [] []
[2020-01-29 16:36:01] generateOTP.INFO: test [] []
[2020-01-29 16:36:10] generateOTP.INFO: test [] []
[2020-01-29 16:36:19] generateOTP.INFO: test [] []
[2020-01-29 16:36:21] generateOTP.INFO: test [] []
[2020-01-29 16:36:21] generateOTP.INFO: test [] []
[2020-01-29 16:36:21] generateOTP.INFO: test [] []
[2020-01-29 16:37:00] generateOTP.INFO: test [] []
[2020-01-29 16:37:02] generateOTP.INFO: test [] []
[2020-01-29 16:37:03] generateOTP.INFO: test [] []
[2020-01-29 16:37:16] generateOTP.INFO: test [] []
[2020-01-29 16:37:26] generateOTP.INFO: test [] []
[2020-01-29 16:37:40] generateOTP.INFO: test [] []
[2020-01-29 16:37:42] generateOTP.INFO: test [] []
[2020-01-29 16:38:39] generateOTP.INFO: test [] []
[2020-01-29 16:39:48] generateOTP.INFO: test [] []
[2020-01-29 16:39:49] generateOTP.INFO: test [] []
[2020-01-29 16:40:11] generateOTP.INFO: test [] []
[2020-01-29 16:40:19] generateOTP.INFO: test [] []
[2020-01-29 16:40:38] generateOTP.INFO: test [] []
[2020-01-29 16:40:45] generateOTP.INFO: test [] []
[2020-01-29 16:40:52] generateOTP.INFO: test [] []
[2020-01-29 16:42:07] generateOTP.INFO: test [] []
[2020-01-29 16:42:14] generateOTP.INFO: test [] []
[2020-01-29 16:45:03] generateOTP.INFO: test [] []
[2020-01-29 16:45:39] generateOTP.INFO: test [] []
[2020-01-29 16:46:13] generateOTP.INFO: test [] []
[2020-01-29 16:47:15] generateOTP.INFO: test [] []
[2020-01-29 16:47:18] generateOTP.INFO: test [] []
[2020-01-29 16:47:18] generateOTP.INFO: test [] []
[2020-01-29 16:47:18] generateOTP.INFO: test [] []
[2020-01-29 16:47:33] generateOTP.INFO: test [] []
[2020-01-29 16:48:21] generateOTP.INFO: test [] []
[2020-01-29 16:48:24] generateOTP.INFO: test [] []
[2020-01-29 16:48:24] generateOTP.INFO: test [] []
[2020-01-29 16:48:24] generateOTP.INFO: test [] []
[2020-01-29 16:48:27] generateOTP.INFO: test [] []
[2020-01-29 16:49:04] generateOTP.INFO: test [] []
[2020-01-29 16:49:18] generateOTP.INFO: test [] []
[2020-01-29 16:49:26] generateOTP.INFO: test [] []
[2020-01-29 16:50:13] generateOTP.INFO: test [] []
[2020-01-29 16:50:13] generateOTP.INFO: test [] []
[2020-01-29 16:50:13] generateOTP.INFO: test [] []
[2020-01-29 16:50:31] generateOTP.INFO: test [] []
[2020-01-29 16:50:59] generateOTP.INFO: test [] []
[2020-01-29 16:50:59] generateOTP.INFO: test [] []
[2020-01-29 16:50:59] generateOTP.INFO: test [] []
[2020-01-29 16:51:50] generateOTP.INFO: test [] []
[2020-01-29 16:51:57] generateOTP.INFO: test [] []
[2020-01-29 16:52:18] generateOTP.INFO: test [] []
[2020-01-29 16:52:31] generateOTP.INFO: test [] []
[2020-01-29 16:52:31] generateOTP.INFO: test [] []
[2020-01-29 16:52:31] generateOTP.INFO: test [] []
[2020-01-29 17:00:04] generateOTP.INFO: test [] []
[2020-01-29 17:00:04] generateOTP.INFO: test [] []
[2020-01-29 17:00:04] generateOTP.INFO: test [] []
[2020-01-29 17:03:19] generateOTP.INFO: test [] []
[2020-01-29 17:03:19] generateOTP.INFO: test [] []
[2020-01-29 17:03:19] generateOTP.INFO: test [] []
[2020-01-29 17:08:57] generateOTP.INFO: test [] []
[2020-01-29 17:09:16] generateOTP.INFO: test [] []
[2020-01-29 17:09:25] generateOTP.INFO: test [] []
[2020-01-29 17:09:50] generateOTP.INFO: test [] []
[2020-01-29 17:10:25] generateOTP.INFO: test [] []
[2020-01-29 17:11:07] generateOTP.INFO: test [] []
[2020-01-29 17:40:34] generateOTP.INFO: test [] []
[2020-01-29 17:40:35] generateOTP.INFO: test [] []
[2020-01-29 17:40:40] generateOTP.INFO: test [] []
[2020-01-29 17:40:40] generateOTP.INFO: test [] []
[2020-01-29 17:40:40] generateOTP.INFO: test [] []
[2020-01-29 17:41:29] generateOTP.INFO: test [] []
[2020-01-29 17:41:29] generateOTP.INFO: test [] []
[2020-01-29 17:41:51] generateOTP.INFO: test [] []
[2020-01-29 17:41:51] generateOTP.INFO: test [] []
[2020-01-29 17:41:51] generateOTP.INFO: test [] []
[2020-01-29 17:42:16] generateOTP.INFO: test [] []
[2020-01-29 17:42:17] generateOTP.INFO: test [] []
[2020-01-29 17:42:22] generateOTP.INFO: test [] []
[2020-01-29 17:42:22] generateOTP.INFO: test [] []
[2020-01-29 17:42:22] generateOTP.INFO: test [] []
[2020-01-29 17:44:57] generateOTP.INFO: test [] []
[2020-01-29 17:44:57] generateOTP.INFO: test [] []
[2020-01-29 17:45:03] generateOTP.INFO: test [] []
[2020-01-29 17:45:04] generateOTP.INFO: test [] []
[2020-01-29 17:45:04] generateOTP.INFO: test [] []
[2020-01-29 17:46:33] generateOTP.INFO: test [] []
[2020-01-29 17:46:34] generateOTP.INFO: test [] []
[2020-01-29 17:46:41] generateOTP.INFO: test [] []
[2020-01-29 17:46:41] generateOTP.INFO: test [] []
[2020-01-29 17:46:41] generateOTP.INFO: test [] []
[2020-01-29 17:48:57] generateOTP.INFO: test [] []
[2020-01-29 17:48:57] generateOTP.INFO: test [] []
[2020-01-29 17:48:57] generateOTP.INFO: test [] []
[2020-01-29 17:55:25] generateOTP.INFO: test [] []
[2020-01-29 17:55:26] generateOTP.INFO: test [] []
[2020-01-29 18:00:23] generateOTP.INFO: test [] []
[2020-01-29 18:00:23] generateOTP.INFO: test [] []
[2020-01-29 18:00:24] generateOTP.INFO: test [] []
[2020-01-29 18:00:46] generateOTP.INFO: test [] []
[2020-01-29 18:00:46] generateOTP.INFO: test [] []
[2020-01-29 18:00:46] generateOTP.INFO: test [] []
[2020-01-29 18:02:23] generateOTP.INFO: test [] []
[2020-01-29 18:02:23] generateOTP.INFO: test [] []
[2020-01-29 18:02:23] generateOTP.INFO: test [] []
[2020-01-29 18:03:02] generateOTP.INFO: test [] []
[2020-01-29 18:03:02] generateOTP.INFO: test [] []
[2020-01-29 18:03:02] generateOTP.INFO: test [] []
[2020-01-29 18:03:15] generateOTP.INFO: test [] []
[2020-01-29 18:03:15] generateOTP.INFO: test [] []
[2020-01-29 18:03:15] generateOTP.INFO: test [] []
[2020-01-29 18:03:46] generateOTP.INFO: test [] []
[2020-01-29 18:03:46] generateOTP.INFO: test [] []
[2020-01-29 18:03:46] generateOTP.INFO: test [] []
[2020-01-29 18:04:54] generateOTP.INFO: test [] []
[2020-01-29 18:04:54] generateOTP.INFO: test [] []
[2020-01-29 18:04:54] generateOTP.INFO: test [] []
[2020-01-29 18:06:39] generateOTP.INFO: test [] []
[2020-01-29 18:06:39] generateOTP.INFO: test [] []
[2020-01-29 18:06:39] generateOTP.INFO: test [] []
[2020-01-29 18:06:57] generateOTP.INFO: test [] []
[2020-01-29 18:06:57] generateOTP.INFO: test [] []
[2020-01-29 18:06:58] generateOTP.INFO: test [] []
[2020-01-29 18:07:39] generateOTP.INFO: test [] []
[2020-01-29 18:07:39] generateOTP.INFO: test [] []
[2020-01-29 18:07:40] generateOTP.INFO: test [] []
[2020-01-29 18:08:11] generateOTP.INFO: test [] []
[2020-01-29 18:08:11] generateOTP.INFO: test [] []
[2020-01-29 18:08:12] generateOTP.INFO: test [] []
[2020-01-29 18:08:36] generateOTP.INFO: test [] []
[2020-01-29 18:08:37] generateOTP.INFO: test [] []
[2020-01-29 18:08:44] generateOTP.INFO: test [] []
[2020-01-29 18:08:44] generateOTP.INFO: test [] []
[2020-01-29 18:08:44] generateOTP.INFO: test [] []
[2020-01-29 18:09:13] generateOTP.INFO: test [] []
[2020-01-29 18:16:27] generateOTP.INFO: test [] []
[2020-01-29 18:16:28] generateOTP.INFO: test [] []
[2020-01-29 18:16:33] generateOTP.INFO: test [] []
[2020-01-29 18:16:33] generateOTP.INFO: test [] []
[2020-01-29 18:16:33] generateOTP.INFO: test [] []
[2020-01-29 18:16:41] generateOTP.INFO: test [] []
[2020-01-29 18:16:41] generateOTP.INFO: test [] []
[2020-01-29 18:16:41] generateOTP.INFO: test [] []
[2020-01-29 18:16:43] generateOTP.INFO: test [] []
[2020-01-29 18:16:43] generateOTP.INFO: test [] []
[2020-01-29 18:16:43] generateOTP.INFO: test [] []
[2020-01-29 18:16:56] generateOTP.INFO: test [] []
[2020-01-29 18:16:57] generateOTP.INFO: test [] []
[2020-01-29 18:17:05] generateOTP.INFO: test [] []
[2020-01-29 18:17:05] generateOTP.INFO: test [] []
[2020-01-29 18:17:05] generateOTP.INFO: test [] []
[2020-01-29 18:24:29] generateOTP.INFO: test [] []
[2020-01-29 18:25:03] generateOTP.INFO: test [] []
[2020-01-29 18:25:03] generateOTP.INFO: test [] []
[2020-01-29 18:25:03] generateOTP.INFO: test [] []
[2020-01-29 18:25:17] generateOTP.INFO: test [] []
[2020-01-29 18:25:17] generateOTP.INFO: test [] []
[2020-01-29 18:25:18] generateOTP.INFO: test [] []
[2020-01-29 18:25:18] generateOTP.INFO: test [] []
[2020-01-29 18:25:46] generateOTP.INFO: test [] []
[2020-01-29 18:27:18] generateOTP.INFO: test [] []
[2020-01-29 18:27:18] generateOTP.INFO: test [] []
[2020-01-29 18:27:18] generateOTP.INFO: test [] []
[2020-01-29 18:28:40] generateOTP.INFO: test [] []
[2020-01-29 18:28:40] generateOTP.INFO: test [] []
[2020-01-29 18:28:40] generateOTP.INFO: test [] []
[2020-01-29 18:31:43] generateOTP.INFO: test [] []
[2020-01-29 18:31:43] generateOTP.INFO: test [] []
[2020-01-29 18:31:43] generateOTP.INFO: test [] []
[2020-01-29 18:33:36] generateOTP.INFO: test [] []
[2020-01-29 18:33:36] generateOTP.INFO: test [] []
[2020-01-29 18:33:36] generateOTP.INFO: test [] []
[2020-01-29 18:33:39] generateOTP.INFO: test [] []
[2020-01-29 18:33:39] generateOTP.INFO: test [] []
[2020-01-29 18:33:39] generateOTP.INFO: test [] []
[2020-01-29 18:34:49] generateOTP.INFO: test [] []
[2020-01-29 18:34:49] generateOTP.INFO: test [] []
[2020-01-29 18:34:49] generateOTP.INFO: test [] []
[2020-01-29 18:35:45] generateOTP.INFO: test [] []
[2020-01-29 18:35:45] generateOTP.INFO: test [] []
[2020-01-29 18:35:45] generateOTP.INFO: test [] []
[2020-01-29 18:35:47] generateOTP.INFO: test [] []
[2020-01-29 18:35:47] generateOTP.INFO: test [] []
[2020-01-29 18:35:47] generateOTP.INFO: test [] []
[2020-01-29 18:38:02] generateOTP.INFO: test [] []
[2020-01-29 18:38:16] generateOTP.INFO: test [] []
[2020-01-29 18:38:16] generateOTP.INFO: test [] []
[2020-01-29 18:38:16] generateOTP.INFO: test [] []
[2020-01-29 18:38:18] generateOTP.INFO: test [] []
[2020-01-29 18:38:22] generateOTP.INFO: test [] []
[2020-01-29 18:38:25] generateOTP.INFO: test [] []
[2020-01-29 18:38:25] generateOTP.INFO: test [] []
[2020-01-29 18:38:25] generateOTP.INFO: test [] []
[2020-01-29 18:38:31] generateOTP.INFO: test [] []
[2020-01-29 18:38:32] generateOTP.INFO: test [] []
[2020-01-29 18:38:35] generateOTP.INFO: test [] []
[2020-01-29 18:38:35] generateOTP.INFO: test [] []
[2020-01-29 18:38:35] generateOTP.INFO: test [] []
[2020-01-29 18:38:39] generateOTP.INFO: test [] []
[2020-01-29 18:38:39] generateOTP.INFO: test [] []
[2020-01-29 18:38:39] generateOTP.INFO: test [] []
[2020-01-29 18:38:41] generateOTP.INFO: test [] []
[2020-01-29 18:38:41] generateOTP.INFO: test [] []
[2020-01-29 18:38:41] generateOTP.INFO: test [] []
[2020-01-29 18:39:01] generateOTP.INFO: test [] []
[2020-01-29 18:39:01] generateOTP.INFO: test [] []
[2020-01-29 18:39:01] generateOTP.INFO: test [] []
[2020-01-29 18:40:40] generateOTP.INFO: test [] []
[2020-01-29 18:41:53] generateOTP.INFO: test [] []
[2020-01-29 18:42:53] generateOTP.INFO: test [] []
[2020-01-29 18:44:37] generateOTP.INFO: test [] []
[2020-01-29 18:44:38] generateOTP.INFO: test [] []
[2020-01-29 18:44:38] generateOTP.INFO: test [] []
[2020-01-29 18:47:43] generateOTP.INFO: test [] []
[2020-01-29 18:47:43] generateOTP.INFO: test [] []
[2020-01-29 18:47:43] generateOTP.INFO: test [] []
[2020-01-29 18:48:34] generateOTP.INFO: test [] []
[2020-01-29 18:48:34] generateOTP.INFO: test [] []
[2020-01-29 18:48:34] generateOTP.INFO: test [] []
[2020-01-29 18:48:56] generateOTP.INFO: test [] []
[2020-01-29 18:48:56] generateOTP.INFO: test [] []
[2020-01-29 18:48:56] generateOTP.INFO: test [] []
[2020-01-29 18:50:12] generateOTP.INFO: test [] []
[2020-01-29 18:50:12] generateOTP.INFO: test [] []
[2020-01-29 18:50:12] generateOTP.INFO: test [] []
[2020-01-29 18:50:50] generateOTP.INFO: test [] []
[2020-01-29 18:50:50] generateOTP.INFO: test [] []
[2020-01-29 18:50:50] generateOTP.INFO: test [] []
[2020-01-29 18:51:14] generateOTP.INFO: test [] []
[2020-01-29 18:51:14] generateOTP.INFO: test [] []
[2020-01-29 18:51:14] generateOTP.INFO: test [] []
[2020-01-29 18:52:13] generateOTP.INFO: test [] []
[2020-01-29 18:52:13] generateOTP.INFO: test [] []
[2020-01-29 18:52:13] generateOTP.INFO: test [] []
[2020-01-29 18:53:17] generateOTP.INFO: test [] []
[2020-01-29 18:53:17] generateOTP.INFO: test [] []
[2020-01-29 18:53:17] generateOTP.INFO: test [] []
