[2020-11-29 00:28:08] generateOTP.INFO: test [] []
[2020-11-29 00:28:08] generateOTP.INFO: test [] []
[2020-11-29 00:28:14] generateOTP.INFO: test [] []
[2020-11-29 02:31:57] generateOTP.INFO: test [] []
[2020-11-29 02:31:58] generateOTP.INFO: test [] []
[2020-11-29 02:31:58] generateOTP.INFO: test [] []
[2020-11-29 02:32:00] generateOTP.INFO: test [] []
[2020-11-29 02:32:08] generateOTP.INFO: test [] []
[2020-11-29 03:09:59] generateOTP.INFO: test [] []
[2020-11-29 03:09:59] generateOTP.INFO: test [] []
[2020-11-29 03:10:00] generateOTP.INFO: test [] []
[2020-11-29 03:10:00] generateOTP.INFO: test [] []
[2020-11-29 03:10:03] generateOTP.INFO: test [] []
[2020-11-29 19:53:54] generateOTP.INFO: test [] []
[2020-11-29 20:25:02] generateOTP.INFO: test [] []
[2020-11-29 20:25:28] generateOTP.INFO: test [] []
[2020-11-29 20:25:39] generateOTP.INFO: test [] []
[2020-11-29 20:26:46] generateOTP.INFO: test [] []
[2020-11-29 20:30:32] generateOTP.INFO: test [] []
[2020-11-29 21:28:58] generateOTP.INFO: test [] []
[2020-11-29 21:28:59] generateOTP.INFO: test [] []
[2020-11-29 21:29:48] generateOTP.INFO: test [] []
[2020-11-29 21:29:58] generateOTP.INFO: {"salutation":"1","firstname":"test","lastname":"BANKING","dob":"19-12-1988","mob_no":"7010444138","panCard":"XXXXXX456A","email":"jack@gmail.com","ref1":"1","ref2":"1","comAdd":"Om hrad ntalatiof, holOmshre, talathioficeeachol, OmshreeSada9talathi","city":"Illuppur","state":"TAMIL NADU","pin_code":"622103","ISNRI":"N","update_emp_id":"623738","edit":"0","policy_no":"454,455","subtype_text":"1","sum_insure":"500000","anuual_income":"","occupation":"4","familyConstruct":"1A","family_members_id":"0","family_gender":"Male","first_name":"test","last_name":"BANKING","family_date_birth":"19-12-1988","age":"31","age_type":" years","tenure":"1 Year","family_id":"","s_date":"19-11-1992","marriage_date":"","premium":"8000","policyNo":"454,455","familyDataType":"undefined","empId":"623738","product":"RMxC5efb5c5a320e7","declare":"[]","gender":"Male","gci_options":"Yes"} [] []
[2020-11-29 21:30:30] generateOTP.INFO: test [] []
[2020-11-29 21:31:33] generateOTP.INFO: test [] []
[2020-11-29 21:31:49] generateOTP.INFO: test [] []
[2020-11-29 21:32:05] generateOTP.INFO: test [] []
[2020-11-29 21:32:29] generateOTP.INFO: test [] []
[2020-11-29 21:33:06] generateOTP.INFO: test [] []
[2020-11-29 21:33:34] generateOTP.INFO: test [] []
[2020-11-29 21:33:51] generateOTP.INFO: test [] []
[2020-11-29 21:34:13] generateOTP.INFO: test [] []
[2020-11-29 21:34:31] generateOTP.INFO: test [] []
[2020-11-29 21:34:44] generateOTP.INFO: test [] []
[2020-11-29 21:35:13] generateOTP.INFO: test [] []
[2020-11-29 21:35:51] generateOTP.INFO: test [] []
[2020-11-29 21:37:35] generateOTP.INFO: test [] []
[2020-11-29 21:37:50] generateOTP.INFO: {"salutation":"1","firstname":"test","lastname":"BANKING","dob":"19-12-1988","mob_no":"7010444138","panCard":"XXXXXX456A","email":"jack@gmail.com","ref1":"1","ref2":"1","comAdd":"Om hrad ntalatiof, holOmshre, talathioficeeachol, OmshreeSada9talathi","city":"MUMBAI","state":"MAHARASHTRA","pin_code":"622103","ISNRI":"N","update_emp_id":"623744","edit":"0","policy_no":"454,455","subtype_text":"1","sum_insure":"1000000","anuual_income":"","occupation":"2","familyConstruct":"2A","family_members_id":"0","family_gender":"Male","first_name":"test","last_name":"BANKING","family_date_birth":"19-12-1988","age":"31","age_type":" years","tenure":"1 Year","family_id":"","s_date":"","marriage_date":"","premium":"14500","policyNo":"454,455","familyDataType":"undefined","empId":"623744","product":"RMxC5efb5c5a320e7","declare":"[]","gender":"Male","gci_options":"Yes"} [] []
[2020-11-29 21:38:02] generateOTP.INFO: {"salutation":"1","firstname":"test","lastname":"BANKING","dob":"19-12-1988","mob_no":"7010444138","panCard":"XXXXXX456A","email":"jack@gmail.com","ref1":"1","ref2":"1","comAdd":"Om hrad ntalatiof, holOmshre, talathioficeeachol, OmshreeSada9talathi","city":"MUMBAI","state":"MAHARASHTRA","pin_code":"622103","ISNRI":"N","update_emp_id":"623744","edit":"0","policy_no":"454,455","subtype_text":"1","sum_insure":"1000000","anuual_income":"","occupation":"2","familyConstruct":"2A","family_members_id":"1","family_gender":"Female","first_name":"sfsdf","last_name":"sdfsdf","family_date_birth":"12-11-1992","age":"28","age_type":" years","tenure":"1 Year","family_id":"","s_date":"","marriage_date":"","premium":"14500","policyNo":"454,455","familyDataType":"undefined","empId":"623744","product":"RMxC5efb5c5a320e7","declare":"[]","gender":"Male","gci_options":"Yes"} [] []
[2020-11-29 21:39:08] documentsSave.INFO: {"ops_type":"[\"0\",\"Y\"]","ids":"364,365,366"} [] []
[2020-11-29 21:39:08] documentsSaveFiles.INFO: [{"name":"download.png","type":"image\/png","tmp_name":"\/tmp\/phphI37TJ","error":0,"size":57862},{"name":"download.png","type":"image\/png","tmp_name":"\/tmp\/phpOWHJzs","error":0,"size":57862}] [] []
[2020-11-29 21:39:51] generateOTP.INFO: test [] []
[2020-11-29 21:40:02] generateOTP.INFO: test [] []
[2020-11-29 21:41:30] generateOTP.INFO: test [] []
