[2021-10-29 00:56:55] generateOTP.INFO: test [] []
[2021-10-29 01:09:32] generateOTP.INFO: test [] []
[2021-10-29 01:09:36] generateOTP.INFO: test [] []
[2021-10-29 01:11:12] generateOTP.INFO: test [] []
[2021-10-29 01:39:52] generateOTP.INFO: test [] []
[2021-10-29 01:39:55] generateOTP.INFO: test [] []
[2021-10-29 01:39:57] generateOTP.INFO: test [] []
[2021-10-29 01:40:24] generateOTP.INFO: test [] []
[2021-10-29 01:56:41] generateOTP.INFO: test [] []
[2021-10-29 01:56:46] generateOTP.INFO: test [] []
[2021-10-29 01:56:46] generateOTP.INFO: test [] []
[2021-10-29 02:20:45] generateOTP.INFO: test [] []
[2021-10-29 02:20:47] generateOTP.INFO: test [] []
[2021-10-29 02:20:49] generateOTP.INFO: test [] []
[2021-10-29 03:37:15] generateOTP.INFO: test [] []
[2021-10-29 05:47:04] generateOTP.INFO: test [] []
[2021-10-29 05:47:11] generateOTP.INFO: test [] []
[2021-10-29 05:47:12] generateOTP.INFO: test [] []
[2021-10-29 05:59:10] generateOTP.INFO: test [] []
[2021-10-29 05:59:15] generateOTP.INFO: test [] []
[2021-10-29 05:59:16] generateOTP.INFO: test [] []
[2021-10-29 07:22:42] generateOTP.INFO: test [] []
[2021-10-29 08:33:31] generateOTP.INFO: test [] []
[2021-10-29 08:33:38] generateOTP.INFO: test [] []
[2021-10-29 08:33:39] generateOTP.INFO: test [] []
[2021-10-29 08:56:03] generateOTP.INFO: test [] []
[2021-10-29 08:56:03] generateOTP.INFO: test [] []
[2021-10-29 08:56:04] generateOTP.INFO: test [] []
[2021-10-29 08:56:04] generateOTP.INFO: test [] []
[2021-10-29 08:56:04] generateOTP.INFO: test [] []
[2021-10-29 08:56:04] generateOTP.INFO: test [] []
[2021-10-29 08:56:04] generateOTP.INFO: test [] []
[2021-10-29 08:56:04] generateOTP.INFO: test [] []
[2021-10-29 08:56:04] generateOTP.INFO: test [] []
[2021-10-29 08:56:04] generateOTP.INFO: test [] []
[2021-10-29 08:56:04] generateOTP.INFO: test [] []
[2021-10-29 08:56:04] generateOTP.INFO: test [] []
[2021-10-29 08:56:04] generateOTP.INFO: test [] []
[2021-10-29 08:56:04] generateOTP.INFO: test [] []
[2021-10-29 08:56:04] generateOTP.INFO: test [] []
[2021-10-29 08:56:04] generateOTP.INFO: test [] []
[2021-10-29 08:56:04] generateOTP.INFO: test [] []
[2021-10-29 08:56:16] generateOTP.INFO: test [] []
[2021-10-29 09:05:18] generateOTP.INFO: test [] []
[2021-10-29 09:05:21] generateOTP.INFO: test [] []
[2021-10-29 09:05:24] generateOTP.INFO: test [] []
[2021-10-29 09:14:33] generateOTP.INFO: test [] []
[2021-10-29 09:46:09] generateOTP.INFO: test [] []
[2021-10-29 09:46:10] generateOTP.INFO: test [] []
[2021-10-29 10:19:48] generateOTP.INFO: test [] []
[2021-10-29 10:19:48] generateOTP.INFO: test [] []
[2021-10-29 10:19:53] generateOTP.INFO: test [] []
[2021-10-29 10:19:53] generateOTP.INFO: test [] []
[2021-10-29 10:19:53] generateOTP.INFO: test [] []
[2021-10-29 10:20:01] generateOTP.INFO: test [] []
[2021-10-29 10:27:50] generateOTP.INFO: test [] []
[2021-10-29 10:43:16] generateOTP.INFO: test [] []
[2021-10-29 10:43:22] generateOTP.INFO: test [] []
[2021-10-29 10:43:47] generateOTP.INFO: test [] []
[2021-10-29 10:43:48] generateOTP.INFO: test [] []
[2021-10-29 10:44:10] generateOTP.INFO: test [] []
[2021-10-29 10:44:10] generateOTP.INFO: test [] []
[2021-10-29 10:44:12] generateOTP.INFO: test [] []
[2021-10-29 10:44:12] generateOTP.INFO: test [] []
[2021-10-29 10:44:12] generateOTP.INFO: test [] []
[2021-10-29 10:44:12] generateOTP.INFO: test [] []
[2021-10-29 10:44:14] generateOTP.INFO: test [] []
[2021-10-29 10:44:15] generateOTP.INFO: test [] []
[2021-10-29 10:46:27] generateOTP.INFO: test [] []
[2021-10-29 10:46:27] generateOTP.INFO: test [] []
[2021-10-29 10:46:46] generateOTP.INFO: test [] []
[2021-10-29 10:49:56] generateOTP.INFO: test [] []
[2021-10-29 10:49:56] generateOTP.INFO: test [] []
[2021-10-29 11:25:41] generateOTP.INFO: test [] []
[2021-10-29 11:25:42] generateOTP.INFO: test [] []
[2021-10-29 11:52:11] generateOTP.INFO: test [] []
[2021-10-29 11:52:42] generateOTP.INFO: test [] []
[2021-10-29 11:52:46] generateOTP.INFO: test [] []
[2021-10-29 12:10:26] generateOTP.INFO: test [] []
[2021-10-29 12:10:26] generateOTP.INFO: test [] []
[2021-10-29 12:10:40] generateOTP.INFO: test [] []
[2021-10-29 12:11:09] generateOTP.INFO: test [] []
[2021-10-29 12:11:10] generateOTP.INFO: test [] []
[2021-10-29 12:12:15] generateOTP.INFO: test [] []
[2021-10-29 12:12:26] generateOTP.INFO: test [] []
[2021-10-29 12:12:32] generateOTP.INFO: test [] []
[2021-10-29 12:29:45] generateOTP.INFO: test [] []
[2021-10-29 12:29:45] generateOTP.INFO: test [] []
[2021-10-29 12:29:54] generateOTP.INFO: test [] []
[2021-10-29 12:50:30] generateOTP.INFO: test [] []
[2021-10-29 12:50:30] generateOTP.INFO: test [] []
[2021-10-29 12:50:31] generateOTP.INFO: test [] []
[2021-10-29 13:47:05] generateOTP.INFO: test [] []
[2021-10-29 13:47:11] generateOTP.INFO: test [] []
[2021-10-29 13:54:45] generateOTP.INFO: test [] []
[2021-10-29 13:54:55] generateOTP.INFO: test [] []
[2021-10-29 13:54:56] generateOTP.INFO: test [] []
[2021-10-29 15:16:26] generateOTP.INFO: test [] []
[2021-10-29 15:16:26] generateOTP.INFO: test [] []
[2021-10-29 16:12:27] generateOTP.INFO: test [] []
[2021-10-29 16:12:27] generateOTP.INFO: test [] []
[2021-10-29 16:14:20] generateOTP.INFO: test [] []
[2021-10-29 16:14:29] generateOTP.INFO: test [] []
[2021-10-29 16:14:29] generateOTP.INFO: test [] []
[2021-10-29 16:14:57] generateOTP.INFO: test [] []
[2021-10-29 16:14:57] generateOTP.INFO: test [] []
[2021-10-29 16:14:57] generateOTP.INFO: test [] []
[2021-10-29 16:26:25] generateOTP.INFO: test [] []
[2021-10-29 16:26:27] generateOTP.INFO: test [] []
[2021-10-29 16:26:28] generateOTP.INFO: test [] []
[2021-10-29 16:31:13] generateOTP.INFO: test [] []
[2021-10-29 16:31:24] generateOTP.INFO: test [] []
[2021-10-29 16:32:03] generateOTP.INFO: {"salutation":"1","firstname":"rick","lastname":"BANKING","dob":"19-12-1988","mob_no":"7010444138","panCard":"XXXXXX456A","email":"jack@gmail.com","ref1":"1","ref2":"1","comAdd":"test address","city":"Panvel","state":"MAHARASHTRA","pin_code":"410218","ISNRI":"Y","update_emp_id":"UVhHclppcFdlOE1OOUlzbVJSUlY2Zz09","edit":"0","policy_no":"470","subtype_text":"1","sum_insure":"5000000","familyConstruct":"2A","occupation":"","anuual_income":"","family_members_id":"0","family_gender":"Male","first_name":"rick","last_name":"BANKING","family_date_birth":"19-12-1988","age":"32","age_type":" years","tenure":"1 Year","mem_mob":"","mem_email":"","family_id":"","s_date":"","marriage_date":"","premium":"17299","policyNo":"470","familyDataType":"undefined","empId":"UVhHclppcFdlOE1OOUlzbVJSUlY2Zz09","product":"test123abc","declare":"[]","gender":"Male","gci_options":"undefined","gpa_options":"No","hidden_policy_id":"470","hidden_deductable":"0"} [] []
[2021-10-29 16:32:13] generateOTP.INFO: {"salutation":"1","firstname":"rick","lastname":"BANKING","dob":"19-12-1988","mob_no":"7010444138","panCard":"XXXXXX456A","email":"jack@gmail.com","ref1":"1","ref2":"1","comAdd":"test address","city":"Panvel","state":"MAHARASHTRA","pin_code":"410218","ISNRI":"Y","update_emp_id":"UVhHclppcFdlOE1OOUlzbVJSUlY2Zz09","edit":"0","policy_no":"470","subtype_text":"1","sum_insure":"5000000","familyConstruct":"2A","occupation":"","anuual_income":"","family_members_id":"1","family_gender":"Female","first_name":"SSAD","last_name":"SDASDSDD","family_date_birth":"08-10-1986","age":"35","age_type":" years","tenure":"1 Year","mem_mob":"","mem_email":"","family_id":"","s_date":"","marriage_date":"","premium":"17299","policyNo":"470","familyDataType":"undefined","empId":"UVhHclppcFdlOE1OOUlzbVJSUlY2Zz09","product":"test123abc","declare":"[]","gender":"Male","gci_options":"undefined","gpa_options":"No","hidden_policy_id":"470","hidden_deductable":"0"} [] []
[2021-10-29 16:32:35] documentsSave.INFO: {"ops_type":"[]","ids":"3277"} [] []
[2021-10-29 16:32:35] documentsSaveFiles.INFO: [] [] []
[2021-10-29 16:32:41] generateOTP.INFO: test [] []
[2021-10-29 16:32:41] generateOTP.INFO: test [] []
[2021-10-29 16:33:17] generateOTP.INFO: test [] []
[2021-10-29 16:33:18] generateOTP.INFO: test [] []
[2021-10-29 16:33:48] generateOTP.INFO: test [] []
[2021-10-29 16:33:48] generateOTP.INFO: test [] []
[2021-10-29 16:33:52] generateOTP.INFO: test [] []
[2021-10-29 16:33:53] generateOTP.INFO: test [] []
[2021-10-29 16:33:53] generateOTP.INFO: test [] []
[2021-10-29 16:33:53] generateOTP.INFO: test [] []
[2021-10-29 16:33:53] generateOTP.INFO: test [] []
[2021-10-29 16:33:53] generateOTP.INFO: test [] []
[2021-10-29 16:33:53] generateOTP.INFO: test [] []
[2021-10-29 16:33:53] generateOTP.INFO: test [] []
[2021-10-29 16:33:53] generateOTP.INFO: test [] []
[2021-10-29 16:33:53] generateOTP.INFO: test [] []
[2021-10-29 16:33:53] generateOTP.INFO: test [] []
[2021-10-29 16:33:53] generateOTP.INFO: test [] []
[2021-10-29 16:33:53] generateOTP.INFO: test [] []
[2021-10-29 16:33:53] generateOTP.INFO: test [] []
[2021-10-29 16:33:53] generateOTP.INFO: test [] []
[2021-10-29 16:33:53] generateOTP.INFO: test [] []
[2021-10-29 16:33:53] generateOTP.INFO: test [] []
[2021-10-29 16:33:53] generateOTP.INFO: test [] []
[2021-10-29 16:34:07] generateOTP.INFO: test [] []
[2021-10-29 16:34:07] generateOTP.INFO: test [] []
[2021-10-29 16:34:19] generateOTP.INFO: test [] []
[2021-10-29 16:34:20] generateOTP.INFO: test [] []
[2021-10-29 16:34:20] generateOTP.INFO: test [] []
[2021-10-29 16:34:20] generateOTP.INFO: test [] []
[2021-10-29 16:34:20] generateOTP.INFO: test [] []
[2021-10-29 16:34:20] generateOTP.INFO: test [] []
[2021-10-29 16:34:20] generateOTP.INFO: test [] []
[2021-10-29 16:34:20] generateOTP.INFO: test [] []
[2021-10-29 16:34:20] generateOTP.INFO: test [] []
[2021-10-29 16:34:20] generateOTP.INFO: test [] []
[2021-10-29 16:34:20] generateOTP.INFO: test [] []
[2021-10-29 16:34:20] generateOTP.INFO: test [] []
[2021-10-29 16:34:20] generateOTP.INFO: test [] []
[2021-10-29 16:34:20] generateOTP.INFO: test [] []
[2021-10-29 16:34:20] generateOTP.INFO: test [] []
[2021-10-29 16:34:20] generateOTP.INFO: test [] []
[2021-10-29 16:34:20] generateOTP.INFO: test [] []
[2021-10-29 16:34:21] generateOTP.INFO: test [] []
[2021-10-29 16:35:26] generateOTP.INFO: test [] []
[2021-10-29 16:35:27] generateOTP.INFO: test [] []
[2021-10-29 16:35:27] generateOTP.INFO: test [] []
[2021-10-29 16:35:27] generateOTP.INFO: test [] []
[2021-10-29 16:35:27] generateOTP.INFO: test [] []
[2021-10-29 16:35:27] generateOTP.INFO: test [] []
[2021-10-29 16:35:27] generateOTP.INFO: test [] []
[2021-10-29 16:35:27] generateOTP.INFO: test [] []
[2021-10-29 16:35:27] generateOTP.INFO: test [] []
[2021-10-29 16:35:27] generateOTP.INFO: test [] []
[2021-10-29 16:35:27] generateOTP.INFO: test [] []
[2021-10-29 16:35:27] generateOTP.INFO: test [] []
[2021-10-29 16:35:27] generateOTP.INFO: test [] []
[2021-10-29 16:35:27] generateOTP.INFO: test [] []
[2021-10-29 16:35:27] generateOTP.INFO: test [] []
[2021-10-29 16:35:27] generateOTP.INFO: test [] []
[2021-10-29 16:35:27] generateOTP.INFO: test [] []
[2021-10-29 16:35:28] generateOTP.INFO: test [] []
[2021-10-29 16:41:51] generateOTP.INFO: test [] []
[2021-10-29 16:41:52] generateOTP.INFO: test [] []
[2021-10-29 16:41:55] full_quote_request1.INFO: {"ClientCreation":{"Member_Customer_ID":"1635418538GHIR11","salutation":"Mr","firstName":"rick","middleName":"","lastName":"BANKING","dateofBirth":"12\/19\/1988","gender":"M","educationalQualification":null,"pinCode":"410218","uidNo":"5478-2589-3688","maritalStatus":null,"nationality":"Indian","occupation":"O553","primaryEmailID":"jack@gmail.com","contactMobileNo":"7010444138","stdLandlineNo":null,"panNo":null,"passportNumber":null,"contactPerson":null,"annualIncome":null,"remarks":null,"startDate":"2021-10-29","endDate":null,"IdProof":"Adhaar Card","residenceProof":null,"ageProof":null,"others":null,"homeAddressLine1":"test address","homeAddressLine2":null,"homeAddressLine3":null,"homePinCode":"410218","homeArea":null,"homeContactMobileNo":null,"homeContactMobileNo2":null,"homeSTDLandlineNo":null,"homeFaxNo":null,"sameAsHomeAddress":"1","mailingAddressLine1":null,"mailingAddressLine2":null,"mailingAddressLine3":null,"mailingPinCode":null,"mailingArea":null,"mailingContactMobileNo":null,"mailingContactMobileNo2":null,"mailingSTDLandlineNo":null,"mailingSTDLandlineNo2":null,"mailingFaxNo":null,"bankAccountType":null,"bankAccountNo":null,"ifscCode":null,"GSTIN":null,"GSTRegistrationStatus":"Consumers","IsEIAavailable":"0","ApplyEIA":"0","EIAAccountNo":null,"EIAWith":"0","AccountType":null,"AddressProof":null,"DOBProof":null,"IdentityProof":null},"PolicyCreationRequest":{"Quotation_Number":"","MasterPolicyNumber":"71-20-00045-00-00","GroupID":"GRP004","Product_Code":"4211","SumInsured_Type":null,"Policy_Tanure":"1","Member_Type_Code":"M209","intermediaryCode":"008848","AutoRenewal":"0","AutoDebit":"0","intermediaryBranchCode":"10MHMUM01","agentSignatureDate":null,"Customer_Signature_Date":null,"businessSourceChannel":null,"AssignPolicy":"0","AssigneeName":null,"leadID":"202110289","Source_Name":"AXIS_GHIEW_XL","SPID":"1","TCN":null,"CRTNO":null,"RefCode1":"1","RefCode2":"051","Employee_Number":"627114","enumIsEmployeeDiscount":null,"QuoteDate":null,"IsPayment":"0","PaymentMode":null,"PolicyproductComponents":[{"PlanCode":"4211","SumInsured":"5000000","SchemeCode":"4112000003"}]},"MemObj":{"Member":[{"MemberNo":1,"Salutation":"Mr","First_Name":"rick","Middle_Name":null,"Last_Name":"BANKING","Gender":"M","DateOfBirth":"12\/19\/1988","Relation_Code":"R001","Marital_Status":null,"height":"0.00","weight":"0","occupation":"O553","PrimaryMember":"Y","MemberproductComponents":[{"PlanCode":"4211","MemberQuestionDetails":[{"QuestionCode":null,"Answer":null,"Remarks":null}]}],"MemberPED":[{"PEDCode":null,"Remarks":null}],"exactDiagnosis":null,"dateOfDiagnosis":null,"lastDateConsultation":null,"detailsOfTreatmentGiven":null,"doctorName":null,"hospitalName":null,"phoneNumberHosital":null,"Nominee_First_Name":"SSAD","Nominee_Last_Name":"SDASDSDD","Nominee_Contact_Number":"7888888888","Nominee_Home_Address":null,"Nominee_Relationship_Code":"R002"},{"MemberNo":2,"Salutation":"Mrs","First_Name":"SSAD","Middle_Name":null,"Last_Name":"SDASDSDD","Gender":"F","DateOfBirth":"10\/08\/1986","Relation_Code":"R002","Marital_Status":null,"height":"0.00","weight":"0","occupation":"O553","PrimaryMember":"N","MemberproductComponents":[{"PlanCode":"4211","MemberQuestionDetails":[{"QuestionCode":null,"Answer":null,"Remarks":null}]}],"MemberPED":[{"PEDCode":null,"Remarks":null}],"exactDiagnosis":null,"dateOfDiagnosis":null,"lastDateConsultation":null,"detailsOfTreatmentGiven":null,"doctorName":null,"hospitalName":null,"phoneNumberHosital":null,"Nominee_First_Name":"SSAD","Nominee_Last_Name":"SDASDSDD","Nominee_Contact_Number":"7888888888","Nominee_Home_Address":null,"Nominee_Relationship_Code":"R002"}]},"ReceiptCreation":{"officeLocation":"","modeOfEntry":"","cdAcNo":null,"expiryDate":null,"payerType":"","payerCode":null,"paymentBy":"","paymentByName":null,"paymentByRelationship":null,"collectionAmount":"","collectionRcvdDate":null,"collectionMode":"","remarks":null,"instrumentNumber":null,"instrumentDate":null,"bankName":null,"branchName":null,"bankLocation":null,"micrNo":null,"chequeType":null,"ifscCode":"","PaymentGatewayName":"","TerminalID":"","CardNo":null}} [] []
[2021-10-29 16:41:58] full_quote_reponse1.INFO: "<ns0:GHI_Res xmlns:ns0=\"http:\/\/ABHICL_NBP_QuickQuote_Schemas.GHI_Response\"><errorObj><ErrorNumber>00<\/ErrorNumber><ErrorMessage>Success<\/ErrorMessage><\/errorObj><policyDtls><TransactionReferenceNumber><\/TransactionReferenceNumber><QuotationNumber>XL100900056<\/QuotationNumber><CertificateNumber><\/CertificateNumber><LetterURL><\/LetterURL><ClientID><\/ClientID><ProductName>Group Activ Health<\/ProductName><ProductCode>4211<\/ProductCode><LineOfBusiness>42<\/LineOfBusiness><startDate><\/startDate><EndDate><\/EndDate><PolicyNumber>71-20-00045-00-00<\/PolicyNumber><ProposalNumber><\/ProposalNumber><PolicyStatus>PQ1<\/PolicyStatus><Tenure>1<\/Tenure><stpFlag>0<\/stpFlag><MemberCustomerID>1635418538GHIR11<\/MemberCustomerID><\/policyDtls><premium><BasePremium>14660.00<\/BasePremium><NetPremium>14660.00<\/NetPremium><GST>2638.80<\/GST><GrossPremium>17299.00<\/GrossPremium><\/premium><receiptObj><ReceiptNumber \/><ReceiptAmount \/><ExcessAmount \/><\/receiptObj><\/ns0:GHI_Res>" [] []
[2021-10-29 16:41:59] generateOTP.INFO: test [] []
[2021-10-29 16:52:10] generateOTP.INFO: test [] []
[2021-10-29 16:52:11] generateOTP.INFO: test [] []
[2021-10-29 16:52:13] generateOTP.INFO: test [] []
[2021-10-29 16:53:42] generateOTP.INFO: test [] []
[2021-10-29 16:53:45] generateOTP.INFO: test [] []
[2021-10-29 16:53:56] generateOTP.INFO: test [] []
[2021-10-29 16:53:57] generateOTP.INFO: test [] []
[2021-10-29 16:53:59] generateOTP.INFO: test [] []
[2021-10-29 17:07:07] generateOTP.INFO: test [] []
[2021-10-29 17:08:12] generateOTP.INFO: test [] []
[2021-10-29 17:09:24] generateOTP.INFO: test [] []
[2021-10-29 17:09:29] generateOTP.INFO: test [] []
[2021-10-29 17:09:55] generateOTP.INFO: {"salutation":"1","firstname":"ANKYYYYY","lastname":"TEST","dob":"07-10-1988","mob_no":"6777777777","panCard":"","email":"ankytest@test.in","ref1":"0","ref2":"0","comAdd":"test address","city":"Panvel","state":"MAHARASHTRA","pin_code":"410218","ISNRI":"N","update_emp_id":"aG1WOVlhOXlVb1pSeU5Ca0pwbzkzUT09","edit":"0","policy_no":"470","subtype_text":"1","sum_insure":"5000000","familyConstruct":"1A","occupation":"15","anuual_income":"900000","family_members_id":"0","family_gender":"Male","first_name":"ANKYYYYY","last_name":"TEST","family_date_birth":"07-10-1988","age":"33","age_type":" years","tenure":"1 Year","mem_mob":"6777777777","mem_email":"ankytest@test.in","family_id":"","s_date":"","marriage_date":"","premium":"12199","policyNo":"470","familyDataType":"undefined","empId":"aG1WOVlhOXlVb1pSeU5Ca0pwbzkzUT09","product":"test123abc","declare":"[]","gender":"Male","gci_options":"undefined","gpa_options":"Yes","hidden_policy_id":"470,471","hidden_deductable":"0"} [] []
[2021-10-29 17:10:16] documentsSave.INFO: {"ops_type":"[]","ids":"3278,3279"} [] []
[2021-10-29 17:10:16] documentsSaveFiles.INFO: [] [] []
[2021-10-29 17:10:20] generateOTP.INFO: test [] []
[2021-10-29 17:10:21] generateOTP.INFO: test [] []
[2021-10-29 17:11:04] generateOTP.INFO: test [] []
[2021-10-29 17:11:05] generateOTP.INFO: test [] []
[2021-10-29 17:11:43] generateOTP.INFO: test [] []
[2021-10-29 17:11:43] generateOTP.INFO: test [] []
[2021-10-29 17:11:45] full_quote_request1.INFO: {"ClientCreation":{"Member_Customer_ID":"1635507558GHIR11","salutation":"Mr","firstName":"ANKYYYYY","middleName":"","lastName":"TEST","dateofBirth":"10\/07\/1988","gender":"M","educationalQualification":null,"pinCode":"410218","uidNo":"0","maritalStatus":null,"nationality":"Indian","occupation":"O022","primaryEmailID":"ankytest@test.in","contactMobileNo":"6777777777","stdLandlineNo":null,"panNo":null,"passportNumber":null,"contactPerson":null,"annualIncome":"900000","remarks":null,"startDate":"2021-10-29","endDate":null,"IdProof":"Adhaar Card","residenceProof":null,"ageProof":null,"others":null,"homeAddressLine1":"test address","homeAddressLine2":null,"homeAddressLine3":null,"homePinCode":"410218","homeArea":null,"homeContactMobileNo":null,"homeContactMobileNo2":null,"homeSTDLandlineNo":null,"homeFaxNo":null,"sameAsHomeAddress":"1","mailingAddressLine1":null,"mailingAddressLine2":null,"mailingAddressLine3":null,"mailingPinCode":null,"mailingArea":null,"mailingContactMobileNo":null,"mailingContactMobileNo2":null,"mailingSTDLandlineNo":null,"mailingSTDLandlineNo2":null,"mailingFaxNo":null,"bankAccountType":null,"bankAccountNo":null,"ifscCode":null,"GSTIN":null,"GSTRegistrationStatus":"Consumers","IsEIAavailable":"0","ApplyEIA":"0","EIAAccountNo":null,"EIAWith":"0","AccountType":null,"AddressProof":null,"DOBProof":null,"IdentityProof":null},"PolicyCreationRequest":{"Quotation_Number":"","MasterPolicyNumber":"71-20-00045-00-00","GroupID":"GRP001","Product_Code":"4211","SumInsured_Type":null,"Policy_Tanure":"1","Member_Type_Code":"M209","intermediaryCode":"008848","AutoRenewal":"0","AutoDebit":"0","intermediaryBranchCode":"10MHMUM01","agentSignatureDate":null,"Customer_Signature_Date":null,"businessSourceChannel":null,"AssignPolicy":"0","AssigneeName":null,"leadID":"SL1635507559","Source_Name":"AXIS_GHIEW_XL","SPID":"0","TCN":null,"CRTNO":null,"RefCode1":"0","RefCode2":"051","Employee_Number":"627116","enumIsEmployeeDiscount":null,"QuoteDate":null,"IsPayment":"0","PaymentMode":null,"PolicyproductComponents":[{"PlanCode":"4211","SumInsured":"5000000","SchemeCode":"4112000003"}]},"MemObj":{"Member":[{"MemberNo":1,"Salutation":"Mr","First_Name":"ANKYYYYY","Middle_Name":null,"Last_Name":"TEST","Gender":"M","DateOfBirth":"10\/07\/1988","Relation_Code":"R001","Marital_Status":null,"height":"0.00","weight":"0","occupation":"O022","PrimaryMember":"Y","MemberproductComponents":[{"PlanCode":"4211","MemberQuestionDetails":[{"QuestionCode":null,"Answer":null,"Remarks":null}]}],"MemberPED":[{"PEDCode":null,"Remarks":null}],"exactDiagnosis":null,"dateOfDiagnosis":null,"lastDateConsultation":null,"detailsOfTreatmentGiven":null,"doctorName":null,"hospitalName":null,"phoneNumberHosital":null,"Nominee_First_Name":"FGDFG","Nominee_Last_Name":"DFGFG","Nominee_Contact_Number":"7655555555","Nominee_Home_Address":null,"Nominee_Relationship_Code":"R002"}]},"ReceiptCreation":{"officeLocation":"","modeOfEntry":"","cdAcNo":null,"expiryDate":null,"payerType":"","payerCode":null,"paymentBy":"","paymentByName":null,"paymentByRelationship":null,"collectionAmount":"","collectionRcvdDate":null,"collectionMode":"","remarks":null,"instrumentNumber":null,"instrumentDate":null,"bankName":null,"branchName":null,"bankLocation":null,"micrNo":null,"chequeType":null,"ifscCode":"","PaymentGatewayName":"","TerminalID":"","CardNo":null}} [] []
[2021-10-29 17:12:05] full_quote_reponse1.INFO: "<ns0:GHI_Res xmlns:ns0=\"http:\/\/ABHICL_NBP_QuickQuote_Schemas.GHI_Response\"><errorObj><ErrorNumber>00<\/ErrorNumber><ErrorMessage>Success<\/ErrorMessage><\/errorObj><policyDtls><TransactionReferenceNumber><\/TransactionReferenceNumber><QuotationNumber>XL100900110<\/QuotationNumber><CertificateNumber><\/CertificateNumber><LetterURL><\/LetterURL><ClientID><\/ClientID><ProductName>Group Activ Health<\/ProductName><ProductCode>4211<\/ProductCode><LineOfBusiness>42<\/LineOfBusiness><startDate><\/startDate><EndDate><\/EndDate><PolicyNumber>71-20-00045-00-00<\/PolicyNumber><ProposalNumber><\/ProposalNumber><PolicyStatus>PQ1<\/PolicyStatus><Tenure>1<\/Tenure><stpFlag>0<\/stpFlag><MemberCustomerID>1635507558GHIR11<\/MemberCustomerID><\/policyDtls><premium><BasePremium>10338.00<\/BasePremium><NetPremium>10338.00<\/NetPremium><GST>1860.84<\/GST><GrossPremium>12199.00<\/GrossPremium><\/premium><receiptObj><ReceiptNumber \/><ReceiptAmount \/><ExcessAmount \/><\/receiptObj><\/ns0:GHI_Res>" [] []
[2021-10-29 17:12:07] full_quote_request1.INFO: {"ClientCreation":{"Member_Customer_ID":"1635507558GPA1","salutation":"Mr","firstName":"ANKYYYYY","middleName":"","lastName":"TEST","dateofBirth":"10\/07\/1988","gender":"M","educationalQualification":null,"pinCode":"410218","uidNo":"0","maritalStatus":null,"nationality":"Indian","occupation":"O022","primaryEmailID":"ankytest@test.in","contactMobileNo":"6777777777","stdLandlineNo":null,"panNo":null,"passportNumber":null,"contactPerson":null,"annualIncome":"900000","remarks":null,"startDate":"2021-10-29","endDate":null,"IdProof":"Adhaar Card","residenceProof":null,"ageProof":null,"others":null,"homeAddressLine1":"test address","homeAddressLine2":null,"homeAddressLine3":null,"homePinCode":"410218","homeArea":null,"homeContactMobileNo":null,"homeContactMobileNo2":null,"homeSTDLandlineNo":null,"homeFaxNo":null,"sameAsHomeAddress":"1","mailingAddressLine1":null,"mailingAddressLine2":null,"mailingAddressLine3":null,"mailingPinCode":null,"mailingArea":null,"mailingContactMobileNo":null,"mailingContactMobileNo2":null,"mailingSTDLandlineNo":null,"mailingSTDLandlineNo2":null,"mailingFaxNo":null,"bankAccountType":null,"bankAccountNo":null,"ifscCode":null,"GSTIN":null,"GSTRegistrationStatus":"Consumers","IsEIAavailable":"0","ApplyEIA":"0","EIAAccountNo":null,"EIAWith":"0","AccountType":null,"AddressProof":null,"DOBProof":null,"IdentityProof":null},"PolicyCreationRequest":{"Quotation_Number":"","MasterPolicyNumber":"62-20-00065-00-00","GroupID":"GRP001","Product_Code":"4112","SumInsured_Type":null,"Policy_Tanure":"1","Member_Type_Code":"M209","intermediaryCode":"008848","AutoRenewal":"0","AutoDebit":"0","intermediaryBranchCode":"10MHMUM01","agentSignatureDate":null,"Customer_Signature_Date":null,"businessSourceChannel":null,"AssignPolicy":"0","AssigneeName":null,"leadID":"SL1635507559","Source_Name":"AXIS_GFBEW_XL","SPID":"0","TCN":null,"CRTNO":null,"RefCode1":"0","RefCode2":"051","Employee_Number":"627116","enumIsEmployeeDiscount":null,"QuoteDate":null,"IsPayment":"0","PaymentMode":null,"PolicyproductComponents":[{"PlanCode":"4112","SumInsured":"5000000","SchemeCode":"4112000003"}]},"MemObj":{"Member":[{"MemberNo":1,"Salutation":"Mr","First_Name":"ANKYYYYY","Middle_Name":null,"Last_Name":"TEST","Gender":"M","DateOfBirth":"10\/07\/1988","Relation_Code":"R001","Marital_Status":null,"height":"0.00","weight":"0","occupation":"O022","PrimaryMember":"Y","MemberproductComponents":[{"PlanCode":"4112","MemberQuestionDetails":[{"QuestionCode":null,"Answer":null,"Remarks":null}]}],"MemberPED":[{"PEDCode":null,"Remarks":null}],"exactDiagnosis":null,"dateOfDiagnosis":null,"lastDateConsultation":null,"detailsOfTreatmentGiven":null,"doctorName":null,"hospitalName":null,"phoneNumberHosital":null,"Nominee_First_Name":"FGDFG","Nominee_Last_Name":"DFGFG","Nominee_Contact_Number":"7655555555","Nominee_Home_Address":null,"Nominee_Relationship_Code":"R002"}]},"ReceiptCreation":{"officeLocation":"","modeOfEntry":"","cdAcNo":null,"expiryDate":null,"payerType":"","payerCode":null,"paymentBy":"","paymentByName":null,"paymentByRelationship":null,"collectionAmount":"","collectionRcvdDate":null,"collectionMode":"","remarks":null,"instrumentNumber":null,"instrumentDate":null,"bankName":null,"branchName":null,"bankLocation":null,"micrNo":null,"chequeType":null,"ifscCode":"","PaymentGatewayName":"","TerminalID":"","CardNo":null}} [] []
[2021-10-29 17:12:12] full_quote_reponse1.INFO: "<ns0:GFB_Res xmlns:ns0=\"http:\/\/ABHICL_NBP_QuickQuote_Schemas.GFB_Response\"><errorObj><ErrorNumber>00<\/ErrorNumber><ErrorMessage>Success<\/ErrorMessage><\/errorObj><policyDtls><TransactionReferenceNumber><\/TransactionReferenceNumber><QuotationNumber>XL100900111<\/QuotationNumber><CertificateNumber><\/CertificateNumber><LetterURL><\/LetterURL><ClientID><\/ClientID><ProductName>Group Activ Secure - Personal Accident<\/ProductName><ProductCode>4112<\/ProductCode><LineOfBusiness>41<\/LineOfBusiness><startDate><\/startDate><EndDate><\/EndDate><PolicyNumber>62-20-00065-00-00<\/PolicyNumber><ProposalNumber><\/ProposalNumber><PolicyStatus>PQ1<\/PolicyStatus><Tenure>1<\/Tenure><stpFlag>0<\/stpFlag><MemberCustomerID>1635507558GPA1<\/MemberCustomerID><\/policyDtls><premium><BasePremium>1695.00<\/BasePremium><NetPremium>1695.00<\/NetPremium><GST>305.10<\/GST><GrossPremium>2000.00<\/GrossPremium><\/premium><receiptObj><ReceiptNumber \/><ReceiptAmount \/><ExcessAmount \/><\/receiptObj><\/ns0:GFB_Res>" [] []
[2021-10-29 17:12:14] generateOTP.INFO: test [] []
[2021-10-29 17:14:51] generateOTP.INFO: test [] []
[2021-10-29 17:14:53] generateOTP.INFO: test [] []
[2021-10-29 17:15:31] generateOTP.INFO: test [] []
[2021-10-29 17:15:31] generateOTP.INFO: test [] []
[2021-10-29 17:15:33] generateOTP.INFO: test [] []
[2021-10-29 17:17:33] generateOTP.INFO: test [] []
[2021-10-29 17:17:34] generateOTP.INFO: test [] []
[2021-10-29 17:19:13] generateOTP.INFO: test [] []
[2021-10-29 17:23:15] generateOTP.INFO: test [] []
[2021-10-29 17:23:15] generateOTP.INFO: test [] []
[2021-10-29 17:23:18] generateOTP.INFO: test [] []
[2021-10-29 17:38:09] generateOTP.INFO: test [] []
[2021-10-29 17:38:13] generateOTP.INFO: test [] []
[2021-10-29 17:38:13] generateOTP.INFO: test [] []
[2021-10-29 17:38:16] generateOTP.INFO: test [] []
[2021-10-29 17:38:16] generateOTP.INFO: test [] []
[2021-10-29 17:38:20] generateOTP.INFO: test [] []
[2021-10-29 17:38:26] generateOTP.INFO: test [] []
[2021-10-29 17:38:26] generateOTP.INFO: test [] []
[2021-10-29 17:39:04] generateOTP.INFO: test [] []
[2021-10-29 17:39:06] generateOTP.INFO: test [] []
[2021-10-29 17:39:27] generateOTP.INFO: test [] []
[2021-10-29 17:39:28] generateOTP.INFO: test [] []
[2021-10-29 17:39:30] generateOTP.INFO: test [] []
[2021-10-29 17:40:22] generateOTP.INFO: test [] []
[2021-10-29 17:44:03] generateOTP.INFO: test [] []
[2021-10-29 17:44:03] generateOTP.INFO: test [] []
[2021-10-29 17:45:24] generateOTP.INFO: test [] []
[2021-10-29 17:45:24] generateOTP.INFO: test [] []
[2021-10-29 17:45:27] generateOTP.INFO: test [] []
[2021-10-29 17:45:27] generateOTP.INFO: test [] []
[2021-10-29 17:57:43] generateOTP.INFO: test [] []
[2021-10-29 18:04:10] generateOTP.INFO: test [] []
[2021-10-29 18:04:10] generateOTP.INFO: test [] []
[2021-10-29 18:06:38] generateOTP.INFO: test [] []
[2021-10-29 18:06:38] generateOTP.INFO: test [] []
[2021-10-29 18:07:11] generateOTP.INFO: test [] []
[2021-10-29 18:13:53] generateOTP.INFO: test [] []
[2021-10-29 18:13:55] generateOTP.INFO: test [] []
[2021-10-29 18:14:06] generateOTP.INFO: test [] []
[2021-10-29 18:15:49] generateOTP.INFO: test [] []
[2021-10-29 18:16:23] generateOTP.INFO: test [] []
[2021-10-29 18:16:27] generateOTP.INFO: test [] []
[2021-10-29 18:17:03] generateOTP.INFO: {"salutation":"1","firstname":"ANKY","lastname":"TEST","dob":"03-10-1996","mob_no":"6777777777","panCard":"","email":"ankytest@test.in","ref1":"0","ref2":"0","comAdd":"test address","city":"Panvel","state":"MAHARASHTRA","pin_code":"410218","ISNRI":"N","update_emp_id":"bnNZWVpwVVhnejhuTmFlc0ZReTE1QT09","edit":"0","policy_no":"470","subtype_text":"1","sum_insure":"5000000","familyConstruct":"2A","occupation":"12","anuual_income":"900000","family_members_id":"0","family_gender":"Male","first_name":"ANKY","last_name":"TEST","family_date_birth":"03-10-1996","age":"25","age_type":" years","tenure":"1 Year","mem_mob":"6777777777","mem_email":"ankytest@test.in","family_id":"","s_date":"","marriage_date":"","premium":"17299","policyNo":"470","familyDataType":"undefined","empId":"bnNZWVpwVVhnejhuTmFlc0ZReTE1QT09","product":"test123abc","declare":"[]","gender":"Male","gci_options":"undefined","gpa_options":"Yes","hidden_policy_id":"470,471","hidden_deductable":"0"} [] []
[2021-10-29 18:17:11] generateOTP.INFO: {"salutation":"1","firstname":"ANKY","lastname":"TEST","dob":"03-10-1996","mob_no":"6777777777","panCard":"","email":"ankytest@test.in","ref1":"0","ref2":"0","comAdd":"test address","city":"Panvel","state":"MAHARASHTRA","pin_code":"410218","ISNRI":"N","update_emp_id":"bnNZWVpwVVhnejhuTmFlc0ZReTE1QT09","edit":"0","policy_no":"470","subtype_text":"1","sum_insure":"5000000","familyConstruct":"2A","occupation":"12","anuual_income":"900000","family_members_id":"1","family_gender":"Female","first_name":"ANKY","last_name":"TEST","family_date_birth":"02-10-1997","age":"24","age_type":" years","tenure":"1 Year","mem_mob":"6777777777","mem_email":"ankytest@test.in","family_id":"","s_date":"","marriage_date":"","premium":"17299","policyNo":"470","familyDataType":"undefined","empId":"bnNZWVpwVVhnejhuTmFlc0ZReTE1QT09","product":"test123abc","declare":"[]","gender":"Male","gci_options":"undefined","gpa_options":"Yes","hidden_policy_id":"470,471","hidden_deductable":"0"} [] []
[2021-10-29 18:17:25] documentsSave.INFO: {"ops_type":"[]","ids":"3280,3281"} [] []
[2021-10-29 18:17:25] documentsSaveFiles.INFO: [] [] []
[2021-10-29 18:17:29] generateOTP.INFO: test [] []
[2021-10-29 18:17:29] generateOTP.INFO: test [] []
[2021-10-29 18:18:07] generateOTP.INFO: test [] []
[2021-10-29 18:18:07] generateOTP.INFO: test [] []
[2021-10-29 18:18:44] generateOTP.INFO: test [] []
[2021-10-29 18:18:44] generateOTP.INFO: test [] []
[2021-10-29 18:22:06] generateOTP.INFO: test [] []
[2021-10-29 18:22:08] full_quote_request1.INFO: {"ClientCreation":{"Member_Customer_ID":"1635511575GHIR11","salutation":"Mr","firstName":"ANKY","middleName":"","lastName":"TEST","dateofBirth":"10\/03\/1996","gender":"M","educationalQualification":null,"pinCode":"410218","uidNo":"0","maritalStatus":null,"nationality":"Indian","occupation":"O019","primaryEmailID":"ankytest@test.in","contactMobileNo":"6777777777","stdLandlineNo":null,"panNo":null,"passportNumber":null,"contactPerson":null,"annualIncome":"900000","remarks":null,"startDate":"2021-10-29","endDate":null,"IdProof":"Adhaar Card","residenceProof":null,"ageProof":null,"others":null,"homeAddressLine1":"test address","homeAddressLine2":null,"homeAddressLine3":null,"homePinCode":"410218","homeArea":null,"homeContactMobileNo":null,"homeContactMobileNo2":null,"homeSTDLandlineNo":null,"homeFaxNo":null,"sameAsHomeAddress":"1","mailingAddressLine1":null,"mailingAddressLine2":null,"mailingAddressLine3":null,"mailingPinCode":null,"mailingArea":null,"mailingContactMobileNo":null,"mailingContactMobileNo2":null,"mailingSTDLandlineNo":null,"mailingSTDLandlineNo2":null,"mailingFaxNo":null,"bankAccountType":null,"bankAccountNo":null,"ifscCode":null,"GSTIN":null,"GSTRegistrationStatus":"Consumers","IsEIAavailable":"0","ApplyEIA":"0","EIAAccountNo":null,"EIAWith":"0","AccountType":null,"AddressProof":null,"DOBProof":null,"IdentityProof":null},"PolicyCreationRequest":{"Quotation_Number":"","MasterPolicyNumber":"71-20-00045-00-00","GroupID":"GRP004","Product_Code":"4211","SumInsured_Type":null,"Policy_Tanure":"1","Member_Type_Code":"M209","intermediaryCode":"008848","AutoRenewal":"0","AutoDebit":"0","intermediaryBranchCode":"10MHMUM01","agentSignatureDate":null,"Customer_Signature_Date":null,"businessSourceChannel":null,"AssignPolicy":"0","AssigneeName":null,"leadID":"SL1635511575","Source_Name":"AXIS_GHIEW_XL","SPID":"0","TCN":null,"CRTNO":null,"RefCode1":"0","RefCode2":"051","Employee_Number":"627117","enumIsEmployeeDiscount":null,"QuoteDate":null,"IsPayment":"0","PaymentMode":null,"PolicyproductComponents":[{"PlanCode":"4211","SumInsured":"5000000","SchemeCode":"4112000003"}]},"MemObj":{"Member":[{"MemberNo":1,"Salutation":"Mr","First_Name":"ANKY","Middle_Name":null,"Last_Name":"TEST","Gender":"M","DateOfBirth":"10\/03\/1996","Relation_Code":"R001","Marital_Status":null,"height":"0.00","weight":"0","occupation":"O019","PrimaryMember":"Y","MemberproductComponents":[{"PlanCode":"4211","MemberQuestionDetails":[{"QuestionCode":null,"Answer":null,"Remarks":null}]}],"MemberPED":[{"PEDCode":null,"Remarks":null}],"exactDiagnosis":null,"dateOfDiagnosis":null,"lastDateConsultation":null,"detailsOfTreatmentGiven":null,"doctorName":null,"hospitalName":null,"phoneNumberHosital":null,"Nominee_First_Name":"ANKY","Nominee_Last_Name":"TEST","Nominee_Contact_Number":"6777777777","Nominee_Home_Address":null,"Nominee_Relationship_Code":"R002"},{"MemberNo":2,"Salutation":"Mrs","First_Name":"ANKY","Middle_Name":null,"Last_Name":"TEST","Gender":"F","DateOfBirth":"10\/02\/1997","Relation_Code":"R002","Marital_Status":null,"height":"0.00","weight":"0","occupation":"O019","PrimaryMember":"N","MemberproductComponents":[{"PlanCode":"4211","MemberQuestionDetails":[{"QuestionCode":null,"Answer":null,"Remarks":null}]}],"MemberPED":[{"PEDCode":null,"Remarks":null}],"exactDiagnosis":null,"dateOfDiagnosis":null,"lastDateConsultation":null,"detailsOfTreatmentGiven":null,"doctorName":null,"hospitalName":null,"phoneNumberHosital":null,"Nominee_First_Name":"ANKY","Nominee_Last_Name":"TEST","Nominee_Contact_Number":"6777777777","Nominee_Home_Address":null,"Nominee_Relationship_Code":"R002"}]},"ReceiptCreation":{"officeLocation":"","modeOfEntry":"","cdAcNo":null,"expiryDate":null,"payerType":"","payerCode":null,"paymentBy":"","paymentByName":null,"paymentByRelationship":null,"collectionAmount":"","collectionRcvdDate":null,"collectionMode":"","remarks":null,"instrumentNumber":null,"instrumentDate":null,"bankName":null,"branchName":null,"bankLocation":null,"micrNo":null,"chequeType":null,"ifscCode":"","PaymentGatewayName":"","TerminalID":"","CardNo":null}} [] []
[2021-10-29 18:22:12] full_quote_reponse1.INFO: "<ns0:GHI_Res xmlns:ns0=\"http:\/\/ABHICL_NBP_QuickQuote_Schemas.GHI_Response\"><errorObj><ErrorNumber>00<\/ErrorNumber><ErrorMessage>Success<\/ErrorMessage><\/errorObj><policyDtls><TransactionReferenceNumber><\/TransactionReferenceNumber><QuotationNumber>XL100900211<\/QuotationNumber><CertificateNumber><\/CertificateNumber><LetterURL><\/LetterURL><ClientID><\/ClientID><ProductName>Group Activ Health<\/ProductName><ProductCode>4211<\/ProductCode><LineOfBusiness>42<\/LineOfBusiness><startDate><\/startDate><EndDate><\/EndDate><PolicyNumber>71-20-00045-00-00<\/PolicyNumber><ProposalNumber><\/ProposalNumber><PolicyStatus>PQ1<\/PolicyStatus><Tenure>1<\/Tenure><stpFlag>0<\/stpFlag><MemberCustomerID>1635511575GHIR11<\/MemberCustomerID><\/policyDtls><premium><BasePremium>14660.00<\/BasePremium><NetPremium>14660.00<\/NetPremium><GST>2638.80<\/GST><GrossPremium>17299.00<\/GrossPremium><\/premium><receiptObj><ReceiptNumber \/><ReceiptAmount \/><ExcessAmount \/><\/receiptObj><\/ns0:GHI_Res>" [] []
[2021-10-29 18:22:12] full_quote_request1.INFO: {"ClientCreation":{"Member_Customer_ID":"1635511575GPA1","salutation":"Mr","firstName":"ANKY","middleName":"","lastName":"TEST","dateofBirth":"10\/03\/1996","gender":"M","educationalQualification":null,"pinCode":"410218","uidNo":"0","maritalStatus":null,"nationality":"Indian","occupation":"O019","primaryEmailID":"ankytest@test.in","contactMobileNo":"6777777777","stdLandlineNo":null,"panNo":null,"passportNumber":null,"contactPerson":null,"annualIncome":"900000","remarks":null,"startDate":"2021-10-29","endDate":null,"IdProof":"Adhaar Card","residenceProof":null,"ageProof":null,"others":null,"homeAddressLine1":"test address","homeAddressLine2":null,"homeAddressLine3":null,"homePinCode":"410218","homeArea":null,"homeContactMobileNo":null,"homeContactMobileNo2":null,"homeSTDLandlineNo":null,"homeFaxNo":null,"sameAsHomeAddress":"1","mailingAddressLine1":null,"mailingAddressLine2":null,"mailingAddressLine3":null,"mailingPinCode":null,"mailingArea":null,"mailingContactMobileNo":null,"mailingContactMobileNo2":null,"mailingSTDLandlineNo":null,"mailingSTDLandlineNo2":null,"mailingFaxNo":null,"bankAccountType":null,"bankAccountNo":null,"ifscCode":null,"GSTIN":null,"GSTRegistrationStatus":"Consumers","IsEIAavailable":"0","ApplyEIA":"0","EIAAccountNo":null,"EIAWith":"0","AccountType":null,"AddressProof":null,"DOBProof":null,"IdentityProof":null},"PolicyCreationRequest":{"Quotation_Number":"","MasterPolicyNumber":"62-20-00065-00-00","GroupID":"GRP001","Product_Code":"4112","SumInsured_Type":null,"Policy_Tanure":"1","Member_Type_Code":"M209","intermediaryCode":"008848","AutoRenewal":"0","AutoDebit":"0","intermediaryBranchCode":"10MHMUM01","agentSignatureDate":null,"Customer_Signature_Date":null,"businessSourceChannel":null,"AssignPolicy":"0","AssigneeName":null,"leadID":"SL1635511575","Source_Name":"AXIS_GFBEW_XL","SPID":"0","TCN":null,"CRTNO":null,"RefCode1":"0","RefCode2":"051","Employee_Number":"627117","enumIsEmployeeDiscount":null,"QuoteDate":null,"IsPayment":"0","PaymentMode":null,"PolicyproductComponents":[{"PlanCode":"4112","SumInsured":"5000000","SchemeCode":"4112000003"}]},"MemObj":{"Member":[{"MemberNo":1,"Salutation":"Mr","First_Name":"ANKY","Middle_Name":null,"Last_Name":"TEST","Gender":"M","DateOfBirth":"10\/03\/1996","Relation_Code":"R001","Marital_Status":null,"height":"0.00","weight":"0","occupation":"O019","PrimaryMember":"Y","MemberproductComponents":[{"PlanCode":"4112","MemberQuestionDetails":[{"QuestionCode":null,"Answer":null,"Remarks":null}]}],"MemberPED":[{"PEDCode":null,"Remarks":null}],"exactDiagnosis":null,"dateOfDiagnosis":null,"lastDateConsultation":null,"detailsOfTreatmentGiven":null,"doctorName":null,"hospitalName":null,"phoneNumberHosital":null,"Nominee_First_Name":"ANKY","Nominee_Last_Name":"TEST","Nominee_Contact_Number":"6777777777","Nominee_Home_Address":null,"Nominee_Relationship_Code":"R002"}]},"ReceiptCreation":{"officeLocation":"","modeOfEntry":"","cdAcNo":null,"expiryDate":null,"payerType":"","payerCode":null,"paymentBy":"","paymentByName":null,"paymentByRelationship":null,"collectionAmount":"","collectionRcvdDate":null,"collectionMode":"","remarks":null,"instrumentNumber":null,"instrumentDate":null,"bankName":null,"branchName":null,"bankLocation":null,"micrNo":null,"chequeType":null,"ifscCode":"","PaymentGatewayName":"","TerminalID":"","CardNo":null}} [] []
[2021-10-29 18:22:15] full_quote_reponse1.INFO: "<ns0:GFB_Res xmlns:ns0=\"http:\/\/ABHICL_NBP_QuickQuote_Schemas.GFB_Response\"><errorObj><ErrorNumber>00<\/ErrorNumber><ErrorMessage>Success<\/ErrorMessage><\/errorObj><policyDtls><TransactionReferenceNumber><\/TransactionReferenceNumber><QuotationNumber>XL100900212<\/QuotationNumber><CertificateNumber><\/CertificateNumber><LetterURL><\/LetterURL><ClientID><\/ClientID><ProductName>Group Activ Secure - Personal Accident<\/ProductName><ProductCode>4112<\/ProductCode><LineOfBusiness>41<\/LineOfBusiness><startDate><\/startDate><EndDate><\/EndDate><PolicyNumber>62-20-00065-00-00<\/PolicyNumber><ProposalNumber><\/ProposalNumber><PolicyStatus>PQ1<\/PolicyStatus><Tenure>1<\/Tenure><stpFlag>0<\/stpFlag><MemberCustomerID>1635511575GPA1<\/MemberCustomerID><\/policyDtls><premium><BasePremium>1695.00<\/BasePremium><NetPremium>1695.00<\/NetPremium><GST>305.10<\/GST><GrossPremium>2000.00<\/GrossPremium><\/premium><receiptObj><ReceiptNumber \/><ReceiptAmount \/><ExcessAmount \/><\/receiptObj><\/ns0:GFB_Res>" [] []
[2021-10-29 18:22:15] full_quote_request1.INFO: {"ClientCreation":{"Member_Customer_ID":"1635511575GPA2","salutation":"Mr","firstName":"ANKY","middleName":"","lastName":"TEST","dateofBirth":"10\/03\/1996","gender":"M","educationalQualification":null,"pinCode":"410218","uidNo":"0","maritalStatus":null,"nationality":"Indian","occupation":"O019","primaryEmailID":"ankytest@test.in","contactMobileNo":"6777777777","stdLandlineNo":null,"panNo":null,"passportNumber":null,"contactPerson":null,"annualIncome":"900000","remarks":null,"startDate":"2021-10-29","endDate":null,"IdProof":"Adhaar Card","residenceProof":null,"ageProof":null,"others":null,"homeAddressLine1":"test address","homeAddressLine2":null,"homeAddressLine3":null,"homePinCode":"410218","homeArea":null,"homeContactMobileNo":null,"homeContactMobileNo2":null,"homeSTDLandlineNo":null,"homeFaxNo":null,"sameAsHomeAddress":"1","mailingAddressLine1":null,"mailingAddressLine2":null,"mailingAddressLine3":null,"mailingPinCode":null,"mailingArea":null,"mailingContactMobileNo":null,"mailingContactMobileNo2":null,"mailingSTDLandlineNo":null,"mailingSTDLandlineNo2":null,"mailingFaxNo":null,"bankAccountType":null,"bankAccountNo":null,"ifscCode":null,"GSTIN":null,"GSTRegistrationStatus":"Consumers","IsEIAavailable":"0","ApplyEIA":"0","EIAAccountNo":null,"EIAWith":"0","AccountType":null,"AddressProof":null,"DOBProof":null,"IdentityProof":null},"PolicyCreationRequest":{"Quotation_Number":"","MasterPolicyNumber":"62-20-00065-00-00","GroupID":"GRP001","Product_Code":"4112","SumInsured_Type":null,"Policy_Tanure":"1","Member_Type_Code":"M209","intermediaryCode":"008848","AutoRenewal":"0","AutoDebit":"0","intermediaryBranchCode":"10MHMUM01","agentSignatureDate":null,"Customer_Signature_Date":null,"businessSourceChannel":null,"AssignPolicy":"0","AssigneeName":null,"leadID":"SL1635511575","Source_Name":"AXIS_GFBEW_XL","SPID":"0","TCN":null,"CRTNO":null,"RefCode1":"0","RefCode2":"051","Employee_Number":"627117","enumIsEmployeeDiscount":null,"QuoteDate":null,"IsPayment":"0","PaymentMode":null,"PolicyproductComponents":[{"PlanCode":"4112","SumInsured":"5000000","SchemeCode":"4112000003"}]},"MemObj":{"Member":[{"MemberNo":1,"Salutation":"Mrs","First_Name":"ANKY","Middle_Name":null,"Last_Name":"TEST","Gender":"F","DateOfBirth":"10\/02\/1997","Relation_Code":"R002","Marital_Status":null,"height":"0.00","weight":"0","occupation":"O019","PrimaryMember":"Y","MemberproductComponents":[{"PlanCode":"4112","MemberQuestionDetails":[{"QuestionCode":null,"Answer":null,"Remarks":null}]}],"MemberPED":[{"PEDCode":null,"Remarks":null}],"exactDiagnosis":null,"dateOfDiagnosis":null,"lastDateConsultation":null,"detailsOfTreatmentGiven":null,"doctorName":null,"hospitalName":null,"phoneNumberHosital":null,"Nominee_First_Name":"ANKY","Nominee_Last_Name":"TEST","Nominee_Contact_Number":"6777777777","Nominee_Home_Address":null,"Nominee_Relationship_Code":"R002"}]},"ReceiptCreation":{"officeLocation":"","modeOfEntry":"","cdAcNo":null,"expiryDate":null,"payerType":"","payerCode":null,"paymentBy":"","paymentByName":null,"paymentByRelationship":null,"collectionAmount":"","collectionRcvdDate":null,"collectionMode":"","remarks":null,"instrumentNumber":null,"instrumentDate":null,"bankName":null,"branchName":null,"bankLocation":null,"micrNo":null,"chequeType":null,"ifscCode":"","PaymentGatewayName":"","TerminalID":"","CardNo":null}} [] []
[2021-10-29 18:22:18] full_quote_reponse1.INFO: "<ns0:GFB_Res xmlns:ns0=\"http:\/\/ABHICL_NBP_QuickQuote_Schemas.GFB_Response\"><errorObj><ErrorNumber>00<\/ErrorNumber><ErrorMessage>Success<\/ErrorMessage><\/errorObj><policyDtls><TransactionReferenceNumber><\/TransactionReferenceNumber><QuotationNumber>XL100900213<\/QuotationNumber><CertificateNumber><\/CertificateNumber><LetterURL><\/LetterURL><ClientID><\/ClientID><ProductName>Group Activ Secure - Personal Accident<\/ProductName><ProductCode>4112<\/ProductCode><LineOfBusiness>41<\/LineOfBusiness><startDate><\/startDate><EndDate><\/EndDate><PolicyNumber>62-20-00065-00-00<\/PolicyNumber><ProposalNumber><\/ProposalNumber><PolicyStatus>PQ1<\/PolicyStatus><Tenure>1<\/Tenure><stpFlag>0<\/stpFlag><MemberCustomerID>1635511575GPA2<\/MemberCustomerID><\/policyDtls><premium><BasePremium>1695.00<\/BasePremium><NetPremium>1695.00<\/NetPremium><GST>305.10<\/GST><GrossPremium>2000.00<\/GrossPremium><\/premium><receiptObj><ReceiptNumber \/><ReceiptAmount \/><ExcessAmount \/><\/receiptObj><\/ns0:GFB_Res>" [] []
[2021-10-29 18:24:51] generateOTP.INFO: test [] []
[2021-10-29 18:24:51] generateOTP.INFO: test [] []
[2021-10-29 18:24:54] generateOTP.INFO: test [] []
[2021-10-29 18:25:50] generateOTP.INFO: test [] []
[2021-10-29 18:26:42] generateOTP.INFO: test [] []
[2021-10-29 18:27:32] generateOTP.INFO: test [] []
[2021-10-29 18:27:34] generateOTP.INFO: test [] []
[2021-10-29 18:27:56] generateOTP.INFO: {"salutation":"1","firstname":"rickyyy","lastname":"mate","dob":"01-10-1983","mob_no":"6555555555","panCard":"","email":"admin@ex.inn","ref1":"0","ref2":"0","comAdd":"test address","city":"Panvel","state":"MAHARASHTRA","pin_code":"410218","ISNRI":"N","update_emp_id":"eXMwOHRaN3R4MGMxSFRLMEpZdFROdz09","edit":"0","policy_no":"470","subtype_text":"1","sum_insure":"5000000","familyConstruct":"1A","occupation":"2","anuual_income":"900000","family_members_id":"0","family_gender":"Male","first_name":"rickyyy","last_name":"mate","family_date_birth":"01-10-1983","age":"38","age_type":" years","tenure":"1 Year","mem_mob":"6555555555","mem_email":"admin@ex.inn","family_id":"","s_date":"","marriage_date":"","premium":"12199","policyNo":"470","familyDataType":"undefined","empId":"eXMwOHRaN3R4MGMxSFRLMEpZdFROdz09","product":"test123abc","declare":"[]","gender":"Male","gci_options":"undefined","gpa_options":"Yes","hidden_policy_id":"470,471","hidden_deductable":"0"} [] []
[2021-10-29 18:28:12] documentsSave.INFO: {"ops_type":"[]","ids":"3282,3283"} [] []
[2021-10-29 18:28:12] documentsSaveFiles.INFO: [] [] []
[2021-10-29 18:28:16] generateOTP.INFO: test [] []
[2021-10-29 18:28:16] generateOTP.INFO: test [] []
[2021-10-29 18:28:53] generateOTP.INFO: test [] []
[2021-10-29 18:28:53] generateOTP.INFO: test [] []
[2021-10-29 18:31:12] full_quote_request1.INFO: {"ClientCreation":{"Member_Customer_ID":"1635512244GHIR11","salutation":"Mr","firstName":"rickyyy","middleName":"","lastName":"mate","dateofBirth":"10\/01\/1983","gender":"M","educationalQualification":null,"pinCode":"410218","uidNo":"0","maritalStatus":null,"nationality":"Indian","occupation":"O002","primaryEmailID":"admin@ex.inn","contactMobileNo":"6555555555","stdLandlineNo":null,"panNo":null,"passportNumber":null,"contactPerson":null,"annualIncome":"900000","remarks":null,"startDate":"2021-10-29","endDate":null,"IdProof":"Adhaar Card","residenceProof":null,"ageProof":null,"others":null,"homeAddressLine1":"test address","homeAddressLine2":null,"homeAddressLine3":null,"homePinCode":"410218","homeArea":null,"homeContactMobileNo":null,"homeContactMobileNo2":null,"homeSTDLandlineNo":null,"homeFaxNo":null,"sameAsHomeAddress":"1","mailingAddressLine1":null,"mailingAddressLine2":null,"mailingAddressLine3":null,"mailingPinCode":null,"mailingArea":null,"mailingContactMobileNo":null,"mailingContactMobileNo2":null,"mailingSTDLandlineNo":null,"mailingSTDLandlineNo2":null,"mailingFaxNo":null,"bankAccountType":null,"bankAccountNo":null,"ifscCode":null,"GSTIN":null,"GSTRegistrationStatus":"Consumers","IsEIAavailable":"0","ApplyEIA":"0","EIAAccountNo":null,"EIAWith":"0","AccountType":null,"AddressProof":null,"DOBProof":null,"IdentityProof":null},"PolicyCreationRequest":{"Quotation_Number":"","MasterPolicyNumber":"71-20-00045-00-00","GroupID":"GRP001","Product_Code":"4211","SumInsured_Type":null,"Policy_Tanure":"1","Member_Type_Code":"M209","intermediaryCode":"008848","AutoRenewal":"0","AutoDebit":"0","intermediaryBranchCode":"10MHMUM01","agentSignatureDate":null,"Customer_Signature_Date":null,"businessSourceChannel":null,"AssignPolicy":"0","AssigneeName":null,"leadID":"SL1635512244","Source_Name":"AXIS_GHIEW_XL","SPID":"0","TCN":null,"CRTNO":null,"RefCode1":"0","RefCode2":"051","Employee_Number":"627118","enumIsEmployeeDiscount":null,"QuoteDate":null,"IsPayment":"0","PaymentMode":null,"PolicyproductComponents":[{"PlanCode":"4211","SumInsured":"5000000","SchemeCode":"4112000003"}]},"MemObj":{"Member":[{"MemberNo":1,"Salutation":"Mr","First_Name":"rickyyy","Middle_Name":null,"Last_Name":"mate","Gender":"M","DateOfBirth":"10\/01\/1983","Relation_Code":"R001","Marital_Status":null,"height":"0.00","weight":"0","occupation":"O002","PrimaryMember":"Y","MemberproductComponents":[{"PlanCode":"4211","MemberQuestionDetails":[{"QuestionCode":null,"Answer":null,"Remarks":null}]}],"MemberPED":[{"PEDCode":null,"Remarks":null}],"exactDiagnosis":null,"dateOfDiagnosis":null,"lastDateConsultation":null,"detailsOfTreatmentGiven":null,"doctorName":null,"hospitalName":null,"phoneNumberHosital":null,"Nominee_First_Name":"ANKY","Nominee_Last_Name":"TEST","Nominee_Contact_Number":"9989898989","Nominee_Home_Address":null,"Nominee_Relationship_Code":"R002"}]},"ReceiptCreation":{"officeLocation":"","modeOfEntry":"","cdAcNo":null,"expiryDate":null,"payerType":"","payerCode":null,"paymentBy":"","paymentByName":null,"paymentByRelationship":null,"collectionAmount":"","collectionRcvdDate":null,"collectionMode":"","remarks":null,"instrumentNumber":null,"instrumentDate":null,"bankName":null,"branchName":null,"bankLocation":null,"micrNo":null,"chequeType":null,"ifscCode":"","PaymentGatewayName":"","TerminalID":"","CardNo":null}} [] []
[2021-10-29 18:31:16] full_quote_reponse1.INFO: "<ns0:GHI_Res xmlns:ns0=\"http:\/\/ABHICL_NBP_QuickQuote_Schemas.GHI_Response\"><errorObj><ErrorNumber>00<\/ErrorNumber><ErrorMessage>Success<\/ErrorMessage><\/errorObj><policyDtls><TransactionReferenceNumber><\/TransactionReferenceNumber><QuotationNumber>XL100900218<\/QuotationNumber><CertificateNumber><\/CertificateNumber><LetterURL><\/LetterURL><ClientID><\/ClientID><ProductName>Group Activ Health<\/ProductName><ProductCode>4211<\/ProductCode><LineOfBusiness>42<\/LineOfBusiness><startDate><\/startDate><EndDate><\/EndDate><PolicyNumber>71-20-00045-00-00<\/PolicyNumber><ProposalNumber><\/ProposalNumber><PolicyStatus>PQ1<\/PolicyStatus><Tenure>1<\/Tenure><stpFlag>0<\/stpFlag><MemberCustomerID>1635512244GHIR11<\/MemberCustomerID><\/policyDtls><premium><BasePremium>10338.00<\/BasePremium><NetPremium>10338.00<\/NetPremium><GST>1860.84<\/GST><GrossPremium>12199.00<\/GrossPremium><\/premium><receiptObj><ReceiptNumber \/><ReceiptAmount \/><ExcessAmount \/><\/receiptObj><\/ns0:GHI_Res>" [] []
[2021-10-29 18:31:16] full_quote_request1.INFO: {"ClientCreation":{"Member_Customer_ID":"1635512244GPA1","salutation":"Mr","firstName":"rickyyy","middleName":"","lastName":"mate","dateofBirth":"10\/01\/1983","gender":"M","educationalQualification":null,"pinCode":"410218","uidNo":"0","maritalStatus":null,"nationality":"Indian","occupation":"O002","primaryEmailID":"admin@ex.inn","contactMobileNo":"6555555555","stdLandlineNo":null,"panNo":null,"passportNumber":null,"contactPerson":null,"annualIncome":"900000","remarks":null,"startDate":"2021-10-29","endDate":null,"IdProof":"Adhaar Card","residenceProof":null,"ageProof":null,"others":null,"homeAddressLine1":"test address","homeAddressLine2":null,"homeAddressLine3":null,"homePinCode":"410218","homeArea":null,"homeContactMobileNo":null,"homeContactMobileNo2":null,"homeSTDLandlineNo":null,"homeFaxNo":null,"sameAsHomeAddress":"1","mailingAddressLine1":null,"mailingAddressLine2":null,"mailingAddressLine3":null,"mailingPinCode":null,"mailingArea":null,"mailingContactMobileNo":null,"mailingContactMobileNo2":null,"mailingSTDLandlineNo":null,"mailingSTDLandlineNo2":null,"mailingFaxNo":null,"bankAccountType":null,"bankAccountNo":null,"ifscCode":null,"GSTIN":null,"GSTRegistrationStatus":"Consumers","IsEIAavailable":"0","ApplyEIA":"0","EIAAccountNo":null,"EIAWith":"0","AccountType":null,"AddressProof":null,"DOBProof":null,"IdentityProof":null},"PolicyCreationRequest":{"Quotation_Number":"","MasterPolicyNumber":"62-20-00065-00-00","GroupID":"GRP001","Product_Code":"4112","SumInsured_Type":null,"Policy_Tanure":"1","Member_Type_Code":"M209","intermediaryCode":"008848","AutoRenewal":"0","AutoDebit":"0","intermediaryBranchCode":"10MHMUM01","agentSignatureDate":null,"Customer_Signature_Date":null,"businessSourceChannel":null,"AssignPolicy":"0","AssigneeName":null,"leadID":"SL1635512244","Source_Name":"AXIS_GFBEW_XL","SPID":"0","TCN":null,"CRTNO":null,"RefCode1":"0","RefCode2":"051","Employee_Number":"627118","enumIsEmployeeDiscount":null,"QuoteDate":null,"IsPayment":"0","PaymentMode":null,"PolicyproductComponents":[{"PlanCode":"4112","SumInsured":"5000000","SchemeCode":"4112000003"}]},"MemObj":{"Member":[{"MemberNo":1,"Salutation":"Mr","First_Name":"rickyyy","Middle_Name":null,"Last_Name":"mate","Gender":"M","DateOfBirth":"10\/01\/1983","Relation_Code":"R001","Marital_Status":null,"height":"0.00","weight":"0","occupation":"O002","PrimaryMember":"Y","MemberproductComponents":[{"PlanCode":"4112","MemberQuestionDetails":[{"QuestionCode":null,"Answer":null,"Remarks":null}]}],"MemberPED":[{"PEDCode":null,"Remarks":null}],"exactDiagnosis":null,"dateOfDiagnosis":null,"lastDateConsultation":null,"detailsOfTreatmentGiven":null,"doctorName":null,"hospitalName":null,"phoneNumberHosital":null,"Nominee_First_Name":"ANKY","Nominee_Last_Name":"TEST","Nominee_Contact_Number":"9989898989","Nominee_Home_Address":null,"Nominee_Relationship_Code":"R002"}]},"ReceiptCreation":{"officeLocation":"","modeOfEntry":"","cdAcNo":null,"expiryDate":null,"payerType":"","payerCode":null,"paymentBy":"","paymentByName":null,"paymentByRelationship":null,"collectionAmount":"","collectionRcvdDate":null,"collectionMode":"","remarks":null,"instrumentNumber":null,"instrumentDate":null,"bankName":null,"branchName":null,"bankLocation":null,"micrNo":null,"chequeType":null,"ifscCode":"","PaymentGatewayName":"","TerminalID":"","CardNo":null}} [] []
[2021-10-29 18:31:21] full_quote_reponse1.INFO: "<ns0:GFB_Res xmlns:ns0=\"http:\/\/ABHICL_NBP_QuickQuote_Schemas.GFB_Response\"><errorObj><ErrorNumber>00<\/ErrorNumber><ErrorMessage>Success<\/ErrorMessage><\/errorObj><policyDtls><TransactionReferenceNumber><\/TransactionReferenceNumber><QuotationNumber>XL100900219<\/QuotationNumber><CertificateNumber><\/CertificateNumber><LetterURL><\/LetterURL><ClientID><\/ClientID><ProductName>Group Activ Secure - Personal Accident<\/ProductName><ProductCode>4112<\/ProductCode><LineOfBusiness>41<\/LineOfBusiness><startDate><\/startDate><EndDate><\/EndDate><PolicyNumber>62-20-00065-00-00<\/PolicyNumber><ProposalNumber><\/ProposalNumber><PolicyStatus>PQ1<\/PolicyStatus><Tenure>1<\/Tenure><stpFlag>0<\/stpFlag><MemberCustomerID>1635512244GPA1<\/MemberCustomerID><\/policyDtls><premium><BasePremium>1695.00<\/BasePremium><NetPremium>1695.00<\/NetPremium><GST>305.10<\/GST><GrossPremium>2000.00<\/GrossPremium><\/premium><receiptObj><ReceiptNumber \/><ReceiptAmount \/><ExcessAmount \/><\/receiptObj><\/ns0:GFB_Res>" [] []
[2021-10-29 18:34:27] generateOTP.INFO: test [] []
[2021-10-29 18:34:27] generateOTP.INFO: test [] []
[2021-10-29 18:35:08] generateOTP.INFO: test [] []
[2021-10-29 18:35:49] generateOTP.INFO: test [] []
[2021-10-29 18:36:24] generateOTP.INFO: test [] []
[2021-10-29 18:38:14] generateOTP.INFO: test [] []
[2021-10-29 18:39:23] generateOTP.INFO: test [] []
[2021-10-29 18:39:26] generateOTP.INFO: test [] []
[2021-10-29 18:40:21] generateOTP.INFO: test [] []
[2021-10-29 18:40:24] generateOTP.INFO: test [] []
[2021-10-29 18:40:46] generateOTP.INFO: test [] []
[2021-10-29 18:40:48] generateOTP.INFO: test [] []
[2021-10-29 18:40:51] generateOTP.INFO: test [] []
[2021-10-29 18:41:02] generateOTP.INFO: test [] []
[2021-10-29 18:41:06] generateOTP.INFO: test [] []
[2021-10-29 18:41:06] generateOTP.INFO: test [] []
[2021-10-29 18:41:09] generateOTP.INFO: test [] []
[2021-10-29 18:41:47] generateOTP.INFO: test [] []
[2021-10-29 18:41:47] generateOTP.INFO: test [] []
[2021-10-29 18:41:50] generateOTP.INFO: test [] []
[2021-10-29 18:42:08] generateOTP.INFO: test [] []
[2021-10-29 18:42:12] generateOTP.INFO: test [] []
[2021-10-29 18:42:12] generateOTP.INFO: test [] []
[2021-10-29 18:42:14] generateOTP.INFO: test [] []
[2021-10-29 18:45:14] generateOTP.INFO: test [] []
[2021-10-29 18:45:33] generateOTP.INFO: test [] []
[2021-10-29 18:46:32] generateOTP.INFO: test [] []
[2021-10-29 18:46:37] generateOTP.INFO: test [] []
[2021-10-29 18:47:28] generateOTP.INFO: test [] []
[2021-10-29 18:47:44] generateOTP.INFO: test [] []
[2021-10-29 18:47:49] generateOTP.INFO: test [] []
[2021-10-29 18:48:16] generateOTP.INFO: test [] []
[2021-10-29 18:49:37] generateOTP.INFO: test [] []
[2021-10-29 18:50:16] generateOTP.INFO: test [] []
[2021-10-29 18:52:17] generateOTP.INFO: test [] []
[2021-10-29 18:52:46] generateOTP.INFO: test [] []
[2021-10-29 18:53:13] full_quote_request2.INFO: {"ClientCreation":{"Member_Customer_ID":"1635512244GHIR11","salutation":"Mr","firstName":"rickyyy","middleName":"","lastName":"mate","dateofBirth":"10\/01\/1983","gender":"M","educationalQualification":null,"pinCode":"410218","uidNo":"0","maritalStatus":null,"nationality":"Indian","occupation":"O002","primaryEmailID":"admin@ex.inn","contactMobileNo":"6555555555","stdLandlineNo":null,"panNo":null,"passportNumber":null,"contactPerson":null,"annualIncome":"900000","remarks":null,"startDate":"2021-10-29","endDate":null,"IdProof":"Adhaar Card","residenceProof":null,"ageProof":null,"others":null,"homeAddressLine1":"test address","homeAddressLine2":null,"homeAddressLine3":null,"homePinCode":"410218","homeArea":null,"homeContactMobileNo":null,"homeContactMobileNo2":null,"homeSTDLandlineNo":null,"homeFaxNo":null,"sameAsHomeAddress":"1","mailingAddressLine1":null,"mailingAddressLine2":null,"mailingAddressLine3":null,"mailingPinCode":null,"mailingArea":null,"mailingContactMobileNo":null,"mailingContactMobileNo2":null,"mailingSTDLandlineNo":null,"mailingSTDLandlineNo2":null,"mailingFaxNo":null,"bankAccountType":null,"bankAccountNo":null,"ifscCode":null,"GSTIN":null,"GSTRegistrationStatus":"Consumers","IsEIAavailable":"0","ApplyEIA":"0","EIAAccountNo":null,"EIAWith":"0","AccountType":null,"AddressProof":null,"DOBProof":null,"IdentityProof":null},"PolicyCreationRequest":{"Quotation_Number":"XL100900218","MasterPolicyNumber":"71-20-00045-00-00","GroupID":"GRP001","Product_Code":"4211","SumInsured_Type":null,"Policy_Tanure":"1","Member_Type_Code":"M209","intermediaryCode":"008848","AutoRenewal":"0","AutoDebit":"0","intermediaryBranchCode":"10MHMUM01","agentSignatureDate":null,"Customer_Signature_Date":null,"businessSourceChannel":null,"AssignPolicy":"0","AssigneeName":null,"leadID":"SL1635512244","Source_Name":"AXIS_GHIEW_XL","SPID":"0","TCN":null,"CRTNO":null,"RefCode1":"0","RefCode2":"051","Employee_Number":"627118","enumIsEmployeeDiscount":null,"QuoteDate":null,"IsPayment":"1","PaymentMode":null,"PolicyproductComponents":[{"PlanCode":"4211","SumInsured":"5000000","SchemeCode":"4112000003"}]},"MemObj":{"Member":[{"MemberNo":1,"Salutation":"Mr","First_Name":"rickyyy","Middle_Name":null,"Last_Name":"mate","Gender":"M","DateOfBirth":"10\/01\/1983","Relation_Code":"R001","Marital_Status":null,"height":"0.00","weight":"0","occupation":"O002","PrimaryMember":"Y","MemberproductComponents":[{"PlanCode":"4211","MemberQuestionDetails":[{"QuestionCode":null,"Answer":null,"Remarks":null}]}],"MemberPED":[{"PEDCode":null,"Remarks":null}],"exactDiagnosis":null,"dateOfDiagnosis":null,"lastDateConsultation":null,"detailsOfTreatmentGiven":null,"doctorName":null,"hospitalName":null,"phoneNumberHosital":null,"Nominee_First_Name":"ANKY","Nominee_Last_Name":"TEST","Nominee_Contact_Number":"9989898989","Nominee_Home_Address":null,"Nominee_Relationship_Code":"R002"}]},"ReceiptCreation":{"officeLocation":"Mumbai","modeOfEntry":"Direct","cdAcNo":null,"expiryDate":null,"payerType":"Customer","payerCode":null,"paymentBy":"Customer","paymentByName":null,"paymentByRelationship":null,"collectionAmount":12199,"collectionRcvdDate":"2021-10-29","collectionMode":"online","remarks":null,"instrumentNumber":"pay_IFA4ckmznw5PET","instrumentDate":"2021-10-29","bankName":"Axis Bank Ltd","branchName":"","bankLocation":null,"micrNo":null,"chequeType":null,"ifscCode":"","PaymentGatewayName":"AXIS_GHIEW_XL","TerminalID":"76006448","CardNo":null},"CombiCreation":{"Combi_flag":"1","Combi_identifier":"leadid","Combi_value":"SL1635512244","Combi_code":"AXIS_GHIEW_XL","Combi_Count":2,"Combi_product_count":1}} [] []
[2021-10-29 18:53:19] full_quote_reponse2.INFO: "<ns0:GHI_Res xmlns:ns0=\"http:\/\/ABHICL_NBP_QuickQuote_Schemas.GHI_Response\"><errorObj><ErrorNumber>00<\/ErrorNumber><ErrorMessage>Success<\/ErrorMessage><\/errorObj><policyDtls><TransactionReferenceNumber><\/TransactionReferenceNumber><QuotationNumber>XL100900218<\/QuotationNumber><CertificateNumber>GHI-XL-21-2000431<\/CertificateNumber><LetterURL>https:\/\/abpb.adityabirlahealth.com\/hbletter\/viewletter.aspx?ABH=1044784&amp;TRM=GHI-XL-21-2000431<\/LetterURL><ClientID>0001538065<\/ClientID><ProductName>Group Activ Health<\/ProductName><ProductCode>4211<\/ProductCode><LineOfBusiness>42<\/LineOfBusiness><startDate>10\/29\/2021 12:00:00 AM<\/startDate><EndDate>10\/28\/2022 11:59:00 PM<\/EndDate><PolicyNumber>71-20-00045-00-00<\/PolicyNumber><ProposalNumber>XL100900218<\/ProposalNumber><PolicyStatus>IF<\/PolicyStatus><Tenure>1<\/Tenure><stpFlag>0<\/stpFlag><MemberCustomerID>1635512244GHIR11<\/MemberCustomerID><\/policyDtls><premium><BasePremium>10338.00<\/BasePremium><NetPremium>10338.00<\/NetPremium><GST>1860.84<\/GST><GrossPremium>12199.00<\/GrossPremium><\/premium><receiptObj><ReceiptNumber>R70157468<\/ReceiptNumber><ReceiptAmount>12199.00<\/ReceiptAmount><ExcessAmount>0.00<\/ExcessAmount><\/receiptObj><\/ns0:GHI_Res>" [] []
[2021-10-29 18:53:20] api_insert.INFO: {"emp_id":"627118","proposal_id":"3282","member_fr_id":"","client_id":"0001538065","certificate_number":"GHI-XL-21-2000431","quotation_no":"XL100900218","proposal_no":"XL100900218","policy_no":"71-20-00045-00-00","gross_premium":"12199.00","status":"Success","start_date":"10\/29\/2021 12:00:00 AM","end_date":"10\/28\/2022 11:59:00 PM","created_date":"2021-10-29 18:53:19","proposal_no_lead":"P-1714958935157777","PolicyStatus":"IF","letter_url":"https:\/\/abpb.adityabirlahealth.com\/hbletter\/viewletter.aspx?ABH=1044784&TRM=GHI-XL-21-2000431","CustomerID":"1635512244GHIR11","MemberCustomerID":"1635512244GHIR11","create_policy_type":0,"ReceiptNumber":"R70157468"} [] []
[2021-10-29 18:53:23] full_quote_request2.INFO: {"ClientCreation":{"Member_Customer_ID":"1635512244GPA1","salutation":"Mr","firstName":"rickyyy","middleName":"","lastName":"mate","dateofBirth":"10\/01\/1983","gender":"M","educationalQualification":null,"pinCode":"410218","uidNo":"0","maritalStatus":null,"nationality":"Indian","occupation":"O002","primaryEmailID":"admin@ex.inn","contactMobileNo":"6555555555","stdLandlineNo":null,"panNo":null,"passportNumber":null,"contactPerson":null,"annualIncome":"900000","remarks":null,"startDate":"2021-10-29","endDate":null,"IdProof":"Adhaar Card","residenceProof":null,"ageProof":null,"others":null,"homeAddressLine1":"test address","homeAddressLine2":null,"homeAddressLine3":null,"homePinCode":"410218","homeArea":null,"homeContactMobileNo":null,"homeContactMobileNo2":null,"homeSTDLandlineNo":null,"homeFaxNo":null,"sameAsHomeAddress":"1","mailingAddressLine1":null,"mailingAddressLine2":null,"mailingAddressLine3":null,"mailingPinCode":null,"mailingArea":null,"mailingContactMobileNo":null,"mailingContactMobileNo2":null,"mailingSTDLandlineNo":null,"mailingSTDLandlineNo2":null,"mailingFaxNo":null,"bankAccountType":null,"bankAccountNo":null,"ifscCode":null,"GSTIN":null,"GSTRegistrationStatus":"Consumers","IsEIAavailable":"0","ApplyEIA":"0","EIAAccountNo":null,"EIAWith":"0","AccountType":null,"AddressProof":null,"DOBProof":null,"IdentityProof":null},"PolicyCreationRequest":{"Quotation_Number":"XL100900219","MasterPolicyNumber":"62-20-00065-00-00","GroupID":"GRP001","Product_Code":"4112","SumInsured_Type":null,"Policy_Tanure":"1","Member_Type_Code":"M209","intermediaryCode":"008848","AutoRenewal":"0","AutoDebit":"0","intermediaryBranchCode":"10MHMUM01","agentSignatureDate":null,"Customer_Signature_Date":null,"businessSourceChannel":null,"AssignPolicy":"0","AssigneeName":null,"leadID":"SL1635512244","Source_Name":"AXIS_GFBEW_XL","SPID":"0","TCN":null,"CRTNO":null,"RefCode1":"0","RefCode2":"051","Employee_Number":"627118","enumIsEmployeeDiscount":null,"QuoteDate":null,"IsPayment":"1","PaymentMode":null,"PolicyproductComponents":[{"PlanCode":"4112","SumInsured":"5000000","SchemeCode":"4112000003"}]},"MemObj":{"Member":[{"MemberNo":1,"Salutation":"Mr","First_Name":"rickyyy","Middle_Name":null,"Last_Name":"mate","Gender":"M","DateOfBirth":"10\/01\/1983","Relation_Code":"R001","Marital_Status":null,"height":"0.00","weight":"0","occupation":"O002","PrimaryMember":"Y","MemberproductComponents":[{"PlanCode":"4112","MemberQuestionDetails":[{"QuestionCode":null,"Answer":null,"Remarks":null}]}],"MemberPED":[{"PEDCode":null,"Remarks":null}],"exactDiagnosis":null,"dateOfDiagnosis":null,"lastDateConsultation":null,"detailsOfTreatmentGiven":null,"doctorName":null,"hospitalName":null,"phoneNumberHosital":null,"Nominee_First_Name":"ANKY","Nominee_Last_Name":"TEST","Nominee_Contact_Number":"9989898989","Nominee_Home_Address":null,"Nominee_Relationship_Code":"R002"}]},"ReceiptCreation":{"officeLocation":"Mumbai","modeOfEntry":"Direct","cdAcNo":null,"expiryDate":null,"payerType":"Customer","payerCode":null,"paymentBy":"Customer","paymentByName":null,"paymentByRelationship":null,"collectionAmount":2001,"collectionRcvdDate":"2021-10-29","collectionMode":"online","remarks":null,"instrumentNumber":"pay_IFA4ckmznw5PET","instrumentDate":"2021-10-29","bankName":"Axis Bank Ltd","branchName":"","bankLocation":null,"micrNo":null,"chequeType":null,"ifscCode":"","PaymentGatewayName":"AXIS_GFBEW_XL","TerminalID":"76006448","CardNo":null},"CombiCreation":{"Combi_flag":"1","Combi_identifier":"leadid","Combi_value":"SL1635512244","Combi_code":"AXIS_GFBEW_XL","Combi_Count":2,"Combi_product_count":1}} [] []
[2021-10-29 18:53:26] full_quote_reponse2.INFO: "<ns0:GFB_Res xmlns:ns0=\"http:\/\/ABHICL_NBP_QuickQuote_Schemas.GFB_Response\"><errorObj><ErrorNumber>00<\/ErrorNumber><ErrorMessage>Success<\/ErrorMessage><\/errorObj><policyDtls><TransactionReferenceNumber><\/TransactionReferenceNumber><QuotationNumber>XL100900219<\/QuotationNumber><CertificateNumber>GPA-XL-21-2000316<\/CertificateNumber><LetterURL>https:\/\/abpb.adityabirlahealth.com\/hbletter\/viewletter.aspx?ABH=1044785&amp;TRM=GPA-XL-21-2000316<\/LetterURL><ClientID>0001538066<\/ClientID><ProductName>Group Activ Secure<\/ProductName><ProductCode>4000<\/ProductCode><LineOfBusiness>40<\/LineOfBusiness><startDate>10\/29\/2021 12:00:00 AM<\/startDate><EndDate>10\/28\/2022 11:59:00 PM<\/EndDate><PolicyNumber>62-20-00065-00-00<\/PolicyNumber><ProposalNumber>XL100900219<\/ProposalNumber><PolicyStatus>IF<\/PolicyStatus><Tenure>1<\/Tenure><stpFlag>0<\/stpFlag><MemberCustomerID>1635512244GPA1<\/MemberCustomerID><\/policyDtls><premium><BasePremium>1695.00<\/BasePremium><NetPremium>1695.00<\/NetPremium><GST>305.10<\/GST><GrossPremium>2000.00<\/GrossPremium><\/premium><receiptObj><ReceiptNumber>R70157469<\/ReceiptNumber><ReceiptAmount>2001.00<\/ReceiptAmount><ExcessAmount>1.00<\/ExcessAmount><\/receiptObj><\/ns0:GFB_Res>" [] []
[2021-10-29 18:53:27] api_insert.INFO: {"emp_id":"627118","proposal_id":"3283","member_fr_id":"0","client_id":"0001538066","certificate_number":"GPA-XL-21-2000316","quotation_no":"XL100900219","proposal_no":"XL100900219","policy_no":"62-20-00065-00-00","gross_premium":"2000.00","status":"Success","start_date":"10\/29\/2021 12:00:00 AM","end_date":"10\/28\/2022 11:59:00 PM","created_date":"2021-10-29 18:53:27","proposal_no_lead":"P-1714958936335769","PolicyStatus":"IF","letter_url":"https:\/\/abpb.adityabirlahealth.com\/hbletter\/viewletter.aspx?ABH=1044785&TRM=GPA-XL-21-2000316","CustomerID":"1635512244GPA1","MemberCustomerID":"1635512244GPA1","create_policy_type":0,"ReceiptNumber":"R70157469"} [] []
[2021-10-29 18:53:30] generateOTP.INFO: test [] []
[2021-10-29 18:53:30] generateOTP.INFO: test [] []
[2021-10-29 19:31:10] generateOTP.INFO: test [] []
[2021-10-29 19:31:11] generateOTP.INFO: test [] []
[2021-10-29 19:31:12] generateOTP.INFO: test [] []
[2021-10-29 19:31:19] generateOTP.INFO: test [] []
[2021-10-29 19:31:22] generateOTP.INFO: test [] []
[2021-10-29 19:31:24] generateOTP.INFO: test [] []
[2021-10-29 20:30:43] generateOTP.INFO: test [] []
[2021-10-29 20:30:44] generateOTP.INFO: test [] []
[2021-10-29 20:34:48] generateOTP.INFO: test [] []
[2021-10-29 20:34:48] generateOTP.INFO: test [] []
[2021-10-29 20:34:49] generateOTP.INFO: test [] []
[2021-10-29 21:17:20] generateOTP.INFO: test [] []
[2021-10-29 21:17:25] generateOTP.INFO: test [] []
[2021-10-29 21:17:26] generateOTP.INFO: test [] []
[2021-10-29 21:44:42] generateOTP.INFO: test [] []
[2021-10-29 21:44:44] generateOTP.INFO: test [] []
[2021-10-29 21:44:45] generateOTP.INFO: test [] []
[2021-10-29 21:46:24] generateOTP.INFO: test [] []
[2021-10-29 21:46:31] generateOTP.INFO: test [] []
[2021-10-29 21:46:32] generateOTP.INFO: test [] []
[2021-10-29 22:42:24] generateOTP.INFO: test [] []
[2021-10-29 22:42:26] generateOTP.INFO: test [] []
[2021-10-29 22:42:27] generateOTP.INFO: test [] []
[2021-10-29 23:18:07] generateOTP.INFO: test [] []
[2021-10-29 23:18:08] generateOTP.INFO: test [] []
[2021-10-29 23:18:08] generateOTP.INFO: test [] []
[2021-10-29 23:32:17] generateOTP.INFO: test [] []
[2021-10-29 23:32:19] generateOTP.INFO: test [] []
[2021-10-29 23:32:21] generateOTP.INFO: test [] []
[2021-10-29 23:33:32] generateOTP.INFO: test [] []
[2021-10-29 23:33:34] generateOTP.INFO: test [] []
[2021-10-29 23:33:35] generateOTP.INFO: test [] []
