[2021-01-30 10:13:41] generateOTP.INFO: test [] []
[2021-01-30 10:21:26] generateOTP.INFO: test [] []
[2021-01-30 10:21:43] generateOTP.INFO: test [] []
[2021-01-30 10:21:52] generateOTP.INFO: test [] []
[2021-01-30 10:24:55] generateOTP.INFO: test [] []
[2021-01-30 10:25:03] generateOTP.INFO: test [] []
[2021-01-30 10:25:56] generateOTP.INFO: test [] []
[2021-01-30 10:26:18] generateOTP.INFO: test [] []
[2021-01-30 10:29:00] generateOTP.INFO: test [] []
[2021-01-30 10:31:43] generateOTP.INFO: test [] []
[2021-01-30 10:31:44] generateOTP.INFO: test [] []
[2021-01-30 10:31:54] generateOTP.INFO: test [] []
[2021-01-30 10:32:12] generateOTP.INFO: test [] []
[2021-01-30 11:00:48] generateOTP.INFO: test [] []
[2021-01-30 11:02:35] generateOTP.INFO: test [] []
[2021-01-30 11:03:46] generateOTP.INFO: test [] []
[2021-01-30 11:10:07] generateOTP.INFO: test [] []
[2021-01-30 11:21:15] generateOTP.INFO: test [] []
[2021-01-30 11:21:15] generateOTP.INFO: test [] []
[2021-01-30 11:21:16] generateOTP.INFO: test [] []
[2021-01-30 11:21:23] generateOTP.INFO: test [] []
[2021-01-30 11:21:37] generateOTP.INFO: test [] []
[2021-01-30 11:22:46] generateOTP.INFO: test [] []
[2021-01-30 11:23:43] generateOTP.INFO: test [] []
[2021-01-30 11:24:08] generateOTP.INFO: test [] []
[2021-01-30 11:34:46] generateOTP.INFO: test [] []
[2021-01-30 11:37:35] generateOTP.INFO: test [] []
[2021-01-30 11:42:32] generateOTP.INFO: test [] []
[2021-01-30 11:44:58] generateOTP.INFO: test [] []
[2021-01-30 11:48:35] generateOTP.INFO: test [] []
[2021-01-30 11:50:18] generateOTP.INFO: test [] []
[2021-01-30 11:50:44] generateOTP.INFO: test [] []
[2021-01-30 11:51:29] generateOTP.INFO: test [] []
[2021-01-30 11:57:01] generateOTP.INFO: test [] []
[2021-01-30 11:57:03] generateOTP.INFO: test [] []
[2021-01-30 11:57:04] generateOTP.INFO: test [] []
[2021-01-30 11:57:08] generateOTP.INFO: test [] []
[2021-01-30 11:57:08] generateOTP.INFO: test [] []
[2021-01-30 11:57:32] generateOTP.INFO: test [] []
[2021-01-30 11:57:37] generateOTP.INFO: test [] []
[2021-01-30 11:57:54] generateOTP.INFO: test [] []
[2021-01-30 11:58:01] generateOTP.INFO: test [] []
[2021-01-30 12:03:25] generateOTP.INFO: test [] []
[2021-01-30 12:03:58] generateOTP.INFO: test [] []
[2021-01-30 12:03:58] generateOTP.INFO: test [] []
[2021-01-30 12:04:02] generateOTP.INFO: test [] []
[2021-01-30 12:04:03] generateOTP.INFO: test [] []
[2021-01-30 12:04:10] generateOTP.INFO: test [] []
[2021-01-30 12:04:12] generateOTP.INFO: test [] []
[2021-01-30 12:04:12] generateOTP.INFO: test [] []
[2021-01-30 12:04:20] generateOTP.INFO: test [] []
[2021-01-30 12:04:37] generateOTP.INFO: test [] []
[2021-01-30 12:05:56] generateOTP.INFO: test [] []
[2021-01-30 12:05:56] generateOTP.INFO: test [] []
[2021-01-30 12:05:56] generateOTP.INFO: test [] []
[2021-01-30 12:06:10] generateOTP.INFO: test [] []
[2021-01-30 12:06:24] generateOTP.INFO: test [] []
[2021-01-30 12:08:33] generateOTP.INFO: test [] []
[2021-01-30 12:08:51] generateOTP.INFO: test [] []
[2021-01-30 12:08:58] generateOTP.INFO: test [] []
[2021-01-30 12:11:04] generateOTP.INFO: test [] []
[2021-01-30 12:17:09] generateOTP.INFO: test [] []
[2021-01-30 12:27:46] generateOTP.INFO: test [] []
[2021-01-30 12:30:09] generateOTP.INFO: test [] []
[2021-01-30 12:37:16] generateOTP.INFO: test [] []
[2021-01-30 12:38:45] generateOTP.INFO: test [] []
[2021-01-30 12:43:32] generateOTP.INFO: test [] []
[2021-01-30 12:43:45] generateOTP.INFO: test [] []
[2021-01-30 12:43:52] generateOTP.INFO: test [] []
[2021-01-30 12:43:53] generateOTP.INFO: test [] []
[2021-01-30 12:44:11] generateOTP.INFO: test [] []
[2021-01-30 12:44:24] generateOTP.INFO: test [] []
[2021-01-30 12:45:09] generateOTP.INFO: test [] []
[2021-01-30 12:45:15] generateOTP.INFO: test [] []
[2021-01-30 12:45:33] generateOTP.INFO: test [] []
[2021-01-30 12:48:37] generateOTP.INFO: test [] []
[2021-01-30 12:53:11] generateOTP.INFO: test [] []
[2021-01-30 12:55:33] generateOTP.INFO: test [] []
[2021-01-30 12:57:29] generateOTP.INFO: test [] []
[2021-01-30 13:02:30] generateOTP.INFO: test [] []
[2021-01-30 13:03:00] generateOTP.INFO: test [] []
[2021-01-30 13:03:05] generateOTP.INFO: test [] []
[2021-01-30 13:03:17] generateOTP.INFO: test [] []
[2021-01-30 13:04:03] generateOTP.INFO: test [] []
[2021-01-30 13:04:39] generateOTP.INFO: test [] []
[2021-01-30 13:09:16] generateOTP.INFO: test [] []
[2021-01-30 13:13:23] generateOTP.INFO: test [] []
[2021-01-30 13:17:00] generateOTP.INFO: test [] []
[2021-01-30 13:17:01] generateOTP.INFO: test [] []
[2021-01-30 13:17:02] generateOTP.INFO: test [] []
[2021-01-30 13:17:02] generateOTP.INFO: test [] []
[2021-01-30 13:17:06] generateOTP.INFO: test [] []
[2021-01-30 13:17:07] generateOTP.INFO: test [] []
[2021-01-30 13:17:29] generateOTP.INFO: test [] []
[2021-01-30 13:17:34] generateOTP.INFO: test [] []
[2021-01-30 13:17:45] generateOTP.INFO: test [] []
[2021-01-30 13:17:45] generateOTP.INFO: test [] []
[2021-01-30 13:17:45] generateOTP.INFO: test [] []
[2021-01-30 13:18:03] generateOTP.INFO: test [] []
[2021-01-30 13:18:19] generateOTP.INFO: test [] []
[2021-01-30 13:18:19] generateOTP.INFO: test [] []
[2021-01-30 13:18:21] generateOTP.INFO: test [] []
[2021-01-30 13:18:23] generateOTP.INFO: test [] []
[2021-01-30 13:18:24] generateOTP.INFO: test [] []
[2021-01-30 13:18:30] generateOTP.INFO: test [] []
[2021-01-30 13:18:44] generateOTP.INFO: test [] []
[2021-01-30 13:20:32] generateOTP.INFO: test [] []
[2021-01-30 13:20:32] generateOTP.INFO: test [] []
[2021-01-30 13:20:32] generateOTP.INFO: test [] []
[2021-01-30 13:20:46] generateOTP.INFO: test [] []
[2021-01-30 13:20:52] generateOTP.INFO: test [] []
[2021-01-30 13:21:08] generateOTP.INFO: test [] []
[2021-01-30 13:21:08] generateOTP.INFO: test [] []
[2021-01-30 13:22:31] generateOTP.INFO: test [] []
[2021-01-30 13:24:27] generateOTP.INFO: test [] []
[2021-01-30 13:25:06] generateOTP.INFO: {"salutation":"1","firstname":"test","lastname":"BANKING","dob":"19-12-1988","mob_no":"7010444138","panCard":"XXXXXX456A","email":"jack@gmail.com","ref1":"1","ref2":"1","comAdd":"Om hrad ntalatiof, holOmshre, talathioficeeachol, OmshreeSada9talathi","city":"Illuppur","state":"TAMIL NADU","pin_code":"622103","ISNRI":"N","update_emp_id":"dEtibzNaUVhsWjgzU1ZYVld3WDdadz09","edit":"0","policy_no":"470","subtype_text":"1","sum_insure":"7500000","anuual_income":"","familyConstruct":"1A","family_members_id":"0","family_gender":"Male","first_name":"test","last_name":"BANKING","family_date_birth":"19-12-1988","age":"32","age_type":" years","tenure":"1 Year","family_id":"","s_date":"06-01-1995","marriage_date":"","premium":"12799","policyNo":"470","familyDataType":"undefined","empId":"dEtibzNaUVhsWjgzU1ZYVld3WDdadz09","product":"test123abc","declare":"[]","gender":"Male","gci_options":"undefined","gpa_options":"No"} [] []
[2021-01-30 13:26:32] generateOTP.INFO: test [] []
[2021-01-30 13:26:51] generateOTP.INFO: test [] []
[2021-01-30 13:27:25] generateOTP.INFO: test [] []
[2021-01-30 13:28:42] generateOTP.INFO: test [] []
[2021-01-30 13:29:29] generateOTP.INFO: {"salutation":"1","firstname":"test","lastname":"BANKING","dob":"19-12-1988","mob_no":"7010444138","panCard":"XXXXXX456A","email":"jack@gmail.com","ref1":"1","ref2":"1","comAdd":"Om hrad ntalatiof, holOmshre, talathioficeeachol, OmshreeSada9talathi","city":"Illuppur","state":"TAMIL NADU","pin_code":"622103","ISNRI":"N","update_emp_id":"dEtibzNaUVhsWjgzU1ZYVld3WDdadz09","edit":"0","policy_no":"470","subtype_text":"1","sum_insure":"5000000","anuual_income":"","familyConstruct":"2A+1K","family_members_id":"0","family_gender":"Male","first_name":"test","last_name":"BANKING","family_date_birth":"19-12-1988","age":"32","age_type":" years","tenure":"1 Year","family_id":"","s_date":"06-01-1995","marriage_date":"","premium":"28799","policyNo":"470","familyDataType":"undefined","empId":"dEtibzNaUVhsWjgzU1ZYVld3WDdadz09","product":"test123abc","declare":"[]","gender":"Male","gci_options":"undefined","gpa_options":"Yes"} [] []
[2021-01-30 13:30:24] generateOTP.INFO: {"salutation":"1","firstname":"test","lastname":"BANKING","dob":"19-12-1988","mob_no":"7010444138","panCard":"XXXXXX456A","email":"jack@gmail.com","ref1":"1","ref2":"1","comAdd":"Om hrad ntalatiof, holOmshre, talathioficeeachol, OmshreeSada9talathi","city":"Illuppur","state":"TAMIL NADU","pin_code":"622103","ISNRI":"N","update_emp_id":"dEtibzNaUVhsWjgzU1ZYVld3WDdadz09","edit":"0","policy_no":"470","subtype_text":"1","sum_insure":"5000000","anuual_income":"","familyConstruct":"2A+1K","family_members_id":"1","family_gender":"Female","first_name":"test","last_name":"test","family_date_birth":"07-01-1993","age":"28","age_type":" years","tenure":"1 Year","family_id":"","s_date":"06-01-1995","marriage_date":"","premium":"28799","policyNo":"470","familyDataType":"undefined","empId":"dEtibzNaUVhsWjgzU1ZYVld3WDdadz09","product":"test123abc","declare":"[]","gender":"Male","gci_options":"undefined","gpa_options":"Yes"} [] []
[2021-01-30 13:30:52] generateOTP.INFO: {"salutation":"1","firstname":"test","lastname":"BANKING","dob":"19-12-1988","mob_no":"7010444138","panCard":"XXXXXX456A","email":"jack@gmail.com","ref1":"1","ref2":"1","comAdd":"Om hrad ntalatiof, holOmshre, talathioficeeachol, OmshreeSada9talathi","city":"Illuppur","state":"TAMIL NADU","pin_code":"622103","ISNRI":"N","update_emp_id":"dEtibzNaUVhsWjgzU1ZYVld3WDdadz09","edit":"0","policy_no":"470","subtype_text":"1","sum_insure":"5000000","anuual_income":"","familyConstruct":"2A+1K","family_members_id":"2","family_gender":"Male","first_name":"test","last_name":"son","family_date_birth":"16-01-1997","age":"24","age_type":" years","tenure":"1 Year","family_id":"","s_date":"06-01-1995","marriage_date":"","premium":"28799","policyNo":"470","familyDataType":"undefined","empId":"dEtibzNaUVhsWjgzU1ZYVld3WDdadz09","product":"test123abc","declare":"[]","gender":"Male","gci_options":"undefined","gpa_options":"Yes"} [] []
[2021-01-30 13:31:00] generateOTP.INFO: {"salutation":"1","firstname":"test","lastname":"BANKING","dob":"19-12-1988","mob_no":"7010444138","panCard":"XXXXXX456A","email":"jack@gmail.com","ref1":"1","ref2":"1","comAdd":"Om hrad ntalatiof, holOmshre, talathioficeeachol, OmshreeSada9talathi","city":"Illuppur","state":"TAMIL NADU","pin_code":"622103","ISNRI":"N","update_emp_id":"dEtibzNaUVhsWjgzU1ZYVld3WDdadz09","edit":"0","policy_no":"470","subtype_text":"1","sum_insure":"5000000","anuual_income":"","familyConstruct":"2A+1K","family_members_id":"2","family_gender":"Male","first_name":"test","last_name":"son","family_date_birth":"17-01-2013","age":"8","age_type":" years","tenure":"1 Year","family_id":"","s_date":"06-01-1995","marriage_date":"","premium":"28799","policyNo":"470","familyDataType":"undefined","empId":"dEtibzNaUVhsWjgzU1ZYVld3WDdadz09","product":"test123abc","declare":"[]","gender":"Male","gci_options":"undefined","gpa_options":"Yes"} [] []
[2021-01-30 13:32:50] generateOTP.INFO: {"salutation":"1","firstname":"test","lastname":"BANKING","dob":"19-12-1988","mob_no":"7010444138","panCard":"XXXXXX456A","email":"jack@gmail.com","ref1":"1","ref2":"1","comAdd":"Om hrad ntalatiof, holOmshre, talathioficeeachol, OmshreeSada9talathi","city":"Illuppur","state":"TAMIL NADU","pin_code":"622103","ISNRI":"N","update_emp_id":"dEtibzNaUVhsWjgzU1ZYVld3WDdadz09","edit":"0","policy_no":"470","subtype_text":"1","sum_insure":"10000000","anuual_income":"","familyConstruct":"2A+1K","family_members_id":"0","family_gender":"Male","first_name":"test","last_name":"BANKING","family_date_birth":"19-12-1988","age":"32","age_type":" years","tenure":"1 Year","family_id":"","s_date":"06-01-1995","marriage_date":"","premium":"30999","policyNo":"470","familyDataType":"undefined","empId":"dEtibzNaUVhsWjgzU1ZYVld3WDdadz09","product":"test123abc","declare":"[]","gender":"Male","gci_options":"undefined","gpa_options":"Yes"} [] []
[2021-01-30 13:33:03] generateOTP.INFO: {"salutation":"1","firstname":"test","lastname":"BANKING","dob":"19-12-1988","mob_no":"7010444138","panCard":"XXXXXX456A","email":"jack@gmail.com","ref1":"1","ref2":"1","comAdd":"Om hrad ntalatiof, holOmshre, talathioficeeachol, OmshreeSada9talathi","city":"Illuppur","state":"TAMIL NADU","pin_code":"622103","ISNRI":"N","update_emp_id":"dEtibzNaUVhsWjgzU1ZYVld3WDdadz09","edit":"0","policy_no":"470","subtype_text":"1","sum_insure":"10000000","anuual_income":"","familyConstruct":"2A+1K","family_members_id":"1","family_gender":"Female","first_name":"test","last_name":"test","family_date_birth":"07-01-1993","age":"28","age_type":" years","tenure":"1 Year","family_id":"","s_date":"06-01-1995","marriage_date":"","premium":"30999","policyNo":"470","familyDataType":"undefined","empId":"dEtibzNaUVhsWjgzU1ZYVld3WDdadz09","product":"test123abc","declare":"[]","gender":"Male","gci_options":"undefined","gpa_options":"Yes"} [] []
[2021-01-30 13:33:53] generateOTP.INFO: test [] []
[2021-01-30 13:34:19] generateOTP.INFO: test [] []
[2021-01-30 13:38:06] generateOTP.INFO: test [] []
[2021-01-30 13:38:21] generateOTP.INFO: test [] []
[2021-01-30 13:38:22] generateOTP.INFO: test [] []
[2021-01-30 13:38:49] generateOTP.INFO: test [] []
[2021-01-30 13:38:50] generateOTP.INFO: test [] []
[2021-01-30 13:38:52] generateOTP.INFO: test [] []
[2021-01-30 13:38:52] generateOTP.INFO: test [] []
[2021-01-30 13:39:09] generateOTP.INFO: test [] []
[2021-01-30 13:39:10] generateOTP.INFO: test [] []
[2021-01-30 13:39:10] generateOTP.INFO: test [] []
[2021-01-30 13:39:10] generateOTP.INFO: test [] []
[2021-01-30 13:43:24] generateOTP.INFO: test [] []
[2021-01-30 13:43:47] generateOTP.INFO: test [] []
[2021-01-30 13:44:16] generateOTP.INFO: test [] []
[2021-01-30 13:45:15] generateOTP.INFO: test [] []
[2021-01-30 13:45:41] generateOTP.INFO: {"salutation":"1","firstname":"test","lastname":"BANKING","dob":"19-12-1988","mob_no":"7010444138","panCard":"XXXXXX456A","email":"jack@gmail.com","ref1":"1","ref2":"1","comAdd":"Om hrad ntalatiof, holOmshre, talathioficeeachol, OmshreeSada9talathi","city":"Illuppur","state":"TAMIL NADU","pin_code":"622103","ISNRI":"N","update_emp_id":"dEtibzNaUVhsWjgzU1ZYVld3WDdadz09","edit":"0","policy_no":"470","subtype_text":"1","sum_insure":"5000000","anuual_income":"","familyConstruct":"2A","family_members_id":"0","family_gender":"Male","first_name":"test","last_name":"BANKING","family_date_birth":"19-12-1988","age":"32","age_type":" years","tenure":"1 Year","family_id":"","s_date":"06-01-1995","marriage_date":"","premium":"17299","policyNo":"470","familyDataType":"undefined","empId":"dEtibzNaUVhsWjgzU1ZYVld3WDdadz09","product":"test123abc","declare":"[]","gender":"Male","gci_options":"undefined","gpa_options":"Yes"} [] []
[2021-01-30 13:46:08] generateOTP.INFO: {"salutation":"1","firstname":"test","lastname":"BANKING","dob":"19-12-1988","mob_no":"7010444138","panCard":"XXXXXX456A","email":"jack@gmail.com","ref1":"1","ref2":"1","comAdd":"Om hrad ntalatiof, holOmshre, talathioficeeachol, OmshreeSada9talathi","city":"Illuppur","state":"TAMIL NADU","pin_code":"622103","ISNRI":"N","update_emp_id":"dEtibzNaUVhsWjgzU1ZYVld3WDdadz09","edit":"0","policy_no":"470","subtype_text":"1","sum_insure":"5000000","anuual_income":"","familyConstruct":"2A","family_members_id":"1","family_gender":"Female","first_name":"test","last_name":"spouse","family_date_birth":"06-01-1994","age":"27","age_type":" years","tenure":"1 Year","family_id":"","s_date":"06-01-1995","marriage_date":"","premium":"17299","policyNo":"470","familyDataType":"undefined","empId":"dEtibzNaUVhsWjgzU1ZYVld3WDdadz09","product":"test123abc","declare":"[]","gender":"Male","gci_options":"undefined","gpa_options":"Yes"} [] []
[2021-01-30 13:47:25] generateOTP.INFO: test [] []
[2021-01-30 13:47:25] generateOTP.INFO: test [] []
[2021-01-30 13:47:26] generateOTP.INFO: test [] []
[2021-01-30 13:47:31] generateOTP.INFO: test [] []
[2021-01-30 13:47:32] generateOTP.INFO: test [] []
[2021-01-30 13:47:45] generateOTP.INFO: test [] []
[2021-01-30 14:10:51] generateOTP.INFO: test [] []
[2021-01-30 14:12:19] generateOTP.INFO: {"salutation":"1","firstname":"test","lastname":"BANKING","dob":"19-12-1988","mob_no":"7010444138","panCard":"XXXXXX456A","email":"jack@gmail.com","ref1":"1","ref2":"1","comAdd":"Om hrad ntalatiof, holOmshre, talathioficeeachol, OmshreeSada9talathi","city":"Illuppur","state":"TAMIL NADU","pin_code":"622103","ISNRI":"N","update_emp_id":"dEtibzNaUVhsWjgzU1ZYVld3WDdadz09","edit":"0","policy_no":"470","subtype_text":"1","sum_insure":"7500000","anuual_income":"","familyConstruct":"2A+1K","family_members_id":"0","family_gender":"Male","first_name":"test","last_name":"BANKING","family_date_birth":"19-12-1988","age":"32","age_type":" years","tenure":"1 Year","family_id":"","s_date":"06-01-1995","marriage_date":"","premium":"30999","policyNo":"470","familyDataType":"undefined","empId":"dEtibzNaUVhsWjgzU1ZYVld3WDdadz09","product":"test123abc","declare":"[]","gender":"Male","gci_options":"undefined","gpa_options":"Yes"} [] []
[2021-01-30 14:12:47] generateOTP.INFO: {"salutation":"1","firstname":"test","lastname":"BANKING","dob":"19-12-1988","mob_no":"7010444138","panCard":"XXXXXX456A","email":"jack@gmail.com","ref1":"1","ref2":"1","comAdd":"Om hrad ntalatiof, holOmshre, talathioficeeachol, OmshreeSada9talathi","city":"Illuppur","state":"TAMIL NADU","pin_code":"622103","ISNRI":"N","update_emp_id":"dEtibzNaUVhsWjgzU1ZYVld3WDdadz09","edit":"0","policy_no":"470","subtype_text":"1","sum_insure":"7500000","anuual_income":"","familyConstruct":"2A+1K","family_members_id":"1","family_gender":"Female","first_name":"test","last_name":"test","family_date_birth":"01-01-1994","age":"27","age_type":" years","tenure":"1 Year","family_id":"","s_date":"06-01-1995","marriage_date":"","premium":"30999","policyNo":"470","familyDataType":"undefined","empId":"dEtibzNaUVhsWjgzU1ZYVld3WDdadz09","product":"test123abc","declare":"[]","gender":"Male","gci_options":"undefined","gpa_options":"Yes"} [] []
[2021-01-30 14:19:43] generateOTP.INFO: test [] []
[2021-01-30 14:20:16] generateOTP.INFO: test [] []
[2021-01-30 14:20:24] generateOTP.INFO: test [] []
[2021-01-30 14:21:02] generateOTP.INFO: {"salutation":"1","firstname":"test","lastname":"BANKING","dob":"19-12-1988","mob_no":"7010444138","panCard":"XXXXXX456A","email":"jack@gmail.com","ref1":"1","ref2":"1","comAdd":"Om hrad ntalatiof, holOmshre, talathioficeeachol, OmshreeSada9talathi","city":"Illuppur","state":"TAMIL NADU","pin_code":"622103","ISNRI":"N","update_emp_id":"dEtibzNaUVhsWjgzU1ZYVld3WDdadz09","edit":"0","policy_no":"470","subtype_text":"1","sum_insure":"10000000","anuual_income":"","familyConstruct":"2A","family_members_id":"0","family_gender":"Male","first_name":"test","last_name":"BANKING","family_date_birth":"19-12-1988","age":"32","age_type":" years","tenure":"1 Year","family_id":"","s_date":"06-01-1995","marriage_date":"","premium":"18999","policyNo":"470","familyDataType":"undefined","empId":"dEtibzNaUVhsWjgzU1ZYVld3WDdadz09","product":"test123abc","declare":"[]","gender":"Male","gci_options":"undefined","gpa_options":"Yes"} [] []
[2021-01-30 14:33:10] generateOTP.INFO: test [] []
[2021-01-30 14:34:36] generateOTP.INFO: test [] []
[2021-01-30 14:34:50] generateOTP.INFO: test [] []
[2021-01-30 14:35:52] generateOTP.INFO: test [] []
[2021-01-30 14:36:37] generateOTP.INFO: {"salutation":"1","firstname":"test","lastname":"BANKING","dob":"19-12-1988","mob_no":"7010444138","panCard":"XXXXXX456A","email":"jack@gmail.com","ref1":"1","ref2":"1","comAdd":"Om hrad ntalatiof, holOmshre, talathioficeeachol, OmshreeSada9talathi","city":"Illuppur","state":"TAMIL NADU","pin_code":"622103","ISNRI":"N","update_emp_id":"dEtibzNaUVhsWjgzU1ZYVld3WDdadz09","edit":"0","policy_no":"470","subtype_text":"1","sum_insure":"10000000","anuual_income":"","familyConstruct":"2A","family_members_id":"0","family_gender":"Male","first_name":"test","last_name":"BANKING","family_date_birth":"19-12-1988","age":"32","age_type":" years","tenure":"1 Year","family_id":"","s_date":"","marriage_date":"","premium":"18999","policyNo":"470","familyDataType":"undefined","empId":"dEtibzNaUVhsWjgzU1ZYVld3WDdadz09","product":"test123abc","declare":"[]","gender":"Male","gci_options":"undefined","gpa_options":"Yes"} [] []
[2021-01-30 14:38:49] generateOTP.INFO: test [] []
[2021-01-30 14:39:10] generateOTP.INFO: {"salutation":"1","firstname":"test","lastname":"BANKING","dob":"19-12-1988","mob_no":"7010444138","panCard":"XXXXXX456A","email":"jack@gmail.com","ref1":"1","ref2":"1","comAdd":"Om hrad ntalatiof, holOmshre, talathioficeeachol, OmshreeSada9talathi","city":"Illuppur","state":"TAMIL NADU","pin_code":"622103","ISNRI":"N","update_emp_id":"dEtibzNaUVhsWjgzU1ZYVld3WDdadz09","edit":"0","policy_no":"470","subtype_text":"1","sum_insure":"10000000","anuual_income":"","familyConstruct":"1A","family_members_id":"0","family_gender":"Male","first_name":"test","last_name":"BANKING","family_date_birth":"19-12-1988","age":"32","age_type":" years","tenure":"1 Year","family_id":"","s_date":"","marriage_date":"","premium":"13299","policyNo":"470","familyDataType":"undefined","empId":"dEtibzNaUVhsWjgzU1ZYVld3WDdadz09","product":"test123abc","declare":"[]","gender":"Male","gci_options":"undefined","gpa_options":"Yes"} [] []
[2021-01-30 14:41:32] generateOTP.INFO: test [] []
[2021-01-30 14:42:19] generateOTP.INFO: {"salutation":"1","firstname":"test","lastname":"BANKING","dob":"19-12-1988","mob_no":"7010444138","panCard":"XXXXXX456A","email":"jack@gmail.com","ref1":"1","ref2":"1","comAdd":"Om hrad ntalatiof, holOmshre, talathioficeeachol, OmshreeSada9talathi","city":"Illuppur","state":"TAMIL NADU","pin_code":"622103","ISNRI":"N","update_emp_id":"dEtibzNaUVhsWjgzU1ZYVld3WDdadz09","edit":"0","policy_no":"470","subtype_text":"1","sum_insure":"10000000","anuual_income":"","familyConstruct":"1A","family_members_id":"0","family_gender":"Male","first_name":"test","last_name":"BANKING","family_date_birth":"19-12-1988","age":"32","age_type":" years","tenure":"1 Year","family_id":"","s_date":"","marriage_date":"","premium":"13299","policyNo":"470","familyDataType":"undefined","empId":"dEtibzNaUVhsWjgzU1ZYVld3WDdadz09","product":"test123abc","declare":"[]","gender":"Male","gci_options":"undefined","gpa_options":"Yes"} [] []
[2021-01-30 14:42:43] generateOTP.INFO: {"salutation":"1","firstname":"test","lastname":"BANKING","dob":"19-12-1988","mob_no":"7010444138","panCard":"XXXXXX456A","email":"jack@gmail.com","ref1":"1","ref2":"1","comAdd":"Om hrad ntalatiof, holOmshre, talathioficeeachol, OmshreeSada9talathi","city":"Illuppur","state":"TAMIL NADU","pin_code":"622103","ISNRI":"N","update_emp_id":"dEtibzNaUVhsWjgzU1ZYVld3WDdadz09","edit":"0","policy_no":"470","subtype_text":"1","sum_insure":"10000000","anuual_income":"","familyConstruct":"1A+1K","family_members_id":"0","family_gender":"Male","first_name":"test","last_name":"BANKING","family_date_birth":"19-12-1988","age":"32","age_type":" years","tenure":"1 Year","family_id":"","s_date":"","marriage_date":"","premium":"24799","policyNo":"470","familyDataType":"undefined","empId":"dEtibzNaUVhsWjgzU1ZYVld3WDdadz09","product":"test123abc","declare":"[]","gender":"Male","gci_options":"undefined","gpa_options":"Yes"} [] []
[2021-01-30 14:44:28] generateOTP.INFO: test [] []
[2021-01-30 14:44:37] generateOTP.INFO: test [] []
[2021-01-30 14:45:04] generateOTP.INFO: {"salutation":"1","firstname":"test","lastname":"BANKING","dob":"19-12-1988","mob_no":"7010444138","panCard":"XXXXXX456A","email":"jack@gmail.com","ref1":"1","ref2":"1","comAdd":"Om hrad ntalatiof, holOmshre, talathioficeeachol, OmshreeSada9talathi","city":"Illuppur","state":"TAMIL NADU","pin_code":"622103","ISNRI":"N","update_emp_id":"dEtibzNaUVhsWjgzU1ZYVld3WDdadz09","edit":"0","policy_no":"470","subtype_text":"1","sum_insure":"7500000","anuual_income":"","familyConstruct":"1A","family_members_id":"0","family_gender":"Male","first_name":"test","last_name":"BANKING","family_date_birth":"19-12-1988","age":"32","age_type":" years","tenure":"1 Year","family_id":"","s_date":"","marriage_date":"","premium":"12799","policyNo":"470","familyDataType":"undefined","empId":"dEtibzNaUVhsWjgzU1ZYVld3WDdadz09","product":"test123abc","declare":"[]","gender":"Male","gci_options":"undefined","gpa_options":"Yes","hidden_policy_id":"472","hidden_deductable":"500000"} [] []
[2021-01-30 14:46:49] generateOTP.INFO: {"salutation":"1","firstname":"test","lastname":"BANKING","dob":"19-12-1988","mob_no":"7010444138","panCard":"XXXXXX456A","email":"jack@gmail.com","ref1":"1","ref2":"1","comAdd":"Om hrad ntalatiof, holOmshre, talathioficeeachol, OmshreeSada9talathi","city":"Illuppur","state":"TAMIL NADU","pin_code":"622103","ISNRI":"N","update_emp_id":"dEtibzNaUVhsWjgzU1ZYVld3WDdadz09","edit":"0","policy_no":"470","subtype_text":"1","sum_insure":"7500000","anuual_income":"","familyConstruct":"1A","family_members_id":"0","family_gender":"Male","first_name":"test","last_name":"BANKING","family_date_birth":"19-12-1988","age":"32","age_type":" years","tenure":"1 Year","family_id":"","s_date":"","marriage_date":"","premium":"12799","policyNo":"470","familyDataType":"undefined","empId":"dEtibzNaUVhsWjgzU1ZYVld3WDdadz09","product":"test123abc","declare":"[]","gender":"Male","gci_options":"undefined","gpa_options":"Yes","hidden_policy_id":"472","hidden_deductable":"500000"} [] []
[2021-01-30 14:54:11] generateOTP.INFO: {"salutation":"1","firstname":"test","lastname":"BANKING","dob":"19-12-1988","mob_no":"7010444138","panCard":"XXXXXX456A","email":"jack@gmail.com","ref1":"1","ref2":"1","comAdd":"Om hrad ntalatiof, holOmshre, talathioficeeachol, OmshreeSada9talathi","city":"Illuppur","state":"TAMIL NADU","pin_code":"622103","ISNRI":"N","update_emp_id":"dEtibzNaUVhsWjgzU1ZYVld3WDdadz09","edit":"0","policy_no":"470","subtype_text":"1","sum_insure":"7500000","anuual_income":"","familyConstruct":"1A","family_members_id":"0","family_gender":"Male","first_name":"test","last_name":"BANKING","family_date_birth":"19-12-1988","age":"32","age_type":" years","tenure":"1 Year","family_id":"","s_date":"","marriage_date":"","premium":"12799","policyNo":"470","familyDataType":"undefined","empId":"dEtibzNaUVhsWjgzU1ZYVld3WDdadz09","product":"test123abc","declare":"[]","gender":"Male","gci_options":"undefined","gpa_options":"Yes","hidden_policy_id":"472","hidden_deductable":"500000"} [] []
[2021-01-30 14:54:16] generateOTP.INFO: {"salutation":"1","firstname":"test","lastname":"BANKING","dob":"19-12-1988","mob_no":"7010444138","panCard":"XXXXXX456A","email":"jack@gmail.com","ref1":"1","ref2":"1","comAdd":"Om hrad ntalatiof, holOmshre, talathioficeeachol, OmshreeSada9talathi","city":"Illuppur","state":"TAMIL NADU","pin_code":"622103","ISNRI":"N","update_emp_id":"dEtibzNaUVhsWjgzU1ZYVld3WDdadz09","edit":"0","policy_no":"470","subtype_text":"1","sum_insure":"7500000","anuual_income":"","familyConstruct":"1A","family_members_id":"0","family_gender":"Male","first_name":"test","last_name":"BANKING","family_date_birth":"19-12-1988","age":"32","age_type":" years","tenure":"1 Year","family_id":"","s_date":"","marriage_date":"","premium":"12799","policyNo":"470","familyDataType":"undefined","empId":"dEtibzNaUVhsWjgzU1ZYVld3WDdadz09","product":"test123abc","declare":"[]","gender":"Male","gci_options":"undefined","gpa_options":"Yes","hidden_policy_id":"472","hidden_deductable":"500000"} [] []
[2021-01-30 14:56:49] generateOTP.INFO: {"salutation":"1","firstname":"test","lastname":"BANKING","dob":"19-12-1988","mob_no":"7010444138","panCard":"XXXXXX456A","email":"jack@gmail.com","ref1":"1","ref2":"1","comAdd":"Om hrad ntalatiof, holOmshre, talathioficeeachol, OmshreeSada9talathi","city":"Illuppur","state":"TAMIL NADU","pin_code":"622103","ISNRI":"N","update_emp_id":"dEtibzNaUVhsWjgzU1ZYVld3WDdadz09","edit":"0","policy_no":"470","subtype_text":"1","sum_insure":"7500000","anuual_income":"","familyConstruct":"1A","family_members_id":"0","family_gender":"Male","first_name":"test","last_name":"BANKING","family_date_birth":"19-12-1988","age":"32","age_type":" years","tenure":"1 Year","family_id":"","s_date":"","marriage_date":"","premium":"12799","policyNo":"470","familyDataType":"undefined","empId":"dEtibzNaUVhsWjgzU1ZYVld3WDdadz09","product":"test123abc","declare":"[]","gender":"Male","gci_options":"undefined","gpa_options":"Yes","hidden_policy_id":"472","hidden_deductable":"500000"} [] []
[2021-01-30 14:59:01] generateOTP.INFO: {"salutation":"1","firstname":"test","lastname":"BANKING","dob":"19-12-1988","mob_no":"7010444138","panCard":"XXXXXX456A","email":"jack@gmail.com","ref1":"1","ref2":"1","comAdd":"Om hrad ntalatiof, holOmshre, talathioficeeachol, OmshreeSada9talathi","city":"Illuppur","state":"TAMIL NADU","pin_code":"622103","ISNRI":"N","update_emp_id":"dEtibzNaUVhsWjgzU1ZYVld3WDdadz09","edit":"0","policy_no":"470","subtype_text":"1","sum_insure":"7500000","anuual_income":"","familyConstruct":"1A","family_members_id":"0","family_gender":"Male","first_name":"test","last_name":"BANKING","family_date_birth":"19-12-1988","age":"32","age_type":" years","tenure":"1 Year","family_id":"","s_date":"","marriage_date":"","premium":"12799","policyNo":"470","familyDataType":"undefined","empId":"dEtibzNaUVhsWjgzU1ZYVld3WDdadz09","product":"test123abc","declare":"[]","gender":"Male","gci_options":"undefined","gpa_options":"Yes","hidden_policy_id":"472","hidden_deductable":"500000"} [] []
[2021-01-30 14:59:07] generateOTP.INFO: {"salutation":"1","firstname":"test","lastname":"BANKING","dob":"19-12-1988","mob_no":"7010444138","panCard":"XXXXXX456A","email":"jack@gmail.com","ref1":"1","ref2":"1","comAdd":"Om hrad ntalatiof, holOmshre, talathioficeeachol, OmshreeSada9talathi","city":"Illuppur","state":"TAMIL NADU","pin_code":"622103","ISNRI":"N","update_emp_id":"dEtibzNaUVhsWjgzU1ZYVld3WDdadz09","edit":"0","policy_no":"470","subtype_text":"1","sum_insure":"7500000","anuual_income":"","familyConstruct":"1A","family_members_id":"0","family_gender":"Male","first_name":"test","last_name":"BANKING","family_date_birth":"19-12-1988","age":"32","age_type":" years","tenure":"1 Year","family_id":"","s_date":"","marriage_date":"","premium":"12799","policyNo":"470","familyDataType":"undefined","empId":"dEtibzNaUVhsWjgzU1ZYVld3WDdadz09","product":"test123abc","declare":"[]","gender":"Male","gci_options":"undefined","gpa_options":"Yes","hidden_policy_id":"472","hidden_deductable":"500000"} [] []
[2021-01-30 15:01:54] generateOTP.INFO: {"salutation":"1","firstname":"test","lastname":"BANKING","dob":"19-12-1988","mob_no":"7010444138","panCard":"XXXXXX456A","email":"jack@gmail.com","ref1":"1","ref2":"1","comAdd":"Om hrad ntalatiof, holOmshre, talathioficeeachol, OmshreeSada9talathi","city":"Illuppur","state":"TAMIL NADU","pin_code":"622103","ISNRI":"N","update_emp_id":"dEtibzNaUVhsWjgzU1ZYVld3WDdadz09","edit":"0","policy_no":"470","subtype_text":"1","sum_insure":"7500000","anuual_income":"","familyConstruct":"1A","family_members_id":"0","family_gender":"Male","first_name":"test","last_name":"BANKING","family_date_birth":"19-12-1988","age":"32","age_type":" years","tenure":"1 Year","family_id":"","s_date":"","marriage_date":"","premium":"12799","policyNo":"470","familyDataType":"undefined","empId":"dEtibzNaUVhsWjgzU1ZYVld3WDdadz09","product":"test123abc","declare":"[]","gender":"Male","gci_options":"undefined","gpa_options":"Yes","hidden_policy_id":"472","hidden_deductable":"500000"} [] []
[2021-01-30 15:14:09] generateOTP.INFO: {"salutation":"1","firstname":"test","lastname":"BANKING","dob":"19-12-1988","mob_no":"7010444138","panCard":"XXXXXX456A","email":"jack@gmail.com","ref1":"1","ref2":"1","comAdd":"Om hrad ntalatiof, holOmshre, talathioficeeachol, OmshreeSada9talathi","city":"Illuppur","state":"TAMIL NADU","pin_code":"622103","ISNRI":"N","update_emp_id":"dEtibzNaUVhsWjgzU1ZYVld3WDdadz09","edit":"0","policy_no":"470","subtype_text":"1","sum_insure":"7500000","anuual_income":"","familyConstruct":"1A","family_members_id":"0","family_gender":"Male","first_name":"test","last_name":"BANKING","family_date_birth":"19-12-1988","age":"32","age_type":" years","tenure":"1 Year","family_id":"","s_date":"","marriage_date":"","premium":"12799","policyNo":"470","familyDataType":"undefined","empId":"dEtibzNaUVhsWjgzU1ZYVld3WDdadz09","product":"test123abc","declare":"[]","gender":"Male","gci_options":"undefined","gpa_options":"Yes","hidden_policy_id":"472","hidden_deductable":"500000"} [] []
[2021-01-30 15:14:58] generateOTP.INFO: {"salutation":"1","firstname":"test","lastname":"BANKING","dob":"19-12-1988","mob_no":"7010444138","panCard":"XXXXXX456A","email":"jack@gmail.com","ref1":"1","ref2":"1","comAdd":"Om hrad ntalatiof, holOmshre, talathioficeeachol, OmshreeSada9talathi","city":"Illuppur","state":"TAMIL NADU","pin_code":"622103","ISNRI":"N","update_emp_id":"dEtibzNaUVhsWjgzU1ZYVld3WDdadz09","edit":"0","policy_no":"470","subtype_text":"1","sum_insure":"7500000","anuual_income":"","familyConstruct":"1A","family_members_id":"0","family_gender":"Male","first_name":"test","last_name":"BANKING","family_date_birth":"19-12-1988","age":"32","age_type":" years","tenure":"1 Year","family_id":"","s_date":"","marriage_date":"","premium":"12799","policyNo":"470","familyDataType":"undefined","empId":"dEtibzNaUVhsWjgzU1ZYVld3WDdadz09","product":"test123abc","declare":"[]","gender":"Male","gci_options":"undefined","gpa_options":"Yes","hidden_policy_id":"472","hidden_deductable":"500000"} [] []
[2021-01-30 15:21:28] generateOTP.INFO: test [] []
[2021-01-30 15:22:12] generateOTP.INFO: test [] []
[2021-01-30 15:22:56] generateOTP.INFO: test [] []
[2021-01-30 15:30:16] generateOTP.INFO: test [] []
[2021-01-30 15:30:32] generateOTP.INFO: test [] []
[2021-01-30 15:30:48] generateOTP.INFO: test [] []
[2021-01-30 15:31:00] generateOTP.INFO: test [] []
[2021-01-30 15:31:32] generateOTP.INFO: test [] []
[2021-01-30 15:32:18] generateOTP.INFO: test [] []
[2021-01-30 15:32:37] generateOTP.INFO: {"salutation":"1","firstname":"test","lastname":"BANKING","dob":"19-12-1988","mob_no":"7010444138","panCard":"XXXXXX456A","email":"jack@gmail.com","ref1":"1","ref2":"1","comAdd":"Om hrad ntalatiof, holOmshre, talathioficeeachol, OmshreeSada9talathi","city":"Illuppur","state":"TAMIL NADU","pin_code":"622103","ISNRI":"N","update_emp_id":"dEtibzNaUVhsWjgzU1ZYVld3WDdadz09","edit":"0","policy_no":"470","subtype_text":"1","sum_insure":"5000000","anuual_income":"","familyConstruct":"1A","family_members_id":"0","family_gender":"Male","first_name":"test","last_name":"BANKING","family_date_birth":"19-12-1988","age":"32","age_type":" years","tenure":"1 Year","family_id":"","s_date":"","marriage_date":"","premium":"12199","policyNo":"470","familyDataType":"undefined","empId":"dEtibzNaUVhsWjgzU1ZYVld3WDdadz09","product":"test123abc","declare":"[]","gender":"Male","gci_options":"undefined","gpa_options":"Yes","hidden_policy_id":"472","hidden_deductable":"500000"} [] []
[2021-01-30 15:36:47] generateOTP.INFO: test [] []
[2021-01-30 15:37:15] generateOTP.INFO: {"salutation":"1","firstname":"test","lastname":"BANKING","dob":"19-12-1988","mob_no":"7010444138","panCard":"XXXXXX456A","email":"jack@gmail.com","ref1":"1","ref2":"1","comAdd":"Om hrad ntalatiof, holOmshre, talathioficeeachol, OmshreeSada9talathi","city":"Illuppur","state":"TAMIL NADU","pin_code":"622103","ISNRI":"N","update_emp_id":"dEtibzNaUVhsWjgzU1ZYVld3WDdadz09","edit":"0","policy_no":"470","subtype_text":"1","sum_insure":"7500000","anuual_income":"","familyConstruct":"1A","family_members_id":"0","family_gender":"Male","first_name":"test","last_name":"BANKING","family_date_birth":"19-12-1988","age":"32","age_type":" years","tenure":"1 Year","family_id":"","s_date":"","marriage_date":"","premium":"12799","policyNo":"470","familyDataType":"undefined","empId":"dEtibzNaUVhsWjgzU1ZYVld3WDdadz09","product":"test123abc","declare":"[]","gender":"Male","gci_options":"undefined","gpa_options":"Yes","hidden_policy_id":"472","hidden_deductable":"500000"} [] []
[2021-01-30 15:39:59] generateOTP.INFO: {"salutation":"1","firstname":"test","lastname":"BANKING","dob":"19-12-1988","mob_no":"7010444138","panCard":"XXXXXX456A","email":"jack@gmail.com","ref1":"1","ref2":"1","comAdd":"Om hrad ntalatiof, holOmshre, talathioficeeachol, OmshreeSada9talathi","city":"Illuppur","state":"TAMIL NADU","pin_code":"622103","ISNRI":"N","update_emp_id":"dEtibzNaUVhsWjgzU1ZYVld3WDdadz09","edit":"0","policy_no":"470","subtype_text":"1","sum_insure":"7500000","anuual_income":"","familyConstruct":"1A","family_members_id":"0","family_gender":"Male","first_name":"test","last_name":"BANKING","family_date_birth":"19-12-1988","age":"32","age_type":" years","tenure":"1 Year","family_id":"","s_date":"","marriage_date":"","premium":"12799","policyNo":"470","familyDataType":"undefined","empId":"dEtibzNaUVhsWjgzU1ZYVld3WDdadz09","product":"test123abc","declare":"[]","gender":"Male","gci_options":"undefined","gpa_options":"Yes","hidden_policy_id":"472","hidden_deductable":"500000"} [] []
[2021-01-30 15:40:28] generateOTP.INFO: {"salutation":"1","firstname":"test","lastname":"BANKING","dob":"19-12-1988","mob_no":"7010444138","panCard":"XXXXXX456A","email":"jack@gmail.com","ref1":"1","ref2":"1","comAdd":"Om hrad ntalatiof, holOmshre, talathioficeeachol, OmshreeSada9talathi","city":"Illuppur","state":"TAMIL NADU","pin_code":"622103","ISNRI":"N","update_emp_id":"dEtibzNaUVhsWjgzU1ZYVld3WDdadz09","edit":"0","policy_no":"470","subtype_text":"1","sum_insure":"7500000","anuual_income":"","familyConstruct":"1A","family_members_id":"0","family_gender":"Male","first_name":"test","last_name":"BANKING","family_date_birth":"19-12-1988","age":"32","age_type":" years","tenure":"1 Year","family_id":"","s_date":"","marriage_date":"","premium":"12799","policyNo":"470","familyDataType":"undefined","empId":"dEtibzNaUVhsWjgzU1ZYVld3WDdadz09","product":"test123abc","declare":"[]","gender":"Male","gci_options":"undefined","gpa_options":"Yes","hidden_policy_id":"472","hidden_deductable":"500000"} [] []
[2021-01-30 15:43:22] generateOTP.INFO: {"salutation":"1","firstname":"test","lastname":"BANKING","dob":"19-12-1988","mob_no":"7010444138","panCard":"XXXXXX456A","email":"jack@gmail.com","ref1":"1","ref2":"1","comAdd":"Om hrad ntalatiof, holOmshre, talathioficeeachol, OmshreeSada9talathi","city":"Illuppur","state":"TAMIL NADU","pin_code":"622103","ISNRI":"N","update_emp_id":"dEtibzNaUVhsWjgzU1ZYVld3WDdadz09","edit":"0","policy_no":"470","subtype_text":"1","sum_insure":"7500000","anuual_income":"","familyConstruct":"1A","family_members_id":"0","family_gender":"Male","first_name":"test","last_name":"BANKING","family_date_birth":"19-12-1988","age":"32","age_type":" years","tenure":"1 Year","family_id":"","s_date":"","marriage_date":"","premium":"12799","policyNo":"470","familyDataType":"undefined","empId":"dEtibzNaUVhsWjgzU1ZYVld3WDdadz09","product":"test123abc","declare":"[]","gender":"Male","gci_options":"undefined","gpa_options":"Yes","hidden_policy_id":"472","hidden_deductable":"500000"} [] []
[2021-01-30 15:43:48] generateOTP.INFO: {"salutation":"1","firstname":"test","lastname":"BANKING","dob":"19-12-1988","mob_no":"7010444138","panCard":"XXXXXX456A","email":"jack@gmail.com","ref1":"1","ref2":"1","comAdd":"Om hrad ntalatiof, holOmshre, talathioficeeachol, OmshreeSada9talathi","city":"Illuppur","state":"TAMIL NADU","pin_code":"622103","ISNRI":"N","update_emp_id":"dEtibzNaUVhsWjgzU1ZYVld3WDdadz09","edit":"0","policy_no":"470","subtype_text":"1","sum_insure":"5000000","anuual_income":"","familyConstruct":"1A","family_members_id":"0","family_gender":"Male","first_name":"test","last_name":"BANKING","family_date_birth":"19-12-1988","age":"32","age_type":" years","tenure":"1 Year","family_id":"","s_date":"","marriage_date":"","premium":"12199","policyNo":"470","familyDataType":"undefined","empId":"dEtibzNaUVhsWjgzU1ZYVld3WDdadz09","product":"test123abc","declare":"[]","gender":"Male","gci_options":"undefined","gpa_options":"No","hidden_policy_id":"470","hidden_deductable":"0"} [] []
[2021-01-30 15:44:50] generateOTP.INFO: test [] []
[2021-01-30 15:45:19] generateOTP.INFO: {"salutation":"1","firstname":"test","lastname":"BANKING","dob":"19-12-1988","mob_no":"7010444138","panCard":"XXXXXX456A","email":"jack@gmail.com","ref1":"1","ref2":"1","comAdd":"Om hrad ntalatiof, holOmshre, talathioficeeachol, OmshreeSada9talathi","city":"Illuppur","state":"TAMIL NADU","pin_code":"622103","ISNRI":"N","update_emp_id":"dEtibzNaUVhsWjgzU1ZYVld3WDdadz09","edit":"0","policy_no":"470","subtype_text":"1","sum_insure":"5000000","anuual_income":"","familyConstruct":"1A","family_members_id":"0","family_gender":"Male","first_name":"test","last_name":"BANKING","family_date_birth":"19-12-1988","age":"32","age_type":" years","tenure":"1 Year","family_id":"","s_date":"","marriage_date":"","premium":"12199","policyNo":"470","familyDataType":"undefined","empId":"dEtibzNaUVhsWjgzU1ZYVld3WDdadz09","product":"test123abc","declare":"[]","gender":"Male","gci_options":"undefined","gpa_options":"No","hidden_policy_id":"470","hidden_deductable":"0"} [] []
[2021-01-30 15:45:44] generateOTP.INFO: test [] []
[2021-01-30 15:46:34] generateOTP.INFO: {"salutation":"1","firstname":"test","lastname":"BANKING","dob":"19-12-1988","mob_no":"7010444138","panCard":"XXXXXX456A","email":"jack@gmail.com","ref1":"1","ref2":"1","comAdd":"Om hrad ntalatiof, holOmshre, talathioficeeachol, OmshreeSada9talathi","city":"Illuppur","state":"TAMIL NADU","pin_code":"622103","ISNRI":"N","update_emp_id":"dEtibzNaUVhsWjgzU1ZYVld3WDdadz09","edit":"0","policy_no":"470","subtype_text":"1","sum_insure":"5000000","anuual_income":"","familyConstruct":"1A","family_members_id":"0","family_gender":"Male","first_name":"test","last_name":"BANKING","family_date_birth":"19-12-1988","age":"32","age_type":" years","tenure":"1 Year","family_id":"","s_date":"","marriage_date":"","premium":"12199","policyNo":"470","familyDataType":"undefined","empId":"dEtibzNaUVhsWjgzU1ZYVld3WDdadz09","product":"test123abc","declare":"[]","gender":"Male","gci_options":"undefined","gpa_options":"No","hidden_policy_id":"470","hidden_deductable":"0"} [] []
[2021-01-30 15:47:51] generateOTP.INFO: test [] []
[2021-01-30 15:49:37] generateOTP.INFO: test [] []
[2021-01-30 15:50:34] generateOTP.INFO: test [] []
[2021-01-30 15:51:15] generateOTP.INFO: test [] []
[2021-01-30 15:52:06] generateOTP.INFO: test [] []
[2021-01-30 15:53:27] generateOTP.INFO: test [] []
[2021-01-30 15:57:29] generateOTP.INFO: {"salutation":"1","firstname":"test","lastname":"BANKING","dob":"19-12-1988","mob_no":"7010444138","panCard":"XXXXXX456A","email":"jack@gmail.com","ref1":"1","ref2":"1","comAdd":"Om hrad ntalatiof, holOmshre, talathioficeeachol, OmshreeSada9talathi","city":"Illuppur","state":"TAMIL NADU","pin_code":"622103","ISNRI":"N","update_emp_id":"dEtibzNaUVhsWjgzU1ZYVld3WDdadz09","edit":"0","policy_no":"470","subtype_text":"1","sum_insure":"5000000","anuual_income":"","familyConstruct":"1A","family_members_id":"0","family_gender":"Male","first_name":"test","last_name":"BANKING","family_date_birth":"19-12-1988","age":"32","age_type":" years","tenure":"1 Year","family_id":"","s_date":"","marriage_date":"","premium":"12199","policyNo":"470","familyDataType":"undefined","empId":"dEtibzNaUVhsWjgzU1ZYVld3WDdadz09","product":"test123abc","declare":"[]","gender":"Male","gci_options":"undefined","gpa_options":"Yes","hidden_policy_id":"472","hidden_deductable":"500000"} [] []
[2021-01-30 15:58:36] generateOTP.INFO: {"salutation":"1","firstname":"test","lastname":"BANKING","dob":"19-12-1988","mob_no":"7010444138","panCard":"XXXXXX456A","email":"jack@gmail.com","ref1":"1","ref2":"1","comAdd":"Om hrad ntalatiof, holOmshre, talathioficeeachol, OmshreeSada9talathi","city":"Illuppur","state":"TAMIL NADU","pin_code":"622103","ISNRI":"N","update_emp_id":"dEtibzNaUVhsWjgzU1ZYVld3WDdadz09","edit":"0","policy_no":"470","subtype_text":"1","sum_insure":"10000000","anuual_income":"","familyConstruct":"2A","family_members_id":"0","family_gender":"Male","first_name":"test","last_name":"BANKING","family_date_birth":"19-12-1988","age":"32","age_type":" years","tenure":"1 Year","family_id":"","s_date":"","marriage_date":"","premium":"18999","policyNo":"470","familyDataType":"undefined","empId":"dEtibzNaUVhsWjgzU1ZYVld3WDdadz09","product":"test123abc","declare":"[]","gender":"Male","gci_options":"undefined","gpa_options":"Yes","hidden_policy_id":"472","hidden_deductable":"1000000"} [] []
[2021-01-30 15:59:28] generateOTP.INFO: test [] []
[2021-01-30 15:59:42] generateOTP.INFO: test [] []
[2021-01-30 16:00:02] generateOTP.INFO: test [] []
[2021-01-30 16:03:52] generateOTP.INFO: test [] []
[2021-01-30 16:11:15] generateOTP.INFO: test [] []
[2021-01-30 16:13:03] generateOTP.INFO: test [] []
[2021-01-30 16:13:42] generateOTP.INFO: test [] []
[2021-01-30 16:14:20] generateOTP.INFO: test [] []
[2021-01-30 16:14:35] generateOTP.INFO: test [] []
[2021-01-30 16:15:59] generateOTP.INFO: test [] []
[2021-01-30 16:16:35] generateOTP.INFO: test [] []
[2021-01-30 16:17:22] generateOTP.INFO: test [] []
[2021-01-30 16:18:08] generateOTP.INFO: test [] []
[2021-01-30 16:18:28] generateOTP.INFO: test [] []
[2021-01-30 16:26:15] generateOTP.INFO: test [] []
[2021-01-30 16:36:31] generateOTP.INFO: test [] []
[2021-01-30 16:37:08] generateOTP.INFO: test [] []
[2021-01-30 16:45:37] generateOTP.INFO: test [] []
[2021-01-30 16:47:12] generateOTP.INFO: {"salutation":"1","firstname":"test","lastname":"BANKING","dob":"19-12-1988","mob_no":"7010444138","panCard":"XXXXXX456A","email":"jack@gmail.com","ref1":"1","ref2":"1","comAdd":"Om hrad ntalatiof, holOmshre, talathioficeeachol, OmshreeSada9talathi","city":"Illuppur","state":"TAMIL NADU","pin_code":"622103","ISNRI":"N","update_emp_id":"dEtibzNaUVhsWjgzU1ZYVld3WDdadz09","edit":"0","policy_no":"470","subtype_text":"1","sum_insure":"5000000","anuual_income":"","familyConstruct":"2A","family_members_id":"0","family_gender":"Male","first_name":"test","last_name":"BANKING","family_date_birth":"19-12-1988","age":"32","age_type":" years","tenure":"1 Year","family_id":"","s_date":"","marriage_date":"","premium":"17299","policyNo":"470","familyDataType":"undefined","empId":"dEtibzNaUVhsWjgzU1ZYVld3WDdadz09","product":"test123abc","declare":"[]","gender":"Male","gci_options":"undefined","gpa_options":"Yes","hidden_policy_id":"470,471","hidden_deductable":"0"} [] []
[2021-01-30 16:47:38] generateOTP.INFO: {"salutation":"1","firstname":"test","lastname":"BANKING","dob":"19-12-1988","mob_no":"7010444138","panCard":"XXXXXX456A","email":"jack@gmail.com","ref1":"1","ref2":"1","comAdd":"Om hrad ntalatiof, holOmshre, talathioficeeachol, OmshreeSada9talathi","city":"Illuppur","state":"TAMIL NADU","pin_code":"622103","ISNRI":"N","update_emp_id":"dEtibzNaUVhsWjgzU1ZYVld3WDdadz09","edit":"0","policy_no":"470","subtype_text":"1","sum_insure":"5000000","anuual_income":"","familyConstruct":"2A","family_members_id":"1","family_gender":"Female","first_name":"test","last_name":"testiiii","family_date_birth":"09-01-1992","age":"29","age_type":" years","tenure":"1 Year","family_id":"","s_date":"","marriage_date":"","premium":"17299","policyNo":"470","familyDataType":"undefined","empId":"dEtibzNaUVhsWjgzU1ZYVld3WDdadz09","product":"test123abc","declare":"[]","gender":"Male","gci_options":"undefined","gpa_options":"Yes","hidden_policy_id":"470,471","hidden_deductable":"0"} [] []
[2021-01-30 16:48:38] generateOTP.INFO: {"salutation":"1","firstname":"test","lastname":"BANKING","dob":"19-12-1988","mob_no":"7010444138","panCard":"XXXXXX456A","email":"jack@gmail.com","ref1":"1","ref2":"1","comAdd":"Om hrad ntalatiof, holOmshre, talathioficeeachol, OmshreeSada9talathi","city":"Illuppur","state":"TAMIL NADU","pin_code":"622103","ISNRI":"N","update_emp_id":"dEtibzNaUVhsWjgzU1ZYVld3WDdadz09","edit":"0","policy_no":"470","subtype_text":"1","sum_insure":"5000000","anuual_income":"","familyConstruct":"2A","family_members_id":"1","family_gender":"Female","first_name":"test","last_name":"testiiii","family_date_birth":"09-01-1992","age":"29","age_type":" years","tenure":"1 Year","family_id":"","s_date":"","marriage_date":"","premium":"17299","policyNo":"470","familyDataType":"undefined","empId":"dEtibzNaUVhsWjgzU1ZYVld3WDdadz09","product":"test123abc","declare":"[]","gender":"Male","gci_options":"undefined","gpa_options":"Yes","hidden_policy_id":"470,471","hidden_deductable":"0"} [] []
[2021-01-30 16:50:39] generateOTP.INFO: test [] []
[2021-01-30 16:51:04] generateOTP.INFO: {"salutation":"1","firstname":"test","lastname":"BANKING","dob":"19-12-1988","mob_no":"7010444138","panCard":"XXXXXX456A","email":"jack@gmail.com","ref1":"1","ref2":"1","comAdd":"Om hrad ntalatiof, holOmshre, talathioficeeachol, OmshreeSada9talathi","city":"Illuppur","state":"TAMIL NADU","pin_code":"622103","ISNRI":"N","update_emp_id":"dEtibzNaUVhsWjgzU1ZYVld3WDdadz09","edit":"0","policy_no":"470","subtype_text":"1","sum_insure":"5000000","anuual_income":"","familyConstruct":"2A","family_members_id":"1","family_gender":"Female","first_name":"test","last_name":"yyyy","family_date_birth":"01-01-1992","age":"29","age_type":" years","tenure":"1 Year","family_id":"","s_date":"09-01-1992","marriage_date":"","premium":"17299","policyNo":"470","familyDataType":"undefined","empId":"dEtibzNaUVhsWjgzU1ZYVld3WDdadz09","product":"test123abc","declare":"[]","gender":"Male","gci_options":"undefined","gpa_options":"Yes","hidden_policy_id":"","hidden_deductable":""} [] []
[2021-01-30 16:52:29] generateOTP.INFO: test [] []
[2021-01-30 16:54:11] generateOTP.INFO: test [] []
[2021-01-30 16:54:30] generateOTP.INFO: {"salutation":"1","firstname":"test","lastname":"BANKING","dob":"19-12-1988","mob_no":"7010444138","panCard":"XXXXXX456A","email":"jack@gmail.com","ref1":"1","ref2":"1","comAdd":"Om hrad ntalatiof, holOmshre, talathioficeeachol, OmshreeSada9talathi","city":"Illuppur","state":"TAMIL NADU","pin_code":"622103","ISNRI":"N","update_emp_id":"dEtibzNaUVhsWjgzU1ZYVld3WDdadz09","edit":"0","policy_no":"470","subtype_text":"1","sum_insure":"5000000","anuual_income":"","familyConstruct":"2A","family_members_id":"0","family_gender":"Male","first_name":"test","last_name":"BANKING","family_date_birth":"19-12-1988","age":"32","age_type":" years","tenure":"1 Year","family_id":"","s_date":"09-01-1992","marriage_date":"","premium":"17299","policyNo":"470","familyDataType":"undefined","empId":"dEtibzNaUVhsWjgzU1ZYVld3WDdadz09","product":"test123abc","declare":"[]","gender":"Male","gci_options":"undefined","gpa_options":"No","hidden_policy_id":"470","hidden_deductable":"0"} [] []
[2021-01-30 16:54:47] generateOTP.INFO: {"salutation":"1","firstname":"test","lastname":"BANKING","dob":"19-12-1988","mob_no":"7010444138","panCard":"XXXXXX456A","email":"jack@gmail.com","ref1":"1","ref2":"1","comAdd":"Om hrad ntalatiof, holOmshre, talathioficeeachol, OmshreeSada9talathi","city":"Illuppur","state":"TAMIL NADU","pin_code":"622103","ISNRI":"N","update_emp_id":"dEtibzNaUVhsWjgzU1ZYVld3WDdadz09","edit":"0","policy_no":"470","subtype_text":"1","sum_insure":"5000000","anuual_income":"","familyConstruct":"2A","family_members_id":"2","family_gender":"Male","first_name":"vxvx","last_name":"vxcvxcv","family_date_birth":"22-01-2015","age":"6","age_type":" years","tenure":"1 Year","family_id":"","s_date":"09-01-1992","marriage_date":"","premium":"17299","policyNo":"470","familyDataType":"undefined","empId":"dEtibzNaUVhsWjgzU1ZYVld3WDdadz09","product":"test123abc","declare":"[]","gender":"Male","gci_options":"undefined","gpa_options":"No","hidden_policy_id":"470","hidden_deductable":"0"} [] []
[2021-01-30 16:54:57] generateOTP.INFO: {"salutation":"1","firstname":"test","lastname":"BANKING","dob":"19-12-1988","mob_no":"7010444138","panCard":"XXXXXX456A","email":"jack@gmail.com","ref1":"1","ref2":"1","comAdd":"Om hrad ntalatiof, holOmshre, talathioficeeachol, OmshreeSada9talathi","city":"Illuppur","state":"TAMIL NADU","pin_code":"622103","ISNRI":"N","update_emp_id":"dEtibzNaUVhsWjgzU1ZYVld3WDdadz09","edit":"0","policy_no":"470","subtype_text":"1","sum_insure":"5000000","anuual_income":"","familyConstruct":"2A","family_members_id":"0","family_gender":"Male","first_name":"test","last_name":"BANKING","family_date_birth":"19-12-1988","age":"32","age_type":" years","tenure":"1 Year","family_id":"","s_date":"09-01-1992","marriage_date":"","premium":"17299","policyNo":"470","familyDataType":"undefined","empId":"dEtibzNaUVhsWjgzU1ZYVld3WDdadz09","product":"test123abc","declare":"[]","gender":"Male","gci_options":"undefined","gpa_options":"No","hidden_policy_id":"470","hidden_deductable":"0"} [] []
[2021-01-30 16:55:46] generateOTP.INFO: {"salutation":"1","firstname":"test","lastname":"BANKING","dob":"19-12-1988","mob_no":"7010444138","panCard":"XXXXXX456A","email":"jack@gmail.com","ref1":"1","ref2":"1","comAdd":"Om hrad ntalatiof, holOmshre, talathioficeeachol, OmshreeSada9talathi","city":"Illuppur","state":"TAMIL NADU","pin_code":"622103","ISNRI":"N","update_emp_id":"dEtibzNaUVhsWjgzU1ZYVld3WDdadz09","edit":"0","policy_no":"470","subtype_text":"1","sum_insure":"5000000","anuual_income":"","familyConstruct":"2A","family_members_id":"0","family_gender":"Male","first_name":"test","last_name":"BANKING","family_date_birth":"19-12-1988","age":"32","age_type":" years","tenure":"1 Year","family_id":"","s_date":"09-01-1992","marriage_date":"","premium":"17299","policyNo":"470","familyDataType":"undefined","empId":"dEtibzNaUVhsWjgzU1ZYVld3WDdadz09","product":"test123abc","declare":"[]","gender":"Male","gci_options":"undefined","gpa_options":"No","hidden_policy_id":"472","hidden_deductable":"500000"} [] []
[2021-01-30 16:55:59] generateOTP.INFO: {"salutation":"1","firstname":"test","lastname":"BANKING","dob":"19-12-1988","mob_no":"7010444138","panCard":"XXXXXX456A","email":"jack@gmail.com","ref1":"1","ref2":"1","comAdd":"Om hrad ntalatiof, holOmshre, talathioficeeachol, OmshreeSada9talathi","city":"Illuppur","state":"TAMIL NADU","pin_code":"622103","ISNRI":"N","update_emp_id":"dEtibzNaUVhsWjgzU1ZYVld3WDdadz09","edit":"0","policy_no":"470","subtype_text":"1","sum_insure":"5000000","anuual_income":"","familyConstruct":"2A","family_members_id":"0","family_gender":"Male","first_name":"test","last_name":"BANKING","family_date_birth":"19-12-1988","age":"32","age_type":" years","tenure":"1 Year","family_id":"","s_date":"09-01-1992","marriage_date":"","premium":"17299","policyNo":"470","familyDataType":"undefined","empId":"dEtibzNaUVhsWjgzU1ZYVld3WDdadz09","product":"test123abc","declare":"[]","gender":"Male","gci_options":"undefined","gpa_options":"No","hidden_policy_id":"472","hidden_deductable":"500000"} [] []
[2021-01-30 16:56:44] generateOTP.INFO: {"salutation":"1","firstname":"test","lastname":"BANKING","dob":"19-12-1988","mob_no":"7010444138","panCard":"XXXXXX456A","email":"jack@gmail.com","ref1":"1","ref2":"1","comAdd":"Om hrad ntalatiof, holOmshre, talathioficeeachol, OmshreeSada9talathi","city":"Illuppur","state":"TAMIL NADU","pin_code":"622103","ISNRI":"N","update_emp_id":"dEtibzNaUVhsWjgzU1ZYVld3WDdadz09","edit":"0","policy_no":"470","subtype_text":"1","sum_insure":"5000000","anuual_income":"","familyConstruct":"2A","family_members_id":"1","family_gender":"Female","first_name":"yyyss","last_name":"","family_date_birth":"09-01-1992","age":"29","age_type":" years","tenure":"1 Year","family_id":"","s_date":"09-01-1992","marriage_date":"","premium":"17299","policyNo":"470","familyDataType":"undefined","empId":"dEtibzNaUVhsWjgzU1ZYVld3WDdadz09","product":"test123abc","declare":"[]","gender":"Male","gci_options":"undefined","gpa_options":"No","hidden_policy_id":"472","hidden_deductable":"500000"} [] []
[2021-01-30 17:02:12] generateOTP.INFO: test [] []
[2021-01-30 17:21:39] generateOTP.INFO: test [] []
[2021-01-30 17:38:13] generateOTP.INFO: test [] []
[2021-01-30 17:40:31] generateOTP.INFO: test [] []
[2021-01-30 17:47:07] generateOTP.INFO: test [] []
[2021-01-30 17:47:07] generateOTP.INFO: test [] []
[2021-01-30 17:47:33] generateOTP.INFO: test [] []
[2021-01-30 17:48:58] generateOTP.INFO: test [] []
[2021-01-30 17:49:20] generateOTP.INFO: test [] []
[2021-01-30 17:52:16] generateOTP.INFO: test [] []
[2021-01-30 17:56:16] generateOTP.INFO: test [] []
[2021-01-30 17:57:17] generateOTP.INFO: test [] []
[2021-01-30 17:57:51] generateOTP.INFO: test [] []
[2021-01-30 17:59:50] generateOTP.INFO: test [] []
[2021-01-30 18:00:35] generateOTP.INFO: test [] []
[2021-01-30 18:00:56] generateOTP.INFO: test [] []
[2021-01-30 18:02:11] generateOTP.INFO: test [] []
[2021-01-30 18:02:22] generateOTP.INFO: test [] []
[2021-01-30 18:03:33] generateOTP.INFO: test [] []
[2021-01-30 18:04:01] generateOTP.INFO: test [] []
[2021-01-30 18:04:59] generateOTP.INFO: test [] []
[2021-01-30 18:11:39] generateOTP.INFO: test [] []
[2021-01-30 18:13:24] generateOTP.INFO: {"salutation":"1","firstname":"test","lastname":"BANKING","dob":"19-12-1988","mob_no":"7010444138","panCard":"XXXXXX456A","email":"jack@gmail.com","ref1":"1","ref2":"1","comAdd":"Om hrad ntalatiof, holOmshre, talathioficeeachol, OmshreeSada9talathi","city":"Illuppur","state":"TAMIL NADU","pin_code":"622103","ISNRI":"N","update_emp_id":"dEtibzNaUVhsWjgzU1ZYVld3WDdadz09","edit":"0","policy_no":"470","subtype_text":"1","sum_insure":"5000000","anuual_income":"","familyConstruct":"2A+1K","family_members_id":"0","family_gender":"Male","first_name":"test","last_name":"BANKING","family_date_birth":"19-12-1988","age":"32","age_type":" years","tenure":"1 Year","family_id":"","s_date":"09-01-1992","marriage_date":"","premium":"28799","policyNo":"470","familyDataType":"undefined","empId":"dEtibzNaUVhsWjgzU1ZYVld3WDdadz09","product":"test123abc","declare":"[]","gender":"Male","gci_options":"undefined","gpa_options":"Yes","hidden_policy_id":"472","hidden_deductable":"500000"} [] []
[2021-01-30 18:24:49] generateOTP.INFO: test [] []
[2021-01-30 18:25:04] generateOTP.INFO: test [] []
[2021-01-30 18:27:27] generateOTP.INFO: test [] []
[2021-01-30 18:27:52] generateOTP.INFO: test [] []
[2021-01-30 18:29:10] generateOTP.INFO: test [] []
[2021-01-30 18:29:35] generateOTP.INFO: test [] []
[2021-01-30 18:31:44] generateOTP.INFO: test [] []
[2021-01-30 18:33:10] generateOTP.INFO: test [] []
[2021-01-30 18:34:09] generateOTP.INFO: test [] []
[2021-01-30 18:35:54] generateOTP.INFO: test [] []
[2021-01-30 18:36:14] generateOTP.INFO: {"salutation":"1","firstname":"test","lastname":"BANKING","dob":"19-12-1988","mob_no":"7010444138","panCard":"XXXXXX456A","email":"jack@gmail.com","ref1":"1","ref2":"1","comAdd":"Om hrad ntalatiof, holOmshre, talathioficeeachol, OmshreeSada9talathi","city":"Illuppur","state":"TAMIL NADU","pin_code":"622103","ISNRI":"N","update_emp_id":"dEtibzNaUVhsWjgzU1ZYVld3WDdadz09","edit":"0","policy_no":"470","subtype_text":"1","sum_insure":"5000000","anuual_income":"","familyConstruct":"1A","family_members_id":"0","family_gender":"Male","first_name":"test","last_name":"BANKING","family_date_birth":"19-12-1988","age":"32","age_type":" years","tenure":"1 Year","family_id":"","s_date":"09-01-1992","marriage_date":"","premium":"12199","policyNo":"470","familyDataType":"undefined","empId":"dEtibzNaUVhsWjgzU1ZYVld3WDdadz09","product":"test123abc","declare":"[]","gender":"Male","gci_options":"undefined","gpa_options":"Yes","hidden_policy_id":"472","hidden_deductable":"500000"} [] []
[2021-01-30 18:36:33] generateOTP.INFO: test [] []
[2021-01-30 18:37:56] generateOTP.INFO: test [] []
[2021-01-30 18:39:21] generateOTP.INFO: test [] []
[2021-01-30 18:39:55] generateOTP.INFO: test [] []
[2021-01-30 18:41:31] generateOTP.INFO: test [] []
[2021-01-30 18:41:58] generateOTP.INFO: test [] []
[2021-01-30 18:42:35] generateOTP.INFO: {"salutation":"1","firstname":"test","lastname":"BANKING","dob":"19-12-1988","mob_no":"7010444138","panCard":"XXXXXX456A","email":"jack@gmail.com","ref1":"1","ref2":"1","comAdd":"Om hrad ntalatiof, holOmshre, talathioficeeachol, OmshreeSada9talathi","city":"Illuppur","state":"TAMIL NADU","pin_code":"622103","ISNRI":"N","update_emp_id":"dEtibzNaUVhsWjgzU1ZYVld3WDdadz09","edit":"0","policy_no":"470","subtype_text":"1","sum_insure":"5000000","anuual_income":"","familyConstruct":"1A","family_members_id":"0","family_gender":"Male","first_name":"test","last_name":"BANKING","family_date_birth":"19-12-1988","age":"32","age_type":" years","tenure":"1 Year","family_id":"","s_date":"09-01-1992","marriage_date":"","premium":"12199","policyNo":"470","familyDataType":"undefined","empId":"dEtibzNaUVhsWjgzU1ZYVld3WDdadz09","product":"test123abc","declare":"[]","gender":"Male","gci_options":"undefined","gpa_options":"Yes","hidden_policy_id":"472","hidden_deductable":"500000"} [] []
[2021-01-30 18:43:12] generateOTP.INFO: test [] []
[2021-01-30 18:44:08] generateOTP.INFO: test [] []
[2021-01-30 18:48:37] generateOTP.INFO: test [] []
[2021-01-30 18:51:59] generateOTP.INFO: test [] []
[2021-01-30 18:52:07] generateOTP.INFO: test [] []
[2021-01-30 18:52:10] generateOTP.INFO: test [] []
[2021-01-30 18:52:16] generateOTP.INFO: test [] []
[2021-01-30 18:52:24] generateOTP.INFO: test [] []
[2021-01-30 18:52:28] generateOTP.INFO: test [] []
[2021-01-30 18:52:49] generateOTP.INFO: test [] []
[2021-01-30 18:53:03] generateOTP.INFO: test [] []
[2021-01-30 18:53:39] generateOTP.INFO: test [] []
[2021-01-30 18:54:44] generateOTP.INFO: test [] []
[2021-01-30 18:56:01] generateOTP.INFO: test [] []
[2021-01-30 18:56:37] generateOTP.INFO: {"salutation":"1","firstname":"test","lastname":"BANKING","dob":"19-12-1988","mob_no":"7010444138","panCard":"XXXXXX456A","email":"jack@gmail.com","ref1":"1","ref2":"1","comAdd":"Om hrad ntalatiof, holOmshre, talathioficeeachol, OmshreeSada9talathi","city":"Illuppur","state":"TAMIL NADU","pin_code":"622103","ISNRI":"N","update_emp_id":"dEtibzNaUVhsWjgzU1ZYVld3WDdadz09","edit":"0","policy_no":"470","subtype_text":"1","sum_insure":"5000000","anuual_income":"","familyConstruct":"1A","family_members_id":"0","family_gender":"Male","first_name":"test","last_name":"BANKING","family_date_birth":"19-12-1988","age":"32","age_type":" years","tenure":"1 Year","family_id":"","s_date":"09-01-1992","marriage_date":"","premium":"12199","policyNo":"470","familyDataType":"undefined","empId":"dEtibzNaUVhsWjgzU1ZYVld3WDdadz09","product":"test123abc","declare":"[]","gender":"Male","gci_options":"undefined","gpa_options":"Yes","hidden_policy_id":"472","hidden_deductable":"500000"} [] []
[2021-01-30 18:56:53] generateOTP.INFO: test [] []
[2021-01-30 18:57:06] generateOTP.INFO: test [] []
[2021-01-30 18:57:17] generateOTP.INFO: {"salutation":"1","firstname":"test","lastname":"BANKING","dob":"19-12-1988","mob_no":"7010444138","panCard":"XXXXXX456A","email":"jack@gmail.com","ref1":"1","ref2":"1","comAdd":"Om hrad ntalatiof, holOmshre, talathioficeeachol, OmshreeSada9talathi","city":"Illuppur","state":"TAMIL NADU","pin_code":"622103","ISNRI":"N","update_emp_id":"dEtibzNaUVhsWjgzU1ZYVld3WDdadz09","edit":"0","policy_no":"470","subtype_text":"1","sum_insure":"5000000","anuual_income":"","familyConstruct":"2A","family_members_id":"0","family_gender":"Male","first_name":"test","last_name":"BANKING","family_date_birth":"19-12-1988","age":"32","age_type":" years","tenure":"1 Year","family_id":"","s_date":"09-01-1992","marriage_date":"","premium":"17299","policyNo":"470","familyDataType":"undefined","empId":"dEtibzNaUVhsWjgzU1ZYVld3WDdadz09","product":"test123abc","declare":"[]","gender":"Male","gci_options":"undefined","gpa_options":"Yes","hidden_policy_id":"472","hidden_deductable":"500000"} [] []
[2021-01-30 18:57:37] generateOTP.INFO: {"salutation":"1","firstname":"test","lastname":"BANKING","dob":"19-12-1988","mob_no":"7010444138","panCard":"XXXXXX456A","email":"jack@gmail.com","ref1":"1","ref2":"1","comAdd":"Om hrad ntalatiof, holOmshre, talathioficeeachol, OmshreeSada9talathi","city":"Illuppur","state":"TAMIL NADU","pin_code":"622103","ISNRI":"N","update_emp_id":"dEtibzNaUVhsWjgzU1ZYVld3WDdadz09","edit":"0","policy_no":"470","subtype_text":"1","sum_insure":"5000000","anuual_income":"","familyConstruct":"2A","family_members_id":"1","family_gender":"Female","first_name":"sdassaawe","last_name":"","family_date_birth":"04-01-1984","age":"37","age_type":" years","tenure":"1 Year","family_id":"","s_date":"09-01-1992","marriage_date":"","premium":"17299","policyNo":"470","familyDataType":"undefined","empId":"dEtibzNaUVhsWjgzU1ZYVld3WDdadz09","product":"test123abc","declare":"[]","gender":"Male","gci_options":"undefined","gpa_options":"Yes","hidden_policy_id":"472","hidden_deductable":"500000"} [] []
[2021-01-30 19:03:03] generateOTP.INFO: {"salutation":"1","firstname":"test","lastname":"BANKING","dob":"19-12-1988","mob_no":"7010444138","panCard":"XXXXXX456A","email":"jack@gmail.com","ref1":"1","ref2":"1","comAdd":"Om hrad ntalatiof, holOmshre, talathioficeeachol, OmshreeSada9talathi","city":"Illuppur","state":"TAMIL NADU","pin_code":"622103","ISNRI":"N","update_emp_id":"dEtibzNaUVhsWjgzU1ZYVld3WDdadz09","edit":"0","policy_no":"470","subtype_text":"1","sum_insure":"5000000","anuual_income":"","familyConstruct":"2A","family_members_id":"1","family_gender":"Female","first_name":"sasd","last_name":"asdasd","family_date_birth":"01-01-1970","age":"51","age_type":" years","tenure":"1 Year","family_id":"","s_date":"09-01-1992","marriage_date":"","premium":"17299","policyNo":"470","familyDataType":"undefined","empId":"dEtibzNaUVhsWjgzU1ZYVld3WDdadz09","product":"test123abc","declare":"[]","gender":"Male","gci_options":"undefined","gpa_options":"Yes","hidden_policy_id":"472","hidden_deductable":"500000"} [] []
[2021-01-30 19:10:34] generateOTP.INFO: test [] []
[2021-01-30 19:34:39] generateOTP.INFO: test [] []
[2021-01-30 19:34:51] generateOTP.INFO: {"salutation":"1","firstname":"test","lastname":"BANKING","dob":"19-12-1988","mob_no":"7010444138","panCard":"XXXXXX456A","email":"jack@gmail.com","ref1":"1","ref2":"1","comAdd":"Om hrad ntalatiof, holOmshre, talathioficeeachol, OmshreeSada9talathi","city":"Illuppur","state":"TAMIL NADU","pin_code":"622103","ISNRI":"N","update_emp_id":"dEtibzNaUVhsWjgzU1ZYVld3WDdadz09","edit":"0","policy_no":"470","subtype_text":"1","sum_insure":"5000000","anuual_income":"","familyConstruct":"1A","family_members_id":"0","family_gender":"Male","first_name":"test","last_name":"BANKING","family_date_birth":"19-12-1988","age":"32","age_type":" years","tenure":"1 Year","family_id":"","s_date":"09-01-1992","marriage_date":"","premium":"12199","policyNo":"470","familyDataType":"undefined","empId":"dEtibzNaUVhsWjgzU1ZYVld3WDdadz09","product":"test123abc","declare":"[]","gender":"Male","gci_options":"undefined","gpa_options":"Yes","hidden_policy_id":"472","hidden_deductable":"500000"} [] []
[2021-01-30 19:37:45] generateOTP.INFO: {"salutation":"1","firstname":"test","lastname":"BANKING","dob":"19-12-1988","mob_no":"7010444138","panCard":"XXXXXX456A","email":"jack@gmail.com","ref1":"1","ref2":"1","comAdd":"Om hrad ntalatiof, holOmshre, talathioficeeachol, OmshreeSada9talathi","city":"Illuppur","state":"TAMIL NADU","pin_code":"622103","ISNRI":"N","update_emp_id":"dEtibzNaUVhsWjgzU1ZYVld3WDdadz09","edit":"0","policy_no":"470","subtype_text":"1","sum_insure":"5000000","anuual_income":"","familyConstruct":"1A","family_members_id":"0","family_gender":"Male","first_name":"test","last_name":"BANKING","family_date_birth":"19-12-1988","age":"32","age_type":" years","tenure":"1 Year","family_id":"","s_date":"09-01-1992","marriage_date":"","premium":"12199","policyNo":"470","familyDataType":"undefined","empId":"dEtibzNaUVhsWjgzU1ZYVld3WDdadz09","product":"test123abc","declare":"[]","gender":"Male","gci_options":"undefined","gpa_options":"No","hidden_policy_id":"470","hidden_deductable":"0"} [] []
[2021-01-30 19:38:40] generateOTP.INFO: {"salutation":"1","firstname":"test","lastname":"BANKING","dob":"19-12-1988","mob_no":"7010444138","panCard":"XXXXXX456A","email":"jack@gmail.com","ref1":"1","ref2":"1","comAdd":"Om hrad ntalatiof, holOmshre, talathioficeeachol, OmshreeSada9talathi","city":"Illuppur","state":"TAMIL NADU","pin_code":"622103","ISNRI":"N","update_emp_id":"dEtibzNaUVhsWjgzU1ZYVld3WDdadz09","edit":"0","policy_no":"470","subtype_text":"1","sum_insure":"10000000","anuual_income":"","familyConstruct":"1A","family_members_id":"0","family_gender":"Male","first_name":"test","last_name":"BANKING","family_date_birth":"19-12-1988","age":"32","age_type":" years","tenure":"1 Year","family_id":"","s_date":"09-01-1992","marriage_date":"","premium":"13299","policyNo":"470","familyDataType":"undefined","empId":"dEtibzNaUVhsWjgzU1ZYVld3WDdadz09","product":"test123abc","declare":"[]","gender":"Male","gci_options":"undefined","gpa_options":"No","hidden_policy_id":"472","hidden_deductable":"1000000"} [] []
[2021-01-30 19:42:11] generateOTP.INFO: test [] []
[2021-01-30 19:44:27] generateOTP.INFO: {"salutation":"1","firstname":"test","lastname":"BANKING","dob":"19-12-1988","mob_no":"7010444138","panCard":"XXXXXX456A","email":"jack@gmail.com","ref1":"1","ref2":"1","comAdd":"Om hrad ntalatiof, holOmshre, talathioficeeachol, OmshreeSada9talathi","city":"Illuppur","state":"TAMIL NADU","pin_code":"622103","ISNRI":"N","update_emp_id":"dEtibzNaUVhsWjgzU1ZYVld3WDdadz09","edit":"0","policy_no":"470","subtype_text":"1","sum_insure":"7500000","anuual_income":"","familyConstruct":"1A","family_members_id":"0","family_gender":"Male","first_name":"test","last_name":"BANKING","family_date_birth":"19-12-1988","age":"32","age_type":" years","tenure":"1 Year","family_id":"","s_date":"09-01-1992","marriage_date":"","premium":"12799","policyNo":"470","familyDataType":"undefined","empId":"dEtibzNaUVhsWjgzU1ZYVld3WDdadz09","product":"test123abc","declare":"[]","gender":"Male","gci_options":"undefined","gpa_options":"Yes","hidden_policy_id":"472","hidden_deductable":"500000"} [] []
[2021-01-30 19:45:05] generateOTP.INFO: {"salutation":"1","firstname":"test","lastname":"BANKING","dob":"19-12-1988","mob_no":"7010444138","panCard":"XXXXXX456A","email":"jack@gmail.com","ref1":"1","ref2":"1","comAdd":"Om hrad ntalatiof, holOmshre, talathioficeeachol, OmshreeSada9talathi","city":"Illuppur","state":"TAMIL NADU","pin_code":"622103","ISNRI":"N","update_emp_id":"dEtibzNaUVhsWjgzU1ZYVld3WDdadz09","edit":"0","policy_no":"470","subtype_text":"1","sum_insure":"5000000","anuual_income":"","familyConstruct":"1A","family_members_id":"0","family_gender":"Male","first_name":"test","last_name":"BANKING","family_date_birth":"19-12-1988","age":"32","age_type":" years","tenure":"1 Year","family_id":"","s_date":"09-01-1992","marriage_date":"","premium":"12199","policyNo":"470","familyDataType":"undefined","empId":"dEtibzNaUVhsWjgzU1ZYVld3WDdadz09","product":"test123abc","declare":"[]","gender":"Male","gci_options":"undefined","gpa_options":"Yes","hidden_policy_id":"472","hidden_deductable":"500000"} [] []
[2021-01-30 19:54:08] generateOTP.INFO: test [] []
[2021-01-30 19:54:38] generateOTP.INFO: {"salutation":"1","firstname":"test","lastname":"BANKING","dob":"19-12-1988","mob_no":"7010444138","panCard":"XXXXXX456A","email":"jack@gmail.com","ref1":"1","ref2":"1","comAdd":"Om hrad ntalatiof, holOmshre, talathioficeeachol, OmshreeSada9talathi","city":"Illuppur","state":"TAMIL NADU","pin_code":"622103","ISNRI":"N","update_emp_id":"dEtibzNaUVhsWjgzU1ZYVld3WDdadz09","edit":"0","policy_no":"470","subtype_text":"1","sum_insure":"10000000","anuual_income":"","familyConstruct":"1A","family_members_id":"0","family_gender":"Male","first_name":"test","last_name":"BANKING","family_date_birth":"19-12-1988","age":"32","age_type":" years","tenure":"1 Year","family_id":"","s_date":"09-01-1992","marriage_date":"","premium":"13299","policyNo":"470","familyDataType":"undefined","empId":"dEtibzNaUVhsWjgzU1ZYVld3WDdadz09","product":"test123abc","declare":"[]","gender":"Male","gci_options":"undefined","gpa_options":"Yes","hidden_policy_id":"472","hidden_deductable":"1000000"} [] []
[2021-01-30 19:55:32] generateOTP.INFO: {"salutation":"1","firstname":"test","lastname":"BANKING","dob":"19-12-1988","mob_no":"7010444138","panCard":"XXXXXX456A","email":"jack@gmail.com","ref1":"1","ref2":"1","comAdd":"Om hrad ntalatiof, holOmshre, talathioficeeachol, OmshreeSada9talathi","city":"Illuppur","state":"TAMIL NADU","pin_code":"622103","ISNRI":"N","update_emp_id":"dEtibzNaUVhsWjgzU1ZYVld3WDdadz09","edit":"0","policy_no":"470","subtype_text":"1","sum_insure":"10000000","anuual_income":"","familyConstruct":"1A","family_members_id":"0","family_gender":"Male","first_name":"test","last_name":"BANKING","family_date_birth":"19-12-1988","age":"32","age_type":" years","tenure":"1 Year","family_id":"","s_date":"09-01-1992","marriage_date":"","premium":"13299","policyNo":"470","familyDataType":"undefined","empId":"dEtibzNaUVhsWjgzU1ZYVld3WDdadz09","product":"test123abc","declare":"[]","gender":"Male","gci_options":"undefined","gpa_options":"Yes","hidden_policy_id":"472","hidden_deductable":"1000000"} [] []
[2021-01-30 19:56:50] generateOTP.INFO: {"salutation":"1","firstname":"test","lastname":"BANKING","dob":"19-12-1988","mob_no":"7010444138","panCard":"XXXXXX456A","email":"jack@gmail.com","ref1":"1","ref2":"1","comAdd":"Om hrad ntalatiof, holOmshre, talathioficeeachol, OmshreeSada9talathi","city":"Illuppur","state":"TAMIL NADU","pin_code":"622103","ISNRI":"N","update_emp_id":"dEtibzNaUVhsWjgzU1ZYVld3WDdadz09","edit":"0","policy_no":"470","subtype_text":"1","sum_insure":"10000000","anuual_income":"","familyConstruct":"1A","family_members_id":"0","family_gender":"Male","first_name":"test","last_name":"BANKING","family_date_birth":"19-12-1988","age":"32","age_type":" years","tenure":"1 Year","family_id":"","s_date":"09-01-1992","marriage_date":"","premium":"13299","policyNo":"470","familyDataType":"undefined","empId":"dEtibzNaUVhsWjgzU1ZYVld3WDdadz09","product":"test123abc","declare":"[]","gender":"Male","gci_options":"undefined","gpa_options":"Yes","hidden_policy_id":"472","hidden_deductable":"1000000"} [] []
[2021-01-30 20:01:58] generateOTP.INFO: {"salutation":"1","firstname":"test","lastname":"BANKING","dob":"19-12-1988","mob_no":"7010444138","panCard":"XXXXXX456A","email":"jack@gmail.com","ref1":"1","ref2":"1","comAdd":"Om hrad ntalatiof, holOmshre, talathioficeeachol, OmshreeSada9talathi","city":"Illuppur","state":"TAMIL NADU","pin_code":"622103","ISNRI":"N","update_emp_id":"dEtibzNaUVhsWjgzU1ZYVld3WDdadz09","edit":"0","policy_no":"470","subtype_text":"1","sum_insure":"10000000","anuual_income":"","familyConstruct":"1A","family_members_id":"0","family_gender":"Male","first_name":"test","last_name":"BANKING","family_date_birth":"19-12-1988","age":"32","age_type":" years","tenure":"1 Year","family_id":"","s_date":"09-01-1992","marriage_date":"","premium":"13299","policyNo":"470","familyDataType":"undefined","empId":"dEtibzNaUVhsWjgzU1ZYVld3WDdadz09","product":"test123abc","declare":"[]","gender":"Male","gci_options":"undefined","gpa_options":"Yes","hidden_policy_id":"472","hidden_deductable":"500000"} [] []
[2021-01-30 20:03:18] generateOTP.INFO: test [] []
[2021-01-30 20:10:19] generateOTP.INFO: test [] []
