[2020-03-30 10:33:07] generateOTP.INFO: test [] []
[2020-03-30 12:16:06] generateOTP.INFO: test [] []
[2020-03-30 12:34:28] generateOTP.INFO: test [] []
[2020-03-30 12:49:53] generateOTP.INFO: test [] []
[2020-03-30 12:50:05] generateOTP.INFO: test [] []
[2020-03-30 12:50:06] generateOTP.INFO: test [] []
[2020-03-30 12:57:37] generateOTP.INFO: test [] []
[2020-03-30 13:05:04] generateOTP.INFO: test [] []
[2020-03-30 13:05:38] generateOTP.INFO: test [] []
[2020-03-30 13:05:39] generateOTP.INFO: test [] []
[2020-03-30 13:06:00] generateOTP.INFO: test [] []
[2020-03-30 13:06:08] generateOTP.INFO: test [] []
[2020-03-30 13:06:10] generateOTP.INFO: test [] []
[2020-03-30 13:10:05] generateOTP.INFO: test [] []
[2020-03-30 14:09:46] generateOTP.INFO: test [] []
[2020-03-30 14:14:57] generateOTP.INFO: test [] []
[2020-03-30 14:15:23] generateOTP.INFO: test [] []
[2020-03-30 14:19:54] generateOTP.INFO: test [] []
[2020-03-30 14:20:22] generateOTP.INFO: test [] []
[2020-03-30 14:28:21] generateOTP.INFO: test [] []
[2020-03-30 14:30:40] generateOTP.INFO: test [] []
[2020-03-30 14:30:57] generateOTP.INFO: test [] []
[2020-03-30 14:32:51] generateOTP.INFO: test [] []
[2020-03-30 14:33:05] generateOTP.INFO: test [] []
[2020-03-30 14:33:11] generateOTP.INFO: test [] []
[2020-03-30 14:33:45] generateOTP.INFO: test [] []
[2020-03-30 14:33:48] generateOTP.INFO: test [] []
[2020-03-30 14:38:32] generateOTP.INFO: test [] []
[2020-03-30 14:38:36] generateOTP.INFO: test [] []
[2020-03-30 14:39:03] generateOTP.INFO: test [] []
[2020-03-30 14:39:34] generateOTP.INFO: test [] []
[2020-03-30 14:41:25] generateOTP.INFO: test [] []
[2020-03-30 14:41:29] generateOTP.INFO: test [] []
[2020-03-30 14:41:42] generateOTP.INFO: test [] []
[2020-03-30 14:42:05] generateOTP.INFO: test [] []
[2020-03-30 14:42:37] generateOTP.INFO: test [] []
[2020-03-30 14:42:50] generateOTP.INFO: test [] []
[2020-03-30 14:44:47] generateOTP.INFO: test [] []
[2020-03-30 14:44:49] generateOTP.INFO: test [] []
[2020-03-30 14:44:56] generateOTP.INFO: test [] []
[2020-03-30 14:45:41] generateOTP.INFO: test [] []
[2020-03-30 14:45:46] generateOTP.INFO: test [] []
[2020-03-30 14:45:55] generateOTP.INFO: test [] []
[2020-03-30 14:46:11] generateOTP.INFO: test [] []
[2020-03-30 14:46:52] generateOTP.INFO: test [] []
[2020-03-30 14:47:21] generateOTP.INFO: test [] []
[2020-03-30 14:47:32] generateOTP.INFO: test [] []
[2020-03-30 14:52:28] generateOTP.INFO: test [] []
[2020-03-30 14:53:04] generateOTP.INFO: test [] []
[2020-03-30 14:53:20] generateOTP.INFO: test [] []
[2020-03-30 14:53:29] generateOTP.INFO: test [] []
[2020-03-30 14:54:01] generateOTP.INFO: test [] []
[2020-03-30 14:54:16] generateOTP.INFO: test [] []
[2020-03-30 14:54:49] generateOTP.INFO: test [] []
[2020-03-30 15:17:57] generateOTP.INFO: test [] []
[2020-03-30 15:18:06] generateOTP.INFO: test [] []
[2020-03-30 15:18:21] generateOTP.INFO: test [] []
[2020-03-30 15:18:50] generateOTP.INFO: test [] []
[2020-03-30 15:19:38] generateOTP.INFO: test [] []
[2020-03-30 15:29:12] generateOTP.INFO: test [] []
[2020-03-30 15:29:46] generateOTP.INFO: test [] []
[2020-03-30 15:31:25] generateOTP.INFO: test [] []
[2020-03-30 15:31:30] generateOTP.INFO: test [] []
[2020-03-30 15:31:31] generateOTP.INFO: test [] []
[2020-03-30 15:32:07] generateOTP.INFO: test [] []
[2020-03-30 15:32:13] generateOTP.INFO: test [] []
[2020-03-30 15:39:21] generateOTP.INFO: test [] []
[2020-03-30 15:39:23] generateOTP.INFO: test [] []
[2020-03-30 15:39:34] generateOTP.INFO: test [] []
[2020-03-30 15:39:35] generateOTP.INFO: test [] []
[2020-03-30 15:40:31] generateOTP.INFO: test [] []
[2020-03-30 15:40:32] generateOTP.INFO: test [] []
[2020-03-30 15:41:17] generateOTP.INFO: {"edit":"0","policy_no":"403","subtype_text":"1","sum_insure":"500000","familyConstruct":"2A","tenure":"1 Year","family_members_id":"4","family_gender":"Female","first_name":"fff","last_name":"fff","family_date_birth":"15-03-1991","age":"29","age_type":"years","family_id":"","s_date":"","marriage_date":"","premium_parent":"","contri_parent":"","premium":"23000","policyNo":"403","familyDataType":"undefined","empId":"620206","product":"NUKc5dd5468e43707","declare":"[]"} [] []
[2020-03-30 15:42:04] generateOTP.INFO: {"edit":"0","policy_no":"403","subtype_text":"1","sum_insure":"500000","familyConstruct":"2A","tenure":"1 Year","family_members_id":"4","family_gender":"Female","first_name":"fff","last_name":"fff","family_date_birth":"30-03-1950","age":"70","age_type":"years","family_id":"","s_date":"","marriage_date":"","premium_parent":"","contri_parent":"","premium":"23000","policyNo":"403","familyDataType":"undefined","empId":"620206","product":"NUKc5dd5468e43707","declare":"[]"} [] []
[2020-03-30 15:43:19] generateOTP.INFO: {"edit":"0","policy_no":"403","subtype_text":"1","sum_insure":"500000","familyConstruct":"2A","tenure":"1 Year","family_members_id":"5","family_gender":"Male","first_name":"fff","last_name":"ff","family_date_birth":"27-03-1958","age":"62","age_type":"years","family_id":"","s_date":"","marriage_date":"","premium_parent":"","contri_parent":"","premium":"23000","policyNo":"403","familyDataType":"undefined","empId":"620206","product":"NUKc5dd5468e43707","declare":"[]"} [] []
[2020-03-30 15:44:40] generateOTP.INFO: test [] []
[2020-03-30 15:44:42] generateOTP.INFO: test [] []
[2020-03-30 15:44:57] generateOTP.INFO: test [] []
[2020-03-30 15:44:58] generateOTP.INFO: test [] []
[2020-03-30 15:46:26] documentsSave.INFO: {"ops_type":"[\"0\",\"Y\"]","ids":"33"} [] []
[2020-03-30 15:46:26] documentsSaveFiles.INFO: [{"name":"Tulips.jpg","type":"image\/jpeg","tmp_name":"\/tmp\/phpiCt9qH","error":0,"size":620888},{"name":"Lighthouse.jpg","type":"image\/jpeg","tmp_name":"\/tmp\/phpolbZZV","error":0,"size":561276}] [] []
[2020-03-30 15:46:39] generateOTP.INFO: test [] []
[2020-03-30 15:46:45] generateOTP.INFO: test [] []
[2020-03-30 15:46:47] generateOTP.INFO: test [] []
[2020-03-30 15:46:49] generateOTP.INFO: test [] []
[2020-03-30 15:47:17] generateOTP.INFO: test [] []
[2020-03-30 15:47:34] generateOTP.INFO: test [] []
[2020-03-30 15:47:46] generateOTP.INFO: test [] []
[2020-03-30 15:48:57] generateOTP.INFO: test [] []
[2020-03-30 15:49:35] generateOTP.INFO: test [] []
[2020-03-30 15:50:13] generateOTP.INFO: test [] []
[2020-03-30 15:50:14] generateOTP.INFO: test [] []
[2020-03-30 15:50:28] generateOTP.INFO: test [] []
[2020-03-30 15:51:42] generateOTP.INFO: test [] []
[2020-03-30 15:51:43] generateOTP.INFO: test [] []
[2020-03-30 15:52:27] generateOTP.INFO: test [] []
[2020-03-30 15:52:37] generateOTP.INFO: test [] []
[2020-03-30 15:52:38] generateOTP.INFO: test [] []
[2020-03-30 15:53:00] generateOTP.INFO: test [] []
[2020-03-30 15:53:01] generateOTP.INFO: test [] []
[2020-03-30 15:53:08] generateOTP.INFO: test [] []
[2020-03-30 15:53:47] generateOTP.INFO: test [] []
[2020-03-30 15:54:47] generateOTP.INFO: test [] []
[2020-03-30 15:55:07] generateOTP.INFO: test [] []
[2020-03-30 15:55:08] generateOTP.INFO: test [] []
[2020-03-30 15:56:11] generateOTP.INFO: test [] []
[2020-03-30 15:56:52] generateOTP.INFO: test [] []
[2020-03-30 15:57:36] generateOTP.INFO: test [] []
[2020-03-30 15:58:46] generateOTP.INFO: test [] []
[2020-03-30 15:58:47] generateOTP.INFO: test [] []
[2020-03-30 16:00:07] generateOTP.INFO: {"edit":"0","policy_no":"403","subtype_text":"1","sum_insure":"500000","familyConstruct":"2A","tenure":"1 Year","family_members_id":"4","family_gender":"Female","first_name":"ff","last_name":"ff","family_date_birth":"16-03-1978","age":"42","age_type":"years","family_id":"","s_date":"","marriage_date":"","premium_parent":"","contri_parent":"","premium":"23000","policyNo":"403","familyDataType":"undefined","empId":"620209","product":"NUKc5dd5468e43707","declare":"[]"} [] []
[2020-03-30 16:00:35] generateOTP.INFO: {"edit":"0","policy_no":"403","subtype_text":"1","sum_insure":"500000","familyConstruct":"2A","tenure":"1 Year","family_members_id":"4","family_gender":"Female","first_name":"ff","last_name":"ff","family_date_birth":"30-03-1961","age":"59","age_type":"years","family_id":"","s_date":"","marriage_date":"","premium_parent":"","contri_parent":"","premium":"23000","policyNo":"403","familyDataType":"undefined","empId":"620209","product":"NUKc5dd5468e43707","declare":"[]"} [] []
[2020-03-30 16:00:55] generateOTP.INFO: {"edit":"0","policy_no":"403","subtype_text":"1","sum_insure":"500000","familyConstruct":"2A","tenure":"1 Year","family_members_id":"5","family_gender":"Male","first_name":"fff","last_name":"vvv","family_date_birth":"28-03-1962","age":"58","age_type":"years","family_id":"","s_date":"","marriage_date":"","premium_parent":"","contri_parent":"","premium":"23000","policyNo":"403","familyDataType":"undefined","empId":"620209","product":"NUKc5dd5468e43707","declare":"[]"} [] []
[2020-03-30 16:00:57] generateOTP.INFO: test [] []
[2020-03-30 16:01:14] generateOTP.INFO: test [] []
[2020-03-30 16:01:30] generateOTP.INFO: test [] []
[2020-03-30 16:01:42] generateOTP.INFO: test [] []
[2020-03-30 16:02:30] documentsSave.INFO: {"ops_type":"[\"0\",\"Y\"]","ids":"34"} [] []
[2020-03-30 16:02:30] documentsSaveFiles.INFO: [{"name":"Penguins.jpg","type":"image\/jpeg","tmp_name":"\/tmp\/phpwfXEZ0","error":0,"size":777835},{"name":"Tulips.jpg","type":"image\/jpeg","tmp_name":"\/tmp\/phpITfZSM","error":0,"size":620888}] [] []
[2020-03-30 16:02:48] generateOTP.INFO: test [] []
[2020-03-30 16:03:07] generateOTP.INFO: test [] []
[2020-03-30 16:04:57] generateOTP.INFO: test [] []
[2020-03-30 16:04:58] generateOTP.INFO: test [] []
[2020-03-30 16:05:15] generateOTP.INFO: test [] []
[2020-03-30 16:05:17] generateOTP.INFO: test [] []
[2020-03-30 16:06:39] generateOTP.INFO: test [] []
[2020-03-30 16:06:46] generateOTP.INFO: test [] []
[2020-03-30 16:07:16] generateOTP.INFO: test [] []
[2020-03-30 16:10:57] generateOTP.INFO: test [] []
[2020-03-30 16:11:04] generateOTP.INFO: test [] []
[2020-03-30 16:13:18] generateOTP.INFO: test [] []
[2020-03-30 16:14:18] generateOTP.INFO: test [] []
[2020-03-30 16:17:22] generateOTP.INFO: test [] []
[2020-03-30 16:17:56] generateOTP.INFO: test [] []
[2020-03-30 16:18:18] generateOTP.INFO: test [] []
[2020-03-30 16:18:20] generateOTP.INFO: test [] []
[2020-03-30 16:18:22] generateOTP.INFO: test [] []
[2020-03-30 16:18:25] generateOTP.INFO: test [] []
[2020-03-30 16:18:30] generateOTP.INFO: test [] []
[2020-03-30 16:18:31] generateOTP.INFO: test [] []
[2020-03-30 16:18:52] generateOTP.INFO: test [] []
[2020-03-30 16:19:57] generateOTP.INFO: test [] []
[2020-03-30 16:20:30] generateOTP.INFO: test [] []
[2020-03-30 16:20:39] generateOTP.INFO: test [] []
[2020-03-30 16:21:11] generateOTP.INFO: test [] []
[2020-03-30 16:21:20] generateOTP.INFO: test [] []
[2020-03-30 16:21:48] generateOTP.INFO: test [] []
[2020-03-30 16:22:13] generateOTP.INFO: test [] []
[2020-03-30 16:23:16] generateOTP.INFO: test [] []
[2020-03-30 16:24:15] generateOTP.INFO: test [] []
[2020-03-30 16:24:34] generateOTP.INFO: test [] []
[2020-03-30 16:24:52] generateOTP.INFO: test [] []
[2020-03-30 16:25:10] generateOTP.INFO: test [] []
[2020-03-30 16:25:14] generateOTP.INFO: test [] []
[2020-03-30 16:25:18] generateOTP.INFO: test [] []
[2020-03-30 16:26:44] generateOTP.INFO: test [] []
[2020-03-30 16:26:49] generateOTP.INFO: test [] []
[2020-03-30 16:26:51] generateOTP.INFO: test [] []
[2020-03-30 16:28:25] generateOTP.INFO: test [] []
[2020-03-30 16:32:55] generateOTP.INFO: test [] []
[2020-03-30 16:39:26] generateOTP.INFO: test [] []
[2020-03-30 16:39:32] generateOTP.INFO: test [] []
[2020-03-30 16:39:35] generateOTP.INFO: test [] []
[2020-03-30 16:39:43] generateOTP.INFO: test [] []
[2020-03-30 16:39:44] generateOTP.INFO: test [] []
[2020-03-30 16:39:55] generateOTP.INFO: test [] []
[2020-03-30 16:39:55] generateOTP.INFO: test [] []
[2020-03-30 16:40:13] generateOTP.INFO: test [] []
[2020-03-30 16:40:22] generateOTP.INFO: test [] []
[2020-03-30 16:40:30] generateOTP.INFO: test [] []
[2020-03-30 16:40:31] generateOTP.INFO: test [] []
[2020-03-30 16:40:43] generateOTP.INFO: test [] []
[2020-03-30 16:40:53] generateOTP.INFO: test [] []
[2020-03-30 16:40:53] generateOTP.INFO: test [] []
[2020-03-30 16:41:57] generateOTP.INFO: test [] []
[2020-03-30 16:42:07] generateOTP.INFO: test [] []
[2020-03-30 16:42:08] generateOTP.INFO: test [] []
[2020-03-30 16:46:35] generateOTP.INFO: test [] []
[2020-03-30 16:48:46] generateOTP.INFO: test [] []
[2020-03-30 16:49:44] generateOTP.INFO: test [] []
[2020-03-30 16:55:02] generateOTP.INFO: test [] []
[2020-03-30 16:55:07] generateOTP.INFO: test [] []
[2020-03-30 16:55:08] generateOTP.INFO: test [] []
[2020-03-30 16:55:19] generateOTP.INFO: test [] []
[2020-03-30 16:59:56] generateOTP.INFO: test [] []
[2020-03-30 17:03:45] generateOTP.INFO: test [] []
[2020-03-30 17:06:39] generateOTP.INFO: test [] []
[2020-03-30 17:07:06] generateOTP.INFO: test [] []
[2020-03-30 17:11:07] generateOTP.INFO: test [] []
[2020-03-30 17:11:11] generateOTP.INFO: test [] []
[2020-03-30 17:12:07] generateOTP.INFO: test [] []
[2020-03-30 17:12:08] generateOTP.INFO: test [] []
[2020-03-30 17:12:49] generateOTP.INFO: test [] []
[2020-03-30 17:12:55] generateOTP.INFO: test [] []
[2020-03-30 17:12:56] generateOTP.INFO: test [] []
[2020-03-30 17:13:04] generateOTP.INFO: test [] []
[2020-03-30 17:13:09] generateOTP.INFO: test [] []
[2020-03-30 17:13:23] generateOTP.INFO: test [] []
[2020-03-30 17:13:24] generateOTP.INFO: test [] []
[2020-03-30 17:13:40] generateOTP.INFO: test [] []
[2020-03-30 17:16:51] generateOTP.INFO: test [] []
[2020-03-30 17:17:44] generateOTP.INFO: test [] []
[2020-03-30 17:17:53] generateOTP.INFO: test [] []
[2020-03-30 17:19:02] generateOTP.INFO: test [] []
[2020-03-30 17:22:34] generateOTP.INFO: test [] []
[2020-03-30 17:22:44] generateOTP.INFO: test [] []
[2020-03-30 17:22:46] generateOTP.INFO: test [] []
[2020-03-30 17:23:41] generateOTP.INFO: test [] []
[2020-03-30 17:23:52] generateOTP.INFO: test [] []
[2020-03-30 17:24:00] generateOTP.INFO: test [] []
[2020-03-30 17:24:01] generateOTP.INFO: test [] []
[2020-03-30 17:25:13] generateOTP.INFO: test [] []
[2020-03-30 17:25:17] generateOTP.INFO: test [] []
[2020-03-30 17:25:20] generateOTP.INFO: test [] []
[2020-03-30 17:25:47] generateOTP.INFO: test [] []
[2020-03-30 17:26:08] generateOTP.INFO: test [] []
[2020-03-30 17:26:09] generateOTP.INFO: test [] []
[2020-03-30 17:26:58] generateOTP.INFO: test [] []
[2020-03-30 17:27:25] generateOTP.INFO: test [] []
[2020-03-30 17:28:36] generateOTP.INFO: test [] []
[2020-03-30 17:28:54] generateOTP.INFO: test [] []
[2020-03-30 17:33:39] generateOTP.INFO: test [] []
[2020-03-30 17:33:49] generateOTP.INFO: test [] []
[2020-03-30 17:33:59] generateOTP.INFO: test [] []
[2020-03-30 17:34:03] generateOTP.INFO: test [] []
[2020-03-30 17:34:19] generateOTP.INFO: test [] []
[2020-03-30 17:34:29] generateOTP.INFO: test [] []
[2020-03-30 17:34:31] generateOTP.INFO: test [] []
[2020-03-30 17:36:51] generateOTP.INFO: test [] []
[2020-03-30 17:37:23] generateOTP.INFO: test [] []
[2020-03-30 17:37:24] generateOTP.INFO: test [] []
[2020-03-30 17:39:36] generateOTP.INFO: test [] []
[2020-03-30 17:39:49] generateOTP.INFO: test [] []
[2020-03-30 17:39:50] generateOTP.INFO: test [] []
[2020-03-30 17:41:17] generateOTP.INFO: test [] []
[2020-03-30 17:41:32] generateOTP.INFO: test [] []
[2020-03-30 17:41:33] generateOTP.INFO: test [] []
[2020-03-30 17:42:43] generateOTP.INFO: test [] []
[2020-03-30 17:50:46] generateOTP.INFO: test [] []
[2020-03-30 17:50:58] generateOTP.INFO: test [] []
[2020-03-30 17:51:00] generateOTP.INFO: test [] []
[2020-03-30 17:51:31] generateOTP.INFO: test [] []
[2020-03-30 17:51:38] generateOTP.INFO: test [] []
[2020-03-30 17:51:39] generateOTP.INFO: test [] []
[2020-03-30 17:51:56] generateOTP.INFO: test [] []
[2020-03-30 17:52:04] generateOTP.INFO: test [] []
[2020-03-30 17:52:05] generateOTP.INFO: test [] []
[2020-03-30 17:54:02] generateOTP.INFO: test [] []
[2020-03-30 17:55:37] generateOTP.INFO: test [] []
[2020-03-30 17:57:18] generateOTP.INFO: test [] []
[2020-03-30 17:57:20] generateOTP.INFO: test [] []
[2020-03-30 17:57:38] generateOTP.INFO: test [] []
[2020-03-30 17:57:39] generateOTP.INFO: test [] []
[2020-03-30 17:57:52] generateOTP.INFO: test [] []
[2020-03-30 17:58:25] generateOTP.INFO: test [] []
[2020-03-30 17:59:19] generateOTP.INFO: test [] []
[2020-03-30 18:01:58] generateOTP.INFO: test [] []
[2020-03-30 18:02:06] generateOTP.INFO: test [] []
[2020-03-30 18:02:07] generateOTP.INFO: test [] []
[2020-03-30 18:02:20] generateOTP.INFO: test [] []
[2020-03-30 18:02:51] generateOTP.INFO: test [] []
[2020-03-30 18:02:52] generateOTP.INFO: test [] []
[2020-03-30 18:03:15] generateOTP.INFO: test [] []
[2020-03-30 18:03:21] generateOTP.INFO: test [] []
[2020-03-30 18:03:22] generateOTP.INFO: test [] []
[2020-03-30 18:04:09] generateOTP.INFO: test [] []
[2020-03-30 18:04:23] generateOTP.INFO: test [] []
[2020-03-30 18:04:39] generateOTP.INFO: test [] []
[2020-03-30 18:04:54] generateOTP.INFO: test [] []
[2020-03-30 18:05:56] generateOTP.INFO: test [] []
[2020-03-30 18:06:06] generateOTP.INFO: test [] []
[2020-03-30 18:06:36] generateOTP.INFO: test [] []
[2020-03-30 18:06:37] generateOTP.INFO: test [] []
[2020-03-30 18:06:43] generateOTP.INFO: test [] []
[2020-03-30 18:07:58] generateOTP.INFO: test [] []
[2020-03-30 18:08:16] generateOTP.INFO: test [] []
[2020-03-30 18:08:17] generateOTP.INFO: test [] []
[2020-03-30 18:08:36] generateOTP.INFO: test [] []
[2020-03-30 18:10:36] generateOTP.INFO: test [] []
[2020-03-30 18:10:38] generateOTP.INFO: test [] []
[2020-03-30 18:10:48] generateOTP.INFO: test [] []
[2020-03-30 18:10:56] generateOTP.INFO: test [] []
[2020-03-30 18:11:01] generateOTP.INFO: test [] []
[2020-03-30 18:11:04] generateOTP.INFO: test [] []
[2020-03-30 18:11:05] generateOTP.INFO: test [] []
[2020-03-30 18:11:33] generateOTP.INFO: test [] []
[2020-03-30 18:11:44] generateOTP.INFO: test [] []
[2020-03-30 18:11:51] generateOTP.INFO: test [] []
[2020-03-30 18:11:52] generateOTP.INFO: test [] []
[2020-03-30 18:11:58] generateOTP.INFO: test [] []
[2020-03-30 18:12:19] generateOTP.INFO: test [] []
[2020-03-30 18:12:24] generateOTP.INFO: test [] []
[2020-03-30 18:12:25] generateOTP.INFO: test [] []
[2020-03-30 18:13:09] generateOTP.INFO: test [] []
[2020-03-30 18:13:18] generateOTP.INFO: test [] []
[2020-03-30 18:13:22] generateOTP.INFO: test [] []
[2020-03-30 18:13:22] generateOTP.INFO: test [] []
[2020-03-30 18:13:23] generateOTP.INFO: test [] []
[2020-03-30 18:13:29] generateOTP.INFO: test [] []
[2020-03-30 18:13:30] generateOTP.INFO: test [] []
[2020-03-30 18:13:57] generateOTP.INFO: test [] []
[2020-03-30 18:16:13] generateOTP.INFO: test [] []
[2020-03-30 18:17:33] generateOTP.INFO: test [] []
[2020-03-30 18:17:55] generateOTP.INFO: test [] []
[2020-03-30 18:18:03] generateOTP.INFO: test [] []
[2020-03-30 18:19:20] generateOTP.INFO: test [] []
[2020-03-30 18:21:06] generateOTP.INFO: test [] []
[2020-03-30 18:21:12] generateOTP.INFO: test [] []
[2020-03-30 18:21:13] generateOTP.INFO: test [] []
[2020-03-30 18:21:20] generateOTP.INFO: test [] []
[2020-03-30 18:21:48] generateOTP.INFO: test [] []
[2020-03-30 18:21:49] generateOTP.INFO: test [] []
[2020-03-30 18:29:05] generateOTP.INFO: test [] []
[2020-03-30 18:29:35] generateOTP.INFO: test [] []
[2020-03-30 18:31:08] generateOTP.INFO: test [] []
[2020-03-30 18:31:13] generateOTP.INFO: test [] []
[2020-03-30 18:31:38] generateOTP.INFO: test [] []
[2020-03-30 18:31:40] generateOTP.INFO: test [] []
[2020-03-30 18:32:00] generateOTP.INFO: test [] []
[2020-03-30 18:32:16] generateOTP.INFO: test [] []
[2020-03-30 18:32:17] generateOTP.INFO: test [] []
[2020-03-30 18:36:22] generateOTP.INFO: test [] []
[2020-03-30 18:36:29] generateOTP.INFO: test [] []
[2020-03-30 18:36:30] generateOTP.INFO: test [] []
[2020-03-30 18:39:07] generateOTP.INFO: test [] []
[2020-03-30 18:39:16] generateOTP.INFO: test [] []
[2020-03-30 18:39:18] generateOTP.INFO: test [] []
[2020-03-30 18:40:13] generateOTP.INFO: test [] []
[2020-03-30 18:40:20] generateOTP.INFO: test [] []
[2020-03-30 18:40:21] generateOTP.INFO: test [] []
[2020-03-30 18:40:44] generateOTP.INFO: test [] []
[2020-03-30 18:40:53] generateOTP.INFO: test [] []
[2020-03-30 18:40:57] generateOTP.INFO: test [] []
[2020-03-30 18:40:58] generateOTP.INFO: test [] []
[2020-03-30 18:41:34] generateOTP.INFO: test [] []
[2020-03-30 18:42:04] generateOTP.INFO: test [] []
[2020-03-30 18:42:05] generateOTP.INFO: test [] []
[2020-03-30 18:42:50] generateOTP.INFO: test [] []
[2020-03-30 18:42:57] generateOTP.INFO: test [] []
[2020-03-30 18:42:58] generateOTP.INFO: test [] []
[2020-03-30 18:43:21] generateOTP.INFO: test [] []
[2020-03-30 18:43:26] generateOTP.INFO: test [] []
[2020-03-30 18:43:27] generateOTP.INFO: test [] []
[2020-03-30 18:43:42] generateOTP.INFO: test [] []
[2020-03-30 18:43:48] generateOTP.INFO: test [] []
[2020-03-30 18:43:49] generateOTP.INFO: test [] []
[2020-03-30 18:44:14] generateOTP.INFO: test [] []
[2020-03-30 18:44:20] generateOTP.INFO: test [] []
[2020-03-30 18:44:21] generateOTP.INFO: test [] []
[2020-03-30 18:44:40] generateOTP.INFO: test [] []
[2020-03-30 18:44:45] generateOTP.INFO: test [] []
[2020-03-30 18:44:46] generateOTP.INFO: test [] []
[2020-03-30 18:45:03] generateOTP.INFO: test [] []
[2020-03-30 18:45:07] generateOTP.INFO: test [] []
[2020-03-30 18:45:08] generateOTP.INFO: test [] []
[2020-03-30 18:45:19] generateOTP.INFO: test [] []
[2020-03-30 18:45:22] generateOTP.INFO: test [] []
[2020-03-30 18:45:23] generateOTP.INFO: test [] []
[2020-03-30 18:45:35] generateOTP.INFO: test [] []
[2020-03-30 18:45:39] generateOTP.INFO: test [] []
[2020-03-30 18:45:40] generateOTP.INFO: test [] []
[2020-03-30 18:45:59] generateOTP.INFO: test [] []
[2020-03-30 18:46:04] generateOTP.INFO: test [] []
[2020-03-30 18:46:39] generateOTP.INFO: test [] []
[2020-03-30 18:47:35] generateOTP.INFO: test [] []
[2020-03-30 18:47:43] generateOTP.INFO: test [] []
[2020-03-30 18:47:45] generateOTP.INFO: test [] []
[2020-03-30 18:48:06] generateOTP.INFO: test [] []
[2020-03-30 18:48:14] generateOTP.INFO: test [] []
[2020-03-30 18:48:16] generateOTP.INFO: test [] []
[2020-03-30 18:48:44] generateOTP.INFO: test [] []
[2020-03-30 18:48:52] generateOTP.INFO: test [] []
[2020-03-30 18:48:55] generateOTP.INFO: test [] []
[2020-03-30 18:49:09] generateOTP.INFO: test [] []
[2020-03-30 18:49:16] generateOTP.INFO: test [] []
[2020-03-30 18:49:18] generateOTP.INFO: test [] []
[2020-03-30 18:49:29] generateOTP.INFO: test [] []
[2020-03-30 18:49:35] generateOTP.INFO: test [] []
[2020-03-30 18:49:37] generateOTP.INFO: test [] []
[2020-03-30 18:50:00] generateOTP.INFO: test [] []
[2020-03-30 18:50:07] generateOTP.INFO: test [] []
[2020-03-30 18:50:09] generateOTP.INFO: test [] []
[2020-03-30 18:50:23] generateOTP.INFO: test [] []
[2020-03-30 18:50:30] generateOTP.INFO: test [] []
[2020-03-30 18:50:32] generateOTP.INFO: test [] []
[2020-03-30 23:57:45] generateOTP.INFO: test [] []
[2020-03-30 23:57:46] generateOTP.INFO: test [] []
[2020-03-30 23:59:09] generateOTP.INFO: {"edit":"0","policy_no":"392,393","subtype_text":"1","sum_insure":"1000000","familyConstruct":"2A","tenure":"1 Year","family_members_id":"0","family_gender":"Male","first_name":"test","last_name":"BANKING","family_date_birth":"19-12-1988","age":"31","age_type":"years","family_id":"","s_date":"","marriage_date":"","premium_parent":"","contri_parent":"","premium":"18711","policyNo":"392,393","familyDataType":"undefined","empId":"620211","product":"iWL65dcd54d9c5a65","declare":"[]"} [] []
[2020-03-30 23:59:23] generateOTP.INFO: {"edit":"0","policy_no":"392,393","subtype_text":"1","sum_insure":"1000000","familyConstruct":"2A","tenure":"1 Year","family_members_id":"1","family_gender":"Female","first_name":"ee","last_name":"rr","family_date_birth":"29-03-1990","age":"30","age_type":"years","family_id":"","s_date":"","marriage_date":"","premium_parent":"","contri_parent":"","premium":"18711","policyNo":"392,393","familyDataType":"undefined","empId":"620211","product":"iWL65dcd54d9c5a65","declare":"[]"} [] []
[2020-03-30 23:59:54] documentsSave.INFO: {"ops_type":"[\"0\",\"Y\"]","ids":"35,36"} [] []
[2020-03-30 23:59:54] documentsSaveFiles.INFO: [{"name":"Tulips.jpg","type":"image\/jpeg","tmp_name":"\/tmp\/phpPldsq0","error":0,"size":620888},{"name":"Koala.jpg","type":"image\/jpeg","tmp_name":"\/tmp\/phpz9eWuk","error":0,"size":780831}] [] []
