[2021-10-30 00:02:38] generateOTP.INFO: test [] []
[2021-10-30 00:02:40] generateOTP.INFO: test [] []
[2021-10-30 00:02:41] generateOTP.INFO: test [] []
[2021-10-30 00:28:55] generateOTP.INFO: test [] []
[2021-10-30 00:28:56] generateOTP.INFO: test [] []
[2021-10-30 00:28:57] generateOTP.INFO: test [] []
[2021-10-30 01:05:09] generateOTP.INFO: test [] []
[2021-10-30 01:05:13] generateOTP.INFO: test [] []
[2021-10-30 01:05:14] generateOTP.INFO: test [] []
[2021-10-30 01:25:50] generateOTP.INFO: test [] []
[2021-10-30 01:25:51] generateOTP.INFO: test [] []
[2021-10-30 01:25:53] generateOTP.INFO: test [] []
[2021-10-30 01:42:19] generateOTP.INFO: test [] []
[2021-10-30 01:42:21] generateOTP.INFO: test [] []
[2021-10-30 01:42:22] generateOTP.INFO: test [] []
[2021-10-30 02:22:08] generateOTP.INFO: test [] []
[2021-10-30 02:22:09] generateOTP.INFO: test [] []
[2021-10-30 02:50:23] generateOTP.INFO: test [] []
[2021-10-30 02:50:25] generateOTP.INFO: test [] []
[2021-10-30 02:50:25] generateOTP.INFO: test [] []
[2021-10-30 02:57:26] generateOTP.INFO: test [] []
[2021-10-30 02:57:27] generateOTP.INFO: test [] []
[2021-10-30 02:57:29] generateOTP.INFO: test [] []
[2021-10-30 03:06:56] generateOTP.INFO: test [] []
[2021-10-30 03:07:04] generateOTP.INFO: test [] []
[2021-10-30 03:07:06] generateOTP.INFO: test [] []
[2021-10-30 03:24:36] generateOTP.INFO: test [] []
[2021-10-30 03:24:39] generateOTP.INFO: test [] []
[2021-10-30 03:24:40] generateOTP.INFO: test [] []
[2021-10-30 04:04:42] generateOTP.INFO: test [] []
[2021-10-30 04:04:43] generateOTP.INFO: test [] []
[2021-10-30 04:16:59] generateOTP.INFO: test [] []
[2021-10-30 04:17:02] generateOTP.INFO: test [] []
[2021-10-30 04:17:03] generateOTP.INFO: test [] []
[2021-10-30 04:25:23] generateOTP.INFO: test [] []
[2021-10-30 04:25:26] generateOTP.INFO: test [] []
[2021-10-30 04:25:27] generateOTP.INFO: test [] []
[2021-10-30 05:20:26] generateOTP.INFO: test [] []
[2021-10-30 05:20:27] generateOTP.INFO: test [] []
[2021-10-30 05:20:28] generateOTP.INFO: test [] []
[2021-10-30 05:32:32] generateOTP.INFO: test [] []
[2021-10-30 05:32:36] generateOTP.INFO: test [] []
[2021-10-30 05:32:37] generateOTP.INFO: test [] []
[2021-10-30 05:37:47] generateOTP.INFO: test [] []
[2021-10-30 05:37:48] generateOTP.INFO: test [] []
[2021-10-30 05:37:48] generateOTP.INFO: test [] []
[2021-10-30 05:37:48] generateOTP.INFO: test [] []
[2021-10-30 05:37:49] generateOTP.INFO: test [] []
[2021-10-30 05:37:49] generateOTP.INFO: test [] []
[2021-10-30 05:37:50] generateOTP.INFO: test [] []
[2021-10-30 05:37:50] generateOTP.INFO: test [] []
[2021-10-30 05:37:50] generateOTP.INFO: test [] []
[2021-10-30 05:37:51] generateOTP.INFO: test [] []
[2021-10-30 05:37:51] generateOTP.INFO: test [] []
[2021-10-30 05:37:52] generateOTP.INFO: test [] []
[2021-10-30 05:37:52] generateOTP.INFO: test [] []
[2021-10-30 05:37:52] generateOTP.INFO: test [] []
[2021-10-30 05:37:53] generateOTP.INFO: test [] []
[2021-10-30 05:37:53] generateOTP.INFO: test [] []
[2021-10-30 05:37:54] generateOTP.INFO: test [] []
[2021-10-30 05:37:54] generateOTP.INFO: test [] []
[2021-10-30 05:37:54] generateOTP.INFO: test [] []
[2021-10-30 05:37:55] generateOTP.INFO: test [] []
[2021-10-30 05:37:55] generateOTP.INFO: test [] []
[2021-10-30 06:33:24] generateOTP.INFO: test [] []
[2021-10-30 07:03:09] generateOTP.INFO: test [] []
[2021-10-30 07:03:09] generateOTP.INFO: test [] []
[2021-10-30 07:03:11] generateOTP.INFO: test [] []
[2021-10-30 08:05:54] generateOTP.INFO: test [] []
[2021-10-30 08:05:55] generateOTP.INFO: test [] []
[2021-10-30 08:05:55] generateOTP.INFO: test [] []
[2021-10-30 08:27:08] generateOTP.INFO: test [] []
[2021-10-30 08:27:09] generateOTP.INFO: test [] []
[2021-10-30 08:27:10] generateOTP.INFO: test [] []
[2021-10-30 08:49:59] generateOTP.INFO: test [] []
[2021-10-30 09:12:59] generateOTP.INFO: test [] []
[2021-10-30 09:13:03] generateOTP.INFO: test [] []
[2021-10-30 09:13:04] generateOTP.INFO: test [] []
[2021-10-30 10:03:51] generateOTP.INFO: test [] []
[2021-10-30 10:03:52] generateOTP.INFO: test [] []
[2021-10-30 10:25:57] generateOTP.INFO: test [] []
[2021-10-30 10:26:01] generateOTP.INFO: test [] []
[2021-10-30 10:26:11] generateOTP.INFO: test [] []
[2021-10-30 10:26:16] generateOTP.INFO: test [] []
[2021-10-30 10:26:21] generateOTP.INFO: test [] []
[2021-10-30 10:26:21] generateOTP.INFO: test [] []
[2021-10-30 10:26:30] generateOTP.INFO: test [] []
[2021-10-30 10:26:53] generateOTP.INFO: test [] []
[2021-10-30 10:26:53] generateOTP.INFO: test [] []
[2021-10-30 10:31:35] generateOTP.INFO: test [] []
[2021-10-30 10:31:39] generateOTP.INFO: test [] []
[2021-10-30 10:34:55] generateOTP.INFO: test [] []
[2021-10-30 10:35:16] generateOTP.INFO: test [] []
[2021-10-30 10:35:16] generateOTP.INFO: test [] []
[2021-10-30 10:35:41] generateOTP.INFO: test [] []
[2021-10-30 10:35:53] generateOTP.INFO: test [] []
[2021-10-30 10:36:01] generateOTP.INFO: test [] []
[2021-10-30 10:38:27] generateOTP.INFO: test [] []
[2021-10-30 10:40:02] generateOTP.INFO: test [] []
[2021-10-30 10:42:01] generateOTP.INFO: test [] []
[2021-10-30 11:10:04] generateOTP.INFO: test [] []
[2021-10-30 11:14:20] generateOTP.INFO: test [] []
[2021-10-30 11:15:37] generateOTP.INFO: test [] []
[2021-10-30 11:16:48] generateOTP.INFO: test [] []
[2021-10-30 11:17:59] generateOTP.INFO: test [] []
[2021-10-30 11:19:04] generateOTP.INFO: test [] []
[2021-10-30 11:20:04] generateOTP.INFO: test [] []
[2021-10-30 11:22:40] generateOTP.INFO: test [] []
[2021-10-30 11:31:43] generateOTP.INFO: test [] []
[2021-10-30 11:31:53] generateOTP.INFO: test [] []
[2021-10-30 11:31:55] generateOTP.INFO: test [] []
[2021-10-30 11:33:57] generateOTP.INFO: test [] []
[2021-10-30 11:33:57] generateOTP.INFO: test [] []
[2021-10-30 11:33:57] generateOTP.INFO: test [] []
[2021-10-30 11:33:57] generateOTP.INFO: test [] []
[2021-10-30 11:33:57] generateOTP.INFO: test [] []
[2021-10-30 11:34:05] generateOTP.INFO: test [] []
[2021-10-30 11:34:09] generateOTP.INFO: test [] []
[2021-10-30 11:34:09] generateOTP.INFO: test [] []
[2021-10-30 11:34:18] generateOTP.INFO: test [] []
[2021-10-30 11:39:24] generateOTP.INFO: test [] []
[2021-10-30 11:39:27] generateOTP.INFO: test [] []
[2021-10-30 11:39:29] generateOTP.INFO: test [] []
[2021-10-30 11:39:50] generateOTP.INFO: test [] []
[2021-10-30 11:40:00] generateOTP.INFO: test [] []
[2021-10-30 11:40:01] generateOTP.INFO: test [] []
[2021-10-30 11:40:03] generateOTP.INFO: test [] []
[2021-10-30 11:40:43] generateOTP.INFO: test [] []
[2021-10-30 11:41:08] generateOTP.INFO: test [] []
[2021-10-30 11:41:09] generateOTP.INFO: test [] []
[2021-10-30 11:41:19] generateOTP.INFO: test [] []
[2021-10-30 11:41:24] generateOTP.INFO: test [] []
[2021-10-30 11:42:40] generateOTP.INFO: test [] []
[2021-10-30 11:42:41] generateOTP.INFO: test [] []
[2021-10-30 11:42:59] generateOTP.INFO: test [] []
[2021-10-30 11:43:00] generateOTP.INFO: test [] []
[2021-10-30 11:43:00] generateOTP.INFO: test [] []
[2021-10-30 11:43:40] generateOTP.INFO: test [] []
[2021-10-30 11:45:36] generateOTP.INFO: test [] []
[2021-10-30 11:45:53] generateOTP.INFO: test [] []
[2021-10-30 11:45:59] generateOTP.INFO: test [] []
[2021-10-30 11:46:02] generateOTP.INFO: test [] []
[2021-10-30 11:46:27] generateOTP.INFO: test [] []
[2021-10-30 11:46:57] generateOTP.INFO: test [] []
[2021-10-30 11:47:52] generateOTP.INFO: test [] []
[2021-10-30 11:48:06] generateOTP.INFO: test [] []
[2021-10-30 11:48:10] generateOTP.INFO: test [] []
[2021-10-30 11:48:21] generateOTP.INFO: test [] []
[2021-10-30 12:23:10] generateOTP.INFO: test [] []
[2021-10-30 12:23:11] generateOTP.INFO: test [] []
[2021-10-30 12:23:18] generateOTP.INFO: test [] []
[2021-10-30 12:23:20] generateOTP.INFO: test [] []
[2021-10-30 12:32:34] generateOTP.INFO: test [] []
[2021-10-30 12:32:35] generateOTP.INFO: test [] []
[2021-10-30 12:32:42] generateOTP.INFO: test [] []
[2021-10-30 12:32:45] generateOTP.INFO: test [] []
[2021-10-30 12:38:57] generateOTP.INFO: test [] []
[2021-10-30 12:42:53] generateOTP.INFO: test [] []
[2021-10-30 12:43:38] generateOTP.INFO: test [] []
[2021-10-30 12:43:50] generateOTP.INFO: test [] []
[2021-10-30 12:48:27] generateOTP.INFO: test [] []
[2021-10-30 12:49:11] generateOTP.INFO: test [] []
[2021-10-30 12:49:37] generateOTP.INFO: test [] []
[2021-10-30 12:50:57] generateOTP.INFO: test [] []
[2021-10-30 12:51:18] generateOTP.INFO: test [] []
[2021-10-30 12:51:35] generateOTP.INFO: test [] []
[2021-10-30 12:53:45] generateOTP.INFO: test [] []
[2021-10-30 12:54:00] generateOTP.INFO: test [] []
[2021-10-30 12:54:22] generateOTP.INFO: test [] []
[2021-10-30 12:55:06] generateOTP.INFO: test [] []
[2021-10-30 12:56:03] generateOTP.INFO: test [] []
[2021-10-30 13:00:40] generateOTP.INFO: test [] []
[2021-10-30 13:07:33] generateOTP.INFO: test [] []
[2021-10-30 13:10:28] generateOTP.INFO: test [] []
[2021-10-30 13:11:01] generateOTP.INFO: test [] []
[2021-10-30 13:11:18] generateOTP.INFO: test [] []
[2021-10-30 13:12:22] generateOTP.INFO: test [] []
[2021-10-30 13:12:44] generateOTP.INFO: test [] []
[2021-10-30 13:13:24] generateOTP.INFO: test [] []
[2021-10-30 13:16:38] generateOTP.INFO: test [] []
[2021-10-30 13:17:15] generateOTP.INFO: test [] []
[2021-10-30 13:17:54] generateOTP.INFO: test [] []
[2021-10-30 13:18:44] generateOTP.INFO: test [] []
[2021-10-30 13:18:58] generateOTP.INFO: test [] []
[2021-10-30 13:21:03] generateOTP.INFO: test [] []
[2021-10-30 13:22:48] generateOTP.INFO: test [] []
[2021-10-30 13:22:48] generateOTP.INFO: test [] []
[2021-10-30 13:24:57] generateOTP.INFO: test [] []
[2021-10-30 13:25:26] generateOTP.INFO: test [] []
[2021-10-30 13:27:23] generateOTP.INFO: test [] []
[2021-10-30 13:29:52] generateOTP.INFO: test [] []
[2021-10-30 13:31:17] generateOTP.INFO: test [] []
[2021-10-30 13:32:17] generateOTP.INFO: test [] []
[2021-10-30 13:32:24] generateOTP.INFO: test [] []
[2021-10-30 13:32:35] generateOTP.INFO: test [] []
[2021-10-30 13:32:47] generateOTP.INFO: test [] []
[2021-10-30 13:32:52] generateOTP.INFO: test [] []
[2021-10-30 13:32:53] generateOTP.INFO: test [] []
[2021-10-30 13:32:55] generateOTP.INFO: test [] []
[2021-10-30 13:32:59] generateOTP.INFO: test [] []
[2021-10-30 13:33:06] generateOTP.INFO: test [] []
[2021-10-30 13:33:14] generateOTP.INFO: test [] []
[2021-10-30 13:34:30] generateOTP.INFO: test [] []
[2021-10-30 13:41:51] generateOTP.INFO: test [] []
[2021-10-30 13:41:52] generateOTP.INFO: test [] []
[2021-10-30 13:47:09] generateOTP.INFO: test [] []
[2021-10-30 14:03:25] generateOTP.INFO: test [] []
[2021-10-30 14:03:26] generateOTP.INFO: test [] []
[2021-10-30 14:03:27] generateOTP.INFO: test [] []
[2021-10-30 14:48:41] generateOTP.INFO: test [] []
[2021-10-30 14:48:42] generateOTP.INFO: test [] []
[2021-10-30 14:48:44] generateOTP.INFO: test [] []
[2021-10-30 14:52:32] generateOTP.INFO: test [] []
[2021-10-30 14:52:32] generateOTP.INFO: test [] []
[2021-10-30 14:52:32] generateOTP.INFO: test [] []
[2021-10-30 14:52:32] generateOTP.INFO: test [] []
[2021-10-30 14:52:33] generateOTP.INFO: test [] []
[2021-10-30 14:52:33] generateOTP.INFO: test [] []
[2021-10-30 14:52:33] generateOTP.INFO: test [] []
[2021-10-30 14:52:33] generateOTP.INFO: test [] []
[2021-10-30 14:52:33] generateOTP.INFO: test [] []
[2021-10-30 14:52:34] generateOTP.INFO: test [] []
[2021-10-30 14:52:34] generateOTP.INFO: test [] []
[2021-10-30 14:52:34] generateOTP.INFO: test [] []
[2021-10-30 14:52:34] generateOTP.INFO: test [] []
[2021-10-30 14:52:34] generateOTP.INFO: test [] []
[2021-10-30 14:52:34] generateOTP.INFO: test [] []
[2021-10-30 14:52:35] generateOTP.INFO: test [] []
[2021-10-30 14:52:35] generateOTP.INFO: test [] []
[2021-10-30 14:52:36] generateOTP.INFO: test [] []
[2021-10-30 14:54:06] generateOTP.INFO: test [] []
[2021-10-30 14:54:07] generateOTP.INFO: test [] []
[2021-10-30 14:54:07] generateOTP.INFO: test [] []
[2021-10-30 14:54:07] generateOTP.INFO: test [] []
[2021-10-30 14:54:07] generateOTP.INFO: test [] []
[2021-10-30 14:54:07] generateOTP.INFO: test [] []
[2021-10-30 14:54:07] generateOTP.INFO: test [] []
[2021-10-30 14:54:07] generateOTP.INFO: test [] []
[2021-10-30 14:54:08] generateOTP.INFO: test [] []
[2021-10-30 14:54:08] generateOTP.INFO: test [] []
[2021-10-30 14:54:08] generateOTP.INFO: test [] []
[2021-10-30 14:54:08] generateOTP.INFO: test [] []
[2021-10-30 14:54:08] generateOTP.INFO: test [] []
[2021-10-30 14:54:08] generateOTP.INFO: test [] []
[2021-10-30 14:54:08] generateOTP.INFO: test [] []
[2021-10-30 14:54:09] generateOTP.INFO: test [] []
[2021-10-30 14:54:09] generateOTP.INFO: test [] []
[2021-10-30 14:54:53] generateOTP.INFO: test [] []
[2021-10-30 14:54:53] generateOTP.INFO: test [] []
[2021-10-30 14:54:53] generateOTP.INFO: test [] []
[2021-10-30 14:54:53] generateOTP.INFO: test [] []
[2021-10-30 14:54:54] generateOTP.INFO: test [] []
[2021-10-30 14:54:54] generateOTP.INFO: test [] []
[2021-10-30 14:54:54] generateOTP.INFO: test [] []
[2021-10-30 14:54:54] generateOTP.INFO: test [] []
[2021-10-30 14:54:54] generateOTP.INFO: test [] []
[2021-10-30 14:54:54] generateOTP.INFO: test [] []
[2021-10-30 14:54:54] generateOTP.INFO: test [] []
[2021-10-30 14:54:54] generateOTP.INFO: test [] []
[2021-10-30 14:54:54] generateOTP.INFO: test [] []
[2021-10-30 14:54:54] generateOTP.INFO: test [] []
[2021-10-30 14:54:54] generateOTP.INFO: test [] []
[2021-10-30 14:54:55] generateOTP.INFO: test [] []
[2021-10-30 14:54:55] generateOTP.INFO: test [] []
[2021-10-30 14:55:06] generateOTP.INFO: test [] []
[2021-10-30 14:55:07] generateOTP.INFO: test [] []
[2021-10-30 14:55:07] generateOTP.INFO: test [] []
[2021-10-30 14:55:07] generateOTP.INFO: test [] []
[2021-10-30 14:55:07] generateOTP.INFO: test [] []
[2021-10-30 14:55:07] generateOTP.INFO: test [] []
[2021-10-30 14:55:07] generateOTP.INFO: test [] []
[2021-10-30 14:55:07] generateOTP.INFO: test [] []
[2021-10-30 14:55:08] generateOTP.INFO: test [] []
[2021-10-30 14:55:08] generateOTP.INFO: test [] []
[2021-10-30 14:55:08] generateOTP.INFO: test [] []
[2021-10-30 14:55:08] generateOTP.INFO: test [] []
[2021-10-30 14:55:08] generateOTP.INFO: test [] []
[2021-10-30 14:55:08] generateOTP.INFO: test [] []
[2021-10-30 14:55:08] generateOTP.INFO: test [] []
[2021-10-30 14:55:09] generateOTP.INFO: test [] []
[2021-10-30 14:55:09] generateOTP.INFO: test [] []
[2021-10-30 15:29:19] generateOTP.INFO: test [] []
[2021-10-30 15:29:19] generateOTP.INFO: test [] []
[2021-10-30 16:00:55] generateOTP.INFO: test [] []
[2021-10-30 16:00:56] generateOTP.INFO: test [] []
[2021-10-30 16:00:57] generateOTP.INFO: test [] []
[2021-10-30 16:03:19] generateOTP.INFO: test [] []
[2021-10-30 16:47:19] generateOTP.INFO: test [] []
[2021-10-30 16:47:19] generateOTP.INFO: test [] []
[2021-10-30 16:47:53] generateOTP.INFO: test [] []
[2021-10-30 17:08:13] generateOTP.INFO: test [] []
[2021-10-30 17:08:14] generateOTP.INFO: test [] []
[2021-10-30 17:08:14] generateOTP.INFO: test [] []
[2021-10-30 17:17:47] generateOTP.INFO: test [] []
[2021-10-30 17:17:50] generateOTP.INFO: test [] []
[2021-10-30 17:17:51] generateOTP.INFO: test [] []
[2021-10-30 17:37:57] generateOTP.INFO: test [] []
[2021-10-30 17:37:57] generateOTP.INFO: test [] []
[2021-10-30 17:37:57] generateOTP.INFO: test [] []
[2021-10-30 17:37:57] generateOTP.INFO: test [] []
[2021-10-30 17:37:57] generateOTP.INFO: test [] []
[2021-10-30 17:37:57] generateOTP.INFO: test [] []
[2021-10-30 17:37:57] generateOTP.INFO: test [] []
[2021-10-30 17:37:57] generateOTP.INFO: test [] []
[2021-10-30 17:37:58] generateOTP.INFO: test [] []
[2021-10-30 17:37:58] generateOTP.INFO: test [] []
[2021-10-30 17:37:58] generateOTP.INFO: test [] []
[2021-10-30 17:37:58] generateOTP.INFO: test [] []
[2021-10-30 17:37:58] generateOTP.INFO: test [] []
[2021-10-30 17:37:58] generateOTP.INFO: test [] []
[2021-10-30 17:37:58] generateOTP.INFO: test [] []
[2021-10-30 17:37:58] generateOTP.INFO: test [] []
[2021-10-30 17:37:58] generateOTP.INFO: test [] []
[2021-10-30 17:38:12] generateOTP.INFO: test [] []
[2021-10-30 18:31:12] generateOTP.INFO: test [] []
[2021-10-30 18:31:14] generateOTP.INFO: test [] []
[2021-10-30 18:41:17] generateOTP.INFO: test [] []
[2021-10-30 18:42:48] generateOTP.INFO: test [] []
[2021-10-30 18:42:48] generateOTP.INFO: test [] []
[2021-10-30 18:43:15] generateOTP.INFO: {"salutation":"1","firstname":"ANKITAAAA","lastname":"TEST","dob":"13-10-1994","mob_no":"6777777777","panCard":"","email":"ankytest@test.in","ref1":"0","ref2":"0","comAdd":"test address","city":"Panvel","state":"MAHARASHTRA","pin_code":"410218","ISNRI":"N","update_emp_id":"TFFZdnhKaEF3dWluVnBYajl2WUxaZz09","edit":"0","policy_no":"470","subtype_text":"1","sum_insure":"5000000","familyConstruct":"1A","occupation":"","anuual_income":"","family_members_id":"0","family_gender":"Male","first_name":"ANKITAAAA","last_name":"TEST","family_date_birth":"13-10-1994","age":"27","age_type":" years","tenure":"1 Year","mem_mob":"6777777777","mem_email":"ankytest@test.in","family_id":"","s_date":"","marriage_date":"","premium":"12199","policyNo":"470","familyDataType":"undefined","empId":"TFFZdnhKaEF3dWluVnBYajl2WUxaZz09","product":"test123abc","declare":"[]","gender":"Male","gci_options":"undefined","gpa_options":"No","hidden_policy_id":"470","hidden_deductable":"0"} [] []
[2021-10-30 18:43:31] documentsSave.INFO: {"ops_type":"[]","ids":"3284"} [] []
[2021-10-30 18:43:31] documentsSaveFiles.INFO: [] [] []
[2021-10-30 18:43:35] generateOTP.INFO: test [] []
[2021-10-30 18:43:35] generateOTP.INFO: test [] []
[2021-10-30 18:44:14] generateOTP.INFO: test [] []
[2021-10-30 18:44:15] generateOTP.INFO: test [] []
[2021-10-30 18:46:56] full_quote_request1.INFO: {"ClientCreation":{"Member_Customer_ID":"1635599527GHIR11","salutation":"Mr","firstName":"ANKITAAAA","middleName":"","lastName":"TEST","dateofBirth":"10\/13\/1994","gender":"M","educationalQualification":null,"pinCode":"410218","uidNo":"0","maritalStatus":null,"nationality":"Indian","occupation":"O553","primaryEmailID":"ankytest@test.in","contactMobileNo":"6777777777","stdLandlineNo":null,"panNo":null,"passportNumber":null,"contactPerson":null,"annualIncome":null,"remarks":null,"startDate":"2021-10-30","endDate":null,"IdProof":"Adhaar Card","residenceProof":null,"ageProof":null,"others":null,"homeAddressLine1":"test address","homeAddressLine2":null,"homeAddressLine3":null,"homePinCode":"410218","homeArea":null,"homeContactMobileNo":null,"homeContactMobileNo2":null,"homeSTDLandlineNo":null,"homeFaxNo":null,"sameAsHomeAddress":"1","mailingAddressLine1":null,"mailingAddressLine2":null,"mailingAddressLine3":null,"mailingPinCode":null,"mailingArea":null,"mailingContactMobileNo":null,"mailingContactMobileNo2":null,"mailingSTDLandlineNo":null,"mailingSTDLandlineNo2":null,"mailingFaxNo":null,"bankAccountType":null,"bankAccountNo":null,"ifscCode":null,"GSTIN":null,"GSTRegistrationStatus":"Consumers","IsEIAavailable":"0","ApplyEIA":"0","EIAAccountNo":null,"EIAWith":"0","AccountType":null,"AddressProof":null,"DOBProof":null,"IdentityProof":null},"PolicyCreationRequest":{"Quotation_Number":"","MasterPolicyNumber":"71-20-00045-00-00","GroupID":"GRP001","Product_Code":"4211","SumInsured_Type":null,"Policy_Tanure":"1","Member_Type_Code":"M209","intermediaryCode":"008848","AutoRenewal":"0","AutoDebit":"0","intermediaryBranchCode":"10MHMUM01","agentSignatureDate":null,"Customer_Signature_Date":null,"businessSourceChannel":null,"AssignPolicy":"0","AssigneeName":null,"leadID":"SL1635599528","Source_Name":"AXIS_GHIEW_XL","SPID":"0","TCN":null,"CRTNO":null,"RefCode1":"0","RefCode2":"051","Employee_Number":"627119","enumIsEmployeeDiscount":null,"QuoteDate":null,"IsPayment":"0","PaymentMode":null,"PolicyproductComponents":[{"PlanCode":"4211","SumInsured":"5000000","SchemeCode":"4112000003"}]},"MemObj":{"Member":[{"MemberNo":1,"Salutation":"Mr","First_Name":"ANKITAAAA","Middle_Name":null,"Last_Name":"TEST","Gender":"M","DateOfBirth":"10\/13\/1994","Relation_Code":"R001","Marital_Status":null,"height":"0.00","weight":"0","occupation":"O553","PrimaryMember":"Y","MemberproductComponents":[{"PlanCode":"4211","MemberQuestionDetails":[{"QuestionCode":null,"Answer":null,"Remarks":null}]}],"MemberPED":[{"PEDCode":null,"Remarks":null}],"exactDiagnosis":null,"dateOfDiagnosis":null,"lastDateConsultation":null,"detailsOfTreatmentGiven":null,"doctorName":null,"hospitalName":null,"phoneNumberHosital":null,"Nominee_First_Name":"ANKY","Nominee_Last_Name":"TEST","Nominee_Contact_Number":"7878787878","Nominee_Home_Address":null,"Nominee_Relationship_Code":"R002"}]},"ReceiptCreation":{"officeLocation":"","modeOfEntry":"","cdAcNo":null,"expiryDate":null,"payerType":"","payerCode":null,"paymentBy":"","paymentByName":null,"paymentByRelationship":null,"collectionAmount":"","collectionRcvdDate":null,"collectionMode":"","remarks":null,"instrumentNumber":null,"instrumentDate":null,"bankName":null,"branchName":null,"bankLocation":null,"micrNo":null,"chequeType":null,"ifscCode":"","PaymentGatewayName":"","TerminalID":"","CardNo":null}} [] []
[2021-10-30 18:47:00] full_quote_reponse1.INFO: "<ns0:GHI_Res xmlns:ns0=\"http:\/\/ABHICL_NBP_QuickQuote_Schemas.GHI_Response\"><errorObj><ErrorNumber>00<\/ErrorNumber><ErrorMessage>Success<\/ErrorMessage><\/errorObj><policyDtls><TransactionReferenceNumber><\/TransactionReferenceNumber><QuotationNumber>XL100900353<\/QuotationNumber><CertificateNumber><\/CertificateNumber><LetterURL><\/LetterURL><ClientID><\/ClientID><ProductName>Group Activ Health<\/ProductName><ProductCode>4211<\/ProductCode><LineOfBusiness>42<\/LineOfBusiness><startDate><\/startDate><EndDate><\/EndDate><PolicyNumber>71-20-00045-00-00<\/PolicyNumber><ProposalNumber><\/ProposalNumber><PolicyStatus>PQ1<\/PolicyStatus><Tenure>1<\/Tenure><stpFlag>0<\/stpFlag><MemberCustomerID>1635599527GHIR11<\/MemberCustomerID><\/policyDtls><premium><BasePremium>10338.00<\/BasePremium><NetPremium>10338.00<\/NetPremium><GST>1860.84<\/GST><GrossPremium>12199.00<\/GrossPremium><\/premium><receiptObj><ReceiptNumber \/><ReceiptAmount \/><ExcessAmount \/><\/receiptObj><\/ns0:GHI_Res>" [] []
[2021-10-30 18:50:05] generateOTP.INFO: test [] []
[2021-10-30 18:50:05] generateOTP.INFO: test [] []
[2021-10-30 18:50:12] full_quote_request2.INFO: {"ClientCreation":{"Member_Customer_ID":"1635599527GHIR11","salutation":"Mr","firstName":"ANKITAAAA","middleName":"","lastName":"TEST","dateofBirth":"10\/13\/1994","gender":"M","educationalQualification":null,"pinCode":"410218","uidNo":"0","maritalStatus":null,"nationality":"Indian","occupation":"O553","primaryEmailID":"ankytest@test.in","contactMobileNo":"6777777777","stdLandlineNo":null,"panNo":null,"passportNumber":null,"contactPerson":null,"annualIncome":null,"remarks":null,"startDate":"2021-10-30","endDate":null,"IdProof":"Adhaar Card","residenceProof":null,"ageProof":null,"others":null,"homeAddressLine1":"test address","homeAddressLine2":null,"homeAddressLine3":null,"homePinCode":"410218","homeArea":null,"homeContactMobileNo":null,"homeContactMobileNo2":null,"homeSTDLandlineNo":null,"homeFaxNo":null,"sameAsHomeAddress":"1","mailingAddressLine1":null,"mailingAddressLine2":null,"mailingAddressLine3":null,"mailingPinCode":null,"mailingArea":null,"mailingContactMobileNo":null,"mailingContactMobileNo2":null,"mailingSTDLandlineNo":null,"mailingSTDLandlineNo2":null,"mailingFaxNo":null,"bankAccountType":null,"bankAccountNo":null,"ifscCode":null,"GSTIN":null,"GSTRegistrationStatus":"Consumers","IsEIAavailable":"0","ApplyEIA":"0","EIAAccountNo":null,"EIAWith":"0","AccountType":null,"AddressProof":null,"DOBProof":null,"IdentityProof":null},"PolicyCreationRequest":{"Quotation_Number":"XL100900353","MasterPolicyNumber":"71-20-00045-00-00","GroupID":"GRP001","Product_Code":"4211","SumInsured_Type":null,"Policy_Tanure":"1","Member_Type_Code":"M209","intermediaryCode":"008848","AutoRenewal":"0","AutoDebit":"0","intermediaryBranchCode":"10MHMUM01","agentSignatureDate":null,"Customer_Signature_Date":null,"businessSourceChannel":null,"AssignPolicy":"0","AssigneeName":null,"leadID":"SL1635599528","Source_Name":"AXIS_GHIEW_XL","SPID":"0","TCN":null,"CRTNO":null,"RefCode1":"0","RefCode2":"051","Employee_Number":"627119","enumIsEmployeeDiscount":null,"QuoteDate":null,"IsPayment":"1","PaymentMode":null,"PolicyproductComponents":[{"PlanCode":"4211","SumInsured":"5000000","SchemeCode":"4112000003"}]},"MemObj":{"Member":[{"MemberNo":1,"Salutation":"Mr","First_Name":"ANKITAAAA","Middle_Name":null,"Last_Name":"TEST","Gender":"M","DateOfBirth":"10\/13\/1994","Relation_Code":"R001","Marital_Status":null,"height":"0.00","weight":"0","occupation":"O553","PrimaryMember":"Y","MemberproductComponents":[{"PlanCode":"4211","MemberQuestionDetails":[{"QuestionCode":null,"Answer":null,"Remarks":null}]}],"MemberPED":[{"PEDCode":null,"Remarks":null}],"exactDiagnosis":null,"dateOfDiagnosis":null,"lastDateConsultation":null,"detailsOfTreatmentGiven":null,"doctorName":null,"hospitalName":null,"phoneNumberHosital":null,"Nominee_First_Name":"ANKY","Nominee_Last_Name":"TEST","Nominee_Contact_Number":"7878787878","Nominee_Home_Address":null,"Nominee_Relationship_Code":"R002"}]},"ReceiptCreation":{"officeLocation":"Mumbai","modeOfEntry":"Direct","cdAcNo":null,"expiryDate":null,"payerType":"Customer","payerCode":null,"paymentBy":"Customer","paymentByName":null,"paymentByRelationship":null,"collectionAmount":12199,"collectionRcvdDate":"2021-10-30","collectionMode":"online","remarks":null,"instrumentNumber":"pay_IFYsDGCeVewIka","instrumentDate":"2021-10-30","bankName":"Axis Bank Ltd","branchName":"","bankLocation":null,"micrNo":null,"chequeType":null,"ifscCode":"","PaymentGatewayName":"AXIS_GHIEW_XL","TerminalID":"76006448","CardNo":null},"CombiCreation":{"Combi_flag":"0","Combi_identifier":"leadid","Combi_value":"SL1635599528","Combi_code":"AXIS_GHIEW_XL","Combi_Count":1,"Combi_product_count":1}} [] []
[2021-10-30 18:50:25] full_quote_reponse2.INFO: "<ns0:GHI_Res xmlns:ns0=\"http:\/\/ABHICL_NBP_QuickQuote_Schemas.GHI_Response\"><errorObj><ErrorNumber>00<\/ErrorNumber><ErrorMessage>Success<\/ErrorMessage><\/errorObj><policyDtls><TransactionReferenceNumber><\/TransactionReferenceNumber><QuotationNumber>XL100900353<\/QuotationNumber><CertificateNumber>GHI-XL-21-2000432<\/CertificateNumber><LetterURL>https:\/\/abpb.adityabirlahealth.com\/hbletter\/viewletter.aspx?ABH=1044892&amp;TRM=GHI-XL-21-2000432<\/LetterURL><ClientID>0001538120<\/ClientID><ProductName>Group Activ Health<\/ProductName><ProductCode>4211<\/ProductCode><LineOfBusiness>42<\/LineOfBusiness><startDate>10\/30\/2021 12:00:00 AM<\/startDate><EndDate>10\/29\/2022 11:59:00 PM<\/EndDate><PolicyNumber>71-20-00045-00-00<\/PolicyNumber><ProposalNumber>XL100900353<\/ProposalNumber><PolicyStatus>IF<\/PolicyStatus><Tenure>1<\/Tenure><stpFlag>0<\/stpFlag><MemberCustomerID>1635599527GHIR11<\/MemberCustomerID><\/policyDtls><premium><BasePremium>10338.00<\/BasePremium><NetPremium>10338.00<\/NetPremium><GST>1860.84<\/GST><GrossPremium>12199.00<\/GrossPremium><\/premium><receiptObj><ReceiptNumber>R70157538<\/ReceiptNumber><ReceiptAmount>12199.00<\/ReceiptAmount><ExcessAmount>0.00<\/ExcessAmount><\/receiptObj><\/ns0:GHI_Res>" [] []
[2021-10-30 18:50:28] api_insert.INFO: {"emp_id":"627119","proposal_id":"3284","member_fr_id":"","client_id":"0001538120","certificate_number":"GHI-XL-21-2000432","quotation_no":"XL100900353","proposal_no":"XL100900353","policy_no":"71-20-00045-00-00","gross_premium":"12199.00","status":"Success","start_date":"10\/30\/2021 12:00:00 AM","end_date":"10\/29\/2022 11:59:00 PM","created_date":"2021-10-30 18:50:27","proposal_no_lead":"P-1715050496397347","PolicyStatus":"IF","letter_url":"https:\/\/abpb.adityabirlahealth.com\/hbletter\/viewletter.aspx?ABH=1044892&TRM=GHI-XL-21-2000432","CustomerID":"1635599527GHIR11","MemberCustomerID":"1635599527GHIR11","create_policy_type":0,"ReceiptNumber":"R70157538"} [] []
[2021-10-30 18:50:32] generateOTP.INFO: test [] []
[2021-10-30 18:50:34] generateOTP.INFO: test [] []
[2021-10-30 18:51:41] generateOTP.INFO: test [] []
[2021-10-30 18:51:42] generateOTP.INFO: test [] []
[2021-10-30 19:37:13] generateOTP.INFO: test [] []
[2021-10-30 19:37:16] generateOTP.INFO: test [] []
[2021-10-30 19:37:17] generateOTP.INFO: test [] []
[2021-10-30 22:51:23] generateOTP.INFO: test [] []
[2021-10-30 22:56:18] generateOTP.INFO: test [] []
[2021-10-30 22:56:21] generateOTP.INFO: test [] []
[2021-10-30 22:56:22] generateOTP.INFO: test [] []
[2021-10-30 23:19:49] generateOTP.INFO: test [] []
[2021-10-30 23:19:50] generateOTP.INFO: test [] []
[2021-10-30 23:19:51] generateOTP.INFO: test [] []
[2021-10-30 23:31:20] generateOTP.INFO: test [] []
[2021-10-30 23:31:20] generateOTP.INFO: test [] []
[2021-10-30 23:40:53] generateOTP.INFO: test [] []
[2021-10-30 23:40:53] generateOTP.INFO: test [] []
[2021-10-30 23:40:54] generateOTP.INFO: test [] []
