[2022-03-31 00:52:42] generateOTP.INFO: test [] []
[2022-03-31 06:56:26] generateOTP.INFO: test [] []
[2022-03-31 06:56:27] generateOTP.INFO: test [] []
[2022-03-31 09:35:00] generateOTP.INFO: test [] []
[2022-03-31 10:30:27] generateOTP.INFO: test [] []
[2022-03-31 10:47:21] generateOTP.INFO: test [] []
[2022-03-31 10:47:23] generateOTP.INFO: test [] []
[2022-03-31 10:47:41] generateOTP.INFO: test [] []
[2022-03-31 10:48:04] generateOTP.INFO: test [] []
[2022-03-31 10:48:41] generateOTP.INFO: test [] []
[2022-03-31 10:53:23] generateOTP.INFO: test [] []
[2022-03-31 10:54:21] generateOTP.INFO: test [] []
[2022-03-31 10:57:27] generateOTP.INFO: test [] []
[2022-03-31 11:03:30] generateOTP.INFO: test [] []
[2022-03-31 11:03:58] generateOTP.INFO: test [] []
[2022-03-31 11:04:11] generateOTP.INFO: test [] []
[2022-03-31 11:04:17] generateOTP.INFO: test [] []
[2022-03-31 11:11:38] generateOTP.INFO: test [] []
[2022-03-31 11:11:39] generateOTP.INFO: test [] []
[2022-03-31 11:11:42] generateOTP.INFO: test [] []
[2022-03-31 11:13:19] generateOTP.INFO: test [] []
[2022-03-31 11:13:25] generateOTP.INFO: test [] []
[2022-03-31 11:13:35] generateOTP.INFO: test [] []
[2022-03-31 11:14:00] generateOTP.INFO: test [] []
[2022-03-31 11:14:10] generateOTP.INFO: test [] []
[2022-03-31 11:14:17] generateOTP.INFO: test [] []
[2022-03-31 11:16:34] generateOTP.INFO: test [] []
[2022-03-31 11:16:35] generateOTP.INFO: test [] []
[2022-03-31 11:16:53] generateOTP.INFO: test [] []
[2022-03-31 11:16:53] generateOTP.INFO: test [] []
[2022-03-31 11:17:09] generateOTP.INFO: test [] []
[2022-03-31 11:17:09] generateOTP.INFO: test [] []
[2022-03-31 11:17:40] generateOTP.INFO: test [] []
[2022-03-31 11:17:40] generateOTP.INFO: test [] []
[2022-03-31 11:17:40] generateOTP.INFO: test [] []
[2022-03-31 11:17:41] generateOTP.INFO: test [] []
[2022-03-31 11:18:07] generateOTP.INFO: test [] []
[2022-03-31 11:18:07] generateOTP.INFO: test [] []
[2022-03-31 11:18:28] generateOTP.INFO: test [] []
[2022-03-31 11:18:29] generateOTP.INFO: test [] []
[2022-03-31 11:18:38] generateOTP.INFO: test [] []
[2022-03-31 11:21:53] generateOTP.INFO: test [] []
[2022-03-31 11:22:10] generateOTP.INFO: test [] []
[2022-03-31 11:30:42] generateOTP.INFO: test [] []
[2022-03-31 11:31:28] generateOTP.INFO: test [] []
[2022-03-31 11:33:01] generateOTP.INFO: test [] []
[2022-03-31 11:33:03] generateOTP.INFO: test [] []
[2022-03-31 11:33:32] generateOTP.INFO: {"salutation":"1","firstname":"dfvfdbd","lastname":"dfgdfd","dob":"11-03-1986","mob_no":"8798465465","panCard":"","email":"amit.matani@fyntune.com","ref1":"0","ref2":"0","comAdd":"dvfdvdfv","city":"Jalpaiguri","state":"WEST BENGAL","pin_code":"735101","ISNRI":"N","update_emp_id":"UnVOdERqRjRiQXhDaWc5aWMvcHdSQT09","edit":"0","policy_no":"470","subtype_text":"1","sum_insure":"10000000","familyConstruct":"1A","occupation":"5","anuual_income":"","family_members_id":"0","family_gender":"Male","first_name":"dfvfdbd","last_name":"dfgdfd","family_date_birth":"11-03-1986","age":"36","age_type":" years","tenure":"1 Year","mem_mob":"8798465465","mem_email":"amit.matani@fyntune.com","family_id":"","s_date":"","marriage_date":"","premium":"13299","policyNo":"470","familyDataType":"undefined","empId":"UnVOdERqRjRiQXhDaWc5aWMvcHdSQT09","product":"test123abc","declare":"[]","gender":"Male","gci_options":"undefined","gpa_options":"Yes","hidden_policy_id":"470,471","hidden_deductable":"0"} [] []
[2022-03-31 11:34:07] documentsSave.INFO: {"ops_type":"[]","ids":"3436,3437"} [] []
[2022-03-31 11:34:07] documentsSaveFiles.INFO: [] [] []
[2022-03-31 11:34:11] generateOTP.INFO: test [] []
[2022-03-31 11:34:11] generateOTP.INFO: test [] []
[2022-03-31 11:34:45] generateOTP.INFO: test [] []
[2022-03-31 11:34:45] generateOTP.INFO: test [] []
[2022-03-31 11:34:55] generateOTP.INFO: test [] []
[2022-03-31 11:35:07] generateOTP.INFO: test [] []
[2022-03-31 11:35:12] generateOTP.INFO: test [] []
[2022-03-31 11:35:19] generateOTP.INFO: test [] []
[2022-03-31 11:35:47] generateOTP.INFO: test [] []
[2022-03-31 11:35:48] generateOTP.INFO: test [] []
[2022-03-31 11:36:13] full_quote_request1.INFO: {"ClientCreation":{"Member_Customer_ID":"1648706568GHIR11","salutation":"Mr","firstName":"dfvfdbd","middleName":"","lastName":"dfgdfd","dateofBirth":"03\/11\/1986","gender":"M","educationalQualification":null,"pinCode":"735101","uidNo":"0","maritalStatus":null,"nationality":"Indian","occupation":"O012","primaryEmailID":"amit.matani@fyntune.com","contactMobileNo":"8798465465","stdLandlineNo":null,"panNo":null,"passportNumber":null,"contactPerson":null,"annualIncome":"75000000","remarks":null,"startDate":"2022-03-31","endDate":null,"IdProof":null,"residenceProof":null,"ageProof":null,"others":null,"homeAddressLine1":"dvfdvdfv","homeAddressLine2":null,"homeAddressLine3":null,"homePinCode":"735101","homeArea":null,"homeContactMobileNo":null,"homeContactMobileNo2":null,"homeSTDLandlineNo":null,"homeFaxNo":null,"sameAsHomeAddress":"1","mailingAddressLine1":null,"mailingAddressLine2":null,"mailingAddressLine3":null,"mailingPinCode":null,"mailingArea":null,"mailingContactMobileNo":null,"mailingContactMobileNo2":null,"mailingSTDLandlineNo":null,"mailingSTDLandlineNo2":null,"mailingFaxNo":null,"bankAccountType":null,"bankAccountNo":null,"ifscCode":null,"GSTIN":null,"GSTRegistrationStatus":"Consumers","IsEIAavailable":"0","ApplyEIA":"0","EIAAccountNo":null,"EIAWith":"0","AccountType":null,"AddressProof":null,"DOBProof":null,"IdentityProof":null},"PolicyCreationRequest":{"Quotation_Number":"","MasterPolicyNumber":"71-20-00045-00-00","GroupID":"GRP003","Product_Code":"4211","SumInsured_Type":null,"Policy_Tanure":"1","Member_Type_Code":"M209","intermediaryCode":"2111573","AutoRenewal":"0","AutoDebit":"0","intermediaryBranchCode":"10MHMUM08","agentSignatureDate":null,"Customer_Signature_Date":null,"businessSourceChannel":null,"AssignPolicy":"0","AssigneeName":null,"leadID":"SL1648706568","Source_Name":"AXIS_GHIEW_XL","SPID":"123abc","TCN":null,"CRTNO":null,"RefCode1":"123abc","RefCode2":"NULL","Employee_Number":"627325","enumIsEmployeeDiscount":null,"QuoteDate":null,"IsPayment":"0","PaymentMode":null,"PolicyproductComponents":[{"PlanCode":"4211","SumInsured":"10000000","SchemeCode":"4112000003"}]},"MemObj":{"Member":[{"MemberNo":1,"Salutation":"Mr","First_Name":"dfvfdbd","Middle_Name":null,"Last_Name":"dfgdfd","Gender":"M","DateOfBirth":"03\/11\/1986","Relation_Code":"R001","Marital_Status":null,"height":"0.00","weight":"0","occupation":"O012","PrimaryMember":"Y","MemberproductComponents":[{"PlanCode":"4211","MemberQuestionDetails":[{"QuestionCode":null,"Answer":null,"Remarks":null}]}],"MemberPED":[{"PEDCode":null,"Remarks":null}],"exactDiagnosis":null,"dateOfDiagnosis":null,"lastDateConsultation":null,"detailsOfTreatmentGiven":null,"doctorName":null,"hospitalName":null,"phoneNumberHosital":null,"Nominee_First_Name":"DFVFDBD","Nominee_Last_Name":"DFGDFD","Nominee_Contact_Number":"7896874525","Nominee_Home_Address":null,"Nominee_Relationship_Code":"R003"}]},"ReceiptCreation":{"officeLocation":"","modeOfEntry":"","cdAcNo":null,"expiryDate":null,"payerType":"","payerCode":null,"paymentBy":"","paymentByName":null,"paymentByRelationship":null,"collectionAmount":"","collectionRcvdDate":null,"collectionMode":"","remarks":null,"instrumentNumber":null,"instrumentDate":null,"bankName":null,"branchName":null,"bankLocation":null,"micrNo":null,"chequeType":null,"ifscCode":"","PaymentGatewayName":"","TerminalID":"H6bzurUIQggI2Z","CardNo":null}} [] []
[2022-03-31 11:36:15] full_quote_reponse1.INFO: "<ns0:GHI_Res xmlns:ns0=\"http:\/\/ABHICL_NBP_QuickQuote_Schemas.GHI_Response\"><errorObj><ErrorNumber>501<\/ErrorNumber><ErrorMessage>Master Policy has been expired<\/ErrorMessage><\/errorObj><policyDtls><TransactionReferenceNumber><\/TransactionReferenceNumber><QuotationNumber><\/QuotationNumber><CertificateNumber><\/CertificateNumber><LetterURL><\/LetterURL><ClientID><\/ClientID><ProductName>Group Activ Health<\/ProductName><ProductCode>4211<\/ProductCode><LineOfBusiness>42<\/LineOfBusiness><startDate><\/startDate><EndDate><\/EndDate><PolicyNumber>71-20-00045-00-00<\/PolicyNumber><ProposalNumber><\/ProposalNumber><PolicyStatus>PQ1<\/PolicyStatus><Tenure>1<\/Tenure><stpFlag>0<\/stpFlag><MemberCustomerID>1648706568GHIR11<\/MemberCustomerID><\/policyDtls><premium><BasePremium \/><NetPremium \/><GST \/><GrossPremium \/><\/premium><receiptObj><ReceiptNumber \/><ReceiptAmount \/><ExcessAmount \/><\/receiptObj><\/ns0:GHI_Res>" [] []
[2022-03-31 11:36:15] full_quote_request1.INFO: {"ClientCreation":{"Member_Customer_ID":"1648706568GPA1","salutation":"Mr","firstName":"dfvfdbd","middleName":"","lastName":"dfgdfd","dateofBirth":"03\/11\/1986","gender":"M","educationalQualification":null,"pinCode":"735101","uidNo":"0","maritalStatus":null,"nationality":"Indian","occupation":"O012","primaryEmailID":"amit.matani@fyntune.com","contactMobileNo":"8798465465","stdLandlineNo":null,"panNo":null,"passportNumber":null,"contactPerson":null,"annualIncome":"75000000","remarks":null,"startDate":"2022-03-31","endDate":null,"IdProof":null,"residenceProof":null,"ageProof":null,"others":null,"homeAddressLine1":"dvfdvdfv","homeAddressLine2":null,"homeAddressLine3":null,"homePinCode":"735101","homeArea":null,"homeContactMobileNo":null,"homeContactMobileNo2":null,"homeSTDLandlineNo":null,"homeFaxNo":null,"sameAsHomeAddress":"1","mailingAddressLine1":null,"mailingAddressLine2":null,"mailingAddressLine3":null,"mailingPinCode":null,"mailingArea":null,"mailingContactMobileNo":null,"mailingContactMobileNo2":null,"mailingSTDLandlineNo":null,"mailingSTDLandlineNo2":null,"mailingFaxNo":null,"bankAccountType":null,"bankAccountNo":null,"ifscCode":null,"GSTIN":null,"GSTRegistrationStatus":"Consumers","IsEIAavailable":"0","ApplyEIA":"0","EIAAccountNo":null,"EIAWith":"0","AccountType":null,"AddressProof":null,"DOBProof":null,"IdentityProof":null},"PolicyCreationRequest":{"Quotation_Number":"","MasterPolicyNumber":"62-20-00065-00-00","GroupID":"GRP003","Product_Code":"4112","SumInsured_Type":null,"Policy_Tanure":"1","Member_Type_Code":"M209","intermediaryCode":"2111573","AutoRenewal":"0","AutoDebit":"0","intermediaryBranchCode":"10MHMUM08","agentSignatureDate":null,"Customer_Signature_Date":null,"businessSourceChannel":null,"AssignPolicy":"0","AssigneeName":null,"leadID":"SL1648706568","Source_Name":"AXIS_GFBEW_XL","SPID":"123abc","TCN":null,"CRTNO":null,"RefCode1":"123abc","RefCode2":"NULL","Employee_Number":"627325","enumIsEmployeeDiscount":null,"QuoteDate":null,"IsPayment":"0","PaymentMode":null,"PolicyproductComponents":[{"PlanCode":"4112","SumInsured":"10000000","SchemeCode":"4112000003"}]},"MemObj":{"Member":[{"MemberNo":1,"Salutation":"Mr","First_Name":"dfvfdbd","Middle_Name":null,"Last_Name":"dfgdfd","Gender":"M","DateOfBirth":"03\/11\/1986","Relation_Code":"R001","Marital_Status":null,"height":"0.00","weight":"0","occupation":"O012","PrimaryMember":"Y","MemberproductComponents":[{"PlanCode":"4112","MemberQuestionDetails":[{"QuestionCode":null,"Answer":null,"Remarks":null}]}],"MemberPED":[{"PEDCode":null,"Remarks":null}],"exactDiagnosis":null,"dateOfDiagnosis":null,"lastDateConsultation":null,"detailsOfTreatmentGiven":null,"doctorName":null,"hospitalName":null,"phoneNumberHosital":null,"Nominee_First_Name":"DFVFDBD","Nominee_Last_Name":"DFGDFD","Nominee_Contact_Number":"7896874525","Nominee_Home_Address":null,"Nominee_Relationship_Code":"R003"}]},"ReceiptCreation":{"officeLocation":"","modeOfEntry":"","cdAcNo":null,"expiryDate":null,"payerType":"","payerCode":null,"paymentBy":"","paymentByName":null,"paymentByRelationship":null,"collectionAmount":"","collectionRcvdDate":null,"collectionMode":"","remarks":null,"instrumentNumber":null,"instrumentDate":null,"bankName":null,"branchName":null,"bankLocation":null,"micrNo":null,"chequeType":null,"ifscCode":"","PaymentGatewayName":"","TerminalID":"H6bzurUIQggI2Z","CardNo":null}} [] []
[2022-03-31 11:36:17] full_quote_reponse1.INFO: "<ns0:GFB_Res xmlns:ns0=\"http:\/\/ABHICL_NBP_QuickQuote_Schemas.GFB_Response\"><errorObj><ErrorNumber>501<\/ErrorNumber><ErrorMessage>Master Policy has been expired<\/ErrorMessage><\/errorObj><policyDtls><TransactionReferenceNumber><\/TransactionReferenceNumber><QuotationNumber><\/QuotationNumber><CertificateNumber><\/CertificateNumber><LetterURL><\/LetterURL><ClientID><\/ClientID><ProductName>Group Activ Secure - Personal Accident<\/ProductName><ProductCode>4112<\/ProductCode><LineOfBusiness>41<\/LineOfBusiness><startDate><\/startDate><EndDate><\/EndDate><PolicyNumber>62-20-00065-00-00<\/PolicyNumber><ProposalNumber><\/ProposalNumber><PolicyStatus>PQ1<\/PolicyStatus><Tenure>1<\/Tenure><stpFlag>0<\/stpFlag><MemberCustomerID>1648706568GPA1<\/MemberCustomerID><\/policyDtls><premium><BasePremium \/><NetPremium \/><GST \/><GrossPremium \/><\/premium><receiptObj><ReceiptNumber \/><ReceiptAmount \/><ExcessAmount \/><\/receiptObj><\/ns0:GFB_Res>" [] []
[2022-03-31 11:36:19] generateOTP.INFO: test [] []
[2022-03-31 11:36:19] generateOTP.INFO: test [] []
[2022-03-31 11:36:29] generateOTP.INFO: test [] []
[2022-03-31 11:37:49] generateOTP.INFO: test [] []
[2022-03-31 11:38:11] generateOTP.INFO: test [] []
[2022-03-31 11:38:31] generateOTP.INFO: test [] []
[2022-03-31 11:39:30] generateOTP.INFO: test [] []
[2022-03-31 11:40:36] generateOTP.INFO: test [] []
[2022-03-31 11:41:23] generateOTP.INFO: test [] []
[2022-03-31 11:41:43] generateOTP.INFO: test [] []
[2022-03-31 11:41:45] generateOTP.INFO: test [] []
[2022-03-31 11:41:46] generateOTP.INFO: test [] []
[2022-03-31 11:41:46] generateOTP.INFO: test [] []
[2022-03-31 11:41:46] generateOTP.INFO: test [] []
[2022-03-31 11:41:46] generateOTP.INFO: test [] []
[2022-03-31 11:41:47] generateOTP.INFO: test [] []
[2022-03-31 11:41:47] generateOTP.INFO: test [] []
[2022-03-31 11:41:47] generateOTP.INFO: test [] []
[2022-03-31 11:41:47] generateOTP.INFO: test [] []
[2022-03-31 11:41:47] generateOTP.INFO: test [] []
[2022-03-31 11:41:47] generateOTP.INFO: test [] []
[2022-03-31 11:41:48] generateOTP.INFO: test [] []
[2022-03-31 11:41:48] generateOTP.INFO: test [] []
[2022-03-31 11:41:48] generateOTP.INFO: test [] []
[2022-03-31 11:41:48] generateOTP.INFO: test [] []
[2022-03-31 11:41:49] generateOTP.INFO: test [] []
[2022-03-31 11:41:49] generateOTP.INFO: test [] []
[2022-03-31 11:41:49] generateOTP.INFO: test [] []
[2022-03-31 11:42:44] generateOTP.INFO: test [] []
[2022-03-31 11:42:55] generateOTP.INFO: test [] []
[2022-03-31 11:42:56] generateOTP.INFO: test [] []
[2022-03-31 11:42:57] generateOTP.INFO: test [] []
[2022-03-31 11:42:57] generateOTP.INFO: test [] []
[2022-03-31 11:42:58] generateOTP.INFO: test [] []
[2022-03-31 11:46:09] generateOTP.INFO: test [] []
[2022-03-31 11:46:10] generateOTP.INFO: test [] []
[2022-03-31 11:46:59] generateOTP.INFO: test [] []
[2022-03-31 11:46:59] generateOTP.INFO: test [] []
[2022-03-31 11:47:14] generateOTP.INFO: test [] []
[2022-03-31 11:47:14] generateOTP.INFO: test [] []
[2022-03-31 11:47:14] generateOTP.INFO: test [] []
[2022-03-31 11:47:14] generateOTP.INFO: test [] []
[2022-03-31 11:47:29] generateOTP.INFO: test [] []
[2022-03-31 11:47:29] generateOTP.INFO: test [] []
[2022-03-31 11:47:52] generateOTP.INFO: test [] []
[2022-03-31 11:47:53] generateOTP.INFO: test [] []
[2022-03-31 11:47:56] generateOTP.INFO: test [] []
[2022-03-31 11:51:12] generateOTP.INFO: test [] []
[2022-03-31 11:51:12] generateOTP.INFO: test [] []
[2022-03-31 11:51:12] generateOTP.INFO: test [] []
[2022-03-31 11:51:12] generateOTP.INFO: test [] []
[2022-03-31 11:51:12] generateOTP.INFO: test [] []
[2022-03-31 11:53:12] generateOTP.INFO: test [] []
[2022-03-31 11:53:12] generateOTP.INFO: test [] []
[2022-03-31 11:53:45] generateOTP.INFO: test [] []
[2022-03-31 11:53:45] generateOTP.INFO: test [] []
[2022-03-31 11:53:45] generateOTP.INFO: test [] []
[2022-03-31 11:54:13] generateOTP.INFO: test [] []
[2022-03-31 11:54:13] generateOTP.INFO: test [] []
[2022-03-31 11:54:13] generateOTP.INFO: test [] []
[2022-03-31 11:54:14] generateOTP.INFO: test [] []
[2022-03-31 11:54:40] generateOTP.INFO: test [] []
[2022-03-31 11:54:41] generateOTP.INFO: test [] []
[2022-03-31 11:55:03] generateOTP.INFO: test [] []
[2022-03-31 11:55:03] generateOTP.INFO: test [] []
[2022-03-31 11:55:14] generateOTP.INFO: test [] []
[2022-03-31 11:57:11] generateOTP.INFO: test [] []
[2022-03-31 11:57:11] generateOTP.INFO: test [] []
[2022-03-31 11:57:11] generateOTP.INFO: test [] []
[2022-03-31 11:57:11] generateOTP.INFO: test [] []
[2022-03-31 11:57:11] generateOTP.INFO: test [] []
[2022-03-31 12:02:22] generateOTP.INFO: test [] []
[2022-03-31 12:02:25] generateOTP.INFO: test [] []
[2022-03-31 12:03:47] generateOTP.INFO: test [] []
[2022-03-31 12:04:08] generateOTP.INFO: test [] []
[2022-03-31 12:04:27] generateOTP.INFO: test [] []
[2022-03-31 12:04:57] generateOTP.INFO: test [] []
[2022-03-31 12:04:58] generateOTP.INFO: test [] []
[2022-03-31 12:05:05] generateOTP.INFO: test [] []
[2022-03-31 12:05:05] generateOTP.INFO: test [] []
[2022-03-31 12:05:14] generateOTP.INFO: test [] []
[2022-03-31 12:05:48] generateOTP.INFO: test [] []
[2022-03-31 12:05:57] generateOTP.INFO: test [] []
[2022-03-31 12:10:59] generateOTP.INFO: test [] []
[2022-03-31 12:11:24] generateOTP.INFO: test [] []
[2022-03-31 12:12:01] generateOTP.INFO: test [] []
[2022-03-31 12:13:17] generateOTP.INFO: test [] []
[2022-03-31 12:13:32] generateOTP.INFO: test [] []
[2022-03-31 12:13:45] generateOTP.INFO: test [] []
[2022-03-31 12:13:45] generateOTP.INFO: test [] []
[2022-03-31 12:14:11] generateOTP.INFO: test [] []
[2022-03-31 12:14:14] generateOTP.INFO: test [] []
[2022-03-31 12:14:46] generateOTP.INFO: test [] []
[2022-03-31 12:16:34] generateOTP.INFO: test [] []
[2022-03-31 12:16:55] generateOTP.INFO: test [] []
[2022-03-31 12:16:58] generateOTP.INFO: test [] []
[2022-03-31 12:17:36] generateOTP.INFO: test [] []
[2022-03-31 12:18:25] generateOTP.INFO: test [] []
[2022-03-31 12:18:25] generateOTP.INFO: test [] []
[2022-03-31 12:18:34] generateOTP.INFO: test [] []
[2022-03-31 12:18:34] generateOTP.INFO: test [] []
[2022-03-31 12:18:36] generateOTP.INFO: test [] []
[2022-03-31 12:18:51] generateOTP.INFO: test [] []
[2022-03-31 12:18:57] generateOTP.INFO: test [] []
[2022-03-31 12:19:03] generateOTP.INFO: test [] []
[2022-03-31 12:19:17] generateOTP.INFO: test [] []
[2022-03-31 12:19:30] generateOTP.INFO: test [] []
[2022-03-31 12:20:20] generateOTP.INFO: test [] []
[2022-03-31 12:20:26] generateOTP.INFO: test [] []
[2022-03-31 12:20:27] generateOTP.INFO: test [] []
[2022-03-31 12:20:41] generateOTP.INFO: test [] []
[2022-03-31 12:20:45] generateOTP.INFO: test [] []
[2022-03-31 13:27:28] generateOTP.INFO: test [] []
[2022-03-31 13:27:28] generateOTP.INFO: test [] []
[2022-03-31 13:27:39] generateOTP.INFO: test [] []
[2022-03-31 13:27:39] generateOTP.INFO: test [] []
[2022-03-31 13:27:39] generateOTP.INFO: test [] []
[2022-03-31 13:27:39] generateOTP.INFO: test [] []
[2022-03-31 13:27:39] generateOTP.INFO: test [] []
[2022-03-31 13:27:39] generateOTP.INFO: test [] []
[2022-03-31 13:27:39] generateOTP.INFO: test [] []
[2022-03-31 13:27:39] generateOTP.INFO: test [] []
[2022-03-31 13:27:39] generateOTP.INFO: test [] []
[2022-03-31 13:27:39] generateOTP.INFO: test [] []
[2022-03-31 13:27:39] generateOTP.INFO: test [] []
[2022-03-31 13:27:39] generateOTP.INFO: test [] []
[2022-03-31 13:27:40] generateOTP.INFO: test [] []
[2022-03-31 13:27:40] generateOTP.INFO: test [] []
[2022-03-31 13:27:40] generateOTP.INFO: test [] []
[2022-03-31 13:27:40] generateOTP.INFO: test [] []
[2022-03-31 13:27:40] generateOTP.INFO: test [] []
[2022-03-31 13:27:40] generateOTP.INFO: test [] []
[2022-03-31 13:27:40] generateOTP.INFO: test [] []
[2022-03-31 13:27:40] generateOTP.INFO: test [] []
[2022-03-31 13:27:40] generateOTP.INFO: test [] []
[2022-03-31 13:27:40] generateOTP.INFO: test [] []
[2022-03-31 13:27:40] generateOTP.INFO: test [] []
[2022-03-31 13:27:41] generateOTP.INFO: test [] []
[2022-03-31 13:27:41] generateOTP.INFO: test [] []
[2022-03-31 13:27:42] generateOTP.INFO: test [] []
[2022-03-31 13:27:44] generateOTP.INFO: test [] []
[2022-03-31 13:27:44] generateOTP.INFO: test [] []
[2022-03-31 13:27:52] generateOTP.INFO: test [] []
[2022-03-31 13:27:52] generateOTP.INFO: test [] []
[2022-03-31 13:27:52] generateOTP.INFO: test [] []
[2022-03-31 13:27:55] generateOTP.INFO: test [] []
[2022-03-31 13:28:14] generateOTP.INFO: test [] []
[2022-03-31 13:28:19] generateOTP.INFO: test [] []
[2022-03-31 13:44:49] generateOTP.INFO: test [] []
[2022-03-31 13:45:08] generateOTP.INFO: test [] []
[2022-03-31 13:45:11] generateOTP.INFO: test [] []
[2022-03-31 13:45:33] generateOTP.INFO: test [] []
[2022-03-31 13:47:05] generateOTP.INFO: test [] []
[2022-03-31 13:47:29] generateOTP.INFO: test [] []
[2022-03-31 13:48:14] generateOTP.INFO: test [] []
[2022-03-31 13:48:19] generateOTP.INFO: test [] []
[2022-03-31 13:48:34] generateOTP.INFO: test [] []
[2022-03-31 13:48:42] generateOTP.INFO: test [] []
[2022-03-31 13:49:23] generateOTP.INFO: test [] []
[2022-03-31 13:50:27] generateOTP.INFO: test [] []
[2022-03-31 13:50:37] generateOTP.INFO: test [] []
[2022-03-31 13:51:17] generateOTP.INFO: test [] []
[2022-03-31 13:51:53] generateOTP.INFO: test [] []
[2022-03-31 13:52:44] generateOTP.INFO: test [] []
[2022-03-31 13:57:34] generateOTP.INFO: test [] []
[2022-03-31 14:00:04] generateOTP.INFO: test [] []
[2022-03-31 14:05:58] generateOTP.INFO: test [] []
[2022-03-31 14:53:00] generateOTP.INFO: test [] []
[2022-03-31 15:20:58] generateOTP.INFO: test [] []
[2022-03-31 15:21:03] generateOTP.INFO: test [] []
[2022-03-31 15:21:10] generateOTP.INFO: test [] []
[2022-03-31 15:21:30] generateOTP.INFO: test [] []
[2022-03-31 15:21:42] generateOTP.INFO: test [] []
[2022-03-31 15:30:50] generateOTP.INFO: test [] []
[2022-03-31 15:31:47] generateOTP.INFO: test [] []
[2022-03-31 15:31:48] generateOTP.INFO: test [] []
[2022-03-31 15:33:41] generateOTP.INFO: test [] []
[2022-03-31 15:36:21] generateOTP.INFO: test [] []
[2022-03-31 15:38:32] generateOTP.INFO: test [] []
[2022-03-31 15:38:55] generateOTP.INFO: test [] []
[2022-03-31 15:40:13] generateOTP.INFO: test [] []
[2022-03-31 15:40:35] generateOTP.INFO: test [] []
[2022-03-31 16:15:01] generateOTP.INFO: test [] []
[2022-03-31 16:15:14] generateOTP.INFO: test [] []
[2022-03-31 16:42:38] generateOTP.INFO: test [] []
[2022-03-31 16:42:39] generateOTP.INFO: test [] []
[2022-03-31 16:42:43] generateOTP.INFO: test [] []
[2022-03-31 16:42:43] generateOTP.INFO: test [] []
[2022-03-31 16:42:44] generateOTP.INFO: test [] []
[2022-03-31 16:42:44] generateOTP.INFO: test [] []
[2022-03-31 16:42:45] generateOTP.INFO: test [] []
[2022-03-31 16:42:45] generateOTP.INFO: test [] []
[2022-03-31 16:42:46] generateOTP.INFO: test [] []
[2022-03-31 16:42:46] generateOTP.INFO: test [] []
[2022-03-31 16:42:47] generateOTP.INFO: test [] []
[2022-03-31 16:42:47] generateOTP.INFO: test [] []
[2022-03-31 16:42:47] generateOTP.INFO: test [] []
[2022-03-31 16:42:48] generateOTP.INFO: test [] []
[2022-03-31 16:42:48] generateOTP.INFO: test [] []
[2022-03-31 16:42:49] generateOTP.INFO: test [] []
[2022-03-31 16:57:55] generateOTP.INFO: test [] []
[2022-03-31 16:58:17] generateOTP.INFO: test [] []
[2022-03-31 17:09:43] generateOTP.INFO: test [] []
[2022-03-31 17:11:29] generateOTP.INFO: test [] []
[2022-03-31 17:12:16] generateOTP.INFO: test [] []
[2022-03-31 17:12:42] generateOTP.INFO: test [] []
[2022-03-31 17:13:06] generateOTP.INFO: test [] []
[2022-03-31 17:13:29] generateOTP.INFO: test [] []
[2022-03-31 17:18:59] generateOTP.INFO: test [] []
[2022-03-31 17:19:13] generateOTP.INFO: test [] []
[2022-03-31 17:28:07] generateOTP.INFO: test [] []
[2022-03-31 17:28:13] generateOTP.INFO: test [] []
[2022-03-31 17:30:56] generateOTP.INFO: test [] []
[2022-03-31 17:30:57] generateOTP.INFO: test [] []
[2022-03-31 17:31:14] generateOTP.INFO: test [] []
[2022-03-31 17:31:34] generateOTP.INFO: test [] []
[2022-03-31 17:31:50] generateOTP.INFO: test [] []
[2022-03-31 17:34:57] generateOTP.INFO: test [] []
[2022-03-31 17:34:58] generateOTP.INFO: test [] []
[2022-03-31 17:35:11] generateOTP.INFO: test [] []
[2022-03-31 17:35:22] generateOTP.INFO: test [] []
[2022-03-31 17:35:28] generateOTP.INFO: test [] []
[2022-03-31 17:46:31] generateOTP.INFO: test [] []
[2022-03-31 17:47:52] generateOTP.INFO: test [] []
[2022-03-31 17:48:10] generateOTP.INFO: test [] []
[2022-03-31 17:50:06] generateOTP.INFO: test [] []
[2022-03-31 17:50:11] generateOTP.INFO: test [] []
[2022-03-31 17:50:20] generateOTP.INFO: test [] []
[2022-03-31 17:51:14] generateOTP.INFO: test [] []
[2022-03-31 17:51:25] generateOTP.INFO: test [] []
[2022-03-31 17:51:34] generateOTP.INFO: test [] []
[2022-03-31 17:52:59] generateOTP.INFO: test [] []
[2022-03-31 17:53:10] generateOTP.INFO: test [] []
[2022-03-31 17:58:47] generateOTP.INFO: test [] []
[2022-03-31 17:58:56] generateOTP.INFO: test [] []
[2022-03-31 18:01:24] generateOTP.INFO: test [] []
[2022-03-31 18:03:12] generateOTP.INFO: test [] []
[2022-03-31 18:03:17] generateOTP.INFO: test [] []
[2022-03-31 18:15:00] generateOTP.INFO: test [] []
[2022-03-31 18:15:07] generateOTP.INFO: test [] []
[2022-03-31 18:15:07] generateOTP.INFO: test [] []
[2022-03-31 18:15:07] generateOTP.INFO: test [] []
[2022-03-31 18:15:08] generateOTP.INFO: test [] []
[2022-03-31 18:18:21] generateOTP.INFO: test [] []
[2022-03-31 18:19:21] generateOTP.INFO: test [] []
[2022-03-31 18:19:56] generateOTP.INFO: test [] []
[2022-03-31 18:20:35] generateOTP.INFO: test [] []
[2022-03-31 18:20:50] generateOTP.INFO: test [] []
[2022-03-31 18:22:07] generateOTP.INFO: test [] []
[2022-03-31 18:23:10] generateOTP.INFO: test [] []
[2022-03-31 18:23:45] generateOTP.INFO: test [] []
[2022-03-31 18:26:03] generateOTP.INFO: test [] []
[2022-03-31 18:28:51] generateOTP.INFO: test [] []
[2022-03-31 18:30:19] generateOTP.INFO: test [] []
[2022-03-31 18:31:47] generateOTP.INFO: test [] []
[2022-03-31 18:36:38] generateOTP.INFO: test [] []
[2022-03-31 18:39:19] generateOTP.INFO: test [] []
[2022-03-31 18:47:00] generateOTP.INFO: test [] []
[2022-03-31 18:47:34] generateOTP.INFO: test [] []
[2022-03-31 18:48:29] generateOTP.INFO: test [] []
[2022-03-31 19:05:49] generateOTP.INFO: test [] []
[2022-03-31 19:06:31] generateOTP.INFO: test [] []
[2022-03-31 19:07:32] generateOTP.INFO: test [] []
[2022-03-31 19:07:41] generateOTP.INFO: test [] []
[2022-03-31 19:09:34] generateOTP.INFO: test [] []
[2022-03-31 19:09:44] generateOTP.INFO: test [] []
[2022-03-31 19:13:14] generateOTP.INFO: test [] []
[2022-03-31 19:14:12] generateOTP.INFO: test [] []
[2022-03-31 19:14:17] generateOTP.INFO: test [] []
[2022-03-31 19:15:49] generateOTP.INFO: test [] []
[2022-03-31 19:15:50] generateOTP.INFO: test [] []
[2022-03-31 19:15:55] generateOTP.INFO: test [] []
[2022-03-31 19:16:21] generateOTP.INFO: test [] []
[2022-03-31 19:16:43] generateOTP.INFO: test [] []
[2022-03-31 19:16:55] generateOTP.INFO: test [] []
[2022-03-31 19:16:59] generateOTP.INFO: test [] []
[2022-03-31 19:21:41] generateOTP.INFO: test [] []
[2022-03-31 19:21:49] generateOTP.INFO: test [] []
[2022-03-31 19:22:12] generateOTP.INFO: test [] []
[2022-03-31 19:22:16] generateOTP.INFO: test [] []
[2022-03-31 19:22:34] generateOTP.INFO: test [] []
[2022-03-31 19:23:17] generateOTP.INFO: test [] []
[2022-03-31 19:23:23] generateOTP.INFO: test [] []
[2022-03-31 19:23:25] generateOTP.INFO: test [] []
[2022-03-31 19:23:30] generateOTP.INFO: test [] []
[2022-03-31 19:23:34] generateOTP.INFO: test [] []
[2022-03-31 19:23:42] generateOTP.INFO: test [] []
[2022-03-31 19:24:06] generateOTP.INFO: test [] []
[2022-03-31 19:24:13] generateOTP.INFO: test [] []
[2022-03-31 19:25:07] generateOTP.INFO: test [] []
[2022-03-31 19:25:07] generateOTP.INFO: test [] []
[2022-03-31 19:25:07] generateOTP.INFO: test [] []
[2022-03-31 19:25:08] generateOTP.INFO: test [] []
[2022-03-31 19:25:08] generateOTP.INFO: test [] []
[2022-03-31 19:25:08] generateOTP.INFO: test [] []
[2022-03-31 19:25:08] generateOTP.INFO: test [] []
[2022-03-31 19:25:08] generateOTP.INFO: test [] []
[2022-03-31 19:25:08] generateOTP.INFO: test [] []
[2022-03-31 19:25:08] generateOTP.INFO: test [] []
[2022-03-31 19:25:09] generateOTP.INFO: test [] []
[2022-03-31 19:25:09] generateOTP.INFO: test [] []
[2022-03-31 19:25:09] generateOTP.INFO: test [] []
[2022-03-31 19:25:09] generateOTP.INFO: test [] []
[2022-03-31 19:25:09] generateOTP.INFO: test [] []
[2022-03-31 19:25:09] generateOTP.INFO: test [] []
[2022-03-31 19:25:09] generateOTP.INFO: test [] []
[2022-03-31 19:25:09] generateOTP.INFO: test [] []
[2022-03-31 19:25:09] generateOTP.INFO: test [] []
[2022-03-31 19:25:09] generateOTP.INFO: test [] []
[2022-03-31 19:25:11] generateOTP.INFO: test [] []
[2022-03-31 19:25:11] generateOTP.INFO: test [] []
[2022-03-31 19:25:11] generateOTP.INFO: test [] []
[2022-03-31 19:25:11] generateOTP.INFO: test [] []
[2022-03-31 19:25:11] generateOTP.INFO: test [] []
[2022-03-31 19:25:11] generateOTP.INFO: test [] []
[2022-03-31 19:25:11] generateOTP.INFO: test [] []
[2022-03-31 19:25:12] generateOTP.INFO: test [] []
[2022-03-31 19:25:12] generateOTP.INFO: test [] []
[2022-03-31 19:25:12] generateOTP.INFO: test [] []
[2022-03-31 19:25:12] generateOTP.INFO: test [] []
[2022-03-31 19:25:12] generateOTP.INFO: test [] []
[2022-03-31 19:25:12] generateOTP.INFO: test [] []
[2022-03-31 19:25:12] generateOTP.INFO: test [] []
[2022-03-31 19:25:13] generateOTP.INFO: test [] []
[2022-03-31 19:25:13] generateOTP.INFO: test [] []
[2022-03-31 19:25:13] generateOTP.INFO: test [] []
[2022-03-31 19:25:13] generateOTP.INFO: test [] []
[2022-03-31 19:25:13] generateOTP.INFO: test [] []
[2022-03-31 19:25:13] generateOTP.INFO: test [] []
[2022-03-31 19:25:25] generateOTP.INFO: test [] []
[2022-03-31 19:25:25] generateOTP.INFO: test [] []
[2022-03-31 19:25:25] generateOTP.INFO: test [] []
[2022-03-31 19:25:25] generateOTP.INFO: test [] []
[2022-03-31 19:25:25] generateOTP.INFO: test [] []
[2022-03-31 19:25:25] generateOTP.INFO: test [] []
[2022-03-31 19:25:25] generateOTP.INFO: test [] []
[2022-03-31 19:25:25] generateOTP.INFO: test [] []
[2022-03-31 19:25:26] generateOTP.INFO: test [] []
[2022-03-31 19:25:26] generateOTP.INFO: test [] []
[2022-03-31 19:25:26] generateOTP.INFO: test [] []
[2022-03-31 19:25:26] generateOTP.INFO: test [] []
[2022-03-31 19:25:26] generateOTP.INFO: test [] []
[2022-03-31 19:25:26] generateOTP.INFO: test [] []
[2022-03-31 19:25:26] generateOTP.INFO: test [] []
[2022-03-31 19:25:26] generateOTP.INFO: test [] []
[2022-03-31 19:25:26] generateOTP.INFO: test [] []
[2022-03-31 19:25:26] generateOTP.INFO: test [] []
[2022-03-31 19:25:31] generateOTP.INFO: test [] []
[2022-03-31 19:25:31] generateOTP.INFO: test [] []
[2022-03-31 19:25:33] generateOTP.INFO: test [] []
[2022-03-31 19:25:33] generateOTP.INFO: test [] []
[2022-03-31 19:25:33] generateOTP.INFO: test [] []
[2022-03-31 19:25:33] generateOTP.INFO: test [] []
[2022-03-31 19:25:33] generateOTP.INFO: test [] []
[2022-03-31 19:25:33] generateOTP.INFO: test [] []
[2022-03-31 19:25:34] generateOTP.INFO: test [] []
[2022-03-31 19:25:34] generateOTP.INFO: test [] []
[2022-03-31 19:25:34] generateOTP.INFO: test [] []
[2022-03-31 19:25:35] generateOTP.INFO: test [] []
[2022-03-31 19:25:35] generateOTP.INFO: test [] []
[2022-03-31 19:25:36] generateOTP.INFO: test [] []
[2022-03-31 19:25:36] generateOTP.INFO: test [] []
[2022-03-31 19:25:36] generateOTP.INFO: test [] []
[2022-03-31 19:25:37] generateOTP.INFO: test [] []
[2022-03-31 19:25:37] generateOTP.INFO: test [] []
[2022-03-31 19:25:39] generateOTP.INFO: test [] []
[2022-03-31 19:39:30] generateOTP.INFO: test [] []
[2022-03-31 19:39:53] generateOTP.INFO: test [] []
[2022-03-31 19:40:02] generateOTP.INFO: test [] []
[2022-03-31 19:41:07] generateOTP.INFO: test [] []
[2022-03-31 19:41:29] generateOTP.INFO: test [] []
[2022-03-31 19:41:37] generateOTP.INFO: test [] []
[2022-03-31 19:41:38] generateOTP.INFO: test [] []
[2022-03-31 19:41:38] generateOTP.INFO: test [] []
[2022-03-31 19:41:38] generateOTP.INFO: test [] []
[2022-03-31 19:41:39] generateOTP.INFO: test [] []
[2022-03-31 19:41:39] generateOTP.INFO: test [] []
[2022-03-31 19:41:39] generateOTP.INFO: test [] []
[2022-03-31 19:41:39] generateOTP.INFO: test [] []
[2022-03-31 19:41:39] generateOTP.INFO: test [] []
[2022-03-31 19:41:39] generateOTP.INFO: test [] []
[2022-03-31 19:41:39] generateOTP.INFO: test [] []
[2022-03-31 19:41:39] generateOTP.INFO: test [] []
[2022-03-31 19:41:39] generateOTP.INFO: test [] []
[2022-03-31 19:41:39] generateOTP.INFO: test [] []
[2022-03-31 19:41:39] generateOTP.INFO: test [] []
[2022-03-31 19:41:39] generateOTP.INFO: test [] []
[2022-03-31 19:41:40] generateOTP.INFO: test [] []
[2022-03-31 19:41:43] generateOTP.INFO: test [] []
[2022-03-31 19:53:08] generateOTP.INFO: test [] []
[2022-03-31 19:53:10] generateOTP.INFO: test [] []
[2022-03-31 19:53:10] generateOTP.INFO: test [] []
[2022-03-31 19:53:11] generateOTP.INFO: test [] []
[2022-03-31 19:53:13] generateOTP.INFO: test [] []
[2022-03-31 19:53:17] generateOTP.INFO: test [] []
[2022-03-31 19:53:41] generateOTP.INFO: test [] []
[2022-03-31 19:54:28] generateOTP.INFO: test [] []
[2022-03-31 19:54:35] generateOTP.INFO: test [] []
[2022-03-31 19:56:43] generateOTP.INFO: test [] []
[2022-03-31 21:20:20] generateOTP.INFO: test [] []
[2022-03-31 23:10:33] generateOTP.INFO: test [] []
