[2020-03-31 00:02:13] generateOTP.INFO: test [] []
[2020-03-31 00:02:13] generateOTP.INFO: test [] []
[2020-03-31 00:03:56] generateOTP.INFO: test [] []
[2020-03-31 00:03:56] generateOTP.INFO: test [] []
[2020-03-31 00:04:11] generateOTP.INFO: test [] []
[2020-03-31 00:04:11] generateOTP.INFO: test [] []
[2020-03-31 00:04:35] generateOTP.INFO: test [] []
[2020-03-31 00:04:35] generateOTP.INFO: test [] []
[2020-03-31 00:05:01] generateOTP.INFO: test [] []
[2020-03-31 00:05:02] generateOTP.INFO: test [] []
[2020-03-31 00:06:06] generateOTP.INFO: test [] []
[2020-03-31 00:06:06] generateOTP.INFO: test [] []
[2020-03-31 00:06:16] generateOTP.INFO: {"edit":"0","policy_no":"392,393","subtype_text":"1","sum_insure":"500000","familyConstruct":"2A","tenure":"1 Year","family_members_id":"0","family_gender":"Male","first_name":"test","last_name":"BANKING","family_date_birth":"19-12-1988","age":"31","age_type":"years","family_id":"","s_date":"","marriage_date":"","premium_parent":"","contri_parent":"","premium":"14605","policyNo":"392,393","familyDataType":"undefined","empId":"620212","product":"iWL65dcd54d9c5a65","declare":"[]"} [] []
[2020-03-31 00:06:27] generateOTP.INFO: {"edit":"0","policy_no":"392,393","subtype_text":"1","sum_insure":"500000","familyConstruct":"2A","tenure":"1 Year","family_members_id":"1","family_gender":"Female","first_name":"dd","last_name":"ff","family_date_birth":"12-03-1981","age":"39","age_type":"years","family_id":"","s_date":"","marriage_date":"","premium_parent":"","contri_parent":"","premium":"14605","policyNo":"392,393","familyDataType":"undefined","empId":"620212","product":"iWL65dcd54d9c5a65","declare":"[]"} [] []
[2020-03-31 00:06:27] generateOTP.INFO: {"edit":"0","policy_no":"392,393","subtype_text":"1","sum_insure":"500000","familyConstruct":"2A","tenure":"1 Year","family_members_id":"1","family_gender":"Female","first_name":"dd","last_name":"ff","family_date_birth":"12-03-1981","age":"39","age_type":"years","family_id":"","s_date":"","marriage_date":"","premium_parent":"","contri_parent":"","premium":"14605","policyNo":"392,393","familyDataType":"undefined","empId":"620212","product":"iWL65dcd54d9c5a65","declare":"[]"} [] []
[2020-03-31 00:09:06] generateOTP.INFO: test [] []
[2020-03-31 00:09:06] generateOTP.INFO: test [] []
[2020-03-31 00:09:19] generateOTP.INFO: {"edit":"0","policy_no":"392,393","subtype_text":"1","sum_insure":"1000000","familyConstruct":"2A","tenure":"1 Year","family_members_id":"0","family_gender":"Male","first_name":"test","last_name":"BANKING","family_date_birth":"19-12-1988","age":"31","age_type":"years","family_id":"","s_date":"","marriage_date":"","premium_parent":"","contri_parent":"","premium":"18711","policyNo":"392,393","familyDataType":"undefined","empId":"620213","product":"iWL65dcd54d9c5a65","declare":"[]"} [] []
[2020-03-31 00:09:31] generateOTP.INFO: {"edit":"0","policy_no":"392,393","subtype_text":"1","sum_insure":"1000000","familyConstruct":"2A","tenure":"1 Year","family_members_id":"1","family_gender":"Female","first_name":"fh","last_name":"fd","family_date_birth":"26-03-1981","age":"39","age_type":"years","family_id":"","s_date":"","marriage_date":"","premium_parent":"","contri_parent":"","premium":"18711","policyNo":"392,393","familyDataType":"undefined","empId":"620213","product":"iWL65dcd54d9c5a65","declare":"[]"} [] []
[2020-03-31 00:17:30] generateOTP.INFO: test [] []
[2020-03-31 00:18:18] generateOTP.INFO: test [] []
[2020-03-31 00:18:21] generateOTP.INFO: test [] []
[2020-03-31 00:18:27] generateOTP.INFO: test [] []
[2020-03-31 00:18:55] generateOTP.INFO: test [] []
[2020-03-31 00:19:02] generateOTP.INFO: test [] []
[2020-03-31 00:19:03] generateOTP.INFO: test [] []
[2020-03-31 00:19:33] generateOTP.INFO: test [] []
[2020-03-31 00:20:08] generateOTP.INFO: test [] []
[2020-03-31 00:20:08] generateOTP.INFO: test [] []
[2020-03-31 00:20:18] generateOTP.INFO: {"edit":"0","policy_no":"392,393","subtype_text":"1","sum_insure":"1000000","familyConstruct":"2A","tenure":"1 Year","family_members_id":"0","family_gender":"Male","first_name":"test","last_name":"BANKING","family_date_birth":"19-12-1988","age":"31","age_type":"years","family_id":"","s_date":"","marriage_date":"","premium_parent":"","contri_parent":"","premium":"18711","policyNo":"392,393","familyDataType":"undefined","empId":"620216","product":"iWL65dcd54d9c5a65","declare":"[]"} [] []
[2020-03-31 00:20:35] generateOTP.INFO: {"edit":"0","policy_no":"392,393","subtype_text":"1","sum_insure":"1000000","familyConstruct":"2A","tenure":"1 Year","family_members_id":"1","family_gender":"Female","first_name":"vff","last_name":"fg","family_date_birth":"22-03-1990","age":"30","age_type":"years","family_id":"","s_date":"","marriage_date":"","premium_parent":"","contri_parent":"","premium":"18711","policyNo":"392,393","familyDataType":"undefined","empId":"620216","product":"iWL65dcd54d9c5a65","declare":"[]"} [] []
[2020-03-31 00:21:13] generateOTP.INFO: test [] []
[2020-03-31 00:21:14] generateOTP.INFO: test [] []
[2020-03-31 00:24:43] generateOTP.INFO: test [] []
[2020-03-31 00:24:44] generateOTP.INFO: test [] []
[2020-03-31 00:24:59] generateOTP.INFO: {"edit":"0","policy_no":"392,393","subtype_text":"1","sum_insure":"500000","familyConstruct":"1A","tenure":"1 Year","family_members_id":"0","family_gender":"Male","first_name":"test","last_name":"BANKING","family_date_birth":"19-12-1988","age":"31","age_type":"years","family_id":"","s_date":"","marriage_date":"","premium_parent":"","contri_parent":"","premium":"11102","policyNo":"392,393","familyDataType":"undefined","empId":"620217","product":"iWL65dcd54d9c5a65","declare":"[]"} [] []
[2020-03-31 00:25:13] generateOTP.INFO: {"edit":"0","policy_no":"392,393","subtype_text":"1","sum_insure":"500000","familyConstruct":"2A","tenure":"1 Year","family_members_id":"0","family_gender":"Male","first_name":"test","last_name":"BANKING","family_date_birth":"19-12-1988","age":"31","age_type":"years","family_id":"","s_date":"","marriage_date":"","premium_parent":"","contri_parent":"","premium":"14605","policyNo":"392,393","familyDataType":"undefined","empId":"620217","product":"iWL65dcd54d9c5a65","declare":"[]"} [] []
[2020-03-31 00:25:24] generateOTP.INFO: {"edit":"0","policy_no":"392,393","subtype_text":"1","sum_insure":"1000000","familyConstruct":"2A","tenure":"1 Year","family_members_id":"0","family_gender":"Male","first_name":"test","last_name":"BANKING","family_date_birth":"19-12-1988","age":"31","age_type":"years","family_id":"","s_date":"","marriage_date":"","premium_parent":"","contri_parent":"","premium":"18711","policyNo":"392,393","familyDataType":"undefined","empId":"620217","product":"iWL65dcd54d9c5a65","declare":"[]"} [] []
[2020-03-31 00:25:37] generateOTP.INFO: {"edit":"0","policy_no":"392,393","subtype_text":"1","sum_insure":"1000000","familyConstruct":"2A","tenure":"1 Year","family_members_id":"1","family_gender":"Female","first_name":"cc","last_name":"s","family_date_birth":"24-03-1977","age":"43","age_type":"years","family_id":"","s_date":"","marriage_date":"","premium_parent":"","contri_parent":"","premium":"18711","policyNo":"392,393","familyDataType":"undefined","empId":"620217","product":"iWL65dcd54d9c5a65","declare":"[]"} [] []
[2020-03-31 00:27:07] generateOTP.INFO: test [] []
[2020-03-31 00:27:40] generateOTP.INFO: test [] []
[2020-03-31 00:27:41] generateOTP.INFO: test [] []
[2020-03-31 00:28:01] generateOTP.INFO: {"edit":"0","policy_no":"392,393","subtype_text":"1","sum_insure":"500000","familyConstruct":"1A","tenure":"1 Year","family_members_id":"0","family_gender":"Male","first_name":"test","last_name":"BANKING","family_date_birth":"19-12-1988","age":"31","age_type":"years","family_id":"","s_date":"","marriage_date":"","premium_parent":"","contri_parent":"","premium":"11102","policyNo":"392,393","familyDataType":"undefined","empId":"620218","product":"iWL65dcd54d9c5a65","declare":"[]"} [] []
[2020-03-31 00:28:30] documentsSave.INFO: {"ops_type":"[\"0\",\"Y\"]","ids":"45,46"} [] []
[2020-03-31 00:28:30] documentsSaveFiles.INFO: [{"name":"Penguins.jpg","type":"image\/jpeg","tmp_name":"\/tmp\/phpY4WWbB","error":0,"size":777835},{"name":"Koala.jpg","type":"image\/jpeg","tmp_name":"\/tmp\/phpb8U8fx","error":0,"size":780831}] [] []
[2020-03-31 00:30:12] generateOTP.INFO: test [] []
[2020-03-31 00:30:12] generateOTP.INFO: test [] []
[2020-03-31 00:30:59] generateOTP.INFO: {"edit":"0","policy_no":"403","subtype_text":"1","sum_insure":"1000000","familyConstruct":"2A","tenure":"1 Year","family_members_id":"4","family_gender":"Female","first_name":"fff","last_name":"ff","family_date_birth":"25-03-1965","age":"55","age_type":"years","family_id":"","s_date":"","marriage_date":"","premium_parent":"","contri_parent":"","premium":"28000","policyNo":"403","familyDataType":"undefined","empId":"620219","product":"NUKc5dd5468e43707","declare":"[]"} [] []
[2020-03-31 00:31:13] generateOTP.INFO: {"edit":"0","policy_no":"403","subtype_text":"1","sum_insure":"1000000","familyConstruct":"2A","tenure":"1 Year","family_members_id":"5","family_gender":"Male","first_name":"bbb","last_name":"jjj","family_date_birth":"14-03-1968","age":"52","age_type":"years","family_id":"","s_date":"","marriage_date":"","premium_parent":"","contri_parent":"","premium":"28000","policyNo":"403","familyDataType":"undefined","empId":"620219","product":"NUKc5dd5468e43707","declare":"[]"} [] []
[2020-03-31 00:31:41] documentsSave.INFO: {"ops_type":"[\"0\",\"Y\"]","ids":"47"} [] []
[2020-03-31 00:31:41] documentsSaveFiles.INFO: [{"name":"Hydrangeas.jpg","type":"image\/jpeg","tmp_name":"\/tmp\/phpc1EYFP","error":0,"size":595284},{"name":"Koala.jpg","type":"image\/jpeg","tmp_name":"\/tmp\/phpYkfSof","error":0,"size":780831}] [] []
[2020-03-31 04:37:56] generateOTP.INFO: test [] []
[2020-03-31 05:19:23] generateOTP.INFO: test [] []
[2020-03-31 09:19:54] generateOTP.INFO: test [] []
[2020-03-31 09:19:57] generateOTP.INFO: test [] []
[2020-03-31 10:50:27] generateOTP.INFO: test [] []
[2020-03-31 12:32:50] generateOTP.INFO: test [] []
[2020-03-31 12:32:51] generateOTP.INFO: test [] []
[2020-03-31 12:33:23] generateOTP.INFO: {"edit":"0","policy_no":"403","subtype_text":"1","sum_insure":"500000","familyConstruct":"2A","tenure":"1 Year","family_members_id":"4","family_gender":"Female","first_name":"sf","last_name":"ffff","family_date_birth":"04-03-1981","age":"39","age_type":"years","family_id":"","s_date":"","marriage_date":"","premium_parent":"","contri_parent":"","premium":"23000","policyNo":"403","familyDataType":"undefined","empId":"620220","product":"NUKc5dd5468e43707","declare":"[]"} [] []
[2020-03-31 12:33:30] generateOTP.INFO: {"edit":"0","policy_no":"403","subtype_text":"1","sum_insure":"500000","familyConstruct":"2A","tenure":"1 Year","family_members_id":"4","family_gender":"Female","first_name":"sf","last_name":"ffff","family_date_birth":"25-03-1965","age":"55","age_type":"years","family_id":"","s_date":"","marriage_date":"","premium_parent":"","contri_parent":"","premium":"23000","policyNo":"403","familyDataType":"undefined","empId":"620220","product":"NUKc5dd5468e43707","declare":"[]"} [] []
[2020-03-31 12:33:41] generateOTP.INFO: {"edit":"0","policy_no":"403","subtype_text":"1","sum_insure":"500000","familyConstruct":"2A","tenure":"1 Year","family_members_id":"5","family_gender":"Male","first_name":"sc","last_name":"cc","family_date_birth":"22-03-1969","age":"51","age_type":"years","family_id":"","s_date":"","marriage_date":"","premium_parent":"","contri_parent":"","premium":"23000","policyNo":"403","familyDataType":"undefined","empId":"620220","product":"NUKc5dd5468e43707","declare":"[]"} [] []
[2020-03-31 12:35:27] generateOTP.INFO: test [] []
[2020-03-31 12:35:27] generateOTP.INFO: test [] []
[2020-03-31 12:36:19] generateOTP.INFO: {"edit":"0","policy_no":"403","subtype_text":"1","sum_insure":"500000","familyConstruct":"2A","tenure":"1 Year","family_members_id":"0","family_gender":"Male","first_name":"test","last_name":"BANKING","family_date_birth":"19-12-1968","age":"51","age_type":"years","family_id":"","s_date":"","marriage_date":"","premium_parent":"","contri_parent":"","premium":"23000","policyNo":"403","familyDataType":"undefined","empId":"620221","product":"NUKc5dd5468e43707","declare":"[]"} [] []
[2020-03-31 12:36:32] generateOTP.INFO: {"edit":"0","policy_no":"403","subtype_text":"1","sum_insure":"500000","familyConstruct":"2A","tenure":"1 Year","family_members_id":"4","family_gender":"Female","first_name":"hh","last_name":"hh","family_date_birth":"03-03-1960","age":"60","age_type":"years","family_id":"","s_date":"","marriage_date":"","premium_parent":"","contri_parent":"","premium":"23000","policyNo":"403","familyDataType":"undefined","empId":"620221","product":"NUKc5dd5468e43707","declare":"[]"} [] []
[2020-03-31 12:37:34] documentsSave.INFO: {"ops_type":"[\"0\",\"Y\"]","ids":"48"} [] []
[2020-03-31 12:37:34] documentsSaveFiles.INFO: [{"name":"Lighthouse.jpg","type":"image\/jpeg","tmp_name":"\/tmp\/phpRMxrdV","error":0,"size":561276},{"name":"Tulips.jpg","type":"image\/jpeg","tmp_name":"\/tmp\/phpTR8dCm","error":0,"size":620888}] [] []
[2020-03-31 13:43:18] generateOTP.INFO: test [] []
[2020-03-31 13:52:18] generateOTP.INFO: test [] []
[2020-03-31 13:52:19] generateOTP.INFO: test [] []
[2020-03-31 13:52:40] generateOTP.INFO: test [] []
[2020-03-31 13:52:50] generateOTP.INFO: test [] []
[2020-03-31 13:52:52] generateOTP.INFO: test [] []
[2020-03-31 13:53:07] generateOTP.INFO: test [] []
[2020-03-31 14:26:53] generateOTP.INFO: test [] []
[2020-03-31 14:26:56] generateOTP.INFO: test [] []
[2020-03-31 14:27:25] generateOTP.INFO: test [] []
[2020-03-31 14:27:27] generateOTP.INFO: test [] []
[2020-03-31 15:04:25] generateOTP.INFO: test [] []
[2020-03-31 15:04:36] generateOTP.INFO: test [] []
[2020-03-31 15:04:38] generateOTP.INFO: test [] []
[2020-03-31 15:04:50] generateOTP.INFO: test [] []
[2020-03-31 15:05:00] generateOTP.INFO: test [] []
[2020-03-31 15:05:04] generateOTP.INFO: test [] []
[2020-03-31 15:05:05] generateOTP.INFO: test [] []
[2020-03-31 15:05:08] generateOTP.INFO: test [] []
[2020-03-31 15:05:13] generateOTP.INFO: test [] []
[2020-03-31 15:05:15] generateOTP.INFO: test [] []
[2020-03-31 15:07:10] generateOTP.INFO: test [] []
[2020-03-31 15:07:19] generateOTP.INFO: test [] []
[2020-03-31 15:07:28] generateOTP.INFO: test [] []
[2020-03-31 15:07:29] generateOTP.INFO: test [] []
[2020-03-31 15:07:36] generateOTP.INFO: test [] []
[2020-03-31 15:15:04] generateOTP.INFO: test [] []
[2020-03-31 15:15:07] generateOTP.INFO: test [] []
[2020-03-31 15:15:16] generateOTP.INFO: test [] []
[2020-03-31 15:15:17] generateOTP.INFO: test [] []
[2020-03-31 15:15:19] generateOTP.INFO: test [] []
[2020-03-31 15:16:05] generateOTP.INFO: test [] []
[2020-03-31 15:16:08] generateOTP.INFO: test [] []
[2020-03-31 15:16:11] generateOTP.INFO: test [] []
[2020-03-31 15:16:22] generateOTP.INFO: test [] []
[2020-03-31 15:16:24] generateOTP.INFO: test [] []
[2020-03-31 15:16:26] generateOTP.INFO: test [] []
[2020-03-31 15:19:00] generateOTP.INFO: test [] []
[2020-03-31 15:19:26] generateOTP.INFO: test [] []
[2020-03-31 15:23:13] generateOTP.INFO: test [] []
[2020-03-31 15:27:45] generateOTP.INFO: test [] []
[2020-03-31 15:30:27] generateOTP.INFO: test [] []
[2020-03-31 15:31:40] generateOTP.INFO: test [] []
[2020-03-31 15:35:58] generateOTP.INFO: test [] []
[2020-03-31 15:36:49] generateOTP.INFO: test [] []
[2020-03-31 15:40:01] generateOTP.INFO: test [] []
[2020-03-31 15:40:08] generateOTP.INFO: test [] []
[2020-03-31 15:48:19] generateOTP.INFO: test [] []
[2020-03-31 15:48:28] generateOTP.INFO: test [] []
[2020-03-31 15:57:47] generateOTP.INFO: test [] []
[2020-03-31 15:59:37] generateOTP.INFO: test [] []
[2020-03-31 16:01:40] generateOTP.INFO: test [] []
[2020-03-31 16:01:42] generateOTP.INFO: test [] []
[2020-03-31 16:01:42] generateOTP.INFO: test [] []
[2020-03-31 16:03:52] generateOTP.INFO: test [] []
[2020-03-31 16:04:44] generateOTP.INFO: test [] []
[2020-03-31 16:05:08] generateOTP.INFO: test [] []
[2020-03-31 16:05:19] generateOTP.INFO: test [] []
[2020-03-31 16:07:17] generateOTP.INFO: test [] []
[2020-03-31 16:07:18] generateOTP.INFO: test [] []
[2020-03-31 16:07:29] generateOTP.INFO: {"edit":"0","policy_no":"403","subtype_text":"1","sum_insure":"500000","familyConstruct":"1A","tenure":"1 Year","family_members_id":"0","family_gender":"Male","first_name":"test","last_name":"BANKING","family_date_birth":"19-12-1968","age":"51","age_type":"years","family_id":"","s_date":"","marriage_date":"","premium_parent":"","contri_parent":"","premium":"13500","policyNo":"403","familyDataType":"undefined","empId":"620222","product":"NUKc5dd5468e43707","declare":"[]"} [] []
[2020-03-31 16:07:54] documentsSave.INFO: {"ops_type":"[\"0\",\"Y\"]","ids":"49"} [] []
[2020-03-31 16:07:54] documentsSaveFiles.INFO: [{"name":"Penguins.jpg","type":"image\/jpeg","tmp_name":"\/tmp\/phpzVandI","error":0,"size":777835},{"name":"Tulips.jpg","type":"image\/jpeg","tmp_name":"\/tmp\/phprrhekW","error":0,"size":620888}] [] []
[2020-03-31 16:07:55] generateOTP.INFO: test [] []
[2020-03-31 16:07:58] generateOTP.INFO: test [] []
[2020-03-31 16:10:29] generateOTP.INFO: test [] []
[2020-03-31 16:11:40] generateOTP.INFO: test [] []
[2020-03-31 16:12:31] generateOTP.INFO: test [] []
[2020-03-31 16:15:07] generateOTP.INFO: test [] []
[2020-03-31 16:15:50] generateOTP.INFO: test [] []
[2020-03-31 16:19:07] generateOTP.INFO: test [] []
[2020-03-31 16:19:15] generateOTP.INFO: test [] []
[2020-03-31 16:20:38] generateOTP.INFO: test [] []
[2020-03-31 16:21:07] generateOTP.INFO: test [] []
[2020-03-31 16:21:55] generateOTP.INFO: test [] []
[2020-03-31 16:27:24] generateOTP.INFO: test [] []
[2020-03-31 16:35:06] generateOTP.INFO: test [] []
[2020-03-31 16:38:16] generateOTP.INFO: test [] []
[2020-03-31 16:47:33] generateOTP.INFO: test [] []
[2020-03-31 16:47:36] generateOTP.INFO: test [] []
[2020-03-31 16:48:43] generateOTP.INFO: test [] []
[2020-03-31 16:50:04] generateOTP.INFO: test [] []
[2020-03-31 16:50:49] generateOTP.INFO: test [] []
[2020-03-31 16:52:22] generateOTP.INFO: test [] []
[2020-03-31 16:52:22] generateOTP.INFO: test [] []
[2020-03-31 16:52:39] generateOTP.INFO: {"edit":"0","policy_no":"403","subtype_text":"1","sum_insure":"500000","familyConstruct":"1A","tenure":"1 Year","family_members_id":"0","family_gender":"Male","first_name":"test","last_name":"BANKING","family_date_birth":"19-12-1968","age":"51","age_type":"years","family_id":"","s_date":"","marriage_date":"","premium_parent":"","contri_parent":"","premium":"13500","policyNo":"403","familyDataType":"undefined","empId":"620223","product":"NUKc5dd5468e43707","declare":"[]"} [] []
[2020-03-31 16:53:12] documentsSave.INFO: {"ops_type":"[\"0\",\"Y\"]","ids":"50"} [] []
[2020-03-31 16:53:12] documentsSaveFiles.INFO: [{"name":"Chrysanthemum.jpg","type":"image\/jpeg","tmp_name":"\/tmp\/php46tuJ0","error":0,"size":879394},{"name":"Lighthouse.jpg","type":"image\/jpeg","tmp_name":"\/tmp\/phpzQXkjB","error":0,"size":561276}] [] []
[2020-03-31 16:53:19] generateOTP.INFO: test [] []
[2020-03-31 16:55:52] generateOTP.INFO: test [] []
[2020-03-31 16:57:18] generateOTP.INFO: test [] []
[2020-03-31 16:57:57] generateOTP.INFO: test [] []
[2020-03-31 17:00:07] generateOTP.INFO: test [] []
[2020-03-31 17:00:25] generateOTP.INFO: test [] []
[2020-03-31 17:01:36] generateOTP.INFO: test [] []
[2020-03-31 17:01:38] generateOTP.INFO: test [] []
[2020-03-31 17:02:08] generateOTP.INFO: test [] []
[2020-03-31 17:02:34] generateOTP.INFO: test [] []
[2020-03-31 17:03:02] generateOTP.INFO: test [] []
[2020-03-31 17:03:03] generateOTP.INFO: test [] []
[2020-03-31 17:05:09] generateOTP.INFO: test [] []
[2020-03-31 17:05:37] generateOTP.INFO: test [] []
[2020-03-31 17:06:07] generateOTP.INFO: test [] []
[2020-03-31 17:06:26] generateOTP.INFO: test [] []
[2020-03-31 17:07:30] generateOTP.INFO: test [] []
[2020-03-31 17:08:11] generateOTP.INFO: test [] []
[2020-03-31 17:09:11] generateOTP.INFO: test [] []
[2020-03-31 17:09:49] generateOTP.INFO: test [] []
[2020-03-31 17:10:08] generateOTP.INFO: test [] []
[2020-03-31 17:13:22] generateOTP.INFO: test [] []
[2020-03-31 17:14:44] generateOTP.INFO: test [] []
[2020-03-31 17:14:48] generateOTP.INFO: test [] []
[2020-03-31 17:16:35] generateOTP.INFO: test [] []
[2020-03-31 17:21:23] generateOTP.INFO: test [] []
[2020-03-31 17:21:54] generateOTP.INFO: test [] []
[2020-03-31 17:25:51] generateOTP.INFO: test [] []
[2020-03-31 17:38:44] generateOTP.INFO: test [] []
[2020-03-31 17:52:38] generateOTP.INFO: test [] []
[2020-03-31 17:52:40] generateOTP.INFO: test [] []
[2020-03-31 17:52:42] generateOTP.INFO: test [] []
[2020-03-31 17:52:52] generateOTP.INFO: test [] []
[2020-03-31 17:53:03] generateOTP.INFO: test [] []
[2020-03-31 18:07:29] generateOTP.INFO: test [] []
[2020-03-31 18:07:31] generateOTP.INFO: test [] []
[2020-03-31 18:08:08] generateOTP.INFO: test [] []
[2020-03-31 18:09:36] generateOTP.INFO: test [] []
[2020-03-31 18:09:38] generateOTP.INFO: test [] []
[2020-03-31 18:10:59] generateOTP.INFO: test [] []
[2020-03-31 18:11:47] generateOTP.INFO: test [] []
[2020-03-31 18:11:59] generateOTP.INFO: test [] []
[2020-03-31 18:12:00] generateOTP.INFO: test [] []
[2020-03-31 18:12:42] generateOTP.INFO: test [] []
[2020-03-31 18:12:58] generateOTP.INFO: test [] []
[2020-03-31 18:13:00] generateOTP.INFO: test [] []
[2020-03-31 18:14:11] generateOTP.INFO: test [] []
[2020-03-31 18:14:18] generateOTP.INFO: test [] []
[2020-03-31 18:14:20] generateOTP.INFO: test [] []
[2020-03-31 18:14:32] generateOTP.INFO: test [] []
[2020-03-31 18:14:35] generateOTP.INFO: test [] []
[2020-03-31 18:14:37] generateOTP.INFO: test [] []
[2020-03-31 18:15:03] generateOTP.INFO: test [] []
[2020-03-31 18:16:23] generateOTP.INFO: test [] []
[2020-03-31 18:16:46] generateOTP.INFO: test [] []
[2020-03-31 18:18:19] generateOTP.INFO: test [] []
[2020-03-31 18:18:22] generateOTP.INFO: test [] []
[2020-03-31 18:18:35] generateOTP.INFO: test [] []
[2020-03-31 18:18:38] generateOTP.INFO: test [] []
[2020-03-31 18:18:46] generateOTP.INFO: test [] []
[2020-03-31 18:18:57] generateOTP.INFO: test [] []
[2020-03-31 18:19:40] generateOTP.INFO: test [] []
[2020-03-31 18:19:46] generateOTP.INFO: test [] []
[2020-03-31 18:20:10] generateOTP.INFO: test [] []
[2020-03-31 18:20:24] generateOTP.INFO: test [] []
[2020-03-31 18:20:26] generateOTP.INFO: test [] []
[2020-03-31 18:21:54] generateOTP.INFO: test [] []
[2020-03-31 18:22:03] generateOTP.INFO: test [] []
[2020-03-31 18:22:07] generateOTP.INFO: test [] []
[2020-03-31 18:22:15] generateOTP.INFO: test [] []
[2020-03-31 18:22:58] generateOTP.INFO: test [] []
[2020-03-31 18:23:08] generateOTP.INFO: test [] []
[2020-03-31 18:23:22] generateOTP.INFO: test [] []
[2020-03-31 18:23:29] generateOTP.INFO: test [] []
[2020-03-31 18:23:34] generateOTP.INFO: test [] []
[2020-03-31 18:23:47] generateOTP.INFO: test [] []
[2020-03-31 18:24:14] generateOTP.INFO: test [] []
[2020-03-31 18:24:17] generateOTP.INFO: test [] []
[2020-03-31 18:24:44] generateOTP.INFO: test [] []
[2020-03-31 18:24:53] generateOTP.INFO: test [] []
[2020-03-31 18:24:55] generateOTP.INFO: test [] []
[2020-03-31 18:25:06] generateOTP.INFO: test [] []
[2020-03-31 18:41:30] generateOTP.INFO: test [] []
[2020-03-31 18:41:33] generateOTP.INFO: test [] []
[2020-03-31 18:41:34] generateOTP.INFO: test [] []
[2020-03-31 18:41:45] generateOTP.INFO: test [] []
[2020-03-31 18:41:47] generateOTP.INFO: test [] []
[2020-03-31 18:41:48] generateOTP.INFO: test [] []
[2020-03-31 18:41:51] generateOTP.INFO: test [] []
[2020-03-31 18:42:54] generateOTP.INFO: test [] []
[2020-03-31 18:42:56] generateOTP.INFO: test [] []
[2020-03-31 18:42:58] generateOTP.INFO: test [] []
[2020-03-31 18:43:01] generateOTP.INFO: test [] []
[2020-03-31 18:43:02] generateOTP.INFO: test [] []
[2020-03-31 18:43:11] generateOTP.INFO: test [] []
[2020-03-31 18:44:55] generateOTP.INFO: test [] []
[2020-03-31 18:45:05] generateOTP.INFO: test [] []
[2020-03-31 18:45:25] generateOTP.INFO: test [] []
[2020-03-31 18:45:41] generateOTP.INFO: test [] []
[2020-03-31 18:45:51] generateOTP.INFO: test [] []
[2020-03-31 18:47:18] generateOTP.INFO: test [] []
[2020-03-31 18:47:47] generateOTP.INFO: test [] []
[2020-03-31 18:47:48] generateOTP.INFO: test [] []
[2020-03-31 18:54:44] generateOTP.INFO: test [] []
[2020-03-31 19:31:33] generateOTP.INFO: test [] []
[2020-03-31 19:31:33] generateOTP.INFO: test [] []
[2020-03-31 19:31:40] generateOTP.INFO: {"edit":"0","policy_no":"392,393","subtype_text":"1","sum_insure":"500000","familyConstruct":"1A","tenure":"1 Year","family_members_id":"0","family_gender":"Male","first_name":"test","last_name":"BANKING","family_date_birth":"19-12-1988","age":"31","age_type":"years","family_id":"","s_date":"","marriage_date":"","premium_parent":"","contri_parent":"","premium":"11102","policyNo":"392,393","familyDataType":"undefined","empId":"620224","product":"iWL65dcd54d9c5a65","declare":"[]"} [] []
[2020-03-31 19:32:08] documentsSave.INFO: {"ops_type":"[\"0\",\"Y\"]","ids":"51,52"} [] []
[2020-03-31 19:32:08] documentsSaveFiles.INFO: [{"name":"Chrysanthemum.jpg","type":"image\/jpeg","tmp_name":"\/tmp\/phpzIAIxi","error":0,"size":879394},{"name":"Penguins.jpg","type":"image\/jpeg","tmp_name":"\/tmp\/phpzKNaWb","error":0,"size":777835}] [] []
[2020-03-31 19:32:15] full_quote_request1.INFO: {"ClientCreation":{"Member_Customer_ID":"260618000044","salutation":"Mr","firstName":"test","middleName":"","lastName":"BANKING","dateofBirth":"12\/19\/1988","gender":"M","educationalQualification":null,"pinCode":"622103","uidNo":"5478-2589-3688","maritalStatus":null,"nationality":"Indian","occupation":"O553","primaryEmailID":"jack@gmail.com","contactMobileNo":"7010444138","stdLandlineNo":null,"panNo":null,"passportNumber":null,"contactPerson":null,"annualIncome":null,"remarks":null,"startDate":"2020-03-31","endDate":null,"IdProof":"Adhaar Card","residenceProof":null,"ageProof":null,"others":null,"homeAddressLine1":"Om hrad ntalatiof, holOmshre, talathioficeeachol, OmshreeSada9talathi","homeAddressLine2":null,"homeAddressLine3":null,"homePinCode":"622103","homeArea":null,"homeContactMobileNo":null,"homeContactMobileNo2":null,"homeSTDLandlineNo":null,"homeFaxNo":null,"sameAsHomeAddress":"1","mailingAddressLine1":null,"mailingAddressLine2":null,"mailingAddressLine3":null,"mailingPinCode":null,"mailingArea":null,"mailingContactMobileNo":null,"mailingContactMobileNo2":null,"mailingSTDLandlineNo":null,"mailingSTDLandlineNo2":null,"mailingFaxNo":null,"bankAccountType":null,"bankAccountNo":null,"ifscCode":null,"GSTIN":null,"GSTRegistrationStatus":"Consumers","IsEIAavailable":"0","ApplyEIA":"0","EIAAccountNo":null,"EIAWith":"0","AccountType":null,"AddressProof":null,"DOBProof":null,"IdentityProof":null},"PolicyCreationRequest":{"Quotation_Number":"","MasterPolicyNumber":"61-19-00120-00-00","GroupID":"GRP001","Product_Code":"4211","intermediaryCode":"2104794","AutoRenewal":"Y","intermediaryBranchCode":"10MHMUM01","agentSignatureDate":null,"Customer_Signature_Date":null,"businessSourceChannel":null,"AssignPolicy":"0","AssigneeName":null,"leadID":"202033333113361","Source_Name":"AXIS_GHI","SPID":"1","TCN":null,"CRTNO":null,"RefCode1":"1","RefCode2":"051","Employee_Number":"620224","enumIsEmployeeDiscount":null,"QuoteDate":null,"IsPayment":"0","PaymentMode":null,"PolicyproductComponents":[{"PlanCode":"4211","SumInsured":"500000","SchemeCode":"4112000003"}]},"MemObj":{"Member":[{"MemberNo":1,"Salutation":"Mr","First_Name":"test","Middle_Name":null,"Last_Name":"BANKING","Gender":"M","DateOfBirth":"12\/19\/1988","Relation_Code":"R001","Marital_Status":null,"height":"0.00","weight":"0","occupation":"O553","PrimaryMember":"Y","MemberproductComponents":[{"PlanCode":"4211","MemberQuestionDetails":[{"QuestionCode":null,"Answer":null,"Remarks":null}]}],"MemberPED":[{"PEDCode":null,"Remarks":null}],"exactDiagnosis":null,"dateOfDiagnosis":null,"lastDateConsultation":null,"detailsOfTreatmentGiven":null,"doctorName":null,"hospitalName":null,"phoneNumberHosital":null,"Nominee_First_Name":"dxsd","Nominee_Last_Name":"dff","Nominee_Contact_Number":"9999999999","Nominee_Home_Address":null,"Nominee_Relationship_Code":"R002"}]},"ReceiptCreation":{"officeLocation":"","modeOfEntry":"","cdAcNo":null,"expiryDate":null,"payerType":"","payerCode":null,"paymentBy":"","paymentByName":null,"paymentByRelationship":null,"collectionAmount":"","collectionRcvdDate":null,"collectionMode":"","remarks":null,"instrumentNumber":null,"instrumentDate":null,"bankName":null,"branchName":null,"bankLocation":null,"micrNo":null,"chequeType":null,"ifscCode":"","PaymentGatewayName":"","TerminalID":"","CardNo":null}} [] []
[2020-03-31 19:32:18] full_quote_reponse1.INFO: "<ns0:GHI_Res xmlns:ns0=\"http:\/\/ABHICL_NBP_QuickQuote_Schemas.GHI_Response\"><errorObj><ErrorNumber>00<\/ErrorNumber><ErrorMessage>Success<\/ErrorMessage><\/errorObj><policyDtls><TransactionReferenceNumber><\/TransactionReferenceNumber><QuotationNumber>IPB100023373<\/QuotationNumber><CertificateNumber><\/CertificateNumber><LetterURL><\/LetterURL><ClientID><\/ClientID><ProductName>Group Activ Health<\/ProductName><ProductCode>4211<\/ProductCode><LineOfBusiness>42<\/LineOfBusiness><startDate><\/startDate><EndDate><\/EndDate><PolicyNumber>61-19-00120-00-00<\/PolicyNumber><ProposalNumber><\/ProposalNumber><PolicyStatus>PQ1<\/PolicyStatus><Tenure>1<\/Tenure><stpFlag>0<\/stpFlag><MemberCustomerID>260618000044<\/MemberCustomerID><\/policyDtls><premium><BasePremium>7118.64<\/BasePremium><NetPremium>7118.64<\/NetPremium><GST>1281.36<\/GST><GrossPremium>8400.00<\/GrossPremium><\/premium><receiptObj><ReceiptNumber \/><ReceiptAmount \/><ExcessAmount \/><\/receiptObj><\/ns0:GHI_Res>" [] []
[2020-03-31 19:33:24] full_quote_request2.INFO: {"ClientCreation":{"Member_Customer_ID":"260618000044","salutation":"Mr","firstName":"test","middleName":"","lastName":"BANKING","dateofBirth":"12\/19\/1988","gender":"M","educationalQualification":null,"pinCode":"622103","uidNo":"5478-2589-3688","maritalStatus":null,"nationality":"Indian","occupation":"O553","primaryEmailID":"jack@gmail.com","contactMobileNo":"7010444138","stdLandlineNo":null,"panNo":null,"passportNumber":null,"contactPerson":null,"annualIncome":null,"remarks":null,"startDate":"2020-03-31","endDate":null,"IdProof":"Adhaar Card","residenceProof":null,"ageProof":null,"others":null,"homeAddressLine1":"Om hrad ntalatiof, holOmshre, talathioficeeachol, OmshreeSada9talathi","homeAddressLine2":null,"homeAddressLine3":null,"homePinCode":"622103","homeArea":null,"homeContactMobileNo":null,"homeContactMobileNo2":null,"homeSTDLandlineNo":null,"homeFaxNo":null,"sameAsHomeAddress":"1","mailingAddressLine1":null,"mailingAddressLine2":null,"mailingAddressLine3":null,"mailingPinCode":null,"mailingArea":null,"mailingContactMobileNo":null,"mailingContactMobileNo2":null,"mailingSTDLandlineNo":null,"mailingSTDLandlineNo2":null,"mailingFaxNo":null,"bankAccountType":null,"bankAccountNo":null,"ifscCode":null,"GSTIN":null,"GSTRegistrationStatus":"Consumers","IsEIAavailable":"0","ApplyEIA":"0","EIAAccountNo":null,"EIAWith":"0","AccountType":null,"AddressProof":null,"DOBProof":null,"IdentityProof":null},"PolicyCreationRequest":{"Quotation_Number":"IPB100023373","MasterPolicyNumber":"61-19-00120-00-00","GroupID":"GRP001","Product_Code":"4211","intermediaryCode":"2104794","AutoRenewal":"Y","intermediaryBranchCode":"10MHMUM01","agentSignatureDate":null,"Customer_Signature_Date":null,"businessSourceChannel":null,"AssignPolicy":"0","AssigneeName":null,"leadID":"202033333113361","Source_Name":"AXIS_GHI","SPID":"1","TCN":null,"CRTNO":null,"RefCode1":"1","RefCode2":"051","Employee_Number":"620224","enumIsEmployeeDiscount":null,"QuoteDate":null,"IsPayment":"1","PaymentMode":null,"PolicyproductComponents":[{"PlanCode":"4211","SumInsured":"500000","SchemeCode":"4112000003"}]},"MemObj":{"Member":[{"MemberNo":1,"Salutation":"Mr","First_Name":"test","Middle_Name":null,"Last_Name":"BANKING","Gender":"M","DateOfBirth":"12\/19\/1988","Relation_Code":"R001","Marital_Status":null,"height":"0.00","weight":"0","occupation":"O553","PrimaryMember":"Y","MemberproductComponents":[{"PlanCode":"4211","MemberQuestionDetails":[{"QuestionCode":null,"Answer":null,"Remarks":null}]}],"MemberPED":[{"PEDCode":null,"Remarks":null}],"exactDiagnosis":null,"dateOfDiagnosis":null,"lastDateConsultation":null,"detailsOfTreatmentGiven":null,"doctorName":null,"hospitalName":null,"phoneNumberHosital":null,"Nominee_First_Name":"dxsd","Nominee_Last_Name":"dff","Nominee_Contact_Number":"9999999999","Nominee_Home_Address":null,"Nominee_Relationship_Code":"R002"}]},"ReceiptCreation":{"officeLocation":"Mumbai","modeOfEntry":"Direct","cdAcNo":null,"expiryDate":null,"payerType":"Customer","payerCode":null,"paymentBy":"Customer","paymentByName":null,"paymentByRelationship":null,"collectionAmount":"11102","collectionRcvdDate":"3\/31\/2020 7:33:24 PM","collectionMode":"online","remarks":null,"instrumentNumber":"403993715520778098","instrumentDate":"03-31-20","bankName":"AXIS BANK","branchName":"ANNA NAGAR CHENNAI","bankLocation":null,"micrNo":null,"chequeType":null,"ifscCode":"UTIB0000016","PaymentGatewayName":"AXIS_NETB","TerminalID":"76010098","CardNo":null}} [] []
[2020-03-31 19:33:29] full_quote_reponse2.INFO: "<ns0:GHI_Res xmlns:ns0=\"http:\/\/ABHICL_NBP_QuickQuote_Schemas.GHI_Response\"><errorObj><ErrorNumber>302<\/ErrorNumber><ErrorMessage>Member_Customer_Id: 260618000044 already had same plan<\/ErrorMessage><\/errorObj><policyDtls><TransactionReferenceNumber \/><QuotationNumber \/><CertificateNumber \/><LetterURL \/><ClientID \/><ProductName \/><ProductCode \/><LineOfBusiness \/><startDate \/><EndDate \/><PolicyNumber \/><ProposalNumber \/><PolicyStatus \/><Tenure \/><stpFlag \/><MemberCustomerID \/><\/policyDtls><premium><BasePremium \/><NetPremium \/><GST \/><GrossPremium \/><\/premium><receiptObj><ReceiptNumber \/><ReceiptAmount \/><ExcessAmount \/><\/receiptObj><\/ns0:GHI_Res>" [] []
[2020-03-31 19:33:31] generateOTP.INFO: test [] []
[2020-03-31 19:34:36] generateOTP.INFO: test [] []
[2020-03-31 19:35:31] generateOTP.INFO: test [] []
[2020-03-31 19:35:39] generateOTP.INFO: test [] []
[2020-03-31 19:35:51] generateOTP.INFO: test [] []
[2020-03-31 19:36:16] generateOTP.INFO: test [] []
[2020-03-31 19:36:21] generateOTP.INFO: test [] []
[2020-03-31 19:36:28] generateOTP.INFO: test [] []
[2020-03-31 19:36:52] generateOTP.INFO: test [] []
[2020-03-31 19:39:09] generateOTP.INFO: test [] []
[2020-03-31 19:41:45] generateOTP.INFO: test [] []
[2020-03-31 19:42:43] generateOTP.INFO: test [] []
[2020-03-31 19:42:48] generateOTP.INFO: test [] []
[2020-03-31 19:43:14] generateOTP.INFO: test [] []
[2020-03-31 19:46:12] generateOTP.INFO: test [] []
[2020-03-31 19:47:05] generateOTP.INFO: test [] []
[2020-03-31 19:47:51] generateOTP.INFO: test [] []
[2020-03-31 19:48:25] generateOTP.INFO: test [] []
[2020-03-31 20:00:54] generateOTP.INFO: test [] []
[2020-03-31 20:01:19] generateOTP.INFO: test [] []
[2020-03-31 20:01:28] generateOTP.INFO: test [] []
[2020-03-31 20:01:39] generateOTP.INFO: test [] []
[2020-03-31 20:02:05] generateOTP.INFO: test [] []
[2020-03-31 20:02:06] generateOTP.INFO: test [] []
[2020-03-31 20:02:46] generateOTP.INFO: test [] []
[2020-03-31 20:05:03] generateOTP.INFO: test [] []
[2020-03-31 20:05:04] generateOTP.INFO: test [] []
[2020-03-31 20:05:28] generateOTP.INFO: test [] []
[2020-03-31 20:05:54] generateOTP.INFO: test [] []
[2020-03-31 20:05:55] generateOTP.INFO: test [] []
[2020-03-31 20:36:54] generateOTP.INFO: test [] []
[2020-03-31 20:43:07] generateOTP.INFO: test [] []
[2020-03-31 20:43:53] generateOTP.INFO: test [] []
[2020-03-31 20:43:54] generateOTP.INFO: test [] []
[2020-03-31 20:47:11] generateOTP.INFO: test [] []
[2020-03-31 20:47:50] generateOTP.INFO: test [] []
[2020-03-31 20:47:52] generateOTP.INFO: test [] []
[2020-03-31 20:48:06] generateOTP.INFO: test [] []
[2020-03-31 20:48:54] generateOTP.INFO: test [] []
[2020-03-31 20:48:55] generateOTP.INFO: test [] []
[2020-03-31 20:51:16] generateOTP.INFO: test [] []
[2020-03-31 20:51:53] generateOTP.INFO: test [] []
[2020-03-31 20:51:54] generateOTP.INFO: test [] []
[2020-03-31 20:52:07] generateOTP.INFO: test [] []
[2020-03-31 20:52:39] generateOTP.INFO: test [] []
[2020-03-31 20:52:40] generateOTP.INFO: test [] []
[2020-03-31 20:55:16] generateOTP.INFO: test [] []
[2020-03-31 20:55:41] generateOTP.INFO: test [] []
[2020-03-31 20:55:42] generateOTP.INFO: test [] []
[2020-03-31 20:57:01] generateOTP.INFO: test [] []
[2020-03-31 20:57:25] generateOTP.INFO: test [] []
[2020-03-31 20:57:26] generateOTP.INFO: test [] []
[2020-03-31 20:57:34] generateOTP.INFO: test [] []
[2020-03-31 20:58:03] generateOTP.INFO: test [] []
[2020-03-31 20:58:04] generateOTP.INFO: test [] []
[2020-03-31 20:59:21] generateOTP.INFO: test [] []
[2020-03-31 20:59:44] generateOTP.INFO: test [] []
[2020-03-31 20:59:45] generateOTP.INFO: test [] []
[2020-03-31 21:03:04] generateOTP.INFO: test [] []
[2020-03-31 21:04:39] generateOTP.INFO: test [] []
[2020-03-31 21:04:40] generateOTP.INFO: test [] []
[2020-03-31 21:06:23] generateOTP.INFO: test [] []
[2020-03-31 21:10:01] generateOTP.INFO: test [] []
[2020-03-31 21:10:02] generateOTP.INFO: test [] []
[2020-03-31 21:10:06] generateOTP.INFO: test [] []
[2020-03-31 21:10:11] generateOTP.INFO: test [] []
[2020-03-31 21:10:29] generateOTP.INFO: test [] []
[2020-03-31 21:10:30] generateOTP.INFO: test [] []
[2020-03-31 21:10:37] generateOTP.INFO: test [] []
[2020-03-31 21:12:01] generateOTP.INFO: test [] []
[2020-03-31 21:12:18] generateOTP.INFO: test [] []
[2020-03-31 21:12:19] generateOTP.INFO: test [] []
[2020-03-31 21:14:38] generateOTP.INFO: test [] []
[2020-03-31 21:14:56] generateOTP.INFO: test [] []
[2020-03-31 21:14:58] generateOTP.INFO: test [] []
[2020-03-31 21:15:22] generateOTP.INFO: test [] []
[2020-03-31 21:15:52] generateOTP.INFO: test [] []
[2020-03-31 21:15:53] generateOTP.INFO: test [] []
[2020-03-31 21:16:30] generateOTP.INFO: test [] []
[2020-03-31 21:18:16] generateOTP.INFO: test [] []
[2020-03-31 21:18:52] generateOTP.INFO: test [] []
[2020-03-31 21:19:52] generateOTP.INFO: test [] []
[2020-03-31 21:19:53] generateOTP.INFO: test [] []
[2020-03-31 21:19:54] generateOTP.INFO: test [] []
[2020-03-31 21:19:55] generateOTP.INFO: test [] []
[2020-03-31 21:20:22] generateOTP.INFO: test [] []
[2020-03-31 21:20:22] generateOTP.INFO: test [] []
[2020-03-31 21:20:58] generateOTP.INFO: test [] []
[2020-03-31 21:20:59] generateOTP.INFO: test [] []
[2020-03-31 21:21:10] generateOTP.INFO: test [] []
[2020-03-31 21:21:12] generateOTP.INFO: test [] []
[2020-03-31 21:22:03] generateOTP.INFO: test [] []
[2020-03-31 21:22:23] generateOTP.INFO: test [] []
[2020-03-31 21:22:57] generateOTP.INFO: test [] []
[2020-03-31 21:22:58] generateOTP.INFO: test [] []
[2020-03-31 21:23:03] generateOTP.INFO: test [] []
[2020-03-31 21:23:05] generateOTP.INFO: test [] []
[2020-03-31 21:23:27] generateOTP.INFO: test [] []
[2020-03-31 21:23:31] generateOTP.INFO: test [] []
[2020-03-31 21:24:10] generateOTP.INFO: test [] []
[2020-03-31 21:24:12] generateOTP.INFO: test [] []
[2020-03-31 21:24:13] generateOTP.INFO: test [] []
[2020-03-31 21:24:14] generateOTP.INFO: test [] []
[2020-03-31 21:24:24] generateOTP.INFO: test [] []
[2020-03-31 21:25:01] generateOTP.INFO: test [] []
[2020-03-31 21:25:02] generateOTP.INFO: test [] []
[2020-03-31 21:25:28] generateOTP.INFO: test [] []
[2020-03-31 21:26:15] generateOTP.INFO: test [] []
[2020-03-31 21:26:16] generateOTP.INFO: test [] []
[2020-03-31 22:31:57] generateOTP.INFO: test [] []
[2020-03-31 22:32:29] generateOTP.INFO: test [] []
[2020-03-31 22:32:31] generateOTP.INFO: test [] []
[2020-03-31 22:32:44] generateOTP.INFO: test [] []
[2020-03-31 22:32:50] generateOTP.INFO: test [] []
[2020-03-31 22:33:33] generateOTP.INFO: test [] []
[2020-03-31 22:33:34] generateOTP.INFO: test [] []
[2020-03-31 22:34:12] generateOTP.INFO: test [] []
[2020-03-31 22:35:23] generateOTP.INFO: test [] []
[2020-03-31 22:35:24] generateOTP.INFO: test [] []
[2020-03-31 22:35:30] generateOTP.INFO: test [] []
[2020-03-31 22:36:04] generateOTP.INFO: test [] []
[2020-03-31 22:36:06] generateOTP.INFO: test [] []
[2020-03-31 22:36:18] generateOTP.INFO: test [] []
[2020-03-31 22:36:51] generateOTP.INFO: test [] []
[2020-03-31 22:36:52] generateOTP.INFO: test [] []
[2020-03-31 22:37:10] generateOTP.INFO: test [] []
[2020-03-31 22:37:26] generateOTP.INFO: test [] []
[2020-03-31 22:37:27] generateOTP.INFO: test [] []
[2020-03-31 22:39:03] generateOTP.INFO: test [] []
[2020-03-31 22:39:48] generateOTP.INFO: test [] []
[2020-03-31 22:39:49] generateOTP.INFO: test [] []
[2020-03-31 22:40:46] generateOTP.INFO: test [] []
[2020-03-31 22:42:18] generateOTP.INFO: test [] []
[2020-03-31 22:42:20] generateOTP.INFO: test [] []
[2020-03-31 22:43:15] generateOTP.INFO: test [] []
