[2020-05-31 00:05:45] generateOTP.INFO: test [] []
[2020-05-31 00:05:46] generateOTP.INFO: test [] []
[2020-05-31 00:06:07] generateOTP.INFO: test [] []
[2020-05-31 05:02:54] generateOTP.INFO: test [] []
[2020-05-31 05:02:54] generateOTP.INFO: test [] []
[2020-05-31 05:02:54] generateOTP.INFO: test [] []
[2020-05-31 05:02:54] generateOTP.INFO: test [] []
[2020-05-31 05:02:54] generateOTP.INFO: test [] []
[2020-05-31 05:02:54] generateOTP.INFO: test [] []
[2020-05-31 05:02:54] generateOTP.INFO: test [] []
[2020-05-31 05:02:54] generateOTP.INFO: test [] []
[2020-05-31 05:02:54] generateOTP.INFO: test [] []
[2020-05-31 05:02:54] generateOTP.INFO: test [] []
[2020-05-31 05:02:54] generateOTP.INFO: test [] []
[2020-05-31 05:02:54] generateOTP.INFO: test [] []
[2020-05-31 05:02:54] generateOTP.INFO: test [] []
[2020-05-31 05:02:54] generateOTP.INFO: test [] []
[2020-05-31 05:02:54] generateOTP.INFO: test [] []
[2020-05-31 05:02:54] generateOTP.INFO: test [] []
[2020-05-31 05:02:54] generateOTP.INFO: test [] []
[2020-05-31 05:02:54] generateOTP.INFO: test [] []
[2020-05-31 05:02:54] generateOTP.INFO: test [] []
[2020-05-31 05:02:54] generateOTP.INFO: test [] []
[2020-05-31 05:02:54] generateOTP.INFO: test [] []
[2020-05-31 05:02:54] generateOTP.INFO: test [] []
[2020-05-31 05:02:54] generateOTP.INFO: test [] []
[2020-05-31 05:02:54] generateOTP.INFO: test [] []
[2020-05-31 05:02:54] generateOTP.INFO: test [] []
[2020-05-31 05:02:54] generateOTP.INFO: test [] []
[2020-05-31 05:02:54] generateOTP.INFO: test [] []
[2020-05-31 05:02:54] generateOTP.INFO: test [] []
[2020-05-31 05:02:54] generateOTP.INFO: test [] []
[2020-05-31 05:02:54] generateOTP.INFO: test [] []
[2020-05-31 05:02:54] generateOTP.INFO: test [] []
[2020-05-31 05:02:54] generateOTP.INFO: test [] []
[2020-05-31 05:02:54] generateOTP.INFO: test [] []
[2020-05-31 05:02:54] generateOTP.INFO: test [] []
[2020-05-31 05:02:54] generateOTP.INFO: test [] []
[2020-05-31 05:02:54] generateOTP.INFO: test [] []
[2020-05-31 05:02:54] generateOTP.INFO: test [] []
[2020-05-31 05:02:54] generateOTP.INFO: test [] []
[2020-05-31 05:02:54] generateOTP.INFO: test [] []
[2020-05-31 05:02:54] generateOTP.INFO: test [] []
[2020-05-31 05:02:54] generateOTP.INFO: test [] []
[2020-05-31 05:02:54] generateOTP.INFO: test [] []
[2020-05-31 05:02:54] generateOTP.INFO: test [] []
[2020-05-31 05:02:54] generateOTP.INFO: test [] []
[2020-05-31 05:02:54] generateOTP.INFO: test [] []
[2020-05-31 05:02:54] generateOTP.INFO: test [] []
[2020-05-31 05:02:54] generateOTP.INFO: test [] []
[2020-05-31 05:02:54] generateOTP.INFO: test [] []
[2020-05-31 05:02:54] generateOTP.INFO: test [] []
[2020-05-31 05:02:54] generateOTP.INFO: test [] []
[2020-05-31 05:02:54] generateOTP.INFO: test [] []
[2020-05-31 05:02:55] generateOTP.INFO: test [] []
[2020-05-31 05:02:55] generateOTP.INFO: test [] []
[2020-05-31 05:02:55] generateOTP.INFO: test [] []
[2020-05-31 05:02:55] generateOTP.INFO: test [] []
[2020-05-31 05:02:55] generateOTP.INFO: test [] []
[2020-05-31 05:02:55] generateOTP.INFO: test [] []
[2020-05-31 05:02:55] generateOTP.INFO: test [] []
[2020-05-31 05:02:55] generateOTP.INFO: test [] []
[2020-05-31 05:02:55] generateOTP.INFO: test [] []
[2020-05-31 05:02:55] generateOTP.INFO: test [] []
[2020-05-31 05:02:55] generateOTP.INFO: test [] []
[2020-05-31 05:02:55] generateOTP.INFO: test [] []
[2020-05-31 05:02:55] generateOTP.INFO: test [] []
[2020-05-31 05:02:55] generateOTP.INFO: test [] []
[2020-05-31 05:02:55] generateOTP.INFO: test [] []
[2020-05-31 05:02:55] generateOTP.INFO: test [] []
[2020-05-31 05:02:55] generateOTP.INFO: test [] []
[2020-05-31 05:02:55] generateOTP.INFO: test [] []
[2020-05-31 05:02:55] generateOTP.INFO: test [] []
[2020-05-31 05:02:55] generateOTP.INFO: test [] []
[2020-05-31 05:02:55] generateOTP.INFO: test [] []
[2020-05-31 05:02:55] generateOTP.INFO: test [] []
[2020-05-31 05:02:55] generateOTP.INFO: test [] []
[2020-05-31 05:02:55] generateOTP.INFO: test [] []
[2020-05-31 05:02:55] generateOTP.INFO: test [] []
[2020-05-31 05:02:55] generateOTP.INFO: test [] []
[2020-05-31 05:02:55] generateOTP.INFO: test [] []
[2020-05-31 05:02:55] generateOTP.INFO: test [] []
[2020-05-31 05:02:55] generateOTP.INFO: test [] []
[2020-05-31 05:02:55] generateOTP.INFO: test [] []
[2020-05-31 05:02:55] generateOTP.INFO: test [] []
[2020-05-31 05:02:55] generateOTP.INFO: test [] []
[2020-05-31 05:02:55] generateOTP.INFO: test [] []
[2020-05-31 05:02:55] generateOTP.INFO: test [] []
[2020-05-31 05:02:55] generateOTP.INFO: test [] []
[2020-05-31 05:02:55] generateOTP.INFO: test [] []
[2020-05-31 05:02:55] generateOTP.INFO: test [] []
[2020-05-31 05:02:55] generateOTP.INFO: test [] []
[2020-05-31 05:02:55] generateOTP.INFO: test [] []
[2020-05-31 05:02:55] generateOTP.INFO: test [] []
[2020-05-31 05:02:55] generateOTP.INFO: test [] []
[2020-05-31 05:02:55] generateOTP.INFO: test [] []
[2020-05-31 05:02:55] generateOTP.INFO: test [] []
[2020-05-31 05:02:55] generateOTP.INFO: test [] []
[2020-05-31 05:02:55] generateOTP.INFO: test [] []
[2020-05-31 05:02:55] generateOTP.INFO: test [] []
[2020-05-31 10:28:15] generateOTP.INFO: test [] []
[2020-05-31 10:28:20] generateOTP.INFO: test [] []
[2020-05-31 10:28:39] generateOTP.INFO: test [] []
[2020-05-31 10:28:59] generateOTP.INFO: test [] []
[2020-05-31 10:40:21] generateOTP.INFO: test [] []
[2020-05-31 10:40:25] generateOTP.INFO: test [] []
[2020-05-31 11:33:16] generateOTP.INFO: test [] []
[2020-05-31 11:33:28] generateOTP.INFO: test [] []
[2020-05-31 11:33:29] generateOTP.INFO: test [] []
[2020-05-31 11:34:57] generateOTP.INFO: test [] []
[2020-05-31 11:47:03] generateOTP.INFO: test [] []
[2020-05-31 11:47:03] generateOTP.INFO: test [] []
[2020-05-31 11:47:04] generateOTP.INFO: test [] []
[2020-05-31 11:47:13] generateOTP.INFO: test [] []
[2020-05-31 11:47:19] generateOTP.INFO: test [] []
[2020-05-31 12:01:21] generateOTP.INFO: test [] []
[2020-05-31 12:01:28] generateOTP.INFO: test [] []
[2020-05-31 12:03:27] generateOTP.INFO: {"edit":"0","policy_no":"415","subtype_text":"1","sum_insure":"500000","familyConstruct":"1A","businessType":"New","family_members_id":"0","family_gender":"Male","first_name":"test","last_name":"BANKING","family_date_birth":"19-12-2000","age":"20","age_type":"years","myGHD":{"A":{"format":"A_No"},"B":{"remark":""},"C1":{"format":"C1_No"},"C2":{"format":"C2_No"},"D1":{"remark":""},"D2":{"remark":""},"D3":{"remark":""},"D4":{"remark":""},"E":{"remark":""}},"family_id":"","s_date":"","marriage_date":"","premium":"7605","policyNo":"415","familyDataType":"family_construct","declare":"[]"} [] []
[2020-05-31 12:15:11] generateOTP.INFO: test [] []
[2020-05-31 12:15:12] generateOTP.INFO: test [] []
[2020-05-31 12:15:14] generateOTP.INFO: test [] []
[2020-05-31 12:15:21] generateOTP.INFO: test [] []
[2020-05-31 12:15:33] generateOTP.INFO: test [] []
[2020-05-31 12:15:34] generateOTP.INFO: test [] []
[2020-05-31 12:15:39] generateOTP.INFO: test [] []
[2020-05-31 13:02:53] generateOTP.INFO: test [] []
[2020-05-31 13:02:58] generateOTP.INFO: test [] []
[2020-05-31 13:02:59] generateOTP.INFO: test [] []
[2020-05-31 13:03:39] generateOTP.INFO: test [] []
[2020-05-31 13:03:40] generateOTP.INFO: test [] []
[2020-05-31 13:03:47] generateOTP.INFO: test [] []
[2020-05-31 13:03:54] generateOTP.INFO: test [] []
[2020-05-31 13:04:03] generateOTP.INFO: test [] []
[2020-05-31 13:04:15] generateOTP.INFO: test [] []
[2020-05-31 13:04:16] generateOTP.INFO: test [] []
[2020-05-31 13:05:03] generateOTP.INFO: test [] []
[2020-05-31 13:05:21] generateOTP.INFO: test [] []
[2020-05-31 13:05:55] generateOTP.INFO: test [] []
[2020-05-31 13:07:22] generateOTP.INFO: test [] []
[2020-05-31 13:07:23] generateOTP.INFO: test [] []
[2020-05-31 13:07:33] generateOTP.INFO: test [] []
[2020-05-31 13:07:43] generateOTP.INFO: test [] []
[2020-05-31 13:11:39] generateOTP.INFO: test [] []
[2020-05-31 13:13:57] generateOTP.INFO: test [] []
[2020-05-31 13:18:03] generateOTP.INFO: test [] []
[2020-05-31 13:19:02] generateOTP.INFO: test [] []
[2020-05-31 13:19:41] generateOTP.INFO: test [] []
[2020-05-31 13:20:19] generateOTP.INFO: test [] []
[2020-05-31 13:21:03] generateOTP.INFO: test [] []
[2020-05-31 13:21:11] generateOTP.INFO: {"edit":"0","policy_no":"415","subtype_text":"1","sum_insure":"500000","familyConstruct":"1A","businessType":"New","family_members_id":"0","family_gender":"Male","first_name":"ssd","last_name":"sdsd","family_date_birth":"16-05-2020","age":"15","age_type":"days","myGHD":{"A":{"format":"A_No"},"B":{"format":"B_No","remark":""},"C1":{"format":"C1_No"},"C2":{"format":"C2_No"},"D1":{"remark":""},"D2":{"remark":""},"D3":{"remark":""},"D4":{"remark":""},"E":{"remark":""}},"family_id":"","s_date":"","marriage_date":"","premium":"7605","policyNo":"415","familyDataType":"family_construct","declare":"[]"} [] []
[2020-05-31 13:21:33] generateOTP.INFO: test [] []
[2020-05-31 13:21:41] generateOTP.INFO: test [] []
[2020-05-31 13:23:17] generateOTP.INFO: test [] []
[2020-05-31 13:23:54] generateOTP.INFO: test [] []
[2020-05-31 13:26:56] generateOTP.INFO: test [] []
[2020-05-31 13:28:53] generateOTP.INFO: test [] []
[2020-05-31 13:29:35] generateOTP.INFO: {"edit":"0","policy_no":"415","subtype_text":"1","sum_insure":"500000","familyConstruct":"1A","businessType":"New","family_members_id":"0","family_gender":"Male","first_name":"ssd","last_name":"sdsd","family_date_birth":"16-05-2020","age":"15","age_type":"days","myGHD":{"A":{"format":"A_No"},"B":{"remark":""},"C1":{"format":"C1_No"},"C2":{"format":"C2_No"},"D1":{"remark":""},"D2":{"remark":""},"D3":{"remark":""},"D4":{"remark":""},"E":{"remark":""}},"family_id":"","s_date":"","marriage_date":"","premium":"7605","policyNo":"415","familyDataType":"family_construct","declare":"[]"} [] []
[2020-05-31 13:31:34] generateOTP.INFO: {"edit":"0","policy_no":"415","subtype_text":"1","sum_insure":"500000","familyConstruct":"1A","businessType":"New","family_members_id":"0","family_gender":"Male","first_name":"ssd","last_name":"sdsd","family_date_birth":"16-05-1988","age":"32","age_type":"years","myGHD":{"A":{"format":"A_No"},"B":{"remark":""},"C1":{"format":"C1_No"},"C2":{"format":"C2_No"},"D1":{"remark":""},"D2":{"remark":""},"D3":{"remark":""},"D4":{"remark":""},"E":{"remark":""}},"family_id":"","s_date":"","marriage_date":"","premium":"7605","policyNo":"415","familyDataType":"family_construct","declare":"[]"} [] []
[2020-05-31 13:32:30] generateOTP.INFO: test [] []
[2020-05-31 13:35:58] generateOTP.INFO: test [] []
[2020-05-31 13:36:59] generateOTP.INFO: test [] []
[2020-05-31 13:37:59] generateOTP.INFO: test [] []
[2020-05-31 13:38:17] generateOTP.INFO: test [] []
[2020-05-31 13:38:18] generateOTP.INFO: test [] []
[2020-05-31 13:38:53] generateOTP.INFO: test [] []
[2020-05-31 13:40:50] generateOTP.INFO: test [] []
[2020-05-31 13:41:09] generateOTP.INFO: test [] []
[2020-05-31 13:41:11] generateOTP.INFO: test [] []
[2020-05-31 14:09:28] generateOTP.INFO: test [] []
[2020-05-31 14:09:29] generateOTP.INFO: test [] []
[2020-05-31 14:09:59] generateOTP.INFO: test [] []
[2020-05-31 14:11:29] generateOTP.INFO: test [] []
[2020-05-31 14:13:30] generateOTP.INFO: {"edit":"0","policy_no":"415","subtype_text":"1","sum_insure":"500000","familyConstruct":"1A","businessType":"New","family_members_id":"0","family_gender":"Male","first_name":"ssd","last_name":"sdsd","family_date_birth":"16-05-1988","age":"32","age_type":"years","myGHD":{"A":{"format":"A_No"},"B":{"remark":""},"C1":{"format":"C1_No"},"C2":{"format":"C2_No"},"D1":{"remark":""},"D2":{"remark":""},"D3":{"remark":""},"D4":{"remark":""},"E":{"remark":""}},"family_id":"","s_date":"","marriage_date":"","premium":"7605","policyNo":"415","familyDataType":"family_construct","declare":"[]"} [] []
[2020-05-31 14:13:58] generateOTP.INFO: test [] []
[2020-05-31 14:54:11] generateOTP.INFO: test [] []
[2020-05-31 14:58:17] generateOTP.INFO: test [] []
[2020-05-31 14:58:32] generateOTP.INFO: test [] []
[2020-05-31 15:04:05] generateOTP.INFO: test [] []
[2020-05-31 15:04:07] generateOTP.INFO: test [] []
[2020-05-31 15:04:09] generateOTP.INFO: test [] []
[2020-05-31 15:04:19] generateOTP.INFO: test [] []
[2020-05-31 15:05:47] generateOTP.INFO: test [] []
[2020-05-31 15:05:53] generateOTP.INFO: test [] []
[2020-05-31 15:05:55] generateOTP.INFO: test [] []
[2020-05-31 15:06:03] generateOTP.INFO: test [] []
[2020-05-31 15:06:04] generateOTP.INFO: test [] []
[2020-05-31 15:06:07] generateOTP.INFO: test [] []
[2020-05-31 15:07:16] generateOTP.INFO: test [] []
[2020-05-31 15:07:48] generateOTP.INFO: test [] []
[2020-05-31 15:07:50] generateOTP.INFO: test [] []
[2020-05-31 15:07:57] generateOTP.INFO: test [] []
[2020-05-31 15:12:17] generateOTP.INFO: test [] []
[2020-05-31 15:12:18] generateOTP.INFO: test [] []
[2020-05-31 15:12:28] generateOTP.INFO: test [] []
[2020-05-31 15:12:40] generateOTP.INFO: test [] []
[2020-05-31 15:43:18] generateOTP.INFO: test [] []
[2020-05-31 15:43:46] generateOTP.INFO: test [] []
[2020-05-31 15:43:47] generateOTP.INFO: test [] []
[2020-05-31 16:05:34] generateOTP.INFO: test [] []
[2020-05-31 16:07:06] generateOTP.INFO: test [] []
[2020-05-31 16:07:08] generateOTP.INFO: test [] []
[2020-05-31 16:14:01] generateOTP.INFO: test [] []
[2020-05-31 16:14:19] generateOTP.INFO: test [] []
[2020-05-31 16:14:21] generateOTP.INFO: test [] []
[2020-05-31 16:15:25] generateOTP.INFO: test [] []
[2020-05-31 16:15:34] generateOTP.INFO: test [] []
[2020-05-31 16:17:34] generateOTP.INFO: test [] []
[2020-05-31 16:18:13] generateOTP.INFO: test [] []
[2020-05-31 16:18:20] generateOTP.INFO: test [] []
[2020-05-31 16:18:48] generateOTP.INFO: test [] []
[2020-05-31 16:18:58] generateOTP.INFO: test [] []
[2020-05-31 16:19:02] generateOTP.INFO: test [] []
[2020-05-31 16:19:05] generateOTP.INFO: test [] []
[2020-05-31 16:19:20] generateOTP.INFO: test [] []
[2020-05-31 16:19:32] generateOTP.INFO: test [] []
[2020-05-31 16:19:37] generateOTP.INFO: test [] []
[2020-05-31 16:20:23] generateOTP.INFO: test [] []
[2020-05-31 16:21:20] generateOTP.INFO: test [] []
[2020-05-31 16:21:37] generateOTP.INFO: test [] []
[2020-05-31 16:21:40] generateOTP.INFO: test [] []
[2020-05-31 16:22:12] generateOTP.INFO: test [] []
[2020-05-31 16:22:37] generateOTP.INFO: test [] []
[2020-05-31 16:22:38] generateOTP.INFO: test [] []
[2020-05-31 16:23:21] generateOTP.INFO: test [] []
[2020-05-31 16:25:15] generateOTP.INFO: test [] []
[2020-05-31 16:26:18] generateOTP.INFO: test [] []
[2020-05-31 16:26:25] generateOTP.INFO: test [] []
[2020-05-31 16:26:46] generateOTP.INFO: test [] []
[2020-05-31 16:27:02] generateOTP.INFO: test [] []
[2020-05-31 16:27:04] generateOTP.INFO: test [] []
[2020-05-31 16:27:08] generateOTP.INFO: test [] []
[2020-05-31 16:27:18] generateOTP.INFO: test [] []
[2020-05-31 16:28:05] generateOTP.INFO: test [] []
[2020-05-31 16:28:22] generateOTP.INFO: test [] []
[2020-05-31 16:28:33] generateOTP.INFO: test [] []
[2020-05-31 16:28:55] generateOTP.INFO: test [] []
[2020-05-31 16:29:42] generateOTP.INFO: test [] []
[2020-05-31 16:30:54] generateOTP.INFO: test [] []
[2020-05-31 16:30:59] generateOTP.INFO: test [] []
[2020-05-31 16:31:05] generateOTP.INFO: test [] []
[2020-05-31 16:31:32] generateOTP.INFO: test [] []
[2020-05-31 16:32:09] generateOTP.INFO: test [] []
[2020-05-31 16:32:12] generateOTP.INFO: test [] []
[2020-05-31 16:32:49] generateOTP.INFO: test [] []
[2020-05-31 16:33:07] generateOTP.INFO: test [] []
[2020-05-31 16:33:20] generateOTP.INFO: test [] []
[2020-05-31 16:34:04] generateOTP.INFO: test [] []
[2020-05-31 16:34:08] generateOTP.INFO: test [] []
[2020-05-31 16:35:08] generateOTP.INFO: test [] []
[2020-05-31 16:35:29] generateOTP.INFO: test [] []
[2020-05-31 16:36:13] generateOTP.INFO: test [] []
[2020-05-31 16:36:28] generateOTP.INFO: test [] []
[2020-05-31 16:36:48] generateOTP.INFO: test [] []
[2020-05-31 16:37:23] generateOTP.INFO: test [] []
[2020-05-31 16:37:48] generateOTP.INFO: test [] []
[2020-05-31 16:38:10] generateOTP.INFO: test [] []
[2020-05-31 16:38:28] generateOTP.INFO: test [] []
[2020-05-31 16:38:52] generateOTP.INFO: test [] []
[2020-05-31 16:38:55] generateOTP.INFO: test [] []
[2020-05-31 16:39:30] generateOTP.INFO: test [] []
[2020-05-31 16:40:24] generateOTP.INFO: test [] []
[2020-05-31 16:40:40] generateOTP.INFO: test [] []
[2020-05-31 16:40:49] generateOTP.INFO: test [] []
[2020-05-31 16:41:34] generateOTP.INFO: test [] []
[2020-05-31 16:42:15] generateOTP.INFO: test [] []
[2020-05-31 16:43:50] generateOTP.INFO: test [] []
[2020-05-31 16:43:55] generateOTP.INFO: test [] []
[2020-05-31 16:45:23] generateOTP.INFO: test [] []
[2020-05-31 16:45:37] generateOTP.INFO: test [] []
[2020-05-31 16:45:53] generateOTP.INFO: test [] []
[2020-05-31 16:45:57] generateOTP.INFO: test [] []
[2020-05-31 16:46:39] generateOTP.INFO: test [] []
[2020-05-31 16:46:40] generateOTP.INFO: test [] []
[2020-05-31 16:47:16] generateOTP.INFO: test [] []
[2020-05-31 16:47:29] generateOTP.INFO: test [] []
[2020-05-31 16:47:30] generateOTP.INFO: test [] []
[2020-05-31 16:52:37] generateOTP.INFO: test [] []
[2020-05-31 16:52:40] generateOTP.INFO: test [] []
[2020-05-31 16:53:08] generateOTP.INFO: test [] []
[2020-05-31 16:56:11] generateOTP.INFO: test [] []
[2020-05-31 16:57:33] generateOTP.INFO: test [] []
[2020-05-31 16:57:37] generateOTP.INFO: test [] []
[2020-05-31 17:00:37] generateOTP.INFO: test [] []
[2020-05-31 17:01:26] generateOTP.INFO: test [] []
[2020-05-31 17:01:28] generateOTP.INFO: test [] []
[2020-05-31 19:52:13] generateOTP.INFO: test [] []
[2020-05-31 20:24:23] generateOTP.INFO: test [] []
[2020-05-31 20:24:39] generateOTP.INFO: test [] []
[2020-05-31 20:24:40] generateOTP.INFO: test [] []
[2020-05-31 20:25:01] generateOTP.INFO: test [] []
[2020-05-31 20:25:21] generateOTP.INFO: test [] []
[2020-05-31 20:25:22] generateOTP.INFO: test [] []
[2020-05-31 20:25:58] generateOTP.INFO: test [] []
[2020-05-31 20:26:23] generateOTP.INFO: test [] []
[2020-05-31 20:26:28] generateOTP.INFO: test [] []
[2020-05-31 20:26:29] generateOTP.INFO: test [] []
[2020-05-31 20:26:32] generateOTP.INFO: test [] []
[2020-05-31 20:27:23] generateOTP.INFO: test [] []
[2020-05-31 20:27:37] generateOTP.INFO: test [] []
[2020-05-31 20:27:38] generateOTP.INFO: test [] []
[2020-05-31 20:27:41] generateOTP.INFO: test [] []
[2020-05-31 20:30:55] generateOTP.INFO: test [] []
[2020-05-31 20:31:11] generateOTP.INFO: test [] []
[2020-05-31 20:31:15] generateOTP.INFO: test [] []
[2020-05-31 20:31:16] generateOTP.INFO: test [] []
[2020-05-31 20:31:18] generateOTP.INFO: test [] []
[2020-05-31 20:33:41] generateOTP.INFO: test [] []
[2020-05-31 20:38:18] generateOTP.INFO: test [] []
[2020-05-31 20:38:44] generateOTP.INFO: test [] []
[2020-05-31 20:38:45] generateOTP.INFO: test [] []
[2020-05-31 20:41:19] generateOTP.INFO: test [] []
[2020-05-31 20:50:03] generateOTP.INFO: test [] []
[2020-05-31 20:50:23] generateOTP.INFO: test [] []
[2020-05-31 20:50:24] generateOTP.INFO: test [] []
[2020-05-31 20:50:57] generateOTP.INFO: test [] []
[2020-05-31 20:51:03] generateOTP.INFO: test [] []
[2020-05-31 20:51:07] generateOTP.INFO: test [] []
[2020-05-31 20:51:09] generateOTP.INFO: test [] []
[2020-05-31 20:51:11] generateOTP.INFO: test [] []
[2020-05-31 20:52:06] generateOTP.INFO: test [] []
[2020-05-31 20:52:59] generateOTP.INFO: test [] []
[2020-05-31 20:53:01] generateOTP.INFO: test [] []
[2020-05-31 20:53:03] generateOTP.INFO: test [] []
[2020-05-31 20:53:09] generateOTP.INFO: test [] []
[2020-05-31 20:53:11] generateOTP.INFO: test [] []
[2020-05-31 20:53:16] generateOTP.INFO: test [] []
[2020-05-31 20:55:01] generateOTP.INFO: test [] []
[2020-05-31 20:55:22] generateOTP.INFO: test [] []
[2020-05-31 20:55:28] generateOTP.INFO: test [] []
[2020-05-31 20:55:41] generateOTP.INFO: test [] []
[2020-05-31 20:55:42] generateOTP.INFO: test [] []
[2020-05-31 20:58:05] generateOTP.INFO: test [] []
[2020-05-31 20:59:45] generateOTP.INFO: test [] []
[2020-05-31 20:59:48] generateOTP.INFO: test [] []
[2020-05-31 21:03:30] generateOTP.INFO: test [] []
[2020-05-31 21:03:32] generateOTP.INFO: test [] []
[2020-05-31 21:03:39] generateOTP.INFO: test [] []
[2020-05-31 21:03:40] generateOTP.INFO: test [] []
[2020-05-31 21:04:05] generateOTP.INFO: test [] []
[2020-05-31 21:04:08] generateOTP.INFO: test [] []
[2020-05-31 21:04:38] generateOTP.INFO: test [] []
[2020-05-31 21:04:48] generateOTP.INFO: test [] []
[2020-05-31 21:05:05] generateOTP.INFO: test [] []
[2020-05-31 21:05:13] generateOTP.INFO: test [] []
[2020-05-31 21:05:14] generateOTP.INFO: test [] []
[2020-05-31 21:05:16] generateOTP.INFO: test [] []
[2020-05-31 21:46:09] generateOTP.INFO: test [] []
[2020-05-31 21:46:38] generateOTP.INFO: test [] []
[2020-05-31 21:46:41] generateOTP.INFO: test [] []
[2020-05-31 21:46:43] generateOTP.INFO: test [] []
[2020-05-31 21:46:46] generateOTP.INFO: test [] []
[2020-05-31 21:47:26] generateOTP.INFO: test [] []
[2020-05-31 21:47:38] generateOTP.INFO: test [] []
[2020-05-31 21:47:40] generateOTP.INFO: test [] []
