[2020-10-31 10:31:55] generateOTP.INFO: test [] []
[2020-10-31 10:36:24] generateOTP.INFO: test [] []
[2020-10-31 10:36:43] generateOTP.INFO: test [] []
[2020-10-31 11:08:32] generateOTP.INFO: test [] []
[2020-10-31 11:08:35] generateOTP.INFO: test [] []
[2020-10-31 11:09:07] generateOTP.INFO: test [] []
[2020-10-31 11:09:09] generateOTP.INFO: test [] []
[2020-10-31 11:09:12] generateOTP.INFO: test [] []
[2020-10-31 11:09:15] generateOTP.INFO: test [] []
[2020-10-31 11:27:53] generateOTP.INFO: test [] []
[2020-10-31 11:27:54] generateOTP.INFO: test [] []
[2020-10-31 11:28:04] generateOTP.INFO: test [] []
[2020-10-31 11:28:07] generateOTP.INFO: test [] []
[2020-10-31 11:28:42] generateOTP.INFO: test [] []
[2020-10-31 11:29:06] generateOTP.INFO: test [] []
[2020-10-31 11:30:24] generateOTP.INFO: test [] []
[2020-10-31 11:33:31] generateOTP.INFO: test [] []
[2020-10-31 11:35:46] generateOTP.INFO: test [] []
[2020-10-31 11:42:12] generateOTP.INFO: test [] []
[2020-10-31 11:45:11] generateOTP.INFO: test [] []
[2020-10-31 11:54:47] generateOTP.INFO: test [] []
[2020-10-31 12:31:32] generateOTP.INFO: test [] []
[2020-10-31 12:31:35] generateOTP.INFO: test [] []
[2020-10-31 12:32:02] generateOTP.INFO: test [] []
[2020-10-31 12:32:22] generateOTP.INFO: test [] []
[2020-10-31 12:32:30] generateOTP.INFO: test [] []
[2020-10-31 12:32:32] generateOTP.INFO: test [] []
[2020-10-31 12:48:56] generateOTP.INFO: test [] []
[2020-10-31 12:55:15] generateOTP.INFO: test [] []
[2020-10-31 13:08:01] generateOTP.INFO: test [] []
[2020-10-31 13:08:16] generateOTP.INFO: {"salutation":"1","firstname":"test","lastname":"BANKING","dob":"19-12-1988","mob_no":"7010444138","panCard":"XXXXXX456A","email":"jack@gmail.com","ref1":"1","ref2":"1","comAdd":"Om hrad ntalatiof, holOmshre, talathioficeeachol, OmshreeSada9talathi","city":"MUMBAI","state":"MAHARASHTRA","pin_code":"622103","ISNRI":"N","update_emp_id":"623523","edit":"0","policy_no":"454,455","subtype_text":"1","sum_insure":"500000","anuual_income":"","occupation":"2","familyConstruct":"2A","family_members_id":"0","family_gender":"Male","first_name":"test","last_name":"BANKING","family_date_birth":"19-12-1988","age":"31","age_type":" years","tenure":"1 Year","family_id":"","s_date":"","marriage_date":"","premium":"11500","policyNo":"454,455","familyDataType":"undefined","empId":"623523","product":"RMxC5efb5c5a320e7","declare":"[]","gender":"Male","gci_options":"Yes"} [] []
[2020-10-31 13:08:50] generateOTP.INFO: {"salutation":"1","firstname":"test","lastname":"BANKING","dob":"19-12-1988","mob_no":"7010444138","panCard":"XXXXXX456A","email":"jack@gmail.com","ref1":"1","ref2":"1","comAdd":"Om hrad ntalatiof, holOmshre, talathioficeeachol, OmshreeSada9talathi","city":"MUMBAI","state":"MAHARASHTRA","pin_code":"622103","ISNRI":"N","update_emp_id":"623523","edit":"0","policy_no":"454,455","subtype_text":"1","sum_insure":"500000","anuual_income":"0","occupation":"2","familyConstruct":"2A","family_members_id":"1","family_gender":"Female","first_name":"hytyu","last_name":"tyutyu","family_date_birth":"11-10-1990","age":"30","age_type":" years","tenure":"1 Year","family_id":"","s_date":"","marriage_date":"","premium":"11500","policyNo":"454,455","familyDataType":"undefined","empId":"623523","product":"RMxC5efb5c5a320e7","declare":"[]","gender":"Male","gci_options":"Yes"} [] []
[2020-10-31 13:10:22] documentsSave.INFO: {"ops_type":"[]","ids":"253,254,255"} [] []
[2020-10-31 13:10:22] documentsSaveFiles.INFO: [] [] []
[2020-10-31 13:10:44] generateOTP.INFO: test [] []
[2020-10-31 13:18:08] generateOTP.INFO: test [] []
[2020-10-31 13:18:29] generateOTP.INFO: test [] []
[2020-10-31 13:19:02] generateOTP.INFO: test [] []
[2020-10-31 13:19:05] generateOTP.INFO: test [] []
[2020-10-31 13:19:09] generateOTP.INFO: test [] []
[2020-10-31 13:19:14] generateOTP.INFO: test [] []
[2020-10-31 13:20:15] generateOTP.INFO: {"salutation":"1","firstname":"test","lastname":"BANKING","dob":"19-12-1988","mob_no":"7010444138","panCard":"XXXXXX456A","email":"jack@gmail.com","ref1":"1","ref2":"1","comAdd":"Om hrad ntalatiof, holOmshre, talathioficeeachol, OmshreeSada9talathi","city":"MUMBAI","state":"MAHARASHTRA","pin_code":"622103","ISNRI":"N","update_emp_id":"623525","edit":"0","policy_no":"392,393","subtype_text":"1","sum_insure":"500000","anuual_income":"","familyConstruct":"1A","family_members_id":"0","family_gender":"Male","first_name":"test","last_name":"BANKING","family_date_birth":"19-12-1988","age":"31","age_type":" years","tenure":"1 Year","family_id":"","s_date":"","marriage_date":"","premium":"11799","policyNo":"392,393","familyDataType":"undefined","empId":"623525","product":"iWL65dcd54d9c5a65","declare":"[]","gender":"Male","gci_options":"Yes"} [] []
[2020-10-31 13:21:28] generateOTP.INFO: test [] []
[2020-10-31 13:21:30] generateOTP.INFO: test [] []
[2020-10-31 13:21:43] documentsSave.INFO: {"ops_type":"[]","ids":"256,257"} [] []
[2020-10-31 13:21:43] documentsSaveFiles.INFO: [] [] []
[2020-10-31 13:21:58] generateOTP.INFO: test [] []
[2020-10-31 13:22:39] generateOTP.INFO: test [] []
[2020-10-31 13:22:51] generateOTP.INFO: test [] []
[2020-10-31 13:23:38] generateOTP.INFO: test [] []
[2020-10-31 13:23:54] generateOTP.INFO: {"salutation":"1","firstname":"test","lastname":"BANKING","dob":"19-12-1988","mob_no":"7010444138","panCard":"XXXXXX456A","email":"jack@gmail.com","ref1":"1","ref2":"1","comAdd":"Om hrad ntalatiof, holOmshre, talathioficeeachol, OmshreeSada9talathi","city":"MUMBAI","state":"MAHARASHTRA","pin_code":"622103","ISNRI":"N","update_emp_id":"623526","edit":"0","policy_no":"392,393","subtype_text":"1","sum_insure":"500000","anuual_income":"","familyConstruct":"1A","family_members_id":"0","family_gender":"Male","first_name":"test","last_name":"BANKING","family_date_birth":"19-12-1988","age":"31","age_type":" years","tenure":"1 Year","family_id":"","s_date":"","marriage_date":"","premium":"11799","policyNo":"392,393","familyDataType":"undefined","empId":"623526","product":"iWL65dcd54d9c5a65","declare":"[]","gender":"Male","gci_options":"Yes"} [] []
[2020-10-31 13:24:28] generateOTP.INFO: test [] []
[2020-10-31 13:24:33] generateOTP.INFO: test [] []
[2020-10-31 13:24:57] generateOTP.INFO: test [] []
[2020-10-31 13:25:01] generateOTP.INFO: test [] []
[2020-10-31 13:25:53] documentsSave.INFO: {"ops_type":"[\"0\",\"Y\"]","ids":"258,259"} [] []
[2020-10-31 13:25:53] documentsSaveFiles.INFO: [{"name":"Full Forms.jpeg","type":"image\/jpeg","tmp_name":"\/tmp\/phpV3oxCd","error":0,"size":128214},{"name":"Full Forms.jpeg","type":"image\/jpeg","tmp_name":"\/tmp\/php6GfeWT","error":0,"size":128214}] [] []
[2020-10-31 13:26:05] generateOTP.INFO: test [] []
[2020-10-31 13:29:55] generateOTP.INFO: test [] []
[2020-10-31 13:32:31] generateOTP.INFO: test [] []
[2020-10-31 13:35:01] generateOTP.INFO: {"salutation":"1","firstname":"test","lastname":"BANKING","dob":"19-12-1988","mob_no":"7010444138","panCard":"XXXXXX456A","email":"jack@gmail.com","ref1":"1","ref2":"1","comAdd":"Om hrad ntalatiof, holOmshre, talathioficeeachol, OmshreeSada9talathi","city":"MUMBAI","state":"MAHARASHTRA","pin_code":"622103","ISNRI":"N","update_emp_id":"623528","edit":"0","policy_no":"403","subtype_text":"1","sum_insure":"500000","anuual_income":"","familyConstruct":"2A","family_members_id":"0","family_gender":"Male","first_name":"test","last_name":"BANKING","family_date_birth":"19-12-1988","age":"31","age_type":" years","tenure":"1 Year","family_id":"","s_date":"","marriage_date":"","premium":"23000","policyNo":"403","familyDataType":"undefined","empId":"623528","product":"NUKc5dd5468e43707","declare":"[]","gender":"Male","gci_options":"Yes"} [] []
[2020-10-31 13:37:59] generateOTP.INFO: test [] []
[2020-10-31 13:38:31] generateOTP.INFO: {"salutation":"1","firstname":"test","lastname":"BANKING","dob":"19-12-1970","mob_no":"7010444138","panCard":"XXXXXX456A","email":"jack@gmail.com","ref1":"1","ref2":"1","comAdd":"Om hrad ntalatiof, holOmshre, talathioficeeachol, OmshreeSada9talathi","city":"MUMBAI","state":"MAHARASHTRA","pin_code":"622103","ISNRI":"N","update_emp_id":"623529","edit":"0","policy_no":"403","subtype_text":"1","sum_insure":"500000","anuual_income":"","familyConstruct":"1A","family_members_id":"0","family_gender":"Male","first_name":"test","last_name":"BANKING","family_date_birth":"19-12-1970","age":"49","age_type":" years","tenure":"1 Year","family_id":"","s_date":"","marriage_date":"","premium":"13500","policyNo":"403","familyDataType":"undefined","empId":"623529","product":"NUKc5dd5468e43707","declare":"[]","gender":"Male","gci_options":"Yes"} [] []
[2020-10-31 13:39:23] documentsSave.INFO: {"ops_type":"[]","ids":"260"} [] []
[2020-10-31 13:39:23] documentsSaveFiles.INFO: [] [] []
[2020-10-31 13:39:28] generateOTP.INFO: test [] []
[2020-10-31 13:41:16] generateOTP.INFO: test [] []
[2020-10-31 13:41:34] generateOTP.INFO: {"salutation":"1","firstname":"test","lastname":"BANKING","dob":"19-12-1988","mob_no":"7010444138","panCard":"XXXXXX456A","email":"jack@gmail.com","ref1":"1","ref2":"1","comAdd":"Om hrad ntalatiof, holOmshre, talathioficeeachol, OmshreeSada9talathi","city":"MUMBAI","state":"MAHARASHTRA","pin_code":"622103","ISNRI":"N","update_emp_id":"623530","edit":"0","policy_no":"403","subtype_text":"1","sum_insure":"500000","anuual_income":"","familyConstruct":"1A","family_members_id":"0","family_gender":"Male","first_name":"test","last_name":"BANKING","family_date_birth":"19-12-1988","age":"31","age_type":" years","tenure":"1 Year","family_id":"","s_date":"","marriage_date":"","premium":"13500","policyNo":"403","familyDataType":"undefined","empId":"623530","product":"NUKc5dd5468e43707","declare":"[]","gender":"Male","gci_options":"Yes"} [] []
[2020-10-31 13:43:01] generateOTP.INFO: test [] []
[2020-10-31 13:46:40] generateOTP.INFO: test [] []
[2020-10-31 13:50:35] generateOTP.INFO: test [] []
[2020-10-31 13:50:38] generateOTP.INFO: test [] []
[2020-10-31 13:50:46] generateOTP.INFO: test [] []
[2020-10-31 13:50:47] generateOTP.INFO: test [] []
[2020-10-31 13:50:48] generateOTP.INFO: test [] []
[2020-10-31 13:51:09] generateOTP.INFO: test [] []
[2020-10-31 13:51:10] generateOTP.INFO: test [] []
[2020-10-31 13:51:13] generateOTP.INFO: test [] []
[2020-10-31 13:51:13] generateOTP.INFO: test [] []
[2020-10-31 13:51:37] generateOTP.INFO: test [] []
[2020-10-31 13:51:37] generateOTP.INFO: test [] []
[2020-10-31 13:51:37] generateOTP.INFO: test [] []
[2020-10-31 13:51:38] generateOTP.INFO: test [] []
[2020-10-31 13:51:50] generateOTP.INFO: test [] []
[2020-10-31 13:51:50] generateOTP.INFO: test [] []
[2020-10-31 13:59:31] generateOTP.INFO: test [] []
[2020-10-31 13:59:51] generateOTP.INFO: test [] []
[2020-10-31 14:00:17] generateOTP.INFO: test [] []
[2020-10-31 14:00:27] generateOTP.INFO: test [] []
[2020-10-31 14:00:30] generateOTP.INFO: test [] []
[2020-10-31 14:03:17] generateOTP.INFO: test [] []
[2020-10-31 14:03:27] generateOTP.INFO: test [] []
[2020-10-31 14:05:21] generateOTP.INFO: test [] []
[2020-10-31 14:05:25] generateOTP.INFO: test [] []
[2020-10-31 14:06:21] generateOTP.INFO: test [] []
[2020-10-31 14:06:23] generateOTP.INFO: test [] []
[2020-10-31 14:12:21] generateOTP.INFO: test [] []
[2020-10-31 14:12:36] generateOTP.INFO: {"salutation":"1","firstname":"test","lastname":"BANKING","dob":"19-12-1988","mob_no":"7010444138","panCard":"XXXXXX456A","email":"jack@gmail.com","ref1":"1","ref2":"1","comAdd":"Om hrad ntalatiof, holOmshre, talathioficeeachol, OmshreeSada9talathi","city":"MUMBAI","state":"MAHARASHTRA","pin_code":"622103","ISNRI":"N","update_emp_id":"623532","edit":"0","policy_no":"392,393","subtype_text":"1","sum_insure":"500000","anuual_income":"","familyConstruct":"1A","family_members_id":"0","family_gender":"Male","first_name":"test","last_name":"BANKING","family_date_birth":"19-12-1988","age":"31","age_type":" years","tenure":"1 Year","family_id":"","s_date":"","marriage_date":"","premium":"11799","policyNo":"392,393","familyDataType":"undefined","empId":"623532","product":"iWL65dcd54d9c5a65","declare":"[]","gender":"Male","gci_options":"Yes"} [] []
[2020-10-31 14:13:55] documentsSave.INFO: {"ops_type":"[]","ids":"261,262"} [] []
[2020-10-31 14:13:55] documentsSaveFiles.INFO: [] [] []
[2020-10-31 14:14:00] generateOTP.INFO: test [] []
[2020-10-31 14:15:08] generateOTP.INFO: test [] []
[2020-10-31 14:15:24] generateOTP.INFO: {"salutation":"1","firstname":"test","lastname":"BANKING","dob":"19-12-1988","mob_no":"7010444138","panCard":"XXXXXX456A","email":"jack@gmail.com","ref1":"1","ref2":"1","comAdd":"Om hrad ntalatiof, holOmshre, talathioficeeachol, OmshreeSada9talathi","city":"MUMBAI","state":"MAHARASHTRA","pin_code":"622103","ISNRI":"N","update_emp_id":"623533","edit":"0","policy_no":"392,393","subtype_text":"1","sum_insure":"500000","anuual_income":"","familyConstruct":"1A","family_members_id":"0","family_gender":"Male","first_name":"test","last_name":"BANKING","family_date_birth":"19-12-1988","age":"31","age_type":" years","tenure":"1 Year","family_id":"","s_date":"","marriage_date":"","premium":"11799","policyNo":"392,393","familyDataType":"undefined","empId":"623533","product":"iWL65dcd54d9c5a65","declare":"[]","gender":"Male","gci_options":"Yes"} [] []
[2020-10-31 14:16:27] documentsSave.INFO: {"ops_type":"[\"0\",\"Y\"]","ids":"263,264"} [] []
[2020-10-31 14:16:27] documentsSaveFiles.INFO: [{"name":"Full Forms.jpeg","type":"image\/jpeg","tmp_name":"\/tmp\/phpNgfLlR","error":0,"size":128214},{"name":"Full Forms.jpeg","type":"image\/jpeg","tmp_name":"\/tmp\/phptdIpi9","error":0,"size":128214}] [] []
[2020-10-31 14:16:33] generateOTP.INFO: test [] []
[2020-10-31 14:18:10] generateOTP.INFO: test [] []
[2020-10-31 14:18:28] generateOTP.INFO: {"salutation":"1","firstname":"test","lastname":"BANKING","dob":"19-12-1970","mob_no":"7010444138","panCard":"XXXXXX456A","email":"jack@gmail.com","ref1":"1","ref2":"1","comAdd":"Om hrad ntalatiof, holOmshre, talathioficeeachol, OmshreeSada9talathi","city":"MUMBAI","state":"MAHARASHTRA","pin_code":"622103","ISNRI":"N","update_emp_id":"623534","edit":"0","policy_no":"403","subtype_text":"1","sum_insure":"500000","anuual_income":"","familyConstruct":"1A","family_members_id":"0","family_gender":"Male","first_name":"test","last_name":"BANKING","family_date_birth":"19-12-1970","age":"49","age_type":" years","tenure":"1 Year","family_id":"","s_date":"","marriage_date":"","premium":"13500","policyNo":"403","familyDataType":"undefined","empId":"623534","product":"NUKc5dd5468e43707","declare":"[]","gender":"Male","gci_options":"Yes"} [] []
[2020-10-31 14:19:23] documentsSave.INFO: {"ops_type":"[]","ids":"265"} [] []
[2020-10-31 14:19:23] documentsSaveFiles.INFO: [] [] []
[2020-10-31 14:19:30] generateOTP.INFO: test [] []
[2020-10-31 14:20:53] generateOTP.INFO: test [] []
[2020-10-31 14:21:09] generateOTP.INFO: {"salutation":"1","firstname":"test","lastname":"BANKING","dob":"19-12-1970","mob_no":"7010444138","panCard":"XXXXXX456A","email":"jack@gmail.com","ref1":"1","ref2":"1","comAdd":"Om hrad ntalatiof, holOmshre, talathioficeeachol, OmshreeSada9talathi","city":"MUMBAI","state":"MAHARASHTRA","pin_code":"622103","ISNRI":"N","update_emp_id":"623535","edit":"0","policy_no":"403","subtype_text":"1","sum_insure":"500000","anuual_income":"","familyConstruct":"1A","family_members_id":"0","family_gender":"Male","first_name":"test","last_name":"BANKING","family_date_birth":"19-12-1970","age":"49","age_type":" years","tenure":"1 Year","family_id":"","s_date":"","marriage_date":"","premium":"13500","policyNo":"403","familyDataType":"undefined","empId":"623535","product":"NUKc5dd5468e43707","declare":"[]","gender":"Male","gci_options":"Yes"} [] []
[2020-10-31 14:22:10] generateOTP.INFO: test [] []
[2020-10-31 14:22:17] documentsSave.INFO: {"ops_type":"[\"0\",\"Y\"]","ids":"266"} [] []
[2020-10-31 14:22:17] documentsSaveFiles.INFO: [{"name":"Full Forms.jpeg","type":"image\/jpeg","tmp_name":"\/tmp\/phplzR5wW","error":0,"size":128214},{"name":"Full Forms.jpeg","type":"image\/jpeg","tmp_name":"\/tmp\/phpTTquXj","error":0,"size":128214}] [] []
[2020-10-31 14:22:22] generateOTP.INFO: test [] []
[2020-10-31 14:23:38] generateOTP.INFO: test [] []
[2020-10-31 14:23:44] generateOTP.INFO: test [] []
[2020-10-31 14:23:56] generateOTP.INFO: {"salutation":"1","firstname":"test","lastname":"BANKING","dob":"19-12-1988","mob_no":"7010444138","panCard":"XXXXXX456A","email":"jack@gmail.com","ref1":"1","ref2":"1","comAdd":"Om hrad ntalatiof, holOmshre, talathioficeeachol, OmshreeSada9talathi","city":"MUMBAI","state":"MAHARASHTRA","pin_code":"622103","ISNRI":"N","update_emp_id":"623536","edit":"0","policy_no":"454,455","subtype_text":"1","sum_insure":"500000","anuual_income":"","occupation":"14","familyConstruct":"1A","family_members_id":"0","family_gender":"Male","first_name":"test","last_name":"BANKING","family_date_birth":"19-12-1988","age":"31","age_type":" years","tenure":"1 Year","family_id":"","s_date":"","marriage_date":"","premium":"8000","policyNo":"454,455","familyDataType":"undefined","empId":"623536","product":"RMxC5efb5c5a320e7","declare":"[]","gender":"Male","gci_options":"Yes"} [] []
[2020-10-31 14:24:32] generateOTP.INFO: test [] []
[2020-10-31 14:24:43] generateOTP.INFO: test [] []
[2020-10-31 14:24:44] documentsSave.INFO: {"ops_type":"[]","ids":"267,268,269"} [] []
[2020-10-31 14:24:44] documentsSaveFiles.INFO: [] [] []
[2020-10-31 14:24:53] generateOTP.INFO: test [] []
[2020-10-31 14:25:46] generateOTP.INFO: test [] []
[2020-10-31 14:25:50] generateOTP.INFO: test [] []
[2020-10-31 14:25:55] generateOTP.INFO: test [] []
[2020-10-31 14:26:10] generateOTP.INFO: test [] []
[2020-10-31 14:26:14] generateOTP.INFO: test [] []
[2020-10-31 14:26:34] generateOTP.INFO: {"salutation":"1","firstname":"test","lastname":"BANKING","dob":"19-12-1988","mob_no":"7010444138","panCard":"XXXXXX456A","email":"jack@gmail.com","ref1":"1","ref2":"1","comAdd":"Om hrad ntalatiof, holOmshre, talathioficeeachol, OmshreeSada9talathi","city":"MUMBAI","state":"MAHARASHTRA","pin_code":"622103","ISNRI":"N","update_emp_id":"623537","edit":"0","policy_no":"454,455","subtype_text":"1","sum_insure":"500000","anuual_income":"","occupation":"14","familyConstruct":"1A","family_members_id":"0","family_gender":"Male","first_name":"test","last_name":"BANKING","family_date_birth":"19-12-1988","age":"31","age_type":" years","tenure":"1 Year","family_id":"","s_date":"","marriage_date":"","premium":"8000","policyNo":"454,455","familyDataType":"undefined","empId":"623537","product":"RMxC5efb5c5a320e7","declare":"[]","gender":"Male","gci_options":"Yes"} [] []
[2020-10-31 14:28:26] generateOTP.INFO: test [] []
[2020-10-31 14:28:33] generateOTP.INFO: test [] []
[2020-10-31 14:28:33] generateOTP.INFO: test [] []
[2020-10-31 14:28:42] generateOTP.INFO: test [] []
[2020-10-31 14:28:43] documentsSave.INFO: {"ops_type":"[\"0\",\"Y\"]","ids":"270,271,272"} [] []
[2020-10-31 14:28:43] documentsSaveFiles.INFO: [{"name":"Full Forms.jpeg","type":"image\/jpeg","tmp_name":"\/tmp\/phpFywlVZ","error":0,"size":128214},{"name":"Full Forms.jpeg","type":"image\/jpeg","tmp_name":"\/tmp\/phpxk3mqq","error":0,"size":128214}] [] []
[2020-10-31 14:28:43] generateOTP.INFO: test [] []
[2020-10-31 14:28:55] generateOTP.INFO: test [] []
[2020-10-31 14:30:07] generateOTP.INFO: test [] []
[2020-10-31 14:30:41] generateOTP.INFO: {"salutation":"1","firstname":"test","lastname":"BANKING","dob":"19-12-1988","mob_no":"7010444138","panCard":"XXXXXX456A","email":"jack@gmail.com","ref1":"1","ref2":"1","comAdd":"Om hrad ntalatiof, holOmshre, talathioficeeachol, OmshreeSada9talathi","city":"MUMBAI","state":"MAHARASHTRA","pin_code":"622103","ISNRI":"N","update_emp_id":"623538","edit":"0","policy_no":"460,461","subtype_text":"1","sum_insure":"1000000","anuual_income":"","occupation":"14","familyConstruct":"1A","family_members_id":"0","family_gender":"Male","first_name":"test","last_name":"BANKING","family_date_birth":"19-12-1988","age":"31","age_type":" years","tenure":"1 Year","premiumgci":"0","family_id":"","s_date":"","marriage_date":"","premium":"undefined","policyNo":"460,461","familyDataType":"undefined","empId":"623538","product":"YFsa5f4cb15ead28c","declare":"[]","gender":"Male","gci_options":"Yes"} [] []
[2020-10-31 14:32:00] documentsSave.INFO: {"ops_type":"[]","ids":"273,274"} [] []
[2020-10-31 14:32:00] documentsSaveFiles.INFO: [] [] []
[2020-10-31 14:32:06] generateOTP.INFO: test [] []
[2020-10-31 14:33:11] generateOTP.INFO: test [] []
[2020-10-31 14:33:12] generateOTP.INFO: test [] []
[2020-10-31 14:33:13] generateOTP.INFO: test [] []
[2020-10-31 14:33:16] generateOTP.INFO: test [] []
[2020-10-31 14:33:16] generateOTP.INFO: test [] []
[2020-10-31 14:33:31] generateOTP.INFO: test [] []
[2020-10-31 14:33:54] generateOTP.INFO: {"salutation":"1","firstname":"test","lastname":"BANKING","dob":"19-12-1988","mob_no":"7010444138","panCard":"XXXXXX456A","email":"jack@gmail.com","ref1":"1","ref2":"1","comAdd":"Om hrad ntalatiof, holOmshre, talathioficeeachol, OmshreeSada9talathi","city":"MUMBAI","state":"MAHARASHTRA","pin_code":"622103","ISNRI":"N","update_emp_id":"623539","edit":"0","policy_no":"460,461","subtype_text":"1","sum_insure":"500000","anuual_income":"","occupation":"14","familyConstruct":"1A","family_members_id":"0","family_gender":"Male","first_name":"test","last_name":"BANKING","family_date_birth":"19-12-1988","age":"31","age_type":" years","tenure":"1 Year","premiumgci":"0","family_id":"","s_date":"","marriage_date":"","premium":"undefined","policyNo":"460,461","familyDataType":"undefined","empId":"623539","product":"YFsa5f4cb15ead28c","declare":"[]","gender":"Male","gci_options":"Yes"} [] []
[2020-10-31 14:34:30] generateOTP.INFO: test [] []
[2020-10-31 14:34:32] generateOTP.INFO: test [] []
[2020-10-31 14:34:37] generateOTP.INFO: test [] []
[2020-10-31 14:34:38] generateOTP.INFO: test [] []
[2020-10-31 14:34:46] generateOTP.INFO: test [] []
[2020-10-31 14:34:47] generateOTP.INFO: test [] []
[2020-10-31 14:34:56] generateOTP.INFO: test [] []
[2020-10-31 14:34:57] generateOTP.INFO: test [] []
[2020-10-31 14:34:59] generateOTP.INFO: test [] []
[2020-10-31 14:35:00] generateOTP.INFO: test [] []
[2020-10-31 14:35:01] generateOTP.INFO: test [] []
[2020-10-31 14:35:01] generateOTP.INFO: test [] []
[2020-10-31 14:35:04] generateOTP.INFO: test [] []
[2020-10-31 14:35:05] generateOTP.INFO: test [] []
[2020-10-31 14:35:06] documentsSave.INFO: {"ops_type":"[\"0\",\"Y\"]","ids":"275,276"} [] []
[2020-10-31 14:35:06] documentsSaveFiles.INFO: [{"name":"Full Forms.jpeg","type":"image\/jpeg","tmp_name":"\/tmp\/phpjCnriV","error":0,"size":128214},{"name":"Full Forms.jpeg","type":"image\/jpeg","tmp_name":"\/tmp\/phpxIC4rh","error":0,"size":128214}] [] []
[2020-10-31 14:35:11] generateOTP.INFO: test [] []
[2020-10-31 14:35:12] generateOTP.INFO: test [] []
[2020-10-31 14:35:12] generateOTP.INFO: test [] []
[2020-10-31 14:35:22] generateOTP.INFO: test [] []
[2020-10-31 14:35:23] generateOTP.INFO: test [] []
[2020-10-31 14:35:23] generateOTP.INFO: test [] []
[2020-10-31 14:35:24] generateOTP.INFO: test [] []
[2020-10-31 14:35:25] generateOTP.INFO: test [] []
[2020-10-31 14:35:25] generateOTP.INFO: test [] []
[2020-10-31 14:35:27] generateOTP.INFO: test [] []
[2020-10-31 14:35:27] generateOTP.INFO: test [] []
[2020-10-31 14:35:40] generateOTP.INFO: test [] []
[2020-10-31 14:35:41] generateOTP.INFO: test [] []
[2020-10-31 14:35:42] generateOTP.INFO: test [] []
[2020-10-31 14:37:02] generateOTP.INFO: test [] []
[2020-10-31 14:37:03] generateOTP.INFO: test [] []
[2020-10-31 14:37:06] generateOTP.INFO: test [] []
[2020-10-31 14:37:06] generateOTP.INFO: test [] []
[2020-10-31 14:37:25] generateOTP.INFO: test [] []
[2020-10-31 14:37:31] generateOTP.INFO: test [] []
[2020-10-31 14:37:46] generateOTP.INFO: test [] []
[2020-10-31 14:37:46] generateOTP.INFO: test [] []
[2020-10-31 14:37:48] generateOTP.INFO: test [] []
[2020-10-31 14:37:48] generateOTP.INFO: test [] []
[2020-10-31 14:37:55] generateOTP.INFO: test [] []
[2020-10-31 14:37:56] generateOTP.INFO: test [] []
[2020-10-31 14:38:08] generateOTP.INFO: test [] []
[2020-10-31 14:38:12] generateOTP.INFO: test [] []
[2020-10-31 14:38:57] generateOTP.INFO: test [] []
[2020-10-31 14:39:05] generateOTP.INFO: test [] []
[2020-10-31 14:39:05] generateOTP.INFO: test [] []
[2020-10-31 14:39:24] generateOTP.INFO: test [] []
[2020-10-31 14:39:24] generateOTP.INFO: test [] []
[2020-10-31 14:42:43] generateOTP.INFO: test [] []
[2020-10-31 14:42:46] generateOTP.INFO: test [] []
[2020-10-31 14:43:09] generateOTP.INFO: test [] []
[2020-10-31 14:43:10] generateOTP.INFO: test [] []
[2020-10-31 14:43:33] generateOTP.INFO: test [] []
[2020-10-31 14:43:36] generateOTP.INFO: test [] []
[2020-10-31 14:43:38] generateOTP.INFO: test [] []
[2020-10-31 14:43:38] generateOTP.INFO: test [] []
[2020-10-31 14:44:19] generateOTP.INFO: test [] []
[2020-10-31 14:44:19] generateOTP.INFO: test [] []
[2020-10-31 14:46:14] generateOTP.INFO: test [] []
[2020-10-31 14:46:14] generateOTP.INFO: test [] []
[2020-10-31 14:46:14] generateOTP.INFO: test [] []
[2020-10-31 14:46:14] generateOTP.INFO: test [] []
[2020-10-31 14:46:14] generateOTP.INFO: test [] []
[2020-10-31 14:46:15] generateOTP.INFO: test [] []
[2020-10-31 14:46:15] generateOTP.INFO: test [] []
[2020-10-31 14:46:15] generateOTP.INFO: test [] []
[2020-10-31 14:46:15] generateOTP.INFO: test [] []
[2020-10-31 14:46:15] generateOTP.INFO: test [] []
[2020-10-31 14:46:27] generateOTP.INFO: test [] []
[2020-10-31 14:46:27] generateOTP.INFO: test [] []
[2020-10-31 14:46:29] generateOTP.INFO: test [] []
[2020-10-31 14:46:30] generateOTP.INFO: test [] []
[2020-10-31 14:46:30] generateOTP.INFO: test [] []
[2020-10-31 14:46:31] generateOTP.INFO: test [] []
[2020-10-31 14:46:31] generateOTP.INFO: test [] []
[2020-10-31 14:46:31] generateOTP.INFO: test [] []
[2020-10-31 14:46:31] generateOTP.INFO: test [] []
[2020-10-31 14:46:42] generateOTP.INFO: test [] []
[2020-10-31 14:46:49] generateOTP.INFO: test [] []
[2020-10-31 14:46:58] generateOTP.INFO: test [] []
[2020-10-31 14:47:37] generateOTP.INFO: test [] []
[2020-10-31 14:47:38] generateOTP.INFO: test [] []
[2020-10-31 14:47:40] generateOTP.INFO: test [] []
[2020-10-31 14:47:46] generateOTP.INFO: test [] []
[2020-10-31 14:47:47] generateOTP.INFO: test [] []
[2020-10-31 14:47:47] generateOTP.INFO: test [] []
[2020-10-31 14:47:47] generateOTP.INFO: test [] []
[2020-10-31 14:47:48] generateOTP.INFO: test [] []
[2020-10-31 14:47:49] generateOTP.INFO: test [] []
[2020-10-31 14:47:50] generateOTP.INFO: test [] []
[2020-10-31 14:48:51] generateOTP.INFO: test [] []
[2020-10-31 14:49:22] generateOTP.INFO: test [] []
[2020-10-31 14:49:23] generateOTP.INFO: test [] []
[2020-10-31 14:49:27] generateOTP.INFO: test [] []
[2020-10-31 14:49:27] generateOTP.INFO: test [] []
[2020-10-31 14:49:28] generateOTP.INFO: test [] []
[2020-10-31 14:49:28] generateOTP.INFO: test [] []
[2020-10-31 14:49:29] generateOTP.INFO: test [] []
[2020-10-31 14:49:32] generateOTP.INFO: test [] []
[2020-10-31 14:50:13] generateOTP.INFO: test [] []
[2020-10-31 14:50:13] generateOTP.INFO: test [] []
[2020-10-31 14:50:13] generateOTP.INFO: test [] []
[2020-10-31 14:50:13] generateOTP.INFO: test [] []
[2020-10-31 14:50:13] generateOTP.INFO: test [] []
[2020-10-31 14:50:16] generateOTP.INFO: test [] []
[2020-10-31 14:50:29] generateOTP.INFO: test [] []
[2020-10-31 14:50:49] generateOTP.INFO: test [] []
[2020-10-31 14:50:52] generateOTP.INFO: test [] []
[2020-10-31 14:51:07] generateOTP.INFO: test [] []
[2020-10-31 14:51:20] generateOTP.INFO: test [] []
[2020-10-31 14:51:27] generateOTP.INFO: test [] []
[2020-10-31 14:51:28] generateOTP.INFO: test [] []
[2020-10-31 14:51:40] generateOTP.INFO: test [] []
[2020-10-31 14:51:41] generateOTP.INFO: test [] []
[2020-10-31 14:51:42] generateOTP.INFO: test [] []
[2020-10-31 14:51:43] generateOTP.INFO: test [] []
[2020-10-31 14:51:48] generateOTP.INFO: test [] []
[2020-10-31 14:51:49] generateOTP.INFO: test [] []
[2020-10-31 14:51:49] generateOTP.INFO: test [] []
[2020-10-31 14:51:50] generateOTP.INFO: test [] []
[2020-10-31 14:51:50] generateOTP.INFO: test [] []
[2020-10-31 14:51:51] generateOTP.INFO: test [] []
[2020-10-31 14:51:54] generateOTP.INFO: test [] []
[2020-10-31 14:51:55] generateOTP.INFO: test [] []
[2020-10-31 14:52:14] generateOTP.INFO: test [] []
[2020-10-31 14:52:15] generateOTP.INFO: test [] []
[2020-10-31 14:52:22] generateOTP.INFO: test [] []
[2020-10-31 14:52:23] generateOTP.INFO: test [] []
[2020-10-31 14:56:02] generateOTP.INFO: test [] []
[2020-10-31 14:56:05] generateOTP.INFO: test [] []
[2020-10-31 14:56:05] generateOTP.INFO: test [] []
[2020-10-31 14:56:05] generateOTP.INFO: test [] []
[2020-10-31 14:56:18] generateOTP.INFO: test [] []
[2020-10-31 14:56:18] generateOTP.INFO: test [] []
[2020-10-31 14:57:09] generateOTP.INFO: test [] []
[2020-10-31 14:57:12] generateOTP.INFO: test [] []
[2020-10-31 14:57:18] generateOTP.INFO: test [] []
[2020-10-31 14:57:19] generateOTP.INFO: test [] []
[2020-10-31 14:57:41] generateOTP.INFO: test [] []
[2020-10-31 14:57:41] generateOTP.INFO: test [] []
[2020-10-31 14:58:13] generateOTP.INFO: test [] []
[2020-10-31 14:58:16] generateOTP.INFO: test [] []
[2020-10-31 14:58:26] generateOTP.INFO: test [] []
[2020-10-31 14:58:27] generateOTP.INFO: test [] []
[2020-10-31 14:59:44] generateOTP.INFO: test [] []
[2020-10-31 15:00:04] generateOTP.INFO: test [] []
[2020-10-31 15:00:06] generateOTP.INFO: test [] []
[2020-10-31 15:00:06] generateOTP.INFO: test [] []
[2020-10-31 15:00:07] generateOTP.INFO: test [] []
[2020-10-31 15:00:08] generateOTP.INFO: test [] []
[2020-10-31 15:00:10] generateOTP.INFO: test [] []
[2020-10-31 15:00:11] generateOTP.INFO: test [] []
[2020-10-31 15:00:11] generateOTP.INFO: test [] []
[2020-10-31 15:00:12] generateOTP.INFO: test [] []
[2020-10-31 15:00:13] generateOTP.INFO: test [] []
[2020-10-31 15:00:13] generateOTP.INFO: test [] []
[2020-10-31 15:12:24] generateOTP.INFO: test [] []
[2020-10-31 15:12:25] generateOTP.INFO: test [] []
[2020-10-31 15:12:53] generateOTP.INFO: test [] []
[2020-10-31 15:12:53] generateOTP.INFO: test [] []
[2020-10-31 15:12:55] generateOTP.INFO: test [] []
[2020-10-31 15:12:55] generateOTP.INFO: test [] []
[2020-10-31 17:17:53] generateOTP.INFO: test [] []
[2020-10-31 17:18:20] generateOTP.INFO: test [] []
[2020-10-31 17:18:25] generateOTP.INFO: test [] []
[2020-10-31 17:22:23] generateOTP.INFO: test [] []
[2020-10-31 17:24:26] generateOTP.INFO: test [] []
[2020-10-31 17:24:32] generateOTP.INFO: test [] []
[2020-10-31 18:14:58] generateOTP.INFO: test [] []
[2020-10-31 18:15:34] generateOTP.INFO: test [] []
[2020-10-31 18:31:42] generateOTP.INFO: test [] []
[2020-10-31 18:31:43] generateOTP.INFO: test [] []
[2020-10-31 18:31:49] generateOTP.INFO: test [] []
[2020-10-31 18:32:11] generateOTP.INFO: test [] []
[2020-10-31 18:33:34] generateOTP.INFO: test [] []
[2020-10-31 18:39:22] generateOTP.INFO: test [] []
[2020-10-31 18:39:28] generateOTP.INFO: test [] []
[2020-10-31 18:48:37] generateOTP.INFO: test [] []
[2020-10-31 18:48:41] generateOTP.INFO: test [] []
[2020-10-31 19:02:04] generateOTP.INFO: test [] []
[2020-10-31 19:02:04] generateOTP.INFO: test [] []
[2020-10-31 19:02:04] generateOTP.INFO: test [] []
[2020-10-31 19:02:19] generateOTP.INFO: test [] []
[2020-10-31 19:02:45] generateOTP.INFO: test [] []
[2020-10-31 19:02:54] generateOTP.INFO: test [] []
[2020-10-31 19:14:08] generateOTP.INFO: test [] []
[2020-10-31 19:14:08] generateOTP.INFO: test [] []
[2020-10-31 19:14:09] generateOTP.INFO: test [] []
[2020-10-31 19:14:13] generateOTP.INFO: test [] []
[2020-10-31 19:14:35] generateOTP.INFO: test [] []
[2020-10-31 19:14:49] generateOTP.INFO: test [] []
[2020-10-31 19:20:07] generateOTP.INFO: test [] []
[2020-10-31 19:20:12] generateOTP.INFO: test [] []
[2020-10-31 19:23:58] generateOTP.INFO: test [] []
[2020-10-31 19:24:02] generateOTP.INFO: test [] []
[2020-10-31 19:25:06] generateOTP.INFO: test [] []
[2020-10-31 19:31:18] generateOTP.INFO: test [] []
[2020-10-31 19:31:20] generateOTP.INFO: test [] []
[2020-10-31 19:31:32] generateOTP.INFO: test [] []
[2020-10-31 19:31:55] generateOTP.INFO: test [] []
[2020-10-31 19:33:44] generateOTP.INFO: test [] []
[2020-10-31 19:38:10] generateOTP.INFO: test [] []
[2020-10-31 19:38:49] generateOTP.INFO: test [] []
[2020-10-31 19:42:41] generateOTP.INFO: test [] []
[2020-10-31 19:42:43] generateOTP.INFO: test [] []
[2020-10-31 19:42:48] generateOTP.INFO: test [] []
[2020-10-31 19:42:49] generateOTP.INFO: test [] []
[2020-10-31 19:42:54] generateOTP.INFO: test [] []
[2020-10-31 19:43:18] generateOTP.INFO: test [] []
[2020-10-31 19:43:43] generateOTP.INFO: test [] []
[2020-10-31 19:44:13] generateOTP.INFO: test [] []
[2020-10-31 19:44:13] generateOTP.INFO: test [] []
[2020-10-31 19:44:45] generateOTP.INFO: test [] []
[2020-10-31 19:44:45] generateOTP.INFO: test [] []
[2020-10-31 19:44:46] generateOTP.INFO: test [] []
[2020-10-31 19:44:47] generateOTP.INFO: test [] []
[2020-10-31 19:44:49] generateOTP.INFO: test [] []
[2020-10-31 19:45:35] generateOTP.INFO: test [] []
[2020-10-31 19:47:25] generateOTP.INFO: test [] []
[2020-10-31 19:47:29] generateOTP.INFO: test [] []
[2020-10-31 19:48:10] generateOTP.INFO: test [] []
[2020-10-31 19:48:38] generateOTP.INFO: test [] []
[2020-10-31 19:48:44] generateOTP.INFO: test [] []
[2020-10-31 19:48:59] generateOTP.INFO: test [] []
[2020-10-31 19:49:47] generateOTP.INFO: test [] []
[2020-10-31 19:49:50] generateOTP.INFO: test [] []
[2020-10-31 19:49:54] generateOTP.INFO: test [] []
[2020-10-31 19:50:45] generateOTP.INFO: test [] []
[2020-10-31 19:50:49] generateOTP.INFO: test [] []
[2020-10-31 19:55:16] generateOTP.INFO: test [] []
[2020-10-31 20:06:48] generateOTP.INFO: test [] []
[2020-10-31 20:06:53] generateOTP.INFO: test [] []
[2020-10-31 20:08:57] generateOTP.INFO: test [] []
[2020-10-31 20:11:15] generateOTP.INFO: test [] []
[2020-10-31 20:14:00] generateOTP.INFO: test [] []
[2020-10-31 20:15:37] generateOTP.INFO: test [] []
[2020-10-31 20:15:39] generateOTP.INFO: test [] []
[2020-10-31 20:17:07] generateOTP.INFO: test [] []
[2020-10-31 20:17:09] generateOTP.INFO: test [] []
[2020-10-31 20:25:47] generateOTP.INFO: test [] []
[2020-10-31 20:31:57] generateOTP.INFO: test [] []
[2020-10-31 20:32:00] generateOTP.INFO: test [] []
[2020-10-31 20:32:56] generateOTP.INFO: test [] []
[2020-10-31 20:51:01] generateOTP.INFO: test [] []
[2020-10-31 20:51:02] generateOTP.INFO: test [] []
[2020-10-31 20:51:08] generateOTP.INFO: test [] []
[2020-10-31 20:51:30] generateOTP.INFO: test [] []
[2020-10-31 20:52:30] generateOTP.INFO: test [] []
[2020-10-31 20:55:40] generateOTP.INFO: test [] []
[2020-10-31 20:55:43] generateOTP.INFO: test [] []
[2020-10-31 20:56:31] generateOTP.INFO: test [] []
[2020-10-31 20:56:32] generateOTP.INFO: test [] []
[2020-10-31 20:58:26] generateOTP.INFO: test [] []
[2020-10-31 20:58:33] generateOTP.INFO: test [] []
[2020-10-31 21:55:12] generateOTP.INFO: test [] []
[2020-10-31 21:55:15] generateOTP.INFO: test [] []
[2020-10-31 21:55:16] generateOTP.INFO: test [] []
[2020-10-31 21:55:17] generateOTP.INFO: test [] []
[2020-10-31 21:55:21] generateOTP.INFO: test [] []
[2020-10-31 21:55:46] generateOTP.INFO: test [] []
[2020-10-31 21:55:52] generateOTP.INFO: test [] []
[2020-10-31 22:19:15] generateOTP.INFO: test [] []
[2020-10-31 22:19:15] generateOTP.INFO: test [] []
[2020-10-31 22:19:15] generateOTP.INFO: test [] []
[2020-10-31 23:09:57] generateOTP.INFO: test [] []
